------------------------------------------------------------
Server listening on UDP port 5001
UDP buffer size:  208 KByte (default)
------------------------------------------------------------
[  1] local 12.1.1.1 port 5001 connected with 12.1.1.34 port 55081
[  2] local 12.1.1.1 port 5001 connected with 12.1.1.36 port 59608
[  3] local 12.1.1.1 port 5001 connected with 12.1.1.41 port 33856
[  4] local 12.1.1.1 port 5001 connected with 12.1.1.37 port 55255
[  5] local 12.1.1.1 port 5001 connected with 12.1.1.32 port 56254
[  6] local 12.1.1.1 port 5001 connected with 12.1.1.35 port 38029
[  7] local 12.1.1.1 port 5001 connected with 12.1.1.40 port 44553
[  8] local 12.1.1.1 port 5001 connected with 12.1.1.38 port 51442
[  9] local 12.1.1.1 port 5001 connected with 12.1.1.33 port 46918
[ 10] local 12.1.1.1 port 5001 connected with 12.1.1.39 port 36474
[ ID] Interval       Transfer     Bandwidth        Jitter   Lost/Total Datagrams
[  1] 0.0000-1.0000 sec  83.3 KBytes   682 Kbits/sec  21.199 ms 1048/1106 (95%)
[  2] 0.0000-1.0000 sec  84.7 KBytes   694 Kbits/sec  21.662 ms 1089/1148 (95%)
[  3] 0.0000-1.0000 sec  84.7 KBytes   694 Kbits/sec  21.555 ms 116/175 (66%)
[  5] 0.0000-1.0000 sec  86.1 KBytes   706 Kbits/sec  21.046 ms 1037/1097 (95%)
[  4] 0.0000-1.0000 sec  84.7 KBytes   694 Kbits/sec  22.212 ms 92/151 (61%)
[  6] 0.0000-1.0000 sec  86.1 KBytes   706 Kbits/sec  20.935 ms 1061/1121 (95%)
[  9] 0.0000-1.0000 sec  84.7 KBytes   694 Kbits/sec  21.381 ms 1046/1105 (95%)
[  7] 0.0000-1.0000 sec  84.7 KBytes   694 Kbits/sec  22.164 ms 92/151 (61%)
[  8] 0.0000-1.0000 sec  86.1 KBytes   706 Kbits/sec  21.193 ms 111/171 (65%)
[ 10] 0.0000-1.0000 sec  84.7 KBytes   694 Kbits/sec  21.659 ms 102/161 (63%)
[  4] 1.0000-2.0000 sec  76.1 KBytes   623 Kbits/sec  26.960 ms 0/53 (0%)
[  2] 1.0000-2.0000 sec  73.2 KBytes   600 Kbits/sec  24.727 ms 0/51 (0%)
[  6] 1.0000-2.0000 sec  73.2 KBytes   600 Kbits/sec  23.836 ms 0/51 (0%)
[  3] 1.0000-2.0000 sec  84.7 KBytes   694 Kbits/sec  20.950 ms 0/59 (0%)
[  1] 1.0000-2.0000 sec  84.7 KBytes   694 Kbits/sec  23.546 ms 0/59 (0%)
[  7] 1.0000-2.0000 sec  84.7 KBytes   694 Kbits/sec  21.659 ms 0/59 (0%)
[  8] 1.0000-2.0000 sec  84.7 KBytes   694 Kbits/sec  21.070 ms 0/59 (0%)
[  5] 1.0000-2.0000 sec  84.7 KBytes   694 Kbits/sec  22.969 ms 0/59 (0%)
[ 10] 1.0000-2.0000 sec  84.7 KBytes   694 Kbits/sec  21.139 ms 0/59 (0%)
[  9] 1.0000-2.0000 sec  84.7 KBytes   694 Kbits/sec  23.343 ms 0/59 (0%)
[  1] 2.0000-3.0000 sec  76.1 KBytes   623 Kbits/sec  23.474 ms 0/53 (0%)
[  3] 2.0000-3.0000 sec  84.7 KBytes   694 Kbits/sec  21.112 ms 0/59 (0%)
[  5] 2.0000-3.0000 sec  73.2 KBytes   600 Kbits/sec  24.106 ms 0/51 (0%)
[  4] 2.0000-3.0000 sec  94.7 KBytes   776 Kbits/sec  20.958 ms 0/66 (0%)
[  2] 2.0000-3.0000 sec  84.7 KBytes   694 Kbits/sec  24.965 ms 0/59 (0%)
[  7] 2.0000-3.0000 sec  86.1 KBytes   706 Kbits/sec  20.451 ms 0/60 (0%)
[  8] 2.0000-3.0000 sec  84.7 KBytes   694 Kbits/sec  20.780 ms 0/59 (0%)
[  6] 2.0000-3.0000 sec  84.7 KBytes   694 Kbits/sec  24.401 ms 0/59 (0%)
[  9] 2.0000-3.0000 sec  76.1 KBytes   623 Kbits/sec  23.948 ms 0/53 (0%)
[ 10] 2.0000-3.0000 sec  84.7 KBytes   694 Kbits/sec  21.084 ms 0/59 (0%)
[  1] 3.0000-4.0000 sec  84.7 KBytes   694 Kbits/sec  22.104 ms 0/59 (0%)
[  4] 3.0000-4.0000 sec  84.7 KBytes   694 Kbits/sec  21.771 ms 0/59 (0%)
[  3] 3.0000-4.0000 sec  84.7 KBytes   694 Kbits/sec  22.000 ms 0/59 (0%)
[  5] 3.0000-4.0000 sec  84.7 KBytes   694 Kbits/sec  21.922 ms 0/59 (0%)
[  2] 3.0000-4.0000 sec  84.7 KBytes   694 Kbits/sec  21.933 ms 0/59 (0%)
[  8] 3.0000-4.0000 sec  84.7 KBytes   694 Kbits/sec  21.824 ms 0/59 (0%)
[  6] 3.0000-4.0000 sec  84.7 KBytes   694 Kbits/sec  22.041 ms 0/59 (0%)
[  7] 3.0000-4.0000 sec  84.7 KBytes   694 Kbits/sec  22.305 ms 0/59 (0%)
[  9] 3.0000-4.0000 sec  86.1 KBytes   706 Kbits/sec  21.782 ms 0/60 (0%)
[ 10] 3.0000-4.0000 sec  84.7 KBytes   694 Kbits/sec  22.431 ms 0/59 (0%)
[  7] 4.0000-5.0000 sec  66.0 KBytes   541 Kbits/sec  30.387 ms 0/46 (0%)
[  1] 4.0000-5.0000 sec  84.7 KBytes   694 Kbits/sec  21.818 ms 0/59 (0%)
[  2] 4.0000-5.0000 sec  84.7 KBytes   694 Kbits/sec  21.922 ms 0/59 (0%)
[ 10] 4.0000-5.0000 sec  64.6 KBytes   529 Kbits/sec  23.677 ms 0/45 (0%)
[  5] 4.0000-5.0000 sec  84.7 KBytes   694 Kbits/sec  21.602 ms 0/59 (0%)
[  3] 4.0000-5.0000 sec  76.1 KBytes   623 Kbits/sec  23.392 ms 0/53 (0%)
[  9] 4.0000-5.0000 sec  84.7 KBytes   694 Kbits/sec  21.226 ms 0/59 (0%)
[  6] 4.0000-5.0000 sec  84.7 KBytes   694 Kbits/sec  20.948 ms 0/59 (0%)
[  4] 4.0000-5.0000 sec  73.2 KBytes   600 Kbits/sec  23.325 ms 0/51 (0%)
[  8] 4.0000-5.0000 sec  73.2 KBytes   600 Kbits/sec  22.824 ms 0/51 (0%)
[  1] 5.0000-6.0000 sec  73.2 KBytes   600 Kbits/sec  22.732 ms 0/51 (0%)
[  2] 5.0000-6.0000 sec  77.5 KBytes   635 Kbits/sec  21.579 ms 0/54 (0%)
[  3] 5.0000-6.0000 sec  84.7 KBytes   694 Kbits/sec  20.599 ms 0/59 (0%)
[  6] 5.0000-6.0000 sec  76.1 KBytes   623 Kbits/sec  21.968 ms 0/53 (0%)
[  5] 5.0000-6.0000 sec  73.2 KBytes   600 Kbits/sec  21.988 ms 0/51 (0%)
[  4] 5.0000-6.0000 sec  84.7 KBytes   694 Kbits/sec  20.484 ms 0/59 (0%)
[  7] 5.0000-6.0000 sec  94.7 KBytes   776 Kbits/sec  20.599 ms 0/66 (0%)
[  9] 5.0000-6.0000 sec  73.2 KBytes   600 Kbits/sec  21.589 ms 0/51 (0%)
[  8] 5.0000-6.0000 sec  84.7 KBytes   694 Kbits/sec  21.015 ms 0/59 (0%)
[ 10] 5.0000-6.0000 sec  96.2 KBytes   788 Kbits/sec  21.073 ms 0/67 (0%)
[  1] 6.0000-7.0000 sec  74.6 KBytes   612 Kbits/sec  23.970 ms 0/52 (0%)
[  2] 6.0000-7.0000 sec  73.2 KBytes   600 Kbits/sec  22.752 ms 0/51 (0%)
[  3] 6.0000-7.0000 sec  73.2 KBytes   600 Kbits/sec  22.588 ms 0/51 (0%)
[  5] 6.0000-7.0000 sec  74.6 KBytes   612 Kbits/sec  22.587 ms 0/52 (0%)
[  4] 6.0000-7.0000 sec  74.6 KBytes   612 Kbits/sec  22.858 ms 0/52 (0%)
[  7] 6.0000-7.0000 sec  73.2 KBytes   600 Kbits/sec  22.167 ms 0/51 (0%)
[  9] 6.0000-7.0000 sec  74.6 KBytes   612 Kbits/sec  22.575 ms 0/52 (0%)
[  8] 6.0000-7.0000 sec  76.1 KBytes   623 Kbits/sec  22.728 ms 0/53 (0%)
[ 10] 6.0000-7.0000 sec  73.2 KBytes   600 Kbits/sec  23.204 ms 0/51 (0%)
[  6] 6.0000-7.0000 sec  73.2 KBytes   600 Kbits/sec  22.916 ms 0/51 (0%)
[  3] 7.0000-8.0000 sec  74.6 KBytes   612 Kbits/sec  22.268 ms 0/52 (0%)
[  1] 7.0000-8.0000 sec  64.6 KBytes   529 Kbits/sec  25.167 ms 0/45 (0%)
[  4] 7.0000-8.0000 sec  73.2 KBytes   600 Kbits/sec  22.652 ms 0/51 (0%)
[  7] 7.0000-8.0000 sec  76.1 KBytes   623 Kbits/sec  21.290 ms 0/53 (0%)
[  2] 7.0000-8.0000 sec  63.2 KBytes   517 Kbits/sec  25.186 ms 0/44 (0%)
[  5] 7.0000-8.0000 sec  64.6 KBytes   529 Kbits/sec  24.618 ms 0/45 (0%)
[  8] 7.0000-8.0000 sec  73.2 KBytes   600 Kbits/sec  22.013 ms 0/51 (0%)
[ 10] 7.0000-8.0000 sec  76.1 KBytes   623 Kbits/sec  21.811 ms 0/53 (0%)
[  6] 7.0000-8.0000 sec  64.6 KBytes   529 Kbits/sec  24.629 ms 0/45 (0%)
[  9] 7.0000-8.0000 sec  63.2 KBytes   517 Kbits/sec  25.521 ms 0/44 (0%)
[  1] 8.0000-9.0000 sec  86.1 KBytes   706 Kbits/sec  21.197 ms 0/60 (0%)
[  2] 8.0000-9.0000 sec  84.7 KBytes   694 Kbits/sec  20.969 ms 0/59 (0%)
[  5] 8.0000-9.0000 sec  84.7 KBytes   694 Kbits/sec  21.586 ms 0/59 (0%)
[ 10] 8.0000-9.0000 sec  76.1 KBytes   623 Kbits/sec  29.876 ms 0/53 (0%)
[  6] 8.0000-9.0000 sec  84.7 KBytes   694 Kbits/sec  21.123 ms 0/59 (0%)
[  9] 8.0000-9.0000 sec  86.1 KBytes   706 Kbits/sec  21.270 ms 0/60 (0%)
[  3] 8.0000-9.0000 sec  86.1 KBytes   706 Kbits/sec  22.634 ms 0/60 (0%)
[  4] 8.0000-9.0000 sec  86.1 KBytes   706 Kbits/sec  23.682 ms 0/60 (0%)
[  7] 8.0000-9.0000 sec  84.7 KBytes   694 Kbits/sec  22.752 ms 0/59 (0%)
[  8] 8.0000-9.0000 sec  84.7 KBytes   694 Kbits/sec  23.129 ms 0/59 (0%)
[  2] 9.0000-10.0000 sec  74.6 KBytes   612 Kbits/sec  23.264 ms 0/52 (0%)
[  1] 9.0000-10.0000 sec  73.2 KBytes   600 Kbits/sec  22.874 ms 0/51 (0%)
[  4] 9.0000-10.0000 sec  76.1 KBytes   623 Kbits/sec  21.704 ms 0/53 (0%)
[  5] 9.0000-10.0000 sec  73.2 KBytes   600 Kbits/sec  23.859 ms 0/51 (0%)
[  6] 9.0000-10.0000 sec  74.6 KBytes   612 Kbits/sec  23.456 ms 0/52 (0%)
[  8] 9.0000-10.0000 sec  74.6 KBytes   612 Kbits/sec  22.070 ms 0/52 (0%)
[  9] 9.0000-10.0000 sec  73.2 KBytes   600 Kbits/sec  23.519 ms 0/51 (0%)
[  3] 9.0000-10.0000 sec  81.8 KBytes   670 Kbits/sec  21.712 ms 0/57 (0%)
[  7] 9.0000-10.0000 sec  81.8 KBytes   670 Kbits/sec  22.012 ms 0/57 (0%)
[ 10] 9.0000-10.0000 sec  73.2 KBytes   600 Kbits/sec  21.273 ms 0/51 (0%)
[  4] 10.0000-11.0000 sec  80.4 KBytes   659 Kbits/sec  23.814 ms 0/56 (0%)
[  1] 10.0000-11.0000 sec  84.7 KBytes   694 Kbits/sec  23.116 ms 0/59 (0%)
[  2] 10.0000-11.0000 sec  86.1 KBytes   706 Kbits/sec  23.075 ms 0/60 (0%)
[  3] 10.0000-11.0000 sec  76.1 KBytes   623 Kbits/sec  21.350 ms 0/53 (0%)
[  5] 10.0000-11.0000 sec  84.7 KBytes   694 Kbits/sec  23.333 ms 0/59 (0%)
[ 10] 10.0000-11.0000 sec  83.3 KBytes   682 Kbits/sec  27.634 ms 1/59 (1.7%)
[  6] 10.0000-11.0000 sec  84.7 KBytes   694 Kbits/sec  22.733 ms 0/59 (0%)
[  9] 10.0000-11.0000 sec  84.7 KBytes   694 Kbits/sec  22.572 ms 0/59 (0%)
[  7] 10.0000-11.0000 sec  76.1 KBytes   623 Kbits/sec  21.615 ms 0/53 (0%)
[  8] 10.0000-11.0000 sec  84.7 KBytes   694 Kbits/sec  22.074 ms 0/59 (0%)
[  4] 11.0000-12.0000 sec  77.5 KBytes   635 Kbits/sec  21.693 ms 0/54 (0%)
[  8] 11.0000-12.0000 sec  73.2 KBytes   600 Kbits/sec  22.562 ms 0/51 (0%)
[  1] 11.0000-12.0000 sec  84.7 KBytes   694 Kbits/sec  22.455 ms 0/59 (0%)
[  2] 11.0000-12.0000 sec  84.7 KBytes   694 Kbits/sec  22.501 ms 0/59 (0%)
[  3] 11.0000-12.0000 sec  84.7 KBytes   694 Kbits/sec  21.967 ms 0/59 (0%)
[ 10] 11.0000-12.0000 sec  83.3 KBytes   682 Kbits/sec  21.892 ms 0/58 (0%)
[  5] 11.0000-12.0000 sec  84.7 KBytes   694 Kbits/sec  22.719 ms 0/59 (0%)
[  6] 11.0000-12.0000 sec  86.1 KBytes   706 Kbits/sec  22.092 ms 0/60 (0%)
[  7] 11.0000-12.0000 sec  84.7 KBytes   694 Kbits/sec  21.694 ms 0/59 (0%)
[  9] 11.0000-12.0000 sec  84.7 KBytes   694 Kbits/sec  22.532 ms 0/59 (0%)
[  1] 12.0000-13.0000 sec  63.2 KBytes   517 Kbits/sec  22.696 ms 0/44 (0%)
[  2] 12.0000-13.0000 sec  63.2 KBytes   517 Kbits/sec  23.283 ms 0/44 (0%)
[  5] 12.0000-13.0000 sec  64.6 KBytes   529 Kbits/sec  22.347 ms 0/45 (0%)
[  3] 12.0000-13.0000 sec  73.2 KBytes   600 Kbits/sec  21.594 ms 0/51 (0%)
[  6] 12.0000-13.0000 sec  63.2 KBytes   517 Kbits/sec  22.597 ms 0/44 (0%)
[  9] 12.0000-13.0000 sec  63.2 KBytes   517 Kbits/sec  23.816 ms 0/44 (0%)
[  4] 12.0000-13.0000 sec  84.7 KBytes   694 Kbits/sec  21.456 ms 0/59 (0%)
[  7] 12.0000-13.0000 sec  74.6 KBytes   612 Kbits/sec  22.060 ms 0/52 (0%)
[  8] 12.0000-13.0000 sec  84.7 KBytes   694 Kbits/sec  22.351 ms 0/59 (0%)
[ 10] 12.0000-13.0000 sec  84.7 KBytes   694 Kbits/sec  22.210 ms 0/59 (0%)
[  4] 13.0000-14.0000 sec  76.1 KBytes   623 Kbits/sec  22.657 ms 0/53 (0%)
[  1] 13.0000-14.0000 sec  84.7 KBytes   694 Kbits/sec  22.196 ms 0/59 (0%)
[  2] 13.0000-14.0000 sec  84.7 KBytes   694 Kbits/sec  22.819 ms 0/59 (0%)
[  7] 13.0000-14.0000 sec  73.2 KBytes   600 Kbits/sec  23.339 ms 0/51 (0%)
[  5] 13.0000-14.0000 sec  84.7 KBytes   694 Kbits/sec  22.287 ms 0/59 (0%)
[  8] 13.0000-14.0000 sec  76.1 KBytes   623 Kbits/sec  23.022 ms 0/53 (0%)
[  6] 13.0000-14.0000 sec  84.7 KBytes   694 Kbits/sec  22.235 ms 0/59 (0%)
[  9] 13.0000-14.0000 sec  84.7 KBytes   694 Kbits/sec  22.747 ms 0/59 (0%)
[  3] 13.0000-14.0000 sec  84.7 KBytes   694 Kbits/sec  22.960 ms 0/59 (0%)
[ 10] 13.0000-14.0000 sec  74.6 KBytes   612 Kbits/sec  23.612 ms 0/52 (0%)
[  3] 14.0000-15.0000 sec  66.0 KBytes   541 Kbits/sec  28.781 ms 0/46 (0%)
[  1] 14.0000-15.0000 sec  76.1 KBytes   623 Kbits/sec  22.740 ms 0/53 (0%)
[  4] 14.0000-15.0000 sec  73.2 KBytes   600 Kbits/sec  22.261 ms 0/51 (0%)
[  2] 14.0000-15.0000 sec  73.2 KBytes   600 Kbits/sec  23.596 ms 0/51 (0%)
[  7] 14.0000-15.0000 sec  76.1 KBytes   623 Kbits/sec  22.749 ms 0/53 (0%)
[  5] 14.0000-15.0000 sec  76.1 KBytes   623 Kbits/sec  23.345 ms 0/53 (0%)
[  6] 14.0000-15.0000 sec  73.2 KBytes   600 Kbits/sec  23.442 ms 0/51 (0%)
[  9] 14.0000-15.0000 sec  77.5 KBytes   635 Kbits/sec  22.726 ms 0/54 (0%)
[  8] 14.0000-15.0000 sec  73.2 KBytes   600 Kbits/sec  22.217 ms 0/51 (0%)
[ 10] 14.0000-15.0000 sec  73.2 KBytes   600 Kbits/sec  23.024 ms 0/51 (0%)
[  7] 15.0000-16.0000 sec  80.4 KBytes   659 Kbits/sec  25.260 ms 0/56 (0%)
[  1] 15.0000-16.0000 sec  84.7 KBytes   694 Kbits/sec  21.871 ms 0/59 (0%)
[  3] 15.0000-16.0000 sec  81.8 KBytes   670 Kbits/sec  22.909 ms 0/57 (0%)
[ 10] 15.0000-16.0000 sec  76.1 KBytes   623 Kbits/sec  22.194 ms 0/53 (0%)
[  2] 15.0000-16.0000 sec  84.7 KBytes   694 Kbits/sec  22.690 ms 0/59 (0%)
[  5] 15.0000-16.0000 sec  84.7 KBytes   694 Kbits/sec  22.139 ms 0/59 (0%)
[  4] 15.0000-16.0000 sec  84.7 KBytes   694 Kbits/sec  22.186 ms 0/59 (0%)
[  6] 15.0000-16.0000 sec  84.7 KBytes   694 Kbits/sec  22.390 ms 0/59 (0%)
[  9] 15.0000-16.0000 sec  84.7 KBytes   694 Kbits/sec  22.804 ms 0/59 (0%)
[  8] 15.0000-16.0000 sec  84.7 KBytes   694 Kbits/sec  22.778 ms 0/59 (0%)
[  4] 16.0000-17.0000 sec  74.6 KBytes   612 Kbits/sec  22.163 ms 0/52 (0%)
[  1] 16.0000-17.0000 sec  84.7 KBytes   694 Kbits/sec  21.046 ms 0/59 (0%)
[  7] 16.0000-17.0000 sec  77.5 KBytes   635 Kbits/sec  22.450 ms 0/54 (0%)
[  8] 16.0000-17.0000 sec  76.1 KBytes   623 Kbits/sec  22.147 ms 0/53 (0%)
[  2] 16.0000-17.0000 sec  84.7 KBytes   694 Kbits/sec  21.821 ms 0/59 (0%)
[  5] 16.0000-17.0000 sec  84.7 KBytes   694 Kbits/sec  21.514 ms 0/59 (0%)
[  3] 16.0000-17.0000 sec  86.1 KBytes   706 Kbits/sec  22.233 ms 0/60 (0%)
[ 10] 16.0000-17.0000 sec  86.1 KBytes   706 Kbits/sec  21.707 ms 0/60 (0%)
[  6] 16.0000-17.0000 sec  84.7 KBytes   694 Kbits/sec  22.045 ms 0/59 (0%)
[  9] 16.0000-17.0000 sec  84.7 KBytes   694 Kbits/sec  22.366 ms 0/59 (0%)
[  2] 17.0000-18.0000 sec  56.0 KBytes   459 Kbits/sec  23.919 ms 0/39 (0%)
[  3] 17.0000-18.0000 sec  74.6 KBytes   612 Kbits/sec  22.246 ms 0/52 (0%)
[  1] 17.0000-18.0000 sec  63.2 KBytes   517 Kbits/sec  24.622 ms 0/44 (0%)
[  5] 17.0000-18.0000 sec  61.7 KBytes   506 Kbits/sec  23.427 ms 0/43 (0%)
[  4] 17.0000-18.0000 sec  84.7 KBytes   694 Kbits/sec  21.843 ms 0/59 (0%)
[  7] 17.0000-18.0000 sec  84.7 KBytes   694 Kbits/sec  22.121 ms 0/59 (0%)
[  9] 17.0000-18.0000 sec  61.7 KBytes   506 Kbits/sec  23.273 ms 0/43 (0%)
[  8] 17.0000-18.0000 sec  84.7 KBytes   694 Kbits/sec  21.731 ms 0/59 (0%)
[  6] 17.0000-18.0000 sec  66.0 KBytes   541 Kbits/sec  22.544 ms 0/46 (0%)
[ 10] 17.0000-18.0000 sec  84.7 KBytes   694 Kbits/sec  21.384 ms 0/59 (0%)
[  3] 18.0000-19.0000 sec  84.7 KBytes   694 Kbits/sec  22.096 ms 0/59 (0%)
[  1] 18.0000-19.0000 sec  73.2 KBytes   600 Kbits/sec  23.585 ms 0/51 (0%)
[  5] 18.0000-19.0000 sec  74.6 KBytes   612 Kbits/sec  23.085 ms 0/52 (0%)
[  4] 18.0000-19.0000 sec  86.1 KBytes   706 Kbits/sec  21.259 ms 0/60 (0%)
[  2] 18.0000-19.0000 sec  84.7 KBytes   694 Kbits/sec  23.037 ms 0/59 (0%)
[  6] 18.0000-19.0000 sec  74.6 KBytes   612 Kbits/sec  22.500 ms 0/52 (0%)
[  9] 18.0000-19.0000 sec  74.6 KBytes   612 Kbits/sec  22.776 ms 0/52 (0%)
[  8] 18.0000-19.0000 sec  84.7 KBytes   694 Kbits/sec  21.727 ms 0/59 (0%)
[  7] 18.0000-19.0000 sec  84.7 KBytes   694 Kbits/sec  22.064 ms 0/59 (0%)
[ 10] 18.0000-19.0000 sec  84.7 KBytes   694 Kbits/sec  22.819 ms 0/59 (0%)
[  4] 19.0000-20.0000 sec  63.2 KBytes   517 Kbits/sec  24.606 ms 0/44 (0%)
[  5] 19.0000-20.0000 sec  84.7 KBytes   694 Kbits/sec  21.424 ms 0/59 (0%)
[  1] 19.0000-20.0000 sec  84.7 KBytes   694 Kbits/sec  21.506 ms 0/59 (0%)
[  7] 19.0000-20.0000 sec  64.6 KBytes   529 Kbits/sec  24.952 ms 0/45 (0%)
[  8] 19.0000-20.0000 sec  63.2 KBytes   517 Kbits/sec  24.737 ms 0/44 (0%)
[  6] 19.0000-20.0000 sec  84.7 KBytes   694 Kbits/sec  21.174 ms 0/59 (0%)
[  2] 19.0000-20.0000 sec  84.7 KBytes   694 Kbits/sec  21.292 ms 0/59 (0%)
[  3] 19.0000-20.0000 sec  73.2 KBytes   600 Kbits/sec  25.283 ms 0/51 (0%)
[ 10] 19.0000-20.0000 sec  63.2 KBytes   517 Kbits/sec  25.004 ms 0/44 (0%)
[  9] 19.0000-20.0000 sec  84.7 KBytes   694 Kbits/sec  20.999 ms 0/59 (0%)
[  4] 20.0000-21.0000 sec  73.2 KBytes   600 Kbits/sec  23.655 ms 0/51 (0%)
[  2] 20.0000-21.0000 sec  76.1 KBytes   623 Kbits/sec  22.469 ms 0/53 (0%)
[  6] 20.0000-21.0000 sec  73.2 KBytes   600 Kbits/sec  23.100 ms 0/51 (0%)
[  8] 20.0000-21.0000 sec  73.2 KBytes   600 Kbits/sec  23.389 ms 0/51 (0%)
[  3] 20.0000-21.0000 sec  76.1 KBytes   623 Kbits/sec  23.031 ms 0/53 (0%)
[  1] 20.0000-21.0000 sec  86.1 KBytes   706 Kbits/sec  22.431 ms 0/60 (0%)
[  5] 20.0000-21.0000 sec  86.1 KBytes   706 Kbits/sec  21.904 ms 0/60 (0%)
[ 10] 20.0000-21.0000 sec  73.2 KBytes   600 Kbits/sec  22.958 ms 0/51 (0%)
[  9] 20.0000-21.0000 sec  84.7 KBytes   694 Kbits/sec  22.675 ms 0/59 (0%)
[  7] 20.0000-21.0000 sec  86.1 KBytes   706 Kbits/sec  23.026 ms 0/60 (0%)
[  2] 21.0000-22.0000 sec  84.7 KBytes   694 Kbits/sec  21.682 ms 0/59 (0%)
[  6] 21.0000-22.0000 sec  86.1 KBytes   706 Kbits/sec  27.889 ms 0/60 (0%)
[  7] 21.0000-22.0000 sec  64.6 KBytes   529 Kbits/sec  30.572 ms 0/45 (0%)
[  1] 21.0000-22.0000 sec  84.7 KBytes   694 Kbits/sec  22.142 ms 0/59 (0%)
[ 10] 21.0000-22.0000 sec  76.1 KBytes   623 Kbits/sec  22.711 ms 0/53 (0%)
[  5] 21.0000-22.0000 sec  84.7 KBytes   694 Kbits/sec  21.602 ms 0/59 (0%)
[  3] 21.0000-22.0000 sec  73.2 KBytes   600 Kbits/sec  23.628 ms 0/51 (0%)
[  4] 21.0000-22.0000 sec  84.7 KBytes   694 Kbits/sec  23.707 ms 0/59 (0%)
[  9] 21.0000-22.0000 sec  86.1 KBytes   706 Kbits/sec  21.404 ms 0/60 (0%)
[  8] 21.0000-22.0000 sec  86.1 KBytes   706 Kbits/sec  22.882 ms 0/60 (0%)
[  4] 22.0000-23.0000 sec  76.1 KBytes   623 Kbits/sec  21.515 ms 0/53 (0%)
[  7] 22.0000-23.0000 sec  83.3 KBytes   682 Kbits/sec  21.377 ms 0/58 (0%)
[  8] 22.0000-23.0000 sec  74.6 KBytes   612 Kbits/sec  21.713 ms 0/52 (0%)
[  5] 22.0000-23.0000 sec  84.7 KBytes   694 Kbits/sec  21.732 ms 0/59 (0%)
[  1] 22.0000-23.0000 sec  84.7 KBytes   694 Kbits/sec  21.776 ms 0/59 (0%)
[  2] 22.0000-23.0000 sec  94.7 KBytes   776 Kbits/sec  21.667 ms 0/66 (0%)
[  3] 22.0000-23.0000 sec  86.1 KBytes   706 Kbits/sec  20.941 ms 0/60 (0%)
[ 10] 22.0000-23.0000 sec  84.7 KBytes   694 Kbits/sec  21.475 ms 0/59 (0%)
[  6] 22.0000-23.0000 sec  94.7 KBytes   776 Kbits/sec  21.668 ms 0/66 (0%)
[  9] 22.0000-23.0000 sec  84.7 KBytes   694 Kbits/sec  21.519 ms 0/59 (0%)
[  3] 23.0000-24.0000 sec  74.6 KBytes   612 Kbits/sec  21.457 ms 0/52 (0%)
[  1] 23.0000-24.0000 sec  76.1 KBytes   623 Kbits/sec  23.224 ms 0/53 (0%)
[  5] 23.0000-24.0000 sec  73.2 KBytes   600 Kbits/sec  22.764 ms 0/51 (0%)
[  4] 23.0000-24.0000 sec  84.7 KBytes   694 Kbits/sec  21.536 ms 0/59 (0%)
[  2] 23.0000-24.0000 sec  74.6 KBytes   612 Kbits/sec  23.337 ms 0/52 (0%)
[  7] 23.0000-24.0000 sec  84.7 KBytes   694 Kbits/sec  21.598 ms 0/59 (0%)
[  9] 23.0000-24.0000 sec  74.6 KBytes   612 Kbits/sec  23.287 ms 0/52 (0%)
[  8] 23.0000-24.0000 sec  84.7 KBytes   694 Kbits/sec  22.120 ms 0/59 (0%)
[  6] 23.0000-24.0000 sec  73.2 KBytes   600 Kbits/sec  22.980 ms 0/51 (0%)
[ 10] 23.0000-24.0000 sec  84.7 KBytes   694 Kbits/sec  21.872 ms 0/59 (0%)
[  3] 24.0000-25.0000 sec  84.7 KBytes   694 Kbits/sec  21.304 ms 0/59 (0%)
[  1] 24.0000-25.0000 sec  63.2 KBytes   517 Kbits/sec  26.826 ms 0/44 (0%)
[  5] 24.0000-25.0000 sec  63.2 KBytes   517 Kbits/sec  26.941 ms 0/44 (0%)
[  4] 24.0000-25.0000 sec  84.7 KBytes   694 Kbits/sec  21.267 ms 0/59 (0%)
[  2] 24.0000-25.0000 sec  64.6 KBytes   529 Kbits/sec  27.144 ms 0/45 (0%)
[  8] 24.0000-25.0000 sec  84.7 KBytes   694 Kbits/sec  21.643 ms 0/59 (0%)
[  6] 24.0000-25.0000 sec  64.6 KBytes   529 Kbits/sec  27.161 ms 0/45 (0%)
[  7] 24.0000-25.0000 sec  84.7 KBytes   694 Kbits/sec  21.402 ms 0/59 (0%)
[  9] 24.0000-25.0000 sec  63.2 KBytes   517 Kbits/sec  27.937 ms 0/44 (0%)
[ 10] 24.0000-25.0000 sec  84.7 KBytes   694 Kbits/sec  21.180 ms 0/59 (0%)
[  2] 25.0000-26.0000 sec  84.7 KBytes   694 Kbits/sec  21.293 ms 0/59 (0%)
[  3] 25.0000-26.0000 sec  73.2 KBytes   600 Kbits/sec  24.896 ms 0/51 (0%)
[  6] 25.0000-26.0000 sec  81.8 KBytes   670 Kbits/sec  22.234 ms 0/57 (0%)
[  7] 25.0000-26.0000 sec  64.6 KBytes   529 Kbits/sec  24.229 ms 0/45 (0%)
[  1] 25.0000-26.0000 sec  94.7 KBytes   776 Kbits/sec  21.551 ms 0/66 (0%)
[  5] 25.0000-26.0000 sec  97.6 KBytes   800 Kbits/sec  20.778 ms 0/68 (0%)
[  4] 25.0000-26.0000 sec  73.2 KBytes   600 Kbits/sec  25.780 ms 0/51 (0%)
[  8] 25.0000-26.0000 sec  76.1 KBytes   623 Kbits/sec  23.391 ms 0/53 (0%)
[  9] 25.0000-26.0000 sec  94.7 KBytes   776 Kbits/sec  21.625 ms 0/66 (0%)
[ 10] 25.0000-26.0000 sec  73.2 KBytes   600 Kbits/sec  25.103 ms 0/51 (0%)
[  1] 26.0000-27.0000 sec  76.1 KBytes   623 Kbits/sec  21.881 ms 0/53 (0%)
[  3] 26.0000-27.0000 sec  74.6 KBytes   612 Kbits/sec  23.153 ms 0/52 (0%)
[  5] 26.0000-27.0000 sec  73.2 KBytes   600 Kbits/sec  22.012 ms 0/51 (0%)
[  2] 26.0000-27.0000 sec  86.1 KBytes   706 Kbits/sec  21.756 ms 0/60 (0%)
[  4] 26.0000-27.0000 sec  76.1 KBytes   623 Kbits/sec  22.890 ms 0/53 (0%)
[  6] 26.0000-27.0000 sec  84.7 KBytes   694 Kbits/sec  22.397 ms 0/59 (0%)
[  9] 26.0000-27.0000 sec  76.1 KBytes   623 Kbits/sec  22.733 ms 0/53 (0%)
[  8] 26.0000-27.0000 sec  74.6 KBytes   612 Kbits/sec  22.138 ms 0/52 (0%)
[  7] 26.0000-27.0000 sec  81.8 KBytes   670 Kbits/sec  24.213 ms 0/57 (0%)
[ 10] 26.0000-27.0000 sec  74.6 KBytes   612 Kbits/sec  22.877 ms 0/52 (0%)
[  1] 27.0000-28.0000 sec  73.2 KBytes   600 Kbits/sec  23.327 ms 0/51 (0%)
[  5] 27.0000-28.0000 sec  74.6 KBytes   612 Kbits/sec  24.305 ms 0/52 (0%)
[  3] 27.0000-28.0000 sec  86.1 KBytes   706 Kbits/sec  20.851 ms 0/60 (0%)
[  2] 27.0000-28.0000 sec  73.2 KBytes   600 Kbits/sec  23.648 ms 0/51 (0%)
[  6] 27.0000-28.0000 sec  76.1 KBytes   623 Kbits/sec  24.652 ms 0/53 (0%)
[  4] 27.0000-28.0000 sec  84.7 KBytes   694 Kbits/sec  21.148 ms 0/59 (0%)
[  8] 27.0000-28.0000 sec  84.7 KBytes   694 Kbits/sec  20.548 ms 0/59 (0%)
[  7] 27.0000-28.0000 sec  84.7 KBytes   694 Kbits/sec  21.496 ms 0/59 (0%)
[  9] 27.0000-28.0000 sec  73.2 KBytes   600 Kbits/sec  24.893 ms 0/51 (0%)
[ 10] 27.0000-28.0000 sec  86.1 KBytes   706 Kbits/sec  20.753 ms 0/60 (0%)
[  3] 28.0000-29.0000 sec  76.1 KBytes   623 Kbits/sec  21.807 ms 0/53 (0%)
[  4] 28.0000-29.0000 sec  73.2 KBytes   600 Kbits/sec  21.760 ms 0/51 (0%)
[  5] 28.0000-29.0000 sec  84.7 KBytes   694 Kbits/sec  22.491 ms 0/59 (0%)
[  1] 28.0000-29.0000 sec  84.7 KBytes   694 Kbits/sec  21.960 ms 0/59 (0%)
[  8] 28.0000-29.0000 sec  76.1 KBytes   623 Kbits/sec  21.196 ms 0/53 (0%)
[  2] 28.0000-29.0000 sec  84.7 KBytes   694 Kbits/sec  21.889 ms 0/59 (0%)
[  6] 28.0000-29.0000 sec  84.7 KBytes   694 Kbits/sec  22.201 ms 0/59 (0%)
[  9] 28.0000-29.0000 sec  81.8 KBytes   670 Kbits/sec  23.325 ms 0/57 (0%)
[  7] 28.0000-29.0000 sec  86.1 KBytes   706 Kbits/sec  21.681 ms 0/60 (0%)
[ 10] 28.0000-29.0000 sec  81.8 KBytes   670 Kbits/sec  22.202 ms 0/57 (0%)
[  6] 29.0000-30.0000 sec  80.4 KBytes   659 Kbits/sec  25.833 ms 0/56 (0%)
[  3] 29.0000-30.0000 sec  84.7 KBytes   694 Kbits/sec  21.957 ms 0/59 (0%)
[  4] 29.0000-30.0000 sec  84.7 KBytes   694 Kbits/sec  21.707 ms 0/59 (0%)
[  7] 29.0000-30.0000 sec  74.6 KBytes   612 Kbits/sec  22.412 ms 0/52 (0%)
[  1] 29.0000-30.0000 sec  84.7 KBytes   694 Kbits/sec  22.133 ms 0/59 (0%)
[ 10] 29.0000-30.0000 sec  73.2 KBytes   600 Kbits/sec  21.681 ms 0/51 (0%)
[  8] 29.0000-30.0000 sec  84.7 KBytes   694 Kbits/sec  21.721 ms 0/59 (0%)
[  5] 29.0000-30.0000 sec  84.7 KBytes   694 Kbits/sec  22.681 ms 0/59 (0%)
[  2] 29.0000-30.0000 sec  84.7 KBytes   694 Kbits/sec  22.274 ms 0/59 (0%)
[  9] 29.0000-30.0000 sec  86.1 KBytes   706 Kbits/sec  23.620 ms 0/60 (0%)
[  1] 30.0000-31.0000 sec  63.2 KBytes   517 Kbits/sec  23.817 ms 0/44 (0%)
[  2] 30.0000-31.0000 sec  63.2 KBytes   517 Kbits/sec  23.670 ms 0/44 (0%)
[  8] 30.0000-31.0000 sec  73.2 KBytes   600 Kbits/sec  22.896 ms 0/51 (0%)
[  6] 30.0000-31.0000 sec  67.5 KBytes   553 Kbits/sec  25.120 ms 0/47 (0%)
[  3] 30.0000-31.0000 sec  84.7 KBytes   694 Kbits/sec  22.782 ms 0/59 (0%)
[  9] 30.0000-31.0000 sec  64.6 KBytes   529 Kbits/sec  23.840 ms 0/45 (0%)
[  4] 30.0000-31.0000 sec  84.7 KBytes   694 Kbits/sec  22.778 ms 0/59 (0%)
[  7] 30.0000-31.0000 sec  84.7 KBytes   694 Kbits/sec  23.191 ms 0/59 (0%)
[  5] 30.0000-31.0000 sec  73.2 KBytes   600 Kbits/sec  25.569 ms 0/51 (0%)
[ 10] 30.0000-31.0000 sec  84.7 KBytes   694 Kbits/sec  22.789 ms 0/59 (0%)
[  1] 31.0000-32.0000 sec  84.7 KBytes   694 Kbits/sec  21.614 ms 0/59 (0%)
[  6] 31.0000-32.0000 sec  86.1 KBytes   706 Kbits/sec  21.155 ms 0/60 (0%)
[  2] 31.0000-32.0000 sec  84.7 KBytes   694 Kbits/sec  21.128 ms 0/59 (0%)
[  3] 31.0000-32.0000 sec  73.2 KBytes   600 Kbits/sec  23.096 ms 0/51 (0%)
[  4] 31.0000-32.0000 sec  76.1 KBytes   623 Kbits/sec  23.044 ms 0/53 (0%)
[  9] 31.0000-32.0000 sec  84.7 KBytes   694 Kbits/sec  21.312 ms 0/59 (0%)
[ 10] 31.0000-32.0000 sec  74.6 KBytes   612 Kbits/sec  23.134 ms 0/52 (0%)
[  7] 31.0000-32.0000 sec  73.2 KBytes   600 Kbits/sec  23.503 ms 0/51 (0%)
[  5] 31.0000-32.0000 sec  84.7 KBytes   694 Kbits/sec  23.012 ms 0/59 (0%)
[  8] 31.0000-32.0000 sec  84.7 KBytes   694 Kbits/sec  22.917 ms 0/59 (0%)
[  1] 32.0000-33.0000 sec  86.1 KBytes   706 Kbits/sec  21.313 ms 0/60 (0%)
[  2] 32.0000-33.0000 sec  84.7 KBytes   694 Kbits/sec  21.683 ms 0/59 (0%)
[  3] 32.0000-33.0000 sec  64.6 KBytes   529 Kbits/sec  25.039 ms 0/45 (0%)
[  4] 32.0000-33.0000 sec  63.2 KBytes   517 Kbits/sec  26.241 ms 0/44 (0%)
[  5] 32.0000-33.0000 sec  77.5 KBytes   635 Kbits/sec  20.859 ms 0/54 (0%)
[  6] 32.0000-33.0000 sec  84.7 KBytes   694 Kbits/sec  21.716 ms 0/59 (0%)
[  7] 32.0000-33.0000 sec  64.6 KBytes   529 Kbits/sec  25.757 ms 0/45 (0%)
[  9] 32.0000-33.0000 sec  84.7 KBytes   694 Kbits/sec  21.466 ms 0/59 (0%)
[  8] 32.0000-33.0000 sec  63.2 KBytes   517 Kbits/sec  26.645 ms 0/44 (0%)
[ 10] 32.0000-33.0000 sec  73.2 KBytes   600 Kbits/sec  24.430 ms 0/51 (0%)
[  3] 33.0000-34.0000 sec  74.6 KBytes   612 Kbits/sec  24.129 ms 0/52 (0%)
[  2] 33.0000-34.0000 sec   106 KBytes   870 Kbits/sec  19.215 ms 0/74 (0%)
[  1] 33.0000-34.0000 sec   106 KBytes   870 Kbits/sec  18.234 ms 0/74 (0%)
[  4] 33.0000-34.0000 sec  73.2 KBytes   600 Kbits/sec  24.296 ms 0/51 (0%)
[  7] 33.0000-34.0000 sec  76.1 KBytes   623 Kbits/sec  23.272 ms 0/53 (0%)
[  5] 33.0000-34.0000 sec   106 KBytes   870 Kbits/sec  18.726 ms 0/74 (0%)
[  6] 33.0000-34.0000 sec   106 KBytes   870 Kbits/sec  19.110 ms 0/74 (0%)
[ 10] 33.0000-34.0000 sec  63.2 KBytes   517 Kbits/sec  24.326 ms 0/44 (0%)
[  9] 33.0000-34.0000 sec   105 KBytes   858 Kbits/sec  19.373 ms 0/73 (0%)
[  8] 33.0000-34.0000 sec  76.1 KBytes   623 Kbits/sec  23.824 ms 0/53 (0%)
[  5] 34.0000-35.0000 sec  87.6 KBytes   717 Kbits/sec  29.158 ms 0/61 (0%)
[  3] 34.0000-35.0000 sec  73.2 KBytes   600 Kbits/sec  24.015 ms 0/51 (0%)
[  4] 34.0000-35.0000 sec  76.1 KBytes   623 Kbits/sec  23.988 ms 0/53 (0%)
[  1] 34.0000-35.0000 sec  96.2 KBytes   788 Kbits/sec  22.454 ms 0/67 (0%)
[ 10] 34.0000-35.0000 sec  73.2 KBytes   600 Kbits/sec  23.896 ms 0/51 (0%)
[  2] 34.0000-35.0000 sec  94.7 KBytes   776 Kbits/sec  22.505 ms 0/66 (0%)
[  7] 34.0000-35.0000 sec  73.2 KBytes   600 Kbits/sec  23.065 ms 1/52 (1.9%)
[  9] 34.0000-35.0000 sec  97.6 KBytes   800 Kbits/sec  22.769 ms 0/68 (0%)
[  6] 34.0000-35.0000 sec  94.7 KBytes   776 Kbits/sec  22.736 ms 0/66 (0%)
[  8] 34.0000-35.0000 sec  73.2 KBytes   600 Kbits/sec  24.194 ms 0/51 (0%)
[  2] 35.0000-36.0000 sec  74.6 KBytes   612 Kbits/sec  22.712 ms 0/52 (0%)
[  1] 35.0000-36.0000 sec  73.2 KBytes   600 Kbits/sec  21.955 ms 0/51 (0%)
[  8] 35.0000-36.0000 sec  64.6 KBytes   529 Kbits/sec  23.640 ms 0/45 (0%)
[  5] 35.0000-36.0000 sec  81.8 KBytes   670 Kbits/sec  22.596 ms 0/57 (0%)
[  3] 35.0000-36.0000 sec  74.6 KBytes   612 Kbits/sec  24.610 ms 0/52 (0%)
[  6] 35.0000-36.0000 sec  74.6 KBytes   612 Kbits/sec  22.955 ms 0/52 (0%)
[  4] 35.0000-36.0000 sec  73.2 KBytes   600 Kbits/sec  24.105 ms 0/51 (0%)
[ 10] 35.0000-36.0000 sec  76.1 KBytes   623 Kbits/sec  24.385 ms 0/53 (0%)
[  9] 35.0000-36.0000 sec  73.2 KBytes   600 Kbits/sec  23.055 ms 0/51 (0%)
[  7] 35.0000-36.0000 sec  73.2 KBytes   600 Kbits/sec  24.969 ms 0/51 (0%)
[  1] 36.0000-37.0000 sec  97.6 KBytes   800 Kbits/sec  18.786 ms 0/68 (0%)
[  5] 36.0000-37.0000 sec  97.6 KBytes   800 Kbits/sec  19.069 ms 0/68 (0%)
[  2] 36.0000-37.0000 sec  94.7 KBytes   776 Kbits/sec  19.283 ms 0/66 (0%)
[  3] 36.0000-37.0000 sec  64.6 KBytes   529 Kbits/sec  24.832 ms 0/45 (0%)
[  6] 36.0000-37.0000 sec  94.7 KBytes   776 Kbits/sec  19.326 ms 0/66 (0%)
[  4] 36.0000-37.0000 sec  63.2 KBytes   517 Kbits/sec  25.120 ms 0/44 (0%)
[  9] 36.0000-37.0000 sec  96.2 KBytes   788 Kbits/sec  19.398 ms 0/67 (0%)
[  7] 36.0000-37.0000 sec  64.6 KBytes   529 Kbits/sec  24.299 ms 0/45 (0%)
[  8] 36.0000-37.0000 sec  74.6 KBytes   612 Kbits/sec  24.682 ms 0/52 (0%)
[ 10] 36.0000-37.0000 sec  73.2 KBytes   600 Kbits/sec  23.904 ms 0/51 (0%)
[  1] 37.0000-38.0000 sec   106 KBytes   870 Kbits/sec  18.995 ms 0/74 (0%)
[  3] 37.0000-38.0000 sec  73.2 KBytes   600 Kbits/sec  23.818 ms 0/51 (0%)
[  2] 37.0000-38.0000 sec   106 KBytes   870 Kbits/sec  19.063 ms 0/74 (0%)
[  5] 37.0000-38.0000 sec   105 KBytes   858 Kbits/sec  19.331 ms 0/73 (0%)
[  4] 37.0000-38.0000 sec  76.1 KBytes   623 Kbits/sec  23.943 ms 0/53 (0%)
[ 10] 37.0000-38.0000 sec  63.2 KBytes   517 Kbits/sec  24.725 ms 0/44 (0%)
[  9] 37.0000-38.0000 sec   106 KBytes   870 Kbits/sec  18.946 ms 0/74 (0%)
[  6] 37.0000-38.0000 sec   108 KBytes   882 Kbits/sec  18.801 ms 0/75 (0%)
[  7] 37.0000-38.0000 sec  76.1 KBytes   623 Kbits/sec  24.134 ms 0/53 (0%)
[  8] 37.0000-38.0000 sec  73.2 KBytes   600 Kbits/sec  25.176 ms 0/51 (0%)
[  2] 38.0000-39.0000 sec  97.6 KBytes   800 Kbits/sec  19.230 ms 0/68 (0%)
[  1] 38.0000-39.0000 sec  93.3 KBytes   764 Kbits/sec  19.391 ms 0/65 (0%)
[  4] 38.0000-39.0000 sec  73.2 KBytes   600 Kbits/sec  22.984 ms 0/51 (0%)
[  5] 38.0000-39.0000 sec  94.7 KBytes   776 Kbits/sec  19.273 ms 0/66 (0%)
[  6] 38.0000-39.0000 sec  96.2 KBytes   788 Kbits/sec  19.086 ms 0/67 (0%)
[  3] 38.0000-39.0000 sec  76.1 KBytes   623 Kbits/sec  22.553 ms 0/53 (0%)
[  9] 38.0000-39.0000 sec  94.7 KBytes   776 Kbits/sec  19.147 ms 0/66 (0%)
[  7] 38.0000-39.0000 sec  71.8 KBytes   588 Kbits/sec  23.625 ms 0/50 (0%)
[  8] 38.0000-39.0000 sec  74.6 KBytes   612 Kbits/sec  23.708 ms 0/52 (0%)
[ 10] 38.0000-39.0000 sec  84.7 KBytes   694 Kbits/sec  23.318 ms 0/59 (0%)
[  7] 39.0000-40.0000 sec  76.1 KBytes   623 Kbits/sec  22.647 ms 0/53 (0%)
[  4] 39.0000-40.0000 sec  84.7 KBytes   694 Kbits/sec  22.575 ms 0/59 (0%)
[  1] 39.0000-40.0000 sec   106 KBytes   870 Kbits/sec  18.743 ms 0/74 (0%)
[  2] 39.0000-40.0000 sec   106 KBytes   870 Kbits/sec  19.315 ms 0/74 (0%)
[  3] 39.0000-40.0000 sec  84.7 KBytes   694 Kbits/sec  22.452 ms 0/59 (0%)
[ 10] 39.0000-40.0000 sec  76.1 KBytes   623 Kbits/sec  22.473 ms 0/53 (0%)
[  5] 39.0000-40.0000 sec   106 KBytes   870 Kbits/sec  19.860 ms 0/74 (0%)
[  6] 39.0000-40.0000 sec   105 KBytes   858 Kbits/sec  20.101 ms 0/73 (0%)
[  8] 39.0000-40.0000 sec  83.3 KBytes   682 Kbits/sec  21.993 ms 0/58 (0%)
[  9] 39.0000-40.0000 sec   108 KBytes   882 Kbits/sec  20.198 ms 0/75 (0%)
[  1] 40.0000-41.0000 sec  84.7 KBytes   694 Kbits/sec  19.468 ms 0/59 (0%)
[  2] 40.0000-41.0000 sec  84.7 KBytes   694 Kbits/sec  19.260 ms 0/59 (0%)
[  3] 40.0000-41.0000 sec  63.2 KBytes   517 Kbits/sec  23.654 ms 0/44 (0%)
[  5] 40.0000-41.0000 sec  86.1 KBytes   706 Kbits/sec  19.160 ms 0/60 (0%)
[  8] 40.0000-41.0000 sec  63.2 KBytes   517 Kbits/sec  23.016 ms 0/44 (0%)
[  6] 40.0000-41.0000 sec  86.1 KBytes   706 Kbits/sec  19.828 ms 0/60 (0%)
[  7] 40.0000-41.0000 sec  76.1 KBytes   623 Kbits/sec  22.706 ms 0/53 (0%)
[  4] 40.0000-41.0000 sec  73.2 KBytes   600 Kbits/sec  22.388 ms 0/51 (0%)
[  9] 40.0000-41.0000 sec  84.7 KBytes   694 Kbits/sec  20.042 ms 0/59 (0%)
[ 10] 40.0000-41.0000 sec  73.2 KBytes   600 Kbits/sec  22.357 ms 0/51 (0%)
[  2] 41.0000-42.0000 sec  73.2 KBytes   600 Kbits/sec  21.983 ms 0/51 (0%)
[  4] 41.0000-42.0000 sec  74.6 KBytes   612 Kbits/sec  22.655 ms 0/52 (0%)
[  6] 41.0000-42.0000 sec  71.8 KBytes   588 Kbits/sec  22.637 ms 0/50 (0%)
[  5] 41.0000-42.0000 sec  84.7 KBytes   694 Kbits/sec  20.700 ms 0/59 (0%)
[  3] 41.0000-42.0000 sec  84.7 KBytes   694 Kbits/sec  23.178 ms 0/59 (0%)
[ 10] 41.0000-42.0000 sec  76.1 KBytes   623 Kbits/sec  22.736 ms 0/53 (0%)
[  1] 41.0000-42.0000 sec  86.1 KBytes   706 Kbits/sec  20.988 ms 0/60 (0%)
[  8] 41.0000-42.0000 sec  84.7 KBytes   694 Kbits/sec  23.288 ms 0/59 (0%)
[  9] 41.0000-42.0000 sec  84.7 KBytes   694 Kbits/sec  20.392 ms 0/59 (0%)
[  7] 41.0000-42.0000 sec  84.7 KBytes   694 Kbits/sec  22.929 ms 0/59 (0%)
[  2] 42.0000-43.0000 sec  93.3 KBytes   764 Kbits/sec  20.646 ms 0/65 (0%)
[  1] 42.0000-43.0000 sec  87.6 KBytes   717 Kbits/sec  20.615 ms 0/61 (0%)
[  5] 42.0000-43.0000 sec  84.7 KBytes   694 Kbits/sec  20.761 ms 0/59 (0%)
[  4] 42.0000-43.0000 sec  73.2 KBytes   600 Kbits/sec  23.342 ms 0/51 (0%)
[  3] 42.0000-43.0000 sec  77.5 KBytes   635 Kbits/sec  22.896 ms 0/54 (0%)
[  6] 42.0000-43.0000 sec  99.1 KBytes   811 Kbits/sec  20.501 ms 0/69 (0%)
[ 10] 42.0000-43.0000 sec  73.2 KBytes   600 Kbits/sec  23.340 ms 0/51 (0%)
[  8] 42.0000-43.0000 sec  76.1 KBytes   623 Kbits/sec  23.674 ms 0/53 (0%)
[  9] 42.0000-43.0000 sec  93.3 KBytes   764 Kbits/sec  20.704 ms 0/65 (0%)
[  7] 42.0000-43.0000 sec  73.2 KBytes   600 Kbits/sec  23.479 ms 0/51 (0%)
[  2] 43.0000-44.0000 sec  97.6 KBytes   800 Kbits/sec  20.367 ms 0/68 (0%)
[  1] 43.0000-44.0000 sec  93.3 KBytes   764 Kbits/sec  20.827 ms 0/65 (0%)
[  5] 43.0000-44.0000 sec  96.2 KBytes   788 Kbits/sec  20.197 ms 0/67 (0%)
[  4] 43.0000-44.0000 sec  84.7 KBytes   694 Kbits/sec  21.298 ms 0/59 (0%)
[  3] 43.0000-44.0000 sec  84.7 KBytes   694 Kbits/sec  21.247 ms 0/59 (0%)
[ 10] 43.0000-44.0000 sec  84.7 KBytes   694 Kbits/sec  21.084 ms 0/59 (0%)
[  9] 43.0000-44.0000 sec  84.7 KBytes   694 Kbits/sec  20.491 ms 0/59 (0%)
[  8] 43.0000-44.0000 sec  84.7 KBytes   694 Kbits/sec  21.497 ms 0/59 (0%)
[  6] 43.0000-44.0000 sec  96.2 KBytes   788 Kbits/sec  20.709 ms 0/67 (0%)
[  7] 43.0000-44.0000 sec  86.1 KBytes   706 Kbits/sec  20.975 ms 0/60 (0%)
[  6] 44.0000-45.0000 sec  73.2 KBytes   600 Kbits/sec  22.519 ms 0/51 (0%)
[  4] 44.0000-45.0000 sec  86.1 KBytes   706 Kbits/sec  21.577 ms 0/60 (0%)
[  2] 44.0000-45.0000 sec  84.7 KBytes   694 Kbits/sec  23.366 ms 0/59 (0%)
[  3] 44.0000-45.0000 sec  84.7 KBytes   694 Kbits/sec  21.734 ms 0/59 (0%)
[ 10] 44.0000-45.0000 sec  84.7 KBytes   694 Kbits/sec  21.285 ms 0/59 (0%)
[  5] 44.0000-45.0000 sec  84.7 KBytes   694 Kbits/sec  23.443 ms 0/59 (0%)
[  1] 44.0000-45.0000 sec  84.7 KBytes   694 Kbits/sec  24.406 ms 0/59 (0%)
[  8] 44.0000-45.0000 sec  84.7 KBytes   694 Kbits/sec  21.848 ms 0/59 (0%)
[  9] 44.0000-45.0000 sec  84.7 KBytes   694 Kbits/sec  23.484 ms 0/59 (0%)
[  7] 44.0000-45.0000 sec  84.7 KBytes   694 Kbits/sec  21.208 ms 0/59 (0%)
[  2] 45.0000-46.0000 sec  94.7 KBytes   776 Kbits/sec  19.066 ms 0/66 (0%)
[  4] 45.0000-46.0000 sec  84.7 KBytes   694 Kbits/sec  21.397 ms 0/59 (0%)
[  3] 45.0000-46.0000 sec  84.7 KBytes   694 Kbits/sec  21.404 ms 0/59 (0%)
[  1] 45.0000-46.0000 sec  97.6 KBytes   800 Kbits/sec  19.599 ms 0/68 (0%)
[  5] 45.0000-46.0000 sec  94.7 KBytes   776 Kbits/sec  19.250 ms 0/66 (0%)
[  9] 45.0000-46.0000 sec  97.6 KBytes   800 Kbits/sec  19.528 ms 0/68 (0%)
[  8] 45.0000-46.0000 sec  84.7 KBytes   694 Kbits/sec  21.528 ms 0/59 (0%)
[  6] 45.0000-46.0000 sec   106 KBytes   870 Kbits/sec  19.592 ms 0/74 (0%)
[  7] 45.0000-46.0000 sec  84.7 KBytes   694 Kbits/sec  20.823 ms 0/59 (0%)
[ 10] 45.0000-46.0000 sec  96.2 KBytes   788 Kbits/sec  21.186 ms 0/67 (0%)
[  4] 46.0000-47.0000 sec  86.1 KBytes   706 Kbits/sec  27.150 ms 0/60 (0%)
[  3] 46.0000-47.0000 sec  84.7 KBytes   694 Kbits/sec  20.772 ms 0/59 (0%)
[  8] 46.0000-47.0000 sec  86.1 KBytes   706 Kbits/sec  20.600 ms 0/60 (0%)
[  6] 46.0000-47.0000 sec  84.7 KBytes   694 Kbits/sec  21.161 ms 0/59 (0%)
[  2] 46.0000-47.0000 sec  96.2 KBytes   788 Kbits/sec  20.905 ms 0/67 (0%)
[  7] 46.0000-47.0000 sec  84.7 KBytes   694 Kbits/sec  20.806 ms 0/59 (0%)
[  1] 46.0000-47.0000 sec  94.7 KBytes   776 Kbits/sec  20.936 ms 0/66 (0%)
[  5] 46.0000-47.0000 sec  97.6 KBytes   800 Kbits/sec  20.665 ms 0/68 (0%)
[ 10] 46.0000-47.0000 sec  86.1 KBytes   706 Kbits/sec  20.470 ms 0/60 (0%)
[  9] 46.0000-47.0000 sec  94.7 KBytes   776 Kbits/sec  20.576 ms 0/66 (0%)
[  4] 47.0000-48.0000 sec  83.3 KBytes   682 Kbits/sec  21.539 ms 0/58 (0%)
[  2] 47.0000-48.0000 sec  73.2 KBytes   600 Kbits/sec  21.586 ms 0/51 (0%)
[  3] 47.0000-48.0000 sec  84.7 KBytes   694 Kbits/sec  21.684 ms 0/59 (0%)
[  1] 47.0000-48.0000 sec  74.6 KBytes   612 Kbits/sec  21.808 ms 0/52 (0%)
[  5] 47.0000-48.0000 sec  73.2 KBytes   600 Kbits/sec  21.263 ms 0/51 (0%)
[  9] 47.0000-48.0000 sec  74.6 KBytes   612 Kbits/sec  21.708 ms 0/52 (0%)
[  8] 47.0000-48.0000 sec  84.7 KBytes   694 Kbits/sec  22.090 ms 0/59 (0%)
[  6] 47.0000-48.0000 sec  84.7 KBytes   694 Kbits/sec  21.787 ms 0/59 (0%)
[  7] 47.0000-48.0000 sec  84.7 KBytes   694 Kbits/sec  22.117 ms 0/59 (0%)
[ 10] 47.0000-48.0000 sec  84.7 KBytes   694 Kbits/sec  22.064 ms 0/59 (0%)
[  1] 48.0000-49.0000 sec  94.7 KBytes   776 Kbits/sec  19.482 ms 0/66 (0%)
[  4] 48.0000-49.0000 sec  84.7 KBytes   694 Kbits/sec  21.562 ms 0/59 (0%)
[  3] 48.0000-49.0000 sec  84.7 KBytes   694 Kbits/sec  21.419 ms 0/59 (0%)
[  6] 48.0000-49.0000 sec  96.2 KBytes   788 Kbits/sec  19.702 ms 0/67 (0%)
[  2] 48.0000-49.0000 sec   106 KBytes   870 Kbits/sec  19.681 ms 0/74 (0%)
[  8] 48.0000-49.0000 sec  84.7 KBytes   694 Kbits/sec  21.926 ms 0/59 (0%)
[  9] 48.0000-49.0000 sec   106 KBytes   870 Kbits/sec  19.114 ms 0/74 (0%)
[  5] 48.0000-49.0000 sec   105 KBytes   858 Kbits/sec  19.483 ms 0/73 (0%)
[  7] 48.0000-49.0000 sec  86.1 KBytes   706 Kbits/sec  21.298 ms 0/60 (0%)
[ 10] 48.0000-49.0000 sec  84.7 KBytes   694 Kbits/sec  21.600 ms 0/59 (0%)
[  4] 49.0000-50.0000 sec  84.7 KBytes   694 Kbits/sec  21.675 ms 0/59 (0%)
[  2] 49.0000-50.0000 sec  97.6 KBytes   800 Kbits/sec  20.194 ms 0/68 (0%)
[  3] 49.0000-50.0000 sec  84.7 KBytes   694 Kbits/sec  21.294 ms 0/59 (0%)
[  8] 49.0000-50.0000 sec  84.7 KBytes   694 Kbits/sec  21.712 ms 0/59 (0%)
[  1] 49.0000-50.0000 sec   106 KBytes   870 Kbits/sec  20.369 ms 0/74 (0%)
[  5] 49.0000-50.0000 sec  97.6 KBytes   800 Kbits/sec  20.476 ms 0/68 (0%)
[  7] 49.0000-50.0000 sec  84.7 KBytes   694 Kbits/sec  21.119 ms 0/59 (0%)
[  9] 49.0000-50.0000 sec  94.7 KBytes   776 Kbits/sec  21.130 ms 0/66 (0%)
[ 10] 49.0000-50.0000 sec  84.7 KBytes   694 Kbits/sec  21.258 ms 0/59 (0%)
[  6] 49.0000-50.0000 sec   108 KBytes   882 Kbits/sec  20.895 ms 0/75 (0%)
[  4] 50.0000-51.0000 sec  86.1 KBytes   706 Kbits/sec  21.545 ms 0/60 (0%)
[  2] 50.0000-51.0000 sec  71.8 KBytes   588 Kbits/sec  22.191 ms 0/50 (0%)
[  1] 50.0000-51.0000 sec  76.1 KBytes   623 Kbits/sec  21.011 ms 0/53 (0%)
[  3] 50.0000-51.0000 sec  86.1 KBytes   706 Kbits/sec  21.148 ms 0/60 (0%)
[  5] 50.0000-51.0000 sec  73.2 KBytes   600 Kbits/sec  21.807 ms 0/51 (0%)
[  9] 50.0000-51.0000 sec  76.1 KBytes   623 Kbits/sec  21.046 ms 0/53 (0%)
[ 10] 50.0000-51.0000 sec  73.2 KBytes   600 Kbits/sec  21.539 ms 0/51 (0%)
[  8] 50.0000-51.0000 sec  84.7 KBytes   694 Kbits/sec  22.017 ms 0/59 (0%)
[  6] 50.0000-51.0000 sec  73.2 KBytes   600 Kbits/sec  21.266 ms 0/51 (0%)
[  7] 50.0000-51.0000 sec  84.7 KBytes   694 Kbits/sec  21.444 ms 0/59 (0%)
[  2] 51.0000-52.0000 sec  96.2 KBytes   788 Kbits/sec  19.968 ms 0/67 (0%)
[  5] 51.0000-52.0000 sec  96.2 KBytes   788 Kbits/sec  20.033 ms 0/67 (0%)
[  1] 51.0000-52.0000 sec  94.7 KBytes   776 Kbits/sec  19.497 ms 0/66 (0%)
[  4] 51.0000-52.0000 sec  60.3 KBytes   494 Kbits/sec  25.714 ms 0/42 (0%)
[  6] 51.0000-52.0000 sec  96.2 KBytes   788 Kbits/sec  19.608 ms 0/67 (0%)
[  3] 51.0000-52.0000 sec  63.2 KBytes   517 Kbits/sec  23.903 ms 0/44 (0%)
[ 10] 51.0000-52.0000 sec  63.2 KBytes   517 Kbits/sec  24.661 ms 0/44 (0%)
[  8] 51.0000-52.0000 sec  64.6 KBytes   529 Kbits/sec  24.295 ms 0/45 (0%)
[  9] 51.0000-52.0000 sec   106 KBytes   870 Kbits/sec  19.284 ms 0/74 (0%)
[  7] 51.0000-52.0000 sec  63.2 KBytes   517 Kbits/sec  24.030 ms 0/44 (0%)
[  3] 52.0000-53.0000 sec  73.2 KBytes   600 Kbits/sec  21.872 ms 0/51 (0%)
[  2] 52.0000-53.0000 sec  84.7 KBytes   694 Kbits/sec  22.224 ms 0/59 (0%)
[  7] 52.0000-53.0000 sec  74.6 KBytes   612 Kbits/sec  21.902 ms 0/52 (0%)
[  1] 52.0000-53.0000 sec  83.3 KBytes   682 Kbits/sec  22.087 ms 0/58 (0%)
[  5] 52.0000-53.0000 sec  83.3 KBytes   682 Kbits/sec  22.803 ms 0/58 (0%)
[  4] 52.0000-53.0000 sec  86.1 KBytes   706 Kbits/sec  21.890 ms 0/60 (0%)
[ 10] 52.0000-53.0000 sec  86.1 KBytes   706 Kbits/sec  21.967 ms 0/60 (0%)
[  9] 52.0000-53.0000 sec  71.8 KBytes   588 Kbits/sec  23.055 ms 0/50 (0%)
[  8] 52.0000-53.0000 sec  84.7 KBytes   694 Kbits/sec  21.921 ms 0/59 (0%)
[  6] 52.0000-53.0000 sec  83.3 KBytes   682 Kbits/sec  23.258 ms 0/58 (0%)
[  2] 53.0000-54.0000 sec  84.7 KBytes   694 Kbits/sec  20.563 ms 0/59 (0%)
[  4] 53.0000-54.0000 sec  76.1 KBytes   623 Kbits/sec  23.117 ms 0/53 (0%)
[  5] 53.0000-54.0000 sec  83.3 KBytes   682 Kbits/sec  20.679 ms 0/58 (0%)
[  1] 53.0000-54.0000 sec  84.7 KBytes   694 Kbits/sec  20.210 ms 0/59 (0%)
[  3] 53.0000-54.0000 sec  84.7 KBytes   694 Kbits/sec  22.659 ms 0/59 (0%)
[  9] 53.0000-54.0000 sec  84.7 KBytes   694 Kbits/sec  20.107 ms 0/59 (0%)
[  6] 53.0000-54.0000 sec  84.7 KBytes   694 Kbits/sec  20.159 ms 0/59 (0%)
[  8] 53.0000-54.0000 sec  73.2 KBytes   600 Kbits/sec  23.231 ms 0/51 (0%)
[  7] 53.0000-54.0000 sec  86.1 KBytes   706 Kbits/sec  22.543 ms 0/60 (0%)
[ 10] 53.0000-54.0000 sec  84.7 KBytes   694 Kbits/sec  22.966 ms 0/59 (0%)
[  1] 54.0000-55.0000 sec  73.2 KBytes   600 Kbits/sec  22.948 ms 0/51 (0%)
[  2] 54.0000-55.0000 sec  76.1 KBytes   623 Kbits/sec  25.826 ms 0/53 (0%)
[  9] 54.0000-55.0000 sec  73.2 KBytes   600 Kbits/sec  22.851 ms 0/51 (0%)
[  4] 54.0000-55.0000 sec  73.2 KBytes   600 Kbits/sec  24.358 ms 0/51 (0%)
[  5] 54.0000-55.0000 sec  74.6 KBytes   612 Kbits/sec  22.069 ms 0/52 (0%)
[  3] 54.0000-55.0000 sec  74.6 KBytes   612 Kbits/sec  24.525 ms 0/52 (0%)
[ 10] 54.0000-55.0000 sec  63.2 KBytes   517 Kbits/sec  25.206 ms 0/44 (0%)
[  6] 54.0000-55.0000 sec  73.2 KBytes   600 Kbits/sec  23.702 ms 0/51 (0%)
[  8] 54.0000-55.0000 sec  76.1 KBytes   623 Kbits/sec  24.591 ms 0/53 (0%)
[  7] 54.0000-55.0000 sec  73.2 KBytes   600 Kbits/sec  24.693 ms 0/51 (0%)
[  1] 55.0000-56.0000 sec  74.6 KBytes   612 Kbits/sec  23.704 ms 0/52 (0%)
[  2] 55.0000-56.0000 sec  73.2 KBytes   600 Kbits/sec  23.202 ms 0/51 (0%)
[  5] 55.0000-56.0000 sec  74.6 KBytes   612 Kbits/sec  22.769 ms 0/52 (0%)
[  4] 55.0000-56.0000 sec  63.2 KBytes   517 Kbits/sec  24.395 ms 0/44 (0%)
[  3] 55.0000-56.0000 sec  63.2 KBytes   517 Kbits/sec  24.856 ms 0/44 (0%)
[  6] 55.0000-56.0000 sec  76.1 KBytes   623 Kbits/sec  22.019 ms 0/53 (0%)
[ 10] 55.0000-56.0000 sec  64.6 KBytes   529 Kbits/sec  33.631 ms 0/45 (0%)
[  8] 55.0000-56.0000 sec  63.2 KBytes   517 Kbits/sec  24.649 ms 0/44 (0%)
[  9] 55.0000-56.0000 sec  87.6 KBytes   717 Kbits/sec  21.052 ms 0/61 (0%)
[  7] 55.0000-56.0000 sec  63.2 KBytes   517 Kbits/sec  25.048 ms 0/44 (0%)
[  1] 56.0000-57.0000 sec  94.7 KBytes   776 Kbits/sec  19.683 ms 0/66 (0%)
[  2] 56.0000-57.0000 sec  96.2 KBytes   788 Kbits/sec  19.756 ms 0/67 (0%)
[  3] 56.0000-57.0000 sec  73.2 KBytes   600 Kbits/sec  22.832 ms 0/51 (0%)
[  5] 56.0000-57.0000 sec  91.9 KBytes   753 Kbits/sec  20.112 ms 0/64 (0%)
[  8] 56.0000-57.0000 sec  73.2 KBytes   600 Kbits/sec  22.230 ms 0/51 (0%)
[  6] 56.0000-57.0000 sec  93.3 KBytes   764 Kbits/sec  20.189 ms 0/65 (0%)
[  7] 56.0000-57.0000 sec  76.1 KBytes   623 Kbits/sec  21.588 ms 0/53 (0%)
[  4] 56.0000-57.0000 sec  84.7 KBytes   694 Kbits/sec  21.617 ms 0/59 (0%)
[  9] 56.0000-57.0000 sec  94.7 KBytes   776 Kbits/sec  19.746 ms 0/66 (0%)
[ 10] 56.0000-57.0000 sec  83.3 KBytes   682 Kbits/sec  21.126 ms 0/58 (0%)
[  3] 57.0000-58.0000 sec  86.1 KBytes   706 Kbits/sec  21.645 ms 0/60 (0%)
[  1] 57.0000-58.0000 sec   106 KBytes   870 Kbits/sec  19.881 ms 0/74 (0%)
[  8] 57.0000-58.0000 sec  84.7 KBytes   694 Kbits/sec  21.699 ms 0/59 (0%)
[  2] 57.0000-58.0000 sec   106 KBytes   870 Kbits/sec  19.770 ms 0/74 (0%)
[  7] 57.0000-58.0000 sec  84.7 KBytes   694 Kbits/sec  21.975 ms 0/59 (0%)
[  9] 57.0000-58.0000 sec  96.2 KBytes   788 Kbits/sec  19.719 ms 0/67 (0%)
[  5] 57.0000-58.0000 sec   106 KBytes   870 Kbits/sec  19.647 ms 0/74 (0%)
[  6] 57.0000-58.0000 sec   108 KBytes   882 Kbits/sec  19.146 ms 0/75 (0%)
[  4] 57.0000-58.0000 sec  84.7 KBytes   694 Kbits/sec  22.143 ms 0/59 (0%)
[ 10] 57.0000-58.0000 sec  84.7 KBytes   694 Kbits/sec  21.799 ms 0/59 (0%)
[  1] 58.0000-59.0000 sec  96.2 KBytes   788 Kbits/sec  20.066 ms 0/67 (0%)
[  2] 58.0000-59.0000 sec  94.7 KBytes   776 Kbits/sec  20.322 ms 0/66 (0%)
[  3] 58.0000-59.0000 sec  84.7 KBytes   694 Kbits/sec  21.823 ms 0/59 (0%)
[  5] 58.0000-59.0000 sec  96.2 KBytes   788 Kbits/sec  19.813 ms 0/67 (0%)
[  9] 58.0000-59.0000 sec  96.2 KBytes   788 Kbits/sec  24.709 ms 0/67 (0%)
[  8] 58.0000-59.0000 sec  84.7 KBytes   694 Kbits/sec  21.750 ms 0/59 (0%)
[  6] 58.0000-59.0000 sec  96.2 KBytes   788 Kbits/sec  19.609 ms 0/67 (0%)
[  7] 58.0000-59.0000 sec  84.7 KBytes   694 Kbits/sec  21.421 ms 0/59 (0%)
[  4] 58.0000-59.0000 sec  86.1 KBytes   706 Kbits/sec  21.109 ms 0/60 (0%)
[ 10] 58.0000-59.0000 sec  84.7 KBytes   694 Kbits/sec  21.153 ms 0/59 (0%)
[  4] 59.0000-60.0000 sec  74.6 KBytes   612 Kbits/sec  21.736 ms 0/52 (0%)
[  4] 0.0000-60.0089 sec  4.61 MBytes   645 Kbits/sec  26.474 ms 92/3383 (2.7%)
[  3] 59.0000-60.0000 sec  84.7 KBytes   694 Kbits/sec  22.162 ms 0/59 (0%)
[  3] 0.0000-60.0598 sec  4.62 MBytes   645 Kbits/sec  29.109 ms 116/3409 (3.4%)
[  1] 59.0000-60.0000 sec  94.7 KBytes   776 Kbits/sec  21.540 ms 0/66 (0%)
[  2] 59.0000-60.0000 sec  97.6 KBytes   800 Kbits/sec  21.512 ms 0/68 (0%)
[  1] 0.0000-60.0989 sec  4.96 MBytes   692 Kbits/sec  28.948 ms 1048/4583 (23%)
[  8] 59.0000-60.0000 sec  86.1 KBytes   706 Kbits/sec  21.504 ms 0/60 (0%)
[  2] 0.0000-60.1078 sec  4.96 MBytes   692 Kbits/sec  26.706 ms 1089/4626 (24%)
[  8] 0.0000-60.0424 sec  4.62 MBytes   645 Kbits/sec  28.257 ms 111/3404 (3.3%)
[  7] 59.0000-60.0000 sec  86.1 KBytes   706 Kbits/sec  21.287 ms 0/60 (0%)
[  7] 0.0000-60.0673 sec  4.62 MBytes   645 Kbits/sec  25.843 ms 93/3388 (2.7%)
[  5] 59.0000-60.0000 sec  94.7 KBytes   776 Kbits/sec  21.157 ms 0/66 (0%)
[  5] 0.0000-60.1027 sec  4.95 MBytes   691 Kbits/sec  28.405 ms 1037/4569 (23%)
[  9] 59.0000-60.0000 sec  93.3 KBytes   764 Kbits/sec  21.958 ms 0/65 (0%)
[  9] 0.0000-60.0619 sec  4.95 MBytes   692 Kbits/sec  26.820 ms 1046/4580 (23%)
[  6] 59.0000-60.0000 sec  94.7 KBytes   776 Kbits/sec  21.436 ms 0/66 (0%)
[  6] 0.0000-60.1369 sec  4.96 MBytes   691 Kbits/sec  27.964 ms 1061/4597 (23%)
[ 10] 59.0000-60.0000 sec  84.7 KBytes   694 Kbits/sec  21.533 ms 0/59 (0%)
[ 10] 0.0000-60.0958 sec  4.62 MBytes   645 Kbits/sec  27.631 ms 103/3397 (3%)
