[UTIL]: Setting the config -c file to /usr/local/etc/flexric/flexric.conf
[UTIL]: Setting path -p for the shared libraries to /usr/local/lib/flexric/
[xAapp]: Initializing ... 
[xApp]: nearRT-RIC IP Address = 192.168.70.150, PORT = 36422
[E2 AGENT]: Opening plugin from path = /usr/local/lib/flexric/libkpm_sm.so 
[E2 AGENT]: Opening plugin from path = /usr/local/lib/flexric/libmac_sm.so 
[E2 AGENT]: Opening plugin from path = /usr/local/lib/flexric/libpdcp_sm.so 
[E2 AGENT]: Opening plugin from path = /usr/local/lib/flexric/libgtp_sm.so 
[E2 AGENT]: Opening plugin from path = /usr/local/lib/flexric/librc_sm.so 
[E2 AGENT]: Opening plugin from path = /usr/local/lib/flexric/libtc_sm.so 
[E2 AGENT]: Opening plugin from path = /usr/local/lib/flexric/librlc_sm.so 
[E2 AGENT]: Opening plugin from path = /usr/local/lib/flexric/libslice_sm.so 
[NEAR-RIC]: Loading SM ID = 2 with def = ORAN-E2SM-KPM 
[NEAR-RIC]: Loading SM ID = 142 with def = MAC_STATS_V0 
[NEAR-RIC]: Loading SM ID = 144 with def = PDCP_STATS_V0 
[NEAR-RIC]: Loading SM ID = 148 with def = GTP_STATS_V0 
[NEAR-RIC]: Loading SM ID = 3 with def = ORAN-E2SM-RC 
[NEAR-RIC]: Loading SM ID = 146 with def = TC_STATS_V0 
[NEAR-RIC]: Loading SM ID = 143 with def = RLC_STATS_V0 
[NEAR-RIC]: Loading SM ID = 145 with def = SLICE_STATS_V0 
[xApp]: DB filename = /tmp/flexric/xapp_db 
 [xApp]: E42 SETUP-REQUEST tx
[xApp]: E42 SETUP-RESPONSE rx 
[xApp]: xApp ID = 45 
[xApp]: Registered E2 Nodes = 4 
Connected E2 nodes = 4
[xAPP] Registered node 0 ran func id = 2 
 [xAPP] Registered node 0 ran func id = 3 
 [xAPP] Registered node 0 ran func id = 142 
 [xAPP] Registered node 0 ran func id = 143 
 [xAPP] Registered node 0 ran func id = 144 
 [xAPP] Registered node 0 ran func id = 145 
 [xAPP] Registered node 0 ran func id = 146 
 [xAPP] Registered node 0 ran func id = 148 
 [xApp]: E42 RIC SUBSCRIPTION REQUEST tx RAN_FUNC_ID 144 RIC_REQ_ID 1 
[xApp]: SUBSCRIPTION RESPONSE rx
[xApp]: Successfully subscribed to RAN_FUNC_ID 144 
[xAPP] Registered node 1 ran func id = 2 
 [xAPP] Registered node 1 ran func id = 3 
 [xAPP] Registered node 1 ran func id = 142 
 [xAPP] Registered node 1 ran func id = 143 
 [xAPP] Registered node 1 ran func id = 144 
 [xAPP] Registered node 1 ran func id = 145 
 [xAPP] Registered node 1 ran func id = 146 
 [xAPP] Registered node 1 ran func id = 148 
 [xApp]: E42 RIC SUBSCRIPTION REQUEST tx RAN_FUNC_ID 144 RIC_REQ_ID 2 
[xApp]: SUBSCRIPTION RESPONSE rx
[xApp]: Successfully subscribed to RAN_FUNC_ID 144 
[xAPP] Registered node 2 ran func id = 2 
 [xAPP] Registered node 2 ran func id = 3 
 [xAPP] Registered node 2 ran func id = 142 
 [xAPP] Registered node 2 ran func id = 143 
 [xAPP] Registered node 2 ran func id = 144 
 [xAPP] Registered node 2 ran func id = 145 
 [xAPP] Registered node 2 ran func id = 146 
 [xAPP] Registered node 2 ran func id = 148 
 [xApp]: E42 RIC SUBSCRIPTION REQUEST tx RAN_FUNC_ID 144 RIC_REQ_ID 3 
[xApp]: SUBSCRIPTION RESPONSE rx
[xApp]: Successfully subscribed to RAN_FUNC_ID 144 
[xAPP] Registered node 3 ran func id = 2 
 [xAPP] Registered node 3 ran func id = 3 
 [xAPP] Registered node 3 ran func id = 142 
 [xAPP] Registered node 3 ran func id = 143 
 [xAPP] Registered node 3 ran func id = 144 
 [xAPP] Registered node 3 ran func id = 145 
 [xAPP] Registered node 3 ran func id = 146 
 [xAPP] Registered node 3 ran func id = 148 
 [xApp]: E42 RIC SUBSCRIPTION REQUEST tx RAN_FUNC_ID 144 RIC_REQ_ID 4 
[xApp]: SUBSCRIPTION RESPONSE rx
[xApp]: Successfully subscribed to RAN_FUNC_ID 144 
112[UE 1 | RB 1] Throughput = 0.95180 Mbps
222[UE 1 | RB 1] Throughput = 1.30880 Mbps
322[UE 1 | RB 1] Throughput = 0.59841 Mbps
432[UE 1 | RB 1] Throughput = 1.63947 Mbps
532[UE 1 | RB 1] Throughput = 0.83736 Mbps
642[UE 1 | RB 1] Throughput = 1.31219 Mbps
742[UE 1 | RB 1] Throughput = 0.95479 Mbps
852[UE 1 | RB 1] Throughput = 0.76429 Mbps
952[UE 1 | RB 1] Throughput = 1.43464 Mbps
1062[UE 1 | RB 1] Throughput = 0.98210 Mbps
1162[UE 1 | RB 1] Throughput = 1.31545 Mbps
1272[UE 1 | RB 1] Throughput = 0.76395 Mbps
1382[UE 1 | RB 1] Throughput = 1.09369 Mbps
1482[UE 1 | RB 1] Throughput = 0.59738 Mbps
1592[UE 1 | RB 1] Throughput = 1.52504 Mbps
1692[UE 1 | RB 1] Throughput = 1.07667 Mbps
1802[UE 1 | RB 1] Throughput = 1.09341 Mbps
1902[UE 1 | RB 1] Throughput = 1.07602 Mbps
2002[UE 1 | RB 1] Throughput = 0.59696 Mbps
2103[UE 1 | RB 1] Throughput = 1.07685 Mbps
2203[UE 1 | RB 1] Throughput = 0.95862 Mbps
2312[UE 1 | RB 1] Throughput = 1.20399 Mbps
2412[UE 1 | RB 1] Throughput = 1.07784 Mbps
2512[UE 1 | RB 1] Throughput = 1.19437 Mbps
2622[UE 1 | RB 1] Throughput = 1.41668 Mbps
2732[UE 1 | RB 1] Throughput = 1.09136 Mbps
2842[UE 1 | RB 1] Throughput = 0.87081 Mbps
2942[UE 1 | RB 1] Throughput = 0.95814 Mbps
3042[UE 1 | RB 1] Throughput = 1.55786 Mbps
3143[UE 1 | RB 1] Throughput = 0.00000 Mbps
3252[UE 1 | RB 1] Throughput = 1.74936 Mbps
3362[UE 1 | RB 1] Throughput = 1.08981 Mbps
3463[UE 1 | RB 1] Throughput = 0.95635 Mbps
3572[UE 1 | RB 1] Throughput = 1.09048 Mbps
3682[UE 1 | RB 1] Throughput = 0.98126 Mbps
3782[UE 1 | RB 1] Throughput = 1.31623 Mbps
3892[UE 1 | RB 1] Throughput = 0.98062 Mbps
3993[UE 1 | RB 1] Throughput = 1.19767 Mbps
4102[UE 1 | RB 1] Throughput = 0.87284 Mbps
4202[UE 1 | RB 1] Throughput = 1.07769 Mbps
4303[UE 1 | RB 1] Throughput = 1.18765 Mbps
4412[UE 1 | RB 1] Throughput = 0.65957 Mbps
4512[UE 1 | RB 1] Throughput = 1.31784 Mbps
4613[UE 1 | RB 1] Throughput = 1.31653 Mbps
4722[UE 1 | RB 1] Throughput = 1.19921 Mbps
4823[UE 1 | RB 1] Throughput = 0.95783 Mbps
4932[UE 1 | RB 1] Throughput = 0.98415 Mbps
5033[UE 1 | RB 1] Throughput = 1.07438 Mbps
5133[UE 1 | RB 1] Throughput = 0.83834 Mbps
5242[UE 1 | RB 1] Throughput = 1.30989 Mbps
5343[UE 1 | RB 1] Throughput = 0.95701 Mbps
5443[UE 1 | RB 1] Throughput = 1.42493 Mbps
5552[UE 1 | RB 1] Throughput = 0.00000 Mbps
5653[UE 1 | RB 1] Throughput = 1.55275 Mbps
5762[UE 1 | RB 1] Throughput = 1.42032 Mbps
5862[UE 1 | RB 1] Throughput = 1.19744 Mbps
5963[UE 1 | RB 1] Throughput = 0.47776 Mbps
6063[UE 1 | RB 1] Throughput = 1.54978 Mbps
6172[UE 1 | RB 1] Throughput = 1.31532 Mbps
6282[UE 1 | RB 1] Throughput = 0.32704 Mbps
6383[UE 1 | RB 1] Throughput = 1.31669 Mbps
6493[UE 1 | RB 1] Throughput = 0.98003 Mbps
6593[UE 1 | RB 1] Throughput = 0.95713 Mbps
6703[UE 1 | RB 1] Throughput = 1.52813 Mbps
6813[UE 1 | RB 1] Throughput = 0.65367 Mbps
6913[UE 1 | RB 1] Throughput = 1.31725 Mbps
7013[UE 1 | RB 1] Throughput = 1.19676 Mbps
7123[UE 1 | RB 1] Throughput = 1.08980 Mbps
7223[UE 1 | RB 1] Throughput = 0.95825 Mbps
7332[UE 1 | RB 1] Throughput = 0.98356 Mbps
7442[UE 1 | RB 1] Throughput = 1.31048 Mbps
7542[UE 1 | RB 1] Throughput = 1.31636 Mbps
7643[UE 1 | RB 1] Throughput = 0.11935 Mbps
7752[UE 1 | RB 1] Throughput = 1.53266 Mbps
7852[UE 1 | RB 1] Throughput = 1.31435 Mbps
7953[UE 1 | RB 1] Throughput = 0.83787 Mbps
8063[UE 1 | RB 1] Throughput = 0.87094 Mbps
8173[UE 1 | RB 1] Throughput = 1.30827 Mbps
8283[UE 1 | RB 1] Throughput = 1.19924 Mbps
8393[UE 1 | RB 1] Throughput = 0.98025 Mbps
8503[UE 1 | RB 1] Throughput = 0.86973 Mbps
8612[UE 1 | RB 1] Throughput = 1.09304 Mbps
8722[UE 1 | RB 1] Throughput = 0.98009 Mbps
8822[UE 1 | RB 1] Throughput = 1.43769 Mbps
8923[UE 1 | RB 1] Throughput = 0.71814 Mbps
9032[UE 1 | RB 1] Throughput = 1.20112 Mbps
9133[UE 1 | RB 1] Throughput = 1.19578 Mbps
9233[UE 1 | RB 1] Throughput = 0.83866 Mbps
9343[UE 1 | RB 1] Throughput = 1.41426 Mbps
9452[UE 1 | RB 1] Throughput = 0.98286 Mbps
9553[UE 1 | RB 1] Throughput = 0.83865 Mbps
9663[UE 1 | RB 1] Throughput = 1.08924 Mbps
9772[UE 1 | RB 1] Throughput = 1.30829 Mbps
9883[UE 1 | RB 1] Throughput = 0.65218 Mbps
9992[UE 1 | RB 1] Throughput = 1.31050 Mbps
10093[UE 1 | RB 1] Throughput = 1.07803 Mbps
10193[UE 1 | RB 1] Throughput = 0.95676 Mbps
10303[UE 1 | RB 1] Throughput = 1.08799 Mbps
10413[UE 1 | RB 1] Throughput = 1.19963 Mbps
10523[UE 1 | RB 1] Throughput = 1.08933 Mbps
10623[UE 1 | RB 1] Throughput = 0.71758 Mbps
10733[UE 1 | RB 1] Throughput = 1.20066 Mbps
10833[UE 1 | RB 1] Throughput = 1.07748 Mbps
10943[UE 1 | RB 1] Throughput = 1.09182 Mbps
11043[UE 1 | RB 1] Throughput = 1.31727 Mbps
11153[UE 1 | RB 1] Throughput = 0.32621 Mbps
11263[UE 1 | RB 1] Throughput = 1.63944 Mbps
11372[UE 1 | RB 1] Throughput = 0.98135 Mbps
11483[UE 1 | RB 1] Throughput = 1.19653 Mbps
11593[UE 1 | RB 1] Throughput = 1.08958 Mbps
11693[UE 1 | RB 1] Throughput = 1.07767 Mbps
11802[UE 1 | RB 1] Throughput = 1.09199 Mbps
11903[UE 1 | RB 1] Throughput = 1.07431 Mbps
12003[UE 1 | RB 1] Throughput = 1.07832 Mbps
12113[UE 1 | RB 1] Throughput = 0.76425 Mbps
12213[UE 1 | RB 1] Throughput = 1.31781 Mbps
12313[UE 1 | RB 1] Throughput = 0.71895 Mbps
12422[UE 1 | RB 1] Throughput = 1.41860 Mbps
12523[UE 1 | RB 1] Throughput = 0.11965 Mbps
12623[UE 1 | RB 1] Throughput = 1.67361 Mbps
12733[UE 1 | RB 1] Throughput = 1.52892 Mbps
12833[UE 1 | RB 1] Throughput = 1.07847 Mbps
12943[UE 1 | RB 1] Throughput = 0.43569 Mbps
13053[UE 1 | RB 1] Throughput = 1.74080 Mbps
13162[UE 1 | RB 1] Throughput = 0.00000 Mbps
13263[UE 1 | RB 1] Throughput = 1.91312 Mbps
13373[UE 1 | RB 1] Throughput = 1.41625 Mbps
13483[UE 1 | RB 1] Throughput = 0.98090 Mbps
13583[UE 1 | RB 1] Throughput = 0.95568 Mbps
13693[UE 1 | RB 1] Throughput = 0.54417 Mbps
13803[UE 1 | RB 1] Throughput = 1.75203 Mbps
13903[UE 1 | RB 1] Throughput = 0.00000 Mbps
14013[UE 1 | RB 1] Throughput = 1.52316 Mbps
14123[UE 1 | RB 1] Throughput = 1.31008 Mbps
14233[UE 1 | RB 1] Throughput = 1.41357 Mbps
14333[UE 1 | RB 1] Throughput = 0.00000 Mbps
14443[UE 1 | RB 1] Throughput = 1.42159 Mbps
14543[UE 1 | RB 1] Throughput = 1.43291 Mbps
14653[UE 1 | RB 1] Throughput = 1.42316 Mbps
14753[UE 1 | RB 1] Throughput = 0.23828 Mbps
14863[UE 1 | RB 1] Throughput = 1.42225 Mbps
14963[UE 1 | RB 1] Throughput = 1.55045 Mbps
15073[UE 1 | RB 1] Throughput = 0.21783 Mbps
15183[UE 1 | RB 1] Throughput = 1.74606 Mbps
15283[UE 1 | RB 1] Throughput = 0.00000 Mbps
15384[UE 1 | RB 1] Throughput = 1.89248 Mbps
15493[UE 1 | RB 1] Throughput = 1.32935 Mbps
15593[UE 1 | RB 1] Throughput = 0.00000 Mbps
15693[UE 1 | RB 1] Throughput = 1.91331 Mbps
15803[UE 1 | RB 1] Throughput = 0.00000 Mbps
15903[UE 1 | RB 1] Throughput = 2.15520 Mbps
16013[UE 1 | RB 1] Throughput = 1.52868 Mbps
16114[UE 1 | RB 1] Throughput = 0.00000 Mbps
16223[UE 1 | RB 1] Throughput = 1.53720 Mbps
16323[UE 1 | RB 1] Throughput = 1.19584 Mbps
16433[UE 1 | RB 1] Throughput = 0.87228 Mbps
16533[UE 1 | RB 1] Throughput = 1.19826 Mbps
16633[UE 1 | RB 1] Throughput = 1.19783 Mbps
16743[UE 1 | RB 1] Throughput = 1.08988 Mbps
16843[UE 1 | RB 1] Throughput = 1.07277 Mbps
16943[UE 1 | RB 1] Throughput = 0.83848 Mbps
17053[UE 1 | RB 1] Throughput = 0.87375 Mbps
17163[UE 1 | RB 1] Throughput = 1.41638 Mbps
17273[UE 1 | RB 1] Throughput = 1.19750 Mbps
17383[UE 1 | RB 1] Throughput = 1.31551 Mbps
17483[UE 1 | RB 1] Throughput = 0.00000 Mbps
17583[UE 1 | RB 1] Throughput = 1.90870 Mbps
17693[UE 1 | RB 1] Throughput = 0.00000 Mbps
17793[UE 1 | RB 1] Throughput = 2.26924 Mbps
17903[UE 1 | RB 1] Throughput = 0.10913 Mbps
18013[UE 1 | RB 1] Throughput = 1.96236 Mbps
18113[UE 1 | RB 1] Throughput = 0.11973 Mbps
18213[UE 1 | RB 1] Throughput = 1.67404 Mbps
18323[UE 1 | RB 1] Throughput = 1.31209 Mbps
18423[UE 1 | RB 1] Throughput = 0.95719 Mbps
18523[UE 1 | RB 1] Throughput = 1.19572 Mbps
18633[UE 1 | RB 1] Throughput = 0.98197 Mbps
18743[UE 1 | RB 1] Throughput = 1.19796 Mbps
18843[UE 1 | RB 1] Throughput = 0.83700 Mbps
18953[UE 1 | RB 1] Throughput = 1.42274 Mbps
19053[UE 1 | RB 1] Throughput = 0.11957 Mbps
19163[UE 1 | RB 1] Throughput = 1.74382 Mbps
19273[UE 1 | RB 1] Throughput = 0.76221 Mbps
19373[UE 1 | RB 1] Throughput = 1.19548 Mbps
19483[UE 1 | RB 1] Throughput = 0.98055 Mbps
19593[UE 1 | RB 1] Throughput = 1.09398 Mbps
19703[UE 1 | RB 1] Throughput = 1.19390 Mbps
19813[UE 1 | RB 1] Throughput = 0.65699 Mbps
19913[UE 1 | RB 1] Throughput = 1.78908 Mbps
20023[UE 1 | RB 1] Throughput = 0.87211 Mbps
20133[UE 1 | RB 1] Throughput = 0.87569 Mbps
20233[UE 1 | RB 1] Throughput = 1.19039 Mbps
20343[UE 1 | RB 1] Throughput = 1.20161 Mbps
20443[UE 1 | RB 1] Throughput = 0.59887 Mbps
20553[UE 1 | RB 1] Throughput = 1.19534 Mbps
20663[UE 1 | RB 1] Throughput = 1.31071 Mbps
20773[UE 1 | RB 1] Throughput = 0.98298 Mbps
20873[UE 1 | RB 1] Throughput = 0.95251 Mbps
20983[UE 1 | RB 1] Throughput = 1.20122 Mbps
21093[UE 1 | RB 1] Throughput = 1.19657 Mbps
21204[UE 1 | RB 1] Throughput = 0.97856 Mbps
21313[UE 1 | RB 1] Throughput = 1.09115 Mbps
21423[UE 1 | RB 1] Throughput = 1.31236 Mbps
21526[UE 1 | RB 1] Throughput = 0.35059 Mbps
21633[UE 1 | RB 1] Throughput = 1.44491 Mbps
21743[UE 1 | RB 1] Throughput = 1.31348 Mbps
21843[UE 1 | RB 1] Throughput = 0.71700 Mbps
21944[UE 1 | RB 1] Throughput = 1.19326 Mbps
22054[UE 1 | RB 1] Throughput = 0.98107 Mbps
22163[UE 1 | RB 1] Throughput = 1.09303 Mbps
22263[UE 1 | RB 1] Throughput = 1.55652 Mbps
22363[UE 1 | RB 1] Throughput = 0.00000 Mbps
22473[UE 1 | RB 1] Throughput = 1.52593 Mbps
22573[UE 1 | RB 1] Throughput = 1.43682 Mbps
22684[UE 1 | RB 1] Throughput = 0.97909 Mbps
22793[UE 1 | RB 1] Throughput = 0.65452 Mbps
22893[UE 1 | RB 1] Throughput = 1.31790 Mbps
23003[UE 1 | RB 1] Throughput = 1.09442 Mbps
23103[UE 1 | RB 1] Throughput = 1.07613 Mbps
23203[UE 1 | RB 1] Throughput = 1.07632 Mbps
23303[UE 1 | RB 1] Throughput = 1.07750 Mbps
23413[UE 1 | RB 1] Throughput = 1.41826 Mbps
23523[UE 1 | RB 1] Throughput = 0.98031 Mbps
23633[UE 1 | RB 1] Throughput = 0.98248 Mbps
23743[UE 1 | RB 1] Throughput = 0.87305 Mbps
23843[UE 1 | RB 1] Throughput = 1.07554 Mbps
23944[UE 1 | RB 1] Throughput = 0.83562 Mbps
24054[UE 1 | RB 1] Throughput = 1.52497 Mbps
24163[UE 1 | RB 1] Throughput = 0.87302 Mbps
24273[UE 1 | RB 1] Throughput = 1.19867 Mbps
24374[UE 1 | RB 1] Throughput = 0.95715 Mbps
24483[UE 1 | RB 1] Throughput = 1.09374 Mbps
24583[UE 1 | RB 1] Throughput = 1.07711 Mbps
24684[UE 1 | RB 1] Throughput = 1.07333 Mbps
24794[UE 1 | RB 1] Throughput = 0.98162 Mbps
24903[UE 1 | RB 1] Throughput = 0.98238 Mbps
25004[UE 1 | RB 1] Throughput = 1.07725 Mbps
25104[UE 1 | RB 1] Throughput = 1.19787 Mbps
25204[UE 1 | RB 1] Throughput = 1.07836 Mbps
25314[UE 1 | RB 1] Throughput = 1.19842 Mbps
25423[UE 1 | RB 1] Throughput = 0.43679 Mbps
25533[UE 1 | RB 1] Throughput = 1.74411 Mbps
25633[UE 1 | RB 1] Throughput = 0.95869 Mbps
25733[UE 1 | RB 1] Throughput = 0.83801 Mbps
25834[UE 1 | RB 1] Throughput = 0.95658 Mbps
25944[UE 1 | RB 1] Throughput = 1.19987 Mbps
26053[UE 1 | RB 1] Throughput = 1.09221 Mbps
26154[UE 1 | RB 1] Throughput = 1.54929 Mbps
26264[UE 1 | RB 1] Throughput = 0.00000 Mbps
26364[UE 1 | RB 1] Throughput = 1.79340 Mbps
26473[UE 1 | RB 1] Throughput = 1.31452 Mbps
26583[UE 1 | RB 1] Throughput = 0.10900 Mbps
26683[UE 1 | RB 1] Throughput = 1.67585 Mbps
26783[UE 1 | RB 1] Throughput = 0.11983 Mbps
26893[UE 1 | RB 1] Throughput = 1.74492 Mbps
26993[UE 1 | RB 1] Throughput = 1.67496 Mbps
27104[UE 1 | RB 1] Throughput = 0.32658 Mbps
27213[UE 1 | RB 1] Throughput = 1.52793 Mbps
27325[UE 1 | RB 1] Throughput = 1.28291 Mbps
27433[UE 1 | RB 1] Throughput = 1.00077 Mbps
27533[UE 1 | RB 1] Throughput = 0.59861 Mbps
27633[UE 1 | RB 1] Throughput = 1.31740 Mbps
27743[UE 1 | RB 1] Throughput = 1.08910 Mbps
27844[UE 1 | RB 1] Throughput = 1.55593 Mbps
27944[UE 1 | RB 1] Throughput = 0.23938 Mbps
28054[UE 1 | RB 1] Throughput = 1.30825 Mbps
28164[UE 1 | RB 1] Throughput = 1.41395 Mbps
28264[UE 1 | RB 1] Throughput = 0.95719 Mbps
28374[UE 1 | RB 1] Throughput = 0.98412 Mbps
28484[UE 1 | RB 1] Throughput = 1.19800 Mbps
28584[UE 1 | RB 1] Throughput = 0.95863 Mbps
28693[UE 1 | RB 1] Throughput = 1.09198 Mbps
28795[UE 1 | RB 1] Throughput = 0.70922 Mbps
28904[UE 1 | RB 1] Throughput = 1.32085 Mbps
29006[UE 1 | RB 1] Throughput = 1.29227 Mbps
29114[UE 1 | RB 1] Throughput = 1.22037 Mbps
29223[UE 1 | RB 1] Throughput = 0.00000 Mbps
29324[UE 1 | RB 1] Throughput = 2.03137 Mbps
29433[UE 1 | RB 1] Throughput = 1.41909 Mbps
29533[UE 1 | RB 1] Throughput = 0.00000 Mbps
29634[UE 1 | RB 1] Throughput = 1.43597 Mbps
29744[UE 1 | RB 1] Throughput = 1.52543 Mbps
29854[UE 1 | RB 1] Throughput = 0.00000 Mbps
29954[UE 1 | RB 1] Throughput = 1.90657 Mbps
30064[UE 1 | RB 1] Throughput = 1.42165 Mbps
30164[UE 1 | RB 1] Throughput = 0.35867 Mbps
30274[UE 1 | RB 1] Throughput = 1.52781 Mbps
30384[UE 1 | RB 1] Throughput = 0.98143 Mbps
30484[UE 1 | RB 1] Throughput = 0.71580 Mbps
30594[UE 1 | RB 1] Throughput = 1.20350 Mbps
30704[UE 1 | RB 1] Throughput = 1.41508 Mbps
30814[UE 1 | RB 1] Throughput = 0.98026 Mbps
30914[UE 1 | RB 1] Throughput = 0.95849 Mbps
31023[UE 1 | RB 1] Throughput = 1.20300 Mbps
31134[UE 1 | RB 1] Throughput = 0.97885 Mbps
31244[UE 1 | RB 1] Throughput = 1.19893 Mbps
31344[UE 1 | RB 1] Throughput = 0.83787 Mbps
31444[UE 1 | RB 1] Throughput = 1.07736 Mbps
31554[UE 1 | RB 1] Throughput = 1.08987 Mbps
31654[UE 1 | RB 1] Throughput = 1.07740 Mbps
31765[UE 1 | RB 1] Throughput = 0.96759 Mbps
31874[UE 1 | RB 1] Throughput = 1.10435 Mbps
31984[UE 1 | RB 1] Throughput = 1.41712 Mbps
32084[UE 1 | RB 1] Throughput = 0.35852 Mbps
32194[UE 1 | RB 1] Throughput = 1.08865 Mbps
32304[UE 1 | RB 1] Throughput = 0.98354 Mbps
32414[UE 1 | RB 1] Throughput = 1.62792 Mbps
32524[UE 1 | RB 1] Throughput = 0.00000 Mbps
32624[UE 1 | RB 1] Throughput = 2.27450 Mbps
32724[UE 1 | RB 1] Throughput = 0.59790 Mbps
32834[UE 1 | RB 1] Throughput = 1.08911 Mbps
32944[UE 1 | RB 1] Throughput = 1.09259 Mbps
33054[UE 1 | RB 1] Throughput = 1.19881 Mbps
33164[UE 1 | RB 1] Throughput = 1.09028 Mbps
33264[UE 1 | RB 1] Throughput = 1.19710 Mbps
33374[UE 1 | RB 1] Throughput = 1.30266 Mbps
33484[UE 1 | RB 1] Throughput = 1.09391 Mbps
33584[UE 1 | RB 1] Throughput = 1.19711 Mbps
33694[UE 1 | RB 1] Throughput = 0.00000 Mbps
33794[UE 1 | RB 1] Throughput = 1.55629 Mbps
33894[UE 1 | RB 1] Throughput = 1.55663 Mbps
34004[UE 1 | RB 1] Throughput = 0.21832 Mbps
34113[UE 1 | RB 1] Throughput = 1.63890 Mbps
34214[UE 1 | RB 1] Throughput = 1.07287 Mbps
34324[UE 1 | RB 1] Throughput = 1.09274 Mbps
34424[UE 1 | RB 1] Throughput = 0.95347 Mbps
34534[UE 1 | RB 1] Throughput = 1.31349 Mbps
34634[UE 1 | RB 1] Throughput = 1.07339 Mbps
34744[UE 1 | RB 1] Throughput = 0.87194 Mbps
34844[UE 1 | RB 1] Throughput = 1.55736 Mbps
34944[UE 1 | RB 1] Throughput = 1.07811 Mbps
35054[UE 1 | RB 1] Throughput = 0.76487 Mbps
35154[UE 1 | RB 1] Throughput = 0.95670 Mbps
35264[UE 1 | RB 1] Throughput = 0.76210 Mbps
35374[UE 1 | RB 1] Throughput = 1.30561 Mbps
35484[UE 1 | RB 1] Throughput = 1.19779 Mbps
35594[UE 1 | RB 1] Throughput = 1.09629 Mbps
35694[UE 1 | RB 1] Throughput = 0.95866 Mbps
35794[UE 1 | RB 1] Throughput = 0.95810 Mbps
35894[UE 1 | RB 1] Throughput = 1.31646 Mbps
36004[UE 1 | RB 1] Throughput = 0.87225 Mbps
36104[UE 1 | RB 1] Throughput = 0.95544 Mbps
36204[UE 1 | RB 1] Throughput = 1.43750 Mbps
36314[UE 1 | RB 1] Throughput = 0.65676 Mbps
36414[UE 1 | RB 1] Throughput = 1.19302 Mbps
36514[UE 1 | RB 1] Throughput = 1.07706 Mbps
36614[UE 1 | RB 1] Throughput = 1.07782 Mbps
36724[UE 1 | RB 1] Throughput = 0.98566 Mbps
36824[UE 1 | RB 1] Throughput = 1.42989 Mbps
36934[UE 1 | RB 1] Throughput = 0.98399 Mbps
37044[UE 1 | RB 1] Throughput = 0.76108 Mbps
37144[UE 1 | RB 1] Throughput = 1.31663 Mbps
37254[UE 1 | RB 1] Throughput = 1.20011 Mbps
37354[UE 1 | RB 1] Throughput = 0.71840 Mbps
37464[UE 1 | RB 1] Throughput = 1.08981 Mbps
37564[UE 1 | RB 1] Throughput = 0.83775 Mbps
37674[UE 1 | RB 1] Throughput = 1.31215 Mbps
37784[UE 1 | RB 1] Throughput = 0.98205 Mbps
37884[UE 1 | RB 1] Throughput = 1.19663 Mbps
37984[UE 1 | RB 1] Throughput = 1.31472 Mbps
38094[UE 1 | RB 1] Throughput = 0.43591 Mbps
38204[UE 1 | RB 1] Throughput = 1.41462 Mbps
38314[UE 1 | RB 1] Throughput = 1.63451 Mbps
38414[UE 1 | RB 1] Throughput = 0.00000 Mbps
38514[UE 1 | RB 1] Throughput = 1.43769 Mbps
38624[UE 1 | RB 1] Throughput = 1.74129 Mbps
38734[UE 1 | RB 1] Throughput = 0.00000 Mbps
38844[UE 1 | RB 1] Throughput = 1.74557 Mbps
38944[UE 1 | RB 1] Throughput = 1.55334 Mbps
39054[UE 1 | RB 1] Throughput = 0.21870 Mbps
39164[UE 1 | RB 1] Throughput = 1.30503 Mbps
39264[UE 1 | RB 1] Throughput = 1.55534 Mbps
39374[UE 1 | RB 1] Throughput = 0.98158 Mbps
39484[UE 1 | RB 1] Throughput = 0.65381 Mbps
39594[UE 1 | RB 1] Throughput = 1.09085 Mbps
39694[UE 1 | RB 1] Throughput = 1.43298 Mbps
39804[UE 1 | RB 1] Throughput = 0.76514 Mbps
39904[UE 1 | RB 1] Throughput = 1.19601 Mbps
40004[UE 1 | RB 1] Throughput = 1.43716 Mbps
40114[UE 1 | RB 1] Throughput = 0.32662 Mbps
40214[UE 1 | RB 1] Throughput = 1.91587 Mbps
40324[UE 1 | RB 1] Throughput = 0.00000 Mbps
40424[UE 1 | RB 1] Throughput = 2.27189 Mbps
40534[UE 1 | RB 1] Throughput = 0.00000 Mbps
40644[UE 1 | RB 1] Throughput = 1.85187 Mbps
40744[UE 1 | RB 1] Throughput = 1.43699 Mbps
40844[UE 1 | RB 1] Throughput = 0.00000 Mbps
40955[UE 1 | RB 1] Throughput = 1.74192 Mbps
41064[UE 1 | RB 1] Throughput = 1.09019 Mbps
41165[UE 1 | RB 1] Throughput = 0.95812 Mbps
41274[UE 1 | RB 1] Throughput = 0.98295 Mbps
41375[UE 1 | RB 1] Throughput = 1.07595 Mbps
41484[UE 1 | RB 1] Throughput = 1.09055 Mbps
41584[UE 1 | RB 1] Throughput = 1.31758 Mbps
41685[UE 1 | RB 1] Throughput = 0.83662 Mbps
41794[UE 1 | RB 1] Throughput = 1.20287 Mbps
41904[UE 1 | RB 1] Throughput = 1.19875 Mbps
42005[UE 1 | RB 1] Throughput = 0.83555 Mbps
42115[UE 1 | RB 1] Throughput = 0.87259 Mbps
42215[UE 1 | RB 1] Throughput = 0.83875 Mbps
42325[UE 1 | RB 1] Throughput = 1.19884 Mbps
42425[UE 1 | RB 1] Throughput = 1.07811 Mbps
42535[UE 1 | RB 1] Throughput = 1.19769 Mbps
42645[UE 1 | RB 1] Throughput = 1.63490 Mbps
42745[UE 1 | RB 1] Throughput = 0.00000 Mbps
42855[UE 1 | RB 1] Throughput = 1.19803 Mbps
42964[UE 1 | RB 1] Throughput = 1.42028 Mbps
43065[UE 1 | RB 1] Throughput = 1.43547 Mbps
43174[UE 1 | RB 1] Throughput = 0.10948 Mbps
43274[UE 1 | RB 1] Throughput = 1.55475 Mbps
43384[UE 1 | RB 1] Throughput = 1.19804 Mbps
43485[UE 1 | RB 1] Throughput = 1.19207 Mbps
43595[UE 1 | RB 1] Throughput = 0.00000 Mbps
43695[UE 1 | RB 1] Throughput = 2.03653 Mbps
43795[UE 1 | RB 1] Throughput = 1.55783 Mbps
43904[UE 1 | RB 1] Throughput = 0.98204 Mbps
44004[UE 1 | RB 1] Throughput = 0.47922 Mbps
44115[UE 1 | RB 1] Throughput = 1.63170 Mbps
44215[UE 1 | RB 1] Throughput = 0.00000 Mbps
44324[UE 1 | RB 1] Throughput = 1.64215 Mbps
44425[UE 1 | RB 1] Throughput = 1.55160 Mbps
44534[UE 1 | RB 1] Throughput = 0.98330 Mbps
44645[UE 1 | RB 1] Throughput = 0.43459 Mbps
44755[UE 1 | RB 1] Throughput = 1.63363 Mbps
44855[UE 1 | RB 1] Throughput = 0.71687 Mbps
44965[UE 1 | RB 1] Throughput = 0.98329 Mbps
45065[UE 1 | RB 1] Throughput = 1.43653 Mbps
45175[UE 1 | RB 1] Throughput = 1.20053 Mbps
45275[UE 1 | RB 1] Throughput = 0.95685 Mbps
45384[UE 1 | RB 1] Throughput = 1.09149 Mbps
45485[UE 1 | RB 1] Throughput = 1.07746 Mbps
45595[UE 1 | RB 1] Throughput = 1.08858 Mbps
45695[UE 1 | RB 1] Throughput = 1.07612 Mbps
45804[UE 1 | RB 1] Throughput = 1.09382 Mbps
45915[UE 1 | RB 1] Throughput = 0.97936 Mbps
46025[UE 1 | RB 1] Throughput = 0.87215 Mbps
46125[UE 1 | RB 1] Throughput = 1.19756 Mbps
46235[UE 1 | RB 1] Throughput = 1.08775 Mbps
46345[UE 1 | RB 1] Throughput = 1.41703 Mbps
46455[UE 1 | RB 1] Throughput = 0.00000 Mbps
46565[UE 1 | RB 1] Throughput = 1.52703 Mbps
46665[UE 1 | RB 1] Throughput = 1.43524 Mbps
46775[UE 1 | RB 1] Throughput = 1.30725 Mbps
46885[UE 1 | RB 1] Throughput = 0.65548 Mbps
46985[UE 1 | RB 1] Throughput = 0.83766 Mbps
47085[UE 1 | RB 1] Throughput = 1.31642 Mbps
47185[UE 1 | RB 1] Throughput = 1.07418 Mbps
47295[UE 1 | RB 1] Throughput = 1.09399 Mbps
47404[UE 1 | RB 1] Throughput = 0.76498 Mbps
47505[UE 1 | RB 1] Throughput = 1.43653 Mbps
47615[UE 1 | RB 1] Throughput = 0.76079 Mbps
47724[UE 1 | RB 1] Throughput = 1.20218 Mbps
47825[UE 1 | RB 1] Throughput = 1.43570 Mbps
47925[UE 1 | RB 1] Throughput = 1.07836 Mbps
48025[UE 1 | RB 1] Throughput = 0.95842 Mbps
48125[UE 1 | RB 1] Throughput = 0.71826 Mbps
48235[UE 1 | RB 1] Throughput = 1.41674 Mbps
48345[UE 1 | RB 1] Throughput = 1.30783 Mbps
48445[UE 1 | RB 1] Throughput = 0.47904 Mbps
48555[UE 1 | RB 1] Throughput = 1.20060 Mbps
48665[UE 1 | RB 1] Throughput = 0.98006 Mbps
48765[UE 1 | RB 1] Throughput = 1.31286 Mbps
48875[UE 1 | RB 1] Throughput = 0.65603 Mbps
48975[UE 1 | RB 1] Throughput = 1.43155 Mbps
49075[UE 1 | RB 1] Throughput = 0.83832 Mbps
49185[UE 1 | RB 1] Throughput = 1.20460 Mbps
49285[UE 1 | RB 1] Throughput = 0.83759 Mbps
49385[UE 1 | RB 1] Throughput = 1.43663 Mbps
49495[UE 1 | RB 1] Throughput = 1.09092 Mbps
49595[UE 1 | RB 1] Throughput = 0.95686 Mbps
49695[UE 1 | RB 1] Throughput = 0.95854 Mbps
49805[UE 1 | RB 1] Throughput = 1.19869 Mbps
49915[UE 1 | RB 1] Throughput = 1.30779 Mbps
50016[UE 1 | RB 1] Throughput = 1.18819 Mbps
50125[UE 1 | RB 1] Throughput = 0.98767 Mbps
50235[UE 1 | RB 1] Throughput = 0.43539 Mbps
50344[UE 1 | RB 1] Throughput = 1.42294 Mbps
50445[UE 1 | RB 1] Throughput = 0.95495 Mbps
50555[UE 1 | RB 1] Throughput = 1.20068 Mbps
50655[UE 1 | RB 1] Throughput = 1.07614 Mbps
50765[UE 1 | RB 1] Throughput = 1.09295 Mbps
50865[UE 1 | RB 1] Throughput = 0.71844 Mbps
50965[UE 1 | RB 1] Throughput = 1.55472 Mbps
51065[UE 1 | RB 1] Throughput = 0.83855 Mbps
51175[UE 1 | RB 1] Throughput = 0.98069 Mbps
51275[UE 1 | RB 1] Throughput = 1.31821 Mbps
51375[UE 1 | RB 1] Throughput = 0.83854 Mbps
51485[UE 1 | RB 1] Throughput = 1.09056 Mbps
51585[UE 1 | RB 1] Throughput = 1.19830 Mbps
51695[UE 1 | RB 1] Throughput = 0.98286 Mbps
51795[UE 1 | RB 1] Throughput = 1.07581 Mbps
51904[UE 1 | RB 1] Throughput = 1.09256 Mbps
52005[UE 1 | RB 1] Throughput = 0.95585 Mbps
52105[UE 1 | RB 1] Throughput = 1.43768 Mbps
52205[UE 1 | RB 1] Throughput = 0.83521 Mbps
52315[UE 1 | RB 1] Throughput = 0.87416 Mbps
52415[UE 1 | RB 1] Throughput = 1.07587 Mbps
52515[UE 1 | RB 1] Throughput = 0.95735 Mbps
52625[UE 1 | RB 1] Throughput = 1.31065 Mbps
52735[UE 1 | RB 1] Throughput = 1.19758 Mbps
52835[UE 1 | RB 1] Throughput = 0.95802 Mbps
52945[UE 1 | RB 1] Throughput = 1.31252 Mbps
53055[UE 1 | RB 1] Throughput = 0.76177 Mbps
53155[UE 1 | RB 1] Throughput = 1.07568 Mbps
53265[UE 1 | RB 1] Throughput = 0.98228 Mbps
53375[UE 1 | RB 1] Throughput = 0.98103 Mbps
53475[UE 1 | RB 1] Throughput = 1.31481 Mbps
53585[UE 1 | RB 1] Throughput = 1.20265 Mbps
53685[UE 1 | RB 1] Throughput = 1.07831 Mbps
53785[UE 1 | RB 1] Throughput = 0.95409 Mbps
53895[UE 1 | RB 1] Throughput = 1.09279 Mbps
54005[UE 1 | RB 1] Throughput = 1.19271 Mbps
54105[UE 1 | RB 1] Throughput = 1.31737 Mbps
54215[UE 1 | RB 1] Throughput = 0.98546 Mbps
54315[UE 1 | RB 1] Throughput = 1.19792 Mbps
54425[UE 1 | RB 1] Throughput = 0.87183 Mbps
54525[UE 1 | RB 1] Throughput = 0.47712 Mbps
54635[UE 1 | RB 1] Throughput = 1.42254 Mbps
54745[UE 1 | RB 1] Throughput = 1.41894 Mbps
54845[UE 1 | RB 1] Throughput = 0.00000 Mbps
54955[UE 1 | RB 1] Throughput = 1.63292 Mbps
55066[UE 1 | RB 1] Throughput = 0.00000 Mbps
55175[UE 1 | RB 1] Throughput = 1.96491 Mbps
55275[UE 1 | RB 1] Throughput = 1.67707 Mbps
55385[UE 1 | RB 1] Throughput = 0.00000 Mbps
55495[UE 1 | RB 1] Throughput = 1.96755 Mbps
55595[UE 1 | RB 1] Throughput = 0.59637 Mbps
55705[UE 1 | RB 1] Throughput = 1.08908 Mbps
55815[UE 1 | RB 1] Throughput = 0.98227 Mbps
55925[UE 1 | RB 1] Throughput = 1.41549 Mbps
56035[UE 1 | RB 1] Throughput = 1.19999 Mbps
56135[UE 1 | RB 1] Throughput = 1.07724 Mbps
56235[UE 1 | RB 1] Throughput = 1.07827 Mbps
56335[UE 1 | RB 1] Throughput = 1.19535 Mbps
56445[UE 1 | RB 1] Throughput = 0.87474 Mbps
56545[UE 1 | RB 1] Throughput = 0.95775 Mbps
56655[UE 1 | RB 1] Throughput = 1.08976 Mbps
56755[UE 1 | RB 1] Throughput = 1.07826 Mbps
56865[UE 1 | RB 1] Throughput = 1.20208 Mbps
56965[UE 1 | RB 1] Throughput = 1.07671 Mbps
57075[UE 1 | RB 1] Throughput = 1.08827 Mbps
57175[UE 1 | RB 1] Throughput = 0.95521 Mbps
57276[UE 1 | RB 1] Throughput = 0.83660 Mbps
57385[UE 1 | RB 1] Throughput = 1.31435 Mbps
57495[UE 1 | RB 1] Throughput = 0.97953 Mbps
57605[UE 1 | RB 1] Throughput = 0.98114 Mbps
57705[UE 1 | RB 1] Throughput = 1.31578 Mbps
57805[UE 1 | RB 1] Throughput = 0.95835 Mbps
57916[UE 1 | RB 1] Throughput = 1.08853 Mbps
58025[UE 1 | RB 1] Throughput = 0.98503 Mbps
58126[UE 1 | RB 1] Throughput = 1.30962 Mbps
58235[UE 1 | RB 1] Throughput = 0.87537 Mbps
58346[UE 1 | RB 1] Throughput = 1.19407 Mbps
58455[UE 1 | RB 1] Throughput = 0.98215 Mbps
58556[UE 1 | RB 1] Throughput = 1.07612 Mbps
58666[UE 1 | RB 1] Throughput = 0.98063 Mbps
58775[UE 1 | RB 1] Throughput = 1.09694 Mbps
58875[UE 1 | RB 1] Throughput = 0.83557 Mbps
58975[UE 1 | RB 1] Throughput = 1.19701 Mbps
59086[UE 1 | RB 1] Throughput = 1.19540 Mbps
59196[UE 1 | RB 1] Throughput = 1.19984 Mbps
59306[UE 1 | RB 1] Throughput = 0.98053 Mbps
59406[UE 1 | RB 1] Throughput = 1.07739 Mbps
59515[UE 1 | RB 1] Throughput = 0.98247 Mbps
59626[UE 1 | RB 1] Throughput = 1.30394 Mbps
59735[UE 1 | RB 1] Throughput = 0.76417 Mbps
59845[UE 1 | RB 1] Throughput = 0.98138 Mbps
59955[UE 1 | RB 1] Throughput = 0.87110 Mbps
60056[UE 1 | RB 1] Throughput = 1.43697 Mbps
60165[UE 1 | RB 1] Throughput = 1.08970 Mbps
60276[UE 1 | RB 1] Throughput = 1.08811 Mbps
60385[UE 1 | RB 1] Throughput = 1.20227 Mbps
60486[UE 1 | RB 1] Throughput = 1.07554 Mbps
60595[UE 1 | RB 1] Throughput = 0.98196 Mbps
60695[UE 1 | RB 1] Throughput = 0.83829 Mbps
60805[UE 1 | RB 1] Throughput = 1.52499 Mbps
60915[UE 1 | RB 1] Throughput = 0.65452 Mbps
61015[UE 1 | RB 1] Throughput = 1.19701 Mbps
61125[UE 1 | RB 1] Throughput = 1.08895 Mbps
61225[UE 1 | RB 1] Throughput = 1.19834 Mbps
61326[UE 1 | RB 1] Throughput = 0.83701 Mbps
61435[UE 1 | RB 1] Throughput = 1.31040 Mbps
61545[UE 1 | RB 1] Throughput = 0.98066 Mbps
61655[UE 1 | RB 1] Throughput = 0.98200 Mbps
61765[UE 1 | RB 1] Throughput = 1.08781 Mbps
61865[UE 1 | RB 1] Throughput = 1.43753 Mbps
61966[UE 1 | RB 1] Throughput = 0.71854 Mbps
62075[UE 1 | RB 1] Throughput = 1.30911 Mbps
62175[UE 1 | RB 1] Throughput = 0.11984 Mbps
62275[UE 1 | RB 1] Throughput = 1.79760 Mbps
62376[UE 1 | RB 1] Throughput = 1.07646 Mbps
62486[UE 1 | RB 1] Throughput = 0.54390 Mbps
62595[UE 1 | RB 1] Throughput = 1.31533 Mbps
62696[UE 1 | RB 1] Throughput = 1.55076 Mbps
62806[UE 1 | RB 1] Throughput = 1.19786 Mbps
62916[UE 1 | RB 1] Throughput = 0.00000 Mbps
63026[UE 1 | RB 1] Throughput = 1.96111 Mbps
63126[UE 1 | RB 1] Throughput = 0.95693 Mbps
63236[UE 1 | RB 1] Throughput = 1.20031 Mbps
63336[UE 1 | RB 1] Throughput = 0.59836 Mbps
63446[UE 1 | RB 1] Throughput = 1.08944 Mbps
63546[UE 1 | RB 1] Throughput = 1.19809 Mbps
63656[UE 1 | RB 1] Throughput = 1.08982 Mbps
63756[UE 1 | RB 1] Throughput = 0.83835 Mbps
63866[UE 1 | RB 1] Throughput = 1.30775 Mbps
63966[UE 1 | RB 1] Throughput = 1.07824 Mbps
64066[UE 1 | RB 1] Throughput = 1.07725 Mbps
64176[UE 1 | RB 1] Throughput = 1.20265 Mbps
64286[UE 1 | RB 1] Throughput = 0.87125 Mbps
64386[UE 1 | RB 1] Throughput = 1.07449 Mbps
64496[UE 1 | RB 1] Throughput = 1.20253 Mbps
64606[UE 1 | RB 1] Throughput = 0.97931 Mbps
64716[UE 1 | RB 1] Throughput = 1.19987 Mbps
64826[UE 1 | RB 1] Throughput = 0.65275 Mbps
64936[UE 1 | RB 1] Throughput = 1.30864 Mbps
65045[UE 1 | RB 1] Throughput = 0.87464 Mbps
65145[UE 1 | RB 1] Throughput = 1.31812 Mbps
65246[UE 1 | RB 1] Throughput = 0.71585 Mbps
65346[UE 1 | RB 1] Throughput = 1.31637 Mbps
65456[UE 1 | RB 1] Throughput = 1.19973 Mbps
65566[UE 1 | RB 1] Throughput = 1.09052 Mbps
65676[UE 1 | RB 1] Throughput = 1.09019 Mbps
65776[UE 1 | RB 1] Throughput = 0.95707 Mbps
65886[UE 1 | RB 1] Throughput = 0.98021 Mbps
65986[UE 1 | RB 1] Throughput = 0.95638 Mbps
66095[UE 1 | RB 1] Throughput = 1.20519 Mbps
66196[UE 1 | RB 1] Throughput = 0.95625 Mbps
66306[UE 1 | RB 1] Throughput = 1.19820 Mbps
66406[UE 1 | RB 1] Throughput = 1.07491 Mbps
66506[UE 1 | RB 1] Throughput = 1.31808 Mbps
66606[UE 1 | RB 1] Throughput = 0.71640 Mbps
66716[UE 1 | RB 1] Throughput = 1.09588 Mbps
66826[UE 1 | RB 1] Throughput = 1.19940 Mbps
66926[UE 1 | RB 1] Throughput = 1.19577 Mbps
67036[UE 1 | RB 1] Throughput = 0.54617 Mbps
67136[UE 1 | RB 1] Throughput = 1.31682 Mbps
67236[UE 1 | RB 1] Throughput = 1.31733 Mbps
67345[UE 1 | RB 1] Throughput = 0.87386 Mbps
67446[UE 1 | RB 1] Throughput = 1.07697 Mbps
67546[UE 1 | RB 1] Throughput = 1.07591 Mbps
67646[UE 1 | RB 1] Throughput = 1.07648 Mbps
67755[UE 1 | RB 1] Throughput = 1.09670 Mbps
67856[UE 1 | RB 1] Throughput = 1.07294 Mbps
67966[UE 1 | RB 1] Throughput = 1.08975 Mbps
68076[UE 1 | RB 1] Throughput = 1.41837 Mbps
68186[UE 1 | RB 1] Throughput = 0.97931 Mbps
68286[UE 1 | RB 1] Throughput = 0.23917 Mbps
68396[UE 1 | RB 1] Throughput = 1.31093 Mbps
68496[UE 1 | RB 1] Throughput = 1.67746 Mbps
68596[UE 1 | RB 1] Throughput = 0.00000 Mbps
68696[UE 1 | RB 1] Throughput = 1.55660 Mbps
68806[UE 1 | RB 1] Throughput = 1.63142 Mbps
68906[UE 1 | RB 1] Throughput = 0.00000 Mbps
69016[UE 1 | RB 1] Throughput = 1.75131 Mbps
69126[UE 1 | RB 1] Throughput = 1.41621 Mbps
69226[UE 1 | RB 1] Throughput = 0.23948 Mbps
69326[UE 1 | RB 1] Throughput = 1.55493 Mbps
69436[UE 1 | RB 1] Throughput = 1.42051 Mbps
69536[UE 1 | RB 1] Throughput = 0.00000 Mbps
69646[UE 1 | RB 1] Throughput = 1.53248 Mbps
69746[UE 1 | RB 1] Throughput = 1.67169 Mbps
69856[UE 1 | RB 1] Throughput = 0.00000 Mbps
69966[UE 1 | RB 1] Throughput = 1.52840 Mbps
70066[UE 1 | RB 1] Throughput = 1.67023 Mbps
70176[UE 1 | RB 1] Throughput = 0.00000 Mbps
70286[UE 1 | RB 1] Throughput = 1.41916 Mbps
70386[UE 1 | RB 1] Throughput = 1.67239 Mbps
70496[UE 1 | RB 1] Throughput = 0.98206 Mbps
70606[UE 1 | RB 1] Throughput = 1.08700 Mbps
70706[UE 1 | RB 1] Throughput = 1.07739 Mbps
70816[UE 1 | RB 1] Throughput = 0.87416 Mbps
70916[UE 1 | RB 1] Throughput = 1.07671 Mbps
71026[UE 1 | RB 1] Throughput = 1.19759 Mbps
71127[UE 1 | RB 1] Throughput = 1.19176 Mbps
71236[UE 1 | RB 1] Throughput = 0.76650 Mbps
71346[UE 1 | RB 1] Throughput = 1.19823 Mbps
71456[UE 1 | RB 1] Throughput = 1.09120 Mbps
71566[UE 1 | RB 1] Throughput = 1.08625 Mbps
71676[UE 1 | RB 1] Throughput = 0.65647 Mbps
71776[UE 1 | RB 1] Throughput = 1.43364 Mbps
71876[UE 1 | RB 1] Throughput = 0.95870 Mbps
71986[UE 1 | RB 1] Throughput = 0.97973 Mbps
72096[UE 1 | RB 1] Throughput = 1.20344 Mbps
72206[UE 1 | RB 1] Throughput = 0.97749 Mbps
72316[UE 1 | RB 1] Throughput = 1.30735 Mbps
72427[UE 1 | RB 1] Throughput = 0.97640 Mbps
72536[UE 1 | RB 1] Throughput = 0.65538 Mbps
72646[UE 1 | RB 1] Throughput = 1.20224 Mbps
72746[UE 1 | RB 1] Throughput = 1.55348 Mbps
72856[UE 1 | RB 1] Throughput = 1.20172 Mbps
72956[UE 1 | RB 1] Throughput = 0.95729 Mbps
73066[UE 1 | RB 1] Throughput = 0.87076 Mbps
73166[UE 1 | RB 1] Throughput = 1.19771 Mbps
73276[UE 1 | RB 1] Throughput = 1.31218 Mbps
73386[UE 1 | RB 1] Throughput = 0.32610 Mbps
73486[UE 1 | RB 1] Throughput = 0.95850 Mbps
73587[UE 1 | RB 1] Throughput = 1.07496 Mbps
73696[UE 1 | RB 1] Throughput = 0.00000 Mbps
73796[UE 1 | RB 1] Throughput = 2.74969 Mbps
73896[UE 1 | RB 1] Throughput = 0.00000 Mbps
74006[UE 1 | RB 1] Throughput = 1.85135 Mbps
74107[UE 1 | RB 1] Throughput = 1.43354 Mbps
74207[UE 1 | RB 1] Throughput = 0.00000 Mbps
74317[UE 1 | RB 1] Throughput = 1.74145 Mbps
74427[UE 1 | RB 1] Throughput = 1.41713 Mbps
74536[UE 1 | RB 1] Throughput = 0.43803 Mbps
74636[UE 1 | RB 1] Throughput = 1.67545 Mbps
74746[UE 1 | RB 1] Throughput = 1.41477 Mbps
74847[UE 1 | RB 1] Throughput = 0.11952 Mbps
74947[UE 1 | RB 1] Throughput = 1.43680 Mbps
75056[UE 1 | RB 1] Throughput = 1.31351 Mbps
75156[UE 1 | RB 1] Throughput = 1.07837 Mbps
75256[UE 1 | RB 1] Throughput = 0.47831 Mbps
75356[UE 1 | RB 1] Throughput = 1.55748 Mbps
75466[UE 1 | RB 1] Throughput = 1.20087 Mbps
75566[UE 1 | RB 1] Throughput = 1.07796 Mbps
75666[UE 1 | RB 1] Throughput = 1.07812 Mbps
75766[UE 1 | RB 1] Throughput = 0.95767 Mbps
75876[UE 1 | RB 1] Throughput = 0.98289 Mbps
75986[UE 1 | RB 1] Throughput = 1.08827 Mbps
76087[UE 1 | RB 1] Throughput = 0.71682 Mbps
76197[UE 1 | RB 1] Throughput = 1.30749 Mbps
76306[UE 1 | RB 1] Throughput = 1.31184 Mbps
76416[UE 1 | RB 1] Throughput = 0.87283 Mbps
76516[UE 1 | RB 1] Throughput = 0.83689 Mbps
76617[UE 1 | RB 1] Throughput = 1.07485 Mbps
76717[UE 1 | RB 1] Throughput = 1.43618 Mbps
76826[UE 1 | RB 1] Throughput = 1.09369 Mbps
76936[UE 1 | RB 1] Throughput = 0.87065 Mbps
77036[UE 1 | RB 1] Throughput = 0.83868 Mbps
77146[UE 1 | RB 1] Throughput = 1.41971 Mbps
77246[UE 1 | RB 1] Throughput = 0.95700 Mbps
77356[UE 1 | RB 1] Throughput = 0.97949 Mbps
77457[UE 1 | RB 1] Throughput = 1.07763 Mbps
77566[UE 1 | RB 1] Throughput = 1.19986 Mbps
77677[UE 1 | RB 1] Throughput = 1.41508 Mbps
77786[UE 1 | RB 1] Throughput = 0.00000 Mbps
77886[UE 1 | RB 1] Throughput = 1.79735 Mbps
77996[UE 1 | RB 1] Throughput = 1.52519 Mbps
78106[UE 1 | RB 1] Throughput = 0.00000 Mbps
78216[UE 1 | RB 1] Throughput = 1.41544 Mbps
78316[UE 1 | RB 1] Throughput = 1.55568 Mbps
78416[UE 1 | RB 1] Throughput = 0.00000 Mbps
78526[UE 1 | RB 1] Throughput = 1.52977 Mbps
78626[UE 1 | RB 1] Throughput = 1.43664 Mbps
78726[UE 1 | RB 1] Throughput = 0.00000 Mbps
78826[UE 1 | RB 1] Throughput = 2.27566 Mbps
78926[UE 1 | RB 1] Throughput = 0.00000 Mbps
79036[UE 1 | RB 1] Throughput = 2.29006 Mbps
79137[UE 1 | RB 1] Throughput = 0.00000 Mbps
79246[UE 1 | RB 1] Throughput = 2.07339 Mbps
79357[UE 1 | RB 1] Throughput = 0.00000 Mbps
79467[UE 1 | RB 1] Throughput = 1.52619 Mbps
79576[UE 1 | RB 1] Throughput = 1.74625 Mbps
79686[UE 1 | RB 1] Throughput = 0.00000 Mbps
79787[UE 1 | RB 1] Throughput = 1.67597 Mbps
79887[UE 1 | RB 1] Throughput = 1.43667 Mbps
79996[UE 1 | RB 1] Throughput = 0.00000 Mbps
80097[UE 1 | RB 1] Throughput = 1.79367 Mbps
80206[UE 1 | RB 1] Throughput = 1.41788 Mbps
80307[UE 1 | RB 1] Throughput = 0.00000 Mbps
80416[UE 1 | RB 1] Throughput = 1.63820 Mbps
80516[UE 1 | RB 1] Throughput = 1.55571 Mbps
80617[UE 1 | RB 1] Throughput = 0.23946 Mbps
80726[UE 1 | RB 1] Throughput = 1.52794 Mbps
80827[UE 1 | RB 1] Throughput = 1.07544 Mbps
80937[UE 1 | RB 1] Throughput = 1.08890 Mbps
81046[UE 1 | RB 1] Throughput = 1.20160 Mbps
81147[UE 1 | RB 1] Throughput = 1.07450 Mbps
81247[UE 1 | RB 1] Throughput = 0.83525 Mbps
81357[UE 1 | RB 1] Throughput = 1.20293 Mbps
81467[UE 1 | RB 1] Throughput = 1.31074 Mbps
81567[UE 1 | RB 1] Throughput = 0.71763 Mbps
81676[UE 1 | RB 1] Throughput = 0.76449 Mbps
81777[UE 1 | RB 1] Throughput = 1.67334 Mbps
81877[UE 1 | RB 1] Throughput = 0.00000 Mbps
81987[UE 1 | RB 1] Throughput = 1.41820 Mbps
82096[UE 1 | RB 1] Throughput = 1.52878 Mbps
82197[UE 1 | RB 1] Throughput = 1.07446 Mbps
82307[UE 1 | RB 1] Throughput = 0.87426 Mbps
82407[UE 1 | RB 1] Throughput = 1.55208 Mbps
82517[UE 1 | RB 1] Throughput = 0.98281 Mbps
82627[UE 1 | RB 1] Throughput = 0.32648 Mbps
82736[UE 1 | RB 1] Throughput = 1.42149 Mbps
82837[UE 1 | RB 1] Throughput = 1.55300 Mbps
82947[UE 1 | RB 1] Throughput = 0.00000 Mbps
83057[UE 1 | RB 1] Throughput = 1.63448 Mbps
83166[UE 1 | RB 1] Throughput = 1.63446 Mbps
83277[UE 1 | RB 1] Throughput = 0.00000 Mbps
83377[UE 1 | RB 1] Throughput = 1.79133 Mbps
83487[UE 1 | RB 1] Throughput = 0.00000 Mbps
83587[UE 1 | RB 1] Throughput = 2.26428 Mbps
83697[UE 1 | RB 1] Throughput = 0.00000 Mbps
83807[UE 1 | RB 1] Throughput = 2.29778 Mbps
83907[UE 1 | RB 1] Throughput = 0.00000 Mbps
84017[UE 1 | RB 1] Throughput = 1.95829 Mbps
84127[UE 1 | RB 1] Throughput = 1.41873 Mbps
84227[UE 1 | RB 1] Throughput = 0.11956 Mbps
84337[UE 1 | RB 1] Throughput = 1.30807 Mbps
84447[UE 1 | RB 1] Throughput = 1.30642 Mbps
84557[UE 1 | RB 1] Throughput = 1.20404 Mbps
84657[UE 1 | RB 1] Throughput = 0.83650 Mbps
84757[UE 1 | RB 1] Throughput = 1.43299 Mbps
84867[UE 1 | RB 1] Throughput = 0.97856 Mbps
84977[UE 1 | RB 1] Throughput = 1.09438 Mbps
85087[UE 1 | RB 1] Throughput = 1.09330 Mbps
85187[UE 1 | RB 1] Throughput = 1.07548 Mbps
85287[UE 1 | RB 1] Throughput = 1.07679 Mbps
85397[UE 1 | RB 1] Throughput = 0.76457 Mbps
85506[UE 1 | RB 1] Throughput = 0.98372 Mbps
85607[UE 1 | RB 1] Throughput = 1.19134 Mbps
85717[UE 1 | RB 1] Throughput = 1.09198 Mbps
85827[UE 1 | RB 1] Throughput = 1.30907 Mbps
85937[UE 1 | RB 1] Throughput = 1.08993 Mbps
86046[UE 1 | RB 1] Throughput = 0.98139 Mbps
86147[UE 1 | RB 1] Throughput = 1.07698 Mbps
86247[UE 1 | RB 1] Throughput = 1.19708 Mbps
86356[UE 1 | RB 1] Throughput = 0.65529 Mbps
86457[UE 1 | RB 1] Throughput = 0.95788 Mbps
86566[UE 1 | RB 1] Throughput = 1.30890 Mbps
86667[UE 1 | RB 1] Throughput = 1.07409 Mbps
86767[UE 1 | RB 1] Throughput = 1.19810 Mbps
86877[UE 1 | RB 1] Throughput = 0.98267 Mbps
86986[UE 1 | RB 1] Throughput = 0.98129 Mbps
87087[UE 1 | RB 1] Throughput = 0.95600 Mbps
87187[UE 1 | RB 1] Throughput = 1.31770 Mbps
87296[UE 1 | RB 1] Throughput = 0.87520 Mbps
87397[UE 1 | RB 1] Throughput = 1.07444 Mbps
87507[UE 1 | RB 1] Throughput = 1.30686 Mbps
87607[UE 1 | RB 1] Throughput = 0.83701 Mbps
87707[UE 1 | RB 1] Throughput = 1.07740 Mbps
87807[UE 1 | RB 1] Throughput = 1.31788 Mbps
87917[UE 1 | RB 1] Throughput = 1.09225 Mbps
88027[UE 1 | RB 1] Throughput = 0.86953 Mbps
88137[UE 1 | RB 1] Throughput = 0.98563 Mbps
88237[UE 1 | RB 1] Throughput = 1.31393 Mbps
88347[UE 1 | RB 1] Throughput = 0.97965 Mbps
88457[UE 1 | RB 1] Throughput = 0.98160 Mbps
88567[UE 1 | RB 1] Throughput = 1.30504 Mbps
88677[UE 1 | RB 1] Throughput = 0.97971 Mbps
88787[UE 1 | RB 1] Throughput = 0.87083 Mbps
88897[UE 1 | RB 1] Throughput = 1.30846 Mbps
89007[UE 1 | RB 1] Throughput = 0.87057 Mbps
89117[UE 1 | RB 1] Throughput = 1.09460 Mbps
89227[UE 1 | RB 1] Throughput = 1.19560 Mbps
89327[UE 1 | RB 1] Throughput = 1.31753 Mbps
89427[UE 1 | RB 1] Throughput = 0.95833 Mbps
89537[UE 1 | RB 1] Throughput = 0.98141 Mbps
89637[UE 1 | RB 1] Throughput = 1.07499 Mbps
89747[UE 1 | RB 1] Throughput = 1.09132 Mbps
89847[UE 1 | RB 1] Throughput = 0.83672 Mbps
89957[UE 1 | RB 1] Throughput = 0.98285 Mbps
[xApp]: E42 RIC_SUBSCRIPTION_DELETE_REQUEST tx RAN_FUNC_ID 144 RIC_REQ_ID 1 
[xApp]: E42 SUBSCRIPTION DELETE RESPONSE rx
[xApp]: E42 RIC_SUBSCRIPTION_DELETE_REQUEST tx RAN_FUNC_ID 144 RIC_REQ_ID 2 
[xApp]: E42 SUBSCRIPTION DELETE RESPONSE rx
[xApp]: E42 RIC_SUBSCRIPTION_DELETE_REQUEST tx RAN_FUNC_ID 144 RIC_REQ_ID 3 
[xApp]: E42 SUBSCRIPTION DELETE RESPONSE rx
[xApp]: E42 RIC_SUBSCRIPTION_DELETE_REQUEST tx RAN_FUNC_ID 144 RIC_REQ_ID 4 
[xApp]: E42 SUBSCRIPTION DELETE RESPONSE rx
[xApp]: Sucessfully stopped 
Test xApp run SUCCESSFULLY
