[UTIL]: Setting the config -c file to /usr/local/etc/flexric/flexric.conf
[UTIL]: Setting path -p for the shared libraries to /usr/local/lib/flexric/
[xAapp]: Initializing ... 
[xApp]: nearRT-RIC IP Address = 192.168.70.150, PORT = 36422
[E2 AGENT]: Opening plugin from path = /usr/local/lib/flexric/libkpm_sm.so 
[E2 AGENT]: Opening plugin from path = /usr/local/lib/flexric/libmac_sm.so 
[E2 AGENT]: Opening plugin from path = /usr/local/lib/flexric/libpdcp_sm.so 
[E2 AGENT]: Opening plugin from path = /usr/local/lib/flexric/libgtp_sm.so 
[E2 AGENT]: Opening plugin from path = /usr/local/lib/flexric/librc_sm.so 
[E2 AGENT]: Opening plugin from path = /usr/local/lib/flexric/libtc_sm.so 
[E2 AGENT]: Opening plugin from path = /usr/local/lib/flexric/librlc_sm.so 
[E2 AGENT]: Opening plugin from path = /usr/local/lib/flexric/libslice_sm.so 
[NEAR-RIC]: Loading SM ID = 2 with def = ORAN-E2SM-KPM 
[NEAR-RIC]: Loading SM ID = 142 with def = MAC_STATS_V0 
[NEAR-RIC]: Loading SM ID = 144 with def = PDCP_STATS_V0 
[NEAR-RIC]: Loading SM ID = 148 with def = GTP_STATS_V0 
[NEAR-RIC]: Loading SM ID = 3 with def = ORAN-E2SM-RC 
[NEAR-RIC]: Loading SM ID = 146 with def = TC_STATS_V0 
[NEAR-RIC]: Loading SM ID = 143 with def = RLC_STATS_V0 
[NEAR-RIC]: Loading SM ID = 145 with def = SLICE_STATS_V0 
[xApp]: DB filename = /tmp/flexric/xapp_db 
 [xApp]: E42 SETUP-REQUEST tx
[xApp]: E42 SETUP-RESPONSE rx 
[xApp]: xApp ID = 68 
[xApp]: Registered E2 Nodes = 4 
Connected E2 nodes = 4
[xAPP] Registered node 0 ran func id = 2 
 [xAPP] Registered node 0 ran func id = 3 
 [xAPP] Registered node 0 ran func id = 142 
 [xAPP] Registered node 0 ran func id = 143 
 [xAPP] Registered node 0 ran func id = 144 
 [xAPP] Registered node 0 ran func id = 145 
 [xAPP] Registered node 0 ran func id = 146 
 [xAPP] Registered node 0 ran func id = 148 
 [xApp]: E42 RIC SUBSCRIPTION REQUEST tx RAN_FUNC_ID 144 RIC_REQ_ID 1 
[xApp]: SUBSCRIPTION RESPONSE rx
[xApp]: Successfully subscribed to RAN_FUNC_ID 144 
[xAPP] Registered node 1 ran func id = 2 
 [xAPP] Registered node 1 ran func id = 3 
 [xAPP] Registered node 1 ran func id = 142 
 [xAPP] Registered node 1 ran func id = 143 
 [xAPP] Registered node 1 ran func id = 144 
 [xAPP] Registered node 1 ran func id = 145 
 [xAPP] Registered node 1 ran func id = 146 
 [xAPP] Registered node 1 ran func id = 148 
 [xApp]: E42 RIC SUBSCRIPTION REQUEST tx RAN_FUNC_ID 144 RIC_REQ_ID 2 
[xApp]: SUBSCRIPTION RESPONSE rx
[xApp]: Successfully subscribed to RAN_FUNC_ID 144 
[xAPP] Registered node 2 ran func id = 2 
 [xAPP] Registered node 2 ran func id = 3 
 [xAPP] Registered node 2 ran func id = 142 
 [xAPP] Registered node 2 ran func id = 143 
 [xAPP] Registered node 2 ran func id = 144 
 [xAPP] Registered node 2 ran func id = 145 
 [xAPP] Registered node 2 ran func id = 146 
 [xAPP] Registered node 2 ran func id = 148 
 [xApp]: E42 RIC SUBSCRIPTION REQUEST tx RAN_FUNC_ID 144 RIC_REQ_ID 3 
[xApp]: SUBSCRIPTION RESPONSE rx
[xApp]: Successfully subscribed to RAN_FUNC_ID 144 
[xAPP] Registered node 3 ran func id = 2 
 [xAPP] Registered node 3 ran func id = 3 
 [xAPP] Registered node 3 ran func id = 142 
 [xAPP] Registered node 3 ran func id = 143 
 [xAPP] Registered node 3 ran func id = 144 
 [xAPP] Registered node 3 ran func id = 145 
 [xAPP] Registered node 3 ran func id = 146 
 [xAPP] Registered node 3 ran func id = 148 
 [xApp]: E42 RIC SUBSCRIPTION REQUEST tx RAN_FUNC_ID 144 RIC_REQ_ID 4 
[xApp]: SUBSCRIPTION RESPONSE rx
[xApp]: Successfully subscribed to RAN_FUNC_ID 144 
113[UE 1 | RB 1] Throughput = 1.07539 Mbps
213[UE 1 | RB 1] Throughput = 0.95744 Mbps
313[UE 1 | RB 1] Throughput = 1.19744 Mbps
413[UE 1 | RB 1] Throughput = 0.00000 Mbps
514[UE 1 | RB 1] Throughput = 1.79065 Mbps
623[UE 1 | RB 1] Throughput = 1.20444 Mbps
723[UE 1 | RB 1] Throughput = 1.31795 Mbps
833[UE 1 | RB 1] Throughput = 0.65447 Mbps
933[UE 1 | RB 1] Throughput = 1.07382 Mbps
1043[UE 1 | RB 1] Throughput = 1.09318 Mbps
1143[UE 1 | RB 1] Throughput = 1.07722 Mbps
1253[UE 1 | RB 1] Throughput = 1.09021 Mbps
1353[UE 1 | RB 1] Throughput = 1.31501 Mbps
1463[UE 1 | RB 1] Throughput = 1.08843 Mbps
1573[UE 1 | RB 1] Throughput = 0.98203 Mbps
1673[UE 1 | RB 1] Throughput = 1.31815 Mbps
1773[UE 1 | RB 1] Throughput = 0.83811 Mbps
1883[UE 1 | RB 1] Throughput = 0.98057 Mbps
1983[UE 1 | RB 1] Throughput = 1.19708 Mbps
2093[UE 1 | RB 1] Throughput = 1.20355 Mbps
2193[UE 1 | RB 1] Throughput = 0.95827 Mbps
2293[UE 1 | RB 1] Throughput = 0.95566 Mbps
2403[UE 1 | RB 1] Throughput = 1.31116 Mbps
2503[UE 1 | RB 1] Throughput = 0.95872 Mbps
2603[UE 1 | RB 1] Throughput = 1.07810 Mbps
2703[UE 1 | RB 1] Throughput = 0.59882 Mbps
2803[UE 1 | RB 1] Throughput = 0.95727 Mbps
2913[UE 1 | RB 1] Throughput = 1.42042 Mbps
3013[UE 1 | RB 1] Throughput = 1.31493 Mbps
3113[UE 1 | RB 1] Throughput = 1.31644 Mbps
3224[UE 1 | RB 1] Throughput = 0.97435 Mbps
3333[UE 1 | RB 1] Throughput = 0.98859 Mbps
3433[UE 1 | RB 1] Throughput = 1.07813 Mbps
3533[UE 1 | RB 1] Throughput = 0.95726 Mbps
3643[UE 1 | RB 1] Throughput = 1.20102 Mbps
3743[UE 1 | RB 1] Throughput = 0.23946 Mbps
3853[UE 1 | RB 1] Throughput = 1.30857 Mbps
3963[UE 1 | RB 1] Throughput = 1.30833 Mbps
4063[UE 1 | RB 1] Throughput = 0.95643 Mbps
4163[UE 1 | RB 1] Throughput = 1.43788 Mbps
4263[UE 1 | RB 1] Throughput = 0.71890 Mbps
4364[UE 1 | RB 1] Throughput = 1.31414 Mbps
4473[UE 1 | RB 1] Throughput = 0.98276 Mbps
4583[UE 1 | RB 1] Throughput = 1.09114 Mbps
4684[UE 1 | RB 1] Throughput = 1.07316 Mbps
4793[UE 1 | RB 1] Throughput = 1.09594 Mbps
4893[UE 1 | RB 1] Throughput = 0.83484 Mbps
5003[UE 1 | RB 1] Throughput = 1.20127 Mbps
5103[UE 1 | RB 1] Throughput = 1.07587 Mbps
5213[UE 1 | RB 1] Throughput = 1.20098 Mbps
5323[UE 1 | RB 1] Throughput = 0.97962 Mbps
5424[UE 1 | RB 1] Throughput = 1.07658 Mbps
5533[UE 1 | RB 1] Throughput = 0.87381 Mbps
5634[UE 1 | RB 1] Throughput = 1.31330 Mbps
5743[UE 1 | RB 1] Throughput = 0.98213 Mbps
5853[UE 1 | RB 1] Throughput = 1.09034 Mbps
5963[UE 1 | RB 1] Throughput = 1.09013 Mbps
6063[UE 1 | RB 1] Throughput = 0.83870 Mbps
6173[UE 1 | RB 1] Throughput = 0.98282 Mbps
6274[UE 1 | RB 1] Throughput = 1.31065 Mbps
6383[UE 1 | RB 1] Throughput = 0.98343 Mbps
6484[UE 1 | RB 1] Throughput = 1.31376 Mbps
6594[UE 1 | RB 1] Throughput = 1.19852 Mbps
6703[UE 1 | RB 1] Throughput = 0.98647 Mbps
6804[UE 1 | RB 1] Throughput = 0.35736 Mbps
6913[UE 1 | RB 1] Throughput = 1.85458 Mbps
7013[UE 1 | RB 1] Throughput = 1.07760 Mbps
7123[UE 1 | RB 1] Throughput = 0.98566 Mbps
7224[UE 1 | RB 1] Throughput = 1.07137 Mbps
7334[UE 1 | RB 1] Throughput = 0.87123 Mbps
7443[UE 1 | RB 1] Throughput = 0.98350 Mbps
7544[UE 1 | RB 1] Throughput = 1.19373 Mbps
7654[UE 1 | RB 1] Throughput = 0.76381 Mbps
7754[UE 1 | RB 1] Throughput = 1.07820 Mbps
7854[UE 1 | RB 1] Throughput = 1.55700 Mbps
7954[UE 1 | RB 1] Throughput = 0.00000 Mbps
8063[UE 1 | RB 1] Throughput = 1.96484 Mbps
8173[UE 1 | RB 1] Throughput = 0.00000 Mbps
8273[UE 1 | RB 1] Throughput = 1.91262 Mbps
8384[UE 1 | RB 1] Throughput = 1.52081 Mbps
8484[UE 1 | RB 1] Throughput = 0.83765 Mbps
8593[UE 1 | RB 1] Throughput = 1.09272 Mbps
8703[UE 1 | RB 1] Throughput = 0.98165 Mbps
8804[UE 1 | RB 1] Throughput = 1.31418 Mbps
8914[UE 1 | RB 1] Throughput = 0.21808 Mbps
9014[UE 1 | RB 1] Throughput = 1.31821 Mbps
9123[UE 1 | RB 1] Throughput = 1.20238 Mbps
9223[UE 1 | RB 1] Throughput = 1.31819 Mbps
9323[UE 1 | RB 1] Throughput = 1.31536 Mbps
9433[UE 1 | RB 1] Throughput = 0.98029 Mbps
9534[UE 1 | RB 1] Throughput = 0.35914 Mbps
9644[UE 1 | RB 1] Throughput = 1.30782 Mbps
9744[UE 1 | RB 1] Throughput = 1.43712 Mbps
9854[UE 1 | RB 1] Throughput = 1.30807 Mbps
9964[UE 1 | RB 1] Throughput = 0.97829 Mbps
10073[UE 1 | RB 1] Throughput = 0.32795 Mbps
10174[UE 1 | RB 1] Throughput = 1.43244 Mbps
10284[UE 1 | RB 1] Throughput = 1.30883 Mbps
10394[UE 1 | RB 1] Throughput = 1.41754 Mbps
10494[UE 1 | RB 1] Throughput = 0.00000 Mbps
10594[UE 1 | RB 1] Throughput = 1.31632 Mbps
10704[UE 1 | RB 1] Throughput = 1.30901 Mbps
10813[UE 1 | RB 1] Throughput = 1.20503 Mbps
10914[UE 1 | RB 1] Throughput = 1.42760 Mbps
11024[UE 1 | RB 1] Throughput = 0.98255 Mbps
11134[UE 1 | RB 1] Throughput = 0.97913 Mbps
11234[UE 1 | RB 1] Throughput = 1.07595 Mbps
11344[UE 1 | RB 1] Throughput = 1.20133 Mbps
11444[UE 1 | RB 1] Throughput = 0.95780 Mbps
11554[UE 1 | RB 1] Throughput = 0.98020 Mbps
11654[UE 1 | RB 1] Throughput = 0.95740 Mbps
11763[UE 1 | RB 1] Throughput = 1.09572 Mbps
11864[UE 1 | RB 1] Throughput = 1.19551 Mbps
11964[UE 1 | RB 1] Throughput = 0.95869 Mbps
12064[UE 1 | RB 1] Throughput = 0.95855 Mbps
12173[UE 1 | RB 1] Throughput = 1.19893 Mbps
12274[UE 1 | RB 1] Throughput = 0.95548 Mbps
12384[UE 1 | RB 1] Throughput = 0.98062 Mbps
12484[UE 1 | RB 1] Throughput = 1.07722 Mbps
12594[UE 1 | RB 1] Throughput = 1.09051 Mbps
12704[UE 1 | RB 1] Throughput = 0.98238 Mbps
12804[UE 1 | RB 1] Throughput = 1.19544 Mbps
12904[UE 1 | RB 1] Throughput = 0.95666 Mbps
13014[UE 1 | RB 1] Throughput = 1.31273 Mbps
13124[UE 1 | RB 1] Throughput = 0.98137 Mbps
13224[UE 1 | RB 1] Throughput = 1.19684 Mbps
13324[UE 1 | RB 1] Throughput = 0.83789 Mbps
13424[UE 1 | RB 1] Throughput = 1.07480 Mbps
13534[UE 1 | RB 1] Throughput = 1.20143 Mbps
13634[UE 1 | RB 1] Throughput = 1.07684 Mbps
13744[UE 1 | RB 1] Throughput = 0.98110 Mbps
13854[UE 1 | RB 1] Throughput = 1.19896 Mbps
13964[UE 1 | RB 1] Throughput = 0.87312 Mbps
14064[UE 1 | RB 1] Throughput = 1.19552 Mbps
14174[UE 1 | RB 1] Throughput = 1.20003 Mbps
14274[UE 1 | RB 1] Throughput = 0.83877 Mbps
14374[UE 1 | RB 1] Throughput = 1.07732 Mbps
14484[UE 1 | RB 1] Throughput = 1.19804 Mbps
14584[UE 1 | RB 1] Throughput = 0.83765 Mbps
14694[UE 1 | RB 1] Throughput = 1.20166 Mbps
14794[UE 1 | RB 1] Throughput = 0.71831 Mbps
14904[UE 1 | RB 1] Throughput = 0.98134 Mbps
15004[UE 1 | RB 1] Throughput = 1.55775 Mbps
15114[UE 1 | RB 1] Throughput = 0.97821 Mbps
15224[UE 1 | RB 1] Throughput = 1.09269 Mbps
15324[UE 1 | RB 1] Throughput = 0.95666 Mbps
15424[UE 1 | RB 1] Throughput = 1.07721 Mbps
15534[UE 1 | RB 1] Throughput = 1.09056 Mbps
15634[UE 1 | RB 1] Throughput = 1.43673 Mbps
15744[UE 1 | RB 1] Throughput = 0.98063 Mbps
15854[UE 1 | RB 1] Throughput = 0.32644 Mbps
15964[UE 1 | RB 1] Throughput = 1.30818 Mbps
16074[UE 1 | RB 1] Throughput = 1.31016 Mbps
16174[UE 1 | RB 1] Throughput = 1.43766 Mbps
16284[UE 1 | RB 1] Throughput = 0.98411 Mbps
16384[UE 1 | RB 1] Throughput = 0.35878 Mbps
16484[UE 1 | RB 1] Throughput = 1.43084 Mbps
16593[UE 1 | RB 1] Throughput = 0.98756 Mbps
16694[UE 1 | RB 1] Throughput = 1.54554 Mbps
16804[UE 1 | RB 1] Throughput = 0.98220 Mbps
16914[UE 1 | RB 1] Throughput = 0.32718 Mbps
17014[UE 1 | RB 1] Throughput = 1.43601 Mbps
17124[UE 1 | RB 1] Throughput = 1.20080 Mbps
17234[UE 1 | RB 1] Throughput = 1.30830 Mbps
17334[UE 1 | RB 1] Throughput = 1.31541 Mbps
17444[UE 1 | RB 1] Throughput = 0.87091 Mbps
17554[UE 1 | RB 1] Throughput = 0.43687 Mbps
17654[UE 1 | RB 1] Throughput = 1.31312 Mbps
17764[UE 1 | RB 1] Throughput = 1.42095 Mbps
17864[UE 1 | RB 1] Throughput = 1.07562 Mbps
17974[UE 1 | RB 1] Throughput = 1.09204 Mbps
18074[UE 1 | RB 1] Throughput = 1.07830 Mbps
18184[UE 1 | RB 1] Throughput = 0.76362 Mbps
18284[UE 1 | RB 1] Throughput = 0.95645 Mbps
18394[UE 1 | RB 1] Throughput = 1.41611 Mbps
18504[UE 1 | RB 1] Throughput = 1.19799 Mbps
18614[UE 1 | RB 1] Throughput = 0.87204 Mbps
18724[UE 1 | RB 1] Throughput = 0.98316 Mbps
18824[UE 1 | RB 1] Throughput = 1.55314 Mbps
18934[UE 1 | RB 1] Throughput = 0.98297 Mbps
19034[UE 1 | RB 1] Throughput = 0.83689 Mbps
19134[UE 1 | RB 1] Throughput = 1.19835 Mbps
19234[UE 1 | RB 1] Throughput = 1.07739 Mbps
19344[UE 1 | RB 1] Throughput = 0.98066 Mbps
19454[UE 1 | RB 1] Throughput = 1.19947 Mbps
19554[UE 1 | RB 1] Throughput = 1.07649 Mbps
19654[UE 1 | RB 1] Throughput = 1.07661 Mbps
19764[UE 1 | RB 1] Throughput = 0.98396 Mbps
19874[UE 1 | RB 1] Throughput = 0.98029 Mbps
19974[UE 1 | RB 1] Throughput = 1.07620 Mbps
20084[UE 1 | RB 1] Throughput = 0.98234 Mbps
20184[UE 1 | RB 1] Throughput = 1.19840 Mbps
20284[UE 1 | RB 1] Throughput = 1.07728 Mbps
20384[UE 1 | RB 1] Throughput = 0.83877 Mbps
20484[UE 1 | RB 1] Throughput = 1.43499 Mbps
20594[UE 1 | RB 1] Throughput = 0.87310 Mbps
20694[UE 1 | RB 1] Throughput = 1.19840 Mbps
20804[UE 1 | RB 1] Throughput = 0.98005 Mbps
20904[UE 1 | RB 1] Throughput = 0.71791 Mbps
21014[UE 1 | RB 1] Throughput = 1.30681 Mbps
21124[UE 1 | RB 1] Throughput = 1.09016 Mbps
21234[UE 1 | RB 1] Throughput = 1.09263 Mbps
21334[UE 1 | RB 1] Throughput = 1.07746 Mbps
21434[UE 1 | RB 1] Throughput = 1.07712 Mbps
21534[UE 1 | RB 1] Throughput = 1.43728 Mbps
21634[UE 1 | RB 1] Throughput = 1.07791 Mbps
21744[UE 1 | RB 1] Throughput = 0.87555 Mbps
21844[UE 1 | RB 1] Throughput = 1.19684 Mbps
21945[UE 1 | RB 1] Throughput = 1.18900 Mbps
22054[UE 1 | RB 1] Throughput = 0.87720 Mbps
22154[UE 1 | RB 1] Throughput = 1.07599 Mbps
22264[UE 1 | RB 1] Throughput = 0.76244 Mbps
22365[UE 1 | RB 1] Throughput = 1.07580 Mbps
22474[UE 1 | RB 1] Throughput = 0.98402 Mbps
22574[UE 1 | RB 1] Throughput = 1.31619 Mbps
22684[UE 1 | RB 1] Throughput = 1.31312 Mbps
22784[UE 1 | RB 1] Throughput = 1.07367 Mbps
22894[UE 1 | RB 1] Throughput = 0.21797 Mbps
22994[UE 1 | RB 1] Throughput = 1.07736 Mbps
23094[UE 1 | RB 1] Throughput = 1.07790 Mbps
23204[UE 1 | RB 1] Throughput = 1.30863 Mbps
23314[UE 1 | RB 1] Throughput = 1.20018 Mbps
23425[UE 1 | RB 1] Throughput = 0.97693 Mbps
23534[UE 1 | RB 1] Throughput = 1.20158 Mbps
23644[UE 1 | RB 1] Throughput = 1.20019 Mbps
23745[UE 1 | RB 1] Throughput = 1.43235 Mbps
23854[UE 1 | RB 1] Throughput = 0.98458 Mbps
23955[UE 1 | RB 1] Throughput = 1.07343 Mbps
24064[UE 1 | RB 1] Throughput = 0.21861 Mbps
24164[UE 1 | RB 1] Throughput = 1.79514 Mbps
24274[UE 1 | RB 1] Throughput = 1.19936 Mbps
24374[UE 1 | RB 1] Throughput = 0.83865 Mbps
24474[UE 1 | RB 1] Throughput = 1.07778 Mbps
24574[UE 1 | RB 1] Throughput = 1.19751 Mbps
24675[UE 1 | RB 1] Throughput = 0.95650 Mbps
24785[UE 1 | RB 1] Throughput = 0.87179 Mbps
24885[UE 1 | RB 1] Throughput = 1.19711 Mbps
24994[UE 1 | RB 1] Throughput = 0.98523 Mbps
25095[UE 1 | RB 1] Throughput = 1.07425 Mbps
25195[UE 1 | RB 1] Throughput = 1.07834 Mbps
25304[UE 1 | RB 1] Throughput = 1.09210 Mbps
25414[UE 1 | RB 1] Throughput = 1.19666 Mbps
25515[UE 1 | RB 1] Throughput = 1.07687 Mbps
25624[UE 1 | RB 1] Throughput = 1.09300 Mbps
25724[UE 1 | RB 1] Throughput = 0.95846 Mbps
25835[UE 1 | RB 1] Throughput = 1.08714 Mbps
25935[UE 1 | RB 1] Throughput = 1.07827 Mbps
26044[UE 1 | RB 1] Throughput = 0.98330 Mbps
26154[UE 1 | RB 1] Throughput = 1.09077 Mbps
26255[UE 1 | RB 1] Throughput = 0.71431 Mbps
26364[UE 1 | RB 1] Throughput = 0.87582 Mbps
26464[UE 1 | RB 1] Throughput = 1.31782 Mbps
26565[UE 1 | RB 1] Throughput = 1.07585 Mbps
26674[UE 1 | RB 1] Throughput = 1.19915 Mbps
26775[UE 1 | RB 1] Throughput = 1.07487 Mbps
26884[UE 1 | RB 1] Throughput = 1.31384 Mbps
26995[UE 1 | RB 1] Throughput = 1.19430 Mbps
27104[UE 1 | RB 1] Throughput = 1.31305 Mbps
27204[UE 1 | RB 1] Throughput = 0.11970 Mbps
27305[UE 1 | RB 1] Throughput = 0.95601 Mbps
27415[UE 1 | RB 1] Throughput = 1.30807 Mbps
27515[UE 1 | RB 1] Throughput = 1.31715 Mbps
27615[UE 1 | RB 1] Throughput = 1.19564 Mbps
27725[UE 1 | RB 1] Throughput = 1.09174 Mbps
27835[UE 1 | RB 1] Throughput = 1.09037 Mbps
27935[UE 1 | RB 1] Throughput = 0.95846 Mbps
28044[UE 1 | RB 1] Throughput = 1.09159 Mbps
28145[UE 1 | RB 1] Throughput = 1.07606 Mbps
28254[UE 1 | RB 1] Throughput = 0.87231 Mbps
28364[UE 1 | RB 1] Throughput = 1.20398 Mbps
28465[UE 1 | RB 1] Throughput = 1.07230 Mbps
28575[UE 1 | RB 1] Throughput = 1.19672 Mbps
28684[UE 1 | RB 1] Throughput = 1.09346 Mbps
28794[UE 1 | RB 1] Throughput = 0.98133 Mbps
28895[UE 1 | RB 1] Throughput = 1.07334 Mbps
29004[UE 1 | RB 1] Throughput = 1.09135 Mbps
29105[UE 1 | RB 1] Throughput = 0.83716 Mbps
29215[UE 1 | RB 1] Throughput = 1.41409 Mbps
29325[UE 1 | RB 1] Throughput = 1.09274 Mbps
29425[UE 1 | RB 1] Throughput = 0.95563 Mbps
29535[UE 1 | RB 1] Throughput = 0.98293 Mbps
29635[UE 1 | RB 1] Throughput = 0.71867 Mbps
29735[UE 1 | RB 1] Throughput = 1.31595 Mbps
29844[UE 1 | RB 1] Throughput = 1.31146 Mbps
29945[UE 1 | RB 1] Throughput = 0.71776 Mbps
30055[UE 1 | RB 1] Throughput = 1.30697 Mbps
30164[UE 1 | RB 1] Throughput = 1.09166 Mbps
30265[UE 1 | RB 1] Throughput = 1.19320 Mbps
30375[UE 1 | RB 1] Throughput = 1.09104 Mbps
30485[UE 1 | RB 1] Throughput = 0.98012 Mbps
30595[UE 1 | RB 1] Throughput = 1.09038 Mbps
30705[UE 1 | RB 1] Throughput = 0.97953 Mbps
30805[UE 1 | RB 1] Throughput = 1.07747 Mbps
30914[UE 1 | RB 1] Throughput = 1.09371 Mbps
31015[UE 1 | RB 1] Throughput = 0.95418 Mbps
31125[UE 1 | RB 1] Throughput = 1.30799 Mbps
31225[UE 1 | RB 1] Throughput = 1.07644 Mbps
31335[UE 1 | RB 1] Throughput = 0.98203 Mbps
31435[UE 1 | RB 1] Throughput = 1.19763 Mbps
31545[UE 1 | RB 1] Throughput = 0.87470 Mbps
31645[UE 1 | RB 1] Throughput = 1.07185 Mbps
31755[UE 1 | RB 1] Throughput = 0.98394 Mbps
31864[UE 1 | RB 1] Throughput = 1.09425 Mbps
31965[UE 1 | RB 1] Throughput = 0.95251 Mbps
32075[UE 1 | RB 1] Throughput = 0.98159 Mbps
32175[UE 1 | RB 1] Throughput = 1.19821 Mbps
32275[UE 1 | RB 1] Throughput = 0.83814 Mbps
32385[UE 1 | RB 1] Throughput = 1.09220 Mbps
32485[UE 1 | RB 1] Throughput = 1.55458 Mbps
32585[UE 1 | RB 1] Throughput = 0.35933 Mbps
32685[UE 1 | RB 1] Throughput = 1.43799 Mbps
32795[UE 1 | RB 1] Throughput = 1.42072 Mbps
32895[UE 1 | RB 1] Throughput = 0.83564 Mbps
33005[UE 1 | RB 1] Throughput = 0.98053 Mbps
33115[UE 1 | RB 1] Throughput = 1.08978 Mbps
33225[UE 1 | RB 1] Throughput = 1.09011 Mbps
33335[UE 1 | RB 1] Throughput = 1.08864 Mbps
33445[UE 1 | RB 1] Throughput = 1.20227 Mbps
33555[UE 1 | RB 1] Throughput = 0.76231 Mbps
33655[UE 1 | RB 1] Throughput = 1.19221 Mbps
33765[UE 1 | RB 1] Throughput = 0.98113 Mbps
33875[UE 1 | RB 1] Throughput = 1.31120 Mbps
33975[UE 1 | RB 1] Throughput = 0.83751 Mbps
34085[UE 1 | RB 1] Throughput = 1.08927 Mbps
34185[UE 1 | RB 1] Throughput = 1.07813 Mbps
34295[UE 1 | RB 1] Throughput = 1.09037 Mbps
34395[UE 1 | RB 1] Throughput = 0.95754 Mbps
34505[UE 1 | RB 1] Throughput = 1.08827 Mbps
34615[UE 1 | RB 1] Throughput = 1.31231 Mbps
34725[UE 1 | RB 1] Throughput = 1.08843 Mbps
34825[UE 1 | RB 1] Throughput = 0.59699 Mbps
34935[UE 1 | RB 1] Throughput = 0.98335 Mbps
35035[UE 1 | RB 1] Throughput = 1.07696 Mbps
35146[UE 1 | RB 1] Throughput = 1.73554 Mbps
35255[UE 1 | RB 1] Throughput = 0.98600 Mbps
35365[UE 1 | RB 1] Throughput = 1.19987 Mbps
35465[UE 1 | RB 1] Throughput = 0.95491 Mbps
35575[UE 1 | RB 1] Throughput = 0.98198 Mbps
35685[UE 1 | RB 1] Throughput = 1.20087 Mbps
35785[UE 1 | RB 1] Throughput = 1.07775 Mbps
35895[UE 1 | RB 1] Throughput = 0.98015 Mbps
36005[UE 1 | RB 1] Throughput = 0.98024 Mbps
36115[UE 1 | RB 1] Throughput = 0.87055 Mbps
36225[UE 1 | RB 1] Throughput = 1.09166 Mbps
36325[UE 1 | RB 1] Throughput = 0.83824 Mbps
36425[UE 1 | RB 1] Throughput = 1.07715 Mbps
36535[UE 1 | RB 1] Throughput = 1.63182 Mbps
36645[UE 1 | RB 1] Throughput = 0.32822 Mbps
36745[UE 1 | RB 1] Throughput = 1.43560 Mbps
36845[UE 1 | RB 1] Throughput = 0.59720 Mbps
36955[UE 1 | RB 1] Throughput = 1.19992 Mbps
37065[UE 1 | RB 1] Throughput = 0.98330 Mbps
37165[UE 1 | RB 1] Throughput = 1.43656 Mbps
37265[UE 1 | RB 1] Throughput = 1.19403 Mbps
37375[UE 1 | RB 1] Throughput = 1.19905 Mbps
37485[UE 1 | RB 1] Throughput = 1.30779 Mbps
37595[UE 1 | RB 1] Throughput = 0.98264 Mbps
37695[UE 1 | RB 1] Throughput = 0.95749 Mbps
37795[UE 1 | RB 1] Throughput = 1.31625 Mbps
37905[UE 1 | RB 1] Throughput = 0.87401 Mbps
38015[UE 1 | RB 1] Throughput = 0.98185 Mbps
38115[UE 1 | RB 1] Throughput = 1.31476 Mbps
38225[UE 1 | RB 1] Throughput = 0.97805 Mbps
38335[UE 1 | RB 1] Throughput = 1.19944 Mbps
38445[UE 1 | RB 1] Throughput = 0.76417 Mbps
38545[UE 1 | RB 1] Throughput = 1.19547 Mbps
38655[UE 1 | RB 1] Throughput = 0.65436 Mbps
38765[UE 1 | RB 1] Throughput = 1.41637 Mbps
38875[UE 1 | RB 1] Throughput = 1.09057 Mbps
38975[UE 1 | RB 1] Throughput = 1.07628 Mbps
39075[UE 1 | RB 1] Throughput = 0.95823 Mbps
39175[UE 1 | RB 1] Throughput = 1.19830 Mbps
39285[UE 1 | RB 1] Throughput = 0.98162 Mbps
39395[UE 1 | RB 1] Throughput = 0.54538 Mbps
39495[UE 1 | RB 1] Throughput = 1.43573 Mbps
39595[UE 1 | RB 1] Throughput = 0.95694 Mbps
39696[UE 1 | RB 1] Throughput = 0.95528 Mbps
39805[UE 1 | RB 1] Throughput = 1.53188 Mbps
39905[UE 1 | RB 1] Throughput = 1.07821 Mbps
40015[UE 1 | RB 1] Throughput = 1.20246 Mbps
40116[UE 1 | RB 1] Throughput = 1.07131 Mbps
40225[UE 1 | RB 1] Throughput = 0.21840 Mbps
40335[UE 1 | RB 1] Throughput = 1.20187 Mbps
40435[UE 1 | RB 1] Throughput = 1.31566 Mbps
40536[UE 1 | RB 1] Throughput = 1.43378 Mbps
40646[UE 1 | RB 1] Throughput = 0.97939 Mbps
40755[UE 1 | RB 1] Throughput = 0.98582 Mbps
40865[UE 1 | RB 1] Throughput = 1.19672 Mbps
40965[UE 1 | RB 1] Throughput = 1.07783 Mbps
41075[UE 1 | RB 1] Throughput = 0.98003 Mbps
41175[UE 1 | RB 1] Throughput = 0.95756 Mbps
41285[UE 1 | RB 1] Throughput = 1.08999 Mbps
41395[UE 1 | RB 1] Throughput = 0.87311 Mbps
41505[UE 1 | RB 1] Throughput = 1.42027 Mbps
41605[UE 1 | RB 1] Throughput = 1.19227 Mbps
41715[UE 1 | RB 1] Throughput = 0.98087 Mbps
41825[UE 1 | RB 1] Throughput = 0.98150 Mbps
41935[UE 1 | RB 1] Throughput = 1.08843 Mbps
42045[UE 1 | RB 1] Throughput = 0.87202 Mbps
42145[UE 1 | RB 1] Throughput = 1.07790 Mbps
42246[UE 1 | RB 1] Throughput = 1.31498 Mbps
42355[UE 1 | RB 1] Throughput = 1.09116 Mbps
42465[UE 1 | RB 1] Throughput = 1.20018 Mbps
42575[UE 1 | RB 1] Throughput = 0.97957 Mbps
42685[UE 1 | RB 1] Throughput = 0.87279 Mbps
42786[UE 1 | RB 1] Throughput = 0.95409 Mbps
42896[UE 1 | RB 1] Throughput = 1.19901 Mbps
43006[UE 1 | RB 1] Throughput = 1.19920 Mbps
43106[UE 1 | RB 1] Throughput = 1.07799 Mbps
43206[UE 1 | RB 1] Throughput = 0.83777 Mbps
43316[UE 1 | RB 1] Throughput = 1.19666 Mbps
43425[UE 1 | RB 1] Throughput = 1.09397 Mbps
43526[UE 1 | RB 1] Throughput = 1.07725 Mbps
43635[UE 1 | RB 1] Throughput = 0.98180 Mbps
43745[UE 1 | RB 1] Throughput = 1.20115 Mbps
43845[UE 1 | RB 1] Throughput = 1.07760 Mbps
43955[UE 1 | RB 1] Throughput = 0.98071 Mbps
44055[UE 1 | RB 1] Throughput = 1.31581 Mbps
44165[UE 1 | RB 1] Throughput = 0.76479 Mbps
44265[UE 1 | RB 1] Throughput = 1.19545 Mbps
44366[UE 1 | RB 1] Throughput = 1.19504 Mbps
44466[UE 1 | RB 1] Throughput = 1.19771 Mbps
44566[UE 1 | RB 1] Throughput = 0.00000 Mbps
44676[UE 1 | RB 1] Throughput = 1.31092 Mbps
44785[UE 1 | RB 1] Throughput = 1.31196 Mbps
44885[UE 1 | RB 1] Throughput = 1.19650 Mbps
44995[UE 1 | RB 1] Throughput = 0.87161 Mbps
45096[UE 1 | RB 1] Throughput = 1.19588 Mbps
45206[UE 1 | RB 1] Throughput = 1.08857 Mbps
45306[UE 1 | RB 1] Throughput = 0.83881 Mbps
45415[UE 1 | RB 1] Throughput = 1.20528 Mbps
45516[UE 1 | RB 1] Throughput = 1.55119 Mbps
45626[UE 1 | RB 1] Throughput = 0.98025 Mbps
45726[UE 1 | RB 1] Throughput = 1.07847 Mbps
45826[UE 1 | RB 1] Throughput = 1.07450 Mbps
45936[UE 1 | RB 1] Throughput = 0.87273 Mbps
46046[UE 1 | RB 1] Throughput = 0.97941 Mbps
46146[UE 1 | RB 1] Throughput = 1.07844 Mbps
46246[UE 1 | RB 1] Throughput = 1.19616 Mbps
46356[UE 1 | RB 1] Throughput = 1.09551 Mbps
46465[UE 1 | RB 1] Throughput = 1.20050 Mbps
46566[UE 1 | RB 1] Throughput = 0.95433 Mbps
46675[UE 1 | RB 1] Throughput = 0.98359 Mbps
46775[UE 1 | RB 1] Throughput = 1.19799 Mbps
46876[UE 1 | RB 1] Throughput = 1.19643 Mbps
46986[UE 1 | RB 1] Throughput = 0.98147 Mbps
47086[UE 1 | RB 1] Throughput = 0.95682 Mbps
47195[UE 1 | RB 1] Throughput = 1.20166 Mbps
47295[UE 1 | RB 1] Throughput = 0.83834 Mbps
47396[UE 1 | RB 1] Throughput = 1.19529 Mbps
47506[UE 1 | RB 1] Throughput = 1.19601 Mbps
47615[UE 1 | RB 1] Throughput = 0.98749 Mbps
47715[UE 1 | RB 1] Throughput = 1.07791 Mbps
47816[UE 1 | RB 1] Throughput = 1.07427 Mbps
47926[UE 1 | RB 1] Throughput = 0.98173 Mbps
48026[UE 1 | RB 1] Throughput = 1.19647 Mbps
48126[UE 1 | RB 1] Throughput = 0.95785 Mbps
48226[UE 1 | RB 1] Throughput = 1.19566 Mbps
48336[UE 1 | RB 1] Throughput = 0.98375 Mbps
48436[UE 1 | RB 1] Throughput = 1.07836 Mbps
48536[UE 1 | RB 1] Throughput = 1.19586 Mbps
48646[UE 1 | RB 1] Throughput = 1.09179 Mbps
48746[UE 1 | RB 1] Throughput = 1.07747 Mbps
48856[UE 1 | RB 1] Throughput = 0.98027 Mbps
48966[UE 1 | RB 1] Throughput = 0.98246 Mbps
49066[UE 1 | RB 1] Throughput = 1.07548 Mbps
49176[UE 1 | RB 1] Throughput = 1.20059 Mbps
49276[UE 1 | RB 1] Throughput = 1.07789 Mbps
49376[UE 1 | RB 1] Throughput = 1.19701 Mbps
49476[UE 1 | RB 1] Throughput = 1.07718 Mbps
49585[UE 1 | RB 1] Throughput = 0.98449 Mbps
49686[UE 1 | RB 1] Throughput = 1.07727 Mbps
49786[UE 1 | RB 1] Throughput = 0.95556 Mbps
49896[UE 1 | RB 1] Throughput = 0.97804 Mbps
50006[UE 1 | RB 1] Throughput = 0.98523 Mbps
50106[UE 1 | RB 1] Throughput = 1.19467 Mbps
50206[UE 1 | RB 1] Throughput = 1.07854 Mbps
50316[UE 1 | RB 1] Throughput = 1.09294 Mbps
50416[UE 1 | RB 1] Throughput = 1.07286 Mbps
50526[UE 1 | RB 1] Throughput = 0.98290 Mbps
50626[UE 1 | RB 1] Throughput = 1.07800 Mbps
50736[UE 1 | RB 1] Throughput = 0.97855 Mbps
50846[UE 1 | RB 1] Throughput = 0.76350 Mbps
50956[UE 1 | RB 1] Throughput = 0.98219 Mbps
51066[UE 1 | RB 1] Throughput = 1.74357 Mbps
51166[UE 1 | RB 1] Throughput = 1.19783 Mbps
51266[UE 1 | RB 1] Throughput = 0.95848 Mbps
51366[UE 1 | RB 1] Throughput = 0.71791 Mbps
51476[UE 1 | RB 1] Throughput = 1.19938 Mbps
51576[UE 1 | RB 1] Throughput = 1.07834 Mbps
51676[UE 1 | RB 1] Throughput = 0.35951 Mbps
51786[UE 1 | RB 1] Throughput = 1.30942 Mbps
51886[UE 1 | RB 1] Throughput = 1.31673 Mbps
51996[UE 1 | RB 1] Throughput = 0.98304 Mbps
52096[UE 1 | RB 1] Throughput = 1.43494 Mbps
52196[UE 1 | RB 1] Throughput = 0.11982 Mbps
52306[UE 1 | RB 1] Throughput = 1.63714 Mbps
52406[UE 1 | RB 1] Throughput = 1.31569 Mbps
52506[UE 1 | RB 1] Throughput = 0.95562 Mbps
52616[UE 1 | RB 1] Throughput = 1.20319 Mbps
52716[UE 1 | RB 1] Throughput = 0.83870 Mbps
52825[UE 1 | RB 1] Throughput = 1.09366 Mbps
52926[UE 1 | RB 1] Throughput = 1.07547 Mbps
53026[UE 1 | RB 1] Throughput = 1.07742 Mbps
53126[UE 1 | RB 1] Throughput = 0.95809 Mbps
53236[UE 1 | RB 1] Throughput = 1.30723 Mbps
53336[UE 1 | RB 1] Throughput = 0.95726 Mbps
53436[UE 1 | RB 1] Throughput = 0.83870 Mbps
53546[UE 1 | RB 1] Throughput = 1.41808 Mbps
53656[UE 1 | RB 1] Throughput = 0.98005 Mbps
53756[UE 1 | RB 1] Throughput = 0.83880 Mbps
53866[UE 1 | RB 1] Throughput = 1.20017 Mbps
53966[UE 1 | RB 1] Throughput = 1.07800 Mbps
54066[UE 1 | RB 1] Throughput = 1.19729 Mbps
54176[UE 1 | RB 1] Throughput = 1.08569 Mbps
54286[UE 1 | RB 1] Throughput = 0.87636 Mbps
54386[UE 1 | RB 1] Throughput = 1.31762 Mbps
54486[UE 1 | RB 1] Throughput = 0.83839 Mbps
54586[UE 1 | RB 1] Throughput = 0.71630 Mbps
54686[UE 1 | RB 1] Throughput = 1.31774 Mbps
54796[UE 1 | RB 1] Throughput = 1.19731 Mbps
54906[UE 1 | RB 1] Throughput = 0.87554 Mbps
55006[UE 1 | RB 1] Throughput = 1.07826 Mbps
55106[UE 1 | RB 1] Throughput = 1.19607 Mbps
55207[UE 1 | RB 1] Throughput = 0.71565 Mbps
55316[UE 1 | RB 1] Throughput = 1.31246 Mbps
55416[UE 1 | RB 1] Throughput = 1.31720 Mbps
55526[UE 1 | RB 1] Throughput = 1.09234 Mbps
55626[UE 1 | RB 1] Throughput = 1.19672 Mbps
55736[UE 1 | RB 1] Throughput = 0.97841 Mbps
55846[UE 1 | RB 1] Throughput = 0.97918 Mbps
55957[UE 1 | RB 1] Throughput = 1.19707 Mbps
56066[UE 1 | RB 1] Throughput = 0.98588 Mbps
56176[UE 1 | RB 1] Throughput = 1.09087 Mbps
56276[UE 1 | RB 1] Throughput = 0.59738 Mbps
56386[UE 1 | RB 1] Throughput = 1.63354 Mbps
56496[UE 1 | RB 1] Throughput = 0.87150 Mbps
56606[UE 1 | RB 1] Throughput = 1.19747 Mbps
56716[UE 1 | RB 1] Throughput = 1.08977 Mbps
56826[UE 1 | RB 1] Throughput = 0.87271 Mbps
56936[UE 1 | RB 1] Throughput = 1.19885 Mbps
57046[UE 1 | RB 1] Throughput = 1.08987 Mbps
57146[UE 1 | RB 1] Throughput = 1.19713 Mbps
57246[UE 1 | RB 1] Throughput = 0.71811 Mbps
57356[UE 1 | RB 1] Throughput = 1.08857 Mbps
57456[UE 1 | RB 1] Throughput = 0.59906 Mbps
57556[UE 1 | RB 1] Throughput = 1.67729 Mbps
57657[UE 1 | RB 1] Throughput = 1.43389 Mbps
57766[UE 1 | RB 1] Throughput = 0.65707 Mbps
57866[UE 1 | RB 1] Throughput = 1.19670 Mbps
57976[UE 1 | RB 1] Throughput = 0.98284 Mbps
58076[UE 1 | RB 1] Throughput = 0.71531 Mbps
58186[UE 1 | RB 1] Throughput = 1.53175 Mbps
58296[UE 1 | RB 1] Throughput = 0.98040 Mbps
58406[UE 1 | RB 1] Throughput = 0.87283 Mbps
58506[UE 1 | RB 1] Throughput = 1.07622 Mbps
58616[UE 1 | RB 1] Throughput = 1.20051 Mbps
58716[UE 1 | RB 1] Throughput = 0.95837 Mbps
58816[UE 1 | RB 1] Throughput = 1.07477 Mbps
58916[UE 1 | RB 1] Throughput = 1.43520 Mbps
59026[UE 1 | RB 1] Throughput = 0.98538 Mbps
59126[UE 1 | RB 1] Throughput = 0.35844 Mbps
59236[UE 1 | RB 1] Throughput = 1.30950 Mbps
59336[UE 1 | RB 1] Throughput = 1.31678 Mbps
59436[UE 1 | RB 1] Throughput = 1.31792 Mbps
59536[UE 1 | RB 1] Throughput = 0.71726 Mbps
59647[UE 1 | RB 1] Throughput = 1.19724 Mbps
59756[UE 1 | RB 1] Throughput = 1.20181 Mbps
59856[UE 1 | RB 1] Throughput = 0.95831 Mbps
59956[UE 1 | RB 1] Throughput = 1.31738 Mbps
60067[UE 1 | RB 1] Throughput = 1.08719 Mbps
60167[UE 1 | RB 1] Throughput = 0.00000 Mbps
60276[UE 1 | RB 1] Throughput = 1.31072 Mbps
60387[UE 1 | RB 1] Throughput = 1.30342 Mbps
60496[UE 1 | RB 1] Throughput = 1.20517 Mbps
60596[UE 1 | RB 1] Throughput = 1.43449 Mbps
60696[UE 1 | RB 1] Throughput = 1.07833 Mbps
60796[UE 1 | RB 1] Throughput = 0.23943 Mbps
60906[UE 1 | RB 1] Throughput = 0.98165 Mbps
61006[UE 1 | RB 1] Throughput = 1.43755 Mbps
61116[UE 1 | RB 1] Throughput = 1.30493 Mbps
61227[UE 1 | RB 1] Throughput = 0.98047 Mbps
61336[UE 1 | RB 1] Throughput = 1.31132 Mbps
61436[UE 1 | RB 1] Throughput = 1.07824 Mbps
61546[UE 1 | RB 1] Throughput = 0.97861 Mbps
61647[UE 1 | RB 1] Throughput = 1.31440 Mbps
61756[UE 1 | RB 1] Throughput = 0.87382 Mbps
61857[UE 1 | RB 1] Throughput = 1.07688 Mbps
61966[UE 1 | RB 1] Throughput = 0.98513 Mbps
62066[UE 1 | RB 1] Throughput = 1.31532 Mbps
62176[UE 1 | RB 1] Throughput = 0.97908 Mbps
62286[UE 1 | RB 1] Throughput = 0.98429 Mbps
62386[UE 1 | RB 1] Throughput = 1.07615 Mbps
62497[UE 1 | RB 1] Throughput = 0.97437 Mbps
62606[UE 1 | RB 1] Throughput = 0.98447 Mbps
62716[UE 1 | RB 1] Throughput = 1.20148 Mbps
62816[UE 1 | RB 1] Throughput = 1.07734 Mbps
62917[UE 1 | RB 1] Throughput = 1.07464 Mbps
63026[UE 1 | RB 1] Throughput = 0.87358 Mbps
63127[UE 1 | RB 1] Throughput = 1.07761 Mbps
63237[UE 1 | RB 1] Throughput = 1.30680 Mbps
63346[UE 1 | RB 1] Throughput = 1.31339 Mbps
63456[UE 1 | RB 1] Throughput = 0.97922 Mbps
63556[UE 1 | RB 1] Throughput = 1.07748 Mbps
63657[UE 1 | RB 1] Throughput = 0.23905 Mbps
63766[UE 1 | RB 1] Throughput = 1.19957 Mbps
63866[UE 1 | RB 1] Throughput = 1.43765 Mbps
63967[UE 1 | RB 1] Throughput = 1.43598 Mbps
64067[UE 1 | RB 1] Throughput = 0.00000 Mbps
64176[UE 1 | RB 1] Throughput = 1.42315 Mbps
64276[UE 1 | RB 1] Throughput = 1.43431 Mbps
64377[UE 1 | RB 1] Throughput = 1.43551 Mbps
64487[UE 1 | RB 1] Throughput = 0.00000 Mbps
64597[UE 1 | RB 1] Throughput = 1.41548 Mbps
64697[UE 1 | RB 1] Throughput = 1.31539 Mbps
64807[UE 1 | RB 1] Throughput = 1.09272 Mbps
64917[UE 1 | RB 1] Throughput = 0.87145 Mbps
65017[UE 1 | RB 1] Throughput = 1.19453 Mbps
65127[UE 1 | RB 1] Throughput = 1.09185 Mbps
65237[UE 1 | RB 1] Throughput = 1.30858 Mbps
65346[UE 1 | RB 1] Throughput = 1.09215 Mbps
65447[UE 1 | RB 1] Throughput = 0.95537 Mbps
65547[UE 1 | RB 1] Throughput = 1.07598 Mbps
65657[UE 1 | RB 1] Throughput = 1.20216 Mbps
65766[UE 1 | RB 1] Throughput = 1.09281 Mbps
65867[UE 1 | RB 1] Throughput = 0.95427 Mbps
65976[UE 1 | RB 1] Throughput = 1.09287 Mbps
66077[UE 1 | RB 1] Throughput = 1.19623 Mbps
66186[UE 1 | RB 1] Throughput = 0.76313 Mbps
66287[UE 1 | RB 1] Throughput = 1.31671 Mbps
66387[UE 1 | RB 1] Throughput = 0.95420 Mbps
66497[UE 1 | RB 1] Throughput = 1.20015 Mbps
66607[UE 1 | RB 1] Throughput = 0.76491 Mbps
66717[UE 1 | RB 1] Throughput = 0.76221 Mbps
66817[UE 1 | RB 1] Throughput = 1.78996 Mbps
66927[UE 1 | RB 1] Throughput = 0.87521 Mbps
67037[UE 1 | RB 1] Throughput = 0.97952 Mbps
67137[UE 1 | RB 1] Throughput = 1.07511 Mbps
67246[UE 1 | RB 1] Throughput = 1.20707 Mbps
67347[UE 1 | RB 1] Throughput = 1.31192 Mbps
67457[UE 1 | RB 1] Throughput = 0.87061 Mbps
67566[UE 1 | RB 1] Throughput = 0.98373 Mbps
67667[UE 1 | RB 1] Throughput = 1.19607 Mbps
67767[UE 1 | RB 1] Throughput = 0.95532 Mbps
67877[UE 1 | RB 1] Throughput = 1.09141 Mbps
67977[UE 1 | RB 1] Throughput = 1.07536 Mbps
68077[UE 1 | RB 1] Throughput = 1.19742 Mbps
68187[UE 1 | RB 1] Throughput = 0.76593 Mbps
68287[UE 1 | RB 1] Throughput = 1.19437 Mbps
68387[UE 1 | RB 1] Throughput = 1.07793 Mbps
68497[UE 1 | RB 1] Throughput = 1.20040 Mbps
68597[UE 1 | RB 1] Throughput = 0.95864 Mbps
68697[UE 1 | RB 1] Throughput = 1.43732 Mbps
68807[UE 1 | RB 1] Throughput = 0.98325 Mbps
68907[UE 1 | RB 1] Throughput = 0.95266 Mbps
69017[UE 1 | RB 1] Throughput = 0.98118 Mbps
69127[UE 1 | RB 1] Throughput = 0.87653 Mbps
69227[UE 1 | RB 1] Throughput = 1.07394 Mbps
69337[UE 1 | RB 1] Throughput = 1.19968 Mbps
69447[UE 1 | RB 1] Throughput = 1.08914 Mbps
69547[UE 1 | RB 1] Throughput = 0.83803 Mbps
69647[UE 1 | RB 1] Throughput = 1.07641 Mbps
69757[UE 1 | RB 1] Throughput = 1.31068 Mbps
69867[UE 1 | RB 1] Throughput = 0.65080 Mbps
69977[UE 1 | RB 1] Throughput = 1.31741 Mbps
70077[UE 1 | RB 1] Throughput = 0.95619 Mbps
70187[UE 1 | RB 1] Throughput = 1.30883 Mbps
70287[UE 1 | RB 1] Throughput = 0.83688 Mbps
70397[UE 1 | RB 1] Throughput = 1.30776 Mbps
70497[UE 1 | RB 1] Throughput = 0.83693 Mbps
70607[UE 1 | RB 1] Throughput = 1.30800 Mbps
70717[UE 1 | RB 1] Throughput = 0.98120 Mbps
70827[UE 1 | RB 1] Throughput = 1.09056 Mbps
70927[UE 1 | RB 1] Throughput = 0.95834 Mbps
71037[UE 1 | RB 1] Throughput = 1.30907 Mbps
71137[UE 1 | RB 1] Throughput = 1.31653 Mbps
71247[UE 1 | RB 1] Throughput = 0.76429 Mbps
71347[UE 1 | RB 1] Throughput = 1.19633 Mbps
71457[UE 1 | RB 1] Throughput = 1.08834 Mbps
71567[UE 1 | RB 1] Throughput = 0.98386 Mbps
71667[UE 1 | RB 1] Throughput = 0.95541 Mbps
71767[UE 1 | RB 1] Throughput = 0.83813 Mbps
71877[UE 1 | RB 1] Throughput = 1.19939 Mbps
71977[UE 1 | RB 1] Throughput = 1.07674 Mbps
72087[UE 1 | RB 1] Throughput = 1.09159 Mbps
72197[UE 1 | RB 1] Throughput = 1.08913 Mbps
72307[UE 1 | RB 1] Throughput = 0.98021 Mbps
72417[UE 1 | RB 1] Throughput = 0.98179 Mbps
72517[UE 1 | RB 1] Throughput = 1.55444 Mbps
72627[UE 1 | RB 1] Throughput = 0.87274 Mbps
72737[UE 1 | RB 1] Throughput = 1.09108 Mbps
72837[UE 1 | RB 1] Throughput = 0.83821 Mbps
72937[UE 1 | RB 1] Throughput = 1.19754 Mbps
73047[UE 1 | RB 1] Throughput = 1.30779 Mbps
73157[UE 1 | RB 1] Throughput = 0.87060 Mbps
73267[UE 1 | RB 1] Throughput = 0.98058 Mbps
73367[UE 1 | RB 1] Throughput = 1.31428 Mbps
73477[UE 1 | RB 1] Throughput = 1.09137 Mbps
73587[UE 1 | RB 1] Throughput = 0.87216 Mbps
73697[UE 1 | RB 1] Throughput = 0.87349 Mbps
73797[UE 1 | RB 1] Throughput = 0.83821 Mbps
73907[UE 1 | RB 1] Throughput = 1.41844 Mbps
74007[UE 1 | RB 1] Throughput = 1.19665 Mbps
74107[UE 1 | RB 1] Throughput = 0.83857 Mbps
74207[UE 1 | RB 1] Throughput = 1.31705 Mbps
74317[UE 1 | RB 1] Throughput = 1.08677 Mbps
74427[UE 1 | RB 1] Throughput = 1.19932 Mbps
74537[UE 1 | RB 1] Throughput = 1.09241 Mbps
74637[UE 1 | RB 1] Throughput = 1.07556 Mbps
74737[UE 1 | RB 1] Throughput = 0.23939 Mbps
74847[UE 1 | RB 1] Throughput = 1.20117 Mbps
74947[UE 1 | RB 1] Throughput = 1.19604 Mbps
75057[UE 1 | RB 1] Throughput = 0.87102 Mbps
75167[UE 1 | RB 1] Throughput = 1.74797 Mbps
75267[UE 1 | RB 1] Throughput = 0.95587 Mbps
75377[UE 1 | RB 1] Throughput = 0.54642 Mbps
75477[UE 1 | RB 1] Throughput = 1.07846 Mbps
75577[UE 1 | RB 1] Throughput = 1.07570 Mbps
75687[UE 1 | RB 1] Throughput = 1.52683 Mbps
75787[UE 1 | RB 1] Throughput = 0.83706 Mbps
75887[UE 1 | RB 1] Throughput = 1.19827 Mbps
75988[UE 1 | RB 1] Throughput = 1.19458 Mbps
76097[UE 1 | RB 1] Throughput = 0.87447 Mbps
76208[UE 1 | RB 1] Throughput = 1.30387 Mbps
76318[UE 1 | RB 1] Throughput = 0.87202 Mbps
76427[UE 1 | RB 1] Throughput = 0.98227 Mbps
76527[UE 1 | RB 1] Throughput = 0.83885 Mbps
76627[UE 1 | RB 1] Throughput = 1.55759 Mbps
76737[UE 1 | RB 1] Throughput = 0.98179 Mbps
76837[UE 1 | RB 1] Throughput = 1.07589 Mbps
76947[UE 1 | RB 1] Throughput = 0.87453 Mbps
77047[UE 1 | RB 1] Throughput = 0.83671 Mbps
77157[UE 1 | RB 1] Throughput = 1.64013 Mbps
77258[UE 1 | RB 1] Throughput = 1.06806 Mbps
77367[UE 1 | RB 1] Throughput = 0.98672 Mbps
77477[UE 1 | RB 1] Throughput = 1.19979 Mbps
77577[UE 1 | RB 1] Throughput = 0.83657 Mbps
77678[UE 1 | RB 1] Throughput = 1.07250 Mbps
77787[UE 1 | RB 1] Throughput = 1.31429 Mbps
77897[UE 1 | RB 1] Throughput = 0.98114 Mbps
77997[UE 1 | RB 1] Throughput = 0.83852 Mbps
78107[UE 1 | RB 1] Throughput = 1.31196 Mbps
78208[UE 1 | RB 1] Throughput = 0.95335 Mbps
78318[UE 1 | RB 1] Throughput = 1.08838 Mbps
78419[UE 1 | RB 1] Throughput = 0.82753 Mbps
78527[UE 1 | RB 1] Throughput = 1.10762 Mbps
78628[UE 1 | RB 1] Throughput = 0.95470 Mbps
78737[UE 1 | RB 1] Throughput = 0.98696 Mbps
78837[UE 1 | RB 1] Throughput = 1.07555 Mbps
78937[UE 1 | RB 1] Throughput = 1.43796 Mbps
79037[UE 1 | RB 1] Throughput = 1.31460 Mbps
79147[UE 1 | RB 1] Throughput = 0.98192 Mbps
79247[UE 1 | RB 1] Throughput = 0.35942 Mbps
79347[UE 1 | RB 1] Throughput = 1.43584 Mbps
79448[UE 1 | RB 1] Throughput = 1.07693 Mbps
79557[UE 1 | RB 1] Throughput = 1.20095 Mbps
79658[UE 1 | RB 1] Throughput = 1.31688 Mbps
79758[UE 1 | RB 1] Throughput = 1.07617 Mbps
79868[UE 1 | RB 1] Throughput = 0.21750 Mbps
79977[UE 1 | RB 1] Throughput = 1.97280 Mbps
80077[UE 1 | RB 1] Throughput = 1.07690 Mbps
80187[UE 1 | RB 1] Throughput = 0.98155 Mbps
80288[UE 1 | RB 1] Throughput = 1.07540 Mbps
80397[UE 1 | RB 1] Throughput = 0.87508 Mbps
80498[UE 1 | RB 1] Throughput = 1.07296 Mbps
80598[UE 1 | RB 1] Throughput = 1.07844 Mbps
80708[UE 1 | RB 1] Throughput = 1.09135 Mbps
80808[UE 1 | RB 1] Throughput = 1.07364 Mbps
80918[UE 1 | RB 1] Throughput = 1.20212 Mbps
81018[UE 1 | RB 1] Throughput = 1.07240 Mbps
81128[UE 1 | RB 1] Throughput = 0.98597 Mbps
81228[UE 1 | RB 1] Throughput = 1.07802 Mbps
81328[UE 1 | RB 1] Throughput = 1.07767 Mbps
81437[UE 1 | RB 1] Throughput = 0.98293 Mbps
81538[UE 1 | RB 1] Throughput = 1.07783 Mbps
81647[UE 1 | RB 1] Throughput = 0.98298 Mbps
81748[UE 1 | RB 1] Throughput = 1.07250 Mbps
81858[UE 1 | RB 1] Throughput = 0.98112 Mbps
81958[UE 1 | RB 1] Throughput = 1.07525 Mbps
82068[UE 1 | RB 1] Throughput = 1.53174 Mbps
82168[UE 1 | RB 1] Throughput = 0.83672 Mbps
82278[UE 1 | RB 1] Throughput = 1.08844 Mbps
82388[UE 1 | RB 1] Throughput = 0.76480 Mbps
82498[UE 1 | RB 1] Throughput = 0.76333 Mbps
82598[UE 1 | RB 1] Throughput = 1.55747 Mbps
82698[UE 1 | RB 1] Throughput = 1.31245 Mbps
82808[UE 1 | RB 1] Throughput = 1.09029 Mbps
82917[UE 1 | RB 1] Throughput = 0.98447 Mbps
83027[UE 1 | RB 1] Throughput = 0.87462 Mbps
83128[UE 1 | RB 1] Throughput = 1.07323 Mbps
83228[UE 1 | RB 1] Throughput = 1.07518 Mbps
83328[UE 1 | RB 1] Throughput = 1.31777 Mbps
83438[UE 1 | RB 1] Throughput = 0.00000 Mbps
83538[UE 1 | RB 1] Throughput = 1.67478 Mbps
83647[UE 1 | RB 1] Throughput = 1.20843 Mbps
83747[UE 1 | RB 1] Throughput = 0.83847 Mbps
83847[UE 1 | RB 1] Throughput = 1.31771 Mbps
83948[UE 1 | RB 1] Throughput = 1.43358 Mbps
84058[UE 1 | RB 1] Throughput = 0.00000 Mbps
84158[UE 1 | RB 1] Throughput = 1.79722 Mbps
84258[UE 1 | RB 1] Throughput = 1.31720 Mbps
84367[UE 1 | RB 1] Throughput = 1.20340 Mbps
84478[UE 1 | RB 1] Throughput = 0.97861 Mbps
84587[UE 1 | RB 1] Throughput = 0.98362 Mbps
84688[UE 1 | RB 1] Throughput = 1.30886 Mbps
84798[UE 1 | RB 1] Throughput = 0.98469 Mbps
84898[UE 1 | RB 1] Throughput = 0.95868 Mbps
84998[UE 1 | RB 1] Throughput = 1.19523 Mbps
85108[UE 1 | RB 1] Throughput = 0.87106 Mbps
85218[UE 1 | RB 1] Throughput = 1.31069 Mbps
85318[UE 1 | RB 1] Throughput = 1.07649 Mbps
85418[UE 1 | RB 1] Throughput = 1.07645 Mbps
85518[UE 1 | RB 1] Throughput = 0.35900 Mbps
85628[UE 1 | RB 1] Throughput = 1.52995 Mbps
85738[UE 1 | RB 1] Throughput = 1.08787 Mbps
85847[UE 1 | RB 1] Throughput = 1.09423 Mbps
85948[UE 1 | RB 1] Throughput = 0.95427 Mbps
86057[UE 1 | RB 1] Throughput = 1.09446 Mbps
86158[UE 1 | RB 1] Throughput = 0.95788 Mbps
86258[UE 1 | RB 1] Throughput = 1.07566 Mbps
86358[UE 1 | RB 1] Throughput = 0.95754 Mbps
86458[UE 1 | RB 1] Throughput = 1.31795 Mbps
86568[UE 1 | RB 1] Throughput = 0.98078 Mbps
86668[UE 1 | RB 1] Throughput = 1.31786 Mbps
86768[UE 1 | RB 1] Throughput = 1.19727 Mbps
86868[UE 1 | RB 1] Throughput = 1.07745 Mbps
86978[UE 1 | RB 1] Throughput = 0.21863 Mbps
87078[UE 1 | RB 1] Throughput = 1.55439 Mbps
87178[UE 1 | RB 1] Throughput = 1.31692 Mbps
87288[UE 1 | RB 1] Throughput = 0.98291 Mbps
87397[UE 1 | RB 1] Throughput = 0.87432 Mbps
87498[UE 1 | RB 1] Throughput = 1.19618 Mbps
87607[UE 1 | RB 1] Throughput = 0.76526 Mbps
87708[UE 1 | RB 1] Throughput = 1.30997 Mbps
87808[UE 1 | RB 1] Throughput = 1.07600 Mbps
87918[UE 1 | RB 1] Throughput = 1.30940 Mbps
88028[UE 1 | RB 1] Throughput = 0.98131 Mbps
88138[UE 1 | RB 1] Throughput = 1.08973 Mbps
88238[UE 1 | RB 1] Throughput = 0.95747 Mbps
88348[UE 1 | RB 1] Throughput = 0.98149 Mbps
88458[UE 1 | RB 1] Throughput = 1.09001 Mbps
88558[UE 1 | RB 1] Throughput = 1.55382 Mbps
88659[UE 1 | RB 1] Throughput = 0.00000 Mbps
88768[UE 1 | RB 1] Throughput = 1.20589 Mbps
88868[UE 1 | RB 1] Throughput = 1.43773 Mbps
88978[UE 1 | RB 1] Throughput = 0.98464 Mbps
89078[UE 1 | RB 1] Throughput = 1.31607 Mbps
89178[UE 1 | RB 1] Throughput = 1.31271 Mbps
89288[UE 1 | RB 1] Throughput = 1.19894 Mbps
89398[UE 1 | RB 1] Throughput = 0.98187 Mbps
89508[UE 1 | RB 1] Throughput = 0.21822 Mbps
89608[UE 1 | RB 1] Throughput = 1.66863 Mbps
89718[UE 1 | RB 1] Throughput = 0.98169 Mbps
89818[UE 1 | RB 1] Throughput = 1.07831 Mbps
89928[UE 1 | RB 1] Throughput = 0.98269 Mbps
[xApp]: E42 RIC_SUBSCRIPTION_DELETE_REQUEST tx RAN_FUNC_ID 144 RIC_REQ_ID 1 
[xApp]: E42 SUBSCRIPTION DELETE RESPONSE rx
[xApp]: E42 RIC_SUBSCRIPTION_DELETE_REQUEST tx RAN_FUNC_ID 144 RIC_REQ_ID 2 
[xApp]: E42 SUBSCRIPTION DELETE RESPONSE rx
[xApp]: E42 RIC_SUBSCRIPTION_DELETE_REQUEST tx RAN_FUNC_ID 144 RIC_REQ_ID 3 
[xApp]: E42 SUBSCRIPTION DELETE RESPONSE rx
[xApp]: E42 RIC_SUBSCRIPTION_DELETE_REQUEST tx RAN_FUNC_ID 144 RIC_REQ_ID 4 
[xApp]: E42 SUBSCRIPTION DELETE RESPONSE rx
[xApp]: Sucessfully stopped 
Test xApp run SUCCESSFULLY
