[UTIL]: Setting the config -c file to /usr/local/etc/flexric/flexric.conf
[UTIL]: Setting path -p for the shared libraries to /usr/local/lib/flexric/
[xAapp]: Initializing ... 
[xApp]: nearRT-RIC IP Address = 192.168.70.150, PORT = 36422
[E2 AGENT]: Opening plugin from path = /usr/local/lib/flexric/libkpm_sm.so 
[E2 AGENT]: Opening plugin from path = /usr/local/lib/flexric/libmac_sm.so 
[E2 AGENT]: Opening plugin from path = /usr/local/lib/flexric/libpdcp_sm.so 
[E2 AGENT]: Opening plugin from path = /usr/local/lib/flexric/libgtp_sm.so 
[E2 AGENT]: Opening plugin from path = /usr/local/lib/flexric/librc_sm.so 
[E2 AGENT]: Opening plugin from path = /usr/local/lib/flexric/libtc_sm.so 
[E2 AGENT]: Opening plugin from path = /usr/local/lib/flexric/librlc_sm.so 
[E2 AGENT]: Opening plugin from path = /usr/local/lib/flexric/libslice_sm.so 
[NEAR-RIC]: Loading SM ID = 2 with def = ORAN-E2SM-KPM 
[NEAR-RIC]: Loading SM ID = 142 with def = MAC_STATS_V0 
[NEAR-RIC]: Loading SM ID = 144 with def = PDCP_STATS_V0 
[NEAR-RIC]: Loading SM ID = 148 with def = GTP_STATS_V0 
[NEAR-RIC]: Loading SM ID = 3 with def = ORAN-E2SM-RC 
[NEAR-RIC]: Loading SM ID = 146 with def = TC_STATS_V0 
[NEAR-RIC]: Loading SM ID = 143 with def = RLC_STATS_V0 
[NEAR-RIC]: Loading SM ID = 145 with def = SLICE_STATS_V0 
[xApp]: DB filename = /tmp/flexric/xapp_db 
 [xApp]: E42 SETUP-REQUEST tx
[xApp]: E42 SETUP-RESPONSE rx 
[xApp]: xApp ID = 64 
[xApp]: Registered E2 Nodes = 4 
Connected E2 nodes = 4
[xAPP] Registered node 0 ran func id = 2 
 [xAPP] Registered node 0 ran func id = 3 
 [xAPP] Registered node 0 ran func id = 142 
 [xAPP] Registered node 0 ran func id = 143 
 [xAPP] Registered node 0 ran func id = 144 
 [xAPP] Registered node 0 ran func id = 145 
 [xAPP] Registered node 0 ran func id = 146 
 [xAPP] Registered node 0 ran func id = 148 
 [xApp]: E42 RIC SUBSCRIPTION REQUEST tx RAN_FUNC_ID 144 RIC_REQ_ID 1 
[xApp]: SUBSCRIPTION RESPONSE rx
[xApp]: Successfully subscribed to RAN_FUNC_ID 144 
[xAPP] Registered node 1 ran func id = 2 
 [xAPP] Registered node 1 ran func id = 3 
 [xAPP] Registered node 1 ran func id = 142 
 [xAPP] Registered node 1 ran func id = 143 
 [xAPP] Registered node 1 ran func id = 144 
 [xAPP] Registered node 1 ran func id = 145 
 [xAPP] Registered node 1 ran func id = 146 
 [xAPP] Registered node 1 ran func id = 148 
 [xApp]: E42 RIC SUBSCRIPTION REQUEST tx RAN_FUNC_ID 144 RIC_REQ_ID 2 
[xApp]: SUBSCRIPTION RESPONSE rx
[xApp]: Successfully subscribed to RAN_FUNC_ID 144 
[xAPP] Registered node 2 ran func id = 2 
 [xAPP] Registered node 2 ran func id = 3 
 [xAPP] Registered node 2 ran func id = 142 
 [xAPP] Registered node 2 ran func id = 143 
 [xAPP] Registered node 2 ran func id = 144 
 [xAPP] Registered node 2 ran func id = 145 
 [xAPP] Registered node 2 ran func id = 146 
 [xAPP] Registered node 2 ran func id = 148 
 [xApp]: E42 RIC SUBSCRIPTION REQUEST tx RAN_FUNC_ID 144 RIC_REQ_ID 3 
[xApp]: SUBSCRIPTION RESPONSE rx
[xApp]: Successfully subscribed to RAN_FUNC_ID 144 
[xAPP] Registered node 3 ran func id = 2 
 [xAPP] Registered node 3 ran func id = 3 
 [xAPP] Registered node 3 ran func id = 142 
 [xAPP] Registered node 3 ran func id = 143 
 [xAPP] Registered node 3 ran func id = 144 
 [xAPP] Registered node 3 ran func id = 145 
 [xAPP] Registered node 3 ran func id = 146 
 [xAPP] Registered node 3 ran func id = 148 
 [xApp]: E42 RIC SUBSCRIPTION REQUEST tx RAN_FUNC_ID 144 RIC_REQ_ID 4 
[xApp]: SUBSCRIPTION RESPONSE rx
[xApp]: Successfully subscribed to RAN_FUNC_ID 144 
113[UE 1 | RB 1] Throughput = 1.07494 Mbps
223[UE 1 | RB 1] Throughput = 1.08913 Mbps
323[UE 1 | RB 1] Throughput = 1.07735 Mbps
433[UE 1 | RB 1] Throughput = 0.98027 Mbps
533[UE 1 | RB 1] Throughput = 1.31638 Mbps
643[UE 1 | RB 1] Throughput = 0.87700 Mbps
743[UE 1 | RB 1] Throughput = 1.19471 Mbps
843[UE 1 | RB 1] Throughput = 0.95459 Mbps
953[UE 1 | RB 1] Throughput = 1.09122 Mbps
1053[UE 1 | RB 1] Throughput = 0.95678 Mbps
1163[UE 1 | RB 1] Throughput = 0.87431 Mbps
1273[UE 1 | RB 1] Throughput = 1.19579 Mbps
1383[UE 1 | RB 1] Throughput = 1.09126 Mbps
1493[UE 1 | RB 1] Throughput = 0.98230 Mbps
1594[UE 1 | RB 1] Throughput = 1.31046 Mbps
1703[UE 1 | RB 1] Throughput = 1.20310 Mbps
1813[UE 1 | RB 1] Throughput = 0.98179 Mbps
1913[UE 1 | RB 1] Throughput = 1.07616 Mbps
2023[UE 1 | RB 1] Throughput = 1.09028 Mbps
2133[UE 1 | RB 1] Throughput = 0.98198 Mbps
2233[UE 1 | RB 1] Throughput = 1.07830 Mbps
2334[UE 1 | RB 1] Throughput = 1.31078 Mbps
2443[UE 1 | RB 1] Throughput = 1.09501 Mbps
2553[UE 1 | RB 1] Throughput = 0.97894 Mbps
2663[UE 1 | RB 1] Throughput = 0.98196 Mbps
2763[UE 1 | RB 1] Throughput = 1.07785 Mbps
2873[UE 1 | RB 1] Throughput = 0.87066 Mbps
2973[UE 1 | RB 1] Throughput = 1.19536 Mbps
3083[UE 1 | RB 1] Throughput = 1.42124 Mbps
3183[UE 1 | RB 1] Throughput = 0.71820 Mbps
3293[UE 1 | RB 1] Throughput = 1.08956 Mbps
3393[UE 1 | RB 1] Throughput = 1.19672 Mbps
3503[UE 1 | RB 1] Throughput = 0.98444 Mbps
3603[UE 1 | RB 1] Throughput = 1.19349 Mbps
3713[UE 1 | RB 1] Throughput = 0.87284 Mbps
3815[UE 1 | RB 1] Throughput = 1.18049 Mbps
3923[UE 1 | RB 1] Throughput = 1.32989 Mbps
4023[UE 1 | RB 1] Throughput = 0.00000 Mbps
4123[UE 1 | RB 1] Throughput = 1.79659 Mbps
4223[UE 1 | RB 1] Throughput = 1.19779 Mbps
4324[UE 1 | RB 1] Throughput = 0.95512 Mbps
4433[UE 1 | RB 1] Throughput = 0.98385 Mbps
4534[UE 1 | RB 1] Throughput = 1.19582 Mbps
4644[UE 1 | RB 1] Throughput = 0.97869 Mbps
4753[UE 1 | RB 1] Throughput = 1.09490 Mbps
4853[UE 1 | RB 1] Throughput = 0.83759 Mbps
4953[UE 1 | RB 1] Throughput = 0.95862 Mbps
5063[UE 1 | RB 1] Throughput = 0.98227 Mbps
5164[UE 1 | RB 1] Throughput = 1.31280 Mbps
5273[UE 1 | RB 1] Throughput = 1.31258 Mbps
5373[UE 1 | RB 1] Throughput = 1.31686 Mbps
5473[UE 1 | RB 1] Throughput = 1.07807 Mbps
5584[UE 1 | RB 1] Throughput = 0.21707 Mbps
5684[UE 1 | RB 1] Throughput = 1.31424 Mbps
5793[UE 1 | RB 1] Throughput = 1.31453 Mbps
5903[UE 1 | RB 1] Throughput = 1.19915 Mbps
6013[UE 1 | RB 1] Throughput = 1.30566 Mbps
6124[UE 1 | RB 1] Throughput = 0.97869 Mbps
6233[UE 1 | RB 1] Throughput = 0.21926 Mbps
6334[UE 1 | RB 1] Throughput = 1.42808 Mbps
6444[UE 1 | RB 1] Throughput = 0.97956 Mbps
6553[UE 1 | RB 1] Throughput = 1.31373 Mbps
6664[UE 1 | RB 1] Throughput = 1.30242 Mbps
6773[UE 1 | RB 1] Throughput = 1.31251 Mbps
6874[UE 1 | RB 1] Throughput = 0.00000 Mbps
6983[UE 1 | RB 1] Throughput = 1.31005 Mbps
7093[UE 1 | RB 1] Throughput = 1.20283 Mbps
7193[UE 1 | RB 1] Throughput = 1.31198 Mbps
7293[UE 1 | RB 1] Throughput = 1.07840 Mbps
7404[UE 1 | RB 1] Throughput = 0.97854 Mbps
7504[UE 1 | RB 1] Throughput = 1.19577 Mbps
7604[UE 1 | RB 1] Throughput = 0.95823 Mbps
7713[UE 1 | RB 1] Throughput = 0.87854 Mbps
7813[UE 1 | RB 1] Throughput = 1.07524 Mbps
7913[UE 1 | RB 1] Throughput = 1.43758 Mbps
8023[UE 1 | RB 1] Throughput = 1.41782 Mbps
8133[UE 1 | RB 1] Throughput = 0.76290 Mbps
8234[UE 1 | RB 1] Throughput = 0.95504 Mbps
8344[UE 1 | RB 1] Throughput = 1.19750 Mbps
8444[UE 1 | RB 1] Throughput = 1.07726 Mbps
8553[UE 1 | RB 1] Throughput = 0.98632 Mbps
8653[UE 1 | RB 1] Throughput = 1.19670 Mbps
8753[UE 1 | RB 1] Throughput = 1.07804 Mbps
8854[UE 1 | RB 1] Throughput = 0.95478 Mbps
8964[UE 1 | RB 1] Throughput = 1.30802 Mbps
9064[UE 1 | RB 1] Throughput = 0.95823 Mbps
9174[UE 1 | RB 1] Throughput = 0.87201 Mbps
9283[UE 1 | RB 1] Throughput = 0.98394 Mbps
9384[UE 1 | RB 1] Throughput = 1.43038 Mbps
9493[UE 1 | RB 1] Throughput = 0.98430 Mbps
9594[UE 1 | RB 1] Throughput = 1.07703 Mbps
9694[UE 1 | RB 1] Throughput = 0.35870 Mbps
9794[UE 1 | RB 1] Throughput = 1.43574 Mbps
9904[UE 1 | RB 1] Throughput = 1.20272 Mbps
10014[UE 1 | RB 1] Throughput = 1.41712 Mbps
10123[UE 1 | RB 1] Throughput = 0.98306 Mbps
10224[UE 1 | RB 1] Throughput = 0.35802 Mbps
10333[UE 1 | RB 1] Throughput = 1.63923 Mbps
10434[UE 1 | RB 1] Throughput = 0.83688 Mbps
10544[UE 1 | RB 1] Throughput = 1.08982 Mbps
10644[UE 1 | RB 1] Throughput = 1.07660 Mbps
10753[UE 1 | RB 1] Throughput = 1.09309 Mbps
10854[UE 1 | RB 1] Throughput = 1.07648 Mbps
10954[UE 1 | RB 1] Throughput = 0.95767 Mbps
11063[UE 1 | RB 1] Throughput = 1.19974 Mbps
11173[UE 1 | RB 1] Throughput = 0.43675 Mbps
11274[UE 1 | RB 1] Throughput = 1.42977 Mbps
11384[UE 1 | RB 1] Throughput = 1.30976 Mbps
11484[UE 1 | RB 1] Throughput = 1.43672 Mbps
11584[UE 1 | RB 1] Throughput = 0.00000 Mbps
11684[UE 1 | RB 1] Throughput = 1.43765 Mbps
11794[UE 1 | RB 1] Throughput = 1.52532 Mbps
11904[UE 1 | RB 1] Throughput = 0.00000 Mbps
12004[UE 1 | RB 1] Throughput = 1.67758 Mbps
12104[UE 1 | RB 1] Throughput = 1.43587 Mbps
12214[UE 1 | RB 1] Throughput = 0.98007 Mbps
12324[UE 1 | RB 1] Throughput = 1.19914 Mbps
12424[UE 1 | RB 1] Throughput = 0.95716 Mbps
12524[UE 1 | RB 1] Throughput = 0.95784 Mbps
12624[UE 1 | RB 1] Throughput = 1.07804 Mbps
12734[UE 1 | RB 1] Throughput = 1.41807 Mbps
12834[UE 1 | RB 1] Throughput = 0.71884 Mbps
12944[UE 1 | RB 1] Throughput = 1.09340 Mbps
13044[UE 1 | RB 1] Throughput = 0.95426 Mbps
13144[UE 1 | RB 1] Throughput = 1.07853 Mbps
13254[UE 1 | RB 1] Throughput = 1.20175 Mbps
13354[UE 1 | RB 1] Throughput = 1.31539 Mbps
13454[UE 1 | RB 1] Throughput = 0.83746 Mbps
13564[UE 1 | RB 1] Throughput = 1.20291 Mbps
13664[UE 1 | RB 1] Throughput = 0.47857 Mbps
13764[UE 1 | RB 1] Throughput = 1.43690 Mbps
13874[UE 1 | RB 1] Throughput = 1.19959 Mbps
13983[UE 1 | RB 1] Throughput = 1.20415 Mbps
14084[UE 1 | RB 1] Throughput = 0.83364 Mbps
14184[UE 1 | RB 1] Throughput = 1.31644 Mbps
14294[UE 1 | RB 1] Throughput = 0.76467 Mbps
14404[UE 1 | RB 1] Throughput = 1.30905 Mbps
14513[UE 1 | RB 1] Throughput = 1.09049 Mbps
14614[UE 1 | RB 1] Throughput = 0.83731 Mbps
14714[UE 1 | RB 1] Throughput = 1.19314 Mbps
14824[UE 1 | RB 1] Throughput = 1.09145 Mbps
14934[UE 1 | RB 1] Throughput = 1.19911 Mbps
15044[UE 1 | RB 1] Throughput = 0.98134 Mbps
15144[UE 1 | RB 1] Throughput = 0.95768 Mbps
15254[UE 1 | RB 1] Throughput = 1.20029 Mbps
15354[UE 1 | RB 1] Throughput = 0.95647 Mbps
15454[UE 1 | RB 1] Throughput = 1.07814 Mbps
15564[UE 1 | RB 1] Throughput = 1.19646 Mbps
15674[UE 1 | RB 1] Throughput = 0.98148 Mbps
15784[UE 1 | RB 1] Throughput = 0.98414 Mbps
15894[UE 1 | RB 1] Throughput = 0.87196 Mbps
15994[UE 1 | RB 1] Throughput = 1.07762 Mbps
16094[UE 1 | RB 1] Throughput = 1.07595 Mbps
16204[UE 1 | RB 1] Throughput = 0.97978 Mbps
16314[UE 1 | RB 1] Throughput = 0.98295 Mbps
16424[UE 1 | RB 1] Throughput = 1.63588 Mbps
16524[UE 1 | RB 1] Throughput = 0.35846 Mbps
16634[UE 1 | RB 1] Throughput = 1.95977 Mbps
16734[UE 1 | RB 1] Throughput = 1.07742 Mbps
16844[UE 1 | RB 1] Throughput = 0.97992 Mbps
16954[UE 1 | RB 1] Throughput = 0.98255 Mbps
17054[UE 1 | RB 1] Throughput = 1.07670 Mbps
17164[UE 1 | RB 1] Throughput = 0.32672 Mbps
17274[UE 1 | RB 1] Throughput = 1.09288 Mbps
17374[UE 1 | RB 1] Throughput = 1.31497 Mbps
17484[UE 1 | RB 1] Throughput = 1.09225 Mbps
17584[UE 1 | RB 1] Throughput = 1.43468 Mbps
17694[UE 1 | RB 1] Throughput = 0.87203 Mbps
17804[UE 1 | RB 1] Throughput = 1.09165 Mbps
17904[UE 1 | RB 1] Throughput = 1.19491 Mbps
18014[UE 1 | RB 1] Throughput = 1.08991 Mbps
18114[UE 1 | RB 1] Throughput = 0.83782 Mbps
18224[UE 1 | RB 1] Throughput = 1.41870 Mbps
18324[UE 1 | RB 1] Throughput = 0.95475 Mbps
18434[UE 1 | RB 1] Throughput = 1.09290 Mbps
18534[UE 1 | RB 1] Throughput = 1.07692 Mbps
18644[UE 1 | RB 1] Throughput = 0.87240 Mbps
18744[UE 1 | RB 1] Throughput = 1.07577 Mbps
18854[UE 1 | RB 1] Throughput = 1.19751 Mbps
18964[UE 1 | RB 1] Throughput = 1.20250 Mbps
19064[UE 1 | RB 1] Throughput = 0.71708 Mbps
19174[UE 1 | RB 1] Throughput = 1.08928 Mbps
19284[UE 1 | RB 1] Throughput = 1.20144 Mbps
19394[UE 1 | RB 1] Throughput = 0.65453 Mbps
19494[UE 1 | RB 1] Throughput = 1.07748 Mbps
19594[UE 1 | RB 1] Throughput = 1.31766 Mbps
19694[UE 1 | RB 1] Throughput = 1.43368 Mbps
19804[UE 1 | RB 1] Throughput = 1.20034 Mbps
19914[UE 1 | RB 1] Throughput = 0.87264 Mbps
20024[UE 1 | RB 1] Throughput = 0.43657 Mbps
20124[UE 1 | RB 1] Throughput = 1.31806 Mbps
20224[UE 1 | RB 1] Throughput = 1.31577 Mbps
20324[UE 1 | RB 1] Throughput = 0.95744 Mbps
20424[UE 1 | RB 1] Throughput = 1.31600 Mbps
20524[UE 1 | RB 1] Throughput = 1.19720 Mbps
20634[UE 1 | RB 1] Throughput = 0.98278 Mbps
20734[UE 1 | RB 1] Throughput = 1.07814 Mbps
20834[UE 1 | RB 1] Throughput = 0.95800 Mbps
20944[UE 1 | RB 1] Throughput = 1.41820 Mbps
21044[UE 1 | RB 1] Throughput = 0.00000 Mbps
21144[UE 1 | RB 1] Throughput = 1.55615 Mbps
21254[UE 1 | RB 1] Throughput = 1.30924 Mbps
21364[UE 1 | RB 1] Throughput = 1.30754 Mbps
21474[UE 1 | RB 1] Throughput = 0.00000 Mbps
21575[UE 1 | RB 1] Throughput = 1.55388 Mbps
21685[UE 1 | RB 1] Throughput = 1.19669 Mbps
21794[UE 1 | RB 1] Throughput = 0.98678 Mbps
21894[UE 1 | RB 1] Throughput = 1.55711 Mbps
21994[UE 1 | RB 1] Throughput = 0.00000 Mbps
22105[UE 1 | RB 1] Throughput = 1.52284 Mbps
22205[UE 1 | RB 1] Throughput = 1.55615 Mbps
22314[UE 1 | RB 1] Throughput = 1.31032 Mbps
22424[UE 1 | RB 1] Throughput = 0.00000 Mbps
22524[UE 1 | RB 1] Throughput = 1.55424 Mbps
22634[UE 1 | RB 1] Throughput = 1.09194 Mbps
22735[UE 1 | RB 1] Throughput = 1.31247 Mbps
22835[UE 1 | RB 1] Throughput = 0.95809 Mbps
22944[UE 1 | RB 1] Throughput = 0.98120 Mbps
23045[UE 1 | RB 1] Throughput = 1.31657 Mbps
23154[UE 1 | RB 1] Throughput = 1.09296 Mbps
23254[UE 1 | RB 1] Throughput = 1.19700 Mbps
23354[UE 1 | RB 1] Throughput = 0.95840 Mbps
23464[UE 1 | RB 1] Throughput = 1.41958 Mbps
23564[UE 1 | RB 1] Throughput = 0.00000 Mbps
23665[UE 1 | RB 1] Throughput = 1.31621 Mbps
23765[UE 1 | RB 1] Throughput = 1.31524 Mbps
23874[UE 1 | RB 1] Throughput = 1.20450 Mbps
23974[UE 1 | RB 1] Throughput = 1.07647 Mbps
24074[UE 1 | RB 1] Throughput = 0.95859 Mbps
24184[UE 1 | RB 1] Throughput = 1.09226 Mbps
24296[UE 1 | RB 1] Throughput = 1.06742 Mbps
24404[UE 1 | RB 1] Throughput = 1.11324 Mbps
24504[UE 1 | RB 1] Throughput = 1.19640 Mbps
24604[UE 1 | RB 1] Throughput = 0.95855 Mbps
24704[UE 1 | RB 1] Throughput = 1.19698 Mbps
24804[UE 1 | RB 1] Throughput = 0.83886 Mbps
24914[UE 1 | RB 1] Throughput = 1.30736 Mbps
25025[UE 1 | RB 1] Throughput = 0.76096 Mbps
25134[UE 1 | RB 1] Throughput = 1.41811 Mbps
25244[UE 1 | RB 1] Throughput = 0.87263 Mbps
25355[UE 1 | RB 1] Throughput = 1.08661 Mbps
25464[UE 1 | RB 1] Throughput = 1.09346 Mbps
25565[UE 1 | RB 1] Throughput = 1.19397 Mbps
25675[UE 1 | RB 1] Throughput = 0.87185 Mbps
25784[UE 1 | RB 1] Throughput = 1.09027 Mbps
25894[UE 1 | RB 1] Throughput = 1.09065 Mbps
26004[UE 1 | RB 1] Throughput = 1.09050 Mbps
26104[UE 1 | RB 1] Throughput = 1.07603 Mbps
26214[UE 1 | RB 1] Throughput = 1.09191 Mbps
26315[UE 1 | RB 1] Throughput = 1.07143 Mbps
26425[UE 1 | RB 1] Throughput = 0.87434 Mbps
26525[UE 1 | RB 1] Throughput = 0.95871 Mbps
26634[UE 1 | RB 1] Throughput = 0.98451 Mbps
26744[UE 1 | RB 1] Throughput = 1.19903 Mbps
26844[UE 1 | RB 1] Throughput = 1.07599 Mbps
26944[UE 1 | RB 1] Throughput = 1.43743 Mbps
27054[UE 1 | RB 1] Throughput = 1.31004 Mbps
27154[UE 1 | RB 1] Throughput = 0.00000 Mbps
27264[UE 1 | RB 1] Throughput = 1.31173 Mbps
27374[UE 1 | RB 1] Throughput = 1.19564 Mbps
27474[UE 1 | RB 1] Throughput = 1.43795 Mbps
27584[UE 1 | RB 1] Throughput = 1.09049 Mbps
27694[UE 1 | RB 1] Throughput = 0.97984 Mbps
27795[UE 1 | RB 1] Throughput = 0.11910 Mbps
27904[UE 1 | RB 1] Throughput = 1.42349 Mbps
28015[UE 1 | RB 1] Throughput = 1.30609 Mbps
28124[UE 1 | RB 1] Throughput = 1.42189 Mbps
28225[UE 1 | RB 1] Throughput = 1.07393 Mbps
28325[UE 1 | RB 1] Throughput = 0.47868 Mbps
28434[UE 1 | RB 1] Throughput = 1.30982 Mbps
28535[UE 1 | RB 1] Throughput = 1.07674 Mbps
28635[UE 1 | RB 1] Throughput = 0.95866 Mbps
28735[UE 1 | RB 1] Throughput = 0.95819 Mbps
28835[UE 1 | RB 1] Throughput = 1.55748 Mbps
28944[UE 1 | RB 1] Throughput = 1.09202 Mbps
29045[UE 1 | RB 1] Throughput = 1.07595 Mbps
29154[UE 1 | RB 1] Throughput = 0.87502 Mbps
29255[UE 1 | RB 1] Throughput = 1.07561 Mbps
29355[UE 1 | RB 1] Throughput = 1.19775 Mbps
29465[UE 1 | RB 1] Throughput = 0.97947 Mbps
29575[UE 1 | RB 1] Throughput = 0.98079 Mbps
29685[UE 1 | RB 1] Throughput = 1.30774 Mbps
29785[UE 1 | RB 1] Throughput = 0.95800 Mbps
29885[UE 1 | RB 1] Throughput = 0.59874 Mbps
29995[UE 1 | RB 1] Throughput = 1.41533 Mbps
30095[UE 1 | RB 1] Throughput = 1.43563 Mbps
30204[UE 1 | RB 1] Throughput = 0.10950 Mbps
30315[UE 1 | RB 1] Throughput = 1.30686 Mbps
30415[UE 1 | RB 1] Throughput = 1.43324 Mbps
30515[UE 1 | RB 1] Throughput = 1.43792 Mbps
30625[UE 1 | RB 1] Throughput = 0.98187 Mbps
30735[UE 1 | RB 1] Throughput = 0.43487 Mbps
30845[UE 1 | RB 1] Throughput = 1.41826 Mbps
30945[UE 1 | RB 1] Throughput = 1.55786 Mbps
31055[UE 1 | RB 1] Throughput = 0.00000 Mbps
31155[UE 1 | RB 1] Throughput = 1.67754 Mbps
31265[UE 1 | RB 1] Throughput = 0.98054 Mbps
31375[UE 1 | RB 1] Throughput = 1.41735 Mbps
31484[UE 1 | RB 1] Throughput = 0.98192 Mbps
31585[UE 1 | RB 1] Throughput = 1.19065 Mbps
31695[UE 1 | RB 1] Throughput = 0.87497 Mbps
31795[UE 1 | RB 1] Throughput = 1.19731 Mbps
31895[UE 1 | RB 1] Throughput = 1.07394 Mbps
31995[UE 1 | RB 1] Throughput = 0.95673 Mbps
32104[UE 1 | RB 1] Throughput = 1.20948 Mbps
32205[UE 1 | RB 1] Throughput = 1.07712 Mbps
32305[UE 1 | RB 1] Throughput = 0.95365 Mbps
32415[UE 1 | RB 1] Throughput = 1.41828 Mbps
32525[UE 1 | RB 1] Throughput = 0.76289 Mbps
32635[UE 1 | RB 1] Throughput = 1.31001 Mbps
32735[UE 1 | RB 1] Throughput = 1.07521 Mbps
32845[UE 1 | RB 1] Throughput = 0.21859 Mbps
32955[UE 1 | RB 1] Throughput = 1.30726 Mbps
33055[UE 1 | RB 1] Throughput = 1.31604 Mbps
33165[UE 1 | RB 1] Throughput = 1.41934 Mbps
33275[UE 1 | RB 1] Throughput = 0.97903 Mbps
33385[UE 1 | RB 1] Throughput = 1.09147 Mbps
33485[UE 1 | RB 1] Throughput = 1.07140 Mbps
33594[UE 1 | RB 1] Throughput = 0.87713 Mbps
33695[UE 1 | RB 1] Throughput = 1.19458 Mbps
33795[UE 1 | RB 1] Throughput = 1.19332 Mbps
33905[UE 1 | RB 1] Throughput = 0.98523 Mbps
34005[UE 1 | RB 1] Throughput = 0.95441 Mbps
34115[UE 1 | RB 1] Throughput = 0.65522 Mbps
34225[UE 1 | RB 1] Throughput = 1.19968 Mbps
34325[UE 1 | RB 1] Throughput = 1.43633 Mbps
34434[UE 1 | RB 1] Throughput = 1.20365 Mbps
34534[UE 1 | RB 1] Throughput = 1.07827 Mbps
34635[UE 1 | RB 1] Throughput = 0.35883 Mbps
34735[UE 1 | RB 1] Throughput = 1.31595 Mbps
34845[UE 1 | RB 1] Throughput = 1.19705 Mbps
34945[UE 1 | RB 1] Throughput = 1.43279 Mbps
35055[UE 1 | RB 1] Throughput = 0.98430 Mbps
35155[UE 1 | RB 1] Throughput = 0.35904 Mbps
35265[UE 1 | RB 1] Throughput = 1.30851 Mbps
35365[UE 1 | RB 1] Throughput = 1.43766 Mbps
35465[UE 1 | RB 1] Throughput = 1.07529 Mbps
35575[UE 1 | RB 1] Throughput = 1.31276 Mbps
35685[UE 1 | RB 1] Throughput = 0.10881 Mbps
35785[UE 1 | RB 1] Throughput = 1.31746 Mbps
35885[UE 1 | RB 1] Throughput = 1.07851 Mbps
35985[UE 1 | RB 1] Throughput = 1.43784 Mbps
36095[UE 1 | RB 1] Throughput = 0.97881 Mbps
36195[UE 1 | RB 1] Throughput = 1.19715 Mbps
36305[UE 1 | RB 1] Throughput = 1.31166 Mbps
36405[UE 1 | RB 1] Throughput = 0.95869 Mbps
36505[UE 1 | RB 1] Throughput = 1.19498 Mbps
36605[UE 1 | RB 1] Throughput = 0.95789 Mbps
36715[UE 1 | RB 1] Throughput = 1.09378 Mbps
36815[UE 1 | RB 1] Throughput = 1.07733 Mbps
36925[UE 1 | RB 1] Throughput = 0.97968 Mbps
37035[UE 1 | RB 1] Throughput = 0.97983 Mbps
37145[UE 1 | RB 1] Throughput = 1.20187 Mbps
37245[UE 1 | RB 1] Throughput = 0.47741 Mbps
37355[UE 1 | RB 1] Throughput = 1.09135 Mbps
37455[UE 1 | RB 1] Throughput = 1.43697 Mbps
37565[UE 1 | RB 1] Throughput = 1.20104 Mbps
37665[UE 1 | RB 1] Throughput = 1.43464 Mbps
37775[UE 1 | RB 1] Throughput = 0.00000 Mbps
37885[UE 1 | RB 1] Throughput = 1.30590 Mbps
37985[UE 1 | RB 1] Throughput = 1.67311 Mbps
38095[UE 1 | RB 1] Throughput = 0.98385 Mbps
38195[UE 1 | RB 1] Throughput = 0.59908 Mbps
38295[UE 1 | RB 1] Throughput = 1.55486 Mbps
38406[UE 1 | RB 1] Throughput = 1.19338 Mbps
38515[UE 1 | RB 1] Throughput = 1.20460 Mbps
38615[UE 1 | RB 1] Throughput = 0.11973 Mbps
38725[UE 1 | RB 1] Throughput = 1.30676 Mbps
38825[UE 1 | RB 1] Throughput = 1.43789 Mbps
38935[UE 1 | RB 1] Throughput = 1.19805 Mbps
39035[UE 1 | RB 1] Throughput = 1.31737 Mbps
39145[UE 1 | RB 1] Throughput = 0.00000 Mbps
39245[UE 1 | RB 1] Throughput = 1.67674 Mbps
39345[UE 1 | RB 1] Throughput = 1.43616 Mbps
39445[UE 1 | RB 1] Throughput = 0.95514 Mbps
39555[UE 1 | RB 1] Throughput = 0.87355 Mbps
39665[UE 1 | RB 1] Throughput = 0.98152 Mbps
39765[UE 1 | RB 1] Throughput = 1.31799 Mbps
39865[UE 1 | RB 1] Throughput = 0.95608 Mbps
39975[UE 1 | RB 1] Throughput = 1.09103 Mbps
40075[UE 1 | RB 1] Throughput = 1.19738 Mbps
40185[UE 1 | RB 1] Throughput = 1.09115 Mbps
40295[UE 1 | RB 1] Throughput = 1.08933 Mbps
40396[UE 1 | RB 1] Throughput = 0.95309 Mbps
40505[UE 1 | RB 1] Throughput = 1.31702 Mbps
40605[UE 1 | RB 1] Throughput = 1.07789 Mbps
40705[UE 1 | RB 1] Throughput = 0.23945 Mbps
40805[UE 1 | RB 1] Throughput = 1.79661 Mbps
40905[UE 1 | RB 1] Throughput = 0.83726 Mbps
41015[UE 1 | RB 1] Throughput = 1.09179 Mbps
41125[UE 1 | RB 1] Throughput = 1.20024 Mbps
41225[UE 1 | RB 1] Throughput = 0.95811 Mbps
41325[UE 1 | RB 1] Throughput = 0.95798 Mbps
41425[UE 1 | RB 1] Throughput = 1.19834 Mbps
41525[UE 1 | RB 1] Throughput = 1.07691 Mbps
41625[UE 1 | RB 1] Throughput = 1.19628 Mbps
41735[UE 1 | RB 1] Throughput = 0.98076 Mbps
41836[UE 1 | RB 1] Throughput = 0.95747 Mbps
41945[UE 1 | RB 1] Throughput = 0.87484 Mbps
42045[UE 1 | RB 1] Throughput = 1.19718 Mbps
42145[UE 1 | RB 1] Throughput = 1.55714 Mbps
42246[UE 1 | RB 1] Throughput = 0.00000 Mbps
42356[UE 1 | RB 1] Throughput = 1.30578 Mbps
42465[UE 1 | RB 1] Throughput = 1.31175 Mbps
42566[UE 1 | RB 1] Throughput = 1.07567 Mbps
42675[UE 1 | RB 1] Throughput = 1.30987 Mbps
42785[UE 1 | RB 1] Throughput = 0.98162 Mbps
42885[UE 1 | RB 1] Throughput = 1.07830 Mbps
42985[UE 1 | RB 1] Throughput = 1.07726 Mbps
43086[UE 1 | RB 1] Throughput = 1.07499 Mbps
43195[UE 1 | RB 1] Throughput = 0.98511 Mbps
43296[UE 1 | RB 1] Throughput = 0.71622 Mbps
43405[UE 1 | RB 1] Throughput = 1.20156 Mbps
43515[UE 1 | RB 1] Throughput = 0.98054 Mbps
43626[UE 1 | RB 1] Throughput = 1.19439 Mbps
43735[UE 1 | RB 1] Throughput = 1.20513 Mbps
43835[UE 1 | RB 1] Throughput = 1.07656 Mbps
43946[UE 1 | RB 1] Throughput = 1.19403 Mbps
44046[UE 1 | RB 1] Throughput = 1.07853 Mbps
44155[UE 1 | RB 1] Throughput = 0.87459 Mbps
44256[UE 1 | RB 1] Throughput = 1.31477 Mbps
44365[UE 1 | RB 1] Throughput = 1.09075 Mbps
44476[UE 1 | RB 1] Throughput = 0.76038 Mbps
44586[UE 1 | RB 1] Throughput = 0.97994 Mbps
44696[UE 1 | RB 1] Throughput = 1.19958 Mbps
44806[UE 1 | RB 1] Throughput = 0.98186 Mbps
44906[UE 1 | RB 1] Throughput = 1.43555 Mbps
45006[UE 1 | RB 1] Throughput = 0.83803 Mbps
45116[UE 1 | RB 1] Throughput = 1.31032 Mbps
45216[UE 1 | RB 1] Throughput = 0.95751 Mbps
45326[UE 1 | RB 1] Throughput = 1.09093 Mbps
45435[UE 1 | RB 1] Throughput = 1.09180 Mbps
45546[UE 1 | RB 1] Throughput = 0.97806 Mbps
45646[UE 1 | RB 1] Throughput = 1.19815 Mbps
45746[UE 1 | RB 1] Throughput = 0.95813 Mbps
45846[UE 1 | RB 1] Throughput = 1.31604 Mbps
45956[UE 1 | RB 1] Throughput = 0.87303 Mbps
46056[UE 1 | RB 1] Throughput = 0.95726 Mbps
46166[UE 1 | RB 1] Throughput = 1.20015 Mbps
46266[UE 1 | RB 1] Throughput = 1.19784 Mbps
46366[UE 1 | RB 1] Throughput = 1.07763 Mbps
46476[UE 1 | RB 1] Throughput = 0.65497 Mbps
46586[UE 1 | RB 1] Throughput = 1.41439 Mbps
46695[UE 1 | RB 1] Throughput = 1.09342 Mbps
46805[UE 1 | RB 1] Throughput = 1.08936 Mbps
46915[UE 1 | RB 1] Throughput = 0.98012 Mbps
47016[UE 1 | RB 1] Throughput = 1.07619 Mbps
47116[UE 1 | RB 1] Throughput = 1.07775 Mbps
47226[UE 1 | RB 1] Throughput = 0.98156 Mbps
47326[UE 1 | RB 1] Throughput = 1.19769 Mbps
47426[UE 1 | RB 1] Throughput = 1.07707 Mbps
47526[UE 1 | RB 1] Throughput = 1.19614 Mbps
47636[UE 1 | RB 1] Throughput = 1.09336 Mbps
47746[UE 1 | RB 1] Throughput = 1.19820 Mbps
47846[UE 1 | RB 1] Throughput = 0.00000 Mbps
47956[UE 1 | RB 1] Throughput = 1.30987 Mbps
48065[UE 1 | RB 1] Throughput = 1.09237 Mbps
48166[UE 1 | RB 1] Throughput = 1.55225 Mbps
48275[UE 1 | RB 1] Throughput = 0.87408 Mbps
48376[UE 1 | RB 1] Throughput = 1.19476 Mbps
48486[UE 1 | RB 1] Throughput = 1.08593 Mbps
48596[UE 1 | RB 1] Throughput = 0.87554 Mbps
48696[UE 1 | RB 1] Throughput = 1.07492 Mbps
48806[UE 1 | RB 1] Throughput = 1.09275 Mbps
48906[UE 1 | RB 1] Throughput = 1.07440 Mbps
49015[UE 1 | RB 1] Throughput = 1.20444 Mbps
49116[UE 1 | RB 1] Throughput = 1.07513 Mbps
49216[UE 1 | RB 1] Throughput = 1.31595 Mbps
49326[UE 1 | RB 1] Throughput = 0.76404 Mbps
49426[UE 1 | RB 1] Throughput = 1.19560 Mbps
49526[UE 1 | RB 1] Throughput = 0.95847 Mbps
49636[UE 1 | RB 1] Throughput = 1.08788 Mbps
49746[UE 1 | RB 1] Throughput = 0.98028 Mbps
49856[UE 1 | RB 1] Throughput = 1.20164 Mbps
49956[UE 1 | RB 1] Throughput = 1.19645 Mbps
50066[UE 1 | RB 1] Throughput = 0.87310 Mbps
50176[UE 1 | RB 1] Throughput = 1.30673 Mbps
50286[UE 1 | RB 1] Throughput = 0.98286 Mbps
50386[UE 1 | RB 1] Throughput = 0.95439 Mbps
50496[UE 1 | RB 1] Throughput = 0.98155 Mbps
50606[UE 1 | RB 1] Throughput = 1.08918 Mbps
50716[UE 1 | RB 1] Throughput = 1.19924 Mbps
50816[UE 1 | RB 1] Throughput = 1.19780 Mbps
50917[UE 1 | RB 1] Throughput = 1.18316 Mbps
51025[UE 1 | RB 1] Throughput = 0.88526 Mbps
51126[UE 1 | RB 1] Throughput = 0.95425 Mbps
51226[UE 1 | RB 1] Throughput = 1.07815 Mbps
51326[UE 1 | RB 1] Throughput = 0.95740 Mbps
51436[UE 1 | RB 1] Throughput = 0.87498 Mbps
51536[UE 1 | RB 1] Throughput = 1.55680 Mbps
51636[UE 1 | RB 1] Throughput = 0.95810 Mbps
51746[UE 1 | RB 1] Throughput = 0.87167 Mbps
51846[UE 1 | RB 1] Throughput = 1.31386 Mbps
51956[UE 1 | RB 1] Throughput = 1.09339 Mbps
52066[UE 1 | RB 1] Throughput = 1.09142 Mbps
52166[UE 1 | RB 1] Throughput = 0.83584 Mbps
52276[UE 1 | RB 1] Throughput = 0.98088 Mbps
52386[UE 1 | RB 1] Throughput = 1.41430 Mbps
52486[UE 1 | RB 1] Throughput = 0.95870 Mbps
52596[UE 1 | RB 1] Throughput = 0.98305 Mbps
52696[UE 1 | RB 1] Throughput = 1.07679 Mbps
52806[UE 1 | RB 1] Throughput = 1.41724 Mbps
52916[UE 1 | RB 1] Throughput = 0.76294 Mbps
53026[UE 1 | RB 1] Throughput = 1.09006 Mbps
53126[UE 1 | RB 1] Throughput = 0.95481 Mbps
53226[UE 1 | RB 1] Throughput = 1.07840 Mbps
53336[UE 1 | RB 1] Throughput = 0.87248 Mbps
53446[UE 1 | RB 1] Throughput = 1.30964 Mbps
53546[UE 1 | RB 1] Throughput = 1.07610 Mbps
53646[UE 1 | RB 1] Throughput = 1.19549 Mbps
53756[UE 1 | RB 1] Throughput = 1.09253 Mbps
53856[UE 1 | RB 1] Throughput = 0.83780 Mbps
53966[UE 1 | RB 1] Throughput = 0.98267 Mbps
54066[UE 1 | RB 1] Throughput = 1.19798 Mbps
54166[UE 1 | RB 1] Throughput = 1.07708 Mbps
54266[UE 1 | RB 1] Throughput = 1.19839 Mbps
54376[UE 1 | RB 1] Throughput = 0.87154 Mbps
54476[UE 1 | RB 1] Throughput = 1.19687 Mbps
54586[UE 1 | RB 1] Throughput = 0.98118 Mbps
54686[UE 1 | RB 1] Throughput = 1.19719 Mbps
54796[UE 1 | RB 1] Throughput = 0.87447 Mbps
54896[UE 1 | RB 1] Throughput = 0.95809 Mbps
54996[UE 1 | RB 1] Throughput = 0.95624 Mbps
55106[UE 1 | RB 1] Throughput = 1.41923 Mbps
55206[UE 1 | RB 1] Throughput = 1.19233 Mbps
55316[UE 1 | RB 1] Throughput = 1.09445 Mbps
55416[UE 1 | RB 1] Throughput = 0.71836 Mbps
55526[UE 1 | RB 1] Throughput = 1.30680 Mbps
55626[UE 1 | RB 1] Throughput = 1.07645 Mbps
55736[UE 1 | RB 1] Throughput = 0.98169 Mbps
55846[UE 1 | RB 1] Throughput = 1.09153 Mbps
55946[UE 1 | RB 1] Throughput = 1.19557 Mbps
56056[UE 1 | RB 1] Throughput = 0.65410 Mbps
56156[UE 1 | RB 1] Throughput = 1.43722 Mbps
56266[UE 1 | RB 1] Throughput = 1.09060 Mbps
56376[UE 1 | RB 1] Throughput = 0.97976 Mbps
56476[UE 1 | RB 1] Throughput = 1.07806 Mbps
56586[UE 1 | RB 1] Throughput = 1.20033 Mbps
56686[UE 1 | RB 1] Throughput = 1.07854 Mbps
56787[UE 1 | RB 1] Throughput = 1.07291 Mbps
56896[UE 1 | RB 1] Throughput = 0.98438 Mbps
56996[UE 1 | RB 1] Throughput = 1.07722 Mbps
57106[UE 1 | RB 1] Throughput = 1.08857 Mbps
57206[UE 1 | RB 1] Throughput = 0.95859 Mbps
57306[UE 1 | RB 1] Throughput = 1.07844 Mbps
57416[UE 1 | RB 1] Throughput = 1.09219 Mbps
57526[UE 1 | RB 1] Throughput = 0.97798 Mbps
57636[UE 1 | RB 1] Throughput = 1.20284 Mbps
57736[UE 1 | RB 1] Throughput = 0.35919 Mbps
57836[UE 1 | RB 1] Throughput = 1.31629 Mbps
57946[UE 1 | RB 1] Throughput = 0.98127 Mbps
58056[UE 1 | RB 1] Throughput = 1.85556 Mbps
58156[UE 1 | RB 1] Throughput = 0.95490 Mbps
58266[UE 1 | RB 1] Throughput = 0.10914 Mbps
58366[UE 1 | RB 1] Throughput = 1.55559 Mbps
58476[UE 1 | RB 1] Throughput = 1.19806 Mbps
58586[UE 1 | RB 1] Throughput = 1.19672 Mbps
58686[UE 1 | RB 1] Throughput = 1.43788 Mbps
58796[UE 1 | RB 1] Throughput = 0.98293 Mbps
58906[UE 1 | RB 1] Throughput = 0.98062 Mbps
59016[UE 1 | RB 1] Throughput = 0.32758 Mbps
59116[UE 1 | RB 1] Throughput = 1.31554 Mbps
59216[UE 1 | RB 1] Throughput = 1.43784 Mbps
59316[UE 1 | RB 1] Throughput = 1.07770 Mbps
59426[UE 1 | RB 1] Throughput = 1.20076 Mbps
59527[UE 1 | RB 1] Throughput = 1.30827 Mbps
59636[UE 1 | RB 1] Throughput = 0.98555 Mbps
59736[UE 1 | RB 1] Throughput = 0.23909 Mbps
59846[UE 1 | RB 1] Throughput = 1.52625 Mbps
59956[UE 1 | RB 1] Throughput = 0.98277 Mbps
60056[UE 1 | RB 1] Throughput = 0.71834 Mbps
60166[UE 1 | RB 1] Throughput = 1.30823 Mbps
60266[UE 1 | RB 1] Throughput = 1.31581 Mbps
60366[UE 1 | RB 1] Throughput = 1.43794 Mbps
60467[UE 1 | RB 1] Throughput = 0.00000 Mbps
60567[UE 1 | RB 1] Throughput = 1.31716 Mbps
60677[UE 1 | RB 1] Throughput = 1.31049 Mbps
60777[UE 1 | RB 1] Throughput = 1.31821 Mbps
60886[UE 1 | RB 1] Throughput = 1.31143 Mbps
60996[UE 1 | RB 1] Throughput = 0.98178 Mbps
61097[UE 1 | RB 1] Throughput = 0.23820 Mbps
61207[UE 1 | RB 1] Throughput = 1.19968 Mbps
61316[UE 1 | RB 1] Throughput = 1.20431 Mbps
61417[UE 1 | RB 1] Throughput = 1.07143 Mbps
61526[UE 1 | RB 1] Throughput = 1.31263 Mbps
61627[UE 1 | RB 1] Throughput = 1.43315 Mbps
61736[UE 1 | RB 1] Throughput = 0.00000 Mbps
61846[UE 1 | RB 1] Throughput = 1.30911 Mbps
61947[UE 1 | RB 1] Throughput = 1.43381 Mbps
62047[UE 1 | RB 1] Throughput = 1.43697 Mbps
62156[UE 1 | RB 1] Throughput = 0.98264 Mbps
62266[UE 1 | RB 1] Throughput = 1.20192 Mbps
62366[UE 1 | RB 1] Throughput = 0.47764 Mbps
62477[UE 1 | RB 1] Throughput = 0.87080 Mbps
62577[UE 1 | RB 1] Throughput = 1.55741 Mbps
62686[UE 1 | RB 1] Throughput = 1.20027 Mbps
62787[UE 1 | RB 1] Throughput = 1.07492 Mbps
62897[UE 1 | RB 1] Throughput = 1.19913 Mbps
62997[UE 1 | RB 1] Throughput = 0.95859 Mbps
63106[UE 1 | RB 1] Throughput = 1.09428 Mbps
63206[UE 1 | RB 1] Throughput = 0.95695 Mbps
63316[UE 1 | RB 1] Throughput = 1.08921 Mbps
63417[UE 1 | RB 1] Throughput = 1.19471 Mbps
63527[UE 1 | RB 1] Throughput = 0.87253 Mbps
63636[UE 1 | RB 1] Throughput = 1.09443 Mbps
63736[UE 1 | RB 1] Throughput = 1.31358 Mbps
63846[UE 1 | RB 1] Throughput = 0.98215 Mbps
63946[UE 1 | RB 1] Throughput = 1.07618 Mbps
64056[UE 1 | RB 1] Throughput = 0.98212 Mbps
64156[UE 1 | RB 1] Throughput = 0.47880 Mbps
64257[UE 1 | RB 1] Throughput = 1.79255 Mbps
64367[UE 1 | RB 1] Throughput = 1.08874 Mbps
64467[UE 1 | RB 1] Throughput = 0.95683 Mbps
64576[UE 1 | RB 1] Throughput = 1.09504 Mbps
64677[UE 1 | RB 1] Throughput = 0.83188 Mbps
64786[UE 1 | RB 1] Throughput = 1.31636 Mbps
64887[UE 1 | RB 1] Throughput = 0.83666 Mbps
64987[UE 1 | RB 1] Throughput = 1.19786 Mbps
65097[UE 1 | RB 1] Throughput = 0.65509 Mbps
65197[UE 1 | RB 1] Throughput = 1.07370 Mbps
65307[UE 1 | RB 1] Throughput = 1.19820 Mbps
65416[UE 1 | RB 1] Throughput = 1.20634 Mbps
65517[UE 1 | RB 1] Throughput = 1.43296 Mbps
65626[UE 1 | RB 1] Throughput = 0.65468 Mbps
65736[UE 1 | RB 1] Throughput = 1.19934 Mbps
65837[UE 1 | RB 1] Throughput = 1.07400 Mbps
65947[UE 1 | RB 1] Throughput = 1.08790 Mbps
66057[UE 1 | RB 1] Throughput = 1.08962 Mbps
66167[UE 1 | RB 1] Throughput = 1.09353 Mbps
66267[UE 1 | RB 1] Throughput = 1.19530 Mbps
66377[UE 1 | RB 1] Throughput = 0.87239 Mbps
66477[UE 1 | RB 1] Throughput = 0.95844 Mbps
66577[UE 1 | RB 1] Throughput = 1.07814 Mbps
66687[UE 1 | RB 1] Throughput = 1.08898 Mbps
66787[UE 1 | RB 1] Throughput = 1.07797 Mbps
66887[UE 1 | RB 1] Throughput = 0.71740 Mbps
66997[UE 1 | RB 1] Throughput = 1.64049 Mbps
67097[UE 1 | RB 1] Throughput = 0.95600 Mbps
67207[UE 1 | RB 1] Throughput = 0.65486 Mbps
67307[UE 1 | RB 1] Throughput = 1.19806 Mbps
67407[UE 1 | RB 1] Throughput = 1.43735 Mbps
67507[UE 1 | RB 1] Throughput = 1.31799 Mbps
67617[UE 1 | RB 1] Throughput = 0.87300 Mbps
67717[UE 1 | RB 1] Throughput = 0.47716 Mbps
67827[UE 1 | RB 1] Throughput = 1.31348 Mbps
67927[UE 1 | RB 1] Throughput = 1.31462 Mbps
68027[UE 1 | RB 1] Throughput = 0.95665 Mbps
68137[UE 1 | RB 1] Throughput = 1.30923 Mbps
68246[UE 1 | RB 1] Throughput = 0.76646 Mbps
68347[UE 1 | RB 1] Throughput = 1.19037 Mbps
68457[UE 1 | RB 1] Throughput = 1.09412 Mbps
68557[UE 1 | RB 1] Throughput = 1.07815 Mbps
68657[UE 1 | RB 1] Throughput = 0.95852 Mbps
68757[UE 1 | RB 1] Throughput = 1.43752 Mbps
68866[UE 1 | RB 1] Throughput = 0.87407 Mbps
68977[UE 1 | RB 1] Throughput = 1.19570 Mbps
69077[UE 1 | RB 1] Throughput = 0.95829 Mbps
69177[UE 1 | RB 1] Throughput = 0.83840 Mbps
69277[UE 1 | RB 1] Throughput = 1.43799 Mbps
69377[UE 1 | RB 1] Throughput = 1.19785 Mbps
69477[UE 1 | RB 1] Throughput = 0.95720 Mbps
69587[UE 1 | RB 1] Throughput = 0.32706 Mbps
69697[UE 1 | RB 1] Throughput = 1.41539 Mbps
69797[UE 1 | RB 1] Throughput = 1.43766 Mbps
69897[UE 1 | RB 1] Throughput = 1.07843 Mbps
70007[UE 1 | RB 1] Throughput = 0.32756 Mbps
70117[UE 1 | RB 1] Throughput = 1.30884 Mbps
70217[UE 1 | RB 1] Throughput = 1.43341 Mbps
70327[UE 1 | RB 1] Throughput = 1.30777 Mbps
70437[UE 1 | RB 1] Throughput = 0.97887 Mbps
70547[UE 1 | RB 1] Throughput = 1.20180 Mbps
70647[UE 1 | RB 1] Throughput = 1.07546 Mbps
70747[UE 1 | RB 1] Throughput = 0.95650 Mbps
70857[UE 1 | RB 1] Throughput = 1.31120 Mbps
70957[UE 1 | RB 1] Throughput = 0.00000 Mbps
71067[UE 1 | RB 1] Throughput = 1.20389 Mbps
71167[UE 1 | RB 1] Throughput = 1.31759 Mbps
71267[UE 1 | RB 1] Throughput = 1.31821 Mbps
71367[UE 1 | RB 1] Throughput = 1.19730 Mbps
71477[UE 1 | RB 1] Throughput = 1.19994 Mbps
71587[UE 1 | RB 1] Throughput = 0.98054 Mbps
71687[UE 1 | RB 1] Throughput = 0.95599 Mbps
71797[UE 1 | RB 1] Throughput = 1.30814 Mbps
71897[UE 1 | RB 1] Throughput = 1.07777 Mbps
72007[UE 1 | RB 1] Throughput = 0.98030 Mbps
72117[UE 1 | RB 1] Throughput = 1.19986 Mbps
72217[UE 1 | RB 1] Throughput = 0.00000 Mbps
72317[UE 1 | RB 1] Throughput = 1.31380 Mbps
72427[UE 1 | RB 1] Throughput = 0.98255 Mbps
72527[UE 1 | RB 1] Throughput = 1.07458 Mbps
72637[UE 1 | RB 1] Throughput = 1.74516 Mbps
72738[UE 1 | RB 1] Throughput = 0.23874 Mbps
72847[UE 1 | RB 1] Throughput = 1.20688 Mbps
72947[UE 1 | RB 1] Throughput = 1.07682 Mbps
73047[UE 1 | RB 1] Throughput = 1.31608 Mbps
73157[UE 1 | RB 1] Throughput = 1.30967 Mbps
73257[UE 1 | RB 1] Throughput = 1.19546 Mbps
73367[UE 1 | RB 1] Throughput = 0.98348 Mbps
73467[UE 1 | RB 1] Throughput = 1.07547 Mbps
73577[UE 1 | RB 1] Throughput = 1.20088 Mbps
73677[UE 1 | RB 1] Throughput = 1.07765 Mbps
73777[UE 1 | RB 1] Throughput = 1.07703 Mbps
73887[UE 1 | RB 1] Throughput = 0.98162 Mbps
73997[UE 1 | RB 1] Throughput = 0.98047 Mbps
74107[UE 1 | RB 1] Throughput = 0.98264 Mbps
74207[UE 1 | RB 1] Throughput = 0.95674 Mbps
74307[UE 1 | RB 1] Throughput = 1.31628 Mbps
74407[UE 1 | RB 1] Throughput = 1.07740 Mbps
74518[UE 1 | RB 1] Throughput = 1.19708 Mbps
74618[UE 1 | RB 1] Throughput = 1.07650 Mbps
74728[UE 1 | RB 1] Throughput = 0.98147 Mbps
74837[UE 1 | RB 1] Throughput = 0.98289 Mbps
74947[UE 1 | RB 1] Throughput = 0.97937 Mbps
75057[UE 1 | RB 1] Throughput = 0.98087 Mbps
75167[UE 1 | RB 1] Throughput = 1.20013 Mbps
75267[UE 1 | RB 1] Throughput = 1.31574 Mbps
75368[UE 1 | RB 1] Throughput = 1.07792 Mbps
75477[UE 1 | RB 1] Throughput = 0.98392 Mbps
75587[UE 1 | RB 1] Throughput = 0.98278 Mbps
75687[UE 1 | RB 1] Throughput = 0.95565 Mbps
75787[UE 1 | RB 1] Throughput = 1.31711 Mbps
75887[UE 1 | RB 1] Throughput = 1.07739 Mbps
75997[UE 1 | RB 1] Throughput = 0.98242 Mbps
76097[UE 1 | RB 1] Throughput = 1.07771 Mbps
76207[UE 1 | RB 1] Throughput = 0.97971 Mbps
76317[UE 1 | RB 1] Throughput = 0.98272 Mbps
76417[UE 1 | RB 1] Throughput = 1.07518 Mbps
76528[UE 1 | RB 1] Throughput = 0.97869 Mbps
76628[UE 1 | RB 1] Throughput = 1.31784 Mbps
76737[UE 1 | RB 1] Throughput = 0.98328 Mbps
76847[UE 1 | RB 1] Throughput = 1.09135 Mbps
76948[UE 1 | RB 1] Throughput = 1.19033 Mbps
77058[UE 1 | RB 1] Throughput = 0.76464 Mbps
77167[UE 1 | RB 1] Throughput = 1.20221 Mbps
77267[UE 1 | RB 1] Throughput = 1.07715 Mbps
77377[UE 1 | RB 1] Throughput = 0.87107 Mbps
77487[UE 1 | RB 1] Throughput = 1.19892 Mbps
77587[UE 1 | RB 1] Throughput = 1.07672 Mbps
77697[UE 1 | RB 1] Throughput = 0.98321 Mbps
77807[UE 1 | RB 1] Throughput = 1.20011 Mbps
77907[UE 1 | RB 1] Throughput = 1.07685 Mbps
78007[UE 1 | RB 1] Throughput = 1.07703 Mbps
78108[UE 1 | RB 1] Throughput = 1.07671 Mbps
78208[UE 1 | RB 1] Throughput = 0.95862 Mbps
78318[UE 1 | RB 1] Throughput = 0.97979 Mbps
78427[UE 1 | RB 1] Throughput = 1.52868 Mbps
78528[UE 1 | RB 1] Throughput = 0.47810 Mbps
78628[UE 1 | RB 1] Throughput = 0.83849 Mbps
78737[UE 1 | RB 1] Throughput = 1.42184 Mbps
78837[UE 1 | RB 1] Throughput = 1.31545 Mbps
78938[UE 1 | RB 1] Throughput = 0.95501 Mbps
79047[UE 1 | RB 1] Throughput = 1.09565 Mbps
79147[UE 1 | RB 1] Throughput = 1.31520 Mbps
79248[UE 1 | RB 1] Throughput = 0.71803 Mbps
79358[UE 1 | RB 1] Throughput = 1.19793 Mbps
79468[UE 1 | RB 1] Throughput = 0.98042 Mbps
79568[UE 1 | RB 1] Throughput = 1.07856 Mbps
79677[UE 1 | RB 1] Throughput = 0.98319 Mbps
79777[UE 1 | RB 1] Throughput = 1.31707 Mbps
79878[UE 1 | RB 1] Throughput = 1.07674 Mbps
79987[UE 1 | RB 1] Throughput = 0.87499 Mbps
80097[UE 1 | RB 1] Throughput = 0.97789 Mbps
80208[UE 1 | RB 1] Throughput = 1.19534 Mbps
80318[UE 1 | RB 1] Throughput = 0.98075 Mbps
80427[UE 1 | RB 1] Throughput = 1.09292 Mbps
80528[UE 1 | RB 1] Throughput = 0.83768 Mbps
80637[UE 1 | RB 1] Throughput = 1.19860 Mbps
80738[UE 1 | RB 1] Throughput = 1.55700 Mbps
80838[UE 1 | RB 1] Throughput = 0.00000 Mbps
80948[UE 1 | RB 1] Throughput = 1.30801 Mbps
81057[UE 1 | RB 1] Throughput = 1.20093 Mbps
81158[UE 1 | RB 1] Throughput = 1.31552 Mbps
81268[UE 1 | RB 1] Throughput = 0.87179 Mbps
81377[UE 1 | RB 1] Throughput = 1.30993 Mbps
81487[UE 1 | RB 1] Throughput = 1.08914 Mbps
81597[UE 1 | RB 1] Throughput = 1.09148 Mbps
81697[UE 1 | RB 1] Throughput = 0.47881 Mbps
81797[UE 1 | RB 1] Throughput = 1.19830 Mbps
81897[UE 1 | RB 1] Throughput = 1.55571 Mbps
81998[UE 1 | RB 1] Throughput = 0.95820 Mbps
82098[UE 1 | RB 1] Throughput = 0.71895 Mbps
82198[UE 1 | RB 1] Throughput = 1.43276 Mbps
82307[UE 1 | RB 1] Throughput = 1.42436 Mbps
82407[UE 1 | RB 1] Throughput = 0.00000 Mbps
82507[UE 1 | RB 1] Throughput = 1.43717 Mbps
82608[UE 1 | RB 1] Throughput = 1.31603 Mbps
82708[UE 1 | RB 1] Throughput = 1.07803 Mbps
82818[UE 1 | RB 1] Throughput = 0.98144 Mbps
82918[UE 1 | RB 1] Throughput = 1.19754 Mbps
83028[UE 1 | RB 1] Throughput = 0.76260 Mbps
83137[UE 1 | RB 1] Throughput = 1.09247 Mbps
83247[UE 1 | RB 1] Throughput = 1.63686 Mbps
83348[UE 1 | RB 1] Throughput = 1.07207 Mbps
83458[UE 1 | RB 1] Throughput = 1.09089 Mbps
83568[UE 1 | RB 1] Throughput = 0.98110 Mbps
83677[UE 1 | RB 1] Throughput = 0.98152 Mbps
83788[UE 1 | RB 1] Throughput = 1.19754 Mbps
83888[UE 1 | RB 1] Throughput = 0.95829 Mbps
83997[UE 1 | RB 1] Throughput = 1.09168 Mbps
84098[UE 1 | RB 1] Throughput = 0.95214 Mbps
84208[UE 1 | RB 1] Throughput = 1.09314 Mbps
84317[UE 1 | RB 1] Throughput = 1.20031 Mbps
84418[UE 1 | RB 1] Throughput = 0.23889 Mbps
84528[UE 1 | RB 1] Throughput = 1.30868 Mbps
84637[UE 1 | RB 1] Throughput = 1.20214 Mbps
84738[UE 1 | RB 1] Throughput = 1.31504 Mbps
84847[UE 1 | RB 1] Throughput = 0.98229 Mbps
84948[UE 1 | RB 1] Throughput = 1.07556 Mbps
85048[UE 1 | RB 1] Throughput = 1.07511 Mbps
85158[UE 1 | RB 1] Throughput = 0.98408 Mbps
85258[UE 1 | RB 1] Throughput = 1.43464 Mbps
85368[UE 1 | RB 1] Throughput = 1.19729 Mbps
85478[UE 1 | RB 1] Throughput = 0.87386 Mbps
85578[UE 1 | RB 1] Throughput = 0.83796 Mbps
85688[UE 1 | RB 1] Throughput = 1.19441 Mbps
85798[UE 1 | RB 1] Throughput = 1.09152 Mbps
85908[UE 1 | RB 1] Throughput = 1.20147 Mbps
86018[UE 1 | RB 1] Throughput = 0.97588 Mbps
86128[UE 1 | RB 1] Throughput = 0.98398 Mbps
86238[UE 1 | RB 1] Throughput = 1.09111 Mbps
86338[UE 1 | RB 1] Throughput = 1.07531 Mbps
86447[UE 1 | RB 1] Throughput = 1.31357 Mbps
86548[UE 1 | RB 1] Throughput = 0.83782 Mbps
86648[UE 1 | RB 1] Throughput = 1.07249 Mbps
86758[UE 1 | RB 1] Throughput = 0.98270 Mbps
86858[UE 1 | RB 1] Throughput = 0.71758 Mbps
86968[UE 1 | RB 1] Throughput = 0.87312 Mbps
87078[UE 1 | RB 1] Throughput = 1.95742 Mbps
87178[UE 1 | RB 1] Throughput = 0.00000 Mbps
87288[UE 1 | RB 1] Throughput = 1.20331 Mbps
87388[UE 1 | RB 1] Throughput = 1.07783 Mbps
87488[UE 1 | RB 1] Throughput = 2.02840 Mbps
87598[UE 1 | RB 1] Throughput = 0.98161 Mbps
87708[UE 1 | RB 1] Throughput = 0.98226 Mbps
87808[UE 1 | RB 1] Throughput = 0.11976 Mbps
87908[UE 1 | RB 1] Throughput = 1.31561 Mbps
88018[UE 1 | RB 1] Throughput = 1.85611 Mbps
88128[UE 1 | RB 1] Throughput = 0.87037 Mbps
88238[UE 1 | RB 1] Throughput = 0.98466 Mbps
88338[UE 1 | RB 1] Throughput = 0.00000 Mbps
88448[UE 1 | RB 1] Throughput = 1.74613 Mbps
88558[UE 1 | RB 1] Throughput = 1.52370 Mbps
88668[UE 1 | RB 1] Throughput = 0.98230 Mbps
88768[UE 1 | RB 1] Throughput = 0.23886 Mbps
88878[UE 1 | RB 1] Throughput = 1.53115 Mbps
88978[UE 1 | RB 1] Throughput = 1.07566 Mbps
89078[UE 1 | RB 1] Throughput = 1.07720 Mbps
89179[UE 1 | RB 1] Throughput = 1.06952 Mbps
89288[UE 1 | RB 1] Throughput = 1.10014 Mbps
89388[UE 1 | RB 1] Throughput = 0.95630 Mbps
89488[UE 1 | RB 1] Throughput = 1.31752 Mbps
89598[UE 1 | RB 1] Throughput = 1.08948 Mbps
89708[UE 1 | RB 1] Throughput = 0.98346 Mbps
89818[UE 1 | RB 1] Throughput = 0.97692 Mbps
89928[UE 1 | RB 1] Throughput = 0.98304 Mbps
[xApp]: E42 RIC_SUBSCRIPTION_DELETE_REQUEST tx RAN_FUNC_ID 144 RIC_REQ_ID 1 
[xApp]: E42 SUBSCRIPTION DELETE RESPONSE rx
[xApp]: E42 RIC_SUBSCRIPTION_DELETE_REQUEST tx RAN_FUNC_ID 144 RIC_REQ_ID 2 
[xApp]: E42 SUBSCRIPTION DELETE RESPONSE rx
[xApp]: E42 RIC_SUBSCRIPTION_DELETE_REQUEST tx RAN_FUNC_ID 144 RIC_REQ_ID 3 
[xApp]: E42 SUBSCRIPTION DELETE RESPONSE rx
[xApp]: E42 RIC_SUBSCRIPTION_DELETE_REQUEST tx RAN_FUNC_ID 144 RIC_REQ_ID 4 
[xApp]: E42 SUBSCRIPTION DELETE RESPONSE rx
[xApp]: Sucessfully stopped 
Test xApp run SUCCESSFULLY
