[UTIL]: Setting the config -c file to /usr/local/etc/flexric/flexric.conf
[UTIL]: Setting path -p for the shared libraries to /usr/local/lib/flexric/
[xAapp]: Initializing ... 
[xApp]: nearRT-RIC IP Address = 192.168.70.150, PORT = 36422
[E2 AGENT]: Opening plugin from path = /usr/local/lib/flexric/libkpm_sm.so 
[E2 AGENT]: Opening plugin from path = /usr/local/lib/flexric/libmac_sm.so 
[E2 AGENT]: Opening plugin from path = /usr/local/lib/flexric/libpdcp_sm.so 
[E2 AGENT]: Opening plugin from path = /usr/local/lib/flexric/libgtp_sm.so 
[E2 AGENT]: Opening plugin from path = /usr/local/lib/flexric/librc_sm.so 
[E2 AGENT]: Opening plugin from path = /usr/local/lib/flexric/libtc_sm.so 
[E2 AGENT]: Opening plugin from path = /usr/local/lib/flexric/librlc_sm.so 
[E2 AGENT]: Opening plugin from path = /usr/local/lib/flexric/libslice_sm.so 
[NEAR-RIC]: Loading SM ID = 2 with def = ORAN-E2SM-KPM 
[NEAR-RIC]: Loading SM ID = 142 with def = MAC_STATS_V0 
[NEAR-RIC]: Loading SM ID = 144 with def = PDCP_STATS_V0 
[NEAR-RIC]: Loading SM ID = 148 with def = GTP_STATS_V0 
[NEAR-RIC]: Loading SM ID = 3 with def = ORAN-E2SM-RC 
[NEAR-RIC]: Loading SM ID = 146 with def = TC_STATS_V0 
[NEAR-RIC]: Loading SM ID = 143 with def = RLC_STATS_V0 
[NEAR-RIC]: Loading SM ID = 145 with def = SLICE_STATS_V0 
[xApp]: DB filename = /tmp/flexric/xapp_db 
 [xApp]: E42 SETUP-REQUEST tx
[xApp]: E42 SETUP-RESPONSE rx 
[xApp]: xApp ID = 28 
[xApp]: Registered E2 Nodes = 4 
Connected E2 nodes = 4
[xAPP] Registered node 0 ran func id = 2 
 [xAPP] Registered node 0 ran func id = 3 
 [xAPP] Registered node 0 ran func id = 142 
 [xAPP] Registered node 0 ran func id = 143 
 [xAPP] Registered node 0 ran func id = 144 
 [xAPP] Registered node 0 ran func id = 145 
 [xAPP] Registered node 0 ran func id = 146 
 [xAPP] Registered node 0 ran func id = 148 
 [xApp]: E42 RIC SUBSCRIPTION REQUEST tx RAN_FUNC_ID 144 RIC_REQ_ID 1 
[xApp]: SUBSCRIPTION RESPONSE rx
[xApp]: Successfully subscribed to RAN_FUNC_ID 144 
[xAPP] Registered node 1 ran func id = 2 
 [xAPP] Registered node 1 ran func id = 3 
 [xAPP] Registered node 1 ran func id = 142 
 [xAPP] Registered node 1 ran func id = 143 
 [xAPP] Registered node 1 ran func id = 144 
 [xAPP] Registered node 1 ran func id = 145 
 [xAPP] Registered node 1 ran func id = 146 
 [xAPP] Registered node 1 ran func id = 148 
 [xApp]: E42 RIC SUBSCRIPTION REQUEST tx RAN_FUNC_ID 144 RIC_REQ_ID 2 
[xApp]: SUBSCRIPTION RESPONSE rx
[xApp]: Successfully subscribed to RAN_FUNC_ID 144 
[xAPP] Registered node 2 ran func id = 2 
 [xAPP] Registered node 2 ran func id = 3 
 [xAPP] Registered node 2 ran func id = 142 
 [xAPP] Registered node 2 ran func id = 143 
 [xAPP] Registered node 2 ran func id = 144 
 [xAPP] Registered node 2 ran func id = 145 
 [xAPP] Registered node 2 ran func id = 146 
 [xAPP] Registered node 2 ran func id = 148 
 [xApp]: E42 RIC SUBSCRIPTION REQUEST tx RAN_FUNC_ID 144 RIC_REQ_ID 3 
[xApp]: SUBSCRIPTION RESPONSE rx
[xApp]: Successfully subscribed to RAN_FUNC_ID 144 
[xAPP] Registered node 3 ran func id = 2 
 [xAPP] Registered node 3 ran func id = 3 
 [xAPP] Registered node 3 ran func id = 142 
 [xAPP] Registered node 3 ran func id = 143 
 [xAPP] Registered node 3 ran func id = 144 
 [xAPP] Registered node 3 ran func id = 145 
 [xAPP] Registered node 3 ran func id = 146 
 [xAPP] Registered node 3 ran func id = 148 
 [xApp]: E42 RIC SUBSCRIPTION REQUEST tx RAN_FUNC_ID 144 RIC_REQ_ID 4 
[xApp]: SUBSCRIPTION RESPONSE rx
[xApp]: Successfully subscribed to RAN_FUNC_ID 144 
112[UE 2 | RB 1] Throughput = 1.19637 Mbps
212[UE 2 | RB 1] Throughput = 0.95860 Mbps
322[UE 2 | RB 1] Throughput = 1.09194 Mbps
422[UE 2 | RB 1] Throughput = 0.83767 Mbps
522[UE 2 | RB 1] Throughput = 1.31763 Mbps
632[UE 2 | RB 1] Throughput = 1.20007 Mbps
742[UE 2 | RB 1] Throughput = 1.08843 Mbps
842[UE 2 | RB 1] Throughput = 0.95797 Mbps
952[UE 2 | RB 1] Throughput = 1.09072 Mbps
1053[UE 2 | RB 1] Throughput = 1.07610 Mbps
1162[UE 2 | RB 1] Throughput = 0.98207 Mbps
1272[UE 2 | RB 1] Throughput = 1.09215 Mbps
1372[UE 2 | RB 1] Throughput = 0.83819 Mbps
1472[UE 2 | RB 1] Throughput = 1.31507 Mbps
1582[UE 2 | RB 1] Throughput = 0.87358 Mbps
1692[UE 2 | RB 1] Throughput = 0.87163 Mbps
1793[UE 2 | RB 1] Throughput = 0.95477 Mbps
1903[UE 2 | RB 1] Throughput = 1.74287 Mbps
2013[UE 2 | RB 1] Throughput = 0.76272 Mbps
2122[UE 2 | RB 1] Throughput = 1.09230 Mbps
2232[UE 2 | RB 1] Throughput = 1.30880 Mbps
2333[UE 2 | RB 1] Throughput = 0.83623 Mbps
2433[UE 2 | RB 1] Throughput = 1.07649 Mbps
2542[UE 2 | RB 1] Throughput = 1.31049 Mbps
2652[UE 2 | RB 1] Throughput = 0.65458 Mbps
2753[UE 2 | RB 1] Throughput = 1.31386 Mbps
2862[UE 2 | RB 1] Throughput = 1.31296 Mbps
2963[UE 2 | RB 1] Throughput = 0.71610 Mbps
3063[UE 2 | RB 1] Throughput = 0.71590 Mbps
3173[UE 2 | RB 1] Throughput = 1.20028 Mbps
3282[UE 2 | RB 1] Throughput = 1.42289 Mbps
3383[UE 2 | RB 1] Throughput = 0.71570 Mbps
3492[UE 2 | RB 1] Throughput = 1.42079 Mbps
3593[UE 2 | RB 1] Throughput = 1.19541 Mbps
3703[UE 2 | RB 1] Throughput = 0.65412 Mbps
3813[UE 2 | RB 1] Throughput = 1.30740 Mbps
3913[UE 2 | RB 1] Throughput = 0.95845 Mbps
4023[UE 2 | RB 1] Throughput = 1.30669 Mbps
4132[UE 2 | RB 1] Throughput = 0.65504 Mbps
4233[UE 2 | RB 1] Throughput = 1.43472 Mbps
4342[UE 2 | RB 1] Throughput = 0.98258 Mbps
4442[UE 2 | RB 1] Throughput = 0.95863 Mbps
4543[UE 2 | RB 1] Throughput = 1.19563 Mbps
4643[UE 2 | RB 1] Throughput = 1.07795 Mbps
4753[UE 2 | RB 1] Throughput = 0.65387 Mbps
4862[UE 2 | RB 1] Throughput = 1.31341 Mbps
4963[UE 2 | RB 1] Throughput = 1.19389 Mbps
5072[UE 2 | RB 1] Throughput = 1.09192 Mbps
5173[UE 2 | RB 1] Throughput = 1.19103 Mbps
5283[UE 2 | RB 1] Throughput = 0.98451 Mbps
5383[UE 2 | RB 1] Throughput = 0.83660 Mbps
5483[UE 2 | RB 1] Throughput = 1.31810 Mbps
5593[UE 2 | RB 1] Throughput = 1.09114 Mbps
5703[UE 2 | RB 1] Throughput = 0.65261 Mbps
5803[UE 2 | RB 1] Throughput = 1.19451 Mbps
5913[UE 2 | RB 1] Throughput = 1.09426 Mbps
6013[UE 2 | RB 1] Throughput = 1.31775 Mbps
6113[UE 2 | RB 1] Throughput = 1.31413 Mbps
6223[UE 2 | RB 1] Throughput = 0.65437 Mbps
6333[UE 2 | RB 1] Throughput = 1.31099 Mbps
6442[UE 2 | RB 1] Throughput = 1.09022 Mbps
6543[UE 2 | RB 1] Throughput = 0.83703 Mbps
6643[UE 2 | RB 1] Throughput = 1.31690 Mbps
6752[UE 2 | RB 1] Throughput = 0.76572 Mbps
6853[UE 2 | RB 1] Throughput = 1.43628 Mbps
6953[UE 2 | RB 1] Throughput = 0.95333 Mbps
7063[UE 2 | RB 1] Throughput = 0.65411 Mbps
7173[UE 2 | RB 1] Throughput = 1.30815 Mbps
7283[UE 2 | RB 1] Throughput = 1.20017 Mbps
7383[UE 2 | RB 1] Throughput = 1.07637 Mbps
7493[UE 2 | RB 1] Throughput = 0.98029 Mbps
7602[UE 2 | RB 1] Throughput = 1.09602 Mbps
7703[UE 2 | RB 1] Throughput = 1.07226 Mbps
7813[UE 2 | RB 1] Throughput = 1.20216 Mbps
7922[UE 2 | RB 1] Throughput = 0.98127 Mbps
8033[UE 2 | RB 1] Throughput = 1.30585 Mbps
8133[UE 2 | RB 1] Throughput = 0.71864 Mbps
8233[UE 2 | RB 1] Throughput = 0.95831 Mbps
8333[UE 2 | RB 1] Throughput = 1.43761 Mbps
8443[UE 2 | RB 1] Throughput = 0.65316 Mbps
8553[UE 2 | RB 1] Throughput = 1.41732 Mbps
8653[UE 2 | RB 1] Throughput = 0.95769 Mbps
8763[UE 2 | RB 1] Throughput = 0.65551 Mbps
8863[UE 2 | RB 1] Throughput = 1.67551 Mbps
8973[UE 2 | RB 1] Throughput = 1.09043 Mbps
9073[UE 2 | RB 1] Throughput = 0.95445 Mbps
9183[UE 2 | RB 1] Throughput = 0.87247 Mbps
9293[UE 2 | RB 1] Throughput = 0.98133 Mbps
9402[UE 2 | RB 1] Throughput = 0.98424 Mbps
9503[UE 2 | RB 1] Throughput = 1.31607 Mbps
9603[UE 2 | RB 1] Throughput = 0.71525 Mbps
9713[UE 2 | RB 1] Throughput = 1.42350 Mbps
9813[UE 2 | RB 1] Throughput = 0.71732 Mbps
9913[UE 2 | RB 1] Throughput = 1.67419 Mbps
10023[UE 2 | RB 1] Throughput = 0.65493 Mbps
10133[UE 2 | RB 1] Throughput = 0.87360 Mbps
10233[UE 2 | RB 1] Throughput = 1.55267 Mbps
10333[UE 2 | RB 1] Throughput = 0.71885 Mbps
10443[UE 2 | RB 1] Throughput = 1.30760 Mbps
10543[UE 2 | RB 1] Throughput = 0.83795 Mbps
10643[UE 2 | RB 1] Throughput = 0.95808 Mbps
10753[UE 2 | RB 1] Throughput = 1.52827 Mbps
10853[UE 2 | RB 1] Throughput = 0.83635 Mbps
10963[UE 2 | RB 1] Throughput = 1.31172 Mbps
11063[UE 2 | RB 1] Throughput = 1.19822 Mbps
11163[UE 2 | RB 1] Throughput = 0.71777 Mbps
11273[UE 2 | RB 1] Throughput = 1.41521 Mbps
11373[UE 2 | RB 1] Throughput = 0.71855 Mbps
11483[UE 2 | RB 1] Throughput = 1.30520 Mbps
11584[UE 2 | RB 1] Throughput = 0.59680 Mbps
11693[UE 2 | RB 1] Throughput = 1.32121 Mbps
11793[UE 2 | RB 1] Throughput = 1.19555 Mbps
11893[UE 2 | RB 1] Throughput = 0.83514 Mbps
12003[UE 2 | RB 1] Throughput = 1.31106 Mbps
12113[UE 2 | RB 1] Throughput = 0.65294 Mbps
12213[UE 2 | RB 1] Throughput = 1.43478 Mbps
12323[UE 2 | RB 1] Throughput = 0.65627 Mbps
12423[UE 2 | RB 1] Throughput = 1.67655 Mbps
12533[UE 2 | RB 1] Throughput = 0.65510 Mbps
12633[UE 2 | RB 1] Throughput = 1.43505 Mbps
12743[UE 2 | RB 1] Throughput = 1.20086 Mbps
12843[UE 2 | RB 1] Throughput = 1.07786 Mbps
12953[UE 2 | RB 1] Throughput = 0.65259 Mbps
13053[UE 2 | RB 1] Throughput = 1.43570 Mbps
13163[UE 2 | RB 1] Throughput = 0.65292 Mbps
13273[UE 2 | RB 1] Throughput = 1.30805 Mbps
13383[UE 2 | RB 1] Throughput = 1.19983 Mbps
13483[UE 2 | RB 1] Throughput = 0.71900 Mbps
13593[UE 2 | RB 1] Throughput = 1.19724 Mbps
13703[UE 2 | RB 1] Throughput = 1.20200 Mbps
13804[UE 2 | RB 1] Throughput = 1.07004 Mbps
13913[UE 2 | RB 1] Throughput = 0.98384 Mbps
14023[UE 2 | RB 1] Throughput = 1.09139 Mbps
14133[UE 2 | RB 1] Throughput = 1.09154 Mbps
14233[UE 2 | RB 1] Throughput = 0.95460 Mbps
14343[UE 2 | RB 1] Throughput = 1.09639 Mbps
14443[UE 2 | RB 1] Throughput = 1.31317 Mbps
14543[UE 2 | RB 1] Throughput = 0.71772 Mbps
14654[UE 2 | RB 1] Throughput = 1.40723 Mbps
14763[UE 2 | RB 1] Throughput = 0.76838 Mbps
14863[UE 2 | RB 1] Throughput = 1.19633 Mbps
14974[UE 2 | RB 1] Throughput = 1.08496 Mbps
15083[UE 2 | RB 1] Throughput = 1.09762 Mbps
15183[UE 2 | RB 1] Throughput = 0.83776 Mbps
15293[UE 2 | RB 1] Throughput = 1.41421 Mbps
15393[UE 2 | RB 1] Throughput = 0.59781 Mbps
15493[UE 2 | RB 1] Throughput = 1.43788 Mbps
15603[UE 2 | RB 1] Throughput = 0.87672 Mbps
15703[UE 2 | RB 1] Throughput = 1.43364 Mbps
15813[UE 2 | RB 1] Throughput = 0.86930 Mbps
15913[UE 2 | RB 1] Throughput = 0.83851 Mbps
16023[UE 2 | RB 1] Throughput = 1.20089 Mbps
16133[UE 2 | RB 1] Throughput = 1.19767 Mbps
16243[UE 2 | RB 1] Throughput = 1.20303 Mbps
16343[UE 2 | RB 1] Throughput = 0.59720 Mbps
16453[UE 2 | RB 1] Throughput = 1.08764 Mbps
16554[UE 2 | RB 1] Throughput = 1.43484 Mbps
16663[UE 2 | RB 1] Throughput = 0.65623 Mbps
16763[UE 2 | RB 1] Throughput = 1.43766 Mbps
16873[UE 2 | RB 1] Throughput = 0.65431 Mbps
16973[UE 2 | RB 1] Throughput = 1.43482 Mbps
17073[UE 2 | RB 1] Throughput = 0.83821 Mbps
17183[UE 2 | RB 1] Throughput = 1.30968 Mbps
17293[UE 2 | RB 1] Throughput = 0.97917 Mbps
17403[UE 2 | RB 1] Throughput = 1.19738 Mbps
17513[UE 2 | RB 1] Throughput = 1.19948 Mbps
17623[UE 2 | RB 1] Throughput = 0.76463 Mbps
17723[UE 2 | RB 1] Throughput = 1.31766 Mbps
17833[UE 2 | RB 1] Throughput = 0.87252 Mbps
17933[UE 2 | RB 1] Throughput = 0.83418 Mbps
18043[UE 2 | RB 1] Throughput = 1.41825 Mbps
18153[UE 2 | RB 1] Throughput = 1.08956 Mbps
18253[UE 2 | RB 1] Throughput = 0.71831 Mbps
18353[UE 2 | RB 1] Throughput = 1.43725 Mbps
18453[UE 2 | RB 1] Throughput = 1.07847 Mbps
18563[UE 2 | RB 1] Throughput = 0.65548 Mbps
18663[UE 2 | RB 1] Throughput = 1.67217 Mbps
18773[UE 2 | RB 1] Throughput = 0.65408 Mbps
18874[UE 2 | RB 1] Throughput = 1.42498 Mbps
18984[UE 2 | RB 1] Throughput = 1.09784 Mbps
19093[UE 2 | RB 1] Throughput = 0.76447 Mbps
19193[UE 2 | RB 1] Throughput = 1.31817 Mbps
19303[UE 2 | RB 1] Throughput = 0.98236 Mbps
19403[UE 2 | RB 1] Throughput = 0.95658 Mbps
19503[UE 2 | RB 1] Throughput = 1.07790 Mbps
19613[UE 2 | RB 1] Throughput = 0.98001 Mbps
19714[UE 2 | RB 1] Throughput = 0.95556 Mbps
19823[UE 2 | RB 1] Throughput = 1.42059 Mbps
19923[UE 2 | RB 1] Throughput = 0.71852 Mbps
20033[UE 2 | RB 1] Throughput = 1.19815 Mbps
20143[UE 2 | RB 1] Throughput = 1.20151 Mbps
20243[UE 2 | RB 1] Throughput = 1.31691 Mbps
20343[UE 2 | RB 1] Throughput = 0.83845 Mbps
20443[UE 2 | RB 1] Throughput = 1.07701 Mbps
20553[UE 2 | RB 1] Throughput = 1.19885 Mbps
20663[UE 2 | RB 1] Throughput = 0.65577 Mbps
20763[UE 2 | RB 1] Throughput = 1.31778 Mbps
20864[UE 2 | RB 1] Throughput = 0.83477 Mbps
20974[UE 2 | RB 1] Throughput = 1.41750 Mbps
21074[UE 2 | RB 1] Throughput = 0.71898 Mbps
21174[UE 2 | RB 1] Throughput = 1.43674 Mbps
21284[UE 2 | RB 1] Throughput = 0.87122 Mbps
21384[UE 2 | RB 1] Throughput = 0.71886 Mbps
21493[UE 2 | RB 1] Throughput = 1.31136 Mbps
21594[UE 2 | RB 1] Throughput = 1.43457 Mbps
21694[UE 2 | RB 1] Throughput = 0.83564 Mbps
21804[UE 2 | RB 1] Throughput = 0.98262 Mbps
21913[UE 2 | RB 1] Throughput = 1.09370 Mbps
22014[UE 2 | RB 1] Throughput = 1.19589 Mbps
22123[UE 2 | RB 1] Throughput = 1.19986 Mbps
22224[UE 2 | RB 1] Throughput = 0.71831 Mbps
22334[UE 2 | RB 1] Throughput = 1.30720 Mbps
22443[UE 2 | RB 1] Throughput = 1.09014 Mbps
22553[UE 2 | RB 1] Throughput = 0.65534 Mbps
22653[UE 2 | RB 1] Throughput = 1.43464 Mbps
22764[UE 2 | RB 1] Throughput = 0.65265 Mbps
22873[UE 2 | RB 1] Throughput = 1.53010 Mbps
22974[UE 2 | RB 1] Throughput = 0.95560 Mbps
23074[UE 2 | RB 1] Throughput = 1.07697 Mbps
23184[UE 2 | RB 1] Throughput = 0.87218 Mbps
23284[UE 2 | RB 1] Throughput = 1.43649 Mbps
23394[UE 2 | RB 1] Throughput = 1.09019 Mbps
23503[UE 2 | RB 1] Throughput = 0.65592 Mbps
23613[UE 2 | RB 1] Throughput = 1.30707 Mbps
23713[UE 2 | RB 1] Throughput = 1.31755 Mbps
23823[UE 2 | RB 1] Throughput = 0.87370 Mbps
23923[UE 2 | RB 1] Throughput = 1.19521 Mbps
24023[UE 2 | RB 1] Throughput = 0.83797 Mbps
24123[UE 2 | RB 1] Throughput = 1.19808 Mbps
24224[UE 2 | RB 1] Throughput = 0.83603 Mbps
24333[UE 2 | RB 1] Throughput = 1.09390 Mbps
24434[UE 2 | RB 1] Throughput = 1.43514 Mbps
24543[UE 2 | RB 1] Throughput = 0.87246 Mbps
24644[UE 2 | RB 1] Throughput = 1.19283 Mbps
24754[UE 2 | RB 1] Throughput = 0.98195 Mbps
24864[UE 2 | RB 1] Throughput = 1.19887 Mbps
24964[UE 2 | RB 1] Throughput = 0.83768 Mbps
25074[UE 2 | RB 1] Throughput = 1.20233 Mbps
25174[UE 2 | RB 1] Throughput = 0.71730 Mbps
25284[UE 2 | RB 1] Throughput = 1.41896 Mbps
25394[UE 2 | RB 1] Throughput = 1.19810 Mbps
25494[UE 2 | RB 1] Throughput = 0.59851 Mbps
25594[UE 2 | RB 1] Throughput = 1.19551 Mbps
25694[UE 2 | RB 1] Throughput = 1.31586 Mbps
25804[UE 2 | RB 1] Throughput = 1.09429 Mbps
25904[UE 2 | RB 1] Throughput = 0.71864 Mbps
26014[UE 2 | RB 1] Throughput = 1.09073 Mbps
26114[UE 2 | RB 1] Throughput = 1.31352 Mbps
26224[UE 2 | RB 1] Throughput = 1.19821 Mbps
26334[UE 2 | RB 1] Throughput = 0.54554 Mbps
26444[UE 2 | RB 1] Throughput = 1.41389 Mbps
26554[UE 2 | RB 1] Throughput = 0.98239 Mbps
26664[UE 2 | RB 1] Throughput = 1.09070 Mbps
26774[UE 2 | RB 1] Throughput = 1.08982 Mbps
26874[UE 2 | RB 1] Throughput = 0.71677 Mbps
26974[UE 2 | RB 1] Throughput = 1.55286 Mbps
27084[UE 2 | RB 1] Throughput = 0.65697 Mbps
27193[UE 2 | RB 1] Throughput = 0.87315 Mbps
27294[UE 2 | RB 1] Throughput = 1.55324 Mbps
27404[UE 2 | RB 1] Throughput = 1.08962 Mbps
27514[UE 2 | RB 1] Throughput = 0.98058 Mbps
27614[UE 2 | RB 1] Throughput = 1.31657 Mbps
27724[UE 2 | RB 1] Throughput = 0.76440 Mbps
27824[UE 2 | RB 1] Throughput = 1.31642 Mbps
27933[UE 2 | RB 1] Throughput = 1.20230 Mbps
28034[UE 2 | RB 1] Throughput = 0.59751 Mbps
28134[UE 2 | RB 1] Throughput = 1.55699 Mbps
28234[UE 2 | RB 1] Throughput = 0.71700 Mbps
28344[UE 2 | RB 1] Throughput = 1.20166 Mbps
28444[UE 2 | RB 1] Throughput = 1.19471 Mbps
28554[UE 2 | RB 1] Throughput = 0.98486 Mbps
28654[UE 2 | RB 1] Throughput = 1.19692 Mbps
28764[UE 2 | RB 1] Throughput = 0.65371 Mbps
28864[UE 2 | RB 1] Throughput = 1.19303 Mbps
28974[UE 2 | RB 1] Throughput = 1.20042 Mbps
29083[UE 2 | RB 1] Throughput = 1.20349 Mbps
29184[UE 2 | RB 1] Throughput = 1.19738 Mbps
29284[UE 2 | RB 1] Throughput = 0.59852 Mbps
29384[UE 2 | RB 1] Throughput = 1.19296 Mbps
29484[UE 2 | RB 1] Throughput = 1.07819 Mbps
29594[UE 2 | RB 1] Throughput = 1.09347 Mbps
29694[UE 2 | RB 1] Throughput = 1.31210 Mbps
29804[UE 2 | RB 1] Throughput = 0.87047 Mbps
29914[UE 2 | RB 1] Throughput = 1.20429 Mbps
30014[UE 2 | RB 1] Throughput = 1.19484 Mbps
30124[UE 2 | RB 1] Throughput = 0.65495 Mbps
30224[UE 2 | RB 1] Throughput = 1.43670 Mbps
30324[UE 2 | RB 1] Throughput = 0.71846 Mbps
30434[UE 2 | RB 1] Throughput = 1.30975 Mbps
30534[UE 2 | RB 1] Throughput = 0.71803 Mbps
30644[UE 2 | RB 1] Throughput = 1.31193 Mbps
30744[UE 2 | RB 1] Throughput = 1.31278 Mbps
30854[UE 2 | RB 1] Throughput = 0.65562 Mbps
30954[UE 2 | RB 1] Throughput = 1.31778 Mbps
31054[UE 2 | RB 1] Throughput = 1.19737 Mbps
31154[UE 2 | RB 1] Throughput = 0.71751 Mbps
31264[UE 2 | RB 1] Throughput = 1.30774 Mbps
31374[UE 2 | RB 1] Throughput = 1.19993 Mbps
31484[UE 2 | RB 1] Throughput = 0.65516 Mbps
31584[UE 2 | RB 1] Throughput = 0.95639 Mbps
31684[UE 2 | RB 1] Throughput = 1.19767 Mbps
31794[UE 2 | RB 1] Throughput = 1.30863 Mbps
31894[UE 2 | RB 1] Throughput = 1.19517 Mbps
31994[UE 2 | RB 1] Throughput = 0.59837 Mbps
32104[UE 2 | RB 1] Throughput = 1.09560 Mbps
32204[UE 2 | RB 1] Throughput = 0.83412 Mbps
32314[UE 2 | RB 1] Throughput = 1.52693 Mbps
32424[UE 2 | RB 1] Throughput = 0.98301 Mbps
32524[UE 2 | RB 1] Throughput = 1.07476 Mbps
32634[UE 2 | RB 1] Throughput = 1.09414 Mbps
32734[UE 2 | RB 1] Throughput = 1.19604 Mbps
32834[UE 2 | RB 1] Throughput = 1.07665 Mbps
32944[UE 2 | RB 1] Throughput = 1.09214 Mbps
33044[UE 2 | RB 1] Throughput = 0.83663 Mbps
33154[UE 2 | RB 1] Throughput = 1.31149 Mbps
33254[UE 2 | RB 1] Throughput = 0.59870 Mbps
33354[UE 2 | RB 1] Throughput = 1.43418 Mbps
33454[UE 2 | RB 1] Throughput = 1.19707 Mbps
33564[UE 2 | RB 1] Throughput = 0.65520 Mbps
33674[UE 2 | RB 1] Throughput = 1.31110 Mbps
33774[UE 2 | RB 1] Throughput = 0.95786 Mbps
33874[UE 2 | RB 1] Throughput = 1.31504 Mbps
33974[UE 2 | RB 1] Throughput = 0.71537 Mbps
34084[UE 2 | RB 1] Throughput = 1.30732 Mbps
34194[UE 2 | RB 1] Throughput = 0.98466 Mbps
34294[UE 2 | RB 1] Throughput = 1.07653 Mbps
34404[UE 2 | RB 1] Throughput = 1.08985 Mbps
34514[UE 2 | RB 1] Throughput = 1.19848 Mbps
34624[UE 2 | RB 1] Throughput = 0.98127 Mbps
34724[UE 2 | RB 1] Throughput = 1.19836 Mbps
34834[UE 2 | RB 1] Throughput = 0.76287 Mbps
34944[UE 2 | RB 1] Throughput = 1.30779 Mbps
35044[UE 2 | RB 1] Throughput = 1.07498 Mbps
35154[UE 2 | RB 1] Throughput = 1.09232 Mbps
35264[UE 2 | RB 1] Throughput = 0.86887 Mbps
35374[UE 2 | RB 1] Throughput = 1.08949 Mbps
35484[UE 2 | RB 1] Throughput = 1.09015 Mbps
35595[UE 2 | RB 1] Throughput = 1.08738 Mbps
35704[UE 2 | RB 1] Throughput = 1.30963 Mbps
35805[UE 2 | RB 1] Throughput = 0.59638 Mbps
35914[UE 2 | RB 1] Throughput = 1.20527 Mbps
36014[UE 2 | RB 1] Throughput = 1.19586 Mbps
36114[UE 2 | RB 1] Throughput = 1.31763 Mbps
36224[UE 2 | RB 1] Throughput = 0.65370 Mbps
36334[UE 2 | RB 1] Throughput = 1.42152 Mbps
36434[UE 2 | RB 1] Throughput = 0.83767 Mbps
36534[UE 2 | RB 1] Throughput = 0.95677 Mbps
36634[UE 2 | RB 1] Throughput = 1.31769 Mbps
36744[UE 2 | RB 1] Throughput = 0.98142 Mbps
36854[UE 2 | RB 1] Throughput = 0.98004 Mbps
36964[UE 2 | RB 1] Throughput = 1.19758 Mbps
37074[UE 2 | RB 1] Throughput = 1.09030 Mbps
37184[UE 2 | RB 1] Throughput = 0.65408 Mbps
37295[UE 2 | RB 1] Throughput = 1.30396 Mbps
37404[UE 2 | RB 1] Throughput = 1.20075 Mbps
37514[UE 2 | RB 1] Throughput = 0.87058 Mbps
37624[UE 2 | RB 1] Throughput = 1.20020 Mbps
37734[UE 2 | RB 1] Throughput = 1.19951 Mbps
37834[UE 2 | RB 1] Throughput = 1.07672 Mbps
37945[UE 2 | RB 1] Throughput = 0.97902 Mbps
38054[UE 2 | RB 1] Throughput = 1.31195 Mbps
38154[UE 2 | RB 1] Throughput = 0.59759 Mbps
38264[UE 2 | RB 1] Throughput = 1.20147 Mbps
38364[UE 2 | RB 1] Throughput = 1.19689 Mbps
38465[UE 2 | RB 1] Throughput = 0.71734 Mbps
38574[UE 2 | RB 1] Throughput = 0.98230 Mbps
38674[UE 2 | RB 1] Throughput = 1.31719 Mbps
38774[UE 2 | RB 1] Throughput = 1.31733 Mbps
38884[UE 2 | RB 1] Throughput = 0.76248 Mbps
38994[UE 2 | RB 1] Throughput = 1.30870 Mbps
39095[UE 2 | RB 1] Throughput = 0.95554 Mbps
39204[UE 2 | RB 1] Throughput = 1.20076 Mbps
39305[UE 2 | RB 1] Throughput = 1.19578 Mbps
39405[UE 2 | RB 1] Throughput = 0.59850 Mbps
39514[UE 2 | RB 1] Throughput = 1.20233 Mbps
39625[UE 2 | RB 1] Throughput = 1.30641 Mbps
39735[UE 2 | RB 1] Throughput = 0.65329 Mbps
39844[UE 2 | RB 1] Throughput = 1.20067 Mbps
39954[UE 2 | RB 1] Throughput = 1.31022 Mbps
40054[UE 2 | RB 1] Throughput = 0.83876 Mbps
40154[UE 2 | RB 1] Throughput = 1.19502 Mbps
40254[UE 2 | RB 1] Throughput = 1.07809 Mbps
40364[UE 2 | RB 1] Throughput = 0.87199 Mbps
40474[UE 2 | RB 1] Throughput = 1.30855 Mbps
40574[UE 2 | RB 1] Throughput = 1.19701 Mbps
40684[UE 2 | RB 1] Throughput = 0.76378 Mbps
40784[UE 2 | RB 1] Throughput = 1.19840 Mbps
40884[UE 2 | RB 1] Throughput = 1.31753 Mbps
40985[UE 2 | RB 1] Throughput = 0.83625 Mbps
41094[UE 2 | RB 1] Throughput = 1.20022 Mbps
41205[UE 2 | RB 1] Throughput = 0.76203 Mbps
41314[UE 2 | RB 1] Throughput = 1.30987 Mbps
41424[UE 2 | RB 1] Throughput = 0.98090 Mbps
41524[UE 2 | RB 1] Throughput = 0.71796 Mbps
41634[UE 2 | RB 1] Throughput = 1.30781 Mbps
41744[UE 2 | RB 1] Throughput = 1.09037 Mbps
41844[UE 2 | RB 1] Throughput = 0.83846 Mbps
41945[UE 2 | RB 1] Throughput = 1.43578 Mbps
42045[UE 2 | RB 1] Throughput = 0.71718 Mbps
42155[UE 2 | RB 1] Throughput = 1.30902 Mbps
42264[UE 2 | RB 1] Throughput = 1.09326 Mbps
42365[UE 2 | RB 1] Throughput = 0.95483 Mbps
42474[UE 2 | RB 1] Throughput = 1.30955 Mbps
42575[UE 2 | RB 1] Throughput = 0.71646 Mbps
42685[UE 2 | RB 1] Throughput = 1.30650 Mbps
42795[UE 2 | RB 1] Throughput = 1.20173 Mbps
42895[UE 2 | RB 1] Throughput = 0.83778 Mbps
43005[UE 2 | RB 1] Throughput = 0.86837 Mbps
43115[UE 2 | RB 1] Throughput = 1.42163 Mbps
43225[UE 2 | RB 1] Throughput = 1.09012 Mbps
43325[UE 2 | RB 1] Throughput = 0.95651 Mbps
43435[UE 2 | RB 1] Throughput = 0.76374 Mbps
43535[UE 2 | RB 1] Throughput = 1.55458 Mbps
43645[UE 2 | RB 1] Throughput = 0.65640 Mbps
43745[UE 2 | RB 1] Throughput = 1.43416 Mbps
43855[UE 2 | RB 1] Throughput = 1.19991 Mbps
43955[UE 2 | RB 1] Throughput = 0.83843 Mbps
44055[UE 2 | RB 1] Throughput = 0.83809 Mbps
44165[UE 2 | RB 1] Throughput = 1.30798 Mbps
44275[UE 2 | RB 1] Throughput = 0.98103 Mbps
44385[UE 2 | RB 1] Throughput = 1.19655 Mbps
44495[UE 2 | RB 1] Throughput = 0.65378 Mbps
44605[UE 2 | RB 1] Throughput = 1.20073 Mbps
44715[UE 2 | RB 1] Throughput = 1.19501 Mbps
44825[UE 2 | RB 1] Throughput = 1.19968 Mbps
44935[UE 2 | RB 1] Throughput = 1.09233 Mbps
45035[UE 2 | RB 1] Throughput = 1.19678 Mbps
45145[UE 2 | RB 1] Throughput = 0.76333 Mbps
45254[UE 2 | RB 1] Throughput = 1.30962 Mbps
45355[UE 2 | RB 1] Throughput = 0.83333 Mbps
45464[UE 2 | RB 1] Throughput = 1.20772 Mbps
45564[UE 2 | RB 1] Throughput = 0.71686 Mbps
45675[UE 2 | RB 1] Throughput = 0.76195 Mbps
45784[UE 2 | RB 1] Throughput = 1.63555 Mbps
45885[UE 2 | RB 1] Throughput = 1.19442 Mbps
45995[UE 2 | RB 1] Throughput = 0.87257 Mbps
46095[UE 2 | RB 1] Throughput = 0.95761 Mbps
46205[UE 2 | RB 1] Throughput = 1.20003 Mbps
46305[UE 2 | RB 1] Throughput = 0.71883 Mbps
46405[UE 2 | RB 1] Throughput = 1.43706 Mbps
46515[UE 2 | RB 1] Throughput = 1.20016 Mbps
46615[UE 2 | RB 1] Throughput = 0.95569 Mbps
46725[UE 2 | RB 1] Throughput = 1.08676 Mbps
46835[UE 2 | RB 1] Throughput = 1.20267 Mbps
46945[UE 2 | RB 1] Throughput = 0.54324 Mbps
47055[UE 2 | RB 1] Throughput = 1.41811 Mbps
47165[UE 2 | RB 1] Throughput = 1.20047 Mbps
47265[UE 2 | RB 1] Throughput = 0.83725 Mbps
47375[UE 2 | RB 1] Throughput = 1.20261 Mbps
47475[UE 2 | RB 1] Throughput = 1.07702 Mbps
47585[UE 2 | RB 1] Throughput = 0.87246 Mbps
47685[UE 2 | RB 1] Throughput = 1.31698 Mbps
47785[UE 2 | RB 1] Throughput = 0.83883 Mbps
47895[UE 2 | RB 1] Throughput = 1.19815 Mbps
48005[UE 2 | RB 1] Throughput = 0.76340 Mbps
48115[UE 2 | RB 1] Throughput = 1.52636 Mbps
48215[UE 2 | RB 1] Throughput = 0.71628 Mbps
48324[UE 2 | RB 1] Throughput = 1.42185 Mbps
48425[UE 2 | RB 1] Throughput = 0.95636 Mbps
48525[UE 2 | RB 1] Throughput = 0.95727 Mbps
48635[UE 2 | RB 1] Throughput = 1.30643 Mbps
48735[UE 2 | RB 1] Throughput = 0.83750 Mbps
48845[UE 2 | RB 1] Throughput = 0.76546 Mbps
48955[UE 2 | RB 1] Throughput = 1.52256 Mbps
49055[UE 2 | RB 1] Throughput = 0.95613 Mbps
49155[UE 2 | RB 1] Throughput = 0.83867 Mbps
49265[UE 2 | RB 1] Throughput = 1.30697 Mbps
49375[UE 2 | RB 1] Throughput = 0.65469 Mbps
49485[UE 2 | RB 1] Throughput = 1.42042 Mbps
49595[UE 2 | RB 1] Throughput = 0.87183 Mbps
49695[UE 2 | RB 1] Throughput = 1.07235 Mbps
49805[UE 2 | RB 1] Throughput = 0.87173 Mbps
49915[UE 2 | RB 1] Throughput = 1.52630 Mbps
50025[UE 2 | RB 1] Throughput = 0.76303 Mbps
50135[UE 2 | RB 1] Throughput = 1.41708 Mbps
50235[UE 2 | RB 1] Throughput = 0.71645 Mbps
50345[UE 2 | RB 1] Throughput = 0.87787 Mbps
50445[UE 2 | RB 1] Throughput = 1.55348 Mbps
50555[UE 2 | RB 1] Throughput = 0.65277 Mbps
50655[UE 2 | RB 1] Throughput = 0.95771 Mbps
50756[UE 2 | RB 1] Throughput = 1.55292 Mbps
50865[UE 2 | RB 1] Throughput = 0.87824 Mbps
50965[UE 2 | RB 1] Throughput = 0.95445 Mbps
51075[UE 2 | RB 1] Throughput = 1.41278 Mbps
51185[UE 2 | RB 1] Throughput = 0.65547 Mbps
51286[UE 2 | RB 1] Throughput = 0.95267 Mbps
51395[UE 2 | RB 1] Throughput = 1.64022 Mbps
51505[UE 2 | RB 1] Throughput = 1.09010 Mbps
51615[UE 2 | RB 1] Throughput = 1.19633 Mbps
51725[UE 2 | RB 1] Throughput = 0.76514 Mbps
51825[UE 2 | RB 1] Throughput = 1.07788 Mbps
51925[UE 2 | RB 1] Throughput = 0.95731 Mbps
52025[UE 2 | RB 1] Throughput = 1.19799 Mbps
52135[UE 2 | RB 1] Throughput = 1.30781 Mbps
52245[UE 2 | RB 1] Throughput = 0.98350 Mbps
52345[UE 2 | RB 1] Throughput = 0.95761 Mbps
52445[UE 2 | RB 1] Throughput = 1.07462 Mbps
52555[UE 2 | RB 1] Throughput = 0.87276 Mbps
52665[UE 2 | RB 1] Throughput = 1.30938 Mbps
52765[UE 2 | RB 1] Throughput = 0.95738 Mbps
52875[UE 2 | RB 1] Throughput = 0.98180 Mbps
52975[UE 2 | RB 1] Throughput = 1.19772 Mbps
53075[UE 2 | RB 1] Throughput = 1.19711 Mbps
53175[UE 2 | RB 1] Throughput = 0.83851 Mbps
53275[UE 2 | RB 1] Throughput = 1.31628 Mbps
53385[UE 2 | RB 1] Throughput = 1.09289 Mbps
53485[UE 2 | RB 1] Throughput = 0.71834 Mbps
53595[UE 2 | RB 1] Throughput = 0.65276 Mbps
53705[UE 2 | RB 1] Throughput = 1.74745 Mbps
53805[UE 2 | RB 1] Throughput = 0.95800 Mbps
53905[UE 2 | RB 1] Throughput = 1.07703 Mbps
54015[UE 2 | RB 1] Throughput = 0.98091 Mbps
54125[UE 2 | RB 1] Throughput = 1.20298 Mbps
54225[UE 2 | RB 1] Throughput = 0.95720 Mbps
54325[UE 2 | RB 1] Throughput = 1.19592 Mbps
54426[UE 2 | RB 1] Throughput = 0.71559 Mbps
54535[UE 2 | RB 1] Throughput = 1.20236 Mbps
54635[UE 2 | RB 1] Throughput = 1.43656 Mbps
54745[UE 2 | RB 1] Throughput = 0.65401 Mbps
54855[UE 2 | RB 1] Throughput = 1.41861 Mbps
54955[UE 2 | RB 1] Throughput = 0.83766 Mbps
55065[UE 2 | RB 1] Throughput = 1.09108 Mbps
55166[UE 2 | RB 1] Throughput = 1.43355 Mbps
55275[UE 2 | RB 1] Throughput = 0.65396 Mbps
55385[UE 2 | RB 1] Throughput = 1.30871 Mbps
55496[UE 2 | RB 1] Throughput = 0.65225 Mbps
55605[UE 2 | RB 1] Throughput = 1.31326 Mbps
55706[UE 2 | RB 1] Throughput = 0.71487 Mbps
55815[UE 2 | RB 1] Throughput = 1.31334 Mbps
55915[UE 2 | RB 1] Throughput = 1.43565 Mbps
56025[UE 2 | RB 1] Throughput = 0.87073 Mbps
56136[UE 2 | RB 1] Throughput = 1.30517 Mbps
56246[UE 2 | RB 1] Throughput = 0.65326 Mbps
56355[UE 2 | RB 1] Throughput = 1.31139 Mbps
56456[UE 2 | RB 1] Throughput = 0.95736 Mbps
56565[UE 2 | RB 1] Throughput = 0.87223 Mbps
56675[UE 2 | RB 1] Throughput = 1.19761 Mbps
56786[UE 2 | RB 1] Throughput = 1.19739 Mbps
56895[UE 2 | RB 1] Throughput = 1.20125 Mbps
57005[UE 2 | RB 1] Throughput = 0.76244 Mbps
57115[UE 2 | RB 1] Throughput = 1.30679 Mbps
57225[UE 2 | RB 1] Throughput = 0.65470 Mbps
57335[UE 2 | RB 1] Throughput = 1.63145 Mbps
57445[UE 2 | RB 1] Throughput = 0.65405 Mbps
57555[UE 2 | RB 1] Throughput = 1.30733 Mbps
57655[UE 2 | RB 1] Throughput = 0.71885 Mbps
57756[UE 2 | RB 1] Throughput = 1.43540 Mbps
57865[UE 2 | RB 1] Throughput = 0.98310 Mbps
57975[UE 2 | RB 1] Throughput = 1.19857 Mbps
58076[UE 2 | RB 1] Throughput = 1.07545 Mbps
58176[UE 2 | RB 1] Throughput = 0.59737 Mbps
58286[UE 2 | RB 1] Throughput = 1.31077 Mbps
58396[UE 2 | RB 1] Throughput = 1.08854 Mbps
58505[UE 2 | RB 1] Throughput = 1.30983 Mbps
58605[UE 2 | RB 1] Throughput = 0.71870 Mbps
58715[UE 2 | RB 1] Throughput = 1.30952 Mbps
58816[UE 2 | RB 1] Throughput = 0.71596 Mbps
58925[UE 2 | RB 1] Throughput = 1.20221 Mbps
59026[UE 2 | RB 1] Throughput = 1.42753 Mbps
59136[UE 2 | RB 1] Throughput = 0.65743 Mbps
59245[UE 2 | RB 1] Throughput = 1.30985 Mbps
59355[UE 2 | RB 1] Throughput = 0.87276 Mbps
59456[UE 2 | RB 1] Throughput = 1.31334 Mbps
59565[UE 2 | RB 1] Throughput = 0.65493 Mbps
59666[UE 2 | RB 1] Throughput = 1.31562 Mbps
59766[UE 2 | RB 1] Throughput = 1.19702 Mbps
59875[UE 2 | RB 1] Throughput = 1.09369 Mbps
59976[UE 2 | RB 1] Throughput = 1.07330 Mbps
60085[UE 2 | RB 1] Throughput = 0.87377 Mbps
60186[UE 2 | RB 1] Throughput = 1.43396 Mbps
60296[UE 2 | RB 1] Throughput = 0.65393 Mbps
60406[UE 2 | RB 1] Throughput = 1.30771 Mbps
60515[UE 2 | RB 1] Throughput = 1.20078 Mbps
60626[UE 2 | RB 1] Throughput = 0.86996 Mbps
60736[UE 2 | RB 1] Throughput = 1.08961 Mbps
60845[UE 2 | RB 1] Throughput = 1.19962 Mbps
60946[UE 2 | RB 1] Throughput = 0.71613 Mbps
61056[UE 2 | RB 1] Throughput = 1.31132 Mbps
61166[UE 2 | RB 1] Throughput = 1.30573 Mbps
61276[UE 2 | RB 1] Throughput = 0.65348 Mbps
61386[UE 2 | RB 1] Throughput = 0.87240 Mbps
61486[UE 2 | RB 1] Throughput = 1.43465 Mbps
61596[UE 2 | RB 1] Throughput = 0.98049 Mbps
61706[UE 2 | RB 1] Throughput = 1.19878 Mbps
61815[UE 2 | RB 1] Throughput = 1.20278 Mbps
61916[UE 2 | RB 1] Throughput = 0.59722 Mbps
62025[UE 2 | RB 1] Throughput = 1.31173 Mbps
62126[UE 2 | RB 1] Throughput = 0.71685 Mbps
62226[UE 2 | RB 1] Throughput = 1.31698 Mbps
62336[UE 2 | RB 1] Throughput = 1.31067 Mbps
62436[UE 2 | RB 1] Throughput = 0.71710 Mbps
62545[UE 2 | RB 1] Throughput = 1.31110 Mbps
62646[UE 2 | RB 1] Throughput = 0.83824 Mbps
62756[UE 2 | RB 1] Throughput = 1.30710 Mbps
62856[UE 2 | RB 1] Throughput = 1.19656 Mbps
62956[UE 2 | RB 1] Throughput = 0.71810 Mbps
63066[UE 2 | RB 1] Throughput = 1.31097 Mbps
63166[UE 2 | RB 1] Throughput = 0.71760 Mbps
63276[UE 2 | RB 1] Throughput = 1.30659 Mbps
63385[UE 2 | RB 1] Throughput = 1.20221 Mbps
63486[UE 2 | RB 1] Throughput = 0.83787 Mbps
63586[UE 2 | RB 1] Throughput = 0.71852 Mbps
63696[UE 2 | RB 1] Throughput = 1.30384 Mbps
63806[UE 2 | RB 1] Throughput = 1.31067 Mbps
63906[UE 2 | RB 1] Throughput = 0.83777 Mbps
64016[UE 2 | RB 1] Throughput = 1.30552 Mbps
64126[UE 2 | RB 1] Throughput = 0.65619 Mbps
64226[UE 2 | RB 1] Throughput = 1.43314 Mbps
64335[UE 2 | RB 1] Throughput = 1.20334 Mbps
64446[UE 2 | RB 1] Throughput = 1.08837 Mbps
64546[UE 2 | RB 1] Throughput = 0.59769 Mbps
64646[UE 2 | RB 1] Throughput = 1.19518 Mbps
64756[UE 2 | RB 1] Throughput = 1.20081 Mbps
64865[UE 2 | RB 1] Throughput = 1.09319 Mbps
64966[UE 2 | RB 1] Throughput = 0.71776 Mbps
65066[UE 2 | RB 1] Throughput = 1.31788 Mbps
65176[UE 2 | RB 1] Throughput = 1.08962 Mbps
65286[UE 2 | RB 1] Throughput = 1.30868 Mbps
65386[UE 2 | RB 1] Throughput = 0.71768 Mbps
65496[UE 2 | RB 1] Throughput = 1.30834 Mbps
65596[UE 2 | RB 1] Throughput = 0.71613 Mbps
65706[UE 2 | RB 1] Throughput = 1.30812 Mbps
65816[UE 2 | RB 1] Throughput = 0.98055 Mbps
65916[UE 2 | RB 1] Throughput = 0.71845 Mbps
66016[UE 2 | RB 1] Throughput = 1.43690 Mbps
66126[UE 2 | RB 1] Throughput = 1.20454 Mbps
66226[UE 2 | RB 1] Throughput = 0.71768 Mbps
66336[UE 2 | RB 1] Throughput = 1.20041 Mbps
66436[UE 2 | RB 1] Throughput = 1.07546 Mbps
66546[UE 2 | RB 1] Throughput = 1.08925 Mbps
66646[UE 2 | RB 1] Throughput = 1.31671 Mbps
66756[UE 2 | RB 1] Throughput = 0.65594 Mbps
66856[UE 2 | RB 1] Throughput = 1.43653 Mbps
66956[UE 2 | RB 1] Throughput = 0.71628 Mbps
67066[UE 2 | RB 1] Throughput = 1.30875 Mbps
67166[UE 2 | RB 1] Throughput = 0.83698 Mbps
67266[UE 2 | RB 1] Throughput = 1.43749 Mbps
67376[UE 2 | RB 1] Throughput = 0.65666 Mbps
67476[UE 2 | RB 1] Throughput = 1.43248 Mbps
67576[UE 2 | RB 1] Throughput = 0.83696 Mbps
67686[UE 2 | RB 1] Throughput = 0.76646 Mbps
67786[UE 2 | RB 1] Throughput = 1.31424 Mbps
67896[UE 2 | RB 1] Throughput = 1.08973 Mbps
67996[UE 2 | RB 1] Throughput = 1.43552 Mbps
68106[UE 2 | RB 1] Throughput = 0.87414 Mbps
68216[UE 2 | RB 1] Throughput = 0.76125 Mbps
68326[UE 2 | RB 1] Throughput = 1.20089 Mbps
68436[UE 2 | RB 1] Throughput = 1.19651 Mbps
68546[UE 2 | RB 1] Throughput = 1.19973 Mbps
68646[UE 2 | RB 1] Throughput = 0.71859 Mbps
68746[UE 2 | RB 1] Throughput = 0.95811 Mbps
68846[UE 2 | RB 1] Throughput = 0.95765 Mbps
68956[UE 2 | RB 1] Throughput = 1.63369 Mbps
69056[UE 2 | RB 1] Throughput = 0.95819 Mbps
69156[UE 2 | RB 1] Throughput = 0.95795 Mbps
69266[UE 2 | RB 1] Throughput = 1.31251 Mbps
69366[UE 2 | RB 1] Throughput = 0.95842 Mbps
69466[UE 2 | RB 1] Throughput = 0.71855 Mbps
69566[UE 2 | RB 1] Throughput = 0.95825 Mbps
69666[UE 2 | RB 1] Throughput = 1.67652 Mbps
69766[UE 2 | RB 1] Throughput = 0.71730 Mbps
69867[UE 2 | RB 1] Throughput = 0.95798 Mbps
69976[UE 2 | RB 1] Throughput = 1.31335 Mbps
70076[UE 2 | RB 1] Throughput = 0.83536 Mbps
70186[UE 2 | RB 1] Throughput = 1.30794 Mbps
70296[UE 2 | RB 1] Throughput = 0.65424 Mbps
70406[UE 2 | RB 1] Throughput = 1.52664 Mbps
70506[UE 2 | RB 1] Throughput = 0.83797 Mbps
70616[UE 2 | RB 1] Throughput = 1.30597 Mbps
70717[UE 2 | RB 1] Throughput = 0.95762 Mbps
70826[UE 2 | RB 1] Throughput = 1.31329 Mbps
70926[UE 2 | RB 1] Throughput = 0.83636 Mbps
71036[UE 2 | RB 1] Throughput = 0.76303 Mbps
71136[UE 2 | RB 1] Throughput = 1.31704 Mbps
71236[UE 2 | RB 1] Throughput = 0.83799 Mbps
71337[UE 2 | RB 1] Throughput = 1.43676 Mbps
71446[UE 2 | RB 1] Throughput = 1.09121 Mbps
71546[UE 2 | RB 1] Throughput = 0.95753 Mbps
71647[UE 2 | RB 1] Throughput = 1.07805 Mbps
71757[UE 2 | RB 1] Throughput = 0.97933 Mbps
71866[UE 2 | RB 1] Throughput = 1.09242 Mbps
71976[UE 2 | RB 1] Throughput = 1.19923 Mbps
72086[UE 2 | RB 1] Throughput = 1.08943 Mbps
72196[UE 2 | RB 1] Throughput = 1.19666 Mbps
72306[UE 2 | RB 1] Throughput = 0.65466 Mbps
72416[UE 2 | RB 1] Throughput = 1.31017 Mbps
72526[UE 2 | RB 1] Throughput = 0.65509 Mbps
72626[UE 2 | RB 1] Throughput = 1.67146 Mbps
72736[UE 2 | RB 1] Throughput = 0.65641 Mbps
72836[UE 2 | RB 1] Throughput = 1.31141 Mbps
72936[UE 2 | RB 1] Throughput = 1.19708 Mbps
73046[UE 2 | RB 1] Throughput = 0.98243 Mbps
73147[UE 2 | RB 1] Throughput = 1.19414 Mbps
73247[UE 2 | RB 1] Throughput = 0.59644 Mbps
73356[UE 2 | RB 1] Throughput = 1.31731 Mbps
73467[UE 2 | RB 1] Throughput = 0.97714 Mbps
73567[UE 2 | RB 1] Throughput = 1.31796 Mbps
73676[UE 2 | RB 1] Throughput = 0.76404 Mbps
73776[UE 2 | RB 1] Throughput = 1.31791 Mbps
73886[UE 2 | RB 1] Throughput = 1.08884 Mbps
73987[UE 2 | RB 1] Throughput = 0.83767 Mbps
74097[UE 2 | RB 1] Throughput = 1.30645 Mbps
74206[UE 2 | RB 1] Throughput = 1.20311 Mbps
74306[UE 2 | RB 1] Throughput = 0.71870 Mbps
74406[UE 2 | RB 1] Throughput = 0.95747 Mbps
74517[UE 2 | RB 1] Throughput = 1.19397 Mbps
74626[UE 2 | RB 1] Throughput = 1.09305 Mbps
74727[UE 2 | RB 1] Throughput = 1.07499 Mbps
74836[UE 2 | RB 1] Throughput = 1.09505 Mbps
74936[UE 2 | RB 1] Throughput = 1.19532 Mbps
75036[UE 2 | RB 1] Throughput = 0.71903 Mbps
75146[UE 2 | RB 1] Throughput = 1.42160 Mbps
75246[UE 2 | RB 1] Throughput = 0.71819 Mbps
75346[UE 2 | RB 1] Throughput = 1.43455 Mbps
75456[UE 2 | RB 1] Throughput = 1.08955 Mbps
75566[UE 2 | RB 1] Throughput = 0.65415 Mbps
75676[UE 2 | RB 1] Throughput = 1.30890 Mbps
75776[UE 2 | RB 1] Throughput = 1.19545 Mbps
75887[UE 2 | RB 1] Throughput = 0.65295 Mbps
75996[UE 2 | RB 1] Throughput = 1.41732 Mbps
76097[UE 2 | RB 1] Throughput = 1.07705 Mbps
76206[UE 2 | RB 1] Throughput = 1.09151 Mbps
76307[UE 2 | RB 1] Throughput = 0.83701 Mbps
76417[UE 2 | RB 1] Throughput = 1.30583 Mbps
76526[UE 2 | RB 1] Throughput = 0.87472 Mbps
76636[UE 2 | RB 1] Throughput = 1.19839 Mbps
76736[UE 2 | RB 1] Throughput = 0.83854 Mbps
76846[UE 2 | RB 1] Throughput = 1.30851 Mbps
76946[UE 2 | RB 1] Throughput = 0.71814 Mbps
77056[UE 2 | RB 1] Throughput = 1.30745 Mbps
77166[UE 2 | RB 1] Throughput = 1.09019 Mbps
77276[UE 2 | RB 1] Throughput = 1.19695 Mbps
77377[UE 2 | RB 1] Throughput = 0.71899 Mbps
77486[UE 2 | RB 1] Throughput = 1.08975 Mbps
77596[UE 2 | RB 1] Throughput = 1.30724 Mbps
77697[UE 2 | RB 1] Throughput = 0.71784 Mbps
77797[UE 2 | RB 1] Throughput = 1.43650 Mbps
77907[UE 2 | RB 1] Throughput = 0.65426 Mbps
78016[UE 2 | RB 1] Throughput = 1.31034 Mbps
78126[UE 2 | RB 1] Throughput = 1.30727 Mbps
78227[UE 2 | RB 1] Throughput = 0.83611 Mbps
78336[UE 2 | RB 1] Throughput = 1.09248 Mbps
78446[UE 2 | RB 1] Throughput = 1.19883 Mbps
78547[UE 2 | RB 1] Throughput = 0.71603 Mbps
78657[UE 2 | RB 1] Throughput = 0.87251 Mbps
78767[UE 2 | RB 1] Throughput = 1.63711 Mbps
78876[UE 2 | RB 1] Throughput = 0.65423 Mbps
78977[UE 2 | RB 1] Throughput = 1.43344 Mbps
79087[UE 2 | RB 1] Throughput = 1.20056 Mbps
79197[UE 2 | RB 1] Throughput = 0.98074 Mbps
79306[UE 2 | RB 1] Throughput = 0.65467 Mbps
79407[UE 2 | RB 1] Throughput = 1.43525 Mbps
79507[UE 2 | RB 1] Throughput = 1.07516 Mbps
79617[UE 2 | RB 1] Throughput = 0.87352 Mbps
79726[UE 2 | RB 1] Throughput = 1.31014 Mbps
79826[UE 2 | RB 1] Throughput = 0.71833 Mbps
79936[UE 2 | RB 1] Throughput = 1.31034 Mbps
80036[UE 2 | RB 1] Throughput = 0.71788 Mbps
80137[UE 2 | RB 1] Throughput = 1.43328 Mbps
80237[UE 2 | RB 1] Throughput = 0.71397 Mbps
80346[UE 2 | RB 1] Throughput = 1.31963 Mbps
80447[UE 2 | RB 1] Throughput = 1.31421 Mbps
80557[UE 2 | RB 1] Throughput = 0.65269 Mbps
80667[UE 2 | RB 1] Throughput = 1.31056 Mbps
80777[UE 2 | RB 1] Throughput = 1.08914 Mbps
80877[UE 2 | RB 1] Throughput = 1.07326 Mbps
80987[UE 2 | RB 1] Throughput = 1.20286 Mbps
81097[UE 2 | RB 1] Throughput = 0.76299 Mbps
81197[UE 2 | RB 1] Throughput = 1.43402 Mbps
81307[UE 2 | RB 1] Throughput = 0.65583 Mbps
81407[UE 2 | RB 1] Throughput = 1.43150 Mbps
81517[UE 2 | RB 1] Throughput = 0.65543 Mbps
81617[UE 2 | RB 1] Throughput = 1.43763 Mbps
81717[UE 2 | RB 1] Throughput = 0.83655 Mbps
81827[UE 2 | RB 1] Throughput = 1.31300 Mbps
81927[UE 2 | RB 1] Throughput = 0.71839 Mbps
82027[UE 2 | RB 1] Throughput = 1.43341 Mbps
82137[UE 2 | RB 1] Throughput = 1.08990 Mbps
82248[UE 2 | RB 1] Throughput = 1.19197 Mbps
82357[UE 2 | RB 1] Throughput = 0.87583 Mbps
82467[UE 2 | RB 1] Throughput = 1.09261 Mbps
82567[UE 2 | RB 1] Throughput = 0.95495 Mbps
82677[UE 2 | RB 1] Throughput = 0.98132 Mbps
82787[UE 2 | RB 1] Throughput = 1.09015 Mbps
82897[UE 2 | RB 1] Throughput = 1.30626 Mbps
83007[UE 2 | RB 1] Throughput = 1.19984 Mbps
83117[UE 2 | RB 1] Throughput = 0.54557 Mbps
83217[UE 2 | RB 1] Throughput = 1.31778 Mbps
83327[UE 2 | RB 1] Throughput = 1.19868 Mbps
83427[UE 2 | RB 1] Throughput = 0.71806 Mbps
83537[UE 2 | RB 1] Throughput = 1.09240 Mbps
83637[UE 2 | RB 1] Throughput = 1.31356 Mbps
83747[UE 2 | RB 1] Throughput = 1.20306 Mbps
83847[UE 2 | RB 1] Throughput = 0.71436 Mbps
83957[UE 2 | RB 1] Throughput = 1.09291 Mbps
84067[UE 2 | RB 1] Throughput = 1.20017 Mbps
84167[UE 2 | RB 1] Throughput = 1.07336 Mbps
84277[UE 2 | RB 1] Throughput = 1.20252 Mbps
84377[UE 2 | RB 1] Throughput = 1.07827 Mbps
84477[UE 2 | RB 1] Throughput = 0.95743 Mbps
84587[UE 2 | RB 1] Throughput = 1.08907 Mbps
84697[UE 2 | RB 1] Throughput = 0.97962 Mbps
84797[UE 2 | RB 1] Throughput = 1.07744 Mbps
84907[UE 2 | RB 1] Throughput = 1.20016 Mbps
85017[UE 2 | RB 1] Throughput = 0.65365 Mbps
85127[UE 2 | RB 1] Throughput = 1.63732 Mbps
85237[UE 2 | RB 1] Throughput = 0.98195 Mbps
85337[UE 2 | RB 1] Throughput = 0.95854 Mbps
85437[UE 2 | RB 1] Throughput = 0.83570 Mbps
85547[UE 2 | RB 1] Throughput = 1.30769 Mbps
85657[UE 2 | RB 1] Throughput = 0.65627 Mbps
85757[UE 2 | RB 1] Throughput = 1.31766 Mbps
85857[UE 2 | RB 1] Throughput = 1.43351 Mbps
85957[UE 2 | RB 1] Throughput = 0.71828 Mbps
86057[UE 2 | RB 1] Throughput = 1.31773 Mbps
86167[UE 2 | RB 1] Throughput = 1.20197 Mbps
86277[UE 2 | RB 1] Throughput = 0.65352 Mbps
86377[UE 2 | RB 1] Throughput = 1.31800 Mbps
86477[UE 2 | RB 1] Throughput = 0.95639 Mbps
86577[UE 2 | RB 1] Throughput = 1.19388 Mbps
86687[UE 2 | RB 1] Throughput = 1.09538 Mbps
86787[UE 2 | RB 1] Throughput = 0.95588 Mbps
86897[UE 2 | RB 1] Throughput = 1.31004 Mbps
86997[UE 2 | RB 1] Throughput = 0.59918 Mbps
87097[UE 2 | RB 1] Throughput = 1.19695 Mbps
87197[UE 2 | RB 1] Throughput = 1.19818 Mbps
87297[UE 2 | RB 1] Throughput = 1.07778 Mbps
87407[UE 2 | RB 1] Throughput = 1.09072 Mbps
87507[UE 2 | RB 1] Throughput = 0.95665 Mbps
87617[UE 2 | RB 1] Throughput = 1.20054 Mbps
87717[UE 2 | RB 1] Throughput = 1.07498 Mbps
87817[UE 2 | RB 1] Throughput = 0.83809 Mbps
87927[UE 2 | RB 1] Throughput = 1.09356 Mbps
88027[UE 2 | RB 1] Throughput = 0.95772 Mbps
88127[UE 2 | RB 1] Throughput = 1.07842 Mbps
88237[UE 2 | RB 1] Throughput = 0.98275 Mbps
88337[UE 2 | RB 1] Throughput = 1.19474 Mbps
88447[UE 2 | RB 1] Throughput = 1.09258 Mbps
88547[UE 2 | RB 1] Throughput = 1.07746 Mbps
88647[UE 2 | RB 1] Throughput = 1.07601 Mbps
88757[UE 2 | RB 1] Throughput = 1.09421 Mbps
88857[UE 2 | RB 1] Throughput = 0.71839 Mbps
88957[UE 2 | RB 1] Throughput = 1.43046 Mbps
89067[UE 2 | RB 1] Throughput = 0.65672 Mbps
89167[UE 2 | RB 1] Throughput = 1.55309 Mbps
89277[UE 2 | RB 1] Throughput = 1.20138 Mbps
89377[UE 2 | RB 1] Throughput = 0.83734 Mbps
89477[UE 2 | RB 1] Throughput = 0.83639 Mbps
89587[UE 2 | RB 1] Throughput = 1.30951 Mbps
89688[UE 2 | RB 1] Throughput = 1.07507 Mbps
89797[UE 2 | RB 1] Throughput = 1.20339 Mbps
89898[UE 2 | RB 1] Throughput = 0.95444 Mbps
90007[UE 2 | RB 1] Throughput = 1.09453 Mbps
[xApp]: E42 RIC_SUBSCRIPTION_DELETE_REQUEST tx RAN_FUNC_ID 144 RIC_REQ_ID 1 
[xApp]: E42 SUBSCRIPTION DELETE RESPONSE rx
[xApp]: E42 RIC_SUBSCRIPTION_DELETE_REQUEST tx RAN_FUNC_ID 144 RIC_REQ_ID 2 
[xApp]: E42 SUBSCRIPTION DELETE RESPONSE rx
[xApp]: E42 RIC_SUBSCRIPTION_DELETE_REQUEST tx RAN_FUNC_ID 144 RIC_REQ_ID 3 
[xApp]: E42 SUBSCRIPTION DELETE RESPONSE rx
[xApp]: E42 RIC_SUBSCRIPTION_DELETE_REQUEST tx RAN_FUNC_ID 144 RIC_REQ_ID 4 
[xApp]: E42 SUBSCRIPTION DELETE RESPONSE rx
[xApp]: Sucessfully stopped 
Test xApp run SUCCESSFULLY
