[UTIL]: Setting the config -c file to /usr/local/etc/flexric/flexric.conf
[UTIL]: Setting path -p for the shared libraries to /usr/local/lib/flexric/
[xAapp]: Initializing ... 
[xApp]: nearRT-RIC IP Address = 192.168.70.150, PORT = 36422
[E2 AGENT]: Opening plugin from path = /usr/local/lib/flexric/libkpm_sm.so 
[E2 AGENT]: Opening plugin from path = /usr/local/lib/flexric/libmac_sm.so 
[E2 AGENT]: Opening plugin from path = /usr/local/lib/flexric/libpdcp_sm.so 
[E2 AGENT]: Opening plugin from path = /usr/local/lib/flexric/libgtp_sm.so 
[E2 AGENT]: Opening plugin from path = /usr/local/lib/flexric/librc_sm.so 
[E2 AGENT]: Opening plugin from path = /usr/local/lib/flexric/libtc_sm.so 
[E2 AGENT]: Opening plugin from path = /usr/local/lib/flexric/librlc_sm.so 
[E2 AGENT]: Opening plugin from path = /usr/local/lib/flexric/libslice_sm.so 
[NEAR-RIC]: Loading SM ID = 2 with def = ORAN-E2SM-KPM 
[NEAR-RIC]: Loading SM ID = 142 with def = MAC_STATS_V0 
[NEAR-RIC]: Loading SM ID = 144 with def = PDCP_STATS_V0 
[NEAR-RIC]: Loading SM ID = 148 with def = GTP_STATS_V0 
[NEAR-RIC]: Loading SM ID = 3 with def = ORAN-E2SM-RC 
[NEAR-RIC]: Loading SM ID = 146 with def = TC_STATS_V0 
[NEAR-RIC]: Loading SM ID = 143 with def = RLC_STATS_V0 
[NEAR-RIC]: Loading SM ID = 145 with def = SLICE_STATS_V0 
[xApp]: DB filename = /tmp/flexric/xapp_db 
 [xApp]: E42 SETUP-REQUEST tx
[xApp]: E42 SETUP-RESPONSE rx 
[xApp]: xApp ID = 30 
[xApp]: Registered E2 Nodes = 4 
Connected E2 nodes = 4
[xAPP] Registered node 0 ran func id = 2 
 [xAPP] Registered node 0 ran func id = 3 
 [xAPP] Registered node 0 ran func id = 142 
 [xAPP] Registered node 0 ran func id = 143 
 [xAPP] Registered node 0 ran func id = 144 
 [xAPP] Registered node 0 ran func id = 145 
 [xAPP] Registered node 0 ran func id = 146 
 [xAPP] Registered node 0 ran func id = 148 
 [xApp]: E42 RIC SUBSCRIPTION REQUEST tx RAN_FUNC_ID 144 RIC_REQ_ID 1 
[xApp]: SUBSCRIPTION RESPONSE rx
[xApp]: Successfully subscribed to RAN_FUNC_ID 144 
[xAPP] Registered node 1 ran func id = 2 
 [xAPP] Registered node 1 ran func id = 3 
 [xAPP] Registered node 1 ran func id = 142 
 [xAPP] Registered node 1 ran func id = 143 
 [xAPP] Registered node 1 ran func id = 144 
 [xAPP] Registered node 1 ran func id = 145 
 [xAPP] Registered node 1 ran func id = 146 
 [xAPP] Registered node 1 ran func id = 148 
 [xApp]: E42 RIC SUBSCRIPTION REQUEST tx RAN_FUNC_ID 144 RIC_REQ_ID 2 
[xApp]: SUBSCRIPTION RESPONSE rx
[xApp]: Successfully subscribed to RAN_FUNC_ID 144 
[xAPP] Registered node 2 ran func id = 2 
 [xAPP] Registered node 2 ran func id = 3 
 [xAPP] Registered node 2 ran func id = 142 
 [xAPP] Registered node 2 ran func id = 143 
 [xAPP] Registered node 2 ran func id = 144 
 [xAPP] Registered node 2 ran func id = 145 
 [xAPP] Registered node 2 ran func id = 146 
 [xAPP] Registered node 2 ran func id = 148 
 [xApp]: E42 RIC SUBSCRIPTION REQUEST tx RAN_FUNC_ID 144 RIC_REQ_ID 3 
[xApp]: SUBSCRIPTION RESPONSE rx
[xApp]: Successfully subscribed to RAN_FUNC_ID 144 
[xAPP] Registered node 3 ran func id = 2 
 [xAPP] Registered node 3 ran func id = 3 
 [xAPP] Registered node 3 ran func id = 142 
 [xAPP] Registered node 3 ran func id = 143 
 [xAPP] Registered node 3 ran func id = 144 
 [xAPP] Registered node 3 ran func id = 145 
 [xAPP] Registered node 3 ran func id = 146 
 [xAPP] Registered node 3 ran func id = 148 
 [xApp]: E42 RIC SUBSCRIPTION REQUEST tx RAN_FUNC_ID 144 RIC_REQ_ID 4 
113[UE 2 | RB 1] Throughput = 1.07203 Mbps
223[UE 2 | RB 1] Throughput = 1.09239 Mbps
323[UE 2 | RB 1] Throughput = 0.83847 Mbps
423[UE 2 | RB 1] Throughput = 1.31798 Mbps
533[UE 2 | RB 1] Throughput = 0.76148 Mbps
643[UE 2 | RB 1] Throughput = 0.87241 Mbps
753[UE 2 | RB 1] Throughput = 1.41777 Mbps
853[UE 2 | RB 1] Throughput = 1.43211 Mbps
963[UE 2 | RB 1] Throughput = 0.76343 Mbps
[xApp]: SUBSCRIPTION RESPONSE rx
[xApp]: Successfully subscribed to RAN_FUNC_ID 144 
1063[UE 2 | RB 1] Throughput = 1.07727 Mbps
1173[UE 2 | RB 1] Throughput = 1.09346 Mbps
1273[UE 2 | RB 1] Throughput = 1.19515 Mbps
1383[UE 2 | RB 1] Throughput = 0.98324 Mbps
1483[UE 2 | RB 1] Throughput = 0.83753 Mbps
1583[UE 2 | RB 1] Throughput = 1.31790 Mbps
1683[UE 2 | RB 1] Throughput = 1.07566 Mbps
1793[UE 2 | RB 1] Throughput = 1.09140 Mbps
1903[UE 2 | RB 1] Throughput = 1.08932 Mbps
2013[UE 2 | RB 1] Throughput = 1.09301 Mbps
2123[UE 2 | RB 1] Throughput = 0.76059 Mbps
2223[UE 2 | RB 1] Throughput = 1.31620 Mbps
2324[UE 2 | RB 1] Throughput = 1.31136 Mbps
2433[UE 2 | RB 1] Throughput = 0.65931 Mbps
2533[UE 2 | RB 1] Throughput = 1.43422 Mbps
2633[UE 2 | RB 1] Throughput = 0.71821 Mbps
2733[UE 2 | RB 1] Throughput = 1.31745 Mbps
2843[UE 2 | RB 1] Throughput = 1.09047 Mbps
2943[UE 2 | RB 1] Throughput = 1.19664 Mbps
3053[UE 2 | RB 1] Throughput = 0.87357 Mbps
3153[UE 2 | RB 1] Throughput = 0.83819 Mbps
3253[UE 2 | RB 1] Throughput = 1.31755 Mbps
3363[UE 2 | RB 1] Throughput = 1.19876 Mbps
3473[UE 2 | RB 1] Throughput = 0.65563 Mbps
3573[UE 2 | RB 1] Throughput = 1.43534 Mbps
3673[UE 2 | RB 1] Throughput = 0.71811 Mbps
3783[UE 2 | RB 1] Throughput = 1.41678 Mbps
3893[UE 2 | RB 1] Throughput = 1.19804 Mbps
3993[UE 2 | RB 1] Throughput = 0.83864 Mbps
4093[UE 2 | RB 1] Throughput = 1.19826 Mbps
4193[UE 2 | RB 1] Throughput = 0.71718 Mbps
4303[UE 2 | RB 1] Throughput = 1.09175 Mbps
4404[UE 2 | RB 1] Throughput = 1.43232 Mbps
4513[UE 2 | RB 1] Throughput = 0.98157 Mbps
4623[UE 2 | RB 1] Throughput = 1.19976 Mbps
4724[UE 2 | RB 1] Throughput = 0.71786 Mbps
4833[UE 2 | RB 1] Throughput = 1.20117 Mbps
4934[UE 2 | RB 1] Throughput = 1.19498 Mbps
5043[UE 2 | RB 1] Throughput = 0.98424 Mbps
5143[UE 2 | RB 1] Throughput = 0.95673 Mbps
5243[UE 2 | RB 1] Throughput = 1.07762 Mbps
5353[UE 2 | RB 1] Throughput = 1.08872 Mbps
5454[UE 2 | RB 1] Throughput = 0.83783 Mbps
5563[UE 2 | RB 1] Throughput = 1.20317 Mbps
5663[UE 2 | RB 1] Throughput = 0.71738 Mbps
5773[UE 2 | RB 1] Throughput = 1.30738 Mbps
5873[UE 2 | RB 1] Throughput = 1.43758 Mbps
5973[UE 2 | RB 1] Throughput = 0.71900 Mbps
6083[UE 2 | RB 1] Throughput = 1.52885 Mbps
6184[UE 2 | RB 1] Throughput = 0.71360 Mbps
6293[UE 2 | RB 1] Throughput = 1.20415 Mbps
6404[UE 2 | RB 1] Throughput = 0.65312 Mbps
6514[UE 2 | RB 1] Throughput = 1.30754 Mbps
6623[UE 2 | RB 1] Throughput = 1.30819 Mbps
6733[UE 2 | RB 1] Throughput = 0.65617 Mbps
6834[UE 2 | RB 1] Throughput = 1.43103 Mbps
6934[UE 2 | RB 1] Throughput = 0.71867 Mbps
7043[UE 2 | RB 1] Throughput = 1.30971 Mbps
7143[UE 2 | RB 1] Throughput = 0.83865 Mbps
7243[UE 2 | RB 1] Throughput = 1.31811 Mbps
7353[UE 2 | RB 1] Throughput = 1.19841 Mbps
7453[UE 2 | RB 1] Throughput = 0.83864 Mbps
7554[UE 2 | RB 1] Throughput = 1.31621 Mbps
7664[UE 2 | RB 1] Throughput = 0.76249 Mbps
7773[UE 2 | RB 1] Throughput = 1.09242 Mbps
7873[UE 2 | RB 1] Throughput = 1.43689 Mbps
7974[UE 2 | RB 1] Throughput = 0.71781 Mbps
8084[UE 2 | RB 1] Throughput = 1.30568 Mbps
8193[UE 2 | RB 1] Throughput = 0.65520 Mbps
8294[UE 2 | RB 1] Throughput = 1.31566 Mbps
8403[UE 2 | RB 1] Throughput = 0.65458 Mbps
8514[UE 2 | RB 1] Throughput = 1.74145 Mbps
8623[UE 2 | RB 1] Throughput = 0.54582 Mbps
8724[UE 2 | RB 1] Throughput = 1.31294 Mbps
8833[UE 2 | RB 1] Throughput = 1.31267 Mbps
8943[UE 2 | RB 1] Throughput = 1.09143 Mbps
9044[UE 2 | RB 1] Throughput = 0.71589 Mbps
9153[UE 2 | RB 1] Throughput = 1.30983 Mbps
9254[UE 2 | RB 1] Throughput = 0.71624 Mbps
9354[UE 2 | RB 1] Throughput = 1.19777 Mbps
9463[UE 2 | RB 1] Throughput = 1.09441 Mbps
9563[UE 2 | RB 1] Throughput = 1.07767 Mbps
9664[UE 2 | RB 1] Throughput = 1.31473 Mbps
9774[UE 2 | RB 1] Throughput = 1.09035 Mbps
9874[UE 2 | RB 1] Throughput = 0.71803 Mbps
9983[UE 2 | RB 1] Throughput = 1.09482 Mbps
10084[UE 2 | RB 1] Throughput = 1.31312 Mbps
10194[UE 2 | RB 1] Throughput = 0.87133 Mbps
10294[UE 2 | RB 1] Throughput = 1.31716 Mbps
10394[UE 2 | RB 1] Throughput = 0.95485 Mbps
10504[UE 2 | RB 1] Throughput = 0.87588 Mbps
10604[UE 2 | RB 1] Throughput = 0.83693 Mbps
10714[UE 2 | RB 1] Throughput = 1.30952 Mbps
10814[UE 2 | RB 1] Throughput = 1.19023 Mbps
10923[UE 2 | RB 1] Throughput = 1.09721 Mbps
11034[UE 2 | RB 1] Throughput = 0.97958 Mbps
11134[UE 2 | RB 1] Throughput = 1.07854 Mbps
11243[UE 2 | RB 1] Throughput = 0.98203 Mbps
11344[UE 2 | RB 1] Throughput = 1.19686 Mbps
11454[UE 2 | RB 1] Throughput = 1.30706 Mbps
11554[UE 2 | RB 1] Throughput = 0.83884 Mbps
11654[UE 2 | RB 1] Throughput = 1.07658 Mbps
11764[UE 2 | RB 1] Throughput = 0.98147 Mbps
11864[UE 2 | RB 1] Throughput = 1.19614 Mbps
11974[UE 2 | RB 1] Throughput = 1.20046 Mbps
12084[UE 2 | RB 1] Throughput = 0.65439 Mbps
12184[UE 2 | RB 1] Throughput = 1.43728 Mbps
12284[UE 2 | RB 1] Throughput = 0.71891 Mbps
12384[UE 2 | RB 1] Throughput = 0.95815 Mbps
12494[UE 2 | RB 1] Throughput = 1.19988 Mbps
12594[UE 2 | RB 1] Throughput = 1.42815 Mbps
12704[UE 2 | RB 1] Throughput = 1.09272 Mbps
12814[UE 2 | RB 1] Throughput = 0.65240 Mbps
12924[UE 2 | RB 1] Throughput = 1.42123 Mbps
13034[UE 2 | RB 1] Throughput = 1.09099 Mbps
13134[UE 2 | RB 1] Throughput = 1.19731 Mbps
13234[UE 2 | RB 1] Throughput = 0.71831 Mbps
13334[UE 2 | RB 1] Throughput = 1.31778 Mbps
13434[UE 2 | RB 1] Throughput = 0.83803 Mbps
13534[UE 2 | RB 1] Throughput = 1.19539 Mbps
13643[UE 2 | RB 1] Throughput = 0.87716 Mbps
13744[UE 2 | RB 1] Throughput = 1.19548 Mbps
13854[UE 2 | RB 1] Throughput = 0.54489 Mbps
13963[UE 2 | RB 1] Throughput = 1.63799 Mbps
14064[UE 2 | RB 1] Throughput = 1.19501 Mbps
14164[UE 2 | RB 1] Throughput = 1.19501 Mbps
14274[UE 2 | RB 1] Throughput = 0.87302 Mbps
14384[UE 2 | RB 1] Throughput = 0.98169 Mbps
14494[UE 2 | RB 1] Throughput = 1.19820 Mbps
14594[UE 2 | RB 1] Throughput = 0.83776 Mbps
14694[UE 2 | RB 1] Throughput = 1.07683 Mbps
14804[UE 2 | RB 1] Throughput = 0.98320 Mbps
14914[UE 2 | RB 1] Throughput = 1.19888 Mbps
15014[UE 2 | RB 1] Throughput = 1.07671 Mbps
15124[UE 2 | RB 1] Throughput = 0.98202 Mbps
15234[UE 2 | RB 1] Throughput = 1.30670 Mbps
15334[UE 2 | RB 1] Throughput = 0.83570 Mbps
15444[UE 2 | RB 1] Throughput = 1.09326 Mbps
15545[UE 2 | RB 1] Throughput = 1.42456 Mbps
15654[UE 2 | RB 1] Throughput = 0.76621 Mbps
15764[UE 2 | RB 1] Throughput = 1.09509 Mbps
15864[UE 2 | RB 1] Throughput = 1.19723 Mbps
15964[UE 2 | RB 1] Throughput = 0.71806 Mbps
16064[UE 2 | RB 1] Throughput = 1.31256 Mbps
16174[UE 2 | RB 1] Throughput = 0.65627 Mbps
16274[UE 2 | RB 1] Throughput = 1.67401 Mbps
16384[UE 2 | RB 1] Throughput = 0.65494 Mbps
16484[UE 2 | RB 1] Throughput = 1.43511 Mbps
16594[UE 2 | RB 1] Throughput = 0.87090 Mbps
16704[UE 2 | RB 1] Throughput = 1.30746 Mbps
16814[UE 2 | RB 1] Throughput = 1.09248 Mbps
16914[UE 2 | RB 1] Throughput = 0.71885 Mbps
17014[UE 2 | RB 1] Throughput = 1.43404 Mbps
17124[UE 2 | RB 1] Throughput = 0.87423 Mbps
17234[UE 2 | RB 1] Throughput = 1.08913 Mbps
17334[UE 2 | RB 1] Throughput = 1.19614 Mbps
17444[UE 2 | RB 1] Throughput = 0.98141 Mbps
17554[UE 2 | RB 1] Throughput = 0.98225 Mbps
17654[UE 2 | RB 1] Throughput = 1.31409 Mbps
17764[UE 2 | RB 1] Throughput = 0.76133 Mbps
17874[UE 2 | RB 1] Throughput = 1.31290 Mbps
17974[UE 2 | RB 1] Throughput = 0.71681 Mbps
18084[UE 2 | RB 1] Throughput = 1.31096 Mbps
18194[UE 2 | RB 1] Throughput = 0.65200 Mbps
18294[UE 2 | RB 1] Throughput = 1.31741 Mbps
18394[UE 2 | RB 1] Throughput = 1.43236 Mbps
18504[UE 2 | RB 1] Throughput = 0.87805 Mbps
18604[UE 2 | RB 1] Throughput = 0.95724 Mbps
18714[UE 2 | RB 1] Throughput = 0.76429 Mbps
18814[UE 2 | RB 1] Throughput = 1.79367 Mbps
18924[UE 2 | RB 1] Throughput = 0.65397 Mbps
19034[UE 2 | RB 1] Throughput = 1.19899 Mbps
19134[UE 2 | RB 1] Throughput = 0.95522 Mbps
19244[UE 2 | RB 1] Throughput = 1.31061 Mbps
19344[UE 2 | RB 1] Throughput = 1.07375 Mbps
19454[UE 2 | RB 1] Throughput = 0.87215 Mbps
19564[UE 2 | RB 1] Throughput = 1.41703 Mbps
19664[UE 2 | RB 1] Throughput = 0.71791 Mbps
19774[UE 2 | RB 1] Throughput = 1.20103 Mbps
19874[UE 2 | RB 1] Throughput = 0.71646 Mbps
19984[UE 2 | RB 1] Throughput = 1.53355 Mbps
20084[UE 2 | RB 1] Throughput = 1.07818 Mbps
20194[UE 2 | RB 1] Throughput = 0.65197 Mbps
20304[UE 2 | RB 1] Throughput = 1.31114 Mbps
20404[UE 2 | RB 1] Throughput = 1.19415 Mbps
20514[UE 2 | RB 1] Throughput = 1.20148 Mbps
20614[UE 2 | RB 1] Throughput = 0.71517 Mbps
20724[UE 2 | RB 1] Throughput = 1.31474 Mbps
20824[UE 2 | RB 1] Throughput = 0.71753 Mbps
20934[UE 2 | RB 1] Throughput = 1.30784 Mbps
21034[UE 2 | RB 1] Throughput = 1.07732 Mbps
21134[UE 2 | RB 1] Throughput = 0.83845 Mbps
21244[UE 2 | RB 1] Throughput = 1.08813 Mbps
21354[UE 2 | RB 1] Throughput = 1.31028 Mbps
21454[UE 2 | RB 1] Throughput = 0.83766 Mbps
21554[UE 2 | RB 1] Throughput = 1.31535 Mbps
21664[UE 2 | RB 1] Throughput = 0.65607 Mbps
21774[UE 2 | RB 1] Throughput = 1.30893 Mbps
21874[UE 2 | RB 1] Throughput = 1.07282 Mbps
21984[UE 2 | RB 1] Throughput = 1.20129 Mbps
22094[UE 2 | RB 1] Throughput = 0.76438 Mbps
22194[UE 2 | RB 1] Throughput = 1.07653 Mbps
22294[UE 2 | RB 1] Throughput = 1.43597 Mbps
22404[UE 2 | RB 1] Throughput = 0.98095 Mbps
22504[UE 2 | RB 1] Throughput = 0.95819 Mbps
22614[UE 2 | RB 1] Throughput = 1.19872 Mbps
22724[UE 2 | RB 1] Throughput = 0.65544 Mbps
22825[UE 2 | RB 1] Throughput = 1.30684 Mbps
22934[UE 2 | RB 1] Throughput = 1.20480 Mbps
23045[UE 2 | RB 1] Throughput = 1.30101 Mbps
23154[UE 2 | RB 1] Throughput = 0.65495 Mbps
23264[UE 2 | RB 1] Throughput = 1.20191 Mbps
23364[UE 2 | RB 1] Throughput = 1.19465 Mbps
23474[UE 2 | RB 1] Throughput = 1.20332 Mbps
23574[UE 2 | RB 1] Throughput = 0.71644 Mbps
23684[UE 2 | RB 1] Throughput = 1.20124 Mbps
23794[UE 2 | RB 1] Throughput = 0.87234 Mbps
23894[UE 2 | RB 1] Throughput = 1.43246 Mbps
24004[UE 2 | RB 1] Throughput = 0.65427 Mbps
24104[UE 2 | RB 1] Throughput = 1.43715 Mbps
24214[UE 2 | RB 1] Throughput = 0.65550 Mbps
24314[UE 2 | RB 1] Throughput = 1.43775 Mbps
24414[UE 2 | RB 1] Throughput = 0.71683 Mbps
24514[UE 2 | RB 1] Throughput = 1.31707 Mbps
24615[UE 2 | RB 1] Throughput = 0.71885 Mbps
24724[UE 2 | RB 1] Throughput = 1.31140 Mbps
24835[UE 2 | RB 1] Throughput = 1.19403 Mbps
24944[UE 2 | RB 1] Throughput = 1.20311 Mbps
25045[UE 2 | RB 1] Throughput = 0.95409 Mbps
25154[UE 2 | RB 1] Throughput = 1.09265 Mbps
25254[UE 2 | RB 1] Throughput = 0.71862 Mbps
25364[UE 2 | RB 1] Throughput = 1.09240 Mbps
25465[UE 2 | RB 1] Throughput = 0.83427 Mbps
25575[UE 2 | RB 1] Throughput = 1.52339 Mbps
25684[UE 2 | RB 1] Throughput = 0.76620 Mbps
25794[UE 2 | RB 1] Throughput = 1.30628 Mbps
25894[UE 2 | RB 1] Throughput = 0.95746 Mbps
25995[UE 2 | RB 1] Throughput = 1.19518 Mbps
26105[UE 2 | RB 1] Throughput = 1.30966 Mbps
26205[UE 2 | RB 1] Throughput = 0.71806 Mbps
26314[UE 2 | RB 1] Throughput = 1.09387 Mbps
26414[UE 2 | RB 1] Throughput = 1.19706 Mbps
26515[UE 2 | RB 1] Throughput = 1.07669 Mbps
26615[UE 2 | RB 1] Throughput = 1.07691 Mbps
26724[UE 2 | RB 1] Throughput = 1.09212 Mbps
26825[UE 2 | RB 1] Throughput = 0.95746 Mbps
26925[UE 2 | RB 1] Throughput = 1.07828 Mbps
27035[UE 2 | RB 1] Throughput = 0.76122 Mbps
27144[UE 2 | RB 1] Throughput = 1.20151 Mbps
27244[UE 2 | RB 1] Throughput = 1.31824 Mbps
27345[UE 2 | RB 1] Throughput = 0.83837 Mbps
27445[UE 2 | RB 1] Throughput = 1.19750 Mbps
27545[UE 2 | RB 1] Throughput = 1.31778 Mbps
27655[UE 2 | RB 1] Throughput = 1.09069 Mbps
27765[UE 2 | RB 1] Throughput = 0.97495 Mbps
27875[UE 2 | RB 1] Throughput = 1.20377 Mbps
27984[UE 2 | RB 1] Throughput = 1.09110 Mbps
28085[UE 2 | RB 1] Throughput = 0.83741 Mbps
28195[UE 2 | RB 1] Throughput = 0.97722 Mbps
28304[UE 2 | RB 1] Throughput = 1.31784 Mbps
28404[UE 2 | RB 1] Throughput = 0.71811 Mbps
28504[UE 2 | RB 1] Throughput = 1.43756 Mbps
28614[UE 2 | RB 1] Throughput = 0.54532 Mbps
28715[UE 2 | RB 1] Throughput = 1.31177 Mbps
28825[UE 2 | RB 1] Throughput = 1.30762 Mbps
28935[UE 2 | RB 1] Throughput = 0.76366 Mbps
29044[UE 2 | RB 1] Throughput = 1.41844 Mbps
29145[UE 2 | RB 1] Throughput = 1.07598 Mbps
29255[UE 2 | RB 1] Throughput = 1.09009 Mbps
29355[UE 2 | RB 1] Throughput = 0.59806 Mbps
29465[UE 2 | RB 1] Throughput = 1.20029 Mbps
29565[UE 2 | RB 1] Throughput = 1.19493 Mbps
29675[UE 2 | RB 1] Throughput = 1.09260 Mbps
29784[UE 2 | RB 1] Throughput = 1.09035 Mbps
29885[UE 2 | RB 1] Throughput = 1.07684 Mbps
29994[UE 2 | RB 1] Throughput = 0.98430 Mbps
30094[UE 2 | RB 1] Throughput = 1.07691 Mbps
30194[UE 2 | RB 1] Throughput = 1.07779 Mbps
30295[UE 2 | RB 1] Throughput = 1.07644 Mbps
30395[UE 2 | RB 1] Throughput = 0.71885 Mbps
30495[UE 2 | RB 1] Throughput = 1.31708 Mbps
30604[UE 2 | RB 1] Throughput = 1.09215 Mbps
30704[UE 2 | RB 1] Throughput = 1.19779 Mbps
30805[UE 2 | RB 1] Throughput = 0.83842 Mbps
30915[UE 2 | RB 1] Throughput = 1.41641 Mbps
31015[UE 2 | RB 1] Throughput = 0.71900 Mbps
31124[UE 2 | RB 1] Throughput = 1.41757 Mbps
31225[UE 2 | RB 1] Throughput = 0.71750 Mbps
31325[UE 2 | RB 1] Throughput = 1.43537 Mbps
31425[UE 2 | RB 1] Throughput = 0.71854 Mbps
31535[UE 2 | RB 1] Throughput = 0.87411 Mbps
31645[UE 2 | RB 1] Throughput = 1.52359 Mbps
31754[UE 2 | RB 1] Throughput = 0.65597 Mbps
31855[UE 2 | RB 1] Throughput = 1.43419 Mbps
31955[UE 2 | RB 1] Throughput = 0.95628 Mbps
32055[UE 2 | RB 1] Throughput = 1.07758 Mbps
32155[UE 2 | RB 1] Throughput = 0.71587 Mbps
32265[UE 2 | RB 1] Throughput = 1.53588 Mbps
32365[UE 2 | RB 1] Throughput = 0.83809 Mbps
32475[UE 2 | RB 1] Throughput = 1.30776 Mbps
32575[UE 2 | RB 1] Throughput = 0.83815 Mbps
32675[UE 2 | RB 1] Throughput = 0.71815 Mbps
32785[UE 2 | RB 1] Throughput = 1.52521 Mbps
32885[UE 2 | RB 1] Throughput = 0.71877 Mbps
32995[UE 2 | RB 1] Throughput = 1.31159 Mbps
33104[UE 2 | RB 1] Throughput = 0.98343 Mbps
33205[UE 2 | RB 1] Throughput = 0.71585 Mbps
33305[UE 2 | RB 1] Throughput = 1.55775 Mbps
33405[UE 2 | RB 1] Throughput = 1.07629 Mbps
33515[UE 2 | RB 1] Throughput = 0.87329 Mbps
33625[UE 2 | RB 1] Throughput = 0.87218 Mbps
33725[UE 2 | RB 1] Throughput = 1.31784 Mbps
33825[UE 2 | RB 1] Throughput = 0.71763 Mbps
33934[UE 2 | RB 1] Throughput = 1.64058 Mbps
34035[UE 2 | RB 1] Throughput = 0.83723 Mbps
34135[UE 2 | RB 1] Throughput = 1.19816 Mbps
34235[UE 2 | RB 1] Throughput = 1.07739 Mbps
34335[UE 2 | RB 1] Throughput = 0.83696 Mbps
34445[UE 2 | RB 1] Throughput = 0.98137 Mbps
34555[UE 2 | RB 1] Throughput = 1.52732 Mbps
34655[UE 2 | RB 1] Throughput = 0.71878 Mbps
34765[UE 2 | RB 1] Throughput = 1.30115 Mbps
34875[UE 2 | RB 1] Throughput = 0.65782 Mbps
34975[UE 2 | RB 1] Throughput = 1.31350 Mbps
35085[UE 2 | RB 1] Throughput = 1.20087 Mbps
35185[UE 2 | RB 1] Throughput = 0.71848 Mbps
35295[UE 2 | RB 1] Throughput = 1.30260 Mbps
35405[UE 2 | RB 1] Throughput = 1.20106 Mbps
35505[UE 2 | RB 1] Throughput = 0.59838 Mbps
35605[UE 2 | RB 1] Throughput = 1.31779 Mbps
35715[UE 2 | RB 1] Throughput = 1.20122 Mbps
35825[UE 2 | RB 1] Throughput = 1.19989 Mbps
35925[UE 2 | RB 1] Throughput = 0.59882 Mbps
36035[UE 2 | RB 1] Throughput = 1.19896 Mbps
36135[UE 2 | RB 1] Throughput = 1.19639 Mbps
36235[UE 2 | RB 1] Throughput = 1.19791 Mbps
36335[UE 2 | RB 1] Throughput = 0.71772 Mbps
36445[UE 2 | RB 1] Throughput = 1.09117 Mbps
36555[UE 2 | RB 1] Throughput = 1.19630 Mbps
36655[UE 2 | RB 1] Throughput = 1.31415 Mbps
36765[UE 2 | RB 1] Throughput = 0.65758 Mbps
36865[UE 2 | RB 1] Throughput = 1.31771 Mbps
36975[UE 2 | RB 1] Throughput = 1.30689 Mbps
37085[UE 2 | RB 1] Throughput = 0.54485 Mbps
37185[UE 2 | RB 1] Throughput = 1.43279 Mbps
37295[UE 2 | RB 1] Throughput = 0.65409 Mbps
37405[UE 2 | RB 1] Throughput = 1.20167 Mbps
37506[UE 2 | RB 1] Throughput = 1.42881 Mbps
37615[UE 2 | RB 1] Throughput = 0.76490 Mbps
37725[UE 2 | RB 1] Throughput = 1.41344 Mbps
37835[UE 2 | RB 1] Throughput = 0.65519 Mbps
37945[UE 2 | RB 1] Throughput = 1.52564 Mbps
38045[UE 2 | RB 1] Throughput = 0.95827 Mbps
38155[UE 2 | RB 1] Throughput = 0.87187 Mbps
38265[UE 2 | RB 1] Throughput = 1.20490 Mbps
38365[UE 2 | RB 1] Throughput = 0.83558 Mbps
38465[UE 2 | RB 1] Throughput = 1.07722 Mbps
38565[UE 2 | RB 1] Throughput = 1.31598 Mbps
38675[UE 2 | RB 1] Throughput = 1.09121 Mbps
38775[UE 2 | RB 1] Throughput = 0.71748 Mbps
38885[UE 2 | RB 1] Throughput = 1.30846 Mbps
38985[UE 2 | RB 1] Throughput = 0.71858 Mbps
39095[UE 2 | RB 1] Throughput = 1.41616 Mbps
39195[UE 2 | RB 1] Throughput = 1.07816 Mbps
39305[UE 2 | RB 1] Throughput = 1.19852 Mbps
39415[UE 2 | RB 1] Throughput = 0.76120 Mbps
39525[UE 2 | RB 1] Throughput = 1.31357 Mbps
39626[UE 2 | RB 1] Throughput = 0.95361 Mbps
39735[UE 2 | RB 1] Throughput = 1.20580 Mbps
39835[UE 2 | RB 1] Throughput = 1.07371 Mbps
39936[UE 2 | RB 1] Throughput = 0.71720 Mbps
40045[UE 2 | RB 1] Throughput = 0.87532 Mbps
40145[UE 2 | RB 1] Throughput = 1.31516 Mbps
40255[UE 2 | RB 1] Throughput = 1.30898 Mbps
40365[UE 2 | RB 1] Throughput = 1.19881 Mbps
40475[UE 2 | RB 1] Throughput = 0.98320 Mbps
40575[UE 2 | RB 1] Throughput = 0.71432 Mbps
40685[UE 2 | RB 1] Throughput = 1.20410 Mbps
40785[UE 2 | RB 1] Throughput = 1.31380 Mbps
40895[UE 2 | RB 1] Throughput = 1.09038 Mbps
41005[UE 2 | RB 1] Throughput = 0.76269 Mbps
41115[UE 2 | RB 1] Throughput = 1.19927 Mbps
41216[UE 2 | RB 1] Throughput = 1.07417 Mbps
41325[UE 2 | RB 1] Throughput = 1.20410 Mbps
41435[UE 2 | RB 1] Throughput = 0.65407 Mbps
41535[UE 2 | RB 1] Throughput = 1.31106 Mbps
41645[UE 2 | RB 1] Throughput = 1.09217 Mbps
41745[UE 2 | RB 1] Throughput = 1.19589 Mbps
41855[UE 2 | RB 1] Throughput = 0.98190 Mbps
41955[UE 2 | RB 1] Throughput = 1.07741 Mbps
42065[UE 2 | RB 1] Throughput = 1.09327 Mbps
42165[UE 2 | RB 1] Throughput = 0.95828 Mbps
42265[UE 2 | RB 1] Throughput = 1.07803 Mbps
42365[UE 2 | RB 1] Throughput = 1.19503 Mbps
42465[UE 2 | RB 1] Throughput = 1.07832 Mbps
42565[UE 2 | RB 1] Throughput = 0.83847 Mbps
42666[UE 2 | RB 1] Throughput = 0.83791 Mbps
42775[UE 2 | RB 1] Throughput = 1.53089 Mbps
42875[UE 2 | RB 1] Throughput = 0.83615 Mbps
42985[UE 2 | RB 1] Throughput = 1.20058 Mbps
43085[UE 2 | RB 1] Throughput = 0.95776 Mbps
43185[UE 2 | RB 1] Throughput = 1.31824 Mbps
43285[UE 2 | RB 1] Throughput = 0.83827 Mbps
43395[UE 2 | RB 1] Throughput = 1.20000 Mbps
43495[UE 2 | RB 1] Throughput = 0.71839 Mbps
43605[UE 2 | RB 1] Throughput = 1.52391 Mbps
43706[UE 2 | RB 1] Throughput = 0.71839 Mbps
43806[UE 2 | RB 1] Throughput = 0.95851 Mbps
43915[UE 2 | RB 1] Throughput = 1.30966 Mbps
44015[UE 2 | RB 1] Throughput = 1.19754 Mbps
44125[UE 2 | RB 1] Throughput = 0.87455 Mbps
44225[UE 2 | RB 1] Throughput = 1.31628 Mbps
44335[UE 2 | RB 1] Throughput = 0.65398 Mbps
44435[UE 2 | RB 1] Throughput = 1.19830 Mbps
44536[UE 2 | RB 1] Throughput = 0.95523 Mbps
44645[UE 2 | RB 1] Throughput = 1.30930 Mbps
44755[UE 2 | RB 1] Throughput = 0.76436 Mbps
44855[UE 2 | RB 1] Throughput = 0.83739 Mbps
44955[UE 2 | RB 1] Throughput = 1.67687 Mbps
45065[UE 2 | RB 1] Throughput = 0.76256 Mbps
45175[UE 2 | RB 1] Throughput = 1.20083 Mbps
45276[UE 2 | RB 1] Throughput = 1.19399 Mbps
45385[UE 2 | RB 1] Throughput = 1.19944 Mbps
45486[UE 2 | RB 1] Throughput = 1.07795 Mbps
45595[UE 2 | RB 1] Throughput = 0.87307 Mbps
45696[UE 2 | RB 1] Throughput = 1.19596 Mbps
45796[UE 2 | RB 1] Throughput = 1.07658 Mbps
45905[UE 2 | RB 1] Throughput = 0.98462 Mbps
46006[UE 2 | RB 1] Throughput = 1.07571 Mbps
46115[UE 2 | RB 1] Throughput = 1.09142 Mbps
46216[UE 2 | RB 1] Throughput = 1.19524 Mbps
46326[UE 2 | RB 1] Throughput = 1.08870 Mbps
46435[UE 2 | RB 1] Throughput = 0.98379 Mbps
46535[UE 2 | RB 1] Throughput = 0.71783 Mbps
46645[UE 2 | RB 1] Throughput = 1.09182 Mbps
46745[UE 2 | RB 1] Throughput = 1.31820 Mbps
46845[UE 2 | RB 1] Throughput = 1.07792 Mbps
46945[UE 2 | RB 1] Throughput = 0.95769 Mbps
47055[UE 2 | RB 1] Throughput = 1.19764 Mbps
47155[UE 2 | RB 1] Throughput = 0.71900 Mbps
47256[UE 2 | RB 1] Throughput = 1.31577 Mbps
47366[UE 2 | RB 1] Throughput = 1.08985 Mbps
47476[UE 2 | RB 1] Throughput = 0.98052 Mbps
47576[UE 2 | RB 1] Throughput = 1.31654 Mbps
47686[UE 2 | RB 1] Throughput = 0.65390 Mbps
47796[UE 2 | RB 1] Throughput = 1.30598 Mbps
47905[UE 2 | RB 1] Throughput = 1.09497 Mbps
48006[UE 2 | RB 1] Throughput = 1.31341 Mbps
48106[UE 2 | RB 1] Throughput = 0.71860 Mbps
48215[UE 2 | RB 1] Throughput = 1.30980 Mbps
48325[UE 2 | RB 1] Throughput = 1.09143 Mbps
48425[UE 2 | RB 1] Throughput = 0.83742 Mbps
48535[UE 2 | RB 1] Throughput = 0.76277 Mbps
48645[UE 2 | RB 1] Throughput = 1.52538 Mbps
48745[UE 2 | RB 1] Throughput = 0.95851 Mbps
48846[UE 2 | RB 1] Throughput = 0.83841 Mbps
48946[UE 2 | RB 1] Throughput = 1.43743 Mbps
49046[UE 2 | RB 1] Throughput = 0.83765 Mbps
49156[UE 2 | RB 1] Throughput = 1.30851 Mbps
49265[UE 2 | RB 1] Throughput = 0.65499 Mbps
49366[UE 2 | RB 1] Throughput = 1.19373 Mbps
49476[UE 2 | RB 1] Throughput = 1.30949 Mbps
49585[UE 2 | RB 1] Throughput = 1.09140 Mbps
49685[UE 2 | RB 1] Throughput = 0.95817 Mbps
49786[UE 2 | RB 1] Throughput = 1.19240 Mbps
49896[UE 2 | RB 1] Throughput = 0.87345 Mbps
50006[UE 2 | RB 1] Throughput = 1.09132 Mbps
50106[UE 2 | RB 1] Throughput = 1.07745 Mbps
50215[UE 2 | RB 1] Throughput = 1.09220 Mbps
50316[UE 2 | RB 1] Throughput = 0.71597 Mbps
50416[UE 2 | RB 1] Throughput = 1.43742 Mbps
50526[UE 2 | RB 1] Throughput = 0.87271 Mbps
50626[UE 2 | RB 1] Throughput = 1.19781 Mbps
50736[UE 2 | RB 1] Throughput = 1.30812 Mbps
50836[UE 2 | RB 1] Throughput = 0.71730 Mbps
50946[UE 2 | RB 1] Throughput = 1.31197 Mbps
51056[UE 2 | RB 1] Throughput = 0.97680 Mbps
51166[UE 2 | RB 1] Throughput = 1.09115 Mbps
51276[UE 2 | RB 1] Throughput = 0.98149 Mbps
51376[UE 2 | RB 1] Throughput = 1.31653 Mbps
51486[UE 2 | RB 1] Throughput = 0.65421 Mbps
51596[UE 2 | RB 1] Throughput = 1.19941 Mbps
51696[UE 2 | RB 1] Throughput = 1.43598 Mbps
51806[UE 2 | RB 1] Throughput = 1.08945 Mbps
51916[UE 2 | RB 1] Throughput = 0.87109 Mbps
52026[UE 2 | RB 1] Throughput = 1.19808 Mbps
52126[UE 2 | RB 1] Throughput = 0.83779 Mbps
52236[UE 2 | RB 1] Throughput = 1.20197 Mbps
52336[UE 2 | RB 1] Throughput = 0.71853 Mbps
52446[UE 2 | RB 1] Throughput = 1.30584 Mbps
52556[UE 2 | RB 1] Throughput = 1.19493 Mbps
52666[UE 2 | RB 1] Throughput = 0.87193 Mbps
52766[UE 2 | RB 1] Throughput = 1.19446 Mbps
52876[UE 2 | RB 1] Throughput = 0.98276 Mbps
52986[UE 2 | RB 1] Throughput = 1.30807 Mbps
53096[UE 2 | RB 1] Throughput = 0.65468 Mbps
53196[UE 2 | RB 1] Throughput = 1.43577 Mbps
53306[UE 2 | RB 1] Throughput = 1.20048 Mbps
53416[UE 2 | RB 1] Throughput = 0.76319 Mbps
53526[UE 2 | RB 1] Throughput = 1.19988 Mbps
53626[UE 2 | RB 1] Throughput = 0.95656 Mbps
53726[UE 2 | RB 1] Throughput = 1.31674 Mbps
53836[UE 2 | RB 1] Throughput = 0.65556 Mbps
53945[UE 2 | RB 1] Throughput = 1.31029 Mbps
54046[UE 2 | RB 1] Throughput = 1.07685 Mbps
54146[UE 2 | RB 1] Throughput = 0.83746 Mbps
54256[UE 2 | RB 1] Throughput = 1.30622 Mbps
54366[UE 2 | RB 1] Throughput = 0.98310 Mbps
54466[UE 2 | RB 1] Throughput = 0.83788 Mbps
54566[UE 2 | RB 1] Throughput = 1.31591 Mbps
54666[UE 2 | RB 1] Throughput = 1.07803 Mbps
54776[UE 2 | RB 1] Throughput = 1.09314 Mbps
54876[UE 2 | RB 1] Throughput = 1.19674 Mbps
54976[UE 2 | RB 1] Throughput = 0.83629 Mbps
55086[UE 2 | RB 1] Throughput = 1.20205 Mbps
55186[UE 2 | RB 1] Throughput = 1.07379 Mbps
55296[UE 2 | RB 1] Throughput = 0.97861 Mbps
55406[UE 2 | RB 1] Throughput = 1.09521 Mbps
55506[UE 2 | RB 1] Throughput = 0.95454 Mbps
55616[UE 2 | RB 1] Throughput = 1.30468 Mbps
55726[UE 2 | RB 1] Throughput = 0.87419 Mbps
55836[UE 2 | RB 1] Throughput = 1.09126 Mbps
55936[UE 2 | RB 1] Throughput = 1.07572 Mbps
56046[UE 2 | RB 1] Throughput = 1.20020 Mbps
56146[UE 2 | RB 1] Throughput = 0.71898 Mbps
56256[UE 2 | RB 1] Throughput = 1.41910 Mbps
56366[UE 2 | RB 1] Throughput = 0.86932 Mbps
56466[UE 2 | RB 1] Throughput = 1.07826 Mbps
56566[UE 2 | RB 1] Throughput = 1.31645 Mbps
56676[UE 2 | RB 1] Throughput = 0.65483 Mbps
56776[UE 2 | RB 1] Throughput = 1.31802 Mbps
56886[UE 2 | RB 1] Throughput = 1.19796 Mbps
56986[UE 2 | RB 1] Throughput = 0.83680 Mbps
57096[UE 2 | RB 1] Throughput = 1.09255 Mbps
57196[UE 2 | RB 1] Throughput = 1.31465 Mbps
57306[UE 2 | RB 1] Throughput = 0.98095 Mbps
57416[UE 2 | RB 1] Throughput = 0.87278 Mbps
57516[UE 2 | RB 1] Throughput = 1.19838 Mbps
57616[UE 2 | RB 1] Throughput = 1.07756 Mbps
57716[UE 2 | RB 1] Throughput = 1.19832 Mbps
57816[UE 2 | RB 1] Throughput = 0.83865 Mbps
57926[UE 2 | RB 1] Throughput = 1.20120 Mbps
58036[UE 2 | RB 1] Throughput = 1.20118 Mbps
58136[UE 2 | RB 1] Throughput = 0.71590 Mbps
58246[UE 2 | RB 1] Throughput = 1.20040 Mbps
58356[UE 2 | RB 1] Throughput = 1.30315 Mbps
58456[UE 2 | RB 1] Throughput = 0.71882 Mbps
58566[UE 2 | RB 1] Throughput = 1.42032 Mbps
58676[UE 2 | RB 1] Throughput = 0.65276 Mbps
58786[UE 2 | RB 1] Throughput = 1.41817 Mbps
58886[UE 2 | RB 1] Throughput = 0.71853 Mbps
58996[UE 2 | RB 1] Throughput = 1.30752 Mbps
59096[UE 2 | RB 1] Throughput = 0.71752 Mbps
59197[UE 2 | RB 1] Throughput = 0.71760 Mbps
59306[UE 2 | RB 1] Throughput = 1.75185 Mbps
59406[UE 2 | RB 1] Throughput = 0.23944 Mbps
59506[UE 2 | RB 1] Throughput = 1.79502 Mbps
59616[UE 2 | RB 1] Throughput = 1.08779 Mbps
59726[UE 2 | RB 1] Throughput = 1.20082 Mbps
59836[UE 2 | RB 1] Throughput = 0.54489 Mbps
59936[UE 2 | RB 1] Throughput = 1.55340 Mbps
60040[UE 2 | RB 1] Throughput = 0.92443 Mbps
60147[UE 2 | RB 1] Throughput = 1.12343 Mbps
60256[UE 2 | RB 1] Throughput = 1.09346 Mbps
60367[UE 2 | RB 1] Throughput = 0.65185 Mbps
60476[UE 2 | RB 1] Throughput = 1.42286 Mbps
60586[UE 2 | RB 1] Throughput = 1.31011 Mbps
60686[UE 2 | RB 1] Throughput = 0.71706 Mbps
60786[UE 2 | RB 1] Throughput = 1.07852 Mbps
60896[UE 2 | RB 1] Throughput = 1.09134 Mbps
60997[UE 2 | RB 1] Throughput = 1.31213 Mbps
61106[UE 2 | RB 1] Throughput = 0.65603 Mbps
61206[UE 2 | RB 1] Throughput = 1.43498 Mbps
61316[UE 2 | RB 1] Throughput = 0.76256 Mbps
61416[UE 2 | RB 1] Throughput = 1.55717 Mbps
61526[UE 2 | RB 1] Throughput = 0.76490 Mbps
61626[UE 2 | RB 1] Throughput = 0.95632 Mbps
61726[UE 2 | RB 1] Throughput = 1.43750 Mbps
61827[UE 2 | RB 1] Throughput = 0.83803 Mbps
61936[UE 2 | RB 1] Throughput = 1.30882 Mbps
62046[UE 2 | RB 1] Throughput = 0.65428 Mbps
62146[UE 2 | RB 1] Throughput = 1.19769 Mbps
62256[UE 2 | RB 1] Throughput = 1.30805 Mbps
62366[UE 2 | RB 1] Throughput = 1.09177 Mbps
62467[UE 2 | RB 1] Throughput = 0.83494 Mbps
62567[UE 2 | RB 1] Throughput = 1.07682 Mbps
62676[UE 2 | RB 1] Throughput = 1.09138 Mbps
62786[UE 2 | RB 1] Throughput = 1.20169 Mbps
62886[UE 2 | RB 1] Throughput = 0.95661 Mbps
62997[UE 2 | RB 1] Throughput = 0.86879 Mbps
63106[UE 2 | RB 1] Throughput = 1.20178 Mbps
63217[UE 2 | RB 1] Throughput = 0.97817 Mbps
63317[UE 2 | RB 1] Throughput = 1.43028 Mbps
63426[UE 2 | RB 1] Throughput = 0.65936 Mbps
63526[UE 2 | RB 1] Throughput = 1.43749 Mbps
63626[UE 2 | RB 1] Throughput = 0.95815 Mbps
63727[UE 2 | RB 1] Throughput = 0.95656 Mbps
63837[UE 2 | RB 1] Throughput = 1.08983 Mbps
63946[UE 2 | RB 1] Throughput = 1.30981 Mbps
64047[UE 2 | RB 1] Throughput = 0.71806 Mbps
64147[UE 2 | RB 1] Throughput = 1.43717 Mbps
64256[UE 2 | RB 1] Throughput = 0.65562 Mbps
64357[UE 2 | RB 1] Throughput = 1.42824 Mbps
64466[UE 2 | RB 1] Throughput = 0.76619 Mbps
64567[UE 2 | RB 1] Throughput = 1.31053 Mbps
64677[UE 2 | RB 1] Throughput = 1.30329 Mbps
64786[UE 2 | RB 1] Throughput = 0.55112 Mbps
64887[UE 2 | RB 1] Throughput = 1.43232 Mbps
64987[UE 2 | RB 1] Throughput = 1.19424 Mbps
65097[UE 2 | RB 1] Throughput = 0.65423 Mbps
65207[UE 2 | RB 1] Throughput = 1.30877 Mbps
65307[UE 2 | RB 1] Throughput = 0.83873 Mbps
65407[UE 2 | RB 1] Throughput = 1.31659 Mbps
65517[UE 2 | RB 1] Throughput = 1.20006 Mbps
65627[UE 2 | RB 1] Throughput = 1.09052 Mbps
65727[UE 2 | RB 1] Throughput = 0.71450 Mbps
65837[UE 2 | RB 1] Throughput = 1.20286 Mbps
65946[UE 2 | RB 1] Throughput = 0.87518 Mbps
66057[UE 2 | RB 1] Throughput = 1.30241 Mbps
66157[UE 2 | RB 1] Throughput = 1.19804 Mbps
66266[UE 2 | RB 1] Throughput = 0.98334 Mbps
66367[UE 2 | RB 1] Throughput = 0.95772 Mbps
66477[UE 2 | RB 1] Throughput = 0.76105 Mbps
66577[UE 2 | RB 1] Throughput = 1.31783 Mbps
66687[UE 2 | RB 1] Throughput = 1.19878 Mbps
66797[UE 2 | RB 1] Throughput = 0.65390 Mbps
66897[UE 2 | RB 1] Throughput = 1.55411 Mbps
66997[UE 2 | RB 1] Throughput = 0.95729 Mbps
67107[UE 2 | RB 1] Throughput = 1.31312 Mbps
67217[UE 2 | RB 1] Throughput = 0.98067 Mbps
67317[UE 2 | RB 1] Throughput = 0.95686 Mbps
67427[UE 2 | RB 1] Throughput = 1.31011 Mbps
67527[UE 2 | RB 1] Throughput = 0.71791 Mbps
67637[UE 2 | RB 1] Throughput = 1.19793 Mbps
67746[UE 2 | RB 1] Throughput = 1.09362 Mbps
67847[UE 2 | RB 1] Throughput = 1.07528 Mbps
67947[UE 2 | RB 1] Throughput = 0.71882 Mbps
68057[UE 2 | RB 1] Throughput = 1.30833 Mbps
68157[UE 2 | RB 1] Throughput = 1.07816 Mbps
68257[UE 2 | RB 1] Throughput = 1.19374 Mbps
68367[UE 2 | RB 1] Throughput = 0.87427 Mbps
68476[UE 2 | RB 1] Throughput = 1.20089 Mbps
68586[UE 2 | RB 1] Throughput = 0.76420 Mbps
68696[UE 2 | RB 1] Throughput = 1.41461 Mbps
68796[UE 2 | RB 1] Throughput = 0.71815 Mbps
68897[UE 2 | RB 1] Throughput = 1.43686 Mbps
68997[UE 2 | RB 1] Throughput = 0.71778 Mbps
69107[UE 2 | RB 1] Throughput = 1.30881 Mbps
69207[UE 2 | RB 1] Throughput = 0.71758 Mbps
69316[UE 2 | RB 1] Throughput = 1.31294 Mbps
69416[UE 2 | RB 1] Throughput = 0.71814 Mbps
69517[UE 2 | RB 1] Throughput = 1.55557 Mbps
69617[UE 2 | RB 1] Throughput = 0.71871 Mbps
69717[UE 2 | RB 1] Throughput = 1.31318 Mbps
69827[UE 2 | RB 1] Throughput = 1.09502 Mbps
69927[UE 2 | RB 1] Throughput = 1.07565 Mbps
70037[UE 2 | RB 1] Throughput = 1.09048 Mbps
70146[UE 2 | RB 1] Throughput = 0.76426 Mbps
70247[UE 2 | RB 1] Throughput = 1.43366 Mbps
70347[UE 2 | RB 1] Throughput = 0.95632 Mbps
70457[UE 2 | RB 1] Throughput = 1.09077 Mbps
70567[UE 2 | RB 1] Throughput = 0.87147 Mbps
70677[UE 2 | RB 1] Throughput = 1.31110 Mbps
70777[UE 2 | RB 1] Throughput = 0.71791 Mbps
70877[UE 2 | RB 1] Throughput = 1.43098 Mbps
70987[UE 2 | RB 1] Throughput = 0.65478 Mbps
71097[UE 2 | RB 1] Throughput = 1.31098 Mbps
71197[UE 2 | RB 1] Throughput = 1.43702 Mbps
71297[UE 2 | RB 1] Throughput = 0.71603 Mbps
71407[UE 2 | RB 1] Throughput = 1.30643 Mbps
71508[UE 2 | RB 1] Throughput = 0.71733 Mbps
71617[UE 2 | RB 1] Throughput = 1.31541 Mbps
71717[UE 2 | RB 1] Throughput = 0.71748 Mbps
71827[UE 2 | RB 1] Throughput = 1.30799 Mbps
71927[UE 2 | RB 1] Throughput = 1.31662 Mbps
72027[UE 2 | RB 1] Throughput = 0.83735 Mbps
72137[UE 2 | RB 1] Throughput = 1.20391 Mbps
72237[UE 2 | RB 1] Throughput = 0.71652 Mbps
72347[UE 2 | RB 1] Throughput = 1.31383 Mbps
72447[UE 2 | RB 1] Throughput = 0.95071 Mbps
72557[UE 2 | RB 1] Throughput = 1.31272 Mbps
72657[UE 2 | RB 1] Throughput = 0.59868 Mbps
72757[UE 2 | RB 1] Throughput = 1.43354 Mbps
72867[UE 2 | RB 1] Throughput = 1.09447 Mbps
72967[UE 2 | RB 1] Throughput = 0.71743 Mbps
73067[UE 2 | RB 1] Throughput = 1.31698 Mbps
73177[UE 2 | RB 1] Throughput = 1.20073 Mbps
73286[UE 2 | RB 1] Throughput = 0.65692 Mbps
73387[UE 2 | RB 1] Throughput = 1.42728 Mbps
73497[UE 2 | RB 1] Throughput = 1.09362 Mbps
73607[UE 2 | RB 1] Throughput = 0.65374 Mbps
73717[UE 2 | RB 1] Throughput = 1.30839 Mbps
73817[UE 2 | RB 1] Throughput = 1.43728 Mbps
73917[UE 2 | RB 1] Throughput = 0.71496 Mbps
74027[UE 2 | RB 1] Throughput = 1.31468 Mbps
74127[UE 2 | RB 1] Throughput = 0.71724 Mbps
74227[UE 2 | RB 1] Throughput = 1.31687 Mbps
74337[UE 2 | RB 1] Throughput = 0.98039 Mbps
74447[UE 2 | RB 1] Throughput = 0.87263 Mbps
74547[UE 2 | RB 1] Throughput = 1.43725 Mbps
74657[UE 2 | RB 1] Throughput = 0.87325 Mbps
74757[UE 2 | RB 1] Throughput = 1.19279 Mbps
74867[UE 2 | RB 1] Throughput = 0.98167 Mbps
74977[UE 2 | RB 1] Throughput = 1.30628 Mbps
75087[UE 2 | RB 1] Throughput = 0.87392 Mbps
75197[UE 2 | RB 1] Throughput = 0.76268 Mbps
75297[UE 2 | RB 1] Throughput = 1.19828 Mbps
75397[UE 2 | RB 1] Throughput = 1.43542 Mbps
75497[UE 2 | RB 1] Throughput = 0.71850 Mbps
75597[UE 2 | RB 1] Throughput = 1.43673 Mbps
75707[UE 2 | RB 1] Throughput = 0.65504 Mbps
75817[UE 2 | RB 1] Throughput = 1.30335 Mbps
75927[UE 2 | RB 1] Throughput = 1.31143 Mbps
76037[UE 2 | RB 1] Throughput = 0.65515 Mbps
76137[UE 2 | RB 1] Throughput = 1.43339 Mbps
76247[UE 2 | RB 1] Throughput = 1.09464 Mbps
76347[UE 2 | RB 1] Throughput = 0.83474 Mbps
76447[UE 2 | RB 1] Throughput = 1.31781 Mbps
76557[UE 2 | RB 1] Throughput = 0.65357 Mbps
76657[UE 2 | RB 1] Throughput = 1.31611 Mbps
76767[UE 2 | RB 1] Throughput = 1.30902 Mbps
76877[UE 2 | RB 1] Throughput = 0.76137 Mbps
76987[UE 2 | RB 1] Throughput = 1.09239 Mbps
77097[UE 2 | RB 1] Throughput = 1.30352 Mbps
77207[UE 2 | RB 1] Throughput = 0.65551 Mbps
77317[UE 2 | RB 1] Throughput = 1.19652 Mbps
77427[UE 2 | RB 1] Throughput = 1.31157 Mbps
77527[UE 2 | RB 1] Throughput = 0.71497 Mbps
77637[UE 2 | RB 1] Throughput = 1.20175 Mbps
77737[UE 2 | RB 1] Throughput = 1.19736 Mbps
77847[UE 2 | RB 1] Throughput = 1.20093 Mbps
77947[UE 2 | RB 1] Throughput = 0.59825 Mbps
78047[UE 2 | RB 1] Throughput = 0.71841 Mbps
78157[UE 2 | RB 1] Throughput = 1.63156 Mbps
78267[UE 2 | RB 1] Throughput = 0.98300 Mbps
78377[UE 2 | RB 1] Throughput = 1.08978 Mbps
78477[UE 2 | RB 1] Throughput = 1.07757 Mbps
78577[UE 2 | RB 1] Throughput = 1.19833 Mbps
78687[UE 2 | RB 1] Throughput = 0.65548 Mbps
78787[UE 2 | RB 1] Throughput = 1.54941 Mbps
78897[UE 2 | RB 1] Throughput = 0.98114 Mbps
78998[UE 2 | RB 1] Throughput = 0.71797 Mbps
79107[UE 2 | RB 1] Throughput = 1.30900 Mbps
79217[UE 2 | RB 1] Throughput = 1.20123 Mbps
79327[UE 2 | RB 1] Throughput = 0.65519 Mbps
79427[UE 2 | RB 1] Throughput = 1.43308 Mbps
79537[UE 2 | RB 1] Throughput = 1.09075 Mbps
79637[UE 2 | RB 1] Throughput = 0.95754 Mbps
79747[UE 2 | RB 1] Throughput = 0.98315 Mbps
79847[UE 2 | RB 1] Throughput = 1.31358 Mbps
79957[UE 2 | RB 1] Throughput = 1.08808 Mbps
80067[UE 2 | RB 1] Throughput = 0.76509 Mbps
80167[UE 2 | RB 1] Throughput = 1.31409 Mbps
80277[UE 2 | RB 1] Throughput = 1.30776 Mbps
80377[UE 2 | RB 1] Throughput = 0.59863 Mbps
80487[UE 2 | RB 1] Throughput = 1.19940 Mbps
80588[UE 2 | RB 1] Throughput = 1.19585 Mbps
80697[UE 2 | RB 1] Throughput = 0.76406 Mbps
80807[UE 2 | RB 1] Throughput = 1.31152 Mbps
80908[UE 2 | RB 1] Throughput = 1.19273 Mbps
81017[UE 2 | RB 1] Throughput = 0.65427 Mbps
81127[UE 2 | RB 1] Throughput = 1.20294 Mbps
81227[UE 2 | RB 1] Throughput = 1.19604 Mbps
81327[UE 2 | RB 1] Throughput = 1.31779 Mbps
81427[UE 2 | RB 1] Throughput = 0.71778 Mbps
81537[UE 2 | RB 1] Throughput = 1.20186 Mbps
81637[UE 2 | RB 1] Throughput = 1.07537 Mbps
81738[UE 2 | RB 1] Throughput = 1.07730 Mbps
81847[UE 2 | RB 1] Throughput = 0.98079 Mbps
81958[UE 2 | RB 1] Throughput = 1.30527 Mbps
82068[UE 2 | RB 1] Throughput = 0.76359 Mbps
82177[UE 2 | RB 1] Throughput = 1.30873 Mbps
82287[UE 2 | RB 1] Throughput = 0.65322 Mbps
82397[UE 2 | RB 1] Throughput = 1.30725 Mbps
82498[UE 2 | RB 1] Throughput = 1.19794 Mbps
82607[UE 2 | RB 1] Throughput = 1.20055 Mbps
82717[UE 2 | RB 1] Throughput = 0.76247 Mbps
82818[UE 2 | RB 1] Throughput = 1.43436 Mbps
82927[UE 2 | RB 1] Throughput = 0.87326 Mbps
83027[UE 2 | RB 1] Throughput = 0.95802 Mbps
83137[UE 2 | RB 1] Throughput = 1.31042 Mbps
83237[UE 2 | RB 1] Throughput = 0.71720 Mbps
83348[UE 2 | RB 1] Throughput = 0.87063 Mbps
83458[UE 2 | RB 1] Throughput = 1.52404 Mbps
83567[UE 2 | RB 1] Throughput = 1.20181 Mbps
83668[UE 2 | RB 1] Throughput = 0.83700 Mbps
83777[UE 2 | RB 1] Throughput = 0.65434 Mbps
83888[UE 2 | RB 1] Throughput = 1.30599 Mbps
83998[UE 2 | RB 1] Throughput = 1.19775 Mbps
84108[UE 2 | RB 1] Throughput = 1.08813 Mbps
84217[UE 2 | RB 1] Throughput = 1.09343 Mbps
84317[UE 2 | RB 1] Throughput = 0.71826 Mbps
84418[UE 2 | RB 1] Throughput = 1.43515 Mbps
84518[UE 2 | RB 1] Throughput = 0.71869 Mbps
84627[UE 2 | RB 1] Throughput = 1.20242 Mbps
84727[UE 2 | RB 1] Throughput = 1.19839 Mbps
84828[UE 2 | RB 1] Throughput = 1.19661 Mbps
84928[UE 2 | RB 1] Throughput = 0.71900 Mbps
85028[UE 2 | RB 1] Throughput = 1.31562 Mbps
85128[UE 2 | RB 1] Throughput = 1.31808 Mbps
85238[UE 2 | RB 1] Throughput = 0.54495 Mbps
85348[UE 2 | RB 1] Throughput = 1.30938 Mbps
85457[UE 2 | RB 1] Throughput = 1.09136 Mbps
85568[UE 2 | RB 1] Throughput = 1.30509 Mbps
85668[UE 2 | RB 1] Throughput = 0.71811 Mbps
85778[UE 2 | RB 1] Throughput = 1.30862 Mbps
85878[UE 2 | RB 1] Throughput = 0.83594 Mbps
85988[UE 2 | RB 1] Throughput = 0.76397 Mbps
86098[UE 2 | RB 1] Throughput = 1.41742 Mbps
86208[UE 2 | RB 1] Throughput = 1.30738 Mbps
86308[UE 2 | RB 1] Throughput = 0.71811 Mbps
86417[UE 2 | RB 1] Throughput = 1.31085 Mbps
86518[UE 2 | RB 1] Throughput = 0.95233 Mbps
86628[UE 2 | RB 1] Throughput = 1.09281 Mbps
86738[UE 2 | RB 1] Throughput = 1.08942 Mbps
86838[UE 2 | RB 1] Throughput = 0.95851 Mbps
86938[UE 2 | RB 1] Throughput = 1.31503 Mbps
87048[UE 2 | RB 1] Throughput = 0.97730 Mbps
87158[UE 2 | RB 1] Throughput = 0.98625 Mbps
87258[UE 2 | RB 1] Throughput = 0.71871 Mbps
87368[UE 2 | RB 1] Throughput = 1.30723 Mbps
87468[UE 2 | RB 1] Throughput = 1.31667 Mbps
87568[UE 2 | RB 1] Throughput = 0.83867 Mbps
87668[UE 2 | RB 1] Throughput = 0.71885 Mbps
87777[UE 2 | RB 1] Throughput = 1.31390 Mbps
87878[UE 2 | RB 1] Throughput = 1.19483 Mbps
87978[UE 2 | RB 1] Throughput = 1.19781 Mbps
88088[UE 2 | RB 1] Throughput = 0.76240 Mbps
88188[UE 2 | RB 1] Throughput = 1.43639 Mbps
88288[UE 2 | RB 1] Throughput = 0.83763 Mbps
88398[UE 2 | RB 1] Throughput = 1.20183 Mbps
88498[UE 2 | RB 1] Throughput = 0.83559 Mbps
88608[UE 2 | RB 1] Throughput = 1.09524 Mbps
88708[UE 2 | RB 1] Throughput = 1.31674 Mbps
88808[UE 2 | RB 1] Throughput = 0.95765 Mbps
88908[UE 2 | RB 1] Throughput = 1.07279 Mbps
89018[UE 2 | RB 1] Throughput = 1.20645 Mbps
89118[UE 2 | RB 1] Throughput = 1.19815 Mbps
89218[UE 2 | RB 1] Throughput = 0.71593 Mbps
89328[UE 2 | RB 1] Throughput = 1.19766 Mbps
89437[UE 2 | RB 1] Throughput = 1.20785 Mbps
89538[UE 2 | RB 1] Throughput = 0.71645 Mbps
89648[UE 2 | RB 1] Throughput = 1.41275 Mbps
89748[UE 2 | RB 1] Throughput = 0.95721 Mbps
89858[UE 2 | RB 1] Throughput = 0.98263 Mbps
89958[UE 2 | RB 1] Throughput = 1.07813 Mbps
90068[UE 2 | RB 1] Throughput = 1.09167 Mbps
90168[UE 2 | RB 1] Throughput = 0.83836 Mbps
90278[UE 2 | RB 1] Throughput = 1.30644 Mbps
90388[UE 2 | RB 1] Throughput = 1.08821 Mbps
90498[UE 2 | RB 1] Throughput = 0.98170 Mbps
90598[UE 2 | RB 1] Throughput = 0.95548 Mbps
90708[UE 2 | RB 1] Throughput = 1.20265 Mbps
90818[UE 2 | RB 1] Throughput = 1.19617 Mbps
90928[UE 2 | RB 1] Throughput = 0.65376 Mbps
[xApp]: E42 RIC_SUBSCRIPTION_DELETE_REQUEST tx RAN_FUNC_ID 144 RIC_REQ_ID 1 
[xApp]: E42 SUBSCRIPTION DELETE RESPONSE rx
[xApp]: E42 RIC_SUBSCRIPTION_DELETE_REQUEST tx RAN_FUNC_ID 144 RIC_REQ_ID 2 
[xApp]: E42 SUBSCRIPTION DELETE RESPONSE rx
[xApp]: E42 RIC_SUBSCRIPTION_DELETE_REQUEST tx RAN_FUNC_ID 144 RIC_REQ_ID 3 
[xApp]: E42 SUBSCRIPTION DELETE RESPONSE rx
[xApp]: E42 RIC_SUBSCRIPTION_DELETE_REQUEST tx RAN_FUNC_ID 144 RIC_REQ_ID 4 
[xApp]: E42 SUBSCRIPTION DELETE RESPONSE rx
[xApp]: Sucessfully stopped 
Test xApp run SUCCESSFULLY
