[UTIL]: Setting the config -c file to /usr/local/etc/flexric/flexric.conf
[UTIL]: Setting path -p for the shared libraries to /usr/local/lib/flexric/
[xAapp]: Initializing ... 
[xApp]: nearRT-RIC IP Address = 192.168.70.150, PORT = 36422
[E2 AGENT]: Opening plugin from path = /usr/local/lib/flexric/libkpm_sm.so 
[E2 AGENT]: Opening plugin from path = /usr/local/lib/flexric/libmac_sm.so 
[E2 AGENT]: Opening plugin from path = /usr/local/lib/flexric/libpdcp_sm.so 
[E2 AGENT]: Opening plugin from path = /usr/local/lib/flexric/libgtp_sm.so 
[E2 AGENT]: Opening plugin from path = /usr/local/lib/flexric/librc_sm.so 
[E2 AGENT]: Opening plugin from path = /usr/local/lib/flexric/libtc_sm.so 
[E2 AGENT]: Opening plugin from path = /usr/local/lib/flexric/librlc_sm.so 
[E2 AGENT]: Opening plugin from path = /usr/local/lib/flexric/libslice_sm.so 
[NEAR-RIC]: Loading SM ID = 2 with def = ORAN-E2SM-KPM 
[NEAR-RIC]: Loading SM ID = 142 with def = MAC_STATS_V0 
[NEAR-RIC]: Loading SM ID = 144 with def = PDCP_STATS_V0 
[NEAR-RIC]: Loading SM ID = 148 with def = GTP_STATS_V0 
[NEAR-RIC]: Loading SM ID = 3 with def = ORAN-E2SM-RC 
[NEAR-RIC]: Loading SM ID = 146 with def = TC_STATS_V0 
[NEAR-RIC]: Loading SM ID = 143 with def = RLC_STATS_V0 
[NEAR-RIC]: Loading SM ID = 145 with def = SLICE_STATS_V0 
[xApp]: DB filename = /tmp/flexric/xapp_db 
 [xApp]: E42 SETUP-REQUEST tx
[xApp]: E42 SETUP-RESPONSE rx 
[xApp]: xApp ID = 25 
[xApp]: Registered E2 Nodes = 4 
Connected E2 nodes = 4
[xAPP] Registered node 0 ran func id = 2 
 [xAPP] Registered node 0 ran func id = 3 
 [xAPP] Registered node 0 ran func id = 142 
 [xAPP] Registered node 0 ran func id = 143 
 [xAPP] Registered node 0 ran func id = 144 
 [xAPP] Registered node 0 ran func id = 145 
 [xAPP] Registered node 0 ran func id = 146 
 [xAPP] Registered node 0 ran func id = 148 
 [xApp]: E42 RIC SUBSCRIPTION REQUEST tx RAN_FUNC_ID 144 RIC_REQ_ID 1 
[xApp]: SUBSCRIPTION RESPONSE rx
[xApp]: Successfully subscribed to RAN_FUNC_ID 144 
[xAPP] Registered node 1 ran func id = 2 
 [xAPP] Registered node 1 ran func id = 3 
 [xAPP] Registered node 1 ran func id = 142 
 [xAPP] Registered node 1 ran func id = 143 
 [xAPP] Registered node 1 ran func id = 144 
 [xAPP] Registered node 1 ran func id = 145 
 [xAPP] Registered node 1 ran func id = 146 
 [xAPP] Registered node 1 ran func id = 148 
 [xApp]: E42 RIC SUBSCRIPTION REQUEST tx RAN_FUNC_ID 144 RIC_REQ_ID 2 
[xApp]: SUBSCRIPTION RESPONSE rx
[xApp]: Successfully subscribed to RAN_FUNC_ID 144 
[xAPP] Registered node 2 ran func id = 2 
 [xAPP] Registered node 2 ran func id = 3 
 [xAPP] Registered node 2 ran func id = 142 
 [xAPP] Registered node 2 ran func id = 143 
 [xAPP] Registered node 2 ran func id = 144 
 [xAPP] Registered node 2 ran func id = 145 
 [xAPP] Registered node 2 ran func id = 146 
 [xAPP] Registered node 2 ran func id = 148 
 [xApp]: E42 RIC SUBSCRIPTION REQUEST tx RAN_FUNC_ID 144 RIC_REQ_ID 3 
[xApp]: SUBSCRIPTION RESPONSE rx
[xApp]: Successfully subscribed to RAN_FUNC_ID 144 
[xAPP] Registered node 3 ran func id = 2 
 [xAPP] Registered node 3 ran func id = 3 
 [xAPP] Registered node 3 ran func id = 142 
 [xAPP] Registered node 3 ran func id = 143 
 [xAPP] Registered node 3 ran func id = 144 
 [xAPP] Registered node 3 ran func id = 145 
 [xAPP] Registered node 3 ran func id = 146 
 [xAPP] Registered node 3 ran func id = 148 
 [xApp]: E42 RIC SUBSCRIPTION REQUEST tx RAN_FUNC_ID 144 RIC_REQ_ID 4 
[xApp]: SUBSCRIPTION RESPONSE rx
[xApp]: Successfully subscribed to RAN_FUNC_ID 144 
112[UE 2 | RB 1] Throughput = 1.19258 Mbps
222[UE 2 | RB 1] Throughput = 1.09143 Mbps
322[UE 2 | RB 1] Throughput = 0.71846 Mbps
432[UE 2 | RB 1] Throughput = 1.19853 Mbps
542[UE 2 | RB 1] Throughput = 1.19961 Mbps
642[UE 2 | RB 1] Throughput = 0.83784 Mbps
742[UE 2 | RB 1] Throughput = 1.19769 Mbps
852[UE 2 | RB 1] Throughput = 0.87233 Mbps
952[UE 2 | RB 1] Throughput = 1.07621 Mbps
1062[UE 2 | RB 1] Throughput = 1.31050 Mbps
1162[UE 2 | RB 1] Throughput = 0.95863 Mbps
1272[UE 2 | RB 1] Throughput = 0.98043 Mbps
1373[UE 2 | RB 1] Throughput = 1.31278 Mbps
1473[UE 2 | RB 1] Throughput = 0.71890 Mbps
1573[UE 2 | RB 1] Throughput = 1.43796 Mbps
1673[UE 2 | RB 1] Throughput = 1.19805 Mbps
1782[UE 2 | RB 1] Throughput = 0.54575 Mbps
1893[UE 2 | RB 1] Throughput = 1.19750 Mbps
1993[UE 2 | RB 1] Throughput = 1.31795 Mbps
2102[UE 2 | RB 1] Throughput = 1.20356 Mbps
2202[UE 2 | RB 1] Throughput = 0.71823 Mbps
2302[UE 2 | RB 1] Throughput = 1.31769 Mbps
2402[UE 2 | RB 1] Throughput = 0.71862 Mbps
2502[UE 2 | RB 1] Throughput = 1.19647 Mbps
2612[UE 2 | RB 1] Throughput = 1.20137 Mbps
2712[UE 2 | RB 1] Throughput = 0.71727 Mbps
2823[UE 2 | RB 1] Throughput = 1.41494 Mbps
2932[UE 2 | RB 1] Throughput = 0.98394 Mbps
3032[UE 2 | RB 1] Throughput = 1.07555 Mbps
3133[UE 2 | RB 1] Throughput = 1.19708 Mbps
3243[UE 2 | RB 1] Throughput = 0.97774 Mbps
3352[UE 2 | RB 1] Throughput = 1.09444 Mbps
3452[UE 2 | RB 1] Throughput = 1.19783 Mbps
3553[UE 2 | RB 1] Throughput = 0.71421 Mbps
3663[UE 2 | RB 1] Throughput = 1.09225 Mbps
3773[UE 2 | RB 1] Throughput = 1.19996 Mbps
3882[UE 2 | RB 1] Throughput = 1.20086 Mbps
3992[UE 2 | RB 1] Throughput = 1.09081 Mbps
4093[UE 2 | RB 1] Throughput = 0.71485 Mbps
4202[UE 2 | RB 1] Throughput = 1.31673 Mbps
4303[UE 2 | RB 1] Throughput = 0.83525 Mbps
4403[UE 2 | RB 1] Throughput = 1.19717 Mbps
4513[UE 2 | RB 1] Throughput = 0.98055 Mbps
4613[UE 2 | RB 1] Throughput = 1.07797 Mbps
4723[UE 2 | RB 1] Throughput = 1.19963 Mbps
4832[UE 2 | RB 1] Throughput = 0.98175 Mbps
4933[UE 2 | RB 1] Throughput = 1.19707 Mbps
5042[UE 2 | RB 1] Throughput = 1.20155 Mbps
5143[UE 2 | RB 1] Throughput = 0.95293 Mbps
5252[UE 2 | RB 1] Throughput = 0.87482 Mbps
5353[UE 2 | RB 1] Throughput = 1.07531 Mbps
5463[UE 2 | RB 1] Throughput = 0.98122 Mbps
5573[UE 2 | RB 1] Throughput = 1.19901 Mbps
5673[UE 2 | RB 1] Throughput = 1.19328 Mbps
5783[UE 2 | RB 1] Throughput = 1.09378 Mbps
5892[UE 2 | RB 1] Throughput = 1.20251 Mbps
5992[UE 2 | RB 1] Throughput = 0.59761 Mbps
6093[UE 2 | RB 1] Throughput = 1.19301 Mbps
6203[UE 2 | RB 1] Throughput = 1.09194 Mbps
6303[UE 2 | RB 1] Throughput = 1.31483 Mbps
6413[UE 2 | RB 1] Throughput = 0.65345 Mbps
6523[UE 2 | RB 1] Throughput = 1.19732 Mbps
6633[UE 2 | RB 1] Throughput = 0.98504 Mbps
6733[UE 2 | RB 1] Throughput = 1.31335 Mbps
6842[UE 2 | RB 1] Throughput = 1.20498 Mbps
6942[UE 2 | RB 1] Throughput = 0.83775 Mbps
7053[UE 2 | RB 1] Throughput = 1.30451 Mbps
7162[UE 2 | RB 1] Throughput = 0.98459 Mbps
7263[UE 2 | RB 1] Throughput = 0.95516 Mbps
7373[UE 2 | RB 1] Throughput = 1.19884 Mbps
7473[UE 2 | RB 1] Throughput = 0.83652 Mbps
7573[UE 2 | RB 1] Throughput = 1.31629 Mbps
7683[UE 2 | RB 1] Throughput = 0.65554 Mbps
7783[UE 2 | RB 1] Throughput = 1.31389 Mbps
7893[UE 2 | RB 1] Throughput = 1.30856 Mbps
8003[UE 2 | RB 1] Throughput = 0.65497 Mbps
8103[UE 2 | RB 1] Throughput = 1.31674 Mbps
8203[UE 2 | RB 1] Throughput = 0.71886 Mbps
8303[UE 2 | RB 1] Throughput = 1.31612 Mbps
8413[UE 2 | RB 1] Throughput = 1.30744 Mbps
8522[UE 2 | RB 1] Throughput = 1.09576 Mbps
8623[UE 2 | RB 1] Throughput = 1.07612 Mbps
8733[UE 2 | RB 1] Throughput = 0.97832 Mbps
8833[UE 2 | RB 1] Throughput = 1.07707 Mbps
8943[UE 2 | RB 1] Throughput = 1.09290 Mbps
9052[UE 2 | RB 1] Throughput = 0.76405 Mbps
9153[UE 2 | RB 1] Throughput = 0.95686 Mbps
9263[UE 2 | RB 1] Throughput = 1.41534 Mbps
9363[UE 2 | RB 1] Throughput = 0.71752 Mbps
9473[UE 2 | RB 1] Throughput = 1.30742 Mbps
9583[UE 2 | RB 1] Throughput = 0.98038 Mbps
9693[UE 2 | RB 1] Throughput = 1.30943 Mbps
9793[UE 2 | RB 1] Throughput = 0.71850 Mbps
9893[UE 2 | RB 1] Throughput = 1.43736 Mbps
9993[UE 2 | RB 1] Throughput = 0.59746 Mbps
10103[UE 2 | RB 1] Throughput = 1.41899 Mbps
10213[UE 2 | RB 1] Throughput = 1.19779 Mbps
10313[UE 2 | RB 1] Throughput = 0.71877 Mbps
10423[UE 2 | RB 1] Throughput = 1.20178 Mbps
10533[UE 2 | RB 1] Throughput = 0.97972 Mbps
10633[UE 2 | RB 1] Throughput = 1.19675 Mbps
10733[UE 2 | RB 1] Throughput = 0.71819 Mbps
10843[UE 2 | RB 1] Throughput = 1.52589 Mbps
10953[UE 2 | RB 1] Throughput = 0.65491 Mbps
11053[UE 2 | RB 1] Throughput = 1.55652 Mbps
11163[UE 2 | RB 1] Throughput = 0.54497 Mbps
11273[UE 2 | RB 1] Throughput = 1.30812 Mbps
11373[UE 2 | RB 1] Throughput = 1.19829 Mbps
11483[UE 2 | RB 1] Throughput = 1.19932 Mbps
11583[UE 2 | RB 1] Throughput = 0.95785 Mbps
11683[UE 2 | RB 1] Throughput = 1.19534 Mbps
11793[UE 2 | RB 1] Throughput = 0.76385 Mbps
11893[UE 2 | RB 1] Throughput = 1.43633 Mbps
11993[UE 2 | RB 1] Throughput = 0.71816 Mbps
12103[UE 2 | RB 1] Throughput = 1.31224 Mbps
12203[UE 2 | RB 1] Throughput = 0.83757 Mbps
12313[UE 2 | RB 1] Throughput = 1.30857 Mbps
12413[UE 2 | RB 1] Throughput = 0.83808 Mbps
12513[UE 2 | RB 1] Throughput = 0.83723 Mbps
12613[UE 2 | RB 1] Throughput = 1.43792 Mbps
12723[UE 2 | RB 1] Throughput = 1.09189 Mbps
12823[UE 2 | RB 1] Throughput = 0.95611 Mbps
12933[UE 2 | RB 1] Throughput = 0.65531 Mbps
13043[UE 2 | RB 1] Throughput = 1.30863 Mbps
13143[UE 2 | RB 1] Throughput = 1.43477 Mbps
13253[UE 2 | RB 1] Throughput = 0.65407 Mbps
13363[UE 2 | RB 1] Throughput = 1.30858 Mbps
13463[UE 2 | RB 1] Throughput = 1.19649 Mbps
13563[UE 2 | RB 1] Throughput = 0.71821 Mbps
13673[UE 2 | RB 1] Throughput = 1.30842 Mbps
13773[UE 2 | RB 1] Throughput = 0.71877 Mbps
13883[UE 2 | RB 1] Throughput = 1.30805 Mbps
13983[UE 2 | RB 1] Throughput = 0.83820 Mbps
14093[UE 2 | RB 1] Throughput = 1.19996 Mbps
14203[UE 2 | RB 1] Throughput = 1.20003 Mbps
14303[UE 2 | RB 1] Throughput = 0.71595 Mbps
14413[UE 2 | RB 1] Throughput = 1.08950 Mbps
14523[UE 2 | RB 1] Throughput = 1.30718 Mbps
14633[UE 2 | RB 1] Throughput = 1.20184 Mbps
14743[UE 2 | RB 1] Throughput = 1.19903 Mbps
14853[UE 2 | RB 1] Throughput = 0.65438 Mbps
14953[UE 2 | RB 1] Throughput = 1.31474 Mbps
15053[UE 2 | RB 1] Throughput = 1.07647 Mbps
15163[UE 2 | RB 1] Throughput = 1.08999 Mbps
15273[UE 2 | RB 1] Throughput = 1.08997 Mbps
15383[UE 2 | RB 1] Throughput = 0.87059 Mbps
15493[UE 2 | RB 1] Throughput = 1.20216 Mbps
15593[UE 2 | RB 1] Throughput = 1.07630 Mbps
15693[UE 2 | RB 1] Throughput = 1.31798 Mbps
15803[UE 2 | RB 1] Throughput = 0.65268 Mbps
15913[UE 2 | RB 1] Throughput = 1.41810 Mbps
16023[UE 2 | RB 1] Throughput = 0.65251 Mbps
16133[UE 2 | RB 1] Throughput = 1.20023 Mbps
16233[UE 2 | RB 1] Throughput = 1.43606 Mbps
16343[UE 2 | RB 1] Throughput = 0.65523 Mbps
16443[UE 2 | RB 1] Throughput = 1.43424 Mbps
16553[UE 2 | RB 1] Throughput = 0.98055 Mbps
16663[UE 2 | RB 1] Throughput = 1.09136 Mbps
16773[UE 2 | RB 1] Throughput = 1.08689 Mbps
16883[UE 2 | RB 1] Throughput = 1.09094 Mbps
16993[UE 2 | RB 1] Throughput = 0.87407 Mbps
17093[UE 2 | RB 1] Throughput = 1.31219 Mbps
17203[UE 2 | RB 1] Throughput = 0.65517 Mbps
17304[UE 2 | RB 1] Throughput = 1.43132 Mbps
17413[UE 2 | RB 1] Throughput = 1.20248 Mbps
17523[UE 2 | RB 1] Throughput = 0.87163 Mbps
17624[UE 2 | RB 1] Throughput = 1.31262 Mbps
17734[UE 2 | RB 1] Throughput = 0.76250 Mbps
17844[UE 2 | RB 1] Throughput = 1.30839 Mbps
17953[UE 2 | RB 1] Throughput = 0.65722 Mbps
18053[UE 2 | RB 1] Throughput = 1.43285 Mbps
18154[UE 2 | RB 1] Throughput = 0.71469 Mbps
18264[UE 2 | RB 1] Throughput = 1.31096 Mbps
18373[UE 2 | RB 1] Throughput = 1.31352 Mbps
18473[UE 2 | RB 1] Throughput = 0.71738 Mbps
18574[UE 2 | RB 1] Throughput = 1.31442 Mbps
18683[UE 2 | RB 1] Throughput = 0.76555 Mbps
18783[UE 2 | RB 1] Throughput = 1.31447 Mbps
18884[UE 2 | RB 1] Throughput = 1.19628 Mbps
18993[UE 2 | RB 1] Throughput = 0.65640 Mbps
19093[UE 2 | RB 1] Throughput = 1.31770 Mbps
19194[UE 2 | RB 1] Throughput = 1.31297 Mbps
19303[UE 2 | RB 1] Throughput = 0.65509 Mbps
19413[UE 2 | RB 1] Throughput = 1.31018 Mbps
19514[UE 2 | RB 1] Throughput = 0.71573 Mbps
19623[UE 2 | RB 1] Throughput = 1.31170 Mbps
19724[UE 2 | RB 1] Throughput = 1.19466 Mbps
19833[UE 2 | RB 1] Throughput = 1.09431 Mbps
19933[UE 2 | RB 1] Throughput = 1.07547 Mbps
20043[UE 2 | RB 1] Throughput = 1.09329 Mbps
20143[UE 2 | RB 1] Throughput = 1.07402 Mbps
20244[UE 2 | RB 1] Throughput = 0.95422 Mbps
20354[UE 2 | RB 1] Throughput = 1.20145 Mbps
20463[UE 2 | RB 1] Throughput = 0.76373 Mbps
20564[UE 2 | RB 1] Throughput = 1.43682 Mbps
20664[UE 2 | RB 1] Throughput = 0.71685 Mbps
20774[UE 2 | RB 1] Throughput = 1.19704 Mbps
20883[UE 2 | RB 1] Throughput = 1.20715 Mbps
20993[UE 2 | RB 1] Throughput = 0.97828 Mbps
21103[UE 2 | RB 1] Throughput = 0.76449 Mbps
21203[UE 2 | RB 1] Throughput = 1.31600 Mbps
21304[UE 2 | RB 1] Throughput = 0.83375 Mbps
21413[UE 2 | RB 1] Throughput = 1.42343 Mbps
21513[UE 2 | RB 1] Throughput = 0.71824 Mbps
21623[UE 2 | RB 1] Throughput = 1.20200 Mbps
21723[UE 2 | RB 1] Throughput = 1.19744 Mbps
21824[UE 2 | RB 1] Throughput = 0.71608 Mbps
21934[UE 2 | RB 1] Throughput = 1.19759 Mbps
22034[UE 2 | RB 1] Throughput = 1.31632 Mbps
22144[UE 2 | RB 1] Throughput = 0.98364 Mbps
22254[UE 2 | RB 1] Throughput = 1.19743 Mbps
22354[UE 2 | RB 1] Throughput = 0.71880 Mbps
22463[UE 2 | RB 1] Throughput = 1.20381 Mbps
22563[UE 2 | RB 1] Throughput = 1.43677 Mbps
22663[UE 2 | RB 1] Throughput = 0.71819 Mbps
22763[UE 2 | RB 1] Throughput = 1.07781 Mbps
22863[UE 2 | RB 1] Throughput = 1.19830 Mbps
22973[UE 2 | RB 1] Throughput = 1.19774 Mbps
23074[UE 2 | RB 1] Throughput = 0.71836 Mbps
23174[UE 2 | RB 1] Throughput = 0.83507 Mbps
23284[UE 2 | RB 1] Throughput = 1.19993 Mbps
23394[UE 2 | RB 1] Throughput = 1.31096 Mbps
23503[UE 2 | RB 1] Throughput = 1.09091 Mbps
23614[UE 2 | RB 1] Throughput = 1.08867 Mbps
23714[UE 2 | RB 1] Throughput = 0.71776 Mbps
23814[UE 2 | RB 1] Throughput = 1.43794 Mbps
23914[UE 2 | RB 1] Throughput = 0.59894 Mbps
24024[UE 2 | RB 1] Throughput = 1.30905 Mbps
24134[UE 2 | RB 1] Throughput = 1.30830 Mbps
24234[UE 2 | RB 1] Throughput = 0.59788 Mbps
24343[UE 2 | RB 1] Throughput = 1.20247 Mbps
24444[UE 2 | RB 1] Throughput = 1.43311 Mbps
24554[UE 2 | RB 1] Throughput = 0.87089 Mbps
24664[UE 2 | RB 1] Throughput = 1.19992 Mbps
24774[UE 2 | RB 1] Throughput = 0.65467 Mbps
24874[UE 2 | RB 1] Throughput = 1.43748 Mbps
24974[UE 2 | RB 1] Throughput = 1.19357 Mbps
25083[UE 2 | RB 1] Throughput = 0.65687 Mbps
25184[UE 2 | RB 1] Throughput = 1.31485 Mbps
25284[UE 2 | RB 1] Throughput = 1.31663 Mbps
25394[UE 2 | RB 1] Throughput = 0.65357 Mbps
25504[UE 2 | RB 1] Throughput = 1.08936 Mbps
25614[UE 2 | RB 1] Throughput = 1.19835 Mbps
25723[UE 2 | RB 1] Throughput = 1.09345 Mbps
25824[UE 2 | RB 1] Throughput = 1.19352 Mbps
25924[UE 2 | RB 1] Throughput = 0.71814 Mbps
26024[UE 2 | RB 1] Throughput = 1.31766 Mbps
26134[UE 2 | RB 1] Throughput = 1.20254 Mbps
26234[UE 2 | RB 1] Throughput = 0.71596 Mbps
26334[UE 2 | RB 1] Throughput = 1.55719 Mbps
26444[UE 2 | RB 1] Throughput = 0.87522 Mbps
26544[UE 2 | RB 1] Throughput = 1.19535 Mbps
26654[UE 2 | RB 1] Throughput = 0.76366 Mbps
26764[UE 2 | RB 1] Throughput = 1.30756 Mbps
26864[UE 2 | RB 1] Throughput = 0.71716 Mbps
26974[UE 2 | RB 1] Throughput = 1.20053 Mbps
27084[UE 2 | RB 1] Throughput = 1.08988 Mbps
27184[UE 2 | RB 1] Throughput = 1.19705 Mbps
27284[UE 2 | RB 1] Throughput = 0.95772 Mbps
27394[UE 2 | RB 1] Throughput = 1.09056 Mbps
27494[UE 2 | RB 1] Throughput = 0.95777 Mbps
27594[UE 2 | RB 1] Throughput = 1.19721 Mbps
27704[UE 2 | RB 1] Throughput = 0.98410 Mbps
27804[UE 2 | RB 1] Throughput = 1.19799 Mbps
27904[UE 2 | RB 1] Throughput = 0.95619 Mbps
28014[UE 2 | RB 1] Throughput = 1.08750 Mbps
28124[UE 2 | RB 1] Throughput = 1.20024 Mbps
28224[UE 2 | RB 1] Throughput = 0.71796 Mbps
28334[UE 2 | RB 1] Throughput = 1.31045 Mbps
28434[UE 2 | RB 1] Throughput = 1.31698 Mbps
28544[UE 2 | RB 1] Throughput = 0.54535 Mbps
28654[UE 2 | RB 1] Throughput = 1.19909 Mbps
28754[UE 2 | RB 1] Throughput = 0.95742 Mbps
28864[UE 2 | RB 1] Throughput = 0.76347 Mbps
28964[UE 2 | RB 1] Throughput = 1.79690 Mbps
29074[UE 2 | RB 1] Throughput = 1.09101 Mbps
29174[UE 2 | RB 1] Throughput = 0.83665 Mbps
29274[UE 2 | RB 1] Throughput = 0.71878 Mbps
29374[UE 2 | RB 1] Throughput = 1.31613 Mbps
29484[UE 2 | RB 1] Throughput = 1.19792 Mbps
29594[UE 2 | RB 1] Throughput = 1.20193 Mbps
29694[UE 2 | RB 1] Throughput = 0.71693 Mbps
29804[UE 2 | RB 1] Throughput = 1.19795 Mbps
29914[UE 2 | RB 1] Throughput = 1.09329 Mbps
30014[UE 2 | RB 1] Throughput = 1.07656 Mbps
30114[UE 2 | RB 1] Throughput = 1.19607 Mbps
30224[UE 2 | RB 1] Throughput = 0.98391 Mbps
30324[UE 2 | RB 1] Throughput = 1.19788 Mbps
30424[UE 2 | RB 1] Throughput = 0.71834 Mbps
30524[UE 2 | RB 1] Throughput = 1.19784 Mbps
30624[UE 2 | RB 1] Throughput = 1.31615 Mbps
30734[UE 2 | RB 1] Throughput = 1.09095 Mbps
30844[UE 2 | RB 1] Throughput = 1.20198 Mbps
30944[UE 2 | RB 1] Throughput = 0.71581 Mbps
31054[UE 2 | RB 1] Throughput = 1.19892 Mbps
31164[UE 2 | RB 1] Throughput = 1.19889 Mbps
31264[UE 2 | RB 1] Throughput = 0.59794 Mbps
31375[UE 2 | RB 1] Throughput = 1.52059 Mbps
31484[UE 2 | RB 1] Throughput = 0.98780 Mbps
31584[UE 2 | RB 1] Throughput = 0.71768 Mbps
31694[UE 2 | RB 1] Throughput = 1.30534 Mbps
31804[UE 2 | RB 1] Throughput = 1.20225 Mbps
31904[UE 2 | RB 1] Throughput = 1.07825 Mbps
32004[UE 2 | RB 1] Throughput = 0.95842 Mbps
32104[UE 2 | RB 1] Throughput = 0.71740 Mbps
32214[UE 2 | RB 1] Throughput = 1.19707 Mbps
32314[UE 2 | RB 1] Throughput = 1.31815 Mbps
32414[UE 2 | RB 1] Throughput = 0.71840 Mbps
32524[UE 2 | RB 1] Throughput = 1.20120 Mbps
32634[UE 2 | RB 1] Throughput = 1.08870 Mbps
32734[UE 2 | RB 1] Throughput = 1.19644 Mbps
32844[UE 2 | RB 1] Throughput = 0.76217 Mbps
32945[UE 2 | RB 1] Throughput = 1.19557 Mbps
33054[UE 2 | RB 1] Throughput = 1.09529 Mbps
33155[UE 2 | RB 1] Throughput = 0.71504 Mbps
33264[UE 2 | RB 1] Throughput = 1.53100 Mbps
33365[UE 2 | RB 1] Throughput = 0.71636 Mbps
33465[UE 2 | RB 1] Throughput = 1.55736 Mbps
33574[UE 2 | RB 1] Throughput = 0.65610 Mbps
33674[UE 2 | RB 1] Throughput = 1.31728 Mbps
33775[UE 2 | RB 1] Throughput = 1.31376 Mbps
33875[UE 2 | RB 1] Throughput = 0.83559 Mbps
33984[UE 2 | RB 1] Throughput = 1.20611 Mbps
34094[UE 2 | RB 1] Throughput = 0.76317 Mbps
34204[UE 2 | RB 1] Throughput = 1.19573 Mbps
34314[UE 2 | RB 1] Throughput = 0.87248 Mbps
34424[UE 2 | RB 1] Throughput = 1.52689 Mbps
34524[UE 2 | RB 1] Throughput = 0.71816 Mbps
34634[UE 2 | RB 1] Throughput = 1.20032 Mbps
34734[UE 2 | RB 1] Throughput = 0.95694 Mbps
34844[UE 2 | RB 1] Throughput = 1.20151 Mbps
34955[UE 2 | RB 1] Throughput = 0.65027 Mbps
35064[UE 2 | RB 1] Throughput = 1.31369 Mbps
35164[UE 2 | RB 1] Throughput = 1.43666 Mbps
35265[UE 2 | RB 1] Throughput = 0.83240 Mbps
35375[UE 2 | RB 1] Throughput = 1.20187 Mbps
35484[UE 2 | RB 1] Throughput = 0.87549 Mbps
35584[UE 2 | RB 1] Throughput = 1.07595 Mbps
35694[UE 2 | RB 1] Throughput = 1.09109 Mbps
35794[UE 2 | RB 1] Throughput = 1.07853 Mbps
35894[UE 2 | RB 1] Throughput = 1.19821 Mbps
36004[UE 2 | RB 1] Throughput = 0.54348 Mbps
36105[UE 2 | RB 1] Throughput = 1.55116 Mbps
36214[UE 2 | RB 1] Throughput = 1.21029 Mbps
36314[UE 2 | RB 1] Throughput = 0.83524 Mbps
36424[UE 2 | RB 1] Throughput = 1.19733 Mbps
36534[UE 2 | RB 1] Throughput = 0.65556 Mbps
36634[UE 2 | RB 1] Throughput = 1.43807 Mbps
36744[UE 2 | RB 1] Throughput = 1.08765 Mbps
36854[UE 2 | RB 1] Throughput = 1.08995 Mbps
36955[UE 2 | RB 1] Throughput = 1.07517 Mbps
37064[UE 2 | RB 1] Throughput = 1.09150 Mbps
37174[UE 2 | RB 1] Throughput = 0.87331 Mbps
37275[UE 2 | RB 1] Throughput = 0.83486 Mbps
37385[UE 2 | RB 1] Throughput = 1.52245 Mbps
37494[UE 2 | RB 1] Throughput = 1.20603 Mbps
37594[UE 2 | RB 1] Throughput = 0.71841 Mbps
37704[UE 2 | RB 1] Throughput = 1.30666 Mbps
37804[UE 2 | RB 1] Throughput = 0.71849 Mbps
37914[UE 2 | RB 1] Throughput = 1.30762 Mbps
38025[UE 2 | RB 1] Throughput = 0.65179 Mbps
38134[UE 2 | RB 1] Throughput = 1.31200 Mbps
38235[UE 2 | RB 1] Throughput = 1.19382 Mbps
38335[UE 2 | RB 1] Throughput = 1.19763 Mbps
38445[UE 2 | RB 1] Throughput = 0.87267 Mbps
38555[UE 2 | RB 1] Throughput = 1.30685 Mbps
38664[UE 2 | RB 1] Throughput = 0.65618 Mbps
38764[UE 2 | RB 1] Throughput = 1.31798 Mbps
38864[UE 2 | RB 1] Throughput = 1.07717 Mbps
38975[UE 2 | RB 1] Throughput = 1.19464 Mbps
39084[UE 2 | RB 1] Throughput = 0.65443 Mbps
39185[UE 2 | RB 1] Throughput = 1.55478 Mbps
39294[UE 2 | RB 1] Throughput = 0.65496 Mbps
39404[UE 2 | RB 1] Throughput = 1.30958 Mbps
39505[UE 2 | RB 1] Throughput = 1.19294 Mbps
39615[UE 2 | RB 1] Throughput = 1.09042 Mbps
39715[UE 2 | RB 1] Throughput = 1.19739 Mbps
39824[UE 2 | RB 1] Throughput = 0.65579 Mbps
39925[UE 2 | RB 1] Throughput = 1.31596 Mbps
40034[UE 2 | RB 1] Throughput = 1.20298 Mbps
40144[UE 2 | RB 1] Throughput = 0.87053 Mbps
40244[UE 2 | RB 1] Throughput = 1.31746 Mbps
40345[UE 2 | RB 1] Throughput = 0.71730 Mbps
40454[UE 2 | RB 1] Throughput = 1.31043 Mbps
40564[UE 2 | RB 1] Throughput = 0.65376 Mbps
40665[UE 2 | RB 1] Throughput = 1.43415 Mbps
40774[UE 2 | RB 1] Throughput = 1.09107 Mbps
40874[UE 2 | RB 1] Throughput = 0.71849 Mbps
40975[UE 2 | RB 1] Throughput = 1.31679 Mbps
41084[UE 2 | RB 1] Throughput = 1.19956 Mbps
41185[UE 2 | RB 1] Throughput = 0.83840 Mbps
41294[UE 2 | RB 1] Throughput = 1.20167 Mbps
41395[UE 2 | RB 1] Throughput = 0.83586 Mbps
41504[UE 2 | RB 1] Throughput = 1.30873 Mbps
41614[UE 2 | RB 1] Throughput = 1.20159 Mbps
41714[UE 2 | RB 1] Throughput = 0.59860 Mbps
41825[UE 2 | RB 1] Throughput = 1.19155 Mbps
41935[UE 2 | RB 1] Throughput = 1.20155 Mbps
42045[UE 2 | RB 1] Throughput = 0.97941 Mbps
42155[UE 2 | RB 1] Throughput = 1.30577 Mbps
42265[UE 2 | RB 1] Throughput = 0.76440 Mbps
42365[UE 2 | RB 1] Throughput = 1.43621 Mbps
42474[UE 2 | RB 1] Throughput = 0.54607 Mbps
42584[UE 2 | RB 1] Throughput = 1.41674 Mbps
42685[UE 2 | RB 1] Throughput = 1.07783 Mbps
42785[UE 2 | RB 1] Throughput = 0.83662 Mbps
42895[UE 2 | RB 1] Throughput = 1.30812 Mbps
43005[UE 2 | RB 1] Throughput = 0.65394 Mbps
43115[UE 2 | RB 1] Throughput = 1.52622 Mbps
43225[UE 2 | RB 1] Throughput = 0.86903 Mbps
43335[UE 2 | RB 1] Throughput = 0.76396 Mbps
43445[UE 2 | RB 1] Throughput = 1.41521 Mbps
43554[UE 2 | RB 1] Throughput = 1.09614 Mbps
43655[UE 2 | RB 1] Throughput = 1.07311 Mbps
43765[UE 2 | RB 1] Throughput = 1.30597 Mbps
43875[UE 2 | RB 1] Throughput = 0.87225 Mbps
43985[UE 2 | RB 1] Throughput = 0.76364 Mbps
44095[UE 2 | RB 1] Throughput = 1.08927 Mbps
44195[UE 2 | RB 1] Throughput = 1.55116 Mbps
44305[UE 2 | RB 1] Throughput = 0.87482 Mbps
44405[UE 2 | RB 1] Throughput = 0.95242 Mbps
44514[UE 2 | RB 1] Throughput = 1.31680 Mbps
44615[UE 2 | RB 1] Throughput = 0.71770 Mbps
44725[UE 2 | RB 1] Throughput = 1.30611 Mbps
44835[UE 2 | RB 1] Throughput = 1.19770 Mbps
44935[UE 2 | RB 1] Throughput = 0.71783 Mbps
45045[UE 2 | RB 1] Throughput = 1.30726 Mbps
45155[UE 2 | RB 1] Throughput = 0.87221 Mbps
45265[UE 2 | RB 1] Throughput = 1.31044 Mbps
45365[UE 2 | RB 1] Throughput = 0.71781 Mbps
45474[UE 2 | RB 1] Throughput = 1.09288 Mbps
45575[UE 2 | RB 1] Throughput = 1.31520 Mbps
45675[UE 2 | RB 1] Throughput = 0.83788 Mbps
45785[UE 2 | RB 1] Throughput = 1.31059 Mbps
45885[UE 2 | RB 1] Throughput = 0.95780 Mbps
45985[UE 2 | RB 1] Throughput = 1.19471 Mbps
46085[UE 2 | RB 1] Throughput = 0.83860 Mbps
46195[UE 2 | RB 1] Throughput = 1.20088 Mbps
46295[UE 2 | RB 1] Throughput = 1.07686 Mbps
46405[UE 2 | RB 1] Throughput = 1.09257 Mbps
46505[UE 2 | RB 1] Throughput = 0.71844 Mbps
46614[UE 2 | RB 1] Throughput = 1.20224 Mbps
46715[UE 2 | RB 1] Throughput = 0.71645 Mbps
46815[UE 2 | RB 1] Throughput = 1.43715 Mbps
46915[UE 2 | RB 1] Throughput = 1.31410 Mbps
47025[UE 2 | RB 1] Throughput = 0.54583 Mbps
47125[UE 2 | RB 1] Throughput = 1.43560 Mbps
47235[UE 2 | RB 1] Throughput = 1.19995 Mbps
47345[UE 2 | RB 1] Throughput = 0.87175 Mbps
47445[UE 2 | RB 1] Throughput = 1.31732 Mbps
47545[UE 2 | RB 1] Throughput = 0.95811 Mbps
47655[UE 2 | RB 1] Throughput = 1.19585 Mbps
47765[UE 2 | RB 1] Throughput = 0.65410 Mbps
47875[UE 2 | RB 1] Throughput = 1.31050 Mbps
47985[UE 2 | RB 1] Throughput = 1.08975 Mbps
48095[UE 2 | RB 1] Throughput = 1.19955 Mbps
48195[UE 2 | RB 1] Throughput = 0.59698 Mbps
48305[UE 2 | RB 1] Throughput = 1.31067 Mbps
48405[UE 2 | RB 1] Throughput = 1.19399 Mbps
48515[UE 2 | RB 1] Throughput = 1.30994 Mbps
48625[UE 2 | RB 1] Throughput = 0.65516 Mbps
48725[UE 2 | RB 1] Throughput = 1.43664 Mbps
48835[UE 2 | RB 1] Throughput = 0.87243 Mbps
48945[UE 2 | RB 1] Throughput = 1.08841 Mbps
49045[UE 2 | RB 1] Throughput = 1.07410 Mbps
49155[UE 2 | RB 1] Throughput = 1.19975 Mbps
49265[UE 2 | RB 1] Throughput = 0.65320 Mbps
49365[UE 2 | RB 1] Throughput = 1.31791 Mbps
49475[UE 2 | RB 1] Throughput = 0.98433 Mbps
49575[UE 2 | RB 1] Throughput = 1.19523 Mbps
49685[UE 2 | RB 1] Throughput = 1.09006 Mbps
49785[UE 2 | RB 1] Throughput = 1.07751 Mbps
49885[UE 2 | RB 1] Throughput = 0.95623 Mbps
49995[UE 2 | RB 1] Throughput = 1.09373 Mbps
50105[UE 2 | RB 1] Throughput = 1.09066 Mbps
50205[UE 2 | RB 1] Throughput = 0.95549 Mbps
50315[UE 2 | RB 1] Throughput = 1.08937 Mbps
50425[UE 2 | RB 1] Throughput = 1.20358 Mbps
50535[UE 2 | RB 1] Throughput = 1.08765 Mbps
50635[UE 2 | RB 1] Throughput = 0.95641 Mbps
50745[UE 2 | RB 1] Throughput = 1.09123 Mbps
50855[UE 2 | RB 1] Throughput = 1.09329 Mbps
50955[UE 2 | RB 1] Throughput = 0.83506 Mbps
51065[UE 2 | RB 1] Throughput = 1.42175 Mbps
51165[UE 2 | RB 1] Throughput = 0.59802 Mbps
51265[UE 2 | RB 1] Throughput = 1.43730 Mbps
51365[UE 2 | RB 1] Throughput = 0.71818 Mbps
51465[UE 2 | RB 1] Throughput = 1.43798 Mbps
51565[UE 2 | RB 1] Throughput = 0.71816 Mbps
51665[UE 2 | RB 1] Throughput = 1.43616 Mbps
51775[UE 2 | RB 1] Throughput = 0.76320 Mbps
51885[UE 2 | RB 1] Throughput = 1.20006 Mbps
51985[UE 2 | RB 1] Throughput = 1.07654 Mbps
52085[UE 2 | RB 1] Throughput = 1.43564 Mbps
52195[UE 2 | RB 1] Throughput = 0.65413 Mbps
52305[UE 2 | RB 1] Throughput = 1.20070 Mbps
52405[UE 2 | RB 1] Throughput = 1.19730 Mbps
52505[UE 2 | RB 1] Throughput = 0.71831 Mbps
52615[UE 2 | RB 1] Throughput = 1.19847 Mbps
52725[UE 2 | RB 1] Throughput = 1.20155 Mbps
52825[UE 2 | RB 1] Throughput = 1.19621 Mbps
52935[UE 2 | RB 1] Throughput = 0.54458 Mbps
53045[UE 2 | RB 1] Throughput = 1.19847 Mbps
53145[UE 2 | RB 1] Throughput = 1.31641 Mbps
53255[UE 2 | RB 1] Throughput = 1.31269 Mbps
53355[UE 2 | RB 1] Throughput = 0.71720 Mbps
53465[UE 2 | RB 1] Throughput = 0.76206 Mbps
53565[UE 2 | RB 1] Throughput = 1.55741 Mbps
53665[UE 2 | RB 1] Throughput = 1.19551 Mbps
53775[UE 2 | RB 1] Throughput = 0.98638 Mbps
53875[UE 2 | RB 1] Throughput = 0.71668 Mbps
53985[UE 2 | RB 1] Throughput = 1.41727 Mbps
54095[UE 2 | RB 1] Throughput = 0.98099 Mbps
54205[UE 2 | RB 1] Throughput = 0.97982 Mbps
54305[UE 2 | RB 1] Throughput = 0.95526 Mbps
54415[UE 2 | RB 1] Throughput = 1.20364 Mbps
54515[UE 2 | RB 1] Throughput = 1.19243 Mbps
54626[UE 2 | RB 1] Throughput = 0.76088 Mbps
54735[UE 2 | RB 1] Throughput = 1.42208 Mbps
54836[UE 2 | RB 1] Throughput = 0.83611 Mbps
54945[UE 2 | RB 1] Throughput = 1.20077 Mbps
55046[UE 2 | RB 1] Throughput = 0.71706 Mbps
55155[UE 2 | RB 1] Throughput = 1.20376 Mbps
55265[UE 2 | RB 1] Throughput = 1.30553 Mbps
55366[UE 2 | RB 1] Throughput = 0.71666 Mbps
55466[UE 2 | RB 1] Throughput = 1.31655 Mbps
55575[UE 2 | RB 1] Throughput = 1.31395 Mbps
55686[UE 2 | RB 1] Throughput = 0.65082 Mbps
55795[UE 2 | RB 1] Throughput = 1.20184 Mbps
55896[UE 2 | RB 1] Throughput = 1.31444 Mbps
56005[UE 2 | RB 1] Throughput = 1.09372 Mbps
56115[UE 2 | RB 1] Throughput = 0.65483 Mbps
56215[UE 2 | RB 1] Throughput = 1.31624 Mbps
56315[UE 2 | RB 1] Throughput = 1.19602 Mbps
56425[UE 2 | RB 1] Throughput = 0.65461 Mbps
56526[UE 2 | RB 1] Throughput = 1.43108 Mbps
56635[UE 2 | RB 1] Throughput = 1.31458 Mbps
56745[UE 2 | RB 1] Throughput = 0.65383 Mbps
56855[UE 2 | RB 1] Throughput = 1.30517 Mbps
56956[UE 2 | RB 1] Throughput = 1.07634 Mbps
57056[UE 2 | RB 1] Throughput = 0.95809 Mbps
57156[UE 2 | RB 1] Throughput = 1.31792 Mbps
57265[UE 2 | RB 1] Throughput = 0.54655 Mbps
57375[UE 2 | RB 1] Throughput = 1.19804 Mbps
57485[UE 2 | RB 1] Throughput = 1.19726 Mbps
57595[UE 2 | RB 1] Throughput = 1.08962 Mbps
57696[UE 2 | RB 1] Throughput = 0.83726 Mbps
57796[UE 2 | RB 1] Throughput = 1.31448 Mbps
57906[UE 2 | RB 1] Throughput = 1.20044 Mbps
58016[UE 2 | RB 1] Throughput = 0.76331 Mbps
58116[UE 2 | RB 1] Throughput = 0.95841 Mbps
58225[UE 2 | RB 1] Throughput = 1.30979 Mbps
58326[UE 2 | RB 1] Throughput = 1.19615 Mbps
58436[UE 2 | RB 1] Throughput = 1.19684 Mbps
58545[UE 2 | RB 1] Throughput = 0.87396 Mbps
58655[UE 2 | RB 1] Throughput = 1.20137 Mbps
58755[UE 2 | RB 1] Throughput = 0.71684 Mbps
58855[UE 2 | RB 1] Throughput = 1.19820 Mbps
58965[UE 2 | RB 1] Throughput = 1.09227 Mbps
59065[UE 2 | RB 1] Throughput = 1.19774 Mbps
59165[UE 2 | RB 1] Throughput = 0.71773 Mbps
59276[UE 2 | RB 1] Throughput = 1.30637 Mbps
59376[UE 2 | RB 1] Throughput = 1.31749 Mbps
59476[UE 2 | RB 1] Throughput = 0.59901 Mbps
59576[UE 2 | RB 1] Throughput = 1.07615 Mbps
59686[UE 2 | RB 1] Throughput = 1.20123 Mbps
59796[UE 2 | RB 1] Throughput = 1.08857 Mbps
59905[UE 2 | RB 1] Throughput = 0.98247 Mbps
60016[UE 2 | RB 1] Throughput = 1.19736 Mbps
60116[UE 2 | RB 1] Throughput = 1.19641 Mbps
60226[UE 2 | RB 1] Throughput = 0.65403 Mbps
60336[UE 2 | RB 1] Throughput = 1.30651 Mbps
60446[UE 2 | RB 1] Throughput = 0.76178 Mbps
60555[UE 2 | RB 1] Throughput = 0.87578 Mbps
60656[UE 2 | RB 1] Throughput = 1.66789 Mbps
60756[UE 2 | RB 1] Throughput = 0.71880 Mbps
60856[UE 2 | RB 1] Throughput = 1.43732 Mbps
60966[UE 2 | RB 1] Throughput = 0.98018 Mbps
61076[UE 2 | RB 1] Throughput = 1.30890 Mbps
61186[UE 2 | RB 1] Throughput = 0.65373 Mbps
61296[UE 2 | RB 1] Throughput = 1.20009 Mbps
61406[UE 2 | RB 1] Throughput = 1.19588 Mbps
61506[UE 2 | RB 1] Throughput = 1.19738 Mbps
61616[UE 2 | RB 1] Throughput = 0.76525 Mbps
61716[UE 2 | RB 1] Throughput = 1.19533 Mbps
61826[UE 2 | RB 1] Throughput = 1.20069 Mbps
61926[UE 2 | RB 1] Throughput = 0.71734 Mbps
62036[UE 2 | RB 1] Throughput = 1.42111 Mbps
62136[UE 2 | RB 1] Throughput = 0.83679 Mbps
62246[UE 2 | RB 1] Throughput = 1.31106 Mbps
62346[UE 2 | RB 1] Throughput = 0.83720 Mbps
62446[UE 2 | RB 1] Throughput = 1.07830 Mbps
62547[UE 2 | RB 1] Throughput = 1.29706 Mbps
62656[UE 2 | RB 1] Throughput = 0.88345 Mbps
62765[UE 2 | RB 1] Throughput = 1.09333 Mbps
62866[UE 2 | RB 1] Throughput = 1.07486 Mbps
62976[UE 2 | RB 1] Throughput = 1.20000 Mbps
63086[UE 2 | RB 1] Throughput = 0.54421 Mbps
63195[UE 2 | RB 1] Throughput = 1.31404 Mbps
63296[UE 2 | RB 1] Throughput = 1.43112 Mbps
63396[UE 2 | RB 1] Throughput = 0.71834 Mbps
63506[UE 2 | RB 1] Throughput = 1.20082 Mbps
63606[UE 2 | RB 1] Throughput = 1.19788 Mbps
63706[UE 2 | RB 1] Throughput = 0.83553 Mbps
63816[UE 2 | RB 1] Throughput = 1.31176 Mbps
63916[UE 2 | RB 1] Throughput = 0.71713 Mbps
64026[UE 2 | RB 1] Throughput = 1.20059 Mbps
64126[UE 2 | RB 1] Throughput = 1.31800 Mbps
64226[UE 2 | RB 1] Throughput = 0.71862 Mbps
64336[UE 2 | RB 1] Throughput = 1.30951 Mbps
64436[UE 2 | RB 1] Throughput = 1.19533 Mbps
64546[UE 2 | RB 1] Throughput = 0.98325 Mbps
64646[UE 2 | RB 1] Throughput = 0.71758 Mbps
64756[UE 2 | RB 1] Throughput = 1.20147 Mbps
64856[UE 2 | RB 1] Throughput = 0.83641 Mbps
64966[UE 2 | RB 1] Throughput = 1.09047 Mbps
65066[UE 2 | RB 1] Throughput = 1.43342 Mbps
65166[UE 2 | RB 1] Throughput = 0.71821 Mbps
65266[UE 2 | RB 1] Throughput = 1.43666 Mbps
65376[UE 2 | RB 1] Throughput = 0.54613 Mbps
65486[UE 2 | RB 1] Throughput = 1.30890 Mbps
65586[UE 2 | RB 1] Throughput = 1.43753 Mbps
65686[UE 2 | RB 1] Throughput = 0.71796 Mbps
65796[UE 2 | RB 1] Throughput = 1.30935 Mbps
65896[UE 2 | RB 1] Throughput = 1.19792 Mbps
65996[UE 2 | RB 1] Throughput = 0.71786 Mbps
66106[UE 2 | RB 1] Throughput = 1.30813 Mbps
66216[UE 2 | RB 1] Throughput = 0.65510 Mbps
66316[UE 2 | RB 1] Throughput = 1.43524 Mbps
66416[UE 2 | RB 1] Throughput = 1.19744 Mbps
66526[UE 2 | RB 1] Throughput = 0.76245 Mbps
66636[UE 2 | RB 1] Throughput = 1.20156 Mbps
66745[UE 2 | RB 1] Throughput = 0.87429 Mbps
66846[UE 2 | RB 1] Throughput = 1.18988 Mbps
66946[UE 2 | RB 1] Throughput = 1.07834 Mbps
67056[UE 2 | RB 1] Throughput = 0.87334 Mbps
67156[UE 2 | RB 1] Throughput = 1.43439 Mbps
67266[UE 2 | RB 1] Throughput = 0.65448 Mbps
67376[UE 2 | RB 1] Throughput = 1.30780 Mbps
67476[UE 2 | RB 1] Throughput = 1.43238 Mbps
67577[UE 2 | RB 1] Throughput = 1.07663 Mbps
67686[UE 2 | RB 1] Throughput = 0.65903 Mbps
67786[UE 2 | RB 1] Throughput = 1.19413 Mbps
67896[UE 2 | RB 1] Throughput = 0.97908 Mbps
68006[UE 2 | RB 1] Throughput = 1.31249 Mbps
68106[UE 2 | RB 1] Throughput = 0.95673 Mbps
68216[UE 2 | RB 1] Throughput = 0.76412 Mbps
68316[UE 2 | RB 1] Throughput = 1.43234 Mbps
68426[UE 2 | RB 1] Throughput = 0.87493 Mbps
68526[UE 2 | RB 1] Throughput = 1.43336 Mbps
68626[UE 2 | RB 1] Throughput = 0.95685 Mbps
68726[UE 2 | RB 1] Throughput = 0.59785 Mbps
68836[UE 2 | RB 1] Throughput = 1.42129 Mbps
68946[UE 2 | RB 1] Throughput = 0.76494 Mbps
69046[UE 2 | RB 1] Throughput = 1.43726 Mbps
69146[UE 2 | RB 1] Throughput = 1.31587 Mbps
69256[UE 2 | RB 1] Throughput = 0.76202 Mbps
69366[UE 2 | RB 1] Throughput = 1.20228 Mbps
69466[UE 2 | RB 1] Throughput = 0.71677 Mbps
69576[UE 2 | RB 1] Throughput = 1.30858 Mbps
69676[UE 2 | RB 1] Throughput = 0.71680 Mbps
69786[UE 2 | RB 1] Throughput = 1.30770 Mbps
69896[UE 2 | RB 1] Throughput = 1.19986 Mbps
69997[UE 2 | RB 1] Throughput = 1.31172 Mbps
70106[UE 2 | RB 1] Throughput = 0.76595 Mbps
70206[UE 2 | RB 1] Throughput = 1.19390 Mbps
70316[UE 2 | RB 1] Throughput = 0.98229 Mbps
70416[UE 2 | RB 1] Throughput = 1.07744 Mbps
70526[UE 2 | RB 1] Throughput = 1.20272 Mbps
70626[UE 2 | RB 1] Throughput = 0.59853 Mbps
70726[UE 2 | RB 1] Throughput = 1.43694 Mbps
70826[UE 2 | RB 1] Throughput = 1.07735 Mbps
70936[UE 2 | RB 1] Throughput = 1.09182 Mbps
71036[UE 2 | RB 1] Throughput = 0.83736 Mbps
71146[UE 2 | RB 1] Throughput = 0.65229 Mbps
71256[UE 2 | RB 1] Throughput = 1.63507 Mbps
71366[UE 2 | RB 1] Throughput = 1.08896 Mbps
71467[UE 2 | RB 1] Throughput = 1.30889 Mbps
71577[UE 2 | RB 1] Throughput = 0.65720 Mbps
71686[UE 2 | RB 1] Throughput = 1.31375 Mbps
71786[UE 2 | RB 1] Throughput = 0.95461 Mbps
71896[UE 2 | RB 1] Throughput = 1.09374 Mbps
71996[UE 2 | RB 1] Throughput = 1.31650 Mbps
72096[UE 2 | RB 1] Throughput = 0.71851 Mbps
72206[UE 2 | RB 1] Throughput = 1.19839 Mbps
72307[UE 2 | RB 1] Throughput = 1.07567 Mbps
72416[UE 2 | RB 1] Throughput = 1.20417 Mbps
72516[UE 2 | RB 1] Throughput = 1.07680 Mbps
72616[UE 2 | RB 1] Throughput = 0.83805 Mbps
72726[UE 2 | RB 1] Throughput = 1.30875 Mbps
72836[UE 2 | RB 1] Throughput = 0.65381 Mbps
72946[UE 2 | RB 1] Throughput = 1.30638 Mbps
73057[UE 2 | RB 1] Throughput = 0.86554 Mbps
73166[UE 2 | RB 1] Throughput = 1.20432 Mbps
73276[UE 2 | RB 1] Throughput = 1.30914 Mbps
73386[UE 2 | RB 1] Throughput = 0.65460 Mbps
73486[UE 2 | RB 1] Throughput = 1.43416 Mbps
73596[UE 2 | RB 1] Throughput = 0.76359 Mbps
73697[UE 2 | RB 1] Throughput = 1.19526 Mbps
73806[UE 2 | RB 1] Throughput = 1.09286 Mbps
73916[UE 2 | RB 1] Throughput = 1.08912 Mbps
74027[UE 2 | RB 1] Throughput = 1.08135 Mbps
74136[UE 2 | RB 1] Throughput = 1.09813 Mbps
74237[UE 2 | RB 1] Throughput = 0.95550 Mbps
74337[UE 2 | RB 1] Throughput = 1.19743 Mbps
74446[UE 2 | RB 1] Throughput = 1.09274 Mbps
74556[UE 2 | RB 1] Throughput = 1.19769 Mbps
74666[UE 2 | RB 1] Throughput = 0.87246 Mbps
74767[UE 2 | RB 1] Throughput = 0.83589 Mbps
74876[UE 2 | RB 1] Throughput = 1.20244 Mbps
74976[UE 2 | RB 1] Throughput = 1.19750 Mbps
75087[UE 2 | RB 1] Throughput = 1.19462 Mbps
75196[UE 2 | RB 1] Throughput = 0.65468 Mbps
75306[UE 2 | RB 1] Throughput = 1.41962 Mbps
75406[UE 2 | RB 1] Throughput = 0.71747 Mbps
75516[UE 2 | RB 1] Throughput = 1.09065 Mbps
75617[UE 2 | RB 1] Throughput = 1.19585 Mbps
75726[UE 2 | RB 1] Throughput = 1.20186 Mbps
75836[UE 2 | RB 1] Throughput = 0.97821 Mbps
75937[UE 2 | RB 1] Throughput = 1.07524 Mbps
76046[UE 2 | RB 1] Throughput = 1.20194 Mbps
76147[UE 2 | RB 1] Throughput = 0.71845 Mbps
76256[UE 2 | RB 1] Throughput = 1.20059 Mbps
76356[UE 2 | RB 1] Throughput = 1.19669 Mbps
76467[UE 2 | RB 1] Throughput = 1.19657 Mbps
76577[UE 2 | RB 1] Throughput = 0.65397 Mbps
76677[UE 2 | RB 1] Throughput = 1.31599 Mbps
76787[UE 2 | RB 1] Throughput = 1.30957 Mbps
76887[UE 2 | RB 1] Throughput = 0.95768 Mbps
76997[UE 2 | RB 1] Throughput = 1.19802 Mbps
77097[UE 2 | RB 1] Throughput = 0.59872 Mbps
77206[UE 2 | RB 1] Throughput = 1.20248 Mbps
77307[UE 2 | RB 1] Throughput = 1.19610 Mbps
77407[UE 2 | RB 1] Throughput = 0.95820 Mbps
77517[UE 2 | RB 1] Throughput = 1.09053 Mbps
77617[UE 2 | RB 1] Throughput = 1.19815 Mbps
77717[UE 2 | RB 1] Throughput = 0.71786 Mbps
77817[UE 2 | RB 1] Throughput = 1.31704 Mbps
77917[UE 2 | RB 1] Throughput = 1.31763 Mbps
78026[UE 2 | RB 1] Throughput = 0.76571 Mbps
78126[UE 2 | RB 1] Throughput = 0.71880 Mbps
78227[UE 2 | RB 1] Throughput = 1.43482 Mbps
78327[UE 2 | RB 1] Throughput = 1.31411 Mbps
78437[UE 2 | RB 1] Throughput = 0.87312 Mbps
78547[UE 2 | RB 1] Throughput = 1.09001 Mbps
78657[UE 2 | RB 1] Throughput = 1.20111 Mbps
78757[UE 2 | RB 1] Throughput = 1.07760 Mbps
78857[UE 2 | RB 1] Throughput = 0.83789 Mbps
78967[UE 2 | RB 1] Throughput = 1.19707 Mbps
79067[UE 2 | RB 1] Throughput = 0.95659 Mbps
79177[UE 2 | RB 1] Throughput = 1.20366 Mbps
79277[UE 2 | RB 1] Throughput = 0.95827 Mbps
79387[UE 2 | RB 1] Throughput = 1.08884 Mbps
79487[UE 2 | RB 1] Throughput = 1.19836 Mbps
79587[UE 2 | RB 1] Throughput = 0.71716 Mbps
79697[UE 2 | RB 1] Throughput = 1.20187 Mbps
79807[UE 2 | RB 1] Throughput = 1.19847 Mbps
79907[UE 2 | RB 1] Throughput = 1.19595 Mbps
80007[UE 2 | RB 1] Throughput = 0.71902 Mbps
80117[UE 2 | RB 1] Throughput = 1.30670 Mbps
80227[UE 2 | RB 1] Throughput = 0.98071 Mbps
80327[UE 2 | RB 1] Throughput = 1.19579 Mbps
80436[UE 2 | RB 1] Throughput = 0.65793 Mbps
80536[UE 2 | RB 1] Throughput = 1.43650 Mbps
80647[UE 2 | RB 1] Throughput = 1.19715 Mbps
80747[UE 2 | RB 1] Throughput = 1.07837 Mbps
80847[UE 2 | RB 1] Throughput = 1.07304 Mbps
80957[UE 2 | RB 1] Throughput = 0.65710 Mbps
81057[UE 2 | RB 1] Throughput = 1.31684 Mbps
81157[UE 2 | RB 1] Throughput = 0.71831 Mbps
81266[UE 2 | RB 1] Throughput = 1.31068 Mbps
81367[UE 2 | RB 1] Throughput = 0.71735 Mbps
81477[UE 2 | RB 1] Throughput = 1.52465 Mbps
81577[UE 2 | RB 1] Throughput = 0.71867 Mbps
81677[UE 2 | RB 1] Throughput = 1.43738 Mbps
81787[UE 2 | RB 1] Throughput = 0.76360 Mbps
81887[UE 2 | RB 1] Throughput = 1.31763 Mbps
81987[UE 2 | RB 1] Throughput = 1.19371 Mbps
82097[UE 2 | RB 1] Throughput = 0.65755 Mbps
82197[UE 2 | RB 1] Throughput = 1.43603 Mbps
82297[UE 2 | RB 1] Throughput = 1.07583 Mbps
82407[UE 2 | RB 1] Throughput = 0.87176 Mbps
82516[UE 2 | RB 1] Throughput = 1.20369 Mbps
82617[UE 2 | RB 1] Throughput = 0.71655 Mbps
82717[UE 2 | RB 1] Throughput = 1.55479 Mbps
82827[UE 2 | RB 1] Throughput = 0.98443 Mbps
82927[UE 2 | RB 1] Throughput = 0.95485 Mbps
83028[UE 2 | RB 1] Throughput = 1.06645 Mbps
83137[UE 2 | RB 1] Throughput = 0.77180 Mbps
83237[UE 2 | RB 1] Throughput = 1.31645 Mbps
83347[UE 2 | RB 1] Throughput = 1.19855 Mbps
83457[UE 2 | RB 1] Throughput = 0.65496 Mbps
83557[UE 2 | RB 1] Throughput = 1.42999 Mbps
83667[UE 2 | RB 1] Throughput = 1.20147 Mbps
83767[UE 2 | RB 1] Throughput = 0.95830 Mbps
83877[UE 2 | RB 1] Throughput = 1.20121 Mbps
83977[UE 2 | RB 1] Throughput = 0.71830 Mbps
84077[UE 2 | RB 1] Throughput = 1.43512 Mbps
84187[UE 2 | RB 1] Throughput = 0.65504 Mbps
84287[UE 2 | RB 1] Throughput = 1.55526 Mbps
84397[UE 2 | RB 1] Throughput = 0.65580 Mbps
84497[UE 2 | RB 1] Throughput = 1.43491 Mbps
84597[UE 2 | RB 1] Throughput = 1.07821 Mbps
84697[UE 2 | RB 1] Throughput = 0.71807 Mbps
84797[UE 2 | RB 1] Throughput = 1.43686 Mbps
84907[UE 2 | RB 1] Throughput = 1.19814 Mbps
85017[UE 2 | RB 1] Throughput = 0.65278 Mbps
85127[UE 2 | RB 1] Throughput = 1.19982 Mbps
85237[UE 2 | RB 1] Throughput = 1.31049 Mbps
85347[UE 2 | RB 1] Throughput = 0.65326 Mbps
85457[UE 2 | RB 1] Throughput = 1.30660 Mbps
85567[UE 2 | RB 1] Throughput = 1.09054 Mbps
85667[UE 2 | RB 1] Throughput = 0.95632 Mbps
85777[UE 2 | RB 1] Throughput = 1.19530 Mbps
85887[UE 2 | RB 1] Throughput = 1.20504 Mbps
85987[UE 2 | RB 1] Throughput = 0.71890 Mbps
86097[UE 2 | RB 1] Throughput = 1.30871 Mbps
86197[UE 2 | RB 1] Throughput = 0.71667 Mbps
86307[UE 2 | RB 1] Throughput = 0.87110 Mbps
86407[UE 2 | RB 1] Throughput = 1.55780 Mbps
86517[UE 2 | RB 1] Throughput = 1.20158 Mbps
86617[UE 2 | RB 1] Throughput = 0.71743 Mbps
86717[UE 2 | RB 1] Throughput = 1.31703 Mbps
86818[UE 2 | RB 1] Throughput = 0.71528 Mbps
86927[UE 2 | RB 1] Throughput = 1.53538 Mbps
87027[UE 2 | RB 1] Throughput = 0.71763 Mbps
87137[UE 2 | RB 1] Throughput = 1.09062 Mbps
87237[UE 2 | RB 1] Throughput = 1.43421 Mbps
87347[UE 2 | RB 1] Throughput = 0.87502 Mbps
87457[UE 2 | RB 1] Throughput = 1.08869 Mbps
87557[UE 2 | RB 1] Throughput = 1.19674 Mbps
87657[UE 2 | RB 1] Throughput = 0.83579 Mbps
87767[UE 2 | RB 1] Throughput = 0.98659 Mbps
87867[UE 2 | RB 1] Throughput = 1.31339 Mbps
87977[UE 2 | RB 1] Throughput = 1.19956 Mbps
88087[UE 2 | RB 1] Throughput = 0.65322 Mbps
88197[UE 2 | RB 1] Throughput = 1.30708 Mbps
88307[UE 2 | RB 1] Throughput = 1.20074 Mbps
88407[UE 2 | RB 1] Throughput = 0.71669 Mbps
88517[UE 2 | RB 1] Throughput = 1.30987 Mbps
88627[UE 2 | RB 1] Throughput = 1.08826 Mbps
88737[UE 2 | RB 1] Throughput = 1.20064 Mbps
88847[UE 2 | RB 1] Throughput = 0.65361 Mbps
88957[UE 2 | RB 1] Throughput = 1.30821 Mbps
89057[UE 2 | RB 1] Throughput = 0.83837 Mbps
89157[UE 2 | RB 1] Throughput = 0.95670 Mbps
89268[UE 2 | RB 1] Throughput = 1.08468 Mbps
89377[UE 2 | RB 1] Throughput = 1.20631 Mbps
89478[UE 2 | RB 1] Throughput = 1.30996 Mbps
89587[UE 2 | RB 1] Throughput = 1.09229 Mbps
89687[UE 2 | RB 1] Throughput = 0.71751 Mbps
89797[UE 2 | RB 1] Throughput = 0.98380 Mbps
89907[UE 2 | RB 1] Throughput = 1.20004 Mbps
90007[UE 2 | RB 1] Throughput = 0.95419 Mbps
[xApp]: E42 RIC_SUBSCRIPTION_DELETE_REQUEST tx RAN_FUNC_ID 144 RIC_REQ_ID 1 
[xApp]: E42 SUBSCRIPTION DELETE RESPONSE rx
[xApp]: E42 RIC_SUBSCRIPTION_DELETE_REQUEST tx RAN_FUNC_ID 144 RIC_REQ_ID 2 
[xApp]: E42 SUBSCRIPTION DELETE RESPONSE rx
[xApp]: E42 RIC_SUBSCRIPTION_DELETE_REQUEST tx RAN_FUNC_ID 144 RIC_REQ_ID 3 
[xApp]: E42 SUBSCRIPTION DELETE RESPONSE rx
[xApp]: E42 RIC_SUBSCRIPTION_DELETE_REQUEST tx RAN_FUNC_ID 144 RIC_REQ_ID 4 
[xApp]: E42 SUBSCRIPTION DELETE RESPONSE rx
[xApp]: Sucessfully stopped 
Test xApp run SUCCESSFULLY
