[UTIL]: Setting the config -c file to /usr/local/etc/flexric/flexric.conf
[UTIL]: Setting path -p for the shared libraries to /usr/local/lib/flexric/
[xAapp]: Initializing ... 
[xApp]: nearRT-RIC IP Address = 192.168.70.150, PORT = 36422
[E2 AGENT]: Opening plugin from path = /usr/local/lib/flexric/libkpm_sm.so 
[E2 AGENT]: Opening plugin from path = /usr/local/lib/flexric/libmac_sm.so 
[E2 AGENT]: Opening plugin from path = /usr/local/lib/flexric/libpdcp_sm.so 
[E2 AGENT]: Opening plugin from path = /usr/local/lib/flexric/libgtp_sm.so 
[E2 AGENT]: Opening plugin from path = /usr/local/lib/flexric/librc_sm.so 
[E2 AGENT]: Opening plugin from path = /usr/local/lib/flexric/libtc_sm.so 
[E2 AGENT]: Opening plugin from path = /usr/local/lib/flexric/librlc_sm.so 
[E2 AGENT]: Opening plugin from path = /usr/local/lib/flexric/libslice_sm.so 
[NEAR-RIC]: Loading SM ID = 2 with def = ORAN-E2SM-KPM 
[NEAR-RIC]: Loading SM ID = 142 with def = MAC_STATS_V0 
[NEAR-RIC]: Loading SM ID = 144 with def = PDCP_STATS_V0 
[NEAR-RIC]: Loading SM ID = 148 with def = GTP_STATS_V0 
[NEAR-RIC]: Loading SM ID = 3 with def = ORAN-E2SM-RC 
[NEAR-RIC]: Loading SM ID = 146 with def = TC_STATS_V0 
[NEAR-RIC]: Loading SM ID = 143 with def = RLC_STATS_V0 
[NEAR-RIC]: Loading SM ID = 145 with def = SLICE_STATS_V0 
[xApp]: DB filename = /tmp/flexric/xapp_db 
 [xApp]: E42 SETUP-REQUEST tx
[xApp]: E42 SETUP-RESPONSE rx 
[xApp]: xApp ID = 7 
[xApp]: Registered E2 Nodes = 4 
Connected E2 nodes = 4
[xAPP] Registered node 0 ran func id = 2 
 [xAPP] Registered node 0 ran func id = 3 
 [xAPP] Registered node 0 ran func id = 142 
 [xAPP] Registered node 0 ran func id = 143 
 [xAPP] Registered node 0 ran func id = 144 
 [xAPP] Registered node 0 ran func id = 145 
 [xAPP] Registered node 0 ran func id = 146 
 [xAPP] Registered node 0 ran func id = 148 
 [xApp]: E42 RIC SUBSCRIPTION REQUEST tx RAN_FUNC_ID 144 RIC_REQ_ID 1 
[xApp]: SUBSCRIPTION RESPONSE rx
[xApp]: Successfully subscribed to RAN_FUNC_ID 144 
[xAPP] Registered node 1 ran func id = 2 
 [xAPP] Registered node 1 ran func id = 3 
 [xAPP] Registered node 1 ran func id = 142 
 [xAPP] Registered node 1 ran func id = 143 
 [xAPP] Registered node 1 ran func id = 144 
 [xAPP] Registered node 1 ran func id = 145 
 [xAPP] Registered node 1 ran func id = 146 
 [xAPP] Registered node 1 ran func id = 148 
 [xApp]: E42 RIC SUBSCRIPTION REQUEST tx RAN_FUNC_ID 144 RIC_REQ_ID 2 
[xApp]: SUBSCRIPTION RESPONSE rx
[xApp]: Successfully subscribed to RAN_FUNC_ID 144 
[xAPP] Registered node 2 ran func id = 2 
 [xAPP] Registered node 2 ran func id = 3 
 [xAPP] Registered node 2 ran func id = 142 
 [xAPP] Registered node 2 ran func id = 143 
 [xAPP] Registered node 2 ran func id = 144 
 [xAPP] Registered node 2 ran func id = 145 
 [xAPP] Registered node 2 ran func id = 146 
 [xAPP] Registered node 2 ran func id = 148 
 [xApp]: E42 RIC SUBSCRIPTION REQUEST tx RAN_FUNC_ID 144 RIC_REQ_ID 3 
[xApp]: SUBSCRIPTION RESPONSE rx
[xApp]: Successfully subscribed to RAN_FUNC_ID 144 
[xAPP] Registered node 3 ran func id = 2 
 [xAPP] Registered node 3 ran func id = 3 
 [xAPP] Registered node 3 ran func id = 142 
 [xAPP] Registered node 3 ran func id = 143 
 [xAPP] Registered node 3 ran func id = 144 
 [xAPP] Registered node 3 ran func id = 145 
 [xAPP] Registered node 3 ran func id = 146 
 [xAPP] Registered node 3 ran func id = 148 
 [xApp]: E42 RIC SUBSCRIPTION REQUEST tx RAN_FUNC_ID 144 RIC_REQ_ID 4 
[xApp]: SUBSCRIPTION RESPONSE rx
[xApp]: Successfully subscribed to RAN_FUNC_ID 144 
122[UE 2 | RB 1] Throughput = 1.09400 Mbps
222[UE 2 | RB 1] Throughput = 0.71820 Mbps
333[UE 2 | RB 1] Throughput = 1.30282 Mbps
442[UE 2 | RB 1] Throughput = 1.09518 Mbps
542[UE 2 | RB 1] Throughput = 0.83727 Mbps
652[UE 2 | RB 1] Throughput = 0.97941 Mbps
752[UE 2 | RB 1] Throughput = 1.31757 Mbps
862[UE 2 | RB 1] Throughput = 1.09182 Mbps
962[UE 2 | RB 1] Throughput = 0.95971 Mbps
1062[UE 2 | RB 1] Throughput = 1.19824 Mbps
1163[UE 2 | RB 1] Throughput = 0.95751 Mbps
1272[UE 2 | RB 1] Throughput = 1.09109 Mbps
1383[UE 2 | RB 1] Throughput = 1.08667 Mbps
1492[UE 2 | RB 1] Throughput = 1.09284 Mbps
1593[UE 2 | RB 1] Throughput = 0.95477 Mbps
1703[UE 2 | RB 1] Throughput = 1.20006 Mbps
1803[UE 2 | RB 1] Throughput = 0.71603 Mbps
1912[UE 2 | RB 1] Throughput = 1.31850 Mbps
2012[UE 2 | RB 1] Throughput = 0.83650 Mbps
2113[UE 2 | RB 1] Throughput = 1.31328 Mbps
2222[UE 2 | RB 1] Throughput = 0.98412 Mbps
2323[UE 2 | RB 1] Throughput = 1.19539 Mbps
2432[UE 2 | RB 1] Throughput = 1.09009 Mbps
2533[UE 2 | RB 1] Throughput = 1.07779 Mbps
2642[UE 2 | RB 1] Throughput = 1.20076 Mbps
2752[UE 2 | RB 1] Throughput = 0.76516 Mbps
2853[UE 2 | RB 1] Throughput = 1.30883 Mbps
2963[UE 2 | RB 1] Throughput = 1.19908 Mbps
3072[UE 2 | RB 1] Throughput = 0.76741 Mbps
3172[UE 2 | RB 1] Throughput = 1.43083 Mbps
3273[UE 2 | RB 1] Throughput = 0.71804 Mbps
3382[UE 2 | RB 1] Throughput = 1.20083 Mbps
3483[UE 2 | RB 1] Throughput = 0.71734 Mbps
3593[UE 2 | RB 1] Throughput = 1.30793 Mbps
3702[UE 2 | RB 1] Throughput = 1.20011 Mbps
3803[UE 2 | RB 1] Throughput = 0.71725 Mbps
3913[UE 2 | RB 1] Throughput = 1.30825 Mbps
4013[UE 2 | RB 1] Throughput = 1.07819 Mbps
4113[UE 2 | RB 1] Throughput = 1.19790 Mbps
4222[UE 2 | RB 1] Throughput = 0.65488 Mbps
4323[UE 2 | RB 1] Throughput = 1.43590 Mbps
4433[UE 2 | RB 1] Throughput = 1.19783 Mbps
4533[UE 2 | RB 1] Throughput = 0.83795 Mbps
4643[UE 2 | RB 1] Throughput = 0.65461 Mbps
4753[UE 2 | RB 1] Throughput = 1.52615 Mbps
4863[UE 2 | RB 1] Throughput = 0.65376 Mbps
4963[UE 2 | RB 1] Throughput = 1.79719 Mbps
5063[UE 2 | RB 1] Throughput = 0.71705 Mbps
5173[UE 2 | RB 1] Throughput = 1.19982 Mbps
5273[UE 2 | RB 1] Throughput = 1.19689 Mbps
5382[UE 2 | RB 1] Throughput = 0.65593 Mbps
5492[UE 2 | RB 1] Throughput = 1.30673 Mbps
5593[UE 2 | RB 1] Throughput = 1.31744 Mbps
5693[UE 2 | RB 1] Throughput = 0.83727 Mbps
5803[UE 2 | RB 1] Throughput = 0.76283 Mbps
5903[UE 2 | RB 1] Throughput = 1.19527 Mbps
6012[UE 2 | RB 1] Throughput = 1.31359 Mbps
6113[UE 2 | RB 1] Throughput = 0.71855 Mbps
6223[UE 2 | RB 1] Throughput = 1.19764 Mbps
6323[UE 2 | RB 1] Throughput = 1.19725 Mbps
6423[UE 2 | RB 1] Throughput = 1.07762 Mbps
6532[UE 2 | RB 1] Throughput = 1.20216 Mbps
6633[UE 2 | RB 1] Throughput = 0.71702 Mbps
6742[UE 2 | RB 1] Throughput = 1.31414 Mbps
6843[UE 2 | RB 1] Throughput = 0.71598 Mbps
6943[UE 2 | RB 1] Throughput = 1.43314 Mbps
7052[UE 2 | RB 1] Throughput = 1.09389 Mbps
7153[UE 2 | RB 1] Throughput = 0.71714 Mbps
7263[UE 2 | RB 1] Throughput = 1.30779 Mbps
7363[UE 2 | RB 1] Throughput = 0.71894 Mbps
7463[UE 2 | RB 1] Throughput = 1.43557 Mbps
7573[UE 2 | RB 1] Throughput = 0.98105 Mbps
7683[UE 2 | RB 1] Throughput = 0.98314 Mbps
7783[UE 2 | RB 1] Throughput = 1.07697 Mbps
7883[UE 2 | RB 1] Throughput = 1.07524 Mbps
7993[UE 2 | RB 1] Throughput = 1.19955 Mbps
8093[UE 2 | RB 1] Throughput = 0.71786 Mbps
8203[UE 2 | RB 1] Throughput = 1.30917 Mbps
8303[UE 2 | RB 1] Throughput = 0.95666 Mbps
8413[UE 2 | RB 1] Throughput = 1.20288 Mbps
8513[UE 2 | RB 1] Throughput = 1.07661 Mbps
8623[UE 2 | RB 1] Throughput = 0.97809 Mbps
8733[UE 2 | RB 1] Throughput = 1.09446 Mbps
8833[UE 2 | RB 1] Throughput = 1.31771 Mbps
8943[UE 2 | RB 1] Throughput = 0.86759 Mbps
9053[UE 2 | RB 1] Throughput = 1.20267 Mbps
9153[UE 2 | RB 1] Throughput = 0.59908 Mbps
9253[UE 2 | RB 1] Throughput = 1.43384 Mbps
9363[UE 2 | RB 1] Throughput = 0.65418 Mbps
9473[UE 2 | RB 1] Throughput = 1.30958 Mbps
9583[UE 2 | RB 1] Throughput = 1.30774 Mbps
9693[UE 2 | RB 1] Throughput = 0.65386 Mbps
9803[UE 2 | RB 1] Throughput = 1.30827 Mbps
9913[UE 2 | RB 1] Throughput = 0.76110 Mbps
10013[UE 2 | RB 1] Throughput = 1.79398 Mbps
10123[UE 2 | RB 1] Throughput = 0.54579 Mbps
10233[UE 2 | RB 1] Throughput = 1.30338 Mbps
10343[UE 2 | RB 1] Throughput = 0.98349 Mbps
10443[UE 2 | RB 1] Throughput = 1.07826 Mbps
10543[UE 2 | RB 1] Throughput = 1.19839 Mbps
10653[UE 2 | RB 1] Throughput = 1.19855 Mbps
10753[UE 2 | RB 1] Throughput = 1.07533 Mbps
10863[UE 2 | RB 1] Throughput = 1.09584 Mbps
10963[UE 2 | RB 1] Throughput = 0.83630 Mbps
11073[UE 2 | RB 1] Throughput = 1.30784 Mbps
11183[UE 2 | RB 1] Throughput = 0.87267 Mbps
11283[UE 2 | RB 1] Throughput = 0.95800 Mbps
11383[UE 2 | RB 1] Throughput = 1.19787 Mbps
11483[UE 2 | RB 1] Throughput = 1.19806 Mbps
11583[UE 2 | RB 1] Throughput = 0.71821 Mbps
11693[UE 2 | RB 1] Throughput = 1.31017 Mbps
11793[UE 2 | RB 1] Throughput = 0.95843 Mbps
11893[UE 2 | RB 1] Throughput = 0.95335 Mbps
12003[UE 2 | RB 1] Throughput = 1.31376 Mbps
12113[UE 2 | RB 1] Throughput = 0.65246 Mbps
12223[UE 2 | RB 1] Throughput = 1.52853 Mbps
12323[UE 2 | RB 1] Throughput = 0.95584 Mbps
12433[UE 2 | RB 1] Throughput = 0.87431 Mbps
12543[UE 2 | RB 1] Throughput = 1.19873 Mbps
12643[UE 2 | RB 1] Throughput = 1.07771 Mbps
12753[UE 2 | RB 1] Throughput = 0.98129 Mbps
12853[UE 2 | RB 1] Throughput = 1.07694 Mbps
12963[UE 2 | RB 1] Throughput = 1.19795 Mbps
13073[UE 2 | RB 1] Throughput = 1.08597 Mbps
13183[UE 2 | RB 1] Throughput = 1.19899 Mbps
13283[UE 2 | RB 1] Throughput = 0.83741 Mbps
13393[UE 2 | RB 1] Throughput = 1.20057 Mbps
13503[UE 2 | RB 1] Throughput = 0.76495 Mbps
13613[UE 2 | RB 1] Throughput = 0.97960 Mbps
13723[UE 2 | RB 1] Throughput = 1.31071 Mbps
13823[UE 2 | RB 1] Throughput = 1.19678 Mbps
13933[UE 2 | RB 1] Throughput = 1.19679 Mbps
14043[UE 2 | RB 1] Throughput = 0.65417 Mbps
14143[UE 2 | RB 1] Throughput = 1.31715 Mbps
14253[UE 2 | RB 1] Throughput = 1.30616 Mbps
14353[UE 2 | RB 1] Throughput = 0.71865 Mbps
14463[UE 2 | RB 1] Throughput = 1.30731 Mbps
14573[UE 2 | RB 1] Throughput = 0.65417 Mbps
14674[UE 2 | RB 1] Throughput = 1.31009 Mbps
14783[UE 2 | RB 1] Throughput = 1.20342 Mbps
14883[UE 2 | RB 1] Throughput = 0.95741 Mbps
14993[UE 2 | RB 1] Throughput = 1.19945 Mbps
15103[UE 2 | RB 1] Throughput = 0.65448 Mbps
15213[UE 2 | RB 1] Throughput = 1.52667 Mbps
15313[UE 2 | RB 1] Throughput = 0.71795 Mbps
15424[UE 2 | RB 1] Throughput = 1.19218 Mbps
15533[UE 2 | RB 1] Throughput = 1.20271 Mbps
15633[UE 2 | RB 1] Throughput = 0.95870 Mbps
15733[UE 2 | RB 1] Throughput = 0.83877 Mbps
15844[UE 2 | RB 1] Throughput = 1.19369 Mbps
15953[UE 2 | RB 1] Throughput = 1.31396 Mbps
16063[UE 2 | RB 1] Throughput = 0.65181 Mbps
16173[UE 2 | RB 1] Throughput = 1.31483 Mbps
16273[UE 2 | RB 1] Throughput = 0.59806 Mbps
16373[UE 2 | RB 1] Throughput = 1.67608 Mbps
16484[UE 2 | RB 1] Throughput = 1.08578 Mbps
16593[UE 2 | RB 1] Throughput = 0.76597 Mbps
16693[UE 2 | RB 1] Throughput = 1.19754 Mbps
16794[UE 2 | RB 1] Throughput = 1.31193 Mbps
16903[UE 2 | RB 1] Throughput = 0.65790 Mbps
17004[UE 2 | RB 1] Throughput = 1.42667 Mbps
17113[UE 2 | RB 1] Throughput = 0.65752 Mbps
17213[UE 2 | RB 1] Throughput = 1.43369 Mbps
17323[UE 2 | RB 1] Throughput = 1.30886 Mbps
17424[UE 2 | RB 1] Throughput = 0.71643 Mbps
17533[UE 2 | RB 1] Throughput = 1.20463 Mbps
17633[UE 2 | RB 1] Throughput = 0.71638 Mbps
17743[UE 2 | RB 1] Throughput = 1.19951 Mbps
17844[UE 2 | RB 1] Throughput = 1.31277 Mbps
17953[UE 2 | RB 1] Throughput = 1.09699 Mbps
18053[UE 2 | RB 1] Throughput = 0.83819 Mbps
18153[UE 2 | RB 1] Throughput = 1.07669 Mbps
18253[UE 2 | RB 1] Throughput = 0.83884 Mbps
18354[UE 2 | RB 1] Throughput = 1.31035 Mbps
18464[UE 2 | RB 1] Throughput = 1.30970 Mbps
18564[UE 2 | RB 1] Throughput = 0.71895 Mbps
18664[UE 2 | RB 1] Throughput = 1.19836 Mbps
18773[UE 2 | RB 1] Throughput = 1.31091 Mbps
18874[UE 2 | RB 1] Throughput = 0.83711 Mbps
18983[UE 2 | RB 1] Throughput = 1.09035 Mbps
19084[UE 2 | RB 1] Throughput = 0.71851 Mbps
19193[UE 2 | RB 1] Throughput = 1.31269 Mbps
19293[UE 2 | RB 1] Throughput = 0.71718 Mbps
19403[UE 2 | RB 1] Throughput = 1.41936 Mbps
19504[UE 2 | RB 1] Throughput = 1.30974 Mbps
19613[UE 2 | RB 1] Throughput = 0.65698 Mbps
19713[UE 2 | RB 1] Throughput = 1.31638 Mbps
19823[UE 2 | RB 1] Throughput = 1.09052 Mbps
19923[UE 2 | RB 1] Throughput = 1.07721 Mbps
20024[UE 2 | RB 1] Throughput = 0.95637 Mbps
20134[UE 2 | RB 1] Throughput = 0.98068 Mbps
20243[UE 2 | RB 1] Throughput = 1.09330 Mbps
20343[UE 2 | RB 1] Throughput = 1.19744 Mbps
20444[UE 2 | RB 1] Throughput = 1.19507 Mbps
20554[UE 2 | RB 1] Throughput = 0.76224 Mbps
20663[UE 2 | RB 1] Throughput = 1.20353 Mbps
20764[UE 2 | RB 1] Throughput = 0.71633 Mbps
20873[UE 2 | RB 1] Throughput = 1.30887 Mbps
20983[UE 2 | RB 1] Throughput = 1.30776 Mbps
21083[UE 2 | RB 1] Throughput = 0.71806 Mbps
21193[UE 2 | RB 1] Throughput = 1.20074 Mbps
21304[UE 2 | RB 1] Throughput = 1.19431 Mbps
21413[UE 2 | RB 1] Throughput = 1.09243 Mbps
21514[UE 2 | RB 1] Throughput = 0.95652 Mbps
21623[UE 2 | RB 1] Throughput = 1.09115 Mbps
21734[UE 2 | RB 1] Throughput = 1.08792 Mbps
21843[UE 2 | RB 1] Throughput = 0.98199 Mbps
21953[UE 2 | RB 1] Throughput = 1.30830 Mbps
22053[UE 2 | RB 1] Throughput = 0.71872 Mbps
22163[UE 2 | RB 1] Throughput = 1.30994 Mbps
22273[UE 2 | RB 1] Throughput = 0.76199 Mbps
22373[UE 2 | RB 1] Throughput = 1.43740 Mbps
22474[UE 2 | RB 1] Throughput = 0.71656 Mbps
22583[UE 2 | RB 1] Throughput = 1.31255 Mbps
22684[UE 2 | RB 1] Throughput = 0.83515 Mbps
22793[UE 2 | RB 1] Throughput = 1.31041 Mbps
22894[UE 2 | RB 1] Throughput = 1.07651 Mbps
22994[UE 2 | RB 1] Throughput = 0.71820 Mbps
23104[UE 2 | RB 1] Throughput = 0.97936 Mbps
23213[UE 2 | RB 1] Throughput = 1.20601 Mbps
23313[UE 2 | RB 1] Throughput = 1.43497 Mbps
23423[UE 2 | RB 1] Throughput = 0.87114 Mbps
23524[UE 2 | RB 1] Throughput = 1.07493 Mbps
23624[UE 2 | RB 1] Throughput = 1.31783 Mbps
23724[UE 2 | RB 1] Throughput = 0.59876 Mbps
23834[UE 2 | RB 1] Throughput = 1.30913 Mbps
23944[UE 2 | RB 1] Throughput = 1.08853 Mbps
24054[UE 2 | RB 1] Throughput = 1.09176 Mbps
24154[UE 2 | RB 1] Throughput = 0.83751 Mbps
24264[UE 2 | RB 1] Throughput = 1.20004 Mbps
24373[UE 2 | RB 1] Throughput = 0.65600 Mbps
24474[UE 2 | RB 1] Throughput = 1.66955 Mbps
24574[UE 2 | RB 1] Throughput = 0.95725 Mbps
24674[UE 2 | RB 1] Throughput = 1.19824 Mbps
24784[UE 2 | RB 1] Throughput = 0.98206 Mbps
24884[UE 2 | RB 1] Throughput = 1.07686 Mbps
24993[UE 2 | RB 1] Throughput = 1.09471 Mbps
25094[UE 2 | RB 1] Throughput = 0.83640 Mbps
25204[UE 2 | RB 1] Throughput = 0.98122 Mbps
25304[UE 2 | RB 1] Throughput = 1.31380 Mbps
25414[UE 2 | RB 1] Throughput = 1.09244 Mbps
25523[UE 2 | RB 1] Throughput = 1.09092 Mbps
25624[UE 2 | RB 1] Throughput = 1.19473 Mbps
25724[UE 2 | RB 1] Throughput = 0.71805 Mbps
25833[UE 2 | RB 1] Throughput = 1.20350 Mbps
25934[UE 2 | RB 1] Throughput = 1.31557 Mbps
26034[UE 2 | RB 1] Throughput = 0.59719 Mbps
26143[UE 2 | RB 1] Throughput = 1.31236 Mbps
26244[UE 2 | RB 1] Throughput = 0.71865 Mbps
26344[UE 2 | RB 1] Throughput = 1.31377 Mbps
26454[UE 2 | RB 1] Throughput = 1.30909 Mbps
26563[UE 2 | RB 1] Throughput = 0.65581 Mbps
26664[UE 2 | RB 1] Throughput = 1.31657 Mbps
26764[UE 2 | RB 1] Throughput = 1.31447 Mbps
26864[UE 2 | RB 1] Throughput = 0.83875 Mbps
26973[UE 2 | RB 1] Throughput = 1.09274 Mbps
27074[UE 2 | RB 1] Throughput = 0.83818 Mbps
27184[UE 2 | RB 1] Throughput = 1.08918 Mbps
27294[UE 2 | RB 1] Throughput = 1.30589 Mbps
27404[UE 2 | RB 1] Throughput = 0.97954 Mbps
27504[UE 2 | RB 1] Throughput = 1.31337 Mbps
27614[UE 2 | RB 1] Throughput = 0.76699 Mbps
27714[UE 2 | RB 1] Throughput = 1.19818 Mbps
27814[UE 2 | RB 1] Throughput = 0.95696 Mbps
27924[UE 2 | RB 1] Throughput = 1.19799 Mbps
28024[UE 2 | RB 1] Throughput = 1.07465 Mbps
28134[UE 2 | RB 1] Throughput = 1.09079 Mbps
28244[UE 2 | RB 1] Throughput = 1.09366 Mbps
28344[UE 2 | RB 1] Throughput = 0.95560 Mbps
28454[UE 2 | RB 1] Throughput = 1.09055 Mbps
28564[UE 2 | RB 1] Throughput = 1.08882 Mbps
28664[UE 2 | RB 1] Throughput = 1.07856 Mbps
28764[UE 2 | RB 1] Throughput = 0.83685 Mbps
28874[UE 2 | RB 1] Throughput = 1.31153 Mbps
28984[UE 2 | RB 1] Throughput = 1.19885 Mbps
29084[UE 2 | RB 1] Throughput = 1.07704 Mbps
29184[UE 2 | RB 1] Throughput = 1.07763 Mbps
29294[UE 2 | RB 1] Throughput = 0.87251 Mbps
29394[UE 2 | RB 1] Throughput = 0.71859 Mbps
29504[UE 2 | RB 1] Throughput = 1.20153 Mbps
29604[UE 2 | RB 1] Throughput = 1.43412 Mbps
29704[UE 2 | RB 1] Throughput = 1.07572 Mbps
29805[UE 2 | RB 1] Throughput = 0.83491 Mbps
29914[UE 2 | RB 1] Throughput = 1.09650 Mbps
30014[UE 2 | RB 1] Throughput = 0.95817 Mbps
30124[UE 2 | RB 1] Throughput = 1.19963 Mbps
30234[UE 2 | RB 1] Throughput = 1.20258 Mbps
30334[UE 2 | RB 1] Throughput = 1.07325 Mbps
30444[UE 2 | RB 1] Throughput = 1.09144 Mbps
30544[UE 2 | RB 1] Throughput = 0.83803 Mbps
30654[UE 2 | RB 1] Throughput = 1.31047 Mbps
30764[UE 2 | RB 1] Throughput = 0.65424 Mbps
30864[UE 2 | RB 1] Throughput = 1.43532 Mbps
30964[UE 2 | RB 1] Throughput = 1.19592 Mbps
31064[UE 2 | RB 1] Throughput = 0.71879 Mbps
31174[UE 2 | RB 1] Throughput = 0.86830 Mbps
31284[UE 2 | RB 1] Throughput = 1.53244 Mbps
31384[UE 2 | RB 1] Throughput = 0.95806 Mbps
31494[UE 2 | RB 1] Throughput = 0.98127 Mbps
31594[UE 2 | RB 1] Throughput = 0.83695 Mbps
31694[UE 2 | RB 1] Throughput = 1.43758 Mbps
31804[UE 2 | RB 1] Throughput = 0.98270 Mbps
31904[UE 2 | RB 1] Throughput = 0.95576 Mbps
32014[UE 2 | RB 1] Throughput = 0.98411 Mbps
32114[UE 2 | RB 1] Throughput = 1.31704 Mbps
32214[UE 2 | RB 1] Throughput = 1.07504 Mbps
32324[UE 2 | RB 1] Throughput = 0.97901 Mbps
32425[UE 2 | RB 1] Throughput = 1.19320 Mbps
32534[UE 2 | RB 1] Throughput = 0.98889 Mbps
32634[UE 2 | RB 1] Throughput = 0.83808 Mbps
32744[UE 2 | RB 1] Throughput = 1.19691 Mbps
32854[UE 2 | RB 1] Throughput = 1.19564 Mbps
32964[UE 2 | RB 1] Throughput = 0.65731 Mbps
33064[UE 2 | RB 1] Throughput = 1.43382 Mbps
33164[UE 2 | RB 1] Throughput = 0.59888 Mbps
33264[UE 2 | RB 1] Throughput = 1.07805 Mbps
33364[UE 2 | RB 1] Throughput = 1.43580 Mbps
33465[UE 2 | RB 1] Throughput = 0.71754 Mbps
33574[UE 2 | RB 1] Throughput = 1.30879 Mbps
33684[UE 2 | RB 1] Throughput = 1.31167 Mbps
33784[UE 2 | RB 1] Throughput = 0.71771 Mbps
33894[UE 2 | RB 1] Throughput = 1.30991 Mbps
33994[UE 2 | RB 1] Throughput = 1.31575 Mbps
34094[UE 2 | RB 1] Throughput = 0.71765 Mbps
34204[UE 2 | RB 1] Throughput = 1.20228 Mbps
34304[UE 2 | RB 1] Throughput = 0.95660 Mbps
34414[UE 2 | RB 1] Throughput = 1.31300 Mbps
34514[UE 2 | RB 1] Throughput = 0.71632 Mbps
34624[UE 2 | RB 1] Throughput = 1.31268 Mbps
34724[UE 2 | RB 1] Throughput = 0.83839 Mbps
34824[UE 2 | RB 1] Throughput = 0.83565 Mbps
34934[UE 2 | RB 1] Throughput = 1.20285 Mbps
35034[UE 2 | RB 1] Throughput = 1.31733 Mbps
35134[UE 2 | RB 1] Throughput = 0.71829 Mbps
35234[UE 2 | RB 1] Throughput = 1.19779 Mbps
35334[UE 2 | RB 1] Throughput = 1.43766 Mbps
35444[UE 2 | RB 1] Throughput = 0.97923 Mbps
35554[UE 2 | RB 1] Throughput = 1.08744 Mbps
35664[UE 2 | RB 1] Throughput = 1.09276 Mbps
35764[UE 2 | RB 1] Throughput = 0.95611 Mbps
35874[UE 2 | RB 1] Throughput = 0.98121 Mbps
35984[UE 2 | RB 1] Throughput = 1.20260 Mbps
36084[UE 2 | RB 1] Throughput = 0.71585 Mbps
36194[UE 2 | RB 1] Throughput = 1.19703 Mbps
36304[UE 2 | RB 1] Throughput = 1.19851 Mbps
36414[UE 2 | RB 1] Throughput = 0.76311 Mbps
36524[UE 2 | RB 1] Throughput = 1.30993 Mbps
36624[UE 2 | RB 1] Throughput = 1.31431 Mbps
36725[UE 2 | RB 1] Throughput = 0.71758 Mbps
36835[UE 2 | RB 1] Throughput = 1.30749 Mbps
36944[UE 2 | RB 1] Throughput = 1.20449 Mbps
37044[UE 2 | RB 1] Throughput = 0.83585 Mbps
37145[UE 2 | RB 1] Throughput = 1.31460 Mbps
37255[UE 2 | RB 1] Throughput = 0.76272 Mbps
37364[UE 2 | RB 1] Throughput = 1.20282 Mbps
37465[UE 2 | RB 1] Throughput = 0.71704 Mbps
37574[UE 2 | RB 1] Throughput = 1.09532 Mbps
37674[UE 2 | RB 1] Throughput = 1.31499 Mbps
37784[UE 2 | RB 1] Throughput = 0.87421 Mbps
37884[UE 2 | RB 1] Throughput = 1.31167 Mbps
37994[UE 2 | RB 1] Throughput = 1.08898 Mbps
38104[UE 2 | RB 1] Throughput = 1.09423 Mbps
38204[UE 2 | RB 1] Throughput = 1.07491 Mbps
38304[UE 2 | RB 1] Throughput = 0.71783 Mbps
38415[UE 2 | RB 1] Throughput = 1.30539 Mbps
38524[UE 2 | RB 1] Throughput = 1.20143 Mbps
38624[UE 2 | RB 1] Throughput = 1.07753 Mbps
38734[UE 2 | RB 1] Throughput = 0.98057 Mbps
38835[UE 2 | RB 1] Throughput = 0.83698 Mbps
38944[UE 2 | RB 1] Throughput = 1.31008 Mbps
39054[UE 2 | RB 1] Throughput = 0.76405 Mbps
39164[UE 2 | RB 1] Throughput = 1.52317 Mbps
39265[UE 2 | RB 1] Throughput = 0.71710 Mbps
39365[UE 2 | RB 1] Throughput = 1.31670 Mbps
39465[UE 2 | RB 1] Throughput = 1.07819 Mbps
39575[UE 2 | RB 1] Throughput = 0.76438 Mbps
39675[UE 2 | RB 1] Throughput = 1.19822 Mbps
39785[UE 2 | RB 1] Throughput = 1.19612 Mbps
39885[UE 2 | RB 1] Throughput = 0.71867 Mbps
39985[UE 2 | RB 1] Throughput = 1.07836 Mbps
40094[UE 2 | RB 1] Throughput = 1.31214 Mbps
40204[UE 2 | RB 1] Throughput = 0.65508 Mbps
40304[UE 2 | RB 1] Throughput = 1.67600 Mbps
40404[UE 2 | RB 1] Throughput = 1.07688 Mbps
40506[UE 2 | RB 1] Throughput = 0.82856 Mbps
40615[UE 2 | RB 1] Throughput = 1.09960 Mbps
40724[UE 2 | RB 1] Throughput = 1.09345 Mbps
40824[UE 2 | RB 1] Throughput = 1.19606 Mbps
40934[UE 2 | RB 1] Throughput = 1.19872 Mbps
41035[UE 2 | RB 1] Throughput = 0.59827 Mbps
41135[UE 2 | RB 1] Throughput = 1.19695 Mbps
41235[UE 2 | RB 1] Throughput = 1.31017 Mbps
41344[UE 2 | RB 1] Throughput = 0.65955 Mbps
41445[UE 2 | RB 1] Throughput = 1.55181 Mbps
41555[UE 2 | RB 1] Throughput = 0.65374 Mbps
41665[UE 2 | RB 1] Throughput = 1.30988 Mbps
41765[UE 2 | RB 1] Throughput = 1.31596 Mbps
41875[UE 2 | RB 1] Throughput = 0.54535 Mbps
41975[UE 2 | RB 1] Throughput = 1.43630 Mbps
42085[UE 2 | RB 1] Throughput = 0.98102 Mbps
42185[UE 2 | RB 1] Throughput = 1.07514 Mbps
42294[UE 2 | RB 1] Throughput = 1.09400 Mbps
42395[UE 2 | RB 1] Throughput = 1.07735 Mbps
42495[UE 2 | RB 1] Throughput = 1.19378 Mbps
42605[UE 2 | RB 1] Throughput = 0.54704 Mbps
42705[UE 2 | RB 1] Throughput = 1.43748 Mbps
42805[UE 2 | RB 1] Throughput = 0.71801 Mbps
42915[UE 2 | RB 1] Throughput = 1.63558 Mbps
43025[UE 2 | RB 1] Throughput = 1.08835 Mbps
43125[UE 2 | RB 1] Throughput = 0.59879 Mbps
43234[UE 2 | RB 1] Throughput = 1.20308 Mbps
43335[UE 2 | RB 1] Throughput = 1.43145 Mbps
43445[UE 2 | RB 1] Throughput = 0.65519 Mbps
43545[UE 2 | RB 1] Throughput = 1.43184 Mbps
43655[UE 2 | RB 1] Throughput = 0.65516 Mbps
43755[UE 2 | RB 1] Throughput = 1.43633 Mbps
43865[UE 2 | RB 1] Throughput = 0.98123 Mbps
43965[UE 2 | RB 1] Throughput = 1.07715 Mbps
44075[UE 2 | RB 1] Throughput = 0.87392 Mbps
44175[UE 2 | RB 1] Throughput = 1.31600 Mbps
44285[UE 2 | RB 1] Throughput = 0.98281 Mbps
44385[UE 2 | RB 1] Throughput = 0.71756 Mbps
44495[UE 2 | RB 1] Throughput = 0.98137 Mbps
44595[UE 2 | RB 1] Throughput = 1.31648 Mbps
44705[UE 2 | RB 1] Throughput = 1.08625 Mbps
44815[UE 2 | RB 1] Throughput = 1.42014 Mbps
44915[UE 2 | RB 1] Throughput = 0.95833 Mbps
45015[UE 2 | RB 1] Throughput = 0.83831 Mbps
45125[UE 2 | RB 1] Throughput = 1.30857 Mbps
45235[UE 2 | RB 1] Throughput = 1.09269 Mbps
45335[UE 2 | RB 1] Throughput = 0.83366 Mbps
45445[UE 2 | RB 1] Throughput = 1.20162 Mbps
45545[UE 2 | RB 1] Throughput = 1.19745 Mbps
45645[UE 2 | RB 1] Throughput = 1.07790 Mbps
45745[UE 2 | RB 1] Throughput = 0.83640 Mbps
45855[UE 2 | RB 1] Throughput = 1.20403 Mbps
45964[UE 2 | RB 1] Throughput = 0.65536 Mbps
46065[UE 2 | RB 1] Throughput = 1.55466 Mbps
46175[UE 2 | RB 1] Throughput = 0.98150 Mbps
46275[UE 2 | RB 1] Throughput = 0.71591 Mbps
46385[UE 2 | RB 1] Throughput = 1.30757 Mbps
46485[UE 2 | RB 1] Throughput = 0.83867 Mbps
46595[UE 2 | RB 1] Throughput = 1.31040 Mbps
46705[UE 2 | RB 1] Throughput = 0.65256 Mbps
46815[UE 2 | RB 1] Throughput = 1.41943 Mbps
46915[UE 2 | RB 1] Throughput = 0.83735 Mbps
47025[UE 2 | RB 1] Throughput = 1.30705 Mbps
47125[UE 2 | RB 1] Throughput = 1.19762 Mbps
47235[UE 2 | RB 1] Throughput = 1.20235 Mbps
47335[UE 2 | RB 1] Throughput = 0.83638 Mbps
47445[UE 2 | RB 1] Throughput = 0.65264 Mbps
47555[UE 2 | RB 1] Throughput = 1.41868 Mbps
47655[UE 2 | RB 1] Throughput = 1.31815 Mbps
47765[UE 2 | RB 1] Throughput = 1.09303 Mbps
47865[UE 2 | RB 1] Throughput = 0.95815 Mbps
47965[UE 2 | RB 1] Throughput = 0.95714 Mbps
48065[UE 2 | RB 1] Throughput = 1.07749 Mbps
48165[UE 2 | RB 1] Throughput = 1.07777 Mbps
48275[UE 2 | RB 1] Throughput = 1.19613 Mbps
48385[UE 2 | RB 1] Throughput = 0.76223 Mbps
48495[UE 2 | RB 1] Throughput = 1.31049 Mbps
48595[UE 2 | RB 1] Throughput = 0.71888 Mbps
48705[UE 2 | RB 1] Throughput = 1.30907 Mbps
48805[UE 2 | RB 1] Throughput = 0.71898 Mbps
48915[UE 2 | RB 1] Throughput = 1.41764 Mbps
49015[UE 2 | RB 1] Throughput = 0.95315 Mbps
49125[UE 2 | RB 1] Throughput = 1.20185 Mbps
49235[UE 2 | RB 1] Throughput = 1.30660 Mbps
49346[UE 2 | RB 1] Throughput = 0.65034 Mbps
49455[UE 2 | RB 1] Throughput = 1.20756 Mbps
49555[UE 2 | RB 1] Throughput = 1.31583 Mbps
49655[UE 2 | RB 1] Throughput = 0.71881 Mbps
49765[UE 2 | RB 1] Throughput = 1.30656 Mbps
49875[UE 2 | RB 1] Throughput = 1.09256 Mbps
49975[UE 2 | RB 1] Throughput = 0.95524 Mbps
50075[UE 2 | RB 1] Throughput = 0.83801 Mbps
50185[UE 2 | RB 1] Throughput = 1.31140 Mbps
50285[UE 2 | RB 1] Throughput = 0.83728 Mbps
50385[UE 2 | RB 1] Throughput = 1.31451 Mbps
50486[UE 2 | RB 1] Throughput = 0.95726 Mbps
50595[UE 2 | RB 1] Throughput = 1.09673 Mbps
50695[UE 2 | RB 1] Throughput = 1.31297 Mbps
50795[UE 2 | RB 1] Throughput = 0.71755 Mbps
50905[UE 2 | RB 1] Throughput = 1.20391 Mbps
51005[UE 2 | RB 1] Throughput = 0.95746 Mbps
51115[UE 2 | RB 1] Throughput = 1.08972 Mbps
51225[UE 2 | RB 1] Throughput = 0.98167 Mbps
51335[UE 2 | RB 1] Throughput = 1.19464 Mbps
51445[UE 2 | RB 1] Throughput = 1.20038 Mbps
51555[UE 2 | RB 1] Throughput = 0.65314 Mbps
51665[UE 2 | RB 1] Throughput = 1.31220 Mbps
51765[UE 2 | RB 1] Throughput = 0.71839 Mbps
51875[UE 2 | RB 1] Throughput = 1.41166 Mbps
51985[UE 2 | RB 1] Throughput = 0.65460 Mbps
52085[UE 2 | RB 1] Throughput = 1.67276 Mbps
52195[UE 2 | RB 1] Throughput = 0.76528 Mbps
52295[UE 2 | RB 1] Throughput = 1.31390 Mbps
52395[UE 2 | RB 1] Throughput = 1.19779 Mbps
52505[UE 2 | RB 1] Throughput = 0.76293 Mbps
52606[UE 2 | RB 1] Throughput = 1.43448 Mbps
52706[UE 2 | RB 1] Throughput = 0.71830 Mbps
52815[UE 2 | RB 1] Throughput = 1.31187 Mbps
52925[UE 2 | RB 1] Throughput = 0.65288 Mbps
53035[UE 2 | RB 1] Throughput = 1.31297 Mbps
53135[UE 2 | RB 1] Throughput = 1.31712 Mbps
53245[UE 2 | RB 1] Throughput = 0.76025 Mbps
53355[UE 2 | RB 1] Throughput = 1.20499 Mbps
53455[UE 2 | RB 1] Throughput = 1.07201 Mbps
53565[UE 2 | RB 1] Throughput = 1.19788 Mbps
53665[UE 2 | RB 1] Throughput = 0.71845 Mbps
53775[UE 2 | RB 1] Throughput = 1.20403 Mbps
53875[UE 2 | RB 1] Throughput = 0.83847 Mbps
53975[UE 2 | RB 1] Throughput = 1.31436 Mbps
54075[UE 2 | RB 1] Throughput = 0.83851 Mbps
54175[UE 2 | RB 1] Throughput = 0.95786 Mbps
54275[UE 2 | RB 1] Throughput = 1.67716 Mbps
54376[UE 2 | RB 1] Throughput = 0.71877 Mbps
54485[UE 2 | RB 1] Throughput = 0.65402 Mbps
54595[UE 2 | RB 1] Throughput = 1.85690 Mbps
54696[UE 2 | RB 1] Throughput = 1.06963 Mbps
54805[UE 2 | RB 1] Throughput = 0.87885 Mbps
54906[UE 2 | RB 1] Throughput = 0.95364 Mbps
55015[UE 2 | RB 1] Throughput = 0.98516 Mbps
55115[UE 2 | RB 1] Throughput = 1.07750 Mbps
55225[UE 2 | RB 1] Throughput = 1.30557 Mbps
55335[UE 2 | RB 1] Throughput = 0.87419 Mbps
55445[UE 2 | RB 1] Throughput = 1.30912 Mbps
55545[UE 2 | RB 1] Throughput = 0.71810 Mbps
55645[UE 2 | RB 1] Throughput = 1.43228 Mbps
55755[UE 2 | RB 1] Throughput = 0.65415 Mbps
55865[UE 2 | RB 1] Throughput = 1.30884 Mbps
55975[UE 2 | RB 1] Throughput = 1.30883 Mbps
56075[UE 2 | RB 1] Throughput = 0.71755 Mbps
56175[UE 2 | RB 1] Throughput = 1.43755 Mbps
56285[UE 2 | RB 1] Throughput = 0.76293 Mbps
56386[UE 2 | RB 1] Throughput = 0.59715 Mbps
56495[UE 2 | RB 1] Throughput = 1.53163 Mbps
56595[UE 2 | RB 1] Throughput = 0.95824 Mbps
56695[UE 2 | RB 1] Throughput = 1.31741 Mbps
56796[UE 2 | RB 1] Throughput = 0.59665 Mbps
56896[UE 2 | RB 1] Throughput = 1.55579 Mbps
57006[UE 2 | RB 1] Throughput = 0.65489 Mbps
57116[UE 2 | RB 1] Throughput = 1.41637 Mbps
57225[UE 2 | RB 1] Throughput = 0.98230 Mbps
57335[UE 2 | RB 1] Throughput = 1.30729 Mbps
57435[UE 2 | RB 1] Throughput = 0.71902 Mbps
57536[UE 2 | RB 1] Throughput = 1.43697 Mbps
57645[UE 2 | RB 1] Throughput = 1.09145 Mbps
57755[UE 2 | RB 1] Throughput = 0.98069 Mbps
57865[UE 2 | RB 1] Throughput = 0.87257 Mbps
57965[UE 2 | RB 1] Throughput = 0.95580 Mbps
58075[UE 2 | RB 1] Throughput = 1.31480 Mbps
58175[UE 2 | RB 1] Throughput = 1.19447 Mbps
58275[UE 2 | RB 1] Throughput = 0.83675 Mbps
58385[UE 2 | RB 1] Throughput = 0.98301 Mbps
58485[UE 2 | RB 1] Throughput = 1.07672 Mbps
58586[UE 2 | RB 1] Throughput = 1.31227 Mbps
58695[UE 2 | RB 1] Throughput = 0.87458 Mbps
58806[UE 2 | RB 1] Throughput = 1.08767 Mbps
58906[UE 2 | RB 1] Throughput = 1.31728 Mbps
59006[UE 2 | RB 1] Throughput = 0.59793 Mbps
59116[UE 2 | RB 1] Throughput = 1.09259 Mbps
59216[UE 2 | RB 1] Throughput = 1.31507 Mbps
59325[UE 2 | RB 1] Throughput = 0.76470 Mbps
59426[UE 2 | RB 1] Throughput = 1.43228 Mbps
59536[UE 2 | RB 1] Throughput = 0.76368 Mbps
59646[UE 2 | RB 1] Throughput = 1.20062 Mbps
59746[UE 2 | RB 1] Throughput = 1.19524 Mbps
59855[UE 2 | RB 1] Throughput = 1.20459 Mbps
59956[UE 2 | RB 1] Throughput = 0.71634 Mbps
60056[UE 2 | RB 1] Throughput = 1.43752 Mbps
60156[UE 2 | RB 1] Throughput = 0.59884 Mbps
60256[UE 2 | RB 1] Throughput = 1.31740 Mbps
60366[UE 2 | RB 1] Throughput = 1.20051 Mbps
60466[UE 2 | RB 1] Throughput = 0.71841 Mbps
60566[UE 2 | RB 1] Throughput = 1.31781 Mbps
60676[UE 2 | RB 1] Throughput = 1.30591 Mbps
60786[UE 2 | RB 1] Throughput = 0.65326 Mbps
60886[UE 2 | RB 1] Throughput = 1.31708 Mbps
60996[UE 2 | RB 1] Throughput = 1.31276 Mbps
61096[UE 2 | RB 1] Throughput = 0.71496 Mbps
61206[UE 2 | RB 1] Throughput = 1.19992 Mbps
61306[UE 2 | RB 1] Throughput = 0.71892 Mbps
61416[UE 2 | RB 1] Throughput = 1.31011 Mbps
61526[UE 2 | RB 1] Throughput = 0.76244 Mbps
61626[UE 2 | RB 1] Throughput = 1.31270 Mbps
61735[UE 2 | RB 1] Throughput = 1.31580 Mbps
61836[UE 2 | RB 1] Throughput = 0.71628 Mbps
61945[UE 2 | RB 1] Throughput = 1.31276 Mbps
62046[UE 2 | RB 1] Throughput = 0.71640 Mbps
62156[UE 2 | RB 1] Throughput = 1.30606 Mbps
62266[UE 2 | RB 1] Throughput = 1.08936 Mbps
62375[UE 2 | RB 1] Throughput = 1.09570 Mbps
62476[UE 2 | RB 1] Throughput = 1.07339 Mbps
62586[UE 2 | RB 1] Throughput = 1.19835 Mbps
62686[UE 2 | RB 1] Throughput = 0.71821 Mbps
62796[UE 2 | RB 1] Throughput = 1.08997 Mbps
62896[UE 2 | RB 1] Throughput = 1.43418 Mbps
63006[UE 2 | RB 1] Throughput = 0.65393 Mbps
63115[UE 2 | RB 1] Throughput = 1.20484 Mbps
63216[UE 2 | RB 1] Throughput = 1.19249 Mbps
63316[UE 2 | RB 1] Throughput = 0.83558 Mbps
63426[UE 2 | RB 1] Throughput = 1.19939 Mbps
63536[UE 2 | RB 1] Throughput = 1.31224 Mbps
63646[UE 2 | RB 1] Throughput = 1.09167 Mbps
63746[UE 2 | RB 1] Throughput = 0.59806 Mbps
63846[UE 2 | RB 1] Throughput = 1.43637 Mbps
63946[UE 2 | RB 1] Throughput = 0.59657 Mbps
64056[UE 2 | RB 1] Throughput = 1.31495 Mbps
64166[UE 2 | RB 1] Throughput = 1.08988 Mbps
64266[UE 2 | RB 1] Throughput = 1.07736 Mbps
64366[UE 2 | RB 1] Throughput = 1.07678 Mbps
64476[UE 2 | RB 1] Throughput = 1.19747 Mbps
64586[UE 2 | RB 1] Throughput = 1.08593 Mbps
64696[UE 2 | RB 1] Throughput = 0.98562 Mbps
64796[UE 2 | RB 1] Throughput = 0.83615 Mbps
64906[UE 2 | RB 1] Throughput = 1.09239 Mbps
65016[UE 2 | RB 1] Throughput = 1.19974 Mbps
65116[UE 2 | RB 1] Throughput = 1.31807 Mbps
65226[UE 2 | RB 1] Throughput = 0.65498 Mbps
65326[UE 2 | RB 1] Throughput = 1.43432 Mbps
65426[UE 2 | RB 1] Throughput = 0.83681 Mbps
65536[UE 2 | RB 1] Throughput = 0.98356 Mbps
65636[UE 2 | RB 1] Throughput = 1.43316 Mbps
65746[UE 2 | RB 1] Throughput = 0.98215 Mbps
65856[UE 2 | RB 1] Throughput = 0.98319 Mbps
65956[UE 2 | RB 1] Throughput = 1.31352 Mbps
66066[UE 2 | RB 1] Throughput = 0.86859 Mbps
66166[UE 2 | RB 1] Throughput = 0.95817 Mbps
66276[UE 2 | RB 1] Throughput = 0.98462 Mbps
66386[UE 2 | RB 1] Throughput = 1.19664 Mbps
66487[UE 2 | RB 1] Throughput = 1.07224 Mbps
66596[UE 2 | RB 1] Throughput = 1.09617 Mbps
66696[UE 2 | RB 1] Throughput = 1.07832 Mbps
66806[UE 2 | RB 1] Throughput = 0.76321 Mbps
66906[UE 2 | RB 1] Throughput = 1.55170 Mbps
67016[UE 2 | RB 1] Throughput = 0.98543 Mbps
67116[UE 2 | RB 1] Throughput = 0.71744 Mbps
67219[UE 2 | RB 1] Throughput = 1.40244 Mbps
67326[UE 2 | RB 1] Throughput = 0.66941 Mbps
67428[UE 2 | RB 1] Throughput = 1.41436 Mbps
67536[UE 2 | RB 1] Throughput = 0.99471 Mbps
67646[UE 2 | RB 1] Throughput = 0.87241 Mbps
67746[UE 2 | RB 1] Throughput = 0.71802 Mbps
67846[UE 2 | RB 1] Throughput = 1.79396 Mbps
67947[UE 2 | RB 1] Throughput = 1.07611 Mbps
68056[UE 2 | RB 1] Throughput = 0.98665 Mbps
68156[UE 2 | RB 1] Throughput = 1.07466 Mbps
68266[UE 2 | RB 1] Throughput = 0.98117 Mbps
68367[UE 2 | RB 1] Throughput = 1.07370 Mbps
68476[UE 2 | RB 1] Throughput = 0.98835 Mbps
68576[UE 2 | RB 1] Throughput = 1.07581 Mbps
68676[UE 2 | RB 1] Throughput = 1.07785 Mbps
68776[UE 2 | RB 1] Throughput = 1.07804 Mbps
68887[UE 2 | RB 1] Throughput = 0.97516 Mbps
68996[UE 2 | RB 1] Throughput = 1.42556 Mbps
69106[UE 2 | RB 1] Throughput = 0.87118 Mbps
69206[UE 2 | RB 1] Throughput = 0.71825 Mbps
69317[UE 2 | RB 1] Throughput = 1.62674 Mbps
69426[UE 2 | RB 1] Throughput = 0.87443 Mbps
69536[UE 2 | RB 1] Throughput = 0.98578 Mbps
69636[UE 2 | RB 1] Throughput = 1.07249 Mbps
69746[UE 2 | RB 1] Throughput = 1.19779 Mbps
69847[UE 2 | RB 1] Throughput = 1.19545 Mbps
69956[UE 2 | RB 1] Throughput = 0.87570 Mbps
70066[UE 2 | RB 1] Throughput = 0.98308 Mbps
70166[UE 2 | RB 1] Throughput = 1.18990 Mbps
70276[UE 2 | RB 1] Throughput = 0.87226 Mbps
70386[UE 2 | RB 1] Throughput = 1.41624 Mbps
70496[UE 2 | RB 1] Throughput = 0.76267 Mbps
70597[UE 2 | RB 1] Throughput = 1.18968 Mbps
70706[UE 2 | RB 1] Throughput = 1.10148 Mbps
70806[UE 2 | RB 1] Throughput = 1.19686 Mbps
70916[UE 2 | RB 1] Throughput = 0.98059 Mbps
71016[UE 2 | RB 1] Throughput = 1.07631 Mbps
71126[UE 2 | RB 1] Throughput = 0.98298 Mbps
71227[UE 2 | RB 1] Throughput = 1.30801 Mbps
71336[UE 2 | RB 1] Throughput = 0.65842 Mbps
71436[UE 2 | RB 1] Throughput = 1.43497 Mbps
71536[UE 2 | RB 1] Throughput = 0.95792 Mbps
71646[UE 2 | RB 1] Throughput = 1.31284 Mbps
71747[UE 2 | RB 1] Throughput = 0.59420 Mbps
71850[UE 2 | RB 1] Throughput = 1.38439 Mbps
71956[UE 2 | RB 1] Throughput = 0.68295 Mbps
72056[UE 2 | RB 1] Throughput = 1.42862 Mbps
72157[UE 2 | RB 1] Throughput = 0.71761 Mbps
72266[UE 2 | RB 1] Throughput = 1.42280 Mbps
72366[UE 2 | RB 1] Throughput = 0.71865 Mbps
72467[UE 2 | RB 1] Throughput = 1.07340 Mbps
72576[UE 2 | RB 1] Throughput = 1.53411 Mbps
72676[UE 2 | RB 1] Throughput = 0.59814 Mbps
72786[UE 2 | RB 1] Throughput = 0.87100 Mbps
72897[UE 2 | RB 1] Throughput = 1.30405 Mbps
73006[UE 2 | RB 1] Throughput = 1.31243 Mbps
73116[UE 2 | RB 1] Throughput = 0.98269 Mbps
73216[UE 2 | RB 1] Throughput = 0.71751 Mbps
73316[UE 2 | RB 1] Throughput = 1.43465 Mbps
73426[UE 2 | RB 1] Throughput = 0.98163 Mbps
73536[UE 2 | RB 1] Throughput = 1.31011 Mbps
73646[UE 2 | RB 1] Throughput = 0.65283 Mbps
73757[UE 2 | RB 1] Throughput = 1.30109 Mbps
73866[UE 2 | RB 1] Throughput = 1.20277 Mbps
73966[UE 2 | RB 1] Throughput = 0.95789 Mbps
74066[UE 2 | RB 1] Throughput = 1.31724 Mbps
74166[UE 2 | RB 1] Throughput = 0.71882 Mbps
74266[UE 2 | RB 1] Throughput = 1.43753 Mbps
74367[UE 2 | RB 1] Throughput = 0.71862 Mbps
74467[UE 2 | RB 1] Throughput = 0.83859 Mbps
74576[UE 2 | RB 1] Throughput = 1.31555 Mbps
74676[UE 2 | RB 1] Throughput = 1.31392 Mbps
74776[UE 2 | RB 1] Throughput = 0.83861 Mbps
74876[UE 2 | RB 1] Throughput = 0.83724 Mbps
74986[UE 2 | RB 1] Throughput = 1.20114 Mbps
75087[UE 2 | RB 1] Throughput = 1.43255 Mbps
75197[UE 2 | RB 1] Throughput = 1.08956 Mbps
75297[UE 2 | RB 1] Throughput = 0.59824 Mbps
75408[UE 2 | RB 1] Throughput = 1.18831 Mbps
75516[UE 2 | RB 1] Throughput = 1.10487 Mbps
75617[UE 2 | RB 1] Throughput = 1.07439 Mbps
75726[UE 2 | RB 1] Throughput = 0.98173 Mbps
75827[UE 2 | RB 1] Throughput = 1.19137 Mbps
75936[UE 2 | RB 1] Throughput = 0.98628 Mbps
76037[UE 2 | RB 1] Throughput = 0.95639 Mbps
76147[UE 2 | RB 1] Throughput = 1.19650 Mbps
76257[UE 2 | RB 1] Throughput = 1.19853 Mbps
76367[UE 2 | RB 1] Throughput = 1.20066 Mbps
76476[UE 2 | RB 1] Throughput = 0.65501 Mbps
76577[UE 2 | RB 1] Throughput = 1.55297 Mbps
76686[UE 2 | RB 1] Throughput = 0.65543 Mbps
76797[UE 2 | RB 1] Throughput = 0.86815 Mbps
76907[UE 2 | RB 1] Throughput = 1.30967 Mbps
77016[UE 2 | RB 1] Throughput = 1.31160 Mbps
77117[UE 2 | RB 1] Throughput = 0.95403 Mbps
77227[UE 2 | RB 1] Throughput = 0.65417 Mbps
77336[UE 2 | RB 1] Throughput = 1.41866 Mbps
77436[UE 2 | RB 1] Throughput = 0.83870 Mbps
77537[UE 2 | RB 1] Throughput = 1.55713 Mbps
77637[UE 2 | RB 1] Throughput = 0.95845 Mbps
77746[UE 2 | RB 1] Throughput = 0.98348 Mbps
77846[UE 2 | RB 1] Throughput = 1.07713 Mbps
77946[UE 2 | RB 1] Throughput = 1.07708 Mbps
78057[UE 2 | RB 1] Throughput = 1.19743 Mbps
78166[UE 2 | RB 1] Throughput = 0.87479 Mbps
78266[UE 2 | RB 1] Throughput = 1.07712 Mbps
78367[UE 2 | RB 1] Throughput = 1.19470 Mbps
78467[UE 2 | RB 1] Throughput = 1.07825 Mbps
78577[UE 2 | RB 1] Throughput = 0.76110 Mbps
78686[UE 2 | RB 1] Throughput = 1.20731 Mbps
78786[UE 2 | RB 1] Throughput = 1.31468 Mbps
78896[UE 2 | RB 1] Throughput = 0.87061 Mbps
78997[UE 2 | RB 1] Throughput = 1.19575 Mbps
79107[UE 2 | RB 1] Throughput = 1.09076 Mbps
79216[UE 2 | RB 1] Throughput = 0.98225 Mbps
79316[UE 2 | RB 1] Throughput = 1.07708 Mbps
79417[UE 2 | RB 1] Throughput = 1.07430 Mbps
79526[UE 2 | RB 1] Throughput = 1.09480 Mbps
79636[UE 2 | RB 1] Throughput = 0.87049 Mbps
79737[UE 2 | RB 1] Throughput = 1.55686 Mbps
79837[UE 2 | RB 1] Throughput = 0.71782 Mbps
79937[UE 2 | RB 1] Throughput = 0.71813 Mbps
80048[UE 2 | RB 1] Throughput = 1.18687 Mbps
80156[UE 2 | RB 1] Throughput = 1.32478 Mbps
80266[UE 2 | RB 1] Throughput = 1.08941 Mbps
80367[UE 2 | RB 1] Throughput = 1.07762 Mbps
80467[UE 2 | RB 1] Throughput = 1.07734 Mbps
80577[UE 2 | RB 1] Throughput = 1.08902 Mbps
80677[UE 2 | RB 1] Throughput = 0.83774 Mbps
80787[UE 2 | RB 1] Throughput = 1.19813 Mbps
80887[UE 2 | RB 1] Throughput = 1.19686 Mbps
80997[UE 2 | RB 1] Throughput = 1.20073 Mbps
81097[UE 2 | RB 1] Throughput = 0.71644 Mbps
81207[UE 2 | RB 1] Throughput = 1.09124 Mbps
81316[UE 2 | RB 1] Throughput = 1.20347 Mbps
81417[UE 2 | RB 1] Throughput = 0.71892 Mbps
81517[UE 2 | RB 1] Throughput = 1.31634 Mbps
81617[UE 2 | RB 1] Throughput = 1.31636 Mbps
81727[UE 2 | RB 1] Throughput = 0.54549 Mbps
81827[UE 2 | RB 1] Throughput = 1.43468 Mbps
81927[UE 2 | RB 1] Throughput = 1.19572 Mbps
82036[UE 2 | RB 1] Throughput = 0.98650 Mbps
82137[UE 2 | RB 1] Throughput = 0.83486 Mbps
82247[UE 2 | RB 1] Throughput = 1.30583 Mbps
82356[UE 2 | RB 1] Throughput = 0.98573 Mbps
82466[UE 2 | RB 1] Throughput = 0.87206 Mbps
82567[UE 2 | RB 1] Throughput = 1.07397 Mbps
82667[UE 2 | RB 1] Throughput = 1.31456 Mbps
82777[UE 2 | RB 1] Throughput = 0.98320 Mbps
82877[UE 2 | RB 1] Throughput = 1.31501 Mbps
82987[UE 2 | RB 1] Throughput = 0.76145 Mbps
83097[UE 2 | RB 1] Throughput = 0.76629 Mbps
83197[UE 2 | RB 1] Throughput = 1.67680 Mbps
83297[UE 2 | RB 1] Throughput = 0.95465 Mbps
83407[UE 2 | RB 1] Throughput = 0.76155 Mbps
83517[UE 2 | RB 1] Throughput = 0.98603 Mbps
83617[UE 2 | RB 1] Throughput = 1.07722 Mbps
83728[UE 2 | RB 1] Throughput = 1.29731 Mbps
83837[UE 2 | RB 1] Throughput = 1.20738 Mbps
83937[UE 2 | RB 1] Throughput = 0.71632 Mbps
84047[UE 2 | RB 1] Throughput = 1.42014 Mbps
84147[UE 2 | RB 1] Throughput = 0.71754 Mbps
84257[UE 2 | RB 1] Throughput = 1.30713 Mbps
84357[UE 2 | RB 1] Throughput = 0.83816 Mbps
84467[UE 2 | RB 1] Throughput = 1.30793 Mbps
84577[UE 2 | RB 1] Throughput = 1.31018 Mbps
84677[UE 2 | RB 1] Throughput = 0.83873 Mbps
84787[UE 2 | RB 1] Throughput = 1.20102 Mbps
84897[UE 2 | RB 1] Throughput = 1.08874 Mbps
84997[UE 2 | RB 1] Throughput = 0.95770 Mbps
85107[UE 2 | RB 1] Throughput = 0.98244 Mbps
85217[UE 2 | RB 1] Throughput = 1.08830 Mbps
85327[UE 2 | RB 1] Throughput = 0.98140 Mbps
85437[UE 2 | RB 1] Throughput = 1.30820 Mbps
85537[UE 2 | RB 1] Throughput = 1.07147 Mbps
85649[UE 2 | RB 1] Throughput = 0.75437 Mbps
85757[UE 2 | RB 1] Throughput = 1.10348 Mbps
85867[UE 2 | RB 1] Throughput = 1.19829 Mbps
85977[UE 2 | RB 1] Throughput = 0.87423 Mbps
86077[UE 2 | RB 1] Throughput = 0.95476 Mbps
86187[UE 2 | RB 1] Throughput = 1.31230 Mbps
86287[UE 2 | RB 1] Throughput = 1.19575 Mbps
86397[UE 2 | RB 1] Throughput = 1.20046 Mbps
86497[UE 2 | RB 1] Throughput = 0.83729 Mbps
86607[UE 2 | RB 1] Throughput = 1.09068 Mbps
86707[UE 2 | RB 1] Throughput = 0.95748 Mbps
86807[UE 2 | RB 1] Throughput = 1.31379 Mbps
86917[UE 2 | RB 1] Throughput = 1.20043 Mbps
87027[UE 2 | RB 1] Throughput = 0.54621 Mbps
87137[UE 2 | RB 1] Throughput = 1.41657 Mbps
87237[UE 2 | RB 1] Throughput = 0.71801 Mbps
87347[UE 2 | RB 1] Throughput = 1.19759 Mbps
87447[UE 2 | RB 1] Throughput = 0.71738 Mbps
87557[UE 2 | RB 1] Throughput = 1.30731 Mbps
87667[UE 2 | RB 1] Throughput = 1.30792 Mbps
87777[UE 2 | RB 1] Throughput = 0.98270 Mbps
87887[UE 2 | RB 1] Throughput = 0.86933 Mbps
87997[UE 2 | RB 1] Throughput = 1.20349 Mbps
88097[UE 2 | RB 1] Throughput = 1.19473 Mbps
88197[UE 2 | RB 1] Throughput = 1.19817 Mbps
88297[UE 2 | RB 1] Throughput = 1.07841 Mbps
88397[UE 2 | RB 1] Throughput = 0.95837 Mbps
88507[UE 2 | RB 1] Throughput = 0.87462 Mbps
88607[UE 2 | RB 1] Throughput = 1.43522 Mbps
88707[UE 2 | RB 1] Throughput = 0.59747 Mbps
88817[UE 2 | RB 1] Throughput = 1.20358 Mbps
88927[UE 2 | RB 1] Throughput = 1.08858 Mbps
89027[UE 2 | RB 1] Throughput = 1.31149 Mbps
89137[UE 2 | RB 1] Throughput = 1.09507 Mbps
89247[UE 2 | RB 1] Throughput = 0.76223 Mbps
89347[UE 2 | RB 1] Throughput = 1.43405 Mbps
89457[UE 2 | RB 1] Throughput = 0.65312 Mbps
89567[UE 2 | RB 1] Throughput = 1.52492 Mbps
89667[UE 2 | RB 1] Throughput = 0.59857 Mbps
89777[UE 2 | RB 1] Throughput = 1.19840 Mbps
89878[UE 2 | RB 1] Throughput = 1.31644 Mbps
89987[UE 2 | RB 1] Throughput = 0.65499 Mbps
[xApp]: E42 RIC_SUBSCRIPTION_DELETE_REQUEST tx RAN_FUNC_ID 144 RIC_REQ_ID 1 
[xApp]: E42 SUBSCRIPTION DELETE RESPONSE rx
[xApp]: E42 RIC_SUBSCRIPTION_DELETE_REQUEST tx RAN_FUNC_ID 144 RIC_REQ_ID 2 
[xApp]: E42 SUBSCRIPTION DELETE RESPONSE rx
[xApp]: E42 RIC_SUBSCRIPTION_DELETE_REQUEST tx RAN_FUNC_ID 144 RIC_REQ_ID 3 
[xApp]: E42 SUBSCRIPTION DELETE RESPONSE rx
[xApp]: E42 RIC_SUBSCRIPTION_DELETE_REQUEST tx RAN_FUNC_ID 144 RIC_REQ_ID 4 
[xApp]: E42 SUBSCRIPTION DELETE RESPONSE rx
[xApp]: Sucessfully stopped 
Test xApp run SUCCESSFULLY
