[UTIL]: Setting the config -c file to /usr/local/etc/flexric/flexric.conf
[UTIL]: Setting path -p for the shared libraries to /usr/local/lib/flexric/
[xAapp]: Initializing ... 
[xApp]: nearRT-RIC IP Address = 192.168.70.150, PORT = 36422
[E2 AGENT]: Opening plugin from path = /usr/local/lib/flexric/libkpm_sm.so 
[E2 AGENT]: Opening plugin from path = /usr/local/lib/flexric/libmac_sm.so 
[E2 AGENT]: Opening plugin from path = /usr/local/lib/flexric/libpdcp_sm.so 
[E2 AGENT]: Opening plugin from path = /usr/local/lib/flexric/libgtp_sm.so 
[E2 AGENT]: Opening plugin from path = /usr/local/lib/flexric/librc_sm.so 
[E2 AGENT]: Opening plugin from path = /usr/local/lib/flexric/libtc_sm.so 
[E2 AGENT]: Opening plugin from path = /usr/local/lib/flexric/librlc_sm.so 
[E2 AGENT]: Opening plugin from path = /usr/local/lib/flexric/libslice_sm.so 
[NEAR-RIC]: Loading SM ID = 2 with def = ORAN-E2SM-KPM 
[NEAR-RIC]: Loading SM ID = 142 with def = MAC_STATS_V0 
[NEAR-RIC]: Loading SM ID = 144 with def = PDCP_STATS_V0 
[NEAR-RIC]: Loading SM ID = 148 with def = GTP_STATS_V0 
[NEAR-RIC]: Loading SM ID = 3 with def = ORAN-E2SM-RC 
[NEAR-RIC]: Loading SM ID = 146 with def = TC_STATS_V0 
[NEAR-RIC]: Loading SM ID = 143 with def = RLC_STATS_V0 
[NEAR-RIC]: Loading SM ID = 145 with def = SLICE_STATS_V0 
[xApp]: DB filename = /tmp/flexric/xapp_db 
 [xApp]: E42 SETUP-REQUEST tx
[xApp]: E42 SETUP-RESPONSE rx 
[xApp]: xApp ID = 32 
[xApp]: Registered E2 Nodes = 4 
Connected E2 nodes = 4
[xAPP] Registered node 0 ran func id = 2 
 [xAPP] Registered node 0 ran func id = 3 
 [xAPP] Registered node 0 ran func id = 142 
 [xAPP] Registered node 0 ran func id = 143 
 [xAPP] Registered node 0 ran func id = 144 
 [xAPP] Registered node 0 ran func id = 145 
 [xAPP] Registered node 0 ran func id = 146 
 [xAPP] Registered node 0 ran func id = 148 
 [xApp]: E42 RIC SUBSCRIPTION REQUEST tx RAN_FUNC_ID 144 RIC_REQ_ID 1 
[xApp]: SUBSCRIPTION RESPONSE rx
[xApp]: Successfully subscribed to RAN_FUNC_ID 144 
[xAPP] Registered node 1 ran func id = 2 
 [xAPP] Registered node 1 ran func id = 3 
 [xAPP] Registered node 1 ran func id = 142 
 [xAPP] Registered node 1 ran func id = 143 
 [xAPP] Registered node 1 ran func id = 144 
 [xAPP] Registered node 1 ran func id = 145 
 [xAPP] Registered node 1 ran func id = 146 
 [xAPP] Registered node 1 ran func id = 148 
 [xApp]: E42 RIC SUBSCRIPTION REQUEST tx RAN_FUNC_ID 144 RIC_REQ_ID 2 
[xApp]: SUBSCRIPTION RESPONSE rx
[xApp]: Successfully subscribed to RAN_FUNC_ID 144 
[xAPP] Registered node 2 ran func id = 2 
 [xAPP] Registered node 2 ran func id = 3 
 [xAPP] Registered node 2 ran func id = 142 
 [xAPP] Registered node 2 ran func id = 143 
 [xAPP] Registered node 2 ran func id = 144 
 [xAPP] Registered node 2 ran func id = 145 
 [xAPP] Registered node 2 ran func id = 146 
 [xAPP] Registered node 2 ran func id = 148 
 [xApp]: E42 RIC SUBSCRIPTION REQUEST tx RAN_FUNC_ID 144 RIC_REQ_ID 3 
[xApp]: SUBSCRIPTION RESPONSE rx
[xApp]: Successfully subscribed to RAN_FUNC_ID 144 
[xAPP] Registered node 3 ran func id = 2 
 [xAPP] Registered node 3 ran func id = 3 
 [xAPP] Registered node 3 ran func id = 142 
 [xAPP] Registered node 3 ran func id = 143 
 [xAPP] Registered node 3 ran func id = 144 
 [xAPP] Registered node 3 ran func id = 145 
 [xAPP] Registered node 3 ran func id = 146 
 [xAPP] Registered node 3 ran func id = 148 
 [xApp]: E42 RIC SUBSCRIPTION REQUEST tx RAN_FUNC_ID 144 RIC_REQ_ID 4 
[xApp]: SUBSCRIPTION RESPONSE rx
[xApp]: Successfully subscribed to RAN_FUNC_ID 144 
123[UE 2 | RB 1] Throughput = 1.08914 Mbps
223[UE 2 | RB 1] Throughput = 1.19680 Mbps
333[UE 2 | RB 1] Throughput = 0.65324 Mbps
433[UE 2 | RB 1] Throughput = 1.43467 Mbps
542[UE 2 | RB 1] Throughput = 0.98547 Mbps
653[UE 2 | RB 1] Throughput = 1.08684 Mbps
762[UE 2 | RB 1] Throughput = 1.20079 Mbps
872[UE 2 | RB 1] Throughput = 1.09041 Mbps
982[UE 2 | RB 1] Throughput = 1.09240 Mbps
1083[UE 2 | RB 1] Throughput = 0.59639 Mbps
1192[UE 2 | RB 1] Throughput = 1.30889 Mbps
1293[UE 2 | RB 1] Throughput = 0.95699 Mbps
1393[UE 2 | RB 1] Throughput = 1.19737 Mbps
1503[UE 2 | RB 1] Throughput = 1.30829 Mbps
1612[UE 2 | RB 1] Throughput = 0.98175 Mbps
1713[UE 2 | RB 1] Throughput = 0.95712 Mbps
1813[UE 2 | RB 1] Throughput = 1.07300 Mbps
1923[UE 2 | RB 1] Throughput = 0.98103 Mbps
2033[UE 2 | RB 1] Throughput = 0.87251 Mbps
2143[UE 2 | RB 1] Throughput = 1.31209 Mbps
2253[UE 2 | RB 1] Throughput = 0.76289 Mbps
2353[UE 2 | RB 1] Throughput = 1.43670 Mbps
2453[UE 2 | RB 1] Throughput = 0.95798 Mbps
2553[UE 2 | RB 1] Throughput = 1.07553 Mbps
2663[UE 2 | RB 1] Throughput = 1.31030 Mbps
2773[UE 2 | RB 1] Throughput = 0.54531 Mbps
2883[UE 2 | RB 1] Throughput = 1.30674 Mbps
2983[UE 2 | RB 1] Throughput = 1.43634 Mbps
3093[UE 2 | RB 1] Throughput = 0.87301 Mbps
3193[UE 2 | RB 1] Throughput = 0.95789 Mbps
3303[UE 2 | RB 1] Throughput = 0.97872 Mbps
3413[UE 2 | RB 1] Throughput = 0.98403 Mbps
3513[UE 2 | RB 1] Throughput = 1.07621 Mbps
3613[UE 2 | RB 1] Throughput = 0.71739 Mbps
3723[UE 2 | RB 1] Throughput = 1.74710 Mbps
3833[UE 2 | RB 1] Throughput = 0.65455 Mbps
3933[UE 2 | RB 1] Throughput = 1.43561 Mbps
4033[UE 2 | RB 1] Throughput = 0.71803 Mbps
4133[UE 2 | RB 1] Throughput = 1.55632 Mbps
4233[UE 2 | RB 1] Throughput = 0.71862 Mbps
4333[UE 2 | RB 1] Throughput = 1.19840 Mbps
4433[UE 2 | RB 1] Throughput = 1.31682 Mbps
4543[UE 2 | RB 1] Throughput = 0.54639 Mbps
4653[UE 2 | RB 1] Throughput = 1.19902 Mbps
4753[UE 2 | RB 1] Throughput = 1.31708 Mbps
4863[UE 2 | RB 1] Throughput = 1.20174 Mbps
4963[UE 2 | RB 1] Throughput = 0.83854 Mbps
5063[UE 2 | RB 1] Throughput = 1.31573 Mbps
5163[UE 2 | RB 1] Throughput = 0.71787 Mbps
5263[UE 2 | RB 1] Throughput = 1.31688 Mbps
5363[UE 2 | RB 1] Throughput = 0.59894 Mbps
5473[UE 2 | RB 1] Throughput = 1.31207 Mbps
5573[UE 2 | RB 1] Throughput = 0.71880 Mbps
5673[UE 2 | RB 1] Throughput = 1.67376 Mbps
5783[UE 2 | RB 1] Throughput = 0.76471 Mbps
5883[UE 2 | RB 1] Throughput = 0.95424 Mbps
5993[UE 2 | RB 1] Throughput = 1.52665 Mbps
6103[UE 2 | RB 1] Throughput = 0.65390 Mbps
6203[UE 2 | RB 1] Throughput = 1.43771 Mbps
6312[UE 2 | RB 1] Throughput = 0.87622 Mbps
6413[UE 2 | RB 1] Throughput = 0.71669 Mbps
6513[UE 2 | RB 1] Throughput = 1.43000 Mbps
6623[UE 2 | RB 1] Throughput = 1.20167 Mbps
6733[UE 2 | RB 1] Throughput = 0.98321 Mbps
6833[UE 2 | RB 1] Throughput = 1.19573 Mbps
6933[UE 2 | RB 1] Throughput = 0.83689 Mbps
7043[UE 2 | RB 1] Throughput = 1.30758 Mbps
7144[UE 2 | RB 1] Throughput = 0.71655 Mbps
7253[UE 2 | RB 1] Throughput = 0.87396 Mbps
7363[UE 2 | RB 1] Throughput = 1.31143 Mbps
7463[UE 2 | RB 1] Throughput = 1.43259 Mbps
7573[UE 2 | RB 1] Throughput = 0.76310 Mbps
7683[UE 2 | RB 1] Throughput = 1.20040 Mbps
7793[UE 2 | RB 1] Throughput = 1.30731 Mbps
7903[UE 2 | RB 1] Throughput = 0.76470 Mbps
8003[UE 2 | RB 1] Throughput = 0.95428 Mbps
8113[UE 2 | RB 1] Throughput = 1.30782 Mbps
8213[UE 2 | RB 1] Throughput = 0.95668 Mbps
8323[UE 2 | RB 1] Throughput = 0.76592 Mbps
8423[UE 2 | RB 1] Throughput = 0.83645 Mbps
8523[UE 2 | RB 1] Throughput = 1.79365 Mbps
8633[UE 2 | RB 1] Throughput = 1.09187 Mbps
8733[UE 2 | RB 1] Throughput = 1.07801 Mbps
8833[UE 2 | RB 1] Throughput = 0.95796 Mbps
8933[UE 2 | RB 1] Throughput = 1.07852 Mbps
9043[UE 2 | RB 1] Throughput = 0.98300 Mbps
9153[UE 2 | RB 1] Throughput = 0.65461 Mbps
9253[UE 2 | RB 1] Throughput = 1.67073 Mbps
9353[UE 2 | RB 1] Throughput = 0.95647 Mbps
9463[UE 2 | RB 1] Throughput = 1.19968 Mbps
9573[UE 2 | RB 1] Throughput = 0.87151 Mbps
9683[UE 2 | RB 1] Throughput = 0.76474 Mbps
9783[UE 2 | RB 1] Throughput = 1.43700 Mbps
9893[UE 2 | RB 1] Throughput = 0.76298 Mbps
9993[UE 2 | RB 1] Throughput = 0.95707 Mbps
10103[UE 2 | RB 1] Throughput = 1.41763 Mbps
10203[UE 2 | RB 1] Throughput = 0.83888 Mbps
10304[UE 2 | RB 1] Throughput = 1.43282 Mbps
10413[UE 2 | RB 1] Throughput = 0.87403 Mbps
10513[UE 2 | RB 1] Throughput = 1.43491 Mbps
10623[UE 2 | RB 1] Throughput = 0.98140 Mbps
10733[UE 2 | RB 1] Throughput = 0.65316 Mbps
10843[UE 2 | RB 1] Throughput = 0.87314 Mbps
10943[UE 2 | RB 1] Throughput = 1.67488 Mbps
11053[UE 2 | RB 1] Throughput = 0.98497 Mbps
11153[UE 2 | RB 1] Throughput = 0.83594 Mbps
11253[UE 2 | RB 1] Throughput = 0.95858 Mbps
11363[UE 2 | RB 1] Throughput = 1.52781 Mbps
11463[UE 2 | RB 1] Throughput = 1.07584 Mbps
11564[UE 2 | RB 1] Throughput = 0.95712 Mbps
11673[UE 2 | RB 1] Throughput = 0.76288 Mbps
11783[UE 2 | RB 1] Throughput = 1.31297 Mbps
11883[UE 2 | RB 1] Throughput = 0.95516 Mbps
11984[UE 2 | RB 1] Throughput = 1.43401 Mbps
12093[UE 2 | RB 1] Throughput = 0.76613 Mbps
12193[UE 2 | RB 1] Throughput = 0.95822 Mbps
12294[UE 2 | RB 1] Throughput = 0.95583 Mbps
12403[UE 2 | RB 1] Throughput = 1.52831 Mbps
12504[UE 2 | RB 1] Throughput = 0.95573 Mbps
12613[UE 2 | RB 1] Throughput = 1.19958 Mbps
12723[UE 2 | RB 1] Throughput = 0.65546 Mbps
12823[UE 2 | RB 1] Throughput = 0.95785 Mbps
12923[UE 2 | RB 1] Throughput = 1.55610 Mbps
13033[UE 2 | RB 1] Throughput = 0.65389 Mbps
13143[UE 2 | RB 1] Throughput = 1.52471 Mbps
13254[UE 2 | RB 1] Throughput = 0.87069 Mbps
13363[UE 2 | RB 1] Throughput = 0.87229 Mbps
13464[UE 2 | RB 1] Throughput = 1.43547 Mbps
13573[UE 2 | RB 1] Throughput = 0.98431 Mbps
13673[UE 2 | RB 1] Throughput = 0.83758 Mbps
13774[UE 2 | RB 1] Throughput = 1.43442 Mbps
13883[UE 2 | RB 1] Throughput = 0.87598 Mbps
13983[UE 2 | RB 1] Throughput = 0.95627 Mbps
14084[UE 2 | RB 1] Throughput = 1.43301 Mbps
14193[UE 2 | RB 1] Throughput = 0.87469 Mbps
14293[UE 2 | RB 1] Throughput = 0.95669 Mbps
14403[UE 2 | RB 1] Throughput = 0.87130 Mbps
14504[UE 2 | RB 1] Throughput = 1.07806 Mbps
14604[UE 2 | RB 1] Throughput = 1.55340 Mbps
14714[UE 2 | RB 1] Throughput = 0.87356 Mbps
14824[UE 2 | RB 1] Throughput = 0.97956 Mbps
14933[UE 2 | RB 1] Throughput = 1.42108 Mbps
15044[UE 2 | RB 1] Throughput = 0.76110 Mbps
15154[UE 2 | RB 1] Throughput = 0.87135 Mbps
15264[UE 2 | RB 1] Throughput = 1.52495 Mbps
15364[UE 2 | RB 1] Throughput = 0.95420 Mbps
15473[UE 2 | RB 1] Throughput = 0.87616 Mbps
15584[UE 2 | RB 1] Throughput = 1.30616 Mbps
15684[UE 2 | RB 1] Throughput = 0.83638 Mbps
15794[UE 2 | RB 1] Throughput = 0.87200 Mbps
15903[UE 2 | RB 1] Throughput = 1.53387 Mbps
16004[UE 2 | RB 1] Throughput = 0.71662 Mbps
16114[UE 2 | RB 1] Throughput = 1.30530 Mbps
16223[UE 2 | RB 1] Throughput = 0.65536 Mbps
16334[UE 2 | RB 1] Throughput = 1.52349 Mbps
16443[UE 2 | RB 1] Throughput = 0.87225 Mbps
16544[UE 2 | RB 1] Throughput = 0.71750 Mbps
16644[UE 2 | RB 1] Throughput = 1.55570 Mbps
16744[UE 2 | RB 1] Throughput = 0.71702 Mbps
16854[UE 2 | RB 1] Throughput = 1.42067 Mbps
16964[UE 2 | RB 1] Throughput = 1.19925 Mbps
17073[UE 2 | RB 1] Throughput = 0.76434 Mbps
17174[UE 2 | RB 1] Throughput = 1.31368 Mbps
17284[UE 2 | RB 1] Throughput = 0.76022 Mbps
17394[UE 2 | RB 1] Throughput = 1.31447 Mbps
17494[UE 2 | RB 1] Throughput = 1.31683 Mbps
17594[UE 2 | RB 1] Throughput = 0.71817 Mbps
17704[UE 2 | RB 1] Throughput = 1.30818 Mbps
17814[UE 2 | RB 1] Throughput = 0.65355 Mbps
17923[UE 2 | RB 1] Throughput = 1.31065 Mbps
18034[UE 2 | RB 1] Throughput = 1.08821 Mbps
18134[UE 2 | RB 1] Throughput = 1.19424 Mbps
18243[UE 2 | RB 1] Throughput = 0.87559 Mbps
18344[UE 2 | RB 1] Throughput = 1.31648 Mbps
18454[UE 2 | RB 1] Throughput = 0.54384 Mbps
18554[UE 2 | RB 1] Throughput = 1.43364 Mbps
18664[UE 2 | RB 1] Throughput = 1.31112 Mbps
18774[UE 2 | RB 1] Throughput = 0.87289 Mbps
18874[UE 2 | RB 1] Throughput = 1.07829 Mbps
18983[UE 2 | RB 1] Throughput = 0.87305 Mbps
19084[UE 2 | RB 1] Throughput = 1.43232 Mbps
19194[UE 2 | RB 1] Throughput = 0.65202 Mbps
19303[UE 2 | RB 1] Throughput = 1.20651 Mbps
19404[UE 2 | RB 1] Throughput = 1.07263 Mbps
19514[UE 2 | RB 1] Throughput = 1.30668 Mbps
19624[UE 2 | RB 1] Throughput = 0.76081 Mbps
19734[UE 2 | RB 1] Throughput = 1.20562 Mbps
19834[UE 2 | RB 1] Throughput = 1.07787 Mbps
19934[UE 2 | RB 1] Throughput = 1.31445 Mbps
20034[UE 2 | RB 1] Throughput = 0.71826 Mbps
20144[UE 2 | RB 1] Throughput = 0.65522 Mbps
20254[UE 2 | RB 1] Throughput = 0.98154 Mbps
20363[UE 2 | RB 1] Throughput = 1.63646 Mbps
20473[UE 2 | RB 1] Throughput = 0.76414 Mbps
20583[UE 2 | RB 1] Throughput = 1.41608 Mbps
20683[UE 2 | RB 1] Throughput = 0.71755 Mbps
20784[UE 2 | RB 1] Throughput = 1.07662 Mbps
20885[UE 2 | RB 1] Throughput = 1.41307 Mbps
20994[UE 2 | RB 1] Throughput = 1.32620 Mbps
21104[UE 2 | RB 1] Throughput = 0.65424 Mbps
21214[UE 2 | RB 1] Throughput = 0.76269 Mbps
21314[UE 2 | RB 1] Throughput = 1.67466 Mbps
21424[UE 2 | RB 1] Throughput = 0.76495 Mbps
21534[UE 2 | RB 1] Throughput = 1.30844 Mbps
21643[UE 2 | RB 1] Throughput = 0.65429 Mbps
21744[UE 2 | RB 1] Throughput = 1.55188 Mbps
21844[UE 2 | RB 1] Throughput = 0.83692 Mbps
21954[UE 2 | RB 1] Throughput = 0.87502 Mbps
22064[UE 2 | RB 1] Throughput = 1.30848 Mbps
22164[UE 2 | RB 1] Throughput = 0.95451 Mbps
22274[UE 2 | RB 1] Throughput = 1.30718 Mbps
22384[UE 2 | RB 1] Throughput = 0.87281 Mbps
22484[UE 2 | RB 1] Throughput = 1.43666 Mbps
22594[UE 2 | RB 1] Throughput = 1.09280 Mbps
22694[UE 2 | RB 1] Throughput = 0.59748 Mbps
22804[UE 2 | RB 1] Throughput = 1.30712 Mbps
22904[UE 2 | RB 1] Throughput = 1.07722 Mbps
23004[UE 2 | RB 1] Throughput = 1.07524 Mbps
23114[UE 2 | RB 1] Throughput = 0.98418 Mbps
23214[UE 2 | RB 1] Throughput = 1.43762 Mbps
23324[UE 2 | RB 1] Throughput = 0.65590 Mbps
23424[UE 2 | RB 1] Throughput = 1.43264 Mbps
23534[UE 2 | RB 1] Throughput = 0.65543 Mbps
23634[UE 2 | RB 1] Throughput = 1.43534 Mbps
23744[UE 2 | RB 1] Throughput = 0.76333 Mbps
23844[UE 2 | RB 1] Throughput = 1.43432 Mbps
23954[UE 2 | RB 1] Throughput = 0.65333 Mbps
24064[UE 2 | RB 1] Throughput = 1.42234 Mbps
24164[UE 2 | RB 1] Throughput = 0.95809 Mbps
24264[UE 2 | RB 1] Throughput = 1.07462 Mbps
24374[UE 2 | RB 1] Throughput = 1.20327 Mbps
24474[UE 2 | RB 1] Throughput = 1.07624 Mbps
24574[UE 2 | RB 1] Throughput = 0.83798 Mbps
24684[UE 2 | RB 1] Throughput = 1.30271 Mbps
24794[UE 2 | RB 1] Throughput = 0.65622 Mbps
24894[UE 2 | RB 1] Throughput = 1.43458 Mbps
25004[UE 2 | RB 1] Throughput = 1.20311 Mbps
25104[UE 2 | RB 1] Throughput = 0.71480 Mbps
25214[UE 2 | RB 1] Throughput = 1.31047 Mbps
25324[UE 2 | RB 1] Throughput = 0.65454 Mbps
25434[UE 2 | RB 1] Throughput = 1.08723 Mbps
25544[UE 2 | RB 1] Throughput = 1.30834 Mbps
25644[UE 2 | RB 1] Throughput = 1.31708 Mbps
25744[UE 2 | RB 1] Throughput = 1.07602 Mbps
25854[UE 2 | RB 1] Throughput = 1.09286 Mbps
25964[UE 2 | RB 1] Throughput = 0.65276 Mbps
26074[UE 2 | RB 1] Throughput = 0.76388 Mbps
26174[UE 2 | RB 1] Throughput = 1.79632 Mbps
26284[UE 2 | RB 1] Throughput = 0.65346 Mbps
26384[UE 2 | RB 1] Throughput = 1.43748 Mbps
26484[UE 2 | RB 1] Throughput = 0.95739 Mbps
26594[UE 2 | RB 1] Throughput = 1.30912 Mbps
26694[UE 2 | RB 1] Throughput = 0.71729 Mbps
26804[UE 2 | RB 1] Throughput = 1.30975 Mbps
26914[UE 2 | RB 1] Throughput = 0.98170 Mbps
27027[UE 2 | RB 1] Throughput = 1.06425 Mbps
27134[UE 2 | RB 1] Throughput = 1.11566 Mbps
27244[UE 2 | RB 1] Throughput = 1.20134 Mbps
27344[UE 2 | RB 1] Throughput = 0.83707 Mbps
27444[UE 2 | RB 1] Throughput = 1.07560 Mbps
27554[UE 2 | RB 1] Throughput = 0.87320 Mbps
27654[UE 2 | RB 1] Throughput = 1.43746 Mbps
27764[UE 2 | RB 1] Throughput = 0.98157 Mbps
27864[UE 2 | RB 1] Throughput = 1.07495 Mbps
27974[UE 2 | RB 1] Throughput = 1.09295 Mbps
28074[UE 2 | RB 1] Throughput = 0.71903 Mbps
28174[UE 2 | RB 1] Throughput = 1.43571 Mbps
28274[UE 2 | RB 1] Throughput = 0.71816 Mbps
28384[UE 2 | RB 1] Throughput = 1.52424 Mbps
28485[UE 2 | RB 1] Throughput = 0.95675 Mbps
28594[UE 2 | RB 1] Throughput = 1.09261 Mbps
28705[UE 2 | RB 1] Throughput = 0.65117 Mbps
28814[UE 2 | RB 1] Throughput = 1.42129 Mbps
28914[UE 2 | RB 1] Throughput = 0.95824 Mbps
29014[UE 2 | RB 1] Throughput = 1.19811 Mbps
29124[UE 2 | RB 1] Throughput = 0.98093 Mbps
29235[UE 2 | RB 1] Throughput = 1.08694 Mbps
29344[UE 2 | RB 1] Throughput = 1.20128 Mbps
29445[UE 2 | RB 1] Throughput = 0.71678 Mbps
29554[UE 2 | RB 1] Throughput = 0.98203 Mbps
29664[UE 2 | RB 1] Throughput = 1.30905 Mbps
29765[UE 2 | RB 1] Throughput = 1.31390 Mbps
29874[UE 2 | RB 1] Throughput = 0.76500 Mbps
29984[UE 2 | RB 1] Throughput = 1.19575 Mbps
30094[UE 2 | RB 1] Throughput = 1.09112 Mbps
30194[UE 2 | RB 1] Throughput = 0.71825 Mbps
30295[UE 2 | RB 1] Throughput = 0.71577 Mbps
30404[UE 2 | RB 1] Throughput = 1.53265 Mbps
30505[UE 2 | RB 1] Throughput = 1.31573 Mbps
30614[UE 2 | RB 1] Throughput = 0.98234 Mbps
30715[UE 2 | RB 1] Throughput = 0.71656 Mbps
30815[UE 2 | RB 1] Throughput = 1.19748 Mbps
30925[UE 2 | RB 1] Throughput = 1.20112 Mbps
31034[UE 2 | RB 1] Throughput = 0.65646 Mbps
31144[UE 2 | RB 1] Throughput = 1.52722 Mbps
31244[UE 2 | RB 1] Throughput = 1.31244 Mbps
31344[UE 2 | RB 1] Throughput = 0.59886 Mbps
31444[UE 2 | RB 1] Throughput = 1.43713 Mbps
31554[UE 2 | RB 1] Throughput = 1.09074 Mbps
31654[UE 2 | RB 1] Throughput = 0.83871 Mbps
31764[UE 2 | RB 1] Throughput = 0.98095 Mbps
31874[UE 2 | RB 1] Throughput = 1.31228 Mbps
31974[UE 2 | RB 1] Throughput = 0.71548 Mbps
32075[UE 2 | RB 1] Throughput = 1.31640 Mbps
32184[UE 2 | RB 1] Throughput = 1.09107 Mbps
32294[UE 2 | RB 1] Throughput = 0.98185 Mbps
32394[UE 2 | RB 1] Throughput = 1.19635 Mbps
32504[UE 2 | RB 1] Throughput = 0.76359 Mbps
32614[UE 2 | RB 1] Throughput = 0.76284 Mbps
32714[UE 2 | RB 1] Throughput = 1.55675 Mbps
32824[UE 2 | RB 1] Throughput = 1.09056 Mbps
32924[UE 2 | RB 1] Throughput = 0.83757 Mbps
33024[UE 2 | RB 1] Throughput = 1.31733 Mbps
33134[UE 2 | RB 1] Throughput = 1.19883 Mbps
33244[UE 2 | RB 1] Throughput = 0.54466 Mbps
33344[UE 2 | RB 1] Throughput = 1.31683 Mbps
33445[UE 2 | RB 1] Throughput = 1.31790 Mbps
33554[UE 2 | RB 1] Throughput = 0.98112 Mbps
33655[UE 2 | RB 1] Throughput = 1.31730 Mbps
33765[UE 2 | RB 1] Throughput = 1.19835 Mbps
33865[UE 2 | RB 1] Throughput = 0.71818 Mbps
33974[UE 2 | RB 1] Throughput = 1.09321 Mbps
34074[UE 2 | RB 1] Throughput = 1.07756 Mbps
34175[UE 2 | RB 1] Throughput = 1.07560 Mbps
34284[UE 2 | RB 1] Throughput = 1.19995 Mbps
34385[UE 2 | RB 1] Throughput = 0.71836 Mbps
34494[UE 2 | RB 1] Throughput = 1.19995 Mbps
34604[UE 2 | RB 1] Throughput = 1.19783 Mbps
34714[UE 2 | RB 1] Throughput = 0.76361 Mbps
34824[UE 2 | RB 1] Throughput = 1.20180 Mbps
34924[UE 2 | RB 1] Throughput = 1.19336 Mbps
35034[UE 2 | RB 1] Throughput = 0.98283 Mbps
35134[UE 2 | RB 1] Throughput = 0.95839 Mbps
35234[UE 2 | RB 1] Throughput = 1.43781 Mbps
35335[UE 2 | RB 1] Throughput = 0.59728 Mbps
35435[UE 2 | RB 1] Throughput = 1.31670 Mbps
35535[UE 2 | RB 1] Throughput = 1.07830 Mbps
35635[UE 2 | RB 1] Throughput = 1.07668 Mbps
35744[UE 2 | RB 1] Throughput = 0.87754 Mbps
35844[UE 2 | RB 1] Throughput = 1.43349 Mbps
35955[UE 2 | RB 1] Throughput = 0.65235 Mbps
36064[UE 2 | RB 1] Throughput = 1.30974 Mbps
36165[UE 2 | RB 1] Throughput = 1.31715 Mbps
36275[UE 2 | RB 1] Throughput = 0.65279 Mbps
36384[UE 2 | RB 1] Throughput = 1.31449 Mbps
36485[UE 2 | RB 1] Throughput = 0.71278 Mbps
36594[UE 2 | RB 1] Throughput = 1.64511 Mbps
36695[UE 2 | RB 1] Throughput = 0.71403 Mbps
36805[UE 2 | RB 1] Throughput = 1.19643 Mbps
36905[UE 2 | RB 1] Throughput = 0.71745 Mbps
37014[UE 2 | RB 1] Throughput = 1.42821 Mbps
37115[UE 2 | RB 1] Throughput = 1.07768 Mbps
37215[UE 2 | RB 1] Throughput = 0.71748 Mbps
37324[UE 2 | RB 1] Throughput = 1.31139 Mbps
37424[UE 2 | RB 1] Throughput = 0.71870 Mbps
37525[UE 2 | RB 1] Throughput = 0.95776 Mbps
37625[UE 2 | RB 1] Throughput = 1.55599 Mbps
37725[UE 2 | RB 1] Throughput = 0.83647 Mbps
37835[UE 2 | RB 1] Throughput = 1.30958 Mbps
37945[UE 2 | RB 1] Throughput = 0.65492 Mbps
38045[UE 2 | RB 1] Throughput = 1.43522 Mbps
38155[UE 2 | RB 1] Throughput = 0.65407 Mbps
38255[UE 2 | RB 1] Throughput = 1.67622 Mbps
38355[UE 2 | RB 1] Throughput = 0.71732 Mbps
38465[UE 2 | RB 1] Throughput = 1.30787 Mbps
38574[UE 2 | RB 1] Throughput = 1.20425 Mbps
38675[UE 2 | RB 1] Throughput = 0.71695 Mbps
38785[UE 2 | RB 1] Throughput = 1.08662 Mbps
38885[UE 2 | RB 1] Throughput = 1.31748 Mbps
38995[UE 2 | RB 1] Throughput = 1.09222 Mbps
39105[UE 2 | RB 1] Throughput = 0.76262 Mbps
39205[UE 2 | RB 1] Throughput = 1.31130 Mbps
39315[UE 2 | RB 1] Throughput = 0.65672 Mbps
39425[UE 2 | RB 1] Throughput = 1.19518 Mbps
39535[UE 2 | RB 1] Throughput = 1.31414 Mbps
39645[UE 2 | RB 1] Throughput = 0.65126 Mbps
39754[UE 2 | RB 1] Throughput = 1.42245 Mbps
39855[UE 2 | RB 1] Throughput = 1.19710 Mbps
39955[UE 2 | RB 1] Throughput = 0.71866 Mbps
40055[UE 2 | RB 1] Throughput = 1.31631 Mbps
40165[UE 2 | RB 1] Throughput = 0.97805 Mbps
40275[UE 2 | RB 1] Throughput = 0.98423 Mbps
40375[UE 2 | RB 1] Throughput = 1.43694 Mbps
40485[UE 2 | RB 1] Throughput = 0.76178 Mbps
40595[UE 2 | RB 1] Throughput = 1.30606 Mbps
40705[UE 2 | RB 1] Throughput = 1.20012 Mbps
40814[UE 2 | RB 1] Throughput = 0.98365 Mbps
40915[UE 2 | RB 1] Throughput = 0.95811 Mbps
41015[UE 2 | RB 1] Throughput = 1.19402 Mbps
41125[UE 2 | RB 1] Throughput = 0.65393 Mbps
41225[UE 2 | RB 1] Throughput = 1.43657 Mbps
41325[UE 2 | RB 1] Throughput = 1.07705 Mbps
41435[UE 2 | RB 1] Throughput = 0.76540 Mbps
41535[UE 2 | RB 1] Throughput = 1.31407 Mbps
41645[UE 2 | RB 1] Throughput = 1.09292 Mbps
41745[UE 2 | RB 1] Throughput = 0.95467 Mbps
41855[UE 2 | RB 1] Throughput = 1.20429 Mbps
41955[UE 2 | RB 1] Throughput = 1.07200 Mbps
42065[UE 2 | RB 1] Throughput = 0.98611 Mbps
42165[UE 2 | RB 1] Throughput = 0.71475 Mbps
42275[UE 2 | RB 1] Throughput = 1.31041 Mbps
42375[UE 2 | RB 1] Throughput = 1.31565 Mbps
42475[UE 2 | RB 1] Throughput = 1.07853 Mbps
42575[UE 2 | RB 1] Throughput = 1.07607 Mbps
42685[UE 2 | RB 1] Throughput = 1.20007 Mbps
42794[UE 2 | RB 1] Throughput = 0.54801 Mbps
42895[UE 2 | RB 1] Throughput = 1.43175 Mbps
42995[UE 2 | RB 1] Throughput = 0.95784 Mbps
43095[UE 2 | RB 1] Throughput = 1.07517 Mbps
43205[UE 2 | RB 1] Throughput = 0.97930 Mbps
43315[UE 2 | RB 1] Throughput = 1.31287 Mbps
43415[UE 2 | RB 1] Throughput = 0.71805 Mbps
43515[UE 2 | RB 1] Throughput = 1.31470 Mbps
43625[UE 2 | RB 1] Throughput = 1.20571 Mbps
43725[UE 2 | RB 1] Throughput = 0.95591 Mbps
43825[UE 2 | RB 1] Throughput = 1.19812 Mbps
43925[UE 2 | RB 1] Throughput = 0.83711 Mbps
44025[UE 2 | RB 1] Throughput = 1.07704 Mbps
44135[UE 2 | RB 1] Throughput = 1.09142 Mbps
44245[UE 2 | RB 1] Throughput = 0.87156 Mbps
44345[UE 2 | RB 1] Throughput = 1.19731 Mbps
44455[UE 2 | RB 1] Throughput = 1.20038 Mbps
44565[UE 2 | RB 1] Throughput = 0.76359 Mbps
44665[UE 2 | RB 1] Throughput = 1.43477 Mbps
44775[UE 2 | RB 1] Throughput = 0.97936 Mbps
44885[UE 2 | RB 1] Throughput = 1.08941 Mbps
44985[UE 2 | RB 1] Throughput = 1.19714 Mbps
45095[UE 2 | RB 1] Throughput = 1.09108 Mbps
45205[UE 2 | RB 1] Throughput = 0.97981 Mbps
45315[UE 2 | RB 1] Throughput = 0.98123 Mbps
45415[UE 2 | RB 1] Throughput = 1.07726 Mbps
45525[UE 2 | RB 1] Throughput = 1.09039 Mbps
45635[UE 2 | RB 1] Throughput = 1.09034 Mbps
45735[UE 2 | RB 1] Throughput = 1.07770 Mbps
45835[UE 2 | RB 1] Throughput = 0.83815 Mbps
45945[UE 2 | RB 1] Throughput = 1.19910 Mbps
46055[UE 2 | RB 1] Throughput = 1.09094 Mbps
46165[UE 2 | RB 1] Throughput = 1.19841 Mbps
46265[UE 2 | RB 1] Throughput = 0.71891 Mbps
46365[UE 2 | RB 1] Throughput = 1.31787 Mbps
46465[UE 2 | RB 1] Throughput = 1.31724 Mbps
46575[UE 2 | RB 1] Throughput = 0.65500 Mbps
46675[UE 2 | RB 1] Throughput = 1.31581 Mbps
46785[UE 2 | RB 1] Throughput = 0.76214 Mbps
46895[UE 2 | RB 1] Throughput = 1.31173 Mbps
47005[UE 2 | RB 1] Throughput = 1.31032 Mbps
47105[UE 2 | RB 1] Throughput = 0.71424 Mbps
47215[UE 2 | RB 1] Throughput = 1.20081 Mbps
47325[UE 2 | RB 1] Throughput = 1.09013 Mbps
47435[UE 2 | RB 1] Throughput = 1.19704 Mbps
47545[UE 2 | RB 1] Throughput = 0.98195 Mbps
47645[UE 2 | RB 1] Throughput = 0.95710 Mbps
47755[UE 2 | RB 1] Throughput = 0.98055 Mbps
47855[UE 2 | RB 1] Throughput = 1.07659 Mbps
47965[UE 2 | RB 1] Throughput = 1.31045 Mbps
48065[UE 2 | RB 1] Throughput = 0.71694 Mbps
48175[UE 2 | RB 1] Throughput = 1.30923 Mbps
48276[UE 2 | RB 1] Throughput = 1.19585 Mbps
48385[UE 2 | RB 1] Throughput = 0.98387 Mbps
48485[UE 2 | RB 1] Throughput = 1.07756 Mbps
48585[UE 2 | RB 1] Throughput = 0.95675 Mbps
48695[UE 2 | RB 1] Throughput = 1.09052 Mbps
48796[UE 2 | RB 1] Throughput = 1.07636 Mbps
48896[UE 2 | RB 1] Throughput = 1.07825 Mbps
48996[UE 2 | RB 1] Throughput = 1.07702 Mbps
49106[UE 2 | RB 1] Throughput = 1.19871 Mbps
49215[UE 2 | RB 1] Throughput = 0.54634 Mbps
49316[UE 2 | RB 1] Throughput = 1.31250 Mbps
49425[UE 2 | RB 1] Throughput = 1.31181 Mbps
49535[UE 2 | RB 1] Throughput = 1.09293 Mbps
49635[UE 2 | RB 1] Throughput = 0.71750 Mbps
49735[UE 2 | RB 1] Throughput = 1.19584 Mbps
49846[UE 2 | RB 1] Throughput = 1.08843 Mbps
49955[UE 2 | RB 1] Throughput = 1.31000 Mbps
50055[UE 2 | RB 1] Throughput = 0.71851 Mbps
50156[UE 2 | RB 1] Throughput = 1.31686 Mbps
50256[UE 2 | RB 1] Throughput = 0.71874 Mbps
50365[UE 2 | RB 1] Throughput = 1.20033 Mbps
50475[UE 2 | RB 1] Throughput = 1.20004 Mbps
50585[UE 2 | RB 1] Throughput = 1.19813 Mbps
50685[UE 2 | RB 1] Throughput = 0.83808 Mbps
50796[UE 2 | RB 1] Throughput = 1.08826 Mbps
50905[UE 2 | RB 1] Throughput = 1.30931 Mbps
51006[UE 2 | RB 1] Throughput = 0.71749 Mbps
51106[UE 2 | RB 1] Throughput = 1.31741 Mbps
51215[UE 2 | RB 1] Throughput = 0.98310 Mbps
51316[UE 2 | RB 1] Throughput = 0.71753 Mbps
51416[UE 2 | RB 1] Throughput = 1.55664 Mbps
51516[UE 2 | RB 1] Throughput = 0.71734 Mbps
51626[UE 2 | RB 1] Throughput = 0.87427 Mbps
51726[UE 2 | RB 1] Throughput = 1.55534 Mbps
51826[UE 2 | RB 1] Throughput = 0.83779 Mbps
51936[UE 2 | RB 1] Throughput = 1.30482 Mbps
52046[UE 2 | RB 1] Throughput = 0.98359 Mbps
52146[UE 2 | RB 1] Throughput = 0.95405 Mbps
52255[UE 2 | RB 1] Throughput = 1.09664 Mbps
52356[UE 2 | RB 1] Throughput = 1.19780 Mbps
52456[UE 2 | RB 1] Throughput = 0.83791 Mbps
52565[UE 2 | RB 1] Throughput = 1.30901 Mbps
52676[UE 2 | RB 1] Throughput = 0.87026 Mbps
52776[UE 2 | RB 1] Throughput = 0.71821 Mbps
52886[UE 2 | RB 1] Throughput = 1.30664 Mbps
52996[UE 2 | RB 1] Throughput = 0.87314 Mbps
53106[UE 2 | RB 1] Throughput = 1.30635 Mbps
53215[UE 2 | RB 1] Throughput = 1.31102 Mbps
53326[UE 2 | RB 1] Throughput = 1.19456 Mbps
53426[UE 2 | RB 1] Throughput = 0.59831 Mbps
53535[UE 2 | RB 1] Throughput = 1.42424 Mbps
53636[UE 2 | RB 1] Throughput = 0.83565 Mbps
53746[UE 2 | RB 1] Throughput = 1.30815 Mbps
53855[UE 2 | RB 1] Throughput = 0.65475 Mbps
53955[UE 2 | RB 1] Throughput = 1.43752 Mbps
54065[UE 2 | RB 1] Throughput = 0.76465 Mbps
54165[UE 2 | RB 1] Throughput = 1.31742 Mbps
54265[UE 2 | RB 1] Throughput = 1.07585 Mbps
54366[UE 2 | RB 1] Throughput = 0.71715 Mbps
54476[UE 2 | RB 1] Throughput = 1.30924 Mbps
54586[UE 2 | RB 1] Throughput = 1.30674 Mbps
54695[UE 2 | RB 1] Throughput = 0.54610 Mbps
54795[UE 2 | RB 1] Throughput = 1.31696 Mbps
54905[UE 2 | RB 1] Throughput = 1.08953 Mbps
55005[UE 2 | RB 1] Throughput = 1.07827 Mbps
55106[UE 2 | RB 1] Throughput = 1.31581 Mbps
55206[UE 2 | RB 1] Throughput = 0.59752 Mbps
55316[UE 2 | RB 1] Throughput = 1.31032 Mbps
55425[UE 2 | RB 1] Throughput = 1.09471 Mbps
55526[UE 2 | RB 1] Throughput = 1.07496 Mbps
55626[UE 2 | RB 1] Throughput = 1.07853 Mbps
55726[UE 2 | RB 1] Throughput = 1.07750 Mbps
55836[UE 2 | RB 1] Throughput = 1.19902 Mbps
55936[UE 2 | RB 1] Throughput = 0.95592 Mbps
56046[UE 2 | RB 1] Throughput = 1.19885 Mbps
56155[UE 2 | RB 1] Throughput = 0.65546 Mbps
56256[UE 2 | RB 1] Throughput = 1.31499 Mbps
56356[UE 2 | RB 1] Throughput = 0.71814 Mbps
56466[UE 2 | RB 1] Throughput = 1.30962 Mbps
56566[UE 2 | RB 1] Throughput = 1.31428 Mbps
56676[UE 2 | RB 1] Throughput = 1.09152 Mbps
56786[UE 2 | RB 1] Throughput = 1.09146 Mbps
56896[UE 2 | RB 1] Throughput = 0.54462 Mbps
57006[UE 2 | RB 1] Throughput = 1.30557 Mbps
57106[UE 2 | RB 1] Throughput = 0.95838 Mbps
57207[UE 2 | RB 1] Throughput = 1.18929 Mbps
57316[UE 2 | RB 1] Throughput = 1.42788 Mbps
57426[UE 2 | RB 1] Throughput = 0.65391 Mbps
57526[UE 2 | RB 1] Throughput = 1.19518 Mbps
57626[UE 2 | RB 1] Throughput = 1.19674 Mbps
57736[UE 2 | RB 1] Throughput = 1.08989 Mbps
57845[UE 2 | RB 1] Throughput = 0.98531 Mbps
57946[UE 2 | RB 1] Throughput = 1.07348 Mbps
58056[UE 2 | RB 1] Throughput = 1.19831 Mbps
58166[UE 2 | RB 1] Throughput = 1.08964 Mbps
58276[UE 2 | RB 1] Throughput = 0.76274 Mbps
58376[UE 2 | RB 1] Throughput = 1.43748 Mbps
58486[UE 2 | RB 1] Throughput = 0.65419 Mbps
58596[UE 2 | RB 1] Throughput = 1.20036 Mbps
58696[UE 2 | RB 1] Throughput = 1.19778 Mbps
58796[UE 2 | RB 1] Throughput = 0.71876 Mbps
58896[UE 2 | RB 1] Throughput = 1.31448 Mbps
59006[UE 2 | RB 1] Throughput = 1.19908 Mbps
59106[UE 2 | RB 1] Throughput = 0.83780 Mbps
59216[UE 2 | RB 1] Throughput = 0.87115 Mbps
59326[UE 2 | RB 1] Throughput = 1.20153 Mbps
59426[UE 2 | RB 1] Throughput = 1.43667 Mbps
59536[UE 2 | RB 1] Throughput = 0.87191 Mbps
59636[UE 2 | RB 1] Throughput = 0.83716 Mbps
59746[UE 2 | RB 1] Throughput = 1.09163 Mbps
59856[UE 2 | RB 1] Throughput = 1.52290 Mbps
59966[UE 2 | RB 1] Throughput = 0.87165 Mbps
60076[UE 2 | RB 1] Throughput = 0.76240 Mbps
60186[UE 2 | RB 1] Throughput = 0.98279 Mbps
60296[UE 2 | RB 1] Throughput = 1.30755 Mbps
60396[UE 2 | RB 1] Throughput = 0.71672 Mbps
60506[UE 2 | RB 1] Throughput = 1.52945 Mbps
60606[UE 2 | RB 1] Throughput = 0.71731 Mbps
60716[UE 2 | RB 1] Throughput = 1.30754 Mbps
60826[UE 2 | RB 1] Throughput = 1.08909 Mbps
60936[UE 2 | RB 1] Throughput = 1.30757 Mbps
61046[UE 2 | RB 1] Throughput = 0.65526 Mbps
61146[UE 2 | RB 1] Throughput = 1.43294 Mbps
61256[UE 2 | RB 1] Throughput = 0.65656 Mbps
61356[UE 2 | RB 1] Throughput = 1.43534 Mbps
61456[UE 2 | RB 1] Throughput = 0.71693 Mbps
61566[UE 2 | RB 1] Throughput = 1.30749 Mbps
61676[UE 2 | RB 1] Throughput = 1.31245 Mbps
61776[UE 2 | RB 1] Throughput = 0.71681 Mbps
61876[UE 2 | RB 1] Throughput = 1.31654 Mbps
61985[UE 2 | RB 1] Throughput = 0.98706 Mbps
62086[UE 2 | RB 1] Throughput = 0.71433 Mbps
62196[UE 2 | RB 1] Throughput = 1.09375 Mbps
62296[UE 2 | RB 1] Throughput = 1.43408 Mbps
62396[UE 2 | RB 1] Throughput = 1.19768 Mbps
62496[UE 2 | RB 1] Throughput = 0.95513 Mbps
62606[UE 2 | RB 1] Throughput = 0.98628 Mbps
62706[UE 2 | RB 1] Throughput = 0.95655 Mbps
62806[UE 2 | RB 1] Throughput = 1.07726 Mbps
62906[UE 2 | RB 1] Throughput = 1.31794 Mbps
63016[UE 2 | RB 1] Throughput = 0.76290 Mbps
63126[UE 2 | RB 1] Throughput = 1.19892 Mbps
63236[UE 2 | RB 1] Throughput = 1.09256 Mbps
63336[UE 2 | RB 1] Throughput = 1.19570 Mbps
63436[UE 2 | RB 1] Throughput = 0.95794 Mbps
63546[UE 2 | RB 1] Throughput = 1.08961 Mbps
63646[UE 2 | RB 1] Throughput = 0.95714 Mbps
63756[UE 2 | RB 1] Throughput = 1.20167 Mbps
63856[UE 2 | RB 1] Throughput = 0.59857 Mbps
63966[UE 2 | RB 1] Throughput = 1.31067 Mbps
64066[UE 2 | RB 1] Throughput = 1.43199 Mbps
64176[UE 2 | RB 1] Throughput = 0.65522 Mbps
64276[UE 2 | RB 1] Throughput = 1.43538 Mbps
64377[UE 2 | RB 1] Throughput = 0.59604 Mbps
64486[UE 2 | RB 1] Throughput = 1.31244 Mbps
64596[UE 2 | RB 1] Throughput = 1.30894 Mbps
64696[UE 2 | RB 1] Throughput = 0.95842 Mbps
64806[UE 2 | RB 1] Throughput = 1.09046 Mbps
64906[UE 2 | RB 1] Throughput = 0.71870 Mbps
65016[UE 2 | RB 1] Throughput = 1.30730 Mbps
65116[UE 2 | RB 1] Throughput = 0.95633 Mbps
65216[UE 2 | RB 1] Throughput = 1.07830 Mbps
65316[UE 2 | RB 1] Throughput = 1.19809 Mbps
65416[UE 2 | RB 1] Throughput = 1.19798 Mbps
65526[UE 2 | RB 1] Throughput = 0.76486 Mbps
65626[UE 2 | RB 1] Throughput = 1.43351 Mbps
65727[UE 2 | RB 1] Throughput = 0.59803 Mbps
65837[UE 2 | RB 1] Throughput = 1.19849 Mbps
65941[UE 2 | RB 1] Throughput = 1.37343 Mbps
66046[UE 2 | RB 1] Throughput = 0.68432 Mbps
66156[UE 2 | RB 1] Throughput = 1.30787 Mbps
66257[UE 2 | RB 1] Throughput = 0.71640 Mbps
66366[UE 2 | RB 1] Throughput = 1.41829 Mbps
66476[UE 2 | RB 1] Throughput = 0.65466 Mbps
66586[UE 2 | RB 1] Throughput = 1.41572 Mbps
66696[UE 2 | RB 1] Throughput = 1.19893 Mbps
66806[UE 2 | RB 1] Throughput = 0.65506 Mbps
66906[UE 2 | RB 1] Throughput = 1.31699 Mbps
67016[UE 2 | RB 1] Throughput = 0.97763 Mbps
67126[UE 2 | RB 1] Throughput = 1.20011 Mbps
67226[UE 2 | RB 1] Throughput = 0.83867 Mbps
67336[UE 2 | RB 1] Throughput = 1.52569 Mbps
67446[UE 2 | RB 1] Throughput = 0.87209 Mbps
67546[UE 2 | RB 1] Throughput = 0.83859 Mbps
67657[UE 2 | RB 1] Throughput = 1.30394 Mbps
67766[UE 2 | RB 1] Throughput = 0.76381 Mbps
67877[UE 2 | RB 1] Throughput = 1.19670 Mbps
67989[UE 2 | RB 1] Throughput = 0.96223 Mbps
68097[UE 2 | RB 1] Throughput = 1.10951 Mbps
68206[UE 2 | RB 1] Throughput = 1.31128 Mbps
68306[UE 2 | RB 1] Throughput = 0.71824 Mbps
68416[UE 2 | RB 1] Throughput = 1.09144 Mbps
68517[UE 2 | RB 1] Throughput = 1.31483 Mbps
68626[UE 2 | RB 1] Throughput = 1.19902 Mbps
68736[UE 2 | RB 1] Throughput = 1.20035 Mbps
68846[UE 2 | RB 1] Throughput = 0.65349 Mbps
68946[UE 2 | RB 1] Throughput = 1.07797 Mbps
69056[UE 2 | RB 1] Throughput = 0.98151 Mbps
69157[UE 2 | RB 1] Throughput = 1.07495 Mbps
69267[UE 2 | RB 1] Throughput = 0.98055 Mbps
69367[UE 2 | RB 1] Throughput = 0.95784 Mbps
69467[UE 2 | RB 1] Throughput = 1.55283 Mbps
69576[UE 2 | RB 1] Throughput = 0.87720 Mbps
69676[UE 2 | RB 1] Throughput = 0.83723 Mbps
69777[UE 2 | RB 1] Throughput = 1.43545 Mbps
69886[UE 2 | RB 1] Throughput = 0.98359 Mbps
69987[UE 2 | RB 1] Throughput = 0.83705 Mbps
70087[UE 2 | RB 1] Throughput = 1.43644 Mbps
70196[UE 2 | RB 1] Throughput = 0.87351 Mbps
70306[UE 2 | RB 1] Throughput = 1.20139 Mbps
70407[UE 2 | RB 1] Throughput = 1.31129 Mbps
70516[UE 2 | RB 1] Throughput = 0.87339 Mbps
70617[UE 2 | RB 1] Throughput = 1.19349 Mbps
70726[UE 2 | RB 1] Throughput = 1.09305 Mbps
70836[UE 2 | RB 1] Throughput = 1.09196 Mbps
70936[UE 2 | RB 1] Throughput = 1.19627 Mbps
71036[UE 2 | RB 1] Throughput = 0.71880 Mbps
71147[UE 2 | RB 1] Throughput = 1.08661 Mbps
71256[UE 2 | RB 1] Throughput = 0.54595 Mbps
71357[UE 2 | RB 1] Throughput = 1.67254 Mbps
71467[UE 2 | RB 1] Throughput = 0.87148 Mbps
71577[UE 2 | RB 1] Throughput = 1.09038 Mbps
71687[UE 2 | RB 1] Throughput = 1.41655 Mbps
71787[UE 2 | RB 1] Throughput = 0.71845 Mbps
71896[UE 2 | RB 1] Throughput = 1.20164 Mbps
72006[UE 2 | RB 1] Throughput = 0.98130 Mbps
72107[UE 2 | RB 1] Throughput = 1.19441 Mbps
72216[UE 2 | RB 1] Throughput = 1.09508 Mbps
72317[UE 2 | RB 1] Throughput = 0.95480 Mbps
72417[UE 2 | RB 1] Throughput = 1.07495 Mbps
72526[UE 2 | RB 1] Throughput = 1.09610 Mbps
72627[UE 2 | RB 1] Throughput = 1.31232 Mbps
72727[UE 2 | RB 1] Throughput = 0.83786 Mbps
72836[UE 2 | RB 1] Throughput = 1.20219 Mbps
72937[UE 2 | RB 1] Throughput = 1.07624 Mbps
73047[UE 2 | RB 1] Throughput = 1.08595 Mbps
73157[UE 2 | RB 1] Throughput = 0.65657 Mbps
73267[UE 2 | RB 1] Throughput = 1.08947 Mbps
73367[UE 2 | RB 1] Throughput = 1.43732 Mbps
73467[UE 2 | RB 1] Throughput = 0.95831 Mbps
73567[UE 2 | RB 1] Throughput = 0.95734 Mbps
73677[UE 2 | RB 1] Throughput = 1.09080 Mbps
73786[UE 2 | RB 1] Throughput = 1.09265 Mbps
73887[UE 2 | RB 1] Throughput = 1.43502 Mbps
73987[UE 2 | RB 1] Throughput = 0.59895 Mbps
74087[UE 2 | RB 1] Throughput = 1.43716 Mbps
74197[UE 2 | RB 1] Throughput = 0.65291 Mbps
74307[UE 2 | RB 1] Throughput = 1.30818 Mbps
74417[UE 2 | RB 1] Throughput = 1.19891 Mbps
74526[UE 2 | RB 1] Throughput = 0.65548 Mbps
74627[UE 2 | RB 1] Throughput = 1.43150 Mbps
74737[UE 2 | RB 1] Throughput = 0.87365 Mbps
74847[UE 2 | RB 1] Throughput = 0.86820 Mbps
74957[UE 2 | RB 1] Throughput = 1.53133 Mbps
75057[UE 2 | RB 1] Throughput = 0.95563 Mbps
75157[UE 2 | RB 1] Throughput = 0.71663 Mbps
75267[UE 2 | RB 1] Throughput = 1.30923 Mbps
75377[UE 2 | RB 1] Throughput = 1.31116 Mbps
75477[UE 2 | RB 1] Throughput = 0.71890 Mbps
75587[UE 2 | RB 1] Throughput = 1.41857 Mbps
75687[UE 2 | RB 1] Throughput = 0.71806 Mbps
75797[UE 2 | RB 1] Throughput = 0.76212 Mbps
75897[UE 2 | RB 1] Throughput = 1.67368 Mbps
76007[UE 2 | RB 1] Throughput = 0.87461 Mbps
76116[UE 2 | RB 1] Throughput = 0.76433 Mbps
76217[UE 2 | RB 1] Throughput = 1.67545 Mbps
76317[UE 2 | RB 1] Throughput = 0.71809 Mbps
76427[UE 2 | RB 1] Throughput = 0.97792 Mbps
76537[UE 2 | RB 1] Throughput = 1.20132 Mbps
76637[UE 2 | RB 1] Throughput = 0.95671 Mbps
76747[UE 2 | RB 1] Throughput = 0.87117 Mbps
76857[UE 2 | RB 1] Throughput = 1.74463 Mbps
76967[UE 2 | RB 1] Throughput = 0.65458 Mbps
77077[UE 2 | RB 1] Throughput = 0.87228 Mbps
77187[UE 2 | RB 1] Throughput = 1.52378 Mbps
77287[UE 2 | RB 1] Throughput = 0.95815 Mbps
77388[UE 2 | RB 1] Throughput = 0.95066 Mbps
77497[UE 2 | RB 1] Throughput = 0.87592 Mbps
77607[UE 2 | RB 1] Throughput = 1.53038 Mbps
77707[UE 2 | RB 1] Throughput = 0.95861 Mbps
77807[UE 2 | RB 1] Throughput = 0.83603 Mbps
77917[UE 2 | RB 1] Throughput = 1.09280 Mbps
78017[UE 2 | RB 1] Throughput = 1.19524 Mbps
78127[UE 2 | RB 1] Throughput = 1.09277 Mbps
78236[UE 2 | RB 1] Throughput = 1.09203 Mbps
78337[UE 2 | RB 1] Throughput = 0.83466 Mbps
78437[UE 2 | RB 1] Throughput = 1.31632 Mbps
78547[UE 2 | RB 1] Throughput = 0.98373 Mbps
78647[UE 2 | RB 1] Throughput = 1.07453 Mbps
78747[UE 2 | RB 1] Throughput = 1.31462 Mbps
78857[UE 2 | RB 1] Throughput = 1.09330 Mbps
78957[UE 2 | RB 1] Throughput = 0.59882 Mbps
79057[UE 2 | RB 1] Throughput = 1.31562 Mbps
79167[UE 2 | RB 1] Throughput = 1.19884 Mbps
79267[UE 2 | RB 1] Throughput = 0.71904 Mbps
79377[UE 2 | RB 1] Throughput = 1.20275 Mbps
79487[UE 2 | RB 1] Throughput = 1.19674 Mbps
79587[UE 2 | RB 1] Throughput = 0.83640 Mbps
79697[UE 2 | RB 1] Throughput = 1.20465 Mbps
79797[UE 2 | RB 1] Throughput = 1.19422 Mbps
79897[UE 2 | RB 1] Throughput = 0.59786 Mbps
80007[UE 2 | RB 1] Throughput = 1.20095 Mbps
80107[UE 2 | RB 1] Throughput = 1.31700 Mbps
80207[UE 2 | RB 1] Throughput = 0.71842 Mbps
80307[UE 2 | RB 1] Throughput = 1.31773 Mbps
80417[UE 2 | RB 1] Throughput = 0.98157 Mbps
80517[UE 2 | RB 1] Throughput = 1.31699 Mbps
80617[UE 2 | RB 1] Throughput = 0.59756 Mbps
80727[UE 2 | RB 1] Throughput = 1.20235 Mbps
80837[UE 2 | RB 1] Throughput = 1.19639 Mbps
80947[UE 2 | RB 1] Throughput = 1.19865 Mbps
81057[UE 2 | RB 1] Throughput = 0.87047 Mbps
81167[UE 2 | RB 1] Throughput = 1.20448 Mbps
81267[UE 2 | RB 1] Throughput = 1.31022 Mbps
81377[UE 2 | RB 1] Throughput = 0.54661 Mbps
81477[UE 2 | RB 1] Throughput = 1.55618 Mbps
81577[UE 2 | RB 1] Throughput = 0.95807 Mbps
81687[UE 2 | RB 1] Throughput = 0.87081 Mbps
81797[UE 2 | RB 1] Throughput = 1.09253 Mbps
81907[UE 2 | RB 1] Throughput = 1.19738 Mbps
82008[UE 2 | RB 1] Throughput = 0.71621 Mbps
82117[UE 2 | RB 1] Throughput = 1.31797 Mbps
82217[UE 2 | RB 1] Throughput = 1.43321 Mbps
82327[UE 2 | RB 1] Throughput = 0.65273 Mbps
82437[UE 2 | RB 1] Throughput = 1.09140 Mbps
82537[UE 2 | RB 1] Throughput = 0.95690 Mbps
82637[UE 2 | RB 1] Throughput = 1.43799 Mbps
82747[UE 2 | RB 1] Throughput = 1.09095 Mbps
82857[UE 2 | RB 1] Throughput = 0.65371 Mbps
82957[UE 2 | RB 1] Throughput = 1.67266 Mbps
83067[UE 2 | RB 1] Throughput = 0.65465 Mbps
83167[UE 2 | RB 1] Throughput = 1.07728 Mbps
83277[UE 2 | RB 1] Throughput = 1.41992 Mbps
83377[UE 2 | RB 1] Throughput = 0.71726 Mbps
83478[UE 2 | RB 1] Throughput = 0.95551 Mbps
83587[UE 2 | RB 1] Throughput = 1.52630 Mbps
83697[UE 2 | RB 1] Throughput = 0.54533 Mbps
83797[UE 2 | RB 1] Throughput = 1.43694 Mbps
83897[UE 2 | RB 1] Throughput = 0.71869 Mbps
83998[UE 2 | RB 1] Throughput = 1.19676 Mbps
84107[UE 2 | RB 1] Throughput = 1.30919 Mbps
84208[UE 2 | RB 1] Throughput = 0.95817 Mbps
84308[UE 2 | RB 1] Throughput = 1.07841 Mbps
84408[UE 2 | RB 1] Throughput = 1.31773 Mbps
84517[UE 2 | RB 1] Throughput = 0.76667 Mbps
84618[UE 2 | RB 1] Throughput = 0.95382 Mbps
84727[UE 2 | RB 1] Throughput = 1.19952 Mbps
84838[UE 2 | RB 1] Throughput = 1.30581 Mbps
84938[UE 2 | RB 1] Throughput = 0.59919 Mbps
85047[UE 2 | RB 1] Throughput = 1.31215 Mbps
85147[UE 2 | RB 1] Throughput = 1.07526 Mbps
85247[UE 2 | RB 1] Throughput = 0.71870 Mbps
85358[UE 2 | RB 1] Throughput = 1.41489 Mbps
85468[UE 2 | RB 1] Throughput = 1.19859 Mbps
85578[UE 2 | RB 1] Throughput = 0.98046 Mbps
85688[UE 2 | RB 1] Throughput = 1.08900 Mbps
85798[UE 2 | RB 1] Throughput = 0.98160 Mbps
85898[UE 2 | RB 1] Throughput = 1.07555 Mbps
86007[UE 2 | RB 1] Throughput = 1.09256 Mbps
86117[UE 2 | RB 1] Throughput = 0.98120 Mbps
86218[UE 2 | RB 1] Throughput = 0.95696 Mbps
86327[UE 2 | RB 1] Throughput = 1.19932 Mbps
86428[UE 2 | RB 1] Throughput = 0.83869 Mbps
86537[UE 2 | RB 1] Throughput = 1.09154 Mbps
86647[UE 2 | RB 1] Throughput = 1.19977 Mbps
86748[UE 2 | RB 1] Throughput = 1.07380 Mbps
86848[UE 2 | RB 1] Throughput = 1.31273 Mbps
86957[UE 2 | RB 1] Throughput = 0.87719 Mbps
87067[UE 2 | RB 1] Throughput = 0.98282 Mbps
87167[UE 2 | RB 1] Throughput = 1.31271 Mbps
87277[UE 2 | RB 1] Throughput = 0.65492 Mbps
87378[UE 2 | RB 1] Throughput = 1.55227 Mbps
87487[UE 2 | RB 1] Throughput = 1.09342 Mbps
87588[UE 2 | RB 1] Throughput = 0.95373 Mbps
87698[UE 2 | RB 1] Throughput = 1.09063 Mbps
87798[UE 2 | RB 1] Throughput = 0.71628 Mbps
87907[UE 2 | RB 1] Throughput = 1.31418 Mbps
88008[UE 2 | RB 1] Throughput = 1.19359 Mbps
88118[UE 2 | RB 1] Throughput = 1.09309 Mbps
88227[UE 2 | RB 1] Throughput = 0.65431 Mbps
88328[UE 2 | RB 1] Throughput = 1.31497 Mbps
88438[UE 2 | RB 1] Throughput = 1.09043 Mbps
88547[UE 2 | RB 1] Throughput = 1.09242 Mbps
88648[UE 2 | RB 1] Throughput = 0.95553 Mbps
88748[UE 2 | RB 1] Throughput = 1.19724 Mbps
88857[UE 2 | RB 1] Throughput = 1.09262 Mbps
88958[UE 2 | RB 1] Throughput = 0.95693 Mbps
89058[UE 2 | RB 1] Throughput = 1.31719 Mbps
89158[UE 2 | RB 1] Throughput = 0.71645 Mbps
89268[UE 2 | RB 1] Throughput = 1.20015 Mbps
89377[UE 2 | RB 1] Throughput = 1.20349 Mbps
89478[UE 2 | RB 1] Throughput = 0.59823 Mbps
89578[UE 2 | RB 1] Throughput = 1.19455 Mbps
89688[UE 2 | RB 1] Throughput = 1.30987 Mbps
89798[UE 2 | RB 1] Throughput = 1.08987 Mbps
89898[UE 2 | RB 1] Throughput = 1.19834 Mbps
89998[UE 2 | RB 1] Throughput = 0.59876 Mbps
[xApp]: E42 RIC_SUBSCRIPTION_DELETE_REQUEST tx RAN_FUNC_ID 144 RIC_REQ_ID 1 
[xApp]: E42 SUBSCRIPTION DELETE RESPONSE rx
[xApp]: E42 RIC_SUBSCRIPTION_DELETE_REQUEST tx RAN_FUNC_ID 144 RIC_REQ_ID 2 
[xApp]: E42 SUBSCRIPTION DELETE RESPONSE rx
[xApp]: E42 RIC_SUBSCRIPTION_DELETE_REQUEST tx RAN_FUNC_ID 144 RIC_REQ_ID 3 
[xApp]: E42 SUBSCRIPTION DELETE RESPONSE rx
[xApp]: E42 RIC_SUBSCRIPTION_DELETE_REQUEST tx RAN_FUNC_ID 144 RIC_REQ_ID 4 
[xApp]: E42 SUBSCRIPTION DELETE RESPONSE rx
[xApp]: Sucessfully stopped 
Test xApp run SUCCESSFULLY
