[UTIL]: Setting the config -c file to /usr/local/etc/flexric/flexric.conf
[UTIL]: Setting path -p for the shared libraries to /usr/local/lib/flexric/
[xAapp]: Initializing ... 
[xApp]: nearRT-RIC IP Address = 192.168.70.150, PORT = 36422
[E2 AGENT]: Opening plugin from path = /usr/local/lib/flexric/libkpm_sm.so 
[E2 AGENT]: Opening plugin from path = /usr/local/lib/flexric/libmac_sm.so 
[E2 AGENT]: Opening plugin from path = /usr/local/lib/flexric/libpdcp_sm.so 
[E2 AGENT]: Opening plugin from path = /usr/local/lib/flexric/libgtp_sm.so 
[E2 AGENT]: Opening plugin from path = /usr/local/lib/flexric/librc_sm.so 
[E2 AGENT]: Opening plugin from path = /usr/local/lib/flexric/libtc_sm.so 
[E2 AGENT]: Opening plugin from path = /usr/local/lib/flexric/librlc_sm.so 
[E2 AGENT]: Opening plugin from path = /usr/local/lib/flexric/libslice_sm.so 
[NEAR-RIC]: Loading SM ID = 2 with def = ORAN-E2SM-KPM 
[NEAR-RIC]: Loading SM ID = 142 with def = MAC_STATS_V0 
[NEAR-RIC]: Loading SM ID = 144 with def = PDCP_STATS_V0 
[NEAR-RIC]: Loading SM ID = 148 with def = GTP_STATS_V0 
[NEAR-RIC]: Loading SM ID = 3 with def = ORAN-E2SM-RC 
[NEAR-RIC]: Loading SM ID = 146 with def = TC_STATS_V0 
[NEAR-RIC]: Loading SM ID = 143 with def = RLC_STATS_V0 
[NEAR-RIC]: Loading SM ID = 145 with def = SLICE_STATS_V0 
[xApp]: DB filename = /tmp/flexric/xapp_db 
 [xApp]: E42 SETUP-REQUEST tx
[xApp]: E42 SETUP-RESPONSE rx 
[xApp]: xApp ID = 27 
[xApp]: Registered E2 Nodes = 4 
Connected E2 nodes = 4
[xAPP] Registered node 0 ran func id = 2 
 [xAPP] Registered node 0 ran func id = 3 
 [xAPP] Registered node 0 ran func id = 142 
 [xAPP] Registered node 0 ran func id = 143 
 [xAPP] Registered node 0 ran func id = 144 
 [xAPP] Registered node 0 ran func id = 145 
 [xAPP] Registered node 0 ran func id = 146 
 [xAPP] Registered node 0 ran func id = 148 
 [xApp]: E42 RIC SUBSCRIPTION REQUEST tx RAN_FUNC_ID 144 RIC_REQ_ID 1 
[xApp]: SUBSCRIPTION RESPONSE rx
[xApp]: Successfully subscribed to RAN_FUNC_ID 144 
[xAPP] Registered node 1 ran func id = 2 
 [xAPP] Registered node 1 ran func id = 3 
 [xAPP] Registered node 1 ran func id = 142 
 [xAPP] Registered node 1 ran func id = 143 
 [xAPP] Registered node 1 ran func id = 144 
 [xAPP] Registered node 1 ran func id = 145 
 [xAPP] Registered node 1 ran func id = 146 
 [xAPP] Registered node 1 ran func id = 148 
 [xApp]: E42 RIC SUBSCRIPTION REQUEST tx RAN_FUNC_ID 144 RIC_REQ_ID 2 
[xApp]: SUBSCRIPTION RESPONSE rx
[xApp]: Successfully subscribed to RAN_FUNC_ID 144 
[xAPP] Registered node 2 ran func id = 2 
 [xAPP] Registered node 2 ran func id = 3 
 [xAPP] Registered node 2 ran func id = 142 
 [xAPP] Registered node 2 ran func id = 143 
 [xAPP] Registered node 2 ran func id = 144 
 [xAPP] Registered node 2 ran func id = 145 
 [xAPP] Registered node 2 ran func id = 146 
 [xAPP] Registered node 2 ran func id = 148 
 [xApp]: E42 RIC SUBSCRIPTION REQUEST tx RAN_FUNC_ID 144 RIC_REQ_ID 3 
[xApp]: SUBSCRIPTION RESPONSE rx
[xApp]: Successfully subscribed to RAN_FUNC_ID 144 
[xAPP] Registered node 3 ran func id = 2 
 [xAPP] Registered node 3 ran func id = 3 
 [xAPP] Registered node 3 ran func id = 142 
 [xAPP] Registered node 3 ran func id = 143 
 [xAPP] Registered node 3 ran func id = 144 
 [xAPP] Registered node 3 ran func id = 145 
 [xAPP] Registered node 3 ran func id = 146 
 [xAPP] Registered node 3 ran func id = 148 
 [xApp]: E42 RIC SUBSCRIPTION REQUEST tx RAN_FUNC_ID 144 RIC_REQ_ID 4 
[xApp]: SUBSCRIPTION RESPONSE rx
[xApp]: Successfully subscribed to RAN_FUNC_ID 144 
113[UE 2 | RB 1] Throughput = 1.43188 Mbps
213[UE 2 | RB 1] Throughput = 1.19780 Mbps
313[UE 2 | RB 1] Throughput = 0.71679 Mbps
422[UE 2 | RB 1] Throughput = 1.31376 Mbps
523[UE 2 | RB 1] Throughput = 0.59836 Mbps
632[UE 2 | RB 1] Throughput = 1.30970 Mbps
732[UE 2 | RB 1] Throughput = 1.43649 Mbps
833[UE 2 | RB 1] Throughput = 0.83760 Mbps
943[UE 2 | RB 1] Throughput = 0.87130 Mbps
1053[UE 2 | RB 1] Throughput = 1.30583 Mbps
1162[UE 2 | RB 1] Throughput = 1.09526 Mbps
1262[UE 2 | RB 1] Throughput = 0.95657 Mbps
1362[UE 2 | RB 1] Throughput = 1.07851 Mbps
1462[UE 2 | RB 1] Throughput = 1.19823 Mbps
1563[UE 2 | RB 1] Throughput = 0.95667 Mbps
1673[UE 2 | RB 1] Throughput = 1.09016 Mbps
1782[UE 2 | RB 1] Throughput = 0.87279 Mbps
1893[UE 2 | RB 1] Throughput = 0.87024 Mbps
1993[UE 2 | RB 1] Throughput = 1.43786 Mbps
2093[UE 2 | RB 1] Throughput = 1.07518 Mbps
2203[UE 2 | RB 1] Throughput = 0.87329 Mbps
2303[UE 2 | RB 1] Throughput = 1.43753 Mbps
2412[UE 2 | RB 1] Throughput = 0.76528 Mbps
2512[UE 2 | RB 1] Throughput = 1.43697 Mbps
2613[UE 2 | RB 1] Throughput = 0.71833 Mbps
2713[UE 2 | RB 1] Throughput = 1.43715 Mbps
2822[UE 2 | RB 1] Throughput = 0.65450 Mbps
2923[UE 2 | RB 1] Throughput = 1.43268 Mbps
3033[UE 2 | RB 1] Throughput = 0.76390 Mbps
3143[UE 2 | RB 1] Throughput = 1.08995 Mbps
3252[UE 2 | RB 1] Throughput = 1.31227 Mbps
3353[UE 2 | RB 1] Throughput = 0.83223 Mbps
3462[UE 2 | RB 1] Throughput = 1.31458 Mbps
3563[UE 2 | RB 1] Throughput = 0.71783 Mbps
3663[UE 2 | RB 1] Throughput = 1.43514 Mbps
3773[UE 2 | RB 1] Throughput = 0.87146 Mbps
3882[UE 2 | RB 1] Throughput = 1.09213 Mbps
3983[UE 2 | RB 1] Throughput = 1.31413 Mbps
4093[UE 2 | RB 1] Throughput = 0.76186 Mbps
4203[UE 2 | RB 1] Throughput = 1.08998 Mbps
4303[UE 2 | RB 1] Throughput = 1.07837 Mbps
4413[UE 2 | RB 1] Throughput = 1.20233 Mbps
4513[UE 2 | RB 1] Throughput = 1.19246 Mbps
4622[UE 2 | RB 1] Throughput = 0.76649 Mbps
4723[UE 2 | RB 1] Throughput = 1.31473 Mbps
4823[UE 2 | RB 1] Throughput = 0.83821 Mbps
4933[UE 2 | RB 1] Throughput = 1.30845 Mbps
5033[UE 2 | RB 1] Throughput = 0.71760 Mbps
5133[UE 2 | RB 1] Throughput = 1.43628 Mbps
5243[UE 2 | RB 1] Throughput = 1.09170 Mbps
5343[UE 2 | RB 1] Throughput = 0.95677 Mbps
5452[UE 2 | RB 1] Throughput = 1.09493 Mbps
5553[UE 2 | RB 1] Throughput = 1.19251 Mbps
5663[UE 2 | RB 1] Throughput = 0.76469 Mbps
5773[UE 2 | RB 1] Throughput = 1.19979 Mbps
5873[UE 2 | RB 1] Throughput = 0.71811 Mbps
5973[UE 2 | RB 1] Throughput = 1.31727 Mbps
6073[UE 2 | RB 1] Throughput = 1.31716 Mbps
6173[UE 2 | RB 1] Throughput = 0.71622 Mbps
6283[UE 2 | RB 1] Throughput = 1.30801 Mbps
6393[UE 2 | RB 1] Throughput = 1.20553 Mbps
6493[UE 2 | RB 1] Throughput = 0.71900 Mbps
6603[UE 2 | RB 1] Throughput = 1.30637 Mbps
6703[UE 2 | RB 1] Throughput = 0.95328 Mbps
6813[UE 2 | RB 1] Throughput = 1.31178 Mbps
6913[UE 2 | RB 1] Throughput = 0.83582 Mbps
7023[UE 2 | RB 1] Throughput = 1.20196 Mbps
7133[UE 2 | RB 1] Throughput = 1.08765 Mbps
7243[UE 2 | RB 1] Throughput = 0.98363 Mbps
7343[UE 2 | RB 1] Throughput = 1.07328 Mbps
7453[UE 2 | RB 1] Throughput = 0.87554 Mbps
7553[UE 2 | RB 1] Throughput = 1.19772 Mbps
7653[UE 2 | RB 1] Throughput = 1.19779 Mbps
7753[UE 2 | RB 1] Throughput = 1.07722 Mbps
7862[UE 2 | RB 1] Throughput = 0.87590 Mbps
7963[UE 2 | RB 1] Throughput = 1.31167 Mbps
8073[UE 2 | RB 1] Throughput = 1.08928 Mbps
8173[UE 2 | RB 1] Throughput = 0.59655 Mbps
8283[UE 2 | RB 1] Throughput = 1.42175 Mbps
8392[UE 2 | RB 1] Throughput = 0.98583 Mbps
8493[UE 2 | RB 1] Throughput = 0.95525 Mbps
8603[UE 2 | RB 1] Throughput = 1.19661 Mbps
8703[UE 2 | RB 1] Throughput = 0.71740 Mbps
8804[UE 2 | RB 1] Throughput = 1.07297 Mbps
8913[UE 2 | RB 1] Throughput = 1.20510 Mbps
9023[UE 2 | RB 1] Throughput = 1.19514 Mbps
9133[UE 2 | RB 1] Throughput = 1.20364 Mbps
9243[UE 2 | RB 1] Throughput = 0.98187 Mbps
9343[UE 2 | RB 1] Throughput = 0.95628 Mbps
9443[UE 2 | RB 1] Throughput = 1.19462 Mbps
9553[UE 2 | RB 1] Throughput = 1.20283 Mbps
9653[UE 2 | RB 1] Throughput = 0.71724 Mbps
9765[UE 2 | RB 1] Throughput = 1.27945 Mbps
9873[UE 2 | RB 1] Throughput = 1.11418 Mbps
9983[UE 2 | RB 1] Throughput = 1.20086 Mbps
10083[UE 2 | RB 1] Throughput = 0.83585 Mbps
10193[UE 2 | RB 1] Throughput = 1.09167 Mbps
10303[UE 2 | RB 1] Throughput = 1.20013 Mbps
10403[UE 2 | RB 1] Throughput = 0.83849 Mbps
10503[UE 2 | RB 1] Throughput = 1.19560 Mbps
10613[UE 2 | RB 1] Throughput = 0.98349 Mbps
10723[UE 2 | RB 1] Throughput = 0.87062 Mbps
10823[UE 2 | RB 1] Throughput = 1.31434 Mbps
10923[UE 2 | RB 1] Throughput = 0.71813 Mbps
11033[UE 2 | RB 1] Throughput = 1.09461 Mbps
11133[UE 2 | RB 1] Throughput = 1.31222 Mbps
11243[UE 2 | RB 1] Throughput = 1.09098 Mbps
11343[UE 2 | RB 1] Throughput = 1.07674 Mbps
11453[UE 2 | RB 1] Throughput = 1.20462 Mbps
11553[UE 2 | RB 1] Throughput = 0.83496 Mbps
11663[UE 2 | RB 1] Throughput = 0.86960 Mbps
11764[UE 2 | RB 1] Throughput = 1.55045 Mbps
11873[UE 2 | RB 1] Throughput = 0.65723 Mbps
11983[UE 2 | RB 1] Throughput = 1.41498 Mbps
12093[UE 2 | RB 1] Throughput = 1.08970 Mbps
12203[UE 2 | RB 1] Throughput = 1.19955 Mbps
12313[UE 2 | RB 1] Throughput = 0.65271 Mbps
12423[UE 2 | RB 1] Throughput = 1.20264 Mbps
12523[UE 2 | RB 1] Throughput = 0.71783 Mbps
12633[UE 2 | RB 1] Throughput = 1.19902 Mbps
12733[UE 2 | RB 1] Throughput = 1.43286 Mbps
12843[UE 2 | RB 1] Throughput = 0.65573 Mbps
12953[UE 2 | RB 1] Throughput = 1.30497 Mbps
13053[UE 2 | RB 1] Throughput = 0.71811 Mbps
13163[UE 2 | RB 1] Throughput = 1.63620 Mbps
13263[UE 2 | RB 1] Throughput = 0.71853 Mbps
13373[UE 2 | RB 1] Throughput = 1.30874 Mbps
13473[UE 2 | RB 1] Throughput = 0.71784 Mbps
13583[UE 2 | RB 1] Throughput = 1.30850 Mbps
13693[UE 2 | RB 1] Throughput = 1.09224 Mbps
13793[UE 2 | RB 1] Throughput = 0.95664 Mbps
13903[UE 2 | RB 1] Throughput = 1.30613 Mbps
14013[UE 2 | RB 1] Throughput = 0.54629 Mbps
14123[UE 2 | RB 1] Throughput = 1.41764 Mbps
14223[UE 2 | RB 1] Throughput = 0.71652 Mbps
14324[UE 2 | RB 1] Throughput = 1.43479 Mbps
14433[UE 2 | RB 1] Throughput = 0.65458 Mbps
14543[UE 2 | RB 1] Throughput = 1.41597 Mbps
14653[UE 2 | RB 1] Throughput = 1.09065 Mbps
14753[UE 2 | RB 1] Throughput = 1.07839 Mbps
14854[UE 2 | RB 1] Throughput = 1.19167 Mbps
14963[UE 2 | RB 1] Throughput = 0.76712 Mbps
15063[UE 2 | RB 1] Throughput = 1.43501 Mbps
15173[UE 2 | RB 1] Throughput = 0.65531 Mbps
15273[UE 2 | RB 1] Throughput = 1.55694 Mbps
15374[UE 2 | RB 1] Throughput = 0.59735 Mbps
15483[UE 2 | RB 1] Throughput = 1.31272 Mbps
15583[UE 2 | RB 1] Throughput = 1.07712 Mbps
15683[UE 2 | RB 1] Throughput = 0.71752 Mbps
15784[UE 2 | RB 1] Throughput = 1.43624 Mbps
15884[UE 2 | RB 1] Throughput = 0.71830 Mbps
15993[UE 2 | RB 1] Throughput = 1.41851 Mbps
16094[UE 2 | RB 1] Throughput = 0.71839 Mbps
16203[UE 2 | RB 1] Throughput = 1.31092 Mbps
16303[UE 2 | RB 1] Throughput = 0.71772 Mbps
16404[UE 2 | RB 1] Throughput = 1.43733 Mbps
16504[UE 2 | RB 1] Throughput = 0.83852 Mbps
16613[UE 2 | RB 1] Throughput = 1.20209 Mbps
16713[UE 2 | RB 1] Throughput = 0.83778 Mbps
16814[UE 2 | RB 1] Throughput = 1.19446 Mbps
16923[UE 2 | RB 1] Throughput = 1.31326 Mbps
17033[UE 2 | RB 1] Throughput = 0.87213 Mbps
17134[UE 2 | RB 1] Throughput = 1.43152 Mbps
17243[UE 2 | RB 1] Throughput = 0.76362 Mbps
17344[UE 2 | RB 1] Throughput = 1.43540 Mbps
17453[UE 2 | RB 1] Throughput = 0.65487 Mbps
17554[UE 2 | RB 1] Throughput = 1.19596 Mbps
17663[UE 2 | RB 1] Throughput = 1.20231 Mbps
17763[UE 2 | RB 1] Throughput = 1.07771 Mbps
17873[UE 2 | RB 1] Throughput = 1.08823 Mbps
17974[UE 2 | RB 1] Throughput = 0.71690 Mbps
18083[UE 2 | RB 1] Throughput = 1.31136 Mbps
18183[UE 2 | RB 1] Throughput = 1.19793 Mbps
18294[UE 2 | RB 1] Throughput = 1.08798 Mbps
18404[UE 2 | RB 1] Throughput = 1.08909 Mbps
18514[UE 2 | RB 1] Throughput = 0.98188 Mbps
18614[UE 2 | RB 1] Throughput = 0.95795 Mbps
18723[UE 2 | RB 1] Throughput = 1.09122 Mbps
18823[UE 2 | RB 1] Throughput = 1.31771 Mbps
18924[UE 2 | RB 1] Throughput = 0.83823 Mbps
19033[UE 2 | RB 1] Throughput = 0.98137 Mbps
19143[UE 2 | RB 1] Throughput = 1.19835 Mbps
19243[UE 2 | RB 1] Throughput = 0.95866 Mbps
19354[UE 2 | RB 1] Throughput = 0.87021 Mbps
19463[UE 2 | RB 1] Throughput = 1.30969 Mbps
19564[UE 2 | RB 1] Throughput = 0.71824 Mbps
19673[UE 2 | RB 1] Throughput = 1.31048 Mbps
19773[UE 2 | RB 1] Throughput = 0.71735 Mbps
19883[UE 2 | RB 1] Throughput = 1.30901 Mbps
19984[UE 2 | RB 1] Throughput = 1.43334 Mbps
20093[UE 2 | RB 1] Throughput = 0.65512 Mbps
20194[UE 2 | RB 1] Throughput = 1.43640 Mbps
20294[UE 2 | RB 1] Throughput = 0.71846 Mbps
20394[UE 2 | RB 1] Throughput = 1.31804 Mbps
20504[UE 2 | RB 1] Throughput = 0.65256 Mbps
20614[UE 2 | RB 1] Throughput = 1.30977 Mbps
20724[UE 2 | RB 1] Throughput = 1.19548 Mbps
20834[UE 2 | RB 1] Throughput = 1.30880 Mbps
20944[UE 2 | RB 1] Throughput = 0.65461 Mbps
21044[UE 2 | RB 1] Throughput = 0.83746 Mbps
21154[UE 2 | RB 1] Throughput = 1.30838 Mbps
21263[UE 2 | RB 1] Throughput = 1.20192 Mbps
21364[UE 2 | RB 1] Throughput = 0.71606 Mbps
21464[UE 2 | RB 1] Throughput = 1.67051 Mbps
21573[UE 2 | RB 1] Throughput = 0.65865 Mbps
21673[UE 2 | RB 1] Throughput = 1.31790 Mbps
21774[UE 2 | RB 1] Throughput = 0.71821 Mbps
21884[UE 2 | RB 1] Throughput = 1.30507 Mbps
21994[UE 2 | RB 1] Throughput = 0.76331 Mbps
22094[UE 2 | RB 1] Throughput = 1.67764 Mbps
22194[UE 2 | RB 1] Throughput = 0.71611 Mbps
22304[UE 2 | RB 1] Throughput = 1.30919 Mbps
22413[UE 2 | RB 1] Throughput = 0.65662 Mbps
22514[UE 2 | RB 1] Throughput = 1.43142 Mbps
22624[UE 2 | RB 1] Throughput = 1.19855 Mbps
22734[UE 2 | RB 1] Throughput = 0.65310 Mbps
22843[UE 2 | RB 1] Throughput = 1.20349 Mbps
22953[UE 2 | RB 1] Throughput = 1.30784 Mbps
23064[UE 2 | RB 1] Throughput = 0.65277 Mbps
23164[UE 2 | RB 1] Throughput = 1.55699 Mbps
23264[UE 2 | RB 1] Throughput = 0.83657 Mbps
23374[UE 2 | RB 1] Throughput = 1.31104 Mbps
23474[UE 2 | RB 1] Throughput = 0.71713 Mbps
23584[UE 2 | RB 1] Throughput = 1.09025 Mbps
23684[UE 2 | RB 1] Throughput = 1.43594 Mbps
23794[UE 2 | RB 1] Throughput = 0.76488 Mbps
23904[UE 2 | RB 1] Throughput = 1.08830 Mbps
24004[UE 2 | RB 1] Throughput = 1.31599 Mbps
24114[UE 2 | RB 1] Throughput = 0.65414 Mbps
24224[UE 2 | RB 1] Throughput = 1.19818 Mbps
24333[UE 2 | RB 1] Throughput = 1.20246 Mbps
24434[UE 2 | RB 1] Throughput = 0.95557 Mbps
24544[UE 2 | RB 1] Throughput = 1.19676 Mbps
24644[UE 2 | RB 1] Throughput = 1.31611 Mbps
24744[UE 2 | RB 1] Throughput = 0.71841 Mbps
24854[UE 2 | RB 1] Throughput = 1.30969 Mbps
24964[UE 2 | RB 1] Throughput = 0.65409 Mbps
25064[UE 2 | RB 1] Throughput = 1.31464 Mbps
25174[UE 2 | RB 1] Throughput = 1.20082 Mbps
25284[UE 2 | RB 1] Throughput = 0.65205 Mbps
25394[UE 2 | RB 1] Throughput = 1.42353 Mbps
25494[UE 2 | RB 1] Throughput = 1.19589 Mbps
25604[UE 2 | RB 1] Throughput = 0.98174 Mbps
25713[UE 2 | RB 1] Throughput = 0.98440 Mbps
25814[UE 2 | RB 1] Throughput = 1.07403 Mbps
25914[UE 2 | RB 1] Throughput = 1.07788 Mbps
26014[UE 2 | RB 1] Throughput = 1.07647 Mbps
26124[UE 2 | RB 1] Throughput = 0.97997 Mbps
26224[UE 2 | RB 1] Throughput = 1.19793 Mbps
26334[UE 2 | RB 1] Throughput = 0.87519 Mbps
26434[UE 2 | RB 1] Throughput = 1.31607 Mbps
26534[UE 2 | RB 1] Throughput = 0.83782 Mbps
26644[UE 2 | RB 1] Throughput = 0.97912 Mbps
26754[UE 2 | RB 1] Throughput = 1.31063 Mbps
26854[UE 2 | RB 1] Throughput = 0.95756 Mbps
26954[UE 2 | RB 1] Throughput = 1.31771 Mbps
27064[UE 2 | RB 1] Throughput = 0.76312 Mbps
27174[UE 2 | RB 1] Throughput = 1.19885 Mbps
27284[UE 2 | RB 1] Throughput = 1.08971 Mbps
27384[UE 2 | RB 1] Throughput = 1.07659 Mbps
27484[UE 2 | RB 1] Throughput = 1.07531 Mbps
27594[UE 2 | RB 1] Throughput = 0.87644 Mbps
27694[UE 2 | RB 1] Throughput = 1.43527 Mbps
27794[UE 2 | RB 1] Throughput = 0.71894 Mbps
27904[UE 2 | RB 1] Throughput = 1.19911 Mbps
28014[UE 2 | RB 1] Throughput = 1.19836 Mbps
28124[UE 2 | RB 1] Throughput = 0.87381 Mbps
28224[UE 2 | RB 1] Throughput = 1.31350 Mbps
28334[UE 2 | RB 1] Throughput = 0.65461 Mbps
28434[UE 2 | RB 1] Throughput = 1.31556 Mbps
28544[UE 2 | RB 1] Throughput = 1.20106 Mbps
28644[UE 2 | RB 1] Throughput = 0.71615 Mbps
28754[UE 2 | RB 1] Throughput = 1.30496 Mbps
28864[UE 2 | RB 1] Throughput = 1.31520 Mbps
28964[UE 2 | RB 1] Throughput = 0.59778 Mbps
29074[UE 2 | RB 1] Throughput = 1.30461 Mbps
29174[UE 2 | RB 1] Throughput = 0.83812 Mbps
29284[UE 2 | RB 1] Throughput = 1.20365 Mbps
29384[UE 2 | RB 1] Throughput = 1.31779 Mbps
29484[UE 2 | RB 1] Throughput = 0.71900 Mbps
29584[UE 2 | RB 1] Throughput = 1.43497 Mbps
29684[UE 2 | RB 1] Throughput = 0.59906 Mbps
29794[UE 2 | RB 1] Throughput = 1.19498 Mbps
29904[UE 2 | RB 1] Throughput = 0.98636 Mbps
30004[UE 2 | RB 1] Throughput = 1.31669 Mbps
30105[UE 2 | RB 1] Throughput = 1.19066 Mbps
30215[UE 2 | RB 1] Throughput = 0.65255 Mbps
30324[UE 2 | RB 1] Throughput = 1.31216 Mbps
30434[UE 2 | RB 1] Throughput = 1.08824 Mbps
30544[UE 2 | RB 1] Throughput = 1.20660 Mbps
30644[UE 2 | RB 1] Throughput = 0.59756 Mbps
30744[UE 2 | RB 1] Throughput = 1.31339 Mbps
30854[UE 2 | RB 1] Throughput = 1.09325 Mbps
30954[UE 2 | RB 1] Throughput = 1.19303 Mbps
31064[UE 2 | RB 1] Throughput = 1.20116 Mbps
31164[UE 2 | RB 1] Throughput = 0.83773 Mbps
31274[UE 2 | RB 1] Throughput = 1.19843 Mbps
31384[UE 2 | RB 1] Throughput = 0.65632 Mbps
31484[UE 2 | RB 1] Throughput = 1.43474 Mbps
31584[UE 2 | RB 1] Throughput = 1.19651 Mbps
31684[UE 2 | RB 1] Throughput = 0.59906 Mbps
31784[UE 2 | RB 1] Throughput = 1.31786 Mbps
31894[UE 2 | RB 1] Throughput = 1.19948 Mbps
32004[UE 2 | RB 1] Throughput = 0.87058 Mbps
32114[UE 2 | RB 1] Throughput = 1.20135 Mbps
32214[UE 2 | RB 1] Throughput = 1.31350 Mbps
32324[UE 2 | RB 1] Throughput = 0.98493 Mbps
32424[UE 2 | RB 1] Throughput = 0.71788 Mbps
32524[UE 2 | RB 1] Throughput = 1.31803 Mbps
32634[UE 2 | RB 1] Throughput = 0.65404 Mbps
32734[UE 2 | RB 1] Throughput = 1.07685 Mbps
32834[UE 2 | RB 1] Throughput = 1.55653 Mbps
32945[UE 2 | RB 1] Throughput = 0.76083 Mbps
33054[UE 2 | RB 1] Throughput = 1.41851 Mbps
33164[UE 2 | RB 1] Throughput = 0.76457 Mbps
33264[UE 2 | RB 1] Throughput = 1.31349 Mbps
33365[UE 2 | RB 1] Throughput = 1.19497 Mbps
33474[UE 2 | RB 1] Throughput = 0.76740 Mbps
33574[UE 2 | RB 1] Throughput = 1.19590 Mbps
33674[UE 2 | RB 1] Throughput = 1.07707 Mbps
33784[UE 2 | RB 1] Throughput = 0.87114 Mbps
33894[UE 2 | RB 1] Throughput = 1.20140 Mbps
33994[UE 2 | RB 1] Throughput = 1.31413 Mbps
34104[UE 2 | RB 1] Throughput = 1.09129 Mbps
34205[UE 2 | RB 1] Throughput = 0.83462 Mbps
34314[UE 2 | RB 1] Throughput = 0.98475 Mbps
34424[UE 2 | RB 1] Throughput = 1.30530 Mbps
34534[UE 2 | RB 1] Throughput = 1.20121 Mbps
34644[UE 2 | RB 1] Throughput = 0.54556 Mbps
34744[UE 2 | RB 1] Throughput = 1.31407 Mbps
34854[UE 2 | RB 1] Throughput = 1.19741 Mbps
34964[UE 2 | RB 1] Throughput = 1.20289 Mbps
35064[UE 2 | RB 1] Throughput = 0.71763 Mbps
35164[UE 2 | RB 1] Throughput = 1.19666 Mbps
35265[UE 2 | RB 1] Throughput = 1.19560 Mbps
35374[UE 2 | RB 1] Throughput = 1.09137 Mbps
35484[UE 2 | RB 1] Throughput = 1.09246 Mbps
35594[UE 2 | RB 1] Throughput = 0.65294 Mbps
35694[UE 2 | RB 1] Throughput = 1.55745 Mbps
35805[UE 2 | RB 1] Throughput = 0.54308 Mbps
35914[UE 2 | RB 1] Throughput = 1.31248 Mbps
36014[UE 2 | RB 1] Throughput = 1.31648 Mbps
36124[UE 2 | RB 1] Throughput = 0.65338 Mbps
36225[UE 2 | RB 1] Throughput = 1.43392 Mbps
36335[UE 2 | RB 1] Throughput = 1.20016 Mbps
36435[UE 2 | RB 1] Throughput = 0.71826 Mbps
36545[UE 2 | RB 1] Throughput = 1.30538 Mbps
36655[UE 2 | RB 1] Throughput = 0.76265 Mbps
36765[UE 2 | RB 1] Throughput = 1.19694 Mbps
36874[UE 2 | RB 1] Throughput = 1.20555 Mbps
36975[UE 2 | RB 1] Throughput = 0.71684 Mbps
37075[UE 2 | RB 1] Throughput = 1.55733 Mbps
37185[UE 2 | RB 1] Throughput = 0.54309 Mbps
37294[UE 2 | RB 1] Throughput = 1.20426 Mbps
37395[UE 2 | RB 1] Throughput = 1.43639 Mbps
37505[UE 2 | RB 1] Throughput = 0.65338 Mbps
37605[UE 2 | RB 1] Throughput = 1.43459 Mbps
37714[UE 2 | RB 1] Throughput = 1.20240 Mbps
37815[UE 2 | RB 1] Throughput = 0.59646 Mbps
37915[UE 2 | RB 1] Throughput = 1.31700 Mbps
38024[UE 2 | RB 1] Throughput = 0.87804 Mbps
38125[UE 2 | RB 1] Throughput = 1.19096 Mbps
38235[UE 2 | RB 1] Throughput = 1.19983 Mbps
38345[UE 2 | RB 1] Throughput = 1.20036 Mbps
38454[UE 2 | RB 1] Throughput = 0.76491 Mbps
38555[UE 2 | RB 1] Throughput = 1.19270 Mbps
38665[UE 2 | RB 1] Throughput = 0.65392 Mbps
38765[UE 2 | RB 1] Throughput = 1.67453 Mbps
38875[UE 2 | RB 1] Throughput = 0.76277 Mbps
38984[UE 2 | RB 1] Throughput = 0.87413 Mbps
39084[UE 2 | RB 1] Throughput = 1.67763 Mbps
39185[UE 2 | RB 1] Throughput = 0.71749 Mbps
39285[UE 2 | RB 1] Throughput = 0.95558 Mbps
39395[UE 2 | RB 1] Throughput = 1.52643 Mbps
39495[UE 2 | RB 1] Throughput = 0.95706 Mbps
39605[UE 2 | RB 1] Throughput = 0.65593 Mbps
39715[UE 2 | RB 1] Throughput = 1.52756 Mbps
39815[UE 2 | RB 1] Throughput = 0.71881 Mbps
39915[UE 2 | RB 1] Throughput = 1.43636 Mbps
40025[UE 2 | RB 1] Throughput = 0.65366 Mbps
40134[UE 2 | RB 1] Throughput = 0.98331 Mbps
40245[UE 2 | RB 1] Throughput = 1.52182 Mbps
40354[UE 2 | RB 1] Throughput = 0.65524 Mbps
40455[UE 2 | RB 1] Throughput = 1.43598 Mbps
40555[UE 2 | RB 1] Throughput = 0.83728 Mbps
40664[UE 2 | RB 1] Throughput = 1.31014 Mbps
40765[UE 2 | RB 1] Throughput = 1.19735 Mbps
40865[UE 2 | RB 1] Throughput = 0.95848 Mbps
40975[UE 2 | RB 1] Throughput = 0.65047 Mbps
41085[UE 2 | RB 1] Throughput = 1.42193 Mbps
41195[UE 2 | RB 1] Throughput = 0.76268 Mbps
41304[UE 2 | RB 1] Throughput = 1.41932 Mbps
41405[UE 2 | RB 1] Throughput = 0.71768 Mbps
41505[UE 2 | RB 1] Throughput = 1.43786 Mbps
41615[UE 2 | RB 1] Throughput = 0.65200 Mbps
41725[UE 2 | RB 1] Throughput = 1.31135 Mbps
41825[UE 2 | RB 1] Throughput = 0.71864 Mbps
41925[UE 2 | RB 1] Throughput = 1.43394 Mbps
42034[UE 2 | RB 1] Throughput = 1.20537 Mbps
42135[UE 2 | RB 1] Throughput = 0.71657 Mbps
42235[UE 2 | RB 1] Throughput = 1.55769 Mbps
42345[UE 2 | RB 1] Throughput = 0.87210 Mbps
42445[UE 2 | RB 1] Throughput = 0.95470 Mbps
42555[UE 2 | RB 1] Throughput = 1.30942 Mbps
42664[UE 2 | RB 1] Throughput = 0.76591 Mbps
42774[UE 2 | RB 1] Throughput = 0.97987 Mbps
42875[UE 2 | RB 1] Throughput = 1.31419 Mbps
42984[UE 2 | RB 1] Throughput = 1.31072 Mbps
43085[UE 2 | RB 1] Throughput = 0.83650 Mbps
43195[UE 2 | RB 1] Throughput = 1.20080 Mbps
43295[UE 2 | RB 1] Throughput = 1.19397 Mbps
43404[UE 2 | RB 1] Throughput = 0.65617 Mbps
43504[UE 2 | RB 1] Throughput = 1.43804 Mbps
43605[UE 2 | RB 1] Throughput = 0.71816 Mbps
43715[UE 2 | RB 1] Throughput = 1.30653 Mbps
43815[UE 2 | RB 1] Throughput = 0.71553 Mbps
43925[UE 2 | RB 1] Throughput = 1.31031 Mbps
44025[UE 2 | RB 1] Throughput = 1.07660 Mbps
44135[UE 2 | RB 1] Throughput = 0.97976 Mbps
44245[UE 2 | RB 1] Throughput = 1.09010 Mbps
44355[UE 2 | RB 1] Throughput = 1.09196 Mbps
44464[UE 2 | RB 1] Throughput = 1.20310 Mbps
44565[UE 2 | RB 1] Throughput = 0.71388 Mbps
44665[UE 2 | RB 1] Throughput = 1.19804 Mbps
44775[UE 2 | RB 1] Throughput = 1.20525 Mbps
44875[UE 2 | RB 1] Throughput = 0.83628 Mbps
44985[UE 2 | RB 1] Throughput = 1.30946 Mbps
45085[UE 2 | RB 1] Throughput = 0.71635 Mbps
45185[UE 2 | RB 1] Throughput = 1.31662 Mbps
45295[UE 2 | RB 1] Throughput = 1.09262 Mbps
45395[UE 2 | RB 1] Throughput = 1.31803 Mbps
45495[UE 2 | RB 1] Throughput = 0.71806 Mbps
45605[UE 2 | RB 1] Throughput = 1.30619 Mbps
45705[UE 2 | RB 1] Throughput = 0.71756 Mbps
45815[UE 2 | RB 1] Throughput = 1.30807 Mbps
45925[UE 2 | RB 1] Throughput = 0.65572 Mbps
46025[UE 2 | RB 1] Throughput = 1.67204 Mbps
46135[UE 2 | RB 1] Throughput = 0.65763 Mbps
46245[UE 2 | RB 1] Throughput = 1.30386 Mbps
46355[UE 2 | RB 1] Throughput = 0.87289 Mbps
46465[UE 2 | RB 1] Throughput = 0.98255 Mbps
46565[UE 2 | RB 1] Throughput = 1.19583 Mbps
46675[UE 2 | RB 1] Throughput = 1.31011 Mbps
46775[UE 2 | RB 1] Throughput = 1.19457 Mbps
46875[UE 2 | RB 1] Throughput = 0.95854 Mbps
46975[UE 2 | RB 1] Throughput = 0.83875 Mbps
47075[UE 2 | RB 1] Throughput = 0.71862 Mbps
47185[UE 2 | RB 1] Throughput = 1.52460 Mbps
47295[UE 2 | RB 1] Throughput = 0.98174 Mbps
47395[UE 2 | RB 1] Throughput = 1.31230 Mbps
47505[UE 2 | RB 1] Throughput = 0.65511 Mbps
47615[UE 2 | RB 1] Throughput = 0.98195 Mbps
47715[UE 2 | RB 1] Throughput = 1.07571 Mbps
47815[UE 2 | RB 1] Throughput = 1.43578 Mbps
47925[UE 2 | RB 1] Throughput = 0.87331 Mbps
48025[UE 2 | RB 1] Throughput = 1.55767 Mbps
48126[UE 2 | RB 1] Throughput = 0.71578 Mbps
48235[UE 2 | RB 1] Throughput = 0.87340 Mbps
48345[UE 2 | RB 1] Throughput = 1.30943 Mbps
48445[UE 2 | RB 1] Throughput = 0.95745 Mbps
48555[UE 2 | RB 1] Throughput = 0.87219 Mbps
48655[UE 2 | RB 1] Throughput = 1.43693 Mbps
48765[UE 2 | RB 1] Throughput = 0.65411 Mbps
48865[UE 2 | RB 1] Throughput = 1.43769 Mbps
48975[UE 2 | RB 1] Throughput = 0.76341 Mbps
49075[UE 2 | RB 1] Throughput = 1.67585 Mbps
49185[UE 2 | RB 1] Throughput = 0.98118 Mbps
49295[UE 2 | RB 1] Throughput = 0.87125 Mbps
49405[UE 2 | RB 1] Throughput = 0.65553 Mbps
49505[UE 2 | RB 1] Throughput = 1.67039 Mbps
49615[UE 2 | RB 1] Throughput = 0.87240 Mbps
49725[UE 2 | RB 1] Throughput = 1.30736 Mbps
49825[UE 2 | RB 1] Throughput = 0.95865 Mbps
49935[UE 2 | RB 1] Throughput = 1.09040 Mbps
50035[UE 2 | RB 1] Throughput = 1.07489 Mbps
50145[UE 2 | RB 1] Throughput = 0.76398 Mbps
50245[UE 2 | RB 1] Throughput = 1.43588 Mbps
50355[UE 2 | RB 1] Throughput = 0.76449 Mbps
50455[UE 2 | RB 1] Throughput = 0.95624 Mbps
50565[UE 2 | RB 1] Throughput = 1.41934 Mbps
50675[UE 2 | RB 1] Throughput = 0.65452 Mbps
50775[UE 2 | RB 1] Throughput = 1.67103 Mbps
50886[UE 2 | RB 1] Throughput = 0.87080 Mbps
50996[UE 2 | RB 1] Throughput = 0.65365 Mbps
51105[UE 2 | RB 1] Throughput = 1.75440 Mbps
51205[UE 2 | RB 1] Throughput = 0.71780 Mbps
51305[UE 2 | RB 1] Throughput = 0.71802 Mbps
51415[UE 2 | RB 1] Throughput = 1.74071 Mbps
51526[UE 2 | RB 1] Throughput = 0.65243 Mbps
51635[UE 2 | RB 1] Throughput = 1.31013 Mbps
51735[UE 2 | RB 1] Throughput = 0.71783 Mbps
51836[UE 2 | RB 1] Throughput = 1.43639 Mbps
51945[UE 2 | RB 1] Throughput = 0.65494 Mbps
52055[UE 2 | RB 1] Throughput = 1.30909 Mbps
52156[UE 2 | RB 1] Throughput = 1.31228 Mbps
52265[UE 2 | RB 1] Throughput = 0.65584 Mbps
52365[UE 2 | RB 1] Throughput = 1.43656 Mbps
52475[UE 2 | RB 1] Throughput = 1.20161 Mbps
52575[UE 2 | RB 1] Throughput = 0.71793 Mbps
52675[UE 2 | RB 1] Throughput = 1.31788 Mbps
52776[UE 2 | RB 1] Throughput = 1.19453 Mbps
52885[UE 2 | RB 1] Throughput = 0.76576 Mbps
52995[UE 2 | RB 1] Throughput = 1.19754 Mbps
53105[UE 2 | RB 1] Throughput = 1.20053 Mbps
53205[UE 2 | RB 1] Throughput = 0.83844 Mbps
53306[UE 2 | RB 1] Throughput = 0.71590 Mbps
53415[UE 2 | RB 1] Throughput = 1.42320 Mbps
53515[UE 2 | RB 1] Throughput = 0.71817 Mbps
53625[UE 2 | RB 1] Throughput = 1.20073 Mbps
53725[UE 2 | RB 1] Throughput = 1.31452 Mbps
53835[UE 2 | RB 1] Throughput = 1.09133 Mbps
53936[UE 2 | RB 1] Throughput = 1.19216 Mbps
54045[UE 2 | RB 1] Throughput = 0.65575 Mbps
54146[UE 2 | RB 1] Throughput = 1.31139 Mbps
54255[UE 2 | RB 1] Throughput = 0.87436 Mbps
54355[UE 2 | RB 1] Throughput = 1.31774 Mbps
54465[UE 2 | RB 1] Throughput = 1.30993 Mbps
54565[UE 2 | RB 1] Throughput = 0.59784 Mbps
54666[UE 2 | RB 1] Throughput = 1.31679 Mbps
54776[UE 2 | RB 1] Throughput = 0.87026 Mbps
54885[UE 2 | RB 1] Throughput = 1.30952 Mbps
54986[UE 2 | RB 1] Throughput = 0.83678 Mbps
55095[UE 2 | RB 1] Throughput = 1.20314 Mbps
55195[UE 2 | RB 1] Throughput = 0.83823 Mbps
55296[UE 2 | RB 1] Throughput = 1.19594 Mbps
55406[UE 2 | RB 1] Throughput = 1.19705 Mbps
55515[UE 2 | RB 1] Throughput = 1.20099 Mbps
55626[UE 2 | RB 1] Throughput = 1.08456 Mbps
55735[UE 2 | RB 1] Throughput = 0.76658 Mbps
55835[UE 2 | RB 1] Throughput = 1.19760 Mbps
55946[UE 2 | RB 1] Throughput = 1.19764 Mbps
56055[UE 2 | RB 1] Throughput = 0.76497 Mbps
56155[UE 2 | RB 1] Throughput = 1.31807 Mbps
56255[UE 2 | RB 1] Throughput = 1.19800 Mbps
56355[UE 2 | RB 1] Throughput = 0.71733 Mbps
56466[UE 2 | RB 1] Throughput = 1.08767 Mbps
56575[UE 2 | RB 1] Throughput = 0.87615 Mbps
56675[UE 2 | RB 1] Throughput = 1.55681 Mbps
56775[UE 2 | RB 1] Throughput = 0.83639 Mbps
56876[UE 2 | RB 1] Throughput = 0.83844 Mbps
56976[UE 2 | RB 1] Throughput = 1.55759 Mbps
57086[UE 2 | RB 1] Throughput = 0.97957 Mbps
57195[UE 2 | RB 1] Throughput = 1.20308 Mbps
57296[UE 2 | RB 1] Throughput = 0.71654 Mbps
57406[UE 2 | RB 1] Throughput = 1.08796 Mbps
57516[UE 2 | RB 1] Throughput = 1.19892 Mbps
57616[UE 2 | RB 1] Throughput = 1.07781 Mbps
57725[UE 2 | RB 1] Throughput = 1.09258 Mbps
57826[UE 2 | RB 1] Throughput = 1.19214 Mbps
57936[UE 2 | RB 1] Throughput = 0.65377 Mbps
58046[UE 2 | RB 1] Throughput = 1.20168 Mbps
58156[UE 2 | RB 1] Throughput = 1.19568 Mbps
58266[UE 2 | RB 1] Throughput = 1.20086 Mbps
58376[UE 2 | RB 1] Throughput = 0.65205 Mbps
58486[UE 2 | RB 1] Throughput = 1.30515 Mbps
58596[UE 2 | RB 1] Throughput = 1.09190 Mbps
58696[UE 2 | RB 1] Throughput = 0.95807 Mbps
58806[UE 2 | RB 1] Throughput = 1.08973 Mbps
58906[UE 2 | RB 1] Throughput = 1.31757 Mbps
59006[UE 2 | RB 1] Throughput = 0.83772 Mbps
59116[UE 2 | RB 1] Throughput = 1.30901 Mbps
59226[UE 2 | RB 1] Throughput = 0.65574 Mbps
59326[UE 2 | RB 1] Throughput = 1.31330 Mbps
59426[UE 2 | RB 1] Throughput = 1.07846 Mbps
59536[UE 2 | RB 1] Throughput = 0.98259 Mbps
59646[UE 2 | RB 1] Throughput = 1.19600 Mbps
59756[UE 2 | RB 1] Throughput = 0.98310 Mbps
59856[UE 2 | RB 1] Throughput = 1.19474 Mbps
59966[UE 2 | RB 1] Throughput = 1.09314 Mbps
60076[UE 2 | RB 1] Throughput = 0.87166 Mbps
60176[UE 2 | RB 1] Throughput = 1.43499 Mbps
60276[UE 2 | RB 1] Throughput = 0.71780 Mbps
60385[UE 2 | RB 1] Throughput = 0.76615 Mbps
60486[UE 2 | RB 1] Throughput = 1.54948 Mbps
60586[UE 2 | RB 1] Throughput = 0.95676 Mbps
60686[UE 2 | RB 1] Throughput = 0.95861 Mbps
60796[UE 2 | RB 1] Throughput = 1.41953 Mbps
60906[UE 2 | RB 1] Throughput = 0.65311 Mbps
61016[UE 2 | RB 1] Throughput = 1.31075 Mbps
61116[UE 2 | RB 1] Throughput = 0.95820 Mbps
61216[UE 2 | RB 1] Throughput = 1.43228 Mbps
61326[UE 2 | RB 1] Throughput = 0.65460 Mbps
61426[UE 2 | RB 1] Throughput = 0.83793 Mbps
61536[UE 2 | RB 1] Throughput = 1.52359 Mbps
61646[UE 2 | RB 1] Throughput = 0.87550 Mbps
61746[UE 2 | RB 1] Throughput = 1.31542 Mbps
61846[UE 2 | RB 1] Throughput = 0.59787 Mbps
61956[UE 2 | RB 1] Throughput = 1.53533 Mbps
62056[UE 2 | RB 1] Throughput = 0.59767 Mbps
62166[UE 2 | RB 1] Throughput = 1.30495 Mbps
62276[UE 2 | RB 1] Throughput = 1.20180 Mbps
62376[UE 2 | RB 1] Throughput = 0.71509 Mbps
62486[UE 2 | RB 1] Throughput = 1.30746 Mbps
62596[UE 2 | RB 1] Throughput = 0.65361 Mbps
62706[UE 2 | RB 1] Throughput = 1.19967 Mbps
62806[UE 2 | RB 1] Throughput = 1.31527 Mbps
62916[UE 2 | RB 1] Throughput = 1.20039 Mbps
63016[UE 2 | RB 1] Throughput = 1.19705 Mbps
63126[UE 2 | RB 1] Throughput = 0.65678 Mbps
63226[UE 2 | RB 1] Throughput = 1.43439 Mbps
63326[UE 2 | RB 1] Throughput = 0.95850 Mbps
63436[UE 2 | RB 1] Throughput = 1.19746 Mbps
63546[UE 2 | RB 1] Throughput = 0.65396 Mbps
63646[UE 2 | RB 1] Throughput = 1.31560 Mbps
63756[UE 2 | RB 1] Throughput = 1.08840 Mbps
63866[UE 2 | RB 1] Throughput = 0.98117 Mbps
63976[UE 2 | RB 1] Throughput = 1.20509 Mbps
64076[UE 2 | RB 1] Throughput = 1.07384 Mbps
64186[UE 2 | RB 1] Throughput = 1.19734 Mbps
64296[UE 2 | RB 1] Throughput = 0.76447 Mbps
64406[UE 2 | RB 1] Throughput = 1.30732 Mbps
64516[UE 2 | RB 1] Throughput = 0.76215 Mbps
64626[UE 2 | RB 1] Throughput = 0.98135 Mbps
64736[UE 2 | RB 1] Throughput = 1.30735 Mbps
64846[UE 2 | RB 1] Throughput = 1.08941 Mbps
64956[UE 2 | RB 1] Throughput = 1.30731 Mbps
65056[UE 2 | RB 1] Throughput = 0.71623 Mbps
65166[UE 2 | RB 1] Throughput = 1.09219 Mbps
65266[UE 2 | RB 1] Throughput = 0.83664 Mbps
65376[UE 2 | RB 1] Throughput = 1.20440 Mbps
65476[UE 2 | RB 1] Throughput = 1.43581 Mbps
65576[UE 2 | RB 1] Throughput = 0.71862 Mbps
65687[UE 2 | RB 1] Throughput = 1.19261 Mbps
65796[UE 2 | RB 1] Throughput = 1.31129 Mbps
65896[UE 2 | RB 1] Throughput = 0.71899 Mbps
66006[UE 2 | RB 1] Throughput = 1.31173 Mbps
66106[UE 2 | RB 1] Throughput = 0.71826 Mbps
66216[UE 2 | RB 1] Throughput = 1.08893 Mbps
66326[UE 2 | RB 1] Throughput = 1.30960 Mbps
66426[UE 2 | RB 1] Throughput = 1.07692 Mbps
66536[UE 2 | RB 1] Throughput = 1.19745 Mbps
66636[UE 2 | RB 1] Throughput = 0.83722 Mbps
66746[UE 2 | RB 1] Throughput = 1.20351 Mbps
66846[UE 2 | RB 1] Throughput = 0.95386 Mbps
66956[UE 2 | RB 1] Throughput = 1.20045 Mbps
67056[UE 2 | RB 1] Throughput = 0.59848 Mbps
67166[UE 2 | RB 1] Throughput = 1.20463 Mbps
67266[UE 2 | RB 1] Throughput = 1.31125 Mbps
67366[UE 2 | RB 1] Throughput = 1.19743 Mbps
67476[UE 2 | RB 1] Throughput = 0.65263 Mbps
67587[UE 2 | RB 1] Throughput = 1.30564 Mbps
67696[UE 2 | RB 1] Throughput = 1.09268 Mbps
67806[UE 2 | RB 1] Throughput = 1.20075 Mbps
67906[UE 2 | RB 1] Throughput = 0.71713 Mbps
68016[UE 2 | RB 1] Throughput = 0.98118 Mbps
68116[UE 2 | RB 1] Throughput = 1.19793 Mbps
68216[UE 2 | RB 1] Throughput = 1.19751 Mbps
68326[UE 2 | RB 1] Throughput = 1.19782 Mbps
68436[UE 2 | RB 1] Throughput = 1.09255 Mbps
68536[UE 2 | RB 1] Throughput = 0.71707 Mbps
68646[UE 2 | RB 1] Throughput = 1.31607 Mbps
68746[UE 2 | RB 1] Throughput = 0.71369 Mbps
68856[UE 2 | RB 1] Throughput = 1.52647 Mbps
68966[UE 2 | RB 1] Throughput = 0.65557 Mbps
69066[UE 2 | RB 1] Throughput = 0.83837 Mbps
69166[UE 2 | RB 1] Throughput = 1.79498 Mbps
69276[UE 2 | RB 1] Throughput = 0.87387 Mbps
69376[UE 2 | RB 1] Throughput = 0.95592 Mbps
69486[UE 2 | RB 1] Throughput = 1.08959 Mbps
69586[UE 2 | RB 1] Throughput = 1.31536 Mbps
69687[UE 2 | RB 1] Throughput = 0.83776 Mbps
69797[UE 2 | RB 1] Throughput = 0.98092 Mbps
69906[UE 2 | RB 1] Throughput = 1.20530 Mbps
70006[UE 2 | RB 1] Throughput = 0.83572 Mbps
70106[UE 2 | RB 1] Throughput = 1.07825 Mbps
70206[UE 2 | RB 1] Throughput = 1.19780 Mbps
70307[UE 2 | RB 1] Throughput = 1.31575 Mbps
70416[UE 2 | RB 1] Throughput = 0.65473 Mbps
70526[UE 2 | RB 1] Throughput = 1.30831 Mbps
70637[UE 2 | RB 1] Throughput = 1.19527 Mbps
70746[UE 2 | RB 1] Throughput = 0.98386 Mbps
70856[UE 2 | RB 1] Throughput = 1.19789 Mbps
70966[UE 2 | RB 1] Throughput = 0.65306 Mbps
71077[UE 2 | RB 1] Throughput = 1.19573 Mbps
71186[UE 2 | RB 1] Throughput = 1.20041 Mbps
71296[UE 2 | RB 1] Throughput = 0.65443 Mbps
71406[UE 2 | RB 1] Throughput = 1.63451 Mbps
71506[UE 2 | RB 1] Throughput = 1.07626 Mbps
71607[UE 2 | RB 1] Throughput = 0.95791 Mbps
71716[UE 2 | RB 1] Throughput = 0.98673 Mbps
71817[UE 2 | RB 1] Throughput = 0.71347 Mbps
71926[UE 2 | RB 1] Throughput = 1.20148 Mbps
72036[UE 2 | RB 1] Throughput = 1.20105 Mbps
72136[UE 2 | RB 1] Throughput = 1.31397 Mbps
72237[UE 2 | RB 1] Throughput = 0.71854 Mbps
72346[UE 2 | RB 1] Throughput = 1.31255 Mbps
72446[UE 2 | RB 1] Throughput = 0.71680 Mbps
72546[UE 2 | RB 1] Throughput = 1.31824 Mbps
72656[UE 2 | RB 1] Throughput = 0.65556 Mbps
72757[UE 2 | RB 1] Throughput = 1.31248 Mbps
72866[UE 2 | RB 1] Throughput = 1.20311 Mbps
72966[UE 2 | RB 1] Throughput = 1.31588 Mbps
73066[UE 2 | RB 1] Throughput = 0.59787 Mbps
73166[UE 2 | RB 1] Throughput = 1.43805 Mbps
73266[UE 2 | RB 1] Throughput = 0.71890 Mbps
73376[UE 2 | RB 1] Throughput = 1.09156 Mbps
73486[UE 2 | RB 1] Throughput = 1.31062 Mbps
73586[UE 2 | RB 1] Throughput = 1.07580 Mbps
73687[UE 2 | RB 1] Throughput = 1.07537 Mbps
73796[UE 2 | RB 1] Throughput = 1.09219 Mbps
73906[UE 2 | RB 1] Throughput = 1.19767 Mbps
74016[UE 2 | RB 1] Throughput = 0.98281 Mbps
74116[UE 2 | RB 1] Throughput = 0.95622 Mbps
74217[UE 2 | RB 1] Throughput = 1.07680 Mbps
74317[UE 2 | RB 1] Throughput = 1.07840 Mbps
74417[UE 2 | RB 1] Throughput = 1.31727 Mbps
74517[UE 2 | RB 1] Throughput = 0.59825 Mbps
74626[UE 2 | RB 1] Throughput = 1.20333 Mbps
74726[UE 2 | RB 1] Throughput = 0.95838 Mbps
74836[UE 2 | RB 1] Throughput = 1.19815 Mbps
74937[UE 2 | RB 1] Throughput = 0.95410 Mbps
75046[UE 2 | RB 1] Throughput = 1.20329 Mbps
75146[UE 2 | RB 1] Throughput = 1.07788 Mbps
75256[UE 2 | RB 1] Throughput = 0.98217 Mbps
75357[UE 2 | RB 1] Throughput = 1.07276 Mbps
75466[UE 2 | RB 1] Throughput = 1.09276 Mbps
75576[UE 2 | RB 1] Throughput = 1.09024 Mbps
75686[UE 2 | RB 1] Throughput = 0.98169 Mbps
75787[UE 2 | RB 1] Throughput = 1.07207 Mbps
75896[UE 2 | RB 1] Throughput = 1.20407 Mbps
75996[UE 2 | RB 1] Throughput = 1.19827 Mbps
76097[UE 2 | RB 1] Throughput = 1.07328 Mbps
76207[UE 2 | RB 1] Throughput = 0.76298 Mbps
76317[UE 2 | RB 1] Throughput = 1.30951 Mbps
76426[UE 2 | RB 1] Throughput = 0.98385 Mbps
76526[UE 2 | RB 1] Throughput = 1.19646 Mbps
76636[UE 2 | RB 1] Throughput = 0.76365 Mbps
76737[UE 2 | RB 1] Throughput = 1.19579 Mbps
76837[UE 2 | RB 1] Throughput = 1.19289 Mbps
76947[UE 2 | RB 1] Throughput = 1.09150 Mbps
77057[UE 2 | RB 1] Throughput = 0.98280 Mbps
77157[UE 2 | RB 1] Throughput = 1.07452 Mbps
77266[UE 2 | RB 1] Throughput = 1.20322 Mbps
77367[UE 2 | RB 1] Throughput = 0.83769 Mbps
77477[UE 2 | RB 1] Throughput = 1.08930 Mbps
77577[UE 2 | RB 1] Throughput = 1.31591 Mbps
77677[UE 2 | RB 1] Throughput = 0.59849 Mbps
77787[UE 2 | RB 1] Throughput = 1.30390 Mbps
77896[UE 2 | RB 1] Throughput = 1.20747 Mbps
77997[UE 2 | RB 1] Throughput = 1.07140 Mbps
78098[UE 2 | RB 1] Throughput = 0.83205 Mbps
78207[UE 2 | RB 1] Throughput = 1.20878 Mbps
78317[UE 2 | RB 1] Throughput = 1.20039 Mbps
78417[UE 2 | RB 1] Throughput = 0.59882 Mbps
78527[UE 2 | RB 1] Throughput = 1.30754 Mbps
78637[UE 2 | RB 1] Throughput = 1.30463 Mbps
78747[UE 2 | RB 1] Throughput = 0.65617 Mbps
78847[UE 2 | RB 1] Throughput = 1.43791 Mbps
78947[UE 2 | RB 1] Throughput = 0.71709 Mbps
79047[UE 2 | RB 1] Throughput = 1.43314 Mbps
79157[UE 2 | RB 1] Throughput = 0.65514 Mbps
79267[UE 2 | RB 1] Throughput = 1.31043 Mbps
79377[UE 2 | RB 1] Throughput = 0.98115 Mbps
79477[UE 2 | RB 1] Throughput = 1.43474 Mbps
79577[UE 2 | RB 1] Throughput = 0.59668 Mbps
79687[UE 2 | RB 1] Throughput = 1.31257 Mbps
79787[UE 2 | RB 1] Throughput = 1.19794 Mbps
79897[UE 2 | RB 1] Throughput = 0.76216 Mbps
79997[UE 2 | RB 1] Throughput = 1.31788 Mbps
80107[UE 2 | RB 1] Throughput = 1.20265 Mbps
80207[UE 2 | RB 1] Throughput = 0.71413 Mbps
80317[UE 2 | RB 1] Throughput = 1.09423 Mbps
80427[UE 2 | RB 1] Throughput = 1.30405 Mbps
80537[UE 2 | RB 1] Throughput = 0.97955 Mbps
80647[UE 2 | RB 1] Throughput = 1.09575 Mbps
80747[UE 2 | RB 1] Throughput = 0.95290 Mbps
80857[UE 2 | RB 1] Throughput = 1.20075 Mbps
80967[UE 2 | RB 1] Throughput = 1.08840 Mbps
81077[UE 2 | RB 1] Throughput = 0.76381 Mbps
81177[UE 2 | RB 1] Throughput = 1.31752 Mbps
81287[UE 2 | RB 1] Throughput = 1.19687 Mbps
81387[UE 2 | RB 1] Throughput = 0.83854 Mbps
81487[UE 2 | RB 1] Throughput = 0.83613 Mbps
81597[UE 2 | RB 1] Throughput = 1.20198 Mbps
81707[UE 2 | RB 1] Throughput = 1.20092 Mbps
81807[UE 2 | RB 1] Throughput = 0.71735 Mbps
81917[UE 2 | RB 1] Throughput = 1.30724 Mbps
82027[UE 2 | RB 1] Throughput = 1.08903 Mbps
82137[UE 2 | RB 1] Throughput = 0.65544 Mbps
82237[UE 2 | RB 1] Throughput = 1.43178 Mbps
82337[UE 2 | RB 1] Throughput = 0.95865 Mbps
82447[UE 2 | RB 1] Throughput = 1.30805 Mbps
82557[UE 2 | RB 1] Throughput = 0.65535 Mbps
82657[UE 2 | RB 1] Throughput = 1.31806 Mbps
82767[UE 2 | RB 1] Throughput = 1.30619 Mbps
82877[UE 2 | RB 1] Throughput = 1.20315 Mbps
82987[UE 2 | RB 1] Throughput = 0.65326 Mbps
83087[UE 2 | RB 1] Throughput = 0.95494 Mbps
83187[UE 2 | RB 1] Throughput = 1.55490 Mbps
83297[UE 2 | RB 1] Throughput = 0.76602 Mbps
83407[UE 2 | RB 1] Throughput = 0.86931 Mbps
83517[UE 2 | RB 1] Throughput = 1.52564 Mbps
83627[UE 2 | RB 1] Throughput = 0.65493 Mbps
83727[UE 2 | RB 1] Throughput = 1.43054 Mbps
83837[UE 2 | RB 1] Throughput = 1.31486 Mbps
83937[UE 2 | RB 1] Throughput = 0.71725 Mbps
84048[UE 2 | RB 1] Throughput = 1.19247 Mbps
84157[UE 2 | RB 1] Throughput = 0.65622 Mbps
84257[UE 2 | RB 1] Throughput = 1.67717 Mbps
84357[UE 2 | RB 1] Throughput = 0.71743 Mbps
84467[UE 2 | RB 1] Throughput = 1.31117 Mbps
84567[UE 2 | RB 1] Throughput = 0.71827 Mbps
84677[UE 2 | RB 1] Throughput = 1.08947 Mbps
84787[UE 2 | RB 1] Throughput = 1.31132 Mbps
84897[UE 2 | RB 1] Throughput = 1.08405 Mbps
85007[UE 2 | RB 1] Throughput = 1.09387 Mbps
85117[UE 2 | RB 1] Throughput = 1.09180 Mbps
85217[UE 2 | RB 1] Throughput = 0.83517 Mbps
85317[UE 2 | RB 1] Throughput = 0.95838 Mbps
85427[UE 2 | RB 1] Throughput = 1.30577 Mbps
85538[UE 2 | RB 1] Throughput = 0.75692 Mbps
85647[UE 2 | RB 1] Throughput = 1.20628 Mbps
85757[UE 2 | RB 1] Throughput = 1.20210 Mbps
85857[UE 2 | RB 1] Throughput = 1.19682 Mbps
85967[UE 2 | RB 1] Throughput = 1.09116 Mbps
86067[UE 2 | RB 1] Throughput = 1.19613 Mbps
86177[UE 2 | RB 1] Throughput = 0.54466 Mbps
86287[UE 2 | RB 1] Throughput = 1.41834 Mbps
86387[UE 2 | RB 1] Throughput = 1.19692 Mbps
86497[UE 2 | RB 1] Throughput = 0.87411 Mbps
86598[UE 2 | RB 1] Throughput = 0.83323 Mbps
86707[UE 2 | RB 1] Throughput = 1.30864 Mbps
86817[UE 2 | RB 1] Throughput = 0.98173 Mbps
86927[UE 2 | RB 1] Throughput = 1.19871 Mbps
87027[UE 2 | RB 1] Throughput = 0.83748 Mbps
87128[UE 2 | RB 1] Throughput = 1.31798 Mbps
87238[UE 2 | RB 1] Throughput = 0.65363 Mbps
87347[UE 2 | RB 1] Throughput = 1.52596 Mbps
87448[UE 2 | RB 1] Throughput = 0.83850 Mbps
87557[UE 2 | RB 1] Throughput = 1.09257 Mbps
87657[UE 2 | RB 1] Throughput = 0.71711 Mbps
87767[UE 2 | RB 1] Throughput = 1.31226 Mbps
87867[UE 2 | RB 1] Throughput = 1.19488 Mbps
87977[UE 2 | RB 1] Throughput = 1.19837 Mbps
88078[UE 2 | RB 1] Throughput = 0.71789 Mbps
88187[UE 2 | RB 1] Throughput = 1.31063 Mbps
88297[UE 2 | RB 1] Throughput = 1.20312 Mbps
88397[UE 2 | RB 1] Throughput = 0.71714 Mbps
88507[UE 2 | RB 1] Throughput = 1.19629 Mbps
88608[UE 2 | RB 1] Throughput = 1.31377 Mbps
88717[UE 2 | RB 1] Throughput = 0.65543 Mbps
88827[UE 2 | RB 1] Throughput = 1.20008 Mbps
88927[UE 2 | RB 1] Throughput = 1.31503 Mbps
89027[UE 2 | RB 1] Throughput = 0.71880 Mbps
89128[UE 2 | RB 1] Throughput = 1.31130 Mbps
89237[UE 2 | RB 1] Throughput = 1.09514 Mbps
89348[UE 2 | RB 1] Throughput = 1.19687 Mbps
89449[UE 2 | RB 1] Throughput = 0.59328 Mbps
89557[UE 2 | RB 1] Throughput = 1.32055 Mbps
89668[UE 2 | RB 1] Throughput = 0.65316 Mbps
89777[UE 2 | RB 1] Throughput = 1.52951 Mbps
89877[UE 2 | RB 1] Throughput = 0.95615 Mbps
89978[UE 2 | RB 1] Throughput = 1.31620 Mbps
[xApp]: E42 RIC_SUBSCRIPTION_DELETE_REQUEST tx RAN_FUNC_ID 144 RIC_REQ_ID 1 
[xApp]: E42 SUBSCRIPTION DELETE RESPONSE rx
[xApp]: E42 RIC_SUBSCRIPTION_DELETE_REQUEST tx RAN_FUNC_ID 144 RIC_REQ_ID 2 
[xApp]: E42 SUBSCRIPTION DELETE RESPONSE rx
[xApp]: E42 RIC_SUBSCRIPTION_DELETE_REQUEST tx RAN_FUNC_ID 144 RIC_REQ_ID 3 
[xApp]: E42 SUBSCRIPTION DELETE RESPONSE rx
[xApp]: E42 RIC_SUBSCRIPTION_DELETE_REQUEST tx RAN_FUNC_ID 144 RIC_REQ_ID 4 
[xApp]: E42 SUBSCRIPTION DELETE RESPONSE rx
[xApp]: Sucessfully stopped 
Test xApp run SUCCESSFULLY
