[UTIL]: Setting the config -c file to /usr/local/etc/flexric/flexric.conf
[UTIL]: Setting path -p for the shared libraries to /usr/local/lib/flexric/
[xAapp]: Initializing ... 
[xApp]: nearRT-RIC IP Address = 192.168.70.150, PORT = 36422
[E2 AGENT]: Opening plugin from path = /usr/local/lib/flexric/libkpm_sm.so 
[E2 AGENT]: Opening plugin from path = /usr/local/lib/flexric/libmac_sm.so 
[E2 AGENT]: Opening plugin from path = /usr/local/lib/flexric/libpdcp_sm.so 
[E2 AGENT]: Opening plugin from path = /usr/local/lib/flexric/libgtp_sm.so 
[E2 AGENT]: Opening plugin from path = /usr/local/lib/flexric/librc_sm.so 
[E2 AGENT]: Opening plugin from path = /usr/local/lib/flexric/libtc_sm.so 
[E2 AGENT]: Opening plugin from path = /usr/local/lib/flexric/librlc_sm.so 
[E2 AGENT]: Opening plugin from path = /usr/local/lib/flexric/libslice_sm.so 
[NEAR-RIC]: Loading SM ID = 2 with def = ORAN-E2SM-KPM 
[NEAR-RIC]: Loading SM ID = 142 with def = MAC_STATS_V0 
[NEAR-RIC]: Loading SM ID = 144 with def = PDCP_STATS_V0 
[NEAR-RIC]: Loading SM ID = 148 with def = GTP_STATS_V0 
[NEAR-RIC]: Loading SM ID = 3 with def = ORAN-E2SM-RC 
[NEAR-RIC]: Loading SM ID = 146 with def = TC_STATS_V0 
[NEAR-RIC]: Loading SM ID = 143 with def = RLC_STATS_V0 
[NEAR-RIC]: Loading SM ID = 145 with def = SLICE_STATS_V0 
[xApp]: DB filename = /tmp/flexric/xapp_db 
 [xApp]: E42 SETUP-REQUEST tx
[xApp]: E42 SETUP-RESPONSE rx 
[xApp]: xApp ID = 62 
[xApp]: Registered E2 Nodes = 4 
Connected E2 nodes = 4
[xAPP] Registered node 0 ran func id = 2 
 [xAPP] Registered node 0 ran func id = 3 
 [xAPP] Registered node 0 ran func id = 142 
 [xAPP] Registered node 0 ran func id = 143 
 [xAPP] Registered node 0 ran func id = 144 
 [xAPP] Registered node 0 ran func id = 145 
 [xAPP] Registered node 0 ran func id = 146 
 [xAPP] Registered node 0 ran func id = 148 
 [xApp]: E42 RIC SUBSCRIPTION REQUEST tx RAN_FUNC_ID 144 RIC_REQ_ID 1 
[xApp]: SUBSCRIPTION RESPONSE rx
[xApp]: Successfully subscribed to RAN_FUNC_ID 144 
[xAPP] Registered node 1 ran func id = 2 
 [xAPP] Registered node 1 ran func id = 3 
 [xAPP] Registered node 1 ran func id = 142 
 [xAPP] Registered node 1 ran func id = 143 
 [xAPP] Registered node 1 ran func id = 144 
 [xAPP] Registered node 1 ran func id = 145 
 [xAPP] Registered node 1 ran func id = 146 
 [xAPP] Registered node 1 ran func id = 148 
 [xApp]: E42 RIC SUBSCRIPTION REQUEST tx RAN_FUNC_ID 144 RIC_REQ_ID 2 
[xApp]: SUBSCRIPTION RESPONSE rx
[xApp]: Successfully subscribed to RAN_FUNC_ID 144 
[xAPP] Registered node 2 ran func id = 2 
 [xAPP] Registered node 2 ran func id = 3 
 [xAPP] Registered node 2 ran func id = 142 
 [xAPP] Registered node 2 ran func id = 143 
 [xAPP] Registered node 2 ran func id = 144 
 [xAPP] Registered node 2 ran func id = 145 
 [xAPP] Registered node 2 ran func id = 146 
 [xAPP] Registered node 2 ran func id = 148 
 [xApp]: E42 RIC SUBSCRIPTION REQUEST tx RAN_FUNC_ID 144 RIC_REQ_ID 3 
[xApp]: SUBSCRIPTION RESPONSE rx
[xApp]: Successfully subscribed to RAN_FUNC_ID 144 
[xAPP] Registered node 3 ran func id = 2 
 [xAPP] Registered node 3 ran func id = 3 
 [xAPP] Registered node 3 ran func id = 142 
 [xAPP] Registered node 3 ran func id = 143 
 [xAPP] Registered node 3 ran func id = 144 
 [xAPP] Registered node 3 ran func id = 145 
 [xAPP] Registered node 3 ran func id = 146 
 [xAPP] Registered node 3 ran func id = 148 
 [xApp]: E42 RIC SUBSCRIPTION REQUEST tx RAN_FUNC_ID 144 RIC_REQ_ID 4 
[xApp]: SUBSCRIPTION RESPONSE rx
[xApp]: Successfully subscribed to RAN_FUNC_ID 144 
123[UE 1 | RB 1] Throughput = 1.19624 Mbps
233[UE 1 | RB 1] Throughput = 0.87358 Mbps
333[UE 1 | RB 1] Throughput = 1.19216 Mbps
443[UE 1 | RB 1] Throughput = 0.76703 Mbps
543[UE 1 | RB 1] Throughput = 1.55447 Mbps
643[UE 1 | RB 1] Throughput = 0.83711 Mbps
753[UE 1 | RB 1] Throughput = 0.98347 Mbps
853[UE 1 | RB 1] Throughput = 1.31788 Mbps
953[UE 1 | RB 1] Throughput = 0.95393 Mbps
1063[UE 1 | RB 1] Throughput = 1.09596 Mbps
1163[UE 1 | RB 1] Throughput = 0.95769 Mbps
1273[UE 1 | RB 1] Throughput = 1.08913 Mbps
1373[UE 1 | RB 1] Throughput = 1.19750 Mbps
1473[UE 1 | RB 1] Throughput = 1.07789 Mbps
1574[UE 1 | RB 1] Throughput = 0.94946 Mbps
1683[UE 1 | RB 1] Throughput = 1.20714 Mbps
1793[UE 1 | RB 1] Throughput = 0.98253 Mbps
1893[UE 1 | RB 1] Throughput = 1.07660 Mbps
2003[UE 1 | RB 1] Throughput = 1.09082 Mbps
2103[UE 1 | RB 1] Throughput = 0.95765 Mbps
2213[UE 1 | RB 1] Throughput = 1.09149 Mbps
2313[UE 1 | RB 1] Throughput = 1.31312 Mbps
2423[UE 1 | RB 1] Throughput = 0.32767 Mbps
2533[UE 1 | RB 1] Throughput = 1.19983 Mbps
2633[UE 1 | RB 1] Throughput = 1.31515 Mbps
2733[UE 1 | RB 1] Throughput = 1.31632 Mbps
2843[UE 1 | RB 1] Throughput = 1.20280 Mbps
2943[UE 1 | RB 1] Throughput = 1.07768 Mbps
3043[UE 1 | RB 1] Throughput = 0.23923 Mbps
3153[UE 1 | RB 1] Throughput = 1.30259 Mbps
3263[UE 1 | RB 1] Throughput = 1.20018 Mbps
3373[UE 1 | RB 1] Throughput = 1.30968 Mbps
3483[UE 1 | RB 1] Throughput = 1.19629 Mbps
3593[UE 1 | RB 1] Throughput = 0.97945 Mbps
3704[UE 1 | RB 1] Throughput = 0.97923 Mbps
3813[UE 1 | RB 1] Throughput = 0.98379 Mbps
3923[UE 1 | RB 1] Throughput = 1.09047 Mbps
4024[UE 1 | RB 1] Throughput = 0.95151 Mbps
4133[UE 1 | RB 1] Throughput = 1.42479 Mbps
4243[UE 1 | RB 1] Throughput = 0.87246 Mbps
4353[UE 1 | RB 1] Throughput = 1.09034 Mbps
4453[UE 1 | RB 1] Throughput = 0.95717 Mbps
4553[UE 1 | RB 1] Throughput = 1.19797 Mbps
4663[UE 1 | RB 1] Throughput = 0.76075 Mbps
4764[UE 1 | RB 1] Throughput = 1.43773 Mbps
4864[UE 1 | RB 1] Throughput = 0.95848 Mbps
4973[UE 1 | RB 1] Throughput = 1.20118 Mbps
5074[UE 1 | RB 1] Throughput = 0.95614 Mbps
5183[UE 1 | RB 1] Throughput = 0.98129 Mbps
5293[UE 1 | RB 1] Throughput = 1.20166 Mbps
5393[UE 1 | RB 1] Throughput = 0.95713 Mbps
5503[UE 1 | RB 1] Throughput = 1.19963 Mbps
5613[UE 1 | RB 1] Throughput = 1.19848 Mbps
5713[UE 1 | RB 1] Throughput = 0.83781 Mbps
5823[UE 1 | RB 1] Throughput = 0.98306 Mbps
5923[UE 1 | RB 1] Throughput = 1.19759 Mbps
6023[UE 1 | RB 1] Throughput = 1.31645 Mbps
6123[UE 1 | RB 1] Throughput = 0.83802 Mbps
6233[UE 1 | RB 1] Throughput = 0.76319 Mbps
6334[UE 1 | RB 1] Throughput = 0.95625 Mbps
6443[UE 1 | RB 1] Throughput = 0.98654 Mbps
6543[UE 1 | RB 1] Throughput = 1.19302 Mbps
6653[UE 1 | RB 1] Throughput = 0.98261 Mbps
6763[UE 1 | RB 1] Throughput = 1.63242 Mbps
6863[UE 1 | RB 1] Throughput = 1.19761 Mbps
6963[UE 1 | RB 1] Throughput = 0.95789 Mbps
7073[UE 1 | RB 1] Throughput = 0.98332 Mbps
7173[UE 1 | RB 1] Throughput = 1.19808 Mbps
7274[UE 1 | RB 1] Throughput = 0.95307 Mbps
7383[UE 1 | RB 1] Throughput = 1.09533 Mbps
7483[UE 1 | RB 1] Throughput = 1.07761 Mbps
7583[UE 1 | RB 1] Throughput = 0.83650 Mbps
7684[UE 1 | RB 1] Throughput = 1.19708 Mbps
7793[UE 1 | RB 1] Throughput = 1.20136 Mbps
7903[UE 1 | RB 1] Throughput = 0.97980 Mbps
8003[UE 1 | RB 1] Throughput = 1.19721 Mbps
8103[UE 1 | RB 1] Throughput = 0.95844 Mbps
8204[UE 1 | RB 1] Throughput = 0.95600 Mbps
8304[UE 1 | RB 1] Throughput = 1.19778 Mbps
8413[UE 1 | RB 1] Throughput = 1.09442 Mbps
8513[UE 1 | RB 1] Throughput = 0.95872 Mbps
8623[UE 1 | RB 1] Throughput = 1.08991 Mbps
8723[UE 1 | RB 1] Throughput = 1.19723 Mbps
8824[UE 1 | RB 1] Throughput = 0.95630 Mbps
8934[UE 1 | RB 1] Throughput = 0.76331 Mbps
9044[UE 1 | RB 1] Throughput = 1.19842 Mbps
9153[UE 1 | RB 1] Throughput = 0.98389 Mbps
9253[UE 1 | RB 1] Throughput = 1.07817 Mbps
9363[UE 1 | RB 1] Throughput = 1.19915 Mbps
9464[UE 1 | RB 1] Throughput = 1.31282 Mbps
9564[UE 1 | RB 1] Throughput = 0.00000 Mbps
9674[UE 1 | RB 1] Throughput = 1.63457 Mbps
9774[UE 1 | RB 1] Throughput = 1.79652 Mbps
9883[UE 1 | RB 1] Throughput = 0.00000 Mbps
9984[UE 1 | RB 1] Throughput = 1.78887 Mbps
10094[UE 1 | RB 1] Throughput = 1.31018 Mbps
10194[UE 1 | RB 1] Throughput = 0.23967 Mbps
10303[UE 1 | RB 1] Throughput = 1.20305 Mbps
10403[UE 1 | RB 1] Throughput = 1.79299 Mbps
10504[UE 1 | RB 1] Throughput = 0.23893 Mbps
10613[UE 1 | RB 1] Throughput = 1.74973 Mbps
10714[UE 1 | RB 1] Throughput = 0.83675 Mbps
10824[UE 1 | RB 1] Throughput = 1.19876 Mbps
10933[UE 1 | RB 1] Throughput = 0.98470 Mbps
11034[UE 1 | RB 1] Throughput = 1.31329 Mbps
11144[UE 1 | RB 1] Throughput = 0.76131 Mbps
11253[UE 1 | RB 1] Throughput = 1.20365 Mbps
11353[UE 1 | RB 1] Throughput = 0.95625 Mbps
11454[UE 1 | RB 1] Throughput = 1.19521 Mbps
11554[UE 1 | RB 1] Throughput = 1.07628 Mbps
11664[UE 1 | RB 1] Throughput = 0.98196 Mbps
11774[UE 1 | RB 1] Throughput = 1.30986 Mbps
11874[UE 1 | RB 1] Throughput = 1.07804 Mbps
11984[UE 1 | RB 1] Throughput = 0.21801 Mbps
12084[UE 1 | RB 1] Throughput = 1.43713 Mbps
12193[UE 1 | RB 1] Throughput = 1.31134 Mbps
12294[UE 1 | RB 1] Throughput = 1.43197 Mbps
12404[UE 1 | RB 1] Throughput = 0.00000 Mbps
12504[UE 1 | RB 1] Throughput = 1.55511 Mbps
12614[UE 1 | RB 1] Throughput = 1.20219 Mbps
12714[UE 1 | RB 1] Throughput = 1.07718 Mbps
12824[UE 1 | RB 1] Throughput = 1.30862 Mbps
12924[UE 1 | RB 1] Throughput = 1.31592 Mbps
13034[UE 1 | RB 1] Throughput = 0.87345 Mbps
13134[UE 1 | RB 1] Throughput = 1.07689 Mbps
13234[UE 1 | RB 1] Throughput = 0.83749 Mbps
13344[UE 1 | RB 1] Throughput = 1.42072 Mbps
13453[UE 1 | RB 1] Throughput = 0.76272 Mbps
13564[UE 1 | RB 1] Throughput = 1.19446 Mbps
13674[UE 1 | RB 1] Throughput = 0.98108 Mbps
13774[UE 1 | RB 1] Throughput = 1.07833 Mbps
13884[UE 1 | RB 1] Throughput = 1.20121 Mbps
13984[UE 1 | RB 1] Throughput = 1.07735 Mbps
14084[UE 1 | RB 1] Throughput = 0.95689 Mbps
14194[UE 1 | RB 1] Throughput = 0.98133 Mbps
14294[UE 1 | RB 1] Throughput = 1.07624 Mbps
14404[UE 1 | RB 1] Throughput = 0.98376 Mbps
14504[UE 1 | RB 1] Throughput = 1.31440 Mbps
14604[UE 1 | RB 1] Throughput = 0.83715 Mbps
14714[UE 1 | RB 1] Throughput = 0.98412 Mbps
14824[UE 1 | RB 1] Throughput = 1.41376 Mbps
14924[UE 1 | RB 1] Throughput = 0.95676 Mbps
15024[UE 1 | RB 1] Throughput = 0.95805 Mbps
15134[UE 1 | RB 1] Throughput = 0.98344 Mbps
15234[UE 1 | RB 1] Throughput = 1.19743 Mbps
15334[UE 1 | RB 1] Throughput = 1.07702 Mbps
15434[UE 1 | RB 1] Throughput = 0.71811 Mbps
15544[UE 1 | RB 1] Throughput = 1.41319 Mbps
15654[UE 1 | RB 1] Throughput = 1.09243 Mbps
15764[UE 1 | RB 1] Throughput = 1.09000 Mbps
15874[UE 1 | RB 1] Throughput = 1.09429 Mbps
15974[UE 1 | RB 1] Throughput = 1.07437 Mbps
16084[UE 1 | RB 1] Throughput = 0.97967 Mbps
16194[UE 1 | RB 1] Throughput = 1.09042 Mbps
16294[UE 1 | RB 1] Throughput = 1.07827 Mbps
16394[UE 1 | RB 1] Throughput = 1.19533 Mbps
16504[UE 1 | RB 1] Throughput = 0.87571 Mbps
16604[UE 1 | RB 1] Throughput = 1.19306 Mbps
16714[UE 1 | RB 1] Throughput = 1.09294 Mbps
16814[UE 1 | RB 1] Throughput = 0.83830 Mbps
16914[UE 1 | RB 1] Throughput = 1.19718 Mbps
17014[UE 1 | RB 1] Throughput = 1.07720 Mbps
17124[UE 1 | RB 1] Throughput = 0.97904 Mbps
17234[UE 1 | RB 1] Throughput = 0.98672 Mbps
17334[UE 1 | RB 1] Throughput = 1.19623 Mbps
17434[UE 1 | RB 1] Throughput = 0.95767 Mbps
17544[UE 1 | RB 1] Throughput = 1.19552 Mbps
17654[UE 1 | RB 1] Throughput = 1.20189 Mbps
17763[UE 1 | RB 1] Throughput = 1.09317 Mbps
17864[UE 1 | RB 1] Throughput = 1.07296 Mbps
17974[UE 1 | RB 1] Throughput = 0.98080 Mbps
18074[UE 1 | RB 1] Throughput = 1.07599 Mbps
18184[UE 1 | RB 1] Throughput = 1.09317 Mbps
18284[UE 1 | RB 1] Throughput = 0.95857 Mbps
18396[UE 1 | RB 1] Throughput = 1.07323 Mbps
18504[UE 1 | RB 1] Throughput = 1.21989 Mbps
18604[UE 1 | RB 1] Throughput = 0.95660 Mbps
18704[UE 1 | RB 1] Throughput = 1.19695 Mbps
18804[UE 1 | RB 1] Throughput = 0.95772 Mbps
18904[UE 1 | RB 1] Throughput = 1.07655 Mbps
19014[UE 1 | RB 1] Throughput = 0.98395 Mbps
19114[UE 1 | RB 1] Throughput = 1.07661 Mbps
19224[UE 1 | RB 1] Throughput = 0.97957 Mbps
19334[UE 1 | RB 1] Throughput = 1.09268 Mbps
19434[UE 1 | RB 1] Throughput = 1.19785 Mbps
19534[UE 1 | RB 1] Throughput = 1.19514 Mbps
19644[UE 1 | RB 1] Throughput = 0.98066 Mbps
19754[UE 1 | RB 1] Throughput = 0.98039 Mbps
19864[UE 1 | RB 1] Throughput = 1.09014 Mbps
19974[UE 1 | RB 1] Throughput = 1.30740 Mbps
20074[UE 1 | RB 1] Throughput = 0.95832 Mbps
20174[UE 1 | RB 1] Throughput = 0.83866 Mbps
20284[UE 1 | RB 1] Throughput = 1.08979 Mbps
20394[UE 1 | RB 1] Throughput = 1.20010 Mbps
20504[UE 1 | RB 1] Throughput = 0.86967 Mbps
20604[UE 1 | RB 1] Throughput = 1.31746 Mbps
20714[UE 1 | RB 1] Throughput = 0.98420 Mbps
20824[UE 1 | RB 1] Throughput = 1.19343 Mbps
20934[UE 1 | RB 1] Throughput = 0.98152 Mbps
21044[UE 1 | RB 1] Throughput = 0.97942 Mbps
21154[UE 1 | RB 1] Throughput = 1.09325 Mbps
21254[UE 1 | RB 1] Throughput = 0.83819 Mbps
21354[UE 1 | RB 1] Throughput = 1.07733 Mbps
21454[UE 1 | RB 1] Throughput = 0.95862 Mbps
21555[UE 1 | RB 1] Throughput = 1.07297 Mbps
21664[UE 1 | RB 1] Throughput = 0.98364 Mbps
21764[UE 1 | RB 1] Throughput = 1.07839 Mbps
21874[UE 1 | RB 1] Throughput = 1.41641 Mbps
21984[UE 1 | RB 1] Throughput = 1.09178 Mbps
22094[UE 1 | RB 1] Throughput = 0.98386 Mbps
22194[UE 1 | RB 1] Throughput = 1.19340 Mbps
22304[UE 1 | RB 1] Throughput = 1.19859 Mbps
22404[UE 1 | RB 1] Throughput = 1.07832 Mbps
22504[UE 1 | RB 1] Throughput = 1.07852 Mbps
22614[UE 1 | RB 1] Throughput = 0.97830 Mbps
22724[UE 1 | RB 1] Throughput = 0.98196 Mbps
22834[UE 1 | RB 1] Throughput = 1.08917 Mbps
22944[UE 1 | RB 1] Throughput = 1.20089 Mbps
23044[UE 1 | RB 1] Throughput = 0.95614 Mbps
23154[UE 1 | RB 1] Throughput = 1.19948 Mbps
23254[UE 1 | RB 1] Throughput = 0.71664 Mbps
23364[UE 1 | RB 1] Throughput = 1.09647 Mbps
23464[UE 1 | RB 1] Throughput = 1.31368 Mbps
23574[UE 1 | RB 1] Throughput = 0.87202 Mbps
23675[UE 1 | RB 1] Throughput = 1.31167 Mbps
23784[UE 1 | RB 1] Throughput = 1.20299 Mbps
23884[UE 1 | RB 1] Throughput = 0.71815 Mbps
23994[UE 1 | RB 1] Throughput = 1.19979 Mbps
24094[UE 1 | RB 1] Throughput = 0.95843 Mbps
24194[UE 1 | RB 1] Throughput = 1.19677 Mbps
24304[UE 1 | RB 1] Throughput = 1.20015 Mbps
24414[UE 1 | RB 1] Throughput = 0.76167 Mbps
24524[UE 1 | RB 1] Throughput = 1.19824 Mbps
24624[UE 1 | RB 1] Throughput = 1.07804 Mbps
24724[UE 1 | RB 1] Throughput = 0.95815 Mbps
24835[UE 1 | RB 1] Throughput = 1.19695 Mbps
24944[UE 1 | RB 1] Throughput = 0.98277 Mbps
25044[UE 1 | RB 1] Throughput = 0.95842 Mbps
25154[UE 1 | RB 1] Throughput = 1.30553 Mbps
25255[UE 1 | RB 1] Throughput = 1.07742 Mbps
25364[UE 1 | RB 1] Throughput = 0.98443 Mbps
25464[UE 1 | RB 1] Throughput = 0.95561 Mbps
25565[UE 1 | RB 1] Throughput = 1.19765 Mbps
25674[UE 1 | RB 1] Throughput = 1.09023 Mbps
25784[UE 1 | RB 1] Throughput = 0.76365 Mbps
25895[UE 1 | RB 1] Throughput = 1.41350 Mbps
26004[UE 1 | RB 1] Throughput = 0.76383 Mbps
26105[UE 1 | RB 1] Throughput = 1.31445 Mbps
26214[UE 1 | RB 1] Throughput = 1.09206 Mbps
26324[UE 1 | RB 1] Throughput = 1.19725 Mbps
26425[UE 1 | RB 1] Throughput = 0.95670 Mbps
26534[UE 1 | RB 1] Throughput = 1.20182 Mbps
26644[UE 1 | RB 1] Throughput = 0.76214 Mbps
26754[UE 1 | RB 1] Throughput = 0.76467 Mbps
26855[UE 1 | RB 1] Throughput = 1.07345 Mbps
26964[UE 1 | RB 1] Throughput = 1.20134 Mbps
27074[UE 1 | RB 1] Throughput = 1.20120 Mbps
27174[UE 1 | RB 1] Throughput = 1.07618 Mbps
27285[UE 1 | RB 1] Throughput = 0.65241 Mbps
27394[UE 1 | RB 1] Throughput = 1.74675 Mbps
27504[UE 1 | RB 1] Throughput = 0.97943 Mbps
27614[UE 1 | RB 1] Throughput = 0.87301 Mbps
27714[UE 1 | RB 1] Throughput = 1.07823 Mbps
27814[UE 1 | RB 1] Throughput = 1.19680 Mbps
27924[UE 1 | RB 1] Throughput = 1.09079 Mbps
28034[UE 1 | RB 1] Throughput = 1.08882 Mbps
28144[UE 1 | RB 1] Throughput = 0.98360 Mbps
28244[UE 1 | RB 1] Throughput = 1.07433 Mbps
28345[UE 1 | RB 1] Throughput = 1.19649 Mbps
28454[UE 1 | RB 1] Throughput = 1.30854 Mbps
28555[UE 1 | RB 1] Throughput = 0.00000 Mbps
28665[UE 1 | RB 1] Throughput = 1.30508 Mbps
28775[UE 1 | RB 1] Throughput = 1.31075 Mbps
28875[UE 1 | RB 1] Throughput = 1.31744 Mbps
28985[UE 1 | RB 1] Throughput = 0.97862 Mbps
29085[UE 1 | RB 1] Throughput = 1.07819 Mbps
29194[UE 1 | RB 1] Throughput = 1.09310 Mbps
29295[UE 1 | RB 1] Throughput = 0.83823 Mbps
29395[UE 1 | RB 1] Throughput = 1.07753 Mbps
29505[UE 1 | RB 1] Throughput = 0.97989 Mbps
29605[UE 1 | RB 1] Throughput = 1.07856 Mbps
29714[UE 1 | RB 1] Throughput = 0.98424 Mbps
29815[UE 1 | RB 1] Throughput = 1.43174 Mbps
29925[UE 1 | RB 1] Throughput = 0.98153 Mbps
30025[UE 1 | RB 1] Throughput = 1.31712 Mbps
30134[UE 1 | RB 1] Throughput = 0.98368 Mbps
30234[UE 1 | RB 1] Throughput = 1.07737 Mbps
30335[UE 1 | RB 1] Throughput = 0.95438 Mbps
30445[UE 1 | RB 1] Throughput = 1.20022 Mbps
30545[UE 1 | RB 1] Throughput = 1.19367 Mbps
30655[UE 1 | RB 1] Throughput = 0.98590 Mbps
30755[UE 1 | RB 1] Throughput = 0.83830 Mbps
30855[UE 1 | RB 1] Throughput = 1.19513 Mbps
30965[UE 1 | RB 1] Throughput = 1.19922 Mbps
31075[UE 1 | RB 1] Throughput = 0.98114 Mbps
31175[UE 1 | RB 1] Throughput = 1.07787 Mbps
31285[UE 1 | RB 1] Throughput = 1.20137 Mbps
31385[UE 1 | RB 1] Throughput = 1.07703 Mbps
31495[UE 1 | RB 1] Throughput = 0.87119 Mbps
31605[UE 1 | RB 1] Throughput = 1.19889 Mbps
31705[UE 1 | RB 1] Throughput = 0.95565 Mbps
31815[UE 1 | RB 1] Throughput = 0.87373 Mbps
31915[UE 1 | RB 1] Throughput = 1.31767 Mbps
32015[UE 1 | RB 1] Throughput = 0.95815 Mbps
32115[UE 1 | RB 1] Throughput = 1.07614 Mbps
32225[UE 1 | RB 1] Throughput = 1.31171 Mbps
32325[UE 1 | RB 1] Throughput = 0.95402 Mbps
32435[UE 1 | RB 1] Throughput = 0.98535 Mbps
32545[UE 1 | RB 1] Throughput = 0.87151 Mbps
32645[UE 1 | RB 1] Throughput = 1.19610 Mbps
32755[UE 1 | RB 1] Throughput = 1.09016 Mbps
32855[UE 1 | RB 1] Throughput = 0.95443 Mbps
32965[UE 1 | RB 1] Throughput = 1.31210 Mbps
33065[UE 1 | RB 1] Throughput = 0.95607 Mbps
33175[UE 1 | RB 1] Throughput = 0.98070 Mbps
33285[UE 1 | RB 1] Throughput = 1.30615 Mbps
33395[UE 1 | RB 1] Throughput = 0.98130 Mbps
33505[UE 1 | RB 1] Throughput = 0.87130 Mbps
33615[UE 1 | RB 1] Throughput = 1.20190 Mbps
33715[UE 1 | RB 1] Throughput = 0.95735 Mbps
33825[UE 1 | RB 1] Throughput = 0.98177 Mbps
33935[UE 1 | RB 1] Throughput = 1.19879 Mbps
34035[UE 1 | RB 1] Throughput = 0.95518 Mbps
34145[UE 1 | RB 1] Throughput = 1.31140 Mbps
34255[UE 1 | RB 1] Throughput = 1.08936 Mbps
34365[UE 1 | RB 1] Throughput = 0.98061 Mbps
34475[UE 1 | RB 1] Throughput = 1.30491 Mbps
34585[UE 1 | RB 1] Throughput = 0.76204 Mbps
34695[UE 1 | RB 1] Throughput = 1.19883 Mbps
34805[UE 1 | RB 1] Throughput = 1.20201 Mbps
34905[UE 1 | RB 1] Throughput = 0.23930 Mbps
35005[UE 1 | RB 1] Throughput = 1.31724 Mbps
35115[UE 1 | RB 1] Throughput = 1.41839 Mbps
35215[UE 1 | RB 1] Throughput = 1.07506 Mbps
35325[UE 1 | RB 1] Throughput = 0.98539 Mbps
35425[UE 1 | RB 1] Throughput = 1.31231 Mbps
35535[UE 1 | RB 1] Throughput = 0.87001 Mbps
35645[UE 1 | RB 1] Throughput = 1.19876 Mbps
35755[UE 1 | RB 1] Throughput = 0.97793 Mbps
35865[UE 1 | RB 1] Throughput = 1.09409 Mbps
35975[UE 1 | RB 1] Throughput = 1.08899 Mbps
36075[UE 1 | RB 1] Throughput = 1.07703 Mbps
36185[UE 1 | RB 1] Throughput = 1.09137 Mbps
36285[UE 1 | RB 1] Throughput = 0.95847 Mbps
36395[UE 1 | RB 1] Throughput = 1.19581 Mbps
36505[UE 1 | RB 1] Throughput = 0.65644 Mbps
36605[UE 1 | RB 1] Throughput = 1.31702 Mbps
36705[UE 1 | RB 1] Throughput = 1.43669 Mbps
36815[UE 1 | RB 1] Throughput = 0.87057 Mbps
36925[UE 1 | RB 1] Throughput = 1.08936 Mbps
37035[UE 1 | RB 1] Throughput = 0.98062 Mbps
37145[UE 1 | RB 1] Throughput = 1.09138 Mbps
37245[UE 1 | RB 1] Throughput = 1.07524 Mbps
37345[UE 1 | RB 1] Throughput = 1.07854 Mbps
37455[UE 1 | RB 1] Throughput = 0.98374 Mbps
37565[UE 1 | RB 1] Throughput = 1.30740 Mbps
37665[UE 1 | RB 1] Throughput = 0.83613 Mbps
37765[UE 1 | RB 1] Throughput = 1.07725 Mbps
37875[UE 1 | RB 1] Throughput = 1.19875 Mbps
37985[UE 1 | RB 1] Throughput = 1.08982 Mbps
38095[UE 1 | RB 1] Throughput = 0.76475 Mbps
38205[UE 1 | RB 1] Throughput = 0.97961 Mbps
38315[UE 1 | RB 1] Throughput = 0.98256 Mbps
38415[UE 1 | RB 1] Throughput = 1.19423 Mbps
38525[UE 1 | RB 1] Throughput = 0.98184 Mbps
38625[UE 1 | RB 1] Throughput = 1.07397 Mbps
38735[UE 1 | RB 1] Throughput = 0.98420 Mbps
38845[UE 1 | RB 1] Throughput = 1.73940 Mbps
38955[UE 1 | RB 1] Throughput = 1.20300 Mbps
39055[UE 1 | RB 1] Throughput = 0.71605 Mbps
39165[UE 1 | RB 1] Throughput = 0.87250 Mbps
39265[UE 1 | RB 1] Throughput = 1.07854 Mbps
39365[UE 1 | RB 1] Throughput = 1.07837 Mbps
39465[UE 1 | RB 1] Throughput = 1.07735 Mbps
39565[UE 1 | RB 1] Throughput = 1.07616 Mbps
39666[UE 1 | RB 1] Throughput = 1.07433 Mbps
39775[UE 1 | RB 1] Throughput = 0.99000 Mbps
39875[UE 1 | RB 1] Throughput = 1.07562 Mbps
39975[UE 1 | RB 1] Throughput = 1.19392 Mbps
40085[UE 1 | RB 1] Throughput = 0.76414 Mbps
40186[UE 1 | RB 1] Throughput = 1.07398 Mbps
40295[UE 1 | RB 1] Throughput = 1.20407 Mbps
40395[UE 1 | RB 1] Throughput = 1.07770 Mbps
40505[UE 1 | RB 1] Throughput = 0.98162 Mbps
40615[UE 1 | RB 1] Throughput = 1.20102 Mbps
40715[UE 1 | RB 1] Throughput = 1.07451 Mbps
40825[UE 1 | RB 1] Throughput = 0.98418 Mbps
40925[UE 1 | RB 1] Throughput = 1.31637 Mbps
41025[UE 1 | RB 1] Throughput = 1.07500 Mbps
41135[UE 1 | RB 1] Throughput = 0.87589 Mbps
41235[UE 1 | RB 1] Throughput = 1.07774 Mbps
41335[UE 1 | RB 1] Throughput = 1.07632 Mbps
41445[UE 1 | RB 1] Throughput = 1.08787 Mbps
41545[UE 1 | RB 1] Throughput = 0.95628 Mbps
41646[UE 1 | RB 1] Throughput = 1.19762 Mbps
41755[UE 1 | RB 1] Throughput = 1.20616 Mbps
41865[UE 1 | RB 1] Throughput = 1.19853 Mbps
41965[UE 1 | RB 1] Throughput = 0.95604 Mbps
42065[UE 1 | RB 1] Throughput = 0.95713 Mbps
42175[UE 1 | RB 1] Throughput = 1.31019 Mbps
42275[UE 1 | RB 1] Throughput = 0.35876 Mbps
42375[UE 1 | RB 1] Throughput = 1.31659 Mbps
42485[UE 1 | RB 1] Throughput = 1.08934 Mbps
42595[UE 1 | RB 1] Throughput = 1.31318 Mbps
42695[UE 1 | RB 1] Throughput = 0.71613 Mbps
42805[UE 1 | RB 1] Throughput = 1.41979 Mbps
42915[UE 1 | RB 1] Throughput = 0.87166 Mbps
43015[UE 1 | RB 1] Throughput = 1.07764 Mbps
43115[UE 1 | RB 1] Throughput = 1.31811 Mbps
43215[UE 1 | RB 1] Throughput = 1.07796 Mbps
43325[UE 1 | RB 1] Throughput = 0.87084 Mbps
43435[UE 1 | RB 1] Throughput = 1.30912 Mbps
43535[UE 1 | RB 1] Throughput = 0.83731 Mbps
43635[UE 1 | RB 1] Throughput = 1.19682 Mbps
43745[UE 1 | RB 1] Throughput = 1.09100 Mbps
43855[UE 1 | RB 1] Throughput = 0.97842 Mbps
43965[UE 1 | RB 1] Throughput = 1.20063 Mbps
44065[UE 1 | RB 1] Throughput = 1.31771 Mbps
44165[UE 1 | RB 1] Throughput = 0.00000 Mbps
44276[UE 1 | RB 1] Throughput = 1.19659 Mbps
44385[UE 1 | RB 1] Throughput = 1.19979 Mbps
44486[UE 1 | RB 1] Throughput = 1.19702 Mbps
44595[UE 1 | RB 1] Throughput = 1.41909 Mbps
44706[UE 1 | RB 1] Throughput = 1.08712 Mbps
44806[UE 1 | RB 1] Throughput = 0.71359 Mbps
44916[UE 1 | RB 1] Throughput = 1.31384 Mbps
45025[UE 1 | RB 1] Throughput = 0.76627 Mbps
45135[UE 1 | RB 1] Throughput = 1.30823 Mbps
45245[UE 1 | RB 1] Throughput = 0.98292 Mbps
45345[UE 1 | RB 1] Throughput = 0.59731 Mbps
45446[UE 1 | RB 1] Throughput = 1.07425 Mbps
45546[UE 1 | RB 1] Throughput = 1.43065 Mbps
45655[UE 1 | RB 1] Throughput = 0.98873 Mbps
45765[UE 1 | RB 1] Throughput = 1.19654 Mbps
45866[UE 1 | RB 1] Throughput = 1.31267 Mbps
45976[UE 1 | RB 1] Throughput = 0.98367 Mbps
46076[UE 1 | RB 1] Throughput = 1.31762 Mbps
46186[UE 1 | RB 1] Throughput = 0.87178 Mbps
46286[UE 1 | RB 1] Throughput = 0.83809 Mbps
46396[UE 1 | RB 1] Throughput = 1.08895 Mbps
46506[UE 1 | RB 1] Throughput = 1.41386 Mbps
46616[UE 1 | RB 1] Throughput = 1.09238 Mbps
46716[UE 1 | RB 1] Throughput = 0.95751 Mbps
46826[UE 1 | RB 1] Throughput = 0.76308 Mbps
46936[UE 1 | RB 1] Throughput = 1.19816 Mbps
47045[UE 1 | RB 1] Throughput = 0.76459 Mbps
47145[UE 1 | RB 1] Throughput = 1.07797 Mbps
47255[UE 1 | RB 1] Throughput = 1.08914 Mbps
47365[UE 1 | RB 1] Throughput = 1.41642 Mbps
47466[UE 1 | RB 1] Throughput = 1.19005 Mbps
47576[UE 1 | RB 1] Throughput = 1.09461 Mbps
47685[UE 1 | RB 1] Throughput = 1.09191 Mbps
47786[UE 1 | RB 1] Throughput = 0.95623 Mbps
47896[UE 1 | RB 1] Throughput = 0.98116 Mbps
48006[UE 1 | RB 1] Throughput = 1.09014 Mbps
48106[UE 1 | RB 1] Throughput = 1.19541 Mbps
48216[UE 1 | RB 1] Throughput = 0.87207 Mbps
48326[UE 1 | RB 1] Throughput = 1.19921 Mbps
48435[UE 1 | RB 1] Throughput = 0.98223 Mbps
48536[UE 1 | RB 1] Throughput = 0.71730 Mbps
48645[UE 1 | RB 1] Throughput = 1.09211 Mbps
48746[UE 1 | RB 1] Throughput = 1.31314 Mbps
48856[UE 1 | RB 1] Throughput = 1.20187 Mbps
48956[UE 1 | RB 1] Throughput = 0.95864 Mbps
49056[UE 1 | RB 1] Throughput = 0.95648 Mbps
49166[UE 1 | RB 1] Throughput = 1.19709 Mbps
49275[UE 1 | RB 1] Throughput = 1.09450 Mbps
49375[UE 1 | RB 1] Throughput = 1.07744 Mbps
49476[UE 1 | RB 1] Throughput = 1.19570 Mbps
49586[UE 1 | RB 1] Throughput = 0.43483 Mbps
49695[UE 1 | RB 1] Throughput = 1.31261 Mbps
49806[UE 1 | RB 1] Throughput = 1.30423 Mbps
49906[UE 1 | RB 1] Throughput = 1.43732 Mbps
50016[UE 1 | RB 1] Throughput = 0.87371 Mbps
50126[UE 1 | RB 1] Throughput = 0.87146 Mbps
50226[UE 1 | RB 1] Throughput = 0.83420 Mbps
50336[UE 1 | RB 1] Throughput = 1.74672 Mbps
50446[UE 1 | RB 1] Throughput = 0.87406 Mbps
50546[UE 1 | RB 1] Throughput = 1.19086 Mbps
50656[UE 1 | RB 1] Throughput = 0.65695 Mbps
50756[UE 1 | RB 1] Throughput = 1.31796 Mbps
50856[UE 1 | RB 1] Throughput = 0.83616 Mbps
50966[UE 1 | RB 1] Throughput = 1.19922 Mbps
51076[UE 1 | RB 1] Throughput = 1.09270 Mbps
51176[UE 1 | RB 1] Throughput = 0.59811 Mbps
51286[UE 1 | RB 1] Throughput = 0.98035 Mbps
51396[UE 1 | RB 1] Throughput = 1.20078 Mbps
51496[UE 1 | RB 1] Throughput = 1.07730 Mbps
51596[UE 1 | RB 1] Throughput = 1.07718 Mbps
51706[UE 1 | RB 1] Throughput = 0.97785 Mbps
51816[UE 1 | RB 1] Throughput = 1.19964 Mbps
51926[UE 1 | RB 1] Throughput = 1.63169 Mbps
52036[UE 1 | RB 1] Throughput = 0.21893 Mbps
52136[UE 1 | RB 1] Throughput = 1.31740 Mbps
52236[UE 1 | RB 1] Throughput = 1.07703 Mbps
52346[UE 1 | RB 1] Throughput = 1.63481 Mbps
52446[UE 1 | RB 1] Throughput = 0.95839 Mbps
52546[UE 1 | RB 1] Throughput = 0.95606 Mbps
52656[UE 1 | RB 1] Throughput = 0.98389 Mbps
52756[UE 1 | RB 1] Throughput = 0.95827 Mbps
52856[UE 1 | RB 1] Throughput = 1.43717 Mbps
52956[UE 1 | RB 1] Throughput = 0.95738 Mbps
53066[UE 1 | RB 1] Throughput = 0.98140 Mbps
53176[UE 1 | RB 1] Throughput = 1.30902 Mbps
53286[UE 1 | RB 1] Throughput = 0.75968 Mbps
53396[UE 1 | RB 1] Throughput = 1.30913 Mbps
53496[UE 1 | RB 1] Throughput = 0.95750 Mbps
53606[UE 1 | RB 1] Throughput = 0.98174 Mbps
53706[UE 1 | RB 1] Throughput = 1.19717 Mbps
53816[UE 1 | RB 1] Throughput = 0.87246 Mbps
53926[UE 1 | RB 1] Throughput = 1.09350 Mbps
54026[UE 1 | RB 1] Throughput = 1.31514 Mbps
54136[UE 1 | RB 1] Throughput = 0.98131 Mbps
54236[UE 1 | RB 1] Throughput = 1.19524 Mbps
54346[UE 1 | RB 1] Throughput = 0.87078 Mbps
54456[UE 1 | RB 1] Throughput = 1.08886 Mbps
54566[UE 1 | RB 1] Throughput = 0.76541 Mbps
54676[UE 1 | RB 1] Throughput = 1.74389 Mbps
54786[UE 1 | RB 1] Throughput = 0.76206 Mbps
54886[UE 1 | RB 1] Throughput = 1.07767 Mbps
54986[UE 1 | RB 1] Throughput = 0.95808 Mbps
55087[UE 1 | RB 1] Throughput = 1.30910 Mbps
55196[UE 1 | RB 1] Throughput = 1.09666 Mbps
55296[UE 1 | RB 1] Throughput = 0.83858 Mbps
55396[UE 1 | RB 1] Throughput = 0.95657 Mbps
55506[UE 1 | RB 1] Throughput = 1.09193 Mbps
55606[UE 1 | RB 1] Throughput = 1.19790 Mbps
55716[UE 1 | RB 1] Throughput = 1.19901 Mbps
55816[UE 1 | RB 1] Throughput = 0.83808 Mbps
55926[UE 1 | RB 1] Throughput = 1.19899 Mbps
56026[UE 1 | RB 1] Throughput = 1.07716 Mbps
56126[UE 1 | RB 1] Throughput = 0.95659 Mbps
56236[UE 1 | RB 1] Throughput = 1.09375 Mbps
56346[UE 1 | RB 1] Throughput = 0.97824 Mbps
56456[UE 1 | RB 1] Throughput = 1.31093 Mbps
56556[UE 1 | RB 1] Throughput = 1.07619 Mbps
56666[UE 1 | RB 1] Throughput = 0.98154 Mbps
56776[UE 1 | RB 1] Throughput = 0.98120 Mbps
56876[UE 1 | RB 1] Throughput = 1.07694 Mbps
56986[UE 1 | RB 1] Throughput = 0.87198 Mbps
57096[UE 1 | RB 1] Throughput = 0.76470 Mbps
57196[UE 1 | RB 1] Throughput = 1.79645 Mbps
57296[UE 1 | RB 1] Throughput = 0.95552 Mbps
57406[UE 1 | RB 1] Throughput = 0.98139 Mbps
57506[UE 1 | RB 1] Throughput = 1.31745 Mbps
57616[UE 1 | RB 1] Throughput = 0.65404 Mbps
57716[UE 1 | RB 1] Throughput = 1.31806 Mbps
57816[UE 1 | RB 1] Throughput = 1.07756 Mbps
57926[UE 1 | RB 1] Throughput = 0.65334 Mbps
58036[UE 1 | RB 1] Throughput = 1.30942 Mbps
58136[UE 1 | RB 1] Throughput = 1.31806 Mbps
58236[UE 1 | RB 1] Throughput = 1.19275 Mbps
58346[UE 1 | RB 1] Throughput = 1.09154 Mbps
58456[UE 1 | RB 1] Throughput = 0.98185 Mbps
58556[UE 1 | RB 1] Throughput = 0.83736 Mbps
58666[UE 1 | RB 1] Throughput = 1.20365 Mbps
58766[UE 1 | RB 1] Throughput = 1.19822 Mbps
58866[UE 1 | RB 1] Throughput = 1.07735 Mbps
58966[UE 1 | RB 1] Throughput = 0.83552 Mbps
59066[UE 1 | RB 1] Throughput = 1.07847 Mbps
59176[UE 1 | RB 1] Throughput = 1.09201 Mbps
59276[UE 1 | RB 1] Throughput = 1.19629 Mbps
59376[UE 1 | RB 1] Throughput = 1.07795 Mbps
59477[UE 1 | RB 1] Throughput = 0.71609 Mbps
59586[UE 1 | RB 1] Throughput = 1.09556 Mbps
59686[UE 1 | RB 1] Throughput = 1.07682 Mbps
59786[UE 1 | RB 1] Throughput = 1.19797 Mbps
59896[UE 1 | RB 1] Throughput = 0.97949 Mbps
60006[UE 1 | RB 1] Throughput = 1.42492 Mbps
60107[UE 1 | RB 1] Throughput = 1.06667 Mbps
60216[UE 1 | RB 1] Throughput = 1.09644 Mbps
60316[UE 1 | RB 1] Throughput = 0.71838 Mbps
60416[UE 1 | RB 1] Throughput = 1.31585 Mbps
60526[UE 1 | RB 1] Throughput = 1.08934 Mbps
60636[UE 1 | RB 1] Throughput = 0.98489 Mbps
60736[UE 1 | RB 1] Throughput = 0.83825 Mbps
60836[UE 1 | RB 1] Throughput = 1.07603 Mbps
60946[UE 1 | RB 1] Throughput = 0.98030 Mbps
61046[UE 1 | RB 1] Throughput = 1.07688 Mbps
61156[UE 1 | RB 1] Throughput = 0.98203 Mbps
61257[UE 1 | RB 1] Throughput = 1.07541 Mbps
61366[UE 1 | RB 1] Throughput = 0.98540 Mbps
61467[UE 1 | RB 1] Throughput = 1.31020 Mbps
61576[UE 1 | RB 1] Throughput = 1.09294 Mbps
61677[UE 1 | RB 1] Throughput = 0.83654 Mbps
61786[UE 1 | RB 1] Throughput = 0.98459 Mbps
61886[UE 1 | RB 1] Throughput = 1.91087 Mbps
61996[UE 1 | RB 1] Throughput = 0.98264 Mbps
62097[UE 1 | RB 1] Throughput = 1.07491 Mbps
62197[UE 1 | RB 1] Throughput = 1.07748 Mbps
62297[UE 1 | RB 1] Throughput = 0.23963 Mbps
62406[UE 1 | RB 1] Throughput = 0.98620 Mbps
62506[UE 1 | RB 1] Throughput = 1.31477 Mbps
62607[UE 1 | RB 1] Throughput = 1.31499 Mbps
62717[UE 1 | RB 1] Throughput = 1.08820 Mbps
62826[UE 1 | RB 1] Throughput = 1.31432 Mbps
62926[UE 1 | RB 1] Throughput = 0.83763 Mbps
63036[UE 1 | RB 1] Throughput = 1.09280 Mbps
63137[UE 1 | RB 1] Throughput = 0.83292 Mbps
63246[UE 1 | RB 1] Throughput = 0.98214 Mbps
63346[UE 1 | RB 1] Throughput = 1.07852 Mbps
63457[UE 1 | RB 1] Throughput = 0.86837 Mbps
63567[UE 1 | RB 1] Throughput = 1.09219 Mbps
63677[UE 1 | RB 1] Throughput = 1.85096 Mbps
63786[UE 1 | RB 1] Throughput = 0.98537 Mbps
63886[UE 1 | RB 1] Throughput = 0.95501 Mbps
63996[UE 1 | RB 1] Throughput = 0.98188 Mbps
64106[UE 1 | RB 1] Throughput = 0.98178 Mbps
64206[UE 1 | RB 1] Throughput = 1.19669 Mbps
64306[UE 1 | RB 1] Throughput = 0.95786 Mbps
64417[UE 1 | RB 1] Throughput = 1.08774 Mbps
64526[UE 1 | RB 1] Throughput = 1.31117 Mbps
64627[UE 1 | RB 1] Throughput = 0.83676 Mbps
64727[UE 1 | RB 1] Throughput = 1.31650 Mbps
64836[UE 1 | RB 1] Throughput = 0.76486 Mbps
64937[UE 1 | RB 1] Throughput = 1.07443 Mbps
65047[UE 1 | RB 1] Throughput = 0.98140 Mbps
65147[UE 1 | RB 1] Throughput = 0.83682 Mbps
65256[UE 1 | RB 1] Throughput = 1.42300 Mbps
65367[UE 1 | RB 1] Throughput = 1.30075 Mbps
65477[UE 1 | RB 1] Throughput = 0.21769 Mbps
65587[UE 1 | RB 1] Throughput = 1.74965 Mbps
65697[UE 1 | RB 1] Throughput = 1.30446 Mbps
65807[UE 1 | RB 1] Throughput = 0.98341 Mbps
65907[UE 1 | RB 1] Throughput = 1.07512 Mbps
66017[UE 1 | RB 1] Throughput = 1.20059 Mbps
66117[UE 1 | RB 1] Throughput = 0.83840 Mbps
66227[UE 1 | RB 1] Throughput = 1.08694 Mbps
66337[UE 1 | RB 1] Throughput = 0.87448 Mbps
66446[UE 1 | RB 1] Throughput = 0.98325 Mbps
66556[UE 1 | RB 1] Throughput = 1.19776 Mbps
66657[UE 1 | RB 1] Throughput = 1.07583 Mbps
66767[UE 1 | RB 1] Throughput = 0.98044 Mbps
66867[UE 1 | RB 1] Throughput = 1.19737 Mbps
66967[UE 1 | RB 1] Throughput = 1.31746 Mbps
67077[UE 1 | RB 1] Throughput = 0.87298 Mbps
67187[UE 1 | RB 1] Throughput = 0.98039 Mbps
67287[UE 1 | RB 1] Throughput = 1.19180 Mbps
67397[UE 1 | RB 1] Throughput = 0.98188 Mbps
67507[UE 1 | RB 1] Throughput = 1.19791 Mbps
67617[UE 1 | RB 1] Throughput = 0.87503 Mbps
67717[UE 1 | RB 1] Throughput = 1.07763 Mbps
67817[UE 1 | RB 1] Throughput = 0.83734 Mbps
67927[UE 1 | RB 1] Throughput = 1.08915 Mbps
68036[UE 1 | RB 1] Throughput = 1.31239 Mbps
68137[UE 1 | RB 1] Throughput = 0.95284 Mbps
68247[UE 1 | RB 1] Throughput = 1.20012 Mbps
68356[UE 1 | RB 1] Throughput = 1.09379 Mbps
68457[UE 1 | RB 1] Throughput = 1.19592 Mbps
68557[UE 1 | RB 1] Throughput = 0.95861 Mbps
68657[UE 1 | RB 1] Throughput = 1.07636 Mbps
68767[UE 1 | RB 1] Throughput = 0.98156 Mbps
68877[UE 1 | RB 1] Throughput = 1.09059 Mbps
68987[UE 1 | RB 1] Throughput = 1.09015 Mbps
69097[UE 1 | RB 1] Throughput = 0.97893 Mbps
69207[UE 1 | RB 1] Throughput = 1.20090 Mbps
69307[UE 1 | RB 1] Throughput = 0.71858 Mbps
69417[UE 1 | RB 1] Throughput = 1.62944 Mbps
69526[UE 1 | RB 1] Throughput = 0.98556 Mbps
69627[UE 1 | RB 1] Throughput = 0.23838 Mbps
69727[UE 1 | RB 1] Throughput = 1.43703 Mbps
69827[UE 1 | RB 1] Throughput = 1.43773 Mbps
69927[UE 1 | RB 1] Throughput = 1.07789 Mbps
70037[UE 1 | RB 1] Throughput = 0.98264 Mbps
70147[UE 1 | RB 1] Throughput = 0.98130 Mbps
70247[UE 1 | RB 1] Throughput = 0.83877 Mbps
70347[UE 1 | RB 1] Throughput = 1.43318 Mbps
70457[UE 1 | RB 1] Throughput = 0.98255 Mbps
70557[UE 1 | RB 1] Throughput = 0.95721 Mbps
70667[UE 1 | RB 1] Throughput = 0.97952 Mbps
70777[UE 1 | RB 1] Throughput = 0.87321 Mbps
70887[UE 1 | RB 1] Throughput = 1.41562 Mbps
70987[UE 1 | RB 1] Throughput = 0.71870 Mbps
71097[UE 1 | RB 1] Throughput = 1.09153 Mbps
71197[UE 1 | RB 1] Throughput = 1.31518 Mbps
71307[UE 1 | RB 1] Throughput = 0.76447 Mbps
71417[UE 1 | RB 1] Throughput = 1.30647 Mbps
71517[UE 1 | RB 1] Throughput = 1.07633 Mbps
71627[UE 1 | RB 1] Throughput = 1.20206 Mbps
71727[UE 1 | RB 1] Throughput = 0.95580 Mbps
71827[UE 1 | RB 1] Throughput = 1.31631 Mbps
71937[UE 1 | RB 1] Throughput = 1.09223 Mbps
72037[UE 1 | RB 1] Throughput = 0.95662 Mbps
72147[UE 1 | RB 1] Throughput = 1.09122 Mbps
72247[UE 1 | RB 1] Throughput = 1.31696 Mbps
72357[UE 1 | RB 1] Throughput = 0.10927 Mbps
72457[UE 1 | RB 1] Throughput = 1.31470 Mbps
72557[UE 1 | RB 1] Throughput = 1.19750 Mbps
72667[UE 1 | RB 1] Throughput = 1.30586 Mbps
72777[UE 1 | RB 1] Throughput = 1.20118 Mbps
72888[UE 1 | RB 1] Throughput = 1.08268 Mbps
72997[UE 1 | RB 1] Throughput = 1.09731 Mbps
73097[UE 1 | RB 1] Throughput = 0.83817 Mbps
73207[UE 1 | RB 1] Throughput = 1.30692 Mbps
73317[UE 1 | RB 1] Throughput = 1.09048 Mbps
73417[UE 1 | RB 1] Throughput = 0.95649 Mbps
73517[UE 1 | RB 1] Throughput = 1.19491 Mbps
73627[UE 1 | RB 1] Throughput = 0.98492 Mbps
73727[UE 1 | RB 1] Throughput = 0.35874 Mbps
73837[UE 1 | RB 1] Throughput = 1.20006 Mbps
73947[UE 1 | RB 1] Throughput = 1.09231 Mbps
74047[UE 1 | RB 1] Throughput = 1.07736 Mbps
74147[UE 1 | RB 1] Throughput = 1.31231 Mbps
74257[UE 1 | RB 1] Throughput = 0.98307 Mbps
74357[UE 1 | RB 1] Throughput = 1.43661 Mbps
74467[UE 1 | RB 1] Throughput = 1.30742 Mbps
74577[UE 1 | RB 1] Throughput = 0.10886 Mbps
74687[UE 1 | RB 1] Throughput = 1.20101 Mbps
74787[UE 1 | RB 1] Throughput = 1.19644 Mbps
74887[UE 1 | RB 1] Throughput = 0.95760 Mbps
74997[UE 1 | RB 1] Throughput = 1.08917 Mbps
75107[UE 1 | RB 1] Throughput = 1.30873 Mbps
75217[UE 1 | RB 1] Throughput = 1.41627 Mbps
75327[UE 1 | RB 1] Throughput = 1.19932 Mbps
75427[UE 1 | RB 1] Throughput = 0.95744 Mbps
75527[UE 1 | RB 1] Throughput = 0.47898 Mbps
75637[UE 1 | RB 1] Throughput = 1.31079 Mbps
75737[UE 1 | RB 1] Throughput = 1.07637 Mbps
75837[UE 1 | RB 1] Throughput = 1.43717 Mbps
75937[UE 1 | RB 1] Throughput = 1.07841 Mbps
76037[UE 1 | RB 1] Throughput = 0.35856 Mbps
76147[UE 1 | RB 1] Throughput = 1.31014 Mbps
76257[UE 1 | RB 1] Throughput = 1.41768 Mbps
76367[UE 1 | RB 1] Throughput = 0.97932 Mbps
76467[UE 1 | RB 1] Throughput = 0.35947 Mbps
76567[UE 1 | RB 1] Throughput = 1.31792 Mbps
76677[UE 1 | RB 1] Throughput = 1.20178 Mbps
76777[UE 1 | RB 1] Throughput = 1.07698 Mbps
76877[UE 1 | RB 1] Throughput = 1.07744 Mbps
76977[UE 1 | RB 1] Throughput = 1.43696 Mbps
77088[UE 1 | RB 1] Throughput = 0.86900 Mbps
77197[UE 1 | RB 1] Throughput = 1.09582 Mbps
77307[UE 1 | RB 1] Throughput = 1.19828 Mbps
77417[UE 1 | RB 1] Throughput = 0.98283 Mbps
77517[UE 1 | RB 1] Throughput = 0.95514 Mbps
77627[UE 1 | RB 1] Throughput = 1.08950 Mbps
77727[UE 1 | RB 1] Throughput = 1.19828 Mbps
77828[UE 1 | RB 1] Throughput = 0.95389 Mbps
77937[UE 1 | RB 1] Throughput = 1.20291 Mbps
78047[UE 1 | RB 1] Throughput = 0.98049 Mbps
78148[UE 1 | RB 1] Throughput = 1.07455 Mbps
78257[UE 1 | RB 1] Throughput = 0.98476 Mbps
78367[UE 1 | RB 1] Throughput = 1.19910 Mbps
78468[UE 1 | RB 1] Throughput = 1.18988 Mbps
78577[UE 1 | RB 1] Throughput = 0.98713 Mbps
78687[UE 1 | RB 1] Throughput = 0.43633 Mbps
78787[UE 1 | RB 1] Throughput = 1.79485 Mbps
78887[UE 1 | RB 1] Throughput = 0.35909 Mbps
78997[UE 1 | RB 1] Throughput = 1.30571 Mbps
79107[UE 1 | RB 1] Throughput = 0.97927 Mbps
79217[UE 1 | RB 1] Throughput = 1.42084 Mbps
79327[UE 1 | RB 1] Throughput = 1.31055 Mbps
79427[UE 1 | RB 1] Throughput = 1.07457 Mbps
79527[UE 1 | RB 1] Throughput = 0.35948 Mbps
79637[UE 1 | RB 1] Throughput = 1.30682 Mbps
79738[UE 1 | RB 1] Throughput = 1.43439 Mbps
79848[UE 1 | RB 1] Throughput = 0.97897 Mbps
79957[UE 1 | RB 1] Throughput = 0.43797 Mbps
80057[UE 1 | RB 1] Throughput = 1.43595 Mbps
80168[UE 1 | RB 1] Throughput = 1.19612 Mbps
80268[UE 1 | RB 1] Throughput = 1.43756 Mbps
80368[UE 1 | RB 1] Throughput = 1.07573 Mbps
80477[UE 1 | RB 1] Throughput = 0.98846 Mbps
80577[UE 1 | RB 1] Throughput = 0.95649 Mbps
80687[UE 1 | RB 1] Throughput = 1.19724 Mbps
80797[UE 1 | RB 1] Throughput = 0.76244 Mbps
80897[UE 1 | RB 1] Throughput = 1.55716 Mbps
81008[UE 1 | RB 1] Throughput = 0.86853 Mbps
81117[UE 1 | RB 1] Throughput = 1.09722 Mbps
81217[UE 1 | RB 1] Throughput = 0.95432 Mbps
81328[UE 1 | RB 1] Throughput = 1.08695 Mbps
81437[UE 1 | RB 1] Throughput = 0.65767 Mbps
81537[UE 1 | RB 1] Throughput = 1.43504 Mbps
81638[UE 1 | RB 1] Throughput = 1.31299 Mbps
81748[UE 1 | RB 1] Throughput = 0.32615 Mbps
81857[UE 1 | RB 1] Throughput = 1.20518 Mbps
81957[UE 1 | RB 1] Throughput = 1.31819 Mbps
82057[UE 1 | RB 1] Throughput = 1.43775 Mbps
82167[UE 1 | RB 1] Throughput = 1.19897 Mbps
82267[UE 1 | RB 1] Throughput = 1.07832 Mbps
82367[UE 1 | RB 1] Throughput = 0.71833 Mbps
82467[UE 1 | RB 1] Throughput = 0.83741 Mbps
82568[UE 1 | RB 1] Throughput = 1.31781 Mbps
82668[UE 1 | RB 1] Throughput = 1.19828 Mbps
82768[UE 1 | RB 1] Throughput = 0.83822 Mbps
82877[UE 1 | RB 1] Throughput = 0.98474 Mbps
82987[UE 1 | RB 1] Throughput = 1.63552 Mbps
83088[UE 1 | RB 1] Throughput = 1.07327 Mbps
83188[UE 1 | RB 1] Throughput = 0.71844 Mbps
83297[UE 1 | RB 1] Throughput = 1.20035 Mbps
83397[UE 1 | RB 1] Throughput = 0.95815 Mbps
83508[UE 1 | RB 1] Throughput = 1.19759 Mbps
83617[UE 1 | RB 1] Throughput = 0.87347 Mbps
83717[UE 1 | RB 1] Throughput = 0.83778 Mbps
83817[UE 1 | RB 1] Throughput = 0.95846 Mbps
83928[UE 1 | RB 1] Throughput = 1.19705 Mbps
84028[UE 1 | RB 1] Throughput = 1.07560 Mbps
84138[UE 1 | RB 1] Throughput = 1.09014 Mbps
84248[UE 1 | RB 1] Throughput = 1.09136 Mbps
84358[UE 1 | RB 1] Throughput = 1.41639 Mbps
84468[UE 1 | RB 1] Throughput = 0.97813 Mbps
84578[UE 1 | RB 1] Throughput = 0.76517 Mbps
84688[UE 1 | RB 1] Throughput = 1.30672 Mbps
84797[UE 1 | RB 1] Throughput = 0.98280 Mbps
84897[UE 1 | RB 1] Throughput = 1.07703 Mbps
85007[UE 1 | RB 1] Throughput = 0.98337 Mbps
85108[UE 1 | RB 1] Throughput = 1.19238 Mbps
85208[UE 1 | RB 1] Throughput = 1.19738 Mbps
85318[UE 1 | RB 1] Throughput = 0.87143 Mbps
85428[UE 1 | RB 1] Throughput = 1.19826 Mbps
85537[UE 1 | RB 1] Throughput = 1.20332 Mbps
85638[UE 1 | RB 1] Throughput = 1.07359 Mbps
85748[UE 1 | RB 1] Throughput = 1.09150 Mbps
85857[UE 1 | RB 1] Throughput = 1.09008 Mbps
85958[UE 1 | RB 1] Throughput = 0.95729 Mbps
86058[UE 1 | RB 1] Throughput = 1.07600 Mbps
86168[UE 1 | RB 1] Throughput = 0.32721 Mbps
86277[UE 1 | RB 1] Throughput = 1.41996 Mbps
86378[UE 1 | RB 1] Throughput = 1.43351 Mbps
86488[UE 1 | RB 1] Throughput = 0.98290 Mbps
86588[UE 1 | RB 1] Throughput = 0.83581 Mbps
86698[UE 1 | RB 1] Throughput = 1.31136 Mbps
86798[UE 1 | RB 1] Throughput = 1.07649 Mbps
86898[UE 1 | RB 1] Throughput = 1.07753 Mbps
87008[UE 1 | RB 1] Throughput = 0.87234 Mbps
87117[UE 1 | RB 1] Throughput = 1.09359 Mbps
87218[UE 1 | RB 1] Throughput = 1.07635 Mbps
87318[UE 1 | RB 1] Throughput = 1.07805 Mbps
87418[UE 1 | RB 1] Throughput = 1.31715 Mbps
87528[UE 1 | RB 1] Throughput = 0.97734 Mbps
87637[UE 1 | RB 1] Throughput = 0.98599 Mbps
87748[UE 1 | RB 1] Throughput = 1.08548 Mbps
87858[UE 1 | RB 1] Throughput = 0.87368 Mbps
87958[UE 1 | RB 1] Throughput = 1.07612 Mbps
88067[UE 1 | RB 1] Throughput = 0.98308 Mbps
88168[UE 1 | RB 1] Throughput = 1.31511 Mbps
88278[UE 1 | RB 1] Throughput = 1.20007 Mbps
88378[UE 1 | RB 1] Throughput = 1.07692 Mbps
88478[UE 1 | RB 1] Throughput = 1.31711 Mbps
88588[UE 1 | RB 1] Throughput = 0.32650 Mbps
88698[UE 1 | RB 1] Throughput = 1.09206 Mbps
88808[UE 1 | RB 1] Throughput = 1.30548 Mbps
88917[UE 1 | RB 1] Throughput = 1.20247 Mbps
89028[UE 1 | RB 1] Throughput = 1.08559 Mbps
89128[UE 1 | RB 1] Throughput = 0.95801 Mbps
89228[UE 1 | RB 1] Throughput = 1.07679 Mbps
89338[UE 1 | RB 1] Throughput = 1.30508 Mbps
89448[UE 1 | RB 1] Throughput = 1.09373 Mbps
89548[UE 1 | RB 1] Throughput = 0.83753 Mbps
89658[UE 1 | RB 1] Throughput = 0.98196 Mbps
89768[UE 1 | RB 1] Throughput = 1.09204 Mbps
89868[UE 1 | RB 1] Throughput = 1.19533 Mbps
89968[UE 1 | RB 1] Throughput = 1.07771 Mbps
[xApp]: E42 RIC_SUBSCRIPTION_DELETE_REQUEST tx RAN_FUNC_ID 144 RIC_REQ_ID 1 
[xApp]: E42 SUBSCRIPTION DELETE RESPONSE rx
[xApp]: E42 RIC_SUBSCRIPTION_DELETE_REQUEST tx RAN_FUNC_ID 144 RIC_REQ_ID 2 
[xApp]: E42 SUBSCRIPTION DELETE RESPONSE rx
[xApp]: E42 RIC_SUBSCRIPTION_DELETE_REQUEST tx RAN_FUNC_ID 144 RIC_REQ_ID 3 
[xApp]: E42 SUBSCRIPTION DELETE RESPONSE rx
[xApp]: E42 RIC_SUBSCRIPTION_DELETE_REQUEST tx RAN_FUNC_ID 144 RIC_REQ_ID 4 
[xApp]: E42 SUBSCRIPTION DELETE RESPONSE rx
[xApp]: Sucessfully stopped 
Test xApp run SUCCESSFULLY
