[UTIL]: Setting the config -c file to /usr/local/etc/flexric/flexric.conf
[UTIL]: Setting path -p for the shared libraries to /usr/local/lib/flexric/
[xAapp]: Initializing ... 
[xApp]: nearRT-RIC IP Address = 192.168.70.150, PORT = 36422
[E2 AGENT]: Opening plugin from path = /usr/local/lib/flexric/libkpm_sm.so 
[E2 AGENT]: Opening plugin from path = /usr/local/lib/flexric/libmac_sm.so 
[E2 AGENT]: Opening plugin from path = /usr/local/lib/flexric/libpdcp_sm.so 
[E2 AGENT]: Opening plugin from path = /usr/local/lib/flexric/libgtp_sm.so 
[E2 AGENT]: Opening plugin from path = /usr/local/lib/flexric/librc_sm.so 
[E2 AGENT]: Opening plugin from path = /usr/local/lib/flexric/libtc_sm.so 
[E2 AGENT]: Opening plugin from path = /usr/local/lib/flexric/librlc_sm.so 
[E2 AGENT]: Opening plugin from path = /usr/local/lib/flexric/libslice_sm.so 
[NEAR-RIC]: Loading SM ID = 2 with def = ORAN-E2SM-KPM 
[NEAR-RIC]: Loading SM ID = 142 with def = MAC_STATS_V0 
[NEAR-RIC]: Loading SM ID = 144 with def = PDCP_STATS_V0 
[NEAR-RIC]: Loading SM ID = 148 with def = GTP_STATS_V0 
[NEAR-RIC]: Loading SM ID = 3 with def = ORAN-E2SM-RC 
[NEAR-RIC]: Loading SM ID = 146 with def = TC_STATS_V0 
[NEAR-RIC]: Loading SM ID = 143 with def = RLC_STATS_V0 
[NEAR-RIC]: Loading SM ID = 145 with def = SLICE_STATS_V0 
[xApp]: DB filename = /tmp/flexric/xapp_db 
 [xApp]: E42 SETUP-REQUEST tx
[xApp]: E42 SETUP-RESPONSE rx 
[xApp]: xApp ID = 60 
[xApp]: Registered E2 Nodes = 4 
Connected E2 nodes = 4
[xAPP] Registered node 0 ran func id = 2 
 [xAPP] Registered node 0 ran func id = 3 
 [xAPP] Registered node 0 ran func id = 142 
 [xAPP] Registered node 0 ran func id = 143 
 [xAPP] Registered node 0 ran func id = 144 
 [xAPP] Registered node 0 ran func id = 145 
 [xAPP] Registered node 0 ran func id = 146 
 [xAPP] Registered node 0 ran func id = 148 
 [xApp]: E42 RIC SUBSCRIPTION REQUEST tx RAN_FUNC_ID 144 RIC_REQ_ID 1 
[xApp]: SUBSCRIPTION RESPONSE rx
[xApp]: Successfully subscribed to RAN_FUNC_ID 144 
[xAPP] Registered node 1 ran func id = 2 
 [xAPP] Registered node 1 ran func id = 3 
 [xAPP] Registered node 1 ran func id = 142 
 [xAPP] Registered node 1 ran func id = 143 
 [xAPP] Registered node 1 ran func id = 144 
 [xAPP] Registered node 1 ran func id = 145 
 [xAPP] Registered node 1 ran func id = 146 
 [xAPP] Registered node 1 ran func id = 148 
 [xApp]: E42 RIC SUBSCRIPTION REQUEST tx RAN_FUNC_ID 144 RIC_REQ_ID 2 
[xApp]: SUBSCRIPTION RESPONSE rx
[xApp]: Successfully subscribed to RAN_FUNC_ID 144 
[xAPP] Registered node 2 ran func id = 2 
 [xAPP] Registered node 2 ran func id = 3 
 [xAPP] Registered node 2 ran func id = 142 
 [xAPP] Registered node 2 ran func id = 143 
 [xAPP] Registered node 2 ran func id = 144 
 [xAPP] Registered node 2 ran func id = 145 
 [xAPP] Registered node 2 ran func id = 146 
 [xAPP] Registered node 2 ran func id = 148 
 [xApp]: E42 RIC SUBSCRIPTION REQUEST tx RAN_FUNC_ID 144 RIC_REQ_ID 3 
[xApp]: SUBSCRIPTION RESPONSE rx
[xApp]: Successfully subscribed to RAN_FUNC_ID 144 
[xAPP] Registered node 3 ran func id = 2 
 [xAPP] Registered node 3 ran func id = 3 
 [xAPP] Registered node 3 ran func id = 142 
 [xAPP] Registered node 3 ran func id = 143 
 [xAPP] Registered node 3 ran func id = 144 
 [xAPP] Registered node 3 ran func id = 145 
 [xAPP] Registered node 3 ran func id = 146 
 [xAPP] Registered node 3 ran func id = 148 
 [xApp]: E42 RIC SUBSCRIPTION REQUEST tx RAN_FUNC_ID 144 RIC_REQ_ID 4 
[xApp]: SUBSCRIPTION RESPONSE rx
[xApp]: Successfully subscribed to RAN_FUNC_ID 144 
113[UE 1 | RB 1] Throughput = 1.43633 Mbps
223[UE 1 | RB 1] Throughput = 0.76321 Mbps
323[UE 1 | RB 1] Throughput = 1.07518 Mbps
433[UE 1 | RB 1] Throughput = 1.08800 Mbps
543[UE 1 | RB 1] Throughput = 1.09325 Mbps
643[UE 1 | RB 1] Throughput = 0.95468 Mbps
753[UE 1 | RB 1] Throughput = 1.20442 Mbps
853[UE 1 | RB 1] Throughput = 1.19408 Mbps
954[UE 1 | RB 1] Throughput = 1.19328 Mbps
1063[UE 1 | RB 1] Throughput = 0.98485 Mbps
1163[UE 1 | RB 1] Throughput = 1.07651 Mbps
1273[UE 1 | RB 1] Throughput = 0.87134 Mbps
1383[UE 1 | RB 1] Throughput = 1.20157 Mbps
1483[UE 1 | RB 1] Throughput = 1.07703 Mbps
1593[UE 1 | RB 1] Throughput = 1.08910 Mbps
1693[UE 1 | RB 1] Throughput = 1.07818 Mbps
1793[UE 1 | RB 1] Throughput = 0.95639 Mbps
1903[UE 1 | RB 1] Throughput = 1.19804 Mbps
2013[UE 1 | RB 1] Throughput = 0.98517 Mbps
2113[UE 1 | RB 1] Throughput = 0.83638 Mbps
2223[UE 1 | RB 1] Throughput = 1.19819 Mbps
2324[UE 1 | RB 1] Throughput = 0.95474 Mbps
2424[UE 1 | RB 1] Throughput = 1.07740 Mbps
2533[UE 1 | RB 1] Throughput = 0.98600 Mbps
2633[UE 1 | RB 1] Throughput = 1.19466 Mbps
2743[UE 1 | RB 1] Throughput = 1.20092 Mbps
2843[UE 1 | RB 1] Throughput = 0.95829 Mbps
2953[UE 1 | RB 1] Throughput = 1.19897 Mbps
3053[UE 1 | RB 1] Throughput = 1.19820 Mbps
3154[UE 1 | RB 1] Throughput = 0.95647 Mbps
3263[UE 1 | RB 1] Throughput = 0.98716 Mbps
3364[UE 1 | RB 1] Throughput = 0.95133 Mbps
3473[UE 1 | RB 1] Throughput = 1.20275 Mbps
3573[UE 1 | RB 1] Throughput = 1.07635 Mbps
3674[UE 1 | RB 1] Throughput = 1.19551 Mbps
3783[UE 1 | RB 1] Throughput = 0.76498 Mbps
3893[UE 1 | RB 1] Throughput = 1.31020 Mbps
3993[UE 1 | RB 1] Throughput = 0.83610 Mbps
4103[UE 1 | RB 1] Throughput = 1.20170 Mbps
4213[UE 1 | RB 1] Throughput = 0.87163 Mbps
4313[UE 1 | RB 1] Throughput = 1.19495 Mbps
4423[UE 1 | RB 1] Throughput = 1.20321 Mbps
4523[UE 1 | RB 1] Throughput = 1.07573 Mbps
4633[UE 1 | RB 1] Throughput = 1.08920 Mbps
4743[UE 1 | RB 1] Throughput = 0.98326 Mbps
4843[UE 1 | RB 1] Throughput = 0.95804 Mbps
4943[UE 1 | RB 1] Throughput = 1.19786 Mbps
5043[UE 1 | RB 1] Throughput = 1.07756 Mbps
5143[UE 1 | RB 1] Throughput = 0.95740 Mbps
5244[UE 1 | RB 1] Throughput = 1.19307 Mbps
5353[UE 1 | RB 1] Throughput = 1.20296 Mbps
5454[UE 1 | RB 1] Throughput = 0.95549 Mbps
5554[UE 1 | RB 1] Throughput = 0.95823 Mbps
5663[UE 1 | RB 1] Throughput = 1.09605 Mbps
5773[UE 1 | RB 1] Throughput = 1.19450 Mbps
5873[UE 1 | RB 1] Throughput = 0.95832 Mbps
5983[UE 1 | RB 1] Throughput = 1.09100 Mbps
6093[UE 1 | RB 1] Throughput = 0.87016 Mbps
6194[UE 1 | RB 1] Throughput = 0.95662 Mbps
6303[UE 1 | RB 1] Throughput = 1.20013 Mbps
6414[UE 1 | RB 1] Throughput = 1.19696 Mbps
6523[UE 1 | RB 1] Throughput = 1.09178 Mbps
6623[UE 1 | RB 1] Throughput = 0.95789 Mbps
6724[UE 1 | RB 1] Throughput = 1.19198 Mbps
6834[UE 1 | RB 1] Throughput = 1.09306 Mbps
6943[UE 1 | RB 1] Throughput = 1.09112 Mbps
7053[UE 1 | RB 1] Throughput = 0.98113 Mbps
7153[UE 1 | RB 1] Throughput = 1.07840 Mbps
7263[UE 1 | RB 1] Throughput = 1.20040 Mbps
7364[UE 1 | RB 1] Throughput = 0.95378 Mbps
7464[UE 1 | RB 1] Throughput = 0.95774 Mbps
7574[UE 1 | RB 1] Throughput = 1.30879 Mbps
7684[UE 1 | RB 1] Throughput = 0.21829 Mbps
7794[UE 1 | RB 1] Throughput = 1.74278 Mbps
7894[UE 1 | RB 1] Throughput = 0.83709 Mbps
7994[UE 1 | RB 1] Throughput = 1.19826 Mbps
8104[UE 1 | RB 1] Throughput = 0.87287 Mbps
8213[UE 1 | RB 1] Throughput = 0.98221 Mbps
8314[UE 1 | RB 1] Throughput = 1.31498 Mbps
8414[UE 1 | RB 1] Throughput = 1.19557 Mbps
8524[UE 1 | RB 1] Throughput = 0.98151 Mbps
8634[UE 1 | RB 1] Throughput = 1.08974 Mbps
8744[UE 1 | RB 1] Throughput = 0.76422 Mbps
8844[UE 1 | RB 1] Throughput = 1.31418 Mbps
8953[UE 1 | RB 1] Throughput = 1.09396 Mbps
9053[UE 1 | RB 1] Throughput = 0.71829 Mbps
9154[UE 1 | RB 1] Throughput = 1.31741 Mbps
9263[UE 1 | RB 1] Throughput = 1.20108 Mbps
9364[UE 1 | RB 1] Throughput = 0.95563 Mbps
9474[UE 1 | RB 1] Throughput = 1.08758 Mbps
9584[UE 1 | RB 1] Throughput = 1.08890 Mbps
9693[UE 1 | RB 1] Throughput = 1.09472 Mbps
9794[UE 1 | RB 1] Throughput = 1.19483 Mbps
9904[UE 1 | RB 1] Throughput = 0.98002 Mbps
10004[UE 1 | RB 1] Throughput = 1.07543 Mbps
10104[UE 1 | RB 1] Throughput = 1.31812 Mbps
10214[UE 1 | RB 1] Throughput = 0.98325 Mbps
10314[UE 1 | RB 1] Throughput = 1.07559 Mbps
10424[UE 1 | RB 1] Throughput = 0.98115 Mbps
10534[UE 1 | RB 1] Throughput = 1.09314 Mbps
10643[UE 1 | RB 1] Throughput = 1.09081 Mbps
10753[UE 1 | RB 1] Throughput = 0.98035 Mbps
10864[UE 1 | RB 1] Throughput = 1.30603 Mbps
10964[UE 1 | RB 1] Throughput = 0.71888 Mbps
11064[UE 1 | RB 1] Throughput = 0.59743 Mbps
11173[UE 1 | RB 1] Throughput = 1.31411 Mbps
11274[UE 1 | RB 1] Throughput = 1.54686 Mbps
11384[UE 1 | RB 1] Throughput = 1.30523 Mbps
11493[UE 1 | RB 1] Throughput = 0.98817 Mbps
11604[UE 1 | RB 1] Throughput = 0.21706 Mbps
11704[UE 1 | RB 1] Throughput = 1.43666 Mbps
11814[UE 1 | RB 1] Throughput = 1.30813 Mbps
11924[UE 1 | RB 1] Throughput = 1.19784 Mbps
12033[UE 1 | RB 1] Throughput = 0.98413 Mbps
12134[UE 1 | RB 1] Throughput = 1.31022 Mbps
12243[UE 1 | RB 1] Throughput = 0.98558 Mbps
12344[UE 1 | RB 1] Throughput = 0.23870 Mbps
12444[UE 1 | RB 1] Throughput = 1.43707 Mbps
12554[UE 1 | RB 1] Throughput = 1.30840 Mbps
12663[UE 1 | RB 1] Throughput = 1.31322 Mbps
12763[UE 1 | RB 1] Throughput = 1.07761 Mbps
12863[UE 1 | RB 1] Throughput = 1.07790 Mbps
12964[UE 1 | RB 1] Throughput = 0.23947 Mbps
13064[UE 1 | RB 1] Throughput = 1.43392 Mbps
13164[UE 1 | RB 1] Throughput = 1.43795 Mbps
13264[UE 1 | RB 1] Throughput = 0.95857 Mbps
13364[UE 1 | RB 1] Throughput = 0.47891 Mbps
13473[UE 1 | RB 1] Throughput = 1.75169 Mbps
13574[UE 1 | RB 1] Throughput = 0.95340 Mbps
13674[UE 1 | RB 1] Throughput = 1.07839 Mbps
13784[UE 1 | RB 1] Throughput = 1.08819 Mbps
13894[UE 1 | RB 1] Throughput = 1.09274 Mbps
13994[UE 1 | RB 1] Throughput = 0.83872 Mbps
14094[UE 1 | RB 1] Throughput = 0.95698 Mbps
14204[UE 1 | RB 1] Throughput = 1.41220 Mbps
14314[UE 1 | RB 1] Throughput = 0.87601 Mbps
14414[UE 1 | RB 1] Throughput = 1.19508 Mbps
14524[UE 1 | RB 1] Throughput = 0.87329 Mbps
14634[UE 1 | RB 1] Throughput = 0.97775 Mbps
14744[UE 1 | RB 1] Throughput = 1.20242 Mbps
14854[UE 1 | RB 1] Throughput = 1.09224 Mbps
14954[UE 1 | RB 1] Throughput = 1.07528 Mbps
15054[UE 1 | RB 1] Throughput = 1.07769 Mbps
15154[UE 1 | RB 1] Throughput = 1.31812 Mbps
15264[UE 1 | RB 1] Throughput = 0.98230 Mbps
15364[UE 1 | RB 1] Throughput = 0.95646 Mbps
15474[UE 1 | RB 1] Throughput = 1.09141 Mbps
15574[UE 1 | RB 1] Throughput = 0.71737 Mbps
15684[UE 1 | RB 1] Throughput = 1.30907 Mbps
15794[UE 1 | RB 1] Throughput = 1.09192 Mbps
15894[UE 1 | RB 1] Throughput = 0.47682 Mbps
16004[UE 1 | RB 1] Throughput = 1.30888 Mbps
16104[UE 1 | RB 1] Throughput = 1.55722 Mbps
16214[UE 1 | RB 1] Throughput = 1.30796 Mbps
16314[UE 1 | RB 1] Throughput = 0.00000 Mbps
16414[UE 1 | RB 1] Throughput = 1.67690 Mbps
16514[UE 1 | RB 1] Throughput = 1.43689 Mbps
16614[UE 1 | RB 1] Throughput = 0.83840 Mbps
16724[UE 1 | RB 1] Throughput = 0.87258 Mbps
16834[UE 1 | RB 1] Throughput = 1.09057 Mbps
16934[UE 1 | RB 1] Throughput = 0.95554 Mbps
17044[UE 1 | RB 1] Throughput = 1.30970 Mbps
17154[UE 1 | RB 1] Throughput = 0.65396 Mbps
17264[UE 1 | RB 1] Throughput = 1.41618 Mbps
17374[UE 1 | RB 1] Throughput = 0.98132 Mbps
17474[UE 1 | RB 1] Throughput = 1.31720 Mbps
17574[UE 1 | RB 1] Throughput = 0.71849 Mbps
17684[UE 1 | RB 1] Throughput = 1.19789 Mbps
17794[UE 1 | RB 1] Throughput = 0.87390 Mbps
17904[UE 1 | RB 1] Throughput = 1.30659 Mbps
18004[UE 1 | RB 1] Throughput = 1.43597 Mbps
18104[UE 1 | RB 1] Throughput = 0.23948 Mbps
18214[UE 1 | RB 1] Throughput = 1.30732 Mbps
18324[UE 1 | RB 1] Throughput = 1.41958 Mbps
18424[UE 1 | RB 1] Throughput = 1.07763 Mbps
18524[UE 1 | RB 1] Throughput = 0.35801 Mbps
18635[UE 1 | RB 1] Throughput = 1.30591 Mbps
18744[UE 1 | RB 1] Throughput = 1.31659 Mbps
18854[UE 1 | RB 1] Throughput = 1.30836 Mbps
18954[UE 1 | RB 1] Throughput = 1.07787 Mbps
19054[UE 1 | RB 1] Throughput = 0.23930 Mbps
19154[UE 1 | RB 1] Throughput = 1.31665 Mbps
19264[UE 1 | RB 1] Throughput = 1.19796 Mbps
19374[UE 1 | RB 1] Throughput = 1.19993 Mbps
19474[UE 1 | RB 1] Throughput = 1.19748 Mbps
19574[UE 1 | RB 1] Throughput = 1.07802 Mbps
19684[UE 1 | RB 1] Throughput = 1.19975 Mbps
19794[UE 1 | RB 1] Throughput = 0.76298 Mbps
19894[UE 1 | RB 1] Throughput = 1.19832 Mbps
19994[UE 1 | RB 1] Throughput = 1.07716 Mbps
20094[UE 1 | RB 1] Throughput = 0.95819 Mbps
20194[UE 1 | RB 1] Throughput = 1.07683 Mbps
20304[UE 1 | RB 1] Throughput = 1.08966 Mbps
20414[UE 1 | RB 1] Throughput = 0.98008 Mbps
20524[UE 1 | RB 1] Throughput = 1.19947 Mbps
20634[UE 1 | RB 1] Throughput = 1.19817 Mbps
20744[UE 1 | RB 1] Throughput = 1.08959 Mbps
20854[UE 1 | RB 1] Throughput = 1.09286 Mbps
20954[UE 1 | RB 1] Throughput = 1.07629 Mbps
21064[UE 1 | RB 1] Throughput = 0.98099 Mbps
21165[UE 1 | RB 1] Throughput = 0.95438 Mbps
21274[UE 1 | RB 1] Throughput = 0.87381 Mbps
21384[UE 1 | RB 1] Throughput = 1.19979 Mbps
21484[UE 1 | RB 1] Throughput = 1.07770 Mbps
21584[UE 1 | RB 1] Throughput = 0.83864 Mbps
21684[UE 1 | RB 1] Throughput = 1.55360 Mbps
21794[UE 1 | RB 1] Throughput = 1.09461 Mbps
21894[UE 1 | RB 1] Throughput = 0.95770 Mbps
21994[UE 1 | RB 1] Throughput = 0.95805 Mbps
22104[UE 1 | RB 1] Throughput = 0.98277 Mbps
22204[UE 1 | RB 1] Throughput = 1.07599 Mbps
22304[UE 1 | RB 1] Throughput = 1.19551 Mbps
22415[UE 1 | RB 1] Throughput = 0.87020 Mbps
22524[UE 1 | RB 1] Throughput = 1.09202 Mbps
22624[UE 1 | RB 1] Throughput = 1.07821 Mbps
22734[UE 1 | RB 1] Throughput = 1.30613 Mbps
22844[UE 1 | RB 1] Throughput = 1.20297 Mbps
22944[UE 1 | RB 1] Throughput = 0.95810 Mbps
23044[UE 1 | RB 1] Throughput = 0.83863 Mbps
23154[UE 1 | RB 1] Throughput = 1.19784 Mbps
23254[UE 1 | RB 1] Throughput = 0.71740 Mbps
23355[UE 1 | RB 1] Throughput = 1.43555 Mbps
23455[UE 1 | RB 1] Throughput = 0.71882 Mbps
23565[UE 1 | RB 1] Throughput = 0.76314 Mbps
23675[UE 1 | RB 1] Throughput = 1.19703 Mbps
23784[UE 1 | RB 1] Throughput = 1.31051 Mbps
23895[UE 1 | RB 1] Throughput = 0.97807 Mbps
24004[UE 1 | RB 1] Throughput = 0.98226 Mbps
24114[UE 1 | RB 1] Throughput = 1.19814 Mbps
24215[UE 1 | RB 1] Throughput = 1.31679 Mbps
24324[UE 1 | RB 1] Throughput = 1.20157 Mbps
24435[UE 1 | RB 1] Throughput = 0.97813 Mbps
24544[UE 1 | RB 1] Throughput = 1.31212 Mbps
24645[UE 1 | RB 1] Throughput = 0.11915 Mbps
24755[UE 1 | RB 1] Throughput = 1.63445 Mbps
24864[UE 1 | RB 1] Throughput = 1.20321 Mbps
24964[UE 1 | RB 1] Throughput = 0.95818 Mbps
25065[UE 1 | RB 1] Throughput = 0.95664 Mbps
25174[UE 1 | RB 1] Throughput = 0.87212 Mbps
25275[UE 1 | RB 1] Throughput = 1.31749 Mbps
25375[UE 1 | RB 1] Throughput = 1.19607 Mbps
25485[UE 1 | RB 1] Throughput = 1.19913 Mbps
25595[UE 1 | RB 1] Throughput = 0.65383 Mbps
25705[UE 1 | RB 1] Throughput = 1.52700 Mbps
25814[UE 1 | RB 1] Throughput = 0.87198 Mbps
25924[UE 1 | RB 1] Throughput = 0.98256 Mbps
26034[UE 1 | RB 1] Throughput = 1.19876 Mbps
26134[UE 1 | RB 1] Throughput = 0.95587 Mbps
26235[UE 1 | RB 1] Throughput = 1.07790 Mbps
26335[UE 1 | RB 1] Throughput = 1.19772 Mbps
26435[UE 1 | RB 1] Throughput = 0.83637 Mbps
26545[UE 1 | RB 1] Throughput = 1.20045 Mbps
26645[UE 1 | RB 1] Throughput = 1.07848 Mbps
26755[UE 1 | RB 1] Throughput = 1.09065 Mbps
26855[UE 1 | RB 1] Throughput = 1.07848 Mbps
26964[UE 1 | RB 1] Throughput = 0.98376 Mbps
27064[UE 1 | RB 1] Throughput = 1.43766 Mbps
27175[UE 1 | RB 1] Throughput = 0.97765 Mbps
27284[UE 1 | RB 1] Throughput = 0.21841 Mbps
27385[UE 1 | RB 1] Throughput = 1.43468 Mbps
27485[UE 1 | RB 1] Throughput = 1.43733 Mbps
27594[UE 1 | RB 1] Throughput = 0.98193 Mbps
27704[UE 1 | RB 1] Throughput = 0.87172 Mbps
27805[UE 1 | RB 1] Throughput = 1.07388 Mbps
27915[UE 1 | RB 1] Throughput = 1.09299 Mbps
28015[UE 1 | RB 1] Throughput = 1.07557 Mbps
28125[UE 1 | RB 1] Throughput = 1.30669 Mbps
28225[UE 1 | RB 1] Throughput = 1.07809 Mbps
28335[UE 1 | RB 1] Throughput = 1.20236 Mbps
28435[UE 1 | RB 1] Throughput = 0.95795 Mbps
28545[UE 1 | RB 1] Throughput = 0.97742 Mbps
28654[UE 1 | RB 1] Throughput = 1.09656 Mbps
28755[UE 1 | RB 1] Throughput = 1.19200 Mbps
28865[UE 1 | RB 1] Throughput = 1.08894 Mbps
28975[UE 1 | RB 1] Throughput = 0.54620 Mbps
29075[UE 1 | RB 1] Throughput = 1.31754 Mbps
29175[UE 1 | RB 1] Throughput = 1.07750 Mbps
29275[UE 1 | RB 1] Throughput = 1.07854 Mbps
29385[UE 1 | RB 1] Throughput = 1.09050 Mbps
29485[UE 1 | RB 1] Throughput = 0.95736 Mbps
29595[UE 1 | RB 1] Throughput = 1.63126 Mbps
29705[UE 1 | RB 1] Throughput = 0.87441 Mbps
29805[UE 1 | RB 1] Throughput = 1.07221 Mbps
29916[UE 1 | RB 1] Throughput = 1.19265 Mbps
30025[UE 1 | RB 1] Throughput = 0.98765 Mbps
30135[UE 1 | RB 1] Throughput = 0.32716 Mbps
30235[UE 1 | RB 1] Throughput = 1.79591 Mbps
30345[UE 1 | RB 1] Throughput = 0.98129 Mbps
30445[UE 1 | RB 1] Throughput = 1.07668 Mbps
30555[UE 1 | RB 1] Throughput = 1.09301 Mbps
30655[UE 1 | RB 1] Throughput = 1.07489 Mbps
30765[UE 1 | RB 1] Throughput = 0.87289 Mbps
30875[UE 1 | RB 1] Throughput = 1.20035 Mbps
30975[UE 1 | RB 1] Throughput = 1.19366 Mbps
31085[UE 1 | RB 1] Throughput = 0.98363 Mbps
31185[UE 1 | RB 1] Throughput = 1.07473 Mbps
31295[UE 1 | RB 1] Throughput = 1.08993 Mbps
31405[UE 1 | RB 1] Throughput = 0.87359 Mbps
31505[UE 1 | RB 1] Throughput = 1.07584 Mbps
31605[UE 1 | RB 1] Throughput = 1.19684 Mbps
31715[UE 1 | RB 1] Throughput = 0.87313 Mbps
31815[UE 1 | RB 1] Throughput = 1.19804 Mbps
31925[UE 1 | RB 1] Throughput = 1.08938 Mbps
32035[UE 1 | RB 1] Throughput = 1.08876 Mbps
32145[UE 1 | RB 1] Throughput = 1.19762 Mbps
32255[UE 1 | RB 1] Throughput = 0.87437 Mbps
32355[UE 1 | RB 1] Throughput = 1.19560 Mbps
32465[UE 1 | RB 1] Throughput = 1.19825 Mbps
32575[UE 1 | RB 1] Throughput = 0.87279 Mbps
32675[UE 1 | RB 1] Throughput = 0.95871 Mbps
32775[UE 1 | RB 1] Throughput = 1.31759 Mbps
32875[UE 1 | RB 1] Throughput = 0.83868 Mbps
32975[UE 1 | RB 1] Throughput = 1.19775 Mbps
33085[UE 1 | RB 1] Throughput = 0.98226 Mbps
33185[UE 1 | RB 1] Throughput = 1.19544 Mbps
33286[UE 1 | RB 1] Throughput = 0.83481 Mbps
33395[UE 1 | RB 1] Throughput = 0.98518 Mbps
33505[UE 1 | RB 1] Throughput = 0.98061 Mbps
33615[UE 1 | RB 1] Throughput = 0.98003 Mbps
33725[UE 1 | RB 1] Throughput = 1.20027 Mbps
33825[UE 1 | RB 1] Throughput = 1.31525 Mbps
33935[UE 1 | RB 1] Throughput = 1.19957 Mbps
34045[UE 1 | RB 1] Throughput = 1.19908 Mbps
34155[UE 1 | RB 1] Throughput = 1.19950 Mbps
34255[UE 1 | RB 1] Throughput = 0.83701 Mbps
34365[UE 1 | RB 1] Throughput = 1.08631 Mbps
34475[UE 1 | RB 1] Throughput = 0.87326 Mbps
34585[UE 1 | RB 1] Throughput = 0.98301 Mbps
34685[UE 1 | RB 1] Throughput = 1.19720 Mbps
34785[UE 1 | RB 1] Throughput = 1.07731 Mbps
34895[UE 1 | RB 1] Throughput = 0.98090 Mbps
34995[UE 1 | RB 1] Throughput = 1.31510 Mbps
35105[UE 1 | RB 1] Throughput = 0.98588 Mbps
35205[UE 1 | RB 1] Throughput = 1.19596 Mbps
35305[UE 1 | RB 1] Throughput = 0.83870 Mbps
35415[UE 1 | RB 1] Throughput = 0.97925 Mbps
35525[UE 1 | RB 1] Throughput = 1.19816 Mbps
35625[UE 1 | RB 1] Throughput = 1.31802 Mbps
35725[UE 1 | RB 1] Throughput = 0.95705 Mbps
35835[UE 1 | RB 1] Throughput = 1.09001 Mbps
35945[UE 1 | RB 1] Throughput = 0.87543 Mbps
36046[UE 1 | RB 1] Throughput = 1.18758 Mbps
36155[UE 1 | RB 1] Throughput = 1.20252 Mbps
36265[UE 1 | RB 1] Throughput = 0.98196 Mbps
36375[UE 1 | RB 1] Throughput = 1.19812 Mbps
36485[UE 1 | RB 1] Throughput = 0.87192 Mbps
36585[UE 1 | RB 1] Throughput = 0.95758 Mbps
36685[UE 1 | RB 1] Throughput = 0.83767 Mbps
36795[UE 1 | RB 1] Throughput = 1.31274 Mbps
36905[UE 1 | RB 1] Throughput = 0.98003 Mbps
37005[UE 1 | RB 1] Throughput = 1.07790 Mbps
37105[UE 1 | RB 1] Throughput = 1.19724 Mbps
37205[UE 1 | RB 1] Throughput = 0.95624 Mbps
37315[UE 1 | RB 1] Throughput = 1.09240 Mbps
37425[UE 1 | RB 1] Throughput = 1.30344 Mbps
37535[UE 1 | RB 1] Throughput = 0.98221 Mbps
37645[UE 1 | RB 1] Throughput = 1.09265 Mbps
37745[UE 1 | RB 1] Throughput = 0.83555 Mbps
37845[UE 1 | RB 1] Throughput = 1.31755 Mbps
37945[UE 1 | RB 1] Throughput = 0.83797 Mbps
38046[UE 1 | RB 1] Throughput = 1.31663 Mbps
38155[UE 1 | RB 1] Throughput = 0.98731 Mbps
38255[UE 1 | RB 1] Throughput = 0.95584 Mbps
38365[UE 1 | RB 1] Throughput = 1.19519 Mbps
38475[UE 1 | RB 1] Throughput = 1.09156 Mbps
38585[UE 1 | RB 1] Throughput = 0.98259 Mbps
38685[UE 1 | RB 1] Throughput = 0.71774 Mbps
38785[UE 1 | RB 1] Throughput = 1.19675 Mbps
38885[UE 1 | RB 1] Throughput = 1.55708 Mbps
38995[UE 1 | RB 1] Throughput = 0.65460 Mbps
39095[UE 1 | RB 1] Throughput = 1.07800 Mbps
39195[UE 1 | RB 1] Throughput = 1.07703 Mbps
39306[UE 1 | RB 1] Throughput = 0.97810 Mbps
39415[UE 1 | RB 1] Throughput = 1.20721 Mbps
39515[UE 1 | RB 1] Throughput = 0.83555 Mbps
39625[UE 1 | RB 1] Throughput = 1.31029 Mbps
39725[UE 1 | RB 1] Throughput = 1.07329 Mbps
39826[UE 1 | RB 1] Throughput = 1.19687 Mbps
39935[UE 1 | RB 1] Throughput = 1.09225 Mbps
40045[UE 1 | RB 1] Throughput = 1.09214 Mbps
40145[UE 1 | RB 1] Throughput = 0.83711 Mbps
40255[UE 1 | RB 1] Throughput = 1.19908 Mbps
40365[UE 1 | RB 1] Throughput = 0.98078 Mbps
40475[UE 1 | RB 1] Throughput = 0.98131 Mbps
40585[UE 1 | RB 1] Throughput = 1.08850 Mbps
40695[UE 1 | RB 1] Throughput = 1.09055 Mbps
40795[UE 1 | RB 1] Throughput = 1.07385 Mbps
40905[UE 1 | RB 1] Throughput = 1.20426 Mbps
41005[UE 1 | RB 1] Throughput = 1.31407 Mbps
41115[UE 1 | RB 1] Throughput = 0.97962 Mbps
41225[UE 1 | RB 1] Throughput = 0.32647 Mbps
41335[UE 1 | RB 1] Throughput = 1.31056 Mbps
41436[UE 1 | RB 1] Throughput = 1.19395 Mbps
41545[UE 1 | RB 1] Throughput = 0.87378 Mbps
41655[UE 1 | RB 1] Throughput = 1.74971 Mbps
41755[UE 1 | RB 1] Throughput = 0.71629 Mbps
41865[UE 1 | RB 1] Throughput = 1.08960 Mbps
41965[UE 1 | RB 1] Throughput = 1.19790 Mbps
42075[UE 1 | RB 1] Throughput = 1.09005 Mbps
42185[UE 1 | RB 1] Throughput = 0.98107 Mbps
42295[UE 1 | RB 1] Throughput = 0.97940 Mbps
42396[UE 1 | RB 1] Throughput = 1.07637 Mbps
42505[UE 1 | RB 1] Throughput = 1.19968 Mbps
42606[UE 1 | RB 1] Throughput = 0.95680 Mbps
42715[UE 1 | RB 1] Throughput = 1.09211 Mbps
42816[UE 1 | RB 1] Throughput = 1.07488 Mbps
42916[UE 1 | RB 1] Throughput = 1.07517 Mbps
43026[UE 1 | RB 1] Throughput = 1.20100 Mbps
43135[UE 1 | RB 1] Throughput = 1.20318 Mbps
43236[UE 1 | RB 1] Throughput = 0.95191 Mbps
43346[UE 1 | RB 1] Throughput = 1.09279 Mbps
43456[UE 1 | RB 1] Throughput = 0.98164 Mbps
43565[UE 1 | RB 1] Throughput = 1.09220 Mbps
43665[UE 1 | RB 1] Throughput = 0.95852 Mbps
43765[UE 1 | RB 1] Throughput = 1.31698 Mbps
43866[UE 1 | RB 1] Throughput = 1.07513 Mbps
43975[UE 1 | RB 1] Throughput = 0.98285 Mbps
44076[UE 1 | RB 1] Throughput = 0.95562 Mbps
44186[UE 1 | RB 1] Throughput = 0.98037 Mbps
44296[UE 1 | RB 1] Throughput = 1.09158 Mbps
44396[UE 1 | RB 1] Throughput = 1.19818 Mbps
44506[UE 1 | RB 1] Throughput = 1.08973 Mbps
44606[UE 1 | RB 1] Throughput = 0.95768 Mbps
44716[UE 1 | RB 1] Throughput = 1.09027 Mbps
44825[UE 1 | RB 1] Throughput = 0.65657 Mbps
44925[UE 1 | RB 1] Throughput = 1.07705 Mbps
45026[UE 1 | RB 1] Throughput = 1.07145 Mbps
45126[UE 1 | RB 1] Throughput = 1.79645 Mbps
45236[UE 1 | RB 1] Throughput = 0.76445 Mbps
45345[UE 1 | RB 1] Throughput = 0.87341 Mbps
45456[UE 1 | RB 1] Throughput = 1.30625 Mbps
45556[UE 1 | RB 1] Throughput = 1.07777 Mbps
45666[UE 1 | RB 1] Throughput = 1.08866 Mbps
45776[UE 1 | RB 1] Throughput = 0.87129 Mbps
45886[UE 1 | RB 1] Throughput = 1.20102 Mbps
45995[UE 1 | RB 1] Throughput = 1.09307 Mbps
46095[UE 1 | RB 1] Throughput = 0.71702 Mbps
46196[UE 1 | RB 1] Throughput = 1.07499 Mbps
46306[UE 1 | RB 1] Throughput = 0.98096 Mbps
46406[UE 1 | RB 1] Throughput = 1.07296 Mbps
46516[UE 1 | RB 1] Throughput = 0.98710 Mbps
46616[UE 1 | RB 1] Throughput = 1.07804 Mbps
46725[UE 1 | RB 1] Throughput = 1.74665 Mbps
46835[UE 1 | RB 1] Throughput = 0.97938 Mbps
46936[UE 1 | RB 1] Throughput = 1.07527 Mbps
47046[UE 1 | RB 1] Throughput = 1.08804 Mbps
47156[UE 1 | RB 1] Throughput = 0.98333 Mbps
47256[UE 1 | RB 1] Throughput = 1.07762 Mbps
47366[UE 1 | RB 1] Throughput = 0.98062 Mbps
47476[UE 1 | RB 1] Throughput = 1.09079 Mbps
47586[UE 1 | RB 1] Throughput = 0.87166 Mbps
47686[UE 1 | RB 1] Throughput = 1.55663 Mbps
47786[UE 1 | RB 1] Throughput = 0.83840 Mbps
47896[UE 1 | RB 1] Throughput = 1.08953 Mbps
47996[UE 1 | RB 1] Throughput = 0.95782 Mbps
48106[UE 1 | RB 1] Throughput = 0.87172 Mbps
48206[UE 1 | RB 1] Throughput = 1.31477 Mbps
48316[UE 1 | RB 1] Throughput = 1.09232 Mbps
48426[UE 1 | RB 1] Throughput = 1.19888 Mbps
48526[UE 1 | RB 1] Throughput = 0.83830 Mbps
48626[UE 1 | RB 1] Throughput = 1.31439 Mbps
48736[UE 1 | RB 1] Throughput = 1.09037 Mbps
48846[UE 1 | RB 1] Throughput = 0.76493 Mbps
48956[UE 1 | RB 1] Throughput = 1.08697 Mbps
49066[UE 1 | RB 1] Throughput = 1.09127 Mbps
49166[UE 1 | RB 1] Throughput = 1.07621 Mbps
49276[UE 1 | RB 1] Throughput = 1.20156 Mbps
49376[UE 1 | RB 1] Throughput = 0.71592 Mbps
49486[UE 1 | RB 1] Throughput = 1.31126 Mbps
49586[UE 1 | RB 1] Throughput = 0.00000 Mbps
49696[UE 1 | RB 1] Throughput = 1.74079 Mbps
49806[UE 1 | RB 1] Throughput = 1.19880 Mbps
49906[UE 1 | RB 1] Throughput = 0.95861 Mbps
50016[UE 1 | RB 1] Throughput = 1.63302 Mbps
50116[UE 1 | RB 1] Throughput = 0.23955 Mbps
50216[UE 1 | RB 1] Throughput = 1.07728 Mbps
50326[UE 1 | RB 1] Throughput = 1.20164 Mbps
50426[UE 1 | RB 1] Throughput = 1.79582 Mbps
50536[UE 1 | RB 1] Throughput = 0.98157 Mbps
50636[UE 1 | RB 1] Throughput = 0.95715 Mbps
50736[UE 1 | RB 1] Throughput = 1.07788 Mbps
50846[UE 1 | RB 1] Throughput = 1.19971 Mbps
50956[UE 1 | RB 1] Throughput = 0.98277 Mbps
51066[UE 1 | RB 1] Throughput = 0.97727 Mbps
51176[UE 1 | RB 1] Throughput = 0.98187 Mbps
51276[UE 1 | RB 1] Throughput = 1.31617 Mbps
51386[UE 1 | RB 1] Throughput = 0.97968 Mbps
51496[UE 1 | RB 1] Throughput = 0.98141 Mbps
51606[UE 1 | RB 1] Throughput = 0.98261 Mbps
51706[UE 1 | RB 1] Throughput = 1.43732 Mbps
51806[UE 1 | RB 1] Throughput = 0.00000 Mbps
51916[UE 1 | RB 1] Throughput = 1.41835 Mbps
52016[UE 1 | RB 1] Throughput = 1.31754 Mbps
52126[UE 1 | RB 1] Throughput = 1.09091 Mbps
52226[UE 1 | RB 1] Throughput = 0.83692 Mbps
52336[UE 1 | RB 1] Throughput = 1.09008 Mbps
52436[UE 1 | RB 1] Throughput = 1.43746 Mbps
52546[UE 1 | RB 1] Throughput = 0.98264 Mbps
52646[UE 1 | RB 1] Throughput = 0.95723 Mbps
52746[UE 1 | RB 1] Throughput = 1.31449 Mbps
52856[UE 1 | RB 1] Throughput = 0.98481 Mbps
52956[UE 1 | RB 1] Throughput = 1.07596 Mbps
53066[UE 1 | RB 1] Throughput = 1.08600 Mbps
53176[UE 1 | RB 1] Throughput = 0.87439 Mbps
53276[UE 1 | RB 1] Throughput = 0.83832 Mbps
53386[UE 1 | RB 1] Throughput = 0.98018 Mbps
53486[UE 1 | RB 1] Throughput = 1.31725 Mbps
53596[UE 1 | RB 1] Throughput = 1.20254 Mbps
53696[UE 1 | RB 1] Throughput = 1.31579 Mbps
53806[UE 1 | RB 1] Throughput = 1.19751 Mbps
53906[UE 1 | RB 1] Throughput = 0.11974 Mbps
54016[UE 1 | RB 1] Throughput = 1.30895 Mbps
54116[UE 1 | RB 1] Throughput = 1.43585 Mbps
54226[UE 1 | RB 1] Throughput = 1.19872 Mbps
54326[UE 1 | RB 1] Throughput = 1.07724 Mbps
54436[UE 1 | RB 1] Throughput = 0.32795 Mbps
54536[UE 1 | RB 1] Throughput = 1.55625 Mbps
54646[UE 1 | RB 1] Throughput = 1.08784 Mbps
54746[UE 1 | RB 1] Throughput = 1.19560 Mbps
54856[UE 1 | RB 1] Throughput = 1.09620 Mbps
54956[UE 1 | RB 1] Throughput = 1.07722 Mbps
55056[UE 1 | RB 1] Throughput = 1.07826 Mbps
55166[UE 1 | RB 1] Throughput = 0.97738 Mbps
55276[UE 1 | RB 1] Throughput = 1.09377 Mbps
55376[UE 1 | RB 1] Throughput = 1.07692 Mbps
55486[UE 1 | RB 1] Throughput = 1.19700 Mbps
55596[UE 1 | RB 1] Throughput = 1.19911 Mbps
55706[UE 1 | RB 1] Throughput = 1.08837 Mbps
55816[UE 1 | RB 1] Throughput = 0.98401 Mbps
55916[UE 1 | RB 1] Throughput = 0.00000 Mbps
56026[UE 1 | RB 1] Throughput = 1.41875 Mbps
56127[UE 1 | RB 1] Throughput = 1.42513 Mbps
56236[UE 1 | RB 1] Throughput = 1.20824 Mbps
56336[UE 1 | RB 1] Throughput = 1.07751 Mbps
56436[UE 1 | RB 1] Throughput = 0.95538 Mbps
56546[UE 1 | RB 1] Throughput = 1.19994 Mbps
56647[UE 1 | RB 1] Throughput = 1.07348 Mbps
56747[UE 1 | RB 1] Throughput = 1.07768 Mbps
56856[UE 1 | RB 1] Throughput = 1.31316 Mbps
56956[UE 1 | RB 1] Throughput = 1.07751 Mbps
57066[UE 1 | RB 1] Throughput = 0.21822 Mbps
57166[UE 1 | RB 1] Throughput = 1.43389 Mbps
57277[UE 1 | RB 1] Throughput = 1.08646 Mbps
57386[UE 1 | RB 1] Throughput = 1.42203 Mbps
57486[UE 1 | RB 1] Throughput = 1.07855 Mbps
57596[UE 1 | RB 1] Throughput = 1.09092 Mbps
57697[UE 1 | RB 1] Throughput = 1.07325 Mbps
57807[UE 1 | RB 1] Throughput = 0.98105 Mbps
57916[UE 1 | RB 1] Throughput = 1.09120 Mbps
58016[UE 1 | RB 1] Throughput = 1.07804 Mbps
58116[UE 1 | RB 1] Throughput = 1.07827 Mbps
58226[UE 1 | RB 1] Throughput = 0.87276 Mbps
58336[UE 1 | RB 1] Throughput = 1.19833 Mbps
58446[UE 1 | RB 1] Throughput = 0.87290 Mbps
58547[UE 1 | RB 1] Throughput = 0.83095 Mbps
58656[UE 1 | RB 1] Throughput = 1.42774 Mbps
58756[UE 1 | RB 1] Throughput = 0.59786 Mbps
58857[UE 1 | RB 1] Throughput = 1.31691 Mbps
58966[UE 1 | RB 1] Throughput = 0.98159 Mbps
59076[UE 1 | RB 1] Throughput = 1.19816 Mbps
59176[UE 1 | RB 1] Throughput = 1.07804 Mbps
59286[UE 1 | RB 1] Throughput = 0.87239 Mbps
59396[UE 1 | RB 1] Throughput = 0.98306 Mbps
59497[UE 1 | RB 1] Throughput = 1.42757 Mbps
59606[UE 1 | RB 1] Throughput = 1.09557 Mbps
59706[UE 1 | RB 1] Throughput = 1.07516 Mbps
59817[UE 1 | RB 1] Throughput = 1.19745 Mbps
59926[UE 1 | RB 1] Throughput = 0.87520 Mbps
60036[UE 1 | RB 1] Throughput = 0.87376 Mbps
60136[UE 1 | RB 1] Throughput = 1.43441 Mbps
60236[UE 1 | RB 1] Throughput = 1.31627 Mbps
60336[UE 1 | RB 1] Throughput = 0.71865 Mbps
60446[UE 1 | RB 1] Throughput = 1.19693 Mbps
60556[UE 1 | RB 1] Throughput = 0.98411 Mbps
60656[UE 1 | RB 1] Throughput = 1.07613 Mbps
60757[UE 1 | RB 1] Throughput = 1.07491 Mbps
60867[UE 1 | RB 1] Throughput = 0.76285 Mbps
60967[UE 1 | RB 1] Throughput = 1.19702 Mbps
61067[UE 1 | RB 1] Throughput = 1.19778 Mbps
61167[UE 1 | RB 1] Throughput = 0.95821 Mbps
61276[UE 1 | RB 1] Throughput = 0.98664 Mbps
61377[UE 1 | RB 1] Throughput = 1.19147 Mbps
61487[UE 1 | RB 1] Throughput = 0.98201 Mbps
61596[UE 1 | RB 1] Throughput = 1.31146 Mbps
61697[UE 1 | RB 1] Throughput = 0.95524 Mbps
61797[UE 1 | RB 1] Throughput = 1.19715 Mbps
61907[UE 1 | RB 1] Throughput = 0.87250 Mbps
62017[UE 1 | RB 1] Throughput = 0.98056 Mbps
62117[UE 1 | RB 1] Throughput = 1.43595 Mbps
62227[UE 1 | RB 1] Throughput = 0.98069 Mbps
62336[UE 1 | RB 1] Throughput = 1.20261 Mbps
62447[UE 1 | RB 1] Throughput = 1.19579 Mbps
62556[UE 1 | RB 1] Throughput = 0.98320 Mbps
62657[UE 1 | RB 1] Throughput = 0.00000 Mbps
62766[UE 1 | RB 1] Throughput = 1.41903 Mbps
62867[UE 1 | RB 1] Throughput = 1.31515 Mbps
62977[UE 1 | RB 1] Throughput = 1.30800 Mbps
63086[UE 1 | RB 1] Throughput = 1.19893 Mbps
63187[UE 1 | RB 1] Throughput = 1.07457 Mbps
63297[UE 1 | RB 1] Throughput = 0.98081 Mbps
63397[UE 1 | RB 1] Throughput = 1.19702 Mbps
63497[UE 1 | RB 1] Throughput = 0.83862 Mbps
63607[UE 1 | RB 1] Throughput = 1.19761 Mbps
63717[UE 1 | RB 1] Throughput = 0.97919 Mbps
63827[UE 1 | RB 1] Throughput = 0.98351 Mbps
63936[UE 1 | RB 1] Throughput = 1.09377 Mbps
64037[UE 1 | RB 1] Throughput = 1.19080 Mbps
64147[UE 1 | RB 1] Throughput = 0.76431 Mbps
64247[UE 1 | RB 1] Throughput = 1.31761 Mbps
64357[UE 1 | RB 1] Throughput = 1.30858 Mbps
64467[UE 1 | RB 1] Throughput = 0.00000 Mbps
64577[UE 1 | RB 1] Throughput = 1.41926 Mbps
64677[UE 1 | RB 1] Throughput = 1.31629 Mbps
64787[UE 1 | RB 1] Throughput = 1.19340 Mbps
64897[UE 1 | RB 1] Throughput = 1.31392 Mbps
65007[UE 1 | RB 1] Throughput = 1.30825 Mbps
65107[UE 1 | RB 1] Throughput = 0.00000 Mbps
65217[UE 1 | RB 1] Throughput = 1.20168 Mbps
65317[UE 1 | RB 1] Throughput = 1.43647 Mbps
65417[UE 1 | RB 1] Throughput = 1.31470 Mbps
65527[UE 1 | RB 1] Throughput = 0.98177 Mbps
65627[UE 1 | RB 1] Throughput = 0.95667 Mbps
65737[UE 1 | RB 1] Throughput = 0.65233 Mbps
65847[UE 1 | RB 1] Throughput = 1.31120 Mbps
65947[UE 1 | RB 1] Throughput = 1.31799 Mbps
66057[UE 1 | RB 1] Throughput = 1.31018 Mbps
66157[UE 1 | RB 1] Throughput = 0.59759 Mbps
66267[UE 1 | RB 1] Throughput = 1.52906 Mbps
66377[UE 1 | RB 1] Throughput = 0.86985 Mbps
66477[UE 1 | RB 1] Throughput = 1.19762 Mbps
66586[UE 1 | RB 1] Throughput = 0.98449 Mbps
66687[UE 1 | RB 1] Throughput = 0.95588 Mbps
66797[UE 1 | RB 1] Throughput = 0.97990 Mbps
66906[UE 1 | RB 1] Throughput = 1.20415 Mbps
67007[UE 1 | RB 1] Throughput = 1.07037 Mbps
67117[UE 1 | RB 1] Throughput = 0.98361 Mbps
67227[UE 1 | RB 1] Throughput = 1.09001 Mbps
67327[UE 1 | RB 1] Throughput = 1.19477 Mbps
67437[UE 1 | RB 1] Throughput = 1.09173 Mbps
67547[UE 1 | RB 1] Throughput = 1.19762 Mbps
67647[UE 1 | RB 1] Throughput = 0.23844 Mbps
67757[UE 1 | RB 1] Throughput = 1.42371 Mbps
67866[UE 1 | RB 1] Throughput = 1.20190 Mbps
67967[UE 1 | RB 1] Throughput = 1.31051 Mbps
68077[UE 1 | RB 1] Throughput = 0.98221 Mbps
68177[UE 1 | RB 1] Throughput = 1.31462 Mbps
68287[UE 1 | RB 1] Throughput = 0.98076 Mbps
68397[UE 1 | RB 1] Throughput = 0.32736 Mbps
68497[UE 1 | RB 1] Throughput = 1.43670 Mbps
68597[UE 1 | RB 1] Throughput = 1.43773 Mbps
68707[UE 1 | RB 1] Throughput = 1.20083 Mbps
68817[UE 1 | RB 1] Throughput = 0.98279 Mbps
68917[UE 1 | RB 1] Throughput = 0.35740 Mbps
69027[UE 1 | RB 1] Throughput = 1.31099 Mbps
69137[UE 1 | RB 1] Throughput = 1.31053 Mbps
69237[UE 1 | RB 1] Throughput = 1.43335 Mbps
69347[UE 1 | RB 1] Throughput = 0.00000 Mbps
69447[UE 1 | RB 1] Throughput = 1.55230 Mbps
69547[UE 1 | RB 1] Throughput = 1.55764 Mbps
69657[UE 1 | RB 1] Throughput = 1.20012 Mbps
69757[UE 1 | RB 1] Throughput = 0.11945 Mbps
69867[UE 1 | RB 1] Throughput = 1.31199 Mbps
69967[UE 1 | RB 1] Throughput = 1.43219 Mbps
70077[UE 1 | RB 1] Throughput = 1.20491 Mbps
70177[UE 1 | RB 1] Throughput = 1.31761 Mbps
70277[UE 1 | RB 1] Throughput = 0.11963 Mbps
70377[UE 1 | RB 1] Throughput = 1.19817 Mbps
70477[UE 1 | RB 1] Throughput = 0.95755 Mbps
70587[UE 1 | RB 1] Throughput = 1.41409 Mbps
70697[UE 1 | RB 1] Throughput = 1.19761 Mbps
70807[UE 1 | RB 1] Throughput = 1.20044 Mbps
70917[UE 1 | RB 1] Throughput = 1.09140 Mbps
71017[UE 1 | RB 1] Throughput = 1.07391 Mbps
71127[UE 1 | RB 1] Throughput = 0.87309 Mbps
71237[UE 1 | RB 1] Throughput = 0.98175 Mbps
71347[UE 1 | RB 1] Throughput = 1.41742 Mbps
71457[UE 1 | RB 1] Throughput = 0.76092 Mbps
71557[UE 1 | RB 1] Throughput = 1.07606 Mbps
71667[UE 1 | RB 1] Throughput = 1.31375 Mbps
71767[UE 1 | RB 1] Throughput = 0.95591 Mbps
71877[UE 1 | RB 1] Throughput = 1.19780 Mbps
71987[UE 1 | RB 1] Throughput = 1.09235 Mbps
72097[UE 1 | RB 1] Throughput = 0.98113 Mbps
72197[UE 1 | RB 1] Throughput = 1.07479 Mbps
72307[UE 1 | RB 1] Throughput = 1.09274 Mbps
72407[UE 1 | RB 1] Throughput = 1.07675 Mbps
72517[UE 1 | RB 1] Throughput = 0.97886 Mbps
72627[UE 1 | RB 1] Throughput = 1.20204 Mbps
72727[UE 1 | RB 1] Throughput = 0.95742 Mbps
72837[UE 1 | RB 1] Throughput = 0.87020 Mbps
72947[UE 1 | RB 1] Throughput = 1.31038 Mbps
73047[UE 1 | RB 1] Throughput = 1.07555 Mbps
73157[UE 1 | RB 1] Throughput = 1.09180 Mbps
73257[UE 1 | RB 1] Throughput = 1.07786 Mbps
73357[UE 1 | RB 1] Throughput = 0.95760 Mbps
73467[UE 1 | RB 1] Throughput = 1.19839 Mbps
73577[UE 1 | RB 1] Throughput = 0.65480 Mbps
73687[UE 1 | RB 1] Throughput = 0.97861 Mbps
73787[UE 1 | RB 1] Throughput = 1.07705 Mbps
73897[UE 1 | RB 1] Throughput = 0.98359 Mbps
73997[UE 1 | RB 1] Throughput = 1.55713 Mbps
74097[UE 1 | RB 1] Throughput = 1.19787 Mbps
74197[UE 1 | RB 1] Throughput = 1.19581 Mbps
74297[UE 1 | RB 1] Throughput = 1.07798 Mbps
74407[UE 1 | RB 1] Throughput = 0.87312 Mbps
74517[UE 1 | RB 1] Throughput = 1.30602 Mbps
74627[UE 1 | RB 1] Throughput = 0.98189 Mbps
74737[UE 1 | RB 1] Throughput = 0.87053 Mbps
74849[UE 1 | RB 1] Throughput = 1.07775 Mbps
74957[UE 1 | RB 1] Throughput = 0.99044 Mbps
75067[UE 1 | RB 1] Throughput = 0.98193 Mbps
75168[UE 1 | RB 1] Throughput = 1.19328 Mbps
75277[UE 1 | RB 1] Throughput = 0.76681 Mbps
75377[UE 1 | RB 1] Throughput = 1.31326 Mbps
75488[UE 1 | RB 1] Throughput = 0.97960 Mbps
75588[UE 1 | RB 1] Throughput = 1.43657 Mbps
75697[UE 1 | RB 1] Throughput = 1.20336 Mbps
75797[UE 1 | RB 1] Throughput = 1.07770 Mbps
75907[UE 1 | RB 1] Throughput = 1.08966 Mbps
76008[UE 1 | RB 1] Throughput = 0.71703 Mbps
76117[UE 1 | RB 1] Throughput = 0.87498 Mbps
76217[UE 1 | RB 1] Throughput = 0.71755 Mbps
76318[UE 1 | RB 1] Throughput = 1.31383 Mbps
76428[UE 1 | RB 1] Throughput = 1.09028 Mbps
76528[UE 1 | RB 1] Throughput = 1.43384 Mbps
76637[UE 1 | RB 1] Throughput = 0.98861 Mbps
76737[UE 1 | RB 1] Throughput = 0.95699 Mbps
76837[UE 1 | RB 1] Throughput = 1.07851 Mbps
76937[UE 1 | RB 1] Throughput = 1.07813 Mbps
77047[UE 1 | RB 1] Throughput = 0.76240 Mbps
77147[UE 1 | RB 1] Throughput = 1.55416 Mbps
77257[UE 1 | RB 1] Throughput = 0.98095 Mbps
77357[UE 1 | RB 1] Throughput = 0.83881 Mbps
77467[UE 1 | RB 1] Throughput = 1.41903 Mbps
77567[UE 1 | RB 1] Throughput = 1.07786 Mbps
77667[UE 1 | RB 1] Throughput = 1.07820 Mbps
77777[UE 1 | RB 1] Throughput = 0.97982 Mbps
77887[UE 1 | RB 1] Throughput = 1.09556 Mbps
77987[UE 1 | RB 1] Throughput = 0.95357 Mbps
78087[UE 1 | RB 1] Throughput = 1.07679 Mbps
78188[UE 1 | RB 1] Throughput = 0.95850 Mbps
78288[UE 1 | RB 1] Throughput = 1.07845 Mbps
78397[UE 1 | RB 1] Throughput = 1.31242 Mbps
78497[UE 1 | RB 1] Throughput = 0.95539 Mbps
78607[UE 1 | RB 1] Throughput = 1.08958 Mbps
78708[UE 1 | RB 1] Throughput = 0.95776 Mbps
78818[UE 1 | RB 1] Throughput = 1.19856 Mbps
78928[UE 1 | RB 1] Throughput = 0.86730 Mbps
79038[UE 1 | RB 1] Throughput = 0.98357 Mbps
79148[UE 1 | RB 1] Throughput = 1.19888 Mbps
79248[UE 1 | RB 1] Throughput = 1.55610 Mbps
79357[UE 1 | RB 1] Throughput = 0.98357 Mbps
79458[UE 1 | RB 1] Throughput = 0.23891 Mbps
79567[UE 1 | RB 1] Throughput = 1.31242 Mbps
79677[UE 1 | RB 1] Throughput = 0.98026 Mbps
79778[UE 1 | RB 1] Throughput = 1.07659 Mbps
79887[UE 1 | RB 1] Throughput = 1.31066 Mbps
79997[UE 1 | RB 1] Throughput = 0.98329 Mbps
80097[UE 1 | RB 1] Throughput = 1.31366 Mbps
80208[UE 1 | RB 1] Throughput = 1.08663 Mbps
80317[UE 1 | RB 1] Throughput = 0.76344 Mbps
80427[UE 1 | RB 1] Throughput = 1.20056 Mbps
80528[UE 1 | RB 1] Throughput = 1.43474 Mbps
80628[UE 1 | RB 1] Throughput = 1.07614 Mbps
80728[UE 1 | RB 1] Throughput = 0.23944 Mbps
80837[UE 1 | RB 1] Throughput = 1.31347 Mbps
80938[UE 1 | RB 1] Throughput = 1.43494 Mbps
81048[UE 1 | RB 1] Throughput = 0.97912 Mbps
81148[UE 1 | RB 1] Throughput = 1.07838 Mbps
81248[UE 1 | RB 1] Throughput = 1.31817 Mbps
81357[UE 1 | RB 1] Throughput = 0.98277 Mbps
81458[UE 1 | RB 1] Throughput = 0.35937 Mbps
81558[UE 1 | RB 1] Throughput = 1.43729 Mbps
81658[UE 1 | RB 1] Throughput = 1.07634 Mbps
81767[UE 1 | RB 1] Throughput = 0.98348 Mbps
81868[UE 1 | RB 1] Throughput = 1.43211 Mbps
81978[UE 1 | RB 1] Throughput = 1.19826 Mbps
82088[UE 1 | RB 1] Throughput = 0.00000 Mbps
82198[UE 1 | RB 1] Throughput = 1.63375 Mbps
82307[UE 1 | RB 1] Throughput = 1.31290 Mbps
82408[UE 1 | RB 1] Throughput = 1.43492 Mbps
82508[UE 1 | RB 1] Throughput = 0.00000 Mbps
82608[UE 1 | RB 1] Throughput = 1.55776 Mbps
82718[UE 1 | RB 1] Throughput = 0.97871 Mbps
82828[UE 1 | RB 1] Throughput = 1.20175 Mbps
82937[UE 1 | RB 1] Throughput = 0.98420 Mbps
83047[UE 1 | RB 1] Throughput = 1.19945 Mbps
83148[UE 1 | RB 1] Throughput = 1.43495 Mbps
83248[UE 1 | RB 1] Throughput = 1.07692 Mbps
83357[UE 1 | RB 1] Throughput = 0.21839 Mbps
83467[UE 1 | RB 1] Throughput = 1.52587 Mbps
83568[UE 1 | RB 1] Throughput = 1.42999 Mbps
83678[UE 1 | RB 1] Throughput = 1.09256 Mbps
83778[UE 1 | RB 1] Throughput = 0.71660 Mbps
83887[UE 1 | RB 1] Throughput = 0.98745 Mbps
83988[UE 1 | RB 1] Throughput = 1.31053 Mbps
84088[UE 1 | RB 1] Throughput = 0.95772 Mbps
84198[UE 1 | RB 1] Throughput = 1.20181 Mbps
84298[UE 1 | RB 1] Throughput = 1.07793 Mbps
84398[UE 1 | RB 1] Throughput = 0.83575 Mbps
84508[UE 1 | RB 1] Throughput = 1.41797 Mbps
84618[UE 1 | RB 1] Throughput = 0.87351 Mbps
84718[UE 1 | RB 1] Throughput = 1.07577 Mbps
84828[UE 1 | RB 1] Throughput = 1.09130 Mbps
84928[UE 1 | RB 1] Throughput = 0.95573 Mbps
85038[UE 1 | RB 1] Throughput = 0.76397 Mbps
85148[UE 1 | RB 1] Throughput = 1.41336 Mbps
85258[UE 1 | RB 1] Throughput = 1.42140 Mbps
85368[UE 1 | RB 1] Throughput = 0.10886 Mbps
85478[UE 1 | RB 1] Throughput = 1.52477 Mbps
85578[UE 1 | RB 1] Throughput = 1.55390 Mbps
85688[UE 1 | RB 1] Throughput = 0.00000 Mbps
85788[UE 1 | RB 1] Throughput = 1.91648 Mbps
85898[UE 1 | RB 1] Throughput = 0.00000 Mbps
85998[UE 1 | RB 1] Throughput = 2.15475 Mbps
86108[UE 1 | RB 1] Throughput = 0.00000 Mbps
86218[UE 1 | RB 1] Throughput = 1.85126 Mbps
86318[UE 1 | RB 1] Throughput = 1.67465 Mbps
86428[UE 1 | RB 1] Throughput = 0.43767 Mbps
86528[UE 1 | RB 1] Throughput = 1.55022 Mbps
86638[UE 1 | RB 1] Throughput = 0.43589 Mbps
86738[UE 1 | RB 1] Throughput = 1.79550 Mbps
86848[UE 1 | RB 1] Throughput = 1.09689 Mbps
86948[UE 1 | RB 1] Throughput = 1.07614 Mbps
87048[UE 1 | RB 1] Throughput = 1.19447 Mbps
87148[UE 1 | RB 1] Throughput = 0.95690 Mbps
87248[UE 1 | RB 1] Throughput = 0.95725 Mbps
87358[UE 1 | RB 1] Throughput = 1.20426 Mbps
87458[UE 1 | RB 1] Throughput = 0.95536 Mbps
87568[UE 1 | RB 1] Throughput = 1.09456 Mbps
87668[UE 1 | RB 1] Throughput = 1.07706 Mbps
87768[UE 1 | RB 1] Throughput = 0.95743 Mbps
87868[UE 1 | RB 1] Throughput = 1.19757 Mbps
87978[UE 1 | RB 1] Throughput = 1.09414 Mbps
88078[UE 1 | RB 1] Throughput = 0.83645 Mbps
88188[UE 1 | RB 1] Throughput = 0.98187 Mbps
88288[UE 1 | RB 1] Throughput = 1.43564 Mbps
88398[UE 1 | RB 1] Throughput = 1.19737 Mbps
88508[UE 1 | RB 1] Throughput = 0.98175 Mbps
88608[UE 1 | RB 1] Throughput = 0.95778 Mbps
88718[UE 1 | RB 1] Throughput = 0.97934 Mbps
88828[UE 1 | RB 1] Throughput = 1.20191 Mbps
88938[UE 1 | RB 1] Throughput = 1.08799 Mbps
89048[UE 1 | RB 1] Throughput = 1.08908 Mbps
89158[UE 1 | RB 1] Throughput = 1.08831 Mbps
89268[UE 1 | RB 1] Throughput = 1.09198 Mbps
89368[UE 1 | RB 1] Throughput = 0.95793 Mbps
89478[UE 1 | RB 1] Throughput = 1.08944 Mbps
89578[UE 1 | RB 1] Throughput = 0.59880 Mbps
89688[UE 1 | RB 1] Throughput = 1.19993 Mbps
89788[UE 1 | RB 1] Throughput = 1.55340 Mbps
89888[UE 1 | RB 1] Throughput = 0.00000 Mbps
89998[UE 1 | RB 1] Throughput = 1.52868 Mbps
[xApp]: E42 RIC_SUBSCRIPTION_DELETE_REQUEST tx RAN_FUNC_ID 144 RIC_REQ_ID 1 
[xApp]: E42 SUBSCRIPTION DELETE RESPONSE rx
[xApp]: E42 RIC_SUBSCRIPTION_DELETE_REQUEST tx RAN_FUNC_ID 144 RIC_REQ_ID 2 
[xApp]: E42 SUBSCRIPTION DELETE RESPONSE rx
[xApp]: E42 RIC_SUBSCRIPTION_DELETE_REQUEST tx RAN_FUNC_ID 144 RIC_REQ_ID 3 
[xApp]: E42 SUBSCRIPTION DELETE RESPONSE rx
[xApp]: E42 RIC_SUBSCRIPTION_DELETE_REQUEST tx RAN_FUNC_ID 144 RIC_REQ_ID 4 
[xApp]: E42 SUBSCRIPTION DELETE RESPONSE rx
[xApp]: Sucessfully stopped 
Test xApp run SUCCESSFULLY
