[UTIL]: Setting the config -c file to /usr/local/etc/flexric/flexric.conf
[UTIL]: Setting path -p for the shared libraries to /usr/local/lib/flexric/
[xAapp]: Initializing ... 
[xApp]: nearRT-RIC IP Address = 192.168.70.150, PORT = 36422
[E2 AGENT]: Opening plugin from path = /usr/local/lib/flexric/libkpm_sm.so 
[E2 AGENT]: Opening plugin from path = /usr/local/lib/flexric/libmac_sm.so 
[E2 AGENT]: Opening plugin from path = /usr/local/lib/flexric/libpdcp_sm.so 
[E2 AGENT]: Opening plugin from path = /usr/local/lib/flexric/libgtp_sm.so 
[E2 AGENT]: Opening plugin from path = /usr/local/lib/flexric/librc_sm.so 
[E2 AGENT]: Opening plugin from path = /usr/local/lib/flexric/libtc_sm.so 
[E2 AGENT]: Opening plugin from path = /usr/local/lib/flexric/librlc_sm.so 
[E2 AGENT]: Opening plugin from path = /usr/local/lib/flexric/libslice_sm.so 
[NEAR-RIC]: Loading SM ID = 2 with def = ORAN-E2SM-KPM 
[NEAR-RIC]: Loading SM ID = 142 with def = MAC_STATS_V0 
[NEAR-RIC]: Loading SM ID = 144 with def = PDCP_STATS_V0 
[NEAR-RIC]: Loading SM ID = 148 with def = GTP_STATS_V0 
[NEAR-RIC]: Loading SM ID = 3 with def = ORAN-E2SM-RC 
[NEAR-RIC]: Loading SM ID = 146 with def = TC_STATS_V0 
[NEAR-RIC]: Loading SM ID = 143 with def = RLC_STATS_V0 
[NEAR-RIC]: Loading SM ID = 145 with def = SLICE_STATS_V0 
[xApp]: DB filename = /tmp/flexric/xapp_db 
 [xApp]: E42 SETUP-REQUEST tx
[xApp]: E42 SETUP-RESPONSE rx 
[xApp]: xApp ID = 15 
[xApp]: Registered E2 Nodes = 4 
Connected E2 nodes = 4
[xAPP] Registered node 0 ran func id = 2 
 [xAPP] Registered node 0 ran func id = 3 
 [xAPP] Registered node 0 ran func id = 142 
 [xAPP] Registered node 0 ran func id = 143 
 [xAPP] Registered node 0 ran func id = 144 
 [xAPP] Registered node 0 ran func id = 145 
 [xAPP] Registered node 0 ran func id = 146 
 [xAPP] Registered node 0 ran func id = 148 
 [xApp]: E42 RIC SUBSCRIPTION REQUEST tx RAN_FUNC_ID 144 RIC_REQ_ID 1 
[xApp]: SUBSCRIPTION RESPONSE rx
[xApp]: Successfully subscribed to RAN_FUNC_ID 144 
[xAPP] Registered node 1 ran func id = 2 
 [xAPP] Registered node 1 ran func id = 3 
 [xAPP] Registered node 1 ran func id = 142 
 [xAPP] Registered node 1 ran func id = 143 
 [xAPP] Registered node 1 ran func id = 144 
 [xAPP] Registered node 1 ran func id = 145 
 [xAPP] Registered node 1 ran func id = 146 
 [xAPP] Registered node 1 ran func id = 148 
 [xApp]: E42 RIC SUBSCRIPTION REQUEST tx RAN_FUNC_ID 144 RIC_REQ_ID 2 
[xApp]: SUBSCRIPTION RESPONSE rx
[xApp]: Successfully subscribed to RAN_FUNC_ID 144 
[xAPP] Registered node 2 ran func id = 2 
 [xAPP] Registered node 2 ran func id = 3 
 [xAPP] Registered node 2 ran func id = 142 
 [xAPP] Registered node 2 ran func id = 143 
 [xAPP] Registered node 2 ran func id = 144 
 [xAPP] Registered node 2 ran func id = 145 
 [xAPP] Registered node 2 ran func id = 146 
 [xAPP] Registered node 2 ran func id = 148 
 [xApp]: E42 RIC SUBSCRIPTION REQUEST tx RAN_FUNC_ID 144 RIC_REQ_ID 3 
[xApp]: SUBSCRIPTION RESPONSE rx
[xApp]: Successfully subscribed to RAN_FUNC_ID 144 
[xAPP] Registered node 3 ran func id = 2 
 [xAPP] Registered node 3 ran func id = 3 
 [xAPP] Registered node 3 ran func id = 142 
 [xAPP] Registered node 3 ran func id = 143 
 [xAPP] Registered node 3 ran func id = 144 
 [xAPP] Registered node 3 ran func id = 145 
 [xAPP] Registered node 3 ran func id = 146 
 [xAPP] Registered node 3 ran func id = 148 
 [xApp]: E42 RIC SUBSCRIPTION REQUEST tx RAN_FUNC_ID 144 RIC_REQ_ID 4 
[xApp]: SUBSCRIPTION RESPONSE rx
[xApp]: Successfully subscribed to RAN_FUNC_ID 144 
113[UE 2 | RB 1] Throughput = 0.95567 Mbps
223[UE 2 | RB 1] Throughput = 1.08618 Mbps
333[UE 2 | RB 1] Throughput = 0.87230 Mbps
443[UE 2 | RB 1] Throughput = 0.65519 Mbps
543[UE 2 | RB 1] Throughput = 1.67506 Mbps
643[UE 2 | RB 1] Throughput = 1.19634 Mbps
753[UE 2 | RB 1] Throughput = 1.09256 Mbps
863[UE 2 | RB 1] Throughput = 0.98298 Mbps
963[UE 2 | RB 1] Throughput = 1.07033 Mbps
1073[UE 2 | RB 1] Throughput = 1.20158 Mbps
1183[UE 2 | RB 1] Throughput = 0.54528 Mbps
1293[UE 2 | RB 1] Throughput = 1.20124 Mbps
1403[UE 2 | RB 1] Throughput = 1.08889 Mbps
1513[UE 2 | RB 1] Throughput = 1.08772 Mbps
1623[UE 2 | RB 1] Throughput = 1.08703 Mbps
1733[UE 2 | RB 1] Throughput = 1.20373 Mbps
1833[UE 2 | RB 1] Throughput = 1.07697 Mbps
1943[UE 2 | RB 1] Throughput = 0.98032 Mbps
2043[UE 2 | RB 1] Throughput = 1.19616 Mbps
2153[UE 2 | RB 1] Throughput = 1.09229 Mbps
2263[UE 2 | RB 1] Throughput = 1.08806 Mbps
2363[UE 2 | RB 1] Throughput = 0.83876 Mbps
2463[UE 2 | RB 1] Throughput = 1.31220 Mbps
2573[UE 2 | RB 1] Throughput = 1.09488 Mbps
2673[UE 2 | RB 1] Throughput = 1.07719 Mbps
2783[UE 2 | RB 1] Throughput = 0.87137 Mbps
2893[UE 2 | RB 1] Throughput = 1.31086 Mbps
3003[UE 2 | RB 1] Throughput = 0.97917 Mbps
3113[UE 2 | RB 1] Throughput = 0.87174 Mbps
3213[UE 2 | RB 1] Throughput = 1.43795 Mbps
3313[UE 2 | RB 1] Throughput = 0.71903 Mbps
3423[UE 2 | RB 1] Throughput = 1.31132 Mbps
3523[UE 2 | RB 1] Throughput = 0.59603 Mbps
3623[UE 2 | RB 1] Throughput = 1.31787 Mbps
3723[UE 2 | RB 1] Throughput = 1.31708 Mbps
3833[UE 2 | RB 1] Throughput = 0.65473 Mbps
3943[UE 2 | RB 1] Throughput = 1.41736 Mbps
4043[UE 2 | RB 1] Throughput = 0.83547 Mbps
4153[UE 2 | RB 1] Throughput = 1.09053 Mbps
4263[UE 2 | RB 1] Throughput = 1.30758 Mbps
4373[UE 2 | RB 1] Throughput = 0.98346 Mbps
4473[UE 2 | RB 1] Throughput = 1.19442 Mbps
4573[UE 2 | RB 1] Throughput = 0.59823 Mbps
4683[UE 2 | RB 1] Throughput = 1.19829 Mbps
4793[UE 2 | RB 1] Throughput = 1.31020 Mbps
4903[UE 2 | RB 1] Throughput = 1.08839 Mbps
5013[UE 2 | RB 1] Throughput = 0.54597 Mbps
5123[UE 2 | RB 1] Throughput = 1.52409 Mbps
5233[UE 2 | RB 1] Throughput = 0.87227 Mbps
5333[UE 2 | RB 1] Throughput = 1.31794 Mbps
5443[UE 2 | RB 1] Throughput = 0.65288 Mbps
5553[UE 2 | RB 1] Throughput = 1.19883 Mbps
5663[UE 2 | RB 1] Throughput = 1.19976 Mbps
5763[UE 2 | RB 1] Throughput = 1.19567 Mbps
5873[UE 2 | RB 1] Throughput = 1.19888 Mbps
5983[UE 2 | RB 1] Throughput = 0.65307 Mbps
6083[UE 2 | RB 1] Throughput = 1.43745 Mbps
6193[UE 2 | RB 1] Throughput = 0.65412 Mbps
6303[UE 2 | RB 1] Throughput = 1.09399 Mbps
6403[UE 2 | RB 1] Throughput = 1.31295 Mbps
6513[UE 2 | RB 1] Throughput = 1.08902 Mbps
6623[UE 2 | RB 1] Throughput = 1.30787 Mbps
6733[UE 2 | RB 1] Throughput = 0.76225 Mbps
6843[UE 2 | RB 1] Throughput = 1.30786 Mbps
6953[UE 2 | RB 1] Throughput = 1.09181 Mbps
7053[UE 2 | RB 1] Throughput = 0.95764 Mbps
7153[UE 2 | RB 1] Throughput = 1.19787 Mbps
7253[UE 2 | RB 1] Throughput = 1.07530 Mbps
7363[UE 2 | RB 1] Throughput = 0.65534 Mbps
7463[UE 2 | RB 1] Throughput = 1.31415 Mbps
7573[UE 2 | RB 1] Throughput = 1.20120 Mbps
7673[UE 2 | RB 1] Throughput = 0.83885 Mbps
7783[UE 2 | RB 1] Throughput = 1.19827 Mbps
7893[UE 2 | RB 1] Throughput = 1.20259 Mbps
7993[UE 2 | RB 1] Throughput = 0.71748 Mbps
8093[UE 2 | RB 1] Throughput = 1.07604 Mbps
8203[UE 2 | RB 1] Throughput = 1.09137 Mbps
8303[UE 2 | RB 1] Throughput = 1.43585 Mbps
8404[UE 2 | RB 1] Throughput = 0.71657 Mbps
8513[UE 2 | RB 1] Throughput = 1.19958 Mbps
8624[UE 2 | RB 1] Throughput = 1.08887 Mbps
8733[UE 2 | RB 1] Throughput = 0.76567 Mbps
8833[UE 2 | RB 1] Throughput = 0.95550 Mbps
8943[UE 2 | RB 1] Throughput = 1.20181 Mbps
9043[UE 2 | RB 1] Throughput = 1.31753 Mbps
9153[UE 2 | RB 1] Throughput = 1.19952 Mbps
9253[UE 2 | RB 1] Throughput = 0.83778 Mbps
9363[UE 2 | RB 1] Throughput = 1.30452 Mbps
9464[UE 2 | RB 1] Throughput = 0.71845 Mbps
9564[UE 2 | RB 1] Throughput = 1.19763 Mbps
9664[UE 2 | RB 1] Throughput = 1.19834 Mbps
9773[UE 2 | RB 1] Throughput = 1.09287 Mbps
9873[UE 2 | RB 1] Throughput = 0.59892 Mbps
9974[UE 2 | RB 1] Throughput = 1.31421 Mbps
10083[UE 2 | RB 1] Throughput = 1.09320 Mbps
10184[UE 2 | RB 1] Throughput = 1.31447 Mbps
10284[UE 2 | RB 1] Throughput = 0.83731 Mbps
10394[UE 2 | RB 1] Throughput = 1.30760 Mbps
10503[UE 2 | RB 1] Throughput = 0.76481 Mbps
10613[UE 2 | RB 1] Throughput = 1.30826 Mbps
10723[UE 2 | RB 1] Throughput = 1.19628 Mbps
10833[UE 2 | RB 1] Throughput = 0.65465 Mbps
10933[UE 2 | RB 1] Throughput = 1.43756 Mbps
11033[UE 2 | RB 1] Throughput = 0.71864 Mbps
11134[UE 2 | RB 1] Throughput = 1.19577 Mbps
11243[UE 2 | RB 1] Throughput = 1.20036 Mbps
11354[UE 2 | RB 1] Throughput = 0.76065 Mbps
11454[UE 2 | RB 1] Throughput = 1.43491 Mbps
11564[UE 2 | RB 1] Throughput = 0.76551 Mbps
11674[UE 2 | RB 1] Throughput = 1.30586 Mbps
11784[UE 2 | RB 1] Throughput = 1.19861 Mbps
11884[UE 2 | RB 1] Throughput = 0.71882 Mbps
11994[UE 2 | RB 1] Throughput = 1.09034 Mbps
12094[UE 2 | RB 1] Throughput = 1.19712 Mbps
12194[UE 2 | RB 1] Throughput = 1.19516 Mbps
12304[UE 2 | RB 1] Throughput = 0.54567 Mbps
12404[UE 2 | RB 1] Throughput = 1.31372 Mbps
12514[UE 2 | RB 1] Throughput = 1.20157 Mbps
12624[UE 2 | RB 1] Throughput = 1.20028 Mbps
12734[UE 2 | RB 1] Throughput = 0.98026 Mbps
12844[UE 2 | RB 1] Throughput = 1.08667 Mbps
12953[UE 2 | RB 1] Throughput = 0.87829 Mbps
13054[UE 2 | RB 1] Throughput = 1.31113 Mbps
13164[UE 2 | RB 1] Throughput = 0.87190 Mbps
13264[UE 2 | RB 1] Throughput = 1.31716 Mbps
13364[UE 2 | RB 1] Throughput = 0.95848 Mbps
13464[UE 2 | RB 1] Throughput = 0.83729 Mbps
13574[UE 2 | RB 1] Throughput = 1.20236 Mbps
13684[UE 2 | RB 1] Throughput = 1.08941 Mbps
13784[UE 2 | RB 1] Throughput = 1.07807 Mbps
13884[UE 2 | RB 1] Throughput = 1.19429 Mbps
13984[UE 2 | RB 1] Throughput = 0.83746 Mbps
14084[UE 2 | RB 1] Throughput = 1.43788 Mbps
14194[UE 2 | RB 1] Throughput = 0.76597 Mbps
14304[UE 2 | RB 1] Throughput = 1.19616 Mbps
14413[UE 2 | RB 1] Throughput = 0.87550 Mbps
14513[UE 2 | RB 1] Throughput = 1.31811 Mbps
14614[UE 2 | RB 1] Throughput = 1.19597 Mbps
14724[UE 2 | RB 1] Throughput = 1.08522 Mbps
14834[UE 2 | RB 1] Throughput = 0.65583 Mbps
14943[UE 2 | RB 1] Throughput = 1.31234 Mbps
15044[UE 2 | RB 1] Throughput = 0.83437 Mbps
15144[UE 2 | RB 1] Throughput = 1.19476 Mbps
15254[UE 2 | RB 1] Throughput = 1.31371 Mbps
15354[UE 2 | RB 1] Throughput = 0.83706 Mbps
15454[UE 2 | RB 1] Throughput = 0.71715 Mbps
15564[UE 2 | RB 1] Throughput = 1.30861 Mbps
15674[UE 2 | RB 1] Throughput = 1.30825 Mbps
15784[UE 2 | RB 1] Throughput = 1.09161 Mbps
15884[UE 2 | RB 1] Throughput = 0.83572 Mbps
15994[UE 2 | RB 1] Throughput = 1.09243 Mbps
16094[UE 2 | RB 1] Throughput = 1.19830 Mbps
16194[UE 2 | RB 1] Throughput = 0.71899 Mbps
16304[UE 2 | RB 1] Throughput = 1.30477 Mbps
16404[UE 2 | RB 1] Throughput = 0.71880 Mbps
16504[UE 2 | RB 1] Throughput = 1.43736 Mbps
16614[UE 2 | RB 1] Throughput = 1.09187 Mbps
16724[UE 2 | RB 1] Throughput = 1.19802 Mbps
16824[UE 2 | RB 1] Throughput = 0.71855 Mbps
16933[UE 2 | RB 1] Throughput = 1.31212 Mbps
17034[UE 2 | RB 1] Throughput = 1.19681 Mbps
17134[UE 2 | RB 1] Throughput = 0.71763 Mbps
17244[UE 2 | RB 1] Throughput = 1.19923 Mbps
17344[UE 2 | RB 1] Throughput = 0.71892 Mbps
17444[UE 2 | RB 1] Throughput = 1.19769 Mbps
17554[UE 2 | RB 1] Throughput = 1.30888 Mbps
17664[UE 2 | RB 1] Throughput = 0.76240 Mbps
17764[UE 2 | RB 1] Throughput = 1.43761 Mbps
17874[UE 2 | RB 1] Throughput = 1.19900 Mbps
17974[UE 2 | RB 1] Throughput = 0.83566 Mbps
18084[UE 2 | RB 1] Throughput = 0.54549 Mbps
18184[UE 2 | RB 1] Throughput = 1.55790 Mbps
18285[UE 2 | RB 1] Throughput = 1.42940 Mbps
18394[UE 2 | RB 1] Throughput = 0.65753 Mbps
18494[UE 2 | RB 1] Throughput = 1.43591 Mbps
18594[UE 2 | RB 1] Throughput = 0.83877 Mbps
18704[UE 2 | RB 1] Throughput = 1.09364 Mbps
18804[UE 2 | RB 1] Throughput = 1.31508 Mbps
18904[UE 2 | RB 1] Throughput = 0.71841 Mbps
19004[UE 2 | RB 1] Throughput = 1.31699 Mbps
19114[UE 2 | RB 1] Throughput = 1.09128 Mbps
19214[UE 2 | RB 1] Throughput = 0.71827 Mbps
19314[UE 2 | RB 1] Throughput = 1.31803 Mbps
19424[UE 2 | RB 1] Throughput = 0.76312 Mbps
19534[UE 2 | RB 1] Throughput = 1.09056 Mbps
19634[UE 2 | RB 1] Throughput = 1.43772 Mbps
19744[UE 2 | RB 1] Throughput = 1.19867 Mbps
19844[UE 2 | RB 1] Throughput = 0.71669 Mbps
19954[UE 2 | RB 1] Throughput = 1.19541 Mbps
20064[UE 2 | RB 1] Throughput = 1.09437 Mbps
20164[UE 2 | RB 1] Throughput = 1.19785 Mbps
20264[UE 2 | RB 1] Throughput = 0.83801 Mbps
20374[UE 2 | RB 1] Throughput = 0.87284 Mbps
20474[UE 2 | RB 1] Throughput = 1.43690 Mbps
20574[UE 2 | RB 1] Throughput = 0.71757 Mbps
20684[UE 2 | RB 1] Throughput = 1.31297 Mbps
20784[UE 2 | RB 1] Throughput = 1.07463 Mbps
20894[UE 2 | RB 1] Throughput = 1.19763 Mbps
20994[UE 2 | RB 1] Throughput = 0.83842 Mbps
21104[UE 2 | RB 1] Throughput = 1.20089 Mbps
21204[UE 2 | RB 1] Throughput = 0.59829 Mbps
21314[UE 2 | RB 1] Throughput = 1.42024 Mbps
21424[UE 2 | RB 1] Throughput = 1.08970 Mbps
21524[UE 2 | RB 1] Throughput = 1.07586 Mbps
21634[UE 2 | RB 1] Throughput = 0.98038 Mbps
21734[UE 2 | RB 1] Throughput = 1.31777 Mbps
21844[UE 2 | RB 1] Throughput = 0.54304 Mbps
21954[UE 2 | RB 1] Throughput = 1.20404 Mbps
22064[UE 2 | RB 1] Throughput = 1.30443 Mbps
22174[UE 2 | RB 1] Throughput = 1.19982 Mbps
22284[UE 2 | RB 1] Throughput = 0.65533 Mbps
22384[UE 2 | RB 1] Throughput = 1.43128 Mbps
22484[UE 2 | RB 1] Throughput = 0.59903 Mbps
22594[UE 2 | RB 1] Throughput = 1.20449 Mbps
22694[UE 2 | RB 1] Throughput = 1.43475 Mbps
22794[UE 2 | RB 1] Throughput = 0.71889 Mbps
22904[UE 2 | RB 1] Throughput = 1.19963 Mbps
23004[UE 2 | RB 1] Throughput = 0.83722 Mbps
23104[UE 2 | RB 1] Throughput = 1.43674 Mbps
23214[UE 2 | RB 1] Throughput = 0.98336 Mbps
23324[UE 2 | RB 1] Throughput = 1.09126 Mbps
23424[UE 2 | RB 1] Throughput = 1.19258 Mbps
23524[UE 2 | RB 1] Throughput = 1.07539 Mbps
23634[UE 2 | RB 1] Throughput = 1.20016 Mbps
23735[UE 2 | RB 1] Throughput = 0.83420 Mbps
23844[UE 2 | RB 1] Throughput = 1.20506 Mbps
23945[UE 2 | RB 1] Throughput = 0.95370 Mbps
24054[UE 2 | RB 1] Throughput = 0.98376 Mbps
24155[UE 2 | RB 1] Throughput = 1.07592 Mbps
24264[UE 2 | RB 1] Throughput = 1.30893 Mbps
24375[UE 2 | RB 1] Throughput = 0.76244 Mbps
24484[UE 2 | RB 1] Throughput = 1.20156 Mbps
24584[UE 2 | RB 1] Throughput = 1.07620 Mbps
24694[UE 2 | RB 1] Throughput = 0.98288 Mbps
24804[UE 2 | RB 1] Throughput = 1.08799 Mbps
24914[UE 2 | RB 1] Throughput = 1.09120 Mbps
25014[UE 2 | RB 1] Throughput = 0.71849 Mbps
25124[UE 2 | RB 1] Throughput = 1.30516 Mbps
25234[UE 2 | RB 1] Throughput = 1.09250 Mbps
25344[UE 2 | RB 1] Throughput = 1.09109 Mbps
25444[UE 2 | RB 1] Throughput = 1.07545 Mbps
25554[UE 2 | RB 1] Throughput = 1.20008 Mbps
25654[UE 2 | RB 1] Throughput = 0.83586 Mbps
25764[UE 2 | RB 1] Throughput = 1.09218 Mbps
25864[UE 2 | RB 1] Throughput = 1.31700 Mbps
25965[UE 2 | RB 1] Throughput = 0.83605 Mbps
26075[UE 2 | RB 1] Throughput = 0.98130 Mbps
26185[UE 2 | RB 1] Throughput = 1.30694 Mbps
26294[UE 2 | RB 1] Throughput = 0.98334 Mbps
26404[UE 2 | RB 1] Throughput = 0.98164 Mbps
26505[UE 2 | RB 1] Throughput = 0.83477 Mbps
26614[UE 2 | RB 1] Throughput = 1.20469 Mbps
26714[UE 2 | RB 1] Throughput = 1.19834 Mbps
26815[UE 2 | RB 1] Throughput = 1.18829 Mbps
26924[UE 2 | RB 1] Throughput = 0.65820 Mbps
27025[UE 2 | RB 1] Throughput = 1.42957 Mbps
27125[UE 2 | RB 1] Throughput = 0.83810 Mbps
27234[UE 2 | RB 1] Throughput = 1.42219 Mbps
27345[UE 2 | RB 1] Throughput = 1.08583 Mbps
27445[UE 2 | RB 1] Throughput = 0.59906 Mbps
27554[UE 2 | RB 1] Throughput = 1.20108 Mbps
27665[UE 2 | RB 1] Throughput = 1.30656 Mbps
27774[UE 2 | RB 1] Throughput = 0.76334 Mbps
27874[UE 2 | RB 1] Throughput = 1.55764 Mbps
27975[UE 2 | RB 1] Throughput = 0.71449 Mbps
28084[UE 2 | RB 1] Throughput = 1.20635 Mbps
28194[UE 2 | RB 1] Throughput = 0.76253 Mbps
28295[UE 2 | RB 1] Throughput = 1.43378 Mbps
28395[UE 2 | RB 1] Throughput = 0.71900 Mbps
28504[UE 2 | RB 1] Throughput = 1.20394 Mbps
28605[UE 2 | RB 1] Throughput = 1.43324 Mbps
28715[UE 2 | RB 1] Throughput = 0.65310 Mbps
28825[UE 2 | RB 1] Throughput = 1.30631 Mbps
28935[UE 2 | RB 1] Throughput = 0.65425 Mbps
29044[UE 2 | RB 1] Throughput = 1.52703 Mbps
29154[UE 2 | RB 1] Throughput = 0.65420 Mbps
29254[UE 2 | RB 1] Throughput = 1.67649 Mbps
29364[UE 2 | RB 1] Throughput = 0.76312 Mbps
29475[UE 2 | RB 1] Throughput = 1.19534 Mbps
29585[UE 2 | RB 1] Throughput = 1.08909 Mbps
29695[UE 2 | RB 1] Throughput = 1.08886 Mbps
29805[UE 2 | RB 1] Throughput = 0.98255 Mbps
29905[UE 2 | RB 1] Throughput = 0.95869 Mbps
30005[UE 2 | RB 1] Throughput = 1.31527 Mbps
30114[UE 2 | RB 1] Throughput = 0.98622 Mbps
30214[UE 2 | RB 1] Throughput = 0.71765 Mbps
30315[UE 2 | RB 1] Throughput = 1.43542 Mbps
30425[UE 2 | RB 1] Throughput = 0.98071 Mbps
30525[UE 2 | RB 1] Throughput = 0.71875 Mbps
30625[UE 2 | RB 1] Throughput = 1.43750 Mbps
30725[UE 2 | RB 1] Throughput = 1.31759 Mbps
30825[UE 2 | RB 1] Throughput = 0.59850 Mbps
30934[UE 2 | RB 1] Throughput = 1.20397 Mbps
31034[UE 2 | RB 1] Throughput = 1.19763 Mbps
31134[UE 2 | RB 1] Throughput = 1.19799 Mbps
31235[UE 2 | RB 1] Throughput = 0.71643 Mbps
31344[UE 2 | RB 1] Throughput = 1.31008 Mbps
31445[UE 2 | RB 1] Throughput = 1.19615 Mbps
31545[UE 2 | RB 1] Throughput = 0.59779 Mbps
31645[UE 2 | RB 1] Throughput = 1.43748 Mbps
31745[UE 2 | RB 1] Throughput = 1.19612 Mbps
31855[UE 2 | RB 1] Throughput = 0.65709 Mbps
31965[UE 2 | RB 1] Throughput = 1.19684 Mbps
32074[UE 2 | RB 1] Throughput = 1.31050 Mbps
32175[UE 2 | RB 1] Throughput = 0.59821 Mbps
32285[UE 2 | RB 1] Throughput = 1.30602 Mbps
32395[UE 2 | RB 1] Throughput = 0.76346 Mbps
32495[UE 2 | RB 1] Throughput = 1.43580 Mbps
32605[UE 2 | RB 1] Throughput = 0.98251 Mbps
32705[UE 2 | RB 1] Throughput = 0.95768 Mbps
32815[UE 2 | RB 1] Throughput = 1.19955 Mbps
32925[UE 2 | RB 1] Throughput = 1.08852 Mbps
33035[UE 2 | RB 1] Throughput = 1.09057 Mbps
33135[UE 2 | RB 1] Throughput = 1.07846 Mbps
33235[UE 2 | RB 1] Throughput = 1.19411 Mbps
33345[UE 2 | RB 1] Throughput = 1.09011 Mbps
33445[UE 2 | RB 1] Throughput = 1.07761 Mbps
33555[UE 2 | RB 1] Throughput = 0.76381 Mbps
33665[UE 2 | RB 1] Throughput = 1.19819 Mbps
33765[UE 2 | RB 1] Throughput = 1.31480 Mbps
33875[UE 2 | RB 1] Throughput = 0.76542 Mbps
33975[UE 2 | RB 1] Throughput = 1.31474 Mbps
34085[UE 2 | RB 1] Throughput = 0.76232 Mbps
34195[UE 2 | RB 1] Throughput = 1.41759 Mbps
34305[UE 2 | RB 1] Throughput = 0.65346 Mbps
34415[UE 2 | RB 1] Throughput = 1.30977 Mbps
34515[UE 2 | RB 1] Throughput = 1.19589 Mbps
34625[UE 2 | RB 1] Throughput = 0.98132 Mbps
34734[UE 2 | RB 1] Throughput = 0.98312 Mbps
34835[UE 2 | RB 1] Throughput = 1.31691 Mbps
34935[UE 2 | RB 1] Throughput = 0.71743 Mbps
35035[UE 2 | RB 1] Throughput = 1.31599 Mbps
35145[UE 2 | RB 1] Throughput = 1.20191 Mbps
35255[UE 2 | RB 1] Throughput = 0.87230 Mbps
35355[UE 2 | RB 1] Throughput = 0.83697 Mbps
35455[UE 2 | RB 1] Throughput = 1.19541 Mbps
35565[UE 2 | RB 1] Throughput = 1.09090 Mbps
35665[UE 2 | RB 1] Throughput = 1.31686 Mbps
35775[UE 2 | RB 1] Throughput = 1.08886 Mbps
35885[UE 2 | RB 1] Throughput = 0.98062 Mbps
35994[UE 2 | RB 1] Throughput = 1.20437 Mbps
36095[UE 2 | RB 1] Throughput = 0.83607 Mbps
36195[UE 2 | RB 1] Throughput = 1.19658 Mbps
36305[UE 2 | RB 1] Throughput = 0.65526 Mbps
36405[UE 2 | RB 1] Throughput = 1.55320 Mbps
36505[UE 2 | RB 1] Throughput = 0.83831 Mbps
36615[UE 2 | RB 1] Throughput = 1.09532 Mbps
36715[UE 2 | RB 1] Throughput = 0.71754 Mbps
36815[UE 2 | RB 1] Throughput = 1.67588 Mbps
36915[UE 2 | RB 1] Throughput = 0.71852 Mbps
37015[UE 2 | RB 1] Throughput = 1.31666 Mbps
37125[UE 2 | RB 1] Throughput = 0.76291 Mbps
37235[UE 2 | RB 1] Throughput = 1.30640 Mbps
37345[UE 2 | RB 1] Throughput = 1.20029 Mbps
37445[UE 2 | RB 1] Throughput = 0.71730 Mbps
37555[UE 2 | RB 1] Throughput = 1.31195 Mbps
37655[UE 2 | RB 1] Throughput = 0.83852 Mbps
37755[UE 2 | RB 1] Throughput = 1.43700 Mbps
37855[UE 2 | RB 1] Throughput = 0.71655 Mbps
37965[UE 2 | RB 1] Throughput = 1.31045 Mbps
38065[UE 2 | RB 1] Throughput = 0.71527 Mbps
38175[UE 2 | RB 1] Throughput = 1.42480 Mbps
38275[UE 2 | RB 1] Throughput = 0.71576 Mbps
38385[UE 2 | RB 1] Throughput = 1.20299 Mbps
38485[UE 2 | RB 1] Throughput = 1.19723 Mbps
38585[UE 2 | RB 1] Throughput = 0.83654 Mbps
38695[UE 2 | RB 1] Throughput = 1.09063 Mbps
38805[UE 2 | RB 1] Throughput = 1.30560 Mbps
38915[UE 2 | RB 1] Throughput = 0.65754 Mbps
39015[UE 2 | RB 1] Throughput = 1.31445 Mbps
39125[UE 2 | RB 1] Throughput = 0.76222 Mbps
39225[UE 2 | RB 1] Throughput = 1.55786 Mbps
39335[UE 2 | RB 1] Throughput = 0.65407 Mbps
39445[UE 2 | RB 1] Throughput = 1.19594 Mbps
39555[UE 2 | RB 1] Throughput = 1.31328 Mbps
39655[UE 2 | RB 1] Throughput = 0.71736 Mbps
39755[UE 2 | RB 1] Throughput = 1.43782 Mbps
39855[UE 2 | RB 1] Throughput = 0.71745 Mbps
39965[UE 2 | RB 1] Throughput = 1.30720 Mbps
40075[UE 2 | RB 1] Throughput = 0.98244 Mbps
40175[UE 2 | RB 1] Throughput = 0.71837 Mbps
40275[UE 2 | RB 1] Throughput = 1.43650 Mbps
40385[UE 2 | RB 1] Throughput = 1.19617 Mbps
40495[UE 2 | RB 1] Throughput = 0.87472 Mbps
40605[UE 2 | RB 1] Throughput = 1.30496 Mbps
40715[UE 2 | RB 1] Throughput = 0.65377 Mbps
40815[UE 2 | RB 1] Throughput = 1.43705 Mbps
40915[UE 2 | RB 1] Throughput = 0.71903 Mbps
41016[UE 2 | RB 1] Throughput = 1.43214 Mbps
41125[UE 2 | RB 1] Throughput = 1.20476 Mbps
41225[UE 2 | RB 1] Throughput = 0.71715 Mbps
41335[UE 2 | RB 1] Throughput = 1.31136 Mbps
41435[UE 2 | RB 1] Throughput = 0.71839 Mbps
41535[UE 2 | RB 1] Throughput = 1.31795 Mbps
41635[UE 2 | RB 1] Throughput = 0.71646 Mbps
41745[UE 2 | RB 1] Throughput = 1.31155 Mbps
41845[UE 2 | RB 1] Throughput = 1.19676 Mbps
41945[UE 2 | RB 1] Throughput = 0.71770 Mbps
42056[UE 2 | RB 1] Throughput = 1.08783 Mbps
42165[UE 2 | RB 1] Throughput = 1.31383 Mbps
42275[UE 2 | RB 1] Throughput = 1.20302 Mbps
42375[UE 2 | RB 1] Throughput = 0.59469 Mbps
42486[UE 2 | RB 1] Throughput = 1.08621 Mbps
42586[UE 2 | RB 1] Throughput = 1.43755 Mbps
42695[UE 2 | RB 1] Throughput = 0.65793 Mbps
42795[UE 2 | RB 1] Throughput = 1.55538 Mbps
42905[UE 2 | RB 1] Throughput = 1.19768 Mbps
43016[UE 2 | RB 1] Throughput = 1.08576 Mbps
43125[UE 2 | RB 1] Throughput = 0.65525 Mbps
43226[UE 2 | RB 1] Throughput = 1.43329 Mbps
43335[UE 2 | RB 1] Throughput = 0.76625 Mbps
43445[UE 2 | RB 1] Throughput = 1.19938 Mbps
43545[UE 2 | RB 1] Throughput = 0.71798 Mbps
43646[UE 2 | RB 1] Throughput = 1.43341 Mbps
43755[UE 2 | RB 1] Throughput = 1.09334 Mbps
43855[UE 2 | RB 1] Throughput = 1.07627 Mbps
43965[UE 2 | RB 1] Throughput = 0.76415 Mbps
44075[UE 2 | RB 1] Throughput = 1.19691 Mbps
44185[UE 2 | RB 1] Throughput = 0.87272 Mbps
44295[UE 2 | RB 1] Throughput = 1.30642 Mbps
44395[UE 2 | RB 1] Throughput = 1.19530 Mbps
44505[UE 2 | RB 1] Throughput = 0.87156 Mbps
44615[UE 2 | RB 1] Throughput = 1.31030 Mbps
44715[UE 2 | RB 1] Throughput = 0.59749 Mbps
44815[UE 2 | RB 1] Throughput = 1.67774 Mbps
44926[UE 2 | RB 1] Throughput = 0.97935 Mbps
45026[UE 2 | RB 1] Throughput = 0.71824 Mbps
45136[UE 2 | RB 1] Throughput = 1.30770 Mbps
45246[UE 2 | RB 1] Throughput = 1.08931 Mbps
45355[UE 2 | RB 1] Throughput = 0.76754 Mbps
45456[UE 2 | RB 1] Throughput = 1.42896 Mbps
45556[UE 2 | RB 1] Throughput = 1.31794 Mbps
45666[UE 2 | RB 1] Throughput = 0.65330 Mbps
45766[UE 2 | RB 1] Throughput = 1.31752 Mbps
45875[UE 2 | RB 1] Throughput = 0.76529 Mbps
45976[UE 2 | RB 1] Throughput = 0.95607 Mbps
46086[UE 2 | RB 1] Throughput = 1.52508 Mbps
46186[UE 2 | RB 1] Throughput = 0.71801 Mbps
46286[UE 2 | RB 1] Throughput = 1.43700 Mbps
46396[UE 2 | RB 1] Throughput = 0.65594 Mbps
46506[UE 2 | RB 1] Throughput = 1.19756 Mbps
46615[UE 2 | RB 1] Throughput = 1.42395 Mbps
46715[UE 2 | RB 1] Throughput = 0.71675 Mbps
46815[UE 2 | RB 1] Throughput = 1.43630 Mbps
46915[UE 2 | RB 1] Throughput = 0.71900 Mbps
47025[UE 2 | RB 1] Throughput = 1.30729 Mbps
47126[UE 2 | RB 1] Throughput = 0.71596 Mbps
47235[UE 2 | RB 1] Throughput = 0.98693 Mbps
47345[UE 2 | RB 1] Throughput = 1.30617 Mbps
47455[UE 2 | RB 1] Throughput = 0.98065 Mbps
47555[UE 2 | RB 1] Throughput = 1.19769 Mbps
47665[UE 2 | RB 1] Throughput = 0.98170 Mbps
47765[UE 2 | RB 1] Throughput = 0.71739 Mbps
47866[UE 2 | RB 1] Throughput = 1.43239 Mbps
47976[UE 2 | RB 1] Throughput = 1.20138 Mbps
48076[UE 2 | RB 1] Throughput = 0.83854 Mbps
48186[UE 2 | RB 1] Throughput = 1.30325 Mbps
48296[UE 2 | RB 1] Throughput = 0.65508 Mbps
48406[UE 2 | RB 1] Throughput = 1.19901 Mbps
48506[UE 2 | RB 1] Throughput = 1.31732 Mbps
48615[UE 2 | RB 1] Throughput = 1.20074 Mbps
48716[UE 2 | RB 1] Throughput = 0.83839 Mbps
48825[UE 2 | RB 1] Throughput = 1.19961 Mbps
48926[UE 2 | RB 1] Throughput = 0.95295 Mbps
49036[UE 2 | RB 1] Throughput = 1.20395 Mbps
49136[UE 2 | RB 1] Throughput = 1.19755 Mbps
49245[UE 2 | RB 1] Throughput = 0.65520 Mbps
49345[UE 2 | RB 1] Throughput = 1.43634 Mbps
49446[UE 2 | RB 1] Throughput = 0.83480 Mbps
49556[UE 2 | RB 1] Throughput = 0.76463 Mbps
49666[UE 2 | RB 1] Throughput = 1.30466 Mbps
49776[UE 2 | RB 1] Throughput = 0.98383 Mbps
49885[UE 2 | RB 1] Throughput = 1.30869 Mbps
49986[UE 2 | RB 1] Throughput = 0.83696 Mbps
50096[UE 2 | RB 1] Throughput = 1.19633 Mbps
50206[UE 2 | RB 1] Throughput = 1.19800 Mbps
50306[UE 2 | RB 1] Throughput = 0.83865 Mbps
50406[UE 2 | RB 1] Throughput = 1.31783 Mbps
50516[UE 2 | RB 1] Throughput = 1.20128 Mbps
50625[UE 2 | RB 1] Throughput = 0.76415 Mbps
50726[UE 2 | RB 1] Throughput = 1.19681 Mbps
50826[UE 2 | RB 1] Throughput = 0.95628 Mbps
50936[UE 2 | RB 1] Throughput = 0.76248 Mbps
51036[UE 2 | RB 1] Throughput = 1.31465 Mbps
51146[UE 2 | RB 1] Throughput = 1.31230 Mbps
51246[UE 2 | RB 1] Throughput = 0.83788 Mbps
51346[UE 2 | RB 1] Throughput = 1.19779 Mbps
51456[UE 2 | RB 1] Throughput = 1.20178 Mbps
51556[UE 2 | RB 1] Throughput = 0.95847 Mbps
51665[UE 2 | RB 1] Throughput = 0.98186 Mbps
51766[UE 2 | RB 1] Throughput = 0.95743 Mbps
51866[UE 2 | RB 1] Throughput = 1.43479 Mbps
51976[UE 2 | RB 1] Throughput = 1.09130 Mbps
52076[UE 2 | RB 1] Throughput = 0.83865 Mbps
52176[UE 2 | RB 1] Throughput = 1.07635 Mbps
52286[UE 2 | RB 1] Throughput = 0.97804 Mbps
52386[UE 2 | RB 1] Throughput = 1.07846 Mbps
52496[UE 2 | RB 1] Throughput = 1.31038 Mbps
52606[UE 2 | RB 1] Throughput = 0.65323 Mbps
52706[UE 2 | RB 1] Throughput = 1.43807 Mbps
52816[UE 2 | RB 1] Throughput = 0.65502 Mbps
52926[UE 2 | RB 1] Throughput = 1.30642 Mbps
53026[UE 2 | RB 1] Throughput = 1.31638 Mbps
53126[UE 2 | RB 1] Throughput = 0.59900 Mbps
53236[UE 2 | RB 1] Throughput = 1.41636 Mbps
53346[UE 2 | RB 1] Throughput = 1.09152 Mbps
53446[UE 2 | RB 1] Throughput = 0.71831 Mbps
53556[UE 2 | RB 1] Throughput = 1.41894 Mbps
53666[UE 2 | RB 1] Throughput = 1.08967 Mbps
53766[UE 2 | RB 1] Throughput = 0.59834 Mbps
53866[UE 2 | RB 1] Throughput = 1.43740 Mbps
53976[UE 2 | RB 1] Throughput = 0.98035 Mbps
54086[UE 2 | RB 1] Throughput = 1.20007 Mbps
54186[UE 2 | RB 1] Throughput = 0.83747 Mbps
54286[UE 2 | RB 1] Throughput = 1.31758 Mbps
54396[UE 2 | RB 1] Throughput = 0.76319 Mbps
54506[UE 2 | RB 1] Throughput = 1.41572 Mbps
54616[UE 2 | RB 1] Throughput = 0.76444 Mbps
54716[UE 2 | RB 1] Throughput = 1.31393 Mbps
54826[UE 2 | RB 1] Throughput = 0.87232 Mbps
54926[UE 2 | RB 1] Throughput = 1.31759 Mbps
55036[UE 2 | RB 1] Throughput = 0.65523 Mbps
55136[UE 2 | RB 1] Throughput = 1.31393 Mbps
55246[UE 2 | RB 1] Throughput = 1.30750 Mbps
55346[UE 2 | RB 1] Throughput = 0.71867 Mbps
55456[UE 2 | RB 1] Throughput = 1.30755 Mbps
55566[UE 2 | RB 1] Throughput = 0.76282 Mbps
55676[UE 2 | RB 1] Throughput = 1.20085 Mbps
55786[UE 2 | RB 1] Throughput = 1.19796 Mbps
55886[UE 2 | RB 1] Throughput = 1.19492 Mbps
55986[UE 2 | RB 1] Throughput = 0.71823 Mbps
56096[UE 2 | RB 1] Throughput = 1.09420 Mbps
56196[UE 2 | RB 1] Throughput = 1.43414 Mbps
56296[UE 2 | RB 1] Throughput = 0.83869 Mbps
56396[UE 2 | RB 1] Throughput = 0.71615 Mbps
56496[UE 2 | RB 1] Throughput = 1.43808 Mbps
56606[UE 2 | RB 1] Throughput = 1.20210 Mbps
56706[UE 2 | RB 1] Throughput = 0.83741 Mbps
56816[UE 2 | RB 1] Throughput = 0.65674 Mbps
56916[UE 2 | RB 1] Throughput = 1.55750 Mbps
57016[UE 2 | RB 1] Throughput = 0.71841 Mbps
57126[UE 2 | RB 1] Throughput = 1.30487 Mbps
57236[UE 2 | RB 1] Throughput = 1.31196 Mbps
57336[UE 2 | RB 1] Throughput = 1.19818 Mbps
57446[UE 2 | RB 1] Throughput = 0.76117 Mbps
57546[UE 2 | RB 1] Throughput = 1.31824 Mbps
57646[UE 2 | RB 1] Throughput = 0.83817 Mbps
57756[UE 2 | RB 1] Throughput = 1.30974 Mbps
57856[UE 2 | RB 1] Throughput = 0.71836 Mbps
57956[UE 2 | RB 1] Throughput = 1.31531 Mbps
58066[UE 2 | RB 1] Throughput = 0.86892 Mbps
58176[UE 2 | RB 1] Throughput = 1.31243 Mbps
58276[UE 2 | RB 1] Throughput = 0.83787 Mbps
58376[UE 2 | RB 1] Throughput = 1.31815 Mbps
58476[UE 2 | RB 1] Throughput = 0.71888 Mbps
58586[UE 2 | RB 1] Throughput = 1.19762 Mbps
58696[UE 2 | RB 1] Throughput = 1.31124 Mbps
58796[UE 2 | RB 1] Throughput = 0.71740 Mbps
58906[UE 2 | RB 1] Throughput = 1.30832 Mbps
59007[UE 2 | RB 1] Throughput = 0.71573 Mbps
59116[UE 2 | RB 1] Throughput = 1.20341 Mbps
59216[UE 2 | RB 1] Throughput = 1.31813 Mbps
59316[UE 2 | RB 1] Throughput = 0.83655 Mbps
59426[UE 2 | RB 1] Throughput = 1.30874 Mbps
59526[UE 2 | RB 1] Throughput = 0.71733 Mbps
59636[UE 2 | RB 1] Throughput = 1.30871 Mbps
59737[UE 2 | RB 1] Throughput = 0.71673 Mbps
59847[UE 2 | RB 1] Throughput = 1.41511 Mbps
59956[UE 2 | RB 1] Throughput = 0.65762 Mbps
60056[UE 2 | RB 1] Throughput = 1.19717 Mbps
60156[UE 2 | RB 1] Throughput = 1.31469 Mbps
60266[UE 2 | RB 1] Throughput = 0.87172 Mbps
60376[UE 2 | RB 1] Throughput = 1.09301 Mbps
60486[UE 2 | RB 1] Throughput = 1.19589 Mbps
60587[UE 2 | RB 1] Throughput = 0.95591 Mbps
60687[UE 2 | RB 1] Throughput = 1.31615 Mbps
60797[UE 2 | RB 1] Throughput = 1.09202 Mbps
60906[UE 2 | RB 1] Throughput = 0.98571 Mbps
61006[UE 2 | RB 1] Throughput = 0.71696 Mbps
61116[UE 2 | RB 1] Throughput = 1.41838 Mbps
61226[UE 2 | RB 1] Throughput = 1.09033 Mbps
61326[UE 2 | RB 1] Throughput = 1.07818 Mbps
61426[UE 2 | RB 1] Throughput = 0.71829 Mbps
61526[UE 2 | RB 1] Throughput = 1.43807 Mbps
61626[UE 2 | RB 1] Throughput = 0.59864 Mbps
61726[UE 2 | RB 1] Throughput = 1.43603 Mbps
61827[UE 2 | RB 1] Throughput = 1.19508 Mbps
61936[UE 2 | RB 1] Throughput = 1.09252 Mbps
62046[UE 2 | RB 1] Throughput = 0.65380 Mbps
62156[UE 2 | RB 1] Throughput = 1.20071 Mbps
62256[UE 2 | RB 1] Throughput = 1.19766 Mbps
62356[UE 2 | RB 1] Throughput = 1.07736 Mbps
62466[UE 2 | RB 1] Throughput = 0.87271 Mbps
62576[UE 2 | RB 1] Throughput = 1.19929 Mbps
62676[UE 2 | RB 1] Throughput = 1.07471 Mbps
62786[UE 2 | RB 1] Throughput = 1.09094 Mbps
62896[UE 2 | RB 1] Throughput = 1.09212 Mbps
62996[UE 2 | RB 1] Throughput = 1.07335 Mbps
63097[UE 2 | RB 1] Throughput = 0.83779 Mbps
63207[UE 2 | RB 1] Throughput = 1.08941 Mbps
63317[UE 2 | RB 1] Throughput = 1.08929 Mbps
63427[UE 2 | RB 1] Throughput = 1.19898 Mbps
63536[UE 2 | RB 1] Throughput = 0.98099 Mbps
63637[UE 2 | RB 1] Throughput = 1.19639 Mbps
63747[UE 2 | RB 1] Throughput = 0.65361 Mbps
63856[UE 2 | RB 1] Throughput = 1.52790 Mbps
63957[UE 2 | RB 1] Throughput = 0.71875 Mbps
64066[UE 2 | RB 1] Throughput = 1.09052 Mbps
64167[UE 2 | RB 1] Throughput = 1.31596 Mbps
64276[UE 2 | RB 1] Throughput = 1.09216 Mbps
64377[UE 2 | RB 1] Throughput = 1.19597 Mbps
64477[UE 2 | RB 1] Throughput = 0.71842 Mbps
64587[UE 2 | RB 1] Throughput = 1.19703 Mbps
64696[UE 2 | RB 1] Throughput = 1.31214 Mbps
64796[UE 2 | RB 1] Throughput = 0.59822 Mbps
64907[UE 2 | RB 1] Throughput = 1.30726 Mbps
65007[UE 2 | RB 1] Throughput = 1.07388 Mbps
65116[UE 2 | RB 1] Throughput = 1.20506 Mbps
65226[UE 2 | RB 1] Throughput = 0.87341 Mbps
65336[UE 2 | RB 1] Throughput = 1.08926 Mbps
65436[UE 2 | RB 1] Throughput = 1.07833 Mbps
65537[UE 2 | RB 1] Throughput = 1.07424 Mbps
65646[UE 2 | RB 1] Throughput = 0.87436 Mbps
65747[UE 2 | RB 1] Throughput = 1.31193 Mbps
65856[UE 2 | RB 1] Throughput = 0.87328 Mbps
65957[UE 2 | RB 1] Throughput = 1.07759 Mbps
66057[UE 2 | RB 1] Throughput = 1.31682 Mbps
66167[UE 2 | RB 1] Throughput = 0.98065 Mbps
66276[UE 2 | RB 1] Throughput = 0.98177 Mbps
66377[UE 2 | RB 1] Throughput = 1.19774 Mbps
66487[UE 2 | RB 1] Throughput = 0.87032 Mbps
66587[UE 2 | RB 1] Throughput = 1.19788 Mbps
66687[UE 2 | RB 1] Throughput = 0.83632 Mbps
66797[UE 2 | RB 1] Throughput = 1.31079 Mbps
66907[UE 2 | RB 1] Throughput = 0.98174 Mbps
67007[UE 2 | RB 1] Throughput = 1.31661 Mbps
67107[UE 2 | RB 1] Throughput = 0.95633 Mbps
67217[UE 2 | RB 1] Throughput = 1.09414 Mbps
67317[UE 2 | RB 1] Throughput = 0.71698 Mbps
67427[UE 2 | RB 1] Throughput = 1.30794 Mbps
67537[UE 2 | RB 1] Throughput = 1.20045 Mbps
67637[UE 2 | RB 1] Throughput = 0.59794 Mbps
67746[UE 2 | RB 1] Throughput = 1.42088 Mbps
67847[UE 2 | RB 1] Throughput = 1.07697 Mbps
67947[UE 2 | RB 1] Throughput = 1.07214 Mbps
68057[UE 2 | RB 1] Throughput = 0.98504 Mbps
68167[UE 2 | RB 1] Throughput = 1.08841 Mbps
68267[UE 2 | RB 1] Throughput = 1.19818 Mbps
68376[UE 2 | RB 1] Throughput = 0.87410 Mbps
68477[UE 2 | RB 1] Throughput = 1.31461 Mbps
68586[UE 2 | RB 1] Throughput = 1.09209 Mbps
68687[UE 2 | RB 1] Throughput = 0.71639 Mbps
68797[UE 2 | RB 1] Throughput = 1.19932 Mbps
68907[UE 2 | RB 1] Throughput = 1.20062 Mbps
69007[UE 2 | RB 1] Throughput = 1.07508 Mbps
69117[UE 2 | RB 1] Throughput = 0.98112 Mbps
69227[UE 2 | RB 1] Throughput = 1.09088 Mbps
69327[UE 2 | RB 1] Throughput = 1.07493 Mbps
69437[UE 2 | RB 1] Throughput = 1.31057 Mbps
69547[UE 2 | RB 1] Throughput = 0.98046 Mbps
69647[UE 2 | RB 1] Throughput = 0.59869 Mbps
69747[UE 2 | RB 1] Throughput = 1.19657 Mbps
69847[UE 2 | RB 1] Throughput = 1.31711 Mbps
69957[UE 2 | RB 1] Throughput = 0.65500 Mbps
70067[UE 2 | RB 1] Throughput = 1.19901 Mbps
70177[UE 2 | RB 1] Throughput = 1.30744 Mbps
70287[UE 2 | RB 1] Throughput = 0.65167 Mbps
70397[UE 2 | RB 1] Throughput = 1.31476 Mbps
70497[UE 2 | RB 1] Throughput = 1.19327 Mbps
70607[UE 2 | RB 1] Throughput = 1.31043 Mbps
70707[UE 2 | RB 1] Throughput = 0.71759 Mbps
70807[UE 2 | RB 1] Throughput = 1.43494 Mbps
70917[UE 2 | RB 1] Throughput = 0.65657 Mbps
71017[UE 2 | RB 1] Throughput = 1.43778 Mbps
71117[UE 2 | RB 1] Throughput = 0.71863 Mbps
71217[UE 2 | RB 1] Throughput = 1.31508 Mbps
71317[UE 2 | RB 1] Throughput = 0.95775 Mbps
71427[UE 2 | RB 1] Throughput = 1.08992 Mbps
71537[UE 2 | RB 1] Throughput = 1.20190 Mbps
71637[UE 2 | RB 1] Throughput = 0.71498 Mbps
71747[UE 2 | RB 1] Throughput = 1.30924 Mbps
71857[UE 2 | RB 1] Throughput = 1.20235 Mbps
71957[UE 2 | RB 1] Throughput = 0.83787 Mbps
72057[UE 2 | RB 1] Throughput = 1.19453 Mbps
72167[UE 2 | RB 1] Throughput = 1.20400 Mbps
72267[UE 2 | RB 1] Throughput = 0.59757 Mbps
72367[UE 2 | RB 1] Throughput = 1.43785 Mbps
72467[UE 2 | RB 1] Throughput = 1.19326 Mbps
72577[UE 2 | RB 1] Throughput = 0.87579 Mbps
72687[UE 2 | RB 1] Throughput = 0.86965 Mbps
72797[UE 2 | RB 1] Throughput = 1.30632 Mbps
72907[UE 2 | RB 1] Throughput = 0.76630 Mbps
73007[UE 2 | RB 1] Throughput = 1.19539 Mbps
73107[UE 2 | RB 1] Throughput = 1.31688 Mbps
73217[UE 2 | RB 1] Throughput = 0.65454 Mbps
73317[UE 2 | RB 1] Throughput = 1.43794 Mbps
73417[UE 2 | RB 1] Throughput = 0.71744 Mbps
73527[UE 2 | RB 1] Throughput = 1.09111 Mbps
73637[UE 2 | RB 1] Throughput = 1.52646 Mbps
73737[UE 2 | RB 1] Throughput = 0.83734 Mbps
73837[UE 2 | RB 1] Throughput = 0.95526 Mbps
73947[UE 2 | RB 1] Throughput = 1.30909 Mbps
74057[UE 2 | RB 1] Throughput = 0.65396 Mbps
74167[UE 2 | RB 1] Throughput = 1.41627 Mbps
74277[UE 2 | RB 1] Throughput = 0.98519 Mbps
74387[UE 2 | RB 1] Throughput = 1.19956 Mbps
74487[UE 2 | RB 1] Throughput = 0.95600 Mbps
74587[UE 2 | RB 1] Throughput = 0.83570 Mbps
74697[UE 2 | RB 1] Throughput = 1.31019 Mbps
74807[UE 2 | RB 1] Throughput = 0.65377 Mbps
74907[UE 2 | RB 1] Throughput = 1.43771 Mbps
75007[UE 2 | RB 1] Throughput = 1.19639 Mbps
75117[UE 2 | RB 1] Throughput = 1.19910 Mbps
75227[UE 2 | RB 1] Throughput = 0.54292 Mbps
75337[UE 2 | RB 1] Throughput = 1.20493 Mbps
75437[UE 2 | RB 1] Throughput = 0.95724 Mbps
75537[UE 2 | RB 1] Throughput = 1.19694 Mbps
75637[UE 2 | RB 1] Throughput = 1.43715 Mbps
75747[UE 2 | RB 1] Throughput = 0.65392 Mbps
75857[UE 2 | RB 1] Throughput = 1.30637 Mbps
75967[UE 2 | RB 1] Throughput = 1.20405 Mbps
76067[UE 2 | RB 1] Throughput = 0.95632 Mbps
76167[UE 2 | RB 1] Throughput = 1.07776 Mbps
76267[UE 2 | RB 1] Throughput = 1.07740 Mbps
76377[UE 2 | RB 1] Throughput = 0.76392 Mbps
76477[UE 2 | RB 1] Throughput = 1.43762 Mbps
76587[UE 2 | RB 1] Throughput = 0.76244 Mbps
76687[UE 2 | RB 1] Throughput = 1.19669 Mbps
76787[UE 2 | RB 1] Throughput = 1.31629 Mbps
76897[UE 2 | RB 1] Throughput = 1.19951 Mbps
77007[UE 2 | RB 1] Throughput = 0.76306 Mbps
77117[UE 2 | RB 1] Throughput = 1.09251 Mbps
77217[UE 2 | RB 1] Throughput = 1.31009 Mbps
77327[UE 2 | RB 1] Throughput = 0.65370 Mbps
77437[UE 2 | RB 1] Throughput = 1.20468 Mbps
77538[UE 2 | RB 1] Throughput = 1.42938 Mbps
77647[UE 2 | RB 1] Throughput = 0.65700 Mbps
77747[UE 2 | RB 1] Throughput = 1.43512 Mbps
77847[UE 2 | RB 1] Throughput = 1.07790 Mbps
77947[UE 2 | RB 1] Throughput = 0.59919 Mbps
78057[UE 2 | RB 1] Throughput = 1.30700 Mbps
78167[UE 2 | RB 1] Throughput = 1.19989 Mbps
78267[UE 2 | RB 1] Throughput = 0.83840 Mbps
78367[UE 2 | RB 1] Throughput = 1.31524 Mbps
78477[UE 2 | RB 1] Throughput = 0.76390 Mbps
78587[UE 2 | RB 1] Throughput = 1.20247 Mbps
78687[UE 2 | RB 1] Throughput = 1.07461 Mbps
78797[UE 2 | RB 1] Throughput = 0.98224 Mbps
78897[UE 2 | RB 1] Throughput = 1.31525 Mbps
79007[UE 2 | RB 1] Throughput = 0.65412 Mbps
79107[UE 2 | RB 1] Throughput = 1.43756 Mbps
79217[UE 2 | RB 1] Throughput = 1.20136 Mbps
79327[UE 2 | RB 1] Throughput = 0.97982 Mbps
79427[UE 2 | RB 1] Throughput = 1.19332 Mbps
79527[UE 2 | RB 1] Throughput = 0.95837 Mbps
79628[UE 2 | RB 1] Throughput = 1.07673 Mbps
79737[UE 2 | RB 1] Throughput = 0.76567 Mbps
79837[UE 2 | RB 1] Throughput = 1.19625 Mbps
79948[UE 2 | RB 1] Throughput = 1.08753 Mbps
80057[UE 2 | RB 1] Throughput = 1.09265 Mbps
80167[UE 2 | RB 1] Throughput = 1.20117 Mbps
80267[UE 2 | RB 1] Throughput = 1.07680 Mbps
80367[UE 2 | RB 1] Throughput = 0.95556 Mbps
80468[UE 2 | RB 1] Throughput = 0.83719 Mbps
80577[UE 2 | RB 1] Throughput = 1.41908 Mbps
80688[UE 2 | RB 1] Throughput = 1.08779 Mbps
80797[UE 2 | RB 1] Throughput = 0.98624 Mbps
80897[UE 2 | RB 1] Throughput = 1.07803 Mbps
80997[UE 2 | RB 1] Throughput = 1.19572 Mbps
81098[UE 2 | RB 1] Throughput = 0.71678 Mbps
81198[UE 2 | RB 1] Throughput = 0.95526 Mbps
81308[UE 2 | RB 1] Throughput = 1.20269 Mbps
81418[UE 2 | RB 1] Throughput = 1.19668 Mbps
81528[UE 2 | RB 1] Throughput = 1.19825 Mbps
81637[UE 2 | RB 1] Throughput = 0.76468 Mbps
81737[UE 2 | RB 1] Throughput = 1.43736 Mbps
81847[UE 2 | RB 1] Throughput = 0.65393 Mbps
81948[UE 2 | RB 1] Throughput = 1.31487 Mbps
82058[UE 2 | RB 1] Throughput = 1.19938 Mbps
82168[UE 2 | RB 1] Throughput = 1.19498 Mbps
82277[UE 2 | RB 1] Throughput = 0.65632 Mbps
82387[UE 2 | RB 1] Throughput = 1.20325 Mbps
82487[UE 2 | RB 1] Throughput = 1.19390 Mbps
82597[UE 2 | RB 1] Throughput = 1.08993 Mbps
82707[UE 2 | RB 1] Throughput = 1.20153 Mbps
82817[UE 2 | RB 1] Throughput = 0.86948 Mbps
82917[UE 2 | RB 1] Throughput = 1.07800 Mbps
83027[UE 2 | RB 1] Throughput = 1.20161 Mbps
83127[UE 2 | RB 1] Throughput = 0.59863 Mbps
83227[UE 2 | RB 1] Throughput = 1.31570 Mbps
83337[UE 2 | RB 1] Throughput = 0.87454 Mbps
83437[UE 2 | RB 1] Throughput = 1.43227 Mbps
83548[UE 2 | RB 1] Throughput = 0.65308 Mbps
83658[UE 2 | RB 1] Throughput = 1.30468 Mbps
83768[UE 2 | RB 1] Throughput = 0.76293 Mbps
83878[UE 2 | RB 1] Throughput = 1.19730 Mbps
83987[UE 2 | RB 1] Throughput = 1.31258 Mbps
84098[UE 2 | RB 1] Throughput = 1.30372 Mbps
84207[UE 2 | RB 1] Throughput = 0.65496 Mbps
84317[UE 2 | RB 1] Throughput = 1.09034 Mbps
84417[UE 2 | RB 1] Throughput = 1.31729 Mbps
84518[UE 2 | RB 1] Throughput = 1.07663 Mbps
84629[UE 2 | RB 1] Throughput = 0.97148 Mbps
84737[UE 2 | RB 1] Throughput = 1.10409 Mbps
84837[UE 2 | RB 1] Throughput = 1.07519 Mbps
84947[UE 2 | RB 1] Throughput = 1.31387 Mbps
85047[UE 2 | RB 1] Throughput = 0.71690 Mbps
85148[UE 2 | RB 1] Throughput = 1.07479 Mbps
85248[UE 2 | RB 1] Throughput = 0.95862 Mbps
85358[UE 2 | RB 1] Throughput = 1.19849 Mbps
85458[UE 2 | RB 1] Throughput = 0.71887 Mbps
85568[UE 2 | RB 1] Throughput = 1.08975 Mbps
85678[UE 2 | RB 1] Throughput = 1.19940 Mbps
85778[UE 2 | RB 1] Throughput = 1.31753 Mbps
85888[UE 2 | RB 1] Throughput = 1.08952 Mbps
85998[UE 2 | RB 1] Throughput = 0.76085 Mbps
86108[UE 2 | RB 1] Throughput = 1.41802 Mbps
86217[UE 2 | RB 1] Throughput = 0.76453 Mbps
86328[UE 2 | RB 1] Throughput = 1.30541 Mbps
86428[UE 2 | RB 1] Throughput = 1.19765 Mbps
86528[UE 2 | RB 1] Throughput = 0.83828 Mbps
86628[UE 2 | RB 1] Throughput = 1.31707 Mbps
86737[UE 2 | RB 1] Throughput = 1.09264 Mbps
86838[UE 2 | RB 1] Throughput = 0.71613 Mbps
86948[UE 2 | RB 1] Throughput = 1.19691 Mbps
87058[UE 2 | RB 1] Throughput = 0.65633 Mbps
87158[UE 2 | RB 1] Throughput = 1.55755 Mbps
87258[UE 2 | RB 1] Throughput = 1.31658 Mbps
87367[UE 2 | RB 1] Throughput = 0.76512 Mbps
87478[UE 2 | RB 1] Throughput = 1.08496 Mbps
87578[UE 2 | RB 1] Throughput = 1.07846 Mbps
87687[UE 2 | RB 1] Throughput = 1.31120 Mbps
87788[UE 2 | RB 1] Throughput = 0.71847 Mbps
87888[UE 2 | RB 1] Throughput = 1.43424 Mbps
87988[UE 2 | RB 1] Throughput = 0.71880 Mbps
88088[UE 2 | RB 1] Throughput = 1.43778 Mbps
88198[UE 2 | RB 1] Throughput = 0.76387 Mbps
88298[UE 2 | RB 1] Throughput = 1.31763 Mbps
88398[UE 2 | RB 1] Throughput = 0.71772 Mbps
88507[UE 2 | RB 1] Throughput = 1.31425 Mbps
88617[UE 2 | RB 1] Throughput = 1.19811 Mbps
88718[UE 2 | RB 1] Throughput = 0.83533 Mbps
88818[UE 2 | RB 1] Throughput = 0.83874 Mbps
88928[UE 2 | RB 1] Throughput = 1.19544 Mbps
89038[UE 2 | RB 1] Throughput = 1.20252 Mbps
89148[UE 2 | RB 1] Throughput = 0.76247 Mbps
89258[UE 2 | RB 1] Throughput = 1.30985 Mbps
89358[UE 2 | RB 1] Throughput = 1.31232 Mbps
89468[UE 2 | RB 1] Throughput = 0.76454 Mbps
89568[UE 2 | RB 1] Throughput = 1.43749 Mbps
89668[UE 2 | RB 1] Throughput = 0.71778 Mbps
89768[UE 2 | RB 1] Throughput = 0.95618 Mbps
89878[UE 2 | RB 1] Throughput = 1.31183 Mbps
89978[UE 2 | RB 1] Throughput = 0.71880 Mbps
[xApp]: E42 RIC_SUBSCRIPTION_DELETE_REQUEST tx RAN_FUNC_ID 144 RIC_REQ_ID 1 
[xApp]: E42 SUBSCRIPTION DELETE RESPONSE rx
[xApp]: E42 RIC_SUBSCRIPTION_DELETE_REQUEST tx RAN_FUNC_ID 144 RIC_REQ_ID 2 
[xApp]: E42 SUBSCRIPTION DELETE RESPONSE rx
[xApp]: E42 RIC_SUBSCRIPTION_DELETE_REQUEST tx RAN_FUNC_ID 144 RIC_REQ_ID 3 
[xApp]: E42 SUBSCRIPTION DELETE RESPONSE rx
[xApp]: E42 RIC_SUBSCRIPTION_DELETE_REQUEST tx RAN_FUNC_ID 144 RIC_REQ_ID 4 
[xApp]: E42 SUBSCRIPTION DELETE RESPONSE rx
[xApp]: Sucessfully stopped 
Test xApp run SUCCESSFULLY
