[UTIL]: Setting the config -c file to /usr/local/etc/flexric/flexric.conf
[UTIL]: Setting path -p for the shared libraries to /usr/local/lib/flexric/
[xAapp]: Initializing ... 
[xApp]: nearRT-RIC IP Address = 192.168.70.150, PORT = 36422
[E2 AGENT]: Opening plugin from path = /usr/local/lib/flexric/libkpm_sm.so 
[E2 AGENT]: Opening plugin from path = /usr/local/lib/flexric/libmac_sm.so 
[E2 AGENT]: Opening plugin from path = /usr/local/lib/flexric/libpdcp_sm.so 
[E2 AGENT]: Opening plugin from path = /usr/local/lib/flexric/libgtp_sm.so 
[E2 AGENT]: Opening plugin from path = /usr/local/lib/flexric/librc_sm.so 
[E2 AGENT]: Opening plugin from path = /usr/local/lib/flexric/libtc_sm.so 
[E2 AGENT]: Opening plugin from path = /usr/local/lib/flexric/librlc_sm.so 
[E2 AGENT]: Opening plugin from path = /usr/local/lib/flexric/libslice_sm.so 
[NEAR-RIC]: Loading SM ID = 2 with def = ORAN-E2SM-KPM 
[NEAR-RIC]: Loading SM ID = 142 with def = MAC_STATS_V0 
[NEAR-RIC]: Loading SM ID = 144 with def = PDCP_STATS_V0 
[NEAR-RIC]: Loading SM ID = 148 with def = GTP_STATS_V0 
[NEAR-RIC]: Loading SM ID = 3 with def = ORAN-E2SM-RC 
[NEAR-RIC]: Loading SM ID = 146 with def = TC_STATS_V0 
[NEAR-RIC]: Loading SM ID = 143 with def = RLC_STATS_V0 
[NEAR-RIC]: Loading SM ID = 145 with def = SLICE_STATS_V0 
[xApp]: DB filename = /tmp/flexric/xapp_db 
 [xApp]: E42 SETUP-REQUEST tx
[xApp]: E42 SETUP-RESPONSE rx 
[xApp]: xApp ID = 33 
[xApp]: Registered E2 Nodes = 4 
Connected E2 nodes = 4
[xAPP] Registered node 0 ran func id = 2 
 [xAPP] Registered node 0 ran func id = 3 
 [xAPP] Registered node 0 ran func id = 142 
 [xAPP] Registered node 0 ran func id = 143 
 [xAPP] Registered node 0 ran func id = 144 
 [xAPP] Registered node 0 ran func id = 145 
 [xAPP] Registered node 0 ran func id = 146 
 [xAPP] Registered node 0 ran func id = 148 
 [xApp]: E42 RIC SUBSCRIPTION REQUEST tx RAN_FUNC_ID 144 RIC_REQ_ID 1 
[xApp]: SUBSCRIPTION RESPONSE rx
[xApp]: Successfully subscribed to RAN_FUNC_ID 144 
[xAPP] Registered node 1 ran func id = 2 
 [xAPP] Registered node 1 ran func id = 3 
 [xAPP] Registered node 1 ran func id = 142 
 [xAPP] Registered node 1 ran func id = 143 
 [xAPP] Registered node 1 ran func id = 144 
 [xAPP] Registered node 1 ran func id = 145 
 [xAPP] Registered node 1 ran func id = 146 
 [xAPP] Registered node 1 ran func id = 148 
 [xApp]: E42 RIC SUBSCRIPTION REQUEST tx RAN_FUNC_ID 144 RIC_REQ_ID 2 
[xApp]: SUBSCRIPTION RESPONSE rx
[xApp]: Successfully subscribed to RAN_FUNC_ID 144 
[xAPP] Registered node 2 ran func id = 2 
 [xAPP] Registered node 2 ran func id = 3 
 [xAPP] Registered node 2 ran func id = 142 
 [xAPP] Registered node 2 ran func id = 143 
 [xAPP] Registered node 2 ran func id = 144 
 [xAPP] Registered node 2 ran func id = 145 
 [xAPP] Registered node 2 ran func id = 146 
 [xAPP] Registered node 2 ran func id = 148 
 [xApp]: E42 RIC SUBSCRIPTION REQUEST tx RAN_FUNC_ID 144 RIC_REQ_ID 3 
[xApp]: SUBSCRIPTION RESPONSE rx
[xApp]: Successfully subscribed to RAN_FUNC_ID 144 
[xAPP] Registered node 3 ran func id = 2 
 [xAPP] Registered node 3 ran func id = 3 
 [xAPP] Registered node 3 ran func id = 142 
 [xAPP] Registered node 3 ran func id = 143 
 [xAPP] Registered node 3 ran func id = 144 
 [xAPP] Registered node 3 ran func id = 145 
 [xAPP] Registered node 3 ran func id = 146 
 [xAPP] Registered node 3 ran func id = 148 
 [xApp]: E42 RIC SUBSCRIPTION REQUEST tx RAN_FUNC_ID 144 RIC_REQ_ID 4 
[xApp]: SUBSCRIPTION RESPONSE rx
[xApp]: Successfully subscribed to RAN_FUNC_ID 144 
113[UE 2 | RB 1] Throughput = 1.19686 Mbps
213[UE 2 | RB 1] Throughput = 0.95540 Mbps
322[UE 2 | RB 1] Throughput = 0.98538 Mbps
423[UE 2 | RB 1] Throughput = 1.31215 Mbps
533[UE 2 | RB 1] Throughput = 0.98172 Mbps
643[UE 2 | RB 1] Throughput = 1.08978 Mbps
753[UE 2 | RB 1] Throughput = 0.97893 Mbps
862[UE 2 | RB 1] Throughput = 1.20298 Mbps
963[UE 2 | RB 1] Throughput = 1.07552 Mbps
1073[UE 2 | RB 1] Throughput = 1.19524 Mbps
1183[UE 2 | RB 1] Throughput = 0.65529 Mbps
1293[UE 2 | RB 1] Throughput = 1.31018 Mbps
1393[UE 2 | RB 1] Throughput = 0.71839 Mbps
1493[UE 2 | RB 1] Throughput = 1.19510 Mbps
1593[UE 2 | RB 1] Throughput = 1.19656 Mbps
1702[UE 2 | RB 1] Throughput = 0.98625 Mbps
1803[UE 2 | RB 1] Throughput = 0.71753 Mbps
1903[UE 2 | RB 1] Throughput = 1.67503 Mbps
2013[UE 2 | RB 1] Throughput = 1.08807 Mbps
2122[UE 2 | RB 1] Throughput = 0.98533 Mbps
2233[UE 2 | RB 1] Throughput = 0.97885 Mbps
2333[UE 2 | RB 1] Throughput = 1.07339 Mbps
2443[UE 2 | RB 1] Throughput = 0.43706 Mbps
2553[UE 2 | RB 1] Throughput = 1.96162 Mbps
2663[UE 2 | RB 1] Throughput = 0.65456 Mbps
2763[UE 2 | RB 1] Throughput = 1.31670 Mbps
2863[UE 2 | RB 1] Throughput = 1.19696 Mbps
2973[UE 2 | RB 1] Throughput = 0.65415 Mbps
3083[UE 2 | RB 1] Throughput = 1.52589 Mbps
3183[UE 2 | RB 1] Throughput = 1.19256 Mbps
3293[UE 2 | RB 1] Throughput = 0.54603 Mbps
3393[UE 2 | RB 1] Throughput = 1.43706 Mbps
3493[UE 2 | RB 1] Throughput = 0.71847 Mbps
3603[UE 2 | RB 1] Throughput = 1.31048 Mbps
3703[UE 2 | RB 1] Throughput = 1.07584 Mbps
3813[UE 2 | RB 1] Throughput = 0.98014 Mbps
3923[UE 2 | RB 1] Throughput = 1.31261 Mbps
4023[UE 2 | RB 1] Throughput = 0.95479 Mbps
4133[UE 2 | RB 1] Throughput = 1.08845 Mbps
4243[UE 2 | RB 1] Throughput = 1.09188 Mbps
4343[UE 2 | RB 1] Throughput = 0.71817 Mbps
4443[UE 2 | RB 1] Throughput = 1.31633 Mbps
4553[UE 2 | RB 1] Throughput = 0.65750 Mbps
4653[UE 2 | RB 1] Throughput = 1.55054 Mbps
4753[UE 2 | RB 1] Throughput = 0.83848 Mbps
4863[UE 2 | RB 1] Throughput = 1.19754 Mbps
4963[UE 2 | RB 1] Throughput = 1.31781 Mbps
5073[UE 2 | RB 1] Throughput = 1.08710 Mbps
5183[UE 2 | RB 1] Throughput = 0.65875 Mbps
5283[UE 2 | RB 1] Throughput = 1.30858 Mbps
5393[UE 2 | RB 1] Throughput = 1.09018 Mbps
5503[UE 2 | RB 1] Throughput = 1.20123 Mbps
5603[UE 2 | RB 1] Throughput = 0.95809 Mbps
5713[UE 2 | RB 1] Throughput = 1.08978 Mbps
5823[UE 2 | RB 1] Throughput = 0.98068 Mbps
5933[UE 2 | RB 1] Throughput = 0.97923 Mbps
6043[UE 2 | RB 1] Throughput = 1.20138 Mbps
6153[UE 2 | RB 1] Throughput = 1.19896 Mbps
6253[UE 2 | RB 1] Throughput = 0.71609 Mbps
6363[UE 2 | RB 1] Throughput = 0.98420 Mbps
6463[UE 2 | RB 1] Throughput = 1.07592 Mbps
6573[UE 2 | RB 1] Throughput = 1.31022 Mbps
6683[UE 2 | RB 1] Throughput = 0.65239 Mbps
6783[UE 2 | RB 1] Throughput = 1.43637 Mbps
6883[UE 2 | RB 1] Throughput = 0.71898 Mbps
6993[UE 2 | RB 1] Throughput = 1.52409 Mbps
7103[UE 2 | RB 1] Throughput = 0.65406 Mbps
7213[UE 2 | RB 1] Throughput = 1.42038 Mbps
7313[UE 2 | RB 1] Throughput = 0.71886 Mbps
7413[UE 2 | RB 1] Throughput = 1.43368 Mbps
7513[UE 2 | RB 1] Throughput = 0.83849 Mbps
7623[UE 2 | RB 1] Throughput = 1.31100 Mbps
7723[UE 2 | RB 1] Throughput = 0.83752 Mbps
7833[UE 2 | RB 1] Throughput = 1.30867 Mbps
7933[UE 2 | RB 1] Throughput = 0.95851 Mbps
8033[UE 2 | RB 1] Throughput = 0.83772 Mbps
8143[UE 2 | RB 1] Throughput = 0.86963 Mbps
8253[UE 2 | RB 1] Throughput = 1.42123 Mbps
8363[UE 2 | RB 1] Throughput = 1.41534 Mbps
8463[UE 2 | RB 1] Throughput = 0.71740 Mbps
8573[UE 2 | RB 1] Throughput = 0.87329 Mbps
8683[UE 2 | RB 1] Throughput = 1.30852 Mbps
8793[UE 2 | RB 1] Throughput = 0.76170 Mbps
8903[UE 2 | RB 1] Throughput = 1.30809 Mbps
9003[UE 2 | RB 1] Throughput = 0.71875 Mbps
9103[UE 2 | RB 1] Throughput = 1.43308 Mbps
9213[UE 2 | RB 1] Throughput = 0.76686 Mbps
9313[UE 2 | RB 1] Throughput = 1.07218 Mbps
9423[UE 2 | RB 1] Throughput = 1.42070 Mbps
9533[UE 2 | RB 1] Throughput = 0.65368 Mbps
9633[UE 2 | RB 1] Throughput = 1.67709 Mbps
9733[UE 2 | RB 1] Throughput = 0.71738 Mbps
9844[UE 2 | RB 1] Throughput = 1.08576 Mbps
9953[UE 2 | RB 1] Throughput = 1.20504 Mbps
10053[UE 2 | RB 1] Throughput = 1.31602 Mbps
10163[UE 2 | RB 1] Throughput = 0.76374 Mbps
10263[UE 2 | RB 1] Throughput = 1.31318 Mbps
10363[UE 2 | RB 1] Throughput = 1.19829 Mbps
10473[UE 2 | RB 1] Throughput = 0.65605 Mbps
10583[UE 2 | RB 1] Throughput = 1.30526 Mbps
10693[UE 2 | RB 1] Throughput = 1.09132 Mbps
10794[UE 2 | RB 1] Throughput = 0.95467 Mbps
10903[UE 2 | RB 1] Throughput = 1.09083 Mbps
11003[UE 2 | RB 1] Throughput = 1.07821 Mbps
11113[UE 2 | RB 1] Throughput = 0.98429 Mbps
11223[UE 2 | RB 1] Throughput = 1.08692 Mbps
11323[UE 2 | RB 1] Throughput = 1.19796 Mbps
11433[UE 2 | RB 1] Throughput = 1.09328 Mbps
11533[UE 2 | RB 1] Throughput = 0.95763 Mbps
11643[UE 2 | RB 1] Throughput = 1.08741 Mbps
11743[UE 2 | RB 1] Throughput = 1.07765 Mbps
11843[UE 2 | RB 1] Throughput = 1.07838 Mbps
11944[UE 2 | RB 1] Throughput = 1.07611 Mbps
12053[UE 2 | RB 1] Throughput = 1.09068 Mbps
12163[UE 2 | RB 1] Throughput = 1.20111 Mbps
12263[UE 2 | RB 1] Throughput = 1.07645 Mbps
12373[UE 2 | RB 1] Throughput = 0.65593 Mbps
12473[UE 2 | RB 1] Throughput = 0.83686 Mbps
12573[UE 2 | RB 1] Throughput = 1.07724 Mbps
12683[UE 2 | RB 1] Throughput = 1.31266 Mbps
12784[UE 2 | RB 1] Throughput = 1.42923 Mbps
12893[UE 2 | RB 1] Throughput = 0.65553 Mbps
12993[UE 2 | RB 1] Throughput = 1.31490 Mbps
13104[UE 2 | RB 1] Throughput = 1.19739 Mbps
13213[UE 2 | RB 1] Throughput = 1.20118 Mbps
13314[UE 2 | RB 1] Throughput = 0.71712 Mbps
13414[UE 2 | RB 1] Throughput = 1.31684 Mbps
13523[UE 2 | RB 1] Throughput = 0.65752 Mbps
13623[UE 2 | RB 1] Throughput = 1.43725 Mbps
13724[UE 2 | RB 1] Throughput = 1.19295 Mbps
13824[UE 2 | RB 1] Throughput = 0.83633 Mbps
13933[UE 2 | RB 1] Throughput = 1.09426 Mbps
14043[UE 2 | RB 1] Throughput = 0.87485 Mbps
14144[UE 2 | RB 1] Throughput = 1.54405 Mbps
14253[UE 2 | RB 1] Throughput = 0.76714 Mbps
14363[UE 2 | RB 1] Throughput = 1.30623 Mbps
14463[UE 2 | RB 1] Throughput = 0.71886 Mbps
14564[UE 2 | RB 1] Throughput = 1.31507 Mbps
14664[UE 2 | RB 1] Throughput = 0.71857 Mbps
14773[UE 2 | RB 1] Throughput = 1.20264 Mbps
14874[UE 2 | RB 1] Throughput = 1.19492 Mbps
14983[UE 2 | RB 1] Throughput = 1.31067 Mbps
15083[UE 2 | RB 1] Throughput = 0.71788 Mbps
15184[UE 2 | RB 1] Throughput = 1.19612 Mbps
15294[UE 2 | RB 1] Throughput = 1.19849 Mbps
15394[UE 2 | RB 1] Throughput = 0.83807 Mbps
15504[UE 2 | RB 1] Throughput = 1.19906 Mbps
15613[UE 2 | RB 1] Throughput = 0.76439 Mbps
15714[UE 2 | RB 1] Throughput = 1.31260 Mbps
15824[UE 2 | RB 1] Throughput = 1.30764 Mbps
15934[UE 2 | RB 1] Throughput = 0.98127 Mbps
16044[UE 2 | RB 1] Throughput = 0.87001 Mbps
16154[UE 2 | RB 1] Throughput = 0.98317 Mbps
16254[UE 2 | RB 1] Throughput = 1.31692 Mbps
16364[UE 2 | RB 1] Throughput = 1.08763 Mbps
16473[UE 2 | RB 1] Throughput = 0.98491 Mbps
16574[UE 2 | RB 1] Throughput = 1.07557 Mbps
16683[UE 2 | RB 1] Throughput = 0.65672 Mbps
16784[UE 2 | RB 1] Throughput = 1.43088 Mbps
16893[UE 2 | RB 1] Throughput = 1.09238 Mbps
16994[UE 2 | RB 1] Throughput = 1.31569 Mbps
17103[UE 2 | RB 1] Throughput = 0.65604 Mbps
17213[UE 2 | RB 1] Throughput = 1.19911 Mbps
17314[UE 2 | RB 1] Throughput = 1.30748 Mbps
17424[UE 2 | RB 1] Throughput = 0.98356 Mbps
17524[UE 2 | RB 1] Throughput = 0.83857 Mbps
17624[UE 2 | RB 1] Throughput = 1.19571 Mbps
17733[UE 2 | RB 1] Throughput = 1.20331 Mbps
17844[UE 2 | RB 1] Throughput = 0.76128 Mbps
17944[UE 2 | RB 1] Throughput = 1.43636 Mbps
18054[UE 2 | RB 1] Throughput = 0.65371 Mbps
18154[UE 2 | RB 1] Throughput = 1.31738 Mbps
18264[UE 2 | RB 1] Throughput = 1.09087 Mbps
18364[UE 2 | RB 1] Throughput = 1.31637 Mbps
18474[UE 2 | RB 1] Throughput = 0.65298 Mbps
18584[UE 2 | RB 1] Throughput = 1.09037 Mbps
18694[UE 2 | RB 1] Throughput = 1.09015 Mbps
18794[UE 2 | RB 1] Throughput = 1.31448 Mbps
18904[UE 2 | RB 1] Throughput = 1.20231 Mbps
19004[UE 2 | RB 1] Throughput = 0.71741 Mbps
19114[UE 2 | RB 1] Throughput = 1.09099 Mbps
19224[UE 2 | RB 1] Throughput = 1.08823 Mbps
19324[UE 2 | RB 1] Throughput = 1.31724 Mbps
19424[UE 2 | RB 1] Throughput = 0.71832 Mbps
19534[UE 2 | RB 1] Throughput = 1.09158 Mbps
19634[UE 2 | RB 1] Throughput = 1.31755 Mbps
19734[UE 2 | RB 1] Throughput = 1.07500 Mbps
19834[UE 2 | RB 1] Throughput = 1.07854 Mbps
19944[UE 2 | RB 1] Throughput = 0.98119 Mbps
20054[UE 2 | RB 1] Throughput = 0.87381 Mbps
20154[UE 2 | RB 1] Throughput = 1.43799 Mbps
20254[UE 2 | RB 1] Throughput = 0.71538 Mbps
20364[UE 2 | RB 1] Throughput = 1.31573 Mbps
20464[UE 2 | RB 1] Throughput = 0.71868 Mbps
20564[UE 2 | RB 1] Throughput = 1.43643 Mbps
20664[UE 2 | RB 1] Throughput = 0.71882 Mbps
20774[UE 2 | RB 1] Throughput = 1.30825 Mbps
20883[UE 2 | RB 1] Throughput = 1.31227 Mbps
20984[UE 2 | RB 1] Throughput = 0.71561 Mbps
21094[UE 2 | RB 1] Throughput = 1.20141 Mbps
21194[UE 2 | RB 1] Throughput = 1.19205 Mbps
21304[UE 2 | RB 1] Throughput = 0.76288 Mbps
21414[UE 2 | RB 1] Throughput = 1.31353 Mbps
21514[UE 2 | RB 1] Throughput = 0.95534 Mbps
21624[UE 2 | RB 1] Throughput = 0.98209 Mbps
21733[UE 2 | RB 1] Throughput = 0.98499 Mbps
21834[UE 2 | RB 1] Throughput = 1.19113 Mbps
21934[UE 2 | RB 1] Throughput = 1.31621 Mbps
22034[UE 2 | RB 1] Throughput = 0.59917 Mbps
22144[UE 2 | RB 1] Throughput = 1.31244 Mbps
22244[UE 2 | RB 1] Throughput = 1.31567 Mbps
22344[UE 2 | RB 1] Throughput = 0.71597 Mbps
22454[UE 2 | RB 1] Throughput = 1.20153 Mbps
22554[UE 2 | RB 1] Throughput = 0.95770 Mbps
22664[UE 2 | RB 1] Throughput = 1.08946 Mbps
22774[UE 2 | RB 1] Throughput = 1.19737 Mbps
22884[UE 2 | RB 1] Throughput = 0.98130 Mbps
22994[UE 2 | RB 1] Throughput = 1.20148 Mbps
23094[UE 2 | RB 1] Throughput = 0.71849 Mbps
23194[UE 2 | RB 1] Throughput = 1.19567 Mbps
23304[UE 2 | RB 1] Throughput = 1.30957 Mbps
23414[UE 2 | RB 1] Throughput = 1.09048 Mbps
23514[UE 2 | RB 1] Throughput = 0.95825 Mbps
23614[UE 2 | RB 1] Throughput = 1.07832 Mbps
23724[UE 2 | RB 1] Throughput = 1.19749 Mbps
23834[UE 2 | RB 1] Throughput = 0.76395 Mbps
23934[UE 2 | RB 1] Throughput = 1.31457 Mbps
24034[UE 2 | RB 1] Throughput = 0.95860 Mbps
24144[UE 2 | RB 1] Throughput = 1.19996 Mbps
24244[UE 2 | RB 1] Throughput = 0.71670 Mbps
24354[UE 2 | RB 1] Throughput = 1.31189 Mbps
24454[UE 2 | RB 1] Throughput = 0.71670 Mbps
24564[UE 2 | RB 1] Throughput = 1.52655 Mbps
24674[UE 2 | RB 1] Throughput = 0.87367 Mbps
24774[UE 2 | RB 1] Throughput = 1.19639 Mbps
24874[UE 2 | RB 1] Throughput = 0.83797 Mbps
24984[UE 2 | RB 1] Throughput = 1.19964 Mbps
25084[UE 2 | RB 1] Throughput = 1.19557 Mbps
25194[UE 2 | RB 1] Throughput = 0.76092 Mbps
25304[UE 2 | RB 1] Throughput = 1.31470 Mbps
25404[UE 2 | RB 1] Throughput = 0.71873 Mbps
25504[UE 2 | RB 1] Throughput = 0.95654 Mbps
25604[UE 2 | RB 1] Throughput = 1.55584 Mbps
25714[UE 2 | RB 1] Throughput = 0.76402 Mbps
25814[UE 2 | RB 1] Throughput = 1.31432 Mbps
25924[UE 2 | RB 1] Throughput = 0.65403 Mbps
26034[UE 2 | RB 1] Throughput = 1.41754 Mbps
26134[UE 2 | RB 1] Throughput = 1.07735 Mbps
26244[UE 2 | RB 1] Throughput = 0.97965 Mbps
26344[UE 2 | RB 1] Throughput = 1.07843 Mbps
26454[UE 2 | RB 1] Throughput = 1.08881 Mbps
26564[UE 2 | RB 1] Throughput = 1.09033 Mbps
26674[UE 2 | RB 1] Throughput = 1.09087 Mbps
26784[UE 2 | RB 1] Throughput = 0.97982 Mbps
26894[UE 2 | RB 1] Throughput = 1.20101 Mbps
26994[UE 2 | RB 1] Throughput = 1.19614 Mbps
27094[UE 2 | RB 1] Throughput = 0.71814 Mbps
27204[UE 2 | RB 1] Throughput = 1.41829 Mbps
27314[UE 2 | RB 1] Throughput = 0.97971 Mbps
27424[UE 2 | RB 1] Throughput = 1.19827 Mbps
27534[UE 2 | RB 1] Throughput = 0.65546 Mbps
27644[UE 2 | RB 1] Throughput = 1.08486 Mbps
27754[UE 2 | RB 1] Throughput = 1.20182 Mbps
27854[UE 2 | RB 1] Throughput = 1.19634 Mbps
27964[UE 2 | RB 1] Throughput = 1.19689 Mbps
28065[UE 2 | RB 1] Throughput = 0.71743 Mbps
28174[UE 2 | RB 1] Throughput = 1.20196 Mbps
28284[UE 2 | RB 1] Throughput = 0.97991 Mbps
28394[UE 2 | RB 1] Throughput = 0.98152 Mbps
28504[UE 2 | RB 1] Throughput = 1.41690 Mbps
28614[UE 2 | RB 1] Throughput = 1.09106 Mbps
28714[UE 2 | RB 1] Throughput = 0.83721 Mbps
28824[UE 2 | RB 1] Throughput = 1.19718 Mbps
28934[UE 2 | RB 1] Throughput = 1.08982 Mbps
29044[UE 2 | RB 1] Throughput = 0.87503 Mbps
29144[UE 2 | RB 1] Throughput = 1.07566 Mbps
29245[UE 2 | RB 1] Throughput = 0.95498 Mbps
29354[UE 2 | RB 1] Throughput = 1.31193 Mbps
29464[UE 2 | RB 1] Throughput = 1.08869 Mbps
29574[UE 2 | RB 1] Throughput = 0.98044 Mbps
29684[UE 2 | RB 1] Throughput = 1.09072 Mbps
29785[UE 2 | RB 1] Throughput = 1.07393 Mbps
29885[UE 2 | RB 1] Throughput = 0.71889 Mbps
29994[UE 2 | RB 1] Throughput = 1.52718 Mbps
30104[UE 2 | RB 1] Throughput = 0.65371 Mbps
30214[UE 2 | RB 1] Throughput = 1.31361 Mbps
30314[UE 2 | RB 1] Throughput = 1.19393 Mbps
30415[UE 2 | RB 1] Throughput = 0.59707 Mbps
30525[UE 2 | RB 1] Throughput = 1.52490 Mbps
30634[UE 2 | RB 1] Throughput = 0.76782 Mbps
30734[UE 2 | RB 1] Throughput = 1.31619 Mbps
30835[UE 2 | RB 1] Throughput = 0.71628 Mbps
30944[UE 2 | RB 1] Throughput = 1.30813 Mbps
31045[UE 2 | RB 1] Throughput = 1.19352 Mbps
31155[UE 2 | RB 1] Throughput = 0.76398 Mbps
31264[UE 2 | RB 1] Throughput = 1.31495 Mbps
31364[UE 2 | RB 1] Throughput = 0.95777 Mbps
31474[UE 2 | RB 1] Throughput = 1.08959 Mbps
31575[UE 2 | RB 1] Throughput = 1.07323 Mbps
31685[UE 2 | RB 1] Throughput = 1.19755 Mbps
31795[UE 2 | RB 1] Throughput = 0.76309 Mbps
31895[UE 2 | RB 1] Throughput = 0.83800 Mbps
32005[UE 2 | RB 1] Throughput = 1.41642 Mbps
32114[UE 2 | RB 1] Throughput = 0.87388 Mbps
32225[UE 2 | RB 1] Throughput = 1.19616 Mbps
32325[UE 2 | RB 1] Throughput = 1.19655 Mbps
32425[UE 2 | RB 1] Throughput = 0.83808 Mbps
32534[UE 2 | RB 1] Throughput = 1.20318 Mbps
32635[UE 2 | RB 1] Throughput = 1.07334 Mbps
32745[UE 2 | RB 1] Throughput = 1.20033 Mbps
32855[UE 2 | RB 1] Throughput = 0.87321 Mbps
32955[UE 2 | RB 1] Throughput = 1.43525 Mbps
33064[UE 2 | RB 1] Throughput = 0.76581 Mbps
33165[UE 2 | RB 1] Throughput = 0.83503 Mbps
33274[UE 2 | RB 1] Throughput = 1.20168 Mbps
33375[UE 2 | RB 1] Throughput = 1.31397 Mbps
33485[UE 2 | RB 1] Throughput = 1.20076 Mbps
33585[UE 2 | RB 1] Throughput = 0.83768 Mbps
33694[UE 2 | RB 1] Throughput = 0.65522 Mbps
33804[UE 2 | RB 1] Throughput = 1.30758 Mbps
33914[UE 2 | RB 1] Throughput = 1.19891 Mbps
34015[UE 2 | RB 1] Throughput = 1.07538 Mbps
34124[UE 2 | RB 1] Throughput = 1.09211 Mbps
34225[UE 2 | RB 1] Throughput = 1.31406 Mbps
34335[UE 2 | RB 1] Throughput = 0.65401 Mbps
34444[UE 2 | RB 1] Throughput = 1.31190 Mbps
34545[UE 2 | RB 1] Throughput = 1.31073 Mbps
34655[UE 2 | RB 1] Throughput = 0.87245 Mbps
34765[UE 2 | RB 1] Throughput = 0.87223 Mbps
34875[UE 2 | RB 1] Throughput = 1.30748 Mbps
34984[UE 2 | RB 1] Throughput = 1.20098 Mbps
35085[UE 2 | RB 1] Throughput = 0.71720 Mbps
35185[UE 2 | RB 1] Throughput = 1.19684 Mbps
35295[UE 2 | RB 1] Throughput = 1.08938 Mbps
35405[UE 2 | RB 1] Throughput = 0.87269 Mbps
35514[UE 2 | RB 1] Throughput = 1.09208 Mbps
35615[UE 2 | RB 1] Throughput = 1.19157 Mbps
35724[UE 2 | RB 1] Throughput = 1.31456 Mbps
35825[UE 2 | RB 1] Throughput = 0.59615 Mbps
35935[UE 2 | RB 1] Throughput = 1.09156 Mbps
36035[UE 2 | RB 1] Throughput = 1.31784 Mbps
36135[UE 2 | RB 1] Throughput = 1.19797 Mbps
36244[UE 2 | RB 1] Throughput = 0.76493 Mbps
36345[UE 2 | RB 1] Throughput = 1.19668 Mbps
36445[UE 2 | RB 1] Throughput = 1.19839 Mbps
36545[UE 2 | RB 1] Throughput = 1.19604 Mbps
36645[UE 2 | RB 1] Throughput = 0.83828 Mbps
36755[UE 2 | RB 1] Throughput = 1.20022 Mbps
36855[UE 2 | RB 1] Throughput = 1.19786 Mbps
36955[UE 2 | RB 1] Throughput = 0.83701 Mbps
37064[UE 2 | RB 1] Throughput = 1.20352 Mbps
37174[UE 2 | RB 1] Throughput = 1.09164 Mbps
37275[UE 2 | RB 1] Throughput = 1.07171 Mbps
37385[UE 2 | RB 1] Throughput = 0.98062 Mbps
37495[UE 2 | RB 1] Throughput = 1.08914 Mbps
37605[UE 2 | RB 1] Throughput = 0.98286 Mbps
37705[UE 2 | RB 1] Throughput = 1.07489 Mbps
37805[UE 2 | RB 1] Throughput = 1.31719 Mbps
37915[UE 2 | RB 1] Throughput = 0.87487 Mbps
38015[UE 2 | RB 1] Throughput = 1.19414 Mbps
38124[UE 2 | RB 1] Throughput = 0.87679 Mbps
38225[UE 2 | RB 1] Throughput = 1.07153 Mbps
38335[UE 2 | RB 1] Throughput = 1.09144 Mbps
38444[UE 2 | RB 1] Throughput = 1.09305 Mbps
38545[UE 2 | RB 1] Throughput = 1.19567 Mbps
38645[UE 2 | RB 1] Throughput = 1.07030 Mbps
38755[UE 2 | RB 1] Throughput = 0.87698 Mbps
38865[UE 2 | RB 1] Throughput = 0.98250 Mbps
38974[UE 2 | RB 1] Throughput = 1.30758 Mbps
39074[UE 2 | RB 1] Throughput = 1.07854 Mbps
39175[UE 2 | RB 1] Throughput = 0.95638 Mbps
39285[UE 2 | RB 1] Throughput = 0.97860 Mbps
39395[UE 2 | RB 1] Throughput = 0.76256 Mbps
39505[UE 2 | RB 1] Throughput = 1.31077 Mbps
39605[UE 2 | RB 1] Throughput = 1.31468 Mbps
39715[UE 2 | RB 1] Throughput = 1.08823 Mbps
39825[UE 2 | RB 1] Throughput = 0.98167 Mbps
39935[UE 2 | RB 1] Throughput = 1.09094 Mbps
40035[UE 2 | RB 1] Throughput = 0.95722 Mbps
40145[UE 2 | RB 1] Throughput = 1.31152 Mbps
40245[UE 2 | RB 1] Throughput = 0.95751 Mbps
40345[UE 2 | RB 1] Throughput = 0.95519 Mbps
40455[UE 2 | RB 1] Throughput = 0.98442 Mbps
40555[UE 2 | RB 1] Throughput = 1.31648 Mbps
40655[UE 2 | RB 1] Throughput = 0.71867 Mbps
40765[UE 2 | RB 1] Throughput = 0.98281 Mbps
40865[UE 2 | RB 1] Throughput = 1.07543 Mbps
40975[UE 2 | RB 1] Throughput = 0.87127 Mbps
41075[UE 2 | RB 1] Throughput = 1.07670 Mbps
41185[UE 2 | RB 1] Throughput = 1.74359 Mbps
41295[UE 2 | RB 1] Throughput = 0.87095 Mbps
41395[UE 2 | RB 1] Throughput = 0.95673 Mbps
41505[UE 2 | RB 1] Throughput = 1.31359 Mbps
41615[UE 2 | RB 1] Throughput = 0.65215 Mbps
41715[UE 2 | RB 1] Throughput = 1.07708 Mbps
41815[UE 2 | RB 1] Throughput = 1.43792 Mbps
41925[UE 2 | RB 1] Throughput = 0.98435 Mbps
42025[UE 2 | RB 1] Throughput = 0.95736 Mbps
42125[UE 2 | RB 1] Throughput = 1.31778 Mbps
42235[UE 2 | RB 1] Throughput = 1.09067 Mbps
42335[UE 2 | RB 1] Throughput = 0.59673 Mbps
42445[UE 2 | RB 1] Throughput = 1.53470 Mbps
42545[UE 2 | RB 1] Throughput = 0.83702 Mbps
42645[UE 2 | RB 1] Throughput = 0.95326 Mbps
42755[UE 2 | RB 1] Throughput = 1.09030 Mbps
42865[UE 2 | RB 1] Throughput = 1.09694 Mbps
42965[UE 2 | RB 1] Throughput = 1.07740 Mbps
43065[UE 2 | RB 1] Throughput = 1.07444 Mbps
43175[UE 2 | RB 1] Throughput = 1.08804 Mbps
43285[UE 2 | RB 1] Throughput = 1.19961 Mbps
43395[UE 2 | RB 1] Throughput = 0.65486 Mbps
43495[UE 2 | RB 1] Throughput = 1.31686 Mbps
43605[UE 2 | RB 1] Throughput = 1.30949 Mbps
43715[UE 2 | RB 1] Throughput = 0.65287 Mbps
43815[UE 2 | RB 1] Throughput = 1.07573 Mbps
43925[UE 2 | RB 1] Throughput = 1.30623 Mbps
44035[UE 2 | RB 1] Throughput = 1.31050 Mbps
44145[UE 2 | RB 1] Throughput = 1.08846 Mbps
44255[UE 2 | RB 1] Throughput = 0.65451 Mbps
44355[UE 2 | RB 1] Throughput = 1.43656 Mbps
44465[UE 2 | RB 1] Throughput = 0.65332 Mbps
44575[UE 2 | RB 1] Throughput = 1.20087 Mbps
44675[UE 2 | RB 1] Throughput = 1.43706 Mbps
44775[UE 2 | RB 1] Throughput = 0.71755 Mbps
44885[UE 2 | RB 1] Throughput = 1.19805 Mbps
44995[UE 2 | RB 1] Throughput = 1.09099 Mbps
45095[UE 2 | RB 1] Throughput = 1.31645 Mbps
45205[UE 2 | RB 1] Throughput = 0.65524 Mbps
45315[UE 2 | RB 1] Throughput = 1.30915 Mbps
45415[UE 2 | RB 1] Throughput = 0.71755 Mbps
45515[UE 2 | RB 1] Throughput = 0.83728 Mbps
45615[UE 2 | RB 1] Throughput = 1.67583 Mbps
45725[UE 2 | RB 1] Throughput = 0.65446 Mbps
45835[UE 2 | RB 1] Throughput = 1.31081 Mbps
45935[UE 2 | RB 1] Throughput = 0.71597 Mbps
46045[UE 2 | RB 1] Throughput = 1.31216 Mbps
46145[UE 2 | RB 1] Throughput = 1.31407 Mbps
46255[UE 2 | RB 1] Throughput = 0.65418 Mbps
46365[UE 2 | RB 1] Throughput = 1.30792 Mbps
46465[UE 2 | RB 1] Throughput = 0.83759 Mbps
46575[UE 2 | RB 1] Throughput = 1.19939 Mbps
46675[UE 2 | RB 1] Throughput = 1.43706 Mbps
46786[UE 2 | RB 1] Throughput = 0.65074 Mbps
46895[UE 2 | RB 1] Throughput = 1.31910 Mbps
46995[UE 2 | RB 1] Throughput = 0.95546 Mbps
47105[UE 2 | RB 1] Throughput = 1.30881 Mbps
47205[UE 2 | RB 1] Throughput = 0.59855 Mbps
47305[UE 2 | RB 1] Throughput = 1.43699 Mbps
47415[UE 2 | RB 1] Throughput = 1.19762 Mbps
47525[UE 2 | RB 1] Throughput = 0.65498 Mbps
47635[UE 2 | RB 1] Throughput = 1.30935 Mbps
47735[UE 2 | RB 1] Throughput = 0.71478 Mbps
47836[UE 2 | RB 1] Throughput = 1.43670 Mbps
47945[UE 2 | RB 1] Throughput = 1.09215 Mbps
48045[UE 2 | RB 1] Throughput = 0.71760 Mbps
48155[UE 2 | RB 1] Throughput = 1.20020 Mbps
48255[UE 2 | RB 1] Throughput = 1.31541 Mbps
48356[UE 2 | RB 1] Throughput = 0.59573 Mbps
48465[UE 2 | RB 1] Throughput = 1.43136 Mbps
48565[UE 2 | RB 1] Throughput = 0.83562 Mbps
48666[UE 2 | RB 1] Throughput = 1.19289 Mbps
48776[UE 2 | RB 1] Throughput = 1.19883 Mbps
48886[UE 2 | RB 1] Throughput = 0.98022 Mbps
48996[UE 2 | RB 1] Throughput = 1.09189 Mbps
49105[UE 2 | RB 1] Throughput = 1.31222 Mbps
49205[UE 2 | RB 1] Throughput = 0.59877 Mbps
49305[UE 2 | RB 1] Throughput = 1.31476 Mbps
49406[UE 2 | RB 1] Throughput = 1.19699 Mbps
49506[UE 2 | RB 1] Throughput = 0.71877 Mbps
49615[UE 2 | RB 1] Throughput = 1.30944 Mbps
49726[UE 2 | RB 1] Throughput = 1.08704 Mbps
49836[UE 2 | RB 1] Throughput = 1.19929 Mbps
49945[UE 2 | RB 1] Throughput = 0.65427 Mbps
50046[UE 2 | RB 1] Throughput = 1.43097 Mbps
50155[UE 2 | RB 1] Throughput = 0.98570 Mbps
50265[UE 2 | RB 1] Throughput = 0.98015 Mbps
50365[UE 2 | RB 1] Throughput = 1.07819 Mbps
50475[UE 2 | RB 1] Throughput = 1.09077 Mbps
50576[UE 2 | RB 1] Throughput = 1.31364 Mbps
50686[UE 2 | RB 1] Throughput = 0.65452 Mbps
50786[UE 2 | RB 1] Throughput = 1.31680 Mbps
50896[UE 2 | RB 1] Throughput = 1.09062 Mbps
51005[UE 2 | RB 1] Throughput = 1.20181 Mbps
51105[UE 2 | RB 1] Throughput = 0.71798 Mbps
51206[UE 2 | RB 1] Throughput = 1.43325 Mbps
51315[UE 2 | RB 1] Throughput = 1.09211 Mbps
51425[UE 2 | RB 1] Throughput = 0.98240 Mbps
51526[UE 2 | RB 1] Throughput = 0.71625 Mbps
51626[UE 2 | RB 1] Throughput = 1.43670 Mbps
51735[UE 2 | RB 1] Throughput = 0.65637 Mbps
51845[UE 2 | RB 1] Throughput = 1.30605 Mbps
51955[UE 2 | RB 1] Throughput = 1.30730 Mbps
52055[UE 2 | RB 1] Throughput = 0.71849 Mbps
52156[UE 2 | RB 1] Throughput = 1.43574 Mbps
52256[UE 2 | RB 1] Throughput = 0.71814 Mbps
52365[UE 2 | RB 1] Throughput = 1.20123 Mbps
52475[UE 2 | RB 1] Throughput = 1.09211 Mbps
52586[UE 2 | RB 1] Throughput = 1.08577 Mbps
52686[UE 2 | RB 1] Throughput = 1.07733 Mbps
52786[UE 2 | RB 1] Throughput = 0.71634 Mbps
52896[UE 2 | RB 1] Throughput = 1.20240 Mbps
53005[UE 2 | RB 1] Throughput = 1.31014 Mbps
53106[UE 2 | RB 1] Throughput = 0.95608 Mbps
53216[UE 2 | RB 1] Throughput = 0.65519 Mbps
53316[UE 2 | RB 1] Throughput = 1.55671 Mbps
53426[UE 2 | RB 1] Throughput = 1.19739 Mbps
53535[UE 2 | RB 1] Throughput = 0.98292 Mbps
53636[UE 2 | RB 1] Throughput = 0.71776 Mbps
53746[UE 2 | RB 1] Throughput = 1.08976 Mbps
53855[UE 2 | RB 1] Throughput = 1.31296 Mbps
53955[UE 2 | RB 1] Throughput = 1.19762 Mbps
54055[UE 2 | RB 1] Throughput = 0.59887 Mbps
54156[UE 2 | RB 1] Throughput = 1.31026 Mbps
54265[UE 2 | RB 1] Throughput = 1.31398 Mbps
54365[UE 2 | RB 1] Throughput = 0.71806 Mbps
54466[UE 2 | RB 1] Throughput = 1.43591 Mbps
54566[UE 2 | RB 1] Throughput = 0.71792 Mbps
54666[UE 2 | RB 1] Throughput = 1.43522 Mbps
54775[UE 2 | RB 1] Throughput = 0.65609 Mbps
54876[UE 2 | RB 1] Throughput = 1.19699 Mbps
54986[UE 2 | RB 1] Throughput = 1.30776 Mbps
55086[UE 2 | RB 1] Throughput = 0.71849 Mbps
55186[UE 2 | RB 1] Throughput = 1.31595 Mbps
55296[UE 2 | RB 1] Throughput = 1.20027 Mbps
55406[UE 2 | RB 1] Throughput = 0.76149 Mbps
55516[UE 2 | RB 1] Throughput = 0.87376 Mbps
55616[UE 2 | RB 1] Throughput = 1.43396 Mbps
55726[UE 2 | RB 1] Throughput = 1.09065 Mbps
55836[UE 2 | RB 1] Throughput = 1.09041 Mbps
55945[UE 2 | RB 1] Throughput = 0.98366 Mbps
56046[UE 2 | RB 1] Throughput = 0.83379 Mbps
56156[UE 2 | RB 1] Throughput = 1.30794 Mbps
56266[UE 2 | RB 1] Throughput = 0.65279 Mbps
56366[UE 2 | RB 1] Throughput = 1.67449 Mbps
56476[UE 2 | RB 1] Throughput = 0.65507 Mbps
56586[UE 2 | RB 1] Throughput = 1.30733 Mbps
56696[UE 2 | RB 1] Throughput = 1.30466 Mbps
56806[UE 2 | RB 1] Throughput = 0.98315 Mbps
56906[UE 2 | RB 1] Throughput = 0.59821 Mbps
57006[UE 2 | RB 1] Throughput = 1.07762 Mbps
57106[UE 2 | RB 1] Throughput = 1.55621 Mbps
57216[UE 2 | RB 1] Throughput = 0.54738 Mbps
57316[UE 2 | RB 1] Throughput = 1.67562 Mbps
57425[UE 2 | RB 1] Throughput = 0.98390 Mbps
57536[UE 2 | RB 1] Throughput = 1.19612 Mbps
57636[UE 2 | RB 1] Throughput = 0.71473 Mbps
57746[UE 2 | RB 1] Throughput = 1.09300 Mbps
57856[UE 2 | RB 1] Throughput = 1.19948 Mbps
57966[UE 2 | RB 1] Throughput = 1.08727 Mbps
58076[UE 2 | RB 1] Throughput = 0.98286 Mbps
58186[UE 2 | RB 1] Throughput = 1.09032 Mbps
58286[UE 2 | RB 1] Throughput = 1.07507 Mbps
58386[UE 2 | RB 1] Throughput = 1.19715 Mbps
58486[UE 2 | RB 1] Throughput = 0.95740 Mbps
58596[UE 2 | RB 1] Throughput = 1.20176 Mbps
58706[UE 2 | RB 1] Throughput = 0.65554 Mbps
58806[UE 2 | RB 1] Throughput = 1.43633 Mbps
58916[UE 2 | RB 1] Throughput = 1.08874 Mbps
59016[UE 2 | RB 1] Throughput = 1.07344 Mbps
59126[UE 2 | RB 1] Throughput = 0.98361 Mbps
59226[UE 2 | RB 1] Throughput = 0.95724 Mbps
59336[UE 2 | RB 1] Throughput = 1.08931 Mbps
59446[UE 2 | RB 1] Throughput = 0.87186 Mbps
59556[UE 2 | RB 1] Throughput = 1.09236 Mbps
59666[UE 2 | RB 1] Throughput = 1.19801 Mbps
59776[UE 2 | RB 1] Throughput = 1.30478 Mbps
59886[UE 2 | RB 1] Throughput = 1.08882 Mbps
59996[UE 2 | RB 1] Throughput = 1.09020 Mbps
60096[UE 2 | RB 1] Throughput = 1.07758 Mbps
60206[UE 2 | RB 1] Throughput = 0.87388 Mbps
60306[UE 2 | RB 1] Throughput = 1.19584 Mbps
60416[UE 2 | RB 1] Throughput = 0.76299 Mbps
60516[UE 2 | RB 1] Throughput = 1.43646 Mbps
60616[UE 2 | RB 1] Throughput = 0.71892 Mbps
60726[UE 2 | RB 1] Throughput = 1.19942 Mbps
60826[UE 2 | RB 1] Throughput = 1.19649 Mbps
60936[UE 2 | RB 1] Throughput = 0.87337 Mbps
61036[UE 2 | RB 1] Throughput = 1.07574 Mbps
61146[UE 2 | RB 1] Throughput = 1.08868 Mbps
61256[UE 2 | RB 1] Throughput = 1.20173 Mbps
61356[UE 2 | RB 1] Throughput = 0.83803 Mbps
61457[UE 2 | RB 1] Throughput = 1.31156 Mbps
61566[UE 2 | RB 1] Throughput = 1.20792 Mbps
61666[UE 2 | RB 1] Throughput = 0.71849 Mbps
61766[UE 2 | RB 1] Throughput = 1.31612 Mbps
61866[UE 2 | RB 1] Throughput = 1.19810 Mbps
61966[UE 2 | RB 1] Throughput = 0.59831 Mbps
62076[UE 2 | RB 1] Throughput = 1.30669 Mbps
62186[UE 2 | RB 1] Throughput = 1.09493 Mbps
62286[UE 2 | RB 1] Throughput = 0.95395 Mbps
62396[UE 2 | RB 1] Throughput = 0.98120 Mbps
62506[UE 2 | RB 1] Throughput = 1.30739 Mbps
62616[UE 2 | RB 1] Throughput = 0.65373 Mbps
62716[UE 2 | RB 1] Throughput = 1.55584 Mbps
62826[UE 2 | RB 1] Throughput = 0.98155 Mbps
62926[UE 2 | RB 1] Throughput = 0.71643 Mbps
63036[UE 2 | RB 1] Throughput = 1.31357 Mbps
63136[UE 2 | RB 1] Throughput = 0.83793 Mbps
63236[UE 2 | RB 1] Throughput = 1.31569 Mbps
63336[UE 2 | RB 1] Throughput = 1.31753 Mbps
63446[UE 2 | RB 1] Throughput = 0.54400 Mbps
63556[UE 2 | RB 1] Throughput = 1.30801 Mbps
63666[UE 2 | RB 1] Throughput = 1.31167 Mbps
63766[UE 2 | RB 1] Throughput = 0.71805 Mbps
63876[UE 2 | RB 1] Throughput = 0.76387 Mbps
63976[UE 2 | RB 1] Throughput = 1.07502 Mbps
64087[UE 2 | RB 1] Throughput = 0.97749 Mbps
64195[UE 2 | RB 1] Throughput = 1.65114 Mbps
64296[UE 2 | RB 1] Throughput = 0.71508 Mbps
64396[UE 2 | RB 1] Throughput = 1.43781 Mbps
64496[UE 2 | RB 1] Throughput = 0.95833 Mbps
64596[UE 2 | RB 1] Throughput = 1.19721 Mbps
64706[UE 2 | RB 1] Throughput = 1.19968 Mbps
64816[UE 2 | RB 1] Throughput = 0.65470 Mbps
64916[UE 2 | RB 1] Throughput = 1.31287 Mbps
65026[UE 2 | RB 1] Throughput = 0.98060 Mbps
65136[UE 2 | RB 1] Throughput = 0.87413 Mbps
65236[UE 2 | RB 1] Throughput = 0.71786 Mbps
65346[UE 2 | RB 1] Throughput = 1.63151 Mbps
65446[UE 2 | RB 1] Throughput = 1.19765 Mbps
65556[UE 2 | RB 1] Throughput = 1.20382 Mbps
65658[UE 2 | RB 1] Throughput = 0.58774 Mbps
65766[UE 2 | RB 1] Throughput = 1.21501 Mbps
65876[UE 2 | RB 1] Throughput = 1.20078 Mbps
65986[UE 2 | RB 1] Throughput = 1.19575 Mbps
66096[UE 2 | RB 1] Throughput = 0.65608 Mbps
66206[UE 2 | RB 1] Throughput = 1.30963 Mbps
66306[UE 2 | RB 1] Throughput = 1.19241 Mbps
66416[UE 2 | RB 1] Throughput = 0.87214 Mbps
66516[UE 2 | RB 1] Throughput = 1.31762 Mbps
66626[UE 2 | RB 1] Throughput = 0.87028 Mbps
66736[UE 2 | RB 1] Throughput = 1.31227 Mbps
66836[UE 2 | RB 1] Throughput = 0.71785 Mbps
66946[UE 2 | RB 1] Throughput = 1.30367 Mbps
67056[UE 2 | RB 1] Throughput = 0.65485 Mbps
67156[UE 2 | RB 1] Throughput = 1.43659 Mbps
67266[UE 2 | RB 1] Throughput = 1.20292 Mbps
67366[UE 2 | RB 1] Throughput = 0.83667 Mbps
67466[UE 2 | RB 1] Throughput = 1.31632 Mbps
67567[UE 2 | RB 1] Throughput = 0.83625 Mbps
67676[UE 2 | RB 1] Throughput = 1.20374 Mbps
67776[UE 2 | RB 1] Throughput = 0.71894 Mbps
67876[UE 2 | RB 1] Throughput = 1.55674 Mbps
67986[UE 2 | RB 1] Throughput = 0.54494 Mbps
68087[UE 2 | RB 1] Throughput = 1.31279 Mbps
68187[UE 2 | RB 1] Throughput = 1.31716 Mbps
68296[UE 2 | RB 1] Throughput = 1.09535 Mbps
68396[UE 2 | RB 1] Throughput = 0.83772 Mbps
68496[UE 2 | RB 1] Throughput = 0.71867 Mbps
68597[UE 2 | RB 1] Throughput = 1.31322 Mbps
68706[UE 2 | RB 1] Throughput = 1.20158 Mbps
68816[UE 2 | RB 1] Throughput = 1.08958 Mbps
68917[UE 2 | RB 1] Throughput = 1.19647 Mbps
69027[UE 2 | RB 1] Throughput = 1.08934 Mbps
69137[UE 2 | RB 1] Throughput = 1.09017 Mbps
69247[UE 2 | RB 1] Throughput = 0.87030 Mbps
69357[UE 2 | RB 1] Throughput = 0.76211 Mbps
69467[UE 2 | RB 1] Throughput = 1.09120 Mbps
69567[UE 2 | RB 1] Throughput = 1.31573 Mbps
69676[UE 2 | RB 1] Throughput = 1.20403 Mbps
69776[UE 2 | RB 1] Throughput = 0.83882 Mbps
69876[UE 2 | RB 1] Throughput = 0.83841 Mbps
69976[UE 2 | RB 1] Throughput = 1.07827 Mbps
70076[UE 2 | RB 1] Throughput = 1.31796 Mbps
70186[UE 2 | RB 1] Throughput = 1.30865 Mbps
70287[UE 2 | RB 1] Throughput = 0.95501 Mbps
70397[UE 2 | RB 1] Throughput = 1.19893 Mbps
70497[UE 2 | RB 1] Throughput = 0.71708 Mbps
70606[UE 2 | RB 1] Throughput = 1.31363 Mbps
70716[UE 2 | RB 1] Throughput = 0.87179 Mbps
70826[UE 2 | RB 1] Throughput = 0.76296 Mbps
70937[UE 2 | RB 1] Throughput = 1.52165 Mbps
71046[UE 2 | RB 1] Throughput = 0.87599 Mbps
71147[UE 2 | RB 1] Throughput = 1.42520 Mbps
71256[UE 2 | RB 1] Throughput = 0.65761 Mbps
71357[UE 2 | RB 1] Throughput = 1.43152 Mbps
71466[UE 2 | RB 1] Throughput = 1.20180 Mbps
71566[UE 2 | RB 1] Throughput = 0.83880 Mbps
71667[UE 2 | RB 1] Throughput = 0.83764 Mbps
71777[UE 2 | RB 1] Throughput = 1.19813 Mbps
71887[UE 2 | RB 1] Throughput = 1.19876 Mbps
71987[UE 2 | RB 1] Throughput = 1.19308 Mbps
72097[UE 2 | RB 1] Throughput = 0.65596 Mbps
72207[UE 2 | RB 1] Throughput = 1.30288 Mbps
72317[UE 2 | RB 1] Throughput = 1.20203 Mbps
72426[UE 2 | RB 1] Throughput = 0.76461 Mbps
72536[UE 2 | RB 1] Throughput = 1.19763 Mbps
72637[UE 2 | RB 1] Throughput = 0.71717 Mbps
72737[UE 2 | RB 1] Throughput = 1.55464 Mbps
72847[UE 2 | RB 1] Throughput = 0.76471 Mbps
72957[UE 2 | RB 1] Throughput = 1.19823 Mbps
73057[UE 2 | RB 1] Throughput = 1.19385 Mbps
73167[UE 2 | RB 1] Throughput = 1.20087 Mbps
73277[UE 2 | RB 1] Throughput = 0.98055 Mbps
73386[UE 2 | RB 1] Throughput = 1.20161 Mbps
73487[UE 2 | RB 1] Throughput = 0.71639 Mbps
73597[UE 2 | RB 1] Throughput = 1.31008 Mbps
73697[UE 2 | RB 1] Throughput = 0.71829 Mbps
73797[UE 2 | RB 1] Throughput = 1.43618 Mbps
73907[UE 2 | RB 1] Throughput = 0.65468 Mbps
74017[UE 2 | RB 1] Throughput = 1.52482 Mbps
74117[UE 2 | RB 1] Throughput = 0.83771 Mbps
74226[UE 2 | RB 1] Throughput = 1.09323 Mbps
74327[UE 2 | RB 1] Throughput = 0.71713 Mbps
74437[UE 2 | RB 1] Throughput = 1.30842 Mbps
74547[UE 2 | RB 1] Throughput = 0.87228 Mbps
74647[UE 2 | RB 1] Throughput = 1.43399 Mbps
74757[UE 2 | RB 1] Throughput = 0.65363 Mbps
74867[UE 2 | RB 1] Throughput = 1.30758 Mbps
74977[UE 2 | RB 1] Throughput = 1.20064 Mbps
75087[UE 2 | RB 1] Throughput = 0.97981 Mbps
75187[UE 2 | RB 1] Throughput = 1.31549 Mbps
75297[UE 2 | RB 1] Throughput = 0.76411 Mbps
75397[UE 2 | RB 1] Throughput = 1.55230 Mbps
75507[UE 2 | RB 1] Throughput = 0.65393 Mbps
75617[UE 2 | RB 1] Throughput = 1.09126 Mbps
75727[UE 2 | RB 1] Throughput = 1.20044 Mbps
75827[UE 2 | RB 1] Throughput = 1.19539 Mbps
75936[UE 2 | RB 1] Throughput = 0.98571 Mbps
76037[UE 2 | RB 1] Throughput = 1.07369 Mbps
76147[UE 2 | RB 1] Throughput = 1.19944 Mbps
76247[UE 2 | RB 1] Throughput = 0.95614 Mbps
76357[UE 2 | RB 1] Throughput = 0.76188 Mbps
76467[UE 2 | RB 1] Throughput = 1.09286 Mbps
76567[UE 2 | RB 1] Throughput = 1.19662 Mbps
76677[UE 2 | RB 1] Throughput = 1.09088 Mbps
76787[UE 2 | RB 1] Throughput = 1.08805 Mbps
76887[UE 2 | RB 1] Throughput = 1.19545 Mbps
76997[UE 2 | RB 1] Throughput = 1.09311 Mbps
77097[UE 2 | RB 1] Throughput = 0.83772 Mbps
77207[UE 2 | RB 1] Throughput = 1.31078 Mbps
77307[UE 2 | RB 1] Throughput = 1.07633 Mbps
77417[UE 2 | RB 1] Throughput = 0.86974 Mbps
77527[UE 2 | RB 1] Throughput = 1.31159 Mbps
77627[UE 2 | RB 1] Throughput = 0.83873 Mbps
77737[UE 2 | RB 1] Throughput = 0.86889 Mbps
77847[UE 2 | RB 1] Throughput = 1.19740 Mbps
77957[UE 2 | RB 1] Throughput = 1.09238 Mbps
78067[UE 2 | RB 1] Throughput = 1.08920 Mbps
78177[UE 2 | RB 1] Throughput = 0.97926 Mbps
78287[UE 2 | RB 1] Throughput = 1.09071 Mbps
78387[UE 2 | RB 1] Throughput = 1.19448 Mbps
78497[UE 2 | RB 1] Throughput = 1.20210 Mbps
78607[UE 2 | RB 1] Throughput = 0.76355 Mbps
78707[UE 2 | RB 1] Throughput = 1.31569 Mbps
78807[UE 2 | RB 1] Throughput = 1.19765 Mbps
78907[UE 2 | RB 1] Throughput = 0.71829 Mbps
79007[UE 2 | RB 1] Throughput = 1.07761 Mbps
79107[UE 2 | RB 1] Throughput = 1.19682 Mbps
79217[UE 2 | RB 1] Throughput = 1.20129 Mbps
79317[UE 2 | RB 1] Throughput = 0.95825 Mbps
79427[UE 2 | RB 1] Throughput = 1.20007 Mbps
79527[UE 2 | RB 1] Throughput = 0.95712 Mbps
79637[UE 2 | RB 1] Throughput = 1.09075 Mbps
79737[UE 2 | RB 1] Throughput = 0.83766 Mbps
79847[UE 2 | RB 1] Throughput = 1.19921 Mbps
79947[UE 2 | RB 1] Throughput = 1.31326 Mbps
80057[UE 2 | RB 1] Throughput = 0.76539 Mbps
80157[UE 2 | RB 1] Throughput = 0.71874 Mbps
80267[UE 2 | RB 1] Throughput = 1.52937 Mbps
80367[UE 2 | RB 1] Throughput = 0.71669 Mbps
80467[UE 2 | RB 1] Throughput = 1.43654 Mbps
80567[UE 2 | RB 1] Throughput = 0.23934 Mbps
80677[UE 2 | RB 1] Throughput = 1.75489 Mbps
80777[UE 2 | RB 1] Throughput = 0.71889 Mbps
80877[UE 2 | RB 1] Throughput = 1.43064 Mbps
80987[UE 2 | RB 1] Throughput = 1.09251 Mbps
81087[UE 2 | RB 1] Throughput = 1.07556 Mbps
81197[UE 2 | RB 1] Throughput = 0.76389 Mbps
81307[UE 2 | RB 1] Throughput = 1.30938 Mbps
81407[UE 2 | RB 1] Throughput = 1.30918 Mbps
81517[UE 2 | RB 1] Throughput = 0.76465 Mbps
81627[UE 2 | RB 1] Throughput = 1.30876 Mbps
81727[UE 2 | RB 1] Throughput = 0.71673 Mbps
81837[UE 2 | RB 1] Throughput = 1.30814 Mbps
81938[UE 2 | RB 1] Throughput = 0.71303 Mbps
82039[UE 2 | RB 1] Throughput = 1.30788 Mbps
82147[UE 2 | RB 1] Throughput = 1.32749 Mbps
82257[UE 2 | RB 1] Throughput = 0.65399 Mbps
82367[UE 2 | RB 1] Throughput = 1.19801 Mbps
82467[UE 2 | RB 1] Throughput = 1.43646 Mbps
82577[UE 2 | RB 1] Throughput = 0.65403 Mbps
82678[UE 2 | RB 1] Throughput = 1.43482 Mbps
82787[UE 2 | RB 1] Throughput = 0.54552 Mbps
82897[UE 2 | RB 1] Throughput = 1.30749 Mbps
83007[UE 2 | RB 1] Throughput = 1.31590 Mbps
83107[UE 2 | RB 1] Throughput = 0.59594 Mbps
83217[UE 2 | RB 1] Throughput = 1.41405 Mbps
83328[UE 2 | RB 1] Throughput = 0.76036 Mbps
83437[UE 2 | RB 1] Throughput = 1.20220 Mbps
83537[UE 2 | RB 1] Throughput = 1.31811 Mbps
83637[UE 2 | RB 1] Throughput = 0.71792 Mbps
83747[UE 2 | RB 1] Throughput = 1.31034 Mbps
83857[UE 2 | RB 1] Throughput = 0.65519 Mbps
83957[UE 2 | RB 1] Throughput = 1.31763 Mbps
84067[UE 2 | RB 1] Throughput = 1.30642 Mbps
84167[UE 2 | RB 1] Throughput = 0.83724 Mbps
84277[UE 2 | RB 1] Throughput = 1.20196 Mbps
84377[UE 2 | RB 1] Throughput = 1.31216 Mbps
84487[UE 2 | RB 1] Throughput = 0.65519 Mbps
84597[UE 2 | RB 1] Throughput = 1.30572 Mbps
84707[UE 2 | RB 1] Throughput = 0.65433 Mbps
84817[UE 2 | RB 1] Throughput = 1.30735 Mbps
84927[UE 2 | RB 1] Throughput = 1.19722 Mbps
85037[UE 2 | RB 1] Throughput = 1.09024 Mbps
85147[UE 2 | RB 1] Throughput = 1.19945 Mbps
85257[UE 2 | RB 1] Throughput = 1.09396 Mbps
85357[UE 2 | RB 1] Throughput = 0.59707 Mbps
85467[UE 2 | RB 1] Throughput = 1.19884 Mbps
85567[UE 2 | RB 1] Throughput = 1.43484 Mbps
85677[UE 2 | RB 1] Throughput = 1.09177 Mbps
85777[UE 2 | RB 1] Throughput = 0.71809 Mbps
85877[UE 2 | RB 1] Throughput = 1.31812 Mbps
85977[UE 2 | RB 1] Throughput = 0.59791 Mbps
86087[UE 2 | RB 1] Throughput = 1.20073 Mbps
86188[UE 2 | RB 1] Throughput = 1.19355 Mbps
86297[UE 2 | RB 1] Throughput = 1.20097 Mbps
86407[UE 2 | RB 1] Throughput = 0.98143 Mbps
86507[UE 2 | RB 1] Throughput = 1.19663 Mbps
86618[UE 2 | RB 1] Throughput = 1.19529 Mbps
86727[UE 2 | RB 1] Throughput = 0.65735 Mbps
86827[UE 2 | RB 1] Throughput = 1.43471 Mbps
86937[UE 2 | RB 1] Throughput = 0.65317 Mbps
87038[UE 2 | RB 1] Throughput = 1.31594 Mbps
87138[UE 2 | RB 1] Throughput = 1.07751 Mbps
87247[UE 2 | RB 1] Throughput = 0.87609 Mbps
87347[UE 2 | RB 1] Throughput = 1.19540 Mbps
87448[UE 2 | RB 1] Throughput = 1.19542 Mbps
87557[UE 2 | RB 1] Throughput = 1.09478 Mbps
87657[UE 2 | RB 1] Throughput = 0.95753 Mbps
87757[UE 2 | RB 1] Throughput = 1.07850 Mbps
87857[UE 2 | RB 1] Throughput = 1.07692 Mbps
87967[UE 2 | RB 1] Throughput = 0.87116 Mbps
88067[UE 2 | RB 1] Throughput = 1.31699 Mbps
88178[UE 2 | RB 1] Throughput = 1.08655 Mbps
88287[UE 2 | RB 1] Throughput = 0.98329 Mbps
88397[UE 2 | RB 1] Throughput = 0.98158 Mbps
88497[UE 2 | RB 1] Throughput = 1.31817 Mbps
88597[UE 2 | RB 1] Throughput = 1.19710 Mbps
88707[UE 2 | RB 1] Throughput = 0.87259 Mbps
88807[UE 2 | RB 1] Throughput = 0.95801 Mbps
88917[UE 2 | RB 1] Throughput = 1.19796 Mbps
89027[UE 2 | RB 1] Throughput = 1.08965 Mbps
89127[UE 2 | RB 1] Throughput = 0.95765 Mbps
89238[UE 2 | RB 1] Throughput = 1.19752 Mbps
89347[UE 2 | RB 1] Throughput = 1.20092 Mbps
89448[UE 2 | RB 1] Throughput = 0.71735 Mbps
89548[UE 2 | RB 1] Throughput = 1.19662 Mbps
89657[UE 2 | RB 1] Throughput = 1.31128 Mbps
89758[UE 2 | RB 1] Throughput = 0.59671 Mbps
89867[UE 2 | RB 1] Throughput = 1.31273 Mbps
89977[UE 2 | RB 1] Throughput = 1.19979 Mbps
[xApp]: E42 RIC_SUBSCRIPTION_DELETE_REQUEST tx RAN_FUNC_ID 144 RIC_REQ_ID 1 
[xApp]: E42 SUBSCRIPTION DELETE RESPONSE rx
[xApp]: E42 RIC_SUBSCRIPTION_DELETE_REQUEST tx RAN_FUNC_ID 144 RIC_REQ_ID 2 
[xApp]: E42 SUBSCRIPTION DELETE RESPONSE rx
[xApp]: E42 RIC_SUBSCRIPTION_DELETE_REQUEST tx RAN_FUNC_ID 144 RIC_REQ_ID 3 
[xApp]: E42 SUBSCRIPTION DELETE RESPONSE rx
[xApp]: E42 RIC_SUBSCRIPTION_DELETE_REQUEST tx RAN_FUNC_ID 144 RIC_REQ_ID 4 
[xApp]: E42 SUBSCRIPTION DELETE RESPONSE rx
[xApp]: Sucessfully stopped 
Test xApp run SUCCESSFULLY
