[UTIL]: Setting the config -c file to /usr/local/etc/flexric/flexric.conf
[UTIL]: Setting path -p for the shared libraries to /usr/local/lib/flexric/
[xAapp]: Initializing ... 
[xApp]: nearRT-RIC IP Address = 192.168.70.150, PORT = 36422
[E2 AGENT]: Opening plugin from path = /usr/local/lib/flexric/libkpm_sm.so 
[E2 AGENT]: Opening plugin from path = /usr/local/lib/flexric/libmac_sm.so 
[E2 AGENT]: Opening plugin from path = /usr/local/lib/flexric/libpdcp_sm.so 
[E2 AGENT]: Opening plugin from path = /usr/local/lib/flexric/libgtp_sm.so 
[E2 AGENT]: Opening plugin from path = /usr/local/lib/flexric/librc_sm.so 
[E2 AGENT]: Opening plugin from path = /usr/local/lib/flexric/libtc_sm.so 
[E2 AGENT]: Opening plugin from path = /usr/local/lib/flexric/librlc_sm.so 
[E2 AGENT]: Opening plugin from path = /usr/local/lib/flexric/libslice_sm.so 
[NEAR-RIC]: Loading SM ID = 2 with def = ORAN-E2SM-KPM 
[NEAR-RIC]: Loading SM ID = 142 with def = MAC_STATS_V0 
[NEAR-RIC]: Loading SM ID = 144 with def = PDCP_STATS_V0 
[NEAR-RIC]: Loading SM ID = 148 with def = GTP_STATS_V0 
[NEAR-RIC]: Loading SM ID = 3 with def = ORAN-E2SM-RC 
[NEAR-RIC]: Loading SM ID = 146 with def = TC_STATS_V0 
[NEAR-RIC]: Loading SM ID = 143 with def = RLC_STATS_V0 
[NEAR-RIC]: Loading SM ID = 145 with def = SLICE_STATS_V0 
[xApp]: DB filename = /tmp/flexric/xapp_db 
 [xApp]: E42 SETUP-REQUEST tx
[xApp]: E42 SETUP-RESPONSE rx 
[xApp]: xApp ID = 12 
[xApp]: Registered E2 Nodes = 4 
Connected E2 nodes = 4
[xAPP] Registered node 0 ran func id = 2 
 [xAPP] Registered node 0 ran func id = 3 
 [xAPP] Registered node 0 ran func id = 142 
 [xAPP] Registered node 0 ran func id = 143 
 [xAPP] Registered node 0 ran func id = 144 
 [xAPP] Registered node 0 ran func id = 145 
 [xAPP] Registered node 0 ran func id = 146 
 [xAPP] Registered node 0 ran func id = 148 
 [xApp]: E42 RIC SUBSCRIPTION REQUEST tx RAN_FUNC_ID 144 RIC_REQ_ID 1 
[xApp]: SUBSCRIPTION RESPONSE rx
[xApp]: Successfully subscribed to RAN_FUNC_ID 144 
[xAPP] Registered node 1 ran func id = 2 
 [xAPP] Registered node 1 ran func id = 3 
 [xAPP] Registered node 1 ran func id = 142 
 [xAPP] Registered node 1 ran func id = 143 
 [xAPP] Registered node 1 ran func id = 144 
 [xAPP] Registered node 1 ran func id = 145 
 [xAPP] Registered node 1 ran func id = 146 
 [xAPP] Registered node 1 ran func id = 148 
 [xApp]: E42 RIC SUBSCRIPTION REQUEST tx RAN_FUNC_ID 144 RIC_REQ_ID 2 
[xApp]: SUBSCRIPTION RESPONSE rx
[xApp]: Successfully subscribed to RAN_FUNC_ID 144 
[xAPP] Registered node 2 ran func id = 2 
 [xAPP] Registered node 2 ran func id = 3 
 [xAPP] Registered node 2 ran func id = 142 
 [xAPP] Registered node 2 ran func id = 143 
 [xAPP] Registered node 2 ran func id = 144 
 [xAPP] Registered node 2 ran func id = 145 
 [xAPP] Registered node 2 ran func id = 146 
 [xAPP] Registered node 2 ran func id = 148 
 [xApp]: E42 RIC SUBSCRIPTION REQUEST tx RAN_FUNC_ID 144 RIC_REQ_ID 3 
[xApp]: SUBSCRIPTION RESPONSE rx
[xApp]: Successfully subscribed to RAN_FUNC_ID 144 
[xAPP] Registered node 3 ran func id = 2 
 [xAPP] Registered node 3 ran func id = 3 
 [xAPP] Registered node 3 ran func id = 142 
 [xAPP] Registered node 3 ran func id = 143 
 [xAPP] Registered node 3 ran func id = 144 
 [xAPP] Registered node 3 ran func id = 145 
 [xAPP] Registered node 3 ran func id = 146 
 [xAPP] Registered node 3 ran func id = 148 
 [xApp]: E42 RIC SUBSCRIPTION REQUEST tx RAN_FUNC_ID 144 RIC_REQ_ID 4 
[xApp]: SUBSCRIPTION RESPONSE rx
[xApp]: Successfully subscribed to RAN_FUNC_ID 144 
113[UE 2 | RB 1] Throughput = 0.83756 Mbps
223[UE 2 | RB 1] Throughput = 1.31273 Mbps
323[UE 2 | RB 1] Throughput = 0.83726 Mbps
423[UE 2 | RB 1] Throughput = 1.43761 Mbps
523[UE 2 | RB 1] Throughput = 0.83879 Mbps
623[UE 2 | RB 1] Throughput = 1.31670 Mbps
723[UE 2 | RB 1] Throughput = 0.71852 Mbps
833[UE 2 | RB 1] Throughput = 1.19929 Mbps
943[UE 2 | RB 1] Throughput = 1.09084 Mbps
1043[UE 2 | RB 1] Throughput = 0.83640 Mbps
1153[UE 2 | RB 1] Throughput = 1.31104 Mbps
1253[UE 2 | RB 1] Throughput = 0.95827 Mbps
1363[UE 2 | RB 1] Throughput = 1.30466 Mbps
1473[UE 2 | RB 1] Throughput = 0.87205 Mbps
1583[UE 2 | RB 1] Throughput = 1.20054 Mbps
1683[UE 2 | RB 1] Throughput = 0.71801 Mbps
1794[UE 2 | RB 1] Throughput = 1.41341 Mbps
1903[UE 2 | RB 1] Throughput = 0.98392 Mbps
2013[UE 2 | RB 1] Throughput = 0.87063 Mbps
2113[UE 2 | RB 1] Throughput = 1.19753 Mbps
2223[UE 2 | RB 1] Throughput = 1.09269 Mbps
2323[UE 2 | RB 1] Throughput = 0.71618 Mbps
2424[UE 2 | RB 1] Throughput = 1.43339 Mbps
2524[UE 2 | RB 1] Throughput = 0.71892 Mbps
2624[UE 2 | RB 1] Throughput = 1.67719 Mbps
2734[UE 2 | RB 1] Throughput = 0.54615 Mbps
2843[UE 2 | RB 1] Throughput = 1.53026 Mbps
2943[UE 2 | RB 1] Throughput = 0.71721 Mbps
3044[UE 2 | RB 1] Throughput = 1.43646 Mbps
3153[UE 2 | RB 1] Throughput = 0.65396 Mbps
3263[UE 2 | RB 1] Throughput = 1.30783 Mbps
3364[UE 2 | RB 1] Throughput = 0.59879 Mbps
3464[UE 2 | RB 1] Throughput = 1.43792 Mbps
3564[UE 2 | RB 1] Throughput = 1.43525 Mbps
3674[UE 2 | RB 1] Throughput = 0.65451 Mbps
3783[UE 2 | RB 1] Throughput = 1.20114 Mbps
3884[UE 2 | RB 1] Throughput = 1.31478 Mbps
3993[UE 2 | RB 1] Throughput = 0.76493 Mbps
4103[UE 2 | RB 1] Throughput = 1.19722 Mbps
4214[UE 2 | RB 1] Throughput = 0.97885 Mbps
4323[UE 2 | RB 1] Throughput = 0.98178 Mbps
4423[UE 2 | RB 1] Throughput = 1.19800 Mbps
4523[UE 2 | RB 1] Throughput = 1.07798 Mbps
4624[UE 2 | RB 1] Throughput = 1.31675 Mbps
4733[UE 2 | RB 1] Throughput = 0.65479 Mbps
4843[UE 2 | RB 1] Throughput = 1.30983 Mbps
4943[UE 2 | RB 1] Throughput = 1.07586 Mbps
5053[UE 2 | RB 1] Throughput = 0.98136 Mbps
5154[UE 2 | RB 1] Throughput = 1.07605 Mbps
5254[UE 2 | RB 1] Throughput = 1.07584 Mbps
5364[UE 2 | RB 1] Throughput = 0.98187 Mbps
5473[UE 2 | RB 1] Throughput = 1.20333 Mbps
5573[UE 2 | RB 1] Throughput = 1.07599 Mbps
5683[UE 2 | RB 1] Throughput = 1.09256 Mbps
5784[UE 2 | RB 1] Throughput = 1.31205 Mbps
5884[UE 2 | RB 1] Throughput = 0.59889 Mbps
5984[UE 2 | RB 1] Throughput = 1.31529 Mbps
6093[UE 2 | RB 1] Throughput = 1.20625 Mbps
6193[UE 2 | RB 1] Throughput = 0.95760 Mbps
6294[UE 2 | RB 1] Throughput = 0.95697 Mbps
6403[UE 2 | RB 1] Throughput = 1.30904 Mbps
6504[UE 2 | RB 1] Throughput = 0.59584 Mbps
6613[UE 2 | RB 1] Throughput = 1.20428 Mbps
6714[UE 2 | RB 1] Throughput = 0.71824 Mbps
6824[UE 2 | RB 1] Throughput = 1.41454 Mbps
6933[UE 2 | RB 1] Throughput = 1.09372 Mbps
7034[UE 2 | RB 1] Throughput = 1.19205 Mbps
7144[UE 2 | RB 1] Throughput = 0.76413 Mbps
7244[UE 2 | RB 1] Throughput = 1.31473 Mbps
7353[UE 2 | RB 1] Throughput = 1.20206 Mbps
7463[UE 2 | RB 1] Throughput = 0.65451 Mbps
7573[UE 2 | RB 1] Throughput = 1.30754 Mbps
7673[UE 2 | RB 1] Throughput = 0.71822 Mbps
7783[UE 2 | RB 1] Throughput = 1.30935 Mbps
7883[UE 2 | RB 1] Throughput = 1.19541 Mbps
7984[UE 2 | RB 1] Throughput = 0.71901 Mbps
8084[UE 2 | RB 1] Throughput = 1.43394 Mbps
8194[UE 2 | RB 1] Throughput = 0.76301 Mbps
8303[UE 2 | RB 1] Throughput = 1.31400 Mbps
8403[UE 2 | RB 1] Throughput = 1.31449 Mbps
8504[UE 2 | RB 1] Throughput = 0.71864 Mbps
8604[UE 2 | RB 1] Throughput = 1.31575 Mbps
8714[UE 2 | RB 1] Throughput = 0.87225 Mbps
8824[UE 2 | RB 1] Throughput = 1.30578 Mbps
8933[UE 2 | RB 1] Throughput = 0.87451 Mbps
9044[UE 2 | RB 1] Throughput = 0.97517 Mbps
9154[UE 2 | RB 1] Throughput = 1.09261 Mbps
9254[UE 2 | RB 1] Throughput = 1.31757 Mbps
9364[UE 2 | RB 1] Throughput = 0.76242 Mbps
9473[UE 2 | RB 1] Throughput = 1.20253 Mbps
9574[UE 2 | RB 1] Throughput = 0.71657 Mbps
9683[UE 2 | RB 1] Throughput = 1.31032 Mbps
9784[UE 2 | RB 1] Throughput = 1.31262 Mbps
9894[UE 2 | RB 1] Throughput = 1.08897 Mbps
10003[UE 2 | RB 1] Throughput = 0.65662 Mbps
10104[UE 2 | RB 1] Throughput = 1.55312 Mbps
10214[UE 2 | RB 1] Throughput = 0.54333 Mbps
10324[UE 2 | RB 1] Throughput = 1.30706 Mbps
10433[UE 2 | RB 1] Throughput = 1.20558 Mbps
10534[UE 2 | RB 1] Throughput = 1.19570 Mbps
10634[UE 2 | RB 1] Throughput = 0.83565 Mbps
10744[UE 2 | RB 1] Throughput = 1.19836 Mbps
10854[UE 2 | RB 1] Throughput = 1.09413 Mbps
10954[UE 2 | RB 1] Throughput = 0.95640 Mbps
11054[UE 2 | RB 1] Throughput = 1.31537 Mbps
11164[UE 2 | RB 1] Throughput = 0.54480 Mbps
11274[UE 2 | RB 1] Throughput = 1.52582 Mbps
11374[UE 2 | RB 1] Throughput = 0.71877 Mbps
11474[UE 2 | RB 1] Throughput = 1.19779 Mbps
11584[UE 2 | RB 1] Throughput = 0.87269 Mbps
11693[UE 2 | RB 1] Throughput = 1.31218 Mbps
11794[UE 2 | RB 1] Throughput = 1.07346 Mbps
11904[UE 2 | RB 1] Throughput = 1.30685 Mbps
12013[UE 2 | RB 1] Throughput = 0.87628 Mbps
12113[UE 2 | RB 1] Throughput = 1.07817 Mbps
12223[UE 2 | RB 1] Throughput = 1.19825 Mbps
12324[UE 2 | RB 1] Throughput = 0.95618 Mbps
12434[UE 2 | RB 1] Throughput = 0.97712 Mbps
12544[UE 2 | RB 1] Throughput = 0.98595 Mbps
12654[UE 2 | RB 1] Throughput = 1.08941 Mbps
12754[UE 2 | RB 1] Throughput = 1.19415 Mbps
12864[UE 2 | RB 1] Throughput = 1.09098 Mbps
12964[UE 2 | RB 1] Throughput = 0.95717 Mbps
13074[UE 2 | RB 1] Throughput = 1.19588 Mbps
13184[UE 2 | RB 1] Throughput = 1.20116 Mbps
13284[UE 2 | RB 1] Throughput = 0.59862 Mbps
13394[UE 2 | RB 1] Throughput = 1.30733 Mbps
13494[UE 2 | RB 1] Throughput = 1.31820 Mbps
13604[UE 2 | RB 1] Throughput = 0.76344 Mbps
13714[UE 2 | RB 1] Throughput = 1.30831 Mbps
13814[UE 2 | RB 1] Throughput = 0.95554 Mbps
13914[UE 2 | RB 1] Throughput = 0.83844 Mbps
14014[UE 2 | RB 1] Throughput = 1.19781 Mbps
14124[UE 2 | RB 1] Throughput = 1.09269 Mbps
14224[UE 2 | RB 1] Throughput = 0.95766 Mbps
14324[UE 2 | RB 1] Throughput = 0.95854 Mbps
14434[UE 2 | RB 1] Throughput = 1.30911 Mbps
14534[UE 2 | RB 1] Throughput = 0.71852 Mbps
14634[UE 2 | RB 1] Throughput = 1.55489 Mbps
14744[UE 2 | RB 1] Throughput = 1.09206 Mbps
14844[UE 2 | RB 1] Throughput = 0.71690 Mbps
14954[UE 2 | RB 1] Throughput = 1.19924 Mbps
15054[UE 2 | RB 1] Throughput = 1.19721 Mbps
15164[UE 2 | RB 1] Throughput = 1.09168 Mbps
15264[UE 2 | RB 1] Throughput = 0.71791 Mbps
15374[UE 2 | RB 1] Throughput = 1.30955 Mbps
15484[UE 2 | RB 1] Throughput = 0.76417 Mbps
15584[UE 2 | RB 1] Throughput = 1.43537 Mbps
15694[UE 2 | RB 1] Throughput = 0.76281 Mbps
15794[UE 2 | RB 1] Throughput = 1.42913 Mbps
15904[UE 2 | RB 1] Throughput = 0.76698 Mbps
16004[UE 2 | RB 1] Throughput = 1.43689 Mbps
16104[UE 2 | RB 1] Throughput = 0.71840 Mbps
16204[UE 2 | RB 1] Throughput = 1.19571 Mbps
16304[UE 2 | RB 1] Throughput = 1.31741 Mbps
16414[UE 2 | RB 1] Throughput = 0.76435 Mbps
16514[UE 2 | RB 1] Throughput = 1.31583 Mbps
16624[UE 2 | RB 1] Throughput = 1.20232 Mbps
16724[UE 2 | RB 1] Throughput = 0.71830 Mbps
16834[UE 2 | RB 1] Throughput = 0.76285 Mbps
16934[UE 2 | RB 1] Throughput = 1.43567 Mbps
17034[UE 2 | RB 1] Throughput = 1.43802 Mbps
17144[UE 2 | RB 1] Throughput = 0.76194 Mbps
17254[UE 2 | RB 1] Throughput = 1.20179 Mbps
17354[UE 2 | RB 1] Throughput = 1.19741 Mbps
17454[UE 2 | RB 1] Throughput = 0.59915 Mbps
17554[UE 2 | RB 1] Throughput = 1.31678 Mbps
17654[UE 2 | RB 1] Throughput = 1.31620 Mbps
17754[UE 2 | RB 1] Throughput = 0.71881 Mbps
17864[UE 2 | RB 1] Throughput = 1.19912 Mbps
17964[UE 2 | RB 1] Throughput = 0.83690 Mbps
18074[UE 2 | RB 1] Throughput = 1.42137 Mbps
18174[UE 2 | RB 1] Throughput = 0.71761 Mbps
18284[UE 2 | RB 1] Throughput = 1.09194 Mbps
18384[UE 2 | RB 1] Throughput = 1.43431 Mbps
18485[UE 2 | RB 1] Throughput = 0.71742 Mbps
18594[UE 2 | RB 1] Throughput = 1.20094 Mbps
18704[UE 2 | RB 1] Throughput = 0.98033 Mbps
18804[UE 2 | RB 1] Throughput = 1.31748 Mbps
18915[UE 2 | RB 1] Throughput = 0.65292 Mbps
19024[UE 2 | RB 1] Throughput = 1.53050 Mbps
19124[UE 2 | RB 1] Throughput = 0.59703 Mbps
19225[UE 2 | RB 1] Throughput = 1.31804 Mbps
19334[UE 2 | RB 1] Throughput = 1.19958 Mbps
19444[UE 2 | RB 1] Throughput = 1.20280 Mbps
19544[UE 2 | RB 1] Throughput = 0.71585 Mbps
19645[UE 2 | RB 1] Throughput = 1.31546 Mbps
19754[UE 2 | RB 1] Throughput = 1.09586 Mbps
19854[UE 2 | RB 1] Throughput = 0.71630 Mbps
19964[UE 2 | RB 1] Throughput = 1.19796 Mbps
20064[UE 2 | RB 1] Throughput = 1.19765 Mbps
20174[UE 2 | RB 1] Throughput = 1.20429 Mbps
20274[UE 2 | RB 1] Throughput = 0.71653 Mbps
20375[UE 2 | RB 1] Throughput = 1.07635 Mbps
20475[UE 2 | RB 1] Throughput = 1.07832 Mbps
20584[UE 2 | RB 1] Throughput = 1.20509 Mbps
20684[UE 2 | RB 1] Throughput = 1.19661 Mbps
20794[UE 2 | RB 1] Throughput = 0.65429 Mbps
20894[UE 2 | RB 1] Throughput = 1.19773 Mbps
20995[UE 2 | RB 1] Throughput = 1.42790 Mbps
21104[UE 2 | RB 1] Throughput = 0.87430 Mbps
21205[UE 2 | RB 1] Throughput = 0.71618 Mbps
21315[UE 2 | RB 1] Throughput = 1.19880 Mbps
21424[UE 2 | RB 1] Throughput = 1.31166 Mbps
21524[UE 2 | RB 1] Throughput = 1.07748 Mbps
21634[UE 2 | RB 1] Throughput = 0.65663 Mbps
21735[UE 2 | RB 1] Throughput = 1.43027 Mbps
21844[UE 2 | RB 1] Throughput = 0.98328 Mbps
21944[UE 2 | RB 1] Throughput = 1.31642 Mbps
22045[UE 2 | RB 1] Throughput = 0.59825 Mbps
22154[UE 2 | RB 1] Throughput = 1.30796 Mbps
22255[UE 2 | RB 1] Throughput = 1.31699 Mbps
22364[UE 2 | RB 1] Throughput = 0.87297 Mbps
22474[UE 2 | RB 1] Throughput = 0.87270 Mbps
22584[UE 2 | RB 1] Throughput = 1.30649 Mbps
22684[UE 2 | RB 1] Throughput = 0.95726 Mbps
22794[UE 2 | RB 1] Throughput = 0.98131 Mbps
22894[UE 2 | RB 1] Throughput = 1.19744 Mbps
23004[UE 2 | RB 1] Throughput = 1.30948 Mbps
23105[UE 2 | RB 1] Throughput = 0.71608 Mbps
23215[UE 2 | RB 1] Throughput = 1.19808 Mbps
23315[UE 2 | RB 1] Throughput = 0.83834 Mbps
23424[UE 2 | RB 1] Throughput = 1.20444 Mbps
23524[UE 2 | RB 1] Throughput = 1.31646 Mbps
23624[UE 2 | RB 1] Throughput = 0.71839 Mbps
23725[UE 2 | RB 1] Throughput = 1.31725 Mbps
23835[UE 2 | RB 1] Throughput = 0.76251 Mbps
23935[UE 2 | RB 1] Throughput = 1.43492 Mbps
24045[UE 2 | RB 1] Throughput = 0.76401 Mbps
24154[UE 2 | RB 1] Throughput = 1.20196 Mbps
24254[UE 2 | RB 1] Throughput = 1.31587 Mbps
24364[UE 2 | RB 1] Throughput = 0.54548 Mbps
24464[UE 2 | RB 1] Throughput = 1.31788 Mbps
24565[UE 2 | RB 1] Throughput = 1.19473 Mbps
24675[UE 2 | RB 1] Throughput = 1.19928 Mbps
24785[UE 2 | RB 1] Throughput = 0.76090 Mbps
24895[UE 2 | RB 1] Throughput = 1.31042 Mbps
24995[UE 2 | RB 1] Throughput = 0.59739 Mbps
25095[UE 2 | RB 1] Throughput = 1.43758 Mbps
25205[UE 2 | RB 1] Throughput = 1.19902 Mbps
25314[UE 2 | RB 1] Throughput = 0.87518 Mbps
25415[UE 2 | RB 1] Throughput = 1.31595 Mbps
25524[UE 2 | RB 1] Throughput = 1.09024 Mbps
25625[UE 2 | RB 1] Throughput = 0.71812 Mbps
25734[UE 2 | RB 1] Throughput = 1.20125 Mbps
25835[UE 2 | RB 1] Throughput = 0.95259 Mbps
25945[UE 2 | RB 1] Throughput = 1.20305 Mbps
26045[UE 2 | RB 1] Throughput = 1.07379 Mbps
26155[UE 2 | RB 1] Throughput = 0.76574 Mbps
26255[UE 2 | RB 1] Throughput = 1.67456 Mbps
26365[UE 2 | RB 1] Throughput = 0.65352 Mbps
26465[UE 2 | RB 1] Throughput = 1.31301 Mbps
26574[UE 2 | RB 1] Throughput = 0.76719 Mbps
26675[UE 2 | RB 1] Throughput = 1.19589 Mbps
26775[UE 2 | RB 1] Throughput = 1.31741 Mbps
26885[UE 2 | RB 1] Throughput = 0.76050 Mbps
26994[UE 2 | RB 1] Throughput = 1.20798 Mbps
27095[UE 2 | RB 1] Throughput = 1.19218 Mbps
27195[UE 2 | RB 1] Throughput = 0.83824 Mbps
27305[UE 2 | RB 1] Throughput = 1.19776 Mbps
27405[UE 2 | RB 1] Throughput = 1.31790 Mbps
27505[UE 2 | RB 1] Throughput = 0.71851 Mbps
27615[UE 2 | RB 1] Throughput = 1.30798 Mbps
27725[UE 2 | RB 1] Throughput = 1.09146 Mbps
27825[UE 2 | RB 1] Throughput = 0.71715 Mbps
27925[UE 2 | RB 1] Throughput = 1.43738 Mbps
28035[UE 2 | RB 1] Throughput = 1.08787 Mbps
28144[UE 2 | RB 1] Throughput = 0.87788 Mbps
28245[UE 2 | RB 1] Throughput = 1.07016 Mbps
28355[UE 2 | RB 1] Throughput = 0.98103 Mbps
28465[UE 2 | RB 1] Throughput = 1.20143 Mbps
28565[UE 2 | RB 1] Throughput = 0.83588 Mbps
28675[UE 2 | RB 1] Throughput = 1.42143 Mbps
28775[UE 2 | RB 1] Throughput = 0.71631 Mbps
28885[UE 2 | RB 1] Throughput = 1.30367 Mbps
28994[UE 2 | RB 1] Throughput = 0.65996 Mbps
29095[UE 2 | RB 1] Throughput = 1.07152 Mbps
29205[UE 2 | RB 1] Throughput = 0.87250 Mbps
29315[UE 2 | RB 1] Throughput = 1.63776 Mbps
29415[UE 2 | RB 1] Throughput = 0.59858 Mbps
29515[UE 2 | RB 1] Throughput = 1.43588 Mbps
29615[UE 2 | RB 1] Throughput = 1.07615 Mbps
29725[UE 2 | RB 1] Throughput = 0.65643 Mbps
29834[UE 2 | RB 1] Throughput = 1.53030 Mbps
29935[UE 2 | RB 1] Throughput = 0.95305 Mbps
30045[UE 2 | RB 1] Throughput = 1.30875 Mbps
30145[UE 2 | RB 1] Throughput = 0.71846 Mbps
30245[UE 2 | RB 1] Throughput = 0.83800 Mbps
30345[UE 2 | RB 1] Throughput = 1.55629 Mbps
30445[UE 2 | RB 1] Throughput = 0.71867 Mbps
30555[UE 2 | RB 1] Throughput = 1.19995 Mbps
30665[UE 2 | RB 1] Throughput = 1.30714 Mbps
30775[UE 2 | RB 1] Throughput = 0.65593 Mbps
30875[UE 2 | RB 1] Throughput = 1.43369 Mbps
30985[UE 2 | RB 1] Throughput = 0.98214 Mbps
31085[UE 2 | RB 1] Throughput = 1.19754 Mbps
31195[UE 2 | RB 1] Throughput = 0.76397 Mbps
31295[UE 2 | RB 1] Throughput = 1.19309 Mbps
31405[UE 2 | RB 1] Throughput = 1.30926 Mbps
31505[UE 2 | RB 1] Throughput = 0.71826 Mbps
31615[UE 2 | RB 1] Throughput = 1.30927 Mbps
31725[UE 2 | RB 1] Throughput = 0.87251 Mbps
31835[UE 2 | RB 1] Throughput = 1.19951 Mbps
31935[UE 2 | RB 1] Throughput = 1.19723 Mbps
32035[UE 2 | RB 1] Throughput = 0.95528 Mbps
32135[UE 2 | RB 1] Throughput = 0.71882 Mbps
32245[UE 2 | RB 1] Throughput = 1.41674 Mbps
32355[UE 2 | RB 1] Throughput = 1.09117 Mbps
32455[UE 2 | RB 1] Throughput = 0.95845 Mbps
32565[UE 2 | RB 1] Throughput = 1.20183 Mbps
32675[UE 2 | RB 1] Throughput = 0.97977 Mbps
32775[UE 2 | RB 1] Throughput = 0.95625 Mbps
32885[UE 2 | RB 1] Throughput = 1.19975 Mbps
32985[UE 2 | RB 1] Throughput = 0.59838 Mbps
33095[UE 2 | RB 1] Throughput = 1.41873 Mbps
33195[UE 2 | RB 1] Throughput = 0.95604 Mbps
33305[UE 2 | RB 1] Throughput = 1.30720 Mbps
33415[UE 2 | RB 1] Throughput = 0.76670 Mbps
33515[UE 2 | RB 1] Throughput = 1.43078 Mbps
33625[UE 2 | RB 1] Throughput = 0.65322 Mbps
33735[UE 2 | RB 1] Throughput = 1.20094 Mbps
33835[UE 2 | RB 1] Throughput = 1.43614 Mbps
33945[UE 2 | RB 1] Throughput = 0.87181 Mbps
34055[UE 2 | RB 1] Throughput = 1.30651 Mbps
34165[UE 2 | RB 1] Throughput = 0.65263 Mbps
34275[UE 2 | RB 1] Throughput = 1.41675 Mbps
34385[UE 2 | RB 1] Throughput = 0.87271 Mbps
34485[UE 2 | RB 1] Throughput = 1.19730 Mbps
34595[UE 2 | RB 1] Throughput = 0.98241 Mbps
34695[UE 2 | RB 1] Throughput = 1.19447 Mbps
34805[UE 2 | RB 1] Throughput = 0.98212 Mbps
34915[UE 2 | RB 1] Throughput = 1.09170 Mbps
35015[UE 2 | RB 1] Throughput = 1.31591 Mbps
35115[UE 2 | RB 1] Throughput = 0.71705 Mbps
35225[UE 2 | RB 1] Throughput = 1.08894 Mbps
35335[UE 2 | RB 1] Throughput = 1.30668 Mbps
35445[UE 2 | RB 1] Throughput = 0.65556 Mbps
35545[UE 2 | RB 1] Throughput = 1.43745 Mbps
35645[UE 2 | RB 1] Throughput = 1.19812 Mbps
35755[UE 2 | RB 1] Throughput = 0.98089 Mbps
35855[UE 2 | RB 1] Throughput = 1.19832 Mbps
35965[UE 2 | RB 1] Throughput = 0.87135 Mbps
36066[UE 2 | RB 1] Throughput = 0.94990 Mbps
36175[UE 2 | RB 1] Throughput = 1.20623 Mbps
36285[UE 2 | RB 1] Throughput = 0.87322 Mbps
36395[UE 2 | RB 1] Throughput = 1.20164 Mbps
36495[UE 2 | RB 1] Throughput = 1.19561 Mbps
36605[UE 2 | RB 1] Throughput = 0.98164 Mbps
36705[UE 2 | RB 1] Throughput = 1.19832 Mbps
36805[UE 2 | RB 1] Throughput = 0.71880 Mbps
36915[UE 2 | RB 1] Throughput = 1.09254 Mbps
37015[UE 2 | RB 1] Throughput = 0.71751 Mbps
37115[UE 2 | RB 1] Throughput = 1.43331 Mbps
37225[UE 2 | RB 1] Throughput = 1.19957 Mbps
37335[UE 2 | RB 1] Throughput = 1.08954 Mbps
37435[UE 2 | RB 1] Throughput = 1.19647 Mbps
37545[UE 2 | RB 1] Throughput = 0.87339 Mbps
37645[UE 2 | RB 1] Throughput = 1.19748 Mbps
37745[UE 2 | RB 1] Throughput = 1.19840 Mbps
37845[UE 2 | RB 1] Throughput = 0.95764 Mbps
37955[UE 2 | RB 1] Throughput = 0.87161 Mbps
38055[UE 2 | RB 1] Throughput = 1.19783 Mbps
38165[UE 2 | RB 1] Throughput = 1.20110 Mbps
38265[UE 2 | RB 1] Throughput = 0.71743 Mbps
38375[UE 2 | RB 1] Throughput = 1.30820 Mbps
38485[UE 2 | RB 1] Throughput = 1.09169 Mbps
38585[UE 2 | RB 1] Throughput = 0.83742 Mbps
38685[UE 2 | RB 1] Throughput = 1.07788 Mbps
38785[UE 2 | RB 1] Throughput = 1.07845 Mbps
38885[UE 2 | RB 1] Throughput = 1.31783 Mbps
38985[UE 2 | RB 1] Throughput = 0.71849 Mbps
39095[UE 2 | RB 1] Throughput = 1.09191 Mbps
39205[UE 2 | RB 1] Throughput = 1.30573 Mbps
39315[UE 2 | RB 1] Throughput = 1.09038 Mbps
39425[UE 2 | RB 1] Throughput = 0.76317 Mbps
39525[UE 2 | RB 1] Throughput = 1.31542 Mbps
39636[UE 2 | RB 1] Throughput = 0.86962 Mbps
39745[UE 2 | RB 1] Throughput = 1.20074 Mbps
39846[UE 2 | RB 1] Throughput = 1.07339 Mbps
39955[UE 2 | RB 1] Throughput = 0.87626 Mbps
40055[UE 2 | RB 1] Throughput = 1.19721 Mbps
40156[UE 2 | RB 1] Throughput = 1.31193 Mbps
40265[UE 2 | RB 1] Throughput = 0.54728 Mbps
40365[UE 2 | RB 1] Throughput = 1.43804 Mbps
40475[UE 2 | RB 1] Throughput = 1.30660 Mbps
40575[UE 2 | RB 1] Throughput = 0.95843 Mbps
40685[UE 2 | RB 1] Throughput = 0.98127 Mbps
40785[UE 2 | RB 1] Throughput = 1.19724 Mbps
40886[UE 2 | RB 1] Throughput = 1.19708 Mbps
40995[UE 2 | RB 1] Throughput = 0.76346 Mbps
41105[UE 2 | RB 1] Throughput = 1.30836 Mbps
41205[UE 2 | RB 1] Throughput = 0.71829 Mbps
41316[UE 2 | RB 1] Throughput = 1.41500 Mbps
41425[UE 2 | RB 1] Throughput = 1.09325 Mbps
41525[UE 2 | RB 1] Throughput = 0.83694 Mbps
41626[UE 2 | RB 1] Throughput = 1.31638 Mbps
41736[UE 2 | RB 1] Throughput = 0.87047 Mbps
41845[UE 2 | RB 1] Throughput = 0.98593 Mbps
41945[UE 2 | RB 1] Throughput = 0.71605 Mbps
42056[UE 2 | RB 1] Throughput = 1.63288 Mbps
42165[UE 2 | RB 1] Throughput = 1.09127 Mbps
42265[UE 2 | RB 1] Throughput = 0.71881 Mbps
42366[UE 2 | RB 1] Throughput = 1.31410 Mbps
42475[UE 2 | RB 1] Throughput = 0.98314 Mbps
42585[UE 2 | RB 1] Throughput = 0.87202 Mbps
42685[UE 2 | RB 1] Throughput = 1.31699 Mbps
42786[UE 2 | RB 1] Throughput = 1.19616 Mbps
42886[UE 2 | RB 1] Throughput = 1.07716 Mbps
42996[UE 2 | RB 1] Throughput = 0.76358 Mbps
43106[UE 2 | RB 1] Throughput = 0.98166 Mbps
43215[UE 2 | RB 1] Throughput = 1.30966 Mbps
43316[UE 2 | RB 1] Throughput = 0.83680 Mbps
43416[UE 2 | RB 1] Throughput = 1.31612 Mbps
43525[UE 2 | RB 1] Throughput = 1.09331 Mbps
43625[UE 2 | RB 1] Throughput = 1.07747 Mbps
43726[UE 2 | RB 1] Throughput = 0.71718 Mbps
43826[UE 2 | RB 1] Throughput = 1.43746 Mbps
43935[UE 2 | RB 1] Throughput = 0.87420 Mbps
44035[UE 2 | RB 1] Throughput = 1.43738 Mbps
44136[UE 2 | RB 1] Throughput = 0.71763 Mbps
44245[UE 2 | RB 1] Throughput = 1.09166 Mbps
44346[UE 2 | RB 1] Throughput = 1.19399 Mbps
44455[UE 2 | RB 1] Throughput = 1.20250 Mbps
44555[UE 2 | RB 1] Throughput = 0.71863 Mbps
44665[UE 2 | RB 1] Throughput = 1.30711 Mbps
44766[UE 2 | RB 1] Throughput = 0.95673 Mbps
44876[UE 2 | RB 1] Throughput = 1.19886 Mbps
44976[UE 2 | RB 1] Throughput = 1.07795 Mbps
45086[UE 2 | RB 1] Throughput = 1.08921 Mbps
45196[UE 2 | RB 1] Throughput = 0.97970 Mbps
45306[UE 2 | RB 1] Throughput = 1.08847 Mbps
45416[UE 2 | RB 1] Throughput = 0.98341 Mbps
45516[UE 2 | RB 1] Throughput = 1.19515 Mbps
45626[UE 2 | RB 1] Throughput = 0.98383 Mbps
45726[UE 2 | RB 1] Throughput = 1.07820 Mbps
45826[UE 2 | RB 1] Throughput = 1.07214 Mbps
45936[UE 2 | RB 1] Throughput = 1.09379 Mbps
46036[UE 2 | RB 1] Throughput = 1.19659 Mbps
46146[UE 2 | RB 1] Throughput = 0.76001 Mbps
46255[UE 2 | RB 1] Throughput = 1.20792 Mbps
46355[UE 2 | RB 1] Throughput = 1.19765 Mbps
46456[UE 2 | RB 1] Throughput = 1.07477 Mbps
46565[UE 2 | RB 1] Throughput = 1.20182 Mbps
46666[UE 2 | RB 1] Throughput = 0.71543 Mbps
46776[UE 2 | RB 1] Throughput = 1.30936 Mbps
46886[UE 2 | RB 1] Throughput = 0.65412 Mbps
46986[UE 2 | RB 1] Throughput = 1.31725 Mbps
47086[UE 2 | RB 1] Throughput = 1.07761 Mbps
47196[UE 2 | RB 1] Throughput = 1.09176 Mbps
47296[UE 2 | RB 1] Throughput = 1.19799 Mbps
47396[UE 2 | RB 1] Throughput = 0.71605 Mbps
47506[UE 2 | RB 1] Throughput = 1.30762 Mbps
47616[UE 2 | RB 1] Throughput = 0.65576 Mbps
47716[UE 2 | RB 1] Throughput = 1.43428 Mbps
47826[UE 2 | RB 1] Throughput = 1.20080 Mbps
47926[UE 2 | RB 1] Throughput = 0.59778 Mbps
48026[UE 2 | RB 1] Throughput = 1.43746 Mbps
48126[UE 2 | RB 1] Throughput = 1.07711 Mbps
48236[UE 2 | RB 1] Throughput = 0.76468 Mbps
48346[UE 2 | RB 1] Throughput = 1.20186 Mbps
48446[UE 2 | RB 1] Throughput = 1.31099 Mbps
48556[UE 2 | RB 1] Throughput = 0.65446 Mbps
48666[UE 2 | RB 1] Throughput = 1.20092 Mbps
48766[UE 2 | RB 1] Throughput = 1.31645 Mbps
48866[UE 2 | RB 1] Throughput = 1.19701 Mbps
48966[UE 2 | RB 1] Throughput = 0.95510 Mbps
49076[UE 2 | RB 1] Throughput = 0.98681 Mbps
49176[UE 2 | RB 1] Throughput = 1.07532 Mbps
49276[UE 2 | RB 1] Throughput = 0.95823 Mbps
49385[UE 2 | RB 1] Throughput = 0.76654 Mbps
49486[UE 2 | RB 1] Throughput = 1.54826 Mbps
49586[UE 2 | RB 1] Throughput = 0.71677 Mbps
49696[UE 2 | RB 1] Throughput = 1.31201 Mbps
49796[UE 2 | RB 1] Throughput = 1.31750 Mbps
49906[UE 2 | RB 1] Throughput = 0.87017 Mbps
50016[UE 2 | RB 1] Throughput = 1.30927 Mbps
50116[UE 2 | RB 1] Throughput = 0.83690 Mbps
50226[UE 2 | RB 1] Throughput = 0.98073 Mbps
50336[UE 2 | RB 1] Throughput = 1.31549 Mbps
50436[UE 2 | RB 1] Throughput = 0.95833 Mbps
50536[UE 2 | RB 1] Throughput = 0.83487 Mbps
50636[UE 2 | RB 1] Throughput = 1.43801 Mbps
50736[UE 2 | RB 1] Throughput = 0.71839 Mbps
50846[UE 2 | RB 1] Throughput = 1.20160 Mbps
50956[UE 2 | RB 1] Throughput = 1.19736 Mbps
51066[UE 2 | RB 1] Throughput = 0.65683 Mbps
51166[UE 2 | RB 1] Throughput = 1.66762 Mbps
51266[UE 2 | RB 1] Throughput = 0.71819 Mbps
51376[UE 2 | RB 1] Throughput = 0.65404 Mbps
51486[UE 2 | RB 1] Throughput = 1.52603 Mbps
51586[UE 2 | RB 1] Throughput = 1.31761 Mbps
51696[UE 2 | RB 1] Throughput = 0.76389 Mbps
51796[UE 2 | RB 1] Throughput = 1.31478 Mbps
51900[UE 2 | RB 1] Throughput = 0.92847 Mbps
52006[UE 2 | RB 1] Throughput = 1.01314 Mbps
52106[UE 2 | RB 1] Throughput = 1.31305 Mbps
52206[UE 2 | RB 1] Throughput = 0.83871 Mbps
52316[UE 2 | RB 1] Throughput = 1.31324 Mbps
52416[UE 2 | RB 1] Throughput = 0.71741 Mbps
52526[UE 2 | RB 1] Throughput = 1.30458 Mbps
52636[UE 2 | RB 1] Throughput = 0.65488 Mbps
52736[UE 2 | RB 1] Throughput = 1.55667 Mbps
52846[UE 2 | RB 1] Throughput = 0.76311 Mbps
52956[UE 2 | RB 1] Throughput = 1.30540 Mbps
53066[UE 2 | RB 1] Throughput = 1.19972 Mbps
53176[UE 2 | RB 1] Throughput = 0.65288 Mbps
53286[UE 2 | RB 1] Throughput = 1.41547 Mbps
53396[UE 2 | RB 1] Throughput = 0.76468 Mbps
53496[UE 2 | RB 1] Throughput = 1.19699 Mbps
53606[UE 2 | RB 1] Throughput = 1.19946 Mbps
53707[UE 2 | RB 1] Throughput = 1.06905 Mbps
53816[UE 2 | RB 1] Throughput = 0.87674 Mbps
53926[UE 2 | RB 1] Throughput = 1.08983 Mbps
54036[UE 2 | RB 1] Throughput = 1.19887 Mbps
54136[UE 2 | RB 1] Throughput = 1.07745 Mbps
54246[UE 2 | RB 1] Throughput = 0.87218 Mbps
54356[UE 2 | RB 1] Throughput = 0.98276 Mbps
54456[UE 2 | RB 1] Throughput = 1.55394 Mbps
54566[UE 2 | RB 1] Throughput = 0.65310 Mbps
54667[UE 2 | RB 1] Throughput = 1.43522 Mbps
54767[UE 2 | RB 1] Throughput = 0.95643 Mbps
54877[UE 2 | RB 1] Throughput = 0.65535 Mbps
54987[UE 2 | RB 1] Throughput = 1.30729 Mbps
55096[UE 2 | RB 1] Throughput = 0.76436 Mbps
55196[UE 2 | RB 1] Throughput = 1.07715 Mbps
55306[UE 2 | RB 1] Throughput = 1.41824 Mbps
55406[UE 2 | RB 1] Throughput = 1.43726 Mbps
55507[UE 2 | RB 1] Throughput = 0.83731 Mbps
55616[UE 2 | RB 1] Throughput = 0.87472 Mbps
55716[UE 2 | RB 1] Throughput = 1.43334 Mbps
55826[UE 2 | RB 1] Throughput = 1.09432 Mbps
55926[UE 2 | RB 1] Throughput = 0.95457 Mbps
56027[UE 2 | RB 1] Throughput = 0.71661 Mbps
56136[UE 2 | RB 1] Throughput = 1.42507 Mbps
56237[UE 2 | RB 1] Throughput = 0.71574 Mbps
56346[UE 2 | RB 1] Throughput = 1.31043 Mbps
56446[UE 2 | RB 1] Throughput = 1.19653 Mbps
56556[UE 2 | RB 1] Throughput = 0.87296 Mbps
56657[UE 2 | RB 1] Throughput = 1.19554 Mbps
56766[UE 2 | RB 1] Throughput = 0.76517 Mbps
56866[UE 2 | RB 1] Throughput = 1.43355 Mbps
56976[UE 2 | RB 1] Throughput = 0.65428 Mbps
57087[UE 2 | RB 1] Throughput = 1.30555 Mbps
57196[UE 2 | RB 1] Throughput = 1.09306 Mbps
57296[UE 2 | RB 1] Throughput = 1.31737 Mbps
57396[UE 2 | RB 1] Throughput = 0.59846 Mbps
57507[UE 2 | RB 1] Throughput = 1.08633 Mbps
57616[UE 2 | RB 1] Throughput = 1.31194 Mbps
57726[UE 2 | RB 1] Throughput = 1.08789 Mbps
57826[UE 2 | RB 1] Throughput = 1.19774 Mbps
57936[UE 2 | RB 1] Throughput = 1.09351 Mbps
58036[UE 2 | RB 1] Throughput = 0.71894 Mbps
58136[UE 2 | RB 1] Throughput = 1.43659 Mbps
58236[UE 2 | RB 1] Throughput = 0.83766 Mbps
58336[UE 2 | RB 1] Throughput = 1.07710 Mbps
58447[UE 2 | RB 1] Throughput = 0.97843 Mbps
58556[UE 2 | RB 1] Throughput = 1.20471 Mbps
58656[UE 2 | RB 1] Throughput = 1.19747 Mbps
58767[UE 2 | RB 1] Throughput = 1.08631 Mbps
58876[UE 2 | RB 1] Throughput = 0.76424 Mbps
58987[UE 2 | RB 1] Throughput = 1.19332 Mbps
59096[UE 2 | RB 1] Throughput = 1.20518 Mbps
59196[UE 2 | RB 1] Throughput = 0.95649 Mbps
59307[UE 2 | RB 1] Throughput = 1.08536 Mbps
59416[UE 2 | RB 1] Throughput = 0.87471 Mbps
59526[UE 2 | RB 1] Throughput = 1.19921 Mbps
59626[UE 2 | RB 1] Throughput = 1.19824 Mbps
59727[UE 2 | RB 1] Throughput = 1.07573 Mbps
59827[UE 2 | RB 1] Throughput = 0.71852 Mbps
59937[UE 2 | RB 1] Throughput = 1.30874 Mbps
60046[UE 2 | RB 1] Throughput = 1.20025 Mbps
60147[UE 2 | RB 1] Throughput = 0.71754 Mbps
60247[UE 2 | RB 1] Throughput = 1.43384 Mbps
60356[UE 2 | RB 1] Throughput = 0.65690 Mbps
60457[UE 2 | RB 1] Throughput = 1.07393 Mbps
60557[UE 2 | RB 1] Throughput = 1.31766 Mbps
60667[UE 2 | RB 1] Throughput = 0.98320 Mbps
60767[UE 2 | RB 1] Throughput = 1.07561 Mbps
60876[UE 2 | RB 1] Throughput = 1.09418 Mbps
60977[UE 2 | RB 1] Throughput = 1.43368 Mbps
61086[UE 2 | RB 1] Throughput = 0.98381 Mbps
61196[UE 2 | RB 1] Throughput = 1.08996 Mbps
61296[UE 2 | RB 1] Throughput = 0.59753 Mbps
61397[UE 2 | RB 1] Throughput = 1.19809 Mbps
61497[UE 2 | RB 1] Throughput = 1.19646 Mbps
61606[UE 2 | RB 1] Throughput = 0.98433 Mbps
61707[UE 2 | RB 1] Throughput = 1.07568 Mbps
61817[UE 2 | RB 1] Throughput = 1.30452 Mbps
61926[UE 2 | RB 1] Throughput = 1.09330 Mbps
62027[UE 2 | RB 1] Throughput = 1.07559 Mbps
62138[UE 2 | RB 1] Throughput = 0.86066 Mbps
62246[UE 2 | RB 1] Throughput = 1.21664 Mbps
62346[UE 2 | RB 1] Throughput = 1.07774 Mbps
62447[UE 2 | RB 1] Throughput = 0.59662 Mbps
62547[UE 2 | RB 1] Throughput = 1.43614 Mbps
62657[UE 2 | RB 1] Throughput = 1.20144 Mbps
62757[UE 2 | RB 1] Throughput = 0.71826 Mbps
62867[UE 2 | RB 1] Throughput = 1.19799 Mbps
62967[UE 2 | RB 1] Throughput = 1.07833 Mbps
63077[UE 2 | RB 1] Throughput = 1.19918 Mbps
63177[UE 2 | RB 1] Throughput = 0.95844 Mbps
63286[UE 2 | RB 1] Throughput = 0.87497 Mbps
63387[UE 2 | RB 1] Throughput = 1.31544 Mbps
63496[UE 2 | RB 1] Throughput = 1.09219 Mbps
63607[UE 2 | RB 1] Throughput = 0.76152 Mbps
63707[UE 2 | RB 1] Throughput = 1.19380 Mbps
63807[UE 2 | RB 1] Throughput = 1.43584 Mbps
63916[UE 2 | RB 1] Throughput = 1.09660 Mbps
64026[UE 2 | RB 1] Throughput = 1.08861 Mbps
64136[UE 2 | RB 1] Throughput = 0.87262 Mbps
64247[UE 2 | RB 1] Throughput = 1.19511 Mbps
64356[UE 2 | RB 1] Throughput = 1.09215 Mbps
64457[UE 2 | RB 1] Throughput = 0.59705 Mbps
64567[UE 2 | RB 1] Throughput = 1.20036 Mbps
64667[UE 2 | RB 1] Throughput = 1.19347 Mbps
64776[UE 2 | RB 1] Throughput = 1.09566 Mbps
64877[UE 2 | RB 1] Throughput = 0.71715 Mbps
64986[UE 2 | RB 1] Throughput = 1.30868 Mbps
65087[UE 2 | RB 1] Throughput = 1.19418 Mbps
65187[UE 2 | RB 1] Throughput = 0.83704 Mbps
65287[UE 2 | RB 1] Throughput = 1.19653 Mbps
65397[UE 2 | RB 1] Throughput = 1.20231 Mbps
65497[UE 2 | RB 1] Throughput = 0.95729 Mbps
65607[UE 2 | RB 1] Throughput = 1.08929 Mbps
65717[UE 2 | RB 1] Throughput = 1.20157 Mbps
65817[UE 2 | RB 1] Throughput = 0.71755 Mbps
65926[UE 2 | RB 1] Throughput = 1.20344 Mbps
66027[UE 2 | RB 1] Throughput = 1.19192 Mbps
66127[UE 2 | RB 1] Throughput = 0.83835 Mbps
66227[UE 2 | RB 1] Throughput = 1.43740 Mbps
66337[UE 2 | RB 1] Throughput = 0.76653 Mbps
66447[UE 2 | RB 1] Throughput = 1.19245 Mbps
66557[UE 2 | RB 1] Throughput = 1.09414 Mbps
66657[UE 2 | RB 1] Throughput = 0.71708 Mbps
66767[UE 2 | RB 1] Throughput = 1.20195 Mbps
66867[UE 2 | RB 1] Throughput = 0.83513 Mbps
66977[UE 2 | RB 1] Throughput = 1.20364 Mbps
67077[UE 2 | RB 1] Throughput = 0.83856 Mbps
67177[UE 2 | RB 1] Throughput = 1.55241 Mbps
67287[UE 2 | RB 1] Throughput = 1.08957 Mbps
67397[UE 2 | RB 1] Throughput = 0.98344 Mbps
67497[UE 2 | RB 1] Throughput = 1.19518 Mbps
67597[UE 2 | RB 1] Throughput = 0.59887 Mbps
67707[UE 2 | RB 1] Throughput = 1.19916 Mbps
67807[UE 2 | RB 1] Throughput = 1.43620 Mbps
67917[UE 2 | RB 1] Throughput = 0.76324 Mbps
68027[UE 2 | RB 1] Throughput = 1.19211 Mbps
68137[UE 2 | RB 1] Throughput = 1.20779 Mbps
68237[UE 2 | RB 1] Throughput = 0.95617 Mbps
68347[UE 2 | RB 1] Throughput = 1.19758 Mbps
68447[UE 2 | RB 1] Throughput = 0.95805 Mbps
68547[UE 2 | RB 1] Throughput = 1.19634 Mbps
68658[UE 2 | RB 1] Throughput = 0.65191 Mbps
68766[UE 2 | RB 1] Throughput = 1.32124 Mbps
68877[UE 2 | RB 1] Throughput = 0.65172 Mbps
68977[UE 2 | RB 1] Throughput = 1.55252 Mbps
69087[UE 2 | RB 1] Throughput = 0.87341 Mbps
69187[UE 2 | RB 1] Throughput = 1.43651 Mbps
69287[UE 2 | RB 1] Throughput = 0.71806 Mbps
69387[UE 2 | RB 1] Throughput = 1.43646 Mbps
69497[UE 2 | RB 1] Throughput = 0.98242 Mbps
69597[UE 2 | RB 1] Throughput = 0.71753 Mbps
69707[UE 2 | RB 1] Throughput = 1.31320 Mbps
69807[UE 2 | RB 1] Throughput = 1.19798 Mbps
69907[UE 2 | RB 1] Throughput = 0.71890 Mbps
70007[UE 2 | RB 1] Throughput = 1.43468 Mbps
70117[UE 2 | RB 1] Throughput = 0.65564 Mbps
70217[UE 2 | RB 1] Throughput = 1.43660 Mbps
70317[UE 2 | RB 1] Throughput = 0.71528 Mbps
70427[UE 2 | RB 1] Throughput = 1.30784 Mbps
70537[UE 2 | RB 1] Throughput = 1.30975 Mbps
70637[UE 2 | RB 1] Throughput = 0.59760 Mbps
70747[UE 2 | RB 1] Throughput = 1.09082 Mbps
70857[UE 2 | RB 1] Throughput = 1.09037 Mbps
70957[UE 2 | RB 1] Throughput = 1.43545 Mbps
71057[UE 2 | RB 1] Throughput = 0.59897 Mbps
71167[UE 2 | RB 1] Throughput = 1.20315 Mbps
71267[UE 2 | RB 1] Throughput = 1.43499 Mbps
71377[UE 2 | RB 1] Throughput = 0.54419 Mbps
71487[UE 2 | RB 1] Throughput = 1.30793 Mbps
71587[UE 2 | RB 1] Throughput = 1.19730 Mbps
71697[UE 2 | RB 1] Throughput = 0.98632 Mbps
71797[UE 2 | RB 1] Throughput = 1.07262 Mbps
71907[UE 2 | RB 1] Throughput = 1.09214 Mbps
72007[UE 2 | RB 1] Throughput = 0.83690 Mbps
72108[UE 2 | RB 1] Throughput = 1.42989 Mbps
72217[UE 2 | RB 1] Throughput = 0.76919 Mbps
72317[UE 2 | RB 1] Throughput = 0.83767 Mbps
72427[UE 2 | RB 1] Throughput = 1.30471 Mbps
72537[UE 2 | RB 1] Throughput = 1.20152 Mbps
72637[UE 2 | RB 1] Throughput = 0.95699 Mbps
72737[UE 2 | RB 1] Throughput = 1.31621 Mbps
72837[UE 2 | RB 1] Throughput = 0.95735 Mbps
72948[UE 2 | RB 1] Throughput = 0.76013 Mbps
73057[UE 2 | RB 1] Throughput = 1.20063 Mbps
73167[UE 2 | RB 1] Throughput = 1.20204 Mbps
73267[UE 2 | RB 1] Throughput = 1.07591 Mbps
73377[UE 2 | RB 1] Throughput = 1.19762 Mbps
73487[UE 2 | RB 1] Throughput = 0.98242 Mbps
73597[UE 2 | RB 1] Throughput = 1.09160 Mbps
73697[UE 2 | RB 1] Throughput = 1.19615 Mbps
73797[UE 2 | RB 1] Throughput = 0.59780 Mbps
73907[UE 2 | RB 1] Throughput = 1.30842 Mbps
74017[UE 2 | RB 1] Throughput = 0.87174 Mbps
74127[UE 2 | RB 1] Throughput = 1.41895 Mbps
74227[UE 2 | RB 1] Throughput = 0.95614 Mbps
74337[UE 2 | RB 1] Throughput = 1.09131 Mbps
74447[UE 2 | RB 1] Throughput = 0.86940 Mbps
74548[UE 2 | RB 1] Throughput = 1.19367 Mbps
74657[UE 2 | RB 1] Throughput = 1.20526 Mbps
74757[UE 2 | RB 1] Throughput = 0.95773 Mbps
74867[UE 2 | RB 1] Throughput = 1.30745 Mbps
74977[UE 2 | RB 1] Throughput = 0.54505 Mbps
75087[UE 2 | RB 1] Throughput = 1.52722 Mbps
75187[UE 2 | RB 1] Throughput = 0.71628 Mbps
75297[UE 2 | RB 1] Throughput = 1.20055 Mbps
75397[UE 2 | RB 1] Throughput = 0.83844 Mbps
75507[UE 2 | RB 1] Throughput = 1.08958 Mbps
75607[UE 2 | RB 1] Throughput = 1.19730 Mbps
75717[UE 2 | RB 1] Throughput = 1.31266 Mbps
75817[UE 2 | RB 1] Throughput = 0.71683 Mbps
75917[UE 2 | RB 1] Throughput = 1.43584 Mbps
76027[UE 2 | RB 1] Throughput = 0.76325 Mbps
76137[UE 2 | RB 1] Throughput = 1.20031 Mbps
76247[UE 2 | RB 1] Throughput = 1.30827 Mbps
76347[UE 2 | RB 1] Throughput = 0.59855 Mbps
76448[UE 2 | RB 1] Throughput = 1.31389 Mbps
76548[UE 2 | RB 1] Throughput = 0.83550 Mbps
76657[UE 2 | RB 1] Throughput = 1.20685 Mbps
76757[UE 2 | RB 1] Throughput = 0.71877 Mbps
76857[UE 2 | RB 1] Throughput = 1.55685 Mbps
76957[UE 2 | RB 1] Throughput = 1.19633 Mbps
77067[UE 2 | RB 1] Throughput = 0.65394 Mbps
77168[UE 2 | RB 1] Throughput = 1.43148 Mbps
77278[UE 2 | RB 1] Throughput = 0.76336 Mbps
77388[UE 2 | RB 1] Throughput = 1.09032 Mbps
77488[UE 2 | RB 1] Throughput = 1.31773 Mbps
77597[UE 2 | RB 1] Throughput = 0.65597 Mbps
77708[UE 2 | RB 1] Throughput = 1.51978 Mbps
77808[UE 2 | RB 1] Throughput = 1.07773 Mbps
77908[UE 2 | RB 1] Throughput = 1.07263 Mbps
78017[UE 2 | RB 1] Throughput = 0.98916 Mbps
78128[UE 2 | RB 1] Throughput = 1.19701 Mbps
78228[UE 2 | RB 1] Throughput = 1.07606 Mbps
78328[UE 2 | RB 1] Throughput = 0.71816 Mbps
78428[UE 2 | RB 1] Throughput = 1.31423 Mbps
78537[UE 2 | RB 1] Throughput = 1.20857 Mbps
78637[UE 2 | RB 1] Throughput = 0.59803 Mbps
78737[UE 2 | RB 1] Throughput = 1.43758 Mbps
78847[UE 2 | RB 1] Throughput = 1.19911 Mbps
78948[UE 2 | RB 1] Throughput = 0.83777 Mbps
79058[UE 2 | RB 1] Throughput = 0.76017 Mbps
79167[UE 2 | RB 1] Throughput = 1.31233 Mbps
79268[UE 2 | RB 1] Throughput = 1.31679 Mbps
79368[UE 2 | RB 1] Throughput = 0.95647 Mbps
79478[UE 2 | RB 1] Throughput = 1.08442 Mbps
79587[UE 2 | RB 1] Throughput = 0.98873 Mbps
79688[UE 2 | RB 1] Throughput = 1.31707 Mbps
79788[UE 2 | RB 1] Throughput = 0.83766 Mbps
79888[UE 2 | RB 1] Throughput = 1.31720 Mbps
79997[UE 2 | RB 1] Throughput = 0.65552 Mbps
80098[UE 2 | RB 1] Throughput = 1.19544 Mbps
80198[UE 2 | RB 1] Throughput = 1.31642 Mbps
80298[UE 2 | RB 1] Throughput = 0.83866 Mbps
80407[UE 2 | RB 1] Throughput = 1.09320 Mbps
80508[UE 2 | RB 1] Throughput = 0.95659 Mbps
80608[UE 2 | RB 1] Throughput = 1.19692 Mbps
80708[UE 2 | RB 1] Throughput = 1.19777 Mbps
80817[UE 2 | RB 1] Throughput = 1.09558 Mbps
80917[UE 2 | RB 1] Throughput = 0.95837 Mbps
81017[UE 2 | RB 1] Throughput = 1.19676 Mbps
81118[UE 2 | RB 1] Throughput = 0.95544 Mbps
81228[UE 2 | RB 1] Throughput = 1.20074 Mbps
81328[UE 2 | RB 1] Throughput = 0.71652 Mbps
81437[UE 2 | RB 1] Throughput = 0.98444 Mbps
81538[UE 2 | RB 1] Throughput = 1.31713 Mbps
81638[UE 2 | RB 1] Throughput = 1.07595 Mbps
81748[UE 2 | RB 1] Throughput = 0.87148 Mbps
81858[UE 2 | RB 1] Throughput = 1.30957 Mbps
81958[UE 2 | RB 1] Throughput = 1.07759 Mbps
82068[UE 2 | RB 1] Throughput = 1.19934 Mbps
82168[UE 2 | RB 1] Throughput = 0.71688 Mbps
82278[UE 2 | RB 1] Throughput = 1.19793 Mbps
82388[UE 2 | RB 1] Throughput = 1.19842 Mbps
82498[UE 2 | RB 1] Throughput = 1.09342 Mbps
82598[UE 2 | RB 1] Throughput = 0.83875 Mbps
82698[UE 2 | RB 1] Throughput = 0.71836 Mbps
82798[UE 2 | RB 1] Throughput = 1.31499 Mbps
82908[UE 2 | RB 1] Throughput = 1.31108 Mbps
83018[UE 2 | RB 1] Throughput = 1.19604 Mbps
83118[UE 2 | RB 1] Throughput = 0.59895 Mbps
83228[UE 2 | RB 1] Throughput = 1.30864 Mbps
83328[UE 2 | RB 1] Throughput = 1.19723 Mbps
83428[UE 2 | RB 1] Throughput = 0.83696 Mbps
83538[UE 2 | RB 1] Throughput = 1.31053 Mbps
83648[UE 2 | RB 1] Throughput = 0.76074 Mbps
83758[UE 2 | RB 1] Throughput = 1.09301 Mbps
83858[UE 2 | RB 1] Throughput = 1.19653 Mbps
83968[UE 2 | RB 1] Throughput = 0.76220 Mbps
84068[UE 2 | RB 1] Throughput = 0.95829 Mbps
84168[UE 2 | RB 1] Throughput = 1.55369 Mbps
84278[UE 2 | RB 1] Throughput = 0.87399 Mbps
84388[UE 2 | RB 1] Throughput = 1.19360 Mbps
84498[UE 2 | RB 1] Throughput = 0.98709 Mbps
84598[UE 2 | RB 1] Throughput = 1.43624 Mbps
84708[UE 2 | RB 1] Throughput = 0.65087 Mbps
84808[UE 2 | RB 1] Throughput = 1.43522 Mbps
84917[UE 2 | RB 1] Throughput = 0.65959 Mbps
85018[UE 2 | RB 1] Throughput = 1.31795 Mbps
85118[UE 2 | RB 1] Throughput = 0.95603 Mbps
85228[UE 2 | RB 1] Throughput = 1.09054 Mbps
85328[UE 2 | RB 1] Throughput = 0.83850 Mbps
85438[UE 2 | RB 1] Throughput = 1.20023 Mbps
85538[UE 2 | RB 1] Throughput = 0.71630 Mbps
85648[UE 2 | RB 1] Throughput = 1.52889 Mbps
85758[UE 2 | RB 1] Throughput = 0.65142 Mbps
85868[UE 2 | RB 1] Throughput = 1.52342 Mbps
85978[UE 2 | RB 1] Throughput = 1.31115 Mbps
86088[UE 2 | RB 1] Throughput = 0.65433 Mbps
86198[UE 2 | RB 1] Throughput = 1.30687 Mbps
86308[UE 2 | RB 1] Throughput = 0.65533 Mbps
86408[UE 2 | RB 1] Throughput = 1.43174 Mbps
86518[UE 2 | RB 1] Throughput = 1.20038 Mbps
86618[UE 2 | RB 1] Throughput = 0.83726 Mbps
86728[UE 2 | RB 1] Throughput = 0.65320 Mbps
86838[UE 2 | RB 1] Throughput = 1.63702 Mbps
86938[UE 2 | RB 1] Throughput = 1.07558 Mbps
87039[UE 2 | RB 1] Throughput = 1.07274 Mbps
87148[UE 2 | RB 1] Throughput = 0.87777 Mbps
87248[UE 2 | RB 1] Throughput = 1.07622 Mbps
87348[UE 2 | RB 1] Throughput = 1.19632 Mbps
87458[UE 2 | RB 1] Throughput = 0.98643 Mbps
87558[UE 2 | RB 1] Throughput = 1.07266 Mbps
87668[UE 2 | RB 1] Throughput = 0.87123 Mbps
87768[UE 2 | RB 1] Throughput = 1.43620 Mbps
87878[UE 2 | RB 1] Throughput = 1.09379 Mbps
87978[UE 2 | RB 1] Throughput = 0.83639 Mbps
88088[UE 2 | RB 1] Throughput = 1.30843 Mbps
88188[UE 2 | RB 1] Throughput = 0.83755 Mbps
88298[UE 2 | RB 1] Throughput = 0.98202 Mbps
88408[UE 2 | RB 1] Throughput = 1.30784 Mbps
88518[UE 2 | RB 1] Throughput = 0.65514 Mbps
88618[UE 2 | RB 1] Throughput = 1.31158 Mbps
88728[UE 2 | RB 1] Throughput = 1.20146 Mbps
88828[UE 2 | RB 1] Throughput = 1.31655 Mbps
88938[UE 2 | RB 1] Throughput = 0.65518 Mbps
89038[UE 2 | RB 1] Throughput = 1.31292 Mbps
89148[UE 2 | RB 1] Throughput = 1.20675 Mbps
89248[UE 2 | RB 1] Throughput = 0.59589 Mbps
89348[UE 2 | RB 1] Throughput = 1.31669 Mbps
89458[UE 2 | RB 1] Throughput = 1.30792 Mbps
89558[UE 2 | RB 1] Throughput = 0.59876 Mbps
89668[UE 2 | RB 1] Throughput = 1.30976 Mbps
89768[UE 2 | RB 1] Throughput = 0.71903 Mbps
89878[UE 2 | RB 1] Throughput = 1.31100 Mbps
89978[UE 2 | RB 1] Throughput = 1.31422 Mbps
[xApp]: E42 RIC_SUBSCRIPTION_DELETE_REQUEST tx RAN_FUNC_ID 144 RIC_REQ_ID 1 
[xApp]: E42 SUBSCRIPTION DELETE RESPONSE rx
[xApp]: E42 RIC_SUBSCRIPTION_DELETE_REQUEST tx RAN_FUNC_ID 144 RIC_REQ_ID 2 
[xApp]: E42 SUBSCRIPTION DELETE RESPONSE rx
[xApp]: E42 RIC_SUBSCRIPTION_DELETE_REQUEST tx RAN_FUNC_ID 144 RIC_REQ_ID 3 
[xApp]: E42 SUBSCRIPTION DELETE RESPONSE rx
[xApp]: E42 RIC_SUBSCRIPTION_DELETE_REQUEST tx RAN_FUNC_ID 144 RIC_REQ_ID 4 
[xApp]: E42 SUBSCRIPTION DELETE RESPONSE rx
[xApp]: Sucessfully stopped 
Test xApp run SUCCESSFULLY
