[UTIL]: Setting the config -c file to /usr/local/etc/flexric/flexric.conf
[UTIL]: Setting path -p for the shared libraries to /usr/local/lib/flexric/
[xAapp]: Initializing ... 
[xApp]: nearRT-RIC IP Address = 192.168.70.150, PORT = 36422
[E2 AGENT]: Opening plugin from path = /usr/local/lib/flexric/libkpm_sm.so 
[E2 AGENT]: Opening plugin from path = /usr/local/lib/flexric/libmac_sm.so 
[E2 AGENT]: Opening plugin from path = /usr/local/lib/flexric/libpdcp_sm.so 
[E2 AGENT]: Opening plugin from path = /usr/local/lib/flexric/libgtp_sm.so 
[E2 AGENT]: Opening plugin from path = /usr/local/lib/flexric/librc_sm.so 
[E2 AGENT]: Opening plugin from path = /usr/local/lib/flexric/libtc_sm.so 
[E2 AGENT]: Opening plugin from path = /usr/local/lib/flexric/librlc_sm.so 
[E2 AGENT]: Opening plugin from path = /usr/local/lib/flexric/libslice_sm.so 
[NEAR-RIC]: Loading SM ID = 2 with def = ORAN-E2SM-KPM 
[NEAR-RIC]: Loading SM ID = 142 with def = MAC_STATS_V0 
[NEAR-RIC]: Loading SM ID = 144 with def = PDCP_STATS_V0 
[NEAR-RIC]: Loading SM ID = 148 with def = GTP_STATS_V0 
[NEAR-RIC]: Loading SM ID = 3 with def = ORAN-E2SM-RC 
[NEAR-RIC]: Loading SM ID = 146 with def = TC_STATS_V0 
[NEAR-RIC]: Loading SM ID = 143 with def = RLC_STATS_V0 
[NEAR-RIC]: Loading SM ID = 145 with def = SLICE_STATS_V0 
[xApp]: DB filename = /tmp/flexric/xapp_db 
 [xApp]: E42 SETUP-REQUEST tx
[xApp]: E42 SETUP-RESPONSE rx 
[xApp]: xApp ID = 18 
[xApp]: Registered E2 Nodes = 5 
Connected E2 nodes = 5
[xAPP] Registered node 0 ran func id = 2 
 [xAPP] Registered node 0 ran func id = 3 
 [xAPP] Registered node 0 ran func id = 142 
 [xAPP] Registered node 0 ran func id = 143 
 [xAPP] Registered node 0 ran func id = 144 
 [xAPP] Registered node 0 ran func id = 145 
 [xAPP] Registered node 0 ran func id = 146 
 [xAPP] Registered node 0 ran func id = 148 
 [xApp]: E42 RIC SUBSCRIPTION REQUEST tx RAN_FUNC_ID 144 RIC_REQ_ID 1 
[xApp]: SUBSCRIPTION RESPONSE rx
[xApp]: Successfully subscribed to RAN_FUNC_ID 144 
[xAPP] Registered node 1 ran func id = 2 
 [xAPP] Registered node 1 ran func id = 3 
 [xAPP] Registered node 1 ran func id = 142 
 [xAPP] Registered node 1 ran func id = 143 
 [xAPP] Registered node 1 ran func id = 144 
 [xAPP] Registered node 1 ran func id = 145 
 [xAPP] Registered node 1 ran func id = 146 
 [xAPP] Registered node 1 ran func id = 148 
 [xApp]: E42 RIC SUBSCRIPTION REQUEST tx RAN_FUNC_ID 144 RIC_REQ_ID 2 
[xApp]: SUBSCRIPTION RESPONSE rx
[xApp]: Successfully subscribed to RAN_FUNC_ID 144 
[xAPP] Registered node 2 ran func id = 2 
 [xAPP] Registered node 2 ran func id = 3 
 [xAPP] Registered node 2 ran func id = 142 
 [xAPP] Registered node 2 ran func id = 143 
 [xAPP] Registered node 2 ran func id = 144 
 [xAPP] Registered node 2 ran func id = 145 
 [xAPP] Registered node 2 ran func id = 146 
 [xAPP] Registered node 2 ran func id = 148 
 [xApp]: E42 RIC SUBSCRIPTION REQUEST tx RAN_FUNC_ID 144 RIC_REQ_ID 3 
[xApp]: SUBSCRIPTION RESPONSE rx
[xApp]: Successfully subscribed to RAN_FUNC_ID 144 
[xAPP] Registered node 3 ran func id = 2 
 [xAPP] Registered node 3 ran func id = 3 
 [xAPP] Registered node 3 ran func id = 142 
 [xAPP] Registered node 3 ran func id = 143 
 [xAPP] Registered node 3 ran func id = 144 
 [xAPP] Registered node 3 ran func id = 145 
 [xAPP] Registered node 3 ran func id = 146 
 [xAPP] Registered node 3 ran func id = 148 
 [xApp]: E42 RIC SUBSCRIPTION REQUEST tx RAN_FUNC_ID 144 RIC_REQ_ID 4 
[xApp]: SUBSCRIPTION RESPONSE rx
[xApp]: Successfully subscribed to RAN_FUNC_ID 144 
[xAPP] Registered node 4 ran func id = 2 
 [xAPP] Registered node 4 ran func id = 3 
 [xAPP] Registered node 4 ran func id = 142 
 [xAPP] Registered node 4 ran func id = 143 
 [xAPP] Registered node 4 ran func id = 144 
 [xAPP] Registered node 4 ran func id = 145 
 [xAPP] Registered node 4 ran func id = 146 
 [xAPP] Registered node 4 ran func id = 148 
 [xApp]: E42 RIC SUBSCRIPTION REQUEST tx RAN_FUNC_ID 144 RIC_REQ_ID 5 
[xApp]: SUBSCRIPTION RESPONSE rx
[xApp]: Successfully subscribed to RAN_FUNC_ID 144 
115[UE 2 | RB 1] Throughput = 1.07604 Mbps
115[UE 3 | RB 1] Throughput = 1.07604 Mbps
215[UE 2 | RB 1] Throughput = 1.07670 Mbps
215[UE 3 | RB 1] Throughput = 1.07670 Mbps
317[UE 2 | RB 1] Throughput = 1.06257 Mbps
317[UE 3 | RB 1] Throughput = 1.06257 Mbps
425[UE 2 | RB 1] Throughput = 1.10473 Mbps
425[UE 3 | RB 1] Throughput = 1.10473 Mbps
525[UE 2 | RB 1] Throughput = 1.07826 Mbps
525[UE 3 | RB 1] Throughput = 1.07826 Mbps
626[UE 2 | RB 1] Throughput = 1.06931 Mbps
626[UE 3 | RB 1] Throughput = 1.06931 Mbps
735[UE 2 | RB 1] Throughput = 1.09586 Mbps
735[UE 3 | RB 1] Throughput = 1.09586 Mbps
845[UE 2 | RB 1] Throughput = 0.98187 Mbps
845[UE 3 | RB 1] Throughput = 0.98187 Mbps
946[UE 2 | RB 1] Throughput = 1.07379 Mbps
946[UE 3 | RB 1] Throughput = 1.07379 Mbps
1055[UE 2 | RB 1] Throughput = 1.09449 Mbps
1055[UE 3 | RB 1] Throughput = 1.09449 Mbps
1144[UE 1 | RB 1] Throughput = 0.06356 Mbps
1144[UE 5 | RB 1] Throughput = 0.06356 Mbps
1144[UE 4 | RB 1] Throughput = 0.07416 Mbps
1165[UE 2 | RB 1] Throughput = 1.09206 Mbps
1165[UE 3 | RB 1] Throughput = 1.09206 Mbps
1266[UE 2 | RB 1] Throughput = 1.06871 Mbps
1266[UE 3 | RB 1] Throughput = 1.06871 Mbps
1366[UE 2 | RB 1] Throughput = 1.07591 Mbps
1366[UE 3 | RB 1] Throughput = 1.07591 Mbps
1475[UE 2 | RB 1] Throughput = 1.09766 Mbps
1475[UE 3 | RB 1] Throughput = 1.09766 Mbps
1585[UE 2 | RB 1] Throughput = 0.98170 Mbps
1585[UE 3 | RB 1] Throughput = 0.98170 Mbps
1685[UE 2 | RB 1] Throughput = 1.07677 Mbps
1685[UE 3 | RB 1] Throughput = 1.07677 Mbps
1797[UE 2 | RB 1] Throughput = 1.06992 Mbps
1797[UE 3 | RB 1] Throughput = 1.06992 Mbps
1905[UE 2 | RB 1] Throughput = 1.10860 Mbps
1905[UE 3 | RB 1] Throughput = 1.10860 Mbps
2006[UE 2 | RB 1] Throughput = 1.07079 Mbps
2006[UE 3 | RB 1] Throughput = 1.07079 Mbps
2108[UE 2 | RB 1] Throughput = 1.05940 Mbps
2108[UE 3 | RB 1] Throughput = 1.05940 Mbps
2215[UE 2 | RB 1] Throughput = 1.11444 Mbps
2215[UE 3 | RB 1] Throughput = 1.11444 Mbps
2325[UE 2 | RB 1] Throughput = 0.98464 Mbps
2325[UE 3 | RB 1] Throughput = 0.98464 Mbps
2426[UE 2 | RB 1] Throughput = 1.06949 Mbps
2426[UE 3 | RB 1] Throughput = 1.06949 Mbps
2526[UE 2 | RB 1] Throughput = 1.07408 Mbps
2526[UE 3 | RB 1] Throughput = 1.07408 Mbps
2635[UE 2 | RB 1] Throughput = 1.10134 Mbps
2635[UE 3 | RB 1] Throughput = 1.10134 Mbps
2736[UE 2 | RB 1] Throughput = 1.06816 Mbps
2736[UE 3 | RB 1] Throughput = 1.06816 Mbps
2846[UE 2 | RB 1] Throughput = 1.08780 Mbps
2846[UE 3 | RB 1] Throughput = 1.08780 Mbps
2955[UE 2 | RB 1] Throughput = 1.09946 Mbps
2955[UE 3 | RB 1] Throughput = 1.09946 Mbps
3065[UE 2 | RB 1] Throughput = 0.98022 Mbps
3065[UE 3 | RB 1] Throughput = 0.98022 Mbps
3178[UE 2 | RB 1] Throughput = 1.06047 Mbps
3178[UE 3 | RB 1] Throughput = 1.06047 Mbps
3285[UE 2 | RB 1] Throughput = 1.12054 Mbps
3285[UE 3 | RB 1] Throughput = 1.12054 Mbps
3386[UE 2 | RB 1] Throughput = 1.07017 Mbps
3386[UE 3 | RB 1] Throughput = 1.07017 Mbps
3486[UE 2 | RB 1] Throughput = 1.07739 Mbps
3486[UE 3 | RB 1] Throughput = 1.07739 Mbps
3597[UE 2 | RB 1] Throughput = 1.08105 Mbps
3597[UE 3 | RB 1] Throughput = 1.08105 Mbps
3705[UE 2 | RB 1] Throughput = 0.99584 Mbps
3705[UE 3 | RB 1] Throughput = 0.99584 Mbps
3815[UE 2 | RB 1] Throughput = 1.08896 Mbps
3815[UE 3 | RB 1] Throughput = 1.08896 Mbps
3916[UE 2 | RB 1] Throughput = 1.07450 Mbps
3916[UE 3 | RB 1] Throughput = 1.07450 Mbps
4025[UE 2 | RB 1] Throughput = 1.09458 Mbps
4025[UE 3 | RB 1] Throughput = 1.09458 Mbps
4126[UE 2 | RB 1] Throughput = 1.07099 Mbps
4126[UE 3 | RB 1] Throughput = 1.07099 Mbps
4226[UE 2 | RB 1] Throughput = 1.07733 Mbps
4226[UE 3 | RB 1] Throughput = 1.07733 Mbps
4336[UE 2 | RB 1] Throughput = 1.08308 Mbps
4336[UE 3 | RB 1] Throughput = 1.08308 Mbps
4445[UE 2 | RB 1] Throughput = 0.98998 Mbps
4445[UE 3 | RB 1] Throughput = 0.98998 Mbps
4546[UE 2 | RB 1] Throughput = 1.06816 Mbps
4546[UE 3 | RB 1] Throughput = 1.06816 Mbps
4655[UE 2 | RB 1] Throughput = 1.10035 Mbps
4655[UE 3 | RB 1] Throughput = 1.10035 Mbps
4765[UE 2 | RB 1] Throughput = 1.09178 Mbps
4765[UE 3 | RB 1] Throughput = 1.09178 Mbps
4865[UE 2 | RB 1] Throughput = 1.07648 Mbps
4865[UE 3 | RB 1] Throughput = 1.07648 Mbps
4966[UE 2 | RB 1] Throughput = 1.07398 Mbps
4966[UE 3 | RB 1] Throughput = 1.07398 Mbps
5075[UE 2 | RB 1] Throughput = 1.09440 Mbps
5075[UE 3 | RB 1] Throughput = 1.09440 Mbps
5186[UE 2 | RB 1] Throughput = 0.97381 Mbps
5186[UE 3 | RB 1] Throughput = 0.97381 Mbps
5239[UE 1 | RB 1] Throughput = 0.17558 Mbps
5239[UE 5 | RB 1] Throughput = 0.17558 Mbps
5239[UE 4 | RB 1] Throughput = 0.17265 Mbps
5295[UE 2 | RB 1] Throughput = 1.10162 Mbps
5295[UE 3 | RB 1] Throughput = 1.10162 Mbps
5363[UE 1 | RB 1] Throughput = 39.19811 Mbps
5363[UE 5 | RB 1] Throughput = 39.19811 Mbps
5363[UE 4 | RB 1] Throughput = 39.19811 Mbps
5395[UE 2 | RB 1] Throughput = 1.07657 Mbps
5395[UE 3 | RB 1] Throughput = 1.07657 Mbps
5495[UE 2 | RB 1] Throughput = 1.07593 Mbps
5495[UE 3 | RB 1] Throughput = 1.07593 Mbps
5504[UE 1 | RB 1] Throughput = 1.19437 Mbps
5504[UE 5 | RB 1] Throughput = 1.19437 Mbps
5504[UE 4 | RB 1] Throughput = 1.19437 Mbps
5595[UE 2 | RB 1] Throughput = 1.07757 Mbps
5595[UE 3 | RB 1] Throughput = 1.07757 Mbps
5643[UE 1 | RB 1] Throughput = 0.86072 Mbps
5643[UE 5 | RB 1] Throughput = 0.86072 Mbps
5643[UE 4 | RB 1] Throughput = 0.86072 Mbps
5705[UE 2 | RB 1] Throughput = 1.09033 Mbps
5705[UE 3 | RB 1] Throughput = 1.09033 Mbps
5743[UE 1 | RB 1] Throughput = 1.43431 Mbps
5743[UE 5 | RB 1] Throughput = 1.43431 Mbps
5743[UE 4 | RB 1] Throughput = 1.55383 Mbps
5805[UE 2 | RB 1] Throughput = 1.07779 Mbps
5805[UE 3 | RB 1] Throughput = 1.07779 Mbps
5843[UE 1 | RB 1] Throughput = 1.19462 Mbps
5843[UE 5 | RB 1] Throughput = 1.19462 Mbps
5843[UE 4 | RB 1] Throughput = 1.19462 Mbps
5916[UE 2 | RB 1] Throughput = 1.07882 Mbps
5916[UE 3 | RB 1] Throughput = 1.07882 Mbps
6003[UE 1 | RB 1] Throughput = 0.97508 Mbps
6003[UE 5 | RB 1] Throughput = 0.90007 Mbps
6003[UE 4 | RB 1] Throughput = 0.90007 Mbps
6026[UE 2 | RB 1] Throughput = 0.98736 Mbps
6026[UE 3 | RB 1] Throughput = 0.98736 Mbps
6113[UE 1 | RB 1] Throughput = 1.09301 Mbps
6113[UE 5 | RB 1] Throughput = 1.20231 Mbps
6113[UE 4 | RB 1] Throughput = 1.20231 Mbps
6135[UE 2 | RB 1] Throughput = 1.09499 Mbps
6135[UE 3 | RB 1] Throughput = 1.09499 Mbps
6235[UE 2 | RB 1] Throughput = 1.07747 Mbps
6235[UE 3 | RB 1] Throughput = 1.07747 Mbps
6336[UE 2 | RB 1] Throughput = 1.07298 Mbps
6336[UE 3 | RB 1] Throughput = 1.07298 Mbps
6436[UE 2 | RB 1] Throughput = 1.07636 Mbps
6436[UE 3 | RB 1] Throughput = 1.07636 Mbps
6545[UE 2 | RB 1] Throughput = 1.09907 Mbps
6545[UE 3 | RB 1] Throughput = 1.09907 Mbps
6645[UE 2 | RB 1] Throughput = 1.07552 Mbps
6645[UE 3 | RB 1] Throughput = 1.07552 Mbps
6746[UE 2 | RB 1] Throughput = 1.07268 Mbps
6746[UE 3 | RB 1] Throughput = 1.07268 Mbps
6855[UE 2 | RB 1] Throughput = 0.98406 Mbps
6855[UE 3 | RB 1] Throughput = 0.98406 Mbps
6956[UE 2 | RB 1] Throughput = 1.07388 Mbps
6956[UE 3 | RB 1] Throughput = 1.07388 Mbps
7066[UE 2 | RB 1] Throughput = 1.09008 Mbps
7066[UE 3 | RB 1] Throughput = 1.09008 Mbps
7176[UE 2 | RB 1] Throughput = 1.09131 Mbps
7176[UE 3 | RB 1] Throughput = 1.09131 Mbps
7285[UE 2 | RB 1] Throughput = 1.09332 Mbps
7285[UE 3 | RB 1] Throughput = 1.09332 Mbps
7287[UE 1 | RB 1] Throughput = 0.13266 Mbps
7287[UE 5 | RB 1] Throughput = 0.13266 Mbps
7287[UE 4 | RB 1] Throughput = 0.12245 Mbps
7386[UE 2 | RB 1] Throughput = 1.07180 Mbps
7386[UE 3 | RB 1] Throughput = 1.07180 Mbps
7495[UE 2 | RB 1] Throughput = 0.98606 Mbps
7495[UE 3 | RB 1] Throughput = 0.98606 Mbps
7596[UE 2 | RB 1] Throughput = 1.06529 Mbps
7596[UE 3 | RB 1] Throughput = 1.06529 Mbps
7705[UE 2 | RB 1] Throughput = 1.10023 Mbps
7705[UE 3 | RB 1] Throughput = 1.10023 Mbps
7805[UE 2 | RB 1] Throughput = 1.07699 Mbps
7805[UE 3 | RB 1] Throughput = 1.07699 Mbps
7916[UE 2 | RB 1] Throughput = 1.08299 Mbps
7916[UE 3 | RB 1] Throughput = 1.08299 Mbps
8025[UE 2 | RB 1] Throughput = 1.09771 Mbps
8025[UE 3 | RB 1] Throughput = 1.09771 Mbps
8126[UE 2 | RB 1] Throughput = 1.07596 Mbps
8126[UE 3 | RB 1] Throughput = 1.07596 Mbps
8226[UE 2 | RB 1] Throughput = 1.07645 Mbps
8226[UE 3 | RB 1] Throughput = 1.07645 Mbps
8326[UE 2 | RB 1] Throughput = 0.95645 Mbps
8326[UE 3 | RB 1] Throughput = 0.95645 Mbps
8426[UE 2 | RB 1] Throughput = 1.07545 Mbps
8426[UE 3 | RB 1] Throughput = 1.07545 Mbps
8536[UE 2 | RB 1] Throughput = 1.08878 Mbps
8536[UE 3 | RB 1] Throughput = 1.08878 Mbps
8645[UE 2 | RB 1] Throughput = 1.10033 Mbps
8645[UE 3 | RB 1] Throughput = 1.10033 Mbps
8746[UE 2 | RB 1] Throughput = 1.07284 Mbps
8746[UE 3 | RB 1] Throughput = 1.07284 Mbps
8847[UE 2 | RB 1] Throughput = 1.06911 Mbps
8847[UE 3 | RB 1] Throughput = 1.06911 Mbps
8955[UE 2 | RB 1] Throughput = 1.10147 Mbps
8955[UE 3 | RB 1] Throughput = 1.10147 Mbps
9065[UE 2 | RB 1] Throughput = 0.98229 Mbps
9065[UE 3 | RB 1] Throughput = 0.98229 Mbps
9166[UE 2 | RB 1] Throughput = 1.07419 Mbps
9166[UE 3 | RB 1] Throughput = 1.07419 Mbps
9276[UE 2 | RB 1] Throughput = 1.08356 Mbps
9276[UE 3 | RB 1] Throughput = 1.08356 Mbps
9337[UE 1 | RB 1] Throughput = 0.07018 Mbps
9337[UE 5 | RB 1] Throughput = 0.07018 Mbps
9337[UE 4 | RB 1] Throughput = 0.07603 Mbps
9385[UE 2 | RB 1] Throughput = 1.09686 Mbps
9385[UE 3 | RB 1] Throughput = 1.09686 Mbps
9486[UE 2 | RB 1] Throughput = 1.07785 Mbps
9486[UE 3 | RB 1] Throughput = 1.07785 Mbps
9586[UE 2 | RB 1] Throughput = 1.07708 Mbps
9586[UE 3 | RB 1] Throughput = 1.07708 Mbps
9696[UE 2 | RB 1] Throughput = 1.09093 Mbps
9696[UE 3 | RB 1] Throughput = 1.09093 Mbps
9805[UE 2 | RB 1] Throughput = 0.98367 Mbps
9805[UE 3 | RB 1] Throughput = 0.98367 Mbps
9915[UE 2 | RB 1] Throughput = 1.08801 Mbps
9915[UE 3 | RB 1] Throughput = 1.08801 Mbps
10025[UE 2 | RB 1] Throughput = 1.08927 Mbps
10025[UE 3 | RB 1] Throughput = 1.08927 Mbps
10127[UE 2 | RB 1] Throughput = 1.05807 Mbps
10127[UE 3 | RB 1] Throughput = 1.05807 Mbps
10228[UE 2 | RB 1] Throughput = 1.07228 Mbps
10228[UE 3 | RB 1] Throughput = 1.07228 Mbps
10335[UE 2 | RB 1] Throughput = 1.11472 Mbps
10335[UE 3 | RB 1] Throughput = 1.11472 Mbps
10445[UE 2 | RB 1] Throughput = 0.98384 Mbps
10445[UE 3 | RB 1] Throughput = 0.98384 Mbps
10546[UE 2 | RB 1] Throughput = 1.06995 Mbps
10546[UE 3 | RB 1] Throughput = 1.06995 Mbps
10646[UE 2 | RB 1] Throughput = 1.07686 Mbps
10646[UE 3 | RB 1] Throughput = 1.07686 Mbps
10746[UE 2 | RB 1] Throughput = 1.07704 Mbps
10746[UE 3 | RB 1] Throughput = 1.07704 Mbps
10856[UE 2 | RB 1] Throughput = 1.09400 Mbps
10856[UE 3 | RB 1] Throughput = 1.09400 Mbps
10966[UE 2 | RB 1] Throughput = 1.08386 Mbps
10966[UE 3 | RB 1] Throughput = 1.08386 Mbps
11076[UE 2 | RB 1] Throughput = 1.09428 Mbps
11076[UE 3 | RB 1] Throughput = 1.09428 Mbps
11186[UE 2 | RB 1] Throughput = 0.98059 Mbps
11186[UE 3 | RB 1] Throughput = 0.98059 Mbps
11296[UE 2 | RB 1] Throughput = 1.08985 Mbps
11296[UE 3 | RB 1] Throughput = 1.08985 Mbps
11406[UE 2 | RB 1] Throughput = 1.08713 Mbps
11406[UE 3 | RB 1] Throughput = 1.08713 Mbps
11507[UE 2 | RB 1] Throughput = 1.06945 Mbps
11507[UE 3 | RB 1] Throughput = 1.06945 Mbps
11616[UE 2 | RB 1] Throughput = 1.09775 Mbps
11616[UE 3 | RB 1] Throughput = 1.09775 Mbps
11726[UE 2 | RB 1] Throughput = 1.09337 Mbps
11726[UE 3 | RB 1] Throughput = 1.09337 Mbps
11835[UE 2 | RB 1] Throughput = 0.98199 Mbps
11835[UE 3 | RB 1] Throughput = 0.98199 Mbps
11946[UE 2 | RB 1] Throughput = 1.08716 Mbps
11946[UE 3 | RB 1] Throughput = 1.08716 Mbps
12055[UE 2 | RB 1] Throughput = 1.09214 Mbps
12055[UE 3 | RB 1] Throughput = 1.09214 Mbps
12165[UE 2 | RB 1] Throughput = 1.08970 Mbps
12165[UE 3 | RB 1] Throughput = 1.08970 Mbps
12266[UE 2 | RB 1] Throughput = 1.07511 Mbps
12266[UE 3 | RB 1] Throughput = 1.07511 Mbps
12376[UE 2 | RB 1] Throughput = 1.09087 Mbps
12376[UE 3 | RB 1] Throughput = 1.09087 Mbps
12487[UE 2 | RB 1] Throughput = 0.97120 Mbps
12487[UE 3 | RB 1] Throughput = 0.97120 Mbps
12596[UE 2 | RB 1] Throughput = 1.09918 Mbps
12596[UE 3 | RB 1] Throughput = 1.09918 Mbps
12696[UE 2 | RB 1] Throughput = 1.07165 Mbps
12696[UE 3 | RB 1] Throughput = 1.07165 Mbps
12806[UE 2 | RB 1] Throughput = 1.09671 Mbps
12806[UE 3 | RB 1] Throughput = 1.09671 Mbps
12906[UE 2 | RB 1] Throughput = 1.07494 Mbps
12906[UE 3 | RB 1] Throughput = 1.07494 Mbps
13016[UE 2 | RB 1] Throughput = 1.09124 Mbps
13016[UE 3 | RB 1] Throughput = 1.09124 Mbps
13126[UE 2 | RB 1] Throughput = 0.97710 Mbps
13126[UE 3 | RB 1] Throughput = 0.97710 Mbps
13227[UE 2 | RB 1] Throughput = 1.06964 Mbps
13227[UE 3 | RB 1] Throughput = 1.06964 Mbps
13336[UE 2 | RB 1] Throughput = 1.09853 Mbps
13336[UE 3 | RB 1] Throughput = 1.09853 Mbps
13433[UE 1 | RB 1] Throughput = 0.30427 Mbps
13433[UE 5 | RB 1] Throughput = 0.30427 Mbps
13433[UE 4 | RB 1] Throughput = 0.30134 Mbps
13453[UE 2 | RB 1] Throughput = 1.02017 Mbps
13453[UE 3 | RB 1] Throughput = 1.02017 Mbps
13533[UE 1 | RB 1] Throughput = 64.14380 Mbps
13533[UE 5 | RB 1] Throughput = 64.02413 Mbps
13533[UE 4 | RB 1] Throughput = 64.14380 Mbps
13555[UE 2 | RB 1] Throughput = 1.17822 Mbps
13555[UE 3 | RB 1] Throughput = 1.17822 Mbps
13656[UE 2 | RB 1] Throughput = 1.07246 Mbps
13656[UE 3 | RB 1] Throughput = 1.07246 Mbps
13756[UE 2 | RB 1] Throughput = 1.07512 Mbps
13756[UE 3 | RB 1] Throughput = 1.07512 Mbps
13866[UE 2 | RB 1] Throughput = 0.98469 Mbps
13866[UE 3 | RB 1] Throughput = 0.98469 Mbps
13976[UE 2 | RB 1] Throughput = 1.09004 Mbps
13976[UE 3 | RB 1] Throughput = 1.09004 Mbps
14076[UE 2 | RB 1] Throughput = 1.07578 Mbps
14076[UE 3 | RB 1] Throughput = 1.07578 Mbps
14186[UE 2 | RB 1] Throughput = 1.08429 Mbps
14186[UE 3 | RB 1] Throughput = 1.08429 Mbps
14296[UE 2 | RB 1] Throughput = 1.09113 Mbps
14296[UE 3 | RB 1] Throughput = 1.09113 Mbps
14396[UE 2 | RB 1] Throughput = 1.07508 Mbps
14396[UE 3 | RB 1] Throughput = 1.07508 Mbps
14505[UE 2 | RB 1] Throughput = 1.10013 Mbps
14505[UE 3 | RB 1] Throughput = 1.10013 Mbps
14607[UE 2 | RB 1] Throughput = 0.94629 Mbps
14607[UE 3 | RB 1] Throughput = 0.94629 Mbps
14716[UE 2 | RB 1] Throughput = 1.09983 Mbps
14716[UE 3 | RB 1] Throughput = 1.09983 Mbps
14816[UE 2 | RB 1] Throughput = 1.07818 Mbps
14816[UE 3 | RB 1] Throughput = 1.07818 Mbps
14916[UE 2 | RB 1] Throughput = 1.07844 Mbps
14916[UE 3 | RB 1] Throughput = 1.07844 Mbps
15025[UE 2 | RB 1] Throughput = 1.09294 Mbps
15025[UE 3 | RB 1] Throughput = 1.09294 Mbps
15126[UE 2 | RB 1] Throughput = 1.07329 Mbps
15126[UE 3 | RB 1] Throughput = 1.07329 Mbps
15236[UE 2 | RB 1] Throughput = 1.09281 Mbps
15236[UE 3 | RB 1] Throughput = 1.09281 Mbps
15336[UE 2 | RB 1] Throughput = 1.07443 Mbps
15336[UE 3 | RB 1] Throughput = 1.07443 Mbps
15446[UE 2 | RB 1] Throughput = 0.98221 Mbps
15446[UE 3 | RB 1] Throughput = 0.98221 Mbps
15556[UE 2 | RB 1] Throughput = 1.08711 Mbps
15556[UE 3 | RB 1] Throughput = 1.08711 Mbps
15666[UE 2 | RB 1] Throughput = 1.08587 Mbps
15666[UE 3 | RB 1] Throughput = 1.08587 Mbps
15776[UE 2 | RB 1] Throughput = 1.09227 Mbps
15776[UE 3 | RB 1] Throughput = 1.09227 Mbps
15886[UE 2 | RB 1] Throughput = 1.08842 Mbps
15886[UE 3 | RB 1] Throughput = 1.08842 Mbps
15988[UE 2 | RB 1] Throughput = 1.05677 Mbps
15988[UE 3 | RB 1] Throughput = 1.05677 Mbps
16096[UE 2 | RB 1] Throughput = 1.00408 Mbps
16096[UE 3 | RB 1] Throughput = 1.00408 Mbps
16196[UE 2 | RB 1] Throughput = 1.07402 Mbps
16196[UE 3 | RB 1] Throughput = 1.07402 Mbps
16306[UE 2 | RB 1] Throughput = 1.09179 Mbps
16306[UE 3 | RB 1] Throughput = 1.09179 Mbps
16416[UE 2 | RB 1] Throughput = 1.08929 Mbps
16416[UE 3 | RB 1] Throughput = 1.08929 Mbps
16526[UE 2 | RB 1] Throughput = 1.09031 Mbps
16526[UE 3 | RB 1] Throughput = 1.09031 Mbps
16626[UE 2 | RB 1] Throughput = 1.07356 Mbps
16626[UE 3 | RB 1] Throughput = 1.07356 Mbps
16728[UE 2 | RB 1] Throughput = 0.94531 Mbps
16728[UE 3 | RB 1] Throughput = 0.94531 Mbps
16836[UE 2 | RB 1] Throughput = 1.10333 Mbps
16836[UE 3 | RB 1] Throughput = 1.10333 Mbps
16946[UE 2 | RB 1] Throughput = 1.09361 Mbps
16946[UE 3 | RB 1] Throughput = 1.09361 Mbps
17056[UE 2 | RB 1] Throughput = 1.08809 Mbps
17056[UE 3 | RB 1] Throughput = 1.08809 Mbps
17166[UE 2 | RB 1] Throughput = 1.09209 Mbps
17166[UE 3 | RB 1] Throughput = 1.09209 Mbps
17266[UE 2 | RB 1] Throughput = 1.07170 Mbps
17266[UE 3 | RB 1] Throughput = 1.07170 Mbps
17376[UE 2 | RB 1] Throughput = 0.98380 Mbps
17376[UE 3 | RB 1] Throughput = 0.98380 Mbps
17486[UE 2 | RB 1] Throughput = 1.09071 Mbps
17486[UE 3 | RB 1] Throughput = 1.09071 Mbps
17586[UE 2 | RB 1] Throughput = 1.07789 Mbps
17586[UE 3 | RB 1] Throughput = 1.07789 Mbps
17688[UE 2 | RB 1] Throughput = 1.05425 Mbps
17688[UE 3 | RB 1] Throughput = 1.05425 Mbps
17798[UE 2 | RB 1] Throughput = 1.08680 Mbps
17798[UE 3 | RB 1] Throughput = 1.08680 Mbps
17906[UE 2 | RB 1] Throughput = 1.11620 Mbps
17906[UE 3 | RB 1] Throughput = 1.11620 Mbps
18007[UE 2 | RB 1] Throughput = 1.06643 Mbps
18007[UE 3 | RB 1] Throughput = 1.06643 Mbps
18107[UE 2 | RB 1] Throughput = 1.07712 Mbps
18107[UE 3 | RB 1] Throughput = 1.07712 Mbps
18209[UE 2 | RB 1] Throughput = 0.94371 Mbps
18209[UE 3 | RB 1] Throughput = 0.94371 Mbps
18316[UE 2 | RB 1] Throughput = 1.11735 Mbps
18316[UE 3 | RB 1] Throughput = 1.11735 Mbps
18417[UE 2 | RB 1] Throughput = 1.07109 Mbps
18417[UE 3 | RB 1] Throughput = 1.07109 Mbps
18528[UE 2 | RB 1] Throughput = 1.07395 Mbps
18528[UE 3 | RB 1] Throughput = 1.07395 Mbps
18636[UE 2 | RB 1] Throughput = 1.10914 Mbps
18636[UE 3 | RB 1] Throughput = 1.10914 Mbps
18746[UE 2 | RB 1] Throughput = 1.09298 Mbps
18746[UE 3 | RB 1] Throughput = 1.09298 Mbps
18846[UE 2 | RB 1] Throughput = 1.07309 Mbps
18846[UE 3 | RB 1] Throughput = 1.07309 Mbps
18947[UE 2 | RB 1] Throughput = 0.95347 Mbps
18947[UE 3 | RB 1] Throughput = 0.95347 Mbps
19052[UE 2 | RB 1] Throughput = 1.02515 Mbps
19052[UE 3 | RB 1] Throughput = 1.02515 Mbps
19156[UE 2 | RB 1] Throughput = 1.15182 Mbps
19156[UE 3 | RB 1] Throughput = 1.15182 Mbps
19266[UE 2 | RB 1] Throughput = 1.08696 Mbps
19266[UE 3 | RB 1] Throughput = 1.08696 Mbps
19376[UE 2 | RB 1] Throughput = 1.09478 Mbps
19376[UE 3 | RB 1] Throughput = 1.09478 Mbps
19476[UE 2 | RB 1] Throughput = 1.07713 Mbps
19476[UE 3 | RB 1] Throughput = 1.07713 Mbps
19586[UE 2 | RB 1] Throughput = 0.98527 Mbps
19586[UE 3 | RB 1] Throughput = 1.09475 Mbps
19686[UE 2 | RB 1] Throughput = 1.07284 Mbps
19686[UE 3 | RB 1] Throughput = 0.95364 Mbps
19796[UE 2 | RB 1] Throughput = 1.09143 Mbps
19796[UE 3 | RB 1] Throughput = 1.09143 Mbps
19896[UE 2 | RB 1] Throughput = 1.07764 Mbps
19896[UE 3 | RB 1] Throughput = 1.07764 Mbps
19996[UE 2 | RB 1] Throughput = 1.07729 Mbps
19996[UE 3 | RB 1] Throughput = 1.07729 Mbps
20107[UE 2 | RB 1] Throughput = 1.08109 Mbps
20107[UE 3 | RB 1] Throughput = 1.08109 Mbps
20216[UE 2 | RB 1] Throughput = 1.09807 Mbps
20216[UE 3 | RB 1] Throughput = 1.09807 Mbps
20326[UE 2 | RB 1] Throughput = 0.98037 Mbps
20326[UE 3 | RB 1] Throughput = 0.98037 Mbps
20436[UE 2 | RB 1] Throughput = 1.09056 Mbps
20436[UE 3 | RB 1] Throughput = 1.09056 Mbps
20536[UE 2 | RB 1] Throughput = 1.07803 Mbps
20536[UE 3 | RB 1] Throughput = 1.07803 Mbps
20646[UE 2 | RB 1] Throughput = 1.08873 Mbps
20646[UE 3 | RB 1] Throughput = 1.08873 Mbps
20746[UE 2 | RB 1] Throughput = 1.07842 Mbps
20746[UE 3 | RB 1] Throughput = 1.07842 Mbps
20846[UE 2 | RB 1] Throughput = 1.07665 Mbps
20846[UE 3 | RB 1] Throughput = 1.07665 Mbps
20956[UE 2 | RB 1] Throughput = 1.08925 Mbps
20956[UE 3 | RB 1] Throughput = 1.08925 Mbps
21066[UE 2 | RB 1] Throughput = 0.98428 Mbps
21066[UE 3 | RB 1] Throughput = 0.98428 Mbps
21166[UE 2 | RB 1] Throughput = 1.07419 Mbps
21166[UE 3 | RB 1] Throughput = 1.07419 Mbps
21276[UE 2 | RB 1] Throughput = 1.09188 Mbps
21276[UE 3 | RB 1] Throughput = 1.09188 Mbps
21376[UE 2 | RB 1] Throughput = 1.07852 Mbps
21376[UE 3 | RB 1] Throughput = 1.07852 Mbps
21486[UE 2 | RB 1] Throughput = 1.08966 Mbps
21486[UE 3 | RB 1] Throughput = 1.08966 Mbps
21597[UE 2 | RB 1] Throughput = 1.08253 Mbps
21597[UE 3 | RB 1] Throughput = 1.08253 Mbps
21697[UE 2 | RB 1] Throughput = 1.07856 Mbps
21697[UE 3 | RB 1] Throughput = 1.07856 Mbps
21806[UE 2 | RB 1] Throughput = 0.98603 Mbps
21806[UE 3 | RB 1] Throughput = 0.98603 Mbps
21916[UE 2 | RB 1] Throughput = 1.09336 Mbps
21916[UE 3 | RB 1] Throughput = 1.09336 Mbps
22016[UE 2 | RB 1] Throughput = 1.07423 Mbps
22016[UE 3 | RB 1] Throughput = 1.07423 Mbps
22126[UE 2 | RB 1] Throughput = 1.09031 Mbps
22126[UE 3 | RB 1] Throughput = 1.09031 Mbps
22226[UE 2 | RB 1] Throughput = 1.07746 Mbps
22226[UE 3 | RB 1] Throughput = 1.07746 Mbps
22327[UE 2 | RB 1] Throughput = 1.07349 Mbps
22327[UE 3 | RB 1] Throughput = 1.07349 Mbps
22436[UE 2 | RB 1] Throughput = 1.09447 Mbps
22436[UE 3 | RB 1] Throughput = 1.09447 Mbps
22536[UE 2 | RB 1] Throughput = 1.07588 Mbps
22536[UE 3 | RB 1] Throughput = 1.07588 Mbps
22646[UE 2 | RB 1] Throughput = 0.98596 Mbps
22646[UE 3 | RB 1] Throughput = 0.98596 Mbps
22746[UE 2 | RB 1] Throughput = 1.07450 Mbps
22746[UE 3 | RB 1] Throughput = 1.07450 Mbps
22847[UE 2 | RB 1] Throughput = 1.07335 Mbps
22847[UE 3 | RB 1] Throughput = 1.07335 Mbps
22956[UE 2 | RB 1] Throughput = 1.09462 Mbps
22956[UE 3 | RB 1] Throughput = 1.09462 Mbps
23056[UE 2 | RB 1] Throughput = 1.07717 Mbps
23056[UE 3 | RB 1] Throughput = 1.07717 Mbps
23157[UE 2 | RB 1] Throughput = 1.07231 Mbps
23157[UE 3 | RB 1] Throughput = 1.07231 Mbps
23267[UE 2 | RB 1] Throughput = 1.08988 Mbps
23267[UE 3 | RB 1] Throughput = 1.08988 Mbps
23376[UE 2 | RB 1] Throughput = 0.98970 Mbps
23376[UE 3 | RB 1] Throughput = 0.98970 Mbps
23476[UE 2 | RB 1] Throughput = 1.07521 Mbps
23476[UE 3 | RB 1] Throughput = 1.07521 Mbps
23576[UE 2 | RB 1] Throughput = 1.07498 Mbps
23576[UE 3 | RB 1] Throughput = 1.07498 Mbps
23687[UE 2 | RB 1] Throughput = 1.07989 Mbps
23687[UE 3 | RB 1] Throughput = 1.07989 Mbps
23796[UE 2 | RB 1] Throughput = 1.10196 Mbps
23796[UE 3 | RB 1] Throughput = 1.10196 Mbps
23897[UE 2 | RB 1] Throughput = 1.06732 Mbps
23897[UE 3 | RB 1] Throughput = 1.06732 Mbps
24006[UE 2 | RB 1] Throughput = 1.09896 Mbps
24006[UE 3 | RB 1] Throughput = 1.09896 Mbps
24117[UE 2 | RB 1] Throughput = 0.97756 Mbps
24117[UE 3 | RB 1] Throughput = 0.97756 Mbps
24217[UE 2 | RB 1] Throughput = 1.07852 Mbps
24217[UE 3 | RB 1] Throughput = 1.07852 Mbps
24326[UE 2 | RB 1] Throughput = 1.09067 Mbps
24326[UE 3 | RB 1] Throughput = 1.09067 Mbps
24436[UE 2 | RB 1] Throughput = 1.09583 Mbps
24436[UE 3 | RB 1] Throughput = 1.09583 Mbps
24536[UE 2 | RB 1] Throughput = 1.07853 Mbps
24536[UE 3 | RB 1] Throughput = 1.07853 Mbps
24636[UE 2 | RB 1] Throughput = 1.07329 Mbps
24636[UE 3 | RB 1] Throughput = 1.07329 Mbps
24747[UE 2 | RB 1] Throughput = 1.08267 Mbps
24747[UE 3 | RB 1] Throughput = 1.08267 Mbps
24856[UE 2 | RB 1] Throughput = 0.98769 Mbps
24856[UE 3 | RB 1] Throughput = 0.98769 Mbps
24966[UE 2 | RB 1] Throughput = 1.09251 Mbps
24966[UE 3 | RB 1] Throughput = 1.09251 Mbps
25066[UE 2 | RB 1] Throughput = 1.07361 Mbps
25066[UE 3 | RB 1] Throughput = 1.07361 Mbps
25177[UE 2 | RB 1] Throughput = 1.08599 Mbps
25177[UE 3 | RB 1] Throughput = 1.08599 Mbps
25286[UE 2 | RB 1] Throughput = 1.09367 Mbps
25286[UE 3 | RB 1] Throughput = 1.09367 Mbps
25386[UE 2 | RB 1] Throughput = 1.07699 Mbps
25386[UE 3 | RB 1] Throughput = 1.07699 Mbps
25486[UE 2 | RB 1] Throughput = 1.07793 Mbps
25486[UE 3 | RB 1] Throughput = 1.07793 Mbps
25596[UE 2 | RB 1] Throughput = 0.98059 Mbps
25596[UE 3 | RB 1] Throughput = 0.98059 Mbps
25706[UE 2 | RB 1] Throughput = 1.09329 Mbps
25706[UE 3 | RB 1] Throughput = 1.09329 Mbps
25806[UE 2 | RB 1] Throughput = 1.07809 Mbps
25806[UE 3 | RB 1] Throughput = 1.07809 Mbps
25849[UE 1 | RB 1] Throughput = 0.00389 Mbps
25849[UE 5 | RB 1] Throughput = 0.00487 Mbps
25849[UE 4 | RB 1] Throughput = 0.00389 Mbps
25907[UE 2 | RB 1] Throughput = 1.07312 Mbps
25907[UE 3 | RB 1] Throughput = 1.07312 Mbps
25954[UE 1 | RB 1] Throughput = 125.84352 Mbps
25954[UE 5 | RB 1] Throughput = 125.84352 Mbps
25954[UE 4 | RB 1] Throughput = 125.95762 Mbps
26016[UE 2 | RB 1] Throughput = 1.09093 Mbps
26016[UE 3 | RB 1] Throughput = 1.09093 Mbps
26074[UE 1 | RB 1] Throughput = 0.79734 Mbps
26074[UE 5 | RB 1] Throughput = 0.79734 Mbps
26074[UE 4 | RB 1] Throughput = 0.79734 Mbps
26117[UE 2 | RB 1] Throughput = 1.07791 Mbps
26117[UE 3 | RB 1] Throughput = 1.07791 Mbps
26226[UE 2 | RB 1] Throughput = 1.09385 Mbps
26226[UE 3 | RB 1] Throughput = 1.09385 Mbps
26337[UE 2 | RB 1] Throughput = 0.96953 Mbps
26337[UE 3 | RB 1] Throughput = 0.96953 Mbps
26446[UE 2 | RB 1] Throughput = 1.10171 Mbps
26446[UE 3 | RB 1] Throughput = 1.10171 Mbps
26547[UE 2 | RB 1] Throughput = 1.07423 Mbps
26547[UE 3 | RB 1] Throughput = 1.07423 Mbps
26657[UE 2 | RB 1] Throughput = 1.08626 Mbps
26657[UE 3 | RB 1] Throughput = 1.08626 Mbps
26767[UE 2 | RB 1] Throughput = 1.08663 Mbps
26767[UE 3 | RB 1] Throughput = 1.08663 Mbps
26876[UE 2 | RB 1] Throughput = 1.10029 Mbps
26876[UE 3 | RB 1] Throughput = 1.10029 Mbps
26976[UE 2 | RB 1] Throughput = 0.95447 Mbps
26976[UE 3 | RB 1] Throughput = 0.95447 Mbps
27077[UE 2 | RB 1] Throughput = 1.07300 Mbps
27077[UE 3 | RB 1] Throughput = 1.07300 Mbps
27187[UE 2 | RB 1] Throughput = 1.09341 Mbps
27187[UE 3 | RB 1] Throughput = 1.09341 Mbps
27287[UE 2 | RB 1] Throughput = 1.07804 Mbps
27287[UE 3 | RB 1] Throughput = 1.07804 Mbps
27396[UE 2 | RB 1] Throughput = 1.09442 Mbps
27396[UE 3 | RB 1] Throughput = 1.09442 Mbps
27496[UE 2 | RB 1] Throughput = 1.07619 Mbps
27496[UE 3 | RB 1] Throughput = 1.07619 Mbps
27598[UE 2 | RB 1] Throughput = 1.06587 Mbps
27598[UE 3 | RB 1] Throughput = 1.06587 Mbps
27706[UE 2 | RB 1] Throughput = 1.10437 Mbps
27706[UE 3 | RB 1] Throughput = 1.10437 Mbps
27816[UE 2 | RB 1] Throughput = 0.98066 Mbps
27816[UE 3 | RB 1] Throughput = 0.98066 Mbps
27917[UE 2 | RB 1] Throughput = 1.07359 Mbps
27917[UE 3 | RB 1] Throughput = 1.07359 Mbps
28026[UE 2 | RB 1] Throughput = 1.09428 Mbps
28026[UE 3 | RB 1] Throughput = 1.09428 Mbps
28126[UE 2 | RB 1] Throughput = 1.07495 Mbps
28126[UE 3 | RB 1] Throughput = 1.07495 Mbps
28238[UE 2 | RB 1] Throughput = 1.07525 Mbps
28238[UE 3 | RB 1] Throughput = 1.07525 Mbps
28347[UE 2 | RB 1] Throughput = 1.10263 Mbps
28347[UE 3 | RB 1] Throughput = 1.10263 Mbps
28457[UE 2 | RB 1] Throughput = 0.98034 Mbps
28457[UE 3 | RB 1] Throughput = 0.98034 Mbps
28557[UE 2 | RB 1] Throughput = 1.07441 Mbps
28557[UE 3 | RB 1] Throughput = 1.07441 Mbps
28667[UE 2 | RB 1] Throughput = 1.09236 Mbps
28667[UE 3 | RB 1] Throughput = 1.09236 Mbps
28767[UE 2 | RB 1] Throughput = 1.07587 Mbps
28767[UE 3 | RB 1] Throughput = 1.07587 Mbps
28877[UE 2 | RB 1] Throughput = 1.09165 Mbps
28877[UE 3 | RB 1] Throughput = 1.09165 Mbps
28977[UE 2 | RB 1] Throughput = 1.07764 Mbps
28977[UE 3 | RB 1] Throughput = 1.07764 Mbps
29086[UE 2 | RB 1] Throughput = 1.09491 Mbps
29086[UE 3 | RB 1] Throughput = 1.09491 Mbps
29178[UE 1 | RB 1] Throughput = 0.02317 Mbps
29178[UE 5 | RB 1] Throughput = 0.01931 Mbps
29178[UE 4 | RB 1] Throughput = 0.01931 Mbps
29187[UE 2 | RB 1] Throughput = 1.07069 Mbps
29187[UE 3 | RB 1] Throughput = 1.07069 Mbps
29296[UE 2 | RB 1] Throughput = 0.98555 Mbps
29296[UE 3 | RB 1] Throughput = 0.98555 Mbps
29397[UE 2 | RB 1] Throughput = 1.07408 Mbps
29397[UE 3 | RB 1] Throughput = 1.07408 Mbps
29506[UE 2 | RB 1] Throughput = 1.09668 Mbps
29506[UE 3 | RB 1] Throughput = 1.09668 Mbps
29607[UE 2 | RB 1] Throughput = 1.07147 Mbps
29607[UE 3 | RB 1] Throughput = 1.07147 Mbps
29719[UE 2 | RB 1] Throughput = 1.06926 Mbps
29719[UE 3 | RB 1] Throughput = 1.06926 Mbps
29827[UE 2 | RB 1] Throughput = 1.10733 Mbps
29827[UE 3 | RB 1] Throughput = 1.10733 Mbps
29928[UE 2 | RB 1] Throughput = 1.06924 Mbps
29928[UE 3 | RB 1] Throughput = 1.06924 Mbps
30037[UE 2 | RB 1] Throughput = 0.99243 Mbps
30037[UE 3 | RB 1] Throughput = 0.99243 Mbps
30137[UE 2 | RB 1] Throughput = 1.07512 Mbps
30137[UE 3 | RB 1] Throughput = 1.07512 Mbps
30238[UE 2 | RB 1] Throughput = 1.06654 Mbps
30238[UE 3 | RB 1] Throughput = 1.06654 Mbps
30339[UE 2 | RB 1] Throughput = 1.07238 Mbps
30339[UE 3 | RB 1] Throughput = 1.07238 Mbps
30446[UE 2 | RB 1] Throughput = 1.11404 Mbps
30446[UE 3 | RB 1] Throughput = 1.11404 Mbps
30547[UE 2 | RB 1] Throughput = 1.06963 Mbps
30547[UE 3 | RB 1] Throughput = 1.06963 Mbps
30656[UE 2 | RB 1] Throughput = 1.09701 Mbps
30656[UE 3 | RB 1] Throughput = 1.09701 Mbps
30757[UE 2 | RB 1] Throughput = 1.07464 Mbps
30757[UE 3 | RB 1] Throughput = 1.07464 Mbps
30857[UE 2 | RB 1] Throughput = 0.95721 Mbps
30857[UE 3 | RB 1] Throughput = 0.95721 Mbps
30967[UE 2 | RB 1] Throughput = 1.09100 Mbps
30967[UE 3 | RB 1] Throughput = 1.09100 Mbps
31077[UE 2 | RB 1] Throughput = 1.08952 Mbps
31077[UE 3 | RB 1] Throughput = 1.08952 Mbps
31177[UE 2 | RB 1] Throughput = 1.07845 Mbps
31177[UE 3 | RB 1] Throughput = 1.07845 Mbps
31225[UE 1 | RB 1] Throughput = 0.70245 Mbps
31225[UE 5 | RB 1] Throughput = 0.70830 Mbps
31225[UE 4 | RB 1] Throughput = 0.70245 Mbps
31277[UE 2 | RB 1] Throughput = 1.07803 Mbps
31277[UE 3 | RB 1] Throughput = 1.07803 Mbps
31377[UE 2 | RB 1] Throughput = 1.07758 Mbps
31377[UE 3 | RB 1] Throughput = 1.07758 Mbps
31478[UE 2 | RB 1] Throughput = 1.07025 Mbps
31478[UE 3 | RB 1] Throughput = 1.07025 Mbps
31587[UE 2 | RB 1] Throughput = 1.09930 Mbps
31587[UE 3 | RB 1] Throughput = 1.09930 Mbps
31687[UE 2 | RB 1] Throughput = 0.95594 Mbps
31687[UE 3 | RB 1] Throughput = 0.95594 Mbps
31787[UE 2 | RB 1] Throughput = 1.07351 Mbps
31787[UE 3 | RB 1] Throughput = 1.07351 Mbps
31897[UE 2 | RB 1] Throughput = 1.09717 Mbps
31897[UE 3 | RB 1] Throughput = 1.09717 Mbps
32007[UE 2 | RB 1] Throughput = 1.08656 Mbps
32007[UE 3 | RB 1] Throughput = 1.08656 Mbps
32107[UE 2 | RB 1] Throughput = 1.07269 Mbps
32107[UE 3 | RB 1] Throughput = 1.07269 Mbps
32217[UE 2 | RB 1] Throughput = 1.09015 Mbps
32217[UE 3 | RB 1] Throughput = 1.09015 Mbps
32327[UE 2 | RB 1] Throughput = 1.09522 Mbps
32327[UE 3 | RB 1] Throughput = 1.09522 Mbps
32427[UE 2 | RB 1] Throughput = 0.95717 Mbps
32427[UE 3 | RB 1] Throughput = 0.95717 Mbps
32537[UE 2 | RB 1] Throughput = 1.09058 Mbps
32537[UE 3 | RB 1] Throughput = 1.09058 Mbps
32637[UE 2 | RB 1] Throughput = 1.07440 Mbps
32637[UE 3 | RB 1] Throughput = 1.07440 Mbps
32747[UE 2 | RB 1] Throughput = 1.09256 Mbps
32747[UE 3 | RB 1] Throughput = 1.09256 Mbps
32847[UE 2 | RB 1] Throughput = 1.07743 Mbps
32847[UE 3 | RB 1] Throughput = 1.07743 Mbps
32947[UE 2 | RB 1] Throughput = 1.07720 Mbps
32947[UE 3 | RB 1] Throughput = 1.07720 Mbps
33057[UE 2 | RB 1] Throughput = 1.08863 Mbps
33057[UE 3 | RB 1] Throughput = 1.08863 Mbps
33157[UE 2 | RB 1] Throughput = 0.95835 Mbps
33157[UE 3 | RB 1] Throughput = 0.95835 Mbps
33267[UE 2 | RB 1] Throughput = 1.09422 Mbps
33267[UE 3 | RB 1] Throughput = 1.09422 Mbps
33367[UE 2 | RB 1] Throughput = 1.07205 Mbps
33367[UE 3 | RB 1] Throughput = 1.07205 Mbps
33476[UE 2 | RB 1] Throughput = 1.09832 Mbps
33476[UE 3 | RB 1] Throughput = 1.09832 Mbps
33577[UE 2 | RB 1] Throughput = 1.07113 Mbps
33577[UE 3 | RB 1] Throughput = 1.07113 Mbps
33687[UE 2 | RB 1] Throughput = 1.09105 Mbps
33687[UE 3 | RB 1] Throughput = 1.09105 Mbps
33797[UE 2 | RB 1] Throughput = 1.09178 Mbps
33797[UE 3 | RB 1] Throughput = 1.09178 Mbps
33908[UE 2 | RB 1] Throughput = 0.97324 Mbps
33908[UE 3 | RB 1] Throughput = 0.97324 Mbps
34017[UE 2 | RB 1] Throughput = 1.09913 Mbps
34017[UE 3 | RB 1] Throughput = 1.09913 Mbps
34117[UE 2 | RB 1] Throughput = 1.07789 Mbps
34117[UE 3 | RB 1] Throughput = 1.07789 Mbps
34217[UE 2 | RB 1] Throughput = 1.07696 Mbps
34217[UE 3 | RB 1] Throughput = 1.07696 Mbps
34317[UE 2 | RB 1] Throughput = 1.07631 Mbps
34317[UE 3 | RB 1] Throughput = 1.07631 Mbps
34418[UE 2 | RB 1] Throughput = 1.07315 Mbps
34418[UE 3 | RB 1] Throughput = 1.07315 Mbps
34527[UE 2 | RB 1] Throughput = 1.09676 Mbps
34527[UE 3 | RB 1] Throughput = 1.09676 Mbps
34628[UE 2 | RB 1] Throughput = 1.06760 Mbps
34628[UE 3 | RB 1] Throughput = 1.06760 Mbps
34737[UE 2 | RB 1] Throughput = 0.98480 Mbps
34737[UE 3 | RB 1] Throughput = 0.98480 Mbps
34847[UE 2 | RB 1] Throughput = 1.09287 Mbps
34847[UE 3 | RB 1] Throughput = 1.09287 Mbps
34957[UE 2 | RB 1] Throughput = 1.09012 Mbps
34957[UE 3 | RB 1] Throughput = 1.09012 Mbps
35058[UE 2 | RB 1] Throughput = 1.06598 Mbps
35058[UE 3 | RB 1] Throughput = 1.06598 Mbps
35169[UE 2 | RB 1] Throughput = 1.07845 Mbps
35169[UE 3 | RB 1] Throughput = 1.07845 Mbps
35277[UE 2 | RB 1] Throughput = 1.11237 Mbps
35277[UE 3 | RB 1] Throughput = 1.11237 Mbps
35387[UE 2 | RB 1] Throughput = 0.98028 Mbps
35387[UE 3 | RB 1] Throughput = 0.98028 Mbps
35487[UE 2 | RB 1] Throughput = 1.07788 Mbps
35487[UE 3 | RB 1] Throughput = 1.07788 Mbps
35597[UE 2 | RB 1] Throughput = 1.08899 Mbps
35597[UE 3 | RB 1] Throughput = 1.08899 Mbps
35707[UE 2 | RB 1] Throughput = 1.09133 Mbps
35707[UE 3 | RB 1] Throughput = 1.09133 Mbps
35817[UE 2 | RB 1] Throughput = 1.09051 Mbps
35817[UE 3 | RB 1] Throughput = 1.09051 Mbps
35918[UE 2 | RB 1] Throughput = 1.06864 Mbps
35918[UE 3 | RB 1] Throughput = 1.06864 Mbps
36027[UE 2 | RB 1] Throughput = 0.98368 Mbps
36027[UE 3 | RB 1] Throughput = 0.98368 Mbps
36128[UE 2 | RB 1] Throughput = 1.07719 Mbps
36128[UE 3 | RB 1] Throughput = 1.07719 Mbps
36237[UE 2 | RB 1] Throughput = 1.09482 Mbps
36237[UE 3 | RB 1] Throughput = 1.09482 Mbps
36347[UE 2 | RB 1] Throughput = 1.08700 Mbps
36347[UE 3 | RB 1] Throughput = 1.08700 Mbps
36457[UE 2 | RB 1] Throughput = 1.08776 Mbps
36457[UE 3 | RB 1] Throughput = 1.08776 Mbps
36558[UE 2 | RB 1] Throughput = 1.07555 Mbps
36558[UE 3 | RB 1] Throughput = 1.07555 Mbps
36667[UE 2 | RB 1] Throughput = 0.98936 Mbps
36667[UE 3 | RB 1] Throughput = 1.09929 Mbps
36767[UE 2 | RB 1] Throughput = 1.07376 Mbps
36767[UE 3 | RB 1] Throughput = 0.95445 Mbps
36877[UE 2 | RB 1] Throughput = 1.09036 Mbps
36877[UE 3 | RB 1] Throughput = 1.09036 Mbps
36988[UE 2 | RB 1] Throughput = 1.08009 Mbps
36988[UE 3 | RB 1] Throughput = 1.08009 Mbps
37097[UE 2 | RB 1] Throughput = 1.09922 Mbps
37097[UE 3 | RB 1] Throughput = 1.09922 Mbps
37210[UE 2 | RB 1] Throughput = 1.06176 Mbps
37210[UE 3 | RB 1] Throughput = 1.06176 Mbps
37317[UE 2 | RB 1] Throughput = 1.00270 Mbps
37317[UE 3 | RB 1] Throughput = 1.00270 Mbps
37428[UE 2 | RB 1] Throughput = 1.08545 Mbps
37428[UE 3 | RB 1] Throughput = 1.08545 Mbps
37537[UE 2 | RB 1] Throughput = 1.09826 Mbps
37537[UE 3 | RB 1] Throughput = 1.09826 Mbps
37637[UE 2 | RB 1] Throughput = 1.07812 Mbps
37637[UE 3 | RB 1] Throughput = 1.07812 Mbps
37747[UE 2 | RB 1] Throughput = 1.09119 Mbps
37747[UE 3 | RB 1] Throughput = 1.09119 Mbps
37847[UE 2 | RB 1] Throughput = 1.07662 Mbps
37847[UE 3 | RB 1] Throughput = 1.07662 Mbps
37948[UE 2 | RB 1] Throughput = 1.07260 Mbps
37948[UE 3 | RB 1] Throughput = 1.07260 Mbps
38048[UE 2 | RB 1] Throughput = 1.07585 Mbps
38048[UE 3 | RB 1] Throughput = 1.07585 Mbps
38157[UE 2 | RB 1] Throughput = 0.98744 Mbps
38157[UE 3 | RB 1] Throughput = 0.98744 Mbps
38267[UE 2 | RB 1] Throughput = 1.09045 Mbps
38267[UE 3 | RB 1] Throughput = 1.09045 Mbps
38367[UE 2 | RB 1] Throughput = 1.07748 Mbps
38367[UE 3 | RB 1] Throughput = 1.07748 Mbps
38468[UE 2 | RB 1] Throughput = 1.07008 Mbps
38468[UE 3 | RB 1] Throughput = 1.07008 Mbps
38569[UE 2 | RB 1] Throughput = 1.06723 Mbps
38569[UE 3 | RB 1] Throughput = 1.06723 Mbps
38678[UE 2 | RB 1] Throughput = 1.10230 Mbps
38678[UE 3 | RB 1] Throughput = 1.10230 Mbps
38788[UE 2 | RB 1] Throughput = 1.08982 Mbps
38788[UE 3 | RB 1] Throughput = 1.08982 Mbps
38897[UE 2 | RB 1] Throughput = 0.98588 Mbps
38897[UE 3 | RB 1] Throughput = 0.98588 Mbps
38999[UE 2 | RB 1] Throughput = 1.06019 Mbps
38999[UE 3 | RB 1] Throughput = 1.06019 Mbps
39108[UE 2 | RB 1] Throughput = 1.09984 Mbps
39108[UE 3 | RB 1] Throughput = 1.09984 Mbps
39217[UE 2 | RB 1] Throughput = 1.09309 Mbps
39217[UE 3 | RB 1] Throughput = 1.09309 Mbps
39318[UE 2 | RB 1] Throughput = 1.07016 Mbps
39318[UE 3 | RB 1] Throughput = 1.07016 Mbps
39417[UE 1 | RB 1] Throughput = 0.02487 Mbps
39417[UE 5 | RB 1] Throughput = 0.02487 Mbps
39417[UE 4 | RB 1] Throughput = 0.02487 Mbps
39438[UE 2 | RB 1] Throughput = 1.00217 Mbps
39438[UE 3 | RB 1] Throughput = 1.00217 Mbps
39547[UE 2 | RB 1] Throughput = 1.09418 Mbps
39547[UE 3 | RB 1] Throughput = 1.09418 Mbps
39555[UE 1 | RB 1] Throughput = 91.98799 Mbps
39555[UE 5 | RB 1] Throughput = 91.98799 Mbps
39555[UE 4 | RB 1] Throughput = 92.07493 Mbps
39657[UE 2 | RB 1] Throughput = 1.09184 Mbps
39657[UE 3 | RB 1] Throughput = 1.09184 Mbps
39664[UE 1 | RB 1] Throughput = 1.53675 Mbps
39664[UE 5 | RB 1] Throughput = 1.42698 Mbps
39664[UE 4 | RB 1] Throughput = 1.42698 Mbps
39757[UE 2 | RB 1] Throughput = 1.07772 Mbps
39757[UE 3 | RB 1] Throughput = 1.07772 Mbps
39775[UE 1 | RB 1] Throughput = 0.86348 Mbps
39775[UE 5 | RB 1] Throughput = 0.97141 Mbps
39775[UE 4 | RB 1] Throughput = 0.86348 Mbps
39857[UE 2 | RB 1] Throughput = 1.07792 Mbps
39857[UE 3 | RB 1] Throughput = 1.07792 Mbps
39906[UE 1 | RB 1] Throughput = 0.92071 Mbps
39906[UE 5 | RB 1] Throughput = 0.92071 Mbps
39906[UE 4 | RB 1] Throughput = 1.01278 Mbps
39957[UE 2 | RB 1] Throughput = 1.07844 Mbps
39957[UE 3 | RB 1] Throughput = 1.07844 Mbps
40067[UE 2 | RB 1] Throughput = 1.09181 Mbps
40067[UE 3 | RB 1] Throughput = 1.09181 Mbps
40167[UE 2 | RB 1] Throughput = 1.07804 Mbps
40167[UE 3 | RB 1] Throughput = 1.07804 Mbps
40269[UE 2 | RB 1] Throughput = 1.06154 Mbps
40269[UE 3 | RB 1] Throughput = 1.06154 Mbps
40377[UE 2 | RB 1] Throughput = 0.99256 Mbps
40377[UE 3 | RB 1] Throughput = 0.99256 Mbps
40487[UE 2 | RB 1] Throughput = 1.08941 Mbps
40487[UE 3 | RB 1] Throughput = 1.08941 Mbps
40587[UE 2 | RB 1] Throughput = 1.07630 Mbps
40587[UE 3 | RB 1] Throughput = 1.07630 Mbps
40688[UE 2 | RB 1] Throughput = 1.07113 Mbps
40688[UE 3 | RB 1] Throughput = 1.07113 Mbps
40797[UE 2 | RB 1] Throughput = 1.09886 Mbps
40797[UE 3 | RB 1] Throughput = 1.09886 Mbps
40897[UE 2 | RB 1] Throughput = 1.07702 Mbps
40897[UE 3 | RB 1] Throughput = 1.07702 Mbps
41007[UE 2 | RB 1] Throughput = 1.09253 Mbps
41007[UE 3 | RB 1] Throughput = 1.09253 Mbps
41107[UE 2 | RB 1] Throughput = 0.95580 Mbps
41107[UE 3 | RB 1] Throughput = 0.95580 Mbps
41207[UE 2 | RB 1] Throughput = 1.07836 Mbps
41207[UE 3 | RB 1] Throughput = 1.07836 Mbps
41317[UE 2 | RB 1] Throughput = 1.09116 Mbps
41317[UE 3 | RB 1] Throughput = 1.09116 Mbps
41417[UE 2 | RB 1] Throughput = 1.07845 Mbps
41417[UE 3 | RB 1] Throughput = 1.07845 Mbps
41518[UE 2 | RB 1] Throughput = 1.06712 Mbps
41518[UE 3 | RB 1] Throughput = 1.06712 Mbps
41628[UE 2 | RB 1] Throughput = 1.09413 Mbps
41628[UE 3 | RB 1] Throughput = 1.09413 Mbps
41737[UE 2 | RB 1] Throughput = 1.09526 Mbps
41737[UE 3 | RB 1] Throughput = 1.09526 Mbps
41847[UE 2 | RB 1] Throughput = 0.98184 Mbps
41847[UE 3 | RB 1] Throughput = 0.98184 Mbps
41947[UE 2 | RB 1] Throughput = 1.07659 Mbps
41947[UE 3 | RB 1] Throughput = 1.07659 Mbps
42048[UE 2 | RB 1] Throughput = 1.07485 Mbps
42048[UE 3 | RB 1] Throughput = 1.07485 Mbps
42158[UE 2 | RB 1] Throughput = 1.08558 Mbps
42158[UE 3 | RB 1] Throughput = 1.08558 Mbps
42267[UE 2 | RB 1] Throughput = 1.09714 Mbps
42267[UE 3 | RB 1] Throughput = 1.09714 Mbps
42377[UE 2 | RB 1] Throughput = 1.08943 Mbps
42377[UE 3 | RB 1] Throughput = 1.08943 Mbps
42487[UE 2 | RB 1] Throughput = 0.98118 Mbps
42487[UE 3 | RB 1] Throughput = 0.98118 Mbps
42588[UE 2 | RB 1] Throughput = 1.07367 Mbps
42588[UE 3 | RB 1] Throughput = 1.07367 Mbps
42688[UE 2 | RB 1] Throughput = 1.07226 Mbps
42688[UE 3 | RB 1] Throughput = 1.07226 Mbps
42797[UE 2 | RB 1] Throughput = 1.10045 Mbps
42797[UE 3 | RB 1] Throughput = 1.10045 Mbps
42897[UE 2 | RB 1] Throughput = 1.07796 Mbps
42897[UE 3 | RB 1] Throughput = 1.07796 Mbps
42997[UE 2 | RB 1] Throughput = 1.07756 Mbps
42997[UE 3 | RB 1] Throughput = 1.07756 Mbps
43001[UE 1 | RB 1] Throughput = 0.02323 Mbps
43001[UE 5 | RB 1] Throughput = 0.02323 Mbps
43001[UE 4 | RB 1] Throughput = 0.01935 Mbps
43107[UE 2 | RB 1] Throughput = 1.09417 Mbps
43107[UE 3 | RB 1] Throughput = 1.09417 Mbps
43207[UE 2 | RB 1] Throughput = 1.07187 Mbps
43207[UE 3 | RB 1] Throughput = 1.07187 Mbps
43307[UE 2 | RB 1] Throughput = 1.07789 Mbps
43307[UE 3 | RB 1] Throughput = 1.07789 Mbps
43417[UE 2 | RB 1] Throughput = 0.98110 Mbps
43417[UE 3 | RB 1] Throughput = 0.98110 Mbps
43528[UE 2 | RB 1] Throughput = 1.08577 Mbps
43528[UE 3 | RB 1] Throughput = 1.08577 Mbps
43629[UE 2 | RB 1] Throughput = 1.05973 Mbps
43629[UE 3 | RB 1] Throughput = 1.05973 Mbps
43737[UE 2 | RB 1] Throughput = 1.11494 Mbps
43737[UE 3 | RB 1] Throughput = 1.11494 Mbps
43837[UE 2 | RB 1] Throughput = 1.07785 Mbps
43837[UE 3 | RB 1] Throughput = 1.07785 Mbps
43937[UE 2 | RB 1] Throughput = 1.07387 Mbps
43937[UE 3 | RB 1] Throughput = 1.07387 Mbps
44049[UE 2 | RB 1] Throughput = 1.07813 Mbps
44049[UE 3 | RB 1] Throughput = 1.07813 Mbps
44089[UE 1 | RB 1] Throughput = 3.08504 Mbps
44089[UE 5 | RB 1] Throughput = 3.08504 Mbps
44089[UE 4 | RB 1] Throughput = 3.08504 Mbps
44157[UE 2 | RB 1] Throughput = 0.99432 Mbps
44157[UE 3 | RB 1] Throughput = 0.99432 Mbps
44257[UE 2 | RB 1] Throughput = 1.07542 Mbps
44257[UE 3 | RB 1] Throughput = 1.07542 Mbps
44358[UE 2 | RB 1] Throughput = 1.07725 Mbps
44358[UE 3 | RB 1] Throughput = 1.07725 Mbps
44458[UE 2 | RB 1] Throughput = 1.07629 Mbps
44458[UE 3 | RB 1] Throughput = 1.07629 Mbps
44558[UE 2 | RB 1] Throughput = 1.07722 Mbps
44558[UE 3 | RB 1] Throughput = 1.07722 Mbps
44667[UE 2 | RB 1] Throughput = 1.09720 Mbps
44667[UE 3 | RB 1] Throughput = 1.09720 Mbps
44771[UE 2 | RB 1] Throughput = 1.03506 Mbps
44771[UE 3 | RB 1] Throughput = 1.03506 Mbps
44877[UE 2 | RB 1] Throughput = 1.12878 Mbps
44877[UE 3 | RB 1] Throughput = 1.12878 Mbps
44990[UE 2 | RB 1] Throughput = 0.95712 Mbps
44990[UE 3 | RB 1] Throughput = 0.95712 Mbps
45097[UE 2 | RB 1] Throughput = 1.11880 Mbps
45097[UE 3 | RB 1] Throughput = 1.11880 Mbps
45197[UE 2 | RB 1] Throughput = 1.07796 Mbps
45197[UE 3 | RB 1] Throughput = 1.07796 Mbps
45297[UE 2 | RB 1] Throughput = 1.07664 Mbps
45297[UE 3 | RB 1] Throughput = 1.07664 Mbps
45408[UE 2 | RB 1] Throughput = 1.08757 Mbps
45408[UE 3 | RB 1] Throughput = 1.08757 Mbps
45517[UE 2 | RB 1] Throughput = 1.09317 Mbps
45517[UE 3 | RB 1] Throughput = 1.09317 Mbps
45618[UE 2 | RB 1] Throughput = 1.07492 Mbps
45618[UE 3 | RB 1] Throughput = 1.07492 Mbps
45718[UE 2 | RB 1] Throughput = 0.95207 Mbps
45718[UE 3 | RB 1] Throughput = 0.95207 Mbps
45827[UE 2 | RB 1] Throughput = 1.10198 Mbps
45827[UE 3 | RB 1] Throughput = 1.10198 Mbps
45927[UE 2 | RB 1] Throughput = 1.07730 Mbps
45927[UE 3 | RB 1] Throughput = 1.07730 Mbps
46027[UE 2 | RB 1] Throughput = 1.07693 Mbps
46027[UE 3 | RB 1] Throughput = 1.07693 Mbps
46127[UE 2 | RB 1] Throughput = 1.07837 Mbps
46127[UE 3 | RB 1] Throughput = 1.07837 Mbps
46227[UE 2 | RB 1] Throughput = 1.07733 Mbps
46227[UE 3 | RB 1] Throughput = 1.07733 Mbps
46328[UE 2 | RB 1] Throughput = 1.07777 Mbps
46328[UE 3 | RB 1] Throughput = 1.07777 Mbps
46438[UE 2 | RB 1] Throughput = 1.08933 Mbps
46438[UE 3 | RB 1] Throughput = 1.08933 Mbps
46538[UE 2 | RB 1] Throughput = 1.07825 Mbps
46538[UE 3 | RB 1] Throughput = 1.07825 Mbps
46647[UE 2 | RB 1] Throughput = 0.98511 Mbps
46647[UE 3 | RB 1] Throughput = 0.98511 Mbps
46748[UE 2 | RB 1] Throughput = 1.06817 Mbps
46748[UE 3 | RB 1] Throughput = 1.06817 Mbps
46857[UE 2 | RB 1] Throughput = 1.09845 Mbps
46857[UE 3 | RB 1] Throughput = 1.09845 Mbps
46967[UE 2 | RB 1] Throughput = 1.08914 Mbps
46967[UE 3 | RB 1] Throughput = 1.08914 Mbps
47067[UE 2 | RB 1] Throughput = 1.07693 Mbps
47067[UE 3 | RB 1] Throughput = 1.07693 Mbps
47167[UE 2 | RB 1] Throughput = 1.07834 Mbps
47167[UE 3 | RB 1] Throughput = 1.07834 Mbps
47268[UE 2 | RB 1] Throughput = 1.07553 Mbps
47268[UE 3 | RB 1] Throughput = 1.07553 Mbps
47377[UE 2 | RB 1] Throughput = 1.09514 Mbps
47377[UE 3 | RB 1] Throughput = 1.09514 Mbps
47477[UE 2 | RB 1] Throughput = 0.95733 Mbps
47477[UE 3 | RB 1] Throughput = 0.95733 Mbps
47587[UE 2 | RB 1] Throughput = 1.08955 Mbps
47587[UE 3 | RB 1] Throughput = 1.08955 Mbps
47688[UE 2 | RB 1] Throughput = 1.07133 Mbps
47688[UE 3 | RB 1] Throughput = 1.07133 Mbps
47798[UE 2 | RB 1] Throughput = 1.09278 Mbps
47798[UE 3 | RB 1] Throughput = 1.09278 Mbps
47898[UE 2 | RB 1] Throughput = 1.07727 Mbps
47898[UE 3 | RB 1] Throughput = 1.07727 Mbps
47999[UE 2 | RB 1] Throughput = 1.06846 Mbps
47999[UE 3 | RB 1] Throughput = 1.06846 Mbps
48108[UE 2 | RB 1] Throughput = 1.09810 Mbps
48108[UE 3 | RB 1] Throughput = 1.09810 Mbps
48218[UE 2 | RB 1] Throughput = 0.98135 Mbps
48218[UE 3 | RB 1] Throughput = 0.98135 Mbps
48328[UE 2 | RB 1] Throughput = 1.09008 Mbps
48328[UE 3 | RB 1] Throughput = 1.09008 Mbps
48428[UE 2 | RB 1] Throughput = 1.07285 Mbps
48428[UE 3 | RB 1] Throughput = 1.07285 Mbps
48538[UE 2 | RB 1] Throughput = 1.09148 Mbps
48538[UE 3 | RB 1] Throughput = 1.09148 Mbps
48647[UE 2 | RB 1] Throughput = 1.09601 Mbps
48647[UE 3 | RB 1] Throughput = 1.09601 Mbps
48748[UE 2 | RB 1] Throughput = 1.07440 Mbps
48748[UE 3 | RB 1] Throughput = 1.07440 Mbps
48858[UE 2 | RB 1] Throughput = 0.97975 Mbps
48858[UE 3 | RB 1] Throughput = 0.97975 Mbps
48958[UE 2 | RB 1] Throughput = 1.07588 Mbps
48958[UE 3 | RB 1] Throughput = 1.07588 Mbps
49068[UE 2 | RB 1] Throughput = 1.09347 Mbps
49068[UE 3 | RB 1] Throughput = 1.09347 Mbps
49168[UE 2 | RB 1] Throughput = 1.07206 Mbps
49168[UE 3 | RB 1] Throughput = 1.07206 Mbps
49268[UE 2 | RB 1] Throughput = 1.07685 Mbps
49268[UE 3 | RB 1] Throughput = 1.07685 Mbps
49274[UE 1 | RB 1] Throughput = 0.21958 Mbps
49274[UE 5 | RB 1] Throughput = 0.21958 Mbps
49274[UE 4 | RB 1] Throughput = 0.22189 Mbps
49378[UE 2 | RB 1] Throughput = 1.09607 Mbps
49378[UE 3 | RB 1] Throughput = 1.09607 Mbps
49479[UE 2 | RB 1] Throughput = 1.06460 Mbps
49479[UE 3 | RB 1] Throughput = 1.06460 Mbps
49588[UE 2 | RB 1] Throughput = 1.10098 Mbps
49588[UE 3 | RB 1] Throughput = 1.10098 Mbps
49698[UE 2 | RB 1] Throughput = 0.98197 Mbps
49698[UE 3 | RB 1] Throughput = 0.98197 Mbps
49807[UE 2 | RB 1] Throughput = 1.09228 Mbps
49807[UE 3 | RB 1] Throughput = 1.09228 Mbps
49908[UE 2 | RB 1] Throughput = 1.07130 Mbps
49908[UE 3 | RB 1] Throughput = 1.07130 Mbps
50017[UE 2 | RB 1] Throughput = 1.09541 Mbps
50017[UE 3 | RB 1] Throughput = 1.09541 Mbps
50118[UE 2 | RB 1] Throughput = 1.07581 Mbps
50118[UE 3 | RB 1] Throughput = 1.07581 Mbps
50228[UE 2 | RB 1] Throughput = 1.09034 Mbps
50228[UE 3 | RB 1] Throughput = 1.09034 Mbps
50338[UE 2 | RB 1] Throughput = 0.98031 Mbps
50338[UE 3 | RB 1] Throughput = 0.98031 Mbps
50438[UE 2 | RB 1] Throughput = 1.07634 Mbps
50438[UE 3 | RB 1] Throughput = 1.07634 Mbps
50548[UE 2 | RB 1] Throughput = 1.09116 Mbps
50548[UE 3 | RB 1] Throughput = 1.09116 Mbps
50661[UE 2 | RB 1] Throughput = 1.06004 Mbps
50661[UE 3 | RB 1] Throughput = 1.06004 Mbps
50768[UE 2 | RB 1] Throughput = 1.12014 Mbps
50768[UE 3 | RB 1] Throughput = 1.12014 Mbps
50878[UE 2 | RB 1] Throughput = 1.08886 Mbps
50878[UE 3 | RB 1] Throughput = 1.08886 Mbps
50988[UE 2 | RB 1] Throughput = 0.98251 Mbps
50988[UE 3 | RB 1] Throughput = 0.98251 Mbps
51088[UE 2 | RB 1] Throughput = 1.07820 Mbps
51088[UE 3 | RB 1] Throughput = 1.07820 Mbps
51188[UE 2 | RB 1] Throughput = 1.07824 Mbps
51188[UE 3 | RB 1] Throughput = 1.07824 Mbps
51288[UE 2 | RB 1] Throughput = 1.07821 Mbps
51288[UE 3 | RB 1] Throughput = 1.07821 Mbps
51388[UE 2 | RB 1] Throughput = 1.07854 Mbps
51388[UE 3 | RB 1] Throughput = 1.07854 Mbps
51488[UE 2 | RB 1] Throughput = 1.07464 Mbps
51488[UE 3 | RB 1] Throughput = 1.07464 Mbps
51598[UE 2 | RB 1] Throughput = 1.09343 Mbps
51598[UE 3 | RB 1] Throughput = 1.09343 Mbps
51698[UE 2 | RB 1] Throughput = 1.07552 Mbps
51698[UE 3 | RB 1] Throughput = 1.07552 Mbps
51798[UE 2 | RB 1] Throughput = 1.07770 Mbps
51798[UE 3 | RB 1] Throughput = 1.07770 Mbps
51909[UE 2 | RB 1] Throughput = 0.97346 Mbps
51909[UE 3 | RB 1] Throughput = 0.97346 Mbps
52017[UE 2 | RB 1] Throughput = 1.10430 Mbps
52017[UE 3 | RB 1] Throughput = 1.10430 Mbps
52118[UE 2 | RB 1] Throughput = 1.07117 Mbps
52118[UE 3 | RB 1] Throughput = 1.07117 Mbps
52228[UE 2 | RB 1] Throughput = 1.09304 Mbps
52228[UE 3 | RB 1] Throughput = 1.09304 Mbps
52328[UE 2 | RB 1] Throughput = 1.07571 Mbps
52328[UE 3 | RB 1] Throughput = 1.07571 Mbps
52428[UE 2 | RB 1] Throughput = 1.07348 Mbps
52428[UE 3 | RB 1] Throughput = 1.07348 Mbps
52538[UE 2 | RB 1] Throughput = 1.09735 Mbps
52538[UE 3 | RB 1] Throughput = 1.09735 Mbps
52638[UE 2 | RB 1] Throughput = 1.07423 Mbps
52638[UE 3 | RB 1] Throughput = 1.07423 Mbps
52748[UE 2 | RB 1] Throughput = 0.98059 Mbps
52748[UE 3 | RB 1] Throughput = 0.98059 Mbps
52848[UE 2 | RB 1] Throughput = 1.07659 Mbps
52848[UE 3 | RB 1] Throughput = 1.07659 Mbps
52958[UE 2 | RB 1] Throughput = 1.09341 Mbps
52958[UE 3 | RB 1] Throughput = 1.09341 Mbps
53068[UE 2 | RB 1] Throughput = 1.09009 Mbps
53068[UE 3 | RB 1] Throughput = 1.09009 Mbps
53168[UE 2 | RB 1] Throughput = 1.07832 Mbps
53168[UE 3 | RB 1] Throughput = 1.07832 Mbps
53269[UE 2 | RB 1] Throughput = 1.06548 Mbps
53269[UE 3 | RB 1] Throughput = 1.06548 Mbps
53307[UE 1 | RB 1] Throughput = 0.43974 Mbps
53307[UE 5 | RB 1] Throughput = 0.43974 Mbps
53307[UE 4 | RB 1] Throughput = 0.43974 Mbps
53377[UE 2 | RB 1] Throughput = 1.10680 Mbps
53377[UE 3 | RB 1] Throughput = 1.10680 Mbps
53479[UE 2 | RB 1] Throughput = 0.94431 Mbps
53479[UE 3 | RB 1] Throughput = 0.94431 Mbps
53588[UE 2 | RB 1] Throughput = 1.09354 Mbps
53588[UE 3 | RB 1] Throughput = 1.09354 Mbps
53697[UE 2 | RB 1] Throughput = 1.10028 Mbps
53697[UE 3 | RB 1] Throughput = 1.10028 Mbps
53799[UE 2 | RB 1] Throughput = 1.05876 Mbps
53799[UE 3 | RB 1] Throughput = 1.05876 Mbps
53908[UE 2 | RB 1] Throughput = 1.10395 Mbps
53908[UE 3 | RB 1] Throughput = 1.10395 Mbps
54008[UE 2 | RB 1] Throughput = 1.07826 Mbps
54008[UE 3 | RB 1] Throughput = 1.07826 Mbps
54118[UE 2 | RB 1] Throughput = 1.09055 Mbps
54118[UE 3 | RB 1] Throughput = 0.98149 Mbps
54218[UE 2 | RB 1] Throughput = 0.95855 Mbps
54218[UE 3 | RB 1] Throughput = 1.07837 Mbps
54320[UE 2 | RB 1] Throughput = 1.05382 Mbps
54320[UE 3 | RB 1] Throughput = 1.05382 Mbps
54428[UE 2 | RB 1] Throughput = 1.11181 Mbps
54428[UE 3 | RB 1] Throughput = 1.11181 Mbps
54528[UE 2 | RB 1] Throughput = 1.07657 Mbps
54528[UE 3 | RB 1] Throughput = 1.07657 Mbps
54628[UE 2 | RB 1] Throughput = 1.07787 Mbps
54628[UE 3 | RB 1] Throughput = 1.07787 Mbps
54738[UE 2 | RB 1] Throughput = 1.09044 Mbps
54738[UE 3 | RB 1] Throughput = 1.09044 Mbps
54848[UE 2 | RB 1] Throughput = 1.08939 Mbps
54848[UE 3 | RB 1] Throughput = 1.08939 Mbps
54949[UE 2 | RB 1] Throughput = 1.07014 Mbps
54949[UE 3 | RB 1] Throughput = 1.07014 Mbps
55058[UE 2 | RB 1] Throughput = 0.98347 Mbps
55058[UE 3 | RB 1] Throughput = 0.98347 Mbps
55169[UE 2 | RB 1] Throughput = 1.08726 Mbps
55169[UE 3 | RB 1] Throughput = 1.08726 Mbps
55278[UE 2 | RB 1] Throughput = 1.09490 Mbps
55278[UE 3 | RB 1] Throughput = 1.09490 Mbps
55356[UE 1 | RB 1] Throughput = 1.94251 Mbps
55356[UE 5 | RB 1] Throughput = 1.94251 Mbps
55356[UE 4 | RB 1] Throughput = 1.93665 Mbps
55388[UE 2 | RB 1] Throughput = 1.08602 Mbps
55388[UE 3 | RB 1] Throughput = 1.08602 Mbps
55489[UE 2 | RB 1] Throughput = 1.07265 Mbps
55489[UE 3 | RB 1] Throughput = 1.07265 Mbps
55598[UE 2 | RB 1] Throughput = 0.99042 Mbps
55598[UE 3 | RB 1] Throughput = 0.99042 Mbps
55698[UE 2 | RB 1] Throughput = 1.07771 Mbps
55698[UE 3 | RB 1] Throughput = 1.07771 Mbps
55798[UE 2 | RB 1] Throughput = 1.07778 Mbps
55798[UE 3 | RB 1] Throughput = 1.07778 Mbps
55898[UE 2 | RB 1] Throughput = 1.07778 Mbps
55898[UE 3 | RB 1] Throughput = 1.07778 Mbps
56008[UE 2 | RB 1] Throughput = 1.09207 Mbps
56008[UE 3 | RB 1] Throughput = 1.09207 Mbps
56109[UE 2 | RB 1] Throughput = 1.06896 Mbps
56109[UE 3 | RB 1] Throughput = 1.06896 Mbps
56218[UE 2 | RB 1] Throughput = 1.09564 Mbps
56218[UE 3 | RB 1] Throughput = 1.09564 Mbps
56328[UE 2 | RB 1] Throughput = 1.09008 Mbps
56328[UE 3 | RB 1] Throughput = 1.09008 Mbps
56438[UE 2 | RB 1] Throughput = 0.98103 Mbps
56438[UE 3 | RB 1] Throughput = 0.98103 Mbps
56548[UE 2 | RB 1] Throughput = 1.08742 Mbps
56548[UE 3 | RB 1] Throughput = 1.08742 Mbps
56648[UE 2 | RB 1] Throughput = 1.07536 Mbps
56648[UE 3 | RB 1] Throughput = 1.07536 Mbps
56758[UE 2 | RB 1] Throughput = 1.09277 Mbps
56758[UE 3 | RB 1] Throughput = 1.09277 Mbps
56860[UE 2 | RB 1] Throughput = 1.05746 Mbps
56860[UE 3 | RB 1] Throughput = 1.05746 Mbps
56971[UE 2 | RB 1] Throughput = 1.08429 Mbps
56971[UE 3 | RB 1] Throughput = 1.08429 Mbps
57078[UE 2 | RB 1] Throughput = 1.00507 Mbps
57078[UE 3 | RB 1] Throughput = 1.00507 Mbps
57178[UE 2 | RB 1] Throughput = 1.07791 Mbps
57178[UE 3 | RB 1] Throughput = 1.07791 Mbps
57278[UE 2 | RB 1] Throughput = 1.07816 Mbps
57278[UE 3 | RB 1] Throughput = 1.07816 Mbps
57378[UE 2 | RB 1] Throughput = 1.07846 Mbps
57378[UE 3 | RB 1] Throughput = 1.07846 Mbps
57478[UE 2 | RB 1] Throughput = 1.07796 Mbps
57478[UE 3 | RB 1] Throughput = 1.07796 Mbps
57579[UE 2 | RB 1] Throughput = 1.07023 Mbps
57579[UE 3 | RB 1] Throughput = 1.07023 Mbps
57688[UE 2 | RB 1] Throughput = 1.09918 Mbps
57688[UE 3 | RB 1] Throughput = 1.09918 Mbps
57788[UE 2 | RB 1] Throughput = 1.07731 Mbps
57788[UE 3 | RB 1] Throughput = 1.07731 Mbps
57898[UE 2 | RB 1] Throughput = 1.08943 Mbps
57898[UE 3 | RB 1] Throughput = 1.08943 Mbps
57998[UE 2 | RB 1] Throughput = 0.95781 Mbps
57998[UE 3 | RB 1] Throughput = 0.95781 Mbps
58098[UE 2 | RB 1] Throughput = 1.07841 Mbps
58098[UE 3 | RB 1] Throughput = 1.07841 Mbps
58209[UE 2 | RB 1] Throughput = 1.07876 Mbps
58209[UE 3 | RB 1] Throughput = 1.07876 Mbps
58318[UE 2 | RB 1] Throughput = 1.09762 Mbps
58318[UE 3 | RB 1] Throughput = 1.09762 Mbps
58419[UE 2 | RB 1] Throughput = 1.07322 Mbps
58419[UE 3 | RB 1] Throughput = 1.07322 Mbps
58528[UE 2 | RB 1] Throughput = 1.09766 Mbps
58528[UE 3 | RB 1] Throughput = 1.09766 Mbps
58629[UE 2 | RB 1] Throughput = 1.06905 Mbps
58629[UE 3 | RB 1] Throughput = 1.06905 Mbps
58739[UE 2 | RB 1] Throughput = 0.98190 Mbps
58739[UE 3 | RB 1] Throughput = 0.98190 Mbps
58849[UE 2 | RB 1] Throughput = 1.09061 Mbps
58849[UE 3 | RB 1] Throughput = 1.09061 Mbps
58959[UE 2 | RB 1] Throughput = 1.08967 Mbps
58959[UE 3 | RB 1] Throughput = 1.08967 Mbps
59069[UE 2 | RB 1] Throughput = 1.08604 Mbps
59069[UE 3 | RB 1] Throughput = 1.08604 Mbps
59178[UE 2 | RB 1] Throughput = 1.10055 Mbps
59178[UE 3 | RB 1] Throughput = 1.10055 Mbps
59278[UE 2 | RB 1] Throughput = 1.07473 Mbps
59278[UE 3 | RB 1] Throughput = 1.07473 Mbps
59379[UE 2 | RB 1] Throughput = 1.07219 Mbps
59379[UE 3 | RB 1] Throughput = 1.07219 Mbps
59488[UE 2 | RB 1] Throughput = 0.98539 Mbps
59488[UE 3 | RB 1] Throughput = 0.98539 Mbps
59588[UE 2 | RB 1] Throughput = 1.07840 Mbps
59588[UE 3 | RB 1] Throughput = 1.07840 Mbps
59699[UE 2 | RB 1] Throughput = 1.08678 Mbps
59699[UE 3 | RB 1] Throughput = 1.08678 Mbps
59809[UE 2 | RB 1] Throughput = 1.08673 Mbps
59809[UE 3 | RB 1] Throughput = 1.08673 Mbps
59918[UE 2 | RB 1] Throughput = 1.09374 Mbps
59918[UE 3 | RB 1] Throughput = 1.09374 Mbps
60029[UE 2 | RB 1] Throughput = 1.08320 Mbps
60029[UE 3 | RB 1] Throughput = 0.97488 Mbps
60139[UE 2 | RB 1] Throughput = 0.98527 Mbps
60139[UE 3 | RB 1] Throughput = 1.09475 Mbps
60248[UE 2 | RB 1] Throughput = 1.09544 Mbps
60248[UE 3 | RB 1] Throughput = 1.09544 Mbps
60348[UE 2 | RB 1] Throughput = 1.07767 Mbps
60348[UE 3 | RB 1] Throughput = 1.07767 Mbps
60458[UE 2 | RB 1] Throughput = 1.08972 Mbps
60458[UE 3 | RB 1] Throughput = 1.08972 Mbps
60558[UE 2 | RB 1] Throughput = 1.07685 Mbps
60558[UE 3 | RB 1] Throughput = 1.07685 Mbps
60669[UE 2 | RB 1] Throughput = 1.08081 Mbps
60669[UE 3 | RB 1] Throughput = 1.08081 Mbps
60778[UE 2 | RB 1] Throughput = 0.98866 Mbps
60778[UE 3 | RB 1] Throughput = 0.98866 Mbps
60880[UE 2 | RB 1] Throughput = 1.06344 Mbps
60880[UE 3 | RB 1] Throughput = 1.06344 Mbps
60988[UE 2 | RB 1] Throughput = 1.10318 Mbps
60988[UE 3 | RB 1] Throughput = 1.10318 Mbps
61098[UE 2 | RB 1] Throughput = 1.08917 Mbps
61098[UE 3 | RB 1] Throughput = 1.08917 Mbps
61208[UE 2 | RB 1] Throughput = 1.09187 Mbps
61208[UE 3 | RB 1] Throughput = 1.09187 Mbps
61308[UE 2 | RB 1] Throughput = 1.07665 Mbps
61308[UE 3 | RB 1] Throughput = 1.07665 Mbps
61408[UE 2 | RB 1] Throughput = 1.07838 Mbps
61408[UE 3 | RB 1] Throughput = 1.07838 Mbps
61508[UE 2 | RB 1] Throughput = 0.95705 Mbps
61508[UE 3 | RB 1] Throughput = 0.95705 Mbps
61608[UE 2 | RB 1] Throughput = 1.07827 Mbps
61608[UE 3 | RB 1] Throughput = 1.07827 Mbps
61709[UE 2 | RB 1] Throughput = 1.07612 Mbps
61709[UE 3 | RB 1] Throughput = 1.07612 Mbps
61809[UE 2 | RB 1] Throughput = 1.07126 Mbps
61809[UE 3 | RB 1] Throughput = 1.07126 Mbps
61919[UE 2 | RB 1] Throughput = 1.09712 Mbps
61919[UE 3 | RB 1] Throughput = 1.09712 Mbps
62019[UE 2 | RB 1] Throughput = 1.07790 Mbps
62019[UE 3 | RB 1] Throughput = 1.07790 Mbps
62129[UE 2 | RB 1] Throughput = 1.08872 Mbps
62129[UE 3 | RB 1] Throughput = 1.08872 Mbps
62239[UE 2 | RB 1] Throughput = 1.09063 Mbps
62239[UE 3 | RB 1] Throughput = 1.09063 Mbps
62339[UE 2 | RB 1] Throughput = 0.95399 Mbps
62339[UE 3 | RB 1] Throughput = 0.95399 Mbps
62448[UE 2 | RB 1] Throughput = 1.09679 Mbps
62448[UE 3 | RB 1] Throughput = 1.09679 Mbps
62548[UE 2 | RB 1] Throughput = 1.07796 Mbps
62548[UE 3 | RB 1] Throughput = 1.07796 Mbps
62648[UE 2 | RB 1] Throughput = 1.07724 Mbps
62648[UE 3 | RB 1] Throughput = 1.07724 Mbps
62749[UE 2 | RB 1] Throughput = 1.07074 Mbps
62749[UE 3 | RB 1] Throughput = 1.07074 Mbps
62858[UE 2 | RB 1] Throughput = 1.10052 Mbps
62858[UE 3 | RB 1] Throughput = 1.10052 Mbps
62959[UE 2 | RB 1] Throughput = 1.06679 Mbps
62959[UE 3 | RB 1] Throughput = 1.06679 Mbps
63068[UE 2 | RB 1] Throughput = 1.09866 Mbps
63068[UE 3 | RB 1] Throughput = 1.09866 Mbps
63178[UE 2 | RB 1] Throughput = 0.97991 Mbps
63178[UE 3 | RB 1] Throughput = 0.97991 Mbps
63279[UE 2 | RB 1] Throughput = 1.06772 Mbps
63279[UE 3 | RB 1] Throughput = 1.06772 Mbps
63380[UE 2 | RB 1] Throughput = 1.07635 Mbps
63380[UE 3 | RB 1] Throughput = 1.07635 Mbps
63488[UE 2 | RB 1] Throughput = 1.10075 Mbps
63488[UE 3 | RB 1] Throughput = 1.10075 Mbps
63598[UE 2 | RB 1] Throughput = 1.09222 Mbps
63598[UE 3 | RB 1] Throughput = 1.09222 Mbps
63699[UE 2 | RB 1] Throughput = 1.06465 Mbps
63699[UE 3 | RB 1] Throughput = 1.06465 Mbps
63808[UE 2 | RB 1] Throughput = 1.10272 Mbps
63808[UE 3 | RB 1] Throughput = 1.10272 Mbps
63909[UE 2 | RB 1] Throughput = 0.95350 Mbps
63909[UE 3 | RB 1] Throughput = 0.95350 Mbps
64018[UE 2 | RB 1] Throughput = 1.09420 Mbps
64018[UE 3 | RB 1] Throughput = 1.09420 Mbps
64119[UE 2 | RB 1] Throughput = 1.07052 Mbps
64119[UE 3 | RB 1] Throughput = 1.07052 Mbps
64228[UE 2 | RB 1] Throughput = 1.09811 Mbps
64228[UE 3 | RB 1] Throughput = 1.09811 Mbps
64328[UE 2 | RB 1] Throughput = 1.07658 Mbps
64328[UE 3 | RB 1] Throughput = 1.07658 Mbps
64438[UE 2 | RB 1] Throughput = 1.08858 Mbps
64438[UE 3 | RB 1] Throughput = 1.08858 Mbps
64548[UE 2 | RB 1] Throughput = 1.08991 Mbps
64548[UE 3 | RB 1] Throughput = 1.08991 Mbps
64571[UE 1 | RB 1] Throughput = 0.68144 Mbps
64571[UE 5 | RB 1] Throughput = 0.68144 Mbps
64571[UE 4 | RB 1] Throughput = 0.68274 Mbps
64658[UE 2 | RB 1] Throughput = 0.98295 Mbps
64658[UE 3 | RB 1] Throughput = 0.98295 Mbps
64759[UE 2 | RB 1] Throughput = 1.07278 Mbps
64759[UE 3 | RB 1] Throughput = 1.07278 Mbps
64859[UE 2 | RB 1] Throughput = 1.07719 Mbps
64859[UE 3 | RB 1] Throughput = 1.07719 Mbps
64968[UE 2 | RB 1] Throughput = 1.09412 Mbps
64968[UE 3 | RB 1] Throughput = 1.09412 Mbps
65069[UE 2 | RB 1] Throughput = 1.07412 Mbps
65069[UE 3 | RB 1] Throughput = 1.07412 Mbps
65178[UE 2 | RB 1] Throughput = 1.09489 Mbps
65178[UE 3 | RB 1] Throughput = 1.09489 Mbps
65279[UE 2 | RB 1] Throughput = 1.07190 Mbps
65279[UE 3 | RB 1] Throughput = 1.07190 Mbps
65388[UE 2 | RB 1] Throughput = 0.98429 Mbps
65388[UE 3 | RB 1] Throughput = 0.98429 Mbps
65489[UE 2 | RB 1] Throughput = 1.07271 Mbps
65489[UE 3 | RB 1] Throughput = 1.07271 Mbps
65598[UE 2 | RB 1] Throughput = 1.09384 Mbps
65598[UE 3 | RB 1] Throughput = 1.09384 Mbps
65699[UE 2 | RB 1] Throughput = 1.06776 Mbps
65699[UE 3 | RB 1] Throughput = 1.06776 Mbps
65808[UE 2 | RB 1] Throughput = 1.10332 Mbps
65808[UE 3 | RB 1] Throughput = 1.10332 Mbps
65908[UE 2 | RB 1] Throughput = 1.07586 Mbps
65908[UE 3 | RB 1] Throughput = 1.07586 Mbps
66008[UE 2 | RB 1] Throughput = 1.07713 Mbps
66008[UE 3 | RB 1] Throughput = 1.07713 Mbps
66119[UE 2 | RB 1] Throughput = 0.97176 Mbps
66119[UE 3 | RB 1] Throughput = 1.07974 Mbps
66228[UE 2 | RB 1] Throughput = 1.10002 Mbps
66228[UE 3 | RB 1] Throughput = 0.99002 Mbps
66329[UE 2 | RB 1] Throughput = 1.07191 Mbps
66329[UE 3 | RB 1] Throughput = 1.07191 Mbps
66431[UE 2 | RB 1] Throughput = 1.06150 Mbps
66431[UE 3 | RB 1] Throughput = 1.06150 Mbps
66539[UE 2 | RB 1] Throughput = 1.10966 Mbps
66539[UE 3 | RB 1] Throughput = 1.10966 Mbps
66620[UE 1 | RB 1] Throughput = 0.67257 Mbps
66620[UE 5 | RB 1] Throughput = 0.67257 Mbps
66620[UE 4 | RB 1] Throughput = 0.67257 Mbps
66649[UE 2 | RB 1] Throughput = 1.08794 Mbps
66649[UE 3 | RB 1] Throughput = 1.08794 Mbps
66759[UE 2 | RB 1] Throughput = 1.08990 Mbps
66759[UE 3 | RB 1] Throughput = 1.08990 Mbps
66860[UE 2 | RB 1] Throughput = 1.06453 Mbps
66860[UE 3 | RB 1] Throughput = 1.06453 Mbps
66968[UE 2 | RB 1] Throughput = 0.99815 Mbps
66968[UE 3 | RB 1] Throughput = 0.99815 Mbps
67069[UE 2 | RB 1] Throughput = 1.06746 Mbps
67069[UE 3 | RB 1] Throughput = 1.06746 Mbps
67178[UE 2 | RB 1] Throughput = 1.09830 Mbps
67178[UE 3 | RB 1] Throughput = 1.09830 Mbps
67279[UE 2 | RB 1] Throughput = 1.07484 Mbps
67279[UE 3 | RB 1] Throughput = 1.07484 Mbps
67379[UE 2 | RB 1] Throughput = 1.07602 Mbps
67379[UE 3 | RB 1] Throughput = 1.07602 Mbps
67489[UE 2 | RB 1] Throughput = 1.09257 Mbps
67489[UE 3 | RB 1] Throughput = 1.09257 Mbps
67589[UE 2 | RB 1] Throughput = 1.07762 Mbps
67589[UE 3 | RB 1] Throughput = 1.07762 Mbps
67699[UE 2 | RB 1] Throughput = 0.97751 Mbps
67699[UE 3 | RB 1] Throughput = 0.97751 Mbps
67808[UE 2 | RB 1] Throughput = 1.09438 Mbps
67808[UE 3 | RB 1] Throughput = 1.09438 Mbps
67909[UE 2 | RB 1] Throughput = 1.07650 Mbps
67909[UE 3 | RB 1] Throughput = 1.07650 Mbps
68019[UE 2 | RB 1] Throughput = 1.08960 Mbps
68019[UE 3 | RB 1] Throughput = 1.08960 Mbps
68129[UE 2 | RB 1] Throughput = 1.08936 Mbps
68129[UE 3 | RB 1] Throughput = 1.08936 Mbps
68229[UE 2 | RB 1] Throughput = 1.07716 Mbps
68229[UE 3 | RB 1] Throughput = 1.07716 Mbps
68339[UE 2 | RB 1] Throughput = 0.97978 Mbps
68339[UE 3 | RB 1] Throughput = 1.08864 Mbps
68449[UE 2 | RB 1] Throughput = 1.09011 Mbps
68449[UE 3 | RB 1] Throughput = 0.98110 Mbps
68559[UE 2 | RB 1] Throughput = 1.09020 Mbps
68559[UE 3 | RB 1] Throughput = 1.09020 Mbps
68659[UE 2 | RB 1] Throughput = 1.07678 Mbps
68659[UE 3 | RB 1] Throughput = 1.07678 Mbps
68667[UE 1 | RB 1] Throughput = 4.45539 Mbps
68667[UE 5 | RB 1] Throughput = 4.45539 Mbps
68667[UE 4 | RB 1] Throughput = 4.44953 Mbps
68768[UE 2 | RB 1] Throughput = 1.09568 Mbps
68768[UE 3 | RB 1] Throughput = 1.09568 Mbps
68869[UE 2 | RB 1] Throughput = 1.07384 Mbps
68869[UE 3 | RB 1] Throughput = 1.07384 Mbps
68969[UE 2 | RB 1] Throughput = 1.07585 Mbps
68969[UE 3 | RB 1] Throughput = 1.07585 Mbps
69078[UE 2 | RB 1] Throughput = 0.98445 Mbps
69078[UE 3 | RB 1] Throughput = 0.98445 Mbps
69179[UE 2 | RB 1] Throughput = 1.07070 Mbps
69179[UE 3 | RB 1] Throughput = 1.07070 Mbps
69289[UE 2 | RB 1] Throughput = 1.09643 Mbps
69289[UE 3 | RB 1] Throughput = 1.09643 Mbps
69389[UE 2 | RB 1] Throughput = 1.07841 Mbps
69389[UE 3 | RB 1] Throughput = 1.07841 Mbps
69489[UE 2 | RB 1] Throughput = 1.07426 Mbps
69489[UE 3 | RB 1] Throughput = 1.07426 Mbps
69599[UE 2 | RB 1] Throughput = 1.09297 Mbps
69599[UE 3 | RB 1] Throughput = 1.09297 Mbps
69699[UE 2 | RB 1] Throughput = 1.07771 Mbps
69699[UE 3 | RB 1] Throughput = 1.07771 Mbps
69799[UE 2 | RB 1] Throughput = 1.07614 Mbps
69799[UE 3 | RB 1] Throughput = 1.07614 Mbps
69909[UE 2 | RB 1] Throughput = 0.98242 Mbps
69909[UE 3 | RB 1] Throughput = 0.98242 Mbps
70019[UE 2 | RB 1] Throughput = 1.08511 Mbps
70019[UE 3 | RB 1] Throughput = 1.08511 Mbps
70119[UE 2 | RB 1] Throughput = 1.07845 Mbps
70119[UE 3 | RB 1] Throughput = 1.07845 Mbps
70229[UE 2 | RB 1] Throughput = 1.09342 Mbps
70229[UE 3 | RB 1] Throughput = 1.09342 Mbps
70339[UE 2 | RB 1] Throughput = 1.08842 Mbps
70339[UE 3 | RB 1] Throughput = 1.08842 Mbps
70439[UE 2 | RB 1] Throughput = 1.07809 Mbps
70439[UE 3 | RB 1] Throughput = 1.07809 Mbps
70539[UE 2 | RB 1] Throughput = 1.07844 Mbps
70539[UE 3 | RB 1] Throughput = 1.07844 Mbps
70639[UE 2 | RB 1] Throughput = 1.07767 Mbps
70639[UE 3 | RB 1] Throughput = 1.07767 Mbps
70749[UE 2 | RB 1] Throughput = 0.98322 Mbps
70749[UE 3 | RB 1] Throughput = 0.98322 Mbps
70849[UE 2 | RB 1] Throughput = 1.07276 Mbps
70849[UE 3 | RB 1] Throughput = 1.07276 Mbps
70959[UE 2 | RB 1] Throughput = 1.09538 Mbps
70959[UE 3 | RB 1] Throughput = 1.09538 Mbps
71069[UE 2 | RB 1] Throughput = 1.08857 Mbps
71069[UE 3 | RB 1] Throughput = 1.08857 Mbps
71169[UE 2 | RB 1] Throughput = 1.07678 Mbps
71169[UE 3 | RB 1] Throughput = 1.07678 Mbps
71278[UE 2 | RB 1] Throughput = 1.09342 Mbps
71278[UE 3 | RB 1] Throughput = 1.09342 Mbps
71380[UE 2 | RB 1] Throughput = 1.06699 Mbps
71380[UE 3 | RB 1] Throughput = 1.06699 Mbps
71489[UE 2 | RB 1] Throughput = 0.98511 Mbps
71489[UE 3 | RB 1] Throughput = 0.98511 Mbps
71589[UE 2 | RB 1] Throughput = 1.07502 Mbps
71589[UE 3 | RB 1] Throughput = 1.07502 Mbps
71699[UE 2 | RB 1] Throughput = 1.09654 Mbps
71699[UE 3 | RB 1] Throughput = 1.09654 Mbps
71799[UE 2 | RB 1] Throughput = 1.07777 Mbps
71799[UE 3 | RB 1] Throughput = 1.07777 Mbps
71899[UE 2 | RB 1] Throughput = 1.07843 Mbps
71899[UE 3 | RB 1] Throughput = 1.07843 Mbps
71999[UE 2 | RB 1] Throughput = 1.07846 Mbps
71999[UE 3 | RB 1] Throughput = 1.07846 Mbps
72099[UE 2 | RB 1] Throughput = 1.07728 Mbps
72099[UE 3 | RB 1] Throughput = 1.07728 Mbps
72199[UE 2 | RB 1] Throughput = 1.07760 Mbps
72199[UE 3 | RB 1] Throughput = 1.07760 Mbps
72300[UE 2 | RB 1] Throughput = 1.06669 Mbps
72300[UE 3 | RB 1] Throughput = 1.06669 Mbps
72409[UE 2 | RB 1] Throughput = 0.99156 Mbps
72409[UE 3 | RB 1] Throughput = 0.99156 Mbps
72519[UE 2 | RB 1] Throughput = 1.08894 Mbps
72519[UE 3 | RB 1] Throughput = 1.08894 Mbps
72619[UE 2 | RB 1] Throughput = 1.07713 Mbps
72619[UE 3 | RB 1] Throughput = 1.07713 Mbps
72729[UE 2 | RB 1] Throughput = 1.09199 Mbps
72729[UE 3 | RB 1] Throughput = 1.09199 Mbps
72829[UE 2 | RB 1] Throughput = 1.07726 Mbps
72829[UE 3 | RB 1] Throughput = 1.07726 Mbps
72929[UE 2 | RB 1] Throughput = 1.07842 Mbps
72929[UE 3 | RB 1] Throughput = 1.07842 Mbps
73030[UE 2 | RB 1] Throughput = 1.06968 Mbps
73030[UE 3 | RB 1] Throughput = 1.06968 Mbps
73139[UE 2 | RB 1] Throughput = 1.10001 Mbps
73139[UE 3 | RB 1] Throughput = 1.10001 Mbps
73239[UE 2 | RB 1] Throughput = 0.95338 Mbps
73239[UE 3 | RB 1] Throughput = 0.95338 Mbps
73349[UE 2 | RB 1] Throughput = 1.09431 Mbps
73349[UE 3 | RB 1] Throughput = 1.09431 Mbps
73449[UE 2 | RB 1] Throughput = 1.07759 Mbps
73449[UE 3 | RB 1] Throughput = 1.07759 Mbps
73549[UE 2 | RB 1] Throughput = 1.07802 Mbps
73549[UE 3 | RB 1] Throughput = 1.07802 Mbps
73649[UE 2 | RB 1] Throughput = 1.07607 Mbps
73649[UE 3 | RB 1] Throughput = 1.07607 Mbps
73749[UE 2 | RB 1] Throughput = 1.07656 Mbps
73749[UE 3 | RB 1] Throughput = 1.07656 Mbps
73859[UE 2 | RB 1] Throughput = 1.09151 Mbps
73859[UE 3 | RB 1] Throughput = 1.09151 Mbps
73959[UE 2 | RB 1] Throughput = 1.07852 Mbps
73959[UE 3 | RB 1] Throughput = 1.07852 Mbps
74069[UE 2 | RB 1] Throughput = 0.98267 Mbps
74069[UE 3 | RB 1] Throughput = 0.98267 Mbps
74179[UE 2 | RB 1] Throughput = 1.09191 Mbps
74179[UE 3 | RB 1] Throughput = 1.09191 Mbps
74279[UE 2 | RB 1] Throughput = 1.07369 Mbps
74279[UE 3 | RB 1] Throughput = 1.07369 Mbps
74389[UE 2 | RB 1] Throughput = 1.09139 Mbps
74389[UE 3 | RB 1] Throughput = 1.09139 Mbps
74489[UE 2 | RB 1] Throughput = 1.07795 Mbps
74489[UE 3 | RB 1] Throughput = 1.07795 Mbps
74590[UE 2 | RB 1] Throughput = 1.07227 Mbps
74590[UE 3 | RB 1] Throughput = 1.07227 Mbps
74699[UE 2 | RB 1] Throughput = 1.09395 Mbps
74699[UE 3 | RB 1] Throughput = 1.09395 Mbps
74810[UE 2 | RB 1] Throughput = 0.97539 Mbps
74810[UE 3 | RB 1] Throughput = 0.97539 Mbps
74919[UE 2 | RB 1] Throughput = 1.09971 Mbps
74919[UE 3 | RB 1] Throughput = 1.09971 Mbps
75019[UE 2 | RB 1] Throughput = 1.07572 Mbps
75019[UE 3 | RB 1] Throughput = 1.07572 Mbps
75119[UE 2 | RB 1] Throughput = 1.07834 Mbps
75119[UE 3 | RB 1] Throughput = 1.07834 Mbps
75229[UE 2 | RB 1] Throughput = 1.08967 Mbps
75229[UE 3 | RB 1] Throughput = 1.08967 Mbps
75329[UE 2 | RB 1] Throughput = 1.07503 Mbps
75329[UE 3 | RB 1] Throughput = 1.07503 Mbps
75429[UE 2 | RB 1] Throughput = 1.07553 Mbps
75429[UE 3 | RB 1] Throughput = 1.07553 Mbps
75540[UE 2 | RB 1] Throughput = 1.08411 Mbps
75540[UE 3 | RB 1] Throughput = 1.08411 Mbps
75649[UE 2 | RB 1] Throughput = 0.98843 Mbps
75649[UE 3 | RB 1] Throughput = 0.98843 Mbps
75760[UE 2 | RB 1] Throughput = 1.08439 Mbps
75760[UE 3 | RB 1] Throughput = 1.08439 Mbps
75860[UE 2 | RB 1] Throughput = 1.07703 Mbps
75860[UE 3 | RB 1] Throughput = 1.07703 Mbps
75969[UE 2 | RB 1] Throughput = 1.09727 Mbps
75969[UE 3 | RB 1] Throughput = 1.09727 Mbps
76079[UE 2 | RB 1] Throughput = 1.09009 Mbps
76079[UE 3 | RB 1] Throughput = 1.09009 Mbps
76179[UE 2 | RB 1] Throughput = 1.07527 Mbps
76179[UE 3 | RB 1] Throughput = 1.07527 Mbps
76289[UE 2 | RB 1] Throughput = 0.98255 Mbps
76289[UE 3 | RB 1] Throughput = 0.98255 Mbps
76399[UE 2 | RB 1] Throughput = 1.08842 Mbps
76399[UE 3 | RB 1] Throughput = 1.08842 Mbps
76499[UE 2 | RB 1] Throughput = 1.07800 Mbps
76499[UE 3 | RB 1] Throughput = 1.07800 Mbps
76599[UE 2 | RB 1] Throughput = 1.07714 Mbps
76599[UE 3 | RB 1] Throughput = 1.07714 Mbps
76709[UE 2 | RB 1] Throughput = 1.09039 Mbps
76709[UE 3 | RB 1] Throughput = 1.09039 Mbps
76795[UE 1 | RB 1] Throughput = 0.06487 Mbps
76795[UE 5 | RB 1] Throughput = 0.06487 Mbps
76795[UE 4 | RB 1] Throughput = 0.06634 Mbps
76810[UE 2 | RB 1] Throughput = 1.06718 Mbps
76810[UE 3 | RB 1] Throughput = 1.06718 Mbps
76919[UE 2 | RB 1] Throughput = 1.10151 Mbps
76919[UE 3 | RB 1] Throughput = 1.10151 Mbps
77029[UE 2 | RB 1] Throughput = 0.98280 Mbps
77029[UE 3 | RB 1] Throughput = 0.98280 Mbps
77129[UE 2 | RB 1] Throughput = 1.07326 Mbps
77129[UE 3 | RB 1] Throughput = 1.07326 Mbps
77240[UE 2 | RB 1] Throughput = 1.08658 Mbps
77240[UE 3 | RB 1] Throughput = 1.08658 Mbps
77349[UE 2 | RB 1] Throughput = 1.09646 Mbps
77349[UE 3 | RB 1] Throughput = 1.09646 Mbps
77449[UE 2 | RB 1] Throughput = 1.07772 Mbps
77449[UE 3 | RB 1] Throughput = 1.07772 Mbps
77549[UE 2 | RB 1] Throughput = 1.07514 Mbps
77549[UE 3 | RB 1] Throughput = 1.07514 Mbps
77659[UE 2 | RB 1] Throughput = 1.08976 Mbps
77659[UE 3 | RB 1] Throughput = 1.08976 Mbps
77769[UE 2 | RB 1] Throughput = 0.98456 Mbps
77769[UE 3 | RB 1] Throughput = 0.98456 Mbps
77879[UE 2 | RB 1] Throughput = 1.08857 Mbps
77879[UE 3 | RB 1] Throughput = 1.08857 Mbps
77979[UE 2 | RB 1] Throughput = 1.07721 Mbps
77979[UE 3 | RB 1] Throughput = 1.07721 Mbps
78079[UE 2 | RB 1] Throughput = 1.07687 Mbps
78079[UE 3 | RB 1] Throughput = 1.07687 Mbps
78189[UE 2 | RB 1] Throughput = 1.08786 Mbps
78189[UE 3 | RB 1] Throughput = 1.08786 Mbps
78300[UE 2 | RB 1] Throughput = 1.08798 Mbps
78300[UE 3 | RB 1] Throughput = 1.08798 Mbps
78409[UE 2 | RB 1] Throughput = 0.98413 Mbps
78409[UE 3 | RB 1] Throughput = 0.98413 Mbps
78509[UE 2 | RB 1] Throughput = 1.07833 Mbps
78509[UE 3 | RB 1] Throughput = 1.07833 Mbps
78610[UE 2 | RB 1] Throughput = 1.07400 Mbps
78610[UE 3 | RB 1] Throughput = 1.07400 Mbps
78719[UE 2 | RB 1] Throughput = 1.09232 Mbps
78719[UE 3 | RB 1] Throughput = 1.09232 Mbps
78820[UE 2 | RB 1] Throughput = 1.07500 Mbps
78820[UE 3 | RB 1] Throughput = 1.07500 Mbps
78929[UE 2 | RB 1] Throughput = 1.09647 Mbps
78929[UE 3 | RB 1] Throughput = 1.09647 Mbps
79039[UE 2 | RB 1] Throughput = 1.08869 Mbps
79039[UE 3 | RB 1] Throughput = 1.08869 Mbps
79140[UE 2 | RB 1] Throughput = 1.06893 Mbps
79140[UE 3 | RB 1] Throughput = 1.06893 Mbps
79249[UE 2 | RB 1] Throughput = 0.98390 Mbps
79249[UE 3 | RB 1] Throughput = 0.98390 Mbps
79359[UE 2 | RB 1] Throughput = 1.09035 Mbps
79359[UE 3 | RB 1] Throughput = 1.09035 Mbps
79460[UE 2 | RB 1] Throughput = 1.07402 Mbps
79460[UE 3 | RB 1] Throughput = 1.07402 Mbps
79569[UE 2 | RB 1] Throughput = 1.09839 Mbps
79569[UE 3 | RB 1] Throughput = 1.09839 Mbps
79670[UE 2 | RB 1] Throughput = 1.06718 Mbps
79670[UE 3 | RB 1] Throughput = 1.06718 Mbps
79779[UE 2 | RB 1] Throughput = 1.09545 Mbps
79779[UE 3 | RB 1] Throughput = 1.09545 Mbps
79889[UE 2 | RB 1] Throughput = 0.98423 Mbps
79889[UE 3 | RB 1] Throughput = 0.98423 Mbps
79989[UE 2 | RB 1] Throughput = 1.07537 Mbps
79989[UE 3 | RB 1] Throughput = 1.07537 Mbps
80099[UE 2 | RB 1] Throughput = 1.09294 Mbps
80099[UE 3 | RB 1] Throughput = 1.09294 Mbps
80209[UE 2 | RB 1] Throughput = 1.08788 Mbps
80209[UE 3 | RB 1] Throughput = 1.08788 Mbps
80311[UE 2 | RB 1] Throughput = 1.06340 Mbps
80311[UE 3 | RB 1] Throughput = 1.06340 Mbps
80420[UE 2 | RB 1] Throughput = 1.09936 Mbps
80420[UE 3 | RB 1] Throughput = 1.09936 Mbps
80520[UE 2 | RB 1] Throughput = 1.07821 Mbps
80520[UE 3 | RB 1] Throughput = 1.07821 Mbps
80629[UE 2 | RB 1] Throughput = 0.98390 Mbps
80629[UE 3 | RB 1] Throughput = 0.98390 Mbps
80729[UE 2 | RB 1] Throughput = 1.07751 Mbps
80729[UE 3 | RB 1] Throughput = 1.07751 Mbps
80839[UE 2 | RB 1] Throughput = 1.08865 Mbps
80839[UE 3 | RB 1] Throughput = 1.08865 Mbps
80941[UE 2 | RB 1] Throughput = 1.05793 Mbps
80941[UE 3 | RB 1] Throughput = 1.05793 Mbps
81049[UE 2 | RB 1] Throughput = 1.11025 Mbps
81049[UE 3 | RB 1] Throughput = 1.11025 Mbps
81150[UE 2 | RB 1] Throughput = 1.07506 Mbps
81150[UE 3 | RB 1] Throughput = 1.07506 Mbps
81250[UE 2 | RB 1] Throughput = 1.07192 Mbps
81250[UE 3 | RB 1] Throughput = 1.07192 Mbps
81360[UE 2 | RB 1] Throughput = 0.98326 Mbps
81360[UE 3 | RB 1] Throughput = 0.98326 Mbps
81469[UE 2 | RB 1] Throughput = 1.09739 Mbps
81469[UE 3 | RB 1] Throughput = 1.09739 Mbps
81570[UE 2 | RB 1] Throughput = 1.07404 Mbps
81570[UE 3 | RB 1] Throughput = 1.07404 Mbps
81680[UE 2 | RB 1] Throughput = 1.08846 Mbps
81680[UE 3 | RB 1] Throughput = 1.08846 Mbps
81780[UE 2 | RB 1] Throughput = 1.07415 Mbps
81780[UE 3 | RB 1] Throughput = 1.07415 Mbps
81890[UE 2 | RB 1] Throughput = 1.09381 Mbps
81890[UE 3 | RB 1] Throughput = 1.09381 Mbps
81990[UE 2 | RB 1] Throughput = 1.07714 Mbps
81990[UE 3 | RB 1] Throughput = 1.07714 Mbps
82100[UE 2 | RB 1] Throughput = 0.98187 Mbps
82100[UE 3 | RB 1] Throughput = 0.98187 Mbps
82200[UE 2 | RB 1] Throughput = 1.07720 Mbps
82200[UE 3 | RB 1] Throughput = 1.07720 Mbps
82310[UE 2 | RB 1] Throughput = 1.08971 Mbps
82310[UE 3 | RB 1] Throughput = 1.08971 Mbps
82410[UE 2 | RB 1] Throughput = 1.07462 Mbps
82410[UE 3 | RB 1] Throughput = 1.07462 Mbps
82520[UE 2 | RB 1] Throughput = 1.08785 Mbps
82520[UE 3 | RB 1] Throughput = 1.08785 Mbps
82631[UE 2 | RB 1] Throughput = 1.07848 Mbps
82631[UE 3 | RB 1] Throughput = 1.07848 Mbps
82739[UE 2 | RB 1] Throughput = 1.10974 Mbps
82739[UE 3 | RB 1] Throughput = 1.10974 Mbps
82839[UE 2 | RB 1] Throughput = 0.95816 Mbps
82839[UE 3 | RB 1] Throughput = 0.95816 Mbps
82940[UE 2 | RB 1] Throughput = 1.07610 Mbps
82940[UE 3 | RB 1] Throughput = 1.07610 Mbps
83040[UE 2 | RB 1] Throughput = 1.07202 Mbps
83040[UE 3 | RB 1] Throughput = 1.07202 Mbps
83140[UE 2 | RB 1] Throughput = 1.07686 Mbps
83140[UE 3 | RB 1] Throughput = 1.07686 Mbps
83249[UE 2 | RB 1] Throughput = 1.10186 Mbps
83249[UE 3 | RB 1] Throughput = 1.10186 Mbps
83349[UE 2 | RB 1] Throughput = 1.07451 Mbps
83349[UE 3 | RB 1] Throughput = 1.07451 Mbps
83450[UE 2 | RB 1] Throughput = 1.07636 Mbps
83450[UE 3 | RB 1] Throughput = 1.07636 Mbps
83550[UE 2 | RB 1] Throughput = 1.07817 Mbps
83550[UE 3 | RB 1] Throughput = 1.07817 Mbps
83659[UE 2 | RB 1] Throughput = 1.09458 Mbps
83659[UE 3 | RB 1] Throughput = 1.09458 Mbps
83760[UE 2 | RB 1] Throughput = 0.95392 Mbps
83760[UE 3 | RB 1] Throughput = 0.95392 Mbps
83870[UE 2 | RB 1] Throughput = 1.08632 Mbps
83870[UE 3 | RB 1] Throughput = 1.08632 Mbps
83970[UE 2 | RB 1] Throughput = 1.07689 Mbps
83970[UE 3 | RB 1] Throughput = 1.07689 Mbps
84079[UE 2 | RB 1] Throughput = 1.09767 Mbps
84079[UE 3 | RB 1] Throughput = 1.09767 Mbps
84180[UE 2 | RB 1] Throughput = 1.07333 Mbps
84180[UE 3 | RB 1] Throughput = 1.07333 Mbps
84280[UE 2 | RB 1] Throughput = 1.07778 Mbps
84280[UE 3 | RB 1] Throughput = 1.07778 Mbps
84380[UE 2 | RB 1] Throughput = 1.07856 Mbps
84380[UE 3 | RB 1] Throughput = 1.07856 Mbps
84490[UE 2 | RB 1] Throughput = 1.09053 Mbps
84490[UE 3 | RB 1] Throughput = 1.09053 Mbps
84600[UE 2 | RB 1] Throughput = 0.97971 Mbps
84600[UE 3 | RB 1] Throughput = 0.97971 Mbps
84710[UE 2 | RB 1] Throughput = 1.09306 Mbps
84710[UE 3 | RB 1] Throughput = 1.09306 Mbps
84819[UE 2 | RB 1] Throughput = 1.09258 Mbps
84819[UE 3 | RB 1] Throughput = 1.09258 Mbps
84919[UE 2 | RB 1] Throughput = 1.07793 Mbps
84919[UE 3 | RB 1] Throughput = 1.07793 Mbps
85019[UE 2 | RB 1] Throughput = 1.07852 Mbps
85019[UE 3 | RB 1] Throughput = 1.07852 Mbps
85120[UE 2 | RB 1] Throughput = 1.07325 Mbps
85120[UE 3 | RB 1] Throughput = 1.07325 Mbps
85230[UE 2 | RB 1] Throughput = 1.08703 Mbps
85230[UE 3 | RB 1] Throughput = 1.08703 Mbps
85330[UE 2 | RB 1] Throughput = 0.95846 Mbps
85330[UE 3 | RB 1] Throughput = 0.95846 Mbps
85439[UE 2 | RB 1] Throughput = 1.09628 Mbps
85439[UE 3 | RB 1] Throughput = 1.09628 Mbps
85540[UE 2 | RB 1] Throughput = 1.07553 Mbps
85540[UE 3 | RB 1] Throughput = 1.07553 Mbps
85640[UE 2 | RB 1] Throughput = 1.07801 Mbps
85640[UE 3 | RB 1] Throughput = 1.07801 Mbps
85750[UE 2 | RB 1] Throughput = 1.08702 Mbps
85750[UE 3 | RB 1] Throughput = 1.08702 Mbps
85853[UE 2 | RB 1] Throughput = 1.05037 Mbps
85853[UE 3 | RB 1] Throughput = 1.05037 Mbps
85960[UE 2 | RB 1] Throughput = 1.11917 Mbps
85960[UE 3 | RB 1] Throughput = 1.11917 Mbps
86060[UE 2 | RB 1] Throughput = 1.07759 Mbps
86060[UE 3 | RB 1] Throughput = 1.07759 Mbps
86170[UE 2 | RB 1] Throughput = 0.97678 Mbps
86170[UE 3 | RB 1] Throughput = 0.97678 Mbps
86279[UE 2 | RB 1] Throughput = 1.09908 Mbps
86279[UE 3 | RB 1] Throughput = 1.09908 Mbps
86380[UE 2 | RB 1] Throughput = 1.07479 Mbps
86380[UE 3 | RB 1] Throughput = 1.07479 Mbps
86480[UE 2 | RB 1] Throughput = 1.07280 Mbps
86480[UE 3 | RB 1] Throughput = 1.07280 Mbps
86589[UE 2 | RB 1] Throughput = 1.09821 Mbps
86589[UE 3 | RB 1] Throughput = 1.09821 Mbps
86690[UE 2 | RB 1] Throughput = 1.06743 Mbps
86690[UE 3 | RB 1] Throughput = 1.06743 Mbps
86800[UE 2 | RB 1] Throughput = 1.09133 Mbps
86800[UE 3 | RB 1] Throughput = 1.09133 Mbps
86909[UE 2 | RB 1] Throughput = 0.98620 Mbps
86909[UE 3 | RB 1] Throughput = 0.98620 Mbps
87020[UE 2 | RB 1] Throughput = 1.08826 Mbps
87020[UE 3 | RB 1] Throughput = 1.08826 Mbps
87120[UE 2 | RB 1] Throughput = 1.07718 Mbps
87120[UE 3 | RB 1] Throughput = 1.07718 Mbps
87220[UE 2 | RB 1] Throughput = 1.07670 Mbps
87220[UE 3 | RB 1] Throughput = 1.07670 Mbps
87331[UE 2 | RB 1] Throughput = 1.07638 Mbps
87331[UE 3 | RB 1] Throughput = 1.07638 Mbps
87440[UE 2 | RB 1] Throughput = 1.10096 Mbps
87440[UE 3 | RB 1] Throughput = 1.10096 Mbps
87540[UE 2 | RB 1] Throughput = 1.07629 Mbps
87540[UE 3 | RB 1] Throughput = 1.07629 Mbps
87650[UE 2 | RB 1] Throughput = 0.98287 Mbps
87650[UE 3 | RB 1] Throughput = 0.98287 Mbps
87751[UE 2 | RB 1] Throughput = 1.07341 Mbps
87751[UE 3 | RB 1] Throughput = 1.07341 Mbps
87860[UE 2 | RB 1] Throughput = 1.09683 Mbps
87860[UE 3 | RB 1] Throughput = 1.09683 Mbps
87969[UE 2 | RB 1] Throughput = 1.09280 Mbps
87969[UE 3 | RB 1] Throughput = 1.09280 Mbps
88071[UE 2 | RB 1] Throughput = 1.06600 Mbps
88071[UE 3 | RB 1] Throughput = 1.06600 Mbps
88180[UE 2 | RB 1] Throughput = 1.09193 Mbps
88180[UE 3 | RB 1] Throughput = 1.09193 Mbps
88290[UE 2 | RB 1] Throughput = 0.98359 Mbps
88290[UE 3 | RB 1] Throughput = 0.98359 Mbps
88390[UE 2 | RB 1] Throughput = 1.07764 Mbps
88390[UE 3 | RB 1] Throughput = 1.07764 Mbps
88492[UE 2 | RB 1] Throughput = 1.05662 Mbps
88492[UE 3 | RB 1] Throughput = 1.05662 Mbps
88600[UE 2 | RB 1] Throughput = 1.11292 Mbps
88600[UE 3 | RB 1] Throughput = 1.11292 Mbps
88700[UE 2 | RB 1] Throughput = 1.07830 Mbps
88700[UE 3 | RB 1] Throughput = 1.07830 Mbps
88800[UE 2 | RB 1] Throughput = 1.07707 Mbps
88800[UE 3 | RB 1] Throughput = 1.07707 Mbps
88900[UE 2 | RB 1] Throughput = 1.07793 Mbps
88900[UE 3 | RB 1] Throughput = 1.07793 Mbps
89010[UE 2 | RB 1] Throughput = 1.08898 Mbps
89010[UE 3 | RB 1] Throughput = 1.08898 Mbps
89120[UE 2 | RB 1] Throughput = 0.97928 Mbps
89120[UE 3 | RB 1] Throughput = 0.97928 Mbps
89230[UE 2 | RB 1] Throughput = 1.09213 Mbps
89230[UE 3 | RB 1] Throughput = 1.09213 Mbps
89340[UE 2 | RB 1] Throughput = 1.09188 Mbps
89340[UE 3 | RB 1] Throughput = 1.09188 Mbps
89440[UE 2 | RB 1] Throughput = 1.07639 Mbps
89440[UE 3 | RB 1] Throughput = 1.07639 Mbps
89550[UE 2 | RB 1] Throughput = 1.08924 Mbps
89550[UE 3 | RB 1] Throughput = 1.08924 Mbps
89661[UE 2 | RB 1] Throughput = 1.08217 Mbps
89661[UE 3 | RB 1] Throughput = 1.08217 Mbps
89770[UE 2 | RB 1] Throughput = 0.98889 Mbps
89770[UE 3 | RB 1] Throughput = 0.98889 Mbps
89880[UE 2 | RB 1] Throughput = 1.09224 Mbps
89880[UE 3 | RB 1] Throughput = 1.09224 Mbps
89980[UE 2 | RB 1] Throughput = 1.07755 Mbps
89980[UE 3 | RB 1] Throughput = 1.07755 Mbps
[xApp]: E42 RIC_SUBSCRIPTION_DELETE_REQUEST tx RAN_FUNC_ID 144 RIC_REQ_ID 1 
90089[UE 2 | RB 1] Throughput = 1.09214 Mbps
90089[UE 3 | RB 1] Throughput = 1.09214 Mbps
90190[UE 2 | RB 1] Throughput = 1.07246 Mbps
90190[UE 3 | RB 1] Throughput = 1.07246 Mbps
90301[UE 2 | RB 1] Throughput = 1.08283 Mbps
90301[UE 3 | RB 1] Throughput = 1.08283 Mbps
90410[UE 2 | RB 1] Throughput = 0.98673 Mbps
90410[UE 3 | RB 1] Throughput = 0.98673 Mbps
90510[UE 2 | RB 1] Throughput = 1.07618 Mbps
90510[UE 3 | RB 1] Throughput = 1.07618 Mbps
90620[UE 2 | RB 1] Throughput = 1.09065 Mbps
90620[UE 3 | RB 1] Throughput = 1.09065 Mbps
90721[UE 2 | RB 1] Throughput = 1.06519 Mbps
90721[UE 3 | RB 1] Throughput = 1.06519 Mbps
90830[UE 2 | RB 1] Throughput = 1.10120 Mbps
90830[UE 3 | RB 1] Throughput = 1.10120 Mbps
90940[UE 2 | RB 1] Throughput = 1.09011 Mbps
90940[UE 3 | RB 1] Throughput = 1.09011 Mbps
91050[UE 2 | RB 1] Throughput = 1.08782 Mbps
91050[UE 3 | RB 1] Throughput = 1.08782 Mbps
91161[UE 2 | RB 1] Throughput = 0.97353 Mbps
91161[UE 3 | RB 1] Throughput = 0.97353 Mbps
91270[UE 2 | RB 1] Throughput = 1.09924 Mbps
91270[UE 3 | RB 1] Throughput = 1.09924 Mbps
91370[UE 2 | RB 1] Throughput = 1.07774 Mbps
91370[UE 3 | RB 1] Throughput = 1.07774 Mbps
91470[UE 2 | RB 1] Throughput = 1.07839 Mbps
91470[UE 3 | RB 1] Throughput = 1.07839 Mbps
91570[UE 2 | RB 1] Throughput = 1.07831 Mbps
91570[UE 3 | RB 1] Throughput = 1.07831 Mbps
91680[UE 2 | RB 1] Throughput = 1.08979 Mbps
91680[UE 3 | RB 1] Throughput = 1.08979 Mbps
91790[UE 2 | RB 1] Throughput = 1.08897 Mbps
91790[UE 3 | RB 1] Throughput = 1.08897 Mbps
91891[UE 2 | RB 1] Throughput = 0.95312 Mbps
91891[UE 3 | RB 1] Throughput = 0.95312 Mbps
92000[UE 2 | RB 1] Throughput = 1.09999 Mbps
92000[UE 3 | RB 1] Throughput = 1.09999 Mbps
92100[UE 2 | RB 1] Throughput = 1.07494 Mbps
92100[UE 3 | RB 1] Throughput = 1.07494 Mbps
92210[UE 2 | RB 1] Throughput = 1.08956 Mbps
92210[UE 3 | RB 1] Throughput = 1.08956 Mbps
92310[UE 2 | RB 1] Throughput = 1.07815 Mbps
92310[UE 3 | RB 1] Throughput = 1.07815 Mbps
92421[UE 2 | RB 1] Throughput = 1.08452 Mbps
92421[UE 3 | RB 1] Throughput = 1.08452 Mbps
92530[UE 2 | RB 1] Throughput = 1.09840 Mbps
92530[UE 3 | RB 1] Throughput = 1.09840 Mbps
92630[UE 2 | RB 1] Throughput = 0.95136 Mbps
92630[UE 3 | RB 1] Throughput = 0.95136 Mbps
92740[UE 2 | RB 1] Throughput = 1.09315 Mbps
92740[UE 3 | RB 1] Throughput = 1.09315 Mbps
92840[UE 2 | RB 1] Throughput = 1.07768 Mbps
92840[UE 3 | RB 1] Throughput = 1.07768 Mbps
92950[UE 2 | RB 1] Throughput = 1.09114 Mbps
92950[UE 3 | RB 1] Throughput = 1.09114 Mbps
92989[UE 1 | RB 1] Throughput = 0.73339 Mbps
92989[UE 5 | RB 1] Throughput = 0.73339 Mbps
92989[UE 4 | RB 1] Throughput = 0.73339 Mbps
93060[UE 2 | RB 1] Throughput = 0.87111 Mbps
93060[UE 3 | RB 1] Throughput = 0.76222 Mbps
93160[UE 2 | RB 1] Throughput = 0.32716 Mbps
93160[UE 3 | RB 1] Throughput = 0.04405 Mbps
93261[UE 2 | RB 1] Throughput = 0.00000 Mbps
93261[UE 3 | RB 1] Throughput = 0.00000 Mbps
93362[UE 2 | RB 1] Throughput = 0.00000 Mbps
93362[UE 3 | RB 1] Throughput = 0.00000 Mbps
93472[UE 2 | RB 1] Throughput = 0.00000 Mbps
93472[UE 3 | RB 1] Throughput = 0.00000 Mbps
93580[UE 2 | RB 1] Throughput = 0.00000 Mbps
93580[UE 3 | RB 1] Throughput = 0.00000 Mbps
93691[UE 2 | RB 1] Throughput = 0.00000 Mbps
93691[UE 3 | RB 1] Throughput = 0.00000 Mbps
93800[UE 2 | RB 1] Throughput = 0.00000 Mbps
93800[UE 3 | RB 1] Throughput = 0.00000 Mbps
93900[UE 2 | RB 1] Throughput = 0.00000 Mbps
93900[UE 3 | RB 1] Throughput = 0.00000 Mbps
94010[UE 2 | RB 1] Throughput = 0.00000 Mbps
94010[UE 3 | RB 1] Throughput = 0.00000 Mbps
94120[UE 2 | RB 1] Throughput = 0.00000 Mbps
94120[UE 3 | RB 1] Throughput = 0.00000 Mbps
94220[UE 2 | RB 1] Throughput = 0.00000 Mbps
94220[UE 3 | RB 1] Throughput = 0.00000 Mbps
94330[UE 2 | RB 1] Throughput = 0.00000 Mbps
94330[UE 3 | RB 1] Throughput = 0.00000 Mbps
94440[UE 2 | RB 1] Throughput = 0.00000 Mbps
94440[UE 3 | RB 1] Throughput = 0.00000 Mbps
94540[UE 2 | RB 1] Throughput = 0.00000 Mbps
94540[UE 3 | RB 1] Throughput = 0.00000 Mbps
94651[UE 2 | RB 1] Throughput = 0.00000 Mbps
94651[UE 3 | RB 1] Throughput = 0.00000 Mbps
94761[UE 2 | RB 1] Throughput = 0.00000 Mbps
94761[UE 3 | RB 1] Throughput = 0.00000 Mbps
94870[UE 2 | RB 1] Throughput = 0.00000 Mbps
94870[UE 3 | RB 1] Throughput = 0.00000 Mbps
94981[UE 2 | RB 1] Throughput = 0.00000 Mbps
94981[UE 3 | RB 1] Throughput = 0.00000 Mbps
95036[UE 1 | RB 1] Throughput = 0.46245 Mbps
95036[UE 5 | RB 1] Throughput = 0.46245 Mbps
95036[UE 4 | RB 1] Throughput = 0.46245 Mbps
95091[UE 2 | RB 1] Throughput = 0.00000 Mbps
95091[UE 3 | RB 1] Throughput = 0.00000 Mbps
95200[UE 2 | RB 1] Throughput = 0.00000 Mbps
95200[UE 3 | RB 1] Throughput = 0.00000 Mbps
95301[UE 2 | RB 1] Throughput = 0.00000 Mbps
95301[UE 3 | RB 1] Throughput = 0.00000 Mbps
95410[UE 2 | RB 1] Throughput = 0.00000 Mbps
95410[UE 3 | RB 1] Throughput = 0.00000 Mbps
95510[UE 2 | RB 1] Throughput = 0.00000 Mbps
95510[UE 3 | RB 1] Throughput = 0.00000 Mbps
95611[UE 2 | RB 1] Throughput = 0.00000 Mbps
95611[UE 3 | RB 1] Throughput = 0.00000 Mbps