[UTIL]: Setting the config -c file to /usr/local/etc/flexric/flexric.conf
[UTIL]: Setting path -p for the shared libraries to /usr/local/lib/flexric/
[xAapp]: Initializing ... 
[xApp]: nearRT-RIC IP Address = 192.168.70.150, PORT = 36422
[E2 AGENT]: Opening plugin from path = /usr/local/lib/flexric/libkpm_sm.so 
[E2 AGENT]: Opening plugin from path = /usr/local/lib/flexric/libmac_sm.so 
[E2 AGENT]: Opening plugin from path = /usr/local/lib/flexric/libpdcp_sm.so 
[E2 AGENT]: Opening plugin from path = /usr/local/lib/flexric/libgtp_sm.so 
[E2 AGENT]: Opening plugin from path = /usr/local/lib/flexric/librc_sm.so 
[E2 AGENT]: Opening plugin from path = /usr/local/lib/flexric/libtc_sm.so 
[E2 AGENT]: Opening plugin from path = /usr/local/lib/flexric/librlc_sm.so 
[E2 AGENT]: Opening plugin from path = /usr/local/lib/flexric/libslice_sm.so 
[NEAR-RIC]: Loading SM ID = 2 with def = ORAN-E2SM-KPM 
[NEAR-RIC]: Loading SM ID = 142 with def = MAC_STATS_V0 
[NEAR-RIC]: Loading SM ID = 144 with def = PDCP_STATS_V0 
[NEAR-RIC]: Loading SM ID = 148 with def = GTP_STATS_V0 
[NEAR-RIC]: Loading SM ID = 3 with def = ORAN-E2SM-RC 
[NEAR-RIC]: Loading SM ID = 146 with def = TC_STATS_V0 
[NEAR-RIC]: Loading SM ID = 143 with def = RLC_STATS_V0 
[NEAR-RIC]: Loading SM ID = 145 with def = SLICE_STATS_V0 
[xApp]: DB filename = /tmp/flexric/xapp_db 
 [xApp]: E42 SETUP-REQUEST tx
[xApp]: E42 SETUP-RESPONSE rx 
[xApp]: xApp ID = 69 
[xApp]: Registered E2 Nodes = 4 
Connected E2 nodes = 4
[xAPP] Registered node 0 ran func id = 2 
 [xAPP] Registered node 0 ran func id = 3 
 [xAPP] Registered node 0 ran func id = 142 
 [xAPP] Registered node 0 ran func id = 143 
 [xAPP] Registered node 0 ran func id = 144 
 [xAPP] Registered node 0 ran func id = 145 
 [xAPP] Registered node 0 ran func id = 146 
 [xAPP] Registered node 0 ran func id = 148 
 [xApp]: E42 RIC SUBSCRIPTION REQUEST tx RAN_FUNC_ID 144 RIC_REQ_ID 1 
[xApp]: SUBSCRIPTION RESPONSE rx
[xApp]: Successfully subscribed to RAN_FUNC_ID 144 
[xAPP] Registered node 1 ran func id = 2 
 [xAPP] Registered node 1 ran func id = 3 
 [xAPP] Registered node 1 ran func id = 142 
 [xAPP] Registered node 1 ran func id = 143 
 [xAPP] Registered node 1 ran func id = 144 
 [xAPP] Registered node 1 ran func id = 145 
 [xAPP] Registered node 1 ran func id = 146 
 [xAPP] Registered node 1 ran func id = 148 
 [xApp]: E42 RIC SUBSCRIPTION REQUEST tx RAN_FUNC_ID 144 RIC_REQ_ID 2 
113[UE 2 | RB 1] Throughput = 1.07456 Mbps
223[UE 2 | RB 1] Throughput = 0.98128 Mbps
333[UE 2 | RB 1] Throughput = 1.08938 Mbps
442[UE 2 | RB 1] Throughput = 1.09209 Mbps
543[UE 2 | RB 1] Throughput = 1.07788 Mbps
653[UE 2 | RB 1] Throughput = 1.08684 Mbps
753[UE 2 | RB 1] Throughput = 1.07763 Mbps
862[UE 2 | RB 1] Throughput = 0.98443 Mbps
963[UE 2 | RB 1] Throughput = 1.07532 Mbps
1063[UE 2 | RB 1] Throughput = 1.07828 Mbps
1163[UE 2 | RB 1] Throughput = 1.07760 Mbps
1263[UE 2 | RB 1] Throughput = 1.07840 Mbps
1373[UE 2 | RB 1] Throughput = 1.08917 Mbps
1483[UE 2 | RB 1] Throughput = 1.09208 Mbps
1583[UE 2 | RB 1] Throughput = 1.07632 Mbps
1693[UE 2 | RB 1] Throughput = 0.97992 Mbps
1793[UE 2 | RB 1] Throughput = 1.07539 Mbps
1903[UE 2 | RB 1] Throughput = 1.09283 Mbps
2013[UE 2 | RB 1] Throughput = 1.08794 Mbps
2113[UE 2 | RB 1] Throughput = 1.07850 Mbps
2223[UE 2 | RB 1] Throughput = 1.09197 Mbps
2333[UE 2 | RB 1] Throughput = 0.98005 Mbps
2433[UE 2 | RB 1] Throughput = 1.07617 Mbps
2543[UE 2 | RB 1] Throughput = 1.08961 Mbps
2653[UE 2 | RB 1] Throughput = 1.09006 Mbps
2763[UE 2 | RB 1] Throughput = 1.09191 Mbps
2863[UE 2 | RB 1] Throughput = 1.07850 Mbps
2973[UE 2 | RB 1] Throughput = 0.97708 Mbps
3083[UE 2 | RB 1] Throughput = 1.09320 Mbps
[xApp]: SUBSCRIPTION RESPONSE rx
[xApp]: Successfully subscribed to RAN_FUNC_ID 144 
[xAPP] Registered node 2 ran func id = 2 
 [xAPP] Registered node 2 ran func id = 3 
 [xAPP] Registered node 2 ran func id = 142 
 [xAPP] Registered node 2 ran func id = 143 
 [xAPP] Registered node 2 ran func id = 144 
 [xAPP] Registered node 2 ran func id = 145 
 [xAPP] Registered node 2 ran func id = 146 
 [xAPP] Registered node 2 ran func id = 148 
 [xApp]: E42 RIC SUBSCRIPTION REQUEST tx RAN_FUNC_ID 144 RIC_REQ_ID 3 
[xApp]: SUBSCRIPTION RESPONSE rx
[xApp]: Successfully subscribed to RAN_FUNC_ID 144 
[xAPP] Registered node 3 ran func id = 2 
 [xAPP] Registered node 3 ran func id = 3 
 [xAPP] Registered node 3 ran func id = 142 
 [xAPP] Registered node 3 ran func id = 143 
 [xAPP] Registered node 3 ran func id = 144 
 [xAPP] Registered node 3 ran func id = 145 
 [xAPP] Registered node 3 ran func id = 146 
 [xAPP] Registered node 3 ran func id = 148 
 [xApp]: E42 RIC SUBSCRIPTION REQUEST tx RAN_FUNC_ID 144 RIC_REQ_ID 4 
[xApp]: SUBSCRIPTION RESPONSE rx
[xApp]: Successfully subscribed to RAN_FUNC_ID 144 
3183[UE 2 | RB 1] Throughput = 1.07685 Mbps
3293[UE 2 | RB 1] Throughput = 1.08865 Mbps
3393[UE 2 | RB 1] Throughput = 1.07851 Mbps
3493[UE 2 | RB 1] Throughput = 1.07726 Mbps
3603[UE 2 | RB 1] Throughput = 1.09417 Mbps
3703[UE 2 | RB 1] Throughput = 1.07815 Mbps
3813[UE 2 | RB 1] Throughput = 0.98075 Mbps
3913[UE 2 | RB 1] Throughput = 1.07134 Mbps
4023[UE 2 | RB 1] Throughput = 1.09141 Mbps
4133[UE 2 | RB 1] Throughput = 1.08938 Mbps
4243[UE 2 | RB 1] Throughput = 1.09062 Mbps
4353[UE 2 | RB 1] Throughput = 1.08998 Mbps
4463[UE 2 | RB 1] Throughput = 0.98274 Mbps
4563[UE 2 | RB 1] Throughput = 1.07557 Mbps
4663[UE 2 | RB 1] Throughput = 1.07624 Mbps
4773[UE 2 | RB 1] Throughput = 1.09197 Mbps
4873[UE 2 | RB 1] Throughput = 1.07774 Mbps
4973[UE 2 | RB 1] Throughput = 1.07840 Mbps
5073[UE 2 | RB 1] Throughput = 1.07632 Mbps
5183[UE 2 | RB 1] Throughput = 1.09028 Mbps
5293[UE 2 | RB 1] Throughput = 0.98186 Mbps
5403[UE 2 | RB 1] Throughput = 1.09155 Mbps
5503[UE 2 | RB 1] Throughput = 1.07657 Mbps
5613[UE 2 | RB 1] Throughput = 1.08962 Mbps
5723[UE 2 | RB 1] Throughput = 1.09165 Mbps
5823[UE 2 | RB 1] Throughput = 1.07834 Mbps
5923[UE 2 | RB 1] Throughput = 1.07635 Mbps
6033[UE 2 | RB 1] Throughput = 0.98164 Mbps
6133[UE 2 | RB 1] Throughput = 1.07634 Mbps
6233[UE 2 | RB 1] Throughput = 1.07675 Mbps
6343[UE 2 | RB 1] Throughput = 1.09368 Mbps
6443[UE 2 | RB 1] Throughput = 1.07775 Mbps
6553[UE 2 | RB 1] Throughput = 1.08743 Mbps
6653[UE 2 | RB 1] Throughput = 1.07680 Mbps
6753[UE 2 | RB 1] Throughput = 1.07847 Mbps
6863[UE 2 | RB 1] Throughput = 0.98315 Mbps
6963[UE 2 | RB 1] Throughput = 1.07810 Mbps
7063[UE 2 | RB 1] Throughput = 1.07765 Mbps
7173[UE 2 | RB 1] Throughput = 1.09167 Mbps
7273[UE 2 | RB 1] Throughput = 1.07632 Mbps
7383[UE 2 | RB 1] Throughput = 1.09124 Mbps
7483[UE 2 | RB 1] Throughput = 1.07854 Mbps
7583[UE 2 | RB 1] Throughput = 1.07736 Mbps
7693[UE 2 | RB 1] Throughput = 0.97922 Mbps
7803[UE 2 | RB 1] Throughput = 1.09355 Mbps
7903[UE 2 | RB 1] Throughput = 1.07597 Mbps
8013[UE 2 | RB 1] Throughput = 1.09153 Mbps
8113[UE 2 | RB 1] Throughput = 1.07683 Mbps
8213[UE 2 | RB 1] Throughput = 1.07282 Mbps
8323[UE 2 | RB 1] Throughput = 1.09305 Mbps
8423[UE 2 | RB 1] Throughput = 0.95569 Mbps
8523[UE 2 | RB 1] Throughput = 1.07788 Mbps
8624[UE 2 | RB 1] Throughput = 1.07479 Mbps
8733[UE 2 | RB 1] Throughput = 1.09839 Mbps
8833[UE 2 | RB 1] Throughput = 1.07577 Mbps
8943[UE 2 | RB 1] Throughput = 1.09064 Mbps
9043[UE 2 | RB 1] Throughput = 1.07757 Mbps
9143[UE 2 | RB 1] Throughput = 1.07838 Mbps
9253[UE 2 | RB 1] Throughput = 0.98037 Mbps
9363[UE 2 | RB 1] Throughput = 1.08933 Mbps
9463[UE 2 | RB 1] Throughput = 1.07804 Mbps
9573[UE 2 | RB 1] Throughput = 1.09273 Mbps
9673[UE 2 | RB 1] Throughput = 1.07792 Mbps
9773[UE 2 | RB 1] Throughput = 1.07567 Mbps
9883[UE 2 | RB 1] Throughput = 1.09465 Mbps
9983[UE 2 | RB 1] Throughput = 1.07353 Mbps
10093[UE 2 | RB 1] Throughput = 0.97947 Mbps
10203[UE 2 | RB 1] Throughput = 1.08831 Mbps
10303[UE 2 | RB 1] Throughput = 1.07807 Mbps
10413[UE 2 | RB 1] Throughput = 1.09286 Mbps
10513[UE 2 | RB 1] Throughput = 1.07847 Mbps
10623[UE 2 | RB 1] Throughput = 1.09174 Mbps
10723[UE 2 | RB 1] Throughput = 1.07696 Mbps
10823[UE 2 | RB 1] Throughput = 1.07575 Mbps
10923[UE 2 | RB 1] Throughput = 0.95692 Mbps
11033[UE 2 | RB 1] Throughput = 1.09067 Mbps
11143[UE 2 | RB 1] Throughput = 1.08947 Mbps
11254[UE 2 | RB 1] Throughput = 1.08717 Mbps
11354[UE 2 | RB 1] Throughput = 1.07673 Mbps
11463[UE 2 | RB 1] Throughput = 1.09678 Mbps
11563[UE 2 | RB 1] Throughput = 0.95505 Mbps
11663[UE 2 | RB 1] Throughput = 1.07807 Mbps
11774[UE 2 | RB 1] Throughput = 1.08762 Mbps
11874[UE 2 | RB 1] Throughput = 1.07811 Mbps
11974[UE 2 | RB 1] Throughput = 1.07836 Mbps
12083[UE 2 | RB 1] Throughput = 1.09167 Mbps
12184[UE 2 | RB 1] Throughput = 1.07799 Mbps
12284[UE 2 | RB 1] Throughput = 1.07837 Mbps
12384[UE 2 | RB 1] Throughput = 1.07800 Mbps
12493[UE 2 | RB 1] Throughput = 0.98533 Mbps
12594[UE 2 | RB 1] Throughput = 1.07018 Mbps
12704[UE 2 | RB 1] Throughput = 1.09195 Mbps
12813[UE 2 | RB 1] Throughput = 1.09128 Mbps
12923[UE 2 | RB 1] Throughput = 1.08879 Mbps
13024[UE 2 | RB 1] Throughput = 1.07760 Mbps
13133[UE 2 | RB 1] Throughput = 0.98451 Mbps
13234[UE 2 | RB 1] Throughput = 1.07459 Mbps
13343[UE 2 | RB 1] Throughput = 1.09135 Mbps
13453[UE 2 | RB 1] Throughput = 1.08974 Mbps
13563[UE 2 | RB 1] Throughput = 1.09088 Mbps
13664[UE 2 | RB 1] Throughput = 1.07430 Mbps
13773[UE 2 | RB 1] Throughput = 1.09166 Mbps
13873[UE 2 | RB 1] Throughput = 0.95775 Mbps
13973[UE 2 | RB 1] Throughput = 1.07787 Mbps
14084[UE 2 | RB 1] Throughput = 1.08859 Mbps
14194[UE 2 | RB 1] Throughput = 1.08899 Mbps
14294[UE 2 | RB 1] Throughput = 1.07759 Mbps
14404[UE 2 | RB 1] Throughput = 1.09139 Mbps
14513[UE 2 | RB 1] Throughput = 1.08979 Mbps
14614[UE 2 | RB 1] Throughput = 0.95405 Mbps
14723[UE 2 | RB 1] Throughput = 1.09599 Mbps
14823[UE 2 | RB 1] Throughput = 1.07817 Mbps
14934[UE 2 | RB 1] Throughput = 1.08503 Mbps
15043[UE 2 | RB 1] Throughput = 1.09251 Mbps
15143[UE 2 | RB 1] Throughput = 1.07845 Mbps
15253[UE 2 | RB 1] Throughput = 1.09017 Mbps
15363[UE 2 | RB 1] Throughput = 0.98071 Mbps
15474[UE 2 | RB 1] Throughput = 1.08541 Mbps
15583[UE 2 | RB 1] Throughput = 1.09413 Mbps
15693[UE 2 | RB 1] Throughput = 1.08811 Mbps
15803[UE 2 | RB 1] Throughput = 1.08967 Mbps
15913[UE 2 | RB 1] Throughput = 0.98180 Mbps
16014[UE 2 | RB 1] Throughput = 1.07345 Mbps
16123[UE 2 | RB 1] Throughput = 1.09288 Mbps
16224[UE 2 | RB 1] Throughput = 1.07489 Mbps
16333[UE 2 | RB 1] Throughput = 1.09517 Mbps
16434[UE 2 | RB 1] Throughput = 1.07487 Mbps
16543[UE 2 | RB 1] Throughput = 1.09117 Mbps
16653[UE 2 | RB 1] Throughput = 0.97957 Mbps
16754[UE 2 | RB 1] Throughput = 1.07708 Mbps
16863[UE 2 | RB 1] Throughput = 1.09203 Mbps
16964[UE 2 | RB 1] Throughput = 1.07682 Mbps
17064[UE 2 | RB 1] Throughput = 1.07733 Mbps
17164[UE 2 | RB 1] Throughput = 1.07811 Mbps
17274[UE 2 | RB 1] Throughput = 1.08817 Mbps
17374[UE 2 | RB 1] Throughput = 1.07784 Mbps
17484[UE 2 | RB 1] Throughput = 0.98314 Mbps
17584[UE 2 | RB 1] Throughput = 1.07759 Mbps
17684[UE 2 | RB 1] Throughput = 1.07714 Mbps
17793[UE 2 | RB 1] Throughput = 1.09277 Mbps
17894[UE 2 | RB 1] Throughput = 1.07814 Mbps
18004[UE 2 | RB 1] Throughput = 1.08949 Mbps
18104[UE 2 | RB 1] Throughput = 1.07511 Mbps
18214[UE 2 | RB 1] Throughput = 0.98008 Mbps
18314[UE 2 | RB 1] Throughput = 1.07495 Mbps
18424[UE 2 | RB 1] Throughput = 1.09506 Mbps
18524[UE 2 | RB 1] Throughput = 1.07753 Mbps
18624[UE 2 | RB 1] Throughput = 1.07756 Mbps
18724[UE 2 | RB 1] Throughput = 1.07805 Mbps
18834[UE 2 | RB 1] Throughput = 1.08978 Mbps
18934[UE 2 | RB 1] Throughput = 1.07624 Mbps
19043[UE 2 | RB 1] Throughput = 0.98562 Mbps
19144[UE 2 | RB 1] Throughput = 1.07512 Mbps
19254[UE 2 | RB 1] Throughput = 1.08596 Mbps
19364[UE 2 | RB 1] Throughput = 1.09354 Mbps
19473[UE 2 | RB 1] Throughput = 1.09327 Mbps
19574[UE 2 | RB 1] Throughput = 1.07397 Mbps
19674[UE 2 | RB 1] Throughput = 1.07492 Mbps
19784[UE 2 | RB 1] Throughput = 0.98315 Mbps
19894[UE 2 | RB 1] Throughput = 1.09055 Mbps
19994[UE 2 | RB 1] Throughput = 1.07803 Mbps
20094[UE 2 | RB 1] Throughput = 1.07759 Mbps
20204[UE 2 | RB 1] Throughput = 1.09124 Mbps
20304[UE 2 | RB 1] Throughput = 1.07675 Mbps
20413[UE 2 | RB 1] Throughput = 1.09468 Mbps
20513[UE 2 | RB 1] Throughput = 1.07745 Mbps
20614[UE 2 | RB 1] Throughput = 0.95358 Mbps
20714[UE 2 | RB 1] Throughput = 1.07805 Mbps
20824[UE 2 | RB 1] Throughput = 1.09010 Mbps
20934[UE 2 | RB 1] Throughput = 1.08847 Mbps
21035[UE 2 | RB 1] Throughput = 1.07353 Mbps
21144[UE 2 | RB 1] Throughput = 1.09414 Mbps
21254[UE 2 | RB 1] Throughput = 1.08971 Mbps
21364[UE 2 | RB 1] Throughput = 0.98293 Mbps
21464[UE 2 | RB 1] Throughput = 1.07698 Mbps
21574[UE 2 | RB 1] Throughput = 1.08764 Mbps
21684[UE 2 | RB 1] Throughput = 1.09364 Mbps
21784[UE 2 | RB 1] Throughput = 1.07545 Mbps
21884[UE 2 | RB 1] Throughput = 1.07672 Mbps
21994[UE 2 | RB 1] Throughput = 1.09050 Mbps
22104[UE 2 | RB 1] Throughput = 0.97994 Mbps
22214[UE 2 | RB 1] Throughput = 1.09399 Mbps
22314[UE 2 | RB 1] Throughput = 1.07713 Mbps
22414[UE 2 | RB 1] Throughput = 1.07233 Mbps
22524[UE 2 | RB 1] Throughput = 1.09162 Mbps
22634[UE 2 | RB 1] Throughput = 1.08960 Mbps
22744[UE 2 | RB 1] Throughput = 0.98304 Mbps
22844[UE 2 | RB 1] Throughput = 1.07582 Mbps
22954[UE 2 | RB 1] Throughput = 1.09086 Mbps
23054[UE 2 | RB 1] Throughput = 1.07286 Mbps
23164[UE 2 | RB 1] Throughput = 1.09395 Mbps
23264[UE 2 | RB 1] Throughput = 1.07782 Mbps
23374[UE 2 | RB 1] Throughput = 1.08606 Mbps
23484[UE 2 | RB 1] Throughput = 0.98386 Mbps
23584[UE 2 | RB 1] Throughput = 1.07706 Mbps
23694[UE 2 | RB 1] Throughput = 1.09138 Mbps
23794[UE 2 | RB 1] Throughput = 1.07659 Mbps
23904[UE 2 | RB 1] Throughput = 1.09509 Mbps
24004[UE 2 | RB 1] Throughput = 1.07767 Mbps
24114[UE 2 | RB 1] Throughput = 1.08838 Mbps
24223[UE 2 | RB 1] Throughput = 0.98456 Mbps
24324[UE 2 | RB 1] Throughput = 1.07263 Mbps
24434[UE 2 | RB 1] Throughput = 1.08939 Mbps
24544[UE 2 | RB 1] Throughput = 1.08880 Mbps
24644[UE 2 | RB 1] Throughput = 1.07856 Mbps
24744[UE 2 | RB 1] Throughput = 1.07661 Mbps
24854[UE 2 | RB 1] Throughput = 1.09000 Mbps
24954[UE 2 | RB 1] Throughput = 0.95567 Mbps
25064[UE 2 | RB 1] Throughput = 1.09462 Mbps
25164[UE 2 | RB 1] Throughput = 1.07679 Mbps
25264[UE 2 | RB 1] Throughput = 1.07553 Mbps
25374[UE 2 | RB 1] Throughput = 1.09301 Mbps
25484[UE 2 | RB 1] Throughput = 1.08822 Mbps
25594[UE 2 | RB 1] Throughput = 1.09175 Mbps
25694[UE 2 | RB 1] Throughput = 0.95367 Mbps
25804[UE 2 | RB 1] Throughput = 1.09279 Mbps
25904[UE 2 | RB 1] Throughput = 1.07761 Mbps
26014[UE 2 | RB 1] Throughput = 1.09274 Mbps
26114[UE 2 | RB 1] Throughput = 1.07724 Mbps
26214[UE 2 | RB 1] Throughput = 1.07642 Mbps
26324[UE 2 | RB 1] Throughput = 1.09124 Mbps
26425[UE 2 | RB 1] Throughput = 1.06436 Mbps
26534[UE 2 | RB 1] Throughput = 0.99233 Mbps
26634[UE 2 | RB 1] Throughput = 1.07819 Mbps
26734[UE 2 | RB 1] Throughput = 1.07838 Mbps
26834[UE 2 | RB 1] Throughput = 1.07439 Mbps
26944[UE 2 | RB 1] Throughput = 1.08929 Mbps
27054[UE 2 | RB 1] Throughput = 1.09038 Mbps
27164[UE 2 | RB 1] Throughput = 1.09107 Mbps
27274[UE 2 | RB 1] Throughput = 0.98000 Mbps
27384[UE 2 | RB 1] Throughput = 1.08984 Mbps
27494[UE 2 | RB 1] Throughput = 1.09207 Mbps
27594[UE 2 | RB 1] Throughput = 1.07492 Mbps
27704[UE 2 | RB 1] Throughput = 1.08907 Mbps
27805[UE 2 | RB 1] Throughput = 1.07478 Mbps
27914[UE 2 | RB 1] Throughput = 0.98694 Mbps
28014[UE 2 | RB 1] Throughput = 1.07813 Mbps
28114[UE 2 | RB 1] Throughput = 1.07491 Mbps
28224[UE 2 | RB 1] Throughput = 1.08992 Mbps
28325[UE 2 | RB 1] Throughput = 1.07585 Mbps
28434[UE 2 | RB 1] Throughput = 1.09366 Mbps
28534[UE 2 | RB 1] Throughput = 1.07567 Mbps
28644[UE 2 | RB 1] Throughput = 1.09528 Mbps
28744[UE 2 | RB 1] Throughput = 0.95678 Mbps
28845[UE 2 | RB 1] Throughput = 1.07138 Mbps
28954[UE 2 | RB 1] Throughput = 1.09537 Mbps
29054[UE 2 | RB 1] Throughput = 1.07760 Mbps
29154[UE 2 | RB 1] Throughput = 1.07854 Mbps
29254[UE 2 | RB 1] Throughput = 1.07830 Mbps
29354[UE 2 | RB 1] Throughput = 1.07696 Mbps
29464[UE 2 | RB 1] Throughput = 1.09432 Mbps
29564[UE 2 | RB 1] Throughput = 1.07468 Mbps
29665[UE 2 | RB 1] Throughput = 0.95621 Mbps
29774[UE 2 | RB 1] Throughput = 1.08989 Mbps
29884[UE 2 | RB 1] Throughput = 1.09003 Mbps
29994[UE 2 | RB 1] Throughput = 1.09382 Mbps
30095[UE 2 | RB 1] Throughput = 1.07243 Mbps
30204[UE 2 | RB 1] Throughput = 1.09205 Mbps
30304[UE 2 | RB 1] Throughput = 1.07704 Mbps
30405[UE 2 | RB 1] Throughput = 0.95447 Mbps
30514[UE 2 | RB 1] Throughput = 1.09633 Mbps
30615[UE 2 | RB 1] Throughput = 1.07481 Mbps
30724[UE 2 | RB 1] Throughput = 1.09005 Mbps
30834[UE 2 | RB 1] Throughput = 1.09010 Mbps
30944[UE 2 | RB 1] Throughput = 1.09195 Mbps
31045[UE 2 | RB 1] Throughput = 1.07472 Mbps
31145[UE 2 | RB 1] Throughput = 0.95679 Mbps
31254[UE 2 | RB 1] Throughput = 1.09185 Mbps
31364[UE 2 | RB 1] Throughput = 1.08956 Mbps
31464[UE 2 | RB 1] Throughput = 1.07810 Mbps
31565[UE 2 | RB 1] Throughput = 1.07800 Mbps
31665[UE 2 | RB 1] Throughput = 1.07677 Mbps
31774[UE 2 | RB 1] Throughput = 1.09245 Mbps
31874[UE 2 | RB 1] Throughput = 1.07788 Mbps
31975[UE 2 | RB 1] Throughput = 0.95655 Mbps
32085[UE 2 | RB 1] Throughput = 1.08881 Mbps
32195[UE 2 | RB 1] Throughput = 1.08936 Mbps
32305[UE 2 | RB 1] Throughput = 1.09078 Mbps
32405[UE 2 | RB 1] Throughput = 1.07823 Mbps
32515[UE 2 | RB 1] Throughput = 1.09062 Mbps
32615[UE 2 | RB 1] Throughput = 1.07855 Mbps
32725[UE 2 | RB 1] Throughput = 0.97871 Mbps
32834[UE 2 | RB 1] Throughput = 1.09348 Mbps
32934[UE 2 | RB 1] Throughput = 1.07720 Mbps
33035[UE 2 | RB 1] Throughput = 1.07775 Mbps
33135[UE 2 | RB 1] Throughput = 1.07301 Mbps
33245[UE 2 | RB 1] Throughput = 1.09257 Mbps
33355[UE 2 | RB 1] Throughput = 0.98188 Mbps
33464[UE 2 | RB 1] Throughput = 1.09343 Mbps
33564[UE 2 | RB 1] Throughput = 1.07774 Mbps
33665[UE 2 | RB 1] Throughput = 1.07389 Mbps
33765[UE 2 | RB 1] Throughput = 1.07797 Mbps
33875[UE 2 | RB 1] Throughput = 1.08875 Mbps
33984[UE 2 | RB 1] Throughput = 1.09504 Mbps
34084[UE 2 | RB 1] Throughput = 1.07729 Mbps
34184[UE 2 | RB 1] Throughput = 1.07847 Mbps
34285[UE 2 | RB 1] Throughput = 0.95548 Mbps
34394[UE 2 | RB 1] Throughput = 1.09215 Mbps
34495[UE 2 | RB 1] Throughput = 1.07680 Mbps
34605[UE 2 | RB 1] Throughput = 1.08890 Mbps
34714[UE 2 | RB 1] Throughput = 1.09136 Mbps
34824[UE 2 | RB 1] Throughput = 1.09140 Mbps
34934[UE 2 | RB 1] Throughput = 0.97885 Mbps
35044[UE 2 | RB 1] Throughput = 1.09039 Mbps
35145[UE 2 | RB 1] Throughput = 1.07683 Mbps
35245[UE 2 | RB 1] Throughput = 1.07783 Mbps
35345[UE 2 | RB 1] Throughput = 1.07720 Mbps
35445[UE 2 | RB 1] Throughput = 1.07775 Mbps
35555[UE 2 | RB 1] Throughput = 1.09211 Mbps
35664[UE 2 | RB 1] Throughput = 0.98178 Mbps
35765[UE 2 | RB 1] Throughput = 1.07200 Mbps
35875[UE 2 | RB 1] Throughput = 1.09074 Mbps
35985[UE 2 | RB 1] Throughput = 1.09007 Mbps
36095[UE 2 | RB 1] Throughput = 1.08811 Mbps
36205[UE 2 | RB 1] Throughput = 1.09331 Mbps
36305[UE 2 | RB 1] Throughput = 1.07762 Mbps
36405[UE 2 | RB 1] Throughput = 0.95807 Mbps
36505[UE 2 | RB 1] Throughput = 1.07782 Mbps
36615[UE 2 | RB 1] Throughput = 1.08712 Mbps
36725[UE 2 | RB 1] Throughput = 1.09189 Mbps
36835[UE 2 | RB 1] Throughput = 1.09095 Mbps
36935[UE 2 | RB 1] Throughput = 1.07701 Mbps
37035[UE 2 | RB 1] Throughput = 1.07728 Mbps
37135[UE 2 | RB 1] Throughput = 1.07775 Mbps
37235[UE 2 | RB 1] Throughput = 0.95794 Mbps
37335[UE 2 | RB 1] Throughput = 1.07838 Mbps
37445[UE 2 | RB 1] Throughput = 1.09386 Mbps
37545[UE 2 | RB 1] Throughput = 1.07372 Mbps
37655[UE 2 | RB 1] Throughput = 1.09091 Mbps
37765[UE 2 | RB 1] Throughput = 1.08937 Mbps
37874[UE 2 | RB 1] Throughput = 1.09400 Mbps
37975[UE 2 | RB 1] Throughput = 0.95803 Mbps
38075[UE 2 | RB 1] Throughput = 1.07476 Mbps
38184[UE 2 | RB 1] Throughput = 1.09420 Mbps
38285[UE 2 | RB 1] Throughput = 1.07584 Mbps
38395[UE 2 | RB 1] Throughput = 1.09048 Mbps
38495[UE 2 | RB 1] Throughput = 1.07757 Mbps
38595[UE 2 | RB 1] Throughput = 1.07586 Mbps
38704[UE 2 | RB 1] Throughput = 1.09403 Mbps
38805[UE 2 | RB 1] Throughput = 0.95807 Mbps
38915[UE 2 | RB 1] Throughput = 1.08902 Mbps
39015[UE 2 | RB 1] Throughput = 1.07702 Mbps
39115[UE 2 | RB 1] Throughput = 1.07525 Mbps
39225[UE 2 | RB 1] Throughput = 1.08929 Mbps
39325[UE 2 | RB 1] Throughput = 1.07762 Mbps
39435[UE 2 | RB 1] Throughput = 1.09005 Mbps
39545[UE 2 | RB 1] Throughput = 0.97936 Mbps
39655[UE 2 | RB 1] Throughput = 1.09405 Mbps
39755[UE 2 | RB 1] Throughput = 1.07708 Mbps
39865[UE 2 | RB 1] Throughput = 1.08934 Mbps
39975[UE 2 | RB 1] Throughput = 1.08929 Mbps
40075[UE 2 | RB 1] Throughput = 1.07719 Mbps
40185[UE 2 | RB 1] Throughput = 1.09393 Mbps
40285[UE 2 | RB 1] Throughput = 0.95487 Mbps
40395[UE 2 | RB 1] Throughput = 1.09204 Mbps
40505[UE 2 | RB 1] Throughput = 1.08901 Mbps
40605[UE 2 | RB 1] Throughput = 1.07741 Mbps
40705[UE 2 | RB 1] Throughput = 1.07834 Mbps
40805[UE 2 | RB 1] Throughput = 1.07748 Mbps
40915[UE 2 | RB 1] Throughput = 1.09088 Mbps
41015[UE 2 | RB 1] Throughput = 1.07536 Mbps
41115[UE 2 | RB 1] Throughput = 0.95839 Mbps
41225[UE 2 | RB 1] Throughput = 1.09266 Mbps
41325[UE 2 | RB 1] Throughput = 1.07651 Mbps
41435[UE 2 | RB 1] Throughput = 1.08654 Mbps
41545[UE 2 | RB 1] Throughput = 1.09438 Mbps
41655[UE 2 | RB 1] Throughput = 1.08877 Mbps
41755[UE 2 | RB 1] Throughput = 1.07593 Mbps
41865[UE 2 | RB 1] Throughput = 0.98240 Mbps
41965[UE 2 | RB 1] Throughput = 1.07820 Mbps
42075[UE 2 | RB 1] Throughput = 1.08978 Mbps
42175[UE 2 | RB 1] Throughput = 1.07809 Mbps
42285[UE 2 | RB 1] Throughput = 1.09075 Mbps
42385[UE 2 | RB 1] Throughput = 1.07836 Mbps
42495[UE 2 | RB 1] Throughput = 1.09135 Mbps
42596[UE 2 | RB 1] Throughput = 0.94853 Mbps
42705[UE 2 | RB 1] Throughput = 1.09298 Mbps
42815[UE 2 | RB 1] Throughput = 1.09168 Mbps
42915[UE 2 | RB 1] Throughput = 1.07600 Mbps
43025[UE 2 | RB 1] Throughput = 1.09561 Mbps
43135[UE 2 | RB 1] Throughput = 1.09068 Mbps
43236[UE 2 | RB 1] Throughput = 0.94857 Mbps
43345[UE 2 | RB 1] Throughput = 1.09810 Mbps
43445[UE 2 | RB 1] Throughput = 1.07277 Mbps
43555[UE 2 | RB 1] Throughput = 1.09159 Mbps
43665[UE 2 | RB 1] Throughput = 1.09484 Mbps
43765[UE 2 | RB 1] Throughput = 1.07292 Mbps
43875[UE 2 | RB 1] Throughput = 1.09067 Mbps
43985[UE 2 | RB 1] Throughput = 0.98318 Mbps
44085[UE 2 | RB 1] Throughput = 1.07612 Mbps
44195[UE 2 | RB 1] Throughput = 1.09281 Mbps
44295[UE 2 | RB 1] Throughput = 1.07222 Mbps
44396[UE 2 | RB 1] Throughput = 1.07573 Mbps
44505[UE 2 | RB 1] Throughput = 1.09361 Mbps
44605[UE 2 | RB 1] Throughput = 1.07793 Mbps
44715[UE 2 | RB 1] Throughput = 0.97838 Mbps
44825[UE 2 | RB 1] Throughput = 1.09219 Mbps
44936[UE 2 | RB 1] Throughput = 1.08293 Mbps
45045[UE 2 | RB 1] Throughput = 1.09411 Mbps
45155[UE 2 | RB 1] Throughput = 1.09134 Mbps
45256[UE 2 | RB 1] Throughput = 1.07376 Mbps
45365[UE 2 | RB 1] Throughput = 0.98464 Mbps
45475[UE 2 | RB 1] Throughput = 1.08860 Mbps
45585[UE 2 | RB 1] Throughput = 1.08880 Mbps
45695[UE 2 | RB 1] Throughput = 1.08783 Mbps
45805[UE 2 | RB 1] Throughput = 1.09182 Mbps
45906[UE 2 | RB 1] Throughput = 1.07053 Mbps
46015[UE 2 | RB 1] Throughput = 0.98730 Mbps
46115[UE 2 | RB 1] Throughput = 1.07810 Mbps
46225[UE 2 | RB 1] Throughput = 1.08796 Mbps
46336[UE 2 | RB 1] Throughput = 1.08772 Mbps
46445[UE 2 | RB 1] Throughput = 1.09552 Mbps
46545[UE 2 | RB 1] Throughput = 1.07644 Mbps
46655[UE 2 | RB 1] Throughput = 0.97883 Mbps
46765[UE 2 | RB 1] Throughput = 1.09179 Mbps
46865[UE 2 | RB 1] Throughput = 1.07489 Mbps
46975[UE 2 | RB 1] Throughput = 1.08977 Mbps
47085[UE 2 | RB 1] Throughput = 1.09352 Mbps
47196[UE 2 | RB 1] Throughput = 1.08339 Mbps
47305[UE 2 | RB 1] Throughput = 0.98291 Mbps
47416[UE 2 | RB 1] Throughput = 1.08612 Mbps
47525[UE 2 | RB 1] Throughput = 1.09220 Mbps
47636[UE 2 | RB 1] Throughput = 1.08777 Mbps
47736[UE 2 | RB 1] Throughput = 1.07806 Mbps
47845[UE 2 | RB 1] Throughput = 1.09684 Mbps
47945[UE 2 | RB 1] Throughput = 0.95702 Mbps
48045[UE 2 | RB 1] Throughput = 1.07802 Mbps
48155[UE 2 | RB 1] Throughput = 1.08942 Mbps
48255[UE 2 | RB 1] Throughput = 1.07762 Mbps
48365[UE 2 | RB 1] Throughput = 1.09201 Mbps
48465[UE 2 | RB 1] Throughput = 1.07791 Mbps
48575[UE 2 | RB 1] Throughput = 1.08774 Mbps
48675[UE 2 | RB 1] Throughput = 1.07621 Mbps
48775[UE 2 | RB 1] Throughput = 0.95793 Mbps
48885[UE 2 | RB 1] Throughput = 1.09392 Mbps
48985[UE 2 | RB 1] Throughput = 1.07800 Mbps
49085[UE 2 | RB 1] Throughput = 1.07749 Mbps
49185[UE 2 | RB 1] Throughput = 1.07661 Mbps
49295[UE 2 | RB 1] Throughput = 1.08926 Mbps
49405[UE 2 | RB 1] Throughput = 1.08995 Mbps
49515[UE 2 | RB 1] Throughput = 0.98389 Mbps
49615[UE 2 | RB 1] Throughput = 1.07793 Mbps
49715[UE 2 | RB 1] Throughput = 1.07436 Mbps
49815[UE 2 | RB 1] Throughput = 1.07805 Mbps
49916[UE 2 | RB 1] Throughput = 1.07728 Mbps
50025[UE 2 | RB 1] Throughput = 1.09368 Mbps
50135[UE 2 | RB 1] Throughput = 1.08943 Mbps
50235[UE 2 | RB 1] Throughput = 1.07823 Mbps
50335[UE 2 | RB 1] Throughput = 1.07616 Mbps
50446[UE 2 | RB 1] Throughput = 0.97900 Mbps
50555[UE 2 | RB 1] Throughput = 1.09565 Mbps
50655[UE 2 | RB 1] Throughput = 1.07310 Mbps
50766[UE 2 | RB 1] Throughput = 1.08695 Mbps
50875[UE 2 | RB 1] Throughput = 1.09562 Mbps
50976[UE 2 | RB 1] Throughput = 1.07229 Mbps
51085[UE 2 | RB 1] Throughput = 0.98307 Mbps
51185[UE 2 | RB 1] Throughput = 1.07816 Mbps
51295[UE 2 | RB 1] Throughput = 1.09270 Mbps
51395[UE 2 | RB 1] Throughput = 1.07796 Mbps
51495[UE 2 | RB 1] Throughput = 1.07815 Mbps
51595[UE 2 | RB 1] Throughput = 1.07679 Mbps
51705[UE 2 | RB 1] Throughput = 1.09227 Mbps
51805[UE 2 | RB 1] Throughput = 1.07438 Mbps
51915[UE 2 | RB 1] Throughput = 0.98289 Mbps
52016[UE 2 | RB 1] Throughput = 1.07333 Mbps
52116[UE 2 | RB 1] Throughput = 1.07797 Mbps
52216[UE 2 | RB 1] Throughput = 1.07814 Mbps
52316[UE 2 | RB 1] Throughput = 1.07855 Mbps
52425[UE 2 | RB 1] Throughput = 1.09431 Mbps
52526[UE 2 | RB 1] Throughput = 1.07477 Mbps
52635[UE 2 | RB 1] Throughput = 1.09496 Mbps
52736[UE 2 | RB 1] Throughput = 1.07312 Mbps
52836[UE 2 | RB 1] Throughput = 1.07557 Mbps
52945[UE 2 | RB 1] Throughput = 0.98438 Mbps
53046[UE 2 | RB 1] Throughput = 1.07577 Mbps
53146[UE 2 | RB 1] Throughput = 1.07668 Mbps
53256[UE 2 | RB 1] Throughput = 1.08943 Mbps
53366[UE 2 | RB 1] Throughput = 1.08783 Mbps
53476[UE 2 | RB 1] Throughput = 1.09062 Mbps
53576[UE 2 | RB 1] Throughput = 1.07694 Mbps
53685[UE 2 | RB 1] Throughput = 0.98656 Mbps
53795[UE 2 | RB 1] Throughput = 1.09036 Mbps
53896[UE 2 | RB 1] Throughput = 1.07361 Mbps
54006[UE 2 | RB 1] Throughput = 1.08958 Mbps
54106[UE 2 | RB 1] Throughput = 1.07836 Mbps
54216[UE 2 | RB 1] Throughput = 1.09193 Mbps
54325[UE 2 | RB 1] Throughput = 0.98117 Mbps
54426[UE 2 | RB 1] Throughput = 1.07595 Mbps
54526[UE 2 | RB 1] Throughput = 1.07551 Mbps
54636[UE 2 | RB 1] Throughput = 1.08993 Mbps
54746[UE 2 | RB 1] Throughput = 1.08997 Mbps
54856[UE 2 | RB 1] Throughput = 1.09299 Mbps
54956[UE 2 | RB 1] Throughput = 1.07704 Mbps
55056[UE 2 | RB 1] Throughput = 0.95815 Mbps
55166[UE 2 | RB 1] Throughput = 1.09152 Mbps
55266[UE 2 | RB 1] Throughput = 1.07692 Mbps
55376[UE 2 | RB 1] Throughput = 1.08923 Mbps
55485[UE 2 | RB 1] Throughput = 1.09431 Mbps
55586[UE 2 | RB 1] Throughput = 1.07057 Mbps
55696[UE 2 | RB 1] Throughput = 1.09306 Mbps
55806[UE 2 | RB 1] Throughput = 0.98049 Mbps
55906[UE 2 | RB 1] Throughput = 1.07704 Mbps
56006[UE 2 | RB 1] Throughput = 1.07604 Mbps
56116[UE 2 | RB 1] Throughput = 1.09060 Mbps
56216[UE 2 | RB 1] Throughput = 1.07720 Mbps
56326[UE 2 | RB 1] Throughput = 1.09277 Mbps
56435[UE 2 | RB 1] Throughput = 1.09202 Mbps
56536[UE 2 | RB 1] Throughput = 0.95621 Mbps
56636[UE 2 | RB 1] Throughput = 1.07601 Mbps
56736[UE 2 | RB 1] Throughput = 1.07779 Mbps
56846[UE 2 | RB 1] Throughput = 1.08935 Mbps
56956[UE 2 | RB 1] Throughput = 1.08941 Mbps
57056[UE 2 | RB 1] Throughput = 1.07413 Mbps
57158[UE 2 | RB 1] Throughput = 1.06387 Mbps
57266[UE 2 | RB 1] Throughput = 1.11071 Mbps
57366[UE 2 | RB 1] Throughput = 0.95773 Mbps
57476[UE 2 | RB 1] Throughput = 1.08644 Mbps
57586[UE 2 | RB 1] Throughput = 1.08743 Mbps
57686[UE 2 | RB 1] Throughput = 1.07788 Mbps
57796[UE 2 | RB 1] Throughput = 1.09350 Mbps
57896[UE 2 | RB 1] Throughput = 1.07637 Mbps
58006[UE 2 | RB 1] Throughput = 1.09167 Mbps
58116[UE 2 | RB 1] Throughput = 0.98073 Mbps
58226[UE 2 | RB 1] Throughput = 1.09086 Mbps
58326[UE 2 | RB 1] Throughput = 1.07518 Mbps
58436[UE 2 | RB 1] Throughput = 1.09249 Mbps
58536[UE 2 | RB 1] Throughput = 1.07489 Mbps
58646[UE 2 | RB 1] Throughput = 1.09130 Mbps
58746[UE 2 | RB 1] Throughput = 1.07769 Mbps
58846[UE 2 | RB 1] Throughput = 0.95507 Mbps
58956[UE 2 | RB 1] Throughput = 1.09110 Mbps
59056[UE 2 | RB 1] Throughput = 1.07843 Mbps
59166[UE 2 | RB 1] Throughput = 1.08923 Mbps
59276[UE 2 | RB 1] Throughput = 1.09203 Mbps
59386[UE 2 | RB 1] Throughput = 1.08989 Mbps
59496[UE 2 | RB 1] Throughput = 0.98260 Mbps
59596[UE 2 | RB 1] Throughput = 1.07361 Mbps
59706[UE 2 | RB 1] Throughput = 1.09352 Mbps
59806[UE 2 | RB 1] Throughput = 1.07563 Mbps
59906[UE 2 | RB 1] Throughput = 1.07736 Mbps
60016[UE 2 | RB 1] Throughput = 1.09153 Mbps
60116[UE 2 | RB 1] Throughput = 1.07665 Mbps
60226[UE 2 | RB 1] Throughput = 0.98354 Mbps
60326[UE 2 | RB 1] Throughput = 1.07677 Mbps
60436[UE 2 | RB 1] Throughput = 1.09273 Mbps
60536[UE 2 | RB 1] Throughput = 1.07712 Mbps
60636[UE 2 | RB 1] Throughput = 1.07388 Mbps
60746[UE 2 | RB 1] Throughput = 1.09321 Mbps
60856[UE 2 | RB 1] Throughput = 1.08833 Mbps
60956[UE 2 | RB 1] Throughput = 1.07767 Mbps
61066[UE 2 | RB 1] Throughput = 0.98301 Mbps
61166[UE 2 | RB 1] Throughput = 1.07715 Mbps
61266[UE 2 | RB 1] Throughput = 1.07663 Mbps
61376[UE 2 | RB 1] Throughput = 1.08635 Mbps
61486[UE 2 | RB 1] Throughput = 1.09432 Mbps
61596[UE 2 | RB 1] Throughput = 1.08976 Mbps
61696[UE 2 | RB 1] Throughput = 1.07653 Mbps
61806[UE 2 | RB 1] Throughput = 0.98335 Mbps
61906[UE 2 | RB 1] Throughput = 1.07461 Mbps
62006[UE 2 | RB 1] Throughput = 1.07767 Mbps
62106[UE 2 | RB 1] Throughput = 1.07806 Mbps
62216[UE 2 | RB 1] Throughput = 1.08731 Mbps
62317[UE 2 | RB 1] Throughput = 1.07492 Mbps
62426[UE 2 | RB 1] Throughput = 1.09837 Mbps
62526[UE 2 | RB 1] Throughput = 1.07729 Mbps
62636[UE 2 | RB 1] Throughput = 0.98128 Mbps
62736[UE 2 | RB 1] Throughput = 1.07533 Mbps
62846[UE 2 | RB 1] Throughput = 1.09232 Mbps
62956[UE 2 | RB 1] Throughput = 1.08881 Mbps
63056[UE 2 | RB 1] Throughput = 1.07514 Mbps
63166[UE 2 | RB 1] Throughput = 1.09106 Mbps
63276[UE 2 | RB 1] Throughput = 0.97729 Mbps
63386[UE 2 | RB 1] Throughput = 1.09280 Mbps
63496[UE 2 | RB 1] Throughput = 1.08728 Mbps
63606[UE 2 | RB 1] Throughput = 1.09436 Mbps
63716[UE 2 | RB 1] Throughput = 1.08954 Mbps
63826[UE 2 | RB 1] Throughput = 0.98164 Mbps
63926[UE 2 | RB 1] Throughput = 1.07405 Mbps
64036[UE 2 | RB 1] Throughput = 1.09202 Mbps
64136[UE 2 | RB 1] Throughput = 1.07558 Mbps
64236[UE 2 | RB 1] Throughput = 1.07824 Mbps
64346[UE 2 | RB 1] Throughput = 1.08956 Mbps
64456[UE 2 | RB 1] Throughput = 1.09204 Mbps
64556[UE 2 | RB 1] Throughput = 1.07711 Mbps
64656[UE 2 | RB 1] Throughput = 1.07836 Mbps
64756[UE 2 | RB 1] Throughput = 0.95630 Mbps
64857[UE 2 | RB 1] Throughput = 1.07180 Mbps
64966[UE 2 | RB 1] Throughput = 1.09463 Mbps
65076[UE 2 | RB 1] Throughput = 1.08955 Mbps
65186[UE 2 | RB 1] Throughput = 1.09108 Mbps
65296[UE 2 | RB 1] Throughput = 1.09279 Mbps
65396[UE 2 | RB 1] Throughput = 0.95557 Mbps
65506[UE 2 | RB 1] Throughput = 1.09319 Mbps
65606[UE 2 | RB 1] Throughput = 1.07511 Mbps
65707[UE 2 | RB 1] Throughput = 1.07507 Mbps
65816[UE 2 | RB 1] Throughput = 1.09353 Mbps
65917[UE 2 | RB 1] Throughput = 1.07446 Mbps
66026[UE 2 | RB 1] Throughput = 1.09016 Mbps
66127[UE 2 | RB 1] Throughput = 1.07762 Mbps
66237[UE 2 | RB 1] Throughput = 0.97934 Mbps
66346[UE 2 | RB 1] Throughput = 1.09598 Mbps
66446[UE 2 | RB 1] Throughput = 1.07670 Mbps
66546[UE 2 | RB 1] Throughput = 1.07838 Mbps
66656[UE 2 | RB 1] Throughput = 1.09321 Mbps
66756[UE 2 | RB 1] Throughput = 1.07588 Mbps
66866[UE 2 | RB 1] Throughput = 1.09020 Mbps
66966[UE 2 | RB 1] Throughput = 0.95740 Mbps
67066[UE 2 | RB 1] Throughput = 1.07721 Mbps
67167[UE 2 | RB 1] Throughput = 1.07393 Mbps
67277[UE 2 | RB 1] Throughput = 1.08823 Mbps
67386[UE 2 | RB 1] Throughput = 1.09566 Mbps
67497[UE 2 | RB 1] Throughput = 1.08630 Mbps
67606[UE 2 | RB 1] Throughput = 1.09332 Mbps
67706[UE 2 | RB 1] Throughput = 0.95823 Mbps
67806[UE 2 | RB 1] Throughput = 1.07615 Mbps
67916[UE 2 | RB 1] Throughput = 1.09494 Mbps
68016[UE 2 | RB 1] Throughput = 1.07649 Mbps
68116[UE 2 | RB 1] Throughput = 1.07509 Mbps
68226[UE 2 | RB 1] Throughput = 1.09081 Mbps
68327[UE 2 | RB 1] Throughput = 1.07509 Mbps
68436[UE 2 | RB 1] Throughput = 1.09267 Mbps
68537[UE 2 | RB 1] Throughput = 0.95597 Mbps
68647[UE 2 | RB 1] Throughput = 1.08663 Mbps
68756[UE 2 | RB 1] Throughput = 1.09394 Mbps
68856[UE 2 | RB 1] Throughput = 1.07800 Mbps
68966[UE 2 | RB 1] Throughput = 1.08951 Mbps
69066[UE 2 | RB 1] Throughput = 1.07730 Mbps
69176[UE 2 | RB 1] Throughput = 1.09299 Mbps
69276[UE 2 | RB 1] Throughput = 0.95670 Mbps
69377[UE 2 | RB 1] Throughput = 1.07689 Mbps
69486[UE 2 | RB 1] Throughput = 1.09150 Mbps
69587[UE 2 | RB 1] Throughput = 1.07576 Mbps
69687[UE 2 | RB 1] Throughput = 1.07764 Mbps
69796[UE 2 | RB 1] Throughput = 1.09183 Mbps
69897[UE 2 | RB 1] Throughput = 1.07626 Mbps
70006[UE 2 | RB 1] Throughput = 1.09172 Mbps
70106[UE 2 | RB 1] Throughput = 0.95806 Mbps
70207[UE 2 | RB 1] Throughput = 1.07567 Mbps
70307[UE 2 | RB 1] Throughput = 1.07756 Mbps
70416[UE 2 | RB 1] Throughput = 1.09485 Mbps
70526[UE 2 | RB 1] Throughput = 1.08997 Mbps
70627[UE 2 | RB 1] Throughput = 1.07322 Mbps
70727[UE 2 | RB 1] Throughput = 1.07703 Mbps
70837[UE 2 | RB 1] Throughput = 1.09221 Mbps
70946[UE 2 | RB 1] Throughput = 0.98197 Mbps
71056[UE 2 | RB 1] Throughput = 1.08978 Mbps
71157[UE 2 | RB 1] Throughput = 1.07495 Mbps
71267[UE 2 | RB 1] Throughput = 1.09064 Mbps
71377[UE 2 | RB 1] Throughput = 1.08902 Mbps
71486[UE 2 | RB 1] Throughput = 1.09147 Mbps
71587[UE 2 | RB 1] Throughput = 0.95551 Mbps
71697[UE 2 | RB 1] Throughput = 1.09219 Mbps
71797[UE 2 | RB 1] Throughput = 1.07704 Mbps
71907[UE 2 | RB 1] Throughput = 1.08927 Mbps
72007[UE 2 | RB 1] Throughput = 1.07725 Mbps
72117[UE 2 | RB 1] Throughput = 1.08921 Mbps
72227[UE 2 | RB 1] Throughput = 1.09253 Mbps
72327[UE 2 | RB 1] Throughput = 0.95758 Mbps
72437[UE 2 | RB 1] Throughput = 1.08809 Mbps
72547[UE 2 | RB 1] Throughput = 1.08972 Mbps
72657[UE 2 | RB 1] Throughput = 1.09004 Mbps
72757[UE 2 | RB 1] Throughput = 1.07431 Mbps
72857[UE 2 | RB 1] Throughput = 1.07844 Mbps
72966[UE 2 | RB 1] Throughput = 1.09677 Mbps
73067[UE 2 | RB 1] Throughput = 0.95571 Mbps
73177[UE 2 | RB 1] Throughput = 1.08889 Mbps
73277[UE 2 | RB 1] Throughput = 1.07775 Mbps
73387[UE 2 | RB 1] Throughput = 1.09079 Mbps
73487[UE 2 | RB 1] Throughput = 1.07610 Mbps
73597[UE 2 | RB 1] Throughput = 1.08849 Mbps
73707[UE 2 | RB 1] Throughput = 0.98196 Mbps
73817[UE 2 | RB 1] Throughput = 1.09081 Mbps
73917[UE 2 | RB 1] Throughput = 1.07842 Mbps
74017[UE 2 | RB 1] Throughput = 1.07811 Mbps
74127[UE 2 | RB 1] Throughput = 1.09191 Mbps
74237[UE 2 | RB 1] Throughput = 1.08926 Mbps
74346[UE 2 | RB 1] Throughput = 1.09166 Mbps
74447[UE 2 | RB 1] Throughput = 0.95573 Mbps
74557[UE 2 | RB 1] Throughput = 1.08979 Mbps
74657[UE 2 | RB 1] Throughput = 1.07300 Mbps
74767[UE 2 | RB 1] Throughput = 1.09357 Mbps
74867[UE 2 | RB 1] Throughput = 1.07792 Mbps
74977[UE 2 | RB 1] Throughput = 1.08929 Mbps
75077[UE 2 | RB 1] Throughput = 1.07674 Mbps
75187[UE 2 | RB 1] Throughput = 0.98031 Mbps
75297[UE 2 | RB 1] Throughput = 1.09155 Mbps
75397[UE 2 | RB 1] Throughput = 1.07351 Mbps
75507[UE 2 | RB 1] Throughput = 1.09561 Mbps
75607[UE 2 | RB 1] Throughput = 1.07815 Mbps
75717[UE 2 | RB 1] Throughput = 1.08955 Mbps
75817[UE 2 | RB 1] Throughput = 1.07568 Mbps
75927[UE 2 | RB 1] Throughput = 0.97985 Mbps
76037[UE 2 | RB 1] Throughput = 1.09201 Mbps
76137[UE 2 | RB 1] Throughput = 1.07633 Mbps
76237[UE 2 | RB 1] Throughput = 1.07783 Mbps
76347[UE 2 | RB 1] Throughput = 1.09141 Mbps
76447[UE 2 | RB 1] Throughput = 1.07802 Mbps
76557[UE 2 | RB 1] Throughput = 1.08687 Mbps
76667[UE 2 | RB 1] Throughput = 0.98423 Mbps
76767[UE 2 | RB 1] Throughput = 1.07786 Mbps
76867[UE 2 | RB 1] Throughput = 1.07708 Mbps
76977[UE 2 | RB 1] Throughput = 1.08955 Mbps
77077[UE 2 | RB 1] Throughput = 1.07572 Mbps
77187[UE 2 | RB 1] Throughput = 1.09516 Mbps
77287[UE 2 | RB 1] Throughput = 1.07761 Mbps
77387[UE 2 | RB 1] Throughput = 1.07619 Mbps
77497[UE 2 | RB 1] Throughput = 0.98073 Mbps
77597[UE 2 | RB 1] Throughput = 1.07165 Mbps
77707[UE 2 | RB 1] Throughput = 1.09449 Mbps
77817[UE 2 | RB 1] Throughput = 1.08938 Mbps
77918[UE 2 | RB 1] Throughput = 1.07266 Mbps
78027[UE 2 | RB 1] Throughput = 1.09492 Mbps
78137[UE 2 | RB 1] Throughput = 0.98199 Mbps
78237[UE 2 | RB 1] Throughput = 1.07805 Mbps
78347[UE 2 | RB 1] Throughput = 1.08596 Mbps
78457[UE 2 | RB 1] Throughput = 1.09503 Mbps
78567[UE 2 | RB 1] Throughput = 1.08863 Mbps
78677[UE 2 | RB 1] Throughput = 1.08895 Mbps
78777[UE 2 | RB 1] Throughput = 1.07611 Mbps
78887[UE 2 | RB 1] Throughput = 0.98243 Mbps
78987[UE 2 | RB 1] Throughput = 1.07592 Mbps
79087[UE 2 | RB 1] Throughput = 1.07838 Mbps
79197[UE 2 | RB 1] Throughput = 1.09130 Mbps
79297[UE 2 | RB 1] Throughput = 1.07842 Mbps
79397[UE 2 | RB 1] Throughput = 1.07598 Mbps
79507[UE 2 | RB 1] Throughput = 1.09385 Mbps
79617[UE 2 | RB 1] Throughput = 0.98151 Mbps
79717[UE 2 | RB 1] Throughput = 1.07686 Mbps
79817[UE 2 | RB 1] Throughput = 1.07482 Mbps
79927[UE 2 | RB 1] Throughput = 1.09041 Mbps
80037[UE 2 | RB 1] Throughput = 1.09337 Mbps
80137[UE 2 | RB 1] Throughput = 1.07145 Mbps
80247[UE 2 | RB 1] Throughput = 1.09628 Mbps
80347[UE 2 | RB 1] Throughput = 1.07398 Mbps
80447[UE 2 | RB 1] Throughput = 1.07536 Mbps
80557[UE 2 | RB 1] Throughput = 0.98326 Mbps
80657[UE 2 | RB 1] Throughput = 1.07582 Mbps
80767[UE 2 | RB 1] Throughput = 1.09086 Mbps
80877[UE 2 | RB 1] Throughput = 1.08690 Mbps
80987[UE 2 | RB 1] Throughput = 1.09183 Mbps
81097[UE 2 | RB 1] Throughput = 0.98079 Mbps
81197[UE 2 | RB 1] Throughput = 1.07741 Mbps
81298[UE 2 | RB 1] Throughput = 1.07537 Mbps
81407[UE 2 | RB 1] Throughput = 1.09350 Mbps
81507[UE 2 | RB 1] Throughput = 1.07722 Mbps
81617[UE 2 | RB 1] Throughput = 1.08887 Mbps
81727[UE 2 | RB 1] Throughput = 1.09335 Mbps
81827[UE 2 | RB 1] Throughput = 1.07847 Mbps
81927[UE 2 | RB 1] Throughput = 0.95814 Mbps
82027[UE 2 | RB 1] Throughput = 1.07322 Mbps
82137[UE 2 | RB 1] Throughput = 1.09540 Mbps
82237[UE 2 | RB 1] Throughput = 1.07513 Mbps
82347[UE 2 | RB 1] Throughput = 1.09142 Mbps
82447[UE 2 | RB 1] Throughput = 1.07397 Mbps
82557[UE 2 | RB 1] Throughput = 1.09541 Mbps
82657[UE 2 | RB 1] Throughput = 1.07274 Mbps
82767[UE 2 | RB 1] Throughput = 0.98187 Mbps
82867[UE 2 | RB 1] Throughput = 1.07784 Mbps
82967[UE 2 | RB 1] Throughput = 1.07758 Mbps
83078[UE 2 | RB 1] Throughput = 1.08659 Mbps
83178[UE 2 | RB 1] Throughput = 1.07856 Mbps
83278[UE 2 | RB 1] Throughput = 1.07845 Mbps
83387[UE 2 | RB 1] Throughput = 1.09514 Mbps
83487[UE 2 | RB 1] Throughput = 1.07710 Mbps
83598[UE 2 | RB 1] Throughput = 0.97705 Mbps
83707[UE 2 | RB 1] Throughput = 1.09557 Mbps
83807[UE 2 | RB 1] Throughput = 1.07537 Mbps
83917[UE 2 | RB 1] Throughput = 1.09123 Mbps
84017[UE 2 | RB 1] Throughput = 1.07485 Mbps
84118[UE 2 | RB 1] Throughput = 1.07640 Mbps
84227[UE 2 | RB 1] Throughput = 1.09123 Mbps
84338[UE 2 | RB 1] Throughput = 0.98027 Mbps
84447[UE 2 | RB 1] Throughput = 1.09194 Mbps
84557[UE 2 | RB 1] Throughput = 1.09146 Mbps
84667[UE 2 | RB 1] Throughput = 1.09106 Mbps
84767[UE 2 | RB 1] Throughput = 1.07647 Mbps
84878[UE 2 | RB 1] Throughput = 1.08528 Mbps
84987[UE 2 | RB 1] Throughput = 0.98253 Mbps
85087[UE 2 | RB 1] Throughput = 1.07633 Mbps
85197[UE 2 | RB 1] Throughput = 1.09611 Mbps
85297[UE 2 | RB 1] Throughput = 1.07359 Mbps
85407[UE 2 | RB 1] Throughput = 1.09136 Mbps
85507[UE 2 | RB 1] Throughput = 1.07500 Mbps
85608[UE 2 | RB 1] Throughput = 1.07749 Mbps
85718[UE 2 | RB 1] Throughput = 0.97970 Mbps
85827[UE 2 | RB 1] Throughput = 1.09349 Mbps
85927[UE 2 | RB 1] Throughput = 1.07603 Mbps
86037[UE 2 | RB 1] Throughput = 1.08955 Mbps
86147[UE 2 | RB 1] Throughput = 1.08924 Mbps
86258[UE 2 | RB 1] Throughput = 1.08633 Mbps
86367[UE 2 | RB 1] Throughput = 0.98423 Mbps
86477[UE 2 | RB 1] Throughput = 1.09268 Mbps
86577[UE 2 | RB 1] Throughput = 1.07496 Mbps
86677[UE 2 | RB 1] Throughput = 1.07813 Mbps
86778[UE 2 | RB 1] Throughput = 1.07618 Mbps
86887[UE 2 | RB 1] Throughput = 1.09172 Mbps
86997[UE 2 | RB 1] Throughput = 1.09356 Mbps
87107[UE 2 | RB 1] Throughput = 0.98158 Mbps
87207[UE 2 | RB 1] Throughput = 1.07482 Mbps
87308[UE 2 | RB 1] Throughput = 1.07454 Mbps
87418[UE 2 | RB 1] Throughput = 1.08923 Mbps
87518[UE 2 | RB 1] Throughput = 1.07717 Mbps
87628[UE 2 | RB 1] Throughput = 1.09138 Mbps
87728[UE 2 | RB 1] Throughput = 1.07839 Mbps
87828[UE 2 | RB 1] Throughput = 1.07802 Mbps
87937[UE 2 | RB 1] Throughput = 0.98192 Mbps
88038[UE 2 | RB 1] Throughput = 1.07669 Mbps
88148[UE 2 | RB 1] Throughput = 1.08680 Mbps
88257[UE 2 | RB 1] Throughput = 1.09545 Mbps
88358[UE 2 | RB 1] Throughput = 1.07572 Mbps
88458[UE 2 | RB 1] Throughput = 1.07763 Mbps
88568[UE 2 | RB 1] Throughput = 1.09065 Mbps
88668[UE 2 | RB 1] Throughput = 0.95734 Mbps
88778[UE 2 | RB 1] Throughput = 1.09093 Mbps
88878[UE 2 | RB 1] Throughput = 1.07809 Mbps
88988[UE 2 | RB 1] Throughput = 1.08678 Mbps
89098[UE 2 | RB 1] Throughput = 1.08925 Mbps
89208[UE 2 | RB 1] Throughput = 1.09271 Mbps
89308[UE 2 | RB 1] Throughput = 1.07488 Mbps
89408[UE 2 | RB 1] Throughput = 0.95709 Mbps
89518[UE 2 | RB 1] Throughput = 1.09380 Mbps
89618[UE 2 | RB 1] Throughput = 1.07732 Mbps
89728[UE 2 | RB 1] Throughput = 1.08776 Mbps
89838[UE 2 | RB 1] Throughput = 1.09292 Mbps
89938[UE 2 | RB 1] Throughput = 1.07676 Mbps
90048[UE 2 | RB 1] Throughput = 1.08937 Mbps
90158[UE 2 | RB 1] Throughput = 0.98126 Mbps
90268[UE 2 | RB 1] Throughput = 1.08716 Mbps
90378[UE 2 | RB 1] Throughput = 1.08865 Mbps
90488[UE 2 | RB 1] Throughput = 1.09063 Mbps
90597[UE 2 | RB 1] Throughput = 1.09598 Mbps
90698[UE 2 | RB 1] Throughput = 0.95152 Mbps
90808[UE 2 | RB 1] Throughput = 1.09363 Mbps
90908[UE 2 | RB 1] Throughput = 1.07459 Mbps
91018[UE 2 | RB 1] Throughput = 1.09245 Mbps
91118[UE 2 | RB 1] Throughput = 1.07572 Mbps
91228[UE 2 | RB 1] Throughput = 1.09179 Mbps
91328[UE 2 | RB 1] Throughput = 1.07649 Mbps
91428[UE 2 | RB 1] Throughput = 1.07811 Mbps
91538[UE 2 | RB 1] Throughput = 0.98171 Mbps
91647[UE 2 | RB 1] Throughput = 1.09188 Mbps
91748[UE 2 | RB 1] Throughput = 1.07612 Mbps
91848[UE 2 | RB 1] Throughput = 1.07506 Mbps
91958[UE 2 | RB 1] Throughput = 1.09228 Mbps
92068[UE 2 | RB 1] Throughput = 1.08868 Mbps
92178[UE 2 | RB 1] Throughput = 0.98285 Mbps
92278[UE 2 | RB 1] Throughput = 1.07749 Mbps
92378[UE 2 | RB 1] Throughput = 1.07776 Mbps
92478[UE 2 | RB 1] Throughput = 1.07560 Mbps
92587[UE 2 | RB 1] Throughput = 1.09507 Mbps
92688[UE 2 | RB 1] Throughput = 1.07486 Mbps
92788[UE 2 | RB 1] Throughput = 1.07647 Mbps
92898[UE 2 | RB 1] Throughput = 1.08812 Mbps
93008[UE 2 | RB 1] Throughput = 0.98479 Mbps
93108[UE 2 | RB 1] Throughput = 0.54991 Mbps
[xApp]: E42 RIC_SUBSCRIPTION_DELETE_REQUEST tx RAN_FUNC_ID 144 RIC_REQ_ID 1 
[xApp]: E42 SUBSCRIPTION DELETE RESPONSE rx
[xApp]: E42 RIC_SUBSCRIPTION_DELETE_REQUEST tx RAN_FUNC_ID 144 RIC_REQ_ID 2 
[xApp]: E42 SUBSCRIPTION DELETE RESPONSE rx
[xApp]: E42 RIC_SUBSCRIPTION_DELETE_REQUEST tx RAN_FUNC_ID 144 RIC_REQ_ID 3 
[xApp]: E42 SUBSCRIPTION DELETE RESPONSE rx
[xApp]: E42 RIC_SUBSCRIPTION_DELETE_REQUEST tx RAN_FUNC_ID 144 RIC_REQ_ID 4 
[xApp]: E42 SUBSCRIPTION DELETE RESPONSE rx
[xApp]: Sucessfully stopped 
Test xApp run SUCCESSFULLY
