[UTIL]: Setting the config -c file to /usr/local/etc/flexric/flexric.conf
[UTIL]: Setting path -p for the shared libraries to /usr/local/lib/flexric/
[xAapp]: Initializing ... 
[xApp]: nearRT-RIC IP Address = 192.168.70.150, PORT = 36422
[E2 AGENT]: Opening plugin from path = /usr/local/lib/flexric/libkpm_sm.so 
[E2 AGENT]: Opening plugin from path = /usr/local/lib/flexric/libmac_sm.so 
[E2 AGENT]: Opening plugin from path = /usr/local/lib/flexric/libpdcp_sm.so 
[E2 AGENT]: Opening plugin from path = /usr/local/lib/flexric/libgtp_sm.so 
[E2 AGENT]: Opening plugin from path = /usr/local/lib/flexric/librc_sm.so 
[E2 AGENT]: Opening plugin from path = /usr/local/lib/flexric/libtc_sm.so 
[E2 AGENT]: Opening plugin from path = /usr/local/lib/flexric/librlc_sm.so 
[E2 AGENT]: Opening plugin from path = /usr/local/lib/flexric/libslice_sm.so 
[NEAR-RIC]: Loading SM ID = 2 with def = ORAN-E2SM-KPM 
[NEAR-RIC]: Loading SM ID = 142 with def = MAC_STATS_V0 
[NEAR-RIC]: Loading SM ID = 144 with def = PDCP_STATS_V0 
[NEAR-RIC]: Loading SM ID = 148 with def = GTP_STATS_V0 
[NEAR-RIC]: Loading SM ID = 3 with def = ORAN-E2SM-RC 
[NEAR-RIC]: Loading SM ID = 146 with def = TC_STATS_V0 
[NEAR-RIC]: Loading SM ID = 143 with def = RLC_STATS_V0 
[NEAR-RIC]: Loading SM ID = 145 with def = SLICE_STATS_V0 
[xApp]: DB filename = /tmp/flexric/xapp_db 
 [xApp]: E42 SETUP-REQUEST tx
[xApp]: E42 SETUP-RESPONSE rx 
[xApp]: xApp ID = 61 
[xApp]: Registered E2 Nodes = 4 
Connected E2 nodes = 4
[xAPP] Registered node 0 ran func id = 2 
 [xAPP] Registered node 0 ran func id = 3 
 [xAPP] Registered node 0 ran func id = 142 
 [xAPP] Registered node 0 ran func id = 143 
 [xAPP] Registered node 0 ran func id = 144 
 [xAPP] Registered node 0 ran func id = 145 
 [xAPP] Registered node 0 ran func id = 146 
 [xAPP] Registered node 0 ran func id = 148 
 [xApp]: E42 RIC SUBSCRIPTION REQUEST tx RAN_FUNC_ID 144 RIC_REQ_ID 1 
[xApp]: SUBSCRIPTION RESPONSE rx
[xApp]: Successfully subscribed to RAN_FUNC_ID 144 
[xAPP] Registered node 1 ran func id = 2 
 [xAPP] Registered node 1 ran func id = 3 
 [xAPP] Registered node 1 ran func id = 142 
 [xAPP] Registered node 1 ran func id = 143 
 [xAPP] Registered node 1 ran func id = 144 
 [xAPP] Registered node 1 ran func id = 145 
 [xAPP] Registered node 1 ran func id = 146 
 [xAPP] Registered node 1 ran func id = 148 
 [xApp]: E42 RIC SUBSCRIPTION REQUEST tx RAN_FUNC_ID 144 RIC_REQ_ID 2 
[xApp]: SUBSCRIPTION RESPONSE rx
[xApp]: Successfully subscribed to RAN_FUNC_ID 144 
[xAPP] Registered node 2 ran func id = 2 
 [xAPP] Registered node 2 ran func id = 3 
 [xAPP] Registered node 2 ran func id = 142 
 [xAPP] Registered node 2 ran func id = 143 
 [xAPP] Registered node 2 ran func id = 144 
 [xAPP] Registered node 2 ran func id = 145 
 [xAPP] Registered node 2 ran func id = 146 
 [xAPP] Registered node 2 ran func id = 148 
 [xApp]: E42 RIC SUBSCRIPTION REQUEST tx RAN_FUNC_ID 144 RIC_REQ_ID 3 
[xApp]: SUBSCRIPTION RESPONSE rx
[xApp]: Successfully subscribed to RAN_FUNC_ID 144 
[xAPP] Registered node 3 ran func id = 2 
 [xAPP] Registered node 3 ran func id = 3 
 [xAPP] Registered node 3 ran func id = 142 
 [xAPP] Registered node 3 ran func id = 143 
 [xAPP] Registered node 3 ran func id = 144 
 [xAPP] Registered node 3 ran func id = 145 
 [xAPP] Registered node 3 ran func id = 146 
 [xAPP] Registered node 3 ran func id = 148 
 [xApp]: E42 RIC SUBSCRIPTION REQUEST tx RAN_FUNC_ID 144 RIC_REQ_ID 4 
[xApp]: SUBSCRIPTION RESPONSE rx
[xApp]: Successfully subscribed to RAN_FUNC_ID 144 
113[UE 2 | RB 1] Throughput = 1.07563 Mbps
223[UE 2 | RB 1] Throughput = 1.08942 Mbps
333[UE 2 | RB 1] Throughput = 1.08801 Mbps
443[UE 2 | RB 1] Throughput = 0.98207 Mbps
553[UE 2 | RB 1] Throughput = 1.09163 Mbps
653[UE 2 | RB 1] Throughput = 1.07765 Mbps
753[UE 2 | RB 1] Throughput = 1.07658 Mbps
863[UE 2 | RB 1] Throughput = 1.08894 Mbps
973[UE 2 | RB 1] Throughput = 1.09055 Mbps
1073[UE 2 | RB 1] Throughput = 1.07825 Mbps
1173[UE 2 | RB 1] Throughput = 0.95817 Mbps
1283[UE 2 | RB 1] Throughput = 1.09024 Mbps
1393[UE 2 | RB 1] Throughput = 1.08927 Mbps
1493[UE 2 | RB 1] Throughput = 1.07856 Mbps
1593[UE 2 | RB 1] Throughput = 1.07753 Mbps
1693[UE 2 | RB 1] Throughput = 1.07826 Mbps
1794[UE 2 | RB 1] Throughput = 1.07595 Mbps
1903[UE 2 | RB 1] Throughput = 1.09111 Mbps
2013[UE 2 | RB 1] Throughput = 0.98229 Mbps
2114[UE 2 | RB 1] Throughput = 1.07560 Mbps
2224[UE 2 | RB 1] Throughput = 1.08903 Mbps
2324[UE 2 | RB 1] Throughput = 1.07754 Mbps
2424[UE 2 | RB 1] Throughput = 1.07713 Mbps
2533[UE 2 | RB 1] Throughput = 1.09348 Mbps
2644[UE 2 | RB 1] Throughput = 1.08785 Mbps
2753[UE 2 | RB 1] Throughput = 0.98210 Mbps
2864[UE 2 | RB 1] Throughput = 1.08744 Mbps
2964[UE 2 | RB 1] Throughput = 1.07686 Mbps
3074[UE 2 | RB 1] Throughput = 1.09152 Mbps
3183[UE 2 | RB 1] Throughput = 1.09273 Mbps
3293[UE 2 | RB 1] Throughput = 1.08893 Mbps
3393[UE 2 | RB 1] Throughput = 0.95709 Mbps
3493[UE 2 | RB 1] Throughput = 1.07762 Mbps
3603[UE 2 | RB 1] Throughput = 1.09094 Mbps
3713[UE 2 | RB 1] Throughput = 1.08812 Mbps
3814[UE 2 | RB 1] Throughput = 1.07699 Mbps
3924[UE 2 | RB 1] Throughput = 1.09056 Mbps
4024[UE 2 | RB 1] Throughput = 1.07636 Mbps
4124[UE 2 | RB 1] Throughput = 1.07685 Mbps
4234[UE 2 | RB 1] Throughput = 0.98296 Mbps
4334[UE 2 | RB 1] Throughput = 1.07576 Mbps
4443[UE 2 | RB 1] Throughput = 1.09536 Mbps
4553[UE 2 | RB 1] Throughput = 1.08939 Mbps
4653[UE 2 | RB 1] Throughput = 1.07736 Mbps
4753[UE 2 | RB 1] Throughput = 1.07804 Mbps
4863[UE 2 | RB 1] Throughput = 1.08943 Mbps
4973[UE 2 | RB 1] Throughput = 0.98364 Mbps
5083[UE 2 | RB 1] Throughput = 1.08843 Mbps
5184[UE 2 | RB 1] Throughput = 1.07506 Mbps
5284[UE 2 | RB 1] Throughput = 1.07796 Mbps
5394[UE 2 | RB 1] Throughput = 1.08947 Mbps
5494[UE 2 | RB 1] Throughput = 1.07767 Mbps
5603[UE 2 | RB 1] Throughput = 1.09205 Mbps
5713[UE 2 | RB 1] Throughput = 0.98195 Mbps
5814[UE 2 | RB 1] Throughput = 1.07554 Mbps
5914[UE 2 | RB 1] Throughput = 1.07767 Mbps
6024[UE 2 | RB 1] Throughput = 1.09024 Mbps
6134[UE 2 | RB 1] Throughput = 1.08886 Mbps
6234[UE 2 | RB 1] Throughput = 1.07589 Mbps
6334[UE 2 | RB 1] Throughput = 1.07812 Mbps
6444[UE 2 | RB 1] Throughput = 0.98246 Mbps
6554[UE 2 | RB 1] Throughput = 1.08945 Mbps
6664[UE 2 | RB 1] Throughput = 1.08591 Mbps
6774[UE 2 | RB 1] Throughput = 1.09259 Mbps
6883[UE 2 | RB 1] Throughput = 1.09250 Mbps
6984[UE 2 | RB 1] Throughput = 1.07690 Mbps
7084[UE 2 | RB 1] Throughput = 0.95832 Mbps
7193[UE 2 | RB 1] Throughput = 1.09293 Mbps
7304[UE 2 | RB 1] Throughput = 1.08527 Mbps
7414[UE 2 | RB 1] Throughput = 1.09053 Mbps
7514[UE 2 | RB 1] Throughput = 1.07265 Mbps
7623[UE 2 | RB 1] Throughput = 1.09571 Mbps
7724[UE 2 | RB 1] Throughput = 1.07799 Mbps
7824[UE 2 | RB 1] Throughput = 1.07653 Mbps
7933[UE 2 | RB 1] Throughput = 0.98298 Mbps
8034[UE 2 | RB 1] Throughput = 1.07595 Mbps
8134[UE 2 | RB 1] Throughput = 1.07831 Mbps
8234[UE 2 | RB 1] Throughput = 1.07664 Mbps
8344[UE 2 | RB 1] Throughput = 1.09026 Mbps
8454[UE 2 | RB 1] Throughput = 1.09023 Mbps
8564[UE 2 | RB 1] Throughput = 0.98058 Mbps
8664[UE 2 | RB 1] Throughput = 1.07827 Mbps
8764[UE 2 | RB 1] Throughput = 1.07610 Mbps
8874[UE 2 | RB 1] Throughput = 1.09214 Mbps
8983[UE 2 | RB 1] Throughput = 1.09183 Mbps
9093[UE 2 | RB 1] Throughput = 1.08993 Mbps
9193[UE 2 | RB 1] Throughput = 1.07771 Mbps
9294[UE 2 | RB 1] Throughput = 1.07500 Mbps
9394[UE 2 | RB 1] Throughput = 0.95600 Mbps
9504[UE 2 | RB 1] Throughput = 1.09068 Mbps
9614[UE 2 | RB 1] Throughput = 1.08942 Mbps
9724[UE 2 | RB 1] Throughput = 1.09216 Mbps
9833[UE 2 | RB 1] Throughput = 1.09489 Mbps
9934[UE 2 | RB 1] Throughput = 1.07395 Mbps
10034[UE 2 | RB 1] Throughput = 1.07756 Mbps
10144[UE 2 | RB 1] Throughput = 0.98143 Mbps
10244[UE 2 | RB 1] Throughput = 1.07599 Mbps
10344[UE 2 | RB 1] Throughput = 1.07548 Mbps
10454[UE 2 | RB 1] Throughput = 1.09096 Mbps
10564[UE 2 | RB 1] Throughput = 1.08935 Mbps
10664[UE 2 | RB 1] Throughput = 1.07581 Mbps
10773[UE 2 | RB 1] Throughput = 1.09702 Mbps
10874[UE 2 | RB 1] Throughput = 0.95781 Mbps
10984[UE 2 | RB 1] Throughput = 1.08541 Mbps
11093[UE 2 | RB 1] Throughput = 1.09513 Mbps
11194[UE 2 | RB 1] Throughput = 1.07554 Mbps
11294[UE 2 | RB 1] Throughput = 1.07668 Mbps
11404[UE 2 | RB 1] Throughput = 1.08576 Mbps
11514[UE 2 | RB 1] Throughput = 1.09493 Mbps
11614[UE 2 | RB 1] Throughput = 0.95526 Mbps
11724[UE 2 | RB 1] Throughput = 1.09264 Mbps
11834[UE 2 | RB 1] Throughput = 1.08974 Mbps
11944[UE 2 | RB 1] Throughput = 1.08706 Mbps
12044[UE 2 | RB 1] Throughput = 1.07698 Mbps
12154[UE 2 | RB 1] Throughput = 1.09014 Mbps
12264[UE 2 | RB 1] Throughput = 0.98478 Mbps
12364[UE 2 | RB 1] Throughput = 1.07664 Mbps
12464[UE 2 | RB 1] Throughput = 1.07600 Mbps
12564[UE 2 | RB 1] Throughput = 1.07567 Mbps
12674[UE 2 | RB 1] Throughput = 1.09399 Mbps
12774[UE 2 | RB 1] Throughput = 1.07401 Mbps
12884[UE 2 | RB 1] Throughput = 1.09142 Mbps
12994[UE 2 | RB 1] Throughput = 0.98096 Mbps
13094[UE 2 | RB 1] Throughput = 1.07729 Mbps
13204[UE 2 | RB 1] Throughput = 1.08928 Mbps
13314[UE 2 | RB 1] Throughput = 1.09176 Mbps
13414[UE 2 | RB 1] Throughput = 1.07712 Mbps
13524[UE 2 | RB 1] Throughput = 1.09067 Mbps
13624[UE 2 | RB 1] Throughput = 1.07714 Mbps
13734[UE 2 | RB 1] Throughput = 0.98332 Mbps
13844[UE 2 | RB 1] Throughput = 1.08378 Mbps
13954[UE 2 | RB 1] Throughput = 1.09567 Mbps
14054[UE 2 | RB 1] Throughput = 1.07541 Mbps
14164[UE 2 | RB 1] Throughput = 1.09180 Mbps
14264[UE 2 | RB 1] Throughput = 1.07436 Mbps
14364[UE 2 | RB 1] Throughput = 1.07733 Mbps
14474[UE 2 | RB 1] Throughput = 0.98505 Mbps
14574[UE 2 | RB 1] Throughput = 1.07428 Mbps
14684[UE 2 | RB 1] Throughput = 1.09189 Mbps
14794[UE 2 | RB 1] Throughput = 1.09046 Mbps
14894[UE 2 | RB 1] Throughput = 1.07727 Mbps
14994[UE 2 | RB 1] Throughput = 1.07707 Mbps
15094[UE 2 | RB 1] Throughput = 1.07696 Mbps
15204[UE 2 | RB 1] Throughput = 1.09269 Mbps
15304[UE 2 | RB 1] Throughput = 0.95725 Mbps
15414[UE 2 | RB 1] Throughput = 1.09283 Mbps
15514[UE 2 | RB 1] Throughput = 1.07251 Mbps
15624[UE 2 | RB 1] Throughput = 1.09316 Mbps
15724[UE 2 | RB 1] Throughput = 1.07509 Mbps
15834[UE 2 | RB 1] Throughput = 1.09182 Mbps
15934[UE 2 | RB 1] Throughput = 1.07582 Mbps
16044[UE 2 | RB 1] Throughput = 0.98046 Mbps
16154[UE 2 | RB 1] Throughput = 1.09271 Mbps
16254[UE 2 | RB 1] Throughput = 1.07763 Mbps
16354[UE 2 | RB 1] Throughput = 1.07484 Mbps
16464[UE 2 | RB 1] Throughput = 1.09174 Mbps
16564[UE 2 | RB 1] Throughput = 1.07814 Mbps
16664[UE 2 | RB 1] Throughput = 1.07595 Mbps
16774[UE 2 | RB 1] Throughput = 1.09058 Mbps
16884[UE 2 | RB 1] Throughput = 0.98095 Mbps
16994[UE 2 | RB 1] Throughput = 1.09126 Mbps
17094[UE 2 | RB 1] Throughput = 1.07574 Mbps
17204[UE 2 | RB 1] Throughput = 1.08703 Mbps
17314[UE 2 | RB 1] Throughput = 1.09536 Mbps
17414[UE 2 | RB 1] Throughput = 1.07668 Mbps
17514[UE 2 | RB 1] Throughput = 1.07683 Mbps
17624[UE 2 | RB 1] Throughput = 0.97943 Mbps
17734[UE 2 | RB 1] Throughput = 1.09171 Mbps
17844[UE 2 | RB 1] Throughput = 1.08928 Mbps
17949[UE 2 | RB 1] Throughput = 1.02882 Mbps
18054[UE 2 | RB 1] Throughput = 1.13955 Mbps
18164[UE 2 | RB 1] Throughput = 1.08983 Mbps
18264[UE 2 | RB 1] Throughput = 0.95662 Mbps
18364[UE 2 | RB 1] Throughput = 1.07771 Mbps
18464[UE 2 | RB 1] Throughput = 1.07786 Mbps
18575[UE 2 | RB 1] Throughput = 1.08892 Mbps
18675[UE 2 | RB 1] Throughput = 1.07745 Mbps
18784[UE 2 | RB 1] Throughput = 1.09222 Mbps
18894[UE 2 | RB 1] Throughput = 1.08860 Mbps
19004[UE 2 | RB 1] Throughput = 0.98204 Mbps
19104[UE 2 | RB 1] Throughput = 1.07678 Mbps
19204[UE 2 | RB 1] Throughput = 1.07855 Mbps
19314[UE 2 | RB 1] Throughput = 1.09126 Mbps
19425[UE 2 | RB 1] Throughput = 1.08616 Mbps
19534[UE 2 | RB 1] Throughput = 1.09168 Mbps
19634[UE 2 | RB 1] Throughput = 1.07746 Mbps
19744[UE 2 | RB 1] Throughput = 0.98112 Mbps
19854[UE 2 | RB 1] Throughput = 1.09042 Mbps
19964[UE 2 | RB 1] Throughput = 1.09054 Mbps
20064[UE 2 | RB 1] Throughput = 1.07536 Mbps
20174[UE 2 | RB 1] Throughput = 1.09218 Mbps
20274[UE 2 | RB 1] Throughput = 1.07607 Mbps
20384[UE 2 | RB 1] Throughput = 0.98315 Mbps
20494[UE 2 | RB 1] Throughput = 1.08912 Mbps
20605[UE 2 | RB 1] Throughput = 1.08516 Mbps
20714[UE 2 | RB 1] Throughput = 1.09335 Mbps
20814[UE 2 | RB 1] Throughput = 1.07782 Mbps
20924[UE 2 | RB 1] Throughput = 1.09010 Mbps
21024[UE 2 | RB 1] Throughput = 1.07592 Mbps
21135[UE 2 | RB 1] Throughput = 0.97977 Mbps
21245[UE 2 | RB 1] Throughput = 1.08762 Mbps
21354[UE 2 | RB 1] Throughput = 1.09395 Mbps
21454[UE 2 | RB 1] Throughput = 1.07809 Mbps
21555[UE 2 | RB 1] Throughput = 1.07620 Mbps
21655[UE 2 | RB 1] Throughput = 1.07754 Mbps
21764[UE 2 | RB 1] Throughput = 1.09170 Mbps
21874[UE 2 | RB 1] Throughput = 0.98133 Mbps
21975[UE 2 | RB 1] Throughput = 1.07545 Mbps
22085[UE 2 | RB 1] Throughput = 1.09030 Mbps
22194[UE 2 | RB 1] Throughput = 1.09275 Mbps
22294[UE 2 | RB 1] Throughput = 1.07792 Mbps
22394[UE 2 | RB 1] Throughput = 1.07828 Mbps
22494[UE 2 | RB 1] Throughput = 1.07633 Mbps
22604[UE 2 | RB 1] Throughput = 0.98112 Mbps
22705[UE 2 | RB 1] Throughput = 1.07733 Mbps
22815[UE 2 | RB 1] Throughput = 1.08918 Mbps
22924[UE 2 | RB 1] Throughput = 1.09076 Mbps
23034[UE 2 | RB 1] Throughput = 1.09058 Mbps
23135[UE 2 | RB 1] Throughput = 1.06915 Mbps
23244[UE 2 | RB 1] Throughput = 0.98914 Mbps
23344[UE 2 | RB 1] Throughput = 1.07640 Mbps
23445[UE 2 | RB 1] Throughput = 1.07770 Mbps
23554[UE 2 | RB 1] Throughput = 1.09121 Mbps
23654[UE 2 | RB 1] Throughput = 1.07791 Mbps
23754[UE 2 | RB 1] Throughput = 1.07843 Mbps
23855[UE 2 | RB 1] Throughput = 1.07690 Mbps
23964[UE 2 | RB 1] Throughput = 1.09119 Mbps
24065[UE 2 | RB 1] Throughput = 1.07728 Mbps
24165[UE 2 | RB 1] Throughput = 1.07735 Mbps
24275[UE 2 | RB 1] Throughput = 0.98115 Mbps
24384[UE 2 | RB 1] Throughput = 1.09220 Mbps
24484[UE 2 | RB 1] Throughput = 1.07712 Mbps
24584[UE 2 | RB 1] Throughput = 1.07855 Mbps
24685[UE 2 | RB 1] Throughput = 1.07732 Mbps
24794[UE 2 | RB 1] Throughput = 1.09211 Mbps
24894[UE 2 | RB 1] Throughput = 1.07754 Mbps
24994[UE 2 | RB 1] Throughput = 1.07850 Mbps
25095[UE 2 | RB 1] Throughput = 0.95635 Mbps
25195[UE 2 | RB 1] Throughput = 1.07853 Mbps
25295[UE 2 | RB 1] Throughput = 1.07851 Mbps
25404[UE 2 | RB 1] Throughput = 1.09065 Mbps
25505[UE 2 | RB 1] Throughput = 1.07718 Mbps
25615[UE 2 | RB 1] Throughput = 1.08914 Mbps
25725[UE 2 | RB 1] Throughput = 1.08951 Mbps
25835[UE 2 | RB 1] Throughput = 0.97555 Mbps
25945[UE 2 | RB 1] Throughput = 1.09495 Mbps
26054[UE 2 | RB 1] Throughput = 1.09423 Mbps
26155[UE 2 | RB 1] Throughput = 1.07300 Mbps
26265[UE 2 | RB 1] Throughput = 1.09052 Mbps
26365[UE 2 | RB 1] Throughput = 1.07803 Mbps
26465[UE 2 | RB 1] Throughput = 1.07240 Mbps
26574[UE 2 | RB 1] Throughput = 0.98871 Mbps
26674[UE 2 | RB 1] Throughput = 1.07798 Mbps
26775[UE 2 | RB 1] Throughput = 1.07631 Mbps
26875[UE 2 | RB 1] Throughput = 1.07668 Mbps
26985[UE 2 | RB 1] Throughput = 1.08818 Mbps
27095[UE 2 | RB 1] Throughput = 1.08960 Mbps
27204[UE 2 | RB 1] Throughput = 1.09478 Mbps
27305[UE 2 | RB 1] Throughput = 1.07361 Mbps
27405[UE 2 | RB 1] Throughput = 0.95798 Mbps
27515[UE 2 | RB 1] Throughput = 1.09123 Mbps
27624[UE 2 | RB 1] Throughput = 1.09417 Mbps
27725[UE 2 | RB 1] Throughput = 1.07059 Mbps
27834[UE 2 | RB 1] Throughput = 1.09392 Mbps
27944[UE 2 | RB 1] Throughput = 1.09027 Mbps
28045[UE 2 | RB 1] Throughput = 0.95121 Mbps
28154[UE 2 | RB 1] Throughput = 1.09761 Mbps
28264[UE 2 | RB 1] Throughput = 1.08895 Mbps
28365[UE 2 | RB 1] Throughput = 1.07559 Mbps
28475[UE 2 | RB 1] Throughput = 1.08838 Mbps
28585[UE 2 | RB 1] Throughput = 1.08839 Mbps
28695[UE 2 | RB 1] Throughput = 0.98377 Mbps
28795[UE 2 | RB 1] Throughput = 1.07617 Mbps
28905[UE 2 | RB 1] Throughput = 1.09151 Mbps
29015[UE 2 | RB 1] Throughput = 1.09010 Mbps
29125[UE 2 | RB 1] Throughput = 1.08523 Mbps
29235[UE 2 | RB 1] Throughput = 1.09271 Mbps
29335[UE 2 | RB 1] Throughput = 1.07736 Mbps
29435[UE 2 | RB 1] Throughput = 0.95687 Mbps
29535[UE 2 | RB 1] Throughput = 1.07805 Mbps
29635[UE 2 | RB 1] Throughput = 1.07850 Mbps
29735[UE 2 | RB 1] Throughput = 1.07841 Mbps
29845[UE 2 | RB 1] Throughput = 1.09128 Mbps
29945[UE 2 | RB 1] Throughput = 1.07810 Mbps
30055[UE 2 | RB 1] Throughput = 1.09237 Mbps
30155[UE 2 | RB 1] Throughput = 1.07299 Mbps
30265[UE 2 | RB 1] Throughput = 0.98052 Mbps
30375[UE 2 | RB 1] Throughput = 1.09016 Mbps
30485[UE 2 | RB 1] Throughput = 1.09357 Mbps
30585[UE 2 | RB 1] Throughput = 1.07432 Mbps
30695[UE 2 | RB 1] Throughput = 1.09205 Mbps
30795[UE 2 | RB 1] Throughput = 1.07818 Mbps
30895[UE 2 | RB 1] Throughput = 1.07832 Mbps
30995[UE 2 | RB 1] Throughput = 1.07627 Mbps
31095[UE 2 | RB 1] Throughput = 0.95773 Mbps
31204[UE 2 | RB 1] Throughput = 1.09556 Mbps
31314[UE 2 | RB 1] Throughput = 1.08911 Mbps
31415[UE 2 | RB 1] Throughput = 1.07333 Mbps
31515[UE 2 | RB 1] Throughput = 1.07763 Mbps
31625[UE 2 | RB 1] Throughput = 1.09022 Mbps
31725[UE 2 | RB 1] Throughput = 1.07850 Mbps
31835[UE 2 | RB 1] Throughput = 0.98187 Mbps
31945[UE 2 | RB 1] Throughput = 1.08818 Mbps
32045[UE 2 | RB 1] Throughput = 1.07692 Mbps
32145[UE 2 | RB 1] Throughput = 1.07795 Mbps
32255[UE 2 | RB 1] Throughput = 1.09454 Mbps
32355[UE 2 | RB 1] Throughput = 1.07498 Mbps
32455[UE 2 | RB 1] Throughput = 1.07716 Mbps
32565[UE 2 | RB 1] Throughput = 1.08952 Mbps
32675[UE 2 | RB 1] Throughput = 0.98084 Mbps
32775[UE 2 | RB 1] Throughput = 1.07839 Mbps
32885[UE 2 | RB 1] Throughput = 1.09026 Mbps
32995[UE 2 | RB 1] Throughput = 1.09072 Mbps
33095[UE 2 | RB 1] Throughput = 1.07379 Mbps
33205[UE 2 | RB 1] Throughput = 1.09271 Mbps
33315[UE 2 | RB 1] Throughput = 0.98147 Mbps
33425[UE 2 | RB 1] Throughput = 1.08847 Mbps
33535[UE 2 | RB 1] Throughput = 1.08908 Mbps
33635[UE 2 | RB 1] Throughput = 1.07640 Mbps
33745[UE 2 | RB 1] Throughput = 1.09457 Mbps
33845[UE 2 | RB 1] Throughput = 1.07486 Mbps
33955[UE 2 | RB 1] Throughput = 0.98424 Mbps
34055[UE 2 | RB 1] Throughput = 1.07503 Mbps
34165[UE 2 | RB 1] Throughput = 1.08977 Mbps
34275[UE 2 | RB 1] Throughput = 1.09154 Mbps
34375[UE 2 | RB 1] Throughput = 1.07526 Mbps
34485[UE 2 | RB 1] Throughput = 1.08957 Mbps
34595[UE 2 | RB 1] Throughput = 1.09052 Mbps
34695[UE 2 | RB 1] Throughput = 0.95833 Mbps
34805[UE 2 | RB 1] Throughput = 1.08853 Mbps
34905[UE 2 | RB 1] Throughput = 1.07521 Mbps
35015[UE 2 | RB 1] Throughput = 1.09061 Mbps
35115[UE 2 | RB 1] Throughput = 1.07742 Mbps
35215[UE 2 | RB 1] Throughput = 1.07772 Mbps
35325[UE 2 | RB 1] Throughput = 1.09085 Mbps
35435[UE 2 | RB 1] Throughput = 0.97958 Mbps
35545[UE 2 | RB 1] Throughput = 1.09167 Mbps
35655[UE 2 | RB 1] Throughput = 1.09177 Mbps
35755[UE 2 | RB 1] Throughput = 1.07724 Mbps
35855[UE 2 | RB 1] Throughput = 1.07761 Mbps
35955[UE 2 | RB 1] Throughput = 1.07572 Mbps
36065[UE 2 | RB 1] Throughput = 1.09213 Mbps
36165[UE 2 | RB 1] Throughput = 1.07645 Mbps
36265[UE 2 | RB 1] Throughput = 0.95839 Mbps
36375[UE 2 | RB 1] Throughput = 1.09644 Mbps
36475[UE 2 | RB 1] Throughput = 1.07029 Mbps
36585[UE 2 | RB 1] Throughput = 1.09011 Mbps
36695[UE 2 | RB 1] Throughput = 1.09022 Mbps
36805[UE 2 | RB 1] Throughput = 1.08799 Mbps
36915[UE 2 | RB 1] Throughput = 0.98323 Mbps
37015[UE 2 | RB 1] Throughput = 1.07664 Mbps
37125[UE 2 | RB 1] Throughput = 1.09383 Mbps
37225[UE 2 | RB 1] Throughput = 1.07444 Mbps
37325[UE 2 | RB 1] Throughput = 1.07765 Mbps
37425[UE 2 | RB 1] Throughput = 1.07775 Mbps
37535[UE 2 | RB 1] Throughput = 1.09288 Mbps
37635[UE 2 | RB 1] Throughput = 1.07507 Mbps
37745[UE 2 | RB 1] Throughput = 0.98223 Mbps
37846[UE 2 | RB 1] Throughput = 1.07462 Mbps
37955[UE 2 | RB 1] Throughput = 1.09058 Mbps
38065[UE 2 | RB 1] Throughput = 1.09014 Mbps
38166[UE 2 | RB 1] Throughput = 1.07635 Mbps
38275[UE 2 | RB 1] Throughput = 1.09422 Mbps
38375[UE 2 | RB 1] Throughput = 1.07722 Mbps
38475[UE 2 | RB 1] Throughput = 1.07779 Mbps
38585[UE 2 | RB 1] Throughput = 0.98019 Mbps
38695[UE 2 | RB 1] Throughput = 1.09061 Mbps
38795[UE 2 | RB 1] Throughput = 1.07805 Mbps
38895[UE 2 | RB 1] Throughput = 1.07746 Mbps
39005[UE 2 | RB 1] Throughput = 1.08916 Mbps
39115[UE 2 | RB 1] Throughput = 1.08927 Mbps
39226[UE 2 | RB 1] Throughput = 0.97837 Mbps
39335[UE 2 | RB 1] Throughput = 1.09598 Mbps
39435[UE 2 | RB 1] Throughput = 1.07682 Mbps
39545[UE 2 | RB 1] Throughput = 1.08788 Mbps
39655[UE 2 | RB 1] Throughput = 1.08883 Mbps
39765[UE 2 | RB 1] Throughput = 1.09125 Mbps
39866[UE 2 | RB 1] Throughput = 0.95456 Mbps
39975[UE 2 | RB 1] Throughput = 1.09281 Mbps
40086[UE 2 | RB 1] Throughput = 1.08576 Mbps
40196[UE 2 | RB 1] Throughput = 1.09099 Mbps
40305[UE 2 | RB 1] Throughput = 1.09205 Mbps
40406[UE 2 | RB 1] Throughput = 1.07617 Mbps
40506[UE 2 | RB 1] Throughput = 1.07694 Mbps
40615[UE 2 | RB 1] Throughput = 0.98383 Mbps
40726[UE 2 | RB 1] Throughput = 1.08685 Mbps
40835[UE 2 | RB 1] Throughput = 1.09199 Mbps
40945[UE 2 | RB 1] Throughput = 1.08852 Mbps
41045[UE 2 | RB 1] Throughput = 1.07819 Mbps
41155[UE 2 | RB 1] Throughput = 1.09066 Mbps
41255[UE 2 | RB 1] Throughput = 0.95860 Mbps
41365[UE 2 | RB 1] Throughput = 1.09008 Mbps
41465[UE 2 | RB 1] Throughput = 1.07820 Mbps
41566[UE 2 | RB 1] Throughput = 1.07631 Mbps
41675[UE 2 | RB 1] Throughput = 1.09096 Mbps
41775[UE 2 | RB 1] Throughput = 1.07852 Mbps
41876[UE 2 | RB 1] Throughput = 1.07610 Mbps
41986[UE 2 | RB 1] Throughput = 1.09013 Mbps
42095[UE 2 | RB 1] Throughput = 0.98188 Mbps
42205[UE 2 | RB 1] Throughput = 1.09038 Mbps
42315[UE 2 | RB 1] Throughput = 1.09094 Mbps
42425[UE 2 | RB 1] Throughput = 1.08703 Mbps
42535[UE 2 | RB 1] Throughput = 1.09059 Mbps
42636[UE 2 | RB 1] Throughput = 0.95515 Mbps
42746[UE 2 | RB 1] Throughput = 1.08854 Mbps
42855[UE 2 | RB 1] Throughput = 1.09250 Mbps
42965[UE 2 | RB 1] Throughput = 1.08959 Mbps
43066[UE 2 | RB 1] Throughput = 1.07567 Mbps
43175[UE 2 | RB 1] Throughput = 1.09262 Mbps
43285[UE 2 | RB 1] Throughput = 0.98155 Mbps
43386[UE 2 | RB 1] Throughput = 1.07555 Mbps
43486[UE 2 | RB 1] Throughput = 1.07791 Mbps
43586[UE 2 | RB 1] Throughput = 1.07685 Mbps
43695[UE 2 | RB 1] Throughput = 1.09424 Mbps
43795[UE 2 | RB 1] Throughput = 1.07669 Mbps
43896[UE 2 | RB 1] Throughput = 1.07632 Mbps
44005[UE 2 | RB 1] Throughput = 1.09269 Mbps
44105[UE 2 | RB 1] Throughput = 1.07830 Mbps
44205[UE 2 | RB 1] Throughput = 0.95737 Mbps
44305[UE 2 | RB 1] Throughput = 1.07851 Mbps
44405[UE 2 | RB 1] Throughput = 1.07852 Mbps
44516[UE 2 | RB 1] Throughput = 1.08589 Mbps
44626[UE 2 | RB 1] Throughput = 1.09143 Mbps
44736[UE 2 | RB 1] Throughput = 1.09023 Mbps
44836[UE 2 | RB 1] Throughput = 1.07459 Mbps
44945[UE 2 | RB 1] Throughput = 0.98587 Mbps
45046[UE 2 | RB 1] Throughput = 1.07470 Mbps
45156[UE 2 | RB 1] Throughput = 1.09114 Mbps
45256[UE 2 | RB 1] Throughput = 1.07487 Mbps
45366[UE 2 | RB 1] Throughput = 1.09095 Mbps
45476[UE 2 | RB 1] Throughput = 1.09009 Mbps
45586[UE 2 | RB 1] Throughput = 1.08975 Mbps
45695[UE 2 | RB 1] Throughput = 0.98293 Mbps
45795[UE 2 | RB 1] Throughput = 1.07703 Mbps
45896[UE 2 | RB 1] Throughput = 1.07817 Mbps
45996[UE 2 | RB 1] Throughput = 1.07767 Mbps
46106[UE 2 | RB 1] Throughput = 1.08624 Mbps
46206[UE 2 | RB 1] Throughput = 1.07772 Mbps
46316[UE 2 | RB 1] Throughput = 1.09335 Mbps
46426[UE 2 | RB 1] Throughput = 0.97713 Mbps
46535[UE 2 | RB 1] Throughput = 1.09539 Mbps
46636[UE 2 | RB 1] Throughput = 1.07679 Mbps
46736[UE 2 | RB 1] Throughput = 1.07431 Mbps
46846[UE 2 | RB 1] Throughput = 1.08852 Mbps
46956[UE 2 | RB 1] Throughput = 1.09282 Mbps
47056[UE 2 | RB 1] Throughput = 1.07456 Mbps
47166[UE 2 | RB 1] Throughput = 0.98047 Mbps
47276[UE 2 | RB 1] Throughput = 1.09489 Mbps
47376[UE 2 | RB 1] Throughput = 1.07516 Mbps
47486[UE 2 | RB 1] Throughput = 1.09213 Mbps
47586[UE 2 | RB 1] Throughput = 1.07417 Mbps
47686[UE 2 | RB 1] Throughput = 1.07812 Mbps
47786[UE 2 | RB 1] Throughput = 1.07833 Mbps
47896[UE 2 | RB 1] Throughput = 1.09347 Mbps
48005[UE 2 | RB 1] Throughput = 0.98197 Mbps
48106[UE 2 | RB 1] Throughput = 1.07071 Mbps
48216[UE 2 | RB 1] Throughput = 1.09313 Mbps
48326[UE 2 | RB 1] Throughput = 1.09133 Mbps
48426[UE 2 | RB 1] Throughput = 1.07571 Mbps
48536[UE 2 | RB 1] Throughput = 1.09050 Mbps
48636[UE 2 | RB 1] Throughput = 0.95732 Mbps
48736[UE 2 | RB 1] Throughput = 1.07830 Mbps
48846[UE 2 | RB 1] Throughput = 1.08991 Mbps
48956[UE 2 | RB 1] Throughput = 1.09308 Mbps
49056[UE 2 | RB 1] Throughput = 1.07393 Mbps
49166[UE 2 | RB 1] Throughput = 1.09112 Mbps
49276[UE 2 | RB 1] Throughput = 1.08844 Mbps
49376[UE 2 | RB 1] Throughput = 0.95863 Mbps
49486[UE 2 | RB 1] Throughput = 1.09008 Mbps
49586[UE 2 | RB 1] Throughput = 1.07757 Mbps
49686[UE 2 | RB 1] Throughput = 1.07772 Mbps
49796[UE 2 | RB 1] Throughput = 1.09159 Mbps
49906[UE 2 | RB 1] Throughput = 1.09056 Mbps
50016[UE 2 | RB 1] Throughput = 1.08846 Mbps
50116[UE 2 | RB 1] Throughput = 0.95744 Mbps
50226[UE 2 | RB 1] Throughput = 1.09053 Mbps
50326[UE 2 | RB 1] Throughput = 1.07758 Mbps
50436[UE 2 | RB 1] Throughput = 1.09101 Mbps
50536[UE 2 | RB 1] Throughput = 1.07555 Mbps
50646[UE 2 | RB 1] Throughput = 1.09279 Mbps
50746[UE 2 | RB 1] Throughput = 1.07639 Mbps
50856[UE 2 | RB 1] Throughput = 0.98183 Mbps
50956[UE 2 | RB 1] Throughput = 1.07756 Mbps
51056[UE 2 | RB 1] Throughput = 1.07699 Mbps
51156[UE 2 | RB 1] Throughput = 1.07629 Mbps
51266[UE 2 | RB 1] Throughput = 1.08994 Mbps
51366[UE 2 | RB 1] Throughput = 1.07632 Mbps
51476[UE 2 | RB 1] Throughput = 1.09395 Mbps
51586[UE 2 | RB 1] Throughput = 1.09263 Mbps
51687[UE 2 | RB 1] Throughput = 0.94846 Mbps
51796[UE 2 | RB 1] Throughput = 1.09339 Mbps
51906[UE 2 | RB 1] Throughput = 1.09114 Mbps
52016[UE 2 | RB 1] Throughput = 1.08878 Mbps
52126[UE 2 | RB 1] Throughput = 1.09389 Mbps
52226[UE 2 | RB 1] Throughput = 1.07492 Mbps
52336[UE 2 | RB 1] Throughput = 0.98467 Mbps
52436[UE 2 | RB 1] Throughput = 1.07342 Mbps
52536[UE 2 | RB 1] Throughput = 1.07757 Mbps
52646[UE 2 | RB 1] Throughput = 1.08942 Mbps
52746[UE 2 | RB 1] Throughput = 1.07767 Mbps
52856[UE 2 | RB 1] Throughput = 1.09234 Mbps
52956[UE 2 | RB 1] Throughput = 1.07853 Mbps
53056[UE 2 | RB 1] Throughput = 1.07396 Mbps
53166[UE 2 | RB 1] Throughput = 0.98323 Mbps
53266[UE 2 | RB 1] Throughput = 1.07768 Mbps
53376[UE 2 | RB 1] Throughput = 1.09009 Mbps
53486[UE 2 | RB 1] Throughput = 1.09267 Mbps
53586[UE 2 | RB 1] Throughput = 1.07700 Mbps
53696[UE 2 | RB 1] Throughput = 1.08673 Mbps
53806[UE 2 | RB 1] Throughput = 1.09477 Mbps
53906[UE 2 | RB 1] Throughput = 0.95340 Mbps
54016[UE 2 | RB 1] Throughput = 1.08980 Mbps
54126[UE 2 | RB 1] Throughput = 1.09150 Mbps
54236[UE 2 | RB 1] Throughput = 1.08788 Mbps
54336[UE 2 | RB 1] Throughput = 1.07654 Mbps
54446[UE 2 | RB 1] Throughput = 1.09289 Mbps
54556[UE 2 | RB 1] Throughput = 0.97913 Mbps
54656[UE 2 | RB 1] Throughput = 1.07856 Mbps
54766[UE 2 | RB 1] Throughput = 1.08990 Mbps
54866[UE 2 | RB 1] Throughput = 1.07547 Mbps
54967[UE 2 | RB 1] Throughput = 1.07668 Mbps
55076[UE 2 | RB 1] Throughput = 1.09112 Mbps
55177[UE 2 | RB 1] Throughput = 1.07677 Mbps
55287[UE 2 | RB 1] Throughput = 0.98076 Mbps
55396[UE 2 | RB 1] Throughput = 1.09265 Mbps
55496[UE 2 | RB 1] Throughput = 1.07833 Mbps
55607[UE 2 | RB 1] Throughput = 1.08577 Mbps
55716[UE 2 | RB 1] Throughput = 1.09347 Mbps
55816[UE 2 | RB 1] Throughput = 1.07610 Mbps
55926[UE 2 | RB 1] Throughput = 1.09016 Mbps
56027[UE 2 | RB 1] Throughput = 0.95615 Mbps
56136[UE 2 | RB 1] Throughput = 1.09514 Mbps
56246[UE 2 | RB 1] Throughput = 1.08645 Mbps
56356[UE 2 | RB 1] Throughput = 1.09194 Mbps
56456[UE 2 | RB 1] Throughput = 1.07787 Mbps
56556[UE 2 | RB 1] Throughput = 1.07714 Mbps
56656[UE 2 | RB 1] Throughput = 1.07800 Mbps
56766[UE 2 | RB 1] Throughput = 0.98097 Mbps
56867[UE 2 | RB 1] Throughput = 1.07660 Mbps
56976[UE 2 | RB 1] Throughput = 1.09491 Mbps
57076[UE 2 | RB 1] Throughput = 1.07486 Mbps
57176[UE 2 | RB 1] Throughput = 1.07782 Mbps
57286[UE 2 | RB 1] Throughput = 1.08947 Mbps
57396[UE 2 | RB 1] Throughput = 1.09162 Mbps
57496[UE 2 | RB 1] Throughput = 1.07727 Mbps
57597[UE 2 | RB 1] Throughput = 0.95654 Mbps
57697[UE 2 | RB 1] Throughput = 1.07813 Mbps
57797[UE 2 | RB 1] Throughput = 1.07837 Mbps
57907[UE 2 | RB 1] Throughput = 1.09026 Mbps
58016[UE 2 | RB 1] Throughput = 1.09221 Mbps
58116[UE 2 | RB 1] Throughput = 1.07576 Mbps
58226[UE 2 | RB 1] Throughput = 1.09191 Mbps
58327[UE 2 | RB 1] Throughput = 1.07423 Mbps
58436[UE 2 | RB 1] Throughput = 0.98356 Mbps
58537[UE 2 | RB 1] Throughput = 1.07547 Mbps
58646[UE 2 | RB 1] Throughput = 1.09301 Mbps
58756[UE 2 | RB 1] Throughput = 1.08854 Mbps
58856[UE 2 | RB 1] Throughput = 1.07787 Mbps
58957[UE 2 | RB 1] Throughput = 1.07221 Mbps
59067[UE 2 | RB 1] Throughput = 1.09347 Mbps
59176[UE 2 | RB 1] Throughput = 0.98420 Mbps
59276[UE 2 | RB 1] Throughput = 1.07562 Mbps
59376[UE 2 | RB 1] Throughput = 1.07817 Mbps
59477[UE 2 | RB 1] Throughput = 1.07538 Mbps
59586[UE 2 | RB 1] Throughput = 1.09269 Mbps
59696[UE 2 | RB 1] Throughput = 1.09292 Mbps
59796[UE 2 | RB 1] Throughput = 1.07661 Mbps
59896[UE 2 | RB 1] Throughput = 1.07732 Mbps
59997[UE 2 | RB 1] Throughput = 0.95759 Mbps
60097[UE 2 | RB 1] Throughput = 1.07640 Mbps
60197[UE 2 | RB 1] Throughput = 1.07713 Mbps
60297[UE 2 | RB 1] Throughput = 1.07819 Mbps
60406[UE 2 | RB 1] Throughput = 1.09554 Mbps
60507[UE 2 | RB 1] Throughput = 1.07438 Mbps
60617[UE 2 | RB 1] Throughput = 1.08904 Mbps
60726[UE 2 | RB 1] Throughput = 1.09287 Mbps
60826[UE 2 | RB 1] Throughput = 0.95832 Mbps
60937[UE 2 | RB 1] Throughput = 1.08801 Mbps
61046[UE 2 | RB 1] Throughput = 1.09203 Mbps
61146[UE 2 | RB 1] Throughput = 1.07725 Mbps
61257[UE 2 | RB 1] Throughput = 1.08765 Mbps
61357[UE 2 | RB 1] Throughput = 1.07701 Mbps
61457[UE 2 | RB 1] Throughput = 1.07668 Mbps
61566[UE 2 | RB 1] Throughput = 0.98491 Mbps
61677[UE 2 | RB 1] Throughput = 1.08348 Mbps
61787[UE 2 | RB 1] Throughput = 1.09433 Mbps
61896[UE 2 | RB 1] Throughput = 1.08998 Mbps
62006[UE 2 | RB 1] Throughput = 1.09287 Mbps
62107[UE 2 | RB 1] Throughput = 1.07354 Mbps
62216[UE 2 | RB 1] Throughput = 0.98278 Mbps
62317[UE 2 | RB 1] Throughput = 1.07278 Mbps
62426[UE 2 | RB 1] Throughput = 1.09420 Mbps
62527[UE 2 | RB 1] Throughput = 1.07665 Mbps
62627[UE 2 | RB 1] Throughput = 1.07625 Mbps
62737[UE 2 | RB 1] Throughput = 1.09167 Mbps
62837[UE 2 | RB 1] Throughput = 1.07762 Mbps
62937[UE 2 | RB 1] Throughput = 1.07804 Mbps
63046[UE 2 | RB 1] Throughput = 0.98350 Mbps
63147[UE 2 | RB 1] Throughput = 1.07268 Mbps
63257[UE 2 | RB 1] Throughput = 1.09267 Mbps
63367[UE 2 | RB 1] Throughput = 1.08945 Mbps
63467[UE 2 | RB 1] Throughput = 1.07741 Mbps
63576[UE 2 | RB 1] Throughput = 1.09211 Mbps
63686[UE 2 | RB 1] Throughput = 1.09179 Mbps
63786[UE 2 | RB 1] Throughput = 0.95708 Mbps
63887[UE 2 | RB 1] Throughput = 1.07683 Mbps
63987[UE 2 | RB 1] Throughput = 1.07796 Mbps
64096[UE 2 | RB 1] Throughput = 1.09260 Mbps
64197[UE 2 | RB 1] Throughput = 1.07372 Mbps
64307[UE 2 | RB 1] Throughput = 1.09010 Mbps
64407[UE 2 | RB 1] Throughput = 1.07851 Mbps
64507[UE 2 | RB 1] Throughput = 1.07797 Mbps
64617[UE 2 | RB 1] Throughput = 0.98046 Mbps
64717[UE 2 | RB 1] Throughput = 1.07635 Mbps
64827[UE 2 | RB 1] Throughput = 1.08908 Mbps
64927[UE 2 | RB 1] Throughput = 1.07715 Mbps
65037[UE 2 | RB 1] Throughput = 1.09375 Mbps
65137[UE 2 | RB 1] Throughput = 1.07727 Mbps
65237[UE 2 | RB 1] Throughput = 1.07660 Mbps
65347[UE 2 | RB 1] Throughput = 1.08911 Mbps
65457[UE 2 | RB 1] Throughput = 0.98379 Mbps
65567[UE 2 | RB 1] Throughput = 1.09025 Mbps
65667[UE 2 | RB 1] Throughput = 1.06950 Mbps
65777[UE 2 | RB 1] Throughput = 1.09251 Mbps
65887[UE 2 | RB 1] Throughput = 1.09008 Mbps
65996[UE 2 | RB 1] Throughput = 0.98632 Mbps
66097[UE 2 | RB 1] Throughput = 1.07359 Mbps
66207[UE 2 | RB 1] Throughput = 1.08646 Mbps
66317[UE 2 | RB 1] Throughput = 1.09601 Mbps
66417[UE 2 | RB 1] Throughput = 1.07508 Mbps
66527[UE 2 | RB 1] Throughput = 1.08822 Mbps
66627[UE 2 | RB 1] Throughput = 1.07604 Mbps
66737[UE 2 | RB 1] Throughput = 0.98194 Mbps
66846[UE 2 | RB 1] Throughput = 1.09670 Mbps
66947[UE 2 | RB 1] Throughput = 1.07392 Mbps
67047[UE 2 | RB 1] Throughput = 1.07609 Mbps
67157[UE 2 | RB 1] Throughput = 1.09229 Mbps
67257[UE 2 | RB 1] Throughput = 1.07825 Mbps
67357[UE 2 | RB 1] Throughput = 1.07617 Mbps
67457[UE 2 | RB 1] Throughput = 1.07690 Mbps
67567[UE 2 | RB 1] Throughput = 0.98506 Mbps
67667[UE 2 | RB 1] Throughput = 1.07458 Mbps
67777[UE 2 | RB 1] Throughput = 1.09173 Mbps
67877[UE 2 | RB 1] Throughput = 1.07605 Mbps
67977[UE 2 | RB 1] Throughput = 1.07559 Mbps
68087[UE 2 | RB 1] Throughput = 1.09556 Mbps
68197[UE 2 | RB 1] Throughput = 1.08991 Mbps
68297[UE 2 | RB 1] Throughput = 1.07833 Mbps
68397[UE 2 | RB 1] Throughput = 0.95567 Mbps
68507[UE 2 | RB 1] Throughput = 1.09247 Mbps
68607[UE 2 | RB 1] Throughput = 1.07465 Mbps
68717[UE 2 | RB 1] Throughput = 1.08922 Mbps
68827[UE 2 | RB 1] Throughput = 1.09394 Mbps
68927[UE 2 | RB 1] Throughput = 1.07361 Mbps
69037[UE 2 | RB 1] Throughput = 1.09033 Mbps
69137[UE 2 | RB 1] Throughput = 0.95837 Mbps
69237[UE 2 | RB 1] Throughput = 1.07675 Mbps
69347[UE 2 | RB 1] Throughput = 1.09122 Mbps
69447[UE 2 | RB 1] Throughput = 1.07750 Mbps
69557[UE 2 | RB 1] Throughput = 1.09414 Mbps
69657[UE 2 | RB 1] Throughput = 1.07679 Mbps
69757[UE 2 | RB 1] Throughput = 1.07817 Mbps
69857[UE 2 | RB 1] Throughput = 1.07467 Mbps
69957[UE 2 | RB 1] Throughput = 1.07805 Mbps
70057[UE 2 | RB 1] Throughput = 0.95767 Mbps
70167[UE 2 | RB 1] Throughput = 1.08935 Mbps
70277[UE 2 | RB 1] Throughput = 1.09131 Mbps
70387[UE 2 | RB 1] Throughput = 1.08990 Mbps
70487[UE 2 | RB 1] Throughput = 1.07513 Mbps
70597[UE 2 | RB 1] Throughput = 1.09414 Mbps
70697[UE 2 | RB 1] Throughput = 1.07632 Mbps
70807[UE 2 | RB 1] Throughput = 0.98322 Mbps
70917[UE 2 | RB 1] Throughput = 1.08804 Mbps
71027[UE 2 | RB 1] Throughput = 1.09038 Mbps
71127[UE 2 | RB 1] Throughput = 1.07572 Mbps
71237[UE 2 | RB 1] Throughput = 1.08983 Mbps
71338[UE 2 | RB 1] Throughput = 1.07384 Mbps
71448[UE 2 | RB 1] Throughput = 0.98010 Mbps
71557[UE 2 | RB 1] Throughput = 1.09311 Mbps
71667[UE 2 | RB 1] Throughput = 1.09183 Mbps
71777[UE 2 | RB 1] Throughput = 1.08885 Mbps
71877[UE 2 | RB 1] Throughput = 1.07676 Mbps
71987[UE 2 | RB 1] Throughput = 1.09223 Mbps
72087[UE 2 | RB 1] Throughput = 1.07830 Mbps
72187[UE 2 | RB 1] Throughput = 0.95645 Mbps
72297[UE 2 | RB 1] Throughput = 1.08814 Mbps
72407[UE 2 | RB 1] Throughput = 1.09128 Mbps
72507[UE 2 | RB 1] Throughput = 1.07744 Mbps
72617[UE 2 | RB 1] Throughput = 1.08920 Mbps
72727[UE 2 | RB 1] Throughput = 1.09219 Mbps
72827[UE 2 | RB 1] Throughput = 1.07491 Mbps
72937[UE 2 | RB 1] Throughput = 0.98241 Mbps
73047[UE 2 | RB 1] Throughput = 1.08991 Mbps
73147[UE 2 | RB 1] Throughput = 1.07552 Mbps
73257[UE 2 | RB 1] Throughput = 1.09286 Mbps
73357[UE 2 | RB 1] Throughput = 1.07667 Mbps
73457[UE 2 | RB 1] Throughput = 1.07728 Mbps
73567[UE 2 | RB 1] Throughput = 1.08902 Mbps
73677[UE 2 | RB 1] Throughput = 0.98208 Mbps
73777[UE 2 | RB 1] Throughput = 1.07558 Mbps
73887[UE 2 | RB 1] Throughput = 1.09524 Mbps
73987[UE 2 | RB 1] Throughput = 1.07456 Mbps
74087[UE 2 | RB 1] Throughput = 1.07809 Mbps
74197[UE 2 | RB 1] Throughput = 1.09014 Mbps
74297[UE 2 | RB 1] Throughput = 1.07679 Mbps
74407[UE 2 | RB 1] Throughput = 0.98334 Mbps
74507[UE 2 | RB 1] Throughput = 1.07477 Mbps
74617[UE 2 | RB 1] Throughput = 1.09206 Mbps
74717[UE 2 | RB 1] Throughput = 1.07494 Mbps
74818[UE 2 | RB 1] Throughput = 1.07656 Mbps
74928[UE 2 | RB 1] Throughput = 1.09079 Mbps
75028[UE 2 | RB 1] Throughput = 1.07765 Mbps
75137[UE 2 | RB 1] Throughput = 0.98363 Mbps
75238[UE 2 | RB 1] Throughput = 1.07572 Mbps
75347[UE 2 | RB 1] Throughput = 1.09290 Mbps
75457[UE 2 | RB 1] Throughput = 1.08715 Mbps
75557[UE 2 | RB 1] Throughput = 1.07802 Mbps
75667[UE 2 | RB 1] Throughput = 1.09358 Mbps
75767[UE 2 | RB 1] Throughput = 1.07552 Mbps
75868[UE 2 | RB 1] Throughput = 1.07610 Mbps
75978[UE 2 | RB 1] Throughput = 0.98102 Mbps
76088[UE 2 | RB 1] Throughput = 1.08906 Mbps
76197[UE 2 | RB 1] Throughput = 1.09396 Mbps
76298[UE 2 | RB 1] Throughput = 1.07420 Mbps
76398[UE 2 | RB 1] Throughput = 1.07718 Mbps
76508[UE 2 | RB 1] Throughput = 1.09076 Mbps
76617[UE 2 | RB 1] Throughput = 0.98263 Mbps
76727[UE 2 | RB 1] Throughput = 1.09265 Mbps
76827[UE 2 | RB 1] Throughput = 1.07432 Mbps
76937[UE 2 | RB 1] Throughput = 1.08965 Mbps
77037[UE 2 | RB 1] Throughput = 1.07775 Mbps
77138[UE 2 | RB 1] Throughput = 1.07683 Mbps
77247[UE 2 | RB 1] Throughput = 1.09469 Mbps
77347[UE 2 | RB 1] Throughput = 1.07572 Mbps
77448[UE 2 | RB 1] Throughput = 0.95189 Mbps
77557[UE 2 | RB 1] Throughput = 1.09885 Mbps
77657[UE 2 | RB 1] Throughput = 1.07682 Mbps
77757[UE 2 | RB 1] Throughput = 1.07855 Mbps
77867[UE 2 | RB 1] Throughput = 1.08810 Mbps
77967[UE 2 | RB 1] Throughput = 1.07772 Mbps
78077[UE 2 | RB 1] Throughput = 1.09145 Mbps
78177[UE 2 | RB 1] Throughput = 1.07758 Mbps
78278[UE 2 | RB 1] Throughput = 0.95670 Mbps
78388[UE 2 | RB 1] Throughput = 1.08753 Mbps
78498[UE 2 | RB 1] Throughput = 1.09044 Mbps
78608[UE 2 | RB 1] Throughput = 1.08680 Mbps
78718[UE 2 | RB 1] Throughput = 1.08727 Mbps
78827[UE 2 | RB 1] Throughput = 1.09878 Mbps
78927[UE 2 | RB 1] Throughput = 0.95841 Mbps
79028[UE 2 | RB 1] Throughput = 1.07529 Mbps
79137[UE 2 | RB 1] Throughput = 1.09093 Mbps
79238[UE 2 | RB 1] Throughput = 1.07684 Mbps
79348[UE 2 | RB 1] Throughput = 1.08899 Mbps
79457[UE 2 | RB 1] Throughput = 1.09088 Mbps
79567[UE 2 | RB 1] Throughput = 1.09125 Mbps
79667[UE 2 | RB 1] Throughput = 0.95678 Mbps
79768[UE 2 | RB 1] Throughput = 1.07767 Mbps
79877[UE 2 | RB 1] Throughput = 1.09034 Mbps
79978[UE 2 | RB 1] Throughput = 1.07718 Mbps
80087[UE 2 | RB 1] Throughput = 1.09153 Mbps
80188[UE 2 | RB 1] Throughput = 1.07669 Mbps
80298[UE 2 | RB 1] Throughput = 1.08869 Mbps
80398[UE 2 | RB 1] Throughput = 1.07574 Mbps
80508[UE 2 | RB 1] Throughput = 0.98024 Mbps
80618[UE 2 | RB 1] Throughput = 1.09024 Mbps
80728[UE 2 | RB 1] Throughput = 1.09084 Mbps
80828[UE 2 | RB 1] Throughput = 1.07778 Mbps
80928[UE 2 | RB 1] Throughput = 1.07754 Mbps
81038[UE 2 | RB 1] Throughput = 1.09190 Mbps
81138[UE 2 | RB 1] Throughput = 1.07838 Mbps
81238[UE 2 | RB 1] Throughput = 0.95860 Mbps
81348[UE 2 | RB 1] Throughput = 1.08973 Mbps
81448[UE 2 | RB 1] Throughput = 1.07805 Mbps
81548[UE 2 | RB 1] Throughput = 1.07600 Mbps
81648[UE 2 | RB 1] Throughput = 1.07620 Mbps
81758[UE 2 | RB 1] Throughput = 1.09522 Mbps
81868[UE 2 | RB 1] Throughput = 1.08822 Mbps
81968[UE 2 | RB 1] Throughput = 1.07833 Mbps
82068[UE 2 | RB 1] Throughput = 0.95600 Mbps
82178[UE 2 | RB 1] Throughput = 1.09304 Mbps
82278[UE 2 | RB 1] Throughput = 1.07853 Mbps
82378[UE 2 | RB 1] Throughput = 1.07277 Mbps
82488[UE 2 | RB 1] Throughput = 1.09240 Mbps
82598[UE 2 | RB 1] Throughput = 1.09014 Mbps
82708[UE 2 | RB 1] Throughput = 0.98137 Mbps
82808[UE 2 | RB 1] Throughput = 1.07748 Mbps
82918[UE 2 | RB 1] Throughput = 1.09083 Mbps
83018[UE 2 | RB 1] Throughput = 1.07696 Mbps
83118[UE 2 | RB 1] Throughput = 1.07713 Mbps
83228[UE 2 | RB 1] Throughput = 1.08979 Mbps
83328[UE 2 | RB 1] Throughput = 1.07856 Mbps
83438[UE 2 | RB 1] Throughput = 1.08980 Mbps
83548[UE 2 | RB 1] Throughput = 0.97624 Mbps
83658[UE 2 | RB 1] Throughput = 1.09597 Mbps
83768[UE 2 | RB 1] Throughput = 1.08839 Mbps
83877[UE 2 | RB 1] Throughput = 1.09518 Mbps
83978[UE 2 | RB 1] Throughput = 1.07454 Mbps
84078[UE 2 | RB 1] Throughput = 1.07491 Mbps
84188[UE 2 | RB 1] Throughput = 0.98255 Mbps
84288[UE 2 | RB 1] Throughput = 1.07610 Mbps
84398[UE 2 | RB 1] Throughput = 1.09272 Mbps
84498[UE 2 | RB 1] Throughput = 1.07452 Mbps
84608[UE 2 | RB 1] Throughput = 1.09338 Mbps
84708[UE 2 | RB 1] Throughput = 1.07836 Mbps
84818[UE 2 | RB 1] Throughput = 1.08832 Mbps
84918[UE 2 | RB 1] Throughput = 1.07377 Mbps
85028[UE 2 | RB 1] Throughput = 0.98497 Mbps
85128[UE 2 | RB 1] Throughput = 1.07581 Mbps
85238[UE 2 | RB 1] Throughput = 1.08764 Mbps
85348[UE 2 | RB 1] Throughput = 1.09390 Mbps
85458[UE 2 | RB 1] Throughput = 1.08686 Mbps
85558[UE 2 | RB 1] Throughput = 1.07479 Mbps
85668[UE 2 | RB 1] Throughput = 0.98415 Mbps
85778[UE 2 | RB 1] Throughput = 1.08881 Mbps
85878[UE 2 | RB 1] Throughput = 1.07749 Mbps
85988[UE 2 | RB 1] Throughput = 1.09292 Mbps
86088[UE 2 | RB 1] Throughput = 1.07654 Mbps
86198[UE 2 | RB 1] Throughput = 1.09085 Mbps
86298[UE 2 | RB 1] Throughput = 1.07573 Mbps
86408[UE 2 | RB 1] Throughput = 0.98379 Mbps
86508[UE 2 | RB 1] Throughput = 1.07255 Mbps
86618[UE 2 | RB 1] Throughput = 1.09529 Mbps
86718[UE 2 | RB 1] Throughput = 1.07496 Mbps
86828[UE 2 | RB 1] Throughput = 1.09111 Mbps
86928[UE 2 | RB 1] Throughput = 1.07811 Mbps
87028[UE 2 | RB 1] Throughput = 1.07649 Mbps
87138[UE 2 | RB 1] Throughput = 1.08940 Mbps
87238[UE 2 | RB 1] Throughput = 0.95553 Mbps
87348[UE 2 | RB 1] Throughput = 1.09584 Mbps
87448[UE 2 | RB 1] Throughput = 1.07626 Mbps
87548[UE 2 | RB 1] Throughput = 1.07367 Mbps
87658[UE 2 | RB 1] Throughput = 1.09301 Mbps
87758[UE 2 | RB 1] Throughput = 1.07633 Mbps
87868[UE 2 | RB 1] Throughput = 1.09443 Mbps
87968[UE 2 | RB 1] Throughput = 1.07385 Mbps
88068[UE 2 | RB 1] Throughput = 0.95819 Mbps
88178[UE 2 | RB 1] Throughput = 1.09202 Mbps
88278[UE 2 | RB 1] Throughput = 1.07745 Mbps
88378[UE 2 | RB 1] Throughput = 1.07517 Mbps
88488[UE 2 | RB 1] Throughput = 1.09736 Mbps
88588[UE 2 | RB 1] Throughput = 1.06944 Mbps
88698[UE 2 | RB 1] Throughput = 1.08998 Mbps
88808[UE 2 | RB 1] Throughput = 0.98417 Mbps
88908[UE 2 | RB 1] Throughput = 1.07753 Mbps
89018[UE 2 | RB 1] Throughput = 1.09022 Mbps
89128[UE 2 | RB 1] Throughput = 1.09049 Mbps
89228[UE 2 | RB 1] Throughput = 1.07469 Mbps
89338[UE 2 | RB 1] Throughput = 1.09147 Mbps
89438[UE 2 | RB 1] Throughput = 1.07839 Mbps
89538[UE 2 | RB 1] Throughput = 1.07624 Mbps
89648[UE 2 | RB 1] Throughput = 0.98157 Mbps
89758[UE 2 | RB 1] Throughput = 1.08744 Mbps
89868[UE 2 | RB 1] Throughput = 1.09083 Mbps
89978[UE 2 | RB 1] Throughput = 1.08987 Mbps
[xApp]: E42 RIC_SUBSCRIPTION_DELETE_REQUEST tx RAN_FUNC_ID 144 RIC_REQ_ID 1 
[xApp]: E42 SUBSCRIPTION DELETE RESPONSE rx
[xApp]: E42 RIC_SUBSCRIPTION_DELETE_REQUEST tx RAN_FUNC_ID 144 RIC_REQ_ID 2 
[xApp]: E42 SUBSCRIPTION DELETE RESPONSE rx
[xApp]: E42 RIC_SUBSCRIPTION_DELETE_REQUEST tx RAN_FUNC_ID 144 RIC_REQ_ID 3 
[xApp]: E42 SUBSCRIPTION DELETE RESPONSE rx
[xApp]: E42 RIC_SUBSCRIPTION_DELETE_REQUEST tx RAN_FUNC_ID 144 RIC_REQ_ID 4 
[xApp]: E42 SUBSCRIPTION DELETE RESPONSE rx
[xApp]: Sucessfully stopped 
Test xApp run SUCCESSFULLY
