[UTIL]: Setting the config -c file to /usr/local/etc/flexric/flexric.conf
[UTIL]: Setting path -p for the shared libraries to /usr/local/lib/flexric/
[xAapp]: Initializing ... 
[xApp]: nearRT-RIC IP Address = 192.168.70.150, PORT = 36422
[E2 AGENT]: Opening plugin from path = /usr/local/lib/flexric/libkpm_sm.so 
[E2 AGENT]: Opening plugin from path = /usr/local/lib/flexric/libmac_sm.so 
[E2 AGENT]: Opening plugin from path = /usr/local/lib/flexric/libpdcp_sm.so 
[E2 AGENT]: Opening plugin from path = /usr/local/lib/flexric/libgtp_sm.so 
[E2 AGENT]: Opening plugin from path = /usr/local/lib/flexric/librc_sm.so 
[E2 AGENT]: Opening plugin from path = /usr/local/lib/flexric/libtc_sm.so 
[E2 AGENT]: Opening plugin from path = /usr/local/lib/flexric/librlc_sm.so 
[E2 AGENT]: Opening plugin from path = /usr/local/lib/flexric/libslice_sm.so 
[NEAR-RIC]: Loading SM ID = 2 with def = ORAN-E2SM-KPM 
[NEAR-RIC]: Loading SM ID = 142 with def = MAC_STATS_V0 
[NEAR-RIC]: Loading SM ID = 144 with def = PDCP_STATS_V0 
[NEAR-RIC]: Loading SM ID = 148 with def = GTP_STATS_V0 
[NEAR-RIC]: Loading SM ID = 3 with def = ORAN-E2SM-RC 
[NEAR-RIC]: Loading SM ID = 146 with def = TC_STATS_V0 
[NEAR-RIC]: Loading SM ID = 143 with def = RLC_STATS_V0 
[NEAR-RIC]: Loading SM ID = 145 with def = SLICE_STATS_V0 
[xApp]: DB filename = /tmp/flexric/xapp_db 
 [xApp]: E42 SETUP-REQUEST tx
[xApp]: E42 SETUP-RESPONSE rx 
[xApp]: xApp ID = 62 
[xApp]: Registered E2 Nodes = 4 
Connected E2 nodes = 4
[xAPP] Registered node 0 ran func id = 2 
 [xAPP] Registered node 0 ran func id = 3 
 [xAPP] Registered node 0 ran func id = 142 
 [xAPP] Registered node 0 ran func id = 143 
 [xAPP] Registered node 0 ran func id = 144 
 [xAPP] Registered node 0 ran func id = 145 
 [xAPP] Registered node 0 ran func id = 146 
 [xAPP] Registered node 0 ran func id = 148 
 [xApp]: E42 RIC SUBSCRIPTION REQUEST tx RAN_FUNC_ID 144 RIC_REQ_ID 1 
[xApp]: SUBSCRIPTION RESPONSE rx
[xApp]: Successfully subscribed to RAN_FUNC_ID 144 
[xAPP] Registered node 1 ran func id = 2 
 [xAPP] Registered node 1 ran func id = 3 
 [xAPP] Registered node 1 ran func id = 142 
 [xAPP] Registered node 1 ran func id = 143 
 [xAPP] Registered node 1 ran func id = 144 
 [xAPP] Registered node 1 ran func id = 145 
 [xAPP] Registered node 1 ran func id = 146 
 [xAPP] Registered node 1 ran func id = 148 
 [xApp]: E42 RIC SUBSCRIPTION REQUEST tx RAN_FUNC_ID 144 RIC_REQ_ID 2 
[xApp]: SUBSCRIPTION RESPONSE rx
[xApp]: Successfully subscribed to RAN_FUNC_ID 144 
[xAPP] Registered node 2 ran func id = 2 
 [xAPP] Registered node 2 ran func id = 3 
 [xAPP] Registered node 2 ran func id = 142 
 [xAPP] Registered node 2 ran func id = 143 
 [xAPP] Registered node 2 ran func id = 144 
 [xAPP] Registered node 2 ran func id = 145 
 [xAPP] Registered node 2 ran func id = 146 
 [xAPP] Registered node 2 ran func id = 148 
 [xApp]: E42 RIC SUBSCRIPTION REQUEST tx RAN_FUNC_ID 144 RIC_REQ_ID 3 
[xApp]: SUBSCRIPTION RESPONSE rx
[xApp]: Successfully subscribed to RAN_FUNC_ID 144 
[xAPP] Registered node 3 ran func id = 2 
 [xAPP] Registered node 3 ran func id = 3 
 [xAPP] Registered node 3 ran func id = 142 
 [xAPP] Registered node 3 ran func id = 143 
 [xAPP] Registered node 3 ran func id = 144 
 [xAPP] Registered node 3 ran func id = 145 
 [xAPP] Registered node 3 ran func id = 146 
 [xAPP] Registered node 3 ran func id = 148 
 [xApp]: E42 RIC SUBSCRIPTION REQUEST tx RAN_FUNC_ID 144 RIC_REQ_ID 4 
[xApp]: SUBSCRIPTION RESPONSE rx
[xApp]: Successfully subscribed to RAN_FUNC_ID 144 
113[UE 2 | RB 1] Throughput = 1.07379 Mbps
223[UE 2 | RB 1] Throughput = 1.08662 Mbps
333[UE 2 | RB 1] Throughput = 0.98446 Mbps
433[UE 2 | RB 1] Throughput = 1.07713 Mbps
533[UE 2 | RB 1] Throughput = 1.07775 Mbps
643[UE 2 | RB 1] Throughput = 1.09108 Mbps
753[UE 2 | RB 1] Throughput = 1.08850 Mbps
853[UE 2 | RB 1] Throughput = 1.07571 Mbps
963[UE 2 | RB 1] Throughput = 1.08959 Mbps
1073[UE 2 | RB 1] Throughput = 0.98099 Mbps
1173[UE 2 | RB 1] Throughput = 1.07770 Mbps
1283[UE 2 | RB 1] Throughput = 1.09159 Mbps
1393[UE 2 | RB 1] Throughput = 1.09202 Mbps
1493[UE 2 | RB 1] Throughput = 1.07692 Mbps
1593[UE 2 | RB 1] Throughput = 1.07624 Mbps
1693[UE 2 | RB 1] Throughput = 1.07778 Mbps
1793[UE 2 | RB 1] Throughput = 1.07797 Mbps
1903[UE 2 | RB 1] Throughput = 0.98270 Mbps
2003[UE 2 | RB 1] Throughput = 1.07595 Mbps
2113[UE 2 | RB 1] Throughput = 1.09095 Mbps
2223[UE 2 | RB 1] Throughput = 1.08948 Mbps
2333[UE 2 | RB 1] Throughput = 1.09033 Mbps
2433[UE 2 | RB 1] Throughput = 1.07685 Mbps
2543[UE 2 | RB 1] Throughput = 0.98097 Mbps
2653[UE 2 | RB 1] Throughput = 1.08986 Mbps
2763[UE 2 | RB 1] Throughput = 1.09168 Mbps
2863[UE 2 | RB 1] Throughput = 1.07700 Mbps
2973[UE 2 | RB 1] Throughput = 1.08930 Mbps
3073[UE 2 | RB 1] Throughput = 1.07689 Mbps
3173[UE 2 | RB 1] Throughput = 1.07762 Mbps
3282[UE 2 | RB 1] Throughput = 0.98608 Mbps
3382[UE 2 | RB 1] Throughput = 1.07771 Mbps
3483[UE 2 | RB 1] Throughput = 1.07588 Mbps
3583[UE 2 | RB 1] Throughput = 1.07810 Mbps
3683[UE 2 | RB 1] Throughput = 1.07654 Mbps
3783[UE 2 | RB 1] Throughput = 1.07841 Mbps
3883[UE 2 | RB 1] Throughput = 1.07774 Mbps
3983[UE 2 | RB 1] Throughput = 1.07712 Mbps
4093[UE 2 | RB 1] Throughput = 1.09236 Mbps
4203[UE 2 | RB 1] Throughput = 0.98174 Mbps
4303[UE 2 | RB 1] Throughput = 1.07714 Mbps
4403[UE 2 | RB 1] Throughput = 1.07687 Mbps
4513[UE 2 | RB 1] Throughput = 1.09211 Mbps
4613[UE 2 | RB 1] Throughput = 1.07708 Mbps
4723[UE 2 | RB 1] Throughput = 1.08921 Mbps
4832[UE 2 | RB 1] Throughput = 1.09429 Mbps
4933[UE 2 | RB 1] Throughput = 1.07178 Mbps
5043[UE 2 | RB 1] Throughput = 0.97978 Mbps
5153[UE 2 | RB 1] Throughput = 1.09385 Mbps
5253[UE 2 | RB 1] Throughput = 1.07471 Mbps
5363[UE 2 | RB 1] Throughput = 1.08931 Mbps
5463[UE 2 | RB 1] Throughput = 1.07807 Mbps
5573[UE 2 | RB 1] Throughput = 1.09133 Mbps
5683[UE 2 | RB 1] Throughput = 0.97689 Mbps
5794[UE 2 | RB 1] Throughput = 1.08748 Mbps
5903[UE 2 | RB 1] Throughput = 1.09417 Mbps
6013[UE 2 | RB 1] Throughput = 1.09386 Mbps
6113[UE 2 | RB 1] Throughput = 1.07606 Mbps
6223[UE 2 | RB 1] Throughput = 1.08962 Mbps
6323[UE 2 | RB 1] Throughput = 1.07830 Mbps
6433[UE 2 | RB 1] Throughput = 0.98263 Mbps
6533[UE 2 | RB 1] Throughput = 1.07547 Mbps
6633[UE 2 | RB 1] Throughput = 1.07827 Mbps
6743[UE 2 | RB 1] Throughput = 1.08814 Mbps
6853[UE 2 | RB 1] Throughput = 1.08786 Mbps
6953[UE 2 | RB 1] Throughput = 1.07753 Mbps
7063[UE 2 | RB 1] Throughput = 0.98310 Mbps
7173[UE 2 | RB 1] Throughput = 1.09241 Mbps
7273[UE 2 | RB 1] Throughput = 1.07786 Mbps
7373[UE 2 | RB 1] Throughput = 1.07791 Mbps
7483[UE 2 | RB 1] Throughput = 1.08715 Mbps
7593[UE 2 | RB 1] Throughput = 1.09047 Mbps
7693[UE 2 | RB 1] Throughput = 1.07667 Mbps
7793[UE 2 | RB 1] Throughput = 1.07592 Mbps
7903[UE 2 | RB 1] Throughput = 0.98210 Mbps
8013[UE 2 | RB 1] Throughput = 1.08793 Mbps
8123[UE 2 | RB 1] Throughput = 1.09415 Mbps
8223[UE 2 | RB 1] Throughput = 1.07775 Mbps
8323[UE 2 | RB 1] Throughput = 1.07815 Mbps
8433[UE 2 | RB 1] Throughput = 1.09008 Mbps
8543[UE 2 | RB 1] Throughput = 0.98161 Mbps
8644[UE 2 | RB 1] Throughput = 1.07122 Mbps
8753[UE 2 | RB 1] Throughput = 1.09100 Mbps
8863[UE 2 | RB 1] Throughput = 1.09346 Mbps
8963[UE 2 | RB 1] Throughput = 1.07546 Mbps
9073[UE 2 | RB 1] Throughput = 1.09003 Mbps
9183[UE 2 | RB 1] Throughput = 1.08769 Mbps
9293[UE 2 | RB 1] Throughput = 0.98262 Mbps
9403[UE 2 | RB 1] Throughput = 1.08678 Mbps
9513[UE 2 | RB 1] Throughput = 1.09194 Mbps
9623[UE 2 | RB 1] Throughput = 1.08955 Mbps
9733[UE 2 | RB 1] Throughput = 1.09010 Mbps
9833[UE 2 | RB 1] Throughput = 1.07513 Mbps
9934[UE 2 | RB 1] Throughput = 0.95628 Mbps
10043[UE 2 | RB 1] Throughput = 1.09731 Mbps
10143[UE 2 | RB 1] Throughput = 1.07609 Mbps
10253[UE 2 | RB 1] Throughput = 1.08737 Mbps
10363[UE 2 | RB 1] Throughput = 1.09260 Mbps
10463[UE 2 | RB 1] Throughput = 1.07725 Mbps
10573[UE 2 | RB 1] Throughput = 0.98162 Mbps
10673[UE 2 | RB 1] Throughput = 1.07354 Mbps
10783[UE 2 | RB 1] Throughput = 1.09420 Mbps
10883[UE 2 | RB 1] Throughput = 1.07770 Mbps
10983[UE 2 | RB 1] Throughput = 1.07494 Mbps
11093[UE 2 | RB 1] Throughput = 1.09362 Mbps
11193[UE 2 | RB 1] Throughput = 1.07710 Mbps
11294[UE 2 | RB 1] Throughput = 1.07464 Mbps
11403[UE 2 | RB 1] Throughput = 0.98301 Mbps
11503[UE 2 | RB 1] Throughput = 1.07712 Mbps
11604[UE 2 | RB 1] Throughput = 1.07632 Mbps
11713[UE 2 | RB 1] Throughput = 1.09524 Mbps
11813[UE 2 | RB 1] Throughput = 1.07528 Mbps
11913[UE 2 | RB 1] Throughput = 1.07841 Mbps
12023[UE 2 | RB 1] Throughput = 1.09439 Mbps
12123[UE 2 | RB 1] Throughput = 1.07553 Mbps
12223[UE 2 | RB 1] Throughput = 1.07771 Mbps
12324[UE 2 | RB 1] Throughput = 1.07453 Mbps
12434[UE 2 | RB 1] Throughput = 0.98077 Mbps
12543[UE 2 | RB 1] Throughput = 1.09071 Mbps
12653[UE 2 | RB 1] Throughput = 1.08949 Mbps
12763[UE 2 | RB 1] Throughput = 1.08898 Mbps
12864[UE 2 | RB 1] Throughput = 1.07581 Mbps
12973[UE 2 | RB 1] Throughput = 0.98349 Mbps
13083[UE 2 | RB 1] Throughput = 1.09036 Mbps
13183[UE 2 | RB 1] Throughput = 1.07659 Mbps
13284[UE 2 | RB 1] Throughput = 1.07588 Mbps
13394[UE 2 | RB 1] Throughput = 1.08981 Mbps
13503[UE 2 | RB 1] Throughput = 1.09175 Mbps
13604[UE 2 | RB 1] Throughput = 1.07254 Mbps
13713[UE 2 | RB 1] Throughput = 0.98581 Mbps
13823[UE 2 | RB 1] Throughput = 1.09087 Mbps
13924[UE 2 | RB 1] Throughput = 1.07471 Mbps
14024[UE 2 | RB 1] Throughput = 1.07684 Mbps
14124[UE 2 | RB 1] Throughput = 1.07710 Mbps
14233[UE 2 | RB 1] Throughput = 1.09450 Mbps
14333[UE 2 | RB 1] Throughput = 1.07813 Mbps
14444[UE 2 | RB 1] Throughput = 1.08662 Mbps
14553[UE 2 | RB 1] Throughput = 0.98311 Mbps
14663[UE 2 | RB 1] Throughput = 1.08987 Mbps
14763[UE 2 | RB 1] Throughput = 1.07834 Mbps
14863[UE 2 | RB 1] Throughput = 1.07814 Mbps
14964[UE 2 | RB 1] Throughput = 1.07629 Mbps
15064[UE 2 | RB 1] Throughput = 1.07829 Mbps
15174[UE 2 | RB 1] Throughput = 1.08952 Mbps
15284[UE 2 | RB 1] Throughput = 0.98124 Mbps
15393[UE 2 | RB 1] Throughput = 1.09204 Mbps
15494[UE 2 | RB 1] Throughput = 1.07573 Mbps
15594[UE 2 | RB 1] Throughput = 1.07772 Mbps
15694[UE 2 | RB 1] Throughput = 1.07731 Mbps
15803[UE 2 | RB 1] Throughput = 1.09281 Mbps
15904[UE 2 | RB 1] Throughput = 1.07407 Mbps
16014[UE 2 | RB 1] Throughput = 1.09120 Mbps
16123[UE 2 | RB 1] Throughput = 0.98433 Mbps
16224[UE 2 | RB 1] Throughput = 1.07120 Mbps
16333[UE 2 | RB 1] Throughput = 1.09488 Mbps
16443[UE 2 | RB 1] Throughput = 1.08967 Mbps
16544[UE 2 | RB 1] Throughput = 1.07687 Mbps
16644[UE 2 | RB 1] Throughput = 1.07700 Mbps
16744[UE 2 | RB 1] Throughput = 1.07786 Mbps
16854[UE 2 | RB 1] Throughput = 0.98153 Mbps
16963[UE 2 | RB 1] Throughput = 1.09114 Mbps
17064[UE 2 | RB 1] Throughput = 1.07686 Mbps
17173[UE 2 | RB 1] Throughput = 1.09260 Mbps
17274[UE 2 | RB 1] Throughput = 1.07410 Mbps
17374[UE 2 | RB 1] Throughput = 1.07803 Mbps
17484[UE 2 | RB 1] Throughput = 1.08959 Mbps
17594[UE 2 | RB 1] Throughput = 0.98187 Mbps
17694[UE 2 | RB 1] Throughput = 1.07851 Mbps
17803[UE 2 | RB 1] Throughput = 1.09191 Mbps
17904[UE 2 | RB 1] Throughput = 1.07611 Mbps
18013[UE 2 | RB 1] Throughput = 1.09102 Mbps
18114[UE 2 | RB 1] Throughput = 1.07417 Mbps
18224[UE 2 | RB 1] Throughput = 1.09146 Mbps
18324[UE 2 | RB 1] Throughput = 1.07844 Mbps
18424[UE 2 | RB 1] Throughput = 0.95864 Mbps
18524[UE 2 | RB 1] Throughput = 1.07157 Mbps
18633[UE 2 | RB 1] Throughput = 1.09858 Mbps
18734[UE 2 | RB 1] Throughput = 1.07357 Mbps
18844[UE 2 | RB 1] Throughput = 1.08830 Mbps
18954[UE 2 | RB 1] Throughput = 1.09146 Mbps
19064[UE 2 | RB 1] Throughput = 1.08860 Mbps
19174[UE 2 | RB 1] Throughput = 0.98279 Mbps
19274[UE 2 | RB 1] Throughput = 1.07747 Mbps
19384[UE 2 | RB 1] Throughput = 1.08714 Mbps
19494[UE 2 | RB 1] Throughput = 1.09070 Mbps
19604[UE 2 | RB 1] Throughput = 1.08672 Mbps
19714[UE 2 | RB 1] Throughput = 1.09456 Mbps
19814[UE 2 | RB 1] Throughput = 0.95782 Mbps
19924[UE 2 | RB 1] Throughput = 1.08749 Mbps
20034[UE 2 | RB 1] Throughput = 1.09256 Mbps
20134[UE 2 | RB 1] Throughput = 1.07714 Mbps
20244[UE 2 | RB 1] Throughput = 1.08828 Mbps
20344[UE 2 | RB 1] Throughput = 1.07744 Mbps
20454[UE 2 | RB 1] Throughput = 0.98116 Mbps
20564[UE 2 | RB 1] Throughput = 1.09091 Mbps
20664[UE 2 | RB 1] Throughput = 1.07735 Mbps
20764[UE 2 | RB 1] Throughput = 1.07704 Mbps
20874[UE 2 | RB 1] Throughput = 1.09065 Mbps
20984[UE 2 | RB 1] Throughput = 1.08388 Mbps
21094[UE 2 | RB 1] Throughput = 1.09743 Mbps
21194[UE 2 | RB 1] Throughput = 0.95518 Mbps
21304[UE 2 | RB 1] Throughput = 1.09068 Mbps
21414[UE 2 | RB 1] Throughput = 1.09121 Mbps
21524[UE 2 | RB 1] Throughput = 1.08852 Mbps
21624[UE 2 | RB 1] Throughput = 1.07130 Mbps
21734[UE 2 | RB 1] Throughput = 1.09490 Mbps
21844[UE 2 | RB 1] Throughput = 0.98165 Mbps
21954[UE 2 | RB 1] Throughput = 1.09033 Mbps
22064[UE 2 | RB 1] Throughput = 1.09009 Mbps
22164[UE 2 | RB 1] Throughput = 1.07787 Mbps
22264[UE 2 | RB 1] Throughput = 1.07719 Mbps
22374[UE 2 | RB 1] Throughput = 1.09094 Mbps
22484[UE 2 | RB 1] Throughput = 0.97995 Mbps
22594[UE 2 | RB 1] Throughput = 1.08876 Mbps
22694[UE 2 | RB 1] Throughput = 1.07757 Mbps
22794[UE 2 | RB 1] Throughput = 1.07826 Mbps
22904[UE 2 | RB 1] Throughput = 1.08936 Mbps
23014[UE 2 | RB 1] Throughput = 1.08996 Mbps
23114[UE 2 | RB 1] Throughput = 1.07826 Mbps
23224[UE 2 | RB 1] Throughput = 0.98039 Mbps
23324[UE 2 | RB 1] Throughput = 1.07584 Mbps
23424[UE 2 | RB 1] Throughput = 1.07777 Mbps
23534[UE 2 | RB 1] Throughput = 1.09317 Mbps
23634[UE 2 | RB 1] Throughput = 1.07778 Mbps
23734[UE 2 | RB 1] Throughput = 1.07791 Mbps
23834[UE 2 | RB 1] Throughput = 1.07673 Mbps
23944[UE 2 | RB 1] Throughput = 1.08918 Mbps
24054[UE 2 | RB 1] Throughput = 0.98483 Mbps
24154[UE 2 | RB 1] Throughput = 1.07756 Mbps
24254[UE 2 | RB 1] Throughput = 1.07601 Mbps
24364[UE 2 | RB 1] Throughput = 1.09175 Mbps
24464[UE 2 | RB 1] Throughput = 1.07441 Mbps
24574[UE 2 | RB 1] Throughput = 1.09609 Mbps
24674[UE 2 | RB 1] Throughput = 1.07262 Mbps
24784[UE 2 | RB 1] Throughput = 1.09345 Mbps
24884[UE 2 | RB 1] Throughput = 0.95621 Mbps
24984[UE 2 | RB 1] Throughput = 1.07500 Mbps
25093[UE 2 | RB 1] Throughput = 1.09863 Mbps
25194[UE 2 | RB 1] Throughput = 1.07390 Mbps
25294[UE 2 | RB 1] Throughput = 1.07762 Mbps
25394[UE 2 | RB 1] Throughput = 1.07650 Mbps
25494[UE 2 | RB 1] Throughput = 1.07807 Mbps
25604[UE 2 | RB 1] Throughput = 1.09086 Mbps
25714[UE 2 | RB 1] Throughput = 0.98010 Mbps
25814[UE 2 | RB 1] Throughput = 1.07745 Mbps
25924[UE 2 | RB 1] Throughput = 1.09323 Mbps
26024[UE 2 | RB 1] Throughput = 1.07544 Mbps
26134[UE 2 | RB 1] Throughput = 1.08938 Mbps
26234[UE 2 | RB 1] Throughput = 1.07454 Mbps
26344[UE 2 | RB 1] Throughput = 1.09586 Mbps
26444[UE 2 | RB 1] Throughput = 1.07799 Mbps
26544[UE 2 | RB 1] Throughput = 1.07683 Mbps
26654[UE 2 | RB 1] Throughput = 0.97973 Mbps
26764[UE 2 | RB 1] Throughput = 1.09316 Mbps
26874[UE 2 | RB 1] Throughput = 1.08545 Mbps
26974[UE 2 | RB 1] Throughput = 1.07525 Mbps
27084[UE 2 | RB 1] Throughput = 1.09088 Mbps
27194[UE 2 | RB 1] Throughput = 0.98449 Mbps
27304[UE 2 | RB 1] Throughput = 1.09136 Mbps
27404[UE 2 | RB 1] Throughput = 1.07395 Mbps
27504[UE 2 | RB 1] Throughput = 1.07596 Mbps
27614[UE 2 | RB 1] Throughput = 1.08841 Mbps
27724[UE 2 | RB 1] Throughput = 1.09504 Mbps
27824[UE 2 | RB 1] Throughput = 1.07664 Mbps
27924[UE 2 | RB 1] Throughput = 1.07398 Mbps
28034[UE 2 | RB 1] Throughput = 0.98413 Mbps
28144[UE 2 | RB 1] Throughput = 1.09228 Mbps
28244[UE 2 | RB 1] Throughput = 1.07430 Mbps
28354[UE 2 | RB 1] Throughput = 1.09312 Mbps
28454[UE 2 | RB 1] Throughput = 1.07108 Mbps
28564[UE 2 | RB 1] Throughput = 1.09441 Mbps
28664[UE 2 | RB 1] Throughput = 1.07418 Mbps
28774[UE 2 | RB 1] Throughput = 0.97996 Mbps
28884[UE 2 | RB 1] Throughput = 1.09350 Mbps
28984[UE 2 | RB 1] Throughput = 1.07537 Mbps
29094[UE 2 | RB 1] Throughput = 1.08833 Mbps
29204[UE 2 | RB 1] Throughput = 1.09274 Mbps
29314[UE 2 | RB 1] Throughput = 1.08640 Mbps
29424[UE 2 | RB 1] Throughput = 0.98382 Mbps
29524[UE 2 | RB 1] Throughput = 1.07575 Mbps
29634[UE 2 | RB 1] Throughput = 1.09473 Mbps
29734[UE 2 | RB 1] Throughput = 1.07502 Mbps
29845[UE 2 | RB 1] Throughput = 1.08535 Mbps
29954[UE 2 | RB 1] Throughput = 1.09542 Mbps
30064[UE 2 | RB 1] Throughput = 0.97877 Mbps
30174[UE 2 | RB 1] Throughput = 1.08882 Mbps
30284[UE 2 | RB 1] Throughput = 1.09226 Mbps
30384[UE 2 | RB 1] Throughput = 1.07511 Mbps
30484[UE 2 | RB 1] Throughput = 1.07720 Mbps
30585[UE 2 | RB 1] Throughput = 1.07162 Mbps
30694[UE 2 | RB 1] Throughput = 1.09704 Mbps
30805[UE 2 | RB 1] Throughput = 0.97824 Mbps
30905[UE 2 | RB 1] Throughput = 1.07828 Mbps
31014[UE 2 | RB 1] Throughput = 1.09178 Mbps
31124[UE 2 | RB 1] Throughput = 1.09023 Mbps
31224[UE 2 | RB 1] Throughput = 1.07698 Mbps
31334[UE 2 | RB 1] Throughput = 1.09358 Mbps
31434[UE 2 | RB 1] Throughput = 1.07288 Mbps
31544[UE 2 | RB 1] Throughput = 0.98515 Mbps
31654[UE 2 | RB 1] Throughput = 1.08562 Mbps
31754[UE 2 | RB 1] Throughput = 1.07774 Mbps
31855[UE 2 | RB 1] Throughput = 1.07788 Mbps
31964[UE 2 | RB 1] Throughput = 1.09191 Mbps
32064[UE 2 | RB 1] Throughput = 1.07751 Mbps
32174[UE 2 | RB 1] Throughput = 1.09041 Mbps
32274[UE 2 | RB 1] Throughput = 0.95753 Mbps
32384[UE 2 | RB 1] Throughput = 1.08964 Mbps
32494[UE 2 | RB 1] Throughput = 1.08930 Mbps
32604[UE 2 | RB 1] Throughput = 1.08999 Mbps
32705[UE 2 | RB 1] Throughput = 1.07503 Mbps
32814[UE 2 | RB 1] Throughput = 1.09525 Mbps
32914[UE 2 | RB 1] Throughput = 1.07603 Mbps
33014[UE 2 | RB 1] Throughput = 0.95855 Mbps
33115[UE 2 | RB 1] Throughput = 1.07536 Mbps
33224[UE 2 | RB 1] Throughput = 1.09235 Mbps
33324[UE 2 | RB 1] Throughput = 1.07702 Mbps
33435[UE 2 | RB 1] Throughput = 1.08868 Mbps
33535[UE 2 | RB 1] Throughput = 1.07645 Mbps
33644[UE 2 | RB 1] Throughput = 1.09282 Mbps
33754[UE 2 | RB 1] Throughput = 0.98158 Mbps
33854[UE 2 | RB 1] Throughput = 1.07658 Mbps
33964[UE 2 | RB 1] Throughput = 1.09092 Mbps
34074[UE 2 | RB 1] Throughput = 1.09022 Mbps
34174[UE 2 | RB 1] Throughput = 1.07633 Mbps
34285[UE 2 | RB 1] Throughput = 1.08595 Mbps
34394[UE 2 | RB 1] Throughput = 1.09591 Mbps
34494[UE 2 | RB 1] Throughput = 0.95689 Mbps
34595[UE 2 | RB 1] Throughput = 1.07401 Mbps
34704[UE 2 | RB 1] Throughput = 1.09232 Mbps
34815[UE 2 | RB 1] Throughput = 1.08865 Mbps
34915[UE 2 | RB 1] Throughput = 1.07562 Mbps
35024[UE 2 | RB 1] Throughput = 1.09294 Mbps
35125[UE 2 | RB 1] Throughput = 1.07373 Mbps
35235[UE 2 | RB 1] Throughput = 0.98312 Mbps
35344[UE 2 | RB 1] Throughput = 1.09168 Mbps
35445[UE 2 | RB 1] Throughput = 1.07656 Mbps
35545[UE 2 | RB 1] Throughput = 1.07700 Mbps
35654[UE 2 | RB 1] Throughput = 1.09215 Mbps
35755[UE 2 | RB 1] Throughput = 1.07591 Mbps
35864[UE 2 | RB 1] Throughput = 1.09269 Mbps
35974[UE 2 | RB 1] Throughput = 0.98173 Mbps
36074[UE 2 | RB 1] Throughput = 1.07776 Mbps
36184[UE 2 | RB 1] Throughput = 1.09303 Mbps
36284[UE 2 | RB 1] Throughput = 1.07416 Mbps
36384[UE 2 | RB 1] Throughput = 1.07779 Mbps
36494[UE 2 | RB 1] Throughput = 1.08974 Mbps
36595[UE 2 | RB 1] Throughput = 1.07736 Mbps
36705[UE 2 | RB 1] Throughput = 0.97870 Mbps
36815[UE 2 | RB 1] Throughput = 1.09014 Mbps
36915[UE 2 | RB 1] Throughput = 1.07606 Mbps
37025[UE 2 | RB 1] Throughput = 1.08964 Mbps
37135[UE 2 | RB 1] Throughput = 1.09242 Mbps
37235[UE 2 | RB 1] Throughput = 1.07797 Mbps
37335[UE 2 | RB 1] Throughput = 1.07696 Mbps
37435[UE 2 | RB 1] Throughput = 1.07846 Mbps
37545[UE 2 | RB 1] Throughput = 0.98216 Mbps
37645[UE 2 | RB 1] Throughput = 1.07645 Mbps
37755[UE 2 | RB 1] Throughput = 1.08966 Mbps
37865[UE 2 | RB 1] Throughput = 1.08950 Mbps
37975[UE 2 | RB 1] Throughput = 1.08878 Mbps
38085[UE 2 | RB 1] Throughput = 1.09078 Mbps
38194[UE 2 | RB 1] Throughput = 0.98270 Mbps
38295[UE 2 | RB 1] Throughput = 1.07706 Mbps
38395[UE 2 | RB 1] Throughput = 1.07660 Mbps
38495[UE 2 | RB 1] Throughput = 1.07756 Mbps
38605[UE 2 | RB 1] Throughput = 1.08816 Mbps
38705[UE 2 | RB 1] Throughput = 1.07809 Mbps
38815[UE 2 | RB 1] Throughput = 1.08852 Mbps
38925[UE 2 | RB 1] Throughput = 0.98326 Mbps
39025[UE 2 | RB 1] Throughput = 1.07823 Mbps
39135[UE 2 | RB 1] Throughput = 1.09294 Mbps
39235[UE 2 | RB 1] Throughput = 1.07404 Mbps
39345[UE 2 | RB 1] Throughput = 1.08498 Mbps
39455[UE 2 | RB 1] Throughput = 1.09542 Mbps
39555[UE 2 | RB 1] Throughput = 1.07686 Mbps
39665[UE 2 | RB 1] Throughput = 0.98096 Mbps
39765[UE 2 | RB 1] Throughput = 1.07764 Mbps
39875[UE 2 | RB 1] Throughput = 1.09085 Mbps
39975[UE 2 | RB 1] Throughput = 1.07661 Mbps
40085[UE 2 | RB 1] Throughput = 1.08775 Mbps
40195[UE 2 | RB 1] Throughput = 1.09003 Mbps
40305[UE 2 | RB 1] Throughput = 0.98106 Mbps
40405[UE 2 | RB 1] Throughput = 1.07598 Mbps
40515[UE 2 | RB 1] Throughput = 1.09284 Mbps
40625[UE 2 | RB 1] Throughput = 1.08821 Mbps
40726[UE 2 | RB 1] Throughput = 1.07299 Mbps
40835[UE 2 | RB 1] Throughput = 1.09412 Mbps
40935[UE 2 | RB 1] Throughput = 1.07536 Mbps
41045[UE 2 | RB 1] Throughput = 0.98642 Mbps
41145[UE 2 | RB 1] Throughput = 1.07731 Mbps
41245[UE 2 | RB 1] Throughput = 1.07662 Mbps
41355[UE 2 | RB 1] Throughput = 1.08913 Mbps
41465[UE 2 | RB 1] Throughput = 1.08985 Mbps
41565[UE 2 | RB 1] Throughput = 1.07791 Mbps
41675[UE 2 | RB 1] Throughput = 1.09249 Mbps
41775[UE 2 | RB 1] Throughput = 1.07841 Mbps
41875[UE 2 | RB 1] Throughput = 0.95837 Mbps
41975[UE 2 | RB 1] Throughput = 1.07832 Mbps
42085[UE 2 | RB 1] Throughput = 1.09170 Mbps
42185[UE 2 | RB 1] Throughput = 1.07784 Mbps
42285[UE 2 | RB 1] Throughput = 1.07761 Mbps
42395[UE 2 | RB 1] Throughput = 1.08955 Mbps
42495[UE 2 | RB 1] Throughput = 1.07404 Mbps
42605[UE 2 | RB 1] Throughput = 1.09503 Mbps
42705[UE 2 | RB 1] Throughput = 0.95560 Mbps
42805[UE 2 | RB 1] Throughput = 1.07566 Mbps
42915[UE 2 | RB 1] Throughput = 1.09257 Mbps
43025[UE 2 | RB 1] Throughput = 1.09161 Mbps
43125[UE 2 | RB 1] Throughput = 1.07259 Mbps
43235[UE 2 | RB 1] Throughput = 1.09162 Mbps
43345[UE 2 | RB 1] Throughput = 1.08756 Mbps
43455[UE 2 | RB 1] Throughput = 0.98288 Mbps
43555[UE 2 | RB 1] Throughput = 1.07747 Mbps
43655[UE 2 | RB 1] Throughput = 1.07528 Mbps
43765[UE 2 | RB 1] Throughput = 1.09249 Mbps
43865[UE 2 | RB 1] Throughput = 1.07650 Mbps
43965[UE 2 | RB 1] Throughput = 1.07759 Mbps
44075[UE 2 | RB 1] Throughput = 1.09287 Mbps
44185[UE 2 | RB 1] Throughput = 0.97751 Mbps
44285[UE 2 | RB 1] Throughput = 1.07836 Mbps
44395[UE 2 | RB 1] Throughput = 1.09430 Mbps
44505[UE 2 | RB 1] Throughput = 1.09198 Mbps
44605[UE 2 | RB 1] Throughput = 1.07433 Mbps
44715[UE 2 | RB 1] Throughput = 1.09116 Mbps
44815[UE 2 | RB 1] Throughput = 1.07545 Mbps
44926[UE 2 | RB 1] Throughput = 0.97514 Mbps
45035[UE 2 | RB 1] Throughput = 1.09717 Mbps
45135[UE 2 | RB 1] Throughput = 1.07773 Mbps
45235[UE 2 | RB 1] Throughput = 1.07791 Mbps
45345[UE 2 | RB 1] Throughput = 1.08960 Mbps
45445[UE 2 | RB 1] Throughput = 1.07541 Mbps
45555[UE 2 | RB 1] Throughput = 1.09075 Mbps
45665[UE 2 | RB 1] Throughput = 0.98221 Mbps
45766[UE 2 | RB 1] Throughput = 1.07387 Mbps
45875[UE 2 | RB 1] Throughput = 1.09805 Mbps
45975[UE 2 | RB 1] Throughput = 1.07671 Mbps
46085[UE 2 | RB 1] Throughput = 1.08856 Mbps
46185[UE 2 | RB 1] Throughput = 1.07763 Mbps
46285[UE 2 | RB 1] Throughput = 1.07466 Mbps
46395[UE 2 | RB 1] Throughput = 1.09349 Mbps
46495[UE 2 | RB 1] Throughput = 0.95775 Mbps
46595[UE 2 | RB 1] Throughput = 1.07854 Mbps
46705[UE 2 | RB 1] Throughput = 1.08758 Mbps
46815[UE 2 | RB 1] Throughput = 1.09486 Mbps
46915[UE 2 | RB 1] Throughput = 1.07800 Mbps
47015[UE 2 | RB 1] Throughput = 1.07309 Mbps
47125[UE 2 | RB 1] Throughput = 1.08965 Mbps
47225[UE 2 | RB 1] Throughput = 1.07759 Mbps
47325[UE 2 | RB 1] Throughput = 0.95855 Mbps
47435[UE 2 | RB 1] Throughput = 1.09039 Mbps
47535[UE 2 | RB 1] Throughput = 1.07811 Mbps
47645[UE 2 | RB 1] Throughput = 1.09367 Mbps
47746[UE 2 | RB 1] Throughput = 1.07239 Mbps
47846[UE 2 | RB 1] Throughput = 1.07844 Mbps
47946[UE 2 | RB 1] Throughput = 1.07728 Mbps
48055[UE 2 | RB 1] Throughput = 1.09460 Mbps
48155[UE 2 | RB 1] Throughput = 0.95719 Mbps
48256[UE 2 | RB 1] Throughput = 1.07570 Mbps
48365[UE 2 | RB 1] Throughput = 1.09344 Mbps
48466[UE 2 | RB 1] Throughput = 1.07459 Mbps
48566[UE 2 | RB 1] Throughput = 1.07842 Mbps
48675[UE 2 | RB 1] Throughput = 1.09432 Mbps
48775[UE 2 | RB 1] Throughput = 1.07772 Mbps
48875[UE 2 | RB 1] Throughput = 1.07700 Mbps
48985[UE 2 | RB 1] Throughput = 0.98006 Mbps
49095[UE 2 | RB 1] Throughput = 1.08815 Mbps
49205[UE 2 | RB 1] Throughput = 1.08943 Mbps
49306[UE 2 | RB 1] Throughput = 1.07715 Mbps
49416[UE 2 | RB 1] Throughput = 1.08925 Mbps
49526[UE 2 | RB 1] Throughput = 1.08854 Mbps
49635[UE 2 | RB 1] Throughput = 0.98332 Mbps
49735[UE 2 | RB 1] Throughput = 1.07844 Mbps
49835[UE 2 | RB 1] Throughput = 1.07820 Mbps
49946[UE 2 | RB 1] Throughput = 1.08858 Mbps
50046[UE 2 | RB 1] Throughput = 1.07582 Mbps
50155[UE 2 | RB 1] Throughput = 1.09227 Mbps
50265[UE 2 | RB 1] Throughput = 1.09060 Mbps
50366[UE 2 | RB 1] Throughput = 1.07424 Mbps
50475[UE 2 | RB 1] Throughput = 0.98393 Mbps
50586[UE 2 | RB 1] Throughput = 1.08713 Mbps
50695[UE 2 | RB 1] Throughput = 1.09180 Mbps
50805[UE 2 | RB 1] Throughput = 1.08980 Mbps
50915[UE 2 | RB 1] Throughput = 1.09214 Mbps
51015[UE 2 | RB 1] Throughput = 0.95791 Mbps
51115[UE 2 | RB 1] Throughput = 1.07704 Mbps
51215[UE 2 | RB 1] Throughput = 1.07774 Mbps
51325[UE 2 | RB 1] Throughput = 1.08965 Mbps
51425[UE 2 | RB 1] Throughput = 1.07797 Mbps
51535[UE 2 | RB 1] Throughput = 1.09035 Mbps
51636[UE 2 | RB 1] Throughput = 1.07591 Mbps
51745[UE 2 | RB 1] Throughput = 1.09342 Mbps
51846[UE 2 | RB 1] Throughput = 1.07132 Mbps
51955[UE 2 | RB 1] Throughput = 0.98443 Mbps
52065[UE 2 | RB 1] Throughput = 1.08934 Mbps
52166[UE 2 | RB 1] Throughput = 1.07420 Mbps
52275[UE 2 | RB 1] Throughput = 1.09436 Mbps
52376[UE 2 | RB 1] Throughput = 1.07465 Mbps
52486[UE 2 | RB 1] Throughput = 1.08805 Mbps
52595[UE 2 | RB 1] Throughput = 0.98443 Mbps
52696[UE 2 | RB 1] Throughput = 1.07511 Mbps
52796[UE 2 | RB 1] Throughput = 1.07691 Mbps
52906[UE 2 | RB 1] Throughput = 1.09099 Mbps
53006[UE 2 | RB 1] Throughput = 1.07621 Mbps
53116[UE 2 | RB 1] Throughput = 1.09189 Mbps
53216[UE 2 | RB 1] Throughput = 1.07802 Mbps
53326[UE 2 | RB 1] Throughput = 0.97774 Mbps
53436[UE 2 | RB 1] Throughput = 1.09370 Mbps
53545[UE 2 | RB 1] Throughput = 1.09221 Mbps
53646[UE 2 | RB 1] Throughput = 1.07627 Mbps
53755[UE 2 | RB 1] Throughput = 1.09043 Mbps
53856[UE 2 | RB 1] Throughput = 1.07667 Mbps
53966[UE 2 | RB 1] Throughput = 1.08748 Mbps
54075[UE 2 | RB 1] Throughput = 0.98556 Mbps
54176[UE 2 | RB 1] Throughput = 1.07229 Mbps
54276[UE 2 | RB 1] Throughput = 1.07583 Mbps
54386[UE 2 | RB 1] Throughput = 1.09210 Mbps
54486[UE 2 | RB 1] Throughput = 1.07702 Mbps
54596[UE 2 | RB 1] Throughput = 1.09415 Mbps
54696[UE 2 | RB 1] Throughput = 1.07621 Mbps
54806[UE 2 | RB 1] Throughput = 0.97880 Mbps
54906[UE 2 | RB 1] Throughput = 1.07799 Mbps
55016[UE 2 | RB 1] Throughput = 1.08977 Mbps
55126[UE 2 | RB 1] Throughput = 1.08979 Mbps
55236[UE 2 | RB 1] Throughput = 1.09347 Mbps
55346[UE 2 | RB 1] Throughput = 1.08480 Mbps
55446[UE 2 | RB 1] Throughput = 1.07702 Mbps
55556[UE 2 | RB 1] Throughput = 0.98566 Mbps
55656[UE 2 | RB 1] Throughput = 1.07675 Mbps
55756[UE 2 | RB 1] Throughput = 1.07664 Mbps
55866[UE 2 | RB 1] Throughput = 1.09084 Mbps
55976[UE 2 | RB 1] Throughput = 1.09063 Mbps
56076[UE 2 | RB 1] Throughput = 1.07840 Mbps
56185[UE 2 | RB 1] Throughput = 0.98224 Mbps
56286[UE 2 | RB 1] Throughput = 1.07656 Mbps
56386[UE 2 | RB 1] Throughput = 1.07744 Mbps
56495[UE 2 | RB 1] Throughput = 1.09222 Mbps
56596[UE 2 | RB 1] Throughput = 1.07512 Mbps
56696[UE 2 | RB 1] Throughput = 1.07821 Mbps
56806[UE 2 | RB 1] Throughput = 1.08874 Mbps
56916[UE 2 | RB 1] Throughput = 1.08983 Mbps
57026[UE 2 | RB 1] Throughput = 0.98198 Mbps
57126[UE 2 | RB 1] Throughput = 1.07704 Mbps
57226[UE 2 | RB 1] Throughput = 1.07841 Mbps
57336[UE 2 | RB 1] Throughput = 1.08866 Mbps
57446[UE 2 | RB 1] Throughput = 1.09074 Mbps
57556[UE 2 | RB 1] Throughput = 1.08875 Mbps
57666[UE 2 | RB 1] Throughput = 0.97963 Mbps
57776[UE 2 | RB 1] Throughput = 1.09275 Mbps
57876[UE 2 | RB 1] Throughput = 1.07645 Mbps
57986[UE 2 | RB 1] Throughput = 1.08813 Mbps
58096[UE 2 | RB 1] Throughput = 1.09204 Mbps
58196[UE 2 | RB 1] Throughput = 1.07615 Mbps
58306[UE 2 | RB 1] Throughput = 1.09102 Mbps
58406[UE 2 | RB 1] Throughput = 0.95829 Mbps
58516[UE 2 | RB 1] Throughput = 1.08773 Mbps
58626[UE 2 | RB 1] Throughput = 1.09100 Mbps
58726[UE 2 | RB 1] Throughput = 1.07590 Mbps
58836[UE 2 | RB 1] Throughput = 1.09348 Mbps
58936[UE 2 | RB 1] Throughput = 1.07359 Mbps
59046[UE 2 | RB 1] Throughput = 1.09059 Mbps
59156[UE 2 | RB 1] Throughput = 0.98214 Mbps
59266[UE 2 | RB 1] Throughput = 1.09091 Mbps
59366[UE 2 | RB 1] Throughput = 1.07821 Mbps
59466[UE 2 | RB 1] Throughput = 1.07477 Mbps
59576[UE 2 | RB 1] Throughput = 1.09352 Mbps
59686[UE 2 | RB 1] Throughput = 1.09002 Mbps
59786[UE 2 | RB 1] Throughput = 1.07560 Mbps
59896[UE 2 | RB 1] Throughput = 0.98311 Mbps
59996[UE 2 | RB 1] Throughput = 1.07593 Mbps
60096[UE 2 | RB 1] Throughput = 1.07524 Mbps
60206[UE 2 | RB 1] Throughput = 1.08942 Mbps
60316[UE 2 | RB 1] Throughput = 1.09020 Mbps
60416[UE 2 | RB 1] Throughput = 1.07830 Mbps
60526[UE 2 | RB 1] Throughput = 0.98109 Mbps
60636[UE 2 | RB 1] Throughput = 1.09062 Mbps
60736[UE 2 | RB 1] Throughput = 1.07574 Mbps
60846[UE 2 | RB 1] Throughput = 1.09278 Mbps
60956[UE 2 | RB 1] Throughput = 1.09039 Mbps
61056[UE 2 | RB 1] Throughput = 1.07542 Mbps
61166[UE 2 | RB 1] Throughput = 1.09136 Mbps
61276[UE 2 | RB 1] Throughput = 0.97966 Mbps
61376[UE 2 | RB 1] Throughput = 1.07816 Mbps
61476[UE 2 | RB 1] Throughput = 1.07472 Mbps
61586[UE 2 | RB 1] Throughput = 1.09354 Mbps
61686[UE 2 | RB 1] Throughput = 1.07842 Mbps
61786[UE 2 | RB 1] Throughput = 1.07328 Mbps
61896[UE 2 | RB 1] Throughput = 1.09420 Mbps
61996[UE 2 | RB 1] Throughput = 1.07691 Mbps
62106[UE 2 | RB 1] Throughput = 0.98163 Mbps
62206[UE 2 | RB 1] Throughput = 1.07481 Mbps
62307[UE 2 | RB 1] Throughput = 1.07183 Mbps
62416[UE 2 | RB 1] Throughput = 1.09712 Mbps
62526[UE 2 | RB 1] Throughput = 1.08903 Mbps
62636[UE 2 | RB 1] Throughput = 1.09065 Mbps
62746[UE 2 | RB 1] Throughput = 0.97994 Mbps
62846[UE 2 | RB 1] Throughput = 1.07583 Mbps
62947[UE 2 | RB 1] Throughput = 1.07747 Mbps
63056[UE 2 | RB 1] Throughput = 1.09248 Mbps
63156[UE 2 | RB 1] Throughput = 1.07667 Mbps
63266[UE 2 | RB 1] Throughput = 1.08861 Mbps
63376[UE 2 | RB 1] Throughput = 1.09434 Mbps
63476[UE 2 | RB 1] Throughput = 1.07803 Mbps
63586[UE 2 | RB 1] Throughput = 0.98141 Mbps
63686[UE 2 | RB 1] Throughput = 1.07795 Mbps
63786[UE 2 | RB 1] Throughput = 1.07799 Mbps
63896[UE 2 | RB 1] Throughput = 1.08971 Mbps
63996[UE 2 | RB 1] Throughput = 1.07777 Mbps
64106[UE 2 | RB 1] Throughput = 1.08569 Mbps
64216[UE 2 | RB 1] Throughput = 1.09416 Mbps
64326[UE 2 | RB 1] Throughput = 0.98019 Mbps
64427[UE 2 | RB 1] Throughput = 1.07322 Mbps
64536[UE 2 | RB 1] Throughput = 1.09193 Mbps
64646[UE 2 | RB 1] Throughput = 1.09105 Mbps
64746[UE 2 | RB 1] Throughput = 1.07818 Mbps
64856[UE 2 | RB 1] Throughput = 1.08916 Mbps
64956[UE 2 | RB 1] Throughput = 1.07701 Mbps
65056[UE 2 | RB 1] Throughput = 0.95871 Mbps
65166[UE 2 | RB 1] Throughput = 1.09377 Mbps
65266[UE 2 | RB 1] Throughput = 1.07465 Mbps
65366[UE 2 | RB 1] Throughput = 1.07725 Mbps
65476[UE 2 | RB 1] Throughput = 1.09290 Mbps
65576[UE 2 | RB 1] Throughput = 1.07788 Mbps
65676[UE 2 | RB 1] Throughput = 1.07678 Mbps
65776[UE 2 | RB 1] Throughput = 1.07832 Mbps
65877[UE 2 | RB 1] Throughput = 1.07491 Mbps
65986[UE 2 | RB 1] Throughput = 0.98528 Mbps
66086[UE 2 | RB 1] Throughput = 1.07479 Mbps
66186[UE 2 | RB 1] Throughput = 1.07848 Mbps
66297[UE 2 | RB 1] Throughput = 1.08799 Mbps
66406[UE 2 | RB 1] Throughput = 1.09347 Mbps
66507[UE 2 | RB 1] Throughput = 1.07268 Mbps
66616[UE 2 | RB 1] Throughput = 1.09241 Mbps
66716[UE 2 | RB 1] Throughput = 0.95868 Mbps
66826[UE 2 | RB 1] Throughput = 1.09048 Mbps
66926[UE 2 | RB 1] Throughput = 1.07827 Mbps
67036[UE 2 | RB 1] Throughput = 1.08924 Mbps
67136[UE 2 | RB 1] Throughput = 1.07816 Mbps
67237[UE 2 | RB 1] Throughput = 1.07721 Mbps
67347[UE 2 | RB 1] Throughput = 1.08878 Mbps
67456[UE 2 | RB 1] Throughput = 0.98393 Mbps
67566[UE 2 | RB 1] Throughput = 1.08747 Mbps
67676[UE 2 | RB 1] Throughput = 1.09386 Mbps
67776[UE 2 | RB 1] Throughput = 1.07474 Mbps
67876[UE 2 | RB 1] Throughput = 1.07813 Mbps
67977[UE 2 | RB 1] Throughput = 1.07756 Mbps
68087[UE 2 | RB 1] Throughput = 1.08951 Mbps
68196[UE 2 | RB 1] Throughput = 0.98140 Mbps
68297[UE 2 | RB 1] Throughput = 1.07736 Mbps
68397[UE 2 | RB 1] Throughput = 1.07806 Mbps
68507[UE 2 | RB 1] Throughput = 1.08915 Mbps
68607[UE 2 | RB 1] Throughput = 1.07811 Mbps
68716[UE 2 | RB 1] Throughput = 1.09107 Mbps
68816[UE 2 | RB 1] Throughput = 1.07836 Mbps
68927[UE 2 | RB 1] Throughput = 1.08703 Mbps
69036[UE 2 | RB 1] Throughput = 0.98362 Mbps
69146[UE 2 | RB 1] Throughput = 1.08905 Mbps
69247[UE 2 | RB 1] Throughput = 1.07730 Mbps
69357[UE 2 | RB 1] Throughput = 1.08863 Mbps
69467[UE 2 | RB 1] Throughput = 1.08940 Mbps
69577[UE 2 | RB 1] Throughput = 0.98087 Mbps
69677[UE 2 | RB 1] Throughput = 1.07839 Mbps
69786[UE 2 | RB 1] Throughput = 1.09113 Mbps
69897[UE 2 | RB 1] Throughput = 1.08847 Mbps
69997[UE 2 | RB 1] Throughput = 1.07503 Mbps
70107[UE 2 | RB 1] Throughput = 1.09307 Mbps
70217[UE 2 | RB 1] Throughput = 1.08639 Mbps
70317[UE 2 | RB 1] Throughput = 0.95290 Mbps
70427[UE 2 | RB 1] Throughput = 1.09557 Mbps
70537[UE 2 | RB 1] Throughput = 1.09231 Mbps
70647[UE 2 | RB 1] Throughput = 1.08660 Mbps
70747[UE 2 | RB 1] Throughput = 1.07712 Mbps
70857[UE 2 | RB 1] Throughput = 1.09062 Mbps
70967[UE 2 | RB 1] Throughput = 0.98098 Mbps
71077[UE 2 | RB 1] Throughput = 1.09116 Mbps
71187[UE 2 | RB 1] Throughput = 1.08925 Mbps
71297[UE 2 | RB 1] Throughput = 1.08963 Mbps
71397[UE 2 | RB 1] Throughput = 1.07732 Mbps
71507[UE 2 | RB 1] Throughput = 1.09050 Mbps
71617[UE 2 | RB 1] Throughput = 0.97992 Mbps
71717[UE 2 | RB 1] Throughput = 1.07756 Mbps
71827[UE 2 | RB 1] Throughput = 1.08883 Mbps
71927[UE 2 | RB 1] Throughput = 1.07425 Mbps
72036[UE 2 | RB 1] Throughput = 1.09751 Mbps
72137[UE 2 | RB 1] Throughput = 1.07548 Mbps
72237[UE 2 | RB 1] Throughput = 1.07776 Mbps
72337[UE 2 | RB 1] Throughput = 1.07768 Mbps
72447[UE 2 | RB 1] Throughput = 0.98109 Mbps
72556[UE 2 | RB 1] Throughput = 1.09459 Mbps
72657[UE 2 | RB 1] Throughput = 1.07408 Mbps
72767[UE 2 | RB 1] Throughput = 1.08721 Mbps
72877[UE 2 | RB 1] Throughput = 1.09111 Mbps
72977[UE 2 | RB 1] Throughput = 1.07829 Mbps
73087[UE 2 | RB 1] Throughput = 0.98184 Mbps
73187[UE 2 | RB 1] Throughput = 1.07701 Mbps
73297[UE 2 | RB 1] Throughput = 1.09025 Mbps
73397[UE 2 | RB 1] Throughput = 1.07699 Mbps
73497[UE 2 | RB 1] Throughput = 1.07758 Mbps
73607[UE 2 | RB 1] Throughput = 1.09078 Mbps
73717[UE 2 | RB 1] Throughput = 1.08948 Mbps
73827[UE 2 | RB 1] Throughput = 0.98245 Mbps
73936[UE 2 | RB 1] Throughput = 1.09069 Mbps
74037[UE 2 | RB 1] Throughput = 1.07662 Mbps
74147[UE 2 | RB 1] Throughput = 1.09040 Mbps
74247[UE 2 | RB 1] Throughput = 1.07546 Mbps
74347[UE 2 | RB 1] Throughput = 1.07756 Mbps
74447[UE 2 | RB 1] Throughput = 1.07726 Mbps
74557[UE 2 | RB 1] Throughput = 1.09234 Mbps
74667[UE 2 | RB 1] Throughput = 0.98039 Mbps
74767[UE 2 | RB 1] Throughput = 1.07576 Mbps
74877[UE 2 | RB 1] Throughput = 1.09379 Mbps
74977[UE 2 | RB 1] Throughput = 1.07515 Mbps
75087[UE 2 | RB 1] Throughput = 1.08855 Mbps
75197[UE 2 | RB 1] Throughput = 1.09116 Mbps
75307[UE 2 | RB 1] Throughput = 0.98154 Mbps
75417[UE 2 | RB 1] Throughput = 1.08782 Mbps
75527[UE 2 | RB 1] Throughput = 1.08943 Mbps
75627[UE 2 | RB 1] Throughput = 1.07707 Mbps
75727[UE 2 | RB 1] Throughput = 1.07829 Mbps
75827[UE 2 | RB 1] Throughput = 1.07646 Mbps
75937[UE 2 | RB 1] Throughput = 1.09185 Mbps
76047[UE 2 | RB 1] Throughput = 0.98123 Mbps
76157[UE 2 | RB 1] Throughput = 1.08692 Mbps
76267[UE 2 | RB 1] Throughput = 1.09406 Mbps
76377[UE 2 | RB 1] Throughput = 1.09096 Mbps
76477[UE 2 | RB 1] Throughput = 1.07633 Mbps
76577[UE 2 | RB 1] Throughput = 1.07748 Mbps
76687[UE 2 | RB 1] Throughput = 0.98283 Mbps
76787[UE 2 | RB 1] Throughput = 1.07439 Mbps
76897[UE 2 | RB 1] Throughput = 1.08843 Mbps
77007[UE 2 | RB 1] Throughput = 1.09079 Mbps
77117[UE 2 | RB 1] Throughput = 1.09173 Mbps
77217[UE 2 | RB 1] Throughput = 1.07425 Mbps
77327[UE 2 | RB 1] Throughput = 1.09273 Mbps
77427[UE 2 | RB 1] Throughput = 0.95381 Mbps
77537[UE 2 | RB 1] Throughput = 1.09275 Mbps
77646[UE 2 | RB 1] Throughput = 1.09436 Mbps
77747[UE 2 | RB 1] Throughput = 1.07482 Mbps
77857[UE 2 | RB 1] Throughput = 1.09230 Mbps
77957[UE 2 | RB 1] Throughput = 1.07537 Mbps
78067[UE 2 | RB 1] Throughput = 1.09080 Mbps
78167[UE 2 | RB 1] Throughput = 0.95613 Mbps
78267[UE 2 | RB 1] Throughput = 1.07809 Mbps
78367[UE 2 | RB 1] Throughput = 1.07468 Mbps
78477[UE 2 | RB 1] Throughput = 1.09059 Mbps
78587[UE 2 | RB 1] Throughput = 1.08810 Mbps
78697[UE 2 | RB 1] Throughput = 1.09449 Mbps
78797[UE 2 | RB 1] Throughput = 1.07274 Mbps
78907[UE 2 | RB 1] Throughput = 0.98405 Mbps
79007[UE 2 | RB 1] Throughput = 1.07661 Mbps
79117[UE 2 | RB 1] Throughput = 1.09167 Mbps
79227[UE 2 | RB 1] Throughput = 1.08989 Mbps
79337[UE 2 | RB 1] Throughput = 1.08921 Mbps
79437[UE 2 | RB 1] Throughput = 1.07533 Mbps
79538[UE 2 | RB 1] Throughput = 1.07612 Mbps
79647[UE 2 | RB 1] Throughput = 0.98333 Mbps
79757[UE 2 | RB 1] Throughput = 1.09309 Mbps
79857[UE 2 | RB 1] Throughput = 1.07655 Mbps
79967[UE 2 | RB 1] Throughput = 1.09049 Mbps
80076[UE 2 | RB 1] Throughput = 1.09413 Mbps
80177[UE 2 | RB 1] Throughput = 1.06847 Mbps
80287[UE 2 | RB 1] Throughput = 0.98161 Mbps
80397[UE 2 | RB 1] Throughput = 1.09102 Mbps
80497[UE 2 | RB 1] Throughput = 1.07557 Mbps
80607[UE 2 | RB 1] Throughput = 1.09386 Mbps
80707[UE 2 | RB 1] Throughput = 1.07729 Mbps
80807[UE 2 | RB 1] Throughput = 1.07573 Mbps
80917[UE 2 | RB 1] Throughput = 1.08944 Mbps
81027[UE 2 | RB 1] Throughput = 0.98364 Mbps
81127[UE 2 | RB 1] Throughput = 1.07802 Mbps
81237[UE 2 | RB 1] Throughput = 1.08937 Mbps
81337[UE 2 | RB 1] Throughput = 1.07430 Mbps
81447[UE 2 | RB 1] Throughput = 1.09220 Mbps
81557[UE 2 | RB 1] Throughput = 1.08706 Mbps
81667[UE 2 | RB 1] Throughput = 1.09235 Mbps
81767[UE 2 | RB 1] Throughput = 0.95595 Mbps
81868[UE 2 | RB 1] Throughput = 1.07740 Mbps
81977[UE 2 | RB 1] Throughput = 1.09161 Mbps
82087[UE 2 | RB 1] Throughput = 1.09206 Mbps
82188[UE 2 | RB 1] Throughput = 1.07340 Mbps
82288[UE 2 | RB 1] Throughput = 1.07684 Mbps
82388[UE 2 | RB 1] Throughput = 1.07748 Mbps
82497[UE 2 | RB 1] Throughput = 1.09432 Mbps
82607[UE 2 | RB 1] Throughput = 0.98152 Mbps
82709[UE 2 | RB 1] Throughput = 1.06119 Mbps
82817[UE 2 | RB 1] Throughput = 1.10633 Mbps
82917[UE 2 | RB 1] Throughput = 1.07545 Mbps
83027[UE 2 | RB 1] Throughput = 1.08911 Mbps
83137[UE 2 | RB 1] Throughput = 1.09396 Mbps
83237[UE 2 | RB 1] Throughput = 1.07696 Mbps
83337[UE 2 | RB 1] Throughput = 0.95741 Mbps
83447[UE 2 | RB 1] Throughput = 1.09069 Mbps
83547[UE 2 | RB 1] Throughput = 1.07539 Mbps
83648[UE 2 | RB 1] Throughput = 1.07654 Mbps
83757[UE 2 | RB 1] Throughput = 1.09557 Mbps
83857[UE 2 | RB 1] Throughput = 1.07768 Mbps
83967[UE 2 | RB 1] Throughput = 1.08743 Mbps
84077[UE 2 | RB 1] Throughput = 0.98046 Mbps
84187[UE 2 | RB 1] Throughput = 1.09269 Mbps
84288[UE 2 | RB 1] Throughput = 1.07112 Mbps
84397[UE 2 | RB 1] Throughput = 1.09501 Mbps
84507[UE 2 | RB 1] Throughput = 1.08829 Mbps
84608[UE 2 | RB 1] Throughput = 1.07355 Mbps
84718[UE 2 | RB 1] Throughput = 1.08922 Mbps
84827[UE 2 | RB 1] Throughput = 0.98332 Mbps
84928[UE 2 | RB 1] Throughput = 1.07559 Mbps
85037[UE 2 | RB 1] Throughput = 1.09321 Mbps
85137[UE 2 | RB 1] Throughput = 1.07784 Mbps
85237[UE 2 | RB 1] Throughput = 1.07828 Mbps
85348[UE 2 | RB 1] Throughput = 1.08778 Mbps
85448[UE 2 | RB 1] Throughput = 1.07840 Mbps
85548[UE 2 | RB 1] Throughput = 1.07778 Mbps
85658[UE 2 | RB 1] Throughput = 0.98170 Mbps
85767[UE 2 | RB 1] Throughput = 1.09006 Mbps
85868[UE 2 | RB 1] Throughput = 1.07712 Mbps
85977[UE 2 | RB 1] Throughput = 1.09304 Mbps
86077[UE 2 | RB 1] Throughput = 1.07649 Mbps
86187[UE 2 | RB 1] Throughput = 1.09236 Mbps
86287[UE 2 | RB 1] Throughput = 1.07736 Mbps
86388[UE 2 | RB 1] Throughput = 0.95561 Mbps
86488[UE 2 | RB 1] Throughput = 1.07805 Mbps
86597[UE 2 | RB 1] Throughput = 1.09386 Mbps
86697[UE 2 | RB 1] Throughput = 1.07827 Mbps
86798[UE 2 | RB 1] Throughput = 1.07372 Mbps
86908[UE 2 | RB 1] Throughput = 1.09051 Mbps
87018[UE 2 | RB 1] Throughput = 1.08957 Mbps
87127[UE 2 | RB 1] Throughput = 0.98168 Mbps
87228[UE 2 | RB 1] Throughput = 1.07636 Mbps
87328[UE 2 | RB 1] Throughput = 1.07765 Mbps
87438[UE 2 | RB 1] Throughput = 1.09042 Mbps
87538[UE 2 | RB 1] Throughput = 1.07727 Mbps
87647[UE 2 | RB 1] Throughput = 1.09365 Mbps
87758[UE 2 | RB 1] Throughput = 1.08625 Mbps
87867[UE 2 | RB 1] Throughput = 0.98305 Mbps
87977[UE 2 | RB 1] Throughput = 1.09072 Mbps
88078[UE 2 | RB 1] Throughput = 1.07541 Mbps
88178[UE 2 | RB 1] Throughput = 1.07704 Mbps
88288[UE 2 | RB 1] Throughput = 1.08911 Mbps
88397[UE 2 | RB 1] Throughput = 1.09184 Mbps
88498[UE 2 | RB 1] Throughput = 1.07572 Mbps
88608[UE 2 | RB 1] Throughput = 0.98080 Mbps
88708[UE 2 | RB 1] Throughput = 1.07631 Mbps
88817[UE 2 | RB 1] Throughput = 1.09475 Mbps
88918[UE 2 | RB 1] Throughput = 1.07489 Mbps
89028[UE 2 | RB 1] Throughput = 1.08837 Mbps
89128[UE 2 | RB 1] Throughput = 1.07731 Mbps
89228[UE 2 | RB 1] Throughput = 1.07806 Mbps
89338[UE 2 | RB 1] Throughput = 0.98413 Mbps
89438[UE 2 | RB 1] Throughput = 1.07606 Mbps
89538[UE 2 | RB 1] Throughput = 1.07716 Mbps
89648[UE 2 | RB 1] Throughput = 1.09129 Mbps
89758[UE 2 | RB 1] Throughput = 1.08899 Mbps
89868[UE 2 | RB 1] Throughput = 1.08823 Mbps
89978[UE 2 | RB 1] Throughput = 1.09115 Mbps
[xApp]: E42 RIC_SUBSCRIPTION_DELETE_REQUEST tx RAN_FUNC_ID 144 RIC_REQ_ID 1 
[xApp]: E42 SUBSCRIPTION DELETE RESPONSE rx
[xApp]: E42 RIC_SUBSCRIPTION_DELETE_REQUEST tx RAN_FUNC_ID 144 RIC_REQ_ID 2 
[xApp]: E42 SUBSCRIPTION DELETE RESPONSE rx
[xApp]: E42 RIC_SUBSCRIPTION_DELETE_REQUEST tx RAN_FUNC_ID 144 RIC_REQ_ID 3 
[xApp]: E42 SUBSCRIPTION DELETE RESPONSE rx
[xApp]: E42 RIC_SUBSCRIPTION_DELETE_REQUEST tx RAN_FUNC_ID 144 RIC_REQ_ID 4 
[xApp]: E42 SUBSCRIPTION DELETE RESPONSE rx
[xApp]: Sucessfully stopped 
Test xApp run SUCCESSFULLY
