[UTIL]: Setting the config -c file to /usr/local/etc/flexric/flexric.conf
[UTIL]: Setting path -p for the shared libraries to /usr/local/lib/flexric/
[xAapp]: Initializing ... 
[xApp]: nearRT-RIC IP Address = 192.168.70.150, PORT = 36422
[E2 AGENT]: Opening plugin from path = /usr/local/lib/flexric/libkpm_sm.so 
[E2 AGENT]: Opening plugin from path = /usr/local/lib/flexric/libmac_sm.so 
[E2 AGENT]: Opening plugin from path = /usr/local/lib/flexric/libpdcp_sm.so 
[E2 AGENT]: Opening plugin from path = /usr/local/lib/flexric/libgtp_sm.so 
[E2 AGENT]: Opening plugin from path = /usr/local/lib/flexric/librc_sm.so 
[E2 AGENT]: Opening plugin from path = /usr/local/lib/flexric/libtc_sm.so 
[E2 AGENT]: Opening plugin from path = /usr/local/lib/flexric/librlc_sm.so 
[E2 AGENT]: Opening plugin from path = /usr/local/lib/flexric/libslice_sm.so 
[NEAR-RIC]: Loading SM ID = 2 with def = ORAN-E2SM-KPM 
[NEAR-RIC]: Loading SM ID = 142 with def = MAC_STATS_V0 
[NEAR-RIC]: Loading SM ID = 144 with def = PDCP_STATS_V0 
[NEAR-RIC]: Loading SM ID = 148 with def = GTP_STATS_V0 
[NEAR-RIC]: Loading SM ID = 3 with def = ORAN-E2SM-RC 
[NEAR-RIC]: Loading SM ID = 146 with def = TC_STATS_V0 
[NEAR-RIC]: Loading SM ID = 143 with def = RLC_STATS_V0 
[NEAR-RIC]: Loading SM ID = 145 with def = SLICE_STATS_V0 
[xApp]: DB filename = /tmp/flexric/xapp_db 
 [xApp]: E42 SETUP-REQUEST tx
[xApp]: E42 SETUP-RESPONSE rx 
[xApp]: xApp ID = 67 
[xApp]: Registered E2 Nodes = 4 
Connected E2 nodes = 4
[xAPP] Registered node 0 ran func id = 2 
 [xAPP] Registered node 0 ran func id = 3 
 [xAPP] Registered node 0 ran func id = 142 
 [xAPP] Registered node 0 ran func id = 143 
 [xAPP] Registered node 0 ran func id = 144 
 [xAPP] Registered node 0 ran func id = 145 
 [xAPP] Registered node 0 ran func id = 146 
 [xAPP] Registered node 0 ran func id = 148 
 [xApp]: E42 RIC SUBSCRIPTION REQUEST tx RAN_FUNC_ID 144 RIC_REQ_ID 1 
[xApp]: SUBSCRIPTION RESPONSE rx
[xApp]: Successfully subscribed to RAN_FUNC_ID 144 
[xAPP] Registered node 1 ran func id = 2 
 [xAPP] Registered node 1 ran func id = 3 
 [xAPP] Registered node 1 ran func id = 142 
 [xAPP] Registered node 1 ran func id = 143 
 [xAPP] Registered node 1 ran func id = 144 
 [xAPP] Registered node 1 ran func id = 145 
 [xAPP] Registered node 1 ran func id = 146 
 [xAPP] Registered node 1 ran func id = 148 
 [xApp]: E42 RIC SUBSCRIPTION REQUEST tx RAN_FUNC_ID 144 RIC_REQ_ID 2 
[xApp]: SUBSCRIPTION RESPONSE rx
[xApp]: Successfully subscribed to RAN_FUNC_ID 144 
[xAPP] Registered node 2 ran func id = 2 
 [xAPP] Registered node 2 ran func id = 3 
 [xAPP] Registered node 2 ran func id = 142 
 [xAPP] Registered node 2 ran func id = 143 
 [xAPP] Registered node 2 ran func id = 144 
 [xAPP] Registered node 2 ran func id = 145 
 [xAPP] Registered node 2 ran func id = 146 
 [xAPP] Registered node 2 ran func id = 148 
 [xApp]: E42 RIC SUBSCRIPTION REQUEST tx RAN_FUNC_ID 144 RIC_REQ_ID 3 
[xApp]: SUBSCRIPTION RESPONSE rx
[xApp]: Successfully subscribed to RAN_FUNC_ID 144 
[xAPP] Registered node 3 ran func id = 2 
 [xAPP] Registered node 3 ran func id = 3 
 [xAPP] Registered node 3 ran func id = 142 
 [xAPP] Registered node 3 ran func id = 143 
 [xAPP] Registered node 3 ran func id = 144 
 [xAPP] Registered node 3 ran func id = 145 
 [xAPP] Registered node 3 ran func id = 146 
 [xAPP] Registered node 3 ran func id = 148 
 [xApp]: E42 RIC SUBSCRIPTION REQUEST tx RAN_FUNC_ID 144 RIC_REQ_ID 4 
112[UE 2 | RB 1] Throughput = 1.07553 Mbps
212[UE 2 | RB 1] Throughput = 1.07504 Mbps
322[UE 2 | RB 1] Throughput = 1.09085 Mbps
432[UE 2 | RB 1] Throughput = 1.09193 Mbps
532[UE 2 | RB 1] Throughput = 0.95527 Mbps
642[UE 2 | RB 1] Throughput = 1.09155 Mbps
743[UE 2 | RB 1] Throughput = 1.07270 Mbps
852[UE 2 | RB 1] Throughput = 1.09463 Mbps
953[UE 2 | RB 1] Throughput = 1.07403 Mbps
[xApp]: SUBSCRIPTION RESPONSE rx
[xApp]: Successfully subscribed to RAN_FUNC_ID 144 
1062[UE 2 | RB 1] Throughput = 1.09196 Mbps
1163[UE 2 | RB 1] Throughput = 1.07644 Mbps
1273[UE 2 | RB 1] Throughput = 0.98085 Mbps
1383[UE 2 | RB 1] Throughput = 1.08863 Mbps
1493[UE 2 | RB 1] Throughput = 1.08907 Mbps
1603[UE 2 | RB 1] Throughput = 1.09054 Mbps
1712[UE 2 | RB 1] Throughput = 1.09070 Mbps
1812[UE 2 | RB 1] Throughput = 1.07846 Mbps
1913[UE 2 | RB 1] Throughput = 1.07833 Mbps
2023[UE 2 | RB 1] Throughput = 0.98004 Mbps
2132[UE 2 | RB 1] Throughput = 1.09251 Mbps
2233[UE 2 | RB 1] Throughput = 1.07265 Mbps
2342[UE 2 | RB 1] Throughput = 1.09336 Mbps
2443[UE 2 | RB 1] Throughput = 1.07322 Mbps
2553[UE 2 | RB 1] Throughput = 1.09318 Mbps
2662[UE 2 | RB 1] Throughput = 0.98148 Mbps
2763[UE 2 | RB 1] Throughput = 1.07598 Mbps
2873[UE 2 | RB 1] Throughput = 1.08921 Mbps
2982[UE 2 | RB 1] Throughput = 1.09286 Mbps
3082[UE 2 | RB 1] Throughput = 1.07716 Mbps
3192[UE 2 | RB 1] Throughput = 1.09255 Mbps
3293[UE 2 | RB 1] Throughput = 1.07181 Mbps
3403[UE 2 | RB 1] Throughput = 0.98025 Mbps
3513[UE 2 | RB 1] Throughput = 1.09080 Mbps
3622[UE 2 | RB 1] Throughput = 1.09408 Mbps
3722[UE 2 | RB 1] Throughput = 1.07716 Mbps
3822[UE 2 | RB 1] Throughput = 1.07748 Mbps
3932[UE 2 | RB 1] Throughput = 1.08969 Mbps
4033[UE 2 | RB 1] Throughput = 1.07761 Mbps
4133[UE 2 | RB 1] Throughput = 0.95831 Mbps
4233[UE 2 | RB 1] Throughput = 1.07609 Mbps
4342[UE 2 | RB 1] Throughput = 1.09288 Mbps
4452[UE 2 | RB 1] Throughput = 1.08942 Mbps
4563[UE 2 | RB 1] Throughput = 1.08701 Mbps
4672[UE 2 | RB 1] Throughput = 1.09245 Mbps
4773[UE 2 | RB 1] Throughput = 1.07350 Mbps
4882[UE 2 | RB 1] Throughput = 0.98541 Mbps
4983[UE 2 | RB 1] Throughput = 1.07444 Mbps
5093[UE 2 | RB 1] Throughput = 1.09149 Mbps
5203[UE 2 | RB 1] Throughput = 1.08911 Mbps
5303[UE 2 | RB 1] Throughput = 1.07683 Mbps
5412[UE 2 | RB 1] Throughput = 1.09153 Mbps
5523[UE 2 | RB 1] Throughput = 0.97894 Mbps
5633[UE 2 | RB 1] Throughput = 1.09035 Mbps
5733[UE 2 | RB 1] Throughput = 1.07825 Mbps
5833[UE 2 | RB 1] Throughput = 1.07844 Mbps
5942[UE 2 | RB 1] Throughput = 1.09293 Mbps
6043[UE 2 | RB 1] Throughput = 1.07405 Mbps
6143[UE 2 | RB 1] Throughput = 1.07650 Mbps
6252[UE 2 | RB 1] Throughput = 0.98441 Mbps
6353[UE 2 | RB 1] Throughput = 1.07415 Mbps
6453[UE 2 | RB 1] Throughput = 1.07495 Mbps
6563[UE 2 | RB 1] Throughput = 1.09504 Mbps
6663[UE 2 | RB 1] Throughput = 1.07771 Mbps
6773[UE 2 | RB 1] Throughput = 1.09097 Mbps
6882[UE 2 | RB 1] Throughput = 1.09040 Mbps
6982[UE 2 | RB 1] Throughput = 1.07826 Mbps
7083[UE 2 | RB 1] Throughput = 1.07484 Mbps
7193[UE 2 | RB 1] Throughput = 0.98101 Mbps
7293[UE 2 | RB 1] Throughput = 1.07792 Mbps
7393[UE 2 | RB 1] Throughput = 1.07854 Mbps
7503[UE 2 | RB 1] Throughput = 1.09041 Mbps
7603[UE 2 | RB 1] Throughput = 1.07605 Mbps
7713[UE 2 | RB 1] Throughput = 1.08784 Mbps
7823[UE 2 | RB 1] Throughput = 0.97971 Mbps
7933[UE 2 | RB 1] Throughput = 1.09244 Mbps
8043[UE 2 | RB 1] Throughput = 1.08906 Mbps
8153[UE 2 | RB 1] Throughput = 1.09314 Mbps
8253[UE 2 | RB 1] Throughput = 1.07184 Mbps
8362[UE 2 | RB 1] Throughput = 1.09773 Mbps
8463[UE 2 | RB 1] Throughput = 1.07453 Mbps
8563[UE 2 | RB 1] Throughput = 0.95858 Mbps
8663[UE 2 | RB 1] Throughput = 1.07234 Mbps
8773[UE 2 | RB 1] Throughput = 1.09628 Mbps
8873[UE 2 | RB 1] Throughput = 1.07658 Mbps
8983[UE 2 | RB 1] Throughput = 1.08971 Mbps
9083[UE 2 | RB 1] Throughput = 1.07816 Mbps
9183[UE 2 | RB 1] Throughput = 1.07760 Mbps
9293[UE 2 | RB 1] Throughput = 1.09197 Mbps
9403[UE 2 | RB 1] Throughput = 0.97806 Mbps
9503[UE 2 | RB 1] Throughput = 1.07732 Mbps
9613[UE 2 | RB 1] Throughput = 1.09484 Mbps
9713[UE 2 | RB 1] Throughput = 1.07539 Mbps
9813[UE 2 | RB 1] Throughput = 1.07331 Mbps
9923[UE 2 | RB 1] Throughput = 1.09677 Mbps
10023[UE 2 | RB 1] Throughput = 1.07680 Mbps
10123[UE 2 | RB 1] Throughput = 1.07457 Mbps
10233[UE 2 | RB 1] Throughput = 0.98367 Mbps
10333[UE 2 | RB 1] Throughput = 1.07770 Mbps
10443[UE 2 | RB 1] Throughput = 1.08880 Mbps
10553[UE 2 | RB 1] Throughput = 1.08883 Mbps
10653[UE 2 | RB 1] Throughput = 1.07700 Mbps
10763[UE 2 | RB 1] Throughput = 1.08962 Mbps
10872[UE 2 | RB 1] Throughput = 0.98624 Mbps
10973[UE 2 | RB 1] Throughput = 1.07262 Mbps
11083[UE 2 | RB 1] Throughput = 1.08920 Mbps
11183[UE 2 | RB 1] Throughput = 1.07850 Mbps
11283[UE 2 | RB 1] Throughput = 1.07631 Mbps
11393[UE 2 | RB 1] Throughput = 1.08920 Mbps
11503[UE 2 | RB 1] Throughput = 1.09213 Mbps
11603[UE 2 | RB 1] Throughput = 1.07673 Mbps
11713[UE 2 | RB 1] Throughput = 0.97872 Mbps
11823[UE 2 | RB 1] Throughput = 1.09367 Mbps
11923[UE 2 | RB 1] Throughput = 1.07851 Mbps
12023[UE 2 | RB 1] Throughput = 1.07792 Mbps
12133[UE 2 | RB 1] Throughput = 1.08869 Mbps
12233[UE 2 | RB 1] Throughput = 1.07677 Mbps
12343[UE 2 | RB 1] Throughput = 1.09401 Mbps
12453[UE 2 | RB 1] Throughput = 0.97923 Mbps
12563[UE 2 | RB 1] Throughput = 1.09082 Mbps
12673[UE 2 | RB 1] Throughput = 1.09033 Mbps
12773[UE 2 | RB 1] Throughput = 1.07346 Mbps
12883[UE 2 | RB 1] Throughput = 1.09247 Mbps
12993[UE 2 | RB 1] Throughput = 0.97871 Mbps
13103[UE 2 | RB 1] Throughput = 1.08662 Mbps
13213[UE 2 | RB 1] Throughput = 1.09247 Mbps
13323[UE 2 | RB 1] Throughput = 1.09086 Mbps
13423[UE 2 | RB 1] Throughput = 1.07570 Mbps
13533[UE 2 | RB 1] Throughput = 1.08889 Mbps
13643[UE 2 | RB 1] Throughput = 0.97985 Mbps
13753[UE 2 | RB 1] Throughput = 1.09222 Mbps
13853[UE 2 | RB 1] Throughput = 1.07714 Mbps
13953[UE 2 | RB 1] Throughput = 1.07737 Mbps
14053[UE 2 | RB 1] Throughput = 1.07703 Mbps
14163[UE 2 | RB 1] Throughput = 1.09172 Mbps
14273[UE 2 | RB 1] Throughput = 1.09045 Mbps
14373[UE 2 | RB 1] Throughput = 1.07758 Mbps
14473[UE 2 | RB 1] Throughput = 0.95801 Mbps
14583[UE 2 | RB 1] Throughput = 1.09191 Mbps
14693[UE 2 | RB 1] Throughput = 1.08776 Mbps
14794[UE 2 | RB 1] Throughput = 1.07450 Mbps
14903[UE 2 | RB 1] Throughput = 1.09486 Mbps
15013[UE 2 | RB 1] Throughput = 1.08893 Mbps
15123[UE 2 | RB 1] Throughput = 0.98085 Mbps
15223[UE 2 | RB 1] Throughput = 1.07800 Mbps
15323[UE 2 | RB 1] Throughput = 1.07468 Mbps
15433[UE 2 | RB 1] Throughput = 1.09350 Mbps
15533[UE 2 | RB 1] Throughput = 1.07832 Mbps
15633[UE 2 | RB 1] Throughput = 1.07737 Mbps
15743[UE 2 | RB 1] Throughput = 1.08912 Mbps
15853[UE 2 | RB 1] Throughput = 1.09052 Mbps
15953[UE 2 | RB 1] Throughput = 0.95783 Mbps
16063[UE 2 | RB 1] Throughput = 1.08730 Mbps
16173[UE 2 | RB 1] Throughput = 1.09093 Mbps
16283[UE 2 | RB 1] Throughput = 1.08816 Mbps
16393[UE 2 | RB 1] Throughput = 1.09147 Mbps
16503[UE 2 | RB 1] Throughput = 0.98100 Mbps
16604[UE 2 | RB 1] Throughput = 1.07511 Mbps
16713[UE 2 | RB 1] Throughput = 1.09089 Mbps
16824[UE 2 | RB 1] Throughput = 1.08764 Mbps
16933[UE 2 | RB 1] Throughput = 1.09187 Mbps
17043[UE 2 | RB 1] Throughput = 1.08925 Mbps
17143[UE 2 | RB 1] Throughput = 1.07685 Mbps
17253[UE 2 | RB 1] Throughput = 0.98518 Mbps
17353[UE 2 | RB 1] Throughput = 1.07451 Mbps
17463[UE 2 | RB 1] Throughput = 1.09038 Mbps
17564[UE 2 | RB 1] Throughput = 1.07308 Mbps
17674[UE 2 | RB 1] Throughput = 1.09154 Mbps
17783[UE 2 | RB 1] Throughput = 1.09357 Mbps
17883[UE 2 | RB 1] Throughput = 1.07597 Mbps
17993[UE 2 | RB 1] Throughput = 0.97999 Mbps
18103[UE 2 | RB 1] Throughput = 1.09073 Mbps
18204[UE 2 | RB 1] Throughput = 1.07363 Mbps
18314[UE 2 | RB 1] Throughput = 1.09169 Mbps
18423[UE 2 | RB 1] Throughput = 1.09230 Mbps
18534[UE 2 | RB 1] Throughput = 0.97369 Mbps
18643[UE 2 | RB 1] Throughput = 1.09591 Mbps
18743[UE 2 | RB 1] Throughput = 1.07816 Mbps
18843[UE 2 | RB 1] Throughput = 1.07764 Mbps
18953[UE 2 | RB 1] Throughput = 1.09304 Mbps
19053[UE 2 | RB 1] Throughput = 1.07637 Mbps
19153[UE 2 | RB 1] Throughput = 1.07810 Mbps
19253[UE 2 | RB 1] Throughput = 1.07751 Mbps
19354[UE 2 | RB 1] Throughput = 1.07615 Mbps
19463[UE 2 | RB 1] Throughput = 0.98371 Mbps
19563[UE 2 | RB 1] Throughput = 1.07732 Mbps
19673[UE 2 | RB 1] Throughput = 1.09168 Mbps
19774[UE 2 | RB 1] Throughput = 1.07557 Mbps
19883[UE 2 | RB 1] Throughput = 1.09121 Mbps
19983[UE 2 | RB 1] Throughput = 1.07749 Mbps
20094[UE 2 | RB 1] Throughput = 1.08579 Mbps
20203[UE 2 | RB 1] Throughput = 0.98591 Mbps
20303[UE 2 | RB 1] Throughput = 1.07846 Mbps
20403[UE 2 | RB 1] Throughput = 1.07761 Mbps
20513[UE 2 | RB 1] Throughput = 1.08854 Mbps
20613[UE 2 | RB 1] Throughput = 1.07813 Mbps
20724[UE 2 | RB 1] Throughput = 1.08675 Mbps
20833[UE 2 | RB 1] Throughput = 1.09213 Mbps
20933[UE 2 | RB 1] Throughput = 0.95837 Mbps
21043[UE 2 | RB 1] Throughput = 1.09171 Mbps
21144[UE 2 | RB 1] Throughput = 1.07449 Mbps
21244[UE 2 | RB 1] Throughput = 1.07782 Mbps
21344[UE 2 | RB 1] Throughput = 1.07732 Mbps
21453[UE 2 | RB 1] Throughput = 1.09347 Mbps
21554[UE 2 | RB 1] Throughput = 1.07629 Mbps
21654[UE 2 | RB 1] Throughput = 1.07464 Mbps
21763[UE 2 | RB 1] Throughput = 1.09644 Mbps
21863[UE 2 | RB 1] Throughput = 0.95722 Mbps
21964[UE 2 | RB 1] Throughput = 1.07662 Mbps
22074[UE 2 | RB 1] Throughput = 1.09049 Mbps
22174[UE 2 | RB 1] Throughput = 1.07705 Mbps
22283[UE 2 | RB 1] Throughput = 1.09117 Mbps
22393[UE 2 | RB 1] Throughput = 1.09158 Mbps
22494[UE 2 | RB 1] Throughput = 1.07075 Mbps
22604[UE 2 | RB 1] Throughput = 0.98227 Mbps
22713[UE 2 | RB 1] Throughput = 1.09302 Mbps
22814[UE 2 | RB 1] Throughput = 1.07639 Mbps
22923[UE 2 | RB 1] Throughput = 1.09138 Mbps
23024[UE 2 | RB 1] Throughput = 1.07461 Mbps
23134[UE 2 | RB 1] Throughput = 1.09217 Mbps
23243[UE 2 | RB 1] Throughput = 0.98172 Mbps
23344[UE 2 | RB 1] Throughput = 1.07155 Mbps
23454[UE 2 | RB 1] Throughput = 1.09295 Mbps
23554[UE 2 | RB 1] Throughput = 1.07742 Mbps
23654[UE 2 | RB 1] Throughput = 1.07740 Mbps
23764[UE 2 | RB 1] Throughput = 1.09054 Mbps
23873[UE 2 | RB 1] Throughput = 1.09321 Mbps
23974[UE 2 | RB 1] Throughput = 1.07640 Mbps
24083[UE 2 | RB 1] Throughput = 0.98217 Mbps
24193[UE 2 | RB 1] Throughput = 1.09198 Mbps
24293[UE 2 | RB 1] Throughput = 1.07614 Mbps
24394[UE 2 | RB 1] Throughput = 1.07495 Mbps
24504[UE 2 | RB 1] Throughput = 1.08629 Mbps
24614[UE 2 | RB 1] Throughput = 1.09280 Mbps
24724[UE 2 | RB 1] Throughput = 0.98104 Mbps
24834[UE 2 | RB 1] Throughput = 1.08617 Mbps
24944[UE 2 | RB 1] Throughput = 1.09231 Mbps
25044[UE 2 | RB 1] Throughput = 1.07750 Mbps
25144[UE 2 | RB 1] Throughput = 1.07856 Mbps
25254[UE 2 | RB 1] Throughput = 1.08964 Mbps
25363[UE 2 | RB 1] Throughput = 1.09345 Mbps
25473[UE 2 | RB 1] Throughput = 0.98062 Mbps
25574[UE 2 | RB 1] Throughput = 1.07603 Mbps
25674[UE 2 | RB 1] Throughput = 1.07582 Mbps
25784[UE 2 | RB 1] Throughput = 1.09123 Mbps
25884[UE 2 | RB 1] Throughput = 1.07694 Mbps
25994[UE 2 | RB 1] Throughput = 1.08692 Mbps
26104[UE 2 | RB 1] Throughput = 0.98546 Mbps
26204[UE 2 | RB 1] Throughput = 1.07668 Mbps
26314[UE 2 | RB 1] Throughput = 1.08836 Mbps
26424[UE 2 | RB 1] Throughput = 1.08978 Mbps
26524[UE 2 | RB 1] Throughput = 1.07762 Mbps
26634[UE 2 | RB 1] Throughput = 1.09136 Mbps
26734[UE 2 | RB 1] Throughput = 1.07640 Mbps
26844[UE 2 | RB 1] Throughput = 0.98098 Mbps
26953[UE 2 | RB 1] Throughput = 1.09394 Mbps
27054[UE 2 | RB 1] Throughput = 1.07194 Mbps
27154[UE 2 | RB 1] Throughput = 1.07837 Mbps
27264[UE 2 | RB 1] Throughput = 1.09013 Mbps
27364[UE 2 | RB 1] Throughput = 1.07745 Mbps
27474[UE 2 | RB 1] Throughput = 1.09004 Mbps
27584[UE 2 | RB 1] Throughput = 0.98282 Mbps
27684[UE 2 | RB 1] Throughput = 1.07656 Mbps
27793[UE 2 | RB 1] Throughput = 1.09434 Mbps
27894[UE 2 | RB 1] Throughput = 1.07313 Mbps
28004[UE 2 | RB 1] Throughput = 1.09273 Mbps
28104[UE 2 | RB 1] Throughput = 1.07779 Mbps
28204[UE 2 | RB 1] Throughput = 1.07671 Mbps
28304[UE 2 | RB 1] Throughput = 1.07576 Mbps
28414[UE 2 | RB 1] Throughput = 0.98428 Mbps
28514[UE 2 | RB 1] Throughput = 1.07714 Mbps
28614[UE 2 | RB 1] Throughput = 1.07850 Mbps
28714[UE 2 | RB 1] Throughput = 1.07613 Mbps
28814[UE 2 | RB 1] Throughput = 1.07459 Mbps
28924[UE 2 | RB 1] Throughput = 1.09158 Mbps
29034[UE 2 | RB 1] Throughput = 1.09133 Mbps
29144[UE 2 | RB 1] Throughput = 1.08870 Mbps
29255[UE 2 | RB 1] Throughput = 0.97216 Mbps
29364[UE 2 | RB 1] Throughput = 1.09988 Mbps
29474[UE 2 | RB 1] Throughput = 1.08827 Mbps
29583[UE 2 | RB 1] Throughput = 1.09657 Mbps
29684[UE 2 | RB 1] Throughput = 1.07214 Mbps
29793[UE 2 | RB 1] Throughput = 1.09454 Mbps
29894[UE 2 | RB 1] Throughput = 0.95295 Mbps
30004[UE 2 | RB 1] Throughput = 1.09264 Mbps
30104[UE 2 | RB 1] Throughput = 1.07825 Mbps
30204[UE 2 | RB 1] Throughput = 1.07730 Mbps
30304[UE 2 | RB 1] Throughput = 1.07647 Mbps
30414[UE 2 | RB 1] Throughput = 1.09243 Mbps
30514[UE 2 | RB 1] Throughput = 1.07543 Mbps
30624[UE 2 | RB 1] Throughput = 1.09343 Mbps
30724[UE 2 | RB 1] Throughput = 0.95821 Mbps
30834[UE 2 | RB 1] Throughput = 1.08885 Mbps
30934[UE 2 | RB 1] Throughput = 1.07753 Mbps
31034[UE 2 | RB 1] Throughput = 1.07619 Mbps
31134[UE 2 | RB 1] Throughput = 1.07795 Mbps
31244[UE 2 | RB 1] Throughput = 1.09044 Mbps
31344[UE 2 | RB 1] Throughput = 1.07792 Mbps
31454[UE 2 | RB 1] Throughput = 1.09135 Mbps
31564[UE 2 | RB 1] Throughput = 0.97831 Mbps
31674[UE 2 | RB 1] Throughput = 1.09021 Mbps
31774[UE 2 | RB 1] Throughput = 1.07778 Mbps
31884[UE 2 | RB 1] Throughput = 1.08802 Mbps
31994[UE 2 | RB 1] Throughput = 1.08978 Mbps
32104[UE 2 | RB 1] Throughput = 1.09092 Mbps
32214[UE 2 | RB 1] Throughput = 0.98155 Mbps
32314[UE 2 | RB 1] Throughput = 1.07815 Mbps
32424[UE 2 | RB 1] Throughput = 1.08896 Mbps
32534[UE 2 | RB 1] Throughput = 1.09159 Mbps
32634[UE 2 | RB 1] Throughput = 1.07617 Mbps
32744[UE 2 | RB 1] Throughput = 1.09080 Mbps
32844[UE 2 | RB 1] Throughput = 1.07854 Mbps
32944[UE 2 | RB 1] Throughput = 0.95718 Mbps
33054[UE 2 | RB 1] Throughput = 1.09155 Mbps
33154[UE 2 | RB 1] Throughput = 1.07661 Mbps
33264[UE 2 | RB 1] Throughput = 1.08982 Mbps
33364[UE 2 | RB 1] Throughput = 1.07834 Mbps
33464[UE 2 | RB 1] Throughput = 1.07730 Mbps
33574[UE 2 | RB 1] Throughput = 1.09121 Mbps
33674[UE 2 | RB 1] Throughput = 1.07464 Mbps
33784[UE 2 | RB 1] Throughput = 0.98279 Mbps
33894[UE 2 | RB 1] Throughput = 1.09077 Mbps
33995[UE 2 | RB 1] Throughput = 1.07348 Mbps
34104[UE 2 | RB 1] Throughput = 1.09441 Mbps
34214[UE 2 | RB 1] Throughput = 1.08723 Mbps
34324[UE 2 | RB 1] Throughput = 0.98102 Mbps
34434[UE 2 | RB 1] Throughput = 1.09169 Mbps
34534[UE 2 | RB 1] Throughput = 1.07690 Mbps
34644[UE 2 | RB 1] Throughput = 1.09037 Mbps
34754[UE 2 | RB 1] Throughput = 1.09292 Mbps
34854[UE 2 | RB 1] Throughput = 1.07798 Mbps
34954[UE 2 | RB 1] Throughput = 1.07482 Mbps
35054[UE 2 | RB 1] Throughput = 1.07663 Mbps
35164[UE 2 | RB 1] Throughput = 0.98092 Mbps
35264[UE 2 | RB 1] Throughput = 1.07696 Mbps
35374[UE 2 | RB 1] Throughput = 1.09363 Mbps
35474[UE 2 | RB 1] Throughput = 1.07659 Mbps
35584[UE 2 | RB 1] Throughput = 1.09055 Mbps
35684[UE 2 | RB 1] Throughput = 1.07815 Mbps
35784[UE 2 | RB 1] Throughput = 1.07406 Mbps
35894[UE 2 | RB 1] Throughput = 0.98312 Mbps
35994[UE 2 | RB 1] Throughput = 1.07616 Mbps
36104[UE 2 | RB 1] Throughput = 1.09147 Mbps
36214[UE 2 | RB 1] Throughput = 1.08803 Mbps
36314[UE 2 | RB 1] Throughput = 1.07769 Mbps
36424[UE 2 | RB 1] Throughput = 1.09391 Mbps
36524[UE 2 | RB 1] Throughput = 1.07620 Mbps
36624[UE 2 | RB 1] Throughput = 1.07701 Mbps
36724[UE 2 | RB 1] Throughput = 0.95853 Mbps
36824[UE 2 | RB 1] Throughput = 1.07842 Mbps
36934[UE 2 | RB 1] Throughput = 1.08905 Mbps
37044[UE 2 | RB 1] Throughput = 1.09063 Mbps
37144[UE 2 | RB 1] Throughput = 1.07769 Mbps
37254[UE 2 | RB 1] Throughput = 1.09192 Mbps
37365[UE 2 | RB 1] Throughput = 1.08564 Mbps
37474[UE 2 | RB 1] Throughput = 0.98347 Mbps
37584[UE 2 | RB 1] Throughput = 1.08945 Mbps
37684[UE 2 | RB 1] Throughput = 1.07620 Mbps
37794[UE 2 | RB 1] Throughput = 1.09199 Mbps
37895[UE 2 | RB 1] Throughput = 1.07473 Mbps
38004[UE 2 | RB 1] Throughput = 1.08962 Mbps
38114[UE 2 | RB 1] Throughput = 0.98400 Mbps
38214[UE 2 | RB 1] Throughput = 1.07678 Mbps
38314[UE 2 | RB 1] Throughput = 1.07852 Mbps
38414[UE 2 | RB 1] Throughput = 1.07838 Mbps
38514[UE 2 | RB 1] Throughput = 1.07688 Mbps
38624[UE 2 | RB 1] Throughput = 1.09114 Mbps
38734[UE 2 | RB 1] Throughput = 1.08769 Mbps
38844[UE 2 | RB 1] Throughput = 1.09094 Mbps
38944[UE 2 | RB 1] Throughput = 0.95851 Mbps
39054[UE 2 | RB 1] Throughput = 1.09362 Mbps
39154[UE 2 | RB 1] Throughput = 1.07756 Mbps
39254[UE 2 | RB 1] Throughput = 1.07537 Mbps
39364[UE 2 | RB 1] Throughput = 1.09225 Mbps
39465[UE 2 | RB 1] Throughput = 1.06809 Mbps
39574[UE 2 | RB 1] Throughput = 1.09508 Mbps
39674[UE 2 | RB 1] Throughput = 1.07841 Mbps
39784[UE 2 | RB 1] Throughput = 0.98176 Mbps
39894[UE 2 | RB 1] Throughput = 1.08829 Mbps
39995[UE 2 | RB 1] Throughput = 1.07494 Mbps
40105[UE 2 | RB 1] Throughput = 1.09128 Mbps
40214[UE 2 | RB 1] Throughput = 1.09070 Mbps
40314[UE 2 | RB 1] Throughput = 1.07809 Mbps
40424[UE 2 | RB 1] Throughput = 0.98143 Mbps
40525[UE 2 | RB 1] Throughput = 1.07724 Mbps
40625[UE 2 | RB 1] Throughput = 1.07757 Mbps
40725[UE 2 | RB 1] Throughput = 1.07706 Mbps
40825[UE 2 | RB 1] Throughput = 1.07757 Mbps
40934[UE 2 | RB 1] Throughput = 1.09352 Mbps
41035[UE 2 | RB 1] Throughput = 1.07316 Mbps
41145[UE 2 | RB 1] Throughput = 1.08950 Mbps
41245[UE 2 | RB 1] Throughput = 1.07833 Mbps
41354[UE 2 | RB 1] Throughput = 0.98457 Mbps
41455[UE 2 | RB 1] Throughput = 1.07778 Mbps
41564[UE 2 | RB 1] Throughput = 1.09169 Mbps
41665[UE 2 | RB 1] Throughput = 1.07154 Mbps
41775[UE 2 | RB 1] Throughput = 1.09366 Mbps
41885[UE 2 | RB 1] Throughput = 1.08595 Mbps
41995[UE 2 | RB 1] Throughput = 0.98428 Mbps
42105[UE 2 | RB 1] Throughput = 1.08844 Mbps
42205[UE 2 | RB 1] Throughput = 1.07637 Mbps
42314[UE 2 | RB 1] Throughput = 1.09261 Mbps
42415[UE 2 | RB 1] Throughput = 1.07481 Mbps
42525[UE 2 | RB 1] Throughput = 1.09205 Mbps
42625[UE 2 | RB 1] Throughput = 1.07634 Mbps
42725[UE 2 | RB 1] Throughput = 0.95870 Mbps
42835[UE 2 | RB 1] Throughput = 1.09151 Mbps
42944[UE 2 | RB 1] Throughput = 1.09090 Mbps
43045[UE 2 | RB 1] Throughput = 1.07400 Mbps
43155[UE 2 | RB 1] Throughput = 1.09056 Mbps
43265[UE 2 | RB 1] Throughput = 1.09074 Mbps
43375[UE 2 | RB 1] Throughput = 0.98152 Mbps
43475[UE 2 | RB 1] Throughput = 1.07582 Mbps
43575[UE 2 | RB 1] Throughput = 1.07828 Mbps
43675[UE 2 | RB 1] Throughput = 1.07576 Mbps
43785[UE 2 | RB 1] Throughput = 1.09448 Mbps
43885[UE 2 | RB 1] Throughput = 1.07583 Mbps
43985[UE 2 | RB 1] Throughput = 1.07838 Mbps
44085[UE 2 | RB 1] Throughput = 1.07812 Mbps
44194[UE 2 | RB 1] Throughput = 1.09364 Mbps
44295[UE 2 | RB 1] Throughput = 0.95591 Mbps
44395[UE 2 | RB 1] Throughput = 1.07678 Mbps
44505[UE 2 | RB 1] Throughput = 1.08941 Mbps
44615[UE 2 | RB 1] Throughput = 1.09077 Mbps
44715[UE 2 | RB 1] Throughput = 1.07562 Mbps
44825[UE 2 | RB 1] Throughput = 1.09114 Mbps
44925[UE 2 | RB 1] Throughput = 1.07830 Mbps
45035[UE 2 | RB 1] Throughput = 0.98393 Mbps
45144[UE 2 | RB 1] Throughput = 1.09233 Mbps
45244[UE 2 | RB 1] Throughput = 1.07585 Mbps
45345[UE 2 | RB 1] Throughput = 1.07396 Mbps
45455[UE 2 | RB 1] Throughput = 1.08991 Mbps
45565[UE 2 | RB 1] Throughput = 1.08885 Mbps
45665[UE 2 | RB 1] Throughput = 1.07762 Mbps
45765[UE 2 | RB 1] Throughput = 1.07755 Mbps
45875[UE 2 | RB 1] Throughput = 0.98176 Mbps
45975[UE 2 | RB 1] Throughput = 1.07747 Mbps
46085[UE 2 | RB 1] Throughput = 1.09323 Mbps
46195[UE 2 | RB 1] Throughput = 1.08979 Mbps
46295[UE 2 | RB 1] Throughput = 1.07781 Mbps
46404[UE 2 | RB 1] Throughput = 1.09162 Mbps
46505[UE 2 | RB 1] Throughput = 1.07504 Mbps
46615[UE 2 | RB 1] Throughput = 0.97931 Mbps
46725[UE 2 | RB 1] Throughput = 1.09201 Mbps
46835[UE 2 | RB 1] Throughput = 1.09068 Mbps
46935[UE 2 | RB 1] Throughput = 1.07503 Mbps
47045[UE 2 | RB 1] Throughput = 1.09219 Mbps
47155[UE 2 | RB 1] Throughput = 1.08676 Mbps
47255[UE 2 | RB 1] Throughput = 0.95772 Mbps
47364[UE 2 | RB 1] Throughput = 1.09517 Mbps
47465[UE 2 | RB 1] Throughput = 1.07748 Mbps
47565[UE 2 | RB 1] Throughput = 1.07661 Mbps
47665[UE 2 | RB 1] Throughput = 1.07496 Mbps
47775[UE 2 | RB 1] Throughput = 1.08963 Mbps
47885[UE 2 | RB 1] Throughput = 1.09147 Mbps
47985[UE 2 | RB 1] Throughput = 1.07546 Mbps
48095[UE 2 | RB 1] Throughput = 0.98288 Mbps
48205[UE 2 | RB 1] Throughput = 1.08950 Mbps
48305[UE 2 | RB 1] Throughput = 1.07575 Mbps
48415[UE 2 | RB 1] Throughput = 1.09068 Mbps
48515[UE 2 | RB 1] Throughput = 1.07590 Mbps
48625[UE 2 | RB 1] Throughput = 1.09288 Mbps
48725[UE 2 | RB 1] Throughput = 1.07844 Mbps
48835[UE 2 | RB 1] Throughput = 0.97980 Mbps
48945[UE 2 | RB 1] Throughput = 1.08862 Mbps
49055[UE 2 | RB 1] Throughput = 1.09188 Mbps
49155[UE 2 | RB 1] Throughput = 1.07616 Mbps
49255[UE 2 | RB 1] Throughput = 1.07764 Mbps
49355[UE 2 | RB 1] Throughput = 1.07756 Mbps
49465[UE 2 | RB 1] Throughput = 1.09053 Mbps
49565[UE 2 | RB 1] Throughput = 0.95656 Mbps
49675[UE 2 | RB 1] Throughput = 1.09303 Mbps
49785[UE 2 | RB 1] Throughput = 1.08986 Mbps
49885[UE 2 | RB 1] Throughput = 1.07654 Mbps
49995[UE 2 | RB 1] Throughput = 1.08699 Mbps
50105[UE 2 | RB 1] Throughput = 1.09567 Mbps
50205[UE 2 | RB 1] Throughput = 0.95304 Mbps
50315[UE 2 | RB 1] Throughput = 1.09130 Mbps
50415[UE 2 | RB 1] Throughput = 1.07832 Mbps
50525[UE 2 | RB 1] Throughput = 1.09394 Mbps
50625[UE 2 | RB 1] Throughput = 1.07457 Mbps
50735[UE 2 | RB 1] Throughput = 1.09045 Mbps
50835[UE 2 | RB 1] Throughput = 1.07843 Mbps
50945[UE 2 | RB 1] Throughput = 0.97888 Mbps
51055[UE 2 | RB 1] Throughput = 1.09181 Mbps
51165[UE 2 | RB 1] Throughput = 1.09277 Mbps
51265[UE 2 | RB 1] Throughput = 1.07726 Mbps
51375[UE 2 | RB 1] Throughput = 1.08698 Mbps
51485[UE 2 | RB 1] Throughput = 1.08890 Mbps
51585[UE 2 | RB 1] Throughput = 1.07781 Mbps
51695[UE 2 | RB 1] Throughput = 0.98393 Mbps
51795[UE 2 | RB 1] Throughput = 1.07784 Mbps
51895[UE 2 | RB 1] Throughput = 1.07541 Mbps
51995[UE 2 | RB 1] Throughput = 1.07628 Mbps
52105[UE 2 | RB 1] Throughput = 1.08914 Mbps
52216[UE 2 | RB 1] Throughput = 1.08780 Mbps
52325[UE 2 | RB 1] Throughput = 1.09423 Mbps
52425[UE 2 | RB 1] Throughput = 0.95642 Mbps
52525[UE 2 | RB 1] Throughput = 1.07713 Mbps
52635[UE 2 | RB 1] Throughput = 1.09586 Mbps
52735[UE 2 | RB 1] Throughput = 1.07146 Mbps
52845[UE 2 | RB 1] Throughput = 1.09367 Mbps
52945[UE 2 | RB 1] Throughput = 1.07634 Mbps
53045[UE 2 | RB 1] Throughput = 1.07727 Mbps
53155[UE 2 | RB 1] Throughput = 1.09136 Mbps
53255[UE 2 | RB 1] Throughput = 0.95561 Mbps
53365[UE 2 | RB 1] Throughput = 1.09144 Mbps
53465[UE 2 | RB 1] Throughput = 1.07769 Mbps
53575[UE 2 | RB 1] Throughput = 1.09250 Mbps
53685[UE 2 | RB 1] Throughput = 1.08920 Mbps
53785[UE 2 | RB 1] Throughput = 1.07487 Mbps
53895[UE 2 | RB 1] Throughput = 1.09030 Mbps
54005[UE 2 | RB 1] Throughput = 0.97944 Mbps
54115[UE 2 | RB 1] Throughput = 1.09110 Mbps
54215[UE 2 | RB 1] Throughput = 1.07735 Mbps
54325[UE 2 | RB 1] Throughput = 1.09344 Mbps
54425[UE 2 | RB 1] Throughput = 1.07311 Mbps
54526[UE 2 | RB 1] Throughput = 1.07494 Mbps
54635[UE 2 | RB 1] Throughput = 1.09535 Mbps
54736[UE 2 | RB 1] Throughput = 0.95492 Mbps
54846[UE 2 | RB 1] Throughput = 1.09027 Mbps
54955[UE 2 | RB 1] Throughput = 1.09028 Mbps
55065[UE 2 | RB 1] Throughput = 1.09056 Mbps
55175[UE 2 | RB 1] Throughput = 1.09021 Mbps
55285[UE 2 | RB 1] Throughput = 0.97855 Mbps
55395[UE 2 | RB 1] Throughput = 1.09254 Mbps
55505[UE 2 | RB 1] Throughput = 1.08835 Mbps
55606[UE 2 | RB 1] Throughput = 1.07612 Mbps
55715[UE 2 | RB 1] Throughput = 1.09205 Mbps
55825[UE 2 | RB 1] Throughput = 1.08909 Mbps
55925[UE 2 | RB 1] Throughput = 1.07737 Mbps
56025[UE 2 | RB 1] Throughput = 0.95829 Mbps
56126[UE 2 | RB 1] Throughput = 1.07740 Mbps
56226[UE 2 | RB 1] Throughput = 1.07662 Mbps
56335[UE 2 | RB 1] Throughput = 1.09350 Mbps
56435[UE 2 | RB 1] Throughput = 1.07848 Mbps
56546[UE 2 | RB 1] Throughput = 1.08577 Mbps
56655[UE 2 | RB 1] Throughput = 1.09283 Mbps
56755[UE 2 | RB 1] Throughput = 1.07813 Mbps
56855[UE 2 | RB 1] Throughput = 0.95800 Mbps
56956[UE 2 | RB 1] Throughput = 1.07805 Mbps
57065[UE 2 | RB 1] Throughput = 1.09061 Mbps
57166[UE 2 | RB 1] Throughput = 1.07557 Mbps
57276[UE 2 | RB 1] Throughput = 1.08971 Mbps
57385[UE 2 | RB 1] Throughput = 1.09218 Mbps
57495[UE 2 | RB 1] Throughput = 1.09054 Mbps
57595[UE 2 | RB 1] Throughput = 0.95867 Mbps
57695[UE 2 | RB 1] Throughput = 1.07810 Mbps
57805[UE 2 | RB 1] Throughput = 1.08866 Mbps
57905[UE 2 | RB 1] Throughput = 1.07795 Mbps
58016[UE 2 | RB 1] Throughput = 1.08604 Mbps
58126[UE 2 | RB 1] Throughput = 1.09106 Mbps
58226[UE 2 | RB 1] Throughput = 1.07656 Mbps
58335[UE 2 | RB 1] Throughput = 0.98624 Mbps
58435[UE 2 | RB 1] Throughput = 1.07644 Mbps
58545[UE 2 | RB 1] Throughput = 1.08960 Mbps
58645[UE 2 | RB 1] Throughput = 1.07828 Mbps
58746[UE 2 | RB 1] Throughput = 1.07621 Mbps
58855[UE 2 | RB 1] Throughput = 1.09193 Mbps
58955[UE 2 | RB 1] Throughput = 1.07820 Mbps
59066[UE 2 | RB 1] Throughput = 1.08598 Mbps
59176[UE 2 | RB 1] Throughput = 0.98255 Mbps
59276[UE 2 | RB 1] Throughput = 1.07833 Mbps
59386[UE 2 | RB 1] Throughput = 1.08771 Mbps
59495[UE 2 | RB 1] Throughput = 1.09276 Mbps
59596[UE 2 | RB 1] Throughput = 1.07388 Mbps
59706[UE 2 | RB 1] Throughput = 1.09186 Mbps
59815[UE 2 | RB 1] Throughput = 0.98168 Mbps
59916[UE 2 | RB 1] Throughput = 1.07577 Mbps
60025[UE 2 | RB 1] Throughput = 1.09416 Mbps
60126[UE 2 | RB 1] Throughput = 1.06595 Mbps
60235[UE 2 | RB 1] Throughput = 1.10011 Mbps
60346[UE 2 | RB 1] Throughput = 1.08475 Mbps
60455[UE 2 | RB 1] Throughput = 0.98647 Mbps
60556[UE 2 | RB 1] Throughput = 1.07284 Mbps
60666[UE 2 | RB 1] Throughput = 1.08911 Mbps
60776[UE 2 | RB 1] Throughput = 1.08813 Mbps
60885[UE 2 | RB 1] Throughput = 1.09339 Mbps
60995[UE 2 | RB 1] Throughput = 1.08948 Mbps
61106[UE 2 | RB 1] Throughput = 0.97941 Mbps
61215[UE 2 | RB 1] Throughput = 1.09174 Mbps
61315[UE 2 | RB 1] Throughput = 1.07775 Mbps
61425[UE 2 | RB 1] Throughput = 1.09198 Mbps
61525[UE 2 | RB 1] Throughput = 1.07743 Mbps
61626[UE 2 | RB 1] Throughput = 1.07413 Mbps
61736[UE 2 | RB 1] Throughput = 1.08869 Mbps
61846[UE 2 | RB 1] Throughput = 0.98303 Mbps
61946[UE 2 | RB 1] Throughput = 1.07770 Mbps
62046[UE 2 | RB 1] Throughput = 1.07556 Mbps
62146[UE 2 | RB 1] Throughput = 1.07598 Mbps
62255[UE 2 | RB 1] Throughput = 1.09593 Mbps
62356[UE 2 | RB 1] Throughput = 1.07661 Mbps
62466[UE 2 | RB 1] Throughput = 1.08806 Mbps
62575[UE 2 | RB 1] Throughput = 1.09327 Mbps
62676[UE 2 | RB 1] Throughput = 0.95560 Mbps
62776[UE 2 | RB 1] Throughput = 1.07686 Mbps
62885[UE 2 | RB 1] Throughput = 1.09391 Mbps
62986[UE 2 | RB 1] Throughput = 1.07284 Mbps
63096[UE 2 | RB 1] Throughput = 1.08975 Mbps
63206[UE 2 | RB 1] Throughput = 1.09171 Mbps
63306[UE 2 | RB 1] Throughput = 1.07545 Mbps
63415[UE 2 | RB 1] Throughput = 0.98542 Mbps
63516[UE 2 | RB 1] Throughput = 1.07568 Mbps
63616[UE 2 | RB 1] Throughput = 1.07803 Mbps
63726[UE 2 | RB 1] Throughput = 1.09023 Mbps
63835[UE 2 | RB 1] Throughput = 1.09240 Mbps
63936[UE 2 | RB 1] Throughput = 1.07447 Mbps
64046[UE 2 | RB 1] Throughput = 1.08998 Mbps
64146[UE 2 | RB 1] Throughput = 1.07853 Mbps
64246[UE 2 | RB 1] Throughput = 0.95845 Mbps
64346[UE 2 | RB 1] Throughput = 1.07779 Mbps
64456[UE 2 | RB 1] Throughput = 1.09032 Mbps
64566[UE 2 | RB 1] Throughput = 1.08987 Mbps
64666[UE 2 | RB 1] Throughput = 1.07563 Mbps
64776[UE 2 | RB 1] Throughput = 1.09331 Mbps
64876[UE 2 | RB 1] Throughput = 1.07489 Mbps
64986[UE 2 | RB 1] Throughput = 0.97862 Mbps
65096[UE 2 | RB 1] Throughput = 1.09104 Mbps
65206[UE 2 | RB 1] Throughput = 1.09370 Mbps
65306[UE 2 | RB 1] Throughput = 1.07634 Mbps
65406[UE 2 | RB 1] Throughput = 1.07651 Mbps
65506[UE 2 | RB 1] Throughput = 1.07620 Mbps
65616[UE 2 | RB 1] Throughput = 1.09436 Mbps
65716[UE 2 | RB 1] Throughput = 1.07654 Mbps
65816[UE 2 | RB 1] Throughput = 0.95628 Mbps
65926[UE 2 | RB 1] Throughput = 1.09222 Mbps
66036[UE 2 | RB 1] Throughput = 1.08864 Mbps
66136[UE 2 | RB 1] Throughput = 1.07507 Mbps
66246[UE 2 | RB 1] Throughput = 1.09195 Mbps
66356[UE 2 | RB 1] Throughput = 1.09156 Mbps
66456[UE 2 | RB 1] Throughput = 1.07675 Mbps
66556[UE 2 | RB 1] Throughput = 0.95811 Mbps
66666[UE 2 | RB 1] Throughput = 1.09262 Mbps
66766[UE 2 | RB 1] Throughput = 1.07574 Mbps
66876[UE 2 | RB 1] Throughput = 1.08920 Mbps
66976[UE 2 | RB 1] Throughput = 1.07622 Mbps
67086[UE 2 | RB 1] Throughput = 1.09343 Mbps
67196[UE 2 | RB 1] Throughput = 0.97592 Mbps
67306[UE 2 | RB 1] Throughput = 1.09612 Mbps
67406[UE 2 | RB 1] Throughput = 1.07615 Mbps
67516[UE 2 | RB 1] Throughput = 1.08576 Mbps
67626[UE 2 | RB 1] Throughput = 1.09263 Mbps
67726[UE 2 | RB 1] Throughput = 1.07678 Mbps
67836[UE 2 | RB 1] Throughput = 1.08939 Mbps
67946[UE 2 | RB 1] Throughput = 0.98190 Mbps
68046[UE 2 | RB 1] Throughput = 1.07837 Mbps
68156[UE 2 | RB 1] Throughput = 1.08689 Mbps
68266[UE 2 | RB 1] Throughput = 1.09215 Mbps
68366[UE 2 | RB 1] Throughput = 1.07785 Mbps
68466[UE 2 | RB 1] Throughput = 1.07578 Mbps
68576[UE 2 | RB 1] Throughput = 1.09220 Mbps
68686[UE 2 | RB 1] Throughput = 0.97861 Mbps
68786[UE 2 | RB 1] Throughput = 1.07779 Mbps
68896[UE 2 | RB 1] Throughput = 1.09145 Mbps
68996[UE 2 | RB 1] Throughput = 1.07726 Mbps
69106[UE 2 | RB 1] Throughput = 1.09378 Mbps
69206[UE 2 | RB 1] Throughput = 1.07104 Mbps
69316[UE 2 | RB 1] Throughput = 1.09482 Mbps
69416[UE 2 | RB 1] Throughput = 0.95413 Mbps
69526[UE 2 | RB 1] Throughput = 1.09189 Mbps
69636[UE 2 | RB 1] Throughput = 1.09004 Mbps
69736[UE 2 | RB 1] Throughput = 1.07584 Mbps
69836[UE 2 | RB 1] Throughput = 1.07806 Mbps
69946[UE 2 | RB 1] Throughput = 1.09321 Mbps
70056[UE 2 | RB 1] Throughput = 0.97704 Mbps
70166[UE 2 | RB 1] Throughput = 1.09378 Mbps
70276[UE 2 | RB 1] Throughput = 1.09066 Mbps
70376[UE 2 | RB 1] Throughput = 1.07409 Mbps
70477[UE 2 | RB 1] Throughput = 1.07510 Mbps
70586[UE 2 | RB 1] Throughput = 1.09315 Mbps
70696[UE 2 | RB 1] Throughput = 1.08881 Mbps
70796[UE 2 | RB 1] Throughput = 0.95835 Mbps
70906[UE 2 | RB 1] Throughput = 1.09139 Mbps
71006[UE 2 | RB 1] Throughput = 1.07854 Mbps
71106[UE 2 | RB 1] Throughput = 1.07615 Mbps
71216[UE 2 | RB 1] Throughput = 1.09057 Mbps
71326[UE 2 | RB 1] Throughput = 1.08788 Mbps
71436[UE 2 | RB 1] Throughput = 1.09446 Mbps
71536[UE 2 | RB 1] Throughput = 0.95724 Mbps
71636[UE 2 | RB 1] Throughput = 1.07814 Mbps
71746[UE 2 | RB 1] Throughput = 1.08888 Mbps
71856[UE 2 | RB 1] Throughput = 1.09007 Mbps
71966[UE 2 | RB 1] Throughput = 1.08974 Mbps
72066[UE 2 | RB 1] Throughput = 1.07843 Mbps
72166[UE 2 | RB 1] Throughput = 1.07552 Mbps
72276[UE 2 | RB 1] Throughput = 0.98290 Mbps
72376[UE 2 | RB 1] Throughput = 1.07757 Mbps
72486[UE 2 | RB 1] Throughput = 1.09041 Mbps
72586[UE 2 | RB 1] Throughput = 1.07557 Mbps
72696[UE 2 | RB 1] Throughput = 1.09183 Mbps
72796[UE 2 | RB 1] Throughput = 1.07796 Mbps
72897[UE 2 | RB 1] Throughput = 1.07467 Mbps
73006[UE 2 | RB 1] Throughput = 1.09293 Mbps
73106[UE 2 | RB 1] Throughput = 0.95863 Mbps
73216[UE 2 | RB 1] Throughput = 1.08714 Mbps
73326[UE 2 | RB 1] Throughput = 1.09187 Mbps
73436[UE 2 | RB 1] Throughput = 1.09058 Mbps
73546[UE 2 | RB 1] Throughput = 1.08745 Mbps
73647[UE 2 | RB 1] Throughput = 1.07474 Mbps
73756[UE 2 | RB 1] Throughput = 0.98489 Mbps
73856[UE 2 | RB 1] Throughput = 1.07756 Mbps
73956[UE 2 | RB 1] Throughput = 1.07856 Mbps
74057[UE 2 | RB 1] Throughput = 1.07426 Mbps
74157[UE 2 | RB 1] Throughput = 1.07746 Mbps
74267[UE 2 | RB 1] Throughput = 1.09062 Mbps
74367[UE 2 | RB 1] Throughput = 1.07785 Mbps
74476[UE 2 | RB 1] Throughput = 1.09238 Mbps
74586[UE 2 | RB 1] Throughput = 0.98231 Mbps
74696[UE 2 | RB 1] Throughput = 1.08969 Mbps
74796[UE 2 | RB 1] Throughput = 1.07648 Mbps
74906[UE 2 | RB 1] Throughput = 1.08844 Mbps
75007[UE 2 | RB 1] Throughput = 1.07621 Mbps
75117[UE 2 | RB 1] Throughput = 1.09076 Mbps
75217[UE 2 | RB 1] Throughput = 1.07851 Mbps
75326[UE 2 | RB 1] Throughput = 0.98220 Mbps
75436[UE 2 | RB 1] Throughput = 1.09110 Mbps
75537[UE 2 | RB 1] Throughput = 1.07523 Mbps
75646[UE 2 | RB 1] Throughput = 1.09024 Mbps
75746[UE 2 | RB 1] Throughput = 1.07779 Mbps
75847[UE 2 | RB 1] Throughput = 1.07476 Mbps
75956[UE 2 | RB 1] Throughput = 1.09368 Mbps
76057[UE 2 | RB 1] Throughput = 1.07764 Mbps
76167[UE 2 | RB 1] Throughput = 0.97762 Mbps
76277[UE 2 | RB 1] Throughput = 1.08984 Mbps
76387[UE 2 | RB 1] Throughput = 1.09129 Mbps
76487[UE 2 | RB 1] Throughput = 1.07687 Mbps
76587[UE 2 | RB 1] Throughput = 1.07848 Mbps
76688[UE 2 | RB 1] Throughput = 1.07050 Mbps
76796[UE 2 | RB 1] Throughput = 1.10047 Mbps
76897[UE 2 | RB 1] Throughput = 0.95801 Mbps
77007[UE 2 | RB 1] Throughput = 1.08906 Mbps
77107[UE 2 | RB 1] Throughput = 1.07762 Mbps
77216[UE 2 | RB 1] Throughput = 1.09103 Mbps
77326[UE 2 | RB 1] Throughput = 1.09006 Mbps
77427[UE 2 | RB 1] Throughput = 1.07754 Mbps
77527[UE 2 | RB 1] Throughput = 1.07330 Mbps
77637[UE 2 | RB 1] Throughput = 0.97952 Mbps
77747[UE 2 | RB 1] Throughput = 1.09431 Mbps
77847[UE 2 | RB 1] Throughput = 1.07756 Mbps
77956[UE 2 | RB 1] Throughput = 1.09207 Mbps
78066[UE 2 | RB 1] Throughput = 1.09069 Mbps
78167[UE 2 | RB 1] Throughput = 1.07211 Mbps
78267[UE 2 | RB 1] Throughput = 1.07736 Mbps
78377[UE 2 | RB 1] Throughput = 0.98350 Mbps
78487[UE 2 | RB 1] Throughput = 1.09024 Mbps
78587[UE 2 | RB 1] Throughput = 1.07576 Mbps
78697[UE 2 | RB 1] Throughput = 1.08993 Mbps
78807[UE 2 | RB 1] Throughput = 1.08866 Mbps
78907[UE 2 | RB 1] Throughput = 1.07814 Mbps
79017[UE 2 | RB 1] Throughput = 0.98349 Mbps
79126[UE 2 | RB 1] Throughput = 1.09207 Mbps
79227[UE 2 | RB 1] Throughput = 1.07566 Mbps
79327[UE 2 | RB 1] Throughput = 1.07838 Mbps
79437[UE 2 | RB 1] Throughput = 1.08808 Mbps
79546[UE 2 | RB 1] Throughput = 1.09438 Mbps
79647[UE 2 | RB 1] Throughput = 1.07274 Mbps
79756[UE 2 | RB 1] Throughput = 0.98470 Mbps
79856[UE 2 | RB 1] Throughput = 1.07776 Mbps
79957[UE 2 | RB 1] Throughput = 1.07442 Mbps
80067[UE 2 | RB 1] Throughput = 1.09062 Mbps
80177[UE 2 | RB 1] Throughput = 1.08875 Mbps
80277[UE 2 | RB 1] Throughput = 1.07485 Mbps
80387[UE 2 | RB 1] Throughput = 1.09310 Mbps
80487[UE 2 | RB 1] Throughput = 1.07696 Mbps
80597[UE 2 | RB 1] Throughput = 0.98264 Mbps
80697[UE 2 | RB 1] Throughput = 1.07629 Mbps
80806[UE 2 | RB 1] Throughput = 1.09426 Mbps
80907[UE 2 | RB 1] Throughput = 1.07249 Mbps
81016[UE 2 | RB 1] Throughput = 1.09493 Mbps
81117[UE 2 | RB 1] Throughput = 1.07215 Mbps
81227[UE 2 | RB 1] Throughput = 1.09138 Mbps
81336[UE 2 | RB 1] Throughput = 0.98350 Mbps
81437[UE 2 | RB 1] Throughput = 1.07771 Mbps
81537[UE 2 | RB 1] Throughput = 1.07650 Mbps
81637[UE 2 | RB 1] Throughput = 1.07293 Mbps
81747[UE 2 | RB 1] Throughput = 1.09533 Mbps
81857[UE 2 | RB 1] Throughput = 1.08976 Mbps
81967[UE 2 | RB 1] Throughput = 1.08626 Mbps
82077[UE 2 | RB 1] Throughput = 0.98009 Mbps
82187[UE 2 | RB 1] Throughput = 1.09266 Mbps
82297[UE 2 | RB 1] Throughput = 1.09081 Mbps
82397[UE 2 | RB 1] Throughput = 1.07783 Mbps
82497[UE 2 | RB 1] Throughput = 1.07540 Mbps
82607[UE 2 | RB 1] Throughput = 1.08384 Mbps
82717[UE 2 | RB 1] Throughput = 0.98554 Mbps
82827[UE 2 | RB 1] Throughput = 1.09070 Mbps
82927[UE 2 | RB 1] Throughput = 1.07817 Mbps
83027[UE 2 | RB 1] Throughput = 1.07370 Mbps
83137[UE 2 | RB 1] Throughput = 1.09518 Mbps
83237[UE 2 | RB 1] Throughput = 1.07818 Mbps
83347[UE 2 | RB 1] Throughput = 1.08796 Mbps
83447[UE 2 | RB 1] Throughput = 0.95756 Mbps
83557[UE 2 | RB 1] Throughput = 1.08821 Mbps
83667[UE 2 | RB 1] Throughput = 1.08699 Mbps
83777[UE 2 | RB 1] Throughput = 1.09259 Mbps
83887[UE 2 | RB 1] Throughput = 1.08766 Mbps
83997[UE 2 | RB 1] Throughput = 1.09514 Mbps
84097[UE 2 | RB 1] Throughput = 0.95548 Mbps
84197[UE 2 | RB 1] Throughput = 1.07765 Mbps
84307[UE 2 | RB 1] Throughput = 1.09174 Mbps
84407[UE 2 | RB 1] Throughput = 1.07633 Mbps
84517[UE 2 | RB 1] Throughput = 1.09233 Mbps
84617[UE 2 | RB 1] Throughput = 1.07403 Mbps
84727[UE 2 | RB 1] Throughput = 1.08981 Mbps
84837[UE 2 | RB 1] Throughput = 0.98187 Mbps
84937[UE 2 | RB 1] Throughput = 1.07803 Mbps
85047[UE 2 | RB 1] Throughput = 1.09380 Mbps
85147[UE 2 | RB 1] Throughput = 1.07417 Mbps
85257[UE 2 | RB 1] Throughput = 1.09071 Mbps
85357[UE 2 | RB 1] Throughput = 1.07803 Mbps
85457[UE 2 | RB 1] Throughput = 1.07676 Mbps
85557[UE 2 | RB 1] Throughput = 1.07694 Mbps
85667[UE 2 | RB 1] Throughput = 0.98583 Mbps
85777[UE 2 | RB 1] Throughput = 1.08808 Mbps
85877[UE 2 | RB 1] Throughput = 1.07818 Mbps
85977[UE 2 | RB 1] Throughput = 1.07556 Mbps
86087[UE 2 | RB 1] Throughput = 1.09036 Mbps
86197[UE 2 | RB 1] Throughput = 1.08823 Mbps
86307[UE 2 | RB 1] Throughput = 1.09065 Mbps
86407[UE 2 | RB 1] Throughput = 0.95748 Mbps
86517[UE 2 | RB 1] Throughput = 1.09092 Mbps
86627[UE 2 | RB 1] Throughput = 1.08945 Mbps
86727[UE 2 | RB 1] Throughput = 1.07678 Mbps
86827[UE 2 | RB 1] Throughput = 1.07690 Mbps
86937[UE 2 | RB 1] Throughput = 1.09311 Mbps
87037[UE 2 | RB 1] Throughput = 1.07814 Mbps
87147[UE 2 | RB 1] Throughput = 0.98198 Mbps
87257[UE 2 | RB 1] Throughput = 1.08995 Mbps
87357[UE 2 | RB 1] Throughput = 1.07635 Mbps
87457[UE 2 | RB 1] Throughput = 1.07783 Mbps
87567[UE 2 | RB 1] Throughput = 1.08705 Mbps
87677[UE 2 | RB 1] Throughput = 1.09054 Mbps
87777[UE 2 | RB 1] Throughput = 1.07735 Mbps
87887[UE 2 | RB 1] Throughput = 0.98341 Mbps
87987[UE 2 | RB 1] Throughput = 1.07810 Mbps
88087[UE 2 | RB 1] Throughput = 1.07799 Mbps
88187[UE 2 | RB 1] Throughput = 1.07845 Mbps
88287[UE 2 | RB 1] Throughput = 1.07576 Mbps
88397[UE 2 | RB 1] Throughput = 1.09023 Mbps
88507[UE 2 | RB 1] Throughput = 1.09002 Mbps
88617[UE 2 | RB 1] Throughput = 0.98091 Mbps
88727[UE 2 | RB 1] Throughput = 1.08936 Mbps
88837[UE 2 | RB 1] Throughput = 1.09391 Mbps
88937[UE 2 | RB 1] Throughput = 1.07469 Mbps
89047[UE 2 | RB 1] Throughput = 1.08783 Mbps
89157[UE 2 | RB 1] Throughput = 1.09168 Mbps
89267[UE 2 | RB 1] Throughput = 0.97890 Mbps
89377[UE 2 | RB 1] Throughput = 1.09163 Mbps
89487[UE 2 | RB 1] Throughput = 1.09062 Mbps
89587[UE 2 | RB 1] Throughput = 1.07823 Mbps
89687[UE 2 | RB 1] Throughput = 1.07817 Mbps
89787[UE 2 | RB 1] Throughput = 1.07452 Mbps
89897[UE 2 | RB 1] Throughput = 1.09345 Mbps
89997[UE 2 | RB 1] Throughput = 1.07542 Mbps
90107[UE 2 | RB 1] Throughput = 0.98423 Mbps
90207[UE 2 | RB 1] Throughput = 1.07463 Mbps
90307[UE 2 | RB 1] Throughput = 1.07654 Mbps
90417[UE 2 | RB 1] Throughput = 1.08872 Mbps
90527[UE 2 | RB 1] Throughput = 1.09284 Mbps
90637[UE 2 | RB 1] Throughput = 1.08980 Mbps
90737[UE 2 | RB 1] Throughput = 1.07484 Mbps
90847[UE 2 | RB 1] Throughput = 0.98248 Mbps
90947[UE 2 | RB 1] Throughput = 1.07796 Mbps
91047[UE 2 | RB 1] Throughput = 1.07812 Mbps
[xApp]: E42 RIC_SUBSCRIPTION_DELETE_REQUEST tx RAN_FUNC_ID 144 RIC_REQ_ID 1 
[xApp]: E42 SUBSCRIPTION DELETE RESPONSE rx
[xApp]: E42 RIC_SUBSCRIPTION_DELETE_REQUEST tx RAN_FUNC_ID 144 RIC_REQ_ID 2 
[xApp]: E42 SUBSCRIPTION DELETE RESPONSE rx
[xApp]: E42 RIC_SUBSCRIPTION_DELETE_REQUEST tx RAN_FUNC_ID 144 RIC_REQ_ID 3 
[xApp]: E42 SUBSCRIPTION DELETE RESPONSE rx
[xApp]: E42 RIC_SUBSCRIPTION_DELETE_REQUEST tx RAN_FUNC_ID 144 RIC_REQ_ID 4 
[xApp]: E42 SUBSCRIPTION DELETE RESPONSE rx
[xApp]: Sucessfully stopped 
Test xApp run SUCCESSFULLY
