[UTIL]: Setting the config -c file to /usr/local/etc/flexric/flexric.conf
[UTIL]: Setting path -p for the shared libraries to /usr/local/lib/flexric/
[xAapp]: Initializing ... 
[xApp]: nearRT-RIC IP Address = 192.168.70.150, PORT = 36422
[E2 AGENT]: Opening plugin from path = /usr/local/lib/flexric/libkpm_sm.so 
[E2 AGENT]: Opening plugin from path = /usr/local/lib/flexric/libmac_sm.so 
[E2 AGENT]: Opening plugin from path = /usr/local/lib/flexric/libpdcp_sm.so 
[E2 AGENT]: Opening plugin from path = /usr/local/lib/flexric/libgtp_sm.so 
[E2 AGENT]: Opening plugin from path = /usr/local/lib/flexric/librc_sm.so 
[E2 AGENT]: Opening plugin from path = /usr/local/lib/flexric/libtc_sm.so 
[E2 AGENT]: Opening plugin from path = /usr/local/lib/flexric/librlc_sm.so 
[E2 AGENT]: Opening plugin from path = /usr/local/lib/flexric/libslice_sm.so 
[NEAR-RIC]: Loading SM ID = 2 with def = ORAN-E2SM-KPM 
[NEAR-RIC]: Loading SM ID = 142 with def = MAC_STATS_V0 
[NEAR-RIC]: Loading SM ID = 144 with def = PDCP_STATS_V0 
[NEAR-RIC]: Loading SM ID = 148 with def = GTP_STATS_V0 
[NEAR-RIC]: Loading SM ID = 3 with def = ORAN-E2SM-RC 
[NEAR-RIC]: Loading SM ID = 146 with def = TC_STATS_V0 
[NEAR-RIC]: Loading SM ID = 143 with def = RLC_STATS_V0 
[NEAR-RIC]: Loading SM ID = 145 with def = SLICE_STATS_V0 
[xApp]: DB filename = /tmp/flexric/xapp_db 
 [xApp]: E42 SETUP-REQUEST tx
[xApp]: E42 SETUP-RESPONSE rx 
[xApp]: xApp ID = 70 
[xApp]: Registered E2 Nodes = 4 
Connected E2 nodes = 4
[xAPP] Registered node 0 ran func id = 2 
 [xAPP] Registered node 0 ran func id = 3 
 [xAPP] Registered node 0 ran func id = 142 
 [xAPP] Registered node 0 ran func id = 143 
 [xAPP] Registered node 0 ran func id = 144 
 [xAPP] Registered node 0 ran func id = 145 
 [xAPP] Registered node 0 ran func id = 146 
 [xAPP] Registered node 0 ran func id = 148 
 [xApp]: E42 RIC SUBSCRIPTION REQUEST tx RAN_FUNC_ID 144 RIC_REQ_ID 1 
[xApp]: SUBSCRIPTION RESPONSE rx
[xApp]: Successfully subscribed to RAN_FUNC_ID 144 
[xAPP] Registered node 1 ran func id = 2 
 [xAPP] Registered node 1 ran func id = 3 
 [xAPP] Registered node 1 ran func id = 142 
 [xAPP] Registered node 1 ran func id = 143 
 [xAPP] Registered node 1 ran func id = 144 
 [xAPP] Registered node 1 ran func id = 145 
 [xAPP] Registered node 1 ran func id = 146 
 [xAPP] Registered node 1 ran func id = 148 
 [xApp]: E42 RIC SUBSCRIPTION REQUEST tx RAN_FUNC_ID 144 RIC_REQ_ID 2 
[xApp]: SUBSCRIPTION RESPONSE rx
[xApp]: Successfully subscribed to RAN_FUNC_ID 144 
[xAPP] Registered node 2 ran func id = 2 
 [xAPP] Registered node 2 ran func id = 3 
 [xAPP] Registered node 2 ran func id = 142 
 [xAPP] Registered node 2 ran func id = 143 
 [xAPP] Registered node 2 ran func id = 144 
 [xAPP] Registered node 2 ran func id = 145 
 [xAPP] Registered node 2 ran func id = 146 
 [xAPP] Registered node 2 ran func id = 148 
 [xApp]: E42 RIC SUBSCRIPTION REQUEST tx RAN_FUNC_ID 144 RIC_REQ_ID 3 
113[UE 2 | RB 1] Throughput = 1.07211 Mbps
223[UE 2 | RB 1] Throughput = 1.09218 Mbps
323[UE 2 | RB 1] Throughput = 0.95810 Mbps
423[UE 2 | RB 1] Throughput = 1.07847 Mbps
523[UE 2 | RB 1] Throughput = 1.07717 Mbps
623[UE 2 | RB 1] Throughput = 1.07807 Mbps
733[UE 2 | RB 1] Throughput = 1.09545 Mbps
833[UE 2 | RB 1] Throughput = 1.07689 Mbps
943[UE 2 | RB 1] Throughput = 1.08643 Mbps
[xApp]: SUBSCRIPTION RESPONSE rx
[xApp]: Successfully subscribed to RAN_FUNC_ID 144 
[xAPP] Registered node 3 ran func id = 2 
 [xAPP] Registered node 3 ran func id = 3 
 [xAPP] Registered node 3 ran func id = 142 
 [xAPP] Registered node 3 ran func id = 143 
 [xAPP] Registered node 3 ran func id = 144 
 [xAPP] Registered node 3 ran func id = 145 
 [xAPP] Registered node 3 ran func id = 146 
 [xAPP] Registered node 3 ran func id = 148 
 [xApp]: E42 RIC SUBSCRIPTION REQUEST tx RAN_FUNC_ID 144 RIC_REQ_ID 4 
[xApp]: SUBSCRIPTION RESPONSE rx
[xApp]: Successfully subscribed to RAN_FUNC_ID 144 
1053[UE 2 | RB 1] Throughput = 1.09047 Mbps
1153[UE 2 | RB 1] Throughput = 0.95627 Mbps
1253[UE 2 | RB 1] Throughput = 1.07609 Mbps
1363[UE 2 | RB 1] Throughput = 1.09157 Mbps
1473[UE 2 | RB 1] Throughput = 1.08758 Mbps
1583[UE 2 | RB 1] Throughput = 1.09237 Mbps
1683[UE 2 | RB 1] Throughput = 1.07626 Mbps
1793[UE 2 | RB 1] Throughput = 1.09052 Mbps
1893[UE 2 | RB 1] Throughput = 0.95763 Mbps
2003[UE 2 | RB 1] Throughput = 1.09481 Mbps
2103[UE 2 | RB 1] Throughput = 1.07249 Mbps
2204[UE 2 | RB 1] Throughput = 1.07459 Mbps
2313[UE 2 | RB 1] Throughput = 1.09378 Mbps
2423[UE 2 | RB 1] Throughput = 1.09252 Mbps
2523[UE 2 | RB 1] Throughput = 1.07697 Mbps
2623[UE 2 | RB 1] Throughput = 1.07694 Mbps
2733[UE 2 | RB 1] Throughput = 0.98040 Mbps
2843[UE 2 | RB 1] Throughput = 1.09233 Mbps
2954[UE 2 | RB 1] Throughput = 1.08334 Mbps
3063[UE 2 | RB 1] Throughput = 1.09639 Mbps
3163[UE 2 | RB 1] Throughput = 1.07582 Mbps
3263[UE 2 | RB 1] Throughput = 1.07707 Mbps
3373[UE 2 | RB 1] Throughput = 0.98310 Mbps
3473[UE 2 | RB 1] Throughput = 1.07694 Mbps
3573[UE 2 | RB 1] Throughput = 1.07856 Mbps
3683[UE 2 | RB 1] Throughput = 1.08824 Mbps
3793[UE 2 | RB 1] Throughput = 1.09195 Mbps
3903[UE 2 | RB 1] Throughput = 1.09007 Mbps
4003[UE 2 | RB 1] Throughput = 1.07546 Mbps
4113[UE 2 | RB 1] Throughput = 0.98100 Mbps
4223[UE 2 | RB 1] Throughput = 1.09115 Mbps
4323[UE 2 | RB 1] Throughput = 1.07549 Mbps
4433[UE 2 | RB 1] Throughput = 1.08841 Mbps
4544[UE 2 | RB 1] Throughput = 1.08399 Mbps
4653[UE 2 | RB 1] Throughput = 1.09846 Mbps
4753[UE 2 | RB 1] Throughput = 0.95658 Mbps
4853[UE 2 | RB 1] Throughput = 1.07731 Mbps
4963[UE 2 | RB 1] Throughput = 1.08914 Mbps
5063[UE 2 | RB 1] Throughput = 1.07819 Mbps
5164[UE 2 | RB 1] Throughput = 1.07668 Mbps
5273[UE 2 | RB 1] Throughput = 1.09455 Mbps
5373[UE 2 | RB 1] Throughput = 1.07645 Mbps
5483[UE 2 | RB 1] Throughput = 1.08869 Mbps
5594[UE 2 | RB 1] Throughput = 0.97637 Mbps
5703[UE 2 | RB 1] Throughput = 1.09478 Mbps
5803[UE 2 | RB 1] Throughput = 1.07737 Mbps
5913[UE 2 | RB 1] Throughput = 1.09215 Mbps
6023[UE 2 | RB 1] Throughput = 1.09017 Mbps
6123[UE 2 | RB 1] Throughput = 1.07513 Mbps
6234[UE 2 | RB 1] Throughput = 0.97634 Mbps
6343[UE 2 | RB 1] Throughput = 1.09424 Mbps
6453[UE 2 | RB 1] Throughput = 1.09073 Mbps
6554[UE 2 | RB 1] Throughput = 1.07532 Mbps
6654[UE 2 | RB 1] Throughput = 1.07461 Mbps
6763[UE 2 | RB 1] Throughput = 1.09735 Mbps
6863[UE 2 | RB 1] Throughput = 1.07785 Mbps
6973[UE 2 | RB 1] Throughput = 0.98001 Mbps
7074[UE 2 | RB 1] Throughput = 1.07355 Mbps
7183[UE 2 | RB 1] Throughput = 1.09508 Mbps
7283[UE 2 | RB 1] Throughput = 1.07714 Mbps
7393[UE 2 | RB 1] Throughput = 1.08894 Mbps
7503[UE 2 | RB 1] Throughput = 1.09073 Mbps
7603[UE 2 | RB 1] Throughput = 1.07639 Mbps
7713[UE 2 | RB 1] Throughput = 0.98336 Mbps
7814[UE 2 | RB 1] Throughput = 1.07441 Mbps
7923[UE 2 | RB 1] Throughput = 1.09365 Mbps
8024[UE 2 | RB 1] Throughput = 1.07393 Mbps
8134[UE 2 | RB 1] Throughput = 1.08692 Mbps
8244[UE 2 | RB 1] Throughput = 1.09193 Mbps
8354[UE 2 | RB 1] Throughput = 1.08954 Mbps
8454[UE 2 | RB 1] Throughput = 0.95537 Mbps
8563[UE 2 | RB 1] Throughput = 1.09660 Mbps
8664[UE 2 | RB 1] Throughput = 1.07422 Mbps
8774[UE 2 | RB 1] Throughput = 1.08945 Mbps
8874[UE 2 | RB 1] Throughput = 1.07706 Mbps
8984[UE 2 | RB 1] Throughput = 1.09019 Mbps
9084[UE 2 | RB 1] Throughput = 1.07703 Mbps
9194[UE 2 | RB 1] Throughput = 0.98101 Mbps
9303[UE 2 | RB 1] Throughput = 1.09274 Mbps
9403[UE 2 | RB 1] Throughput = 1.07779 Mbps
9504[UE 2 | RB 1] Throughput = 1.07633 Mbps
9614[UE 2 | RB 1] Throughput = 1.09059 Mbps
9723[UE 2 | RB 1] Throughput = 1.09176 Mbps
9823[UE 2 | RB 1] Throughput = 1.07713 Mbps
9923[UE 2 | RB 1] Throughput = 1.07839 Mbps
10034[UE 2 | RB 1] Throughput = 0.97906 Mbps
10134[UE 2 | RB 1] Throughput = 1.07530 Mbps
10244[UE 2 | RB 1] Throughput = 1.09186 Mbps
10344[UE 2 | RB 1] Throughput = 1.07480 Mbps
10454[UE 2 | RB 1] Throughput = 1.09265 Mbps
10563[UE 2 | RB 1] Throughput = 1.09307 Mbps
10664[UE 2 | RB 1] Throughput = 0.95684 Mbps
10774[UE 2 | RB 1] Throughput = 1.08936 Mbps
10883[UE 2 | RB 1] Throughput = 1.09196 Mbps
10984[UE 2 | RB 1] Throughput = 1.07435 Mbps
11094[UE 2 | RB 1] Throughput = 1.09087 Mbps
11194[UE 2 | RB 1] Throughput = 1.07840 Mbps
11294[UE 2 | RB 1] Throughput = 1.07807 Mbps
11394[UE 2 | RB 1] Throughput = 1.07787 Mbps
11504[UE 2 | RB 1] Throughput = 0.98059 Mbps
11604[UE 2 | RB 1] Throughput = 1.07801 Mbps
11714[UE 2 | RB 1] Throughput = 1.08626 Mbps
11824[UE 2 | RB 1] Throughput = 1.09433 Mbps
11934[UE 2 | RB 1] Throughput = 1.08784 Mbps
12043[UE 2 | RB 1] Throughput = 1.09286 Mbps
12144[UE 2 | RB 1] Throughput = 0.95580 Mbps
12253[UE 2 | RB 1] Throughput = 1.09218 Mbps
12354[UE 2 | RB 1] Throughput = 1.07605 Mbps
12454[UE 2 | RB 1] Throughput = 1.07480 Mbps
12554[UE 2 | RB 1] Throughput = 1.07803 Mbps
12664[UE 2 | RB 1] Throughput = 1.09414 Mbps
12774[UE 2 | RB 1] Throughput = 1.08500 Mbps
12883[UE 2 | RB 1] Throughput = 0.98581 Mbps
12984[UE 2 | RB 1] Throughput = 1.07558 Mbps
13084[UE 2 | RB 1] Throughput = 1.07810 Mbps
13184[UE 2 | RB 1] Throughput = 1.07819 Mbps
13294[UE 2 | RB 1] Throughput = 1.09185 Mbps
13394[UE 2 | RB 1] Throughput = 1.07702 Mbps
13503[UE 2 | RB 1] Throughput = 1.09360 Mbps
13604[UE 2 | RB 1] Throughput = 1.07446 Mbps
13704[UE 2 | RB 1] Throughput = 1.07852 Mbps
13814[UE 2 | RB 1] Throughput = 0.98088 Mbps
13914[UE 2 | RB 1] Throughput = 1.07592 Mbps
14023[UE 2 | RB 1] Throughput = 1.09416 Mbps
14124[UE 2 | RB 1] Throughput = 1.07468 Mbps
14233[UE 2 | RB 1] Throughput = 1.09278 Mbps
14334[UE 2 | RB 1] Throughput = 1.07291 Mbps
14444[UE 2 | RB 1] Throughput = 1.09207 Mbps
14544[UE 2 | RB 1] Throughput = 0.95538 Mbps
14654[UE 2 | RB 1] Throughput = 1.09010 Mbps
14754[UE 2 | RB 1] Throughput = 1.07847 Mbps
14864[UE 2 | RB 1] Throughput = 1.09145 Mbps
14964[UE 2 | RB 1] Throughput = 1.07732 Mbps
15073[UE 2 | RB 1] Throughput = 1.09334 Mbps
15174[UE 2 | RB 1] Throughput = 1.07265 Mbps
15284[UE 2 | RB 1] Throughput = 0.98289 Mbps
15394[UE 2 | RB 1] Throughput = 1.08892 Mbps
15504[UE 2 | RB 1] Throughput = 1.09093 Mbps
15604[UE 2 | RB 1] Throughput = 1.07810 Mbps
15704[UE 2 | RB 1] Throughput = 1.07585 Mbps
15804[UE 2 | RB 1] Throughput = 1.07751 Mbps
15914[UE 2 | RB 1] Throughput = 1.09349 Mbps
16024[UE 2 | RB 1] Throughput = 0.98011 Mbps
16134[UE 2 | RB 1] Throughput = 1.08662 Mbps
16244[UE 2 | RB 1] Throughput = 1.08974 Mbps
16354[UE 2 | RB 1] Throughput = 1.09037 Mbps
16464[UE 2 | RB 1] Throughput = 1.08760 Mbps
16574[UE 2 | RB 1] Throughput = 0.98167 Mbps
16674[UE 2 | RB 1] Throughput = 1.07714 Mbps
16774[UE 2 | RB 1] Throughput = 1.07830 Mbps
16884[UE 2 | RB 1] Throughput = 1.09319 Mbps
16984[UE 2 | RB 1] Throughput = 1.07566 Mbps
17084[UE 2 | RB 1] Throughput = 1.07722 Mbps
17194[UE 2 | RB 1] Throughput = 1.09229 Mbps
17294[UE 2 | RB 1] Throughput = 1.07512 Mbps
17404[UE 2 | RB 1] Throughput = 0.98156 Mbps
17514[UE 2 | RB 1] Throughput = 1.09112 Mbps
17614[UE 2 | RB 1] Throughput = 1.07745 Mbps
17714[UE 2 | RB 1] Throughput = 1.07819 Mbps
17824[UE 2 | RB 1] Throughput = 1.09202 Mbps
17924[UE 2 | RB 1] Throughput = 1.07483 Mbps
18034[UE 2 | RB 1] Throughput = 1.09102 Mbps
18134[UE 2 | RB 1] Throughput = 1.07604 Mbps
18234[UE 2 | RB 1] Throughput = 1.07761 Mbps
18344[UE 2 | RB 1] Throughput = 0.98217 Mbps
18444[UE 2 | RB 1] Throughput = 1.07480 Mbps
18554[UE 2 | RB 1] Throughput = 1.09025 Mbps
18664[UE 2 | RB 1] Throughput = 1.09272 Mbps
18764[UE 2 | RB 1] Throughput = 1.07649 Mbps
18874[UE 2 | RB 1] Throughput = 1.08964 Mbps
18974[UE 2 | RB 1] Throughput = 0.95789 Mbps
19084[UE 2 | RB 1] Throughput = 1.09016 Mbps
19194[UE 2 | RB 1] Throughput = 1.08963 Mbps
19294[UE 2 | RB 1] Throughput = 1.07806 Mbps
19394[UE 2 | RB 1] Throughput = 1.07750 Mbps
19504[UE 2 | RB 1] Throughput = 1.09188 Mbps
19604[UE 2 | RB 1] Throughput = 1.07412 Mbps
19714[UE 2 | RB 1] Throughput = 0.98543 Mbps
19814[UE 2 | RB 1] Throughput = 1.07512 Mbps
19924[UE 2 | RB 1] Throughput = 1.09207 Mbps
20024[UE 2 | RB 1] Throughput = 1.07802 Mbps
20134[UE 2 | RB 1] Throughput = 1.08863 Mbps
20244[UE 2 | RB 1] Throughput = 1.09021 Mbps
20344[UE 2 | RB 1] Throughput = 1.07565 Mbps
20454[UE 2 | RB 1] Throughput = 0.98133 Mbps
20564[UE 2 | RB 1] Throughput = 1.09267 Mbps
20664[UE 2 | RB 1] Throughput = 1.07365 Mbps
20774[UE 2 | RB 1] Throughput = 1.09202 Mbps
20874[UE 2 | RB 1] Throughput = 1.07683 Mbps
20974[UE 2 | RB 1] Throughput = 1.07839 Mbps
21084[UE 2 | RB 1] Throughput = 1.09114 Mbps
21184[UE 2 | RB 1] Throughput = 1.07591 Mbps
21294[UE 2 | RB 1] Throughput = 0.98248 Mbps
21404[UE 2 | RB 1] Throughput = 1.08817 Mbps
21504[UE 2 | RB 1] Throughput = 1.07660 Mbps
21614[UE 2 | RB 1] Throughput = 1.09341 Mbps
21724[UE 2 | RB 1] Throughput = 1.08976 Mbps
21824[UE 2 | RB 1] Throughput = 1.07727 Mbps
21934[UE 2 | RB 1] Throughput = 0.98284 Mbps
22034[UE 2 | RB 1] Throughput = 1.07598 Mbps
22144[UE 2 | RB 1] Throughput = 1.09023 Mbps
22254[UE 2 | RB 1] Throughput = 1.08936 Mbps
22354[UE 2 | RB 1] Throughput = 1.07694 Mbps
22464[UE 2 | RB 1] Throughput = 1.08992 Mbps
22564[UE 2 | RB 1] Throughput = 1.07843 Mbps
22675[UE 2 | RB 1] Throughput = 0.97530 Mbps
22784[UE 2 | RB 1] Throughput = 1.09762 Mbps
22884[UE 2 | RB 1] Throughput = 1.07606 Mbps
22994[UE 2 | RB 1] Throughput = 1.09171 Mbps
23094[UE 2 | RB 1] Throughput = 1.07816 Mbps
23194[UE 2 | RB 1] Throughput = 1.07682 Mbps
23294[UE 2 | RB 1] Throughput = 1.07754 Mbps
23404[UE 2 | RB 1] Throughput = 1.08891 Mbps
23504[UE 2 | RB 1] Throughput = 0.95822 Mbps
23614[UE 2 | RB 1] Throughput = 1.08867 Mbps
23714[UE 2 | RB 1] Throughput = 1.07784 Mbps
23824[UE 2 | RB 1] Throughput = 1.09343 Mbps
23924[UE 2 | RB 1] Throughput = 1.07633 Mbps
24034[UE 2 | RB 1] Throughput = 1.09214 Mbps
24144[UE 2 | RB 1] Throughput = 0.98082 Mbps
24244[UE 2 | RB 1] Throughput = 1.07512 Mbps
24354[UE 2 | RB 1] Throughput = 1.09437 Mbps
24454[UE 2 | RB 1] Throughput = 1.07799 Mbps
24554[UE 2 | RB 1] Throughput = 1.07361 Mbps
24664[UE 2 | RB 1] Throughput = 1.09005 Mbps
24764[UE 2 | RB 1] Throughput = 1.07817 Mbps
24864[UE 2 | RB 1] Throughput = 1.07814 Mbps
24964[UE 2 | RB 1] Throughput = 1.07815 Mbps
25064[UE 2 | RB 1] Throughput = 1.07839 Mbps
25174[UE 2 | RB 1] Throughput = 0.98370 Mbps
25274[UE 2 | RB 1] Throughput = 1.07683 Mbps
25374[UE 2 | RB 1] Throughput = 1.07669 Mbps
25474[UE 2 | RB 1] Throughput = 1.07804 Mbps
25584[UE 2 | RB 1] Throughput = 1.09068 Mbps
25685[UE 2 | RB 1] Throughput = 1.07592 Mbps
25794[UE 2 | RB 1] Throughput = 1.09284 Mbps
25894[UE 2 | RB 1] Throughput = 1.07589 Mbps
25994[UE 2 | RB 1] Throughput = 0.95842 Mbps
26104[UE 2 | RB 1] Throughput = 1.09161 Mbps
26204[UE 2 | RB 1] Throughput = 1.07612 Mbps
26314[UE 2 | RB 1] Throughput = 1.09253 Mbps
26414[UE 2 | RB 1] Throughput = 1.07657 Mbps
26514[UE 2 | RB 1] Throughput = 1.07727 Mbps
26624[UE 2 | RB 1] Throughput = 1.09160 Mbps
26724[UE 2 | RB 1] Throughput = 1.07659 Mbps
26825[UE 2 | RB 1] Throughput = 0.95686 Mbps
26934[UE 2 | RB 1] Throughput = 1.09119 Mbps
27044[UE 2 | RB 1] Throughput = 1.09166 Mbps
27154[UE 2 | RB 1] Throughput = 1.08908 Mbps
27254[UE 2 | RB 1] Throughput = 1.07716 Mbps
27355[UE 2 | RB 1] Throughput = 1.07659 Mbps
27464[UE 2 | RB 1] Throughput = 1.09411 Mbps
27565[UE 2 | RB 1] Throughput = 0.95332 Mbps
27675[UE 2 | RB 1] Throughput = 1.08691 Mbps
27784[UE 2 | RB 1] Throughput = 1.09428 Mbps
27885[UE 2 | RB 1] Throughput = 1.07477 Mbps
27995[UE 2 | RB 1] Throughput = 1.08864 Mbps
28095[UE 2 | RB 1] Throughput = 1.07772 Mbps
28205[UE 2 | RB 1] Throughput = 1.09171 Mbps
28315[UE 2 | RB 1] Throughput = 0.97872 Mbps
28424[UE 2 | RB 1] Throughput = 1.09615 Mbps
28535[UE 2 | RB 1] Throughput = 1.08670 Mbps
28635[UE 2 | RB 1] Throughput = 1.07819 Mbps
28745[UE 2 | RB 1] Throughput = 1.08936 Mbps
28845[UE 2 | RB 1] Throughput = 1.07614 Mbps
28955[UE 2 | RB 1] Throughput = 0.98174 Mbps
29064[UE 2 | RB 1] Throughput = 1.09179 Mbps
29175[UE 2 | RB 1] Throughput = 1.08662 Mbps
29275[UE 2 | RB 1] Throughput = 1.07611 Mbps
29384[UE 2 | RB 1] Throughput = 1.09531 Mbps
29485[UE 2 | RB 1] Throughput = 1.07484 Mbps
29585[UE 2 | RB 1] Throughput = 1.07838 Mbps
29685[UE 2 | RB 1] Throughput = 0.95834 Mbps
29795[UE 2 | RB 1] Throughput = 1.08905 Mbps
29895[UE 2 | RB 1] Throughput = 1.07797 Mbps
29995[UE 2 | RB 1] Throughput = 1.07657 Mbps
30105[UE 2 | RB 1] Throughput = 1.09211 Mbps
30215[UE 2 | RB 1] Throughput = 1.08697 Mbps
30325[UE 2 | RB 1] Throughput = 1.09202 Mbps
30435[UE 2 | RB 1] Throughput = 0.98166 Mbps
30535[UE 2 | RB 1] Throughput = 1.07567 Mbps
30645[UE 2 | RB 1] Throughput = 1.08918 Mbps
30755[UE 2 | RB 1] Throughput = 1.09361 Mbps
30855[UE 2 | RB 1] Throughput = 1.07528 Mbps
30955[UE 2 | RB 1] Throughput = 1.07576 Mbps
31065[UE 2 | RB 1] Throughput = 1.09336 Mbps
31175[UE 2 | RB 1] Throughput = 0.97859 Mbps
31275[UE 2 | RB 1] Throughput = 1.07834 Mbps
31375[UE 2 | RB 1] Throughput = 1.07663 Mbps
31485[UE 2 | RB 1] Throughput = 1.09366 Mbps
31585[UE 2 | RB 1] Throughput = 1.07831 Mbps
31685[UE 2 | RB 1] Throughput = 1.07840 Mbps
31795[UE 2 | RB 1] Throughput = 1.08741 Mbps
31905[UE 2 | RB 1] Throughput = 0.98257 Mbps
32015[UE 2 | RB 1] Throughput = 1.08924 Mbps
32124[UE 2 | RB 1] Throughput = 1.09374 Mbps
32225[UE 2 | RB 1] Throughput = 1.07324 Mbps
32335[UE 2 | RB 1] Throughput = 1.08705 Mbps
32435[UE 2 | RB 1] Throughput = 1.07787 Mbps
32545[UE 2 | RB 1] Throughput = 1.09339 Mbps
32645[UE 2 | RB 1] Throughput = 0.95610 Mbps
32755[UE 2 | RB 1] Throughput = 1.08971 Mbps
32864[UE 2 | RB 1] Throughput = 1.09473 Mbps
32965[UE 2 | RB 1] Throughput = 1.07547 Mbps
33065[UE 2 | RB 1] Throughput = 1.07689 Mbps
33175[UE 2 | RB 1] Throughput = 1.08739 Mbps
33285[UE 2 | RB 1] Throughput = 0.98404 Mbps
33385[UE 2 | RB 1] Throughput = 1.07689 Mbps
33485[UE 2 | RB 1] Throughput = 1.07571 Mbps
33595[UE 2 | RB 1] Throughput = 1.08890 Mbps
33705[UE 2 | RB 1] Throughput = 1.09347 Mbps
33805[UE 2 | RB 1] Throughput = 1.07713 Mbps
33905[UE 2 | RB 1] Throughput = 1.07664 Mbps
34015[UE 2 | RB 1] Throughput = 1.09404 Mbps
34115[UE 2 | RB 1] Throughput = 1.07370 Mbps
34215[UE 2 | RB 1] Throughput = 0.95848 Mbps
34325[UE 2 | RB 1] Throughput = 1.09222 Mbps
34425[UE 2 | RB 1] Throughput = 1.07765 Mbps
34535[UE 2 | RB 1] Throughput = 1.08619 Mbps
34645[UE 2 | RB 1] Throughput = 1.09473 Mbps
34745[UE 2 | RB 1] Throughput = 1.07455 Mbps
34855[UE 2 | RB 1] Throughput = 1.09143 Mbps
34965[UE 2 | RB 1] Throughput = 0.97913 Mbps
35075[UE 2 | RB 1] Throughput = 1.09203 Mbps
35175[UE 2 | RB 1] Throughput = 1.07518 Mbps
35284[UE 2 | RB 1] Throughput = 1.09569 Mbps
35385[UE 2 | RB 1] Throughput = 1.07661 Mbps
35485[UE 2 | RB 1] Throughput = 1.07491 Mbps
35595[UE 2 | RB 1] Throughput = 0.97873 Mbps
35695[UE 2 | RB 1] Throughput = 1.07736 Mbps
35805[UE 2 | RB 1] Throughput = 1.09252 Mbps
35915[UE 2 | RB 1] Throughput = 1.08684 Mbps
36025[UE 2 | RB 1] Throughput = 1.09313 Mbps
36135[UE 2 | RB 1] Throughput = 1.08647 Mbps
36235[UE 2 | RB 1] Throughput = 1.07521 Mbps
36345[UE 2 | RB 1] Throughput = 0.98190 Mbps
36455[UE 2 | RB 1] Throughput = 1.08843 Mbps
36565[UE 2 | RB 1] Throughput = 1.09322 Mbps
36675[UE 2 | RB 1] Throughput = 1.08874 Mbps
36787[UE 2 | RB 1] Throughput = 1.07164 Mbps
36895[UE 2 | RB 1] Throughput = 0.99746 Mbps
36995[UE 2 | RB 1] Throughput = 1.07718 Mbps
37095[UE 2 | RB 1] Throughput = 1.07704 Mbps
37205[UE 2 | RB 1] Throughput = 1.09211 Mbps
37316[UE 2 | RB 1] Throughput = 1.08411 Mbps
37425[UE 2 | RB 1] Throughput = 1.09485 Mbps
37525[UE 2 | RB 1] Throughput = 1.07683 Mbps
37635[UE 2 | RB 1] Throughput = 0.98243 Mbps
37735[UE 2 | RB 1] Throughput = 1.07836 Mbps
37845[UE 2 | RB 1] Throughput = 1.08900 Mbps
37955[UE 2 | RB 1] Throughput = 1.09123 Mbps
38055[UE 2 | RB 1] Throughput = 1.07739 Mbps
38165[UE 2 | RB 1] Throughput = 1.09138 Mbps
38265[UE 2 | RB 1] Throughput = 1.07719 Mbps
38375[UE 2 | RB 1] Throughput = 0.98070 Mbps
38475[UE 2 | RB 1] Throughput = 1.07558 Mbps
38585[UE 2 | RB 1] Throughput = 1.09113 Mbps
38695[UE 2 | RB 1] Throughput = 1.09052 Mbps
38795[UE 2 | RB 1] Throughput = 1.07630 Mbps
38905[UE 2 | RB 1] Throughput = 1.09061 Mbps
39015[UE 2 | RB 1] Throughput = 0.98193 Mbps
39115[UE 2 | RB 1] Throughput = 1.07418 Mbps
39225[UE 2 | RB 1] Throughput = 1.08863 Mbps
39335[UE 2 | RB 1] Throughput = 1.09443 Mbps
39435[UE 2 | RB 1] Throughput = 1.07589 Mbps
39535[UE 2 | RB 1] Throughput = 1.07454 Mbps
39645[UE 2 | RB 1] Throughput = 1.09087 Mbps
39755[UE 2 | RB 1] Throughput = 0.98154 Mbps
39855[UE 2 | RB 1] Throughput = 1.07830 Mbps
39965[UE 2 | RB 1] Throughput = 1.08808 Mbps
40075[UE 2 | RB 1] Throughput = 1.09105 Mbps
40185[UE 2 | RB 1] Throughput = 1.08943 Mbps
40295[UE 2 | RB 1] Throughput = 1.09032 Mbps
40395[UE 2 | RB 1] Throughput = 1.07683 Mbps
40505[UE 2 | RB 1] Throughput = 0.98282 Mbps
40615[UE 2 | RB 1] Throughput = 1.09061 Mbps
40715[UE 2 | RB 1] Throughput = 1.07610 Mbps
40825[UE 2 | RB 1] Throughput = 1.08966 Mbps
40925[UE 2 | RB 1] Throughput = 1.07712 Mbps
41035[UE 2 | RB 1] Throughput = 1.09344 Mbps
41135[UE 2 | RB 1] Throughput = 1.07672 Mbps
41245[UE 2 | RB 1] Throughput = 0.97983 Mbps
41355[UE 2 | RB 1] Throughput = 1.09062 Mbps
41455[UE 2 | RB 1] Throughput = 1.07546 Mbps
41565[UE 2 | RB 1] Throughput = 1.08873 Mbps
41675[UE 2 | RB 1] Throughput = 1.09030 Mbps
41775[UE 2 | RB 1] Throughput = 1.07775 Mbps
41875[UE 2 | RB 1] Throughput = 0.95785 Mbps
41985[UE 2 | RB 1] Throughput = 1.09278 Mbps
42085[UE 2 | RB 1] Throughput = 1.07499 Mbps
42196[UE 2 | RB 1] Throughput = 1.08797 Mbps
42305[UE 2 | RB 1] Throughput = 1.09235 Mbps
42405[UE 2 | RB 1] Throughput = 1.07820 Mbps
42515[UE 2 | RB 1] Throughput = 1.09299 Mbps
42616[UE 2 | RB 1] Throughput = 0.95244 Mbps
42725[UE 2 | RB 1] Throughput = 1.09204 Mbps
42825[UE 2 | RB 1] Throughput = 1.07762 Mbps
42926[UE 2 | RB 1] Throughput = 1.07461 Mbps
43035[UE 2 | RB 1] Throughput = 1.09300 Mbps
43136[UE 2 | RB 1] Throughput = 1.07548 Mbps
43245[UE 2 | RB 1] Throughput = 1.09635 Mbps
43345[UE 2 | RB 1] Throughput = 1.07624 Mbps
43445[UE 2 | RB 1] Throughput = 0.95853 Mbps
43556[UE 2 | RB 1] Throughput = 1.08728 Mbps
43665[UE 2 | RB 1] Throughput = 1.09161 Mbps
43775[UE 2 | RB 1] Throughput = 1.08992 Mbps
43876[UE 2 | RB 1] Throughput = 1.07443 Mbps
43986[UE 2 | RB 1] Throughput = 1.08759 Mbps
44095[UE 2 | RB 1] Throughput = 0.98417 Mbps
44196[UE 2 | RB 1] Throughput = 1.07268 Mbps
44305[UE 2 | RB 1] Throughput = 1.09576 Mbps
44406[UE 2 | RB 1] Throughput = 1.07231 Mbps
44516[UE 2 | RB 1] Throughput = 1.08927 Mbps
44625[UE 2 | RB 1] Throughput = 1.09728 Mbps
44725[UE 2 | RB 1] Throughput = 1.07626 Mbps
44826[UE 2 | RB 1] Throughput = 1.07581 Mbps
44926[UE 2 | RB 1] Throughput = 0.95814 Mbps
45035[UE 2 | RB 1] Throughput = 1.09289 Mbps
45136[UE 2 | RB 1] Throughput = 1.07449 Mbps
45245[UE 2 | RB 1] Throughput = 1.09214 Mbps
45346[UE 2 | RB 1] Throughput = 1.07685 Mbps
45456[UE 2 | RB 1] Throughput = 1.08892 Mbps
45565[UE 2 | RB 1] Throughput = 1.09284 Mbps
45665[UE 2 | RB 1] Throughput = 0.95749 Mbps
45766[UE 2 | RB 1] Throughput = 1.07613 Mbps
45876[UE 2 | RB 1] Throughput = 1.08957 Mbps
45976[UE 2 | RB 1] Throughput = 1.07717 Mbps
46076[UE 2 | RB 1] Throughput = 1.07811 Mbps
46186[UE 2 | RB 1] Throughput = 1.09086 Mbps
46286[UE 2 | RB 1] Throughput = 1.07736 Mbps
46396[UE 2 | RB 1] Throughput = 1.08893 Mbps
46505[UE 2 | RB 1] Throughput = 0.98407 Mbps
46606[UE 2 | RB 1] Throughput = 1.07560 Mbps
46716[UE 2 | RB 1] Throughput = 1.08900 Mbps
46825[UE 2 | RB 1] Throughput = 1.09432 Mbps
46926[UE 2 | RB 1] Throughput = 1.07528 Mbps
47035[UE 2 | RB 1] Throughput = 1.09267 Mbps
47136[UE 2 | RB 1] Throughput = 1.07428 Mbps
47236[UE 2 | RB 1] Throughput = 0.95730 Mbps
47346[UE 2 | RB 1] Throughput = 1.09057 Mbps
47456[UE 2 | RB 1] Throughput = 1.09043 Mbps
47556[UE 2 | RB 1] Throughput = 1.07754 Mbps
47665[UE 2 | RB 1] Throughput = 1.09335 Mbps
47765[UE 2 | RB 1] Throughput = 1.07656 Mbps
47876[UE 2 | RB 1] Throughput = 0.97946 Mbps
47976[UE 2 | RB 1] Throughput = 1.07491 Mbps
48076[UE 2 | RB 1] Throughput = 1.07829 Mbps
48186[UE 2 | RB 1] Throughput = 1.09358 Mbps
48286[UE 2 | RB 1] Throughput = 1.07698 Mbps
48396[UE 2 | RB 1] Throughput = 1.08993 Mbps
48506[UE 2 | RB 1] Throughput = 1.08995 Mbps
48606[UE 2 | RB 1] Throughput = 1.07571 Mbps
48716[UE 2 | RB 1] Throughput = 0.97943 Mbps
48816[UE 2 | RB 1] Throughput = 1.07838 Mbps
48926[UE 2 | RB 1] Throughput = 1.09423 Mbps
49026[UE 2 | RB 1] Throughput = 1.07674 Mbps
49136[UE 2 | RB 1] Throughput = 1.08915 Mbps
49245[UE 2 | RB 1] Throughput = 1.09245 Mbps
49346[UE 2 | RB 1] Throughput = 1.07740 Mbps
49446[UE 2 | RB 1] Throughput = 1.07759 Mbps
49556[UE 2 | RB 1] Throughput = 0.97625 Mbps
49666[UE 2 | RB 1] Throughput = 1.09146 Mbps
49775[UE 2 | RB 1] Throughput = 1.09478 Mbps
49875[UE 2 | RB 1] Throughput = 1.07848 Mbps
49976[UE 2 | RB 1] Throughput = 1.07531 Mbps
50085[UE 2 | RB 1] Throughput = 1.09152 Mbps
50195[UE 2 | RB 1] Throughput = 0.98104 Mbps
50296[UE 2 | RB 1] Throughput = 1.07501 Mbps
50396[UE 2 | RB 1] Throughput = 1.07744 Mbps
50506[UE 2 | RB 1] Throughput = 1.09076 Mbps
50606[UE 2 | RB 1] Throughput = 1.07732 Mbps
50716[UE 2 | RB 1] Throughput = 1.08797 Mbps
50826[UE 2 | RB 1] Throughput = 1.09188 Mbps
50926[UE 2 | RB 1] Throughput = 0.95606 Mbps
51036[UE 2 | RB 1] Throughput = 1.09221 Mbps
51146[UE 2 | RB 1] Throughput = 1.09126 Mbps
51246[UE 2 | RB 1] Throughput = 1.07668 Mbps
51346[UE 2 | RB 1] Throughput = 1.07605 Mbps
51447[UE 2 | RB 1] Throughput = 1.06988 Mbps
51556[UE 2 | RB 1] Throughput = 1.09708 Mbps
51656[UE 2 | RB 1] Throughput = 1.07853 Mbps
51766[UE 2 | RB 1] Throughput = 0.98223 Mbps
51876[UE 2 | RB 1] Throughput = 1.08920 Mbps
51976[UE 2 | RB 1] Throughput = 1.07612 Mbps
52086[UE 2 | RB 1] Throughput = 1.09318 Mbps
52195[UE 2 | RB 1] Throughput = 1.09163 Mbps
52296[UE 2 | RB 1] Throughput = 1.07214 Mbps
52405[UE 2 | RB 1] Throughput = 0.98651 Mbps
52506[UE 2 | RB 1] Throughput = 1.07402 Mbps
52616[UE 2 | RB 1] Throughput = 1.09234 Mbps
52716[UE 2 | RB 1] Throughput = 1.07814 Mbps
52816[UE 2 | RB 1] Throughput = 1.07582 Mbps
52916[UE 2 | RB 1] Throughput = 1.07824 Mbps
53026[UE 2 | RB 1] Throughput = 1.09093 Mbps
53126[UE 2 | RB 1] Throughput = 1.07503 Mbps
53236[UE 2 | RB 1] Throughput = 0.98462 Mbps
53336[UE 2 | RB 1] Throughput = 1.07733 Mbps
53436[UE 2 | RB 1] Throughput = 1.07657 Mbps
53536[UE 2 | RB 1] Throughput = 1.07587 Mbps
53636[UE 2 | RB 1] Throughput = 1.07630 Mbps
53745[UE 2 | RB 1] Throughput = 1.09890 Mbps
53846[UE 2 | RB 1] Throughput = 1.07338 Mbps
53946[UE 2 | RB 1] Throughput = 1.07586 Mbps
54056[UE 2 | RB 1] Throughput = 1.09216 Mbps
54156[UE 2 | RB 1] Throughput = 0.95782 Mbps
54266[UE 2 | RB 1] Throughput = 1.08990 Mbps
54366[UE 2 | RB 1] Throughput = 1.07776 Mbps
54476[UE 2 | RB 1] Throughput = 1.08994 Mbps
54586[UE 2 | RB 1] Throughput = 1.09020 Mbps
54686[UE 2 | RB 1] Throughput = 1.07771 Mbps
54786[UE 2 | RB 1] Throughput = 1.07678 Mbps
54896[UE 2 | RB 1] Throughput = 0.98137 Mbps
54996[UE 2 | RB 1] Throughput = 1.07700 Mbps
55106[UE 2 | RB 1] Throughput = 1.09393 Mbps
55206[UE 2 | RB 1] Throughput = 1.07577 Mbps
55306[UE 2 | RB 1] Throughput = 1.07640 Mbps
55416[UE 2 | RB 1] Throughput = 1.08701 Mbps
55516[UE 2 | RB 1] Throughput = 1.07804 Mbps
55617[UE 2 | RB 1] Throughput = 1.07440 Mbps
55726[UE 2 | RB 1] Throughput = 0.98966 Mbps
55826[UE 2 | RB 1] Throughput = 1.07742 Mbps
55926[UE 2 | RB 1] Throughput = 1.07724 Mbps
56036[UE 2 | RB 1] Throughput = 1.08931 Mbps
56136[UE 2 | RB 1] Throughput = 1.07783 Mbps
56236[UE 2 | RB 1] Throughput = 1.07682 Mbps
56346[UE 2 | RB 1] Throughput = 1.09088 Mbps
56456[UE 2 | RB 1] Throughput = 1.08928 Mbps
56566[UE 2 | RB 1] Throughput = 0.98268 Mbps
56676[UE 2 | RB 1] Throughput = 1.08602 Mbps
56786[UE 2 | RB 1] Throughput = 1.09394 Mbps
56886[UE 2 | RB 1] Throughput = 1.07673 Mbps
56996[UE 2 | RB 1] Throughput = 1.09019 Mbps
57106[UE 2 | RB 1] Throughput = 1.08934 Mbps
57206[UE 2 | RB 1] Throughput = 0.95721 Mbps
57306[UE 2 | RB 1] Throughput = 1.07843 Mbps
57407[UE 2 | RB 1] Throughput = 1.07166 Mbps
57516[UE 2 | RB 1] Throughput = 1.09811 Mbps
57626[UE 2 | RB 1] Throughput = 1.08825 Mbps
57726[UE 2 | RB 1] Throughput = 1.07661 Mbps
57836[UE 2 | RB 1] Throughput = 1.09068 Mbps
57936[UE 2 | RB 1] Throughput = 1.07702 Mbps
58036[UE 2 | RB 1] Throughput = 0.95813 Mbps
58136[UE 2 | RB 1] Throughput = 1.07725 Mbps
58246[UE 2 | RB 1] Throughput = 1.09149 Mbps
58346[UE 2 | RB 1] Throughput = 1.07671 Mbps
58456[UE 2 | RB 1] Throughput = 1.09024 Mbps
58566[UE 2 | RB 1] Throughput = 1.09111 Mbps
58666[UE 2 | RB 1] Throughput = 1.07834 Mbps
58776[UE 2 | RB 1] Throughput = 0.98278 Mbps
58876[UE 2 | RB 1] Throughput = 1.07489 Mbps
58986[UE 2 | RB 1] Throughput = 1.09307 Mbps
59086[UE 2 | RB 1] Throughput = 1.07204 Mbps
59196[UE 2 | RB 1] Throughput = 1.09037 Mbps
59297[UE 2 | RB 1] Throughput = 1.07680 Mbps
59406[UE 2 | RB 1] Throughput = 1.09164 Mbps
59516[UE 2 | RB 1] Throughput = 0.98464 Mbps
59616[UE 2 | RB 1] Throughput = 1.07430 Mbps
59717[UE 2 | RB 1] Throughput = 1.07101 Mbps
59827[UE 2 | RB 1] Throughput = 1.09372 Mbps
59936[UE 2 | RB 1] Throughput = 1.09600 Mbps
60036[UE 2 | RB 1] Throughput = 1.07424 Mbps
60136[UE 2 | RB 1] Throughput = 1.07671 Mbps
60246[UE 2 | RB 1] Throughput = 1.09143 Mbps
60356[UE 2 | RB 1] Throughput = 0.98039 Mbps
60456[UE 2 | RB 1] Throughput = 1.07820 Mbps
60557[UE 2 | RB 1] Throughput = 1.07573 Mbps
60666[UE 2 | RB 1] Throughput = 1.09217 Mbps
60776[UE 2 | RB 1] Throughput = 1.08875 Mbps
60886[UE 2 | RB 1] Throughput = 1.09170 Mbps
60986[UE 2 | RB 1] Throughput = 1.07791 Mbps
61086[UE 2 | RB 1] Throughput = 0.95845 Mbps
61186[UE 2 | RB 1] Throughput = 1.07765 Mbps
61286[UE 2 | RB 1] Throughput = 1.07812 Mbps
61387[UE 2 | RB 1] Throughput = 1.07425 Mbps
61496[UE 2 | RB 1] Throughput = 1.09229 Mbps
61597[UE 2 | RB 1] Throughput = 1.07805 Mbps
61697[UE 2 | RB 1] Throughput = 1.07844 Mbps
61797[UE 2 | RB 1] Throughput = 1.07254 Mbps
61906[UE 2 | RB 1] Throughput = 1.09726 Mbps
62016[UE 2 | RB 1] Throughput = 0.98142 Mbps
62116[UE 2 | RB 1] Throughput = 1.07598 Mbps
62226[UE 2 | RB 1] Throughput = 1.09060 Mbps
62336[UE 2 | RB 1] Throughput = 1.09011 Mbps
62446[UE 2 | RB 1] Throughput = 1.08849 Mbps
62547[UE 2 | RB 1] Throughput = 1.07487 Mbps
62656[UE 2 | RB 1] Throughput = 0.98277 Mbps
62757[UE 2 | RB 1] Throughput = 1.07324 Mbps
62866[UE 2 | RB 1] Throughput = 1.09505 Mbps
62967[UE 2 | RB 1] Throughput = 1.07422 Mbps
63076[UE 2 | RB 1] Throughput = 1.09374 Mbps
63177[UE 2 | RB 1] Throughput = 1.07502 Mbps
63286[UE 2 | RB 1] Throughput = 1.09346 Mbps
63386[UE 2 | RB 1] Throughput = 1.07833 Mbps
63496[UE 2 | RB 1] Throughput = 0.97961 Mbps
63597[UE 2 | RB 1] Throughput = 1.07571 Mbps
63706[UE 2 | RB 1] Throughput = 1.09302 Mbps
63806[UE 2 | RB 1] Throughput = 1.07674 Mbps
63917[UE 2 | RB 1] Throughput = 1.08707 Mbps
64026[UE 2 | RB 1] Throughput = 1.09255 Mbps
64137[UE 2 | RB 1] Throughput = 0.97700 Mbps
64247[UE 2 | RB 1] Throughput = 1.08893 Mbps
64357[UE 2 | RB 1] Throughput = 1.08791 Mbps
64466[UE 2 | RB 1] Throughput = 1.09589 Mbps
64567[UE 2 | RB 1] Throughput = 1.07284 Mbps
64676[UE 2 | RB 1] Throughput = 1.09472 Mbps
64776[UE 2 | RB 1] Throughput = 0.95753 Mbps
64877[UE 2 | RB 1] Throughput = 1.07498 Mbps
64987[UE 2 | RB 1] Throughput = 1.09084 Mbps
65087[UE 2 | RB 1] Throughput = 1.07812 Mbps
65196[UE 2 | RB 1] Throughput = 1.09512 Mbps
65296[UE 2 | RB 1] Throughput = 1.07647 Mbps
65396[UE 2 | RB 1] Throughput = 1.07850 Mbps
65497[UE 2 | RB 1] Throughput = 1.07659 Mbps
65597[UE 2 | RB 1] Throughput = 1.07691 Mbps
65697[UE 2 | RB 1] Throughput = 1.07615 Mbps
65807[UE 2 | RB 1] Throughput = 0.98367 Mbps
65907[UE 2 | RB 1] Throughput = 1.07839 Mbps
66007[UE 2 | RB 1] Throughput = 1.07701 Mbps
66117[UE 2 | RB 1] Throughput = 1.09005 Mbps
66217[UE 2 | RB 1] Throughput = 1.07821 Mbps
66317[UE 2 | RB 1] Throughput = 1.07800 Mbps
66427[UE 2 | RB 1] Throughput = 1.09016 Mbps
66537[UE 2 | RB 1] Throughput = 0.98038 Mbps
66637[UE 2 | RB 1] Throughput = 1.07545 Mbps
66747[UE 2 | RB 1] Throughput = 1.09374 Mbps
66857[UE 2 | RB 1] Throughput = 1.08711 Mbps
66957[UE 2 | RB 1] Throughput = 1.07769 Mbps
67057[UE 2 | RB 1] Throughput = 1.07792 Mbps
67167[UE 2 | RB 1] Throughput = 1.09210 Mbps
67277[UE 2 | RB 1] Throughput = 0.98039 Mbps
67377[UE 2 | RB 1] Throughput = 1.07731 Mbps
67477[UE 2 | RB 1] Throughput = 1.07585 Mbps
67586[UE 2 | RB 1] Throughput = 1.09602 Mbps
67687[UE 2 | RB 1] Throughput = 1.07374 Mbps
67787[UE 2 | RB 1] Throughput = 1.07737 Mbps
67897[UE 2 | RB 1] Throughput = 1.08982 Mbps
67997[UE 2 | RB 1] Throughput = 1.07705 Mbps
68106[UE 2 | RB 1] Throughput = 0.98608 Mbps
68207[UE 2 | RB 1] Throughput = 1.07426 Mbps
68317[UE 2 | RB 1] Throughput = 1.08857 Mbps
68417[UE 2 | RB 1] Throughput = 1.07795 Mbps
68527[UE 2 | RB 1] Throughput = 1.08939 Mbps
68637[UE 2 | RB 1] Throughput = 1.08783 Mbps
68747[UE 2 | RB 1] Throughput = 0.98413 Mbps
68847[UE 2 | RB 1] Throughput = 1.07633 Mbps
68957[UE 2 | RB 1] Throughput = 1.09160 Mbps
69057[UE 2 | RB 1] Throughput = 1.07539 Mbps
69167[UE 2 | RB 1] Throughput = 1.09295 Mbps
69267[UE 2 | RB 1] Throughput = 1.07728 Mbps
69377[UE 2 | RB 1] Throughput = 1.08922 Mbps
69477[UE 2 | RB 1] Throughput = 1.07796 Mbps
69577[UE 2 | RB 1] Throughput = 0.95686 Mbps
69677[UE 2 | RB 1] Throughput = 1.07748 Mbps
69777[UE 2 | RB 1] Throughput = 1.07784 Mbps
69887[UE 2 | RB 1] Throughput = 1.09152 Mbps
69987[UE 2 | RB 1] Throughput = 1.07795 Mbps
70087[UE 2 | RB 1] Throughput = 1.07852 Mbps
70197[UE 2 | RB 1] Throughput = 1.08690 Mbps
70307[UE 2 | RB 1] Throughput = 1.09275 Mbps
70417[UE 2 | RB 1] Throughput = 0.97947 Mbps
70517[UE 2 | RB 1] Throughput = 1.07827 Mbps
70627[UE 2 | RB 1] Throughput = 1.09307 Mbps
70737[UE 2 | RB 1] Throughput = 1.08777 Mbps
70837[UE 2 | RB 1] Throughput = 1.07632 Mbps
70947[UE 2 | RB 1] Throughput = 1.09363 Mbps
71047[UE 2 | RB 1] Throughput = 1.07615 Mbps
71157[UE 2 | RB 1] Throughput = 0.97749 Mbps
71267[UE 2 | RB 1] Throughput = 1.09219 Mbps
71377[UE 2 | RB 1] Throughput = 1.08837 Mbps
71477[UE 2 | RB 1] Throughput = 1.07787 Mbps
71587[UE 2 | RB 1] Throughput = 1.09186 Mbps
71687[UE 2 | RB 1] Throughput = 1.07613 Mbps
71797[UE 2 | RB 1] Throughput = 0.98090 Mbps
71907[UE 2 | RB 1] Throughput = 1.09413 Mbps
72017[UE 2 | RB 1] Throughput = 1.08661 Mbps
72117[UE 2 | RB 1] Throughput = 1.07798 Mbps
72217[UE 2 | RB 1] Throughput = 1.07754 Mbps
72317[UE 2 | RB 1] Throughput = 1.07767 Mbps
72427[UE 2 | RB 1] Throughput = 1.09399 Mbps
72537[UE 2 | RB 1] Throughput = 0.97586 Mbps
72647[UE 2 | RB 1] Throughput = 1.09199 Mbps
72747[UE 2 | RB 1] Throughput = 1.07640 Mbps
72847[UE 2 | RB 1] Throughput = 1.07825 Mbps
72957[UE 2 | RB 1] Throughput = 1.09095 Mbps
73067[UE 2 | RB 1] Throughput = 1.09001 Mbps
73167[UE 2 | RB 1] Throughput = 1.07768 Mbps
73277[UE 2 | RB 1] Throughput = 0.98168 Mbps
73387[UE 2 | RB 1] Throughput = 1.09071 Mbps
73487[UE 2 | RB 1] Throughput = 1.07595 Mbps
73597[UE 2 | RB 1] Throughput = 1.08904 Mbps
73707[UE 2 | RB 1] Throughput = 1.09150 Mbps
73817[UE 2 | RB 1] Throughput = 1.08869 Mbps
73918[UE 2 | RB 1] Throughput = 0.95377 Mbps
74027[UE 2 | RB 1] Throughput = 1.09400 Mbps
74127[UE 2 | RB 1] Throughput = 1.07762 Mbps
74227[UE 2 | RB 1] Throughput = 1.07662 Mbps
74337[UE 2 | RB 1] Throughput = 1.09105 Mbps
74447[UE 2 | RB 1] Throughput = 1.09339 Mbps
74547[UE 2 | RB 1] Throughput = 1.07358 Mbps
74657[UE 2 | RB 1] Throughput = 0.98046 Mbps
74757[UE 2 | RB 1] Throughput = 1.07653 Mbps
74867[UE 2 | RB 1] Throughput = 1.09086 Mbps
74967[UE 2 | RB 1] Throughput = 1.07757 Mbps
75077[UE 2 | RB 1] Throughput = 1.09512 Mbps
75177[UE 2 | RB 1] Throughput = 1.07598 Mbps
75277[UE 2 | RB 1] Throughput = 1.07727 Mbps
75377[UE 2 | RB 1] Throughput = 1.07800 Mbps
75487[UE 2 | RB 1] Throughput = 0.98420 Mbps
75597[UE 2 | RB 1] Throughput = 1.09025 Mbps
75699[UE 2 | RB 1] Throughput = 1.05435 Mbps
75807[UE 2 | RB 1] Throughput = 1.10900 Mbps
75917[UE 2 | RB 1] Throughput = 1.08859 Mbps
76017[UE 2 | RB 1] Throughput = 1.07789 Mbps
76117[UE 2 | RB 1] Throughput = 1.07603 Mbps
76227[UE 2 | RB 1] Throughput = 0.98464 Mbps
76327[UE 2 | RB 1] Throughput = 1.07802 Mbps
76427[UE 2 | RB 1] Throughput = 1.07685 Mbps
76537[UE 2 | RB 1] Throughput = 1.09198 Mbps
76637[UE 2 | RB 1] Throughput = 1.07516 Mbps
76737[UE 2 | RB 1] Throughput = 1.07850 Mbps
76847[UE 2 | RB 1] Throughput = 1.09073 Mbps
76957[UE 2 | RB 1] Throughput = 1.09109 Mbps
77057[UE 2 | RB 1] Throughput = 0.95469 Mbps
77158[UE 2 | RB 1] Throughput = 1.07385 Mbps
77267[UE 2 | RB 1] Throughput = 1.09746 Mbps
77377[UE 2 | RB 1] Throughput = 1.08932 Mbps
77487[UE 2 | RB 1] Throughput = 1.09015 Mbps
77587[UE 2 | RB 1] Throughput = 1.07792 Mbps
77687[UE 2 | RB 1] Throughput = 1.07841 Mbps
77797[UE 2 | RB 1] Throughput = 0.97838 Mbps
77907[UE 2 | RB 1] Throughput = 1.09151 Mbps
78017[UE 2 | RB 1] Throughput = 1.08993 Mbps
78117[UE 2 | RB 1] Throughput = 1.07721 Mbps
78217[UE 2 | RB 1] Throughput = 1.07816 Mbps
78318[UE 2 | RB 1] Throughput = 1.07238 Mbps
78427[UE 2 | RB 1] Throughput = 1.09549 Mbps
78527[UE 2 | RB 1] Throughput = 1.07741 Mbps
78637[UE 2 | RB 1] Throughput = 0.98030 Mbps
78737[UE 2 | RB 1] Throughput = 1.07741 Mbps
78847[UE 2 | RB 1] Throughput = 1.08983 Mbps
78957[UE 2 | RB 1] Throughput = 1.09023 Mbps
79067[UE 2 | RB 1] Throughput = 1.09353 Mbps
79167[UE 2 | RB 1] Throughput = 1.07606 Mbps
79267[UE 2 | RB 1] Throughput = 1.07625 Mbps
79377[UE 2 | RB 1] Throughput = 0.97959 Mbps
79487[UE 2 | RB 1] Throughput = 1.09163 Mbps
79588[UE 2 | RB 1] Throughput = 1.07532 Mbps
79688[UE 2 | RB 1] Throughput = 1.07836 Mbps
79797[UE 2 | RB 1] Throughput = 1.09198 Mbps
79897[UE 2 | RB 1] Throughput = 1.07805 Mbps
80007[UE 2 | RB 1] Throughput = 1.08955 Mbps
80108[UE 2 | RB 1] Throughput = 0.95688 Mbps
80217[UE 2 | RB 1] Throughput = 1.09325 Mbps
80317[UE 2 | RB 1] Throughput = 1.07693 Mbps
80427[UE 2 | RB 1] Throughput = 1.08899 Mbps
80537[UE 2 | RB 1] Throughput = 1.09088 Mbps
80638[UE 2 | RB 1] Throughput = 1.07401 Mbps
80748[UE 2 | RB 1] Throughput = 0.98152 Mbps
80848[UE 2 | RB 1] Throughput = 1.07845 Mbps
80957[UE 2 | RB 1] Throughput = 1.09472 Mbps
81058[UE 2 | RB 1] Throughput = 1.06992 Mbps
81167[UE 2 | RB 1] Throughput = 1.09346 Mbps
81268[UE 2 | RB 1] Throughput = 1.07635 Mbps
81377[UE 2 | RB 1] Throughput = 1.09209 Mbps
81478[UE 2 | RB 1] Throughput = 1.07512 Mbps
81587[UE 2 | RB 1] Throughput = 0.98369 Mbps
81687[UE 2 | RB 1] Throughput = 1.07693 Mbps
81788[UE 2 | RB 1] Throughput = 1.07392 Mbps
81898[UE 2 | RB 1] Throughput = 1.09044 Mbps
81998[UE 2 | RB 1] Throughput = 1.07518 Mbps
82107[UE 2 | RB 1] Throughput = 1.09617 Mbps
82208[UE 2 | RB 1] Throughput = 1.07632 Mbps
82308[UE 2 | RB 1] Throughput = 1.07720 Mbps
82408[UE 2 | RB 1] Throughput = 1.07734 Mbps
82518[UE 2 | RB 1] Throughput = 0.98357 Mbps
82627[UE 2 | RB 1] Throughput = 1.09449 Mbps
82727[UE 2 | RB 1] Throughput = 1.07538 Mbps
82828[UE 2 | RB 1] Throughput = 1.07256 Mbps
82938[UE 2 | RB 1] Throughput = 1.09269 Mbps
83038[UE 2 | RB 1] Throughput = 1.07643 Mbps
83147[UE 2 | RB 1] Throughput = 0.98497 Mbps
83248[UE 2 | RB 1] Throughput = 1.07335 Mbps
83357[UE 2 | RB 1] Throughput = 1.09474 Mbps
83458[UE 2 | RB 1] Throughput = 1.07390 Mbps
83558[UE 2 | RB 1] Throughput = 1.07831 Mbps
83667[UE 2 | RB 1] Throughput = 1.09402 Mbps
83768[UE 2 | RB 1] Throughput = 1.07395 Mbps
83878[UE 2 | RB 1] Throughput = 1.08838 Mbps
83987[UE 2 | RB 1] Throughput = 0.98322 Mbps
84088[UE 2 | RB 1] Throughput = 1.07701 Mbps
84197[UE 2 | RB 1] Throughput = 1.09033 Mbps
84298[UE 2 | RB 1] Throughput = 1.07630 Mbps
84398[UE 2 | RB 1] Throughput = 1.07802 Mbps
84508[UE 2 | RB 1] Throughput = 1.08931 Mbps
84618[UE 2 | RB 1] Throughput = 1.09080 Mbps
84728[UE 2 | RB 1] Throughput = 0.97392 Mbps
84838[UE 2 | RB 1] Throughput = 1.09603 Mbps
84938[UE 2 | RB 1] Throughput = 1.07845 Mbps
85038[UE 2 | RB 1] Throughput = 1.07853 Mbps
85138[UE 2 | RB 1] Throughput = 1.07629 Mbps
85248[UE 2 | RB 1] Throughput = 1.08935 Mbps
85358[UE 2 | RB 1] Throughput = 1.09223 Mbps
85458[UE 2 | RB 1] Throughput = 0.95734 Mbps
85558[UE 2 | RB 1] Throughput = 1.07847 Mbps
85668[UE 2 | RB 1] Throughput = 1.08995 Mbps
85768[UE 2 | RB 1] Throughput = 1.07442 Mbps
85878[UE 2 | RB 1] Throughput = 1.09328 Mbps
85978[UE 2 | RB 1] Throughput = 1.07817 Mbps
86078[UE 2 | RB 1] Throughput = 1.07601 Mbps
86178[UE 2 | RB 1] Throughput = 1.07783 Mbps
86287[UE 2 | RB 1] Throughput = 0.98766 Mbps
86388[UE 2 | RB 1] Throughput = 1.07585 Mbps
86497[UE 2 | RB 1] Throughput = 1.09020 Mbps
86598[UE 2 | RB 1] Throughput = 1.07000 Mbps
86708[UE 2 | RB 1] Throughput = 1.09227 Mbps
86818[UE 2 | RB 1] Throughput = 1.09109 Mbps
86928[UE 2 | RB 1] Throughput = 1.09139 Mbps
87028[UE 2 | RB 1] Throughput = 0.95554 Mbps
87138[UE 2 | RB 1] Throughput = 1.08884 Mbps
87238[UE 2 | RB 1] Throughput = 1.07597 Mbps
87348[UE 2 | RB 1] Throughput = 1.09327 Mbps
87448[UE 2 | RB 1] Throughput = 1.07744 Mbps
87558[UE 2 | RB 1] Throughput = 1.09148 Mbps
87658[UE 2 | RB 1] Throughput = 1.07777 Mbps
87767[UE 2 | RB 1] Throughput = 0.98438 Mbps
87868[UE 2 | RB 1] Throughput = 1.07375 Mbps
87978[UE 2 | RB 1] Throughput = 1.09063 Mbps
88078[UE 2 | RB 1] Throughput = 1.07640 Mbps
88178[UE 2 | RB 1] Throughput = 1.07831 Mbps
88288[UE 2 | RB 1] Throughput = 1.09032 Mbps
88398[UE 2 | RB 1] Throughput = 1.09060 Mbps
88498[UE 2 | RB 1] Throughput = 1.07699 Mbps
88608[UE 2 | RB 1] Throughput = 0.98368 Mbps
88708[UE 2 | RB 1] Throughput = 1.07349 Mbps
88818[UE 2 | RB 1] Throughput = 1.08829 Mbps
88928[UE 2 | RB 1] Throughput = 1.09070 Mbps
89038[UE 2 | RB 1] Throughput = 1.08813 Mbps
89148[UE 2 | RB 1] Throughput = 1.09069 Mbps
89248[UE 2 | RB 1] Throughput = 0.95830 Mbps
89348[UE 2 | RB 1] Throughput = 1.07784 Mbps
89458[UE 2 | RB 1] Throughput = 1.09179 Mbps
89558[UE 2 | RB 1] Throughput = 1.07484 Mbps
89658[UE 2 | RB 1] Throughput = 1.07791 Mbps
89768[UE 2 | RB 1] Throughput = 1.08996 Mbps
89878[UE 2 | RB 1] Throughput = 1.09478 Mbps
89978[UE 2 | RB 1] Throughput = 1.07812 Mbps
90078[UE 2 | RB 1] Throughput = 0.95527 Mbps
90178[UE 2 | RB 1] Throughput = 1.07799 Mbps
90288[UE 2 | RB 1] Throughput = 1.09506 Mbps
90388[UE 2 | RB 1] Throughput = 1.07722 Mbps
90488[UE 2 | RB 1] Throughput = 1.07488 Mbps
90598[UE 2 | RB 1] Throughput = 1.09009 Mbps
90708[UE 2 | RB 1] Throughput = 1.09154 Mbps
90808[UE 2 | RB 1] Throughput = 1.07603 Mbps
90918[UE 2 | RB 1] Throughput = 0.97690 Mbps
91019[UE 2 | RB 1] Throughput = 1.07659 Mbps
[xApp]: E42 RIC_SUBSCRIPTION_DELETE_REQUEST tx RAN_FUNC_ID 144 RIC_REQ_ID 1 
[xApp]: E42 SUBSCRIPTION DELETE RESPONSE rx
[xApp]: E42 RIC_SUBSCRIPTION_DELETE_REQUEST tx RAN_FUNC_ID 144 RIC_REQ_ID 2 
[xApp]: E42 SUBSCRIPTION DELETE RESPONSE rx
[xApp]: E42 RIC_SUBSCRIPTION_DELETE_REQUEST tx RAN_FUNC_ID 144 RIC_REQ_ID 3 
[xApp]: E42 SUBSCRIPTION DELETE RESPONSE rx
[xApp]: E42 RIC_SUBSCRIPTION_DELETE_REQUEST tx RAN_FUNC_ID 144 RIC_REQ_ID 4 
[xApp]: E42 SUBSCRIPTION DELETE RESPONSE rx
[xApp]: Sucessfully stopped 
Test xApp run SUCCESSFULLY
