[UTIL]: Setting the config -c file to /usr/local/etc/flexric/flexric.conf
[UTIL]: Setting path -p for the shared libraries to /usr/local/lib/flexric/
[xAapp]: Initializing ... 
[xApp]: nearRT-RIC IP Address = 192.168.70.150, PORT = 36422
[E2 AGENT]: Opening plugin from path = /usr/local/lib/flexric/libkpm_sm.so 
[E2 AGENT]: Opening plugin from path = /usr/local/lib/flexric/libmac_sm.so 
[E2 AGENT]: Opening plugin from path = /usr/local/lib/flexric/libpdcp_sm.so 
[E2 AGENT]: Opening plugin from path = /usr/local/lib/flexric/libgtp_sm.so 
[E2 AGENT]: Opening plugin from path = /usr/local/lib/flexric/librc_sm.so 
[E2 AGENT]: Opening plugin from path = /usr/local/lib/flexric/libtc_sm.so 
[E2 AGENT]: Opening plugin from path = /usr/local/lib/flexric/librlc_sm.so 
[E2 AGENT]: Opening plugin from path = /usr/local/lib/flexric/libslice_sm.so 
[NEAR-RIC]: Loading SM ID = 2 with def = ORAN-E2SM-KPM 
[NEAR-RIC]: Loading SM ID = 142 with def = MAC_STATS_V0 
[NEAR-RIC]: Loading SM ID = 144 with def = PDCP_STATS_V0 
[NEAR-RIC]: Loading SM ID = 148 with def = GTP_STATS_V0 
[NEAR-RIC]: Loading SM ID = 3 with def = ORAN-E2SM-RC 
[NEAR-RIC]: Loading SM ID = 146 with def = TC_STATS_V0 
[NEAR-RIC]: Loading SM ID = 143 with def = RLC_STATS_V0 
[NEAR-RIC]: Loading SM ID = 145 with def = SLICE_STATS_V0 
[xApp]: DB filename = /tmp/flexric/xapp_db 
 [xApp]: E42 SETUP-REQUEST tx
[xApp]: E42 SETUP-RESPONSE rx 
[xApp]: xApp ID = 65 
[xApp]: Registered E2 Nodes = 4 
Connected E2 nodes = 4
[xAPP] Registered node 0 ran func id = 2 
 [xAPP] Registered node 0 ran func id = 3 
 [xAPP] Registered node 0 ran func id = 142 
 [xAPP] Registered node 0 ran func id = 143 
 [xAPP] Registered node 0 ran func id = 144 
 [xAPP] Registered node 0 ran func id = 145 
 [xAPP] Registered node 0 ran func id = 146 
 [xAPP] Registered node 0 ran func id = 148 
 [xApp]: E42 RIC SUBSCRIPTION REQUEST tx RAN_FUNC_ID 144 RIC_REQ_ID 1 
[xApp]: SUBSCRIPTION RESPONSE rx
[xApp]: Successfully subscribed to RAN_FUNC_ID 144 
[xAPP] Registered node 1 ran func id = 2 
 [xAPP] Registered node 1 ran func id = 3 
 [xAPP] Registered node 1 ran func id = 142 
 [xAPP] Registered node 1 ran func id = 143 
 [xAPP] Registered node 1 ran func id = 144 
 [xAPP] Registered node 1 ran func id = 145 
 [xAPP] Registered node 1 ran func id = 146 
 [xAPP] Registered node 1 ran func id = 148 
 [xApp]: E42 RIC SUBSCRIPTION REQUEST tx RAN_FUNC_ID 144 RIC_REQ_ID 2 
[xApp]: SUBSCRIPTION RESPONSE rx
[xApp]: Successfully subscribed to RAN_FUNC_ID 144 
[xAPP] Registered node 2 ran func id = 2 
 [xAPP] Registered node 2 ran func id = 3 
 [xAPP] Registered node 2 ran func id = 142 
 [xAPP] Registered node 2 ran func id = 143 
 [xAPP] Registered node 2 ran func id = 144 
 [xAPP] Registered node 2 ran func id = 145 
 [xAPP] Registered node 2 ran func id = 146 
 [xAPP] Registered node 2 ran func id = 148 
 [xApp]: E42 RIC SUBSCRIPTION REQUEST tx RAN_FUNC_ID 144 RIC_REQ_ID 3 
[xApp]: SUBSCRIPTION RESPONSE rx
[xApp]: Successfully subscribed to RAN_FUNC_ID 144 
[xAPP] Registered node 3 ran func id = 2 
 [xAPP] Registered node 3 ran func id = 3 
 [xAPP] Registered node 3 ran func id = 142 
 [xAPP] Registered node 3 ran func id = 143 
 [xAPP] Registered node 3 ran func id = 144 
 [xAPP] Registered node 3 ran func id = 145 
 [xAPP] Registered node 3 ran func id = 146 
 [xAPP] Registered node 3 ran func id = 148 
 [xApp]: E42 RIC SUBSCRIPTION REQUEST tx RAN_FUNC_ID 144 RIC_REQ_ID 4 
[xApp]: SUBSCRIPTION RESPONSE rx
[xApp]: Successfully subscribed to RAN_FUNC_ID 144 
122[UE 2 | RB 1] Throughput = 1.08892 Mbps
223[UE 2 | RB 1] Throughput = 1.07626 Mbps
333[UE 2 | RB 1] Throughput = 1.08992 Mbps
433[UE 2 | RB 1] Throughput = 1.07628 Mbps
543[UE 2 | RB 1] Throughput = 0.98082 Mbps
652[UE 2 | RB 1] Throughput = 1.09313 Mbps
752[UE 2 | RB 1] Throughput = 1.07761 Mbps
853[UE 2 | RB 1] Throughput = 1.07635 Mbps
962[UE 2 | RB 1] Throughput = 1.09189 Mbps
1063[UE 2 | RB 1] Throughput = 1.07662 Mbps
1173[UE 2 | RB 1] Throughput = 1.08863 Mbps
1282[UE 2 | RB 1] Throughput = 0.98191 Mbps
1392[UE 2 | RB 1] Throughput = 1.09019 Mbps
1493[UE 2 | RB 1] Throughput = 1.07741 Mbps
1602[UE 2 | RB 1] Throughput = 1.09154 Mbps
1702[UE 2 | RB 1] Throughput = 1.07671 Mbps
1803[UE 2 | RB 1] Throughput = 1.07604 Mbps
1913[UE 2 | RB 1] Throughput = 1.09093 Mbps
2022[UE 2 | RB 1] Throughput = 0.98181 Mbps
2123[UE 2 | RB 1] Throughput = 1.07660 Mbps
2233[UE 2 | RB 1] Throughput = 1.08953 Mbps
2342[UE 2 | RB 1] Throughput = 1.09304 Mbps
2442[UE 2 | RB 1] Throughput = 1.07774 Mbps
2542[UE 2 | RB 1] Throughput = 1.07736 Mbps
2643[UE 2 | RB 1] Throughput = 1.07753 Mbps
2743[UE 2 | RB 1] Throughput = 1.07755 Mbps
2843[UE 2 | RB 1] Throughput = 1.07804 Mbps
2953[UE 2 | RB 1] Throughput = 0.97907 Mbps
3063[UE 2 | RB 1] Throughput = 1.08936 Mbps
3172[UE 2 | RB 1] Throughput = 1.09361 Mbps
3273[UE 2 | RB 1] Throughput = 1.07692 Mbps
3373[UE 2 | RB 1] Throughput = 1.07632 Mbps
3473[UE 2 | RB 1] Throughput = 1.07811 Mbps
3582[UE 2 | RB 1] Throughput = 1.09516 Mbps
3683[UE 2 | RB 1] Throughput = 0.95375 Mbps
3793[UE 2 | RB 1] Throughput = 1.09138 Mbps
3893[UE 2 | RB 1] Throughput = 1.07354 Mbps
4003[UE 2 | RB 1] Throughput = 1.09219 Mbps
4112[UE 2 | RB 1] Throughput = 1.09237 Mbps
4223[UE 2 | RB 1] Throughput = 1.08692 Mbps
4332[UE 2 | RB 1] Throughput = 0.98432 Mbps
4433[UE 2 | RB 1] Throughput = 1.07589 Mbps
4533[UE 2 | RB 1] Throughput = 1.07655 Mbps
4633[UE 2 | RB 1] Throughput = 1.07816 Mbps
4733[UE 2 | RB 1] Throughput = 1.07845 Mbps
4842[UE 2 | RB 1] Throughput = 1.09226 Mbps
4943[UE 2 | RB 1] Throughput = 1.07713 Mbps
5053[UE 2 | RB 1] Throughput = 1.08963 Mbps
5153[UE 2 | RB 1] Throughput = 0.95840 Mbps
5263[UE 2 | RB 1] Throughput = 1.08936 Mbps
5373[UE 2 | RB 1] Throughput = 1.09015 Mbps
5473[UE 2 | RB 1] Throughput = 1.07005 Mbps
5583[UE 2 | RB 1] Throughput = 1.09600 Mbps
5693[UE 2 | RB 1] Throughput = 1.08885 Mbps
5802[UE 2 | RB 1] Throughput = 0.98442 Mbps
5902[UE 2 | RB 1] Throughput = 1.07744 Mbps
6002[UE 2 | RB 1] Throughput = 1.07842 Mbps
6103[UE 2 | RB 1] Throughput = 1.07184 Mbps
6213[UE 2 | RB 1] Throughput = 1.09433 Mbps
6313[UE 2 | RB 1] Throughput = 1.07745 Mbps
6423[UE 2 | RB 1] Throughput = 1.08889 Mbps
6533[UE 2 | RB 1] Throughput = 0.98113 Mbps
6633[UE 2 | RB 1] Throughput = 1.07783 Mbps
6742[UE 2 | RB 1] Throughput = 1.09257 Mbps
6843[UE 2 | RB 1] Throughput = 1.07553 Mbps
6943[UE 2 | RB 1] Throughput = 1.07644 Mbps
7043[UE 2 | RB 1] Throughput = 1.07769 Mbps
7143[UE 2 | RB 1] Throughput = 1.07854 Mbps
7253[UE 2 | RB 1] Throughput = 1.09193 Mbps
7353[UE 2 | RB 1] Throughput = 1.07770 Mbps
7463[UE 2 | RB 1] Throughput = 0.98227 Mbps
7572[UE 2 | RB 1] Throughput = 1.09181 Mbps
7673[UE 2 | RB 1] Throughput = 1.07239 Mbps
7783[UE 2 | RB 1] Throughput = 1.09288 Mbps
7892[UE 2 | RB 1] Throughput = 1.09077 Mbps
7993[UE 2 | RB 1] Throughput = 1.07693 Mbps
8103[UE 2 | RB 1] Throughput = 1.08820 Mbps
8213[UE 2 | RB 1] Throughput = 0.97597 Mbps
8323[UE 2 | RB 1] Throughput = 1.09536 Mbps
8423[UE 2 | RB 1] Throughput = 1.07486 Mbps
8533[UE 2 | RB 1] Throughput = 1.09172 Mbps
8633[UE 2 | RB 1] Throughput = 1.07844 Mbps
8743[UE 2 | RB 1] Throughput = 1.08642 Mbps
8853[UE 2 | RB 1] Throughput = 0.98447 Mbps
8953[UE 2 | RB 1] Throughput = 1.07747 Mbps
9053[UE 2 | RB 1] Throughput = 1.07758 Mbps
9163[UE 2 | RB 1] Throughput = 1.09112 Mbps
9263[UE 2 | RB 1] Throughput = 1.07725 Mbps
9363[UE 2 | RB 1] Throughput = 1.07557 Mbps
9473[UE 2 | RB 1] Throughput = 1.09058 Mbps
9583[UE 2 | RB 1] Throughput = 1.08654 Mbps
9693[UE 2 | RB 1] Throughput = 0.98683 Mbps
9793[UE 2 | RB 1] Throughput = 1.07501 Mbps
9893[UE 2 | RB 1] Throughput = 1.07621 Mbps
10003[UE 2 | RB 1] Throughput = 1.08766 Mbps
10113[UE 2 | RB 1] Throughput = 1.09165 Mbps
10223[UE 2 | RB 1] Throughput = 1.08913 Mbps
10333[UE 2 | RB 1] Throughput = 0.98302 Mbps
10433[UE 2 | RB 1] Throughput = 1.07521 Mbps
10543[UE 2 | RB 1] Throughput = 1.09469 Mbps
10643[UE 2 | RB 1] Throughput = 1.07770 Mbps
10743[UE 2 | RB 1] Throughput = 1.07737 Mbps
10853[UE 2 | RB 1] Throughput = 1.08999 Mbps
10953[UE 2 | RB 1] Throughput = 1.07585 Mbps
11063[UE 2 | RB 1] Throughput = 1.09260 Mbps
11163[UE 2 | RB 1] Throughput = 0.95269 Mbps
11273[UE 2 | RB 1] Throughput = 1.09514 Mbps
11373[UE 2 | RB 1] Throughput = 1.07360 Mbps
11483[UE 2 | RB 1] Throughput = 1.09428 Mbps
11583[UE 2 | RB 1] Throughput = 1.07349 Mbps
11683[UE 2 | RB 1] Throughput = 1.07771 Mbps
11793[UE 2 | RB 1] Throughput = 1.09295 Mbps
11903[UE 2 | RB 1] Throughput = 0.97908 Mbps
12013[UE 2 | RB 1] Throughput = 1.08971 Mbps
12113[UE 2 | RB 1] Throughput = 1.07744 Mbps
12223[UE 2 | RB 1] Throughput = 1.08736 Mbps
12323[UE 2 | RB 1] Throughput = 1.07839 Mbps
12433[UE 2 | RB 1] Throughput = 1.09071 Mbps
12534[UE 2 | RB 1] Throughput = 1.07580 Mbps
12643[UE 2 | RB 1] Throughput = 0.98281 Mbps
12753[UE 2 | RB 1] Throughput = 1.09277 Mbps
12853[UE 2 | RB 1] Throughput = 1.07330 Mbps
12963[UE 2 | RB 1] Throughput = 1.09310 Mbps
13073[UE 2 | RB 1] Throughput = 1.09025 Mbps
13173[UE 2 | RB 1] Throughput = 1.07830 Mbps
13283[UE 2 | RB 1] Throughput = 0.98135 Mbps
13383[UE 2 | RB 1] Throughput = 1.07840 Mbps
13483[UE 2 | RB 1] Throughput = 1.07848 Mbps
13583[UE 2 | RB 1] Throughput = 1.07720 Mbps
13683[UE 2 | RB 1] Throughput = 1.07555 Mbps
13793[UE 2 | RB 1] Throughput = 1.09276 Mbps
13903[UE 2 | RB 1] Throughput = 1.08769 Mbps
14013[UE 2 | RB 1] Throughput = 1.08775 Mbps
14123[UE 2 | RB 1] Throughput = 0.98088 Mbps
14233[UE 2 | RB 1] Throughput = 1.09491 Mbps
14333[UE 2 | RB 1] Throughput = 1.07434 Mbps
14434[UE 2 | RB 1] Throughput = 1.07413 Mbps
14543[UE 2 | RB 1] Throughput = 1.09166 Mbps
14653[UE 2 | RB 1] Throughput = 1.08941 Mbps
14763[UE 2 | RB 1] Throughput = 0.98317 Mbps
14863[UE 2 | RB 1] Throughput = 1.07554 Mbps
14963[UE 2 | RB 1] Throughput = 1.07771 Mbps
15064[UE 2 | RB 1] Throughput = 1.07654 Mbps
15173[UE 2 | RB 1] Throughput = 1.09202 Mbps
15283[UE 2 | RB 1] Throughput = 1.09205 Mbps
15383[UE 2 | RB 1] Throughput = 1.07589 Mbps
15483[UE 2 | RB 1] Throughput = 1.07779 Mbps
15593[UE 2 | RB 1] Throughput = 0.97995 Mbps
15703[UE 2 | RB 1] Throughput = 1.09216 Mbps
15803[UE 2 | RB 1] Throughput = 1.07751 Mbps
15903[UE 2 | RB 1] Throughput = 1.07778 Mbps
16003[UE 2 | RB 1] Throughput = 1.07785 Mbps
16114[UE 2 | RB 1] Throughput = 1.08692 Mbps
16223[UE 2 | RB 1] Throughput = 1.09242 Mbps
16324[UE 2 | RB 1] Throughput = 1.07630 Mbps
16433[UE 2 | RB 1] Throughput = 0.98509 Mbps
16533[UE 2 | RB 1] Throughput = 1.07826 Mbps
16633[UE 2 | RB 1] Throughput = 1.07855 Mbps
16733[UE 2 | RB 1] Throughput = 1.07811 Mbps
16833[UE 2 | RB 1] Throughput = 1.07576 Mbps
16943[UE 2 | RB 1] Throughput = 1.09042 Mbps
17043[UE 2 | RB 1] Throughput = 1.07787 Mbps
17143[UE 2 | RB 1] Throughput = 1.07754 Mbps
17253[UE 2 | RB 1] Throughput = 0.98360 Mbps
17363[UE 2 | RB 1] Throughput = 1.08847 Mbps
17464[UE 2 | RB 1] Throughput = 1.07364 Mbps
17574[UE 2 | RB 1] Throughput = 1.09092 Mbps
17674[UE 2 | RB 1] Throughput = 1.07744 Mbps
17783[UE 2 | RB 1] Throughput = 1.09169 Mbps
17893[UE 2 | RB 1] Throughput = 1.09224 Mbps
17993[UE 2 | RB 1] Throughput = 0.95839 Mbps
18093[UE 2 | RB 1] Throughput = 1.07836 Mbps
18194[UE 2 | RB 1] Throughput = 1.07298 Mbps
18303[UE 2 | RB 1] Throughput = 1.09403 Mbps
18403[UE 2 | RB 1] Throughput = 1.07742 Mbps
18503[UE 2 | RB 1] Throughput = 1.07721 Mbps
18604[UE 2 | RB 1] Throughput = 1.07751 Mbps
18714[UE 2 | RB 1] Throughput = 1.09022 Mbps
18823[UE 2 | RB 1] Throughput = 0.98411 Mbps
18923[UE 2 | RB 1] Throughput = 1.07549 Mbps
19024[UE 2 | RB 1] Throughput = 1.07628 Mbps
19133[UE 2 | RB 1] Throughput = 1.09082 Mbps
19244[UE 2 | RB 1] Throughput = 1.08815 Mbps
19353[UE 2 | RB 1] Throughput = 1.09137 Mbps
19454[UE 2 | RB 1] Throughput = 1.07708 Mbps
19563[UE 2 | RB 1] Throughput = 0.98320 Mbps
19664[UE 2 | RB 1] Throughput = 1.07546 Mbps
19773[UE 2 | RB 1] Throughput = 1.09035 Mbps
19883[UE 2 | RB 1] Throughput = 1.08983 Mbps
19984[UE 2 | RB 1] Throughput = 1.07686 Mbps
20093[UE 2 | RB 1] Throughput = 1.09067 Mbps
20203[UE 2 | RB 1] Throughput = 1.09205 Mbps
20303[UE 2 | RB 1] Throughput = 0.95577 Mbps
20414[UE 2 | RB 1] Throughput = 1.08878 Mbps
20514[UE 2 | RB 1] Throughput = 1.07651 Mbps
20623[UE 2 | RB 1] Throughput = 1.09394 Mbps
20724[UE 2 | RB 1] Throughput = 1.07518 Mbps
20834[UE 2 | RB 1] Throughput = 1.09035 Mbps
20943[UE 2 | RB 1] Throughput = 0.98155 Mbps
21053[UE 2 | RB 1] Throughput = 1.08977 Mbps
21153[UE 2 | RB 1] Throughput = 1.07837 Mbps
21264[UE 2 | RB 1] Throughput = 1.08810 Mbps
21373[UE 2 | RB 1] Throughput = 1.09006 Mbps
21474[UE 2 | RB 1] Throughput = 1.07443 Mbps
21584[UE 2 | RB 1] Throughput = 1.09018 Mbps
21694[UE 2 | RB 1] Throughput = 0.98239 Mbps
21794[UE 2 | RB 1] Throughput = 1.07696 Mbps
21903[UE 2 | RB 1] Throughput = 1.09191 Mbps
22013[UE 2 | RB 1] Throughput = 1.08933 Mbps
22123[UE 2 | RB 1] Throughput = 1.09292 Mbps
22224[UE 2 | RB 1] Throughput = 1.07280 Mbps
22334[UE 2 | RB 1] Throughput = 0.98043 Mbps
22443[UE 2 | RB 1] Throughput = 1.09234 Mbps
22543[UE 2 | RB 1] Throughput = 1.07836 Mbps
22653[UE 2 | RB 1] Throughput = 1.09031 Mbps
22754[UE 2 | RB 1] Throughput = 1.07516 Mbps
22854[UE 2 | RB 1] Throughput = 1.07843 Mbps
22963[UE 2 | RB 1] Throughput = 1.09099 Mbps
23064[UE 2 | RB 1] Throughput = 1.07692 Mbps
23174[UE 2 | RB 1] Throughput = 0.98090 Mbps
23283[UE 2 | RB 1] Throughput = 1.09127 Mbps
23384[UE 2 | RB 1] Throughput = 1.07672 Mbps
23484[UE 2 | RB 1] Throughput = 1.07790 Mbps
23584[UE 2 | RB 1] Throughput = 1.07836 Mbps
23684[UE 2 | RB 1] Throughput = 1.07787 Mbps
23784[UE 2 | RB 1] Throughput = 1.07659 Mbps
23884[UE 2 | RB 1] Throughput = 1.07613 Mbps
23994[UE 2 | RB 1] Throughput = 0.98435 Mbps
24094[UE 2 | RB 1] Throughput = 1.07846 Mbps
24204[UE 2 | RB 1] Throughput = 1.09016 Mbps
24304[UE 2 | RB 1] Throughput = 1.07627 Mbps
24414[UE 2 | RB 1] Throughput = 1.09107 Mbps
24514[UE 2 | RB 1] Throughput = 1.07655 Mbps
24624[UE 2 | RB 1] Throughput = 1.09106 Mbps
24724[UE 2 | RB 1] Throughput = 1.07427 Mbps
24833[UE 2 | RB 1] Throughput = 0.98664 Mbps
24934[UE 2 | RB 1] Throughput = 1.07404 Mbps
25043[UE 2 | RB 1] Throughput = 1.09501 Mbps
25144[UE 2 | RB 1] Throughput = 1.07300 Mbps
25254[UE 2 | RB 1] Throughput = 1.08980 Mbps
25354[UE 2 | RB 1] Throughput = 1.07662 Mbps
25454[UE 2 | RB 1] Throughput = 1.07704 Mbps
25564[UE 2 | RB 1] Throughput = 0.98279 Mbps
25664[UE 2 | RB 1] Throughput = 1.07685 Mbps
25774[UE 2 | RB 1] Throughput = 1.09076 Mbps
25884[UE 2 | RB 1] Throughput = 1.08942 Mbps
25984[UE 2 | RB 1] Throughput = 1.07840 Mbps
26084[UE 2 | RB 1] Throughput = 1.07779 Mbps
26184[UE 2 | RB 1] Throughput = 1.07499 Mbps
26294[UE 2 | RB 1] Throughput = 1.09572 Mbps
26394[UE 2 | RB 1] Throughput = 0.95738 Mbps
26503[UE 2 | RB 1] Throughput = 1.09380 Mbps
26604[UE 2 | RB 1] Throughput = 1.07499 Mbps
26704[UE 2 | RB 1] Throughput = 1.07601 Mbps
26814[UE 2 | RB 1] Throughput = 1.09188 Mbps
26914[UE 2 | RB 1] Throughput = 1.07563 Mbps
27014[UE 2 | RB 1] Throughput = 1.07525 Mbps
27124[UE 2 | RB 1] Throughput = 1.09150 Mbps
27234[UE 2 | RB 1] Throughput = 0.98424 Mbps
27334[UE 2 | RB 1] Throughput = 1.07641 Mbps
27434[UE 2 | RB 1] Throughput = 1.07664 Mbps
27534[UE 2 | RB 1] Throughput = 1.07775 Mbps
27634[UE 2 | RB 1] Throughput = 1.07821 Mbps
27744[UE 2 | RB 1] Throughput = 1.09281 Mbps
27844[UE 2 | RB 1] Throughput = 1.07509 Mbps
27954[UE 2 | RB 1] Throughput = 1.09251 Mbps
28054[UE 2 | RB 1] Throughput = 0.95652 Mbps
28154[UE 2 | RB 1] Throughput = 1.07745 Mbps
28264[UE 2 | RB 1] Throughput = 1.09038 Mbps
28364[UE 2 | RB 1] Throughput = 1.07596 Mbps
28474[UE 2 | RB 1] Throughput = 1.09337 Mbps
28574[UE 2 | RB 1] Throughput = 1.07396 Mbps
28684[UE 2 | RB 1] Throughput = 1.09079 Mbps
28794[UE 2 | RB 1] Throughput = 0.98184 Mbps
28904[UE 2 | RB 1] Throughput = 1.09194 Mbps
29004[UE 2 | RB 1] Throughput = 1.07850 Mbps
29104[UE 2 | RB 1] Throughput = 1.07465 Mbps
29214[UE 2 | RB 1] Throughput = 1.08789 Mbps
29324[UE 2 | RB 1] Throughput = 1.09189 Mbps
29434[UE 2 | RB 1] Throughput = 1.08833 Mbps
29544[UE 2 | RB 1] Throughput = 0.98360 Mbps
29654[UE 2 | RB 1] Throughput = 1.09040 Mbps
29754[UE 2 | RB 1] Throughput = 1.07536 Mbps
29854[UE 2 | RB 1] Throughput = 1.07844 Mbps
29954[UE 2 | RB 1] Throughput = 1.07800 Mbps
30064[UE 2 | RB 1] Throughput = 1.08750 Mbps
30174[UE 2 | RB 1] Throughput = 1.09151 Mbps
30274[UE 2 | RB 1] Throughput = 0.95700 Mbps
30384[UE 2 | RB 1] Throughput = 1.09150 Mbps
30494[UE 2 | RB 1] Throughput = 1.09125 Mbps
30594[UE 2 | RB 1] Throughput = 1.07804 Mbps
30694[UE 2 | RB 1] Throughput = 1.07724 Mbps
30804[UE 2 | RB 1] Throughput = 1.08840 Mbps
30914[UE 2 | RB 1] Throughput = 1.09286 Mbps
31014[UE 2 | RB 1] Throughput = 0.95423 Mbps
31124[UE 2 | RB 1] Throughput = 1.09177 Mbps
31234[UE 2 | RB 1] Throughput = 1.09075 Mbps
31334[UE 2 | RB 1] Throughput = 1.07601 Mbps
31444[UE 2 | RB 1] Throughput = 1.08817 Mbps
31554[UE 2 | RB 1] Throughput = 1.09148 Mbps
31654[UE 2 | RB 1] Throughput = 0.95711 Mbps
31764[UE 2 | RB 1] Throughput = 1.09104 Mbps
31864[UE 2 | RB 1] Throughput = 1.07685 Mbps
31974[UE 2 | RB 1] Throughput = 1.09443 Mbps
32074[UE 2 | RB 1] Throughput = 1.07336 Mbps
32184[UE 2 | RB 1] Throughput = 1.08835 Mbps
32284[UE 2 | RB 1] Throughput = 1.07826 Mbps
32394[UE 2 | RB 1] Throughput = 0.98383 Mbps
32494[UE 2 | RB 1] Throughput = 1.07801 Mbps
32604[UE 2 | RB 1] Throughput = 1.08907 Mbps
32704[UE 2 | RB 1] Throughput = 1.07549 Mbps
32815[UE 2 | RB 1] Throughput = 1.08825 Mbps
32915[UE 2 | RB 1] Throughput = 1.07834 Mbps
33024[UE 2 | RB 1] Throughput = 1.09196 Mbps
33134[UE 2 | RB 1] Throughput = 0.98303 Mbps
33244[UE 2 | RB 1] Throughput = 1.08751 Mbps
33354[UE 2 | RB 1] Throughput = 1.08896 Mbps
33464[UE 2 | RB 1] Throughput = 1.09081 Mbps
33564[UE 2 | RB 1] Throughput = 1.07512 Mbps
33665[UE 2 | RB 1] Throughput = 1.07728 Mbps
33774[UE 2 | RB 1] Throughput = 1.09208 Mbps
33884[UE 2 | RB 1] Throughput = 0.98262 Mbps
33984[UE 2 | RB 1] Throughput = 1.07510 Mbps
34094[UE 2 | RB 1] Throughput = 1.09106 Mbps
34204[UE 2 | RB 1] Throughput = 1.08854 Mbps
34314[UE 2 | RB 1] Throughput = 1.08943 Mbps
34424[UE 2 | RB 1] Throughput = 1.09362 Mbps
34524[UE 2 | RB 1] Throughput = 0.95725 Mbps
34624[UE 2 | RB 1] Throughput = 1.07815 Mbps
34724[UE 2 | RB 1] Throughput = 1.07589 Mbps
34834[UE 2 | RB 1] Throughput = 1.09462 Mbps
34934[UE 2 | RB 1] Throughput = 1.07660 Mbps
35034[UE 2 | RB 1] Throughput = 1.07783 Mbps
35134[UE 2 | RB 1] Throughput = 1.07500 Mbps
35244[UE 2 | RB 1] Throughput = 1.09198 Mbps
35354[UE 2 | RB 1] Throughput = 0.97973 Mbps
35464[UE 2 | RB 1] Throughput = 1.09006 Mbps
35564[UE 2 | RB 1] Throughput = 1.07678 Mbps
35665[UE 2 | RB 1] Throughput = 1.07224 Mbps
35774[UE 2 | RB 1] Throughput = 1.09618 Mbps
35874[UE 2 | RB 1] Throughput = 1.07755 Mbps
35974[UE 2 | RB 1] Throughput = 1.07855 Mbps
36075[UE 2 | RB 1] Throughput = 1.07671 Mbps
36184[UE 2 | RB 1] Throughput = 0.98251 Mbps
36294[UE 2 | RB 1] Throughput = 1.08982 Mbps
36395[UE 2 | RB 1] Throughput = 1.07575 Mbps
36504[UE 2 | RB 1] Throughput = 1.08985 Mbps
36614[UE 2 | RB 1] Throughput = 1.09053 Mbps
36715[UE 2 | RB 1] Throughput = 1.07645 Mbps
36825[UE 2 | RB 1] Throughput = 0.98098 Mbps
36925[UE 2 | RB 1] Throughput = 1.07836 Mbps
37034[UE 2 | RB 1] Throughput = 1.09070 Mbps
37135[UE 2 | RB 1] Throughput = 1.07587 Mbps
37245[UE 2 | RB 1] Throughput = 1.08800 Mbps
37355[UE 2 | RB 1] Throughput = 1.09125 Mbps
37464[UE 2 | RB 1] Throughput = 1.09070 Mbps
37565[UE 2 | RB 1] Throughput = 0.95478 Mbps
37674[UE 2 | RB 1] Throughput = 1.09371 Mbps
37775[UE 2 | RB 1] Throughput = 1.07692 Mbps
37885[UE 2 | RB 1] Throughput = 1.09040 Mbps
37994[UE 2 | RB 1] Throughput = 1.09128 Mbps
38104[UE 2 | RB 1] Throughput = 1.08829 Mbps
38205[UE 2 | RB 1] Throughput = 1.07641 Mbps
38315[UE 2 | RB 1] Throughput = 0.98084 Mbps
38415[UE 2 | RB 1] Throughput = 1.07810 Mbps
38525[UE 2 | RB 1] Throughput = 1.08578 Mbps
38625[UE 2 | RB 1] Throughput = 1.07773 Mbps
38735[UE 2 | RB 1] Throughput = 1.09499 Mbps
38845[UE 2 | RB 1] Throughput = 1.08653 Mbps
38955[UE 2 | RB 1] Throughput = 0.98265 Mbps
39065[UE 2 | RB 1] Throughput = 1.08517 Mbps
39174[UE 2 | RB 1] Throughput = 1.09546 Mbps
39275[UE 2 | RB 1] Throughput = 1.07714 Mbps
39375[UE 2 | RB 1] Throughput = 1.07098 Mbps
39485[UE 2 | RB 1] Throughput = 1.09723 Mbps
39585[UE 2 | RB 1] Throughput = 1.07797 Mbps
39694[UE 2 | RB 1] Throughput = 0.98233 Mbps
39795[UE 2 | RB 1] Throughput = 1.07448 Mbps
39905[UE 2 | RB 1] Throughput = 1.09127 Mbps
40005[UE 2 | RB 1] Throughput = 1.07670 Mbps
40114[UE 2 | RB 1] Throughput = 1.09276 Mbps
40215[UE 2 | RB 1] Throughput = 1.07585 Mbps
40325[UE 2 | RB 1] Throughput = 1.08803 Mbps
40435[UE 2 | RB 1] Throughput = 0.98291 Mbps
40535[UE 2 | RB 1] Throughput = 1.07545 Mbps
40644[UE 2 | RB 1] Throughput = 1.09402 Mbps
40745[UE 2 | RB 1] Throughput = 1.07668 Mbps
40845[UE 2 | RB 1] Throughput = 1.07814 Mbps
40945[UE 2 | RB 1] Throughput = 1.07708 Mbps
41055[UE 2 | RB 1] Throughput = 1.08929 Mbps
41165[UE 2 | RB 1] Throughput = 1.08973 Mbps
41275[UE 2 | RB 1] Throughput = 0.97896 Mbps
41385[UE 2 | RB 1] Throughput = 1.09144 Mbps
41494[UE 2 | RB 1] Throughput = 1.09287 Mbps
41594[UE 2 | RB 1] Throughput = 1.07819 Mbps
41695[UE 2 | RB 1] Throughput = 1.07309 Mbps
41795[UE 2 | RB 1] Throughput = 1.07841 Mbps
41895[UE 2 | RB 1] Throughput = 1.07785 Mbps
42005[UE 2 | RB 1] Throughput = 0.98178 Mbps
42105[UE 2 | RB 1] Throughput = 1.07247 Mbps
42215[UE 2 | RB 1] Throughput = 1.09321 Mbps
42315[UE 2 | RB 1] Throughput = 1.07810 Mbps
42424[UE 2 | RB 1] Throughput = 1.09532 Mbps
42525[UE 2 | RB 1] Throughput = 1.07671 Mbps
42625[UE 2 | RB 1] Throughput = 1.07855 Mbps
42725[UE 2 | RB 1] Throughput = 1.07853 Mbps
42834[UE 2 | RB 1] Throughput = 0.98246 Mbps
42935[UE 2 | RB 1] Throughput = 1.07737 Mbps
43035[UE 2 | RB 1] Throughput = 1.07641 Mbps
43135[UE 2 | RB 1] Throughput = 1.07552 Mbps
43245[UE 2 | RB 1] Throughput = 1.09159 Mbps
43354[UE 2 | RB 1] Throughput = 1.09257 Mbps
43455[UE 2 | RB 1] Throughput = 1.07799 Mbps
43555[UE 2 | RB 1] Throughput = 1.07285 Mbps
43665[UE 2 | RB 1] Throughput = 0.98523 Mbps
43765[UE 2 | RB 1] Throughput = 1.07293 Mbps
43875[UE 2 | RB 1] Throughput = 1.09344 Mbps
43975[UE 2 | RB 1] Throughput = 1.07645 Mbps
44085[UE 2 | RB 1] Throughput = 1.09230 Mbps
44185[UE 2 | RB 1] Throughput = 1.07626 Mbps
44295[UE 2 | RB 1] Throughput = 1.08934 Mbps
44395[UE 2 | RB 1] Throughput = 1.07732 Mbps
44505[UE 2 | RB 1] Throughput = 0.98281 Mbps
44605[UE 2 | RB 1] Throughput = 1.07501 Mbps
44714[UE 2 | RB 1] Throughput = 1.09456 Mbps
44815[UE 2 | RB 1] Throughput = 1.07551 Mbps
44925[UE 2 | RB 1] Throughput = 1.09058 Mbps
45025[UE 2 | RB 1] Throughput = 1.07847 Mbps
45135[UE 2 | RB 1] Throughput = 0.97728 Mbps
45245[UE 2 | RB 1] Throughput = 1.09307 Mbps
45355[UE 2 | RB 1] Throughput = 1.08548 Mbps
45465[UE 2 | RB 1] Throughput = 1.09471 Mbps
45565[UE 2 | RB 1] Throughput = 1.07499 Mbps
45675[UE 2 | RB 1] Throughput = 1.09018 Mbps
45775[UE 2 | RB 1] Throughput = 1.07829 Mbps
45885[UE 2 | RB 1] Throughput = 0.98050 Mbps
45985[UE 2 | RB 1] Throughput = 1.07298 Mbps
46095[UE 2 | RB 1] Throughput = 1.09080 Mbps
46205[UE 2 | RB 1] Throughput = 1.09058 Mbps
46305[UE 2 | RB 1] Throughput = 1.07657 Mbps
46415[UE 2 | RB 1] Throughput = 1.09110 Mbps
46525[UE 2 | RB 1] Throughput = 0.98202 Mbps
46625[UE 2 | RB 1] Throughput = 1.07675 Mbps
46725[UE 2 | RB 1] Throughput = 1.07855 Mbps
46835[UE 2 | RB 1] Throughput = 1.09006 Mbps
46935[UE 2 | RB 1] Throughput = 1.07648 Mbps
47045[UE 2 | RB 1] Throughput = 1.09448 Mbps
47145[UE 2 | RB 1] Throughput = 1.07268 Mbps
47255[UE 2 | RB 1] Throughput = 1.09264 Mbps
47355[UE 2 | RB 1] Throughput = 0.95758 Mbps
47465[UE 2 | RB 1] Throughput = 1.08962 Mbps
47565[UE 2 | RB 1] Throughput = 1.07648 Mbps
47675[UE 2 | RB 1] Throughput = 1.09265 Mbps
47775[UE 2 | RB 1] Throughput = 1.07264 Mbps
47885[UE 2 | RB 1] Throughput = 1.09076 Mbps
47985[UE 2 | RB 1] Throughput = 1.07680 Mbps
48095[UE 2 | RB 1] Throughput = 0.98435 Mbps
48195[UE 2 | RB 1] Throughput = 1.07850 Mbps
48305[UE 2 | RB 1] Throughput = 1.08958 Mbps
48405[UE 2 | RB 1] Throughput = 1.07613 Mbps
48505[UE 2 | RB 1] Throughput = 1.07672 Mbps
48615[UE 2 | RB 1] Throughput = 1.09433 Mbps
48715[UE 2 | RB 1] Throughput = 1.07715 Mbps
48825[UE 2 | RB 1] Throughput = 1.09325 Mbps
48935[UE 2 | RB 1] Throughput = 0.97952 Mbps
49035[UE 2 | RB 1] Throughput = 1.07406 Mbps
49145[UE 2 | RB 1] Throughput = 1.09629 Mbps
49245[UE 2 | RB 1] Throughput = 1.07001 Mbps
49345[UE 2 | RB 1] Throughput = 1.07719 Mbps
49455[UE 2 | RB 1] Throughput = 1.09184 Mbps
49556[UE 2 | RB 1] Throughput = 1.07488 Mbps
49665[UE 2 | RB 1] Throughput = 0.98194 Mbps
49775[UE 2 | RB 1] Throughput = 1.09283 Mbps
49875[UE 2 | RB 1] Throughput = 1.07712 Mbps
49985[UE 2 | RB 1] Throughput = 1.09001 Mbps
50085[UE 2 | RB 1] Throughput = 1.07559 Mbps
50195[UE 2 | RB 1] Throughput = 1.09358 Mbps
50295[UE 2 | RB 1] Throughput = 1.07612 Mbps
50395[UE 2 | RB 1] Throughput = 1.07798 Mbps
50505[UE 2 | RB 1] Throughput = 0.98077 Mbps
50615[UE 2 | RB 1] Throughput = 1.09212 Mbps
50716[UE 2 | RB 1] Throughput = 1.07297 Mbps
50825[UE 2 | RB 1] Throughput = 1.09376 Mbps
50925[UE 2 | RB 1] Throughput = 1.07800 Mbps
51025[UE 2 | RB 1] Throughput = 1.07820 Mbps
51125[UE 2 | RB 1] Throughput = 1.07772 Mbps
51235[UE 2 | RB 1] Throughput = 0.97962 Mbps
51335[UE 2 | RB 1] Throughput = 1.07715 Mbps
51445[UE 2 | RB 1] Throughput = 1.09307 Mbps
51555[UE 2 | RB 1] Throughput = 1.09154 Mbps
51655[UE 2 | RB 1] Throughput = 1.07650 Mbps
51755[UE 2 | RB 1] Throughput = 1.07807 Mbps
51865[UE 2 | RB 1] Throughput = 1.08859 Mbps
51965[UE 2 | RB 1] Throughput = 1.07771 Mbps
52065[UE 2 | RB 1] Throughput = 0.95846 Mbps
52175[UE 2 | RB 1] Throughput = 1.08982 Mbps
52275[UE 2 | RB 1] Throughput = 1.07764 Mbps
52375[UE 2 | RB 1] Throughput = 1.07763 Mbps
52485[UE 2 | RB 1] Throughput = 1.09174 Mbps
52595[UE 2 | RB 1] Throughput = 1.09002 Mbps
52695[UE 2 | RB 1] Throughput = 1.07740 Mbps
52796[UE 2 | RB 1] Throughput = 1.07644 Mbps
52905[UE 2 | RB 1] Throughput = 0.98117 Mbps
53016[UE 2 | RB 1] Throughput = 1.08024 Mbps
53125[UE 2 | RB 1] Throughput = 1.09933 Mbps
53226[UE 2 | RB 1] Throughput = 1.07607 Mbps
53335[UE 2 | RB 1] Throughput = 1.09576 Mbps
53435[UE 2 | RB 1] Throughput = 1.07472 Mbps
53545[UE 2 | RB 1] Throughput = 0.97997 Mbps
53656[UE 2 | RB 1] Throughput = 1.08794 Mbps
53765[UE 2 | RB 1] Throughput = 1.09603 Mbps
53865[UE 2 | RB 1] Throughput = 1.07781 Mbps
53965[UE 2 | RB 1] Throughput = 1.07295 Mbps
54066[UE 2 | RB 1] Throughput = 1.07812 Mbps
54175[UE 2 | RB 1] Throughput = 1.09223 Mbps
54275[UE 2 | RB 1] Throughput = 1.07818 Mbps
54385[UE 2 | RB 1] Throughput = 0.98053 Mbps
54486[UE 2 | RB 1] Throughput = 1.07586 Mbps
54595[UE 2 | RB 1] Throughput = 1.09612 Mbps
54695[UE 2 | RB 1] Throughput = 1.07576 Mbps
54795[UE 2 | RB 1] Throughput = 1.07630 Mbps
54896[UE 2 | RB 1] Throughput = 1.07517 Mbps
55006[UE 2 | RB 1] Throughput = 1.09005 Mbps
55106[UE 2 | RB 1] Throughput = 1.07818 Mbps
55206[UE 2 | RB 1] Throughput = 0.95871 Mbps
55315[UE 2 | RB 1] Throughput = 1.09246 Mbps
55426[UE 2 | RB 1] Throughput = 1.08737 Mbps
55535[UE 2 | RB 1] Throughput = 1.08985 Mbps
55645[UE 2 | RB 1] Throughput = 1.09083 Mbps
55745[UE 2 | RB 1] Throughput = 1.07793 Mbps
55845[UE 2 | RB 1] Throughput = 1.07813 Mbps
55946[UE 2 | RB 1] Throughput = 0.95634 Mbps
56055[UE 2 | RB 1] Throughput = 1.09229 Mbps
56156[UE 2 | RB 1] Throughput = 1.07696 Mbps
56256[UE 2 | RB 1] Throughput = 1.07755 Mbps
56356[UE 2 | RB 1] Throughput = 1.07470 Mbps
56466[UE 2 | RB 1] Throughput = 1.09339 Mbps
56576[UE 2 | RB 1] Throughput = 1.09041 Mbps
56685[UE 2 | RB 1] Throughput = 0.98224 Mbps
56785[UE 2 | RB 1] Throughput = 1.07736 Mbps
56886[UE 2 | RB 1] Throughput = 1.07692 Mbps
56996[UE 2 | RB 1] Throughput = 1.08869 Mbps
57105[UE 2 | RB 1] Throughput = 1.09189 Mbps
57206[UE 2 | RB 1] Throughput = 1.07703 Mbps
57306[UE 2 | RB 1] Throughput = 1.07675 Mbps
57416[UE 2 | RB 1] Throughput = 1.09143 Mbps
57516[UE 2 | RB 1] Throughput = 0.95816 Mbps
57626[UE 2 | RB 1] Throughput = 1.08842 Mbps
57736[UE 2 | RB 1] Throughput = 1.08988 Mbps
57846[UE 2 | RB 1] Throughput = 1.09015 Mbps
57955[UE 2 | RB 1] Throughput = 1.09166 Mbps
58056[UE 2 | RB 1] Throughput = 1.07616 Mbps
58166[UE 2 | RB 1] Throughput = 0.98062 Mbps
58276[UE 2 | RB 1] Throughput = 1.08913 Mbps
58386[UE 2 | RB 1] Throughput = 1.08979 Mbps
58495[UE 2 | RB 1] Throughput = 1.09312 Mbps
58596[UE 2 | RB 1] Throughput = 1.07354 Mbps
58706[UE 2 | RB 1] Throughput = 1.08933 Mbps
58816[UE 2 | RB 1] Throughput = 0.98164 Mbps
58916[UE 2 | RB 1] Throughput = 1.07813 Mbps
59026[UE 2 | RB 1] Throughput = 1.08577 Mbps
59136[UE 2 | RB 1] Throughput = 1.09317 Mbps
59246[UE 2 | RB 1] Throughput = 1.08845 Mbps
59346[UE 2 | RB 1] Throughput = 1.07853 Mbps
59455[UE 2 | RB 1] Throughput = 0.98272 Mbps
59566[UE 2 | RB 1] Throughput = 1.08495 Mbps
59675[UE 2 | RB 1] Throughput = 1.09496 Mbps
59775[UE 2 | RB 1] Throughput = 1.07722 Mbps
59885[UE 2 | RB 1] Throughput = 1.09295 Mbps
59986[UE 2 | RB 1] Throughput = 1.07401 Mbps
60096[UE 2 | RB 1] Throughput = 0.97845 Mbps
60196[UE 2 | RB 1] Throughput = 1.07799 Mbps
60306[UE 2 | RB 1] Throughput = 1.09236 Mbps
60415[UE 2 | RB 1] Throughput = 1.09009 Mbps
60516[UE 2 | RB 1] Throughput = 1.07588 Mbps
60625[UE 2 | RB 1] Throughput = 1.09306 Mbps
60726[UE 2 | RB 1] Throughput = 1.07390 Mbps
60836[UE 2 | RB 1] Throughput = 0.98312 Mbps
60936[UE 2 | RB 1] Throughput = 1.07644 Mbps
61046[UE 2 | RB 1] Throughput = 1.09016 Mbps
61146[UE 2 | RB 1] Throughput = 1.07048 Mbps
61256[UE 2 | RB 1] Throughput = 1.09712 Mbps
61356[UE 2 | RB 1] Throughput = 1.07704 Mbps
61456[UE 2 | RB 1] Throughput = 1.07807 Mbps
61566[UE 2 | RB 1] Throughput = 1.09225 Mbps
61666[UE 2 | RB 1] Throughput = 0.95689 Mbps
61775[UE 2 | RB 1] Throughput = 1.09258 Mbps
61876[UE 2 | RB 1] Throughput = 1.07669 Mbps
61976[UE 2 | RB 1] Throughput = 1.07588 Mbps
62086[UE 2 | RB 1] Throughput = 1.09186 Mbps
62186[UE 2 | RB 1] Throughput = 1.07748 Mbps
62296[UE 2 | RB 1] Throughput = 1.08584 Mbps
62406[UE 2 | RB 1] Throughput = 0.98118 Mbps
62516[UE 2 | RB 1] Throughput = 1.08754 Mbps
62626[UE 2 | RB 1] Throughput = 1.09337 Mbps
62736[UE 2 | RB 1] Throughput = 1.08992 Mbps
62836[UE 2 | RB 1] Throughput = 1.07519 Mbps
62946[UE 2 | RB 1] Throughput = 1.09260 Mbps
63046[UE 2 | RB 1] Throughput = 1.07756 Mbps
63146[UE 2 | RB 1] Throughput = 0.95842 Mbps
63256[UE 2 | RB 1] Throughput = 1.08428 Mbps
63365[UE 2 | RB 1] Throughput = 1.09891 Mbps
63466[UE 2 | RB 1] Throughput = 1.07554 Mbps
63566[UE 2 | RB 1] Throughput = 1.07724 Mbps
63666[UE 2 | RB 1] Throughput = 1.07755 Mbps
63766[UE 2 | RB 1] Throughput = 1.07739 Mbps
63876[UE 2 | RB 1] Throughput = 1.09117 Mbps
63986[UE 2 | RB 1] Throughput = 0.98201 Mbps
64086[UE 2 | RB 1] Throughput = 1.07720 Mbps
64186[UE 2 | RB 1] Throughput = 1.07846 Mbps
64296[UE 2 | RB 1] Throughput = 1.09122 Mbps
64396[UE 2 | RB 1] Throughput = 1.07503 Mbps
64506[UE 2 | RB 1] Throughput = 1.09001 Mbps
64616[UE 2 | RB 1] Throughput = 1.09330 Mbps
64716[UE 2 | RB 1] Throughput = 0.95280 Mbps
64826[UE 2 | RB 1] Throughput = 1.09391 Mbps
64926[UE 2 | RB 1] Throughput = 1.07811 Mbps
65026[UE 2 | RB 1] Throughput = 1.07842 Mbps
65136[UE 2 | RB 1] Throughput = 1.08889 Mbps
65236[UE 2 | RB 1] Throughput = 1.07708 Mbps
65346[UE 2 | RB 1] Throughput = 1.08848 Mbps
65456[UE 2 | RB 1] Throughput = 0.98374 Mbps
65556[UE 2 | RB 1] Throughput = 1.07774 Mbps
65656[UE 2 | RB 1] Throughput = 1.07757 Mbps
65766[UE 2 | RB 1] Throughput = 1.08939 Mbps
65866[UE 2 | RB 1] Throughput = 1.07485 Mbps
65976[UE 2 | RB 1] Throughput = 1.09252 Mbps
66086[UE 2 | RB 1] Throughput = 1.09036 Mbps
66186[UE 2 | RB 1] Throughput = 1.07697 Mbps
66296[UE 2 | RB 1] Throughput = 0.97971 Mbps
66406[UE 2 | RB 1] Throughput = 1.09323 Mbps
66506[UE 2 | RB 1] Throughput = 1.07022 Mbps
66616[UE 2 | RB 1] Throughput = 1.09418 Mbps
66716[UE 2 | RB 1] Throughput = 1.07773 Mbps
66826[UE 2 | RB 1] Throughput = 1.09409 Mbps
66936[UE 2 | RB 1] Throughput = 0.97812 Mbps
67036[UE 2 | RB 1] Throughput = 1.07650 Mbps
67136[UE 2 | RB 1] Throughput = 1.07528 Mbps
67246[UE 2 | RB 1] Throughput = 1.09578 Mbps
67346[UE 2 | RB 1] Throughput = 1.07585 Mbps
67456[UE 2 | RB 1] Throughput = 1.08716 Mbps
67556[UE 2 | RB 1] Throughput = 1.07746 Mbps
67666[UE 2 | RB 1] Throughput = 0.98572 Mbps
67766[UE 2 | RB 1] Throughput = 1.07790 Mbps
67866[UE 2 | RB 1] Throughput = 1.07524 Mbps
67976[UE 2 | RB 1] Throughput = 1.08683 Mbps
68086[UE 2 | RB 1] Throughput = 1.09476 Mbps
68186[UE 2 | RB 1] Throughput = 1.07838 Mbps
68286[UE 2 | RB 1] Throughput = 1.07471 Mbps
68396[UE 2 | RB 1] Throughput = 1.09133 Mbps
68496[UE 2 | RB 1] Throughput = 1.07646 Mbps
68606[UE 2 | RB 1] Throughput = 0.97935 Mbps
68716[UE 2 | RB 1] Throughput = 1.08842 Mbps
68826[UE 2 | RB 1] Throughput = 1.09470 Mbps
68926[UE 2 | RB 1] Throughput = 1.07396 Mbps
69036[UE 2 | RB 1] Throughput = 1.09477 Mbps
69136[UE 2 | RB 1] Throughput = 1.07777 Mbps
69236[UE 2 | RB 1] Throughput = 0.95776 Mbps
69336[UE 2 | RB 1] Throughput = 1.07306 Mbps
69446[UE 2 | RB 1] Throughput = 1.09580 Mbps
69546[UE 2 | RB 1] Throughput = 1.07527 Mbps
69656[UE 2 | RB 1] Throughput = 1.08933 Mbps
69766[UE 2 | RB 1] Throughput = 1.09267 Mbps
69866[UE 2 | RB 1] Throughput = 1.07559 Mbps
69976[UE 2 | RB 1] Throughput = 0.98082 Mbps
70086[UE 2 | RB 1] Throughput = 1.08603 Mbps
70196[UE 2 | RB 1] Throughput = 1.09051 Mbps
70306[UE 2 | RB 1] Throughput = 1.08957 Mbps
70406[UE 2 | RB 1] Throughput = 1.07657 Mbps
70516[UE 2 | RB 1] Throughput = 1.09370 Mbps
70626[UE 2 | RB 1] Throughput = 0.98200 Mbps
70726[UE 2 | RB 1] Throughput = 1.07421 Mbps
70836[UE 2 | RB 1] Throughput = 1.08914 Mbps
70936[UE 2 | RB 1] Throughput = 1.07704 Mbps
71046[UE 2 | RB 1] Throughput = 1.09187 Mbps
71147[UE 2 | RB 1] Throughput = 1.07497 Mbps
71247[UE 2 | RB 1] Throughput = 1.07806 Mbps
71356[UE 2 | RB 1] Throughput = 1.09656 Mbps
71456[UE 2 | RB 1] Throughput = 0.95464 Mbps
71566[UE 2 | RB 1] Throughput = 1.09119 Mbps
71666[UE 2 | RB 1] Throughput = 1.07518 Mbps
71776[UE 2 | RB 1] Throughput = 1.08948 Mbps
71886[UE 2 | RB 1] Throughput = 1.09434 Mbps
71986[UE 2 | RB 1] Throughput = 1.07589 Mbps
72086[UE 2 | RB 1] Throughput = 1.07760 Mbps
72196[UE 2 | RB 1] Throughput = 0.98089 Mbps
72296[UE 2 | RB 1] Throughput = 1.07630 Mbps
72406[UE 2 | RB 1] Throughput = 1.09029 Mbps
72516[UE 2 | RB 1] Throughput = 1.09186 Mbps
72626[UE 2 | RB 1] Throughput = 1.09252 Mbps
72726[UE 2 | RB 1] Throughput = 1.07430 Mbps
72826[UE 2 | RB 1] Throughput = 1.07659 Mbps
72926[UE 2 | RB 1] Throughput = 1.07800 Mbps
73036[UE 2 | RB 1] Throughput = 0.98198 Mbps
73146[UE 2 | RB 1] Throughput = 1.09010 Mbps
73256[UE 2 | RB 1] Throughput = 1.09217 Mbps
73356[UE 2 | RB 1] Throughput = 1.07540 Mbps
73456[UE 2 | RB 1] Throughput = 1.07779 Mbps
73557[UE 2 | RB 1] Throughput = 1.07529 Mbps
73666[UE 2 | RB 1] Throughput = 1.09399 Mbps
73776[UE 2 | RB 1] Throughput = 0.97932 Mbps
73877[UE 2 | RB 1] Throughput = 1.07618 Mbps
73977[UE 2 | RB 1] Throughput = 1.07797 Mbps
74077[UE 2 | RB 1] Throughput = 1.07813 Mbps
74186[UE 2 | RB 1] Throughput = 1.09345 Mbps
74286[UE 2 | RB 1] Throughput = 1.07680 Mbps
74396[UE 2 | RB 1] Throughput = 1.09162 Mbps
74496[UE 2 | RB 1] Throughput = 1.07833 Mbps
74596[UE 2 | RB 1] Throughput = 0.95697 Mbps
74697[UE 2 | RB 1] Throughput = 1.07725 Mbps
74797[UE 2 | RB 1] Throughput = 1.07816 Mbps
74906[UE 2 | RB 1] Throughput = 1.09119 Mbps
75006[UE 2 | RB 1] Throughput = 1.07735 Mbps
75117[UE 2 | RB 1] Throughput = 1.08874 Mbps
75226[UE 2 | RB 1] Throughput = 1.09221 Mbps
75336[UE 2 | RB 1] Throughput = 0.98179 Mbps
75436[UE 2 | RB 1] Throughput = 1.07760 Mbps
75537[UE 2 | RB 1] Throughput = 1.07384 Mbps
75646[UE 2 | RB 1] Throughput = 1.09510 Mbps
75746[UE 2 | RB 1] Throughput = 1.07703 Mbps
75846[UE 2 | RB 1] Throughput = 1.07610 Mbps
75947[UE 2 | RB 1] Throughput = 1.07789 Mbps
76047[UE 2 | RB 1] Throughput = 1.07847 Mbps
76147[UE 2 | RB 1] Throughput = 1.07690 Mbps
76247[UE 2 | RB 1] Throughput = 1.07639 Mbps
76357[UE 2 | RB 1] Throughput = 0.98088 Mbps
76466[UE 2 | RB 1] Throughput = 1.09522 Mbps
76567[UE 2 | RB 1] Throughput = 1.07493 Mbps
76677[UE 2 | RB 1] Throughput = 1.08985 Mbps
76777[UE 2 | RB 1] Throughput = 1.07601 Mbps
76887[UE 2 | RB 1] Throughput = 1.08897 Mbps
76997[UE 2 | RB 1] Throughput = 0.98191 Mbps
77097[UE 2 | RB 1] Throughput = 1.07731 Mbps
77206[UE 2 | RB 1] Throughput = 1.09434 Mbps
77316[UE 2 | RB 1] Throughput = 1.08787 Mbps
77417[UE 2 | RB 1] Throughput = 1.07580 Mbps
77517[UE 2 | RB 1] Throughput = 1.07734 Mbps
77626[UE 2 | RB 1] Throughput = 1.09577 Mbps
77727[UE 2 | RB 1] Throughput = 1.07409 Mbps
77837[UE 2 | RB 1] Throughput = 0.97746 Mbps
77947[UE 2 | RB 1] Throughput = 1.08860 Mbps
78057[UE 2 | RB 1] Throughput = 1.09223 Mbps
78167[UE 2 | RB 1] Throughput = 1.09085 Mbps
78277[UE 2 | RB 1] Throughput = 1.09052 Mbps
78377[UE 2 | RB 1] Throughput = 1.07667 Mbps
78487[UE 2 | RB 1] Throughput = 0.98068 Mbps
78587[UE 2 | RB 1] Throughput = 1.07583 Mbps
78697[UE 2 | RB 1] Throughput = 1.09186 Mbps
78807[UE 2 | RB 1] Throughput = 1.09073 Mbps
78917[UE 2 | RB 1] Throughput = 1.08744 Mbps
79027[UE 2 | RB 1] Throughput = 0.97973 Mbps
79137[UE 2 | RB 1] Throughput = 1.09226 Mbps
79237[UE 2 | RB 1] Throughput = 1.07659 Mbps
79347[UE 2 | RB 1] Throughput = 1.09155 Mbps
79447[UE 2 | RB 1] Throughput = 1.07171 Mbps
79557[UE 2 | RB 1] Throughput = 1.09460 Mbps
79667[UE 2 | RB 1] Throughput = 1.09093 Mbps
79767[UE 2 | RB 1] Throughput = 0.95699 Mbps
79877[UE 2 | RB 1] Throughput = 1.08868 Mbps
79986[UE 2 | RB 1] Throughput = 1.09330 Mbps
80087[UE 2 | RB 1] Throughput = 1.07457 Mbps
80196[UE 2 | RB 1] Throughput = 1.09233 Mbps
80297[UE 2 | RB 1] Throughput = 1.07371 Mbps
80406[UE 2 | RB 1] Throughput = 1.09411 Mbps
80507[UE 2 | RB 1] Throughput = 0.95077 Mbps
80607[UE 2 | RB 1] Throughput = 1.07824 Mbps
80717[UE 2 | RB 1] Throughput = 1.09417 Mbps
80827[UE 2 | RB 1] Throughput = 1.08858 Mbps
80927[UE 2 | RB 1] Throughput = 1.07834 Mbps
81037[UE 2 | RB 1] Throughput = 1.09095 Mbps
81147[UE 2 | RB 1] Throughput = 1.08991 Mbps
81257[UE 2 | RB 1] Throughput = 0.98049 Mbps
81357[UE 2 | RB 1] Throughput = 1.07567 Mbps
81467[UE 2 | RB 1] Throughput = 1.09284 Mbps
81577[UE 2 | RB 1] Throughput = 1.08978 Mbps
81677[UE 2 | RB 1] Throughput = 1.07618 Mbps
81787[UE 2 | RB 1] Throughput = 1.09180 Mbps
81887[UE 2 | RB 1] Throughput = 0.95747 Mbps
81997[UE 2 | RB 1] Throughput = 1.09013 Mbps
82097[UE 2 | RB 1] Throughput = 1.07537 Mbps
82207[UE 2 | RB 1] Throughput = 1.08967 Mbps
82317[UE 2 | RB 1] Throughput = 1.09169 Mbps
82427[UE 2 | RB 1] Throughput = 1.09104 Mbps
82527[UE 2 | RB 1] Throughput = 1.07211 Mbps
82637[UE 2 | RB 1] Throughput = 0.98039 Mbps
82747[UE 2 | RB 1] Throughput = 1.09382 Mbps
82847[UE 2 | RB 1] Throughput = 1.07841 Mbps
82947[UE 2 | RB 1] Throughput = 1.07697 Mbps
83057[UE 2 | RB 1] Throughput = 1.08951 Mbps
83157[UE 2 | RB 1] Throughput = 1.07604 Mbps
83267[UE 2 | RB 1] Throughput = 1.09060 Mbps
83377[UE 2 | RB 1] Throughput = 0.98544 Mbps
83477[UE 2 | RB 1] Throughput = 1.07330 Mbps
83587[UE 2 | RB 1] Throughput = 1.09266 Mbps
83697[UE 2 | RB 1] Throughput = 1.08829 Mbps
83807[UE 2 | RB 1] Throughput = 1.08919 Mbps
83916[UE 2 | RB 1] Throughput = 0.98339 Mbps
84017[UE 2 | RB 1] Throughput = 1.07435 Mbps
84127[UE 2 | RB 1] Throughput = 1.08876 Mbps
84237[UE 2 | RB 1] Throughput = 1.08984 Mbps
84347[UE 2 | RB 1] Throughput = 1.09261 Mbps
84447[UE 2 | RB 1] Throughput = 1.07473 Mbps
84557[UE 2 | RB 1] Throughput = 1.09065 Mbps
84657[UE 2 | RB 1] Throughput = 0.95802 Mbps
84757[UE 2 | RB 1] Throughput = 1.07834 Mbps
84867[UE 2 | RB 1] Throughput = 1.09238 Mbps
84977[UE 2 | RB 1] Throughput = 1.08639 Mbps
85077[UE 2 | RB 1] Throughput = 1.07768 Mbps
85187[UE 2 | RB 1] Throughput = 1.09344 Mbps
85297[UE 2 | RB 1] Throughput = 1.08510 Mbps
85407[UE 2 | RB 1] Throughput = 0.98341 Mbps
85507[UE 2 | RB 1] Throughput = 1.07296 Mbps
85617[UE 2 | RB 1] Throughput = 1.09279 Mbps
85717[UE 2 | RB 1] Throughput = 1.07732 Mbps
85827[UE 2 | RB 1] Throughput = 1.08797 Mbps
85937[UE 2 | RB 1] Throughput = 1.09187 Mbps
86037[UE 2 | RB 1] Throughput = 1.07708 Mbps
86147[UE 2 | RB 1] Throughput = 0.98330 Mbps
86257[UE 2 | RB 1] Throughput = 1.08797 Mbps
86367[UE 2 | RB 1] Throughput = 1.09246 Mbps
86467[UE 2 | RB 1] Throughput = 1.07804 Mbps
86577[UE 2 | RB 1] Throughput = 1.08654 Mbps
86677[UE 2 | RB 1] Throughput = 1.07772 Mbps
86777[UE 2 | RB 1] Throughput = 1.07508 Mbps
86887[UE 2 | RB 1] Throughput = 0.98371 Mbps
86987[UE 2 | RB 1] Throughput = 1.07629 Mbps
87097[UE 2 | RB 1] Throughput = 1.08852 Mbps
87207[UE 2 | RB 1] Throughput = 1.09121 Mbps
87307[UE 2 | RB 1] Throughput = 1.07852 Mbps
87417[UE 2 | RB 1] Throughput = 1.09054 Mbps
87527[UE 2 | RB 1] Throughput = 0.98342 Mbps
87627[UE 2 | RB 1] Throughput = 1.07636 Mbps
87727[UE 2 | RB 1] Throughput = 1.07341 Mbps
87837[UE 2 | RB 1] Throughput = 1.09018 Mbps
87947[UE 2 | RB 1] Throughput = 1.09259 Mbps
88047[UE 2 | RB 1] Throughput = 1.07462 Mbps
88157[UE 2 | RB 1] Throughput = 1.09369 Mbps
88267[UE 2 | RB 1] Throughput = 0.97895 Mbps
88367[UE 2 | RB 1] Throughput = 1.07716 Mbps
88477[UE 2 | RB 1] Throughput = 1.09170 Mbps
88578[UE 2 | RB 1] Throughput = 1.07262 Mbps
88687[UE 2 | RB 1] Throughput = 1.09518 Mbps
88787[UE 2 | RB 1] Throughput = 1.07693 Mbps
88898[UE 2 | RB 1] Throughput = 1.08520 Mbps
89007[UE 2 | RB 1] Throughput = 0.98409 Mbps
89117[UE 2 | RB 1] Throughput = 1.09325 Mbps
89217[UE 2 | RB 1] Throughput = 1.07512 Mbps
89317[UE 2 | RB 1] Throughput = 1.07543 Mbps
89427[UE 2 | RB 1] Throughput = 1.09004 Mbps
89537[UE 2 | RB 1] Throughput = 1.09055 Mbps
89648[UE 2 | RB 1] Throughput = 0.97764 Mbps
89757[UE 2 | RB 1] Throughput = 1.09057 Mbps
89868[UE 2 | RB 1] Throughput = 1.08833 Mbps
89977[UE 2 | RB 1] Throughput = 1.09040 Mbps
[xApp]: E42 RIC_SUBSCRIPTION_DELETE_REQUEST tx RAN_FUNC_ID 144 RIC_REQ_ID 1 
[xApp]: E42 SUBSCRIPTION DELETE RESPONSE rx
[xApp]: E42 RIC_SUBSCRIPTION_DELETE_REQUEST tx RAN_FUNC_ID 144 RIC_REQ_ID 2 
[xApp]: E42 SUBSCRIPTION DELETE RESPONSE rx
[xApp]: E42 RIC_SUBSCRIPTION_DELETE_REQUEST tx RAN_FUNC_ID 144 RIC_REQ_ID 3 
[xApp]: E42 SUBSCRIPTION DELETE RESPONSE rx
[xApp]: E42 RIC_SUBSCRIPTION_DELETE_REQUEST tx RAN_FUNC_ID 144 RIC_REQ_ID 4 
[xApp]: E42 SUBSCRIPTION DELETE RESPONSE rx
[xApp]: Sucessfully stopped 
Test xApp run SUCCESSFULLY
