[UTIL]: Setting the config -c file to /usr/local/etc/flexric/flexric.conf
[UTIL]: Setting path -p for the shared libraries to /usr/local/lib/flexric/
[xAapp]: Initializing ... 
[xApp]: nearRT-RIC IP Address = 192.168.70.150, PORT = 36422
[E2 AGENT]: Opening plugin from path = /usr/local/lib/flexric/libkpm_sm.so 
[E2 AGENT]: Opening plugin from path = /usr/local/lib/flexric/libmac_sm.so 
[E2 AGENT]: Opening plugin from path = /usr/local/lib/flexric/libpdcp_sm.so 
[E2 AGENT]: Opening plugin from path = /usr/local/lib/flexric/libgtp_sm.so 
[E2 AGENT]: Opening plugin from path = /usr/local/lib/flexric/librc_sm.so 
[E2 AGENT]: Opening plugin from path = /usr/local/lib/flexric/libtc_sm.so 
[E2 AGENT]: Opening plugin from path = /usr/local/lib/flexric/librlc_sm.so 
[E2 AGENT]: Opening plugin from path = /usr/local/lib/flexric/libslice_sm.so 
[NEAR-RIC]: Loading SM ID = 2 with def = ORAN-E2SM-KPM 
[NEAR-RIC]: Loading SM ID = 142 with def = MAC_STATS_V0 
[NEAR-RIC]: Loading SM ID = 144 with def = PDCP_STATS_V0 
[NEAR-RIC]: Loading SM ID = 148 with def = GTP_STATS_V0 
[NEAR-RIC]: Loading SM ID = 3 with def = ORAN-E2SM-RC 
[NEAR-RIC]: Loading SM ID = 146 with def = TC_STATS_V0 
[NEAR-RIC]: Loading SM ID = 143 with def = RLC_STATS_V0 
[NEAR-RIC]: Loading SM ID = 145 with def = SLICE_STATS_V0 
[xApp]: DB filename = /tmp/flexric/xapp_db 
 [xApp]: E42 SETUP-REQUEST tx
[xApp]: E42 SETUP-RESPONSE rx 
[xApp]: xApp ID = 43 
[xApp]: Registered E2 Nodes = 4 
Connected E2 nodes = 4
[xAPP] Registered node 0 ran func id = 2 
 [xAPP] Registered node 0 ran func id = 3 
 [xAPP] Registered node 0 ran func id = 142 
 [xAPP] Registered node 0 ran func id = 143 
 [xAPP] Registered node 0 ran func id = 144 
 [xAPP] Registered node 0 ran func id = 145 
 [xAPP] Registered node 0 ran func id = 146 
 [xAPP] Registered node 0 ran func id = 148 
 [xApp]: E42 RIC SUBSCRIPTION REQUEST tx RAN_FUNC_ID 144 RIC_REQ_ID 1 
[xApp]: SUBSCRIPTION RESPONSE rx
[xApp]: Successfully subscribed to RAN_FUNC_ID 144 
[xAPP] Registered node 1 ran func id = 2 
 [xAPP] Registered node 1 ran func id = 3 
 [xAPP] Registered node 1 ran func id = 142 
 [xAPP] Registered node 1 ran func id = 143 
 [xAPP] Registered node 1 ran func id = 144 
 [xAPP] Registered node 1 ran func id = 145 
 [xAPP] Registered node 1 ran func id = 146 
 [xAPP] Registered node 1 ran func id = 148 
 [xApp]: E42 RIC SUBSCRIPTION REQUEST tx RAN_FUNC_ID 144 RIC_REQ_ID 2 
[xApp]: SUBSCRIPTION RESPONSE rx
[xApp]: Successfully subscribed to RAN_FUNC_ID 144 
[xAPP] Registered node 2 ran func id = 2 
 [xAPP] Registered node 2 ran func id = 3 
 [xAPP] Registered node 2 ran func id = 142 
 [xAPP] Registered node 2 ran func id = 143 
 [xAPP] Registered node 2 ran func id = 144 
 [xAPP] Registered node 2 ran func id = 145 
 [xAPP] Registered node 2 ran func id = 146 
 [xAPP] Registered node 2 ran func id = 148 
 [xApp]: E42 RIC SUBSCRIPTION REQUEST tx RAN_FUNC_ID 144 RIC_REQ_ID 3 
[xApp]: SUBSCRIPTION RESPONSE rx
[xApp]: Successfully subscribed to RAN_FUNC_ID 144 
[xAPP] Registered node 3 ran func id = 2 
 [xAPP] Registered node 3 ran func id = 3 
 [xAPP] Registered node 3 ran func id = 142 
 [xAPP] Registered node 3 ran func id = 143 
 [xAPP] Registered node 3 ran func id = 144 
 [xAPP] Registered node 3 ran func id = 145 
 [xAPP] Registered node 3 ran func id = 146 
 [xAPP] Registered node 3 ran func id = 148 
 [xApp]: E42 RIC SUBSCRIPTION REQUEST tx RAN_FUNC_ID 144 RIC_REQ_ID 4 
[xApp]: SUBSCRIPTION RESPONSE rx
[xApp]: Successfully subscribed to RAN_FUNC_ID 144 
112[UE 2 | RB 1] Throughput = 1.07513 Mbps
222[UE 2 | RB 1] Throughput = 1.08948 Mbps
323[UE 2 | RB 1] Throughput = 1.07748 Mbps
423[UE 2 | RB 1] Throughput = 1.07422 Mbps
533[UE 2 | RB 1] Throughput = 0.98216 Mbps
633[UE 2 | RB 1] Throughput = 1.07658 Mbps
742[UE 2 | RB 1] Throughput = 1.09642 Mbps
843[UE 2 | RB 1] Throughput = 1.07541 Mbps
943[UE 2 | RB 1] Throughput = 1.07735 Mbps
1043[UE 2 | RB 1] Throughput = 1.07702 Mbps
1153[UE 2 | RB 1] Throughput = 1.09034 Mbps
1263[UE 2 | RB 1] Throughput = 1.08962 Mbps
1373[UE 2 | RB 1] Throughput = 0.98046 Mbps
1482[UE 2 | RB 1] Throughput = 1.09219 Mbps
1583[UE 2 | RB 1] Throughput = 1.07526 Mbps
1683[UE 2 | RB 1] Throughput = 1.07806 Mbps
1793[UE 2 | RB 1] Throughput = 1.09073 Mbps
1903[UE 2 | RB 1] Throughput = 1.08828 Mbps
2012[UE 2 | RB 1] Throughput = 0.98511 Mbps
2113[UE 2 | RB 1] Throughput = 1.07360 Mbps
2223[UE 2 | RB 1] Throughput = 1.08805 Mbps
2332[UE 2 | RB 1] Throughput = 1.09371 Mbps
2433[UE 2 | RB 1] Throughput = 1.07622 Mbps
2533[UE 2 | RB 1] Throughput = 1.07590 Mbps
2643[UE 2 | RB 1] Throughput = 1.09256 Mbps
2743[UE 2 | RB 1] Throughput = 0.95811 Mbps
2853[UE 2 | RB 1] Throughput = 1.08981 Mbps
2953[UE 2 | RB 1] Throughput = 1.07418 Mbps
3063[UE 2 | RB 1] Throughput = 1.09295 Mbps
3163[UE 2 | RB 1] Throughput = 1.07719 Mbps
3273[UE 2 | RB 1] Throughput = 1.08951 Mbps
3373[UE 2 | RB 1] Throughput = 1.07840 Mbps
3483[UE 2 | RB 1] Throughput = 0.98209 Mbps
3583[UE 2 | RB 1] Throughput = 1.07719 Mbps
3693[UE 2 | RB 1] Throughput = 1.08749 Mbps
3803[UE 2 | RB 1] Throughput = 1.08906 Mbps
3903[UE 2 | RB 1] Throughput = 1.07646 Mbps
4013[UE 2 | RB 1] Throughput = 1.09411 Mbps
4123[UE 2 | RB 1] Throughput = 1.08595 Mbps
4233[UE 2 | RB 1] Throughput = 0.98499 Mbps
4333[UE 2 | RB 1] Throughput = 1.07517 Mbps
4433[UE 2 | RB 1] Throughput = 1.07734 Mbps
4543[UE 2 | RB 1] Throughput = 1.09235 Mbps
4643[UE 2 | RB 1] Throughput = 1.07484 Mbps
4753[UE 2 | RB 1] Throughput = 1.09217 Mbps
4853[UE 2 | RB 1] Throughput = 1.07641 Mbps
4963[UE 2 | RB 1] Throughput = 0.98248 Mbps
5063[UE 2 | RB 1] Throughput = 1.07778 Mbps
5173[UE 2 | RB 1] Throughput = 1.09198 Mbps
5273[UE 2 | RB 1] Throughput = 1.07682 Mbps
5373[UE 2 | RB 1] Throughput = 1.07687 Mbps
5473[UE 2 | RB 1] Throughput = 1.07827 Mbps
5573[UE 2 | RB 1] Throughput = 1.07605 Mbps
5683[UE 2 | RB 1] Throughput = 1.09274 Mbps
5783[UE 2 | RB 1] Throughput = 1.07727 Mbps
5893[UE 2 | RB 1] Throughput = 0.98035 Mbps
5993[UE 2 | RB 1] Throughput = 1.07552 Mbps
6103[UE 2 | RB 1] Throughput = 1.09315 Mbps
6203[UE 2 | RB 1] Throughput = 1.07595 Mbps
6313[UE 2 | RB 1] Throughput = 1.09000 Mbps
6413[UE 2 | RB 1] Throughput = 1.07565 Mbps
6523[UE 2 | RB 1] Throughput = 1.09703 Mbps
6623[UE 2 | RB 1] Throughput = 0.95318 Mbps
6733[UE 2 | RB 1] Throughput = 1.08950 Mbps
6843[UE 2 | RB 1] Throughput = 1.08824 Mbps
6944[UE 2 | RB 1] Throughput = 1.07393 Mbps
7053[UE 2 | RB 1] Throughput = 1.09908 Mbps
7153[UE 2 | RB 1] Throughput = 1.07251 Mbps
7263[UE 2 | RB 1] Throughput = 1.09522 Mbps
7363[UE 2 | RB 1] Throughput = 0.95676 Mbps
7473[UE 2 | RB 1] Throughput = 1.09039 Mbps
7573[UE 2 | RB 1] Throughput = 1.07613 Mbps
7673[UE 2 | RB 1] Throughput = 1.07804 Mbps
7783[UE 2 | RB 1] Throughput = 1.09517 Mbps
7883[UE 2 | RB 1] Throughput = 1.07264 Mbps
7993[UE 2 | RB 1] Throughput = 1.09172 Mbps
8093[UE 2 | RB 1] Throughput = 1.07646 Mbps
8203[UE 2 | RB 1] Throughput = 0.98051 Mbps
8303[UE 2 | RB 1] Throughput = 1.07610 Mbps
8413[UE 2 | RB 1] Throughput = 1.08956 Mbps
8523[UE 2 | RB 1] Throughput = 1.08795 Mbps
8624[UE 2 | RB 1] Throughput = 1.07542 Mbps
8733[UE 2 | RB 1] Throughput = 1.09719 Mbps
8843[UE 2 | RB 1] Throughput = 0.97892 Mbps
8943[UE 2 | RB 1] Throughput = 1.07800 Mbps
9043[UE 2 | RB 1] Throughput = 1.07598 Mbps
9143[UE 2 | RB 1] Throughput = 1.07814 Mbps
9253[UE 2 | RB 1] Throughput = 1.09498 Mbps
9353[UE 2 | RB 1] Throughput = 1.07767 Mbps
9453[UE 2 | RB 1] Throughput = 1.07705 Mbps
9553[UE 2 | RB 1] Throughput = 1.07845 Mbps
9663[UE 2 | RB 1] Throughput = 1.08903 Mbps
9763[UE 2 | RB 1] Throughput = 0.95794 Mbps
9863[UE 2 | RB 1] Throughput = 1.07668 Mbps
9973[UE 2 | RB 1] Throughput = 1.09251 Mbps
10083[UE 2 | RB 1] Throughput = 1.09163 Mbps
10183[UE 2 | RB 1] Throughput = 1.07595 Mbps
10293[UE 2 | RB 1] Throughput = 1.09068 Mbps
10393[UE 2 | RB 1] Throughput = 1.07798 Mbps
10493[UE 2 | RB 1] Throughput = 1.07628 Mbps
10603[UE 2 | RB 1] Throughput = 0.98213 Mbps
10703[UE 2 | RB 1] Throughput = 1.07598 Mbps
10813[UE 2 | RB 1] Throughput = 1.09140 Mbps
10914[UE 2 | RB 1] Throughput = 1.07327 Mbps
11023[UE 2 | RB 1] Throughput = 1.09884 Mbps
11123[UE 2 | RB 1] Throughput = 1.07519 Mbps
11223[UE 2 | RB 1] Throughput = 1.07514 Mbps
11333[UE 2 | RB 1] Throughput = 0.98394 Mbps
11433[UE 2 | RB 1] Throughput = 1.07477 Mbps
11543[UE 2 | RB 1] Throughput = 1.09186 Mbps
11643[UE 2 | RB 1] Throughput = 1.07827 Mbps
11743[UE 2 | RB 1] Throughput = 1.07646 Mbps
11843[UE 2 | RB 1] Throughput = 1.07654 Mbps
11953[UE 2 | RB 1] Throughput = 1.09426 Mbps
12063[UE 2 | RB 1] Throughput = 1.08617 Mbps
12173[UE 2 | RB 1] Throughput = 0.98123 Mbps
12283[UE 2 | RB 1] Throughput = 1.08934 Mbps
12383[UE 2 | RB 1] Throughput = 1.07763 Mbps
12483[UE 2 | RB 1] Throughput = 1.07830 Mbps
12583[UE 2 | RB 1] Throughput = 1.07784 Mbps
12693[UE 2 | RB 1] Throughput = 1.09360 Mbps
12793[UE 2 | RB 1] Throughput = 1.07701 Mbps
12893[UE 2 | RB 1] Throughput = 1.07601 Mbps
12993[UE 2 | RB 1] Throughput = 0.95816 Mbps
13093[UE 2 | RB 1] Throughput = 1.07845 Mbps
13203[UE 2 | RB 1] Throughput = 1.09015 Mbps
13313[UE 2 | RB 1] Throughput = 1.08937 Mbps
13423[UE 2 | RB 1] Throughput = 1.08995 Mbps
13533[UE 2 | RB 1] Throughput = 1.09171 Mbps
13643[UE 2 | RB 1] Throughput = 0.98148 Mbps
13743[UE 2 | RB 1] Throughput = 1.07506 Mbps
13853[UE 2 | RB 1] Throughput = 1.08904 Mbps
13953[UE 2 | RB 1] Throughput = 1.07765 Mbps
14054[UE 2 | RB 1] Throughput = 1.07710 Mbps
14164[UE 2 | RB 1] Throughput = 1.08866 Mbps
14274[UE 2 | RB 1] Throughput = 1.09014 Mbps
14383[UE 2 | RB 1] Throughput = 0.98546 Mbps
14483[UE 2 | RB 1] Throughput = 1.07438 Mbps
14593[UE 2 | RB 1] Throughput = 1.09189 Mbps
14693[UE 2 | RB 1] Throughput = 1.07618 Mbps
14794[UE 2 | RB 1] Throughput = 1.07527 Mbps
14904[UE 2 | RB 1] Throughput = 1.08994 Mbps
15013[UE 2 | RB 1] Throughput = 1.09139 Mbps
15123[UE 2 | RB 1] Throughput = 0.98140 Mbps
15233[UE 2 | RB 1] Throughput = 1.09056 Mbps
15334[UE 2 | RB 1] Throughput = 1.07519 Mbps
15443[UE 2 | RB 1] Throughput = 1.09197 Mbps
15553[UE 2 | RB 1] Throughput = 1.09205 Mbps
15654[UE 2 | RB 1] Throughput = 1.07280 Mbps
15764[UE 2 | RB 1] Throughput = 0.98100 Mbps
15864[UE 2 | RB 1] Throughput = 1.07810 Mbps
15964[UE 2 | RB 1] Throughput = 1.07781 Mbps
16074[UE 2 | RB 1] Throughput = 1.08742 Mbps
16183[UE 2 | RB 1] Throughput = 1.09788 Mbps
16283[UE 2 | RB 1] Throughput = 1.07686 Mbps
16393[UE 2 | RB 1] Throughput = 1.08754 Mbps
16503[UE 2 | RB 1] Throughput = 0.98083 Mbps
16604[UE 2 | RB 1] Throughput = 1.06996 Mbps
16714[UE 2 | RB 1] Throughput = 1.09486 Mbps
16823[UE 2 | RB 1] Throughput = 1.09171 Mbps
16923[UE 2 | RB 1] Throughput = 1.07824 Mbps
17034[UE 2 | RB 1] Throughput = 1.08834 Mbps
17143[UE 2 | RB 1] Throughput = 1.09220 Mbps
17244[UE 2 | RB 1] Throughput = 0.95439 Mbps
17354[UE 2 | RB 1] Throughput = 1.09020 Mbps
17463[UE 2 | RB 1] Throughput = 1.09135 Mbps
17564[UE 2 | RB 1] Throughput = 1.07601 Mbps
17664[UE 2 | RB 1] Throughput = 1.07797 Mbps
17774[UE 2 | RB 1] Throughput = 1.09001 Mbps
17884[UE 2 | RB 1] Throughput = 0.98206 Mbps
17993[UE 2 | RB 1] Throughput = 1.08956 Mbps
18094[UE 2 | RB 1] Throughput = 1.07826 Mbps
18194[UE 2 | RB 1] Throughput = 1.07405 Mbps
18303[UE 2 | RB 1] Throughput = 1.09496 Mbps
18404[UE 2 | RB 1] Throughput = 1.07416 Mbps
18514[UE 2 | RB 1] Throughput = 1.08812 Mbps
18624[UE 2 | RB 1] Throughput = 0.98287 Mbps
18733[UE 2 | RB 1] Throughput = 1.09212 Mbps
18834[UE 2 | RB 1] Throughput = 1.07548 Mbps
18944[UE 2 | RB 1] Throughput = 1.09016 Mbps
19053[UE 2 | RB 1] Throughput = 1.09070 Mbps
19163[UE 2 | RB 1] Throughput = 1.08954 Mbps
19274[UE 2 | RB 1] Throughput = 0.97985 Mbps
19374[UE 2 | RB 1] Throughput = 1.07813 Mbps
19474[UE 2 | RB 1] Throughput = 1.07708 Mbps
19574[UE 2 | RB 1] Throughput = 1.07809 Mbps
19683[UE 2 | RB 1] Throughput = 1.09334 Mbps
19784[UE 2 | RB 1] Throughput = 1.07724 Mbps
19884[UE 2 | RB 1] Throughput = 1.07698 Mbps
19994[UE 2 | RB 1] Throughput = 1.08964 Mbps
20104[UE 2 | RB 1] Throughput = 0.98036 Mbps
20204[UE 2 | RB 1] Throughput = 1.07790 Mbps
20304[UE 2 | RB 1] Throughput = 1.07781 Mbps
20414[UE 2 | RB 1] Throughput = 1.08950 Mbps
20514[UE 2 | RB 1] Throughput = 1.07772 Mbps
20624[UE 2 | RB 1] Throughput = 1.09179 Mbps
20724[UE 2 | RB 1] Throughput = 1.07653 Mbps
20833[UE 2 | RB 1] Throughput = 1.09358 Mbps
20934[UE 2 | RB 1] Throughput = 0.95358 Mbps
21044[UE 2 | RB 1] Throughput = 1.09328 Mbps
21154[UE 2 | RB 1] Throughput = 1.08545 Mbps
21264[UE 2 | RB 1] Throughput = 1.09051 Mbps
21374[UE 2 | RB 1] Throughput = 1.08946 Mbps
21484[UE 2 | RB 1] Throughput = 1.09059 Mbps
21584[UE 2 | RB 1] Throughput = 0.95837 Mbps
21684[UE 2 | RB 1] Throughput = 1.07799 Mbps
21784[UE 2 | RB 1] Throughput = 1.07841 Mbps
21884[UE 2 | RB 1] Throughput = 1.07795 Mbps
21994[UE 2 | RB 1] Throughput = 1.09147 Mbps
22094[UE 2 | RB 1] Throughput = 1.07697 Mbps
22194[UE 2 | RB 1] Throughput = 1.07640 Mbps
22304[UE 2 | RB 1] Throughput = 1.08945 Mbps
22414[UE 2 | RB 1] Throughput = 0.98292 Mbps
22514[UE 2 | RB 1] Throughput = 1.07764 Mbps
22624[UE 2 | RB 1] Throughput = 1.09007 Mbps
22734[UE 2 | RB 1] Throughput = 1.09027 Mbps
22834[UE 2 | RB 1] Throughput = 1.07504 Mbps
22944[UE 2 | RB 1] Throughput = 1.09030 Mbps
23054[UE 2 | RB 1] Throughput = 1.09298 Mbps
23154[UE 2 | RB 1] Throughput = 0.95591 Mbps
23264[UE 2 | RB 1] Throughput = 1.09083 Mbps
23374[UE 2 | RB 1] Throughput = 1.09125 Mbps
23474[UE 2 | RB 1] Throughput = 1.07589 Mbps
23574[UE 2 | RB 1] Throughput = 1.07625 Mbps
23684[UE 2 | RB 1] Throughput = 1.09076 Mbps
23784[UE 2 | RB 1] Throughput = 1.07844 Mbps
23884[UE 2 | RB 1] Throughput = 1.07270 Mbps
23994[UE 2 | RB 1] Throughput = 0.98410 Mbps
24104[UE 2 | RB 1] Throughput = 1.08981 Mbps
24214[UE 2 | RB 1] Throughput = 1.09145 Mbps
24314[UE 2 | RB 1] Throughput = 1.07692 Mbps
24424[UE 2 | RB 1] Throughput = 1.08924 Mbps
24534[UE 2 | RB 1] Throughput = 0.98021 Mbps
24644[UE 2 | RB 1] Throughput = 1.09144 Mbps
24744[UE 2 | RB 1] Throughput = 1.07478 Mbps
24854[UE 2 | RB 1] Throughput = 1.09087 Mbps
24954[UE 2 | RB 1] Throughput = 1.07568 Mbps
25064[UE 2 | RB 1] Throughput = 1.09333 Mbps
25174[UE 2 | RB 1] Throughput = 1.08786 Mbps
25274[UE 2 | RB 1] Throughput = 0.95856 Mbps
25384[UE 2 | RB 1] Throughput = 1.09035 Mbps
25494[UE 2 | RB 1] Throughput = 1.08892 Mbps
25594[UE 2 | RB 1] Throughput = 1.07781 Mbps
25704[UE 2 | RB 1] Throughput = 1.09045 Mbps
25814[UE 2 | RB 1] Throughput = 1.08945 Mbps
25924[UE 2 | RB 1] Throughput = 0.97961 Mbps
26034[UE 2 | RB 1] Throughput = 1.09345 Mbps
26134[UE 2 | RB 1] Throughput = 1.07589 Mbps
26244[UE 2 | RB 1] Throughput = 1.08886 Mbps
26354[UE 2 | RB 1] Throughput = 1.08887 Mbps
26464[UE 2 | RB 1] Throughput = 1.08938 Mbps
26564[UE 2 | RB 1] Throughput = 0.95493 Mbps
26674[UE 2 | RB 1] Throughput = 1.09438 Mbps
26774[UE 2 | RB 1] Throughput = 1.07635 Mbps
26874[UE 2 | RB 1] Throughput = 1.07824 Mbps
26984[UE 2 | RB 1] Throughput = 1.08994 Mbps
27084[UE 2 | RB 1] Throughput = 1.07548 Mbps
27194[UE 2 | RB 1] Throughput = 1.09493 Mbps
27304[UE 2 | RB 1] Throughput = 0.97860 Mbps
27405[UE 2 | RB 1] Throughput = 1.06971 Mbps
27514[UE 2 | RB 1] Throughput = 1.09833 Mbps
27624[UE 2 | RB 1] Throughput = 1.08907 Mbps
27724[UE 2 | RB 1] Throughput = 1.07821 Mbps
27834[UE 2 | RB 1] Throughput = 1.09032 Mbps
27944[UE 2 | RB 1] Throughput = 1.09175 Mbps
28044[UE 2 | RB 1] Throughput = 0.95795 Mbps
28144[UE 2 | RB 1] Throughput = 1.07741 Mbps
28244[UE 2 | RB 1] Throughput = 1.07716 Mbps
28344[UE 2 | RB 1] Throughput = 1.07607 Mbps
28454[UE 2 | RB 1] Throughput = 1.09177 Mbps
28565[UE 2 | RB 1] Throughput = 1.08519 Mbps
28674[UE 2 | RB 1] Throughput = 1.09386 Mbps
28784[UE 2 | RB 1] Throughput = 0.97937 Mbps
28894[UE 2 | RB 1] Throughput = 1.08719 Mbps
29004[UE 2 | RB 1] Throughput = 1.09170 Mbps
29114[UE 2 | RB 1] Throughput = 1.09056 Mbps
29224[UE 2 | RB 1] Throughput = 1.09132 Mbps
29324[UE 2 | RB 1] Throughput = 1.07769 Mbps
29434[UE 2 | RB 1] Throughput = 0.98019 Mbps
29544[UE 2 | RB 1] Throughput = 1.08918 Mbps
29654[UE 2 | RB 1] Throughput = 1.09309 Mbps
29754[UE 2 | RB 1] Throughput = 1.07410 Mbps
29854[UE 2 | RB 1] Throughput = 1.07798 Mbps
29964[UE 2 | RB 1] Throughput = 1.09402 Mbps
30064[UE 2 | RB 1] Throughput = 1.07644 Mbps
30164[UE 2 | RB 1] Throughput = 1.07626 Mbps
30264[UE 2 | RB 1] Throughput = 0.95743 Mbps
30374[UE 2 | RB 1] Throughput = 1.09111 Mbps
30484[UE 2 | RB 1] Throughput = 1.09103 Mbps
30585[UE 2 | RB 1] Throughput = 1.07268 Mbps
30694[UE 2 | RB 1] Throughput = 1.09113 Mbps
30794[UE 2 | RB 1] Throughput = 1.07819 Mbps
30895[UE 2 | RB 1] Throughput = 1.07610 Mbps
31005[UE 2 | RB 1] Throughput = 0.98021 Mbps
31114[UE 2 | RB 1] Throughput = 1.09176 Mbps
31215[UE 2 | RB 1] Throughput = 1.07745 Mbps
31324[UE 2 | RB 1] Throughput = 1.09445 Mbps
31424[UE 2 | RB 1] Throughput = 1.07745 Mbps
31524[UE 2 | RB 1] Throughput = 1.07744 Mbps
31624[UE 2 | RB 1] Throughput = 1.07756 Mbps
31725[UE 2 | RB 1] Throughput = 1.07517 Mbps
31834[UE 2 | RB 1] Throughput = 0.98569 Mbps
31934[UE 2 | RB 1] Throughput = 1.07839 Mbps
32044[UE 2 | RB 1] Throughput = 1.09067 Mbps
32144[UE 2 | RB 1] Throughput = 1.07398 Mbps
32254[UE 2 | RB 1] Throughput = 1.08828 Mbps
32364[UE 2 | RB 1] Throughput = 1.09085 Mbps
32464[UE 2 | RB 1] Throughput = 1.07775 Mbps
32574[UE 2 | RB 1] Throughput = 0.98306 Mbps
32684[UE 2 | RB 1] Throughput = 1.08959 Mbps
32784[UE 2 | RB 1] Throughput = 1.07458 Mbps
32894[UE 2 | RB 1] Throughput = 1.09078 Mbps
32994[UE 2 | RB 1] Throughput = 1.07740 Mbps
33104[UE 2 | RB 1] Throughput = 1.09345 Mbps
33205[UE 2 | RB 1] Throughput = 1.07164 Mbps
33314[UE 2 | RB 1] Throughput = 0.98319 Mbps
33424[UE 2 | RB 1] Throughput = 1.08901 Mbps
33534[UE 2 | RB 1] Throughput = 1.09069 Mbps
33635[UE 2 | RB 1] Throughput = 1.07649 Mbps
33735[UE 2 | RB 1] Throughput = 1.07662 Mbps
33845[UE 2 | RB 1] Throughput = 1.09082 Mbps
33954[UE 2 | RB 1] Throughput = 0.98321 Mbps
34054[UE 2 | RB 1] Throughput = 1.07744 Mbps
34164[UE 2 | RB 1] Throughput = 1.08963 Mbps
34264[UE 2 | RB 1] Throughput = 1.07807 Mbps
34364[UE 2 | RB 1] Throughput = 1.07773 Mbps
34474[UE 2 | RB 1] Throughput = 1.09289 Mbps
34574[UE 2 | RB 1] Throughput = 1.07663 Mbps
34675[UE 2 | RB 1] Throughput = 1.07506 Mbps
34785[UE 2 | RB 1] Throughput = 0.98072 Mbps
34885[UE 2 | RB 1] Throughput = 1.07541 Mbps
34995[UE 2 | RB 1] Throughput = 1.09237 Mbps
35105[UE 2 | RB 1] Throughput = 1.08780 Mbps
35214[UE 2 | RB 1] Throughput = 1.09293 Mbps
35324[UE 2 | RB 1] Throughput = 1.09139 Mbps
35425[UE 2 | RB 1] Throughput = 1.07516 Mbps
35534[UE 2 | RB 1] Throughput = 0.98114 Mbps
35635[UE 2 | RB 1] Throughput = 1.07248 Mbps
35745[UE 2 | RB 1] Throughput = 1.09421 Mbps
35855[UE 2 | RB 1] Throughput = 1.08797 Mbps
35964[UE 2 | RB 1] Throughput = 1.09222 Mbps
36074[UE 2 | RB 1] Throughput = 0.98063 Mbps
36175[UE 2 | RB 1] Throughput = 1.07773 Mbps
36275[UE 2 | RB 1] Throughput = 1.07484 Mbps
36384[UE 2 | RB 1] Throughput = 1.09332 Mbps
36485[UE 2 | RB 1] Throughput = 1.07531 Mbps
36585[UE 2 | RB 1] Throughput = 1.07813 Mbps
36695[UE 2 | RB 1] Throughput = 1.09087 Mbps
36805[UE 2 | RB 1] Throughput = 1.09020 Mbps
36915[UE 2 | RB 1] Throughput = 0.97946 Mbps
37024[UE 2 | RB 1] Throughput = 1.09270 Mbps
37125[UE 2 | RB 1] Throughput = 1.07281 Mbps
37235[UE 2 | RB 1] Throughput = 1.08959 Mbps
37345[UE 2 | RB 1] Throughput = 1.09069 Mbps
37445[UE 2 | RB 1] Throughput = 1.07812 Mbps
37545[UE 2 | RB 1] Throughput = 1.07674 Mbps
37654[UE 2 | RB 1] Throughput = 0.98527 Mbps
37755[UE 2 | RB 1] Throughput = 1.07363 Mbps
37855[UE 2 | RB 1] Throughput = 1.07732 Mbps
37965[UE 2 | RB 1] Throughput = 1.09272 Mbps
38065[UE 2 | RB 1] Throughput = 1.07741 Mbps
38175[UE 2 | RB 1] Throughput = 1.08972 Mbps
38285[UE 2 | RB 1] Throughput = 1.08810 Mbps
38385[UE 2 | RB 1] Throughput = 0.95609 Mbps
38495[UE 2 | RB 1] Throughput = 1.09193 Mbps
38605[UE 2 | RB 1] Throughput = 1.09126 Mbps
38714[UE 2 | RB 1] Throughput = 1.09198 Mbps
38815[UE 2 | RB 1] Throughput = 1.07385 Mbps
38925[UE 2 | RB 1] Throughput = 1.09104 Mbps
39025[UE 2 | RB 1] Throughput = 1.07511 Mbps
39135[UE 2 | RB 1] Throughput = 0.98071 Mbps
39235[UE 2 | RB 1] Throughput = 1.07820 Mbps
39345[UE 2 | RB 1] Throughput = 1.09178 Mbps
39455[UE 2 | RB 1] Throughput = 1.09082 Mbps
39555[UE 2 | RB 1] Throughput = 1.07757 Mbps
39655[UE 2 | RB 1] Throughput = 1.07705 Mbps
39764[UE 2 | RB 1] Throughput = 1.09420 Mbps
39865[UE 2 | RB 1] Throughput = 0.95585 Mbps
39965[UE 2 | RB 1] Throughput = 1.07700 Mbps
40075[UE 2 | RB 1] Throughput = 1.09193 Mbps
40185[UE 2 | RB 1] Throughput = 1.08971 Mbps
40285[UE 2 | RB 1] Throughput = 1.07660 Mbps
40394[UE 2 | RB 1] Throughput = 1.09364 Mbps
40495[UE 2 | RB 1] Throughput = 1.07673 Mbps
40595[UE 2 | RB 1] Throughput = 1.07467 Mbps
40705[UE 2 | RB 1] Throughput = 0.98020 Mbps
40815[UE 2 | RB 1] Throughput = 1.09349 Mbps
40924[UE 2 | RB 1] Throughput = 1.09080 Mbps
41025[UE 2 | RB 1] Throughput = 1.07518 Mbps
41125[UE 2 | RB 1] Throughput = 1.07632 Mbps
41235[UE 2 | RB 1] Throughput = 1.09221 Mbps
41335[UE 2 | RB 1] Throughput = 1.07853 Mbps
41435[UE 2 | RB 1] Throughput = 0.95713 Mbps
41545[UE 2 | RB 1] Throughput = 1.08916 Mbps
41655[UE 2 | RB 1] Throughput = 1.09096 Mbps
41755[UE 2 | RB 1] Throughput = 1.07686 Mbps
41865[UE 2 | RB 1] Throughput = 1.08950 Mbps
41965[UE 2 | RB 1] Throughput = 1.07839 Mbps
42075[UE 2 | RB 1] Throughput = 1.08788 Mbps
42175[UE 2 | RB 1] Throughput = 0.95771 Mbps
42285[UE 2 | RB 1] Throughput = 1.09278 Mbps
42385[UE 2 | RB 1] Throughput = 1.07656 Mbps
42485[UE 2 | RB 1] Throughput = 1.07842 Mbps
42585[UE 2 | RB 1] Throughput = 1.07753 Mbps
42695[UE 2 | RB 1] Throughput = 1.08595 Mbps
42805[UE 2 | RB 1] Throughput = 1.09323 Mbps
42905[UE 2 | RB 1] Throughput = 1.07755 Mbps
43015[UE 2 | RB 1] Throughput = 0.98010 Mbps
43116[UE 2 | RB 1] Throughput = 1.07408 Mbps
43225[UE 2 | RB 1] Throughput = 1.09880 Mbps
43325[UE 2 | RB 1] Throughput = 1.07371 Mbps
43425[UE 2 | RB 1] Throughput = 1.07774 Mbps
43526[UE 2 | RB 1] Throughput = 1.07587 Mbps
43635[UE 2 | RB 1] Throughput = 1.09267 Mbps
43745[UE 2 | RB 1] Throughput = 0.98038 Mbps
43855[UE 2 | RB 1] Throughput = 1.09238 Mbps
43955[UE 2 | RB 1] Throughput = 1.07548 Mbps
44065[UE 2 | RB 1] Throughput = 1.09063 Mbps
44175[UE 2 | RB 1] Throughput = 1.08785 Mbps
44285[UE 2 | RB 1] Throughput = 1.09140 Mbps
44385[UE 2 | RB 1] Throughput = 1.07660 Mbps
44497[UE 2 | RB 1] Throughput = 0.96597 Mbps
44605[UE 2 | RB 1] Throughput = 1.10443 Mbps
44716[UE 2 | RB 1] Throughput = 1.08782 Mbps
44826[UE 2 | RB 1] Throughput = 1.08948 Mbps
44935[UE 2 | RB 1] Throughput = 1.09467 Mbps
45035[UE 2 | RB 1] Throughput = 0.95837 Mbps
45145[UE 2 | RB 1] Throughput = 1.08910 Mbps
45245[UE 2 | RB 1] Throughput = 1.07844 Mbps
45355[UE 2 | RB 1] Throughput = 1.09036 Mbps
45455[UE 2 | RB 1] Throughput = 1.07701 Mbps
45555[UE 2 | RB 1] Throughput = 1.07841 Mbps
45655[UE 2 | RB 1] Throughput = 1.07600 Mbps
45765[UE 2 | RB 1] Throughput = 1.09151 Mbps
45865[UE 2 | RB 1] Throughput = 0.95852 Mbps
45965[UE 2 | RB 1] Throughput = 1.07708 Mbps
46075[UE 2 | RB 1] Throughput = 1.08938 Mbps
46185[UE 2 | RB 1] Throughput = 1.09137 Mbps
46285[UE 2 | RB 1] Throughput = 1.07830 Mbps
46385[UE 2 | RB 1] Throughput = 1.07622 Mbps
46495[UE 2 | RB 1] Throughput = 1.09420 Mbps
46595[UE 2 | RB 1] Throughput = 1.07560 Mbps
46705[UE 2 | RB 1] Throughput = 0.97848 Mbps
46806[UE 2 | RB 1] Throughput = 1.07784 Mbps
46915[UE 2 | RB 1] Throughput = 1.09198 Mbps
47025[UE 2 | RB 1] Throughput = 1.08981 Mbps
47126[UE 2 | RB 1] Throughput = 1.07409 Mbps
47235[UE 2 | RB 1] Throughput = 1.09677 Mbps
47335[UE 2 | RB 1] Throughput = 1.07524 Mbps
47436[UE 2 | RB 1] Throughput = 0.95472 Mbps
47545[UE 2 | RB 1] Throughput = 1.09552 Mbps
47645[UE 2 | RB 1] Throughput = 1.07774 Mbps
47745[UE 2 | RB 1] Throughput = 1.07803 Mbps
47846[UE 2 | RB 1] Throughput = 1.07449 Mbps
47955[UE 2 | RB 1] Throughput = 1.09073 Mbps
48065[UE 2 | RB 1] Throughput = 1.08976 Mbps
48166[UE 2 | RB 1] Throughput = 1.07685 Mbps
48266[UE 2 | RB 1] Throughput = 0.95622 Mbps
48375[UE 2 | RB 1] Throughput = 1.09457 Mbps
48475[UE 2 | RB 1] Throughput = 1.07713 Mbps
48575[UE 2 | RB 1] Throughput = 1.07777 Mbps
48676[UE 2 | RB 1] Throughput = 1.07685 Mbps
48785[UE 2 | RB 1] Throughput = 1.09329 Mbps
48886[UE 2 | RB 1] Throughput = 1.07476 Mbps
48995[UE 2 | RB 1] Throughput = 1.09600 Mbps
49096[UE 2 | RB 1] Throughput = 0.95122 Mbps
49206[UE 2 | RB 1] Throughput = 1.09004 Mbps
49306[UE 2 | RB 1] Throughput = 1.07830 Mbps
49415[UE 2 | RB 1] Throughput = 1.09163 Mbps
49525[UE 2 | RB 1] Throughput = 1.08968 Mbps
49626[UE 2 | RB 1] Throughput = 1.07651 Mbps
49735[UE 2 | RB 1] Throughput = 1.09428 Mbps
49835[UE 2 | RB 1] Throughput = 0.95804 Mbps
49945[UE 2 | RB 1] Throughput = 1.08938 Mbps
50045[UE 2 | RB 1] Throughput = 1.07833 Mbps
50146[UE 2 | RB 1] Throughput = 1.07548 Mbps
50246[UE 2 | RB 1] Throughput = 1.07705 Mbps
50356[UE 2 | RB 1] Throughput = 1.08828 Mbps
50465[UE 2 | RB 1] Throughput = 1.09374 Mbps
50566[UE 2 | RB 1] Throughput = 1.07676 Mbps
50675[UE 2 | RB 1] Throughput = 0.98143 Mbps
50776[UE 2 | RB 1] Throughput = 1.07600 Mbps
50886[UE 2 | RB 1] Throughput = 1.09075 Mbps
50996[UE 2 | RB 1] Throughput = 1.08942 Mbps
51096[UE 2 | RB 1] Throughput = 1.07763 Mbps
51196[UE 2 | RB 1] Throughput = 1.07762 Mbps
51306[UE 2 | RB 1] Throughput = 1.08905 Mbps
51416[UE 2 | RB 1] Throughput = 0.98234 Mbps
51516[UE 2 | RB 1] Throughput = 1.07702 Mbps
51625[UE 2 | RB 1] Throughput = 1.09259 Mbps
51725[UE 2 | RB 1] Throughput = 1.07839 Mbps
51835[UE 2 | RB 1] Throughput = 1.08884 Mbps
51945[UE 2 | RB 1] Throughput = 1.09300 Mbps
52045[UE 2 | RB 1] Throughput = 1.07512 Mbps
52146[UE 2 | RB 1] Throughput = 0.95442 Mbps
52255[UE 2 | RB 1] Throughput = 1.09387 Mbps
52355[UE 2 | RB 1] Throughput = 1.07807 Mbps
52465[UE 2 | RB 1] Throughput = 1.08957 Mbps
52575[UE 2 | RB 1] Throughput = 1.08942 Mbps
52689[UE 2 | RB 1] Throughput = 1.05799 Mbps
52795[UE 2 | RB 1] Throughput = 1.01127 Mbps
52896[UE 2 | RB 1] Throughput = 1.07353 Mbps
53006[UE 2 | RB 1] Throughput = 1.09276 Mbps
53115[UE 2 | RB 1] Throughput = 1.09056 Mbps
53216[UE 2 | RB 1] Throughput = 1.07749 Mbps
53316[UE 2 | RB 1] Throughput = 1.07410 Mbps
53426[UE 2 | RB 1] Throughput = 1.09345 Mbps
53536[UE 2 | RB 1] Throughput = 0.97810 Mbps
53645[UE 2 | RB 1] Throughput = 1.09271 Mbps
53746[UE 2 | RB 1] Throughput = 1.07703 Mbps
53846[UE 2 | RB 1] Throughput = 1.07736 Mbps
53956[UE 2 | RB 1] Throughput = 1.08909 Mbps
54066[UE 2 | RB 1] Throughput = 1.08893 Mbps
54176[UE 2 | RB 1] Throughput = 0.98155 Mbps
54285[UE 2 | RB 1] Throughput = 1.09155 Mbps
54386[UE 2 | RB 1] Throughput = 1.07427 Mbps
54496[UE 2 | RB 1] Throughput = 1.09290 Mbps
54596[UE 2 | RB 1] Throughput = 1.07820 Mbps
54696[UE 2 | RB 1] Throughput = 1.07674 Mbps
54806[UE 2 | RB 1] Throughput = 1.08814 Mbps
54916[UE 2 | RB 1] Throughput = 0.98130 Mbps
55026[UE 2 | RB 1] Throughput = 1.08847 Mbps
55136[UE 2 | RB 1] Throughput = 1.08937 Mbps
55246[UE 2 | RB 1] Throughput = 1.09118 Mbps
55356[UE 2 | RB 1] Throughput = 1.08913 Mbps
55466[UE 2 | RB 1] Throughput = 0.97973 Mbps
55576[UE 2 | RB 1] Throughput = 1.09111 Mbps
55686[UE 2 | RB 1] Throughput = 1.08805 Mbps
55796[UE 2 | RB 1] Throughput = 1.08865 Mbps
55906[UE 2 | RB 1] Throughput = 1.09167 Mbps
56015[UE 2 | RB 1] Throughput = 1.09155 Mbps
56116[UE 2 | RB 1] Throughput = 0.95618 Mbps
56226[UE 2 | RB 1] Throughput = 1.08613 Mbps
56336[UE 2 | RB 1] Throughput = 1.09379 Mbps
56436[UE 2 | RB 1] Throughput = 1.07755 Mbps
56545[UE 2 | RB 1] Throughput = 1.09269 Mbps
56646[UE 2 | RB 1] Throughput = 1.07685 Mbps
56746[UE 2 | RB 1] Throughput = 1.07371 Mbps
56856[UE 2 | RB 1] Throughput = 0.98481 Mbps
56956[UE 2 | RB 1] Throughput = 1.07410 Mbps
57056[UE 2 | RB 1] Throughput = 1.07799 Mbps
57156[UE 2 | RB 1] Throughput = 1.07552 Mbps
57266[UE 2 | RB 1] Throughput = 1.09518 Mbps
57376[UE 2 | RB 1] Throughput = 1.08825 Mbps
57477[UE 2 | RB 1] Throughput = 1.06756 Mbps
57586[UE 2 | RB 1] Throughput = 1.10060 Mbps
57686[UE 2 | RB 1] Throughput = 0.95461 Mbps
57796[UE 2 | RB 1] Throughput = 1.09247 Mbps
57896[UE 2 | RB 1] Throughput = 1.07529 Mbps
58006[UE 2 | RB 1] Throughput = 1.09270 Mbps
58106[UE 2 | RB 1] Throughput = 1.07657 Mbps
58206[UE 2 | RB 1] Throughput = 1.07740 Mbps
58316[UE 2 | RB 1] Throughput = 1.09087 Mbps
58416[UE 2 | RB 1] Throughput = 1.07654 Mbps
58526[UE 2 | RB 1] Throughput = 0.98365 Mbps
58636[UE 2 | RB 1] Throughput = 1.09130 Mbps
58746[UE 2 | RB 1] Throughput = 1.08955 Mbps
58846[UE 2 | RB 1] Throughput = 1.07714 Mbps
58946[UE 2 | RB 1] Throughput = 1.07842 Mbps
59046[UE 2 | RB 1] Throughput = 1.07474 Mbps
59156[UE 2 | RB 1] Throughput = 1.09099 Mbps
59266[UE 2 | RB 1] Throughput = 0.98264 Mbps
59366[UE 2 | RB 1] Throughput = 1.07856 Mbps
59466[UE 2 | RB 1] Throughput = 1.07687 Mbps
59576[UE 2 | RB 1] Throughput = 1.09249 Mbps
59676[UE 2 | RB 1] Throughput = 1.07642 Mbps
59776[UE 2 | RB 1] Throughput = 1.07755 Mbps
59876[UE 2 | RB 1] Throughput = 1.07741 Mbps
59986[UE 2 | RB 1] Throughput = 1.09008 Mbps
60086[UE 2 | RB 1] Throughput = 0.95585 Mbps
60196[UE 2 | RB 1] Throughput = 1.09110 Mbps
60306[UE 2 | RB 1] Throughput = 1.09097 Mbps
60406[UE 2 | RB 1] Throughput = 1.07727 Mbps
60516[UE 2 | RB 1] Throughput = 1.09379 Mbps
60616[UE 2 | RB 1] Throughput = 1.07288 Mbps
60726[UE 2 | RB 1] Throughput = 1.09230 Mbps
60826[UE 2 | RB 1] Throughput = 0.95431 Mbps
60936[UE 2 | RB 1] Throughput = 1.09102 Mbps
61046[UE 2 | RB 1] Throughput = 1.09264 Mbps
61146[UE 2 | RB 1] Throughput = 1.07645 Mbps
61246[UE 2 | RB 1] Throughput = 1.07832 Mbps
61356[UE 2 | RB 1] Throughput = 1.08908 Mbps
61466[UE 2 | RB 1] Throughput = 0.98181 Mbps
61576[UE 2 | RB 1] Throughput = 1.09108 Mbps
61676[UE 2 | RB 1] Throughput = 1.07691 Mbps
61776[UE 2 | RB 1] Throughput = 1.07746 Mbps
61886[UE 2 | RB 1] Throughput = 1.09193 Mbps
61986[UE 2 | RB 1] Throughput = 1.07619 Mbps
62096[UE 2 | RB 1] Throughput = 1.08948 Mbps
62196[UE 2 | RB 1] Throughput = 1.07546 Mbps
62306[UE 2 | RB 1] Throughput = 0.97932 Mbps
62416[UE 2 | RB 1] Throughput = 1.09415 Mbps
62516[UE 2 | RB 1] Throughput = 1.07722 Mbps
62626[UE 2 | RB 1] Throughput = 1.09145 Mbps
62726[UE 2 | RB 1] Throughput = 1.07514 Mbps
62826[UE 2 | RB 1] Throughput = 1.07825 Mbps
62927[UE 2 | RB 1] Throughput = 1.07279 Mbps
63036[UE 2 | RB 1] Throughput = 1.09775 Mbps
63136[UE 2 | RB 1] Throughput = 0.95387 Mbps
63246[UE 2 | RB 1] Throughput = 1.09135 Mbps
63347[UE 2 | RB 1] Throughput = 1.07187 Mbps
63456[UE 2 | RB 1] Throughput = 1.10038 Mbps
63556[UE 2 | RB 1] Throughput = 1.07719 Mbps
63656[UE 2 | RB 1] Throughput = 1.07683 Mbps
63756[UE 2 | RB 1] Throughput = 1.07827 Mbps
63856[UE 2 | RB 1] Throughput = 1.07598 Mbps
63966[UE 2 | RB 1] Throughput = 0.98406 Mbps
64067[UE 2 | RB 1] Throughput = 1.07075 Mbps
64167[UE 2 | RB 1] Throughput = 1.07502 Mbps
64276[UE 2 | RB 1] Throughput = 1.09592 Mbps
64386[UE 2 | RB 1] Throughput = 1.09331 Mbps
64486[UE 2 | RB 1] Throughput = 1.07307 Mbps
64596[UE 2 | RB 1] Throughput = 1.09489 Mbps
64697[UE 2 | RB 1] Throughput = 1.07145 Mbps
64807[UE 2 | RB 1] Throughput = 0.97977 Mbps
64916[UE 2 | RB 1] Throughput = 1.09197 Mbps
65017[UE 2 | RB 1] Throughput = 1.07631 Mbps
65117[UE 2 | RB 1] Throughput = 1.07802 Mbps
65226[UE 2 | RB 1] Throughput = 1.09576 Mbps
65336[UE 2 | RB 1] Throughput = 1.09053 Mbps
65446[UE 2 | RB 1] Throughput = 0.98039 Mbps
65546[UE 2 | RB 1] Throughput = 1.07802 Mbps
65647[UE 2 | RB 1] Throughput = 1.07179 Mbps
65756[UE 2 | RB 1] Throughput = 1.09424 Mbps
65857[UE 2 | RB 1] Throughput = 1.07207 Mbps
65967[UE 2 | RB 1] Throughput = 1.09032 Mbps
66067[UE 2 | RB 1] Throughput = 1.07773 Mbps
66176[UE 2 | RB 1] Throughput = 0.98410 Mbps
66287[UE 2 | RB 1] Throughput = 1.08694 Mbps
66396[UE 2 | RB 1] Throughput = 1.09208 Mbps
66506[UE 2 | RB 1] Throughput = 1.09128 Mbps
66606[UE 2 | RB 1] Throughput = 1.07833 Mbps
66706[UE 2 | RB 1] Throughput = 1.07598 Mbps
66807[UE 2 | RB 1] Throughput = 1.07484 Mbps
66907[UE 2 | RB 1] Throughput = 1.07818 Mbps
67016[UE 2 | RB 1] Throughput = 0.98330 Mbps
67127[UE 2 | RB 1] Throughput = 1.08768 Mbps
67227[UE 2 | RB 1] Throughput = 1.07836 Mbps
67337[UE 2 | RB 1] Throughput = 1.09095 Mbps
67447[UE 2 | RB 1] Throughput = 1.08861 Mbps
67556[UE 2 | RB 1] Throughput = 1.09189 Mbps
67656[UE 2 | RB 1] Throughput = 0.95803 Mbps
67757[UE 2 | RB 1] Throughput = 1.07657 Mbps
67866[UE 2 | RB 1] Throughput = 1.09483 Mbps
67967[UE 2 | RB 1] Throughput = 1.07107 Mbps
68076[UE 2 | RB 1] Throughput = 1.09608 Mbps
68176[UE 2 | RB 1] Throughput = 1.07522 Mbps
68277[UE 2 | RB 1] Throughput = 1.07556 Mbps
68377[UE 2 | RB 1] Throughput = 1.07712 Mbps
68487[UE 2 | RB 1] Throughput = 0.98169 Mbps
68596[UE 2 | RB 1] Throughput = 1.09244 Mbps
68706[UE 2 | RB 1] Throughput = 1.08887 Mbps
68807[UE 2 | RB 1] Throughput = 1.07441 Mbps
68917[UE 2 | RB 1] Throughput = 1.09038 Mbps
69027[UE 2 | RB 1] Throughput = 1.09158 Mbps
69136[UE 2 | RB 1] Throughput = 0.98280 Mbps
69236[UE 2 | RB 1] Throughput = 1.07707 Mbps
69347[UE 2 | RB 1] Throughput = 1.08801 Mbps
69456[UE 2 | RB 1] Throughput = 1.09217 Mbps
69557[UE 2 | RB 1] Throughput = 1.07612 Mbps
69666[UE 2 | RB 1] Throughput = 1.09109 Mbps
69766[UE 2 | RB 1] Throughput = 1.07755 Mbps
69867[UE 2 | RB 1] Throughput = 1.07563 Mbps
69977[UE 2 | RB 1] Throughput = 0.98164 Mbps
70087[UE 2 | RB 1] Throughput = 1.09009 Mbps
70187[UE 2 | RB 1] Throughput = 1.07855 Mbps
70287[UE 2 | RB 1] Throughput = 1.07639 Mbps
70396[UE 2 | RB 1] Throughput = 1.09188 Mbps
70506[UE 2 | RB 1] Throughput = 1.09304 Mbps
70607[UE 2 | RB 1] Throughput = 1.07284 Mbps
70707[UE 2 | RB 1] Throughput = 0.95860 Mbps
70807[UE 2 | RB 1] Throughput = 1.07767 Mbps
70907[UE 2 | RB 1] Throughput = 1.07809 Mbps
71007[UE 2 | RB 1] Throughput = 1.07819 Mbps
71118[UE 2 | RB 1] Throughput = 1.08190 Mbps
71227[UE 2 | RB 1] Throughput = 1.09900 Mbps
71327[UE 2 | RB 1] Throughput = 1.07826 Mbps
71427[UE 2 | RB 1] Throughput = 1.07509 Mbps
71527[UE 2 | RB 1] Throughput = 1.07845 Mbps
71637[UE 2 | RB 1] Throughput = 0.98334 Mbps
71737[UE 2 | RB 1] Throughput = 1.07833 Mbps
71837[UE 2 | RB 1] Throughput = 1.07420 Mbps
71947[UE 2 | RB 1] Throughput = 1.09088 Mbps
72057[UE 2 | RB 1] Throughput = 1.09390 Mbps
72157[UE 2 | RB 1] Throughput = 1.07713 Mbps
72267[UE 2 | RB 1] Throughput = 1.08828 Mbps
72377[UE 2 | RB 1] Throughput = 0.98099 Mbps
72477[UE 2 | RB 1] Throughput = 1.07762 Mbps
72577[UE 2 | RB 1] Throughput = 1.07708 Mbps
72687[UE 2 | RB 1] Throughput = 1.09337 Mbps
72787[UE 2 | RB 1] Throughput = 1.07572 Mbps
72897[UE 2 | RB 1] Throughput = 1.08969 Mbps
72997[UE 2 | RB 1] Throughput = 1.07418 Mbps
73107[UE 2 | RB 1] Throughput = 0.98504 Mbps
73217[UE 2 | RB 1] Throughput = 1.08601 Mbps
73327[UE 2 | RB 1] Throughput = 1.09398 Mbps
73427[UE 2 | RB 1] Throughput = 1.07821 Mbps
73537[UE 2 | RB 1] Throughput = 1.08966 Mbps
73637[UE 2 | RB 1] Throughput = 1.07744 Mbps
73737[UE 2 | RB 1] Throughput = 1.07593 Mbps
73847[UE 2 | RB 1] Throughput = 0.98239 Mbps
73947[UE 2 | RB 1] Throughput = 1.07805 Mbps
74056[UE 2 | RB 1] Throughput = 1.09346 Mbps
74157[UE 2 | RB 1] Throughput = 1.07391 Mbps
74267[UE 2 | RB 1] Throughput = 1.09058 Mbps
74367[UE 2 | RB 1] Throughput = 1.07793 Mbps
74477[UE 2 | RB 1] Throughput = 1.09013 Mbps
74577[UE 2 | RB 1] Throughput = 1.07687 Mbps
74677[UE 2 | RB 1] Throughput = 0.95846 Mbps
74787[UE 2 | RB 1] Throughput = 1.09176 Mbps
74897[UE 2 | RB 1] Throughput = 1.08714 Mbps
75007[UE 2 | RB 1] Throughput = 1.09187 Mbps
75117[UE 2 | RB 1] Throughput = 1.08838 Mbps
75217[UE 2 | RB 1] Throughput = 1.07715 Mbps
75327[UE 2 | RB 1] Throughput = 0.98255 Mbps
75437[UE 2 | RB 1] Throughput = 1.09048 Mbps
75537[UE 2 | RB 1] Throughput = 1.07229 Mbps
75647[UE 2 | RB 1] Throughput = 1.09415 Mbps
75747[UE 2 | RB 1] Throughput = 1.07609 Mbps
75857[UE 2 | RB 1] Throughput = 1.09122 Mbps
75957[UE 2 | RB 1] Throughput = 1.07626 Mbps
76057[UE 2 | RB 1] Throughput = 0.95786 Mbps
76167[UE 2 | RB 1] Throughput = 1.09040 Mbps
76277[UE 2 | RB 1] Throughput = 1.08776 Mbps
76387[UE 2 | RB 1] Throughput = 1.09364 Mbps
76487[UE 2 | RB 1] Throughput = 1.07672 Mbps
76587[UE 2 | RB 1] Throughput = 1.07805 Mbps
76687[UE 2 | RB 1] Throughput = 1.07357 Mbps
76797[UE 2 | RB 1] Throughput = 0.98473 Mbps
76897[UE 2 | RB 1] Throughput = 1.07693 Mbps
77007[UE 2 | RB 1] Throughput = 1.09160 Mbps
77117[UE 2 | RB 1] Throughput = 1.08975 Mbps
77217[UE 2 | RB 1] Throughput = 1.07760 Mbps
77317[UE 2 | RB 1] Throughput = 1.07788 Mbps
77427[UE 2 | RB 1] Throughput = 1.09267 Mbps
77527[UE 2 | RB 1] Throughput = 1.07589 Mbps
77637[UE 2 | RB 1] Throughput = 0.98274 Mbps
77737[UE 2 | RB 1] Throughput = 1.07272 Mbps
77847[UE 2 | RB 1] Throughput = 1.09231 Mbps
77957[UE 2 | RB 1] Throughput = 1.09189 Mbps
78057[UE 2 | RB 1] Throughput = 1.07825 Mbps
78157[UE 2 | RB 1] Throughput = 1.07622 Mbps
78267[UE 2 | RB 1] Throughput = 1.08686 Mbps
78367[UE 2 | RB 1] Throughput = 0.95805 Mbps
78477[UE 2 | RB 1] Throughput = 1.09124 Mbps
78577[UE 2 | RB 1] Throughput = 1.07854 Mbps
78687[UE 2 | RB 1] Throughput = 1.09313 Mbps
78787[UE 2 | RB 1] Throughput = 1.07398 Mbps
78887[UE 2 | RB 1] Throughput = 1.07837 Mbps
78997[UE 2 | RB 1] Throughput = 1.09240 Mbps
79097[UE 2 | RB 1] Throughput = 1.07650 Mbps
79207[UE 2 | RB 1] Throughput = 0.98179 Mbps
79308[UE 2 | RB 1] Throughput = 1.06959 Mbps
79417[UE 2 | RB 1] Throughput = 1.09739 Mbps
79517[UE 2 | RB 1] Throughput = 1.07706 Mbps
79627[UE 2 | RB 1] Throughput = 1.08809 Mbps
79737[UE 2 | RB 1] Throughput = 1.09155 Mbps
79837[UE 2 | RB 1] Throughput = 1.07804 Mbps
79947[UE 2 | RB 1] Throughput = 0.98367 Mbps
80047[UE 2 | RB 1] Throughput = 1.07208 Mbps
80157[UE 2 | RB 1] Throughput = 1.09388 Mbps
80257[UE 2 | RB 1] Throughput = 1.07699 Mbps
80357[UE 2 | RB 1] Throughput = 1.07560 Mbps
80467[UE 2 | RB 1] Throughput = 1.09079 Mbps
80577[UE 2 | RB 1] Throughput = 1.09161 Mbps
80677[UE 2 | RB 1] Throughput = 0.95836 Mbps
80777[UE 2 | RB 1] Throughput = 1.07427 Mbps
80888[UE 2 | RB 1] Throughput = 1.08711 Mbps
80988[UE 2 | RB 1] Throughput = 1.07810 Mbps
81097[UE 2 | RB 1] Throughput = 1.09518 Mbps
81197[UE 2 | RB 1] Throughput = 1.07737 Mbps
81297[UE 2 | RB 1] Throughput = 1.07686 Mbps
81407[UE 2 | RB 1] Throughput = 1.09037 Mbps
81517[UE 2 | RB 1] Throughput = 0.98323 Mbps
81627[UE 2 | RB 1] Throughput = 1.08826 Mbps
81727[UE 2 | RB 1] Throughput = 1.07555 Mbps
81827[UE 2 | RB 1] Throughput = 1.07844 Mbps
81937[UE 2 | RB 1] Throughput = 1.09427 Mbps
82037[UE 2 | RB 1] Throughput = 1.07157 Mbps
82147[UE 2 | RB 1] Throughput = 1.09003 Mbps
82257[UE 2 | RB 1] Throughput = 0.98298 Mbps
82367[UE 2 | RB 1] Throughput = 1.08934 Mbps
82467[UE 2 | RB 1] Throughput = 1.07632 Mbps
82577[UE 2 | RB 1] Throughput = 1.08966 Mbps
82687[UE 2 | RB 1] Throughput = 1.08908 Mbps
82797[UE 2 | RB 1] Throughput = 1.09274 Mbps
82897[UE 2 | RB 1] Throughput = 0.95452 Mbps
83007[UE 2 | RB 1] Throughput = 1.09032 Mbps
83117[UE 2 | RB 1] Throughput = 1.09203 Mbps
83217[UE 2 | RB 1] Throughput = 1.07726 Mbps
83317[UE 2 | RB 1] Throughput = 1.07758 Mbps
83428[UE 2 | RB 1] Throughput = 1.08764 Mbps
83537[UE 2 | RB 1] Throughput = 0.98117 Mbps
83638[UE 2 | RB 1] Throughput = 1.07593 Mbps
83747[UE 2 | RB 1] Throughput = 1.09329 Mbps
83857[UE 2 | RB 1] Throughput = 1.08825 Mbps
83967[UE 2 | RB 1] Throughput = 1.09556 Mbps
84067[UE 2 | RB 1] Throughput = 1.07546 Mbps
84177[UE 2 | RB 1] Throughput = 1.09250 Mbps
84277[UE 2 | RB 1] Throughput = 0.95409 Mbps
84388[UE 2 | RB 1] Throughput = 1.08547 Mbps
84497[UE 2 | RB 1] Throughput = 1.09244 Mbps
84597[UE 2 | RB 1] Throughput = 1.07852 Mbps
84707[UE 2 | RB 1] Throughput = 1.09162 Mbps
84807[UE 2 | RB 1] Throughput = 1.07568 Mbps
84907[UE 2 | RB 1] Throughput = 1.07836 Mbps
85017[UE 2 | RB 1] Throughput = 0.98104 Mbps
85127[UE 2 | RB 1] Throughput = 1.09251 Mbps
85237[UE 2 | RB 1] Throughput = 1.08905 Mbps
85347[UE 2 | RB 1] Throughput = 1.08928 Mbps
85457[UE 2 | RB 1] Throughput = 1.09014 Mbps
85557[UE 2 | RB 1] Throughput = 1.07517 Mbps
85667[UE 2 | RB 1] Throughput = 0.98382 Mbps
85767[UE 2 | RB 1] Throughput = 1.07729 Mbps
85867[UE 2 | RB 1] Throughput = 1.07819 Mbps
85977[UE 2 | RB 1] Throughput = 1.09071 Mbps
86077[UE 2 | RB 1] Throughput = 1.07462 Mbps
86177[UE 2 | RB 1] Throughput = 1.07831 Mbps
86287[UE 2 | RB 1] Throughput = 1.08987 Mbps
86388[UE 2 | RB 1] Throughput = 1.07606 Mbps
86497[UE 2 | RB 1] Throughput = 0.98210 Mbps
86598[UE 2 | RB 1] Throughput = 1.07654 Mbps
86707[UE 2 | RB 1] Throughput = 1.09255 Mbps
86807[UE 2 | RB 1] Throughput = 1.07839 Mbps
86918[UE 2 | RB 1] Throughput = 1.08718 Mbps
87027[UE 2 | RB 1] Throughput = 1.09417 Mbps
87127[UE 2 | RB 1] Throughput = 1.07519 Mbps
87238[UE 2 | RB 1] Throughput = 0.97898 Mbps
87347[UE 2 | RB 1] Throughput = 1.09388 Mbps
87447[UE 2 | RB 1] Throughput = 1.07592 Mbps
87548[UE 2 | RB 1] Throughput = 1.07558 Mbps
87658[UE 2 | RB 1] Throughput = 1.09100 Mbps
87758[UE 2 | RB 1] Throughput = 1.07765 Mbps
87868[UE 2 | RB 1] Throughput = 1.08990 Mbps
87977[UE 2 | RB 1] Throughput = 0.98187 Mbps
88078[UE 2 | RB 1] Throughput = 1.07668 Mbps
88178[UE 2 | RB 1] Throughput = 1.07676 Mbps
88288[UE 2 | RB 1] Throughput = 1.08907 Mbps
88388[UE 2 | RB 1] Throughput = 1.07758 Mbps
88497[UE 2 | RB 1] Throughput = 1.09380 Mbps
88598[UE 2 | RB 1] Throughput = 1.07534 Mbps
88707[UE 2 | RB 1] Throughput = 0.98543 Mbps
88808[UE 2 | RB 1] Throughput = 1.07335 Mbps
88908[UE 2 | RB 1] Throughput = 1.07470 Mbps
89018[UE 2 | RB 1] Throughput = 1.09185 Mbps
89128[UE 2 | RB 1] Throughput = 1.09056 Mbps
89237[UE 2 | RB 1] Throughput = 1.09186 Mbps
89347[UE 2 | RB 1] Throughput = 1.09096 Mbps
89448[UE 2 | RB 1] Throughput = 0.95465 Mbps
89557[UE 2 | RB 1] Throughput = 1.09210 Mbps
89657[UE 2 | RB 1] Throughput = 1.07807 Mbps
89767[UE 2 | RB 1] Throughput = 1.09182 Mbps
89868[UE 2 | RB 1] Throughput = 1.07208 Mbps
89978[UE 2 | RB 1] Throughput = 1.09021 Mbps
[xApp]: E42 RIC_SUBSCRIPTION_DELETE_REQUEST tx RAN_FUNC_ID 144 RIC_REQ_ID 1 
[xApp]: E42 SUBSCRIPTION DELETE RESPONSE rx
[xApp]: E42 RIC_SUBSCRIPTION_DELETE_REQUEST tx RAN_FUNC_ID 144 RIC_REQ_ID 2 
[xApp]: E42 SUBSCRIPTION DELETE RESPONSE rx
[xApp]: E42 RIC_SUBSCRIPTION_DELETE_REQUEST tx RAN_FUNC_ID 144 RIC_REQ_ID 3 
[xApp]: E42 SUBSCRIPTION DELETE RESPONSE rx
[xApp]: E42 RIC_SUBSCRIPTION_DELETE_REQUEST tx RAN_FUNC_ID 144 RIC_REQ_ID 4 
[xApp]: E42 SUBSCRIPTION DELETE RESPONSE rx
[xApp]: Sucessfully stopped 
Test xApp run SUCCESSFULLY
