[UTIL]: Setting the config -c file to /usr/local/etc/flexric/flexric.conf
[UTIL]: Setting path -p for the shared libraries to /usr/local/lib/flexric/
[xAapp]: Initializing ... 
[xApp]: nearRT-RIC IP Address = 192.168.70.150, PORT = 36422
[E2 AGENT]: Opening plugin from path = /usr/local/lib/flexric/libkpm_sm.so 
[E2 AGENT]: Opening plugin from path = /usr/local/lib/flexric/libmac_sm.so 
[E2 AGENT]: Opening plugin from path = /usr/local/lib/flexric/libpdcp_sm.so 
[E2 AGENT]: Opening plugin from path = /usr/local/lib/flexric/libgtp_sm.so 
[E2 AGENT]: Opening plugin from path = /usr/local/lib/flexric/librc_sm.so 
[E2 AGENT]: Opening plugin from path = /usr/local/lib/flexric/libtc_sm.so 
[E2 AGENT]: Opening plugin from path = /usr/local/lib/flexric/librlc_sm.so 
[E2 AGENT]: Opening plugin from path = /usr/local/lib/flexric/libslice_sm.so 
[NEAR-RIC]: Loading SM ID = 2 with def = ORAN-E2SM-KPM 
[NEAR-RIC]: Loading SM ID = 142 with def = MAC_STATS_V0 
[NEAR-RIC]: Loading SM ID = 144 with def = PDCP_STATS_V0 
[NEAR-RIC]: Loading SM ID = 148 with def = GTP_STATS_V0 
[NEAR-RIC]: Loading SM ID = 3 with def = ORAN-E2SM-RC 
[NEAR-RIC]: Loading SM ID = 146 with def = TC_STATS_V0 
[NEAR-RIC]: Loading SM ID = 143 with def = RLC_STATS_V0 
[NEAR-RIC]: Loading SM ID = 145 with def = SLICE_STATS_V0 
[xApp]: DB filename = /tmp/flexric/xapp_db 
 [xApp]: E42 SETUP-REQUEST tx
[xApp]: E42 SETUP-RESPONSE rx 
[xApp]: xApp ID = 52 
[xApp]: Registered E2 Nodes = 4 
Connected E2 nodes = 4
[xAPP] Registered node 0 ran func id = 2 
 [xAPP] Registered node 0 ran func id = 3 
 [xAPP] Registered node 0 ran func id = 142 
 [xAPP] Registered node 0 ran func id = 143 
 [xAPP] Registered node 0 ran func id = 144 
 [xAPP] Registered node 0 ran func id = 145 
 [xAPP] Registered node 0 ran func id = 146 
 [xAPP] Registered node 0 ran func id = 148 
 [xApp]: E42 RIC SUBSCRIPTION REQUEST tx RAN_FUNC_ID 144 RIC_REQ_ID 1 
[xApp]: SUBSCRIPTION RESPONSE rx
[xApp]: Successfully subscribed to RAN_FUNC_ID 144 
[xAPP] Registered node 1 ran func id = 2 
 [xAPP] Registered node 1 ran func id = 3 
 [xAPP] Registered node 1 ran func id = 142 
 [xAPP] Registered node 1 ran func id = 143 
 [xAPP] Registered node 1 ran func id = 144 
 [xAPP] Registered node 1 ran func id = 145 
 [xAPP] Registered node 1 ran func id = 146 
 [xAPP] Registered node 1 ran func id = 148 
 [xApp]: E42 RIC SUBSCRIPTION REQUEST tx RAN_FUNC_ID 144 RIC_REQ_ID 2 
[xApp]: SUBSCRIPTION RESPONSE rx
[xApp]: Successfully subscribed to RAN_FUNC_ID 144 
[xAPP] Registered node 2 ran func id = 2 
 [xAPP] Registered node 2 ran func id = 3 
 [xAPP] Registered node 2 ran func id = 142 
 [xAPP] Registered node 2 ran func id = 143 
 [xAPP] Registered node 2 ran func id = 144 
 [xAPP] Registered node 2 ran func id = 145 
 [xAPP] Registered node 2 ran func id = 146 
 [xAPP] Registered node 2 ran func id = 148 
 [xApp]: E42 RIC SUBSCRIPTION REQUEST tx RAN_FUNC_ID 144 RIC_REQ_ID 3 
[xApp]: SUBSCRIPTION RESPONSE rx
[xApp]: Successfully subscribed to RAN_FUNC_ID 144 
[xAPP] Registered node 3 ran func id = 2 
 [xAPP] Registered node 3 ran func id = 3 
 [xAPP] Registered node 3 ran func id = 142 
 [xAPP] Registered node 3 ran func id = 143 
 [xAPP] Registered node 3 ran func id = 144 
 [xAPP] Registered node 3 ran func id = 145 
 [xAPP] Registered node 3 ran func id = 146 
 [xAPP] Registered node 3 ran func id = 148 
 [xApp]: E42 RIC SUBSCRIPTION REQUEST tx RAN_FUNC_ID 144 RIC_REQ_ID 4 
[xApp]: SUBSCRIPTION RESPONSE rx
[xApp]: Successfully subscribed to RAN_FUNC_ID 144 
112[UE 2 | RB 1] Throughput = 1.07404 Mbps
212[UE 2 | RB 1] Throughput = 1.07597 Mbps
312[UE 2 | RB 1] Throughput = 1.07749 Mbps
422[UE 2 | RB 1] Throughput = 0.98120 Mbps
532[UE 2 | RB 1] Throughput = 1.09301 Mbps
632[UE 2 | RB 1] Throughput = 1.07651 Mbps
742[UE 2 | RB 1] Throughput = 1.09104 Mbps
842[UE 2 | RB 1] Throughput = 1.07667 Mbps
942[UE 2 | RB 1] Throughput = 1.07769 Mbps
1052[UE 2 | RB 1] Throughput = 1.09156 Mbps
1152[UE 2 | RB 1] Throughput = 0.95811 Mbps
1253[UE 2 | RB 1] Throughput = 1.06842 Mbps
1362[UE 2 | RB 1] Throughput = 1.09656 Mbps
1472[UE 2 | RB 1] Throughput = 1.09262 Mbps
1572[UE 2 | RB 1] Throughput = 1.07554 Mbps
1682[UE 2 | RB 1] Throughput = 1.09202 Mbps
1782[UE 2 | RB 1] Throughput = 1.07617 Mbps
1892[UE 2 | RB 1] Throughput = 0.98099 Mbps
2002[UE 2 | RB 1] Throughput = 1.08792 Mbps
2112[UE 2 | RB 1] Throughput = 1.08868 Mbps
2222[UE 2 | RB 1] Throughput = 1.09106 Mbps
2322[UE 2 | RB 1] Throughput = 1.07782 Mbps
2423[UE 2 | RB 1] Throughput = 1.07730 Mbps
2523[UE 2 | RB 1] Throughput = 1.07686 Mbps
2632[UE 2 | RB 1] Throughput = 0.98432 Mbps
2733[UE 2 | RB 1] Throughput = 1.07577 Mbps
2842[UE 2 | RB 1] Throughput = 1.09151 Mbps
2952[UE 2 | RB 1] Throughput = 1.08766 Mbps
3062[UE 2 | RB 1] Throughput = 1.09130 Mbps
3172[UE 2 | RB 1] Throughput = 1.08974 Mbps
3273[UE 2 | RB 1] Throughput = 1.07519 Mbps
3383[UE 2 | RB 1] Throughput = 0.98000 Mbps
3492[UE 2 | RB 1] Throughput = 1.09213 Mbps
3592[UE 2 | RB 1] Throughput = 1.07792 Mbps
3702[UE 2 | RB 1] Throughput = 1.09156 Mbps
3802[UE 2 | RB 1] Throughput = 1.07626 Mbps
3903[UE 2 | RB 1] Throughput = 1.07732 Mbps
4012[UE 2 | RB 1] Throughput = 1.09227 Mbps
4113[UE 2 | RB 1] Throughput = 0.95594 Mbps
4213[UE 2 | RB 1] Throughput = 1.07656 Mbps
4323[UE 2 | RB 1] Throughput = 1.08959 Mbps
4432[UE 2 | RB 1] Throughput = 1.09314 Mbps
4533[UE 2 | RB 1] Throughput = 1.07610 Mbps
4642[UE 2 | RB 1] Throughput = 1.09354 Mbps
4743[UE 2 | RB 1] Throughput = 1.07342 Mbps
4852[UE 2 | RB 1] Throughput = 0.98293 Mbps
4953[UE 2 | RB 1] Throughput = 1.07079 Mbps
5063[UE 2 | RB 1] Throughput = 1.09290 Mbps
5163[UE 2 | RB 1] Throughput = 1.07716 Mbps
5263[UE 2 | RB 1] Throughput = 1.07465 Mbps
5372[UE 2 | RB 1] Throughput = 1.09964 Mbps
5473[UE 2 | RB 1] Throughput = 1.07424 Mbps
5573[UE 2 | RB 1] Throughput = 1.07839 Mbps
5683[UE 2 | RB 1] Throughput = 0.98093 Mbps
5793[UE 2 | RB 1] Throughput = 1.08843 Mbps
5903[UE 2 | RB 1] Throughput = 1.09031 Mbps
6003[UE 2 | RB 1] Throughput = 1.07317 Mbps
6113[UE 2 | RB 1] Throughput = 1.09527 Mbps
6222[UE 2 | RB 1] Throughput = 1.09059 Mbps
6323[UE 2 | RB 1] Throughput = 1.07533 Mbps
6433[UE 2 | RB 1] Throughput = 0.97853 Mbps
6542[UE 2 | RB 1] Throughput = 1.09630 Mbps
6642[UE 2 | RB 1] Throughput = 1.07832 Mbps
6743[UE 2 | RB 1] Throughput = 1.07424 Mbps
6843[UE 2 | RB 1] Throughput = 1.07690 Mbps
6953[UE 2 | RB 1] Throughput = 1.09189 Mbps
7053[UE 2 | RB 1] Throughput = 1.07842 Mbps
7163[UE 2 | RB 1] Throughput = 0.97925 Mbps
7263[UE 2 | RB 1] Throughput = 1.07597 Mbps
7372[UE 2 | RB 1] Throughput = 1.09521 Mbps
7473[UE 2 | RB 1] Throughput = 1.07565 Mbps
7583[UE 2 | RB 1] Throughput = 1.08729 Mbps
7693[UE 2 | RB 1] Throughput = 1.09218 Mbps
7803[UE 2 | RB 1] Throughput = 0.98019 Mbps
7903[UE 2 | RB 1] Throughput = 1.07826 Mbps
8003[UE 2 | RB 1] Throughput = 1.07567 Mbps
8113[UE 2 | RB 1] Throughput = 1.09135 Mbps
8223[UE 2 | RB 1] Throughput = 1.09009 Mbps
8323[UE 2 | RB 1] Throughput = 1.07447 Mbps
8433[UE 2 | RB 1] Throughput = 1.09332 Mbps
8533[UE 2 | RB 1] Throughput = 1.07557 Mbps
8643[UE 2 | RB 1] Throughput = 0.98150 Mbps
8744[UE 2 | RB 1] Throughput = 1.07107 Mbps
8853[UE 2 | RB 1] Throughput = 1.09904 Mbps
8962[UE 2 | RB 1] Throughput = 1.09124 Mbps
9063[UE 2 | RB 1] Throughput = 1.07748 Mbps
9163[UE 2 | RB 1] Throughput = 1.07769 Mbps
9263[UE 2 | RB 1] Throughput = 1.07031 Mbps
9373[UE 2 | RB 1] Throughput = 0.98603 Mbps
9483[UE 2 | RB 1] Throughput = 1.09037 Mbps
9583[UE 2 | RB 1] Throughput = 1.07373 Mbps
9693[UE 2 | RB 1] Throughput = 1.09419 Mbps
9793[UE 2 | RB 1] Throughput = 1.07826 Mbps
9893[UE 2 | RB 1] Throughput = 1.07558 Mbps
10003[UE 2 | RB 1] Throughput = 1.09203 Mbps
10103[UE 2 | RB 1] Throughput = 1.07765 Mbps
10203[UE 2 | RB 1] Throughput = 0.95671 Mbps
10313[UE 2 | RB 1] Throughput = 1.09264 Mbps
10423[UE 2 | RB 1] Throughput = 1.08810 Mbps
10523[UE 2 | RB 1] Throughput = 1.07779 Mbps
10633[UE 2 | RB 1] Throughput = 1.09235 Mbps
10733[UE 2 | RB 1] Throughput = 1.07548 Mbps
10843[UE 2 | RB 1] Throughput = 1.08864 Mbps
10943[UE 2 | RB 1] Throughput = 0.95790 Mbps
11053[UE 2 | RB 1] Throughput = 1.09233 Mbps
11153[UE 2 | RB 1] Throughput = 1.07439 Mbps
11263[UE 2 | RB 1] Throughput = 1.09020 Mbps
11373[UE 2 | RB 1] Throughput = 1.09263 Mbps
11483[UE 2 | RB 1] Throughput = 1.08602 Mbps
11593[UE 2 | RB 1] Throughput = 0.98394 Mbps
11693[UE 2 | RB 1] Throughput = 1.07758 Mbps
11803[UE 2 | RB 1] Throughput = 1.09135 Mbps
11903[UE 2 | RB 1] Throughput = 1.07256 Mbps
12013[UE 2 | RB 1] Throughput = 1.09138 Mbps
12123[UE 2 | RB 1] Throughput = 1.08816 Mbps
12223[UE 2 | RB 1] Throughput = 1.07629 Mbps
12323[UE 2 | RB 1] Throughput = 1.07799 Mbps
12433[UE 2 | RB 1] Throughput = 0.98600 Mbps
12533[UE 2 | RB 1] Throughput = 1.07465 Mbps
12633[UE 2 | RB 1] Throughput = 1.07610 Mbps
12743[UE 2 | RB 1] Throughput = 1.09682 Mbps
12843[UE 2 | RB 1] Throughput = 1.07705 Mbps
12943[UE 2 | RB 1] Throughput = 1.07518 Mbps
13053[UE 2 | RB 1] Throughput = 1.09046 Mbps
13163[UE 2 | RB 1] Throughput = 0.98290 Mbps
13263[UE 2 | RB 1] Throughput = 1.07823 Mbps
13364[UE 2 | RB 1] Throughput = 1.06969 Mbps
13473[UE 2 | RB 1] Throughput = 1.09592 Mbps
13583[UE 2 | RB 1] Throughput = 1.08934 Mbps
13693[UE 2 | RB 1] Throughput = 1.08903 Mbps
13793[UE 2 | RB 1] Throughput = 1.07712 Mbps
13903[UE 2 | RB 1] Throughput = 0.98059 Mbps
14013[UE 2 | RB 1] Throughput = 1.08986 Mbps
14113[UE 2 | RB 1] Throughput = 1.07796 Mbps
14215[UE 2 | RB 1] Throughput = 1.05423 Mbps
14323[UE 2 | RB 1] Throughput = 1.11295 Mbps
14423[UE 2 | RB 1] Throughput = 1.07514 Mbps
14533[UE 2 | RB 1] Throughput = 1.09477 Mbps
14633[UE 2 | RB 1] Throughput = 1.07424 Mbps
14733[UE 2 | RB 1] Throughput = 0.95753 Mbps
14843[UE 2 | RB 1] Throughput = 1.09244 Mbps
14953[UE 2 | RB 1] Throughput = 1.09243 Mbps
15053[UE 2 | RB 1] Throughput = 1.07747 Mbps
15163[UE 2 | RB 1] Throughput = 1.09082 Mbps
15263[UE 2 | RB 1] Throughput = 1.07580 Mbps
15373[UE 2 | RB 1] Throughput = 0.97999 Mbps
15483[UE 2 | RB 1] Throughput = 1.09364 Mbps
15583[UE 2 | RB 1] Throughput = 1.07448 Mbps
15693[UE 2 | RB 1] Throughput = 1.08767 Mbps
15803[UE 2 | RB 1] Throughput = 1.09224 Mbps
15913[UE 2 | RB 1] Throughput = 1.09080 Mbps
16013[UE 2 | RB 1] Throughput = 1.07710 Mbps
16113[UE 2 | RB 1] Throughput = 0.95817 Mbps
16213[UE 2 | RB 1] Throughput = 1.07560 Mbps
16323[UE 2 | RB 1] Throughput = 1.08908 Mbps
16433[UE 2 | RB 1] Throughput = 1.09214 Mbps
16533[UE 2 | RB 1] Throughput = 1.07819 Mbps
16643[UE 2 | RB 1] Throughput = 1.08936 Mbps
16743[UE 2 | RB 1] Throughput = 1.07825 Mbps
16843[UE 2 | RB 1] Throughput = 1.07632 Mbps
16953[UE 2 | RB 1] Throughput = 0.98246 Mbps
17053[UE 2 | RB 1] Throughput = 1.07747 Mbps
17153[UE 2 | RB 1] Throughput = 1.07675 Mbps
17263[UE 2 | RB 1] Throughput = 1.08997 Mbps
17363[UE 2 | RB 1] Throughput = 1.07669 Mbps
17473[UE 2 | RB 1] Throughput = 1.09415 Mbps
17573[UE 2 | RB 1] Throughput = 1.07465 Mbps
17683[UE 2 | RB 1] Throughput = 0.98376 Mbps
17783[UE 2 | RB 1] Throughput = 1.07572 Mbps
17893[UE 2 | RB 1] Throughput = 1.09036 Mbps
17993[UE 2 | RB 1] Throughput = 1.07643 Mbps
18103[UE 2 | RB 1] Throughput = 1.09228 Mbps
18203[UE 2 | RB 1] Throughput = 1.07534 Mbps
18303[UE 2 | RB 1] Throughput = 1.07833 Mbps
18413[UE 2 | RB 1] Throughput = 1.08870 Mbps
18523[UE 2 | RB 1] Throughput = 0.98134 Mbps
18624[UE 2 | RB 1] Throughput = 1.07672 Mbps
18733[UE 2 | RB 1] Throughput = 1.09201 Mbps
18834[UE 2 | RB 1] Throughput = 1.07592 Mbps
18943[UE 2 | RB 1] Throughput = 1.09037 Mbps
19053[UE 2 | RB 1] Throughput = 1.09098 Mbps
19153[UE 2 | RB 1] Throughput = 1.07772 Mbps
19253[UE 2 | RB 1] Throughput = 0.95840 Mbps
19363[UE 2 | RB 1] Throughput = 1.09288 Mbps
19463[UE 2 | RB 1] Throughput = 1.07676 Mbps
19563[UE 2 | RB 1] Throughput = 1.07836 Mbps
19673[UE 2 | RB 1] Throughput = 1.08871 Mbps
19783[UE 2 | RB 1] Throughput = 1.09130 Mbps
19883[UE 2 | RB 1] Throughput = 1.07713 Mbps
19983[UE 2 | RB 1] Throughput = 1.07732 Mbps
20093[UE 2 | RB 1] Throughput = 0.98268 Mbps
20193[UE 2 | RB 1] Throughput = 1.07668 Mbps
20293[UE 2 | RB 1] Throughput = 1.07777 Mbps
20394[UE 2 | RB 1] Throughput = 1.07690 Mbps
20503[UE 2 | RB 1] Throughput = 1.09266 Mbps
20603[UE 2 | RB 1] Throughput = 1.07672 Mbps
20703[UE 2 | RB 1] Throughput = 1.07843 Mbps
20813[UE 2 | RB 1] Throughput = 1.09219 Mbps
20913[UE 2 | RB 1] Throughput = 0.95847 Mbps
21013[UE 2 | RB 1] Throughput = 1.07675 Mbps
21113[UE 2 | RB 1] Throughput = 1.07819 Mbps
21223[UE 2 | RB 1] Throughput = 1.09278 Mbps
21323[UE 2 | RB 1] Throughput = 1.07699 Mbps
21423[UE 2 | RB 1] Throughput = 1.07792 Mbps
21523[UE 2 | RB 1] Throughput = 1.07751 Mbps
21633[UE 2 | RB 1] Throughput = 1.08783 Mbps
21743[UE 2 | RB 1] Throughput = 1.09253 Mbps
21853[UE 2 | RB 1] Throughput = 0.98145 Mbps
21953[UE 2 | RB 1] Throughput = 1.07424 Mbps
22054[UE 2 | RB 1] Throughput = 1.07787 Mbps
22163[UE 2 | RB 1] Throughput = 1.09540 Mbps
22263[UE 2 | RB 1] Throughput = 1.07327 Mbps
22373[UE 2 | RB 1] Throughput = 1.09002 Mbps
22473[UE 2 | RB 1] Throughput = 1.07785 Mbps
22583[UE 2 | RB 1] Throughput = 0.98043 Mbps
22684[UE 2 | RB 1] Throughput = 1.07551 Mbps
22784[UE 2 | RB 1] Throughput = 1.07823 Mbps
22893[UE 2 | RB 1] Throughput = 1.09517 Mbps
22994[UE 2 | RB 1] Throughput = 1.07398 Mbps
23103[UE 2 | RB 1] Throughput = 1.09176 Mbps
23204[UE 2 | RB 1] Throughput = 1.07625 Mbps
23304[UE 2 | RB 1] Throughput = 1.07796 Mbps
23404[UE 2 | RB 1] Throughput = 1.07415 Mbps
23514[UE 2 | RB 1] Throughput = 0.98512 Mbps
23623[UE 2 | RB 1] Throughput = 1.09119 Mbps
23724[UE 2 | RB 1] Throughput = 1.07556 Mbps
23834[UE 2 | RB 1] Throughput = 1.09053 Mbps
23934[UE 2 | RB 1] Throughput = 1.07733 Mbps
24043[UE 2 | RB 1] Throughput = 1.09263 Mbps
24144[UE 2 | RB 1] Throughput = 1.07624 Mbps
24244[UE 2 | RB 1] Throughput = 0.95870 Mbps
24344[UE 2 | RB 1] Throughput = 1.07801 Mbps
24444[UE 2 | RB 1] Throughput = 1.07777 Mbps
24544[UE 2 | RB 1] Throughput = 1.07774 Mbps
24644[UE 2 | RB 1] Throughput = 1.07801 Mbps
24754[UE 2 | RB 1] Throughput = 1.09208 Mbps
24854[UE 2 | RB 1] Throughput = 1.07454 Mbps
24964[UE 2 | RB 1] Throughput = 1.09182 Mbps
25064[UE 2 | RB 1] Throughput = 1.07791 Mbps
25164[UE 2 | RB 1] Throughput = 0.95807 Mbps
25274[UE 2 | RB 1] Throughput = 1.09205 Mbps
25384[UE 2 | RB 1] Throughput = 1.08877 Mbps
25484[UE 2 | RB 1] Throughput = 1.07806 Mbps
25584[UE 2 | RB 1] Throughput = 1.07618 Mbps
25694[UE 2 | RB 1] Throughput = 1.09263 Mbps
25794[UE 2 | RB 1] Throughput = 1.07795 Mbps
25894[UE 2 | RB 1] Throughput = 1.07584 Mbps
26004[UE 2 | RB 1] Throughput = 0.98214 Mbps
26104[UE 2 | RB 1] Throughput = 1.07811 Mbps
26204[UE 2 | RB 1] Throughput = 1.07605 Mbps
26313[UE 2 | RB 1] Throughput = 1.09445 Mbps
26414[UE 2 | RB 1] Throughput = 1.07721 Mbps
26514[UE 2 | RB 1] Throughput = 1.07527 Mbps
26624[UE 2 | RB 1] Throughput = 1.08897 Mbps
26734[UE 2 | RB 1] Throughput = 0.98304 Mbps
26834[UE 2 | RB 1] Throughput = 1.07587 Mbps
26944[UE 2 | RB 1] Throughput = 1.09241 Mbps
27054[UE 2 | RB 1] Throughput = 1.08887 Mbps
27154[UE 2 | RB 1] Throughput = 1.07759 Mbps
27263[UE 2 | RB 1] Throughput = 1.09326 Mbps
27364[UE 2 | RB 1] Throughput = 1.07713 Mbps
27464[UE 2 | RB 1] Throughput = 1.07805 Mbps
27574[UE 2 | RB 1] Throughput = 0.97991 Mbps
27674[UE 2 | RB 1] Throughput = 1.07811 Mbps
27783[UE 2 | RB 1] Throughput = 1.09295 Mbps
27884[UE 2 | RB 1] Throughput = 1.07183 Mbps
27994[UE 2 | RB 1] Throughput = 1.09106 Mbps
28104[UE 2 | RB 1] Throughput = 1.09003 Mbps
28214[UE 2 | RB 1] Throughput = 0.98021 Mbps
28324[UE 2 | RB 1] Throughput = 1.08940 Mbps
28433[UE 2 | RB 1] Throughput = 1.09349 Mbps
28534[UE 2 | RB 1] Throughput = 1.07156 Mbps
28644[UE 2 | RB 1] Throughput = 1.09452 Mbps
28744[UE 2 | RB 1] Throughput = 1.07581 Mbps
28844[UE 2 | RB 1] Throughput = 1.07827 Mbps
28954[UE 2 | RB 1] Throughput = 0.98282 Mbps
29054[UE 2 | RB 1] Throughput = 1.07297 Mbps
29164[UE 2 | RB 1] Throughput = 1.09190 Mbps
29274[UE 2 | RB 1] Throughput = 1.08667 Mbps
29384[UE 2 | RB 1] Throughput = 1.08923 Mbps
29494[UE 2 | RB 1] Throughput = 1.08916 Mbps
29604[UE 2 | RB 1] Throughput = 0.98171 Mbps
29714[UE 2 | RB 1] Throughput = 1.08704 Mbps
29824[UE 2 | RB 1] Throughput = 1.09239 Mbps
29934[UE 2 | RB 1] Throughput = 1.09159 Mbps
30034[UE 2 | RB 1] Throughput = 1.07539 Mbps
30144[UE 2 | RB 1] Throughput = 1.08939 Mbps
30254[UE 2 | RB 1] Throughput = 0.98105 Mbps
30354[UE 2 | RB 1] Throughput = 1.07726 Mbps
30464[UE 2 | RB 1] Throughput = 1.09263 Mbps
30574[UE 2 | RB 1] Throughput = 1.09045 Mbps
30674[UE 2 | RB 1] Throughput = 1.07581 Mbps
30774[UE 2 | RB 1] Throughput = 1.07677 Mbps
30874[UE 2 | RB 1] Throughput = 1.07843 Mbps
30984[UE 2 | RB 1] Throughput = 0.98317 Mbps
31094[UE 2 | RB 1] Throughput = 1.08901 Mbps
31194[UE 2 | RB 1] Throughput = 1.07571 Mbps
31304[UE 2 | RB 1] Throughput = 1.09437 Mbps
31404[UE 2 | RB 1] Throughput = 1.07252 Mbps
31514[UE 2 | RB 1] Throughput = 1.08845 Mbps
31624[UE 2 | RB 1] Throughput = 0.98482 Mbps
31734[UE 2 | RB 1] Throughput = 1.08948 Mbps
31844[UE 2 | RB 1] Throughput = 1.08784 Mbps
31954[UE 2 | RB 1] Throughput = 1.09298 Mbps
32054[UE 2 | RB 1] Throughput = 1.07641 Mbps
32154[UE 2 | RB 1] Throughput = 1.07647 Mbps
32254[UE 2 | RB 1] Throughput = 1.07632 Mbps
32364[UE 2 | RB 1] Throughput = 0.98431 Mbps
32464[UE 2 | RB 1] Throughput = 1.07615 Mbps
32564[UE 2 | RB 1] Throughput = 1.07515 Mbps
32664[UE 2 | RB 1] Throughput = 1.07719 Mbps
32774[UE 2 | RB 1] Throughput = 1.09195 Mbps
32874[UE 2 | RB 1] Throughput = 1.07559 Mbps
32984[UE 2 | RB 1] Throughput = 1.09135 Mbps
33094[UE 2 | RB 1] Throughput = 1.09155 Mbps
33194[UE 2 | RB 1] Throughput = 0.95738 Mbps
33294[UE 2 | RB 1] Throughput = 1.07606 Mbps
33404[UE 2 | RB 1] Throughput = 1.09375 Mbps
33504[UE 2 | RB 1] Throughput = 1.07595 Mbps
33615[UE 2 | RB 1] Throughput = 1.08086 Mbps
33724[UE 2 | RB 1] Throughput = 1.09832 Mbps
33824[UE 2 | RB 1] Throughput = 1.07814 Mbps
33925[UE 2 | RB 1] Throughput = 1.07600 Mbps
34025[UE 2 | RB 1] Throughput = 1.07441 Mbps
34134[UE 2 | RB 1] Throughput = 0.98494 Mbps
34244[UE 2 | RB 1] Throughput = 1.09148 Mbps
34354[UE 2 | RB 1] Throughput = 1.08725 Mbps
34465[UE 2 | RB 1] Throughput = 1.08856 Mbps
34574[UE 2 | RB 1] Throughput = 1.09440 Mbps
34674[UE 2 | RB 1] Throughput = 0.95724 Mbps
34774[UE 2 | RB 1] Throughput = 1.07630 Mbps
34884[UE 2 | RB 1] Throughput = 1.09087 Mbps
34984[UE 2 | RB 1] Throughput = 1.07663 Mbps
35094[UE 2 | RB 1] Throughput = 1.08992 Mbps
35204[UE 2 | RB 1] Throughput = 1.09130 Mbps
35304[UE 2 | RB 1] Throughput = 1.07762 Mbps
35404[UE 2 | RB 1] Throughput = 1.07806 Mbps
35515[UE 2 | RB 1] Throughput = 0.97904 Mbps
35624[UE 2 | RB 1] Throughput = 1.09032 Mbps
35725[UE 2 | RB 1] Throughput = 1.07649 Mbps
35834[UE 2 | RB 1] Throughput = 1.09427 Mbps
35934[UE 2 | RB 1] Throughput = 1.07640 Mbps
36044[UE 2 | RB 1] Throughput = 1.09057 Mbps
36154[UE 2 | RB 1] Throughput = 0.98094 Mbps
36254[UE 2 | RB 1] Throughput = 1.07574 Mbps
36365[UE 2 | RB 1] Throughput = 1.08723 Mbps
36474[UE 2 | RB 1] Throughput = 1.09550 Mbps
36574[UE 2 | RB 1] Throughput = 1.07669 Mbps
36674[UE 2 | RB 1] Throughput = 1.07748 Mbps
36784[UE 2 | RB 1] Throughput = 1.09183 Mbps
36894[UE 2 | RB 1] Throughput = 0.98225 Mbps
36994[UE 2 | RB 1] Throughput = 1.07493 Mbps
37094[UE 2 | RB 1] Throughput = 1.07793 Mbps
37195[UE 2 | RB 1] Throughput = 1.07426 Mbps
37304[UE 2 | RB 1] Throughput = 1.09268 Mbps
37414[UE 2 | RB 1] Throughput = 1.09357 Mbps
37515[UE 2 | RB 1] Throughput = 1.07183 Mbps
37625[UE 2 | RB 1] Throughput = 1.08918 Mbps
37735[UE 2 | RB 1] Throughput = 0.97916 Mbps
37844[UE 2 | RB 1] Throughput = 1.09232 Mbps
37954[UE 2 | RB 1] Throughput = 1.09222 Mbps
38054[UE 2 | RB 1] Throughput = 1.07725 Mbps
38155[UE 2 | RB 1] Throughput = 1.07453 Mbps
38264[UE 2 | RB 1] Throughput = 1.09516 Mbps
38365[UE 2 | RB 1] Throughput = 1.07407 Mbps
38474[UE 2 | RB 1] Throughput = 0.98081 Mbps
38584[UE 2 | RB 1] Throughput = 1.08945 Mbps
38694[UE 2 | RB 1] Throughput = 1.09054 Mbps
38795[UE 2 | RB 1] Throughput = 1.07710 Mbps
38904[UE 2 | RB 1] Throughput = 1.09142 Mbps
39006[UE 2 | RB 1] Throughput = 1.06477 Mbps
39114[UE 2 | RB 1] Throughput = 0.99191 Mbps
39214[UE 2 | RB 1] Throughput = 1.07707 Mbps
39315[UE 2 | RB 1] Throughput = 1.07785 Mbps
39415[UE 2 | RB 1] Throughput = 1.07660 Mbps
39525[UE 2 | RB 1] Throughput = 1.09063 Mbps
39634[UE 2 | RB 1] Throughput = 1.09133 Mbps
39735[UE 2 | RB 1] Throughput = 1.07746 Mbps
39845[UE 2 | RB 1] Throughput = 0.98074 Mbps
39954[UE 2 | RB 1] Throughput = 1.09124 Mbps
40065[UE 2 | RB 1] Throughput = 1.08744 Mbps
40175[UE 2 | RB 1] Throughput = 1.08899 Mbps
40284[UE 2 | RB 1] Throughput = 1.09197 Mbps
40385[UE 2 | RB 1] Throughput = 1.07411 Mbps
40494[UE 2 | RB 1] Throughput = 0.98386 Mbps
40594[UE 2 | RB 1] Throughput = 1.07776 Mbps
40695[UE 2 | RB 1] Throughput = 1.07767 Mbps
40805[UE 2 | RB 1] Throughput = 1.08850 Mbps
40914[UE 2 | RB 1] Throughput = 1.09454 Mbps
41014[UE 2 | RB 1] Throughput = 1.07586 Mbps
41124[UE 2 | RB 1] Throughput = 1.08878 Mbps
41224[UE 2 | RB 1] Throughput = 1.07841 Mbps
41325[UE 2 | RB 1] Throughput = 0.95773 Mbps
41425[UE 2 | RB 1] Throughput = 1.07789 Mbps
41534[UE 2 | RB 1] Throughput = 1.09098 Mbps
41635[UE 2 | RB 1] Throughput = 1.07522 Mbps
41744[UE 2 | RB 1] Throughput = 1.09239 Mbps
41855[UE 2 | RB 1] Throughput = 1.08895 Mbps
41955[UE 2 | RB 1] Throughput = 1.07792 Mbps
42064[UE 2 | RB 1] Throughput = 0.98411 Mbps
42165[UE 2 | RB 1] Throughput = 1.07402 Mbps
42274[UE 2 | RB 1] Throughput = 1.09139 Mbps
42374[UE 2 | RB 1] Throughput = 1.07771 Mbps
42484[UE 2 | RB 1] Throughput = 1.09166 Mbps
42585[UE 2 | RB 1] Throughput = 1.07557 Mbps
42694[UE 2 | RB 1] Throughput = 1.08980 Mbps
42804[UE 2 | RB 1] Throughput = 0.98196 Mbps
42904[UE 2 | RB 1] Throughput = 1.07714 Mbps
43005[UE 2 | RB 1] Throughput = 1.07659 Mbps
43115[UE 2 | RB 1] Throughput = 1.09020 Mbps
43225[UE 2 | RB 1] Throughput = 1.09003 Mbps
43335[UE 2 | RB 1] Throughput = 1.08895 Mbps
43444[UE 2 | RB 1] Throughput = 0.98188 Mbps
43545[UE 2 | RB 1] Throughput = 1.07751 Mbps
43655[UE 2 | RB 1] Throughput = 1.08632 Mbps
43765[UE 2 | RB 1] Throughput = 1.09102 Mbps
43865[UE 2 | RB 1] Throughput = 1.07748 Mbps
43965[UE 2 | RB 1] Throughput = 1.07722 Mbps
44075[UE 2 | RB 1] Throughput = 1.09217 Mbps
44185[UE 2 | RB 1] Throughput = 0.97996 Mbps
44285[UE 2 | RB 1] Throughput = 1.07836 Mbps
44385[UE 2 | RB 1] Throughput = 1.07434 Mbps
44494[UE 2 | RB 1] Throughput = 1.09545 Mbps
44595[UE 2 | RB 1] Throughput = 1.07287 Mbps
44705[UE 2 | RB 1] Throughput = 1.09166 Mbps
44815[UE 2 | RB 1] Throughput = 1.08812 Mbps
44925[UE 2 | RB 1] Throughput = 0.98431 Mbps
45025[UE 2 | RB 1] Throughput = 1.07643 Mbps
45125[UE 2 | RB 1] Throughput = 1.07545 Mbps
45235[UE 2 | RB 1] Throughput = 1.09024 Mbps
45344[UE 2 | RB 1] Throughput = 1.09422 Mbps
45445[UE 2 | RB 1] Throughput = 1.07770 Mbps
45545[UE 2 | RB 1] Throughput = 1.07839 Mbps
45645[UE 2 | RB 1] Throughput = 1.07812 Mbps
45745[UE 2 | RB 1] Throughput = 1.07392 Mbps
45855[UE 2 | RB 1] Throughput = 0.98367 Mbps
45955[UE 2 | RB 1] Throughput = 1.07745 Mbps
46065[UE 2 | RB 1] Throughput = 1.08562 Mbps
46175[UE 2 | RB 1] Throughput = 1.09001 Mbps
46285[UE 2 | RB 1] Throughput = 1.09522 Mbps
46385[UE 2 | RB 1] Throughput = 1.07648 Mbps
46485[UE 2 | RB 1] Throughput = 1.07468 Mbps
46595[UE 2 | RB 1] Throughput = 0.98232 Mbps
46695[UE 2 | RB 1] Throughput = 1.07667 Mbps
46805[UE 2 | RB 1] Throughput = 1.08940 Mbps
46905[UE 2 | RB 1] Throughput = 1.07637 Mbps
47015[UE 2 | RB 1] Throughput = 1.09211 Mbps
47125[UE 2 | RB 1] Throughput = 1.08919 Mbps
47235[UE 2 | RB 1] Throughput = 0.98397 Mbps
47335[UE 2 | RB 1] Throughput = 1.07599 Mbps
47445[UE 2 | RB 1] Throughput = 1.08883 Mbps
47545[UE 2 | RB 1] Throughput = 1.07670 Mbps
47655[UE 2 | RB 1] Throughput = 1.09181 Mbps
47755[UE 2 | RB 1] Throughput = 1.07744 Mbps
47855[UE 2 | RB 1] Throughput = 1.07781 Mbps
47965[UE 2 | RB 1] Throughput = 1.08893 Mbps
48075[UE 2 | RB 1] Throughput = 0.97851 Mbps
48185[UE 2 | RB 1] Throughput = 1.09114 Mbps
48295[UE 2 | RB 1] Throughput = 1.09025 Mbps
48405[UE 2 | RB 1] Throughput = 1.09135 Mbps
48505[UE 2 | RB 1] Throughput = 1.07566 Mbps
48615[UE 2 | RB 1] Throughput = 0.98057 Mbps
48725[UE 2 | RB 1] Throughput = 1.08851 Mbps
48835[UE 2 | RB 1] Throughput = 1.09248 Mbps
48935[UE 2 | RB 1] Throughput = 1.07464 Mbps
49045[UE 2 | RB 1] Throughput = 1.09254 Mbps
49145[UE 2 | RB 1] Throughput = 1.07330 Mbps
49255[UE 2 | RB 1] Throughput = 1.09253 Mbps
49365[UE 2 | RB 1] Throughput = 0.97907 Mbps
49475[UE 2 | RB 1] Throughput = 1.09414 Mbps
49585[UE 2 | RB 1] Throughput = 1.08891 Mbps
49685[UE 2 | RB 1] Throughput = 1.07553 Mbps
49795[UE 2 | RB 1] Throughput = 1.09012 Mbps
49905[UE 2 | RB 1] Throughput = 1.08693 Mbps
50015[UE 2 | RB 1] Throughput = 0.98394 Mbps
50125[UE 2 | RB 1] Throughput = 1.08981 Mbps
50235[UE 2 | RB 1] Throughput = 1.08951 Mbps
50335[UE 2 | RB 1] Throughput = 1.07671 Mbps
50445[UE 2 | RB 1] Throughput = 1.08899 Mbps
50555[UE 2 | RB 1] Throughput = 0.98189 Mbps
50665[UE 2 | RB 1] Throughput = 1.08872 Mbps
50765[UE 2 | RB 1] Throughput = 1.07720 Mbps
50865[UE 2 | RB 1] Throughput = 1.07745 Mbps
50975[UE 2 | RB 1] Throughput = 1.09316 Mbps
51077[UE 2 | RB 1] Throughput = 1.06007 Mbps
51185[UE 2 | RB 1] Throughput = 1.10953 Mbps
51285[UE 2 | RB 1] Throughput = 1.07479 Mbps
51385[UE 2 | RB 1] Throughput = 0.95618 Mbps
51495[UE 2 | RB 1] Throughput = 1.09089 Mbps
51605[UE 2 | RB 1] Throughput = 1.08960 Mbps
51715[UE 2 | RB 1] Throughput = 1.09390 Mbps
51825[UE 2 | RB 1] Throughput = 1.08922 Mbps
51925[UE 2 | RB 1] Throughput = 1.07606 Mbps
52025[UE 2 | RB 1] Throughput = 1.07702 Mbps
52135[UE 2 | RB 1] Throughput = 0.98269 Mbps
52235[UE 2 | RB 1] Throughput = 1.07504 Mbps
52345[UE 2 | RB 1] Throughput = 1.08971 Mbps
52455[UE 2 | RB 1] Throughput = 1.09213 Mbps
52555[UE 2 | RB 1] Throughput = 1.07434 Mbps
52655[UE 2 | RB 1] Throughput = 1.07852 Mbps
52765[UE 2 | RB 1] Throughput = 1.09070 Mbps
52865[UE 2 | RB 1] Throughput = 0.95639 Mbps
52975[UE 2 | RB 1] Throughput = 1.09181 Mbps
53075[UE 2 | RB 1] Throughput = 1.07668 Mbps
53185[UE 2 | RB 1] Throughput = 1.09205 Mbps
53285[UE 2 | RB 1] Throughput = 1.07425 Mbps
53395[UE 2 | RB 1] Throughput = 1.09352 Mbps
53496[UE 2 | RB 1] Throughput = 1.07128 Mbps
53606[UE 2 | RB 1] Throughput = 0.98230 Mbps
53715[UE 2 | RB 1] Throughput = 1.09167 Mbps
53815[UE 2 | RB 1] Throughput = 1.07750 Mbps
53925[UE 2 | RB 1] Throughput = 1.09152 Mbps
54025[UE 2 | RB 1] Throughput = 1.07793 Mbps
54125[UE 2 | RB 1] Throughput = 1.07657 Mbps
54235[UE 2 | RB 1] Throughput = 1.09081 Mbps
54335[UE 2 | RB 1] Throughput = 1.07784 Mbps
54445[UE 2 | RB 1] Throughput = 0.98071 Mbps
54545[UE 2 | RB 1] Throughput = 1.07789 Mbps
54655[UE 2 | RB 1] Throughput = 1.08903 Mbps
54765[UE 2 | RB 1] Throughput = 1.09167 Mbps
54865[UE 2 | RB 1] Throughput = 1.07807 Mbps
54965[UE 2 | RB 1] Throughput = 1.07753 Mbps
55075[UE 2 | RB 1] Throughput = 1.08973 Mbps
55185[UE 2 | RB 1] Throughput = 0.98224 Mbps
55285[UE 2 | RB 1] Throughput = 1.07740 Mbps
55395[UE 2 | RB 1] Throughput = 1.09377 Mbps
55495[UE 2 | RB 1] Throughput = 1.07567 Mbps
55605[UE 2 | RB 1] Throughput = 1.08973 Mbps
55715[UE 2 | RB 1] Throughput = 1.08656 Mbps
55816[UE 2 | RB 1] Throughput = 1.07503 Mbps
55925[UE 2 | RB 1] Throughput = 0.98334 Mbps
56026[UE 2 | RB 1] Throughput = 1.07702 Mbps
56136[UE 2 | RB 1] Throughput = 1.08964 Mbps
56245[UE 2 | RB 1] Throughput = 1.09311 Mbps
56346[UE 2 | RB 1] Throughput = 1.07266 Mbps
56455[UE 2 | RB 1] Throughput = 1.09170 Mbps
56556[UE 2 | RB 1] Throughput = 1.07791 Mbps
56666[UE 2 | RB 1] Throughput = 0.98037 Mbps
56775[UE 2 | RB 1] Throughput = 1.08999 Mbps
56885[UE 2 | RB 1] Throughput = 1.08955 Mbps
56996[UE 2 | RB 1] Throughput = 1.08752 Mbps
57106[UE 2 | RB 1] Throughput = 1.08989 Mbps
57215[UE 2 | RB 1] Throughput = 0.98324 Mbps
57316[UE 2 | RB 1] Throughput = 1.07596 Mbps
57416[UE 2 | RB 1] Throughput = 1.07732 Mbps
57525[UE 2 | RB 1] Throughput = 1.09668 Mbps
57625[UE 2 | RB 1] Throughput = 1.07326 Mbps
57736[UE 2 | RB 1] Throughput = 1.08865 Mbps
57846[UE 2 | RB 1] Throughput = 1.08808 Mbps
57956[UE 2 | RB 1] Throughput = 0.98211 Mbps
58066[UE 2 | RB 1] Throughput = 1.08787 Mbps
58166[UE 2 | RB 1] Throughput = 1.07745 Mbps
58276[UE 2 | RB 1] Throughput = 1.09048 Mbps
58385[UE 2 | RB 1] Throughput = 1.09315 Mbps
58486[UE 2 | RB 1] Throughput = 1.07461 Mbps
58595[UE 2 | RB 1] Throughput = 0.98222 Mbps
58696[UE 2 | RB 1] Throughput = 1.07238 Mbps
58805[UE 2 | RB 1] Throughput = 1.09909 Mbps
58906[UE 2 | RB 1] Throughput = 1.07389 Mbps
59006[UE 2 | RB 1] Throughput = 1.07722 Mbps
59116[UE 2 | RB 1] Throughput = 1.09041 Mbps
59226[UE 2 | RB 1] Throughput = 1.08805 Mbps
59336[UE 2 | RB 1] Throughput = 0.98107 Mbps
59445[UE 2 | RB 1] Throughput = 1.09080 Mbps
59546[UE 2 | RB 1] Throughput = 1.07826 Mbps
59646[UE 2 | RB 1] Throughput = 1.07486 Mbps
59746[UE 2 | RB 1] Throughput = 1.07678 Mbps
59856[UE 2 | RB 1] Throughput = 1.09208 Mbps
59966[UE 2 | RB 1] Throughput = 1.09135 Mbps
60075[UE 2 | RB 1] Throughput = 0.98144 Mbps
60176[UE 2 | RB 1] Throughput = 1.07233 Mbps
60286[UE 2 | RB 1] Throughput = 1.09453 Mbps
60386[UE 2 | RB 1] Throughput = 1.07730 Mbps
60487[UE 2 | RB 1] Throughput = 1.06698 Mbps
60595[UE 2 | RB 1] Throughput = 1.10401 Mbps
60695[UE 2 | RB 1] Throughput = 1.07725 Mbps
60795[UE 2 | RB 1] Throughput = 1.07783 Mbps
60896[UE 2 | RB 1] Throughput = 0.95579 Mbps
61005[UE 2 | RB 1] Throughput = 1.09334 Mbps
61106[UE 2 | RB 1] Throughput = 1.07364 Mbps
61216[UE 2 | RB 1] Throughput = 1.09158 Mbps
61320[UE 2 | RB 1] Throughput = 1.03753 Mbps
61426[UE 2 | RB 1] Throughput = 1.13089 Mbps
61526[UE 2 | RB 1] Throughput = 1.07502 Mbps
61636[UE 2 | RB 1] Throughput = 0.98163 Mbps
61746[UE 2 | RB 1] Throughput = 1.08949 Mbps
61856[UE 2 | RB 1] Throughput = 1.08707 Mbps
61966[UE 2 | RB 1] Throughput = 1.09261 Mbps
62076[UE 2 | RB 1] Throughput = 1.08973 Mbps
62185[UE 2 | RB 1] Throughput = 1.09114 Mbps
62286[UE 2 | RB 1] Throughput = 0.95139 Mbps
62396[UE 2 | RB 1] Throughput = 1.09368 Mbps
62506[UE 2 | RB 1] Throughput = 1.08943 Mbps
62616[UE 2 | RB 1] Throughput = 1.08888 Mbps
62726[UE 2 | RB 1] Throughput = 1.09297 Mbps
62836[UE 2 | RB 1] Throughput = 0.97956 Mbps
62936[UE 2 | RB 1] Throughput = 1.07847 Mbps
63046[UE 2 | RB 1] Throughput = 1.08922 Mbps
63146[UE 2 | RB 1] Throughput = 1.07415 Mbps
63256[UE 2 | RB 1] Throughput = 1.09388 Mbps
63366[UE 2 | RB 1] Throughput = 1.08806 Mbps
63476[UE 2 | RB 1] Throughput = 1.08937 Mbps
63586[UE 2 | RB 1] Throughput = 0.98150 Mbps
63686[UE 2 | RB 1] Throughput = 1.07513 Mbps
63796[UE 2 | RB 1] Throughput = 1.08868 Mbps
63906[UE 2 | RB 1] Throughput = 1.09105 Mbps
64016[UE 2 | RB 1] Throughput = 1.09062 Mbps
64116[UE 2 | RB 1] Throughput = 1.07648 Mbps
64216[UE 2 | RB 1] Throughput = 1.07569 Mbps
64326[UE 2 | RB 1] Throughput = 0.98390 Mbps
64436[UE 2 | RB 1] Throughput = 1.09301 Mbps
64536[UE 2 | RB 1] Throughput = 1.07712 Mbps
64636[UE 2 | RB 1] Throughput = 1.07364 Mbps
64746[UE 2 | RB 1] Throughput = 1.09358 Mbps
64856[UE 2 | RB 1] Throughput = 1.08732 Mbps
64956[UE 2 | RB 1] Throughput = 1.07727 Mbps
65066[UE 2 | RB 1] Throughput = 0.98388 Mbps
65175[UE 2 | RB 1] Throughput = 1.09105 Mbps
65276[UE 2 | RB 1] Throughput = 1.07400 Mbps
65386[UE 2 | RB 1] Throughput = 1.09155 Mbps
65486[UE 2 | RB 1] Throughput = 1.07745 Mbps
65586[UE 2 | RB 1] Throughput = 1.07715 Mbps
65696[UE 2 | RB 1] Throughput = 1.08459 Mbps
65806[UE 2 | RB 1] Throughput = 0.98535 Mbps
65916[UE 2 | RB 1] Throughput = 1.08762 Mbps
66026[UE 2 | RB 1] Throughput = 1.09321 Mbps
66126[UE 2 | RB 1] Throughput = 1.07627 Mbps
66236[UE 2 | RB 1] Throughput = 1.08858 Mbps
66346[UE 2 | RB 1] Throughput = 0.97914 Mbps
66456[UE 2 | RB 1] Throughput = 1.09218 Mbps
66556[UE 2 | RB 1] Throughput = 1.07762 Mbps
66666[UE 2 | RB 1] Throughput = 1.09114 Mbps
66766[UE 2 | RB 1] Throughput = 1.07783 Mbps
66866[UE 2 | RB 1] Throughput = 1.07627 Mbps
66976[UE 2 | RB 1] Throughput = 1.08928 Mbps
67086[UE 2 | RB 1] Throughput = 0.98349 Mbps
67196[UE 2 | RB 1] Throughput = 1.08743 Mbps
67306[UE 2 | RB 1] Throughput = 1.09019 Mbps
67406[UE 2 | RB 1] Throughput = 1.07525 Mbps
67506[UE 2 | RB 1] Throughput = 1.07797 Mbps
67616[UE 2 | RB 1] Throughput = 1.09154 Mbps
67716[UE 2 | RB 1] Throughput = 1.07787 Mbps
67826[UE 2 | RB 1] Throughput = 0.98130 Mbps
67936[UE 2 | RB 1] Throughput = 1.09099 Mbps
68036[UE 2 | RB 1] Throughput = 1.07402 Mbps
68146[UE 2 | RB 1] Throughput = 1.08850 Mbps
68256[UE 2 | RB 1] Throughput = 1.09226 Mbps
68366[UE 2 | RB 1] Throughput = 1.09005 Mbps
68466[UE 2 | RB 1] Throughput = 0.95635 Mbps
68576[UE 2 | RB 1] Throughput = 1.09287 Mbps
68686[UE 2 | RB 1] Throughput = 1.09185 Mbps
68786[UE 2 | RB 1] Throughput = 1.07508 Mbps
68886[UE 2 | RB 1] Throughput = 1.07398 Mbps
68996[UE 2 | RB 1] Throughput = 1.09173 Mbps
69106[UE 2 | RB 1] Throughput = 1.08933 Mbps
69206[UE 2 | RB 1] Throughput = 0.95812 Mbps
69307[UE 2 | RB 1] Throughput = 1.07362 Mbps
69416[UE 2 | RB 1] Throughput = 1.09631 Mbps
69516[UE 2 | RB 1] Throughput = 1.07765 Mbps
69626[UE 2 | RB 1] Throughput = 1.08818 Mbps
69736[UE 2 | RB 1] Throughput = 1.09086 Mbps
69846[UE 2 | RB 1] Throughput = 1.09521 Mbps
69946[UE 2 | RB 1] Throughput = 0.95193 Mbps
70056[UE 2 | RB 1] Throughput = 1.09126 Mbps
70166[UE 2 | RB 1] Throughput = 1.09025 Mbps
70276[UE 2 | RB 1] Throughput = 1.09216 Mbps
70376[UE 2 | RB 1] Throughput = 1.07831 Mbps
70476[UE 2 | RB 1] Throughput = 1.07317 Mbps
70586[UE 2 | RB 1] Throughput = 1.09104 Mbps
70696[UE 2 | RB 1] Throughput = 0.98476 Mbps
70796[UE 2 | RB 1] Throughput = 1.07292 Mbps
70896[UE 2 | RB 1] Throughput = 1.07716 Mbps
70996[UE 2 | RB 1] Throughput = 1.07836 Mbps
71106[UE 2 | RB 1] Throughput = 1.08978 Mbps
71216[UE 2 | RB 1] Throughput = 1.09075 Mbps
71316[UE 2 | RB 1] Throughput = 1.07795 Mbps
71426[UE 2 | RB 1] Throughput = 0.98154 Mbps
71527[UE 2 | RB 1] Throughput = 1.07391 Mbps
71627[UE 2 | RB 1] Throughput = 1.07715 Mbps
71736[UE 2 | RB 1] Throughput = 1.09151 Mbps
71846[UE 2 | RB 1] Throughput = 1.09161 Mbps
71956[UE 2 | RB 1] Throughput = 1.09156 Mbps
72066[UE 2 | RB 1] Throughput = 1.08965 Mbps
72176[UE 2 | RB 1] Throughput = 0.97703 Mbps
72286[UE 2 | RB 1] Throughput = 1.09128 Mbps
72386[UE 2 | RB 1] Throughput = 1.07665 Mbps
72496[UE 2 | RB 1] Throughput = 1.09323 Mbps
72606[UE 2 | RB 1] Throughput = 1.08812 Mbps
72716[UE 2 | RB 1] Throughput = 0.97942 Mbps
72826[UE 2 | RB 1] Throughput = 1.09232 Mbps
72926[UE 2 | RB 1] Throughput = 1.07609 Mbps
73036[UE 2 | RB 1] Throughput = 1.08985 Mbps
73136[UE 2 | RB 1] Throughput = 1.07732 Mbps
73246[UE 2 | RB 1] Throughput = 1.08961 Mbps
73356[UE 2 | RB 1] Throughput = 1.09190 Mbps
73456[UE 2 | RB 1] Throughput = 0.95436 Mbps
73566[UE 2 | RB 1] Throughput = 1.09195 Mbps
73676[UE 2 | RB 1] Throughput = 1.08849 Mbps
73776[UE 2 | RB 1] Throughput = 1.07742 Mbps
73876[UE 2 | RB 1] Throughput = 1.07855 Mbps
73986[UE 2 | RB 1] Throughput = 1.09276 Mbps
74086[UE 2 | RB 1] Throughput = 1.07612 Mbps
74196[UE 2 | RB 1] Throughput = 0.98129 Mbps
74297[UE 2 | RB 1] Throughput = 1.07510 Mbps
74406[UE 2 | RB 1] Throughput = 1.09372 Mbps
74506[UE 2 | RB 1] Throughput = 1.07530 Mbps
74616[UE 2 | RB 1] Throughput = 1.09292 Mbps
74716[UE 2 | RB 1] Throughput = 1.07464 Mbps
74827[UE 2 | RB 1] Throughput = 1.08634 Mbps
74936[UE 2 | RB 1] Throughput = 0.98430 Mbps
75036[UE 2 | RB 1] Throughput = 1.07832 Mbps
75146[UE 2 | RB 1] Throughput = 1.08943 Mbps
75246[UE 2 | RB 1] Throughput = 1.07852 Mbps
75347[UE 2 | RB 1] Throughput = 1.07600 Mbps
75457[UE 2 | RB 1] Throughput = 1.08987 Mbps
75566[UE 2 | RB 1] Throughput = 1.09320 Mbps
75667[UE 2 | RB 1] Throughput = 1.07476 Mbps
75776[UE 2 | RB 1] Throughput = 0.98234 Mbps
75876[UE 2 | RB 1] Throughput = 1.07790 Mbps
75986[UE 2 | RB 1] Throughput = 1.08860 Mbps
76087[UE 2 | RB 1] Throughput = 1.07800 Mbps
76197[UE 2 | RB 1] Throughput = 1.08806 Mbps
76307[UE 2 | RB 1] Throughput = 1.09117 Mbps
76416[UE 2 | RB 1] Throughput = 0.98358 Mbps
76517[UE 2 | RB 1] Throughput = 1.07334 Mbps
76627[UE 2 | RB 1] Throughput = 1.09005 Mbps
76736[UE 2 | RB 1] Throughput = 1.09321 Mbps
76836[UE 2 | RB 1] Throughput = 1.07609 Mbps
76947[UE 2 | RB 1] Throughput = 1.08785 Mbps
77057[UE 2 | RB 1] Throughput = 0.98110 Mbps
77157[UE 2 | RB 1] Throughput = 1.07262 Mbps
77266[UE 2 | RB 1] Throughput = 1.09915 Mbps
77366[UE 2 | RB 1] Throughput = 1.07814 Mbps
77466[UE 2 | RB 1] Throughput = 1.07622 Mbps
77576[UE 2 | RB 1] Throughput = 1.08874 Mbps
77686[UE 2 | RB 1] Throughput = 1.09183 Mbps
77787[UE 2 | RB 1] Throughput = 1.07295 Mbps
77896[UE 2 | RB 1] Throughput = 0.98353 Mbps
77996[UE 2 | RB 1] Throughput = 1.07747 Mbps
78097[UE 2 | RB 1] Throughput = 1.07682 Mbps
78206[UE 2 | RB 1] Throughput = 1.09592 Mbps
78306[UE 2 | RB 1] Throughput = 1.07533 Mbps
78406[UE 2 | RB 1] Throughput = 1.07668 Mbps
78516[UE 2 | RB 1] Throughput = 1.09190 Mbps
78617[UE 2 | RB 1] Throughput = 1.07444 Mbps
78717[UE 2 | RB 1] Throughput = 0.95462 Mbps
78826[UE 2 | RB 1] Throughput = 1.09979 Mbps
78926[UE 2 | RB 1] Throughput = 1.07525 Mbps
79037[UE 2 | RB 1] Throughput = 1.08699 Mbps
79137[UE 2 | RB 1] Throughput = 1.07529 Mbps
79247[UE 2 | RB 1] Throughput = 1.09240 Mbps
79347[UE 2 | RB 1] Throughput = 1.07724 Mbps
79456[UE 2 | RB 1] Throughput = 0.98238 Mbps
79557[UE 2 | RB 1] Throughput = 1.07261 Mbps
79666[UE 2 | RB 1] Throughput = 1.09506 Mbps
79767[UE 2 | RB 1] Throughput = 1.07554 Mbps
79877[UE 2 | RB 1] Throughput = 1.08790 Mbps
79977[UE 2 | RB 1] Throughput = 1.07690 Mbps
80086[UE 2 | RB 1] Throughput = 1.09604 Mbps
80187[UE 2 | RB 1] Throughput = 1.07703 Mbps
80297[UE 2 | RB 1] Throughput = 0.97997 Mbps
80397[UE 2 | RB 1] Throughput = 1.07768 Mbps
80497[UE 2 | RB 1] Throughput = 1.07325 Mbps
80607[UE 2 | RB 1] Throughput = 1.09391 Mbps
80716[UE 2 | RB 1] Throughput = 1.09334 Mbps
80816[UE 2 | RB 1] Throughput = 1.07741 Mbps
80926[UE 2 | RB 1] Throughput = 1.09037 Mbps
81027[UE 2 | RB 1] Throughput = 0.95741 Mbps
81127[UE 2 | RB 1] Throughput = 1.07665 Mbps
81227[UE 2 | RB 1] Throughput = 1.07523 Mbps
81337[UE 2 | RB 1] Throughput = 1.09417 Mbps
81437[UE 2 | RB 1] Throughput = 1.07161 Mbps
81547[UE 2 | RB 1] Throughput = 1.09430 Mbps
81647[UE 2 | RB 1] Throughput = 1.07512 Mbps
81757[UE 2 | RB 1] Throughput = 1.08883 Mbps
81857[UE 2 | RB 1] Throughput = 0.95840 Mbps
81967[UE 2 | RB 1] Throughput = 1.09279 Mbps
82067[UE 2 | RB 1] Throughput = 1.07811 Mbps
82167[UE 2 | RB 1] Throughput = 1.07847 Mbps
82276[UE 2 | RB 1] Throughput = 1.09387 Mbps
82377[UE 2 | RB 1] Throughput = 1.07351 Mbps
82477[UE 2 | RB 1] Throughput = 1.07630 Mbps
82587[UE 2 | RB 1] Throughput = 1.08860 Mbps
82697[UE 2 | RB 1] Throughput = 0.98595 Mbps
82797[UE 2 | RB 1] Throughput = 1.07789 Mbps
82907[UE 2 | RB 1] Throughput = 1.08585 Mbps
83016[UE 2 | RB 1] Throughput = 1.09700 Mbps
83117[UE 2 | RB 1] Throughput = 1.07373 Mbps
83217[UE 2 | RB 1] Throughput = 1.07433 Mbps
83327[UE 2 | RB 1] Throughput = 1.08720 Mbps
83437[UE 2 | RB 1] Throughput = 0.98589 Mbps
83537[UE 2 | RB 1] Throughput = 1.07492 Mbps
83647[UE 2 | RB 1] Throughput = 1.09319 Mbps
83757[UE 2 | RB 1] Throughput = 1.08700 Mbps
83867[UE 2 | RB 1] Throughput = 1.09040 Mbps
83967[UE 2 | RB 1] Throughput = 1.07264 Mbps
84077[UE 2 | RB 1] Throughput = 0.98479 Mbps
84177[UE 2 | RB 1] Throughput = 1.07850 Mbps
84277[UE 2 | RB 1] Throughput = 1.07627 Mbps
84387[UE 2 | RB 1] Throughput = 1.08849 Mbps
84497[UE 2 | RB 1] Throughput = 1.09214 Mbps
84607[UE 2 | RB 1] Throughput = 1.09190 Mbps
84707[UE 2 | RB 1] Throughput = 1.07706 Mbps
84817[UE 2 | RB 1] Throughput = 0.97599 Mbps
84927[UE 2 | RB 1] Throughput = 1.09454 Mbps
85037[UE 2 | RB 1] Throughput = 1.09008 Mbps
85137[UE 2 | RB 1] Throughput = 1.07732 Mbps
85247[UE 2 | RB 1] Throughput = 1.08949 Mbps
85347[UE 2 | RB 1] Throughput = 1.07645 Mbps
85447[UE 2 | RB 1] Throughput = 1.07761 Mbps
85557[UE 2 | RB 1] Throughput = 0.97897 Mbps
85667[UE 2 | RB 1] Throughput = 1.09400 Mbps
85767[UE 2 | RB 1] Throughput = 1.07728 Mbps
85877[UE 2 | RB 1] Throughput = 1.08847 Mbps
85977[UE 2 | RB 1] Throughput = 1.07741 Mbps
86077[UE 2 | RB 1] Throughput = 1.07656 Mbps
86187[UE 2 | RB 1] Throughput = 1.08974 Mbps
86288[UE 2 | RB 1] Throughput = 1.07557 Mbps
86397[UE 2 | RB 1] Throughput = 0.98578 Mbps
86497[UE 2 | RB 1] Throughput = 1.07640 Mbps
86607[UE 2 | RB 1] Throughput = 1.09015 Mbps
86717[UE 2 | RB 1] Throughput = 1.08912 Mbps
86828[UE 2 | RB 1] Throughput = 1.08488 Mbps
86937[UE 2 | RB 1] Throughput = 0.98537 Mbps
87038[UE 2 | RB 1] Throughput = 1.07300 Mbps
87147[UE 2 | RB 1] Throughput = 1.09114 Mbps
87257[UE 2 | RB 1] Throughput = 1.09335 Mbps
87357[UE 2 | RB 1] Throughput = 1.07796 Mbps
87467[UE 2 | RB 1] Throughput = 1.08837 Mbps
87577[UE 2 | RB 1] Throughput = 1.09475 Mbps
87677[UE 2 | RB 1] Throughput = 0.95667 Mbps
87777[UE 2 | RB 1] Throughput = 1.07402 Mbps
87887[UE 2 | RB 1] Throughput = 1.08908 Mbps
87997[UE 2 | RB 1] Throughput = 1.09265 Mbps
88107[UE 2 | RB 1] Throughput = 1.08620 Mbps
88217[UE 2 | RB 1] Throughput = 1.09251 Mbps
88317[UE 2 | RB 1] Throughput = 1.07674 Mbps
88417[UE 2 | RB 1] Throughput = 0.95692 Mbps
88527[UE 2 | RB 1] Throughput = 1.09231 Mbps
88637[UE 2 | RB 1] Throughput = 1.09163 Mbps
88737[UE 2 | RB 1] Throughput = 1.07633 Mbps
88847[UE 2 | RB 1] Throughput = 1.08939 Mbps
88948[UE 2 | RB 1] Throughput = 1.07381 Mbps
89057[UE 2 | RB 1] Throughput = 0.98494 Mbps
89167[UE 2 | RB 1] Throughput = 1.08719 Mbps
89277[UE 2 | RB 1] Throughput = 1.09044 Mbps
89387[UE 2 | RB 1] Throughput = 1.09112 Mbps
89487[UE 2 | RB 1] Throughput = 1.07583 Mbps
89597[UE 2 | RB 1] Throughput = 1.09097 Mbps
89697[UE 2 | RB 1] Throughput = 1.07616 Mbps
89807[UE 2 | RB 1] Throughput = 0.98117 Mbps
89917[UE 2 | RB 1] Throughput = 1.09114 Mbps
[xApp]: E42 RIC_SUBSCRIPTION_DELETE_REQUEST tx RAN_FUNC_ID 144 RIC_REQ_ID 1 
[xApp]: E42 SUBSCRIPTION DELETE RESPONSE rx
[xApp]: E42 RIC_SUBSCRIPTION_DELETE_REQUEST tx RAN_FUNC_ID 144 RIC_REQ_ID 2 
[xApp]: E42 SUBSCRIPTION DELETE RESPONSE rx
[xApp]: E42 RIC_SUBSCRIPTION_DELETE_REQUEST tx RAN_FUNC_ID 144 RIC_REQ_ID 3 
[xApp]: E42 SUBSCRIPTION DELETE RESPONSE rx
[xApp]: E42 RIC_SUBSCRIPTION_DELETE_REQUEST tx RAN_FUNC_ID 144 RIC_REQ_ID 4 
[xApp]: E42 SUBSCRIPTION DELETE RESPONSE rx
[xApp]: Sucessfully stopped 
Test xApp run SUCCESSFULLY
