[UTIL]: Setting the config -c file to /usr/local/etc/flexric/flexric.conf
[UTIL]: Setting path -p for the shared libraries to /usr/local/lib/flexric/
[xAapp]: Initializing ... 
[xApp]: nearRT-RIC IP Address = 192.168.70.150, PORT = 36422
[E2 AGENT]: Opening plugin from path = /usr/local/lib/flexric/libkpm_sm.so 
[E2 AGENT]: Opening plugin from path = /usr/local/lib/flexric/libmac_sm.so 
[E2 AGENT]: Opening plugin from path = /usr/local/lib/flexric/libpdcp_sm.so 
[E2 AGENT]: Opening plugin from path = /usr/local/lib/flexric/libgtp_sm.so 
[E2 AGENT]: Opening plugin from path = /usr/local/lib/flexric/librc_sm.so 
[E2 AGENT]: Opening plugin from path = /usr/local/lib/flexric/libtc_sm.so 
[E2 AGENT]: Opening plugin from path = /usr/local/lib/flexric/librlc_sm.so 
[E2 AGENT]: Opening plugin from path = /usr/local/lib/flexric/libslice_sm.so 
[NEAR-RIC]: Loading SM ID = 2 with def = ORAN-E2SM-KPM 
[NEAR-RIC]: Loading SM ID = 142 with def = MAC_STATS_V0 
[NEAR-RIC]: Loading SM ID = 144 with def = PDCP_STATS_V0 
[NEAR-RIC]: Loading SM ID = 148 with def = GTP_STATS_V0 
[NEAR-RIC]: Loading SM ID = 3 with def = ORAN-E2SM-RC 
[NEAR-RIC]: Loading SM ID = 146 with def = TC_STATS_V0 
[NEAR-RIC]: Loading SM ID = 143 with def = RLC_STATS_V0 
[NEAR-RIC]: Loading SM ID = 145 with def = SLICE_STATS_V0 
[xApp]: DB filename = /tmp/flexric/xapp_db 
 [xApp]: E42 SETUP-REQUEST tx
[xApp]: E42 SETUP-RESPONSE rx 
[xApp]: xApp ID = 49 
[xApp]: Registered E2 Nodes = 4 
Connected E2 nodes = 4
[xAPP] Registered node 0 ran func id = 2 
 [xAPP] Registered node 0 ran func id = 3 
 [xAPP] Registered node 0 ran func id = 142 
 [xAPP] Registered node 0 ran func id = 143 
 [xAPP] Registered node 0 ran func id = 144 
 [xAPP] Registered node 0 ran func id = 145 
 [xAPP] Registered node 0 ran func id = 146 
 [xAPP] Registered node 0 ran func id = 148 
 [xApp]: E42 RIC SUBSCRIPTION REQUEST tx RAN_FUNC_ID 144 RIC_REQ_ID 1 
[xApp]: SUBSCRIPTION RESPONSE rx
[xApp]: Successfully subscribed to RAN_FUNC_ID 144 
[xAPP] Registered node 1 ran func id = 2 
 [xAPP] Registered node 1 ran func id = 3 
 [xAPP] Registered node 1 ran func id = 142 
 [xAPP] Registered node 1 ran func id = 143 
 [xAPP] Registered node 1 ran func id = 144 
 [xAPP] Registered node 1 ran func id = 145 
 [xAPP] Registered node 1 ran func id = 146 
 [xAPP] Registered node 1 ran func id = 148 
 [xApp]: E42 RIC SUBSCRIPTION REQUEST tx RAN_FUNC_ID 144 RIC_REQ_ID 2 
[xApp]: SUBSCRIPTION RESPONSE rx
[xApp]: Successfully subscribed to RAN_FUNC_ID 144 
[xAPP] Registered node 2 ran func id = 2 
 [xAPP] Registered node 2 ran func id = 3 
 [xAPP] Registered node 2 ran func id = 142 
 [xAPP] Registered node 2 ran func id = 143 
 [xAPP] Registered node 2 ran func id = 144 
 [xAPP] Registered node 2 ran func id = 145 
 [xAPP] Registered node 2 ran func id = 146 
 [xAPP] Registered node 2 ran func id = 148 
 [xApp]: E42 RIC SUBSCRIPTION REQUEST tx RAN_FUNC_ID 144 RIC_REQ_ID 3 
[xApp]: SUBSCRIPTION RESPONSE rx
[xApp]: Successfully subscribed to RAN_FUNC_ID 144 
[xAPP] Registered node 3 ran func id = 2 
 [xAPP] Registered node 3 ran func id = 3 
 [xAPP] Registered node 3 ran func id = 142 
 [xAPP] Registered node 3 ran func id = 143 
 [xAPP] Registered node 3 ran func id = 144 
 [xAPP] Registered node 3 ran func id = 145 
 [xAPP] Registered node 3 ran func id = 146 
 [xAPP] Registered node 3 ran func id = 148 
 [xApp]: E42 RIC SUBSCRIPTION REQUEST tx RAN_FUNC_ID 144 RIC_REQ_ID 4 
[xApp]: SUBSCRIPTION RESPONSE rx
[xApp]: Successfully subscribed to RAN_FUNC_ID 144 
113[UE 2 | RB 1] Throughput = 1.07578 Mbps
213[UE 2 | RB 1] Throughput = 0.95477 Mbps
323[UE 2 | RB 1] Throughput = 1.09106 Mbps
433[UE 2 | RB 1] Throughput = 1.09132 Mbps
543[UE 2 | RB 1] Throughput = 1.09095 Mbps
643[UE 2 | RB 1] Throughput = 1.07701 Mbps
743[UE 2 | RB 1] Throughput = 1.07668 Mbps
843[UE 2 | RB 1] Throughput = 1.07635 Mbps
953[UE 2 | RB 1] Throughput = 0.98352 Mbps
1053[UE 2 | RB 1] Throughput = 1.07614 Mbps
1153[UE 2 | RB 1] Throughput = 1.07802 Mbps
1263[UE 2 | RB 1] Throughput = 1.09336 Mbps
1373[UE 2 | RB 1] Throughput = 1.08844 Mbps
1474[UE 2 | RB 1] Throughput = 1.07020 Mbps
1583[UE 2 | RB 1] Throughput = 1.09679 Mbps
1683[UE 2 | RB 1] Throughput = 1.07846 Mbps
1793[UE 2 | RB 1] Throughput = 0.97829 Mbps
1903[UE 2 | RB 1] Throughput = 1.09131 Mbps
2003[UE 2 | RB 1] Throughput = 1.07717 Mbps
2104[UE 2 | RB 1] Throughput = 1.07532 Mbps
2213[UE 2 | RB 1] Throughput = 1.09407 Mbps
2314[UE 2 | RB 1] Throughput = 1.07330 Mbps
2423[UE 2 | RB 1] Throughput = 0.98435 Mbps
2523[UE 2 | RB 1] Throughput = 1.07712 Mbps
2633[UE 2 | RB 1] Throughput = 1.08938 Mbps
2743[UE 2 | RB 1] Throughput = 1.09387 Mbps
2843[UE 2 | RB 1] Throughput = 1.07462 Mbps
2943[UE 2 | RB 1] Throughput = 1.07744 Mbps
3053[UE 2 | RB 1] Throughput = 1.09191 Mbps
3163[UE 2 | RB 1] Throughput = 0.98258 Mbps
3263[UE 2 | RB 1] Throughput = 1.07539 Mbps
3364[UE 2 | RB 1] Throughput = 1.07393 Mbps
3473[UE 2 | RB 1] Throughput = 1.09313 Mbps
3574[UE 2 | RB 1] Throughput = 1.07217 Mbps
3683[UE 2 | RB 1] Throughput = 1.09788 Mbps
3783[UE 2 | RB 1] Throughput = 1.07647 Mbps
3884[UE 2 | RB 1] Throughput = 1.07534 Mbps
3993[UE 2 | RB 1] Throughput = 0.98214 Mbps
4093[UE 2 | RB 1] Throughput = 1.07722 Mbps
4203[UE 2 | RB 1] Throughput = 1.09089 Mbps
4303[UE 2 | RB 1] Throughput = 1.07745 Mbps
4404[UE 2 | RB 1] Throughput = 1.07737 Mbps
4504[UE 2 | RB 1] Throughput = 1.07595 Mbps
4613[UE 2 | RB 1] Throughput = 1.09451 Mbps
4713[UE 2 | RB 1] Throughput = 1.07763 Mbps
4813[UE 2 | RB 1] Throughput = 1.07819 Mbps
4914[UE 2 | RB 1] Throughput = 1.07494 Mbps
5024[UE 2 | RB 1] Throughput = 0.98222 Mbps
5124[UE 2 | RB 1] Throughput = 1.07570 Mbps
5234[UE 2 | RB 1] Throughput = 1.09018 Mbps
5343[UE 2 | RB 1] Throughput = 1.09320 Mbps
5443[UE 2 | RB 1] Throughput = 1.07840 Mbps
5544[UE 2 | RB 1] Throughput = 1.07691 Mbps
5653[UE 2 | RB 1] Throughput = 1.09231 Mbps
5754[UE 2 | RB 1] Throughput = 0.95397 Mbps
5863[UE 2 | RB 1] Throughput = 1.09360 Mbps
5963[UE 2 | RB 1] Throughput = 1.07759 Mbps
6064[UE 2 | RB 1] Throughput = 1.07529 Mbps
6164[UE 2 | RB 1] Throughput = 1.07812 Mbps
6273[UE 2 | RB 1] Throughput = 1.09339 Mbps
6374[UE 2 | RB 1] Throughput = 1.07256 Mbps
6484[UE 2 | RB 1] Throughput = 1.09210 Mbps
6584[UE 2 | RB 1] Throughput = 0.95868 Mbps
6693[UE 2 | RB 1] Throughput = 1.09558 Mbps
6794[UE 2 | RB 1] Throughput = 1.07153 Mbps
6903[UE 2 | RB 1] Throughput = 1.09205 Mbps
7014[UE 2 | RB 1] Throughput = 1.08540 Mbps
7124[UE 2 | RB 1] Throughput = 1.09035 Mbps
7234[UE 2 | RB 1] Throughput = 0.98120 Mbps
7334[UE 2 | RB 1] Throughput = 1.07811 Mbps
7434[UE 2 | RB 1] Throughput = 1.07637 Mbps
7544[UE 2 | RB 1] Throughput = 1.09230 Mbps
7644[UE 2 | RB 1] Throughput = 1.07782 Mbps
7754[UE 2 | RB 1] Throughput = 1.08926 Mbps
7864[UE 2 | RB 1] Throughput = 1.09108 Mbps
7973[UE 2 | RB 1] Throughput = 0.98262 Mbps
8073[UE 2 | RB 1] Throughput = 1.07845 Mbps
8173[UE 2 | RB 1] Throughput = 1.07820 Mbps
8274[UE 2 | RB 1] Throughput = 1.07211 Mbps
8384[UE 2 | RB 1] Throughput = 1.09268 Mbps
8484[UE 2 | RB 1] Throughput = 1.07853 Mbps
8584[UE 2 | RB 1] Throughput = 1.07778 Mbps
8694[UE 2 | RB 1] Throughput = 1.09021 Mbps
8794[UE 2 | RB 1] Throughput = 1.07756 Mbps
8894[UE 2 | RB 1] Throughput = 0.95868 Mbps
9004[UE 2 | RB 1] Throughput = 1.09046 Mbps
9114[UE 2 | RB 1] Throughput = 1.08953 Mbps
9214[UE 2 | RB 1] Throughput = 1.07785 Mbps
9323[UE 2 | RB 1] Throughput = 1.09329 Mbps
9433[UE 2 | RB 1] Throughput = 1.09016 Mbps
9533[UE 2 | RB 1] Throughput = 0.95692 Mbps
9643[UE 2 | RB 1] Throughput = 1.09040 Mbps
9754[UE 2 | RB 1] Throughput = 1.08755 Mbps
9863[UE 2 | RB 1] Throughput = 1.09358 Mbps
9964[UE 2 | RB 1] Throughput = 1.07256 Mbps
10074[UE 2 | RB 1] Throughput = 1.08712 Mbps
10184[UE 2 | RB 1] Throughput = 0.98264 Mbps
10284[UE 2 | RB 1] Throughput = 1.07635 Mbps
10384[UE 2 | RB 1] Throughput = 1.07627 Mbps
10494[UE 2 | RB 1] Throughput = 1.08954 Mbps
10604[UE 2 | RB 1] Throughput = 1.09344 Mbps
10714[UE 2 | RB 1] Throughput = 1.09089 Mbps
10814[UE 2 | RB 1] Throughput = 1.07580 Mbps
10924[UE 2 | RB 1] Throughput = 0.98149 Mbps
11024[UE 2 | RB 1] Throughput = 1.07799 Mbps
11134[UE 2 | RB 1] Throughput = 1.08889 Mbps
11244[UE 2 | RB 1] Throughput = 1.09093 Mbps
11354[UE 2 | RB 1] Throughput = 1.08768 Mbps
11464[UE 2 | RB 1] Throughput = 1.08578 Mbps
11573[UE 2 | RB 1] Throughput = 0.98721 Mbps
11674[UE 2 | RB 1] Throughput = 1.07622 Mbps
11774[UE 2 | RB 1] Throughput = 1.07502 Mbps
11884[UE 2 | RB 1] Throughput = 1.09100 Mbps
11994[UE 2 | RB 1] Throughput = 1.08844 Mbps
12094[UE 2 | RB 1] Throughput = 1.07853 Mbps
12204[UE 2 | RB 1] Throughput = 1.09003 Mbps
12314[UE 2 | RB 1] Throughput = 0.98191 Mbps
12414[UE 2 | RB 1] Throughput = 1.07839 Mbps
12523[UE 2 | RB 1] Throughput = 1.09224 Mbps
12624[UE 2 | RB 1] Throughput = 1.07619 Mbps
12724[UE 2 | RB 1] Throughput = 1.07512 Mbps
12834[UE 2 | RB 1] Throughput = 1.09104 Mbps
12944[UE 2 | RB 1] Throughput = 1.08698 Mbps
13054[UE 2 | RB 1] Throughput = 0.98509 Mbps
13154[UE 2 | RB 1] Throughput = 1.07409 Mbps
13254[UE 2 | RB 1] Throughput = 1.07731 Mbps
13354[UE 2 | RB 1] Throughput = 1.07830 Mbps
13464[UE 2 | RB 1] Throughput = 1.09227 Mbps
13564[UE 2 | RB 1] Throughput = 1.07850 Mbps
13674[UE 2 | RB 1] Throughput = 1.09060 Mbps
13774[UE 2 | RB 1] Throughput = 1.07760 Mbps
13884[UE 2 | RB 1] Throughput = 0.97994 Mbps
13994[UE 2 | RB 1] Throughput = 1.08953 Mbps
14094[UE 2 | RB 1] Throughput = 1.07722 Mbps
14194[UE 2 | RB 1] Throughput = 1.07848 Mbps
14304[UE 2 | RB 1] Throughput = 1.09105 Mbps
14404[UE 2 | RB 1] Throughput = 1.07627 Mbps
14514[UE 2 | RB 1] Throughput = 1.09221 Mbps
14614[UE 2 | RB 1] Throughput = 0.95815 Mbps
14714[UE 2 | RB 1] Throughput = 1.07506 Mbps
14824[UE 2 | RB 1] Throughput = 1.09237 Mbps
14934[UE 2 | RB 1] Throughput = 1.08999 Mbps
15034[UE 2 | RB 1] Throughput = 1.07851 Mbps
15134[UE 2 | RB 1] Throughput = 1.07770 Mbps
15244[UE 2 | RB 1] Throughput = 1.09209 Mbps
15344[UE 2 | RB 1] Throughput = 1.07721 Mbps
15444[UE 2 | RB 1] Throughput = 0.95642 Mbps
15554[UE 2 | RB 1] Throughput = 1.08979 Mbps
15654[UE 2 | RB 1] Throughput = 1.07816 Mbps
15764[UE 2 | RB 1] Throughput = 1.09170 Mbps
15874[UE 2 | RB 1] Throughput = 1.08717 Mbps
15974[UE 2 | RB 1] Throughput = 1.07595 Mbps
16084[UE 2 | RB 1] Throughput = 1.08921 Mbps
16194[UE 2 | RB 1] Throughput = 0.98236 Mbps
16304[UE 2 | RB 1] Throughput = 1.09106 Mbps
16404[UE 2 | RB 1] Throughput = 1.07772 Mbps
16514[UE 2 | RB 1] Throughput = 1.08944 Mbps
16614[UE 2 | RB 1] Throughput = 1.07654 Mbps
16724[UE 2 | RB 1] Throughput = 1.09140 Mbps
16834[UE 2 | RB 1] Throughput = 0.98005 Mbps
16934[UE 2 | RB 1] Throughput = 1.07827 Mbps
17044[UE 2 | RB 1] Throughput = 1.09133 Mbps
17145[UE 2 | RB 1] Throughput = 1.07141 Mbps
17254[UE 2 | RB 1] Throughput = 1.09156 Mbps
17364[UE 2 | RB 1] Throughput = 1.09195 Mbps
17464[UE 2 | RB 1] Throughput = 1.07840 Mbps
17574[UE 2 | RB 1] Throughput = 0.98261 Mbps
17684[UE 2 | RB 1] Throughput = 1.08905 Mbps
17784[UE 2 | RB 1] Throughput = 1.07737 Mbps
17884[UE 2 | RB 1] Throughput = 1.07795 Mbps
17984[UE 2 | RB 1] Throughput = 1.07670 Mbps
18094[UE 2 | RB 1] Throughput = 1.09213 Mbps
18194[UE 2 | RB 1] Throughput = 1.07809 Mbps
18294[UE 2 | RB 1] Throughput = 1.07749 Mbps
18394[UE 2 | RB 1] Throughput = 1.07714 Mbps
18494[UE 2 | RB 1] Throughput = 0.95830 Mbps
18595[UE 2 | RB 1] Throughput = 1.07577 Mbps
18704[UE 2 | RB 1] Throughput = 1.09344 Mbps
18814[UE 2 | RB 1] Throughput = 1.09235 Mbps
18924[UE 2 | RB 1] Throughput = 1.08833 Mbps
19024[UE 2 | RB 1] Throughput = 1.07481 Mbps
19134[UE 2 | RB 1] Throughput = 1.09201 Mbps
19244[UE 2 | RB 1] Throughput = 0.97964 Mbps
19354[UE 2 | RB 1] Throughput = 1.09009 Mbps
19454[UE 2 | RB 1] Throughput = 1.07626 Mbps
19564[UE 2 | RB 1] Throughput = 1.09247 Mbps
19664[UE 2 | RB 1] Throughput = 1.07779 Mbps
19774[UE 2 | RB 1] Throughput = 1.08891 Mbps
19884[UE 2 | RB 1] Throughput = 0.98241 Mbps
19984[UE 2 | RB 1] Throughput = 1.07555 Mbps
20084[UE 2 | RB 1] Throughput = 1.07795 Mbps
20194[UE 2 | RB 1] Throughput = 1.09174 Mbps
20294[UE 2 | RB 1] Throughput = 1.07700 Mbps
20404[UE 2 | RB 1] Throughput = 1.08811 Mbps
20514[UE 2 | RB 1] Throughput = 1.08999 Mbps
20624[UE 2 | RB 1] Throughput = 0.98024 Mbps
20724[UE 2 | RB 1] Throughput = 1.07823 Mbps
20825[UE 2 | RB 1] Throughput = 1.07494 Mbps
20934[UE 2 | RB 1] Throughput = 1.09603 Mbps
21034[UE 2 | RB 1] Throughput = 1.07465 Mbps
21145[UE 2 | RB 1] Throughput = 1.08611 Mbps
21254[UE 2 | RB 1] Throughput = 1.09299 Mbps
21365[UE 2 | RB 1] Throughput = 0.97876 Mbps
21474[UE 2 | RB 1] Throughput = 1.09393 Mbps
21574[UE 2 | RB 1] Throughput = 1.07656 Mbps
21675[UE 2 | RB 1] Throughput = 1.07384 Mbps
21784[UE 2 | RB 1] Throughput = 1.09238 Mbps
21894[UE 2 | RB 1] Throughput = 1.09178 Mbps
21994[UE 2 | RB 1] Throughput = 1.07783 Mbps
22094[UE 2 | RB 1] Throughput = 0.95756 Mbps
22195[UE 2 | RB 1] Throughput = 1.07698 Mbps
22304[UE 2 | RB 1] Throughput = 1.09184 Mbps
22414[UE 2 | RB 1] Throughput = 1.09184 Mbps
22515[UE 2 | RB 1] Throughput = 1.07256 Mbps
22624[UE 2 | RB 1] Throughput = 1.09100 Mbps
22734[UE 2 | RB 1] Throughput = 1.09424 Mbps
22834[UE 2 | RB 1] Throughput = 0.95523 Mbps
22934[UE 2 | RB 1] Throughput = 1.07773 Mbps
23044[UE 2 | RB 1] Throughput = 1.08946 Mbps
23154[UE 2 | RB 1] Throughput = 1.09234 Mbps
23264[UE 2 | RB 1] Throughput = 1.08968 Mbps
23364[UE 2 | RB 1] Throughput = 1.07618 Mbps
23475[UE 2 | RB 1] Throughput = 0.97778 Mbps
23575[UE 2 | RB 1] Throughput = 1.07819 Mbps
23685[UE 2 | RB 1] Throughput = 1.09037 Mbps
23795[UE 2 | RB 1] Throughput = 1.08962 Mbps
23904[UE 2 | RB 1] Throughput = 1.09609 Mbps
24004[UE 2 | RB 1] Throughput = 1.07214 Mbps
24115[UE 2 | RB 1] Throughput = 1.08886 Mbps
24215[UE 2 | RB 1] Throughput = 1.07645 Mbps
24324[UE 2 | RB 1] Throughput = 0.98378 Mbps
24434[UE 2 | RB 1] Throughput = 1.09072 Mbps
24534[UE 2 | RB 1] Throughput = 1.07640 Mbps
24644[UE 2 | RB 1] Throughput = 1.09224 Mbps
24744[UE 2 | RB 1] Throughput = 1.07801 Mbps
24845[UE 2 | RB 1] Throughput = 1.07301 Mbps
24954[UE 2 | RB 1] Throughput = 0.98331 Mbps
25054[UE 2 | RB 1] Throughput = 1.07784 Mbps
25155[UE 2 | RB 1] Throughput = 1.07631 Mbps
25264[UE 2 | RB 1] Throughput = 1.09180 Mbps
25365[UE 2 | RB 1] Throughput = 1.07607 Mbps
25465[UE 2 | RB 1] Throughput = 1.07841 Mbps
25575[UE 2 | RB 1] Throughput = 1.08979 Mbps
25685[UE 2 | RB 1] Throughput = 1.09077 Mbps
25794[UE 2 | RB 1] Throughput = 0.98299 Mbps
25895[UE 2 | RB 1] Throughput = 1.07542 Mbps
26004[UE 2 | RB 1] Throughput = 1.09330 Mbps
26105[UE 2 | RB 1] Throughput = 1.07173 Mbps
26205[UE 2 | RB 1] Throughput = 1.07789 Mbps
26315[UE 2 | RB 1] Throughput = 1.09265 Mbps
26424[UE 2 | RB 1] Throughput = 1.09482 Mbps
26525[UE 2 | RB 1] Throughput = 0.95232 Mbps
26634[UE 2 | RB 1] Throughput = 1.09140 Mbps
26744[UE 2 | RB 1] Throughput = 1.09061 Mbps
26845[UE 2 | RB 1] Throughput = 1.07393 Mbps
26954[UE 2 | RB 1] Throughput = 1.09354 Mbps
27055[UE 2 | RB 1] Throughput = 1.07525 Mbps
27165[UE 2 | RB 1] Throughput = 1.09027 Mbps
27265[UE 2 | RB 1] Throughput = 0.95576 Mbps
27375[UE 2 | RB 1] Throughput = 1.09329 Mbps
27484[UE 2 | RB 1] Throughput = 1.08994 Mbps
27585[UE 2 | RB 1] Throughput = 1.07277 Mbps
27695[UE 2 | RB 1] Throughput = 1.09403 Mbps
27795[UE 2 | RB 1] Throughput = 1.07803 Mbps
27895[UE 2 | RB 1] Throughput = 1.07854 Mbps
28005[UE 2 | RB 1] Throughput = 0.98005 Mbps
28115[UE 2 | RB 1] Throughput = 1.09045 Mbps
28224[UE 2 | RB 1] Throughput = 1.09179 Mbps
28325[UE 2 | RB 1] Throughput = 1.07230 Mbps
28435[UE 2 | RB 1] Throughput = 1.08942 Mbps
28544[UE 2 | RB 1] Throughput = 1.09472 Mbps
28644[UE 2 | RB 1] Throughput = 1.07813 Mbps
28745[UE 2 | RB 1] Throughput = 0.95765 Mbps
28854[UE 2 | RB 1] Throughput = 1.08992 Mbps
28955[UE 2 | RB 1] Throughput = 1.07578 Mbps
29065[UE 2 | RB 1] Throughput = 1.08857 Mbps
29165[UE 2 | RB 1] Throughput = 1.07672 Mbps
29275[UE 2 | RB 1] Throughput = 1.09193 Mbps
29384[UE 2 | RB 1] Throughput = 1.09297 Mbps
29485[UE 2 | RB 1] Throughput = 0.95459 Mbps
29585[UE 2 | RB 1] Throughput = 1.07573 Mbps
29695[UE 2 | RB 1] Throughput = 1.09423 Mbps
29795[UE 2 | RB 1] Throughput = 1.07735 Mbps
29904[UE 2 | RB 1] Throughput = 1.09389 Mbps
30005[UE 2 | RB 1] Throughput = 1.07453 Mbps
30105[UE 2 | RB 1] Throughput = 1.07582 Mbps
30215[UE 2 | RB 1] Throughput = 1.09179 Mbps
30325[UE 2 | RB 1] Throughput = 0.98056 Mbps
30425[UE 2 | RB 1] Throughput = 1.07735 Mbps
30535[UE 2 | RB 1] Throughput = 1.09089 Mbps
30645[UE 2 | RB 1] Throughput = 1.08995 Mbps
30755[UE 2 | RB 1] Throughput = 1.08845 Mbps
30865[UE 2 | RB 1] Throughput = 0.98013 Mbps
30975[UE 2 | RB 1] Throughput = 1.08983 Mbps
31085[UE 2 | RB 1] Throughput = 1.08860 Mbps
31195[UE 2 | RB 1] Throughput = 1.08980 Mbps
31295[UE 2 | RB 1] Throughput = 1.07571 Mbps
31405[UE 2 | RB 1] Throughput = 1.09301 Mbps
31505[UE 2 | RB 1] Throughput = 1.07378 Mbps
31606[UE 2 | RB 1] Throughput = 0.95309 Mbps
31715[UE 2 | RB 1] Throughput = 1.09991 Mbps
31815[UE 2 | RB 1] Throughput = 1.07807 Mbps
31915[UE 2 | RB 1] Throughput = 1.07557 Mbps
32025[UE 2 | RB 1] Throughput = 1.09219 Mbps
32125[UE 2 | RB 1] Throughput = 1.07812 Mbps
32234[UE 2 | RB 1] Throughput = 1.09331 Mbps
32335[UE 2 | RB 1] Throughput = 1.07254 Mbps
32445[UE 2 | RB 1] Throughput = 0.98236 Mbps
32555[UE 2 | RB 1] Throughput = 1.09022 Mbps
32665[UE 2 | RB 1] Throughput = 1.08776 Mbps
32775[UE 2 | RB 1] Throughput = 1.09132 Mbps
32875[UE 2 | RB 1] Throughput = 1.07749 Mbps
32975[UE 2 | RB 1] Throughput = 1.07851 Mbps
33076[UE 2 | RB 1] Throughput = 1.06745 Mbps
33185[UE 2 | RB 1] Throughput = 0.98627 Mbps
33295[UE 2 | RB 1] Throughput = 1.08824 Mbps
33405[UE 2 | RB 1] Throughput = 1.09499 Mbps
33505[UE 2 | RB 1] Throughput = 1.07499 Mbps
33615[UE 2 | RB 1] Throughput = 1.09083 Mbps
33715[UE 2 | RB 1] Throughput = 1.07706 Mbps
33825[UE 2 | RB 1] Throughput = 0.98324 Mbps
33925[UE 2 | RB 1] Throughput = 1.07526 Mbps
34025[UE 2 | RB 1] Throughput = 1.07733 Mbps
34135[UE 2 | RB 1] Throughput = 1.08923 Mbps
34245[UE 2 | RB 1] Throughput = 1.09335 Mbps
34355[UE 2 | RB 1] Throughput = 1.09018 Mbps
34455[UE 2 | RB 1] Throughput = 1.07423 Mbps
34555[UE 2 | RB 1] Throughput = 1.07852 Mbps
34665[UE 2 | RB 1] Throughput = 0.98046 Mbps
34775[UE 2 | RB 1] Throughput = 1.09060 Mbps
34875[UE 2 | RB 1] Throughput = 1.07703 Mbps
34975[UE 2 | RB 1] Throughput = 1.07575 Mbps
35085[UE 2 | RB 1] Throughput = 1.09157 Mbps
35195[UE 2 | RB 1] Throughput = 1.08906 Mbps
35295[UE 2 | RB 1] Throughput = 1.07806 Mbps
35405[UE 2 | RB 1] Throughput = 0.98090 Mbps
35515[UE 2 | RB 1] Throughput = 1.08937 Mbps
35625[UE 2 | RB 1] Throughput = 1.09002 Mbps
35735[UE 2 | RB 1] Throughput = 1.09236 Mbps
35835[UE 2 | RB 1] Throughput = 1.07637 Mbps
35935[UE 2 | RB 1] Throughput = 1.07711 Mbps
36045[UE 2 | RB 1] Throughput = 0.98065 Mbps
36155[UE 2 | RB 1] Throughput = 1.08968 Mbps
36265[UE 2 | RB 1] Throughput = 1.09149 Mbps
36365[UE 2 | RB 1] Throughput = 1.07753 Mbps
36475[UE 2 | RB 1] Throughput = 1.09189 Mbps
36575[UE 2 | RB 1] Throughput = 1.07180 Mbps
36685[UE 2 | RB 1] Throughput = 0.98820 Mbps
36785[UE 2 | RB 1] Throughput = 1.07317 Mbps
36895[UE 2 | RB 1] Throughput = 1.09099 Mbps
36995[UE 2 | RB 1] Throughput = 1.07762 Mbps
37095[UE 2 | RB 1] Throughput = 1.07434 Mbps
37205[UE 2 | RB 1] Throughput = 1.09459 Mbps
37315[UE 2 | RB 1] Throughput = 1.09109 Mbps
37415[UE 2 | RB 1] Throughput = 1.07526 Mbps
37515[UE 2 | RB 1] Throughput = 0.95740 Mbps
37615[UE 2 | RB 1] Throughput = 1.07590 Mbps
37716[UE 2 | RB 1] Throughput = 1.07570 Mbps
37825[UE 2 | RB 1] Throughput = 1.09249 Mbps
37935[UE 2 | RB 1] Throughput = 1.09079 Mbps
38036[UE 2 | RB 1] Throughput = 1.07358 Mbps
38145[UE 2 | RB 1] Throughput = 1.09300 Mbps
38255[UE 2 | RB 1] Throughput = 0.98224 Mbps
38355[UE 2 | RB 1] Throughput = 1.07775 Mbps
38455[UE 2 | RB 1] Throughput = 1.07855 Mbps
38565[UE 2 | RB 1] Throughput = 1.08818 Mbps
38675[UE 2 | RB 1] Throughput = 1.09119 Mbps
38776[UE 2 | RB 1] Throughput = 1.07483 Mbps
38885[UE 2 | RB 1] Throughput = 1.09362 Mbps
38985[UE 2 | RB 1] Throughput = 1.07597 Mbps
39095[UE 2 | RB 1] Throughput = 0.98117 Mbps
39195[UE 2 | RB 1] Throughput = 1.07686 Mbps
39296[UE 2 | RB 1] Throughput = 1.07693 Mbps
39405[UE 2 | RB 1] Throughput = 1.09290 Mbps
39505[UE 2 | RB 1] Throughput = 1.07842 Mbps
39606[UE 2 | RB 1] Throughput = 1.07221 Mbps
39715[UE 2 | RB 1] Throughput = 1.09639 Mbps
39816[UE 2 | RB 1] Throughput = 1.07456 Mbps
39925[UE 2 | RB 1] Throughput = 0.98398 Mbps
40025[UE 2 | RB 1] Throughput = 1.07526 Mbps
40135[UE 2 | RB 1] Throughput = 1.09023 Mbps
40245[UE 2 | RB 1] Throughput = 1.09402 Mbps
40345[UE 2 | RB 1] Throughput = 1.07332 Mbps
40445[UE 2 | RB 1] Throughput = 1.07828 Mbps
40545[UE 2 | RB 1] Throughput = 1.07821 Mbps
40655[UE 2 | RB 1] Throughput = 0.98107 Mbps
40765[UE 2 | RB 1] Throughput = 1.09083 Mbps
40875[UE 2 | RB 1] Throughput = 1.09004 Mbps
40975[UE 2 | RB 1] Throughput = 1.07628 Mbps
41076[UE 2 | RB 1] Throughput = 1.07438 Mbps
41185[UE 2 | RB 1] Throughput = 1.09602 Mbps
41295[UE 2 | RB 1] Throughput = 1.08788 Mbps
41395[UE 2 | RB 1] Throughput = 0.95817 Mbps
41496[UE 2 | RB 1] Throughput = 1.07488 Mbps
41606[UE 2 | RB 1] Throughput = 1.08823 Mbps
41715[UE 2 | RB 1] Throughput = 1.09429 Mbps
41816[UE 2 | RB 1] Throughput = 1.07654 Mbps
41916[UE 2 | RB 1] Throughput = 1.07471 Mbps
42026[UE 2 | RB 1] Throughput = 1.09131 Mbps
42126[UE 2 | RB 1] Throughput = 1.07589 Mbps
42236[UE 2 | RB 1] Throughput = 0.98277 Mbps
42345[UE 2 | RB 1] Throughput = 1.09469 Mbps
42446[UE 2 | RB 1] Throughput = 1.07409 Mbps
42546[UE 2 | RB 1] Throughput = 1.07781 Mbps
42655[UE 2 | RB 1] Throughput = 1.09219 Mbps
42766[UE 2 | RB 1] Throughput = 1.08459 Mbps
42876[UE 2 | RB 1] Throughput = 0.98193 Mbps
42985[UE 2 | RB 1] Throughput = 1.09343 Mbps
43086[UE 2 | RB 1] Throughput = 1.07572 Mbps
43195[UE 2 | RB 1] Throughput = 1.09250 Mbps
43296[UE 2 | RB 1] Throughput = 1.07359 Mbps
43406[UE 2 | RB 1] Throughput = 1.08977 Mbps
43516[UE 2 | RB 1] Throughput = 0.98095 Mbps
43626[UE 2 | RB 1] Throughput = 1.08816 Mbps
43735[UE 2 | RB 1] Throughput = 1.09290 Mbps
43845[UE 2 | RB 1] Throughput = 1.08937 Mbps
43945[UE 2 | RB 1] Throughput = 1.07832 Mbps
44046[UE 2 | RB 1] Throughput = 1.07646 Mbps
44155[UE 2 | RB 1] Throughput = 1.09138 Mbps
44265[UE 2 | RB 1] Throughput = 0.98248 Mbps
44365[UE 2 | RB 1] Throughput = 1.07682 Mbps
44466[UE 2 | RB 1] Throughput = 1.07597 Mbps
44566[UE 2 | RB 1] Throughput = 1.07782 Mbps
44666[UE 2 | RB 1] Throughput = 1.07645 Mbps
44775[UE 2 | RB 1] Throughput = 1.09509 Mbps
44876[UE 2 | RB 1] Throughput = 1.07605 Mbps
44986[UE 2 | RB 1] Throughput = 1.08925 Mbps
45086[UE 2 | RB 1] Throughput = 0.95763 Mbps
45196[UE 2 | RB 1] Throughput = 1.09062 Mbps
45306[UE 2 | RB 1] Throughput = 1.08982 Mbps
45406[UE 2 | RB 1] Throughput = 1.07585 Mbps
45516[UE 2 | RB 1] Throughput = 1.09042 Mbps
45626[UE 2 | RB 1] Throughput = 1.08957 Mbps
45736[UE 2 | RB 1] Throughput = 0.98056 Mbps
45836[UE 2 | RB 1] Throughput = 1.07671 Mbps
45946[UE 2 | RB 1] Throughput = 1.09113 Mbps
46056[UE 2 | RB 1] Throughput = 1.09087 Mbps
46156[UE 2 | RB 1] Throughput = 1.07821 Mbps
46256[UE 2 | RB 1] Throughput = 1.07802 Mbps
46366[UE 2 | RB 1] Throughput = 1.08931 Mbps
46475[UE 2 | RB 1] Throughput = 0.98371 Mbps
46575[UE 2 | RB 1] Throughput = 1.07731 Mbps
46675[UE 2 | RB 1] Throughput = 1.07840 Mbps
46775[UE 2 | RB 1] Throughput = 1.07763 Mbps
46876[UE 2 | RB 1] Throughput = 1.07646 Mbps
46976[UE 2 | RB 1] Throughput = 1.07848 Mbps
47086[UE 2 | RB 1] Throughput = 1.08992 Mbps
47195[UE 2 | RB 1] Throughput = 1.09103 Mbps
47296[UE 2 | RB 1] Throughput = 1.07497 Mbps
47406[UE 2 | RB 1] Throughput = 0.97958 Mbps
47506[UE 2 | RB 1] Throughput = 1.07761 Mbps
47616[UE 2 | RB 1] Throughput = 1.09261 Mbps
47726[UE 2 | RB 1] Throughput = 1.08723 Mbps
47836[UE 2 | RB 1] Throughput = 1.08810 Mbps
47946[UE 2 | RB 1] Throughput = 0.98405 Mbps
48046[UE 2 | RB 1] Throughput = 1.07721 Mbps
48156[UE 2 | RB 1] Throughput = 1.08718 Mbps
48266[UE 2 | RB 1] Throughput = 1.09286 Mbps
48366[UE 2 | RB 1] Throughput = 1.07512 Mbps
48476[UE 2 | RB 1] Throughput = 1.08974 Mbps
48586[UE 2 | RB 1] Throughput = 1.08799 Mbps
48696[UE 2 | RB 1] Throughput = 0.98278 Mbps
48796[UE 2 | RB 1] Throughput = 1.07626 Mbps
48896[UE 2 | RB 1] Throughput = 1.07853 Mbps
49006[UE 2 | RB 1] Throughput = 1.09286 Mbps
49116[UE 2 | RB 1] Throughput = 1.08889 Mbps
49216[UE 2 | RB 1] Throughput = 1.07852 Mbps
49316[UE 2 | RB 1] Throughput = 1.07837 Mbps
49416[UE 2 | RB 1] Throughput = 1.07790 Mbps
49516[UE 2 | RB 1] Throughput = 0.95507 Mbps
49626[UE 2 | RB 1] Throughput = 1.09257 Mbps
49726[UE 2 | RB 1] Throughput = 1.07759 Mbps
49836[UE 2 | RB 1] Throughput = 1.09012 Mbps
49936[UE 2 | RB 1] Throughput = 1.07809 Mbps
50046[UE 2 | RB 1] Throughput = 1.09210 Mbps
50146[UE 2 | RB 1] Throughput = 1.07741 Mbps
50255[UE 2 | RB 1] Throughput = 0.98438 Mbps
50356[UE 2 | RB 1] Throughput = 1.07283 Mbps
50466[UE 2 | RB 1] Throughput = 1.09070 Mbps
50566[UE 2 | RB 1] Throughput = 1.07694 Mbps
50676[UE 2 | RB 1] Throughput = 1.08890 Mbps
50786[UE 2 | RB 1] Throughput = 1.09452 Mbps
50886[UE 2 | RB 1] Throughput = 1.07592 Mbps
50986[UE 2 | RB 1] Throughput = 1.07731 Mbps
51086[UE 2 | RB 1] Throughput = 0.95857 Mbps
51186[UE 2 | RB 1] Throughput = 1.07657 Mbps
51296[UE 2 | RB 1] Throughput = 1.08668 Mbps
51406[UE 2 | RB 1] Throughput = 1.09318 Mbps
51506[UE 2 | RB 1] Throughput = 1.07774 Mbps
51616[UE 2 | RB 1] Throughput = 1.09361 Mbps
51716[UE 2 | RB 1] Throughput = 1.07779 Mbps
51816[UE 2 | RB 1] Throughput = 1.07557 Mbps
51926[UE 2 | RB 1] Throughput = 0.97796 Mbps
52036[UE 2 | RB 1] Throughput = 1.08964 Mbps
52146[UE 2 | RB 1] Throughput = 1.08855 Mbps
52257[UE 2 | RB 1] Throughput = 1.08777 Mbps
52366[UE 2 | RB 1] Throughput = 1.09453 Mbps
52476[UE 2 | RB 1] Throughput = 0.98308 Mbps
52576[UE 2 | RB 1] Throughput = 1.07672 Mbps
52686[UE 2 | RB 1] Throughput = 1.08824 Mbps
52796[UE 2 | RB 1] Throughput = 1.08924 Mbps
52906[UE 2 | RB 1] Throughput = 1.09087 Mbps
53006[UE 2 | RB 1] Throughput = 1.07611 Mbps
53106[UE 2 | RB 1] Throughput = 1.07843 Mbps
53206[UE 2 | RB 1] Throughput = 1.07597 Mbps
53316[UE 2 | RB 1] Throughput = 0.98551 Mbps
53416[UE 2 | RB 1] Throughput = 1.07693 Mbps
53526[UE 2 | RB 1] Throughput = 1.09291 Mbps
53626[UE 2 | RB 1] Throughput = 1.07201 Mbps
53736[UE 2 | RB 1] Throughput = 1.09345 Mbps
53836[UE 2 | RB 1] Throughput = 1.07485 Mbps
53936[UE 2 | RB 1] Throughput = 1.07663 Mbps
54046[UE 2 | RB 1] Throughput = 0.98063 Mbps
54156[UE 2 | RB 1] Throughput = 1.08988 Mbps
54266[UE 2 | RB 1] Throughput = 1.09043 Mbps
54366[UE 2 | RB 1] Throughput = 1.07785 Mbps
54476[UE 2 | RB 1] Throughput = 1.08924 Mbps
54586[UE 2 | RB 1] Throughput = 1.09434 Mbps
54686[UE 2 | RB 1] Throughput = 0.95600 Mbps
54786[UE 2 | RB 1] Throughput = 1.07798 Mbps
54886[UE 2 | RB 1] Throughput = 1.07693 Mbps
54996[UE 2 | RB 1] Throughput = 1.09390 Mbps
55096[UE 2 | RB 1] Throughput = 1.07302 Mbps
55206[UE 2 | RB 1] Throughput = 1.09539 Mbps
55306[UE 2 | RB 1] Throughput = 1.07291 Mbps
55416[UE 2 | RB 1] Throughput = 1.09429 Mbps
55516[UE 2 | RB 1] Throughput = 1.07726 Mbps
55616[UE 2 | RB 1] Throughput = 0.95612 Mbps
55726[UE 2 | RB 1] Throughput = 1.09201 Mbps
55826[UE 2 | RB 1] Throughput = 1.07675 Mbps
55926[UE 2 | RB 1] Throughput = 1.07518 Mbps
56036[UE 2 | RB 1] Throughput = 1.09193 Mbps
56146[UE 2 | RB 1] Throughput = 1.09028 Mbps
56246[UE 2 | RB 1] Throughput = 1.07775 Mbps
56356[UE 2 | RB 1] Throughput = 0.97900 Mbps
56466[UE 2 | RB 1] Throughput = 1.09375 Mbps
56576[UE 2 | RB 1] Throughput = 1.08950 Mbps
56676[UE 2 | RB 1] Throughput = 1.07660 Mbps
56777[UE 2 | RB 1] Throughput = 1.07394 Mbps
56886[UE 2 | RB 1] Throughput = 1.09583 Mbps
56996[UE 2 | RB 1] Throughput = 0.97989 Mbps
57097[UE 2 | RB 1] Throughput = 1.06994 Mbps
57207[UE 2 | RB 1] Throughput = 1.08994 Mbps
57316[UE 2 | RB 1] Throughput = 1.09510 Mbps
57426[UE 2 | RB 1] Throughput = 1.08656 Mbps
57536[UE 2 | RB 1] Throughput = 1.09160 Mbps
57636[UE 2 | RB 1] Throughput = 1.07686 Mbps
57746[UE 2 | RB 1] Throughput = 0.98103 Mbps
57856[UE 2 | RB 1] Throughput = 1.09057 Mbps
57956[UE 2 | RB 1] Throughput = 1.07851 Mbps
58057[UE 2 | RB 1] Throughput = 1.07412 Mbps
58157[UE 2 | RB 1] Throughput = 1.07624 Mbps
58266[UE 2 | RB 1] Throughput = 1.09716 Mbps
58366[UE 2 | RB 1] Throughput = 1.07493 Mbps
58476[UE 2 | RB 1] Throughput = 0.98392 Mbps
58576[UE 2 | RB 1] Throughput = 1.07513 Mbps
58676[UE 2 | RB 1] Throughput = 1.07747 Mbps
58786[UE 2 | RB 1] Throughput = 1.09029 Mbps
58896[UE 2 | RB 1] Throughput = 1.08913 Mbps
59006[UE 2 | RB 1] Throughput = 1.09053 Mbps
59107[UE 2 | RB 1] Throughput = 1.07427 Mbps
59217[UE 2 | RB 1] Throughput = 0.98112 Mbps
59326[UE 2 | RB 1] Throughput = 1.09210 Mbps
59436[UE 2 | RB 1] Throughput = 1.08884 Mbps
59537[UE 2 | RB 1] Throughput = 1.07229 Mbps
59647[UE 2 | RB 1] Throughput = 1.09113 Mbps
59756[UE 2 | RB 1] Throughput = 1.09435 Mbps
59857[UE 2 | RB 1] Throughput = 0.95505 Mbps
59966[UE 2 | RB 1] Throughput = 1.09521 Mbps
60066[UE 2 | RB 1] Throughput = 1.07559 Mbps
60167[UE 2 | RB 1] Throughput = 1.07592 Mbps
60276[UE 2 | RB 1] Throughput = 1.09568 Mbps
60376[UE 2 | RB 1] Throughput = 1.07605 Mbps
60487[UE 2 | RB 1] Throughput = 1.08644 Mbps
60587[UE 2 | RB 1] Throughput = 1.07561 Mbps
60696[UE 2 | RB 1] Throughput = 0.98440 Mbps
60806[UE 2 | RB 1] Throughput = 1.08879 Mbps
60916[UE 2 | RB 1] Throughput = 1.09219 Mbps
61026[UE 2 | RB 1] Throughput = 1.08780 Mbps
61137[UE 2 | RB 1] Throughput = 1.08669 Mbps
61246[UE 2 | RB 1] Throughput = 0.98366 Mbps
61346[UE 2 | RB 1] Throughput = 1.07635 Mbps
61456[UE 2 | RB 1] Throughput = 1.09431 Mbps
61557[UE 2 | RB 1] Throughput = 1.07162 Mbps
61666[UE 2 | RB 1] Throughput = 1.09328 Mbps
61767[UE 2 | RB 1] Throughput = 1.07149 Mbps
61876[UE 2 | RB 1] Throughput = 1.09380 Mbps
61977[UE 2 | RB 1] Throughput = 1.07755 Mbps
62077[UE 2 | RB 1] Throughput = 0.95530 Mbps
62186[UE 2 | RB 1] Throughput = 1.09569 Mbps
62287[UE 2 | RB 1] Throughput = 1.07518 Mbps
62396[UE 2 | RB 1] Throughput = 1.09184 Mbps
62506[UE 2 | RB 1] Throughput = 1.08846 Mbps
62617[UE 2 | RB 1] Throughput = 1.08765 Mbps
62717[UE 2 | RB 1] Throughput = 1.07826 Mbps
62817[UE 2 | RB 1] Throughput = 0.95851 Mbps
62927[UE 2 | RB 1] Throughput = 1.09031 Mbps
63027[UE 2 | RB 1] Throughput = 1.07825 Mbps
63137[UE 2 | RB 1] Throughput = 1.08899 Mbps
63247[UE 2 | RB 1] Throughput = 1.09035 Mbps
63347[UE 2 | RB 1] Throughput = 1.07477 Mbps
63456[UE 2 | RB 1] Throughput = 1.09486 Mbps
63556[UE 2 | RB 1] Throughput = 0.95814 Mbps
63657[UE 2 | RB 1] Throughput = 1.07669 Mbps
63757[UE 2 | RB 1] Throughput = 1.07852 Mbps
63867[UE 2 | RB 1] Throughput = 1.09068 Mbps
63967[UE 2 | RB 1] Throughput = 1.07677 Mbps
64067[UE 2 | RB 1] Throughput = 1.07784 Mbps
64177[UE 2 | RB 1] Throughput = 1.09110 Mbps
64286[UE 2 | RB 1] Throughput = 1.09240 Mbps
64386[UE 2 | RB 1] Throughput = 0.95726 Mbps
64487[UE 2 | RB 1] Throughput = 1.07403 Mbps
64587[UE 2 | RB 1] Throughput = 1.07811 Mbps
64697[UE 2 | RB 1] Throughput = 1.09233 Mbps
64807[UE 2 | RB 1] Throughput = 1.08941 Mbps
64917[UE 2 | RB 1] Throughput = 1.08916 Mbps
65027[UE 2 | RB 1] Throughput = 0.98115 Mbps
65127[UE 2 | RB 1] Throughput = 1.07493 Mbps
65237[UE 2 | RB 1] Throughput = 1.09192 Mbps
65337[UE 2 | RB 1] Throughput = 1.07845 Mbps
65437[UE 2 | RB 1] Throughput = 1.07834 Mbps
65547[UE 2 | RB 1] Throughput = 1.09013 Mbps
65647[UE 2 | RB 1] Throughput = 1.07804 Mbps
65747[UE 2 | RB 1] Throughput = 1.07619 Mbps
65847[UE 2 | RB 1] Throughput = 1.07779 Mbps
65948[UE 2 | RB 1] Throughput = 1.06568 Mbps
66057[UE 2 | RB 1] Throughput = 0.99335 Mbps
66157[UE 2 | RB 1] Throughput = 1.07813 Mbps
66267[UE 2 | RB 1] Throughput = 1.09021 Mbps
66377[UE 2 | RB 1] Throughput = 1.08976 Mbps
66487[UE 2 | RB 1] Throughput = 1.08924 Mbps
66597[UE 2 | RB 1] Throughput = 1.08991 Mbps
66697[UE 2 | RB 1] Throughput = 0.95670 Mbps
66797[UE 2 | RB 1] Throughput = 1.07635 Mbps
66907[UE 2 | RB 1] Throughput = 1.09377 Mbps
67007[UE 2 | RB 1] Throughput = 1.07856 Mbps
67107[UE 2 | RB 1] Throughput = 1.07624 Mbps
67217[UE 2 | RB 1] Throughput = 1.09139 Mbps
67326[UE 2 | RB 1] Throughput = 1.09248 Mbps
67427[UE 2 | RB 1] Throughput = 1.07504 Mbps
67536[UE 2 | RB 1] Throughput = 0.98357 Mbps
67637[UE 2 | RB 1] Throughput = 1.07378 Mbps
67747[UE 2 | RB 1] Throughput = 1.09196 Mbps
67857[UE 2 | RB 1] Throughput = 1.08895 Mbps
67957[UE 2 | RB 1] Throughput = 1.07744 Mbps
68057[UE 2 | RB 1] Throughput = 1.07748 Mbps
68167[UE 2 | RB 1] Throughput = 1.08932 Mbps
68277[UE 2 | RB 1] Throughput = 0.98151 Mbps
68387[UE 2 | RB 1] Throughput = 1.09050 Mbps
68487[UE 2 | RB 1] Throughput = 1.07508 Mbps
68597[UE 2 | RB 1] Throughput = 1.09129 Mbps
68697[UE 2 | RB 1] Throughput = 1.07636 Mbps
68807[UE 2 | RB 1] Throughput = 1.08894 Mbps
68917[UE 2 | RB 1] Throughput = 0.98221 Mbps
69017[UE 2 | RB 1] Throughput = 1.07843 Mbps
69127[UE 2 | RB 1] Throughput = 1.08938 Mbps
69237[UE 2 | RB 1] Throughput = 1.08748 Mbps
69338[UE 2 | RB 1] Throughput = 1.07022 Mbps
69447[UE 2 | RB 1] Throughput = 1.09985 Mbps
69557[UE 2 | RB 1] Throughput = 0.98154 Mbps
69657[UE 2 | RB 1] Throughput = 1.07529 Mbps
69767[UE 2 | RB 1] Throughput = 1.08953 Mbps
69877[UE 2 | RB 1] Throughput = 1.09057 Mbps
69977[UE 2 | RB 1] Throughput = 1.07609 Mbps
70087[UE 2 | RB 1] Throughput = 1.09243 Mbps
70197[UE 2 | RB 1] Throughput = 1.09055 Mbps
70297[UE 2 | RB 1] Throughput = 0.95675 Mbps
70398[UE 2 | RB 1] Throughput = 1.06687 Mbps
70507[UE 2 | RB 1] Throughput = 1.10299 Mbps
70607[UE 2 | RB 1] Throughput = 1.07855 Mbps
70707[UE 2 | RB 1] Throughput = 1.07602 Mbps
70807[UE 2 | RB 1] Throughput = 1.07776 Mbps
70907[UE 2 | RB 1] Throughput = 1.07677 Mbps
71017[UE 2 | RB 1] Throughput = 1.08801 Mbps
71127[UE 2 | RB 1] Throughput = 0.98361 Mbps
71227[UE 2 | RB 1] Throughput = 1.07541 Mbps
71337[UE 2 | RB 1] Throughput = 1.08795 Mbps
71447[UE 2 | RB 1] Throughput = 1.09365 Mbps
71557[UE 2 | RB 1] Throughput = 1.09031 Mbps
71657[UE 2 | RB 1] Throughput = 1.07542 Mbps
71757[UE 2 | RB 1] Throughput = 1.07620 Mbps
71867[UE 2 | RB 1] Throughput = 0.98729 Mbps
71967[UE 2 | RB 1] Throughput = 1.07744 Mbps
72067[UE 2 | RB 1] Throughput = 1.07357 Mbps
72177[UE 2 | RB 1] Throughput = 1.08996 Mbps
72287[UE 2 | RB 1] Throughput = 1.09046 Mbps
72388[UE 2 | RB 1] Throughput = 1.07309 Mbps
72497[UE 2 | RB 1] Throughput = 1.09066 Mbps
72607[UE 2 | RB 1] Throughput = 0.98455 Mbps
72707[UE 2 | RB 1] Throughput = 1.07793 Mbps
72807[UE 2 | RB 1] Throughput = 1.07656 Mbps
72917[UE 2 | RB 1] Throughput = 1.09076 Mbps
73027[UE 2 | RB 1] Throughput = 1.08915 Mbps
73127[UE 2 | RB 1] Throughput = 1.07533 Mbps
73237[UE 2 | RB 1] Throughput = 1.09016 Mbps
73347[UE 2 | RB 1] Throughput = 0.98026 Mbps
73457[UE 2 | RB 1] Throughput = 1.09374 Mbps
73567[UE 2 | RB 1] Throughput = 1.08870 Mbps
73677[UE 2 | RB 1] Throughput = 1.08768 Mbps
73777[UE 2 | RB 1] Throughput = 1.07671 Mbps
73887[UE 2 | RB 1] Throughput = 1.09087 Mbps
73987[UE 2 | RB 1] Throughput = 0.95768 Mbps
74097[UE 2 | RB 1] Throughput = 1.09267 Mbps
74207[UE 2 | RB 1] Throughput = 1.08770 Mbps
74307[UE 2 | RB 1] Throughput = 1.07828 Mbps
74417[UE 2 | RB 1] Throughput = 1.08911 Mbps
74517[UE 2 | RB 1] Throughput = 1.07671 Mbps
74627[UE 2 | RB 1] Throughput = 1.09028 Mbps
74737[UE 2 | RB 1] Throughput = 0.98322 Mbps
74837[UE 2 | RB 1] Throughput = 1.07615 Mbps
74937[UE 2 | RB 1] Throughput = 1.07838 Mbps
75037[UE 2 | RB 1] Throughput = 1.07724 Mbps
75147[UE 2 | RB 1] Throughput = 1.08952 Mbps
75257[UE 2 | RB 1] Throughput = 1.09389 Mbps
75367[UE 2 | RB 1] Throughput = 1.08842 Mbps
75477[UE 2 | RB 1] Throughput = 0.97898 Mbps
75587[UE 2 | RB 1] Throughput = 1.08942 Mbps
75687[UE 2 | RB 1] Throughput = 1.07777 Mbps
75798[UE 2 | RB 1] Throughput = 1.08618 Mbps
75907[UE 2 | RB 1] Throughput = 1.09354 Mbps
76007[UE 2 | RB 1] Throughput = 1.07798 Mbps
76117[UE 2 | RB 1] Throughput = 0.98324 Mbps
76217[UE 2 | RB 1] Throughput = 1.07513 Mbps
76317[UE 2 | RB 1] Throughput = 1.07740 Mbps
76427[UE 2 | RB 1] Throughput = 1.09304 Mbps
76527[UE 2 | RB 1] Throughput = 1.07335 Mbps
76628[UE 2 | RB 1] Throughput = 1.07833 Mbps
76738[UE 2 | RB 1] Throughput = 1.08859 Mbps
76838[UE 2 | RB 1] Throughput = 1.07803 Mbps
76947[UE 2 | RB 1] Throughput = 0.98563 Mbps
77057[UE 2 | RB 1] Throughput = 1.09019 Mbps
77167[UE 2 | RB 1] Throughput = 1.09027 Mbps
77267[UE 2 | RB 1] Throughput = 1.07597 Mbps
77377[UE 2 | RB 1] Throughput = 1.09121 Mbps
77477[UE 2 | RB 1] Throughput = 1.07647 Mbps
77587[UE 2 | RB 1] Throughput = 0.98218 Mbps
77687[UE 2 | RB 1] Throughput = 1.07578 Mbps
77797[UE 2 | RB 1] Throughput = 1.08741 Mbps
77907[UE 2 | RB 1] Throughput = 1.09349 Mbps
78007[UE 2 | RB 1] Throughput = 1.07756 Mbps
78107[UE 2 | RB 1] Throughput = 1.07762 Mbps
78217[UE 2 | RB 1] Throughput = 1.09024 Mbps
78317[UE 2 | RB 1] Throughput = 1.07847 Mbps
78427[UE 2 | RB 1] Throughput = 0.98019 Mbps
78538[UE 2 | RB 1] Throughput = 1.08572 Mbps
78647[UE 2 | RB 1] Throughput = 1.09204 Mbps
78747[UE 2 | RB 1] Throughput = 1.07724 Mbps
78848[UE 2 | RB 1] Throughput = 1.07781 Mbps
78957[UE 2 | RB 1] Throughput = 1.09159 Mbps
79058[UE 2 | RB 1] Throughput = 1.07515 Mbps
79168[UE 2 | RB 1] Throughput = 0.98105 Mbps
79268[UE 2 | RB 1] Throughput = 1.07661 Mbps
79377[UE 2 | RB 1] Throughput = 1.09307 Mbps
79477[UE 2 | RB 1] Throughput = 1.07759 Mbps
79587[UE 2 | RB 1] Throughput = 1.09121 Mbps
79687[UE 2 | RB 1] Throughput = 1.07654 Mbps
79788[UE 2 | RB 1] Throughput = 1.07701 Mbps
79898[UE 2 | RB 1] Throughput = 0.97930 Mbps
80007[UE 2 | RB 1] Throughput = 1.09291 Mbps
80117[UE 2 | RB 1] Throughput = 1.09139 Mbps
80217[UE 2 | RB 1] Throughput = 1.07799 Mbps
80317[UE 2 | RB 1] Throughput = 1.07789 Mbps
80427[UE 2 | RB 1] Throughput = 1.09121 Mbps
80528[UE 2 | RB 1] Throughput = 1.06963 Mbps
80637[UE 2 | RB 1] Throughput = 0.98492 Mbps
80738[UE 2 | RB 1] Throughput = 1.07686 Mbps
80848[UE 2 | RB 1] Throughput = 1.08651 Mbps
80957[UE 2 | RB 1] Throughput = 1.09551 Mbps
81058[UE 2 | RB 1] Throughput = 1.07438 Mbps
81158[UE 2 | RB 1] Throughput = 1.07627 Mbps
81267[UE 2 | RB 1] Throughput = 1.09525 Mbps
81368[UE 2 | RB 1] Throughput = 0.95625 Mbps
81468[UE 2 | RB 1] Throughput = 1.07814 Mbps
81568[UE 2 | RB 1] Throughput = 1.07842 Mbps
81678[UE 2 | RB 1] Throughput = 1.09075 Mbps
81778[UE 2 | RB 1] Throughput = 1.07685 Mbps
81887[UE 2 | RB 1] Throughput = 1.09468 Mbps
81987[UE 2 | RB 1] Throughput = 1.07737 Mbps
82088[UE 2 | RB 1] Throughput = 1.07602 Mbps
82197[UE 2 | RB 1] Throughput = 1.09108 Mbps
82298[UE 2 | RB 1] Throughput = 0.95295 Mbps
82408[UE 2 | RB 1] Throughput = 1.09066 Mbps
82508[UE 2 | RB 1] Throughput = 1.07851 Mbps
82618[UE 2 | RB 1] Throughput = 1.09161 Mbps
82718[UE 2 | RB 1] Throughput = 1.07798 Mbps
82827[UE 2 | RB 1] Throughput = 1.09127 Mbps
82928[UE 2 | RB 1] Throughput = 1.07620 Mbps
83028[UE 2 | RB 1] Throughput = 1.07456 Mbps
83138[UE 2 | RB 1] Throughput = 0.98521 Mbps
83238[UE 2 | RB 1] Throughput = 1.07661 Mbps
83348[UE 2 | RB 1] Throughput = 1.08952 Mbps
83448[UE 2 | RB 1] Throughput = 1.07736 Mbps
83558[UE 2 | RB 1] Throughput = 1.09141 Mbps
83658[UE 2 | RB 1] Throughput = 1.07664 Mbps
83758[UE 2 | RB 1] Throughput = 1.07838 Mbps
83868[UE 2 | RB 1] Throughput = 0.98175 Mbps
83968[UE 2 | RB 1] Throughput = 1.07746 Mbps
84078[UE 2 | RB 1] Throughput = 1.08658 Mbps
84188[UE 2 | RB 1] Throughput = 1.09228 Mbps
84298[UE 2 | RB 1] Throughput = 1.09010 Mbps
84407[UE 2 | RB 1] Throughput = 1.09320 Mbps
84508[UE 2 | RB 1] Throughput = 1.07568 Mbps
84617[UE 2 | RB 1] Throughput = 0.98174 Mbps
84727[UE 2 | RB 1] Throughput = 1.09082 Mbps
84827[UE 2 | RB 1] Throughput = 1.07768 Mbps
84928[UE 2 | RB 1] Throughput = 1.07783 Mbps
85028[UE 2 | RB 1] Throughput = 1.07799 Mbps
85128[UE 2 | RB 1] Throughput = 1.07501 Mbps
85238[UE 2 | RB 1] Throughput = 1.09088 Mbps
85338[UE 2 | RB 1] Throughput = 1.07708 Mbps
85448[UE 2 | RB 1] Throughput = 0.98227 Mbps
85558[UE 2 | RB 1] Throughput = 1.08934 Mbps
85658[UE 2 | RB 1] Throughput = 1.07294 Mbps
85768[UE 2 | RB 1] Throughput = 1.09123 Mbps
85878[UE 2 | RB 1] Throughput = 1.09155 Mbps
85978[UE 2 | RB 1] Throughput = 1.07476 Mbps
86079[UE 2 | RB 1] Throughput = 1.06764 Mbps
86187[UE 2 | RB 1] Throughput = 0.99672 Mbps
86288[UE 2 | RB 1] Throughput = 1.07277 Mbps
86388[UE 2 | RB 1] Throughput = 1.07617 Mbps
86498[UE 2 | RB 1] Throughput = 1.09311 Mbps
86608[UE 2 | RB 1] Throughput = 1.09047 Mbps
86708[UE 2 | RB 1] Throughput = 1.07466 Mbps
86818[UE 2 | RB 1] Throughput = 1.09127 Mbps
86918[UE 2 | RB 1] Throughput = 0.95688 Mbps
87028[UE 2 | RB 1] Throughput = 1.09067 Mbps
87128[UE 2 | RB 1] Throughput = 1.07605 Mbps
87238[UE 2 | RB 1] Throughput = 1.09124 Mbps
87338[UE 2 | RB 1] Throughput = 1.07632 Mbps
87448[UE 2 | RB 1] Throughput = 1.09362 Mbps
87548[UE 2 | RB 1] Throughput = 1.07740 Mbps
87658[UE 2 | RB 1] Throughput = 0.98170 Mbps
87758[UE 2 | RB 1] Throughput = 1.07568 Mbps
87868[UE 2 | RB 1] Throughput = 1.08652 Mbps
87978[UE 2 | RB 1] Throughput = 1.09486 Mbps
88078[UE 2 | RB 1] Throughput = 1.07764 Mbps
88188[UE 2 | RB 1] Throughput = 1.08473 Mbps
88298[UE 2 | RB 1] Throughput = 0.98350 Mbps
88398[UE 2 | RB 1] Throughput = 1.07809 Mbps
88508[UE 2 | RB 1] Throughput = 1.08996 Mbps
88608[UE 2 | RB 1] Throughput = 1.07810 Mbps
88708[UE 2 | RB 1] Throughput = 1.07829 Mbps
88808[UE 2 | RB 1] Throughput = 1.07687 Mbps
88908[UE 2 | RB 1] Throughput = 1.07853 Mbps
89018[UE 2 | RB 1] Throughput = 1.09284 Mbps
89118[UE 2 | RB 1] Throughput = 1.07793 Mbps
89218[UE 2 | RB 1] Throughput = 1.07837 Mbps
89318[UE 2 | RB 1] Throughput = 0.95699 Mbps
89428[UE 2 | RB 1] Throughput = 1.09182 Mbps
89528[UE 2 | RB 1] Throughput = 1.07775 Mbps
89628[UE 2 | RB 1] Throughput = 1.07733 Mbps
89738[UE 2 | RB 1] Throughput = 1.09086 Mbps
89848[UE 2 | RB 1] Throughput = 1.08941 Mbps
89948[UE 2 | RB 1] Throughput = 1.07592 Mbps
[xApp]: E42 RIC_SUBSCRIPTION_DELETE_REQUEST tx RAN_FUNC_ID 144 RIC_REQ_ID 1 
[xApp]: E42 SUBSCRIPTION DELETE RESPONSE rx
[xApp]: E42 RIC_SUBSCRIPTION_DELETE_REQUEST tx RAN_FUNC_ID 144 RIC_REQ_ID 2 
[xApp]: E42 SUBSCRIPTION DELETE RESPONSE rx
[xApp]: E42 RIC_SUBSCRIPTION_DELETE_REQUEST tx RAN_FUNC_ID 144 RIC_REQ_ID 3 
[xApp]: E42 SUBSCRIPTION DELETE RESPONSE rx
[xApp]: E42 RIC_SUBSCRIPTION_DELETE_REQUEST tx RAN_FUNC_ID 144 RIC_REQ_ID 4 
[xApp]: E42 SUBSCRIPTION DELETE RESPONSE rx
[xApp]: Sucessfully stopped 
Test xApp run SUCCESSFULLY
