[UTIL]: Setting the config -c file to /usr/local/etc/flexric/flexric.conf
[UTIL]: Setting path -p for the shared libraries to /usr/local/lib/flexric/
[xAapp]: Initializing ... 
[xApp]: nearRT-RIC IP Address = 192.168.70.150, PORT = 36422
[E2 AGENT]: Opening plugin from path = /usr/local/lib/flexric/libkpm_sm.so 
[E2 AGENT]: Opening plugin from path = /usr/local/lib/flexric/libmac_sm.so 
[E2 AGENT]: Opening plugin from path = /usr/local/lib/flexric/libpdcp_sm.so 
[E2 AGENT]: Opening plugin from path = /usr/local/lib/flexric/libgtp_sm.so 
[E2 AGENT]: Opening plugin from path = /usr/local/lib/flexric/librc_sm.so 
[E2 AGENT]: Opening plugin from path = /usr/local/lib/flexric/libtc_sm.so 
[E2 AGENT]: Opening plugin from path = /usr/local/lib/flexric/librlc_sm.so 
[E2 AGENT]: Opening plugin from path = /usr/local/lib/flexric/libslice_sm.so 
[NEAR-RIC]: Loading SM ID = 2 with def = ORAN-E2SM-KPM 
[NEAR-RIC]: Loading SM ID = 142 with def = MAC_STATS_V0 
[NEAR-RIC]: Loading SM ID = 144 with def = PDCP_STATS_V0 
[NEAR-RIC]: Loading SM ID = 148 with def = GTP_STATS_V0 
[NEAR-RIC]: Loading SM ID = 3 with def = ORAN-E2SM-RC 
[NEAR-RIC]: Loading SM ID = 146 with def = TC_STATS_V0 
[NEAR-RIC]: Loading SM ID = 143 with def = RLC_STATS_V0 
[NEAR-RIC]: Loading SM ID = 145 with def = SLICE_STATS_V0 
[xApp]: DB filename = /tmp/flexric/xapp_db 
 [xApp]: E42 SETUP-REQUEST tx
[xApp]: E42 SETUP-RESPONSE rx 
[xApp]: xApp ID = 11 
[xApp]: Registered E2 Nodes = 3 
Connected E2 nodes = 3
[xAPP] Registered node 0 ran func id = 2 
 [xAPP] Registered node 0 ran func id = 3 
 [xAPP] Registered node 0 ran func id = 142 
 [xAPP] Registered node 0 ran func id = 143 
 [xAPP] Registered node 0 ran func id = 144 
 [xAPP] Registered node 0 ran func id = 145 
 [xAPP] Registered node 0 ran func id = 146 
 [xAPP] Registered node 0 ran func id = 148 
 [xApp]: E42 RIC SUBSCRIPTION REQUEST tx RAN_FUNC_ID 144 RIC_REQ_ID 1 
[xApp]: SUBSCRIPTION RESPONSE rx
[xApp]: Successfully subscribed to RAN_FUNC_ID 144 
[xAPP] Registered node 1 ran func id = 2 
 [xAPP] Registered node 1 ran func id = 3 
 [xAPP] Registered node 1 ran func id = 142 
 [xAPP] Registered node 1 ran func id = 143 
 [xAPP] Registered node 1 ran func id = 144 
 [xAPP] Registered node 1 ran func id = 145 
 [xAPP] Registered node 1 ran func id = 146 
 [xAPP] Registered node 1 ran func id = 148 
 [xApp]: E42 RIC SUBSCRIPTION REQUEST tx RAN_FUNC_ID 144 RIC_REQ_ID 2 
[xApp]: SUBSCRIPTION RESPONSE rx
[xApp]: Successfully subscribed to RAN_FUNC_ID 144 
[xAPP] Registered node 2 ran func id = 2 
 [xAPP] Registered node 2 ran func id = 3 
 [xAPP] Registered node 2 ran func id = 142 
 [xAPP] Registered node 2 ran func id = 143 
 [xAPP] Registered node 2 ran func id = 144 
 [xAPP] Registered node 2 ran func id = 145 
 [xAPP] Registered node 2 ran func id = 146 
 [xAPP] Registered node 2 ran func id = 148 
 [xApp]: E42 RIC SUBSCRIPTION REQUEST tx RAN_FUNC_ID 144 RIC_REQ_ID 3 
[xApp]: SUBSCRIPTION RESPONSE rx
[xApp]: Successfully subscribed to RAN_FUNC_ID 144 
113[UE 1 | RB 1] Throughput = 0.71780 Mbps
223[UE 1 | RB 1] Throughput = 1.19948 Mbps
323[UE 1 | RB 1] Throughput = 0.71712 Mbps
433[UE 1 | RB 1] Throughput = 0.97846 Mbps
543[UE 1 | RB 1] Throughput = 1.42104 Mbps
653[UE 1 | RB 1] Throughput = 1.20055 Mbps
763[UE 1 | RB 1] Throughput = 1.20024 Mbps
873[UE 1 | RB 1] Throughput = 0.65252 Mbps
973[UE 1 | RB 1] Throughput = 1.43560 Mbps
1083[UE 1 | RB 1] Throughput = 0.76292 Mbps
1183[UE 1 | RB 1] Throughput = 1.19800 Mbps
1283[UE 1 | RB 1] Throughput = 1.19668 Mbps
1393[UE 1 | RB 1] Throughput = 0.97999 Mbps
1503[UE 1 | RB 1] Throughput = 1.09068 Mbps
1613[UE 1 | RB 1] Throughput = 1.20121 Mbps
1713[UE 1 | RB 1] Throughput = 0.71558 Mbps
1823[UE 1 | RB 1] Throughput = 1.19996 Mbps
1933[UE 1 | RB 1] Throughput = 1.30699 Mbps
2043[UE 1 | RB 1] Throughput = 0.65374 Mbps
2153[UE 1 | RB 1] Throughput = 1.31007 Mbps
2263[UE 1 | RB 1] Throughput = 1.20092 Mbps
2363[UE 1 | RB 1] Throughput = 0.59699 Mbps
2463[UE 1 | RB 1] Throughput = 1.43637 Mbps
2573[UE 1 | RB 1] Throughput = 1.09487 Mbps
2673[UE 1 | RB 1] Throughput = 0.35901 Mbps
2773[UE 1 | RB 1] Throughput = 1.67184 Mbps
2883[UE 1 | RB 1] Throughput = 1.08600 Mbps
2993[UE 1 | RB 1] Throughput = 1.20535 Mbps
3093[UE 1 | RB 1] Throughput = 1.19688 Mbps
3203[UE 1 | RB 1] Throughput = 0.65357 Mbps
3303[UE 1 | RB 1] Throughput = 1.43670 Mbps
3403[UE 1 | RB 1] Throughput = 0.59756 Mbps
3503[UE 1 | RB 1] Throughput = 1.43802 Mbps
3613[UE 1 | RB 1] Throughput = 1.20441 Mbps
3713[UE 1 | RB 1] Throughput = 0.71550 Mbps
3823[UE 1 | RB 1] Throughput = 0.98430 Mbps
3924[UE 1 | RB 1] Throughput = 1.18690 Mbps
4033[UE 1 | RB 1] Throughput = 1.09474 Mbps
4133[UE 1 | RB 1] Throughput = 1.31725 Mbps
4243[UE 1 | RB 1] Throughput = 0.76306 Mbps
4344[UE 1 | RB 1] Throughput = 1.31422 Mbps
4453[UE 1 | RB 1] Throughput = 1.20241 Mbps
4553[UE 1 | RB 1] Throughput = 0.83888 Mbps
4663[UE 1 | RB 1] Throughput = 1.30691 Mbps
4763[UE 1 | RB 1] Throughput = 0.71791 Mbps
4873[UE 1 | RB 1] Throughput = 1.31040 Mbps
4973[UE 1 | RB 1] Throughput = 0.83812 Mbps
5083[UE 1 | RB 1] Throughput = 1.20255 Mbps
5183[UE 1 | RB 1] Throughput = 0.71880 Mbps
5283[UE 1 | RB 1] Throughput = 1.43794 Mbps
5383[UE 1 | RB 1] Throughput = 0.71856 Mbps
5483[UE 1 | RB 1] Throughput = 1.43644 Mbps
5593[UE 1 | RB 1] Throughput = 0.65199 Mbps
5703[UE 1 | RB 1] Throughput = 1.19897 Mbps
5813[UE 1 | RB 1] Throughput = 1.30821 Mbps
5923[UE 1 | RB 1] Throughput = 1.30818 Mbps
6033[UE 1 | RB 1] Throughput = 0.65398 Mbps
6133[UE 1 | RB 1] Throughput = 1.43680 Mbps
6243[UE 1 | RB 1] Throughput = 0.65663 Mbps
6353[UE 1 | RB 1] Throughput = 1.30629 Mbps
6453[UE 1 | RB 1] Throughput = 1.19602 Mbps
6553[UE 1 | RB 1] Throughput = 0.95524 Mbps
6663[UE 1 | RB 1] Throughput = 1.20113 Mbps
6763[UE 1 | RB 1] Throughput = 0.95807 Mbps
6873[UE 1 | RB 1] Throughput = 0.98250 Mbps
6974[UE 1 | RB 1] Throughput = 1.19203 Mbps
7074[UE 1 | RB 1] Throughput = 0.71844 Mbps
7183[UE 1 | RB 1] Throughput = 1.20111 Mbps
7283[UE 1 | RB 1] Throughput = 1.31806 Mbps
7393[UE 1 | RB 1] Throughput = 0.76233 Mbps
7503[UE 1 | RB 1] Throughput = 1.19770 Mbps
7613[UE 1 | RB 1] Throughput = 1.31491 Mbps
7713[UE 1 | RB 1] Throughput = 0.71635 Mbps
7825[UE 1 | RB 1] Throughput = 1.28700 Mbps
7933[UE 1 | RB 1] Throughput = 1.10432 Mbps
8044[UE 1 | RB 1] Throughput = 0.97966 Mbps
8153[UE 1 | RB 1] Throughput = 1.09178 Mbps
8263[UE 1 | RB 1] Throughput = 1.08927 Mbps
8364[UE 1 | RB 1] Throughput = 1.07707 Mbps
8474[UE 1 | RB 1] Throughput = 1.08754 Mbps
8574[UE 1 | RB 1] Throughput = 0.71780 Mbps
8684[UE 1 | RB 1] Throughput = 1.20215 Mbps
8784[UE 1 | RB 1] Throughput = 1.31129 Mbps
8894[UE 1 | RB 1] Throughput = 0.87520 Mbps
8994[UE 1 | RB 1] Throughput = 0.71896 Mbps
9104[UE 1 | RB 1] Throughput = 1.41539 Mbps
9204[UE 1 | RB 1] Throughput = 1.19279 Mbps
9314[UE 1 | RB 1] Throughput = 0.76541 Mbps
9424[UE 1 | RB 1] Throughput = 1.30856 Mbps
9533[UE 1 | RB 1] Throughput = 1.20167 Mbps
9633[UE 1 | RB 1] Throughput = 0.83805 Mbps
9734[UE 1 | RB 1] Throughput = 1.07349 Mbps
9844[UE 1 | RB 1] Throughput = 1.30599 Mbps
9953[UE 1 | RB 1] Throughput = 0.65752 Mbps
10053[UE 1 | RB 1] Throughput = 0.71895 Mbps
10163[UE 1 | RB 1] Throughput = 1.09247 Mbps
10263[UE 1 | RB 1] Throughput = 1.07733 Mbps
10363[UE 1 | RB 1] Throughput = 1.79568 Mbps
10473[UE 1 | RB 1] Throughput = 0.65410 Mbps
10573[UE 1 | RB 1] Throughput = 1.43525 Mbps
10683[UE 1 | RB 1] Throughput = 0.54445 Mbps
10784[UE 1 | RB 1] Throughput = 1.67622 Mbps
10894[UE 1 | RB 1] Throughput = 1.08979 Mbps
11004[UE 1 | RB 1] Throughput = 1.08779 Mbps
11113[UE 1 | RB 1] Throughput = 0.98384 Mbps
11213[UE 1 | RB 1] Throughput = 0.95807 Mbps
11314[UE 1 | RB 1] Throughput = 1.31077 Mbps
11424[UE 1 | RB 1] Throughput = 0.65560 Mbps
11534[UE 1 | RB 1] Throughput = 1.30701 Mbps
11644[UE 1 | RB 1] Throughput = 1.19921 Mbps
11744[UE 1 | RB 1] Throughput = 0.95394 Mbps
11853[UE 1 | RB 1] Throughput = 0.87865 Mbps
11954[UE 1 | RB 1] Throughput = 1.19366 Mbps
12063[UE 1 | RB 1] Throughput = 0.87271 Mbps
12164[UE 1 | RB 1] Throughput = 1.43697 Mbps
12264[UE 1 | RB 1] Throughput = 0.71895 Mbps
12374[UE 1 | RB 1] Throughput = 1.19536 Mbps
12484[UE 1 | RB 1] Throughput = 1.08822 Mbps
12593[UE 1 | RB 1] Throughput = 1.20579 Mbps
12703[UE 1 | RB 1] Throughput = 1.08854 Mbps
12804[UE 1 | RB 1] Throughput = 1.07454 Mbps
12914[UE 1 | RB 1] Throughput = 0.87077 Mbps
13024[UE 1 | RB 1] Throughput = 1.30895 Mbps
13134[UE 1 | RB 1] Throughput = 1.08830 Mbps
13244[UE 1 | RB 1] Throughput = 0.54512 Mbps
13354[UE 1 | RB 1] Throughput = 1.19621 Mbps
13464[UE 1 | RB 1] Throughput = 1.09305 Mbps
13564[UE 1 | RB 1] Throughput = 1.43581 Mbps
13674[UE 1 | RB 1] Throughput = 0.65411 Mbps
13784[UE 1 | RB 1] Throughput = 1.41677 Mbps
13894[UE 1 | RB 1] Throughput = 1.19613 Mbps
14003[UE 1 | RB 1] Throughput = 0.76614 Mbps
14104[UE 1 | RB 1] Throughput = 1.19365 Mbps
14204[UE 1 | RB 1] Throughput = 1.19830 Mbps
14314[UE 1 | RB 1] Throughput = 0.76448 Mbps
14414[UE 1 | RB 1] Throughput = 1.19798 Mbps
14514[UE 1 | RB 1] Throughput = 0.95672 Mbps
14624[UE 1 | RB 1] Throughput = 1.08772 Mbps
14734[UE 1 | RB 1] Throughput = 1.20194 Mbps
14834[UE 1 | RB 1] Throughput = 0.71750 Mbps
14934[UE 1 | RB 1] Throughput = 1.43650 Mbps
15034[UE 1 | RB 1] Throughput = 1.19803 Mbps
15144[UE 1 | RB 1] Throughput = 0.87134 Mbps
15254[UE 1 | RB 1] Throughput = 1.31117 Mbps
15354[UE 1 | RB 1] Throughput = 0.71608 Mbps
15464[UE 1 | RB 1] Throughput = 1.19675 Mbps
15565[UE 1 | RB 1] Throughput = 1.30931 Mbps
15674[UE 1 | RB 1] Throughput = 0.77204 Mbps
15774[UE 1 | RB 1] Throughput = 0.83432 Mbps
15884[UE 1 | RB 1] Throughput = 1.20009 Mbps
15994[UE 1 | RB 1] Throughput = 1.31054 Mbps
16094[UE 1 | RB 1] Throughput = 0.71700 Mbps
16204[UE 1 | RB 1] Throughput = 1.31170 Mbps
16314[UE 1 | RB 1] Throughput = 1.08990 Mbps
16424[UE 1 | RB 1] Throughput = 0.98031 Mbps
16524[UE 1 | RB 1] Throughput = 1.31803 Mbps
16624[UE 1 | RB 1] Throughput = 0.83863 Mbps
16724[UE 1 | RB 1] Throughput = 0.71460 Mbps
16834[UE 1 | RB 1] Throughput = 1.63723 Mbps
16944[UE 1 | RB 1] Throughput = 0.65380 Mbps
17044[UE 1 | RB 1] Throughput = 1.31812 Mbps
17144[UE 1 | RB 1] Throughput = 1.19719 Mbps
17244[UE 1 | RB 1] Throughput = 1.07800 Mbps
17354[UE 1 | RB 1] Throughput = 0.65577 Mbps
17454[UE 1 | RB 1] Throughput = 1.43009 Mbps
17564[UE 1 | RB 1] Throughput = 1.20643 Mbps
17664[UE 1 | RB 1] Throughput = 0.95534 Mbps
17764[UE 1 | RB 1] Throughput = 1.19637 Mbps
17874[UE 1 | RB 1] Throughput = 0.98122 Mbps
17984[UE 1 | RB 1] Throughput = 1.09209 Mbps
18084[UE 1 | RB 1] Throughput = 0.71790 Mbps
18184[UE 1 | RB 1] Throughput = 1.19681 Mbps
18294[UE 1 | RB 1] Throughput = 1.09078 Mbps
18404[UE 1 | RB 1] Throughput = 1.20047 Mbps
18504[UE 1 | RB 1] Throughput = 1.07805 Mbps
18614[UE 1 | RB 1] Throughput = 0.87223 Mbps
18714[UE 1 | RB 1] Throughput = 1.31604 Mbps
18814[UE 1 | RB 1] Throughput = 0.71715 Mbps
18924[UE 1 | RB 1] Throughput = 1.09281 Mbps
19024[UE 1 | RB 1] Throughput = 1.31692 Mbps
19124[UE 1 | RB 1] Throughput = 0.71784 Mbps
19224[UE 1 | RB 1] Throughput = 1.31823 Mbps
19334[UE 1 | RB 1] Throughput = 1.20163 Mbps
19444[UE 1 | RB 1] Throughput = 1.09064 Mbps
19544[UE 1 | RB 1] Throughput = 1.07773 Mbps
19644[UE 1 | RB 1] Throughput = 0.95767 Mbps
19744[UE 1 | RB 1] Throughput = 1.07567 Mbps
19854[UE 1 | RB 1] Throughput = 1.09429 Mbps
19954[UE 1 | RB 1] Throughput = 1.07487 Mbps
20054[UE 1 | RB 1] Throughput = 1.19737 Mbps
20154[UE 1 | RB 1] Throughput = 0.71813 Mbps
20264[UE 1 | RB 1] Throughput = 1.30698 Mbps
20374[UE 1 | RB 1] Throughput = 1.20125 Mbps
20474[UE 1 | RB 1] Throughput = 0.95816 Mbps
20584[UE 1 | RB 1] Throughput = 1.08630 Mbps
20694[UE 1 | RB 1] Throughput = 1.08973 Mbps
20804[UE 1 | RB 1] Throughput = 0.98017 Mbps
20914[UE 1 | RB 1] Throughput = 1.20559 Mbps
21014[UE 1 | RB 1] Throughput = 0.71746 Mbps
21114[UE 1 | RB 1] Throughput = 1.31645 Mbps
21224[UE 1 | RB 1] Throughput = 0.97934 Mbps
21325[UE 1 | RB 1] Throughput = 0.95558 Mbps
21434[UE 1 | RB 1] Throughput = 1.20229 Mbps
21544[UE 1 | RB 1] Throughput = 1.20043 Mbps
21654[UE 1 | RB 1] Throughput = 0.65364 Mbps
21764[UE 1 | RB 1] Throughput = 1.20133 Mbps
21864[UE 1 | RB 1] Throughput = 1.19793 Mbps
21964[UE 1 | RB 1] Throughput = 0.71655 Mbps
22074[UE 1 | RB 1] Throughput = 1.19941 Mbps
22174[UE 1 | RB 1] Throughput = 1.19828 Mbps
22274[UE 1 | RB 1] Throughput = 1.07388 Mbps
22384[UE 1 | RB 1] Throughput = 1.20386 Mbps
22484[UE 1 | RB 1] Throughput = 1.07521 Mbps
22594[UE 1 | RB 1] Throughput = 1.09169 Mbps
22704[UE 1 | RB 1] Throughput = 0.65412 Mbps
22814[UE 1 | RB 1] Throughput = 1.41520 Mbps
22924[UE 1 | RB 1] Throughput = 1.08856 Mbps
23024[UE 1 | RB 1] Throughput = 0.71863 Mbps
23124[UE 1 | RB 1] Throughput = 1.31727 Mbps
23234[UE 1 | RB 1] Throughput = 0.87475 Mbps
23334[UE 1 | RB 1] Throughput = 1.19535 Mbps
23434[UE 1 | RB 1] Throughput = 1.31716 Mbps
23544[UE 1 | RB 1] Throughput = 1.08907 Mbps
23644[UE 1 | RB 1] Throughput = 0.71876 Mbps
23754[UE 1 | RB 1] Throughput = 1.30746 Mbps
23864[UE 1 | RB 1] Throughput = 1.09220 Mbps
23964[UE 1 | RB 1] Throughput = 1.19783 Mbps
24074[UE 1 | RB 1] Throughput = 0.87233 Mbps
24174[UE 1 | RB 1] Throughput = 1.19791 Mbps
24274[UE 1 | RB 1] Throughput = 0.71867 Mbps
24375[UE 1 | RB 1] Throughput = 1.31227 Mbps
24475[UE 1 | RB 1] Throughput = 0.71852 Mbps
24584[UE 1 | RB 1] Throughput = 1.31219 Mbps
24684[UE 1 | RB 1] Throughput = 1.19575 Mbps
24794[UE 1 | RB 1] Throughput = 0.87182 Mbps
24904[UE 1 | RB 1] Throughput = 1.30657 Mbps
25015[UE 1 | RB 1] Throughput = 0.65327 Mbps
25124[UE 1 | RB 1] Throughput = 1.41709 Mbps
25234[UE 1 | RB 1] Throughput = 0.98245 Mbps
25344[UE 1 | RB 1] Throughput = 1.08943 Mbps
25444[UE 1 | RB 1] Throughput = 1.19784 Mbps
25554[UE 1 | RB 1] Throughput = 0.76253 Mbps
25654[UE 1 | RB 1] Throughput = 1.31606 Mbps
25764[UE 1 | RB 1] Throughput = 1.20148 Mbps
25874[UE 1 | RB 1] Throughput = 0.65307 Mbps
25975[UE 1 | RB 1] Throughput = 1.43449 Mbps
26084[UE 1 | RB 1] Throughput = 0.65511 Mbps
26184[UE 1 | RB 1] Throughput = 1.43611 Mbps
26294[UE 1 | RB 1] Throughput = 1.30801 Mbps
26394[UE 1 | RB 1] Throughput = 0.59855 Mbps
26495[UE 1 | RB 1] Throughput = 1.19678 Mbps
26605[UE 1 | RB 1] Throughput = 1.19968 Mbps
26705[UE 1 | RB 1] Throughput = 0.83829 Mbps
26805[UE 1 | RB 1] Throughput = 1.19686 Mbps
26914[UE 1 | RB 1] Throughput = 1.09169 Mbps
27015[UE 1 | RB 1] Throughput = 1.07719 Mbps
27115[UE 1 | RB 1] Throughput = 1.31663 Mbps
27224[UE 1 | RB 1] Throughput = 0.65734 Mbps
27324[UE 1 | RB 1] Throughput = 1.31360 Mbps
27425[UE 1 | RB 1] Throughput = 1.31564 Mbps
27534[UE 1 | RB 1] Throughput = 0.65510 Mbps
27644[UE 1 | RB 1] Throughput = 1.09018 Mbps
27744[UE 1 | RB 1] Throughput = 1.43705 Mbps
27854[UE 1 | RB 1] Throughput = 0.65475 Mbps
27954[UE 1 | RB 1] Throughput = 1.31529 Mbps
28055[UE 1 | RB 1] Throughput = 0.71735 Mbps
28165[UE 1 | RB 1] Throughput = 1.19951 Mbps
28275[UE 1 | RB 1] Throughput = 1.41656 Mbps
28384[UE 1 | RB 1] Throughput = 0.98213 Mbps
28484[UE 1 | RB 1] Throughput = 0.71874 Mbps
28594[UE 1 | RB 1] Throughput = 1.30687 Mbps
28704[UE 1 | RB 1] Throughput = 1.09187 Mbps
28804[UE 1 | RB 1] Throughput = 0.95771 Mbps
28905[UE 1 | RB 1] Throughput = 1.19122 Mbps
29014[UE 1 | RB 1] Throughput = 1.20482 Mbps
29115[UE 1 | RB 1] Throughput = 0.59764 Mbps
29224[UE 1 | RB 1] Throughput = 1.31263 Mbps
29324[UE 1 | RB 1] Throughput = 1.31740 Mbps
29434[UE 1 | RB 1] Throughput = 1.09110 Mbps
29544[UE 1 | RB 1] Throughput = 0.76227 Mbps
29654[UE 1 | RB 1] Throughput = 1.08877 Mbps
29764[UE 1 | RB 1] Throughput = 1.09024 Mbps
29864[UE 1 | RB 1] Throughput = 1.31596 Mbps
29965[UE 1 | RB 1] Throughput = 0.59771 Mbps
30075[UE 1 | RB 1] Throughput = 1.30619 Mbps
30184[UE 1 | RB 1] Throughput = 1.20159 Mbps
30287[UE 1 | RB 1] Throughput = 1.16780 Mbps
30394[UE 1 | RB 1] Throughput = 0.66958 Mbps
30504[UE 1 | RB 1] Throughput = 1.09017 Mbps
30614[UE 1 | RB 1] Throughput = 1.08908 Mbps
30715[UE 1 | RB 1] Throughput = 1.19177 Mbps
30815[UE 1 | RB 1] Throughput = 0.95752 Mbps
30925[UE 1 | RB 1] Throughput = 1.30920 Mbps
31035[UE 1 | RB 1] Throughput = 0.87388 Mbps
31144[UE 1 | RB 1] Throughput = 1.09101 Mbps
31245[UE 1 | RB 1] Throughput = 1.07692 Mbps
31355[UE 1 | RB 1] Throughput = 0.87095 Mbps
31464[UE 1 | RB 1] Throughput = 1.20216 Mbps
31564[UE 1 | RB 1] Throughput = 0.59854 Mbps
31665[UE 1 | RB 1] Throughput = 1.79373 Mbps
31765[UE 1 | RB 1] Throughput = 0.95457 Mbps
31875[UE 1 | RB 1] Throughput = 1.09474 Mbps
31975[UE 1 | RB 1] Throughput = 0.83810 Mbps
32075[UE 1 | RB 1] Throughput = 1.19821 Mbps
32185[UE 1 | RB 1] Throughput = 1.19841 Mbps
32285[UE 1 | RB 1] Throughput = 0.71688 Mbps
32395[UE 1 | RB 1] Throughput = 1.30851 Mbps
32504[UE 1 | RB 1] Throughput = 0.65614 Mbps
32605[UE 1 | RB 1] Throughput = 1.43335 Mbps
32715[UE 1 | RB 1] Throughput = 1.30716 Mbps
32824[UE 1 | RB 1] Throughput = 0.65529 Mbps
32925[UE 1 | RB 1] Throughput = 1.55492 Mbps
33025[UE 1 | RB 1] Throughput = 0.71747 Mbps
33135[UE 1 | RB 1] Throughput = 1.31048 Mbps
33235[UE 1 | RB 1] Throughput = 0.59719 Mbps
33345[UE 1 | RB 1] Throughput = 1.30863 Mbps
33455[UE 1 | RB 1] Throughput = 1.31069 Mbps
33555[UE 1 | RB 1] Throughput = 0.71665 Mbps
33665[UE 1 | RB 1] Throughput = 1.08941 Mbps
33774[UE 1 | RB 1] Throughput = 1.31360 Mbps
33875[UE 1 | RB 1] Throughput = 0.71736 Mbps
33985[UE 1 | RB 1] Throughput = 1.30155 Mbps
34095[UE 1 | RB 1] Throughput = 1.20073 Mbps
34205[UE 1 | RB 1] Throughput = 0.98069 Mbps
34305[UE 1 | RB 1] Throughput = 0.95805 Mbps
34405[UE 1 | RB 1] Throughput = 0.95828 Mbps
34515[UE 1 | RB 1] Throughput = 1.20272 Mbps
34615[UE 1 | RB 1] Throughput = 0.95600 Mbps
34725[UE 1 | RB 1] Throughput = 1.09194 Mbps
34825[UE 1 | RB 1] Throughput = 1.31556 Mbps
34935[UE 1 | RB 1] Throughput = 1.08815 Mbps
35045[UE 1 | RB 1] Throughput = 0.65505 Mbps
35155[UE 1 | RB 1] Throughput = 1.19775 Mbps
35255[UE 1 | RB 1] Throughput = 1.31314 Mbps
35365[UE 1 | RB 1] Throughput = 1.09268 Mbps
35465[UE 1 | RB 1] Throughput = 0.83565 Mbps
35575[UE 1 | RB 1] Throughput = 1.09412 Mbps
35675[UE 1 | RB 1] Throughput = 1.19606 Mbps
35775[UE 1 | RB 1] Throughput = 1.07713 Mbps
35885[UE 1 | RB 1] Throughput = 0.98277 Mbps
35995[UE 1 | RB 1] Throughput = 1.09067 Mbps
36095[UE 1 | RB 1] Throughput = 1.31612 Mbps
36195[UE 1 | RB 1] Throughput = 0.71703 Mbps
36305[UE 1 | RB 1] Throughput = 1.20252 Mbps
36405[UE 1 | RB 1] Throughput = 0.95278 Mbps
36515[UE 1 | RB 1] Throughput = 1.09376 Mbps
36625[UE 1 | RB 1] Throughput = 1.09122 Mbps
36725[UE 1 | RB 1] Throughput = 1.07552 Mbps
36835[UE 1 | RB 1] Throughput = 1.20204 Mbps
36935[UE 1 | RB 1] Throughput = 0.71491 Mbps
37045[UE 1 | RB 1] Throughput = 1.20318 Mbps
37145[UE 1 | RB 1] Throughput = 1.31405 Mbps
37255[UE 1 | RB 1] Throughput = 0.76473 Mbps
37355[UE 1 | RB 1] Throughput = 1.31462 Mbps
37465[UE 1 | RB 1] Throughput = 1.19754 Mbps
37575[UE 1 | RB 1] Throughput = 0.87733 Mbps
37675[UE 1 | RB 1] Throughput = 0.95800 Mbps
37775[UE 1 | RB 1] Throughput = 1.07223 Mbps
37875[UE 1 | RB 1] Throughput = 1.31704 Mbps
37985[UE 1 | RB 1] Throughput = 0.65573 Mbps
38095[UE 1 | RB 1] Throughput = 1.52692 Mbps
38195[UE 1 | RB 1] Throughput = 0.71794 Mbps
38295[UE 1 | RB 1] Throughput = 1.31462 Mbps
38405[UE 1 | RB 1] Throughput = 1.20079 Mbps
38505[UE 1 | RB 1] Throughput = 0.83674 Mbps
38615[UE 1 | RB 1] Throughput = 0.98313 Mbps
38715[UE 1 | RB 1] Throughput = 1.07684 Mbps
38825[UE 1 | RB 1] Throughput = 1.09017 Mbps
38925[UE 1 | RB 1] Throughput = 1.19749 Mbps
39035[UE 1 | RB 1] Throughput = 0.87058 Mbps
39135[UE 1 | RB 1] Throughput = 1.19806 Mbps
39245[UE 1 | RB 1] Throughput = 0.87323 Mbps
39355[UE 1 | RB 1] Throughput = 1.30994 Mbps
39455[UE 1 | RB 1] Throughput = 1.19646 Mbps
39555[UE 1 | RB 1] Throughput = 0.71751 Mbps
39665[UE 1 | RB 1] Throughput = 1.31202 Mbps
39765[UE 1 | RB 1] Throughput = 0.83828 Mbps
39865[UE 1 | RB 1] Throughput = 1.19749 Mbps
39965[UE 1 | RB 1] Throughput = 1.07660 Mbps
40075[UE 1 | RB 1] Throughput = 1.08875 Mbps
40185[UE 1 | RB 1] Throughput = 1.09375 Mbps
40285[UE 1 | RB 1] Throughput = 0.95765 Mbps
40385[UE 1 | RB 1] Throughput = 1.19401 Mbps
40495[UE 1 | RB 1] Throughput = 1.20109 Mbps
40605[UE 1 | RB 1] Throughput = 0.76347 Mbps
40705[UE 1 | RB 1] Throughput = 1.19468 Mbps
40815[UE 1 | RB 1] Throughput = 1.19867 Mbps
40925[UE 1 | RB 1] Throughput = 0.65674 Mbps
41025[UE 1 | RB 1] Throughput = 1.43034 Mbps
41135[UE 1 | RB 1] Throughput = 0.54603 Mbps
41235[UE 1 | RB 1] Throughput = 1.55545 Mbps
41345[UE 1 | RB 1] Throughput = 0.76369 Mbps
41445[UE 1 | RB 1] Throughput = 1.31531 Mbps
41545[UE 1 | RB 1] Throughput = 1.07711 Mbps
41655[UE 1 | RB 1] Throughput = 1.20243 Mbps
41755[UE 1 | RB 1] Throughput = 1.19618 Mbps
41855[UE 1 | RB 1] Throughput = 0.71878 Mbps
41965[UE 1 | RB 1] Throughput = 1.30774 Mbps
42065[UE 1 | RB 1] Throughput = 0.71892 Mbps
42165[UE 1 | RB 1] Throughput = 1.31687 Mbps
42275[UE 1 | RB 1] Throughput = 1.08939 Mbps
42375[UE 1 | RB 1] Throughput = 1.07805 Mbps
42485[UE 1 | RB 1] Throughput = 1.09039 Mbps
42585[UE 1 | RB 1] Throughput = 0.95778 Mbps
42686[UE 1 | RB 1] Throughput = 0.95657 Mbps
42795[UE 1 | RB 1] Throughput = 1.31189 Mbps
42905[UE 1 | RB 1] Throughput = 0.65307 Mbps
43015[UE 1 | RB 1] Throughput = 1.30851 Mbps
43125[UE 1 | RB 1] Throughput = 1.19812 Mbps
43235[UE 1 | RB 1] Throughput = 0.98246 Mbps
43335[UE 1 | RB 1] Throughput = 1.07798 Mbps
43435[UE 1 | RB 1] Throughput = 1.19798 Mbps
43535[UE 1 | RB 1] Throughput = 0.95805 Mbps
43645[UE 1 | RB 1] Throughput = 1.19805 Mbps
43746[UE 1 | RB 1] Throughput = 0.83622 Mbps
43855[UE 1 | RB 1] Throughput = 1.31098 Mbps
43955[UE 1 | RB 1] Throughput = 0.59893 Mbps
44055[UE 1 | RB 1] Throughput = 1.31663 Mbps
44156[UE 1 | RB 1] Throughput = 1.07732 Mbps
44265[UE 1 | RB 1] Throughput = 1.30773 Mbps
44375[UE 1 | RB 1] Throughput = 0.65415 Mbps
44476[UE 1 | RB 1] Throughput = 1.31582 Mbps
44586[UE 1 | RB 1] Throughput = 1.30730 Mbps
44686[UE 1 | RB 1] Throughput = 0.71790 Mbps
44795[UE 1 | RB 1] Throughput = 1.31130 Mbps
44905[UE 1 | RB 1] Throughput = 0.65535 Mbps
45005[UE 1 | RB 1] Throughput = 1.43735 Mbps
45106[UE 1 | RB 1] Throughput = 0.71669 Mbps
45215[UE 1 | RB 1] Throughput = 1.31049 Mbps
45316[UE 1 | RB 1] Throughput = 0.71648 Mbps
45416[UE 1 | RB 1] Throughput = 1.43683 Mbps
45516[UE 1 | RB 1] Throughput = 0.71867 Mbps
45625[UE 1 | RB 1] Throughput = 1.31592 Mbps
45725[UE 1 | RB 1] Throughput = 1.07769 Mbps
45825[UE 1 | RB 1] Throughput = 1.07646 Mbps
45925[UE 1 | RB 1] Throughput = 1.07789 Mbps
46035[UE 1 | RB 1] Throughput = 1.19865 Mbps
46135[UE 1 | RB 1] Throughput = 0.83886 Mbps
46245[UE 1 | RB 1] Throughput = 0.87160 Mbps
46356[UE 1 | RB 1] Throughput = 1.19541 Mbps
46465[UE 1 | RB 1] Throughput = 1.31054 Mbps
46575[UE 1 | RB 1] Throughput = 0.65492 Mbps
46675[UE 1 | RB 1] Throughput = 1.43649 Mbps
46785[UE 1 | RB 1] Throughput = 1.19884 Mbps
46885[UE 1 | RB 1] Throughput = 0.71819 Mbps
46986[UE 1 | RB 1] Throughput = 1.31451 Mbps
47096[UE 1 | RB 1] Throughput = 0.65424 Mbps
47205[UE 1 | RB 1] Throughput = 1.52593 Mbps
47306[UE 1 | RB 1] Throughput = 0.71793 Mbps
47415[UE 1 | RB 1] Throughput = 1.20050 Mbps
47516[UE 1 | RB 1] Throughput = 1.43646 Mbps
47625[UE 1 | RB 1] Throughput = 0.65534 Mbps
47725[UE 1 | RB 1] Throughput = 1.43610 Mbps
47825[UE 1 | RB 1] Throughput = 0.71878 Mbps
47926[UE 1 | RB 1] Throughput = 1.31673 Mbps
48036[UE 1 | RB 1] Throughput = 1.30612 Mbps
48146[UE 1 | RB 1] Throughput = 0.87193 Mbps
48246[UE 1 | RB 1] Throughput = 0.95669 Mbps
48346[UE 1 | RB 1] Throughput = 1.19692 Mbps
48455[UE 1 | RB 1] Throughput = 1.09495 Mbps
48556[UE 1 | RB 1] Throughput = 0.83777 Mbps
48665[UE 1 | RB 1] Throughput = 0.98208 Mbps
48765[UE 1 | RB 1] Throughput = 1.31737 Mbps
48866[UE 1 | RB 1] Throughput = 1.07553 Mbps
48975[UE 1 | RB 1] Throughput = 0.87381 Mbps
49076[UE 1 | RB 1] Throughput = 1.43372 Mbps
49186[UE 1 | RB 1] Throughput = 0.65346 Mbps
49286[UE 1 | RB 1] Throughput = 0.71864 Mbps
49396[UE 1 | RB 1] Throughput = 1.52920 Mbps
49506[UE 1 | RB 1] Throughput = 1.08634 Mbps
49616[UE 1 | RB 1] Throughput = 1.20179 Mbps
49716[UE 1 | RB 1] Throughput = 1.07828 Mbps
49816[UE 1 | RB 1] Throughput = 0.95854 Mbps
49926[UE 1 | RB 1] Throughput = 1.19819 Mbps
50026[UE 1 | RB 1] Throughput = 0.71877 Mbps
50135[UE 1 | RB 1] Throughput = 1.09568 Mbps
50235[UE 1 | RB 1] Throughput = 1.19504 Mbps
50336[UE 1 | RB 1] Throughput = 1.07226 Mbps
50436[UE 1 | RB 1] Throughput = 1.31181 Mbps
50545[UE 1 | RB 1] Throughput = 0.65904 Mbps
50646[UE 1 | RB 1] Throughput = 1.19670 Mbps
50755[UE 1 | RB 1] Throughput = 1.31057 Mbps
50856[UE 1 | RB 1] Throughput = 0.71716 Mbps
50966[UE 1 | RB 1] Throughput = 1.52051 Mbps
51076[UE 1 | RB 1] Throughput = 0.54697 Mbps
51185[UE 1 | RB 1] Throughput = 1.19875 Mbps
51286[UE 1 | RB 1] Throughput = 1.31163 Mbps
51396[UE 1 | RB 1] Throughput = 0.87386 Mbps
51506[UE 1 | RB 1] Throughput = 1.30631 Mbps
51615[UE 1 | RB 1] Throughput = 0.65542 Mbps
51716[UE 1 | RB 1] Throughput = 1.43026 Mbps
51826[UE 1 | RB 1] Throughput = 1.20403 Mbps
51926[UE 1 | RB 1] Throughput = 0.71610 Mbps
52036[UE 1 | RB 1] Throughput = 1.20230 Mbps
52136[UE 1 | RB 1] Throughput = 1.19553 Mbps
52246[UE 1 | RB 1] Throughput = 0.76043 Mbps
52356[UE 1 | RB 1] Throughput = 1.09375 Mbps
52466[UE 1 | RB 1] Throughput = 1.30549 Mbps
52575[UE 1 | RB 1] Throughput = 1.09498 Mbps
52675[UE 1 | RB 1] Throughput = 0.59806 Mbps
52776[UE 1 | RB 1] Throughput = 1.43346 Mbps
52886[UE 1 | RB 1] Throughput = 1.30610 Mbps
52986[UE 1 | RB 1] Throughput = 0.71721 Mbps
53096[UE 1 | RB 1] Throughput = 1.31383 Mbps
53206[UE 1 | RB 1] Throughput = 1.08954 Mbps
53306[UE 1 | RB 1] Throughput = 0.71779 Mbps
53416[UE 1 | RB 1] Throughput = 1.19734 Mbps
53526[UE 1 | RB 1] Throughput = 1.19868 Mbps
53626[UE 1 | RB 1] Throughput = 0.83876 Mbps
53736[UE 1 | RB 1] Throughput = 1.30836 Mbps
53836[UE 1 | RB 1] Throughput = 0.71862 Mbps
53946[UE 1 | RB 1] Throughput = 1.30814 Mbps
54046[UE 1 | RB 1] Throughput = 1.19389 Mbps
54156[UE 1 | RB 1] Throughput = 0.76325 Mbps
54266[UE 1 | RB 1] Throughput = 1.20000 Mbps
54366[UE 1 | RB 1] Throughput = 1.31611 Mbps
54466[UE 1 | RB 1] Throughput = 0.59908 Mbps
54576[UE 1 | RB 1] Throughput = 1.30924 Mbps
54686[UE 1 | RB 1] Throughput = 0.98052 Mbps
54786[UE 1 | RB 1] Throughput = 0.95692 Mbps
54896[UE 1 | RB 1] Throughput = 1.31019 Mbps
55006[UE 1 | RB 1] Throughput = 1.09251 Mbps
55106[UE 1 | RB 1] Throughput = 0.71569 Mbps
55216[UE 1 | RB 1] Throughput = 1.30758 Mbps
55326[UE 1 | RB 1] Throughput = 0.65448 Mbps
55426[UE 1 | RB 1] Throughput = 1.67301 Mbps
55536[UE 1 | RB 1] Throughput = 0.65464 Mbps
55646[UE 1 | RB 1] Throughput = 1.30281 Mbps
55756[UE 1 | RB 1] Throughput = 1.31360 Mbps
55866[UE 1 | RB 1] Throughput = 0.65331 Mbps
55966[UE 1 | RB 1] Throughput = 1.31324 Mbps
56076[UE 1 | RB 1] Throughput = 1.20250 Mbps
56186[UE 1 | RB 1] Throughput = 0.65297 Mbps
56286[UE 1 | RB 1] Throughput = 1.43627 Mbps
56396[UE 1 | RB 1] Throughput = 1.20320 Mbps
56496[UE 1 | RB 1] Throughput = 0.83550 Mbps
56606[UE 1 | RB 1] Throughput = 0.98224 Mbps
56706[UE 1 | RB 1] Throughput = 1.07756 Mbps
56806[UE 1 | RB 1] Throughput = 1.07588 Mbps
56916[UE 1 | RB 1] Throughput = 1.09294 Mbps
57016[UE 1 | RB 1] Throughput = 1.19743 Mbps
57126[UE 1 | RB 1] Throughput = 0.65447 Mbps
57226[UE 1 | RB 1] Throughput = 1.31577 Mbps
57326[UE 1 | RB 1] Throughput = 1.31567 Mbps
57436[UE 1 | RB 1] Throughput = 1.08993 Mbps
57546[UE 1 | RB 1] Throughput = 1.08835 Mbps
57656[UE 1 | RB 1] Throughput = 0.65373 Mbps
57766[UE 1 | RB 1] Throughput = 1.41770 Mbps
57866[UE 1 | RB 1] Throughput = 0.95770 Mbps
57976[UE 1 | RB 1] Throughput = 1.20019 Mbps
58076[UE 1 | RB 1] Throughput = 0.71742 Mbps
58186[UE 1 | RB 1] Throughput = 1.30967 Mbps
58286[UE 1 | RB 1] Throughput = 0.71801 Mbps
58396[UE 1 | RB 1] Throughput = 1.20258 Mbps
58496[UE 1 | RB 1] Throughput = 1.43324 Mbps
58597[UE 1 | RB 1] Throughput = 0.71688 Mbps
58706[UE 1 | RB 1] Throughput = 1.20356 Mbps
58807[UE 1 | RB 1] Throughput = 0.95499 Mbps
58916[UE 1 | RB 1] Throughput = 1.20293 Mbps
59016[UE 1 | RB 1] Throughput = 1.19743 Mbps
59116[UE 1 | RB 1] Throughput = 0.83877 Mbps
59226[UE 1 | RB 1] Throughput = 0.43621 Mbps
59326[UE 1 | RB 1] Throughput = 1.55587 Mbps
59437[UE 1 | RB 1] Throughput = 1.30283 Mbps
59546[UE 1 | RB 1] Throughput = 1.20647 Mbps
59646[UE 1 | RB 1] Throughput = 0.71707 Mbps
59746[UE 1 | RB 1] Throughput = 1.31637 Mbps
59856[UE 1 | RB 1] Throughput = 0.97976 Mbps
59966[UE 1 | RB 1] Throughput = 1.09013 Mbps
60076[UE 1 | RB 1] Throughput = 1.19865 Mbps
60186[UE 1 | RB 1] Throughput = 0.98020 Mbps
60286[UE 1 | RB 1] Throughput = 1.07771 Mbps
60396[UE 1 | RB 1] Throughput = 0.76325 Mbps
60506[UE 1 | RB 1] Throughput = 1.52543 Mbps
60616[UE 1 | RB 1] Throughput = 1.08978 Mbps
60726[UE 1 | RB 1] Throughput = 0.65596 Mbps
60826[UE 1 | RB 1] Throughput = 1.31523 Mbps
60926[UE 1 | RB 1] Throughput = 1.31787 Mbps
61026[UE 1 | RB 1] Throughput = 0.83804 Mbps
61126[UE 1 | RB 1] Throughput = 0.71870 Mbps
61236[UE 1 | RB 1] Throughput = 1.41755 Mbps
61346[UE 1 | RB 1] Throughput = 0.97822 Mbps
61456[UE 1 | RB 1] Throughput = 0.98565 Mbps
61556[UE 1 | RB 1] Throughput = 1.19340 Mbps
61666[UE 1 | RB 1] Throughput = 1.08953 Mbps
61776[UE 1 | RB 1] Throughput = 1.20030 Mbps
61886[UE 1 | RB 1] Throughput = 1.19794 Mbps
61996[UE 1 | RB 1] Throughput = 0.65386 Mbps
62096[UE 1 | RB 1] Throughput = 1.31633 Mbps
62196[UE 1 | RB 1] Throughput = 0.83762 Mbps
62306[UE 1 | RB 1] Throughput = 1.19929 Mbps
62416[UE 1 | RB 1] Throughput = 1.20132 Mbps
62516[UE 1 | RB 1] Throughput = 0.71800 Mbps
62626[UE 1 | RB 1] Throughput = 1.41543 Mbps
62736[UE 1 | RB 1] Throughput = 0.65527 Mbps
62836[UE 1 | RB 1] Throughput = 1.31619 Mbps
62946[UE 1 | RB 1] Throughput = 0.98197 Mbps
63046[UE 1 | RB 1] Throughput = 1.07609 Mbps
63146[UE 1 | RB 1] Throughput = 1.19609 Mbps
63256[UE 1 | RB 1] Throughput = 1.08944 Mbps
63367[UE 1 | RB 1] Throughput = 1.08823 Mbps
63476[UE 1 | RB 1] Throughput = 1.20181 Mbps
63586[UE 1 | RB 1] Throughput = 0.54384 Mbps
63696[UE 1 | RB 1] Throughput = 1.41793 Mbps
63806[UE 1 | RB 1] Throughput = 1.20155 Mbps
63906[UE 1 | RB 1] Throughput = 0.59767 Mbps
64006[UE 1 | RB 1] Throughput = 1.31549 Mbps
64116[UE 1 | RB 1] Throughput = 1.20153 Mbps
64216[UE 1 | RB 1] Throughput = 0.71768 Mbps
64326[UE 1 | RB 1] Throughput = 1.08824 Mbps
64436[UE 1 | RB 1] Throughput = 1.30823 Mbps
64536[UE 1 | RB 1] Throughput = 1.19791 Mbps
64646[UE 1 | RB 1] Throughput = 1.09198 Mbps
64747[UE 1 | RB 1] Throughput = 0.83600 Mbps
64856[UE 1 | RB 1] Throughput = 0.76352 Mbps
64956[UE 1 | RB 1] Throughput = 1.31794 Mbps
65067[UE 1 | RB 1] Throughput = 1.19677 Mbps
65176[UE 1 | RB 1] Throughput = 1.09103 Mbps
65277[UE 1 | RB 1] Throughput = 0.71844 Mbps
65386[UE 1 | RB 1] Throughput = 1.20303 Mbps
65487[UE 1 | RB 1] Throughput = 1.31252 Mbps
65596[UE 1 | RB 1] Throughput = 1.20055 Mbps
65696[UE 1 | RB 1] Throughput = 0.83757 Mbps
65796[UE 1 | RB 1] Throughput = 0.71900 Mbps
65897[UE 1 | RB 1] Throughput = 1.31766 Mbps
65997[UE 1 | RB 1] Throughput = 1.31460 Mbps
66106[UE 1 | RB 1] Throughput = 0.76568 Mbps
66207[UE 1 | RB 1] Throughput = 1.31504 Mbps
66307[UE 1 | RB 1] Throughput = 0.71775 Mbps
66407[UE 1 | RB 1] Throughput = 1.31784 Mbps
66517[UE 1 | RB 1] Throughput = 1.20167 Mbps
66627[UE 1 | RB 1] Throughput = 0.76124 Mbps
66736[UE 1 | RB 1] Throughput = 1.09465 Mbps
66837[UE 1 | RB 1] Throughput = 1.43192 Mbps
66947[UE 1 | RB 1] Throughput = 0.76278 Mbps
67047[UE 1 | RB 1] Throughput = 1.19802 Mbps
67147[UE 1 | RB 1] Throughput = 1.19720 Mbps
67257[UE 1 | RB 1] Throughput = 0.98189 Mbps
67357[UE 1 | RB 1] Throughput = 1.19783 Mbps
67466[UE 1 | RB 1] Throughput = 0.98253 Mbps
67577[UE 1 | RB 1] Throughput = 1.30444 Mbps
67687[UE 1 | RB 1] Throughput = 0.76200 Mbps
67797[UE 1 | RB 1] Throughput = 1.09100 Mbps
67897[UE 1 | RB 1] Throughput = 1.07790 Mbps
68007[UE 1 | RB 1] Throughput = 0.97782 Mbps
68116[UE 1 | RB 1] Throughput = 1.31346 Mbps
68217[UE 1 | RB 1] Throughput = 0.71610 Mbps
68326[UE 1 | RB 1] Throughput = 1.20227 Mbps
68427[UE 1 | RB 1] Throughput = 1.19472 Mbps
68527[UE 1 | RB 1] Throughput = 1.19721 Mbps
68627[UE 1 | RB 1] Throughput = 1.07610 Mbps
68737[UE 1 | RB 1] Throughput = 0.76430 Mbps
68847[UE 1 | RB 1] Throughput = 1.08611 Mbps
68957[UE 1 | RB 1] Throughput = 1.20521 Mbps
69066[UE 1 | RB 1] Throughput = 1.09260 Mbps
69167[UE 1 | RB 1] Throughput = 1.31069 Mbps
69267[UE 1 | RB 1] Throughput = 0.71588 Mbps
69376[UE 1 | RB 1] Throughput = 1.31870 Mbps
69477[UE 1 | RB 1] Throughput = 0.83595 Mbps
69587[UE 1 | RB 1] Throughput = 1.08889 Mbps
69687[UE 1 | RB 1] Throughput = 0.83837 Mbps
69797[UE 1 | RB 1] Throughput = 1.08944 Mbps
69897[UE 1 | RB 1] Throughput = 1.19803 Mbps
70006[UE 1 | RB 1] Throughput = 0.98839 Mbps
70107[UE 1 | RB 1] Throughput = 1.18889 Mbps
70217[UE 1 | RB 1] Throughput = 0.98061 Mbps
70327[UE 1 | RB 1] Throughput = 0.76406 Mbps
70427[UE 1 | RB 1] Throughput = 1.66984 Mbps
70537[UE 1 | RB 1] Throughput = 0.98220 Mbps
70637[UE 1 | RB 1] Throughput = 0.83865 Mbps
70737[UE 1 | RB 1] Throughput = 1.31821 Mbps
70837[UE 1 | RB 1] Throughput = 1.19340 Mbps
70947[UE 1 | RB 1] Throughput = 0.87373 Mbps
71057[UE 1 | RB 1] Throughput = 1.09135 Mbps
71167[UE 1 | RB 1] Throughput = 1.09221 Mbps
71267[UE 1 | RB 1] Throughput = 0.83716 Mbps
71376[UE 1 | RB 1] Throughput = 1.42014 Mbps
71477[UE 1 | RB 1] Throughput = 0.95391 Mbps
71587[UE 1 | RB 1] Throughput = 1.09267 Mbps
71697[UE 1 | RB 1] Throughput = 0.76310 Mbps
71797[UE 1 | RB 1] Throughput = 1.19491 Mbps
71897[UE 1 | RB 1] Throughput = 1.31501 Mbps
72007[UE 1 | RB 1] Throughput = 0.87353 Mbps
72107[UE 1 | RB 1] Throughput = 1.31752 Mbps
72217[UE 1 | RB 1] Throughput = 1.09030 Mbps
72317[UE 1 | RB 1] Throughput = 0.83864 Mbps
72417[UE 1 | RB 1] Throughput = 1.19835 Mbps
72527[UE 1 | RB 1] Throughput = 1.19791 Mbps
72637[UE 1 | RB 1] Throughput = 0.98218 Mbps
72737[UE 1 | RB 1] Throughput = 1.07726 Mbps
72837[UE 1 | RB 1] Throughput = 1.19656 Mbps
72947[UE 1 | RB 1] Throughput = 0.87320 Mbps
73047[UE 1 | RB 1] Throughput = 0.71633 Mbps
73157[UE 1 | RB 1] Throughput = 1.41935 Mbps
73257[UE 1 | RB 1] Throughput = 1.19840 Mbps
73357[UE 1 | RB 1] Throughput = 0.95592 Mbps
73467[UE 1 | RB 1] Throughput = 0.98182 Mbps
73577[UE 1 | RB 1] Throughput = 0.97928 Mbps
73687[UE 1 | RB 1] Throughput = 1.20163 Mbps
73787[UE 1 | RB 1] Throughput = 0.95548 Mbps
73887[UE 1 | RB 1] Throughput = 0.71730 Mbps
73997[UE 1 | RB 1] Throughput = 1.20246 Mbps
74107[UE 1 | RB 1] Throughput = 1.30887 Mbps
74217[UE 1 | RB 1] Throughput = 1.20005 Mbps
74317[UE 1 | RB 1] Throughput = 1.07777 Mbps
74427[UE 1 | RB 1] Throughput = 0.76368 Mbps
74527[UE 1 | RB 1] Throughput = 1.19766 Mbps
74627[UE 1 | RB 1] Throughput = 1.07510 Mbps
74737[UE 1 | RB 1] Throughput = 1.20020 Mbps
74837[UE 1 | RB 1] Throughput = 0.71806 Mbps
74937[UE 1 | RB 1] Throughput = 1.43545 Mbps
75037[UE 1 | RB 1] Throughput = 0.71854 Mbps
75147[UE 1 | RB 1] Throughput = 1.30800 Mbps
75247[UE 1 | RB 1] Throughput = 0.71857 Mbps
75357[UE 1 | RB 1] Throughput = 1.52732 Mbps
75467[UE 1 | RB 1] Throughput = 0.76441 Mbps
75567[UE 1 | RB 1] Throughput = 1.31683 Mbps
75677[UE 1 | RB 1] Throughput = 0.97887 Mbps
75787[UE 1 | RB 1] Throughput = 1.20309 Mbps
75887[UE 1 | RB 1] Throughput = 0.95772 Mbps
75997[UE 1 | RB 1] Throughput = 1.19977 Mbps
76097[UE 1 | RB 1] Throughput = 0.71608 Mbps
76207[UE 1 | RB 1] Throughput = 1.41713 Mbps
76317[UE 1 | RB 1] Throughput = 0.54510 Mbps
76427[UE 1 | RB 1] Throughput = 1.31056 Mbps
76527[UE 1 | RB 1] Throughput = 0.71819 Mbps
76627[UE 1 | RB 1] Throughput = 1.43492 Mbps
76737[UE 1 | RB 1] Throughput = 1.30769 Mbps
76837[UE 1 | RB 1] Throughput = 0.83838 Mbps
76937[UE 1 | RB 1] Throughput = 1.07844 Mbps
77047[UE 1 | RB 1] Throughput = 1.09056 Mbps
77147[UE 1 | RB 1] Throughput = 1.31386 Mbps
77257[UE 1 | RB 1] Throughput = 0.98119 Mbps
77357[UE 1 | RB 1] Throughput = 0.95843 Mbps
77467[UE 1 | RB 1] Throughput = 0.87180 Mbps
77577[UE 1 | RB 1] Throughput = 1.20135 Mbps
77678[UE 1 | RB 1] Throughput = 0.95466 Mbps
77787[UE 1 | RB 1] Throughput = 1.20663 Mbps
77887[UE 1 | RB 1] Throughput = 1.07389 Mbps
77987[UE 1 | RB 1] Throughput = 1.07816 Mbps
78087[UE 1 | RB 1] Throughput = 1.19601 Mbps
78198[UE 1 | RB 1] Throughput = 0.65290 Mbps
78298[UE 1 | RB 1] Throughput = 1.43756 Mbps
78407[UE 1 | RB 1] Throughput = 1.20312 Mbps
78507[UE 1 | RB 1] Throughput = 0.71852 Mbps
78617[UE 1 | RB 1] Throughput = 1.19677 Mbps
78717[UE 1 | RB 1] Throughput = 1.19772 Mbps
78827[UE 1 | RB 1] Throughput = 0.65565 Mbps
78927[UE 1 | RB 1] Throughput = 1.43614 Mbps
79027[UE 1 | RB 1] Throughput = 0.71849 Mbps
79137[UE 1 | RB 1] Throughput = 1.20021 Mbps
79237[UE 1 | RB 1] Throughput = 1.43649 Mbps
79338[UE 1 | RB 1] Throughput = 0.59662 Mbps
79447[UE 1 | RB 1] Throughput = 1.31412 Mbps
79547[UE 1 | RB 1] Throughput = 1.31775 Mbps
79647[UE 1 | RB 1] Throughput = 0.59911 Mbps
79747[UE 1 | RB 1] Throughput = 1.43444 Mbps
79857[UE 1 | RB 1] Throughput = 1.09222 Mbps
79967[UE 1 | RB 1] Throughput = 0.76406 Mbps
80077[UE 1 | RB 1] Throughput = 1.41258 Mbps
80187[UE 1 | RB 1] Throughput = 0.87214 Mbps
80287[UE 1 | RB 1] Throughput = 1.31388 Mbps
80397[UE 1 | RB 1] Throughput = 0.76424 Mbps
80497[UE 1 | RB 1] Throughput = 1.31553 Mbps
80598[UE 1 | RB 1] Throughput = 0.95817 Mbps
80708[UE 1 | RB 1] Throughput = 0.87150 Mbps
80817[UE 1 | RB 1] Throughput = 1.31202 Mbps
80917[UE 1 | RB 1] Throughput = 0.71820 Mbps
81027[UE 1 | RB 1] Throughput = 1.09245 Mbps
81127[UE 1 | RB 1] Throughput = 1.31757 Mbps
81237[UE 1 | RB 1] Throughput = 1.08857 Mbps
81337[UE 1 | RB 1] Throughput = 0.95859 Mbps
81437[UE 1 | RB 1] Throughput = 1.07590 Mbps
81547[UE 1 | RB 1] Throughput = 1.30598 Mbps
81648[UE 1 | RB 1] Throughput = 0.71823 Mbps
81757[UE 1 | RB 1] Throughput = 1.20074 Mbps
81858[UE 1 | RB 1] Throughput = 1.19651 Mbps
81967[UE 1 | RB 1] Throughput = 1.09177 Mbps
82077[UE 1 | RB 1] Throughput = 1.20192 Mbps
82177[UE 1 | RB 1] Throughput = 0.83652 Mbps
82287[UE 1 | RB 1] Throughput = 1.08983 Mbps
82388[UE 1 | RB 1] Throughput = 0.71646 Mbps
82497[UE 1 | RB 1] Throughput = 1.30963 Mbps
82608[UE 1 | RB 1] Throughput = 0.87021 Mbps
82717[UE 1 | RB 1] Throughput = 1.09046 Mbps
82827[UE 1 | RB 1] Throughput = 1.08987 Mbps
82937[UE 1 | RB 1] Throughput = 1.09034 Mbps
83047[UE 1 | RB 1] Throughput = 1.41821 Mbps
83147[UE 1 | RB 1] Throughput = 0.71789 Mbps
83248[UE 1 | RB 1] Throughput = 1.31560 Mbps
83358[UE 1 | RB 1] Throughput = 1.08882 Mbps
83467[UE 1 | RB 1] Throughput = 0.65529 Mbps
83567[UE 1 | RB 1] Throughput = 1.43785 Mbps
83667[UE 1 | RB 1] Throughput = 0.71847 Mbps
83777[UE 1 | RB 1] Throughput = 1.19957 Mbps
83878[UE 1 | RB 1] Throughput = 1.19604 Mbps
83987[UE 1 | RB 1] Throughput = 1.09076 Mbps
84088[UE 1 | RB 1] Throughput = 0.71806 Mbps
84198[UE 1 | RB 1] Throughput = 1.19831 Mbps
84298[UE 1 | RB 1] Throughput = 1.31376 Mbps
84408[UE 1 | RB 1] Throughput = 1.09180 Mbps
84508[UE 1 | RB 1] Throughput = 1.31819 Mbps
84608[UE 1 | RB 1] Throughput = 0.71751 Mbps
84708[UE 1 | RB 1] Throughput = 1.31396 Mbps
84817[UE 1 | RB 1] Throughput = 0.76768 Mbps
84918[UE 1 | RB 1] Throughput = 1.19687 Mbps
85018[UE 1 | RB 1] Throughput = 0.95630 Mbps
85128[UE 1 | RB 1] Throughput = 1.31111 Mbps
85228[UE 1 | RB 1] Throughput = 0.83384 Mbps
85338[UE 1 | RB 1] Throughput = 0.98543 Mbps
85438[UE 1 | RB 1] Throughput = 1.07761 Mbps
85538[UE 1 | RB 1] Throughput = 1.31147 Mbps
85650[UE 1 | RB 1] Throughput = 0.64069 Mbps
85758[UE 1 | RB 1] Throughput = 1.22576 Mbps
85867[UE 1 | RB 1] Throughput = 1.31792 Mbps
85968[UE 1 | RB 1] Throughput = 0.70960 Mbps
86078[UE 1 | RB 1] Throughput = 1.31802 Mbps
86178[UE 1 | RB 1] Throughput = 1.31761 Mbps
86278[UE 1 | RB 1] Throughput = 0.83804 Mbps
86388[UE 1 | RB 1] Throughput = 0.75900 Mbps
86498[UE 1 | RB 1] Throughput = 1.09532 Mbps
86607[UE 1 | RB 1] Throughput = 1.30876 Mbps
86708[UE 1 | RB 1] Throughput = 1.31654 Mbps
86808[UE 1 | RB 1] Throughput = 0.71620 Mbps
86908[UE 1 | RB 1] Throughput = 1.43649 Mbps
87018[UE 1 | RB 1] Throughput = 0.98250 Mbps
87128[UE 1 | RB 1] Throughput = 0.98024 Mbps
87238[UE 1 | RB 1] Throughput = 0.98134 Mbps
87338[UE 1 | RB 1] Throughput = 1.31544 Mbps
87448[UE 1 | RB 1] Throughput = 0.65398 Mbps
87558[UE 1 | RB 1] Throughput = 1.31029 Mbps
87658[UE 1 | RB 1] Throughput = 1.19735 Mbps
87758[UE 1 | RB 1] Throughput = 0.95549 Mbps
87868[UE 1 | RB 1] Throughput = 0.76688 Mbps
87968[UE 1 | RB 1] Throughput = 1.31699 Mbps
88068[UE 1 | RB 1] Throughput = 1.31205 Mbps
88177[UE 1 | RB 1] Throughput = 1.09571 Mbps
88278[UE 1 | RB 1] Throughput = 1.07275 Mbps
88388[UE 1 | RB 1] Throughput = 0.76464 Mbps
88488[UE 1 | RB 1] Throughput = 1.31392 Mbps
88588[UE 1 | RB 1] Throughput = 0.71881 Mbps
88698[UE 1 | RB 1] Throughput = 1.08726 Mbps
88808[UE 1 | RB 1] Throughput = 1.09696 Mbps
88908[UE 1 | RB 1] Throughput = 1.43115 Mbps
89008[UE 1 | RB 1] Throughput = 0.71830 Mbps
89108[UE 1 | RB 1] Throughput = 1.31678 Mbps
89218[UE 1 | RB 1] Throughput = 0.76574 Mbps
89328[UE 1 | RB 1] Throughput = 1.19910 Mbps
89428[UE 1 | RB 1] Throughput = 1.31612 Mbps
89538[UE 1 | RB 1] Throughput = 1.09157 Mbps
89648[UE 1 | RB 1] Throughput = 0.76146 Mbps
89748[UE 1 | RB 1] Throughput = 1.43191 Mbps
89858[UE 1 | RB 1] Throughput = 0.65554 Mbps
89968[UE 1 | RB 1] Throughput = 1.31042 Mbps
[xApp]: E42 RIC_SUBSCRIPTION_DELETE_REQUEST tx RAN_FUNC_ID 144 RIC_REQ_ID 1 
[xApp]: E42 SUBSCRIPTION DELETE RESPONSE rx
[xApp]: E42 RIC_SUBSCRIPTION_DELETE_REQUEST tx RAN_FUNC_ID 144 RIC_REQ_ID 2 
[xApp]: E42 SUBSCRIPTION DELETE RESPONSE rx
[xApp]: E42 RIC_SUBSCRIPTION_DELETE_REQUEST tx RAN_FUNC_ID 144 RIC_REQ_ID 3 
[xApp]: E42 SUBSCRIPTION DELETE RESPONSE rx
[xApp]: Sucessfully stopped 
Test xApp run SUCCESSFULLY
