[UTIL]: Setting the config -c file to /usr/local/etc/flexric/flexric.conf
[UTIL]: Setting path -p for the shared libraries to /usr/local/lib/flexric/
[xAapp]: Initializing ... 
[xApp]: nearRT-RIC IP Address = 192.168.70.150, PORT = 36422
[E2 AGENT]: Opening plugin from path = /usr/local/lib/flexric/libkpm_sm.so 
[E2 AGENT]: Opening plugin from path = /usr/local/lib/flexric/libmac_sm.so 
[E2 AGENT]: Opening plugin from path = /usr/local/lib/flexric/libpdcp_sm.so 
[E2 AGENT]: Opening plugin from path = /usr/local/lib/flexric/libgtp_sm.so 
[E2 AGENT]: Opening plugin from path = /usr/local/lib/flexric/librc_sm.so 
[E2 AGENT]: Opening plugin from path = /usr/local/lib/flexric/libtc_sm.so 
[E2 AGENT]: Opening plugin from path = /usr/local/lib/flexric/librlc_sm.so 
[E2 AGENT]: Opening plugin from path = /usr/local/lib/flexric/libslice_sm.so 
[NEAR-RIC]: Loading SM ID = 2 with def = ORAN-E2SM-KPM 
[NEAR-RIC]: Loading SM ID = 142 with def = MAC_STATS_V0 
[NEAR-RIC]: Loading SM ID = 144 with def = PDCP_STATS_V0 
[NEAR-RIC]: Loading SM ID = 148 with def = GTP_STATS_V0 
[NEAR-RIC]: Loading SM ID = 3 with def = ORAN-E2SM-RC 
[NEAR-RIC]: Loading SM ID = 146 with def = TC_STATS_V0 
[NEAR-RIC]: Loading SM ID = 143 with def = RLC_STATS_V0 
[NEAR-RIC]: Loading SM ID = 145 with def = SLICE_STATS_V0 
[xApp]: DB filename = /tmp/flexric/xapp_db 
 [xApp]: E42 SETUP-REQUEST tx
[xApp]: E42 SETUP-RESPONSE rx 
[xApp]: xApp ID = 9 
[xApp]: Registered E2 Nodes = 3 
Connected E2 nodes = 3
[xAPP] Registered node 0 ran func id = 2 
 [xAPP] Registered node 0 ran func id = 3 
 [xAPP] Registered node 0 ran func id = 142 
 [xAPP] Registered node 0 ran func id = 143 
 [xAPP] Registered node 0 ran func id = 144 
 [xAPP] Registered node 0 ran func id = 145 
 [xAPP] Registered node 0 ran func id = 146 
 [xAPP] Registered node 0 ran func id = 148 
 [xApp]: E42 RIC SUBSCRIPTION REQUEST tx RAN_FUNC_ID 144 RIC_REQ_ID 1 
[xApp]: SUBSCRIPTION RESPONSE rx
[xApp]: Successfully subscribed to RAN_FUNC_ID 144 
[xAPP] Registered node 1 ran func id = 2 
 [xAPP] Registered node 1 ran func id = 3 
 [xAPP] Registered node 1 ran func id = 142 
 [xAPP] Registered node 1 ran func id = 143 
 [xAPP] Registered node 1 ran func id = 144 
 [xAPP] Registered node 1 ran func id = 145 
 [xAPP] Registered node 1 ran func id = 146 
 [xAPP] Registered node 1 ran func id = 148 
 [xApp]: E42 RIC SUBSCRIPTION REQUEST tx RAN_FUNC_ID 144 RIC_REQ_ID 2 
[xApp]: SUBSCRIPTION RESPONSE rx
[xApp]: Successfully subscribed to RAN_FUNC_ID 144 
[xAPP] Registered node 2 ran func id = 2 
 [xAPP] Registered node 2 ran func id = 3 
 [xAPP] Registered node 2 ran func id = 142 
 [xAPP] Registered node 2 ran func id = 143 
 [xAPP] Registered node 2 ran func id = 144 
 [xAPP] Registered node 2 ran func id = 145 
 [xAPP] Registered node 2 ran func id = 146 
 [xAPP] Registered node 2 ran func id = 148 
 [xApp]: E42 RIC SUBSCRIPTION REQUEST tx RAN_FUNC_ID 144 RIC_REQ_ID 3 
[xApp]: SUBSCRIPTION RESPONSE rx
[xApp]: Successfully subscribed to RAN_FUNC_ID 144 
112[UE 1 | RB 1] Throughput = 0.83842 Mbps
213[UE 1 | RB 1] Throughput = 1.07705 Mbps
322[UE 1 | RB 1] Throughput = 1.09079 Mbps
422[UE 1 | RB 1] Throughput = 1.07840 Mbps
523[UE 1 | RB 1] Throughput = 1.07408 Mbps
623[UE 1 | RB 1] Throughput = 1.07816 Mbps
733[UE 1 | RB 1] Throughput = 1.09020 Mbps
833[UE 1 | RB 1] Throughput = 1.07782 Mbps
943[UE 1 | RB 1] Throughput = 1.09123 Mbps
1053[UE 1 | RB 1] Throughput = 0.98047 Mbps
1163[UE 1 | RB 1] Throughput = 1.09157 Mbps
1263[UE 1 | RB 1] Throughput = 1.19489 Mbps
1373[UE 1 | RB 1] Throughput = 0.98152 Mbps
1473[UE 1 | RB 1] Throughput = 0.95833 Mbps
1573[UE 1 | RB 1] Throughput = 1.31734 Mbps
1673[UE 1 | RB 1] Throughput = 1.19823 Mbps
1773[UE 1 | RB 1] Throughput = 0.71812 Mbps
1883[UE 1 | RB 1] Throughput = 1.19892 Mbps
1993[UE 1 | RB 1] Throughput = 0.98285 Mbps
2093[UE 1 | RB 1] Throughput = 1.19606 Mbps
2193[UE 1 | RB 1] Throughput = 0.95826 Mbps
2293[UE 1 | RB 1] Throughput = 0.83656 Mbps
2403[UE 1 | RB 1] Throughput = 1.31232 Mbps
2503[UE 1 | RB 1] Throughput = 0.83864 Mbps
2613[UE 1 | RB 1] Throughput = 1.08606 Mbps
2723[UE 1 | RB 1] Throughput = 1.31252 Mbps
2833[UE 1 | RB 1] Throughput = 1.08693 Mbps
2943[UE 1 | RB 1] Throughput = 0.98158 Mbps
3043[UE 1 | RB 1] Throughput = 1.19551 Mbps
3153[UE 1 | RB 1] Throughput = 1.19948 Mbps
3263[UE 1 | RB 1] Throughput = 0.65410 Mbps
3363[UE 1 | RB 1] Throughput = 1.31808 Mbps
3463[UE 1 | RB 1] Throughput = 1.07532 Mbps
3573[UE 1 | RB 1] Throughput = 0.98151 Mbps
3683[UE 1 | RB 1] Throughput = 1.20231 Mbps
3793[UE 1 | RB 1] Throughput = 0.65334 Mbps
3903[UE 1 | RB 1] Throughput = 1.30821 Mbps
4003[UE 1 | RB 1] Throughput = 1.19466 Mbps
4113[UE 1 | RB 1] Throughput = 0.98111 Mbps
4223[UE 1 | RB 1] Throughput = 1.19800 Mbps
4333[UE 1 | RB 1] Throughput = 0.65474 Mbps
4433[UE 1 | RB 1] Throughput = 1.43646 Mbps
4533[UE 1 | RB 1] Throughput = 0.95868 Mbps
4643[UE 1 | RB 1] Throughput = 1.08840 Mbps
4743[UE 1 | RB 1] Throughput = 1.07789 Mbps
4853[UE 1 | RB 1] Throughput = 0.98256 Mbps
4963[UE 1 | RB 1] Throughput = 1.08782 Mbps
5063[UE 1 | RB 1] Throughput = 1.31594 Mbps
5173[UE 1 | RB 1] Throughput = 0.98026 Mbps
5273[UE 1 | RB 1] Throughput = 1.19830 Mbps
5383[UE 1 | RB 1] Throughput = 0.87212 Mbps
5493[UE 1 | RB 1] Throughput = 0.87367 Mbps
5593[UE 1 | RB 1] Throughput = 1.31769 Mbps
5693[UE 1 | RB 1] Throughput = 1.31548 Mbps
5803[UE 1 | RB 1] Throughput = 0.87152 Mbps
5913[UE 1 | RB 1] Throughput = 0.76578 Mbps
6013[UE 1 | RB 1] Throughput = 1.31455 Mbps
6123[UE 1 | RB 1] Throughput = 1.09108 Mbps
6223[UE 1 | RB 1] Throughput = 1.19730 Mbps
6333[UE 1 | RB 1] Throughput = 0.98101 Mbps
6433[UE 1 | RB 1] Throughput = 1.07556 Mbps
6533[UE 1 | RB 1] Throughput = 0.95864 Mbps
6643[UE 1 | RB 1] Throughput = 1.19913 Mbps
6753[UE 1 | RB 1] Throughput = 1.20134 Mbps
6853[UE 1 | RB 1] Throughput = 0.59611 Mbps
6963[UE 1 | RB 1] Throughput = 1.31248 Mbps
7063[UE 1 | RB 1] Throughput = 1.07529 Mbps
7173[UE 1 | RB 1] Throughput = 0.98117 Mbps
7283[UE 1 | RB 1] Throughput = 1.30894 Mbps
7393[UE 1 | RB 1] Throughput = 0.65427 Mbps
7493[UE 1 | RB 1] Throughput = 1.31661 Mbps
7593[UE 1 | RB 1] Throughput = 1.31675 Mbps
7703[UE 1 | RB 1] Throughput = 0.65407 Mbps
7813[UE 1 | RB 1] Throughput = 1.30712 Mbps
7923[UE 1 | RB 1] Throughput = 1.08700 Mbps
8033[UE 1 | RB 1] Throughput = 0.98148 Mbps
8143[UE 1 | RB 1] Throughput = 0.98345 Mbps
8243[UE 1 | RB 1] Throughput = 1.43255 Mbps
8343[UE 1 | RB 1] Throughput = 0.59846 Mbps
8453[UE 1 | RB 1] Throughput = 1.20358 Mbps
8553[UE 1 | RB 1] Throughput = 1.31130 Mbps
8663[UE 1 | RB 1] Throughput = 1.19921 Mbps
8763[UE 1 | RB 1] Throughput = 0.71880 Mbps
8873[UE 1 | RB 1] Throughput = 1.30964 Mbps
8973[UE 1 | RB 1] Throughput = 0.71824 Mbps
9083[UE 1 | RB 1] Throughput = 1.19980 Mbps
9184[UE 1 | RB 1] Throughput = 1.19398 Mbps
9284[UE 1 | RB 1] Throughput = 0.95871 Mbps
9393[UE 1 | RB 1] Throughput = 0.76611 Mbps
9494[UE 1 | RB 1] Throughput = 1.43255 Mbps
9603[UE 1 | RB 1] Throughput = 1.19929 Mbps
9713[UE 1 | RB 1] Throughput = 1.09208 Mbps
9813[UE 1 | RB 1] Throughput = 0.83644 Mbps
9923[UE 1 | RB 1] Throughput = 1.09233 Mbps
10033[UE 1 | RB 1] Throughput = 1.08949 Mbps
10133[UE 1 | RB 1] Throughput = 1.19744 Mbps
10243[UE 1 | RB 1] Throughput = 0.76333 Mbps
10343[UE 1 | RB 1] Throughput = 1.31494 Mbps
10444[UE 1 | RB 1] Throughput = 1.19591 Mbps
10553[UE 1 | RB 1] Throughput = 0.65735 Mbps
10653[UE 1 | RB 1] Throughput = 1.31775 Mbps
10753[UE 1 | RB 1] Throughput = 1.31504 Mbps
10863[UE 1 | RB 1] Throughput = 0.65299 Mbps
10973[UE 1 | RB 1] Throughput = 1.31133 Mbps
11073[UE 1 | RB 1] Throughput = 0.71602 Mbps
11183[UE 1 | RB 1] Throughput = 1.52478 Mbps
11285[UE 1 | RB 1] Throughput = 0.82474 Mbps
11393[UE 1 | RB 1] Throughput = 1.10746 Mbps
11503[UE 1 | RB 1] Throughput = 0.76437 Mbps
11603[UE 1 | RB 1] Throughput = 1.07811 Mbps
11713[UE 1 | RB 1] Throughput = 1.19682 Mbps
11823[UE 1 | RB 1] Throughput = 1.31041 Mbps
11923[UE 1 | RB 1] Throughput = 1.19623 Mbps
12033[UE 1 | RB 1] Throughput = 0.76362 Mbps
12133[UE 1 | RB 1] Throughput = 1.43614 Mbps
12233[UE 1 | RB 1] Throughput = 0.71867 Mbps
12333[UE 1 | RB 1] Throughput = 1.43725 Mbps
12433[UE 1 | RB 1] Throughput = 0.71880 Mbps
12544[UE 1 | RB 1] Throughput = 1.19696 Mbps
12653[UE 1 | RB 1] Throughput = 1.09020 Mbps
12763[UE 1 | RB 1] Throughput = 0.98039 Mbps
12864[UE 1 | RB 1] Throughput = 1.31770 Mbps
12964[UE 1 | RB 1] Throughput = 0.83584 Mbps
13074[UE 1 | RB 1] Throughput = 1.31145 Mbps
13183[UE 1 | RB 1] Throughput = 0.65527 Mbps
13284[UE 1 | RB 1] Throughput = 1.43395 Mbps
13384[UE 1 | RB 1] Throughput = 0.71893 Mbps
13493[UE 1 | RB 1] Throughput = 1.31395 Mbps
13593[UE 1 | RB 1] Throughput = 0.71634 Mbps
13703[UE 1 | RB 1] Throughput = 1.19898 Mbps
13804[UE 1 | RB 1] Throughput = 1.43391 Mbps
13914[UE 1 | RB 1] Throughput = 0.65262 Mbps
14014[UE 1 | RB 1] Throughput = 1.43693 Mbps
14124[UE 1 | RB 1] Throughput = 0.65524 Mbps
14224[UE 1 | RB 1] Throughput = 1.43639 Mbps
14334[UE 1 | RB 1] Throughput = 0.76353 Mbps
14444[UE 1 | RB 1] Throughput = 1.19553 Mbps
14554[UE 1 | RB 1] Throughput = 1.20193 Mbps
14663[UE 1 | RB 1] Throughput = 1.09050 Mbps
14773[UE 1 | RB 1] Throughput = 1.08973 Mbps
14874[UE 1 | RB 1] Throughput = 0.83787 Mbps
14974[UE 1 | RB 1] Throughput = 1.07712 Mbps
15074[UE 1 | RB 1] Throughput = 1.19704 Mbps
15183[UE 1 | RB 1] Throughput = 1.31130 Mbps
15284[UE 1 | RB 1] Throughput = 0.59889 Mbps
15394[UE 1 | RB 1] Throughput = 1.30636 Mbps
15503[UE 1 | RB 1] Throughput = 0.98147 Mbps
15604[UE 1 | RB 1] Throughput = 1.07777 Mbps
15704[UE 1 | RB 1] Throughput = 1.07611 Mbps
15814[UE 1 | RB 1] Throughput = 1.09192 Mbps
15914[UE 1 | RB 1] Throughput = 1.07557 Mbps
16023[UE 1 | RB 1] Throughput = 0.87524 Mbps
16123[UE 1 | RB 1] Throughput = 1.07806 Mbps
16224[UE 1 | RB 1] Throughput = 1.07389 Mbps
16334[UE 1 | RB 1] Throughput = 1.31077 Mbps
16434[UE 1 | RB 1] Throughput = 0.83880 Mbps
16534[UE 1 | RB 1] Throughput = 1.43758 Mbps
16643[UE 1 | RB 1] Throughput = 0.76406 Mbps
16744[UE 1 | RB 1] Throughput = 1.19559 Mbps
16854[UE 1 | RB 1] Throughput = 1.19958 Mbps
16954[UE 1 | RB 1] Throughput = 0.59871 Mbps
17054[UE 1 | RB 1] Throughput = 1.43738 Mbps
17163[UE 1 | RB 1] Throughput = 1.09126 Mbps
17274[UE 1 | RB 1] Throughput = 0.75717 Mbps
17383[UE 1 | RB 1] Throughput = 1.20761 Mbps
17484[UE 1 | RB 1] Throughput = 1.31699 Mbps
17584[UE 1 | RB 1] Throughput = 0.71531 Mbps
17684[UE 1 | RB 1] Throughput = 1.43613 Mbps
17794[UE 1 | RB 1] Throughput = 0.65689 Mbps
17894[UE 1 | RB 1] Throughput = 1.43689 Mbps
18004[UE 1 | RB 1] Throughput = 1.20033 Mbps
18104[UE 1 | RB 1] Throughput = 0.71833 Mbps
18204[UE 1 | RB 1] Throughput = 1.19561 Mbps
18313[UE 1 | RB 1] Throughput = 0.98438 Mbps
18414[UE 1 | RB 1] Throughput = 1.19613 Mbps
18514[UE 1 | RB 1] Throughput = 1.19614 Mbps
18614[UE 1 | RB 1] Throughput = 1.07711 Mbps
18724[UE 1 | RB 1] Throughput = 0.76372 Mbps
18824[UE 1 | RB 1] Throughput = 1.31775 Mbps
18924[UE 1 | RB 1] Throughput = 1.19639 Mbps
19034[UE 1 | RB 1] Throughput = 0.76392 Mbps
20105[UE 1 | RB 1] Throughput = 0.08948 Mbps
20214[UE 1 | RB 1] Throughput = 11.02839 Mbps
20314[UE 1 | RB 1] Throughput = 0.95598 Mbps
20424[UE 1 | RB 1] Throughput = 0.98583 Mbps
20524[UE 1 | RB 1] Throughput = 1.07253 Mbps
20634[UE 1 | RB 1] Throughput = 1.08890 Mbps
20744[UE 1 | RB 1] Throughput = 0.87527 Mbps
20844[UE 1 | RB 1] Throughput = 1.19264 Mbps
20954[UE 1 | RB 1] Throughput = 1.20030 Mbps
21064[UE 1 | RB 1] Throughput = 1.30548 Mbps
21174[UE 1 | RB 1] Throughput = 0.54764 Mbps
22281[UE 1 | RB 1] Throughput = 0.05410 Mbps
22384[UE 1 | RB 1] Throughput = 12.35452 Mbps
22494[UE 1 | RB 1] Throughput = 0.65561 Mbps
22594[UE 1 | RB 1] Throughput = 1.31786 Mbps
22694[UE 1 | RB 1] Throughput = 1.43778 Mbps
22794[UE 1 | RB 1] Throughput = 0.71784 Mbps
22894[UE 1 | RB 1] Throughput = 1.31790 Mbps
22994[UE 1 | RB 1] Throughput = 0.71819 Mbps
23094[UE 1 | RB 1] Throughput = 1.43636 Mbps
23204[UE 1 | RB 1] Throughput = 0.65271 Mbps
23314[UE 1 | RB 1] Throughput = 1.20318 Mbps
23424[UE 1 | RB 1] Throughput = 1.30485 Mbps
23534[UE 1 | RB 1] Throughput = 0.76300 Mbps
23634[UE 1 | RB 1] Throughput = 1.31750 Mbps
23734[UE 1 | RB 1] Throughput = 0.59903 Mbps
23834[UE 1 | RB 1] Throughput = 1.43521 Mbps
23944[UE 1 | RB 1] Throughput = 1.09056 Mbps
24054[UE 1 | RB 1] Throughput = 0.98564 Mbps
24154[UE 1 | RB 1] Throughput = 1.31757 Mbps
24254[UE 1 | RB 1] Throughput = 0.59837 Mbps
24354[UE 1 | RB 1] Throughput = 1.43682 Mbps
24464[UE 1 | RB 1] Throughput = 1.09140 Mbps
24564[UE 1 | RB 1] Throughput = 1.07258 Mbps
24674[UE 1 | RB 1] Throughput = 1.20272 Mbps
24784[UE 1 | RB 1] Throughput = 0.65365 Mbps
24884[UE 1 | RB 1] Throughput = 1.19429 Mbps
24994[UE 1 | RB 1] Throughput = 1.19992 Mbps
25104[UE 1 | RB 1] Throughput = 1.08910 Mbps
25214[UE 1 | RB 1] Throughput = 1.20114 Mbps
25324[UE 1 | RB 1] Throughput = 0.76237 Mbps
25425[UE 1 | RB 1] Throughput = 1.31016 Mbps
25534[UE 1 | RB 1] Throughput = 1.20474 Mbps
25634[UE 1 | RB 1] Throughput = 0.71748 Mbps
25744[UE 1 | RB 1] Throughput = 1.31038 Mbps
25854[UE 1 | RB 1] Throughput = 0.65179 Mbps
25964[UE 1 | RB 1] Throughput = 1.31561 Mbps
26064[UE 1 | RB 1] Throughput = 0.71518 Mbps
26174[UE 1 | RB 1] Throughput = 1.31019 Mbps
26274[UE 1 | RB 1] Throughput = 1.19565 Mbps
26374[UE 1 | RB 1] Throughput = 0.71707 Mbps
26484[UE 1 | RB 1] Throughput = 1.20462 Mbps
26584[UE 1 | RB 1] Throughput = 1.31265 Mbps
26694[UE 1 | RB 1] Throughput = 1.19738 Mbps
26804[UE 1 | RB 1] Throughput = 1.09018 Mbps
26914[UE 1 | RB 1] Throughput = 0.65348 Mbps
27024[UE 1 | RB 1] Throughput = 1.30532 Mbps
27134[UE 1 | RB 1] Throughput = 1.20103 Mbps
27234[UE 1 | RB 1] Throughput = 0.59893 Mbps
27344[UE 1 | RB 1] Throughput = 1.20459 Mbps
27444[UE 1 | RB 1] Throughput = 1.43105 Mbps
27544[UE 1 | RB 1] Throughput = 0.59894 Mbps
27654[UE 1 | RB 1] Throughput = 1.31114 Mbps
27754[UE 1 | RB 1] Throughput = 0.71647 Mbps
27864[UE 1 | RB 1] Throughput = 1.31227 Mbps
27964[UE 1 | RB 1] Throughput = 1.31428 Mbps
28064[UE 1 | RB 1] Throughput = 0.83837 Mbps
28174[UE 1 | RB 1] Throughput = 1.30788 Mbps
28274[UE 1 | RB 1] Throughput = 0.71744 Mbps
28375[UE 1 | RB 1] Throughput = 1.43600 Mbps
28484[UE 1 | RB 1] Throughput = 0.65735 Mbps
28584[UE 1 | RB 1] Throughput = 1.31716 Mbps
28694[UE 1 | RB 1] Throughput = 0.65243 Mbps
28804[UE 1 | RB 1] Throughput = 1.52355 Mbps
28914[UE 1 | RB 1] Throughput = 0.98171 Mbps
29024[UE 1 | RB 1] Throughput = 1.08962 Mbps
29124[UE 1 | RB 1] Throughput = 1.19701 Mbps
29234[UE 1 | RB 1] Throughput = 0.76213 Mbps
29344[UE 1 | RB 1] Throughput = 1.09056 Mbps
29454[UE 1 | RB 1] Throughput = 1.52344 Mbps
29564[UE 1 | RB 1] Throughput = 0.87226 Mbps
29664[UE 1 | RB 1] Throughput = 1.19817 Mbps
29774[UE 1 | RB 1] Throughput = 0.65583 Mbps
29874[UE 1 | RB 1] Throughput = 1.43385 Mbps
29984[UE 1 | RB 1] Throughput = 1.09032 Mbps
30084[UE 1 | RB 1] Throughput = 0.71891 Mbps
30194[UE 1 | RB 1] Throughput = 1.09045 Mbps
30304[UE 1 | RB 1] Throughput = 1.08569 Mbps
30414[UE 1 | RB 1] Throughput = 1.31161 Mbps
30514[UE 1 | RB 1] Throughput = 0.71796 Mbps
30624[UE 1 | RB 1] Throughput = 1.09304 Mbps
30724[UE 1 | RB 1] Throughput = 1.31755 Mbps
30824[UE 1 | RB 1] Throughput = 1.31150 Mbps
30925[UE 1 | RB 1] Throughput = 0.71830 Mbps
31034[UE 1 | RB 1] Throughput = 1.20228 Mbps
31134[UE 1 | RB 1] Throughput = 0.71882 Mbps
31235[UE 1 | RB 1] Throughput = 1.19344 Mbps
31345[UE 1 | RB 1] Throughput = 1.30926 Mbps
31455[UE 1 | RB 1] Throughput = 1.08935 Mbps
31564[UE 1 | RB 1] Throughput = 0.76362 Mbps
31664[UE 1 | RB 1] Throughput = 1.31712 Mbps
34763[UE 1 | RB 1] Throughput = 0.00000 Mbps
34865[UE 1 | RB 1] Throughput = 33.98625 Mbps
34974[UE 1 | RB 1] Throughput = 0.65410 Mbps
35085[UE 1 | RB 1] Throughput = 1.08937 Mbps
35185[UE 1 | RB 1] Throughput = 1.31532 Mbps
35295[UE 1 | RB 1] Throughput = 1.08457 Mbps
35405[UE 1 | RB 1] Throughput = 1.20328 Mbps
35515[UE 1 | RB 1] Throughput = 0.65374 Mbps
35625[UE 1 | RB 1] Throughput = 1.41873 Mbps
35734[UE 1 | RB 1] Throughput = 0.98255 Mbps
35834[UE 1 | RB 1] Throughput = 1.19805 Mbps
35934[UE 1 | RB 1] Throughput = 0.95865 Mbps
36035[UE 1 | RB 1] Throughput = 0.83580 Mbps
36145[UE 1 | RB 1] Throughput = 1.30509 Mbps
36254[UE 1 | RB 1] Throughput = 1.09597 Mbps
36354[UE 1 | RB 1] Throughput = 0.71781 Mbps
36455[UE 1 | RB 1] Throughput = 1.18949 Mbps
36565[UE 1 | RB 1] Throughput = 1.20011 Mbps
36675[UE 1 | RB 1] Throughput = 1.20033 Mbps
36785[UE 1 | RB 1] Throughput = 0.87200 Mbps
36885[UE 1 | RB 1] Throughput = 0.95768 Mbps
36985[UE 1 | RB 1] Throughput = 1.31744 Mbps
37094[UE 1 | RB 1] Throughput = 1.09565 Mbps
37194[UE 1 | RB 1] Throughput = 0.59889 Mbps
37295[UE 1 | RB 1] Throughput = 1.31385 Mbps
37405[UE 1 | RB 1] Throughput = 1.19866 Mbps
37505[UE 1 | RB 1] Throughput = 0.71739 Mbps
37615[UE 1 | RB 1] Throughput = 1.30989 Mbps
37725[UE 1 | RB 1] Throughput = 1.19228 Mbps
37835[UE 1 | RB 1] Throughput = 0.98685 Mbps
37935[UE 1 | RB 1] Throughput = 0.83782 Mbps
38045[UE 1 | RB 1] Throughput = 1.30542 Mbps
38146[UE 1 | RB 1] Throughput = 0.71437 Mbps
38255[UE 1 | RB 1] Throughput = 1.20638 Mbps
38365[UE 1 | RB 1] Throughput = 1.08561 Mbps
38475[UE 1 | RB 1] Throughput = 1.31215 Mbps
38585[UE 1 | RB 1] Throughput = 1.08792 Mbps
38685[UE 1 | RB 1] Throughput = 0.59842 Mbps
38795[UE 1 | RB 1] Throughput = 1.20463 Mbps
38895[UE 1 | RB 1] Throughput = 1.19559 Mbps
38995[UE 1 | RB 1] Throughput = 1.19351 Mbps
39105[UE 1 | RB 1] Throughput = 1.20041 Mbps
39215[UE 1 | RB 1] Throughput = 0.65642 Mbps
39315[UE 1 | RB 1] Throughput = 1.19344 Mbps
39415[UE 1 | RB 1] Throughput = 1.31615 Mbps
39525[UE 1 | RB 1] Throughput = 1.09087 Mbps
39635[UE 1 | RB 1] Throughput = 0.76101 Mbps
39745[UE 1 | RB 1] Throughput = 1.30877 Mbps
39855[UE 1 | RB 1] Throughput = 1.09287 Mbps
39955[UE 1 | RB 1] Throughput = 0.95715 Mbps
40065[UE 1 | RB 1] Throughput = 1.09011 Mbps
40165[UE 1 | RB 1] Throughput = 0.71628 Mbps
40275[UE 1 | RB 1] Throughput = 1.41708 Mbps
40385[UE 1 | RB 1] Throughput = 0.76452 Mbps
40495[UE 1 | RB 1] Throughput = 1.30699 Mbps
40605[UE 1 | RB 1] Throughput = 1.09046 Mbps
40705[UE 1 | RB 1] Throughput = 1.31711 Mbps
40805[UE 1 | RB 1] Throughput = 0.71657 Mbps
40915[UE 1 | RB 1] Throughput = 1.08900 Mbps
41025[UE 1 | RB 1] Throughput = 1.31402 Mbps
41125[UE 1 | RB 1] Throughput = 0.59814 Mbps
41225[UE 1 | RB 1] Throughput = 1.31491 Mbps
41335[UE 1 | RB 1] Throughput = 0.87125 Mbps
41445[UE 1 | RB 1] Throughput = 1.30821 Mbps
41545[UE 1 | RB 1] Throughput = 0.83784 Mbps
41655[UE 1 | RB 1] Throughput = 1.09014 Mbps
41755[UE 1 | RB 1] Throughput = 1.31694 Mbps
41865[UE 1 | RB 1] Throughput = 1.09384 Mbps
41965[UE 1 | RB 1] Throughput = 1.19319 Mbps
42065[UE 1 | RB 1] Throughput = 0.83828 Mbps
42175[UE 1 | RB 1] Throughput = 1.09243 Mbps
42285[UE 1 | RB 1] Throughput = 1.19859 Mbps
42395[UE 1 | RB 1] Throughput = 1.09107 Mbps
42495[UE 1 | RB 1] Throughput = 0.59845 Mbps
42605[UE 1 | RB 1] Throughput = 1.30827 Mbps
42705[UE 1 | RB 1] Throughput = 1.19596 Mbps
42815[UE 1 | RB 1] Throughput = 0.65542 Mbps
42925[UE 1 | RB 1] Throughput = 1.30487 Mbps
43025[UE 1 | RB 1] Throughput = 1.19731 Mbps
43125[UE 1 | RB 1] Throughput = 0.95680 Mbps
43235[UE 1 | RB 1] Throughput = 1.19843 Mbps
43345[UE 1 | RB 1] Throughput = 1.08868 Mbps
43455[UE 1 | RB 1] Throughput = 0.65536 Mbps
43555[UE 1 | RB 1] Throughput = 1.43697 Mbps
43665[UE 1 | RB 1] Throughput = 0.76425 Mbps
46859[UE 1 | RB 1] Throughput = 0.04127 Mbps
46965[UE 1 | RB 1] Throughput = 32.36197 Mbps
47065[UE 1 | RB 1] Throughput = 1.19650 Mbps
47166[UE 1 | RB 1] Throughput = 0.71764 Mbps
47275[UE 1 | RB 1] Throughput = 1.30779 Mbps
47386[UE 1 | RB 1] Throughput = 0.87016 Mbps
47495[UE 1 | RB 1] Throughput = 1.20099 Mbps
47605[UE 1 | RB 1] Throughput = 1.30931 Mbps
47715[UE 1 | RB 1] Throughput = 0.65272 Mbps
47825[UE 1 | RB 1] Throughput = 1.30957 Mbps
47925[UE 1 | RB 1] Throughput = 1.19785 Mbps
48026[UE 1 | RB 1] Throughput = 0.71697 Mbps
48135[UE 1 | RB 1] Throughput = 1.09039 Mbps
48236[UE 1 | RB 1] Throughput = 0.95823 Mbps
48345[UE 1 | RB 1] Throughput = 1.19889 Mbps
48445[UE 1 | RB 1] Throughput = 1.31807 Mbps
48555[UE 1 | RB 1] Throughput = 1.19932 Mbps
48665[UE 1 | RB 1] Throughput = 0.65505 Mbps
48766[UE 1 | RB 1] Throughput = 1.43011 Mbps
48875[UE 1 | RB 1] Throughput = 1.09609 Mbps
48976[UE 1 | RB 1] Throughput = 0.71582 Mbps
49076[UE 1 | RB 1] Throughput = 1.31792 Mbps
49185[UE 1 | RB 1] Throughput = 1.20108 Mbps
49285[UE 1 | RB 1] Throughput = 0.71844 Mbps
49385[UE 1 | RB 1] Throughput = 1.07776 Mbps
49486[UE 1 | RB 1] Throughput = 1.19553 Mbps
49596[UE 1 | RB 1] Throughput = 1.19922 Mbps
49706[UE 1 | RB 1] Throughput = 0.76031 Mbps
49816[UE 1 | RB 1] Throughput = 1.31251 Mbps
49916[UE 1 | RB 1] Throughput = 1.07595 Mbps
50025[UE 1 | RB 1] Throughput = 0.98371 Mbps
50126[UE 1 | RB 1] Throughput = 1.19559 Mbps
50226[UE 1 | RB 1] Throughput = 1.07673 Mbps
50335[UE 1 | RB 1] Throughput = 0.65779 Mbps
50436[UE 1 | RB 1] Throughput = 1.31210 Mbps
50545[UE 1 | RB 1] Throughput = 1.20057 Mbps
50645[UE 1 | RB 1] Throughput = 1.19755 Mbps
50746[UE 1 | RB 1] Throughput = 0.83736 Mbps
50856[UE 1 | RB 1] Throughput = 1.08822 Mbps
50966[UE 1 | RB 1] Throughput = 1.30855 Mbps
52107[UE 1 | RB 1] Throughput = 0.06298 Mbps
52215[UE 1 | RB 1] Throughput = 11.53001 Mbps
52325[UE 1 | RB 1] Throughput = 0.87260 Mbps
52426[UE 1 | RB 1] Throughput = 1.19420 Mbps
52536[UE 1 | RB 1] Throughput = 1.09063 Mbps
52646[UE 1 | RB 1] Throughput = 1.09023 Mbps
52756[UE 1 | RB 1] Throughput = 1.08899 Mbps
52856[UE 1 | RB 1] Throughput = 0.95715 Mbps
52956[UE 1 | RB 1] Throughput = 1.07642 Mbps
53065[UE 1 | RB 1] Throughput = 1.09368 Mbps
53175[UE 1 | RB 1] Throughput = 1.09128 Mbps
53275[UE 1 | RB 1] Throughput = 1.07832 Mbps
53376[UE 1 | RB 1] Throughput = 0.95543 Mbps
53476[UE 1 | RB 1] Throughput = 1.31130 Mbps
53585[UE 1 | RB 1] Throughput = 0.65800 Mbps
53695[UE 1 | RB 1] Throughput = 0.76473 Mbps
53796[UE 1 | RB 1] Throughput = 0.95466 Mbps
53896[UE 1 | RB 1] Throughput = 1.07718 Mbps
54005[UE 1 | RB 1] Throughput = 0.98332 Mbps
54106[UE 1 | RB 1] Throughput = 1.79482 Mbps
54206[UE 1 | RB 1] Throughput = 1.07853 Mbps
54315[UE 1 | RB 1] Throughput = 1.20111 Mbps
54416[UE 1 | RB 1] Throughput = 0.71514 Mbps
54516[UE 1 | RB 1] Throughput = 1.43682 Mbps
54626[UE 1 | RB 1] Throughput = 0.54679 Mbps
54736[UE 1 | RB 1] Throughput = 1.19789 Mbps
54845[UE 1 | RB 1] Throughput = 1.30969 Mbps
54946[UE 1 | RB 1] Throughput = 1.19485 Mbps
55056[UE 1 | RB 1] Throughput = 1.08957 Mbps
55165[UE 1 | RB 1] Throughput = 0.65598 Mbps
55266[UE 1 | RB 1] Throughput = 1.55275 Mbps
55366[UE 1 | RB 1] Throughput = 0.95755 Mbps
55466[UE 1 | RB 1] Throughput = 0.95815 Mbps
55576[UE 1 | RB 1] Throughput = 1.19733 Mbps
55676[UE 1 | RB 1] Throughput = 1.07722 Mbps
55786[UE 1 | RB 1] Throughput = 0.98187 Mbps
55886[UE 1 | RB 1] Throughput = 1.19736 Mbps
55996[UE 1 | RB 1] Throughput = 1.09245 Mbps
56096[UE 1 | RB 1] Throughput = 0.71793 Mbps
56206[UE 1 | RB 1] Throughput = 1.41578 Mbps
56316[UE 1 | RB 1] Throughput = 0.65480 Mbps
56426[UE 1 | RB 1] Throughput = 1.30924 Mbps
56535[UE 1 | RB 1] Throughput = 0.98095 Mbps
56645[UE 1 | RB 1] Throughput = 1.19980 Mbps
56746[UE 1 | RB 1] Throughput = 0.83590 Mbps
56856[UE 1 | RB 1] Throughput = 1.19854 Mbps
56956[UE 1 | RB 1] Throughput = 1.31244 Mbps
57056[UE 1 | RB 1] Throughput = 0.59918 Mbps
57166[UE 1 | RB 1] Throughput = 1.42337 Mbps
57266[UE 1 | RB 1] Throughput = 0.83757 Mbps
57366[UE 1 | RB 1] Throughput = 1.19811 Mbps
57476[UE 1 | RB 1] Throughput = 1.19970 Mbps
57576[UE 1 | RB 1] Throughput = 0.95579 Mbps
57686[UE 1 | RB 1] Throughput = 1.19777 Mbps
57796[UE 1 | RB 1] Throughput = 0.65571 Mbps
57896[UE 1 | RB 1] Throughput = 1.31784 Mbps
58006[UE 1 | RB 1] Throughput = 1.08895 Mbps
58106[UE 1 | RB 1] Throughput = 1.19838 Mbps
58206[UE 1 | RB 1] Throughput = 0.71671 Mbps
58306[UE 1 | RB 1] Throughput = 1.31683 Mbps
58416[UE 1 | RB 1] Throughput = 1.19955 Mbps
58526[UE 1 | RB 1] Throughput = 0.98203 Mbps
58628[UE 1 | RB 1] Throughput = 1.17826 Mbps
58736[UE 1 | RB 1] Throughput = 0.77344 Mbps
58846[UE 1 | RB 1] Throughput = 1.19742 Mbps
58956[UE 1 | RB 1] Throughput = 1.09536 Mbps
59056[UE 1 | RB 1] Throughput = 1.31682 Mbps
59156[UE 1 | RB 1] Throughput = 0.83495 Mbps
59256[UE 1 | RB 1] Throughput = 0.95663 Mbps
59366[UE 1 | RB 1] Throughput = 1.08885 Mbps
59476[UE 1 | RB 1] Throughput = 0.98123 Mbps
59586[UE 1 | RB 1] Throughput = 1.20207 Mbps
59686[UE 1 | RB 1] Throughput = 1.19505 Mbps
59786[UE 1 | RB 1] Throughput = 0.71826 Mbps
59896[UE 1 | RB 1] Throughput = 1.19903 Mbps
60006[UE 1 | RB 1] Throughput = 1.30793 Mbps
60116[UE 1 | RB 1] Throughput = 0.65514 Mbps
60216[UE 1 | RB 1] Throughput = 1.43796 Mbps
60316[UE 1 | RB 1] Throughput = 0.71819 Mbps
60427[UE 1 | RB 1] Throughput = 1.30341 Mbps
60536[UE 1 | RB 1] Throughput = 1.09244 Mbps
60636[UE 1 | RB 1] Throughput = 0.83875 Mbps
60736[UE 1 | RB 1] Throughput = 0.95786 Mbps
60846[UE 1 | RB 1] Throughput = 1.31105 Mbps
60946[UE 1 | RB 1] Throughput = 0.83628 Mbps
61046[UE 1 | RB 1] Throughput = 0.83833 Mbps
61156[UE 1 | RB 1] Throughput = 1.64226 Mbps
61256[UE 1 | RB 1] Throughput = 0.95734 Mbps
61366[UE 1 | RB 1] Throughput = 1.19662 Mbps
61466[UE 1 | RB 1] Throughput = 0.71819 Mbps
61576[UE 1 | RB 1] Throughput = 1.19918 Mbps
61686[UE 1 | RB 1] Throughput = 1.31258 Mbps
61786[UE 1 | RB 1] Throughput = 0.71832 Mbps
61886[UE 1 | RB 1] Throughput = 1.19294 Mbps
61996[UE 1 | RB 1] Throughput = 1.30862 Mbps
62106[UE 1 | RB 1] Throughput = 0.65266 Mbps
62216[UE 1 | RB 1] Throughput = 1.20032 Mbps
62316[UE 1 | RB 1] Throughput = 1.19797 Mbps
62416[UE 1 | RB 1] Throughput = 1.19647 Mbps
62526[UE 1 | RB 1] Throughput = 0.87352 Mbps
62626[UE 1 | RB 1] Throughput = 1.31709 Mbps
62727[UE 1 | RB 1] Throughput = 0.71591 Mbps
62836[UE 1 | RB 1] Throughput = 1.09424 Mbps
62946[UE 1 | RB 1] Throughput = 1.30383 Mbps
63047[UE 1 | RB 1] Throughput = 0.59870 Mbps
63147[UE 1 | RB 1] Throughput = 1.43776 Mbps
63256[UE 1 | RB 1] Throughput = 1.09599 Mbps
63356[UE 1 | RB 1] Throughput = 0.71846 Mbps
63456[UE 1 | RB 1] Throughput = 1.43710 Mbps
63556[UE 1 | RB 1] Throughput = 1.19688 Mbps
63656[UE 1 | RB 1] Throughput = 0.59784 Mbps
63766[UE 1 | RB 1] Throughput = 1.41704 Mbps
63876[UE 1 | RB 1] Throughput = 1.09031 Mbps
63986[UE 1 | RB 1] Throughput = 0.98242 Mbps
64087[UE 1 | RB 1] Throughput = 1.07205 Mbps
64196[UE 1 | RB 1] Throughput = 0.76651 Mbps
64306[UE 1 | RB 1] Throughput = 1.30578 Mbps
64407[UE 1 | RB 1] Throughput = 0.71695 Mbps
64516[UE 1 | RB 1] Throughput = 1.63926 Mbps
64616[UE 1 | RB 1] Throughput = 0.95846 Mbps
64726[UE 1 | RB 1] Throughput = 0.98008 Mbps
64826[UE 1 | RB 1] Throughput = 1.07674 Mbps
64936[UE 1 | RB 1] Throughput = 1.09465 Mbps
65036[UE 1 | RB 1] Throughput = 0.71904 Mbps
65136[UE 1 | RB 1] Throughput = 1.43399 Mbps
65246[UE 1 | RB 1] Throughput = 1.08759 Mbps
65356[UE 1 | RB 1] Throughput = 0.98222 Mbps
65466[UE 1 | RB 1] Throughput = 0.65356 Mbps
65567[UE 1 | RB 1] Throughput = 1.31214 Mbps
65677[UE 1 | RB 1] Throughput = 1.09045 Mbps
65786[UE 1 | RB 1] Throughput = 1.09222 Mbps
65896[UE 1 | RB 1] Throughput = 1.08847 Mbps
66006[UE 1 | RB 1] Throughput = 1.09132 Mbps
66107[UE 1 | RB 1] Throughput = 1.19346 Mbps
66217[UE 1 | RB 1] Throughput = 0.86797 Mbps
66326[UE 1 | RB 1] Throughput = 1.31766 Mbps
66437[UE 1 | RB 1] Throughput = 0.65171 Mbps
66547[UE 1 | RB 1] Throughput = 1.41477 Mbps
66657[UE 1 | RB 1] Throughput = 1.19980 Mbps
66767[UE 1 | RB 1] Throughput = 0.76260 Mbps
66876[UE 1 | RB 1] Throughput = 0.98326 Mbps
66986[UE 1 | RB 1] Throughput = 1.30798 Mbps
67087[UE 1 | RB 1] Throughput = 0.83480 Mbps
67196[UE 1 | RB 1] Throughput = 0.98413 Mbps
67307[UE 1 | RB 1] Throughput = 1.19138 Mbps
67407[UE 1 | RB 1] Throughput = 1.19629 Mbps
67516[UE 1 | RB 1] Throughput = 0.65914 Mbps
67616[UE 1 | RB 1] Throughput = 1.55507 Mbps
67716[UE 1 | RB 1] Throughput = 1.07823 Mbps
67816[UE 1 | RB 1] Throughput = 1.31800 Mbps
67926[UE 1 | RB 1] Throughput = 0.87102 Mbps
68036[UE 1 | RB 1] Throughput = 1.09014 Mbps
68137[UE 1 | RB 1] Throughput = 0.71712 Mbps
68246[UE 1 | RB 1] Throughput = 1.52842 Mbps
68347[UE 1 | RB 1] Throughput = 0.95756 Mbps
68447[UE 1 | RB 1] Throughput = 1.07825 Mbps
68547[UE 1 | RB 1] Throughput = 1.07711 Mbps
68657[UE 1 | RB 1] Throughput = 0.87167 Mbps
68767[UE 1 | RB 1] Throughput = 1.41489 Mbps
68868[UE 1 | RB 1] Throughput = 0.94880 Mbps
68977[UE 1 | RB 1] Throughput = 1.10344 Mbps
69086[UE 1 | RB 1] Throughput = 0.98171 Mbps
69197[UE 1 | RB 1] Throughput = 1.08555 Mbps
69307[UE 1 | RB 1] Throughput = 0.98249 Mbps
69407[UE 1 | RB 1] Throughput = 1.07676 Mbps
69517[UE 1 | RB 1] Throughput = 1.09037 Mbps
69617[UE 1 | RB 1] Throughput = 0.95839 Mbps
69726[UE 1 | RB 1] Throughput = 0.98422 Mbps
69827[UE 1 | RB 1] Throughput = 1.31094 Mbps
69927[UE 1 | RB 1] Throughput = 1.19783 Mbps
70036[UE 1 | RB 1] Throughput = 0.65657 Mbps
70137[UE 1 | RB 1] Throughput = 1.30770 Mbps
70246[UE 1 | RB 1] Throughput = 1.20569 Mbps
70357[UE 1 | RB 1] Throughput = 0.76252 Mbps
70457[UE 1 | RB 1] Throughput = 1.43728 Mbps
70567[UE 1 | RB 1] Throughput = 1.08921 Mbps
70667[UE 1 | RB 1] Throughput = 0.71804 Mbps
70767[UE 1 | RB 1] Throughput = 1.43766 Mbps
70877[UE 1 | RB 1] Throughput = 0.87225 Mbps
70987[UE 1 | RB 1] Throughput = 1.30721 Mbps
71087[UE 1 | RB 1] Throughput = 0.71624 Mbps
71187[UE 1 | RB 1] Throughput = 1.07777 Mbps
71297[UE 1 | RB 1] Throughput = 1.09160 Mbps
71407[UE 1 | RB 1] Throughput = 1.20139 Mbps
71507[UE 1 | RB 1] Throughput = 0.71869 Mbps
71607[UE 1 | RB 1] Throughput = 1.43742 Mbps
71707[UE 1 | RB 1] Throughput = 0.71819 Mbps
71807[UE 1 | RB 1] Throughput = 1.43785 Mbps
71917[UE 1 | RB 1] Throughput = 0.98060 Mbps
72027[UE 1 | RB 1] Throughput = 0.43702 Mbps
72127[UE 1 | RB 1] Throughput = 1.67583 Mbps
72236[UE 1 | RB 1] Throughput = 0.98370 Mbps
75341[UE 1 | RB 1] Throughput = 0.02702 Mbps
75447[UE 1 | RB 1] Throughput = 31.98244 Mbps
75556[UE 1 | RB 1] Throughput = 0.65623 Mbps
75657[UE 1 | RB 1] Throughput = 1.43014 Mbps
75767[UE 1 | RB 1] Throughput = 0.98349 Mbps
75867[UE 1 | RB 1] Throughput = 1.19432 Mbps
75977[UE 1 | RB 1] Throughput = 0.76413 Mbps
76077[UE 1 | RB 1] Throughput = 1.43607 Mbps
76187[UE 1 | RB 1] Throughput = 0.65427 Mbps
76297[UE 1 | RB 1] Throughput = 1.52197 Mbps
76407[UE 1 | RB 1] Throughput = 0.65600 Mbps
76507[UE 1 | RB 1] Throughput = 1.43626 Mbps
76607[UE 1 | RB 1] Throughput = 0.71758 Mbps
76707[UE 1 | RB 1] Throughput = 1.31541 Mbps
76817[UE 1 | RB 1] Throughput = 1.30995 Mbps
76917[UE 1 | RB 1] Throughput = 0.71827 Mbps
77017[UE 1 | RB 1] Throughput = 1.31628 Mbps
77127[UE 1 | RB 1] Throughput = 0.76638 Mbps
77237[UE 1 | RB 1] Throughput = 1.09084 Mbps
77337[UE 1 | RB 1] Throughput = 1.19588 Mbps
77437[UE 1 | RB 1] Throughput = 1.07585 Mbps
77537[UE 1 | RB 1] Throughput = 0.59858 Mbps
77647[UE 1 | RB 1] Throughput = 1.41927 Mbps
77747[UE 1 | RB 1] Throughput = 1.31591 Mbps
77857[UE 1 | RB 1] Throughput = 0.87493 Mbps
77957[UE 1 | RB 1] Throughput = 1.19730 Mbps
78057[UE 1 | RB 1] Throughput = 1.19683 Mbps
78167[UE 1 | RB 1] Throughput = 0.87137 Mbps
78268[UE 1 | RB 1] Throughput = 0.83414 Mbps
78377[UE 1 | RB 1] Throughput = 1.31541 Mbps
78487[UE 1 | RB 1] Throughput = 1.19876 Mbps
78587[UE 1 | RB 1] Throughput = 0.71723 Mbps
78697[UE 1 | RB 1] Throughput = 1.30906 Mbps
78797[UE 1 | RB 1] Throughput = 0.71779 Mbps
78907[UE 1 | RB 1] Throughput = 1.41343 Mbps
79017[UE 1 | RB 1] Throughput = 0.65695 Mbps
79117[UE 1 | RB 1] Throughput = 0.95438 Mbps
79227[UE 1 | RB 1] Throughput = 1.30761 Mbps
79337[UE 1 | RB 1] Throughput = 1.30770 Mbps
79437[UE 1 | RB 1] Throughput = 0.71774 Mbps
79537[UE 1 | RB 1] Throughput = 1.43807 Mbps
79647[UE 1 | RB 1] Throughput = 0.65656 Mbps
79748[UE 1 | RB 1] Throughput = 1.42732 Mbps
79857[UE 1 | RB 1] Throughput = 1.09739 Mbps
79957[UE 1 | RB 1] Throughput = 0.71802 Mbps
80057[UE 1 | RB 1] Throughput = 1.43118 Mbps
80167[UE 1 | RB 1] Throughput = 0.98705 Mbps
80267[UE 1 | RB 1] Throughput = 1.19272 Mbps
80377[UE 1 | RB 1] Throughput = 0.98179 Mbps
80477[UE 1 | RB 1] Throughput = 0.95826 Mbps
80587[UE 1 | RB 1] Throughput = 1.31041 Mbps
80697[UE 1 | RB 1] Throughput = 0.65445 Mbps
80797[UE 1 | RB 1] Throughput = 1.43068 Mbps
80897[UE 1 | RB 1] Throughput = 0.59839 Mbps
81007[UE 1 | RB 1] Throughput = 1.31136 Mbps
81107[UE 1 | RB 1] Throughput = 1.31659 Mbps
81207[UE 1 | RB 1] Throughput = 0.71834 Mbps
81317[UE 1 | RB 1] Throughput = 1.31004 Mbps
81417[UE 1 | RB 1] Throughput = 1.07640 Mbps
81518[UE 1 | RB 1] Throughput = 1.07518 Mbps
81618[UE 1 | RB 1] Throughput = 1.07855 Mbps
81727[UE 1 | RB 1] Throughput = 1.20238 Mbps
81827[UE 1 | RB 1] Throughput = 0.71692 Mbps
81937[UE 1 | RB 1] Throughput = 1.19964 Mbps
82038[UE 1 | RB 1] Throughput = 0.83657 Mbps
82148[UE 1 | RB 1] Throughput = 1.19804 Mbps
82258[UE 1 | RB 1] Throughput = 1.30789 Mbps
82368[UE 1 | RB 1] Throughput = 0.65370 Mbps
82477[UE 1 | RB 1] Throughput = 1.31420 Mbps
82577[UE 1 | RB 1] Throughput = 1.19616 Mbps
82677[UE 1 | RB 1] Throughput = 1.07798 Mbps
82787[UE 1 | RB 1] Throughput = 0.97945 Mbps
82897[UE 1 | RB 1] Throughput = 1.08943 Mbps
82997[UE 1 | RB 1] Throughput = 0.95857 Mbps
83097[UE 1 | RB 1] Throughput = 0.95818 Mbps
83207[UE 1 | RB 1] Throughput = 1.30987 Mbps
83317[UE 1 | RB 1] Throughput = 1.19701 Mbps
83417[UE 1 | RB 1] Throughput = 0.59909 Mbps
83527[UE 1 | RB 1] Throughput = 1.19868 Mbps
83627[UE 1 | RB 1] Throughput = 1.31742 Mbps
83728[UE 1 | RB 1] Throughput = 0.71824 Mbps
83838[UE 1 | RB 1] Throughput = 0.54353 Mbps
83947[UE 1 | RB 1] Throughput = 1.64298 Mbps
84057[UE 1 | RB 1] Throughput = 1.30506 Mbps
84167[UE 1 | RB 1] Throughput = 1.20182 Mbps
84268[UE 1 | RB 1] Throughput = 0.71490 Mbps
84377[UE 1 | RB 1] Throughput = 1.09823 Mbps
84477[UE 1 | RB 1] Throughput = 1.19046 Mbps
84578[UE 1 | RB 1] Throughput = 1.31567 Mbps
84687[UE 1 | RB 1] Throughput = 0.54581 Mbps
84797[UE 1 | RB 1] Throughput = 1.08977 Mbps
84898[UE 1 | RB 1] Throughput = 1.43502 Mbps
85007[UE 1 | RB 1] Throughput = 0.98287 Mbps
85107[UE 1 | RB 1] Throughput = 1.31810 Mbps
85208[UE 1 | RB 1] Throughput = 0.59812 Mbps
85308[UE 1 | RB 1] Throughput = 1.19762 Mbps
85417[UE 1 | RB 1] Throughput = 1.20016 Mbps
85518[UE 1 | RB 1] Throughput = 0.71794 Mbps
85628[UE 1 | RB 1] Throughput = 1.19929 Mbps
85737[UE 1 | RB 1] Throughput = 1.19934 Mbps
85847[UE 1 | RB 1] Throughput = 1.20200 Mbps
85947[UE 1 | RB 1] Throughput = 0.59753 Mbps
86048[UE 1 | RB 1] Throughput = 1.31600 Mbps
86157[UE 1 | RB 1] Throughput = 1.20237 Mbps
86257[UE 1 | RB 1] Throughput = 0.95613 Mbps
86358[UE 1 | RB 1] Throughput = 1.19569 Mbps
86467[UE 1 | RB 1] Throughput = 0.65532 Mbps
86577[UE 1 | RB 1] Throughput = 1.08873 Mbps
86678[UE 1 | RB 1] Throughput = 1.19532 Mbps
86788[UE 1 | RB 1] Throughput = 1.19942 Mbps
86897[UE 1 | RB 1] Throughput = 1.20139 Mbps
87007[UE 1 | RB 1] Throughput = 0.65417 Mbps
87107[UE 1 | RB 1] Throughput = 1.31757 Mbps
87208[UE 1 | RB 1] Throughput = 1.43359 Mbps
87308[UE 1 | RB 1] Throughput = 0.71872 Mbps
87418[UE 1 | RB 1] Throughput = 1.20062 Mbps
87518[UE 1 | RB 1] Throughput = 0.71623 Mbps
87627[UE 1 | RB 1] Throughput = 1.31584 Mbps
87728[UE 1 | RB 1] Throughput = 1.31286 Mbps
87838[UE 1 | RB 1] Throughput = 0.54450 Mbps
87938[UE 1 | RB 1] Throughput = 1.19756 Mbps
88047[UE 1 | RB 1] Throughput = 1.31316 Mbps
88148[UE 1 | RB 1] Throughput = 1.31297 Mbps
88248[UE 1 | RB 1] Throughput = 0.83799 Mbps
88348[UE 1 | RB 1] Throughput = 0.83866 Mbps
88457[UE 1 | RB 1] Throughput = 1.09219 Mbps
88558[UE 1 | RB 1] Throughput = 1.07735 Mbps
88658[UE 1 | RB 1] Throughput = 1.31537 Mbps
88768[UE 1 | RB 1] Throughput = 1.09046 Mbps
88868[UE 1 | RB 1] Throughput = 1.19814 Mbps
88978[UE 1 | RB 1] Throughput = 0.65435 Mbps
89078[UE 1 | RB 1] Throughput = 1.43781 Mbps
89188[UE 1 | RB 1] Throughput = 0.65393 Mbps
89288[UE 1 | RB 1] Throughput = 1.31604 Mbps
89397[UE 1 | RB 1] Throughput = 1.31244 Mbps
89498[UE 1 | RB 1] Throughput = 0.59659 Mbps
89598[UE 1 | RB 1] Throughput = 1.19785 Mbps
89708[UE 1 | RB 1] Throughput = 1.30532 Mbps
89808[UE 1 | RB 1] Throughput = 0.83759 Mbps
89918[UE 1 | RB 1] Throughput = 1.20159 Mbps
[xApp]: E42 RIC_SUBSCRIPTION_DELETE_REQUEST tx RAN_FUNC_ID 144 RIC_REQ_ID 1 
[xApp]: E42 SUBSCRIPTION DELETE RESPONSE rx
[xApp]: E42 RIC_SUBSCRIPTION_DELETE_REQUEST tx RAN_FUNC_ID 144 RIC_REQ_ID 2 
[xApp]: E42 SUBSCRIPTION DELETE RESPONSE rx
[xApp]: E42 RIC_SUBSCRIPTION_DELETE_REQUEST tx RAN_FUNC_ID 144 RIC_REQ_ID 3 
[xApp]: E42 SUBSCRIPTION DELETE RESPONSE rx
[xApp]: Sucessfully stopped 
Test xApp run SUCCESSFULLY
