[UTIL]: Setting the config -c file to /usr/local/etc/flexric/flexric.conf
[UTIL]: Setting path -p for the shared libraries to /usr/local/lib/flexric/
[xAapp]: Initializing ... 
[xApp]: nearRT-RIC IP Address = 192.168.70.150, PORT = 36422
[E2 AGENT]: Opening plugin from path = /usr/local/lib/flexric/libkpm_sm.so 
[E2 AGENT]: Opening plugin from path = /usr/local/lib/flexric/libmac_sm.so 
[E2 AGENT]: Opening plugin from path = /usr/local/lib/flexric/libpdcp_sm.so 
[E2 AGENT]: Opening plugin from path = /usr/local/lib/flexric/libgtp_sm.so 
[E2 AGENT]: Opening plugin from path = /usr/local/lib/flexric/librc_sm.so 
[E2 AGENT]: Opening plugin from path = /usr/local/lib/flexric/libtc_sm.so 
[E2 AGENT]: Opening plugin from path = /usr/local/lib/flexric/librlc_sm.so 
[E2 AGENT]: Opening plugin from path = /usr/local/lib/flexric/libslice_sm.so 
[NEAR-RIC]: Loading SM ID = 2 with def = ORAN-E2SM-KPM 
[NEAR-RIC]: Loading SM ID = 142 with def = MAC_STATS_V0 
[NEAR-RIC]: Loading SM ID = 144 with def = PDCP_STATS_V0 
[NEAR-RIC]: Loading SM ID = 148 with def = GTP_STATS_V0 
[NEAR-RIC]: Loading SM ID = 3 with def = ORAN-E2SM-RC 
[NEAR-RIC]: Loading SM ID = 146 with def = TC_STATS_V0 
[NEAR-RIC]: Loading SM ID = 143 with def = RLC_STATS_V0 
[NEAR-RIC]: Loading SM ID = 145 with def = SLICE_STATS_V0 
[xApp]: DB filename = /tmp/flexric/xapp_db 
 [xApp]: E42 SETUP-REQUEST tx
[xApp]: E42 SETUP-RESPONSE rx 
[xApp]: xApp ID = 10 
[xApp]: Registered E2 Nodes = 3 
Connected E2 nodes = 3
[xAPP] Registered node 0 ran func id = 2 
 [xAPP] Registered node 0 ran func id = 3 
 [xAPP] Registered node 0 ran func id = 142 
 [xAPP] Registered node 0 ran func id = 143 
 [xAPP] Registered node 0 ran func id = 144 
 [xAPP] Registered node 0 ran func id = 145 
 [xAPP] Registered node 0 ran func id = 146 
 [xAPP] Registered node 0 ran func id = 148 
 [xApp]: E42 RIC SUBSCRIPTION REQUEST tx RAN_FUNC_ID 144 RIC_REQ_ID 1 
[xApp]: SUBSCRIPTION RESPONSE rx
[xApp]: Successfully subscribed to RAN_FUNC_ID 144 
[xAPP] Registered node 1 ran func id = 2 
 [xAPP] Registered node 1 ran func id = 3 
 [xAPP] Registered node 1 ran func id = 142 
 [xAPP] Registered node 1 ran func id = 143 
 [xAPP] Registered node 1 ran func id = 144 
 [xAPP] Registered node 1 ran func id = 145 
 [xAPP] Registered node 1 ran func id = 146 
 [xAPP] Registered node 1 ran func id = 148 
 [xApp]: E42 RIC SUBSCRIPTION REQUEST tx RAN_FUNC_ID 144 RIC_REQ_ID 2 
[xApp]: SUBSCRIPTION RESPONSE rx
[xApp]: Successfully subscribed to RAN_FUNC_ID 144 
[xAPP] Registered node 2 ran func id = 2 
 [xAPP] Registered node 2 ran func id = 3 
 [xAPP] Registered node 2 ran func id = 142 
 [xAPP] Registered node 2 ran func id = 143 
 [xAPP] Registered node 2 ran func id = 144 
 [xAPP] Registered node 2 ran func id = 145 
 [xAPP] Registered node 2 ran func id = 146 
 [xAPP] Registered node 2 ran func id = 148 
 [xApp]: E42 RIC SUBSCRIPTION REQUEST tx RAN_FUNC_ID 144 RIC_REQ_ID 3 
[xApp]: SUBSCRIPTION RESPONSE rx
[xApp]: Successfully subscribed to RAN_FUNC_ID 144 
133[UE 1 | RB 1] Throughput = 0.59790 Mbps
1220[UE 1 | RB 1] Throughput = 0.06616 Mbps
1323[UE 1 | RB 1] Throughput = 12.11140 Mbps
1424[UE 1 | RB 1] Throughput = 1.19405 Mbps
1534[UE 1 | RB 1] Throughput = 0.65401 Mbps
1643[UE 1 | RB 1] Throughput = 1.31225 Mbps
1764[UE 1 | RB 1] Throughput = 0.79408 Mbps
9028[UE 1 | RB 1] Throughput = 0.00825 Mbps
10054[UE 1 | RB 1] Throughput = 7.55702 Mbps
10164[UE 1 | RB 1] Throughput = 11.03409 Mbps
10273[UE 1 | RB 1] Throughput = 0.98295 Mbps
10374[UE 1 | RB 1] Throughput = 1.07691 Mbps
19653[UE 1 | RB 1] Throughput = 0.00517 Mbps
19754[UE 1 | RB 1] Throughput = 99.07085 Mbps
23813[UE 1 | RB 1] Throughput = 0.00886 Mbps
23925[UE 1 | RB 1] Throughput = 39.37776 Mbps
24034[UE 1 | RB 1] Throughput = 1.09788 Mbps
24135[UE 1 | RB 1] Throughput = 1.19584 Mbps
24244[UE 1 | RB 1] Throughput = 1.20492 Mbps
40455[UE 1 | RB 1] Throughput = 0.00370 Mbps
40577[UE 1 | RB 1] Throughput = 141.83002 Mbps
40696[UE 1 | RB 1] Throughput = 1.00783 Mbps
43784[UE 1 | RB 1] Throughput = 0.00388 Mbps
44806[UE 1 | RB 1] Throughput = 3.28228 Mbps
44915[UE 1 | RB 1] Throughput = 10.51439 Mbps
45016[UE 1 | RB 1] Throughput = 1.42595 Mbps
45125[UE 1 | RB 1] Throughput = 1.20681 Mbps
45236[UE 1 | RB 1] Throughput = 1.08793 Mbps
45337[UE 1 | RB 1] Throughput = 0.83038 Mbps
45446[UE 1 | RB 1] Throughput = 1.20781 Mbps
46535[UE 1 | RB 1] Throughput = 0.06601 Mbps
47687[UE 1 | RB 1] Throughput = 0.98875 Mbps
47796[UE 1 | RB 1] Throughput = 11.63197 Mbps
47906[UE 1 | RB 1] Throughput = 1.30557 Mbps
48006[UE 1 | RB 1] Throughput = 1.19779 Mbps
48116[UE 1 | RB 1] Throughput = 0.87242 Mbps
49286[UE 1 | RB 1] Throughput = 0.10240 Mbps
49396[UE 1 | RB 1] Throughput = 11.13988 Mbps
49507[UE 1 | RB 1] Throughput = 1.18727 Mbps
52615[UE 1 | RB 1] Throughput = 0.00000 Mbps
55751[UE 1 | RB 1] Throughput = 1.07774 Mbps
55877[UE 1 | RB 1] Throughput = 26.95166 Mbps
55986[UE 1 | RB 1] Throughput = 1.42739 Mbps
63239[UE 1 | RB 1] Throughput = 0.00496 Mbps
64263[UE 1 | RB 1] Throughput = 7.53962 Mbps
66311[UE 1 | RB 1] Throughput = 0.51495 Mbps
66417[UE 1 | RB 1] Throughput = 21.76182 Mbps
66527[UE 1 | RB 1] Throughput = 1.31400 Mbps
66627[UE 1 | RB 1] Throughput = 1.19640 Mbps
66738[UE 1 | RB 1] Throughput = 0.54066 Mbps
67783[UE 1 | RB 1] Throughput = 0.06876 Mbps
67887[UE 1 | RB 1] Throughput = 11.69397 Mbps
67987[UE 1 | RB 1] Throughput = 0.95466 Mbps
68108[UE 1 | RB 1] Throughput = 0.79684 Mbps
69193[UE 1 | RB 1] Throughput = 0.11044 Mbps
69297[UE 1 | RB 1] Throughput = 10.93746 Mbps
70408[UE 1 | RB 1] Throughput = 0.11868 Mbps
70558[UE 1 | RB 1] Throughput = 7.97779 Mbps
71559[UE 1 | RB 1] Throughput = 0.05983 Mbps
71687[UE 1 | RB 1] Throughput = 9.17719 Mbps
74760[UE 1 | RB 1] Throughput = 0.02340 Mbps
74867[UE 1 | RB 1] Throughput = 31.29392 Mbps
74977[UE 1 | RB 1] Throughput = 1.19752 Mbps
76105[UE 1 | RB 1] Throughput = 0.10627 Mbps
76208[UE 1 | RB 1] Throughput = 11.79712 Mbps
76318[UE 1 | RB 1] Throughput = 0.54459 Mbps
76428[UE 1 | RB 1] Throughput = 1.19727 Mbps
76537[UE 1 | RB 1] Throughput = 1.42432 Mbps
76638[UE 1 | RB 1] Throughput = 0.71279 Mbps
76747[UE 1 | RB 1] Throughput = 1.31471 Mbps
77832[UE 1 | RB 1] Throughput = 0.00000 Mbps
84041[UE 1 | RB 1] Throughput = 0.19301 Mbps
84149[UE 1 | RB 1] Throughput = 62.26382 Mbps
84268[UE 1 | RB 1] Throughput = 1.00175 Mbps
84379[UE 1 | RB 1] Throughput = 1.29572 Mbps
84487[UE 1 | RB 1] Throughput = 1.21741 Mbps
85577[UE 1 | RB 1] Throughput = 0.04401 Mbps
85678[UE 1 | RB 1] Throughput = 11.87322 Mbps
[xApp]: E42 RIC_SUBSCRIPTION_DELETE_REQUEST tx RAN_FUNC_ID 144 RIC_REQ_ID 1 
90889[UE 1 | RB 1] Throughput = 0.02529 Mbps
[xApp]: E42 SUBSCRIPTION DELETE RESPONSE rx
[xApp]: E42 RIC_SUBSCRIPTION_DELETE_REQUEST tx RAN_FUNC_ID 144 RIC_REQ_ID 2 
[xApp]: E42 SUBSCRIPTION DELETE RESPONSE rx
[xApp]: E42 RIC_SUBSCRIPTION_DELETE_REQUEST tx RAN_FUNC_ID 144 RIC_REQ_ID 3 
[xApp]: E42 SUBSCRIPTION DELETE RESPONSE rx
[xApp]: Sucessfully stopped 
Test xApp run SUCCESSFULLY
