------------------------------------------------------------
Server listening on UDP port 5001
UDP buffer size:  208 KByte (default)
------------------------------------------------------------
[  1] local 12.1.1.1 port 5001 connected with 12.1.1.38 port 40250
[  2] local 12.1.1.1 port 5001 connected with 12.1.1.37 port 52229
[  3] local 12.1.1.1 port 5001 connected with 12.1.1.34 port 53930
[  4] local 12.1.1.1 port 5001 connected with 12.1.1.33 port 49567
[  5] local 12.1.1.1 port 5001 connected with 12.1.1.39 port 49318
[  6] local 12.1.1.1 port 5001 connected with 12.1.1.40 port 34805
[  7] local 12.1.1.1 port 5001 connected with 12.1.1.32 port 45197
[  8] local 12.1.1.1 port 5001 connected with 12.1.1.35 port 58568
[  9] local 12.1.1.1 port 5001 connected with 12.1.1.41 port 60482
[ 10] local 12.1.1.1 port 5001 connected with 12.1.1.36 port 45234
[ ID] Interval       Transfer     Bandwidth        Jitter   Lost/Total Datagrams
[  1] 0.0000-1.0000 sec  83.3 KBytes   682 Kbits/sec  13.780 ms 3246/3304 (98%)
[  4] 0.0000-1.0000 sec  73.2 KBytes   600 Kbits/sec  14.063 ms 3579/3630 (99%)
[  2] 0.0000-1.0000 sec  83.3 KBytes   682 Kbits/sec  14.750 ms 3289/3347 (98%)
[  5] 0.0000-1.0000 sec  86.1 KBytes   706 Kbits/sec  13.701 ms 3289/3349 (98%)
[  6] 0.0000-1.0000 sec  86.1 KBytes   706 Kbits/sec  13.371 ms 3305/3365 (98%)
[  8] 0.0000-1.0000 sec  73.2 KBytes   600 Kbits/sec  13.703 ms 3587/3638 (99%)
[  9] 0.0000-1.0000 sec  84.7 KBytes   694 Kbits/sec  14.160 ms 3287/3346 (98%)
[  3] 0.0000-1.0000 sec  86.1 KBytes   706 Kbits/sec  14.242 ms 3578/3638 (98%)
[  7] 0.0000-1.0000 sec  84.7 KBytes   694 Kbits/sec  15.504 ms 3560/3619 (98%)
[ 10] 0.0000-1.0000 sec  84.7 KBytes   694 Kbits/sec  15.071 ms 3567/3626 (98%)
[  4] 1.0000-2.0000 sec  74.6 KBytes   612 Kbits/sec  15.847 ms 0/52 (0%)
[  3] 1.0000-2.0000 sec  63.2 KBytes   517 Kbits/sec  14.933 ms 0/44 (0%)
[  7] 1.0000-2.0000 sec  64.6 KBytes   529 Kbits/sec  14.796 ms 0/45 (0%)
[  8] 1.0000-2.0000 sec  74.6 KBytes   612 Kbits/sec  15.354 ms 0/52 (0%)
[  1] 1.0000-2.0000 sec  96.2 KBytes   788 Kbits/sec  13.158 ms 0/67 (0%)
[  2] 1.0000-2.0000 sec  94.7 KBytes   776 Kbits/sec  13.066 ms 0/66 (0%)
[ 10] 1.0000-2.0000 sec  66.0 KBytes   541 Kbits/sec  22.079 ms 0/46 (0%)
[  5] 1.0000-2.0000 sec  96.2 KBytes   788 Kbits/sec  13.371 ms 0/67 (0%)
[  6] 1.0000-2.0000 sec  94.7 KBytes   776 Kbits/sec  12.807 ms 0/66 (0%)
[  9] 1.0000-2.0000 sec  96.2 KBytes   788 Kbits/sec  14.297 ms 0/67 (0%)
[  4] 2.0000-3.0000 sec  76.1 KBytes   623 Kbits/sec  23.354 ms 0/53 (0%)
[  1] 2.0000-3.0000 sec  86.1 KBytes   706 Kbits/sec  12.085 ms 0/60 (0%)
[  5] 2.0000-3.0000 sec  84.7 KBytes   694 Kbits/sec  13.508 ms 0/59 (0%)
[  2] 2.0000-3.0000 sec  84.7 KBytes   694 Kbits/sec  12.480 ms 0/59 (0%)
[  3] 2.0000-3.0000 sec  84.7 KBytes   694 Kbits/sec  15.204 ms 0/59 (0%)
[  6] 2.0000-3.0000 sec  84.7 KBytes   694 Kbits/sec  13.282 ms 0/59 (0%)
[  9] 2.0000-3.0000 sec  84.7 KBytes   694 Kbits/sec  14.730 ms 0/59 (0%)
[  7] 2.0000-3.0000 sec  84.7 KBytes   694 Kbits/sec  15.320 ms 0/59 (0%)
[  8] 2.0000-3.0000 sec  84.7 KBytes   694 Kbits/sec  15.107 ms 0/59 (0%)
[ 10] 2.0000-3.0000 sec  83.3 KBytes   682 Kbits/sec  14.752 ms 0/58 (0%)
[  1] 3.0000-4.0000 sec  84.7 KBytes   694 Kbits/sec  12.825 ms 0/59 (0%)
[  4] 3.0000-4.0000 sec  61.7 KBytes   506 Kbits/sec  18.872 ms 0/43 (0%)
[  2] 3.0000-4.0000 sec  84.7 KBytes   694 Kbits/sec  12.665 ms 0/59 (0%)
[  5] 3.0000-4.0000 sec  84.7 KBytes   694 Kbits/sec  12.579 ms 0/59 (0%)
[  8] 3.0000-4.0000 sec  51.7 KBytes   423 Kbits/sec  19.470 ms 0/36 (0%)
[  6] 3.0000-4.0000 sec  84.7 KBytes   694 Kbits/sec  12.255 ms 0/59 (0%)
[  9] 3.0000-4.0000 sec  86.1 KBytes   706 Kbits/sec  12.344 ms 0/60 (0%)
[  3] 3.0000-4.0000 sec  63.2 KBytes   517 Kbits/sec  19.017 ms 0/44 (0%)
[  7] 3.0000-4.0000 sec  64.6 KBytes   529 Kbits/sec  18.628 ms 0/45 (0%)
[ 10] 3.0000-4.0000 sec  64.6 KBytes   529 Kbits/sec  18.552 ms 0/45 (0%)
[  6] 4.0000-5.0000 sec  64.6 KBytes   529 Kbits/sec  27.845 ms 0/45 (0%)
[  3] 4.0000-5.0000 sec  63.2 KBytes   517 Kbits/sec  16.956 ms 0/44 (0%)
[  4] 4.0000-5.0000 sec  76.1 KBytes   623 Kbits/sec  16.510 ms 0/53 (0%)
[  1] 4.0000-5.0000 sec  73.2 KBytes   600 Kbits/sec  16.295 ms 0/51 (0%)
[  2] 4.0000-5.0000 sec  76.1 KBytes   623 Kbits/sec  16.960 ms 0/53 (0%)
[  7] 4.0000-5.0000 sec  63.2 KBytes   517 Kbits/sec  16.239 ms 0/44 (0%)
[  8] 4.0000-5.0000 sec  77.5 KBytes   635 Kbits/sec  15.664 ms 0/54 (0%)
[  5] 4.0000-5.0000 sec  73.2 KBytes   600 Kbits/sec  17.520 ms 0/51 (0%)
[ 10] 4.0000-5.0000 sec  63.2 KBytes   517 Kbits/sec  15.847 ms 0/44 (0%)
[  9] 4.0000-5.0000 sec  73.2 KBytes   600 Kbits/sec  18.006 ms 0/51 (0%)
[  2] 5.0000-6.0000 sec  74.6 KBytes   612 Kbits/sec  21.291 ms 0/52 (0%)
[  6] 5.0000-6.0000 sec  86.1 KBytes   706 Kbits/sec  19.538 ms 0/60 (0%)
[  8] 5.0000-6.0000 sec  74.6 KBytes   612 Kbits/sec  22.813 ms 0/52 (0%)
[  1] 5.0000-6.0000 sec  84.7 KBytes   694 Kbits/sec  13.366 ms 0/59 (0%)
[  4] 5.0000-6.0000 sec  84.7 KBytes   694 Kbits/sec  14.604 ms 0/59 (0%)
[  3] 5.0000-6.0000 sec  84.7 KBytes   694 Kbits/sec  14.836 ms 0/59 (0%)
[  5] 5.0000-6.0000 sec  86.1 KBytes   706 Kbits/sec  13.070 ms 0/60 (0%)
[  7] 5.0000-6.0000 sec  84.7 KBytes   694 Kbits/sec  14.329 ms 0/59 (0%)
[  9] 5.0000-6.0000 sec  84.7 KBytes   694 Kbits/sec  13.934 ms 0/59 (0%)
[ 10] 5.0000-6.0000 sec  84.7 KBytes   694 Kbits/sec  14.547 ms 0/59 (0%)
[  1] 6.0000-7.0000 sec  74.6 KBytes   612 Kbits/sec  14.106 ms 0/52 (0%)
[  2] 6.0000-7.0000 sec  83.3 KBytes   682 Kbits/sec  14.245 ms 0/58 (0%)
[  5] 6.0000-7.0000 sec  74.6 KBytes   612 Kbits/sec  13.694 ms 0/52 (0%)
[  6] 6.0000-7.0000 sec  81.8 KBytes   670 Kbits/sec  13.817 ms 0/57 (0%)
[  3] 6.0000-7.0000 sec  77.5 KBytes   635 Kbits/sec  14.858 ms 0/54 (0%)
[  9] 6.0000-7.0000 sec  76.1 KBytes   623 Kbits/sec  13.414 ms 0/53 (0%)
[  4] 6.0000-7.0000 sec  73.2 KBytes   600 Kbits/sec  15.046 ms 0/51 (0%)
[  7] 6.0000-7.0000 sec  74.6 KBytes   612 Kbits/sec  15.976 ms 0/52 (0%)
[  8] 6.0000-7.0000 sec  83.3 KBytes   682 Kbits/sec  14.863 ms 0/58 (0%)
[ 10] 6.0000-7.0000 sec  74.6 KBytes   612 Kbits/sec  15.493 ms 0/52 (0%)
[  2] 7.0000-8.0000 sec  76.1 KBytes   623 Kbits/sec  15.026 ms 0/53 (0%)
[  1] 7.0000-8.0000 sec  76.1 KBytes   623 Kbits/sec  21.869 ms 0/53 (0%)
[  5] 7.0000-8.0000 sec  73.2 KBytes   600 Kbits/sec  14.397 ms 0/51 (0%)
[  3] 7.0000-8.0000 sec  73.2 KBytes   600 Kbits/sec  14.757 ms 0/51 (0%)
[  6] 7.0000-8.0000 sec  77.5 KBytes   635 Kbits/sec  13.654 ms 0/54 (0%)
[  4] 7.0000-8.0000 sec  74.6 KBytes   612 Kbits/sec  15.271 ms 0/52 (0%)
[  7] 7.0000-8.0000 sec  73.2 KBytes   600 Kbits/sec  15.471 ms 0/51 (0%)
[  8] 7.0000-8.0000 sec  74.6 KBytes   612 Kbits/sec  14.932 ms 0/52 (0%)
[ 10] 7.0000-8.0000 sec  73.2 KBytes   600 Kbits/sec  15.070 ms 0/51 (0%)
[  9] 7.0000-8.0000 sec  79.0 KBytes   647 Kbits/sec  15.024 ms 0/55 (0%)
[  4] 8.0000-9.0000 sec  71.8 KBytes   588 Kbits/sec  18.636 ms 0/50 (0%)
[  3] 8.0000-9.0000 sec  64.6 KBytes   529 Kbits/sec  26.357 ms 0/45 (0%)
[  7] 8.0000-9.0000 sec  64.6 KBytes   529 Kbits/sec  16.611 ms 0/45 (0%)
[  8] 8.0000-9.0000 sec  63.2 KBytes   517 Kbits/sec  17.114 ms 0/44 (0%)
[  1] 8.0000-9.0000 sec  81.8 KBytes   670 Kbits/sec  15.777 ms 0/57 (0%)
[  2] 8.0000-9.0000 sec  84.7 KBytes   694 Kbits/sec  15.168 ms 0/59 (0%)
[  5] 8.0000-9.0000 sec  84.7 KBytes   694 Kbits/sec  14.736 ms 0/59 (0%)
[ 10] 8.0000-9.0000 sec  63.2 KBytes   517 Kbits/sec  18.107 ms 0/44 (0%)
[  9] 8.0000-9.0000 sec  76.1 KBytes   623 Kbits/sec  15.063 ms 0/53 (0%)
[  6] 8.0000-9.0000 sec  84.7 KBytes   694 Kbits/sec  14.253 ms 0/59 (0%)
[  4] 9.0000-10.0000 sec  66.0 KBytes   541 Kbits/sec  15.235 ms 0/46 (0%)
[  1] 9.0000-10.0000 sec  86.1 KBytes   706 Kbits/sec  13.115 ms 0/60 (0%)
[  2] 9.0000-10.0000 sec  84.7 KBytes   694 Kbits/sec  13.478 ms 0/59 (0%)
[  8] 9.0000-10.0000 sec  73.2 KBytes   600 Kbits/sec  15.347 ms 0/51 (0%)
[  5] 9.0000-10.0000 sec  84.7 KBytes   694 Kbits/sec  13.536 ms 0/59 (0%)
[  9] 9.0000-10.0000 sec  84.7 KBytes   694 Kbits/sec  14.049 ms 0/59 (0%)
[  3] 9.0000-10.0000 sec  83.3 KBytes   682 Kbits/sec  15.017 ms 0/58 (0%)
[  6] 9.0000-10.0000 sec  84.7 KBytes   694 Kbits/sec  13.219 ms 0/59 (0%)
[  7] 9.0000-10.0000 sec  86.1 KBytes   706 Kbits/sec  15.047 ms 0/60 (0%)
[ 10] 9.0000-10.0000 sec  86.1 KBytes   706 Kbits/sec  15.307 ms 0/60 (0%)
[  2] 10.0000-11.0000 sec  73.2 KBytes   600 Kbits/sec  14.851 ms 0/51 (0%)
[  4] 10.0000-11.0000 sec  84.7 KBytes   694 Kbits/sec  13.800 ms 0/59 (0%)
[  6] 10.0000-11.0000 sec  76.1 KBytes   623 Kbits/sec  14.285 ms 0/53 (0%)
[  8] 10.0000-11.0000 sec  84.7 KBytes   694 Kbits/sec  13.821 ms 0/59 (0%)
[ 10] 10.0000-11.0000 sec  76.1 KBytes   623 Kbits/sec  14.186 ms 0/53 (0%)
[  1] 10.0000-11.0000 sec  84.7 KBytes   694 Kbits/sec  14.634 ms 0/59 (0%)
[  3] 10.0000-11.0000 sec  84.7 KBytes   694 Kbits/sec  13.957 ms 0/59 (0%)
[  5] 10.0000-11.0000 sec  86.1 KBytes   706 Kbits/sec  14.531 ms 0/60 (0%)
[  9] 10.0000-11.0000 sec  84.7 KBytes   694 Kbits/sec  15.759 ms 0/59 (0%)
[  7] 10.0000-11.0000 sec  84.7 KBytes   694 Kbits/sec  14.739 ms 0/59 (0%)
[  6] 11.0000-12.0000 sec  73.2 KBytes   600 Kbits/sec  13.844 ms 0/51 (0%)
[  1] 11.0000-12.0000 sec  74.6 KBytes   612 Kbits/sec  14.595 ms 0/52 (0%)
[  3] 11.0000-12.0000 sec  76.1 KBytes   623 Kbits/sec  14.850 ms 0/53 (0%)
[  2] 11.0000-12.0000 sec  86.1 KBytes   706 Kbits/sec  13.738 ms 0/60 (0%)
[  5] 11.0000-12.0000 sec  74.6 KBytes   612 Kbits/sec  14.491 ms 0/52 (0%)
[  4] 11.0000-12.0000 sec  84.7 KBytes   694 Kbits/sec  15.812 ms 0/59 (0%)
[  7] 11.0000-12.0000 sec  74.6 KBytes   612 Kbits/sec  15.448 ms 0/52 (0%)
[  9] 11.0000-12.0000 sec  73.2 KBytes   600 Kbits/sec  14.765 ms 0/51 (0%)
[  8] 11.0000-12.0000 sec  86.1 KBytes   706 Kbits/sec  15.151 ms 0/60 (0%)
[ 10] 11.0000-12.0000 sec  84.7 KBytes   694 Kbits/sec  15.473 ms 0/59 (0%)
[  3] 12.0000-13.0000 sec  84.7 KBytes   694 Kbits/sec  12.766 ms 0/59 (0%)
[  6] 12.0000-13.0000 sec  74.6 KBytes   612 Kbits/sec  17.361 ms 0/52 (0%)
[  4] 12.0000-13.0000 sec  84.7 KBytes   694 Kbits/sec  13.190 ms 0/59 (0%)
[  7] 12.0000-13.0000 sec  84.7 KBytes   694 Kbits/sec  12.640 ms 0/59 (0%)
[  8] 12.0000-13.0000 sec  84.7 KBytes   694 Kbits/sec  12.514 ms 0/59 (0%)
[  1] 12.0000-13.0000 sec  73.2 KBytes   600 Kbits/sec  17.910 ms 0/51 (0%)
[  2] 12.0000-13.0000 sec  74.6 KBytes   612 Kbits/sec  18.137 ms 0/52 (0%)
[  5] 12.0000-13.0000 sec  73.2 KBytes   600 Kbits/sec  17.920 ms 0/51 (0%)
[  9] 12.0000-13.0000 sec  76.1 KBytes   623 Kbits/sec  18.549 ms 0/53 (0%)
[ 10] 12.0000-13.0000 sec  93.3 KBytes   764 Kbits/sec  12.392 ms 0/65 (0%)
[  4] 13.0000-14.0000 sec  84.7 KBytes   694 Kbits/sec  13.783 ms 0/59 (0%)
[  1] 13.0000-14.0000 sec  64.6 KBytes   529 Kbits/sec  16.759 ms 0/45 (0%)
[  2] 13.0000-14.0000 sec  63.2 KBytes   517 Kbits/sec  17.003 ms 0/44 (0%)
[  8] 13.0000-14.0000 sec  84.7 KBytes   694 Kbits/sec  13.321 ms 0/59 (0%)
[  5] 13.0000-14.0000 sec  63.2 KBytes   517 Kbits/sec  17.261 ms 0/44 (0%)
[  9] 13.0000-14.0000 sec  64.6 KBytes   529 Kbits/sec  16.096 ms 0/45 (0%)
[  6] 13.0000-14.0000 sec  73.2 KBytes   600 Kbits/sec  16.490 ms 0/51 (0%)
[  3] 13.0000-14.0000 sec  94.7 KBytes   776 Kbits/sec  13.226 ms 0/66 (0%)
[  7] 13.0000-14.0000 sec  94.7 KBytes   776 Kbits/sec  13.977 ms 0/66 (0%)
[ 10] 13.0000-14.0000 sec  84.7 KBytes   694 Kbits/sec  14.841 ms 0/59 (0%)
[  2] 14.0000-15.0000 sec  84.7 KBytes   694 Kbits/sec  13.726 ms 0/59 (0%)
[  1] 14.0000-15.0000 sec  84.7 KBytes   694 Kbits/sec  13.760 ms 0/59 (0%)
[  3] 14.0000-15.0000 sec  74.6 KBytes   612 Kbits/sec  14.288 ms 0/52 (0%)
[  9] 14.0000-15.0000 sec  84.7 KBytes   694 Kbits/sec  13.588 ms 0/59 (0%)
[  5] 14.0000-15.0000 sec  84.7 KBytes   694 Kbits/sec  13.973 ms 0/59 (0%)
[  4] 14.0000-15.0000 sec  86.1 KBytes   706 Kbits/sec  13.966 ms 0/60 (0%)
[  7] 14.0000-15.0000 sec  76.1 KBytes   623 Kbits/sec  14.182 ms 0/53 (0%)
[  6] 14.0000-15.0000 sec  84.7 KBytes   694 Kbits/sec  13.323 ms 0/59 (0%)
[  8] 14.0000-15.0000 sec  84.7 KBytes   694 Kbits/sec  14.049 ms 0/59 (0%)
[ 10] 14.0000-15.0000 sec  77.5 KBytes   635 Kbits/sec  13.815 ms 0/54 (0%)
[  1] 15.0000-16.0000 sec  76.1 KBytes   623 Kbits/sec  15.430 ms 0/53 (0%)
[  3] 15.0000-16.0000 sec  84.7 KBytes   694 Kbits/sec  13.369 ms 0/59 (0%)
[  5] 15.0000-16.0000 sec  77.5 KBytes   635 Kbits/sec  14.014 ms 0/54 (0%)
[  2] 15.0000-16.0000 sec  73.2 KBytes   600 Kbits/sec  15.320 ms 0/51 (0%)
[  7] 15.0000-16.0000 sec  84.7 KBytes   694 Kbits/sec  13.279 ms 0/59 (0%)
[  4] 15.0000-16.0000 sec  84.7 KBytes   694 Kbits/sec  13.603 ms 0/59 (0%)
[  9] 15.0000-16.0000 sec  73.2 KBytes   600 Kbits/sec  14.463 ms 0/51 (0%)
[  6] 15.0000-16.0000 sec  76.1 KBytes   623 Kbits/sec  14.579 ms 0/53 (0%)
[ 10] 15.0000-16.0000 sec  84.7 KBytes   694 Kbits/sec  13.247 ms 0/59 (0%)
[  8] 15.0000-16.0000 sec  84.7 KBytes   694 Kbits/sec  13.335 ms 0/59 (0%)
[  5] 16.0000-17.0000 sec  74.6 KBytes   612 Kbits/sec  21.895 ms 0/52 (0%)
[  6] 16.0000-17.0000 sec  71.8 KBytes   588 Kbits/sec  16.197 ms 0/50 (0%)
[  3] 16.0000-17.0000 sec  86.1 KBytes   706 Kbits/sec  13.390 ms 0/60 (0%)
[  1] 16.0000-17.0000 sec  84.7 KBytes   694 Kbits/sec  15.151 ms 0/59 (0%)
[  4] 16.0000-17.0000 sec  84.7 KBytes   694 Kbits/sec  14.318 ms 0/59 (0%)
[  7] 16.0000-17.0000 sec  84.7 KBytes   694 Kbits/sec  14.064 ms 0/59 (0%)
[  2] 16.0000-17.0000 sec  86.1 KBytes   706 Kbits/sec  14.613 ms 0/60 (0%)
[ 10] 16.0000-17.0000 sec  84.7 KBytes   694 Kbits/sec  14.071 ms 0/59 (0%)
[  9] 16.0000-17.0000 sec  84.7 KBytes   694 Kbits/sec  14.521 ms 0/59 (0%)
[  8] 16.0000-17.0000 sec  86.1 KBytes   706 Kbits/sec  13.735 ms 0/60 (0%)
[  2] 17.0000-18.0000 sec  63.2 KBytes   517 Kbits/sec  16.495 ms 0/44 (0%)
[  3] 17.0000-18.0000 sec  73.2 KBytes   600 Kbits/sec  13.499 ms 0/51 (0%)
[  4] 17.0000-18.0000 sec  76.1 KBytes   623 Kbits/sec  13.533 ms 0/53 (0%)
[  7] 17.0000-18.0000 sec  73.2 KBytes   600 Kbits/sec  13.167 ms 0/51 (0%)
[  6] 17.0000-18.0000 sec  77.5 KBytes   635 Kbits/sec  15.508 ms 0/54 (0%)
[  8] 17.0000-18.0000 sec  74.6 KBytes   612 Kbits/sec  14.244 ms 0/52 (0%)
[  1] 17.0000-18.0000 sec  73.2 KBytes   600 Kbits/sec  15.264 ms 0/51 (0%)
[ 10] 17.0000-18.0000 sec  73.2 KBytes   600 Kbits/sec  13.529 ms 0/51 (0%)
[  5] 17.0000-18.0000 sec  83.3 KBytes   682 Kbits/sec  16.448 ms 0/58 (0%)
[  9] 17.0000-18.0000 sec  74.6 KBytes   612 Kbits/sec  17.302 ms 0/52 (0%)
[  6] 18.0000-19.0000 sec  73.2 KBytes   600 Kbits/sec  14.053 ms 0/51 (0%)
[  1] 18.0000-19.0000 sec  74.6 KBytes   612 Kbits/sec  14.704 ms 0/52 (0%)
[  5] 18.0000-19.0000 sec  74.6 KBytes   612 Kbits/sec  14.666 ms 0/52 (0%)
[  4] 18.0000-19.0000 sec  84.7 KBytes   694 Kbits/sec  13.629 ms 0/59 (0%)
[  2] 18.0000-19.0000 sec  84.7 KBytes   694 Kbits/sec  14.852 ms 0/59 (0%)
[  3] 18.0000-19.0000 sec  84.7 KBytes   694 Kbits/sec  13.777 ms 0/59 (0%)
[  7] 18.0000-19.0000 sec  84.7 KBytes   694 Kbits/sec  13.350 ms 0/59 (0%)
[  9] 18.0000-19.0000 sec  73.2 KBytes   600 Kbits/sec  14.899 ms 0/51 (0%)
[  8] 18.0000-19.0000 sec  84.7 KBytes   694 Kbits/sec  14.467 ms 0/59 (0%)
[ 10] 18.0000-19.0000 sec  84.7 KBytes   694 Kbits/sec  13.589 ms 0/59 (0%)
[  1] 19.0000-20.0000 sec  73.2 KBytes   600 Kbits/sec  14.992 ms 0/51 (0%)
[  2] 19.0000-20.0000 sec  76.1 KBytes   623 Kbits/sec  14.915 ms 0/53 (0%)
[  3] 19.0000-20.0000 sec  84.7 KBytes   694 Kbits/sec  13.199 ms 0/59 (0%)
[  4] 19.0000-20.0000 sec  86.1 KBytes   706 Kbits/sec  12.938 ms 0/60 (0%)
[  5] 19.0000-20.0000 sec  73.2 KBytes   600 Kbits/sec  14.545 ms 0/51 (0%)
[  9] 19.0000-20.0000 sec  76.1 KBytes   623 Kbits/sec  14.928 ms 0/53 (0%)
[  7] 19.0000-20.0000 sec  84.7 KBytes   694 Kbits/sec  13.623 ms 0/59 (0%)
[  8] 19.0000-20.0000 sec  84.7 KBytes   694 Kbits/sec  14.108 ms 0/59 (0%)
[ 10] 19.0000-20.0000 sec  84.7 KBytes   694 Kbits/sec  13.764 ms 0/59 (0%)
[  6] 19.0000-20.0000 sec  84.7 KBytes   694 Kbits/sec  14.241 ms 0/59 (0%)
[  2] 20.0000-21.0000 sec  73.2 KBytes   600 Kbits/sec  15.012 ms 0/51 (0%)
[  6] 20.0000-21.0000 sec  74.6 KBytes   612 Kbits/sec  14.719 ms 0/52 (0%)
[  3] 20.0000-21.0000 sec  74.6 KBytes   612 Kbits/sec  17.427 ms 0/52 (0%)
[  1] 20.0000-21.0000 sec  86.1 KBytes   706 Kbits/sec  14.205 ms 0/60 (0%)
[  4] 20.0000-21.0000 sec  71.8 KBytes   588 Kbits/sec  17.057 ms 0/50 (0%)
[  5] 20.0000-21.0000 sec  84.7 KBytes   694 Kbits/sec  14.272 ms 0/59 (0%)
[  9] 20.0000-21.0000 sec  84.7 KBytes   694 Kbits/sec  15.076 ms 0/59 (0%)
[  7] 20.0000-21.0000 sec  76.1 KBytes   623 Kbits/sec  17.774 ms 0/53 (0%)
[ 10] 20.0000-21.0000 sec  76.1 KBytes   623 Kbits/sec  18.030 ms 0/53 (0%)
[  8] 20.0000-21.0000 sec  73.2 KBytes   600 Kbits/sec  18.469 ms 0/51 (0%)
[  1] 21.0000-22.0000 sec  74.6 KBytes   612 Kbits/sec  15.992 ms 0/52 (0%)
[  4] 21.0000-22.0000 sec  76.1 KBytes   623 Kbits/sec  13.773 ms 0/53 (0%)
[  3] 21.0000-22.0000 sec  73.2 KBytes   600 Kbits/sec  14.465 ms 0/51 (0%)
[  7] 21.0000-22.0000 sec  73.2 KBytes   600 Kbits/sec  13.429 ms 0/51 (0%)
[  2] 21.0000-22.0000 sec  84.7 KBytes   694 Kbits/sec  15.452 ms 0/59 (0%)
[  8] 21.0000-22.0000 sec  77.5 KBytes   635 Kbits/sec  13.145 ms 0/54 (0%)
[  5] 21.0000-22.0000 sec  76.1 KBytes   623 Kbits/sec  14.749 ms 0/53 (0%)
[ 10] 21.0000-22.0000 sec  73.2 KBytes   600 Kbits/sec  13.430 ms 0/51 (0%)
[  9] 21.0000-22.0000 sec  73.2 KBytes   600 Kbits/sec  15.751 ms 0/51 (0%)
[  6] 21.0000-22.0000 sec  84.7 KBytes   694 Kbits/sec  15.351 ms 0/59 (0%)
[  2] 22.0000-23.0000 sec  76.1 KBytes   623 Kbits/sec  14.971 ms 0/53 (0%)
[  1] 22.0000-23.0000 sec  73.2 KBytes   600 Kbits/sec  16.120 ms 0/51 (0%)
[  3] 22.0000-23.0000 sec  84.7 KBytes   694 Kbits/sec  14.468 ms 0/59 (0%)
[  5] 22.0000-23.0000 sec  73.2 KBytes   600 Kbits/sec  15.188 ms 0/51 (0%)
[  4] 22.0000-23.0000 sec  84.7 KBytes   694 Kbits/sec  14.057 ms 0/59 (0%)
[  9] 22.0000-23.0000 sec  76.1 KBytes   623 Kbits/sec  15.649 ms 0/53 (0%)
[  7] 22.0000-23.0000 sec  84.7 KBytes   694 Kbits/sec  13.946 ms 0/59 (0%)
[  8] 22.0000-23.0000 sec  84.7 KBytes   694 Kbits/sec  14.123 ms 0/59 (0%)
[  6] 22.0000-23.0000 sec  73.2 KBytes   600 Kbits/sec  15.576 ms 0/51 (0%)
[ 10] 22.0000-23.0000 sec  84.7 KBytes   694 Kbits/sec  13.932 ms 0/59 (0%)
[  4] 23.0000-24.0000 sec  73.2 KBytes   600 Kbits/sec  14.834 ms 0/51 (0%)
[  8] 23.0000-24.0000 sec  74.6 KBytes   612 Kbits/sec  22.785 ms 0/52 (0%)
[  1] 23.0000-24.0000 sec  84.7 KBytes   694 Kbits/sec  14.410 ms 0/59 (0%)
[  2] 23.0000-24.0000 sec  84.7 KBytes   694 Kbits/sec  14.132 ms 0/59 (0%)
[  5] 23.0000-24.0000 sec  84.7 KBytes   694 Kbits/sec  13.902 ms 0/59 (0%)
[  3] 23.0000-24.0000 sec  86.1 KBytes   706 Kbits/sec  15.248 ms 0/60 (0%)
[  9] 23.0000-24.0000 sec  84.7 KBytes   694 Kbits/sec  14.101 ms 0/59 (0%)
[  7] 23.0000-24.0000 sec  84.7 KBytes   694 Kbits/sec  14.905 ms 0/59 (0%)
[  6] 23.0000-24.0000 sec  86.1 KBytes   706 Kbits/sec  13.731 ms 0/60 (0%)
[ 10] 23.0000-24.0000 sec  84.7 KBytes   694 Kbits/sec  14.472 ms 0/59 (0%)
[  3] 24.0000-25.0000 sec  84.7 KBytes   694 Kbits/sec  12.863 ms 0/59 (0%)
[  4] 24.0000-25.0000 sec  96.2 KBytes   788 Kbits/sec  12.273 ms 0/67 (0%)
[  1] 24.0000-25.0000 sec  64.6 KBytes   529 Kbits/sec  17.856 ms 0/45 (0%)
[  2] 24.0000-25.0000 sec  63.2 KBytes   517 Kbits/sec  18.345 ms 0/44 (0%)
[  7] 24.0000-25.0000 sec  84.7 KBytes   694 Kbits/sec  12.341 ms 0/59 (0%)
[  8] 24.0000-25.0000 sec  94.7 KBytes   776 Kbits/sec  11.768 ms 0/66 (0%)
[ 10] 24.0000-25.0000 sec  87.6 KBytes   717 Kbits/sec  16.796 ms 0/61 (0%)
[  5] 24.0000-25.0000 sec  63.2 KBytes   517 Kbits/sec  18.994 ms 0/44 (0%)
[  9] 24.0000-25.0000 sec  64.6 KBytes   529 Kbits/sec  17.735 ms 0/45 (0%)
[  6] 24.0000-25.0000 sec  63.2 KBytes   517 Kbits/sec  18.567 ms 0/44 (0%)
[  4] 25.0000-26.0000 sec  83.3 KBytes   682 Kbits/sec  12.984 ms 0/58 (0%)
[  5] 25.0000-26.0000 sec  64.6 KBytes   529 Kbits/sec  15.984 ms 0/45 (0%)
[  3] 25.0000-26.0000 sec  86.1 KBytes   706 Kbits/sec  13.500 ms 0/60 (0%)
[  7] 25.0000-26.0000 sec  86.1 KBytes   706 Kbits/sec  13.609 ms 0/60 (0%)
[  8] 25.0000-26.0000 sec  84.7 KBytes   694 Kbits/sec  13.977 ms 0/59 (0%)
[  6] 25.0000-26.0000 sec  63.2 KBytes   517 Kbits/sec  17.597 ms 0/44 (0%)
[  1] 25.0000-26.0000 sec  76.1 KBytes   623 Kbits/sec  16.462 ms 0/53 (0%)
[ 10] 25.0000-26.0000 sec  83.3 KBytes   682 Kbits/sec  12.538 ms 0/58 (0%)
[  2] 25.0000-26.0000 sec  73.2 KBytes   600 Kbits/sec  17.171 ms 0/51 (0%)
[  9] 25.0000-26.0000 sec  71.8 KBytes   588 Kbits/sec  17.690 ms 0/50 (0%)
[  4] 26.0000-27.0000 sec  87.6 KBytes   717 Kbits/sec  13.447 ms 0/61 (0%)
[  7] 26.0000-27.0000 sec  86.1 KBytes   706 Kbits/sec  21.379 ms 0/60 (0%)
[  3] 26.0000-27.0000 sec  91.9 KBytes   753 Kbits/sec  14.219 ms 0/64 (0%)
[  1] 26.0000-27.0000 sec  73.2 KBytes   600 Kbits/sec  13.459 ms 0/51 (0%)
[  2] 26.0000-27.0000 sec  74.6 KBytes   612 Kbits/sec  16.288 ms 0/52 (0%)
[  8] 26.0000-27.0000 sec  86.1 KBytes   706 Kbits/sec  13.372 ms 0/60 (0%)
[ 10] 26.0000-27.0000 sec  86.1 KBytes   706 Kbits/sec  14.326 ms 0/60 (0%)
[  5] 26.0000-27.0000 sec  84.7 KBytes   694 Kbits/sec  14.792 ms 0/59 (0%)
[  9] 26.0000-27.0000 sec  76.1 KBytes   623 Kbits/sec  14.750 ms 0/53 (0%)
[  6] 26.0000-27.0000 sec  84.7 KBytes   694 Kbits/sec  15.230 ms 0/59 (0%)
[  7] 27.0000-28.0000 sec  84.7 KBytes   694 Kbits/sec  21.558 ms 0/59 (0%)
[  6] 27.0000-28.0000 sec  64.6 KBytes   529 Kbits/sec  16.139 ms 0/45 (0%)
[  3] 27.0000-28.0000 sec  86.1 KBytes   706 Kbits/sec  13.133 ms 0/60 (0%)
[  2] 27.0000-28.0000 sec  73.2 KBytes   600 Kbits/sec  17.369 ms 0/51 (0%)
[  8] 27.0000-28.0000 sec  84.7 KBytes   694 Kbits/sec  13.406 ms 0/59 (0%)
[ 10] 27.0000-28.0000 sec  83.3 KBytes   682 Kbits/sec  14.368 ms 0/58 (0%)
[  5] 27.0000-28.0000 sec  76.1 KBytes   623 Kbits/sec  15.955 ms 0/53 (0%)
[  1] 27.0000-28.0000 sec  74.6 KBytes   612 Kbits/sec  17.777 ms 0/52 (0%)
[  4] 27.0000-28.0000 sec  94.7 KBytes   776 Kbits/sec  13.133 ms 0/66 (0%)
[  9] 27.0000-28.0000 sec  73.2 KBytes   600 Kbits/sec  16.416 ms 0/51 (0%)
[  3] 28.0000-29.0000 sec  73.2 KBytes   600 Kbits/sec  14.213 ms 0/51 (0%)
[  2] 28.0000-29.0000 sec  73.2 KBytes   600 Kbits/sec  15.240 ms 0/51 (0%)
[  1] 28.0000-29.0000 sec  76.1 KBytes   623 Kbits/sec  15.200 ms 0/53 (0%)
[  5] 28.0000-29.0000 sec  73.2 KBytes   600 Kbits/sec  14.734 ms 0/51 (0%)
[  9] 28.0000-29.0000 sec  74.6 KBytes   612 Kbits/sec  15.811 ms 0/52 (0%)
[  4] 28.0000-29.0000 sec  74.6 KBytes   612 Kbits/sec  15.460 ms 0/52 (0%)
[  7] 28.0000-29.0000 sec  83.3 KBytes   682 Kbits/sec  15.338 ms 0/58 (0%)
[  6] 28.0000-29.0000 sec  84.7 KBytes   694 Kbits/sec  15.239 ms 0/59 (0%)
[ 10] 28.0000-29.0000 sec  84.7 KBytes   694 Kbits/sec  16.209 ms 0/59 (0%)
[  8] 28.0000-29.0000 sec  84.7 KBytes   694 Kbits/sec  15.975 ms 0/59 (0%)
[  3] 29.0000-30.0000 sec  74.6 KBytes   612 Kbits/sec  15.870 ms 0/52 (0%)
[  2] 29.0000-30.0000 sec  86.1 KBytes   706 Kbits/sec  13.643 ms 0/60 (0%)
[  1] 29.0000-30.0000 sec  84.7 KBytes   694 Kbits/sec  13.964 ms 0/59 (0%)
[  4] 29.0000-30.0000 sec  73.2 KBytes   600 Kbits/sec  16.039 ms 0/51 (0%)
[  9] 29.0000-30.0000 sec  84.7 KBytes   694 Kbits/sec  14.473 ms 0/59 (0%)
[  7] 29.0000-30.0000 sec  76.1 KBytes   623 Kbits/sec  15.713 ms 0/53 (0%)
[  5] 29.0000-30.0000 sec  84.7 KBytes   694 Kbits/sec  13.516 ms 0/59 (0%)
[  6] 29.0000-30.0000 sec  86.1 KBytes   706 Kbits/sec  13.487 ms 0/60 (0%)
[  8] 29.0000-30.0000 sec  76.1 KBytes   623 Kbits/sec  16.591 ms 0/53 (0%)
[ 10] 29.0000-30.0000 sec  73.2 KBytes   600 Kbits/sec  16.928 ms 0/51 (0%)
[  1] 30.0000-31.0000 sec  76.1 KBytes   623 Kbits/sec  20.697 ms 0/53 (0%)
[  6] 30.0000-31.0000 sec  74.6 KBytes   612 Kbits/sec  14.013 ms 0/52 (0%)
[  3] 30.0000-31.0000 sec  73.2 KBytes   600 Kbits/sec  15.499 ms 0/51 (0%)
[  2] 30.0000-31.0000 sec  84.7 KBytes   694 Kbits/sec  13.895 ms 0/59 (0%)
[  4] 30.0000-31.0000 sec  76.1 KBytes   623 Kbits/sec  14.934 ms 0/53 (0%)
[  5] 30.0000-31.0000 sec  84.7 KBytes   694 Kbits/sec  13.725 ms 0/59 (0%)
[  9] 30.0000-31.0000 sec  86.1 KBytes   706 Kbits/sec  13.794 ms 0/60 (0%)
[  7] 30.0000-31.0000 sec  73.2 KBytes   600 Kbits/sec  15.417 ms 0/51 (0%)
[ 10] 30.0000-31.0000 sec  76.1 KBytes   623 Kbits/sec  15.221 ms 0/53 (0%)
[  8] 30.0000-31.0000 sec  73.2 KBytes   600 Kbits/sec  15.123 ms 0/51 (0%)
[  2] 31.0000-32.0000 sec  74.6 KBytes   612 Kbits/sec  15.120 ms 0/52 (0%)
[  1] 31.0000-32.0000 sec  83.3 KBytes   682 Kbits/sec  14.418 ms 0/58 (0%)
[  5] 31.0000-32.0000 sec  74.6 KBytes   612 Kbits/sec  15.371 ms 0/52 (0%)
[  4] 31.0000-32.0000 sec  73.2 KBytes   600 Kbits/sec  14.861 ms 0/51 (0%)
[  7] 31.0000-32.0000 sec  76.1 KBytes   623 Kbits/sec  15.111 ms 0/53 (0%)
[  9] 31.0000-32.0000 sec  73.2 KBytes   600 Kbits/sec  15.064 ms 0/51 (0%)
[  6] 31.0000-32.0000 sec  84.7 KBytes   694 Kbits/sec  14.913 ms 0/59 (0%)
[  3] 31.0000-32.0000 sec  84.7 KBytes   694 Kbits/sec  14.825 ms 0/59 (0%)
[  8] 31.0000-32.0000 sec  74.6 KBytes   612 Kbits/sec  15.556 ms 0/52 (0%)
[ 10] 31.0000-32.0000 sec  73.2 KBytes   600 Kbits/sec  14.527 ms 0/51 (0%)
[  1] 32.0000-33.0000 sec  84.7 KBytes   694 Kbits/sec  13.180 ms 0/59 (0%)
[  3] 32.0000-33.0000 sec  76.1 KBytes   623 Kbits/sec  14.660 ms 0/53 (0%)
[  6] 32.0000-33.0000 sec  84.7 KBytes   694 Kbits/sec  13.778 ms 0/59 (0%)
[  8] 32.0000-33.0000 sec  73.2 KBytes   600 Kbits/sec  15.692 ms 0/51 (0%)
[  2] 32.0000-33.0000 sec  94.7 KBytes   776 Kbits/sec  13.559 ms 0/66 (0%)
[  4] 32.0000-33.0000 sec  84.7 KBytes   694 Kbits/sec  14.996 ms 0/59 (0%)
[  9] 32.0000-33.0000 sec  96.2 KBytes   788 Kbits/sec  14.444 ms 0/67 (0%)
[  7] 32.0000-33.0000 sec  84.7 KBytes   694 Kbits/sec  15.247 ms 0/59 (0%)
[  5] 32.0000-33.0000 sec  94.7 KBytes   776 Kbits/sec  14.049 ms 0/66 (0%)
[ 10] 32.0000-33.0000 sec  84.7 KBytes   694 Kbits/sec  15.482 ms 0/59 (0%)
[  4] 33.0000-34.0000 sec  74.6 KBytes   612 Kbits/sec  14.342 ms 0/52 (0%)
[  2] 33.0000-34.0000 sec  76.1 KBytes   623 Kbits/sec  14.932 ms 0/53 (0%)
[  7] 33.0000-34.0000 sec  73.2 KBytes   600 Kbits/sec  13.445 ms 0/51 (0%)
[  5] 33.0000-34.0000 sec  76.1 KBytes   623 Kbits/sec  14.836 ms 0/53 (0%)
[  3] 33.0000-34.0000 sec  84.7 KBytes   694 Kbits/sec  13.587 ms 0/59 (0%)
[  1] 33.0000-34.0000 sec  84.7 KBytes   694 Kbits/sec  14.930 ms 0/59 (0%)
[  9] 33.0000-34.0000 sec  73.2 KBytes   600 Kbits/sec  15.673 ms 0/51 (0%)
[  8] 33.0000-34.0000 sec  84.7 KBytes   694 Kbits/sec  14.460 ms 0/59 (0%)
[  6] 33.0000-34.0000 sec  86.1 KBytes   706 Kbits/sec  14.565 ms 0/60 (0%)
[ 10] 33.0000-34.0000 sec  76.1 KBytes   623 Kbits/sec  14.052 ms 0/53 (0%)
[  1] 34.0000-35.0000 sec  84.7 KBytes   694 Kbits/sec  12.836 ms 0/59 (0%)
[  6] 34.0000-35.0000 sec  84.7 KBytes   694 Kbits/sec  13.126 ms 0/59 (0%)
[  4] 34.0000-35.0000 sec  94.7 KBytes   776 Kbits/sec  11.638 ms 0/66 (0%)
[  7] 34.0000-35.0000 sec  96.2 KBytes   788 Kbits/sec  11.986 ms 0/67 (0%)
[  2] 34.0000-35.0000 sec  94.7 KBytes   776 Kbits/sec  12.624 ms 0/66 (0%)
[  3] 34.0000-35.0000 sec  94.7 KBytes   776 Kbits/sec  11.727 ms 0/66 (0%)
[  8] 34.0000-35.0000 sec  97.6 KBytes   800 Kbits/sec  12.417 ms 0/68 (0%)
[  5] 34.0000-35.0000 sec  94.7 KBytes   776 Kbits/sec  12.949 ms 0/66 (0%)
[ 10] 34.0000-35.0000 sec  94.7 KBytes   776 Kbits/sec  11.860 ms 0/66 (0%)
[  9] 34.0000-35.0000 sec  96.2 KBytes   788 Kbits/sec  13.947 ms 0/67 (0%)
[  3] 35.0000-36.0000 sec  74.6 KBytes   612 Kbits/sec  21.162 ms 0/52 (0%)
[  2] 35.0000-36.0000 sec  84.7 KBytes   694 Kbits/sec  12.885 ms 0/59 (0%)
[  1] 35.0000-36.0000 sec  97.6 KBytes   800 Kbits/sec  12.376 ms 0/68 (0%)
[  5] 35.0000-36.0000 sec  84.7 KBytes   694 Kbits/sec  12.481 ms 0/59 (0%)
[  4] 35.0000-36.0000 sec  84.7 KBytes   694 Kbits/sec  13.993 ms 0/59 (0%)
[  9] 35.0000-36.0000 sec  86.1 KBytes   706 Kbits/sec  12.345 ms 0/60 (0%)
[  6] 35.0000-36.0000 sec  94.7 KBytes   776 Kbits/sec  12.131 ms 0/66 (0%)
[  7] 35.0000-36.0000 sec  86.1 KBytes   706 Kbits/sec  13.141 ms 0/60 (0%)
[  8] 35.0000-36.0000 sec  84.7 KBytes   694 Kbits/sec  14.645 ms 0/59 (0%)
[ 10] 35.0000-36.0000 sec  84.7 KBytes   694 Kbits/sec  13.930 ms 0/59 (0%)
[  2] 36.0000-37.0000 sec  74.6 KBytes   612 Kbits/sec  16.488 ms 0/52 (0%)
[  5] 36.0000-37.0000 sec  74.6 KBytes   612 Kbits/sec  15.609 ms 0/52 (0%)
[  1] 36.0000-37.0000 sec  73.2 KBytes   600 Kbits/sec  15.318 ms 0/51 (0%)
[  9] 36.0000-37.0000 sec  71.8 KBytes   588 Kbits/sec  16.534 ms 0/50 (0%)
[  4] 36.0000-37.0000 sec  76.1 KBytes   623 Kbits/sec  15.944 ms 0/53 (0%)
[  6] 36.0000-37.0000 sec  74.6 KBytes   612 Kbits/sec  15.550 ms 0/52 (0%)
[  3] 36.0000-37.0000 sec  83.3 KBytes   682 Kbits/sec  15.037 ms 0/58 (0%)
[  7] 36.0000-37.0000 sec  74.6 KBytes   612 Kbits/sec  15.715 ms 0/52 (0%)
[  8] 36.0000-37.0000 sec  73.2 KBytes   600 Kbits/sec  15.509 ms 0/51 (0%)
[ 10] 36.0000-37.0000 sec  76.1 KBytes   623 Kbits/sec  15.390 ms 0/53 (0%)
[  1] 37.0000-38.0000 sec  84.7 KBytes   694 Kbits/sec  12.548 ms 0/59 (0%)
[  2] 37.0000-38.0000 sec  94.7 KBytes   776 Kbits/sec  13.590 ms 0/66 (0%)
[  4] 37.0000-38.0000 sec  73.2 KBytes   600 Kbits/sec  16.765 ms 0/51 (0%)
[  3] 37.0000-38.0000 sec  74.6 KBytes   612 Kbits/sec  16.123 ms 0/52 (0%)
[  6] 37.0000-38.0000 sec  91.9 KBytes   753 Kbits/sec  13.045 ms 0/64 (0%)
[  5] 37.0000-38.0000 sec  97.6 KBytes   800 Kbits/sec  11.754 ms 0/68 (0%)
[  7] 37.0000-38.0000 sec  73.2 KBytes   600 Kbits/sec  15.661 ms 0/51 (0%)
[  9] 37.0000-38.0000 sec  99.1 KBytes   811 Kbits/sec  12.864 ms 0/69 (0%)
[  8] 37.0000-38.0000 sec  76.1 KBytes   623 Kbits/sec  15.981 ms 0/53 (0%)
[ 10] 37.0000-38.0000 sec  73.2 KBytes   600 Kbits/sec  15.071 ms 0/51 (0%)
[  1] 38.0000-39.0000 sec  84.7 KBytes   694 Kbits/sec  13.376 ms 0/59 (0%)
[  6] 38.0000-39.0000 sec  74.6 KBytes   612 Kbits/sec  14.535 ms 0/52 (0%)
[  4] 38.0000-39.0000 sec  76.1 KBytes   623 Kbits/sec  13.770 ms 5229/5282 (99%)
[  2] 38.0000-39.0000 sec  84.7 KBytes   694 Kbits/sec  15.044 ms 0/59 (0%)
[  3] 38.0000-39.0000 sec  73.2 KBytes   600 Kbits/sec  21.112 ms 8211/8262 (99%)
[  7] 38.0000-39.0000 sec  74.6 KBytes   612 Kbits/sec  17.413 ms 7365/7417 (99%)
[  5] 38.0000-39.0000 sec  81.8 KBytes   670 Kbits/sec  14.867 ms 0/57 (0%)
[  8] 38.0000-39.0000 sec  73.2 KBytes   600 Kbits/sec  14.892 ms 4143/4194 (99%)
[ 10] 38.0000-39.0000 sec  74.6 KBytes   612 Kbits/sec  17.500 ms 6335/6387 (99%)
[  9] 38.0000-39.0000 sec  83.3 KBytes   682 Kbits/sec  14.719 ms 0/58 (0%)
[  2] 39.0000-40.0000 sec  76.1 KBytes   623 Kbits/sec  18.426 ms 6207/6260 (99%)
[  5] 39.0000-40.0000 sec  76.1 KBytes   623 Kbits/sec  20.330 ms 8221/8274 (99%)
[  1] 39.0000-40.0000 sec  84.7 KBytes   694 Kbits/sec  14.325 ms 0/59 (0%)
[  9] 39.0000-40.0000 sec  74.6 KBytes   612 Kbits/sec  14.438 ms 0/52 (0%)
[  6] 39.0000-40.0000 sec  84.7 KBytes   694 Kbits/sec  17.990 ms 7110/7169 (99%)
[  3] 39.0000-40.0000 sec  76.1 KBytes   623 Kbits/sec  19.781 ms 15685/15738 (1e+02%)
[  7] 39.0000-40.0000 sec  73.2 KBytes   600 Kbits/sec  22.172 ms 15105/15156 (1e+02%)
[  8] 39.0000-40.0000 sec  67.5 KBytes   553 Kbits/sec  24.304 ms 15119/15166 (1e+02%)
[ 10] 39.0000-40.0000 sec  73.2 KBytes   600 Kbits/sec  17.840 ms 15082/15133 (1e+02%)
[  4] 39.0000-40.0000 sec  73.2 KBytes   600 Kbits/sec  17.431 ms 15089/15140 (1e+02%)
[  1] 40.0000-41.0000 sec  84.7 KBytes   694 Kbits/sec  32.775 ms 30644/30703 (1e+02%)
[  6] 40.0000-41.0000 sec  86.1 KBytes   706 Kbits/sec  19.728 ms 14726/14786 (1e+02%)
[  4] 40.0000-41.0000 sec  73.2 KBytes   600 Kbits/sec  16.114 ms 16793/16844 (1e+02%)
[  9] 40.0000-41.0000 sec  77.5 KBytes   635 Kbits/sec  18.390 ms 14360/14414 (1e+02%)
[  2] 40.0000-41.0000 sec  94.7 KBytes   776 Kbits/sec  18.375 ms 17193/17259 (1e+02%)
[  3] 40.0000-41.0000 sec  73.2 KBytes   600 Kbits/sec  18.163 ms 14207/14258 (1e+02%)
[  7] 40.0000-41.0000 sec  77.5 KBytes   635 Kbits/sec  29.242 ms 25228/25282 (1e+02%)
[  8] 40.0000-41.0000 sec  73.2 KBytes   600 Kbits/sec  21.735 ms 16808/16859 (1e+02%)
[  5] 40.0000-41.0000 sec  94.7 KBytes   776 Kbits/sec  16.612 ms 16265/16331 (1e+02%)
[ 10] 40.0000-41.0000 sec  73.2 KBytes   600 Kbits/sec  18.195 ms 14730/14781 (1e+02%)
[  3] 41.0000-42.0000 sec  63.2 KBytes   517 Kbits/sec  37.686 ms 24488/24532 (1e+02%)
[  1] 41.0000-42.0000 sec  84.7 KBytes   694 Kbits/sec  24.883 ms 13733/13792 (1e+02%)
[  6] 41.0000-42.0000 sec  84.7 KBytes   694 Kbits/sec  17.751 ms 17017/17076 (1e+02%)
[  4] 41.0000-42.0000 sec  66.0 KBytes   541 Kbits/sec  18.804 ms 18889/18935 (1e+02%)
[  2] 41.0000-42.0000 sec  84.7 KBytes   694 Kbits/sec  16.351 ms 14604/14663 (1e+02%)
[  7] 41.0000-42.0000 sec  73.2 KBytes   600 Kbits/sec  28.433 ms 13956/14007 (1e+02%)
[  8] 41.0000-42.0000 sec  83.3 KBytes   682 Kbits/sec  31.906 ms 31734/31792 (1e+02%)
[  5] 41.0000-42.0000 sec  83.3 KBytes   682 Kbits/sec  17.361 ms 14530/14588 (1e+02%)
[ 10] 41.0000-42.0000 sec  73.2 KBytes   600 Kbits/sec  18.354 ms 18141/18192 (1e+02%)
[  9] 41.0000-42.0000 sec   102 KBytes   835 Kbits/sec  17.728 ms 23767/23838 (1e+02%)
[  2] 42.0000-43.0000 sec  73.2 KBytes   600 Kbits/sec  14.745 ms 14372/14423 (1e+02%)
[  5] 42.0000-43.0000 sec  76.1 KBytes   623 Kbits/sec  58.542 ms 33759/33812 (1e+02%)
[  4] 42.0000-43.0000 sec  73.2 KBytes   600 Kbits/sec  16.349 ms 12913/12964 (1e+02%)
[  1] 42.0000-43.0000 sec  64.6 KBytes   529 Kbits/sec  28.379 ms 18509/18554 (1e+02%)
[  9] 42.0000-43.0000 sec  74.6 KBytes   612 Kbits/sec  59.751 ms 33458/33510 (1e+02%)
[  3] 42.0000-43.0000 sec  84.7 KBytes   694 Kbits/sec  27.362 ms 15430/15489 (1e+02%)
[  7] 42.0000-43.0000 sec  74.6 KBytes   612 Kbits/sec  25.926 ms 17246/17298 (1e+02%)
[  6] 42.0000-43.0000 sec  96.2 KBytes   788 Kbits/sec  42.159 ms 32870/32937 (1e+02%)
[  8] 42.0000-43.0000 sec  73.2 KBytes   600 Kbits/sec  22.278 ms 11012/11063 (1e+02%)
[ 10] 42.0000-43.0000 sec  77.5 KBytes   635 Kbits/sec  43.799 ms 31442/31496 (1e+02%)
[  4] 43.0000-44.0000 sec  84.7 KBytes   694 Kbits/sec  30.842 ms 31627/31686 (1e+02%)
[  2] 43.0000-44.0000 sec  86.1 KBytes   706 Kbits/sec  36.399 ms 33232/33292 (1e+02%)
[  3] 43.0000-44.0000 sec  76.1 KBytes   623 Kbits/sec  21.747 ms 14950/15003 (1e+02%)
[  7] 43.0000-44.0000 sec  73.2 KBytes   600 Kbits/sec  23.631 ms 15798/15849 (1e+02%)
[  1] 43.0000-44.0000 sec   103 KBytes   847 Kbits/sec  17.380 ms 18351/18423 (1e+02%)
[  8] 43.0000-44.0000 sec  74.6 KBytes   612 Kbits/sec  17.755 ms 13170/13222 (1e+02%)
[  5] 43.0000-44.0000 sec  84.7 KBytes   694 Kbits/sec  33.885 ms 14701/14760 (1e+02%)
[ 10] 43.0000-44.0000 sec  73.2 KBytes   600 Kbits/sec  36.145 ms 14226/14277 (1e+02%)
[  6] 43.0000-44.0000 sec  74.6 KBytes   612 Kbits/sec  34.395 ms 14781/14833 (1e+02%)
[  9] 43.0000-44.0000 sec  86.1 KBytes   706 Kbits/sec  25.993 ms 14927/14987 (1e+02%)
[  2] 44.0000-45.0000 sec  64.6 KBytes   529 Kbits/sec  29.366 ms 9730/9775 (1e+02%)
[  4] 44.0000-45.0000 sec  84.7 KBytes   694 Kbits/sec  21.714 ms 13365/13424 (1e+02%)
[  1] 44.0000-45.0000 sec  63.2 KBytes   517 Kbits/sec  21.518 ms 14092/14136 (1e+02%)
[  5] 44.0000-45.0000 sec  63.2 KBytes   517 Kbits/sec  28.487 ms 9439/9483 (1e+02%)
[  3] 44.0000-45.0000 sec  84.7 KBytes   694 Kbits/sec  18.506 ms 14737/14796 (1e+02%)
[  7] 44.0000-45.0000 sec  81.8 KBytes   670 Kbits/sec  17.229 ms 10205/10262 (99%)
[  9] 44.0000-45.0000 sec  63.2 KBytes   517 Kbits/sec  37.700 ms 14984/15028 (1e+02%)
[  8] 44.0000-45.0000 sec  76.1 KBytes   623 Kbits/sec  23.589 ms 16326/16379 (1e+02%)
[  6] 44.0000-45.0000 sec  64.6 KBytes   529 Kbits/sec  40.012 ms 17522/17567 (1e+02%)
[ 10] 44.0000-45.0000 sec  86.1 KBytes   706 Kbits/sec  22.702 ms 15012/15072 (1e+02%)
[  4] 45.0000-46.0000 sec  74.6 KBytes   612 Kbits/sec  22.016 ms 15474/15526 (1e+02%)
[  2] 45.0000-46.0000 sec  73.2 KBytes   600 Kbits/sec  20.499 ms 14110/14161 (1e+02%)
[  3] 45.0000-46.0000 sec  73.2 KBytes   600 Kbits/sec  18.289 ms 16407/16458 (1e+02%)
[  1] 45.0000-46.0000 sec  74.6 KBytes   612 Kbits/sec  18.178 ms 15808/15860 (1e+02%)
[  7] 45.0000-46.0000 sec  79.0 KBytes   647 Kbits/sec  36.941 ms 28969/29024 (1e+02%)
[  5] 45.0000-46.0000 sec  73.2 KBytes   600 Kbits/sec  19.035 ms 14189/14240 (1e+02%)
[  8] 45.0000-46.0000 sec  81.8 KBytes   670 Kbits/sec  24.178 ms 22573/22630 (1e+02%)
[  6] 45.0000-46.0000 sec  74.6 KBytes   612 Kbits/sec  19.927 ms 8386/8438 (99%)
[ 10] 45.0000-46.0000 sec  74.6 KBytes   612 Kbits/sec  22.777 ms 13624/13676 (1e+02%)
[  9] 45.0000-46.0000 sec  73.2 KBytes   600 Kbits/sec  27.734 ms 15190/15241 (1e+02%)
[  2] 46.0000-47.0000 sec  76.1 KBytes   623 Kbits/sec  18.655 ms 15931/15984 (1e+02%)
[  4] 46.0000-47.0000 sec  73.2 KBytes   600 Kbits/sec  19.864 ms 12223/12274 (1e+02%)
[  3] 46.0000-47.0000 sec  76.1 KBytes   623 Kbits/sec  16.426 ms 12111/12164 (1e+02%)
[  1] 46.0000-47.0000 sec  73.2 KBytes   600 Kbits/sec  17.212 ms 13667/13718 (1e+02%)
[  5] 46.0000-47.0000 sec  76.1 KBytes   623 Kbits/sec  18.119 ms 15224/15277 (1e+02%)
[  7] 46.0000-47.0000 sec  73.2 KBytes   600 Kbits/sec  18.292 ms 12973/13024 (1e+02%)
[  6] 46.0000-47.0000 sec  73.2 KBytes   600 Kbits/sec  18.189 ms 13784/13835 (1e+02%)
[  9] 46.0000-47.0000 sec  74.6 KBytes   612 Kbits/sec  25.761 ms 13619/13671 (1e+02%)
[  8] 46.0000-47.0000 sec  77.5 KBytes   635 Kbits/sec  18.037 ms 15134/15188 (1e+02%)
[ 10] 46.0000-47.0000 sec  81.8 KBytes   670 Kbits/sec  17.647 ms 14700/14757 (1e+02%)
[  2] 47.0000-48.0000 sec  73.2 KBytes   600 Kbits/sec  17.013 ms 13758/13809 (1e+02%)
[  1] 47.0000-48.0000 sec  70.3 KBytes   576 Kbits/sec  22.195 ms 16240/16289 (1e+02%)
[  7] 47.0000-48.0000 sec  84.7 KBytes   694 Kbits/sec  20.749 ms 14750/14809 (1e+02%)
[  3] 47.0000-48.0000 sec  77.5 KBytes   635 Kbits/sec  20.081 ms 15510/15564 (1e+02%)
[  5] 47.0000-48.0000 sec  73.2 KBytes   600 Kbits/sec  17.990 ms 13853/13904 (1e+02%)
[  6] 47.0000-48.0000 sec  76.1 KBytes   623 Kbits/sec  19.106 ms 13824/13877 (1e+02%)
[  4] 47.0000-48.0000 sec  93.3 KBytes   764 Kbits/sec  20.939 ms 24064/24129 (1e+02%)
[  9] 47.0000-48.0000 sec  73.2 KBytes   600 Kbits/sec  20.173 ms 8919/8970 (99%)
[  8] 47.0000-48.0000 sec  84.7 KBytes   694 Kbits/sec  13.973 ms 14636/14695 (1e+02%)
[ 10] 47.0000-48.0000 sec  79.0 KBytes   647 Kbits/sec  27.223 ms 24421/24476 (1e+02%)
[  2] 48.0000-49.0000 sec  73.2 KBytes   600 Kbits/sec  18.765 ms 13984/14035 (1e+02%)
[  3] 48.0000-49.0000 sec  83.3 KBytes   682 Kbits/sec  29.469 ms 32877/32935 (1e+02%)
[  1] 48.0000-49.0000 sec  73.2 KBytes   600 Kbits/sec  21.215 ms 13935/13986 (1e+02%)
[  4] 48.0000-49.0000 sec  73.2 KBytes   600 Kbits/sec  21.834 ms 18049/18100 (1e+02%)
[  8] 48.0000-49.0000 sec  74.6 KBytes   612 Kbits/sec  17.678 ms 17465/17517 (1e+02%)
[  5] 48.0000-49.0000 sec  70.3 KBytes   576 Kbits/sec  20.985 ms 16401/16450 (1e+02%)
[ 10] 48.0000-49.0000 sec  73.2 KBytes   600 Kbits/sec  28.803 ms 15296/15347 (1e+02%)
[  9] 48.0000-49.0000 sec  67.5 KBytes   553 Kbits/sec  24.249 ms 14031/14078 (1e+02%)
[  6] 48.0000-49.0000 sec  73.2 KBytes   600 Kbits/sec  17.157 ms 15823/15874 (1e+02%)
[  7] 48.0000-49.0000 sec  84.7 KBytes   694 Kbits/sec  23.446 ms 24969/25028 (1e+02%)
[  2] 49.0000-50.0000 sec  73.2 KBytes   600 Kbits/sec  18.245 ms 15857/15908 (1e+02%)
[  1] 49.0000-50.0000 sec  81.8 KBytes   670 Kbits/sec  21.960 ms 22955/23012 (1e+02%)
[  7] 49.0000-50.0000 sec  73.2 KBytes   600 Kbits/sec  18.957 ms 13901/13952 (1e+02%)
[  5] 49.0000-50.0000 sec  77.5 KBytes   635 Kbits/sec  22.907 ms 23317/23371 (1e+02%)
[  3] 49.0000-50.0000 sec  84.7 KBytes   694 Kbits/sec  20.663 ms 14190/14249 (1e+02%)
[  6] 49.0000-50.0000 sec  70.3 KBytes   576 Kbits/sec  21.492 ms 16478/16527 (1e+02%)
[  9] 49.0000-50.0000 sec  81.8 KBytes   670 Kbits/sec  23.635 ms 25683/25740 (1e+02%)
[  8] 49.0000-50.0000 sec  74.6 KBytes   612 Kbits/sec  24.015 ms 14153/14205 (1e+02%)
[  4] 49.0000-50.0000 sec  84.7 KBytes   694 Kbits/sec  15.657 ms 14291/14350 (1e+02%)
[ 10] 49.0000-50.0000 sec  86.1 KBytes   706 Kbits/sec  35.013 ms 23454/23514 (1e+02%)
[  7] 50.0000-51.0000 sec  84.7 KBytes   694 Kbits/sec  17.746 ms 16506/16565 (1e+02%)
[  2] 50.0000-51.0000 sec  86.1 KBytes   706 Kbits/sec  20.488 ms 30789/30849 (1e+02%)
[  3] 50.0000-51.0000 sec  84.7 KBytes   694 Kbits/sec  16.545 ms 14378/14437 (1e+02%)
[  1] 50.0000-51.0000 sec  84.7 KBytes   694 Kbits/sec  15.545 ms 14728/14787 (1e+02%)
[  4] 50.0000-51.0000 sec  77.5 KBytes   635 Kbits/sec  18.497 ms 14272/14326 (1e+02%)
[  8] 50.0000-51.0000 sec  96.2 KBytes   788 Kbits/sec  21.244 ms 31154/31221 (1e+02%)
[  5] 50.0000-51.0000 sec  86.1 KBytes   706 Kbits/sec  17.637 ms 14423/14483 (1e+02%)
[  6] 50.0000-51.0000 sec  89.0 KBytes   729 Kbits/sec  32.657 ms 28398/28460 (1e+02%)
[ 10] 50.0000-51.0000 sec  84.7 KBytes   694 Kbits/sec  24.247 ms 14140/14199 (1e+02%)
[  9] 50.0000-51.0000 sec  84.7 KBytes   694 Kbits/sec  16.866 ms 14548/14607 (1e+02%)
[  2] 51.0000-52.0000 sec  76.1 KBytes   623 Kbits/sec  26.189 ms 13554/13607 (1e+02%)
[  1] 51.0000-52.0000 sec  66.0 KBytes   541 Kbits/sec  21.363 ms 13866/13912 (1e+02%)
[  7] 51.0000-52.0000 sec  74.6 KBytes   612 Kbits/sec  21.250 ms 13988/14040 (1e+02%)
[  5] 51.0000-52.0000 sec  74.6 KBytes   612 Kbits/sec  17.508 ms 15520/15572 (1e+02%)
[  4] 51.0000-52.0000 sec  83.3 KBytes   682 Kbits/sec  19.684 ms 23131/23189 (1e+02%)
[  3] 51.0000-52.0000 sec  73.2 KBytes   600 Kbits/sec  28.398 ms 23170/23221 (1e+02%)
[  9] 51.0000-52.0000 sec  76.1 KBytes   623 Kbits/sec  18.897 ms 13711/13764 (1e+02%)
[  6] 51.0000-52.0000 sec  73.2 KBytes   600 Kbits/sec  28.867 ms 15388/15439 (1e+02%)
[  8] 51.0000-52.0000 sec  73.2 KBytes   600 Kbits/sec  22.354 ms 14247/14298 (1e+02%)
[ 10] 51.0000-52.0000 sec  71.8 KBytes   588 Kbits/sec  24.925 ms 9288/9338 (99%)
[  3] 52.0000-53.0000 sec  64.6 KBytes   529 Kbits/sec  36.125 ms 16174/16219 (1e+02%)
[  4] 52.0000-53.0000 sec  63.2 KBytes   517 Kbits/sec  23.254 ms 17865/17909 (1e+02%)
[  2] 52.0000-53.0000 sec  73.2 KBytes   600 Kbits/sec  56.174 ms 22370/22421 (1e+02%)
[  1] 52.0000-53.0000 sec  81.8 KBytes   670 Kbits/sec  19.554 ms 22445/22502 (1e+02%)
[  7] 52.0000-53.0000 sec  73.2 KBytes   600 Kbits/sec  18.051 ms 18301/18352 (1e+02%)
[  5] 52.0000-53.0000 sec  73.2 KBytes   600 Kbits/sec  17.843 ms 14429/14480 (1e+02%)
[  6] 52.0000-53.0000 sec  77.5 KBytes   635 Kbits/sec  23.891 ms 13578/13632 (1e+02%)
[  8] 52.0000-53.0000 sec  74.6 KBytes   612 Kbits/sec  23.184 ms 18305/18357 (1e+02%)
[  9] 52.0000-53.0000 sec  73.2 KBytes   600 Kbits/sec  21.819 ms 22558/22609 (1e+02%)
[ 10] 52.0000-53.0000 sec  73.2 KBytes   600 Kbits/sec  18.526 ms 15608/15659 (1e+02%)
[  2] 53.0000-54.0000 sec  66.0 KBytes   541 Kbits/sec  26.849 ms 0/46 (0%)
[  1] 53.0000-54.0000 sec  63.2 KBytes   517 Kbits/sec  22.646 ms 13092/13136 (1e+02%)
[  5] 53.0000-54.0000 sec  63.2 KBytes   517 Kbits/sec  30.553 ms 21796/21840 (1e+02%)
[  6] 53.0000-54.0000 sec  63.2 KBytes   517 Kbits/sec  26.616 ms 15292/15336 (1e+02%)
[  3] 53.0000-54.0000 sec  97.6 KBytes   800 Kbits/sec  30.341 ms 23213/23281 (1e+02%)
[  9] 53.0000-54.0000 sec  63.2 KBytes   517 Kbits/sec  25.636 ms 13373/13417 (1e+02%)
[  4] 53.0000-54.0000 sec  94.7 KBytes   776 Kbits/sec  23.270 ms 23335/23401 (1e+02%)
[  8] 53.0000-54.0000 sec  84.7 KBytes   694 Kbits/sec  31.974 ms 23352/23411 (1e+02%)
[ 10] 53.0000-54.0000 sec  89.0 KBytes   729 Kbits/sec  27.299 ms 30415/30477 (1e+02%)
[  7] 53.0000-54.0000 sec  86.1 KBytes   706 Kbits/sec  14.779 ms 13979/14039 (1e+02%)
[  2] 54.0000-55.0000 sec  83.3 KBytes   682 Kbits/sec  46.921 ms 32845/32903 (1e+02%)
[  3] 54.0000-55.0000 sec  73.2 KBytes   600 Kbits/sec  34.786 ms 17813/17864 (1e+02%)
[  1] 54.0000-55.0000 sec  86.1 KBytes   706 Kbits/sec  16.542 ms 16728/16788 (1e+02%)
[  4] 54.0000-55.0000 sec  74.6 KBytes   612 Kbits/sec  24.463 ms 16227/16279 (1e+02%)
[  5] 54.0000-55.0000 sec  84.7 KBytes   694 Kbits/sec  23.997 ms 17545/17604 (1e+02%)
[  8] 54.0000-55.0000 sec  73.2 KBytes   600 Kbits/sec  37.127 ms 18004/18055 (1e+02%)
[  6] 54.0000-55.0000 sec  84.7 KBytes   694 Kbits/sec  20.576 ms 16546/16605 (1e+02%)
[  9] 54.0000-55.0000 sec  84.7 KBytes   694 Kbits/sec  19.227 ms 17313/17372 (1e+02%)
[  7] 54.0000-55.0000 sec  84.7 KBytes   694 Kbits/sec  40.844 ms 32339/32398 (1e+02%)
[ 10] 54.0000-55.0000 sec  84.7 KBytes   694 Kbits/sec  22.228 ms 16121/16180 (1e+02%)
[  2] 55.0000-56.0000 sec  74.6 KBytes   612 Kbits/sec  35.740 ms 18532/18584 (1e+02%)
[  4] 55.0000-56.0000 sec  73.2 KBytes   600 Kbits/sec  22.195 ms 16996/17047 (1e+02%)
[  1] 55.0000-56.0000 sec  73.2 KBytes   600 Kbits/sec  17.273 ms 16539/16590 (1e+02%)
[  6] 55.0000-56.0000 sec  73.2 KBytes   600 Kbits/sec  20.164 ms 16849/16900 (1e+02%)
[ 10] 55.0000-56.0000 sec  64.6 KBytes   529 Kbits/sec  17.229 ms 9655/9700 (1e+02%)
[  9] 55.0000-56.0000 sec  76.1 KBytes   623 Kbits/sec  17.066 ms 16929/16982 (1e+02%)
[  5] 55.0000-56.0000 sec  70.3 KBytes   576 Kbits/sec  22.900 ms 11465/11514 (1e+02%)
[  7] 55.0000-56.0000 sec  74.6 KBytes   612 Kbits/sec  23.243 ms 9919/9971 (99%)
[  3] 55.0000-56.0000 sec  83.3 KBytes   682 Kbits/sec  22.733 ms 14776/14834 (1e+02%)
[  8] 55.0000-56.0000 sec  84.7 KBytes   694 Kbits/sec  20.957 ms 9955/10014 (99%)
[  2] 56.0000-57.0000 sec  84.7 KBytes   694 Kbits/sec  21.372 ms 15001/15060 (1e+02%)
[  1] 56.0000-57.0000 sec  79.0 KBytes   647 Kbits/sec  19.156 ms 20791/20846 (1e+02%)
[  7] 56.0000-57.0000 sec  73.2 KBytes   600 Kbits/sec  17.659 ms 13655/13706 (1e+02%)
[  5] 56.0000-57.0000 sec  91.9 KBytes   753 Kbits/sec  30.199 ms 32587/32651 (1e+02%)
[  3] 56.0000-57.0000 sec  74.6 KBytes   612 Kbits/sec  20.331 ms 13928/13980 (1e+02%)
[  6] 56.0000-57.0000 sec  84.7 KBytes   694 Kbits/sec  15.438 ms 20731/20790 (1e+02%)
[  9] 56.0000-57.0000 sec  79.0 KBytes   647 Kbits/sec  20.404 ms 17737/17792 (1e+02%)
[  4] 56.0000-57.0000 sec  84.7 KBytes   694 Kbits/sec  34.401 ms 24512/24571 (1e+02%)
[ 10] 56.0000-57.0000 sec  84.7 KBytes   694 Kbits/sec  37.626 ms 31762/31821 (1e+02%)
[  8] 56.0000-57.0000 sec  77.5 KBytes   635 Kbits/sec  14.930 ms 13823/13877 (1e+02%)
[  7] 57.0000-58.0000 sec  64.6 KBytes   529 Kbits/sec  20.668 ms 17634/17679 (1e+02%)
[  4] 57.0000-58.0000 sec  57.4 KBytes   470 Kbits/sec  23.318 ms 0/40 (0%)
[  2] 57.0000-58.0000 sec  84.7 KBytes   694 Kbits/sec  27.403 ms 22998/23057 (1e+02%)
[  3] 57.0000-58.0000 sec  63.2 KBytes   517 Kbits/sec  20.067 ms 10193/10237 (1e+02%)
[  8] 57.0000-58.0000 sec  63.2 KBytes   517 Kbits/sec  17.313 ms 14900/14944 (1e+02%)
[  1] 57.0000-58.0000 sec  90.4 KBytes   741 Kbits/sec  25.720 ms 30047/30110 (1e+02%)
[  5] 57.0000-58.0000 sec  84.7 KBytes   694 Kbits/sec  21.720 ms 15475/15534 (1e+02%)
[ 10] 57.0000-58.0000 sec  63.2 KBytes   517 Kbits/sec  36.777 ms 14636/14680 (1e+02%)
[  6] 57.0000-58.0000 sec  84.7 KBytes   694 Kbits/sec  20.207 ms 22773/22832 (1e+02%)
[  9] 57.0000-58.0000 sec  90.4 KBytes   741 Kbits/sec  31.033 ms 30059/30122 (1e+02%)
[  3] 58.0000-59.0000 sec  73.2 KBytes   600 Kbits/sec  56.313 ms 30719/30770 (1e+02%)
[  2] 58.0000-59.0000 sec  73.2 KBytes   600 Kbits/sec  30.687 ms 15588/15639 (1e+02%)
[  4] 58.0000-59.0000 sec  83.3 KBytes   682 Kbits/sec  21.183 ms 24019/24077 (1e+02%)
[  1] 58.0000-59.0000 sec  74.6 KBytes   612 Kbits/sec  26.906 ms 15658/15710 (1e+02%)
[  5] 58.0000-59.0000 sec  73.2 KBytes   600 Kbits/sec  21.825 ms 15700/15751 (1e+02%)
[  8] 58.0000-59.0000 sec  73.2 KBytes   600 Kbits/sec  16.333 ms 17444/17495 (1e+02%)
[  6] 58.0000-59.0000 sec  76.1 KBytes   623 Kbits/sec  19.188 ms 15829/15882 (1e+02%)
[ 10] 58.0000-59.0000 sec  74.6 KBytes   612 Kbits/sec  32.789 ms 13678/13730 (1e+02%)
[  9] 58.0000-59.0000 sec  73.2 KBytes   600 Kbits/sec  22.379 ms 10691/10742 (1e+02%)
[  7] 58.0000-59.0000 sec  84.7 KBytes   694 Kbits/sec  16.346 ms 15407/15466 (1e+02%)
[  5] 59.0000-60.0000 sec  74.6 KBytes   612 Kbits/sec  20.679 ms 17672/17724 (1e+02%)
[  1] 59.0000-60.0000 sec  73.2 KBytes   600 Kbits/sec  18.572 ms 9841/9892 (99%)
[  5] 0.0000-60.0098 sec  4.64 MBytes   648 Kbits/sec  27.070 ms 359800/363108 (99%)
[  1] 0.0000-60.0386 sec  4.63 MBytes   647 Kbits/sec  27.136 ms 354915/358220 (99%)
[  6] 59.0000-60.0000 sec  73.2 KBytes   600 Kbits/sec  17.617 ms 16709/16760 (1e+02%)
[  9] 59.0000-60.0000 sec  76.1 KBytes   623 Kbits/sec  18.189 ms 14860/14913 (1e+02%)
[  6] 0.0000-60.0322 sec  4.64 MBytes   648 Kbits/sec  25.854 ms 357719/361028 (99%)
[  9] 0.0000-60.0091 sec  4.63 MBytes   648 Kbits/sec  23.847 ms 354004/357310 (99%)
[  7] 59.0000-60.0000 sec  63.2 KBytes   517 Kbits/sec  18.302 ms 12950/12994 (1e+02%)
[  2] 59.0000-60.0000 sec  76.1 KBytes   623 Kbits/sec  26.204 ms 9742/9795 (99%)
[  3] 59.0000-60.0000 sec  74.6 KBytes   612 Kbits/sec  37.864 ms 14572/14624 (1e+02%)
[  7] 0.0000-60.0406 sec  4.61 MBytes   644 Kbits/sec  26.682 ms 368703/371989 (99%)
[  2] 0.0000-60.1143 sec  4.63 MBytes   647 Kbits/sec  68.262 ms 368333/371639 (99%)
[  3] 0.0000-60.1129 sec  4.61 MBytes   644 Kbits/sec  42.713 ms 381317/384607 (99%)
[ 11] local 12.1.1.1 port 5001 connected with 12.1.1.37 port 52229
[  4] 59.0000-60.0000 sec  73.2 KBytes   600 Kbits/sec  17.224 ms 13798/13849 (1e+02%)
[  4] 0.0000-60.1392 sec  4.61 MBytes   643 Kbits/sec  25.523 ms 375740/379030 (99%)
[  8] 59.0000-60.0000 sec  64.6 KBytes   529 Kbits/sec  17.271 ms 12751/12796 (1e+02%)
[  8] 0.0000-60.0977 sec  4.60 MBytes   642 Kbits/sec  57.482 ms 386456/389737 (99%)
[ 10] 59.0000-60.0000 sec  73.2 KBytes   600 Kbits/sec  31.927 ms 16102/16153 (1e+02%)
[ 10] 0.0000-60.0947 sec  4.61 MBytes   643 Kbits/sec  39.520 ms 381435/384722 (99%)
[ 11] 0.0000-1.0000 sec  86.1 KBytes   706 Kbits/sec  19.204 ms 384562/384622 (1e+02%)
[ 11] 1.0000-2.0000 sec  73.2 KBytes   600 Kbits/sec  21.290 ms 17214/17265 (1e+02%)
[ 11] 2.0000-3.0000 sec  74.6 KBytes   612 Kbits/sec  21.836 ms 13486/13538 (1e+02%)
[ 11] 3.0000-4.0000 sec  73.2 KBytes   600 Kbits/sec  17.532 ms 18423/18474 (1e+02%)
[ 11] 4.0000-5.0000 sec  74.6 KBytes   612 Kbits/sec  22.071 ms 16451/16503 (1e+02%)
[ 11] 5.0000-6.0000 sec  64.6 KBytes   529 Kbits/sec  22.032 ms 16750/16795 (1e+02%)
[ 11] 6.0000-7.0000 sec  73.2 KBytes   600 Kbits/sec  18.268 ms 12081/12132 (1e+02%)
[ 11] 7.0000-8.0000 sec  86.1 KBytes   706 Kbits/sec  22.156 ms 23807/23867 (1e+02%)
[ 11] 8.0000-9.0000 sec  74.6 KBytes   612 Kbits/sec  21.594 ms 18401/18453 (1e+02%)
[ 11] 9.0000-10.0000 sec  64.6 KBytes   529 Kbits/sec  22.547 ms 9431/9476 (1e+02%)
[ 11] 10.0000-11.0000 sec  71.8 KBytes   588 Kbits/sec  19.515 ms 13983/14033 (1e+02%)
[ 11] 11.0000-12.0000 sec  84.7 KBytes   694 Kbits/sec  24.170 ms 27329/27388 (1e+02%)
[ 11] 12.0000-13.0000 sec  86.1 KBytes   706 Kbits/sec  13.347 ms 12956/13016 (1e+02%)
[ 11] 13.0000-14.0000 sec  96.2 KBytes   788 Kbits/sec  15.658 ms 24315/24382 (1e+02%)
[ 11] 14.0000-15.0000 sec  74.6 KBytes   612 Kbits/sec  24.785 ms 14261/14313 (1e+02%)
[ 11] 15.0000-16.0000 sec  63.2 KBytes   517 Kbits/sec  29.350 ms 13996/14040 (1e+02%)
[ 11] 16.0000-17.0000 sec   105 KBytes   858 Kbits/sec  19.187 ms 29173/29246 (1e+02%)
[ 11] 17.0000-18.0000 sec  84.7 KBytes   694 Kbits/sec  18.849 ms 15869/15928 (1e+02%)
[ 11] 18.0000-19.0000 sec  86.1 KBytes   706 Kbits/sec  14.724 ms 15221/15281 (1e+02%)
[ 11] 19.0000-20.0000 sec  74.6 KBytes   612 Kbits/sec  17.151 ms 16549/16601 (1e+02%)
[ 11] 20.0000-21.0000 sec  74.6 KBytes   612 Kbits/sec  31.583 ms 25566/25618 (1e+02%)
[ 11] 21.0000-22.0000 sec  83.3 KBytes   682 Kbits/sec  20.156 ms 10667/10725 (99%)
[ 11] 22.0000-23.0000 sec  76.1 KBytes   623 Kbits/sec  18.987 ms 14949/15002 (1e+02%)
[ 11] 23.0000-24.0000 sec  73.2 KBytes   600 Kbits/sec  17.873 ms 13533/13584 (1e+02%)
[ 11] 24.0000-25.0000 sec  74.6 KBytes   612 Kbits/sec  17.071 ms 16868/16920 (1e+02%)
[ 11] 25.0000-26.0000 sec  64.6 KBytes   529 Kbits/sec  19.458 ms 14781/14826 (1e+02%)
[ 11] 26.0000-27.0000 sec  73.2 KBytes   600 Kbits/sec  16.021 ms 15166/15217 (1e+02%)
[ 11] 27.0000-28.0000 sec  66.0 KBytes   541 Kbits/sec  26.009 ms 13234/13280 (1e+02%)
[ 11] 28.0000-29.0000 sec  94.7 KBytes   776 Kbits/sec  22.371 ms 31559/31625 (1e+02%)
[ 11] 29.0000-30.0000 sec  84.7 KBytes   694 Kbits/sec  20.176 ms 14396/14455 (1e+02%)
[ 11] 30.0000-31.0000 sec  73.2 KBytes   600 Kbits/sec  34.061 ms 23749/23800 (1e+02%)
[ 11] 31.0000-32.0000 sec  76.1 KBytes   623 Kbits/sec  27.265 ms 13197/13250 (1e+02%)
[ 11] 32.0000-33.0000 sec  74.6 KBytes   612 Kbits/sec  19.064 ms 10683/10735 (1e+02%)
[ 11] 33.0000-34.0000 sec  73.2 KBytes   600 Kbits/sec  16.345 ms 14865/14916 (1e+02%)
[ 11] 34.0000-35.0000 sec  73.2 KBytes   600 Kbits/sec  53.899 ms 30063/30114 (1e+02%)
[ 11] 35.0000-36.0000 sec  64.6 KBytes   529 Kbits/sec  17.410 ms 0/45 (0%)
[ 11] 36.0000-37.0000 sec  84.7 KBytes   694 Kbits/sec  34.949 ms 30422/30481 (1e+02%)
[ 11] 37.0000-38.0000 sec  63.2 KBytes   517 Kbits/sec  54.211 ms 15382/15426 (1e+02%)
[ 11] 38.0000-39.0000 sec  84.7 KBytes   694 Kbits/sec  26.518 ms 16614/16673 (1e+02%)
[ 11] 39.0000-40.0000 sec  76.1 KBytes   623 Kbits/sec  24.443 ms 14449/14502 (1e+02%)
[ 11] 40.0000-41.0000 sec  74.6 KBytes   612 Kbits/sec  24.638 ms 9740/9792 (99%)
[ 11] 0.0000-41.1808 sec  3.08 MBytes   628 Kbits/sec  25.778 ms 1067861/1070060 (1e+02%)
