------------------------------------------------------------
Server listening on UDP port 5001
UDP buffer size:  208 KByte (default)
------------------------------------------------------------
[  1] local 12.1.1.1 port 5001 connected with 12.1.1.37 port 49811
[  2] local 12.1.1.1 port 5001 connected with 12.1.1.40 port 50331
[  3] local 12.1.1.1 port 5001 connected with 12.1.1.35 port 42051
[  4] local 12.1.1.1 port 5001 connected with 12.1.1.38 port 51528
[  5] local 12.1.1.1 port 5001 connected with 12.1.1.39 port 56063
[  6] local 12.1.1.1 port 5001 connected with 12.1.1.32 port 39044
[  7] local 12.1.1.1 port 5001 connected with 12.1.1.41 port 58705
[  8] local 12.1.1.1 port 5001 connected with 12.1.1.36 port 44496
[  9] local 12.1.1.1 port 5001 connected with 12.1.1.34 port 55852
[ 10] local 12.1.1.1 port 5001 connected with 12.1.1.33 port 47412
[ ID] Interval       Transfer     Bandwidth        Jitter   Lost/Total Datagrams
[  3] 0.0000-1.0000 sec  86.1 KBytes   706 Kbits/sec  13.315 ms 577/637 (91%)
[  1] 0.0000-1.0000 sec  83.3 KBytes   682 Kbits/sec  14.557 ms 257/315 (82%)
[  6] 0.0000-1.0000 sec  84.7 KBytes   694 Kbits/sec  13.991 ms 558/617 (90%)
[  2] 0.0000-1.0000 sec  86.1 KBytes   706 Kbits/sec  13.781 ms 239/299 (80%)
[  8] 0.0000-1.0000 sec  84.7 KBytes   694 Kbits/sec  13.102 ms 565/624 (91%)
[  4] 0.0000-1.0000 sec  84.7 KBytes   694 Kbits/sec  14.072 ms 260/319 (82%)
[  9] 0.0000-1.0000 sec  84.7 KBytes   694 Kbits/sec  13.614 ms 572/631 (91%)
[  5] 0.0000-1.0000 sec  86.1 KBytes   706 Kbits/sec  13.957 ms 239/299 (80%)
[ 10] 0.0000-1.0000 sec  86.1 KBytes   706 Kbits/sec  20.892 ms 572/632 (91%)
[  7] 0.0000-1.0000 sec  86.1 KBytes   706 Kbits/sec  14.206 ms 254/314 (81%)
[  1] 1.0000-2.0000 sec  76.1 KBytes   623 Kbits/sec  15.789 ms 0/53 (0%)
[  2] 1.0000-2.0000 sec  73.2 KBytes   600 Kbits/sec  15.321 ms 0/51 (0%)
[  4] 1.0000-2.0000 sec  74.6 KBytes   612 Kbits/sec  15.979 ms 0/52 (0%)
[  3] 1.0000-2.0000 sec  84.7 KBytes   694 Kbits/sec  14.022 ms 0/59 (0%)
[  6] 1.0000-2.0000 sec  84.7 KBytes   694 Kbits/sec  15.285 ms 0/59 (0%)
[  5] 1.0000-2.0000 sec  71.8 KBytes   588 Kbits/sec  15.343 ms 0/50 (0%)
[  7] 1.0000-2.0000 sec  74.6 KBytes   612 Kbits/sec  15.229 ms 0/52 (0%)
[  8] 1.0000-2.0000 sec  84.7 KBytes   694 Kbits/sec  14.393 ms 0/59 (0%)
[  9] 1.0000-2.0000 sec  84.7 KBytes   694 Kbits/sec  15.175 ms 0/59 (0%)
[ 10] 1.0000-2.0000 sec  83.3 KBytes   682 Kbits/sec  15.506 ms 0/58 (0%)
[  1] 2.0000-3.0000 sec  84.7 KBytes   694 Kbits/sec  14.388 ms 0/59 (0%)
[  4] 2.0000-3.0000 sec  86.1 KBytes   706 Kbits/sec  13.958 ms 0/60 (0%)
[  2] 2.0000-3.0000 sec  84.7 KBytes   694 Kbits/sec  14.102 ms 0/59 (0%)
[  5] 2.0000-3.0000 sec  86.1 KBytes   706 Kbits/sec  13.827 ms 0/60 (0%)
[  7] 2.0000-3.0000 sec  84.7 KBytes   694 Kbits/sec  14.266 ms 0/59 (0%)
[  8] 2.0000-3.0000 sec  66.0 KBytes   541 Kbits/sec  26.675 ms 0/46 (0%)
[  3] 2.0000-3.0000 sec  74.6 KBytes   612 Kbits/sec  18.869 ms 0/52 (0%)
[ 10] 2.0000-3.0000 sec  67.5 KBytes   553 Kbits/sec  26.721 ms 0/47 (0%)
[  6] 2.0000-3.0000 sec  73.2 KBytes   600 Kbits/sec  19.192 ms 0/51 (0%)
[  9] 2.0000-3.0000 sec  73.2 KBytes   600 Kbits/sec  18.599 ms 0/51 (0%)
[  1] 3.0000-4.0000 sec  94.7 KBytes   776 Kbits/sec  13.462 ms 0/66 (0%)
[  2] 3.0000-4.0000 sec  96.2 KBytes   788 Kbits/sec  13.318 ms 0/67 (0%)
[  4] 3.0000-4.0000 sec  94.7 KBytes   776 Kbits/sec  13.034 ms 0/66 (0%)
[  5] 3.0000-4.0000 sec  96.2 KBytes   788 Kbits/sec  13.346 ms 0/67 (0%)
[  3] 3.0000-4.0000 sec  63.2 KBytes   517 Kbits/sec  19.035 ms 0/44 (0%)
[  7] 3.0000-4.0000 sec  94.7 KBytes   776 Kbits/sec  13.092 ms 0/66 (0%)
[  8] 3.0000-4.0000 sec  71.8 KBytes   588 Kbits/sec  18.183 ms 0/50 (0%)
[  6] 3.0000-4.0000 sec  64.6 KBytes   529 Kbits/sec  17.860 ms 0/45 (0%)
[  9] 3.0000-4.0000 sec  63.2 KBytes   517 Kbits/sec  18.499 ms 0/44 (0%)
[ 10] 3.0000-4.0000 sec  73.2 KBytes   600 Kbits/sec  16.974 ms 0/51 (0%)
[  1] 4.0000-5.0000 sec  76.1 KBytes   623 Kbits/sec  15.557 ms 0/53 (0%)
[  2] 4.0000-5.0000 sec  73.2 KBytes   600 Kbits/sec  15.097 ms 0/51 (0%)
[  3] 4.0000-5.0000 sec  73.2 KBytes   600 Kbits/sec  15.033 ms 0/51 (0%)
[  4] 4.0000-5.0000 sec  74.6 KBytes   612 Kbits/sec  15.851 ms 0/52 (0%)
[  6] 4.0000-5.0000 sec  76.1 KBytes   623 Kbits/sec  13.791 ms 0/53 (0%)
[  8] 4.0000-5.0000 sec  73.2 KBytes   600 Kbits/sec  14.641 ms 0/51 (0%)
[  5] 4.0000-5.0000 sec  73.2 KBytes   600 Kbits/sec  15.404 ms 0/51 (0%)
[  7] 4.0000-5.0000 sec  76.1 KBytes   623 Kbits/sec  15.164 ms 0/53 (0%)
[  9] 4.0000-5.0000 sec  77.5 KBytes   635 Kbits/sec  13.710 ms 0/54 (0%)
[ 10] 4.0000-5.0000 sec  71.8 KBytes   588 Kbits/sec  14.390 ms 0/50 (0%)
[  3] 5.0000-6.0000 sec  77.5 KBytes   635 Kbits/sec  15.708 ms 0/54 (0%)
[  1] 5.0000-6.0000 sec  73.2 KBytes   600 Kbits/sec  17.009 ms 0/51 (0%)
[  2] 5.0000-6.0000 sec  76.1 KBytes   623 Kbits/sec  16.650 ms 0/53 (0%)
[  8] 5.0000-6.0000 sec  76.1 KBytes   623 Kbits/sec  16.664 ms 0/53 (0%)
[  6] 5.0000-6.0000 sec  73.2 KBytes   600 Kbits/sec  15.930 ms 0/51 (0%)
[  4] 5.0000-6.0000 sec  73.2 KBytes   600 Kbits/sec  17.641 ms 0/51 (0%)
[  5] 5.0000-6.0000 sec  74.6 KBytes   612 Kbits/sec  17.190 ms 0/52 (0%)
[  9] 5.0000-6.0000 sec  73.2 KBytes   600 Kbits/sec  15.734 ms 0/51 (0%)
[ 10] 5.0000-6.0000 sec  76.1 KBytes   623 Kbits/sec  16.638 ms 0/53 (0%)
[  7] 5.0000-6.0000 sec  73.2 KBytes   600 Kbits/sec  16.539 ms 0/51 (0%)
[  4] 6.0000-7.0000 sec  66.0 KBytes   541 Kbits/sec  25.429 ms 0/46 (0%)
[  6] 6.0000-7.0000 sec  64.6 KBytes   529 Kbits/sec  27.466 ms 0/45 (0%)
[  7] 6.0000-7.0000 sec  64.6 KBytes   529 Kbits/sec  26.395 ms 0/45 (0%)
[  1] 6.0000-7.0000 sec  74.6 KBytes   612 Kbits/sec  16.967 ms 0/52 (0%)
[  9] 6.0000-7.0000 sec  63.2 KBytes   517 Kbits/sec  17.524 ms 0/44 (0%)
[  2] 6.0000-7.0000 sec  73.2 KBytes   600 Kbits/sec  16.492 ms 0/51 (0%)
[  3] 6.0000-7.0000 sec  73.2 KBytes   600 Kbits/sec  17.501 ms 0/51 (0%)
[  5] 6.0000-7.0000 sec  73.2 KBytes   600 Kbits/sec  16.963 ms 0/51 (0%)
[  8] 6.0000-7.0000 sec  73.2 KBytes   600 Kbits/sec  18.266 ms 0/51 (0%)
[ 10] 6.0000-7.0000 sec  73.2 KBytes   600 Kbits/sec  17.755 ms 0/51 (0%)
[  1] 7.0000-8.0000 sec  63.2 KBytes   517 Kbits/sec  17.614 ms 0/44 (0%)
[  3] 7.0000-8.0000 sec  68.9 KBytes   564 Kbits/sec  19.013 ms 0/48 (0%)
[  4] 7.0000-8.0000 sec  73.2 KBytes   600 Kbits/sec  16.707 ms 0/51 (0%)
[  2] 7.0000-8.0000 sec  63.2 KBytes   517 Kbits/sec  17.646 ms 0/44 (0%)
[  5] 7.0000-8.0000 sec  64.6 KBytes   529 Kbits/sec  16.315 ms 0/45 (0%)
[  7] 7.0000-8.0000 sec  74.6 KBytes   612 Kbits/sec  16.157 ms 0/52 (0%)
[  6] 7.0000-8.0000 sec  83.3 KBytes   682 Kbits/sec  14.844 ms 0/58 (0%)
[  8] 7.0000-8.0000 sec  76.1 KBytes   623 Kbits/sec  14.676 ms 0/53 (0%)
[ 10] 7.0000-8.0000 sec  74.6 KBytes   612 Kbits/sec  14.924 ms 0/52 (0%)
[  9] 7.0000-8.0000 sec  84.7 KBytes   694 Kbits/sec  14.349 ms 0/59 (0%)
[  3] 8.0000-9.0000 sec  79.0 KBytes   647 Kbits/sec  15.196 ms 0/55 (0%)
[  1] 8.0000-9.0000 sec  86.1 KBytes   706 Kbits/sec  14.427 ms 0/60 (0%)
[  6] 8.0000-9.0000 sec  74.6 KBytes   612 Kbits/sec  16.330 ms 0/52 (0%)
[  2] 8.0000-9.0000 sec  81.8 KBytes   670 Kbits/sec  15.856 ms 0/57 (0%)
[  4] 8.0000-9.0000 sec  86.1 KBytes   706 Kbits/sec  14.123 ms 0/60 (0%)
[  8] 8.0000-9.0000 sec  73.2 KBytes   600 Kbits/sec  15.436 ms 0/51 (0%)
[  9] 8.0000-9.0000 sec  74.6 KBytes   612 Kbits/sec  16.270 ms 0/52 (0%)
[  5] 8.0000-9.0000 sec  84.7 KBytes   694 Kbits/sec  14.482 ms 0/59 (0%)
[  7] 8.0000-9.0000 sec  84.7 KBytes   694 Kbits/sec  14.481 ms 0/59 (0%)
[ 10] 8.0000-9.0000 sec  73.2 KBytes   600 Kbits/sec  16.412 ms 0/51 (0%)
[  1] 9.0000-10.0000 sec  73.2 KBytes   600 Kbits/sec  16.165 ms 0/51 (0%)
[  3] 9.0000-10.0000 sec  84.7 KBytes   694 Kbits/sec  13.629 ms 0/59 (0%)
[  2] 9.0000-10.0000 sec  77.5 KBytes   635 Kbits/sec  15.579 ms 0/54 (0%)
[  6] 9.0000-10.0000 sec  86.1 KBytes   706 Kbits/sec  13.453 ms 0/60 (0%)
[  8] 9.0000-10.0000 sec  84.7 KBytes   694 Kbits/sec  13.175 ms 0/59 (0%)
[  4] 9.0000-10.0000 sec  71.8 KBytes   588 Kbits/sec  16.193 ms 0/50 (0%)
[  5] 9.0000-10.0000 sec  74.6 KBytes   612 Kbits/sec  16.474 ms 0/52 (0%)
[  9] 9.0000-10.0000 sec  86.1 KBytes   706 Kbits/sec  13.220 ms 0/60 (0%)
[ 10] 9.0000-10.0000 sec  84.7 KBytes   694 Kbits/sec  14.550 ms 0/59 (0%)
[  7] 9.0000-10.0000 sec  73.2 KBytes   600 Kbits/sec  15.401 ms 0/51 (0%)
[  1] 10.0000-11.0000 sec  74.6 KBytes   612 Kbits/sec  16.124 ms 0/52 (0%)
[  2] 10.0000-11.0000 sec  73.2 KBytes   600 Kbits/sec  15.050 ms 0/51 (0%)
[  4] 10.0000-11.0000 sec  76.1 KBytes   623 Kbits/sec  15.453 ms 0/53 (0%)
[  5] 10.0000-11.0000 sec  73.2 KBytes   600 Kbits/sec  15.650 ms 0/51 (0%)
[  7] 10.0000-11.0000 sec  76.1 KBytes   623 Kbits/sec  14.509 ms 0/53 (0%)
[  3] 10.0000-11.0000 sec  97.6 KBytes   800 Kbits/sec  13.394 ms 0/68 (0%)
[  6] 10.0000-11.0000 sec  94.7 KBytes   776 Kbits/sec  13.854 ms 0/66 (0%)
[  8] 10.0000-11.0000 sec  97.6 KBytes   800 Kbits/sec  13.686 ms 0/68 (0%)
[  9] 10.0000-11.0000 sec  93.3 KBytes   764 Kbits/sec  14.292 ms 0/65 (0%)
[ 10] 10.0000-11.0000 sec  97.6 KBytes   800 Kbits/sec  14.671 ms 0/68 (0%)
[  2] 11.0000-12.0000 sec  74.6 KBytes   612 Kbits/sec  15.912 ms 0/52 (0%)
[  1] 11.0000-12.0000 sec  73.2 KBytes   600 Kbits/sec  16.436 ms 0/51 (0%)
[  4] 11.0000-12.0000 sec  73.2 KBytes   600 Kbits/sec  15.862 ms 0/51 (0%)
[  5] 11.0000-12.0000 sec  76.1 KBytes   623 Kbits/sec  15.841 ms 0/53 (0%)
[  7] 11.0000-12.0000 sec  73.2 KBytes   600 Kbits/sec  15.428 ms 0/51 (0%)
[  3] 11.0000-12.0000 sec  71.8 KBytes   588 Kbits/sec  15.247 ms 0/50 (0%)
[  6] 11.0000-12.0000 sec  74.6 KBytes   612 Kbits/sec  16.420 ms 0/52 (0%)
[  8] 11.0000-12.0000 sec  73.2 KBytes   600 Kbits/sec  15.632 ms 0/51 (0%)
[  9] 11.0000-12.0000 sec  76.1 KBytes   623 Kbits/sec  16.677 ms 0/53 (0%)
[ 10] 11.0000-12.0000 sec  73.2 KBytes   600 Kbits/sec  17.074 ms 0/51 (0%)
[  1] 12.0000-13.0000 sec  76.1 KBytes   623 Kbits/sec  16.671 ms 0/53 (0%)
[  4] 12.0000-13.0000 sec  74.6 KBytes   612 Kbits/sec  17.004 ms 0/52 (0%)
[  2] 12.0000-13.0000 sec  73.2 KBytes   600 Kbits/sec  16.199 ms 0/51 (0%)
[  5] 12.0000-13.0000 sec  73.2 KBytes   600 Kbits/sec  16.396 ms 0/51 (0%)
[  7] 12.0000-13.0000 sec  74.6 KBytes   612 Kbits/sec  16.306 ms 0/52 (0%)
[  9] 12.0000-13.0000 sec  74.6 KBytes   612 Kbits/sec  23.577 ms 0/52 (0%)
[  3] 12.0000-13.0000 sec  86.1 KBytes   706 Kbits/sec  14.096 ms 0/60 (0%)
[  6] 12.0000-13.0000 sec  84.7 KBytes   694 Kbits/sec  15.378 ms 0/59 (0%)
[  8] 12.0000-13.0000 sec  84.7 KBytes   694 Kbits/sec  14.664 ms 0/59 (0%)
[ 10] 12.0000-13.0000 sec  84.7 KBytes   694 Kbits/sec  16.023 ms 0/59 (0%)
[  1] 13.0000-14.0000 sec  84.7 KBytes   694 Kbits/sec  14.588 ms 0/59 (0%)
[  2] 13.0000-14.0000 sec  84.7 KBytes   694 Kbits/sec  14.268 ms 0/59 (0%)
[  4] 13.0000-14.0000 sec  84.7 KBytes   694 Kbits/sec  15.030 ms 0/59 (0%)
[  5] 13.0000-14.0000 sec  86.1 KBytes   706 Kbits/sec  14.132 ms 0/60 (0%)
[  7] 13.0000-14.0000 sec  84.7 KBytes   694 Kbits/sec  14.955 ms 0/59 (0%)
[  6] 13.0000-14.0000 sec  73.2 KBytes   600 Kbits/sec  34.266 ms 812/863 (94%)
[  8] 13.0000-14.0000 sec  74.6 KBytes   612 Kbits/sec  14.157 ms 371/423 (88%)
[  9] 13.0000-14.0000 sec  83.3 KBytes   682 Kbits/sec  29.818 ms 754/812 (93%)
[  3] 13.0000-14.0000 sec  74.6 KBytes   612 Kbits/sec  16.573 ms 264/316 (84%)
[ 10] 13.0000-14.0000 sec  76.1 KBytes   623 Kbits/sec  26.026 ms 648/701 (92%)
[  6] 14.0000-15.0000 sec  64.6 KBytes   529 Kbits/sec  32.638 ms 655/700 (94%)
[  1] 14.0000-15.0000 sec  86.1 KBytes   706 Kbits/sec  14.820 ms 0/60 (0%)
[  2] 14.0000-15.0000 sec  84.7 KBytes   694 Kbits/sec  15.625 ms 0/59 (0%)
[  4] 14.0000-15.0000 sec  86.1 KBytes   706 Kbits/sec  15.013 ms 0/60 (0%)
[  9] 14.0000-15.0000 sec  63.2 KBytes   517 Kbits/sec  34.491 ms 655/699 (94%)
[  7] 14.0000-15.0000 sec  84.7 KBytes   694 Kbits/sec  15.600 ms 0/59 (0%)
[  5] 14.0000-15.0000 sec  84.7 KBytes   694 Kbits/sec  14.912 ms 0/59 (0%)
[  8] 14.0000-15.0000 sec  73.2 KBytes   600 Kbits/sec  18.419 ms 701/752 (93%)
[ 10] 14.0000-15.0000 sec  73.2 KBytes   600 Kbits/sec  17.901 ms 679/730 (93%)
[  3] 14.0000-15.0000 sec  73.2 KBytes   600 Kbits/sec  17.361 ms 706/757 (93%)
[  2] 15.0000-16.0000 sec  64.6 KBytes   529 Kbits/sec  16.242 ms 0/45 (0%)
[  5] 15.0000-16.0000 sec  63.2 KBytes   517 Kbits/sec  16.132 ms 0/44 (0%)
[  3] 15.0000-16.0000 sec  63.2 KBytes   517 Kbits/sec  15.590 ms 707/751 (94%)
[  1] 15.0000-16.0000 sec  73.2 KBytes   600 Kbits/sec  15.152 ms 0/51 (0%)
[  6] 15.0000-16.0000 sec  87.6 KBytes   717 Kbits/sec  18.918 ms 488/549 (89%)
[  4] 15.0000-16.0000 sec  73.2 KBytes   600 Kbits/sec  15.826 ms 0/51 (0%)
[  9] 15.0000-16.0000 sec  84.7 KBytes   694 Kbits/sec  25.406 ms 862/921 (94%)
[ 10] 15.0000-16.0000 sec  76.1 KBytes   623 Kbits/sec  16.498 ms 853/906 (94%)
[  7] 15.0000-16.0000 sec  73.2 KBytes   600 Kbits/sec  16.146 ms 0/51 (0%)
[  8] 15.0000-16.0000 sec  73.2 KBytes   600 Kbits/sec  16.385 ms 720/771 (93%)
[  2] 16.0000-17.0000 sec  74.6 KBytes   612 Kbits/sec  17.540 ms 0/52 (0%)
[  1] 16.0000-17.0000 sec  63.2 KBytes   517 Kbits/sec  16.708 ms 0/44 (0%)
[  4] 16.0000-17.0000 sec  64.6 KBytes   529 Kbits/sec  16.236 ms 0/45 (0%)
[  5] 16.0000-17.0000 sec  74.6 KBytes   612 Kbits/sec  16.724 ms 0/52 (0%)
[  3] 16.0000-17.0000 sec  97.6 KBytes   800 Kbits/sec  15.239 ms 1070/1138 (94%)
[  8] 16.0000-17.0000 sec  84.7 KBytes   694 Kbits/sec  33.689 ms 1378/1437 (96%)
[  7] 16.0000-17.0000 sec  63.2 KBytes   517 Kbits/sec  17.691 ms 0/44 (0%)
[  6] 16.0000-17.0000 sec  84.7 KBytes   694 Kbits/sec  39.133 ms 1448/1507 (96%)
[  9] 16.0000-17.0000 sec  86.1 KBytes   706 Kbits/sec  18.036 ms 610/670 (91%)
[ 10] 16.0000-17.0000 sec  83.3 KBytes   682 Kbits/sec  16.076 ms 628/686 (92%)
[  1] 17.0000-18.0000 sec  74.6 KBytes   612 Kbits/sec  15.874 ms 0/52 (0%)
[  2] 17.0000-18.0000 sec  73.2 KBytes   600 Kbits/sec  16.100 ms 0/51 (0%)
[  6] 17.0000-18.0000 sec  73.2 KBytes   600 Kbits/sec  20.522 ms 431/482 (89%)
[  4] 17.0000-18.0000 sec  74.6 KBytes   612 Kbits/sec  15.831 ms 0/52 (0%)
[  5] 17.0000-18.0000 sec  73.2 KBytes   600 Kbits/sec  16.060 ms 0/51 (0%)
[  7] 17.0000-18.0000 sec  77.5 KBytes   635 Kbits/sec  15.864 ms 0/54 (0%)
[  3] 17.0000-18.0000 sec  73.2 KBytes   600 Kbits/sec  16.251 ms 667/718 (93%)
[  8] 17.0000-18.0000 sec  84.7 KBytes   694 Kbits/sec  18.202 ms 427/486 (88%)
[  9] 17.0000-18.0000 sec  84.7 KBytes   694 Kbits/sec  17.061 ms 781/840 (93%)
[ 10] 17.0000-18.0000 sec  86.1 KBytes   706 Kbits/sec  23.523 ms 1442/1502 (96%)
[  3] 18.0000-19.0000 sec  84.7 KBytes   694 Kbits/sec  36.998 ms 1475/1534 (96%)
[  1] 18.0000-19.0000 sec  84.7 KBytes   694 Kbits/sec  14.988 ms 0/59 (0%)
[  6] 18.0000-19.0000 sec  84.7 KBytes   694 Kbits/sec  16.234 ms 686/745 (92%)
[  4] 18.0000-19.0000 sec  84.7 KBytes   694 Kbits/sec  14.694 ms 0/59 (0%)
[  2] 18.0000-19.0000 sec  84.7 KBytes   694 Kbits/sec  15.174 ms 0/59 (0%)
[  5] 18.0000-19.0000 sec  84.7 KBytes   694 Kbits/sec  14.987 ms 0/59 (0%)
[  7] 18.0000-19.0000 sec  84.7 KBytes   694 Kbits/sec  14.343 ms 0/59 (0%)
[  9] 18.0000-19.0000 sec  71.8 KBytes   588 Kbits/sec  18.393 ms 659/709 (93%)
[  8] 18.0000-19.0000 sec  76.1 KBytes   623 Kbits/sec  16.697 ms 770/823 (94%)
[ 10] 18.0000-19.0000 sec  84.7 KBytes   694 Kbits/sec  18.337 ms 724/783 (92%)
[  4] 19.0000-20.0000 sec  76.1 KBytes   623 Kbits/sec  29.057 ms 622/675 (92%)
[  6] 19.0000-20.0000 sec  84.7 KBytes   694 Kbits/sec  21.979 ms 1125/1184 (95%)
[  1] 19.0000-20.0000 sec  84.7 KBytes   694 Kbits/sec  17.805 ms 427/486 (88%)
[  9] 19.0000-20.0000 sec  87.6 KBytes   717 Kbits/sec  17.841 ms 1279/1340 (95%)
[  2] 19.0000-20.0000 sec  84.7 KBytes   694 Kbits/sec  17.874 ms 407/466 (87%)
[  3] 19.0000-20.0000 sec  84.7 KBytes   694 Kbits/sec  18.101 ms 457/516 (89%)
[  5] 19.0000-20.0000 sec  86.1 KBytes   706 Kbits/sec  21.434 ms 598/658 (91%)
[  7] 19.0000-20.0000 sec  84.7 KBytes   694 Kbits/sec  23.860 ms 660/719 (92%)
[  8] 19.0000-20.0000 sec  94.7 KBytes   776 Kbits/sec  17.851 ms 1422/1488 (96%)
[ 10] 19.0000-20.0000 sec  73.2 KBytes   600 Kbits/sec  12.951 ms 430/481 (89%)
[  1] 20.0000-21.0000 sec  64.6 KBytes   529 Kbits/sec  13.903 ms 427/472 (90%)
[  2] 20.0000-21.0000 sec  77.5 KBytes   635 Kbits/sec  18.778 ms 776/830 (93%)
[  4] 20.0000-21.0000 sec  81.8 KBytes   670 Kbits/sec  20.932 ms 684/741 (92%)
[  5] 20.0000-21.0000 sec  74.6 KBytes   612 Kbits/sec  22.202 ms 826/878 (94%)
[  3] 20.0000-21.0000 sec  73.2 KBytes   600 Kbits/sec  18.560 ms 630/681 (93%)
[  7] 20.0000-21.0000 sec  73.2 KBytes   600 Kbits/sec  24.678 ms 689/740 (93%)
[  8] 20.0000-21.0000 sec  63.2 KBytes   517 Kbits/sec  18.174 ms 607/651 (93%)
[  6] 20.0000-21.0000 sec  76.1 KBytes   623 Kbits/sec  18.651 ms 639/692 (92%)
[  9] 20.0000-21.0000 sec  73.2 KBytes   600 Kbits/sec  17.729 ms 631/682 (93%)
[ 10] 20.0000-21.0000 sec  63.2 KBytes   517 Kbits/sec  17.007 ms 628/672 (93%)
[  1] 21.0000-22.0000 sec  94.7 KBytes   776 Kbits/sec  17.451 ms 1337/1403 (95%)
[  3] 21.0000-22.0000 sec  76.1 KBytes   623 Kbits/sec  26.572 ms 1073/1126 (95%)
[  8] 21.0000-22.0000 sec  74.6 KBytes   612 Kbits/sec  27.415 ms 816/868 (94%)
[  4] 21.0000-22.0000 sec  86.1 KBytes   706 Kbits/sec  26.320 ms 1067/1127 (95%)
[  5] 21.0000-22.0000 sec  84.7 KBytes   694 Kbits/sec  17.021 ms 648/707 (92%)
[  6] 21.0000-22.0000 sec  73.2 KBytes   600 Kbits/sec  20.927 ms 670/721 (93%)
[  7] 21.0000-22.0000 sec  84.7 KBytes   694 Kbits/sec  18.879 ms 780/839 (93%)
[  9] 21.0000-22.0000 sec  74.6 KBytes   612 Kbits/sec  20.454 ms 658/710 (93%)
[  2] 21.0000-22.0000 sec  84.7 KBytes   694 Kbits/sec  16.622 ms 663/722 (92%)
[ 10] 21.0000-22.0000 sec  86.1 KBytes   706 Kbits/sec  28.921 ms 1435/1495 (96%)
[  2] 22.0000-23.0000 sec  73.2 KBytes   600 Kbits/sec  31.035 ms 1223/1274 (96%)
[  3] 22.0000-23.0000 sec  76.1 KBytes   623 Kbits/sec  16.253 ms 700/753 (93%)
[  8] 22.0000-23.0000 sec  73.2 KBytes   600 Kbits/sec  21.681 ms 673/724 (93%)
[  6] 22.0000-23.0000 sec  76.1 KBytes   623 Kbits/sec  16.772 ms 772/825 (94%)
[  1] 22.0000-23.0000 sec  84.7 KBytes   694 Kbits/sec  18.267 ms 791/850 (93%)
[ 10] 22.0000-23.0000 sec  74.6 KBytes   612 Kbits/sec  28.813 ms 664/716 (93%)
[  9] 22.0000-23.0000 sec  73.2 KBytes   600 Kbits/sec  17.580 ms 771/822 (94%)
[  4] 22.0000-23.0000 sec  84.7 KBytes   694 Kbits/sec  22.284 ms 832/891 (93%)
[  5] 22.0000-23.0000 sec  73.2 KBytes   600 Kbits/sec  17.490 ms 690/741 (93%)
[  7] 22.0000-23.0000 sec  84.7 KBytes   694 Kbits/sec  18.451 ms 692/751 (92%)
[  2] 23.0000-24.0000 sec  84.7 KBytes   694 Kbits/sec  17.251 ms 688/747 (92%)
[  5] 23.0000-24.0000 sec  84.7 KBytes   694 Kbits/sec  41.791 ms 1543/1602 (96%)
[  1] 23.0000-24.0000 sec  84.7 KBytes   694 Kbits/sec  16.754 ms 665/724 (92%)
[  3] 23.0000-24.0000 sec  81.8 KBytes   670 Kbits/sec  18.347 ms 639/696 (92%)
[  4] 23.0000-24.0000 sec  84.7 KBytes   694 Kbits/sec  28.982 ms 1118/1177 (95%)
[  7] 23.0000-24.0000 sec  77.5 KBytes   635 Kbits/sec  20.599 ms 733/787 (93%)
[  8] 23.0000-24.0000 sec  86.1 KBytes   706 Kbits/sec  16.358 ms 648/708 (92%)
[  6] 23.0000-24.0000 sec  73.2 KBytes   600 Kbits/sec  14.883 ms 649/700 (93%)
[  9] 23.0000-24.0000 sec  84.7 KBytes   694 Kbits/sec  23.734 ms 1064/1123 (95%)
[ 10] 23.0000-24.0000 sec  83.3 KBytes   682 Kbits/sec  22.228 ms 749/807 (93%)
[  2] 24.0000-25.0000 sec  84.7 KBytes   694 Kbits/sec  16.044 ms 656/715 (92%)
[  3] 24.0000-25.0000 sec  77.5 KBytes   635 Kbits/sec  48.113 ms 1379/1433 (96%)
[  5] 24.0000-25.0000 sec  86.1 KBytes   706 Kbits/sec  21.704 ms 643/703 (91%)
[  6] 24.0000-25.0000 sec  74.6 KBytes   612 Kbits/sec  15.155 ms 771/823 (94%)
[  1] 24.0000-25.0000 sec  84.7 KBytes   694 Kbits/sec  15.323 ms 798/857 (93%)
[  8] 24.0000-25.0000 sec  84.7 KBytes   694 Kbits/sec  18.691 ms 1086/1145 (95%)
[  4] 24.0000-25.0000 sec  84.7 KBytes   694 Kbits/sec  22.380 ms 631/690 (91%)
[  9] 24.0000-25.0000 sec  84.7 KBytes   694 Kbits/sec  17.277 ms 673/732 (92%)
[ 10] 24.0000-25.0000 sec  84.7 KBytes   694 Kbits/sec  17.312 ms 653/712 (92%)
[  7] 24.0000-25.0000 sec  93.3 KBytes   764 Kbits/sec  18.098 ms 1115/1180 (94%)
[  1] 25.0000-26.0000 sec  63.2 KBytes   517 Kbits/sec  18.352 ms 620/664 (93%)
[  4] 25.0000-26.0000 sec  63.2 KBytes   517 Kbits/sec  27.067 ms 766/810 (95%)
[  3] 25.0000-26.0000 sec  83.3 KBytes   682 Kbits/sec  20.589 ms 426/484 (88%)
[  5] 25.0000-26.0000 sec  76.1 KBytes   623 Kbits/sec  21.432 ms 622/675 (92%)
[  6] 25.0000-26.0000 sec  94.7 KBytes   776 Kbits/sec  25.019 ms 1419/1485 (96%)
[  7] 25.0000-26.0000 sec  63.2 KBytes   517 Kbits/sec  18.032 ms 618/662 (93%)
[  2] 25.0000-26.0000 sec  76.1 KBytes   623 Kbits/sec  16.417 ms 736/789 (93%)
[  9] 25.0000-26.0000 sec  74.6 KBytes   612 Kbits/sec  17.885 ms 785/837 (94%)
[  8] 25.0000-26.0000 sec  84.7 KBytes   694 Kbits/sec  15.715 ms 650/709 (92%)
[ 10] 25.0000-26.0000 sec  84.7 KBytes   694 Kbits/sec  20.652 ms 1098/1157 (95%)
[  2] 26.0000-27.0000 sec  74.6 KBytes   612 Kbits/sec  26.740 ms 1151/1203 (96%)
[  3] 26.0000-27.0000 sec  84.7 KBytes   694 Kbits/sec  52.179 ms 1488/1547 (96%)
[  1] 26.0000-27.0000 sec  86.1 KBytes   706 Kbits/sec  38.050 ms 1508/1568 (96%)
[  4] 26.0000-27.0000 sec  84.7 KBytes   694 Kbits/sec  22.126 ms 729/788 (93%)
[  6] 26.0000-27.0000 sec  86.1 KBytes   706 Kbits/sec  19.752 ms 797/857 (93%)
[  9] 26.0000-27.0000 sec  86.1 KBytes   706 Kbits/sec  34.874 ms 1334/1394 (96%)
[  5] 26.0000-27.0000 sec  84.7 KBytes   694 Kbits/sec  29.675 ms 1205/1264 (95%)
[  7] 26.0000-27.0000 sec  79.0 KBytes   647 Kbits/sec  22.223 ms 881/936 (94%)
[ 10] 26.0000-27.0000 sec  73.2 KBytes   600 Kbits/sec  17.675 ms 772/823 (94%)
[  8] 26.0000-27.0000 sec  84.7 KBytes   694 Kbits/sec  20.402 ms 1130/1189 (95%)
[  1] 27.0000-28.0000 sec  76.1 KBytes   623 Kbits/sec  19.711 ms 398/451 (88%)
[  4] 27.0000-28.0000 sec  73.2 KBytes   600 Kbits/sec  19.660 ms 780/831 (94%)
[  2] 27.0000-28.0000 sec  84.7 KBytes   694 Kbits/sec  16.625 ms 669/728 (92%)
[  5] 27.0000-28.0000 sec  73.2 KBytes   600 Kbits/sec  26.903 ms 693/744 (93%)
[  7] 27.0000-28.0000 sec  81.8 KBytes   670 Kbits/sec  20.445 ms 1113/1170 (95%)
[  8] 27.0000-28.0000 sec  76.1 KBytes   623 Kbits/sec  18.191 ms 623/676 (92%)
[  3] 27.0000-28.0000 sec  84.7 KBytes   694 Kbits/sec  30.838 ms 628/687 (91%)
[  6] 27.0000-28.0000 sec  84.7 KBytes   694 Kbits/sec  25.861 ms 1062/1121 (95%)
[  9] 27.0000-28.0000 sec  84.7 KBytes   694 Kbits/sec  18.849 ms 770/829 (93%)
[ 10] 27.0000-28.0000 sec  84.7 KBytes   694 Kbits/sec  16.837 ms 624/683 (91%)
[  1] 28.0000-29.0000 sec  73.2 KBytes   600 Kbits/sec  20.130 ms 770/821 (94%)
[  5] 28.0000-29.0000 sec  74.6 KBytes   612 Kbits/sec  28.769 ms 948/1000 (95%)
[  2] 28.0000-29.0000 sec  73.2 KBytes   600 Kbits/sec  19.297 ms 881/932 (95%)
[  3] 28.0000-29.0000 sec  84.7 KBytes   694 Kbits/sec  22.259 ms 760/819 (93%)
[  7] 28.0000-29.0000 sec  73.2 KBytes   600 Kbits/sec  22.845 ms 741/792 (94%)
[  6] 28.0000-29.0000 sec  84.7 KBytes   694 Kbits/sec  20.358 ms 659/718 (92%)
[  9] 28.0000-29.0000 sec  84.7 KBytes   694 Kbits/sec  18.335 ms 656/715 (92%)
[  4] 28.0000-29.0000 sec  86.1 KBytes   706 Kbits/sec  18.811 ms 753/813 (93%)
[ 10] 28.0000-29.0000 sec  84.7 KBytes   694 Kbits/sec  31.088 ms 1193/1252 (95%)
[  8] 28.0000-29.0000 sec  94.7 KBytes   776 Kbits/sec  14.189 ms 768/834 (92%)
[  1] 29.0000-30.0000 sec  74.6 KBytes   612 Kbits/sec  16.985 ms 805/857 (94%)
[  5] 29.0000-30.0000 sec  86.1 KBytes   706 Kbits/sec  14.499 ms 537/597 (90%)
[  2] 29.0000-30.0000 sec  84.7 KBytes   694 Kbits/sec  36.316 ms 1320/1379 (96%)
[  3] 29.0000-30.0000 sec  86.1 KBytes   706 Kbits/sec  17.792 ms 694/754 (92%)
[  7] 29.0000-30.0000 sec  84.7 KBytes   694 Kbits/sec  31.699 ms 1141/1200 (95%)
[  8] 29.0000-30.0000 sec  64.6 KBytes   529 Kbits/sec  21.976 ms 620/665 (93%)
[  6] 29.0000-30.0000 sec  84.7 KBytes   694 Kbits/sec  24.134 ms 1219/1278 (95%)
[  4] 29.0000-30.0000 sec  77.5 KBytes   635 Kbits/sec  20.724 ms 764/818 (93%)
[  9] 29.0000-30.0000 sec  86.1 KBytes   706 Kbits/sec  14.193 ms 787/847 (93%)
[ 10] 29.0000-30.0000 sec  86.1 KBytes   706 Kbits/sec  15.991 ms 767/827 (93%)
[  4] 30.0000-31.0000 sec  81.8 KBytes   670 Kbits/sec  33.698 ms 1496/1553 (96%)
[  1] 30.0000-31.0000 sec  94.7 KBytes   776 Kbits/sec  20.127 ms 1274/1340 (95%)
[  3] 30.0000-31.0000 sec  84.7 KBytes   694 Kbits/sec  17.893 ms 935/994 (94%)
[  8] 30.0000-31.0000 sec  94.7 KBytes   776 Kbits/sec  23.125 ms 1626/1692 (96%)
[  2] 30.0000-31.0000 sec  86.1 KBytes   706 Kbits/sec  20.775 ms 920/980 (94%)
[  5] 30.0000-31.0000 sec  81.8 KBytes   670 Kbits/sec  19.005 ms 847/904 (94%)
[  7] 30.0000-31.0000 sec  84.7 KBytes   694 Kbits/sec  22.553 ms 834/893 (93%)
[  6] 30.0000-31.0000 sec  84.7 KBytes   694 Kbits/sec  23.761 ms 710/769 (92%)
[  9] 30.0000-31.0000 sec  84.7 KBytes   694 Kbits/sec  37.919 ms 1550/1609 (96%)
[ 10] 30.0000-31.0000 sec  84.7 KBytes   694 Kbits/sec  17.611 ms 762/821 (93%)
[  2] 31.0000-32.0000 sec  76.1 KBytes   623 Kbits/sec  19.264 ms 643/696 (92%)
[  1] 31.0000-32.0000 sec  84.7 KBytes   694 Kbits/sec  18.138 ms 681/740 (92%)
[  4] 31.0000-32.0000 sec  84.7 KBytes   694 Kbits/sec  22.847 ms 659/718 (92%)
[  3] 31.0000-32.0000 sec  84.7 KBytes   694 Kbits/sec  38.174 ms 1446/1505 (96%)
[  8] 31.0000-32.0000 sec  84.7 KBytes   694 Kbits/sec  19.509 ms 778/837 (93%)
[  5] 31.0000-32.0000 sec  86.1 KBytes   706 Kbits/sec  19.935 ms 1131/1191 (95%)
[  6] 31.0000-32.0000 sec  86.1 KBytes   706 Kbits/sec  17.719 ms 761/821 (93%)
[  7] 31.0000-32.0000 sec  84.7 KBytes   694 Kbits/sec  18.142 ms 630/689 (91%)
[  9] 31.0000-32.0000 sec  84.7 KBytes   694 Kbits/sec  18.471 ms 452/511 (88%)
[ 10] 31.0000-32.0000 sec  84.7 KBytes   694 Kbits/sec  40.031 ms 1452/1511 (96%)
[  1] 32.0000-33.0000 sec  76.1 KBytes   623 Kbits/sec  27.713 ms 1072/1125 (95%)
[  4] 32.0000-33.0000 sec  73.2 KBytes   600 Kbits/sec  22.072 ms 793/844 (94%)
[  2] 32.0000-33.0000 sec  84.7 KBytes   694 Kbits/sec  18.162 ms 649/708 (92%)
[  6] 32.0000-33.0000 sec  74.6 KBytes   612 Kbits/sec  18.631 ms 718/770 (93%)
[  5] 32.0000-33.0000 sec  71.8 KBytes   588 Kbits/sec  19.385 ms 615/665 (92%)
[  7] 32.0000-33.0000 sec  74.6 KBytes   612 Kbits/sec  18.074 ms 781/833 (94%)
[  9] 32.0000-33.0000 sec  73.2 KBytes   600 Kbits/sec  17.005 ms 749/800 (94%)
[  3] 32.0000-33.0000 sec  84.7 KBytes   694 Kbits/sec  26.380 ms 643/702 (92%)
[  8] 32.0000-33.0000 sec  84.7 KBytes   694 Kbits/sec  18.855 ms 703/762 (92%)
[ 10] 32.0000-33.0000 sec  84.7 KBytes   694 Kbits/sec  27.909 ms 776/835 (93%)
[  2] 33.0000-34.0000 sec  84.7 KBytes   694 Kbits/sec  15.615 ms 812/871 (93%)
[  5] 33.0000-34.0000 sec  86.1 KBytes   706 Kbits/sec  14.788 ms 837/897 (93%)
[  3] 33.0000-34.0000 sec  63.2 KBytes   517 Kbits/sec  33.319 ms 848/892 (95%)
[  8] 33.0000-34.0000 sec  53.1 KBytes   435 Kbits/sec  14.940 ms 396/433 (91%)
[  1] 33.0000-34.0000 sec  94.7 KBytes   776 Kbits/sec  17.503 ms 874/940 (93%)
[  4] 33.0000-34.0000 sec  97.6 KBytes   800 Kbits/sec  15.840 ms 708/776 (91%)
[  6] 33.0000-34.0000 sec  73.2 KBytes   600 Kbits/sec  18.854 ms 790/841 (94%)
[ 10] 33.0000-34.0000 sec  64.6 KBytes   529 Kbits/sec  21.648 ms 722/767 (94%)
[  7] 33.0000-34.0000 sec  94.7 KBytes   776 Kbits/sec  30.700 ms 1385/1451 (95%)
[  9] 33.0000-34.0000 sec  74.6 KBytes   612 Kbits/sec  19.088 ms 617/669 (92%)
[  2] 34.0000-35.0000 sec  73.2 KBytes   600 Kbits/sec  34.064 ms 1087/1138 (96%)
[  5] 34.0000-35.0000 sec  74.6 KBytes   612 Kbits/sec  66.801 ms 1432/1484 (96%)
[  3] 34.0000-35.0000 sec  97.6 KBytes   800 Kbits/sec  35.018 ms 1305/1373 (95%)
[  7] 34.0000-35.0000 sec  64.6 KBytes   529 Kbits/sec  24.026 ms 416/461 (90%)
[  8] 34.0000-35.0000 sec   106 KBytes   870 Kbits/sec  20.436 ms 1654/1728 (96%)
[  6] 34.0000-35.0000 sec  96.2 KBytes   788 Kbits/sec  30.521 ms 1645/1712 (96%)
[  1] 34.0000-35.0000 sec  74.6 KBytes   612 Kbits/sec  18.985 ms 644/696 (93%)
[  9] 34.0000-35.0000 sec  94.7 KBytes   776 Kbits/sec  21.658 ms 1635/1701 (96%)
[  4] 34.0000-35.0000 sec  73.2 KBytes   600 Kbits/sec  19.119 ms 743/794 (94%)
[ 10] 34.0000-35.0000 sec  97.6 KBytes   800 Kbits/sec  16.793 ms 882/950 (93%)
[  1] 35.0000-36.0000 sec  63.2 KBytes   517 Kbits/sec  16.044 ms 638/682 (94%)
[  4] 35.0000-36.0000 sec  63.2 KBytes   517 Kbits/sec  17.859 ms 640/684 (94%)
[  2] 35.0000-36.0000 sec  76.1 KBytes   623 Kbits/sec  19.682 ms 642/695 (92%)
[  6] 35.0000-36.0000 sec  73.2 KBytes   600 Kbits/sec  26.091 ms 661/712 (93%)
[  7] 35.0000-36.0000 sec  76.1 KBytes   623 Kbits/sec  17.651 ms 661/714 (93%)
[  3] 35.0000-36.0000 sec  84.7 KBytes   694 Kbits/sec  25.334 ms 660/719 (92%)
[  8] 35.0000-36.0000 sec  84.7 KBytes   694 Kbits/sec  29.247 ms 1183/1242 (95%)
[  5] 35.0000-36.0000 sec  73.2 KBytes   600 Kbits/sec  16.752 ms 0/51 (0%)
[ 10] 35.0000-36.0000 sec  81.8 KBytes   670 Kbits/sec  19.558 ms 744/801 (93%)
[  9] 35.0000-36.0000 sec  86.1 KBytes   706 Kbits/sec  17.852 ms 846/906 (93%)
[  2] 36.0000-37.0000 sec  73.2 KBytes   600 Kbits/sec  17.690 ms 790/841 (94%)
[  3] 36.0000-37.0000 sec  63.2 KBytes   517 Kbits/sec  30.604 ms 785/829 (95%)
[  1] 36.0000-37.0000 sec  84.7 KBytes   694 Kbits/sec  18.815 ms 1103/1162 (95%)
[  8] 36.0000-37.0000 sec  66.0 KBytes   541 Kbits/sec  33.965 ms 684/730 (94%)
[  6] 36.0000-37.0000 sec  76.1 KBytes   623 Kbits/sec  25.104 ms 815/868 (94%)
[  4] 36.0000-37.0000 sec  83.3 KBytes   682 Kbits/sec  25.001 ms 1222/1280 (95%)
[  9] 36.0000-37.0000 sec  66.0 KBytes   541 Kbits/sec  23.970 ms 667/713 (94%)
[  5] 36.0000-37.0000 sec  84.7 KBytes   694 Kbits/sec  31.121 ms 1409/1468 (96%)
[  7] 36.0000-37.0000 sec  76.1 KBytes   623 Kbits/sec  24.586 ms 644/697 (92%)
[ 10] 36.0000-37.0000 sec  74.6 KBytes   612 Kbits/sec  26.503 ms 1113/1165 (96%)
[  1] 37.0000-38.0000 sec  73.2 KBytes   600 Kbits/sec  17.080 ms 701/752 (93%)
[  3] 37.0000-38.0000 sec  73.2 KBytes   600 Kbits/sec  29.074 ms 719/770 (93%)
[  4] 37.0000-38.0000 sec  76.1 KBytes   623 Kbits/sec  18.456 ms 630/683 (92%)
[  2] 37.0000-38.0000 sec  84.7 KBytes   694 Kbits/sec  16.420 ms 655/714 (92%)
[  6] 37.0000-38.0000 sec  70.3 KBytes   576 Kbits/sec  16.952 ms 488/537 (91%)
[  5] 37.0000-38.0000 sec  76.1 KBytes   623 Kbits/sec  24.886 ms 603/656 (92%)
[  9] 37.0000-38.0000 sec  73.2 KBytes   600 Kbits/sec  21.786 ms 837/888 (94%)
[  7] 37.0000-38.0000 sec  81.8 KBytes   670 Kbits/sec  18.630 ms 1079/1136 (95%)
[  8] 37.0000-38.0000 sec  83.3 KBytes   682 Kbits/sec  14.126 ms 482/540 (89%)
[ 10] 37.0000-38.0000 sec  73.2 KBytes   600 Kbits/sec  18.280 ms 852/903 (94%)
[  1] 38.0000-39.0000 sec  76.1 KBytes   623 Kbits/sec  18.163 ms 681/734 (93%)
[  3] 38.0000-39.0000 sec  84.7 KBytes   694 Kbits/sec  21.200 ms 851/910 (94%)
[  4] 38.0000-39.0000 sec  73.2 KBytes   600 Kbits/sec  18.286 ms 671/722 (93%)
[  2] 38.0000-39.0000 sec  67.5 KBytes   553 Kbits/sec  22.508 ms 649/696 (93%)
[  5] 38.0000-39.0000 sec  73.2 KBytes   600 Kbits/sec  25.366 ms 819/870 (94%)
[  7] 38.0000-39.0000 sec  74.6 KBytes   612 Kbits/sec  18.891 ms 664/716 (93%)
[  6] 38.0000-39.0000 sec  87.6 KBytes   717 Kbits/sec  34.701 ms 1406/1467 (96%)
[  9] 38.0000-39.0000 sec  84.7 KBytes   694 Kbits/sec  16.311 ms 659/718 (92%)
[  8] 38.0000-39.0000 sec  76.1 KBytes   623 Kbits/sec  20.930 ms 696/749 (93%)
[ 10] 38.0000-39.0000 sec  84.7 KBytes   694 Kbits/sec  17.578 ms 725/784 (92%)
[  2] 39.0000-40.0000 sec  83.3 KBytes   682 Kbits/sec  44.480 ms 1509/1567 (96%)
[  4] 39.0000-40.0000 sec  84.7 KBytes   694 Kbits/sec  16.671 ms 827/886 (93%)
[  9] 39.0000-40.0000 sec  74.6 KBytes   612 Kbits/sec  17.820 ms 879/931 (94%)
[  3] 39.0000-40.0000 sec  86.1 KBytes   706 Kbits/sec  17.587 ms 694/754 (92%)
[  5] 39.0000-40.0000 sec  76.1 KBytes   623 Kbits/sec  16.233 ms 487/540 (90%)
[  8] 39.0000-40.0000 sec  84.7 KBytes   694 Kbits/sec  23.748 ms 1509/1568 (96%)
[  7] 39.0000-40.0000 sec  86.1 KBytes   706 Kbits/sec  16.079 ms 830/890 (93%)
[  1] 39.0000-40.0000 sec  84.7 KBytes   694 Kbits/sec  17.773 ms 708/767 (92%)
[  6] 39.0000-40.0000 sec  84.7 KBytes   694 Kbits/sec  23.645 ms 790/849 (93%)
[ 10] 39.0000-40.0000 sec  76.1 KBytes   623 Kbits/sec  16.379 ms 690/743 (93%)
[  1] 40.0000-41.0000 sec  73.2 KBytes   600 Kbits/sec  55.395 ms 1419/1470 (97%)
[  2] 40.0000-41.0000 sec  81.8 KBytes   670 Kbits/sec  27.091 ms 766/823 (93%)
[  5] 40.0000-41.0000 sec  73.2 KBytes   600 Kbits/sec  14.759 ms 662/713 (93%)
[  7] 40.0000-41.0000 sec  73.2 KBytes   600 Kbits/sec  32.588 ms 1072/1123 (95%)
[  3] 40.0000-41.0000 sec  80.4 KBytes   659 Kbits/sec  19.418 ms 764/820 (93%)
[  9] 40.0000-41.0000 sec  86.1 KBytes   706 Kbits/sec  19.980 ms 1166/1226 (95%)
[  4] 40.0000-41.0000 sec  84.7 KBytes   694 Kbits/sec  35.026 ms 1441/1500 (96%)
[  8] 40.0000-41.0000 sec  84.7 KBytes   694 Kbits/sec  18.467 ms 712/771 (92%)
[  6] 40.0000-41.0000 sec  84.7 KBytes   694 Kbits/sec  19.266 ms 712/771 (92%)
[ 10] 40.0000-41.0000 sec  86.1 KBytes   706 Kbits/sec  17.898 ms 1176/1236 (95%)
[  3] 41.0000-42.0000 sec  68.9 KBytes   564 Kbits/sec  58.834 ms 1530/1578 (97%)
[  1] 41.0000-42.0000 sec  84.7 KBytes   694 Kbits/sec  22.795 ms 438/497 (88%)
[  4] 41.0000-42.0000 sec  76.1 KBytes   623 Kbits/sec  30.534 ms 708/761 (93%)
[  6] 41.0000-42.0000 sec  63.2 KBytes   517 Kbits/sec  22.127 ms 822/866 (95%)
[  5] 41.0000-42.0000 sec  96.2 KBytes   788 Kbits/sec  20.378 ms 1480/1547 (96%)
[  2] 41.0000-42.0000 sec  84.7 KBytes   694 Kbits/sec  20.735 ms 664/723 (92%)
[  7] 41.0000-42.0000 sec  84.7 KBytes   694 Kbits/sec  16.493 ms 691/750 (92%)
[  9] 41.0000-42.0000 sec  73.2 KBytes   600 Kbits/sec  20.741 ms 676/727 (93%)
[  8] 41.0000-42.0000 sec  73.2 KBytes   600 Kbits/sec  21.337 ms 825/876 (94%)
[ 10] 41.0000-42.0000 sec  71.8 KBytes   588 Kbits/sec  17.266 ms 677/727 (93%)
[  3] 42.0000-43.0000 sec  84.7 KBytes   694 Kbits/sec  20.381 ms 463/522 (89%)
[  4] 42.0000-43.0000 sec  84.7 KBytes   694 Kbits/sec  20.771 ms 759/818 (93%)
[  2] 42.0000-43.0000 sec  86.1 KBytes   706 Kbits/sec  16.773 ms 816/876 (93%)
[  6] 42.0000-43.0000 sec  86.1 KBytes   706 Kbits/sec  16.424 ms 683/743 (92%)
[  5] 42.0000-43.0000 sec  84.7 KBytes   694 Kbits/sec  18.443 ms 641/700 (92%)
[  7] 42.0000-43.0000 sec  84.7 KBytes   694 Kbits/sec  21.384 ms 1131/1190 (95%)
[  1] 42.0000-43.0000 sec  84.7 KBytes   694 Kbits/sec  17.033 ms 727/786 (92%)
[  9] 42.0000-43.0000 sec  84.7 KBytes   694 Kbits/sec  16.371 ms 780/839 (93%)
[  8] 42.0000-43.0000 sec  84.7 KBytes   694 Kbits/sec  15.722 ms 698/757 (92%)
[ 10] 42.0000-43.0000 sec  86.1 KBytes   706 Kbits/sec  19.362 ms 1158/1218 (95%)
[  1] 43.0000-44.0000 sec  64.6 KBytes   529 Kbits/sec  17.947 ms 812/857 (95%)
[  4] 43.0000-44.0000 sec  73.2 KBytes   600 Kbits/sec  21.999 ms 711/762 (93%)
[  2] 43.0000-44.0000 sec  74.6 KBytes   612 Kbits/sec  17.940 ms 716/768 (93%)
[  8] 43.0000-44.0000 sec  74.6 KBytes   612 Kbits/sec  15.950 ms 761/813 (94%)
[  3] 43.0000-44.0000 sec  84.7 KBytes   694 Kbits/sec  16.025 ms 696/755 (92%)
[  5] 43.0000-44.0000 sec  73.2 KBytes   600 Kbits/sec  39.891 ms 1177/1228 (96%)
[  7] 43.0000-44.0000 sec  74.6 KBytes   612 Kbits/sec  20.254 ms 864/916 (94%)
[  6] 43.0000-44.0000 sec  79.0 KBytes   647 Kbits/sec  20.690 ms 789/844 (93%)
[  9] 43.0000-44.0000 sec  84.7 KBytes   694 Kbits/sec  41.527 ms 1532/1591 (96%)
[ 10] 43.0000-44.0000 sec  84.7 KBytes   694 Kbits/sec  15.218 ms 661/720 (92%)
[  2] 44.0000-45.0000 sec  67.5 KBytes   553 Kbits/sec  21.933 ms 674/721 (93%)
[  1] 44.0000-45.0000 sec  97.6 KBytes   800 Kbits/sec  15.349 ms 1117/1185 (94%)
[  4] 44.0000-45.0000 sec  84.7 KBytes   694 Kbits/sec  17.355 ms 772/831 (93%)
[  8] 44.0000-45.0000 sec  74.6 KBytes   612 Kbits/sec  25.139 ms 714/766 (93%)
[  3] 44.0000-45.0000 sec  84.7 KBytes   694 Kbits/sec  40.234 ms 1570/1629 (96%)
[  5] 44.0000-45.0000 sec  86.1 KBytes   706 Kbits/sec  23.136 ms 755/815 (93%)
[  7] 44.0000-45.0000 sec  86.1 KBytes   706 Kbits/sec  28.270 ms 1075/1135 (95%)
[  6] 44.0000-45.0000 sec  90.4 KBytes   741 Kbits/sec  32.057 ms 1604/1667 (96%)
[ 10] 44.0000-45.0000 sec  74.6 KBytes   612 Kbits/sec  18.192 ms 899/951 (95%)
[  9] 44.0000-45.0000 sec  84.7 KBytes   694 Kbits/sec  30.585 ms 737/796 (93%)
[  2] 45.0000-46.0000 sec  81.8 KBytes   670 Kbits/sec  21.124 ms 1103/1160 (95%)
[  3] 45.0000-46.0000 sec  76.1 KBytes   623 Kbits/sec  28.763 ms 631/684 (92%)
[  7] 45.0000-46.0000 sec  63.2 KBytes   517 Kbits/sec  44.666 ms 673/717 (94%)
[  8] 45.0000-46.0000 sec  86.1 KBytes   706 Kbits/sec  26.171 ms 1279/1339 (96%)
[  6] 45.0000-46.0000 sec  76.1 KBytes   623 Kbits/sec  24.356 ms 628/681 (92%)
[  5] 45.0000-46.0000 sec  63.2 KBytes   517 Kbits/sec  15.817 ms 444/488 (91%)
[  1] 45.0000-46.0000 sec  73.2 KBytes   600 Kbits/sec  19.738 ms 661/712 (93%)
[  9] 45.0000-46.0000 sec  76.1 KBytes   623 Kbits/sec  23.783 ms 766/819 (94%)
[  4] 45.0000-46.0000 sec  76.1 KBytes   623 Kbits/sec  19.104 ms 673/726 (93%)
[ 10] 45.0000-46.0000 sec  74.6 KBytes   612 Kbits/sec  21.922 ms 659/711 (93%)
[  2] 46.0000-47.0000 sec  84.7 KBytes   694 Kbits/sec  15.412 ms 651/710 (92%)
[  1] 46.0000-47.0000 sec  83.3 KBytes   682 Kbits/sec  15.296 ms 762/820 (93%)
[  6] 46.0000-47.0000 sec  84.7 KBytes   694 Kbits/sec  21.054 ms 820/879 (93%)
[  4] 46.0000-47.0000 sec  84.7 KBytes   694 Kbits/sec  30.075 ms 1418/1477 (96%)
[  5] 46.0000-47.0000 sec  96.2 KBytes   788 Kbits/sec  35.543 ms 1426/1493 (96%)
[  9] 46.0000-47.0000 sec  84.7 KBytes   694 Kbits/sec  20.270 ms 726/785 (92%)
[  3] 46.0000-47.0000 sec  89.0 KBytes   729 Kbits/sec  21.438 ms 478/540 (89%)
[  7] 46.0000-47.0000 sec  94.7 KBytes   776 Kbits/sec  19.900 ms 825/891 (93%)
[  8] 46.0000-47.0000 sec  93.3 KBytes   764 Kbits/sec  17.291 ms 759/824 (92%)
[ 10] 46.0000-47.0000 sec  96.2 KBytes   788 Kbits/sec  21.309 ms 1525/1592 (96%)
[  1] 47.0000-48.0000 sec  76.1 KBytes   623 Kbits/sec  40.478 ms 1460/1513 (96%)
[  6] 47.0000-48.0000 sec  86.1 KBytes   706 Kbits/sec  16.259 ms 675/735 (92%)
[  4] 47.0000-48.0000 sec  73.2 KBytes   600 Kbits/sec  35.765 ms 828/879 (94%)
[  2] 47.0000-48.0000 sec  86.1 KBytes   706 Kbits/sec  18.576 ms 1117/1177 (95%)
[  5] 47.0000-48.0000 sec  73.2 KBytes   600 Kbits/sec  19.884 ms 692/743 (93%)
[  7] 47.0000-48.0000 sec  74.6 KBytes   612 Kbits/sec  19.334 ms 645/697 (93%)
[  9] 47.0000-48.0000 sec  83.3 KBytes   682 Kbits/sec  17.637 ms 798/856 (93%)
[  3] 47.0000-48.0000 sec  90.4 KBytes   741 Kbits/sec  27.152 ms 1535/1598 (96%)
[  8] 47.0000-48.0000 sec  84.7 KBytes   694 Kbits/sec  32.372 ms 1463/1522 (96%)
[ 10] 47.0000-48.0000 sec  84.7 KBytes   694 Kbits/sec  17.896 ms 796/855 (93%)
[  2] 48.0000-49.0000 sec  73.2 KBytes   600 Kbits/sec  19.452 ms 773/824 (94%)
[  3] 48.0000-49.0000 sec  84.7 KBytes   694 Kbits/sec  17.285 ms 643/702 (92%)
[  6] 48.0000-49.0000 sec  93.3 KBytes   764 Kbits/sec  27.231 ms 1506/1571 (96%)
[  1] 48.0000-49.0000 sec  86.1 KBytes   706 Kbits/sec  28.738 ms 754/814 (93%)
[  4] 48.0000-49.0000 sec  84.7 KBytes   694 Kbits/sec  19.309 ms 500/559 (89%)
[  9] 48.0000-49.0000 sec  96.2 KBytes   788 Kbits/sec  16.256 ms 1109/1176 (94%)
[  7] 48.0000-49.0000 sec  84.7 KBytes   694 Kbits/sec  18.793 ms 767/826 (93%)
[  5] 48.0000-49.0000 sec  84.7 KBytes   694 Kbits/sec  24.215 ms 738/797 (93%)
[  8] 48.0000-49.0000 sec  94.7 KBytes   776 Kbits/sec  17.679 ms 635/701 (91%)
[ 10] 48.0000-49.0000 sec  93.3 KBytes   764 Kbits/sec  14.165 ms 605/670 (90%)
[  2] 49.0000-50.0000 sec  84.7 KBytes   694 Kbits/sec  15.187 ms 759/818 (93%)
[  1] 49.0000-50.0000 sec  84.7 KBytes   694 Kbits/sec  32.272 ms 1119/1178 (95%)
[  6] 49.0000-50.0000 sec  84.7 KBytes   694 Kbits/sec  21.204 ms 674/733 (92%)
[  4] 49.0000-50.0000 sec  79.0 KBytes   647 Kbits/sec  18.436 ms 699/754 (93%)
[  9] 49.0000-50.0000 sec  83.3 KBytes   682 Kbits/sec  16.959 ms 730/788 (93%)
[  3] 49.0000-50.0000 sec  91.9 KBytes   753 Kbits/sec  18.424 ms 716/780 (92%)
[  5] 49.0000-50.0000 sec  84.7 KBytes   694 Kbits/sec  19.828 ms 1119/1178 (95%)
[  7] 49.0000-50.0000 sec  86.1 KBytes   706 Kbits/sec  17.203 ms 1115/1175 (95%)
[  8] 49.0000-50.0000 sec  84.7 KBytes   694 Kbits/sec  26.642 ms 1146/1205 (95%)
[ 10] 49.0000-50.0000 sec  86.1 KBytes   706 Kbits/sec  15.436 ms 1180/1240 (95%)
[  1] 50.0000-51.0000 sec  73.2 KBytes   600 Kbits/sec  31.226 ms 628/679 (92%)
[  2] 50.0000-51.0000 sec  83.3 KBytes   682 Kbits/sec  22.267 ms 1058/1116 (95%)
[  5] 50.0000-51.0000 sec  76.1 KBytes   623 Kbits/sec  24.138 ms 621/674 (92%)
[  3] 50.0000-51.0000 sec  90.4 KBytes   741 Kbits/sec  29.855 ms 1434/1497 (96%)
[  7] 50.0000-51.0000 sec  71.8 KBytes   588 Kbits/sec  18.898 ms 634/684 (93%)
[  8] 50.0000-51.0000 sec  84.7 KBytes   694 Kbits/sec  20.739 ms 825/884 (93%)
[  6] 50.0000-51.0000 sec  96.2 KBytes   788 Kbits/sec  23.134 ms 1141/1208 (94%)
[ 10] 50.0000-51.0000 sec  84.7 KBytes   694 Kbits/sec  15.806 ms 815/874 (93%)
[  4] 50.0000-51.0000 sec  90.4 KBytes   741 Kbits/sec  18.689 ms 1036/1099 (94%)
[  9] 50.0000-51.0000 sec  99.1 KBytes   811 Kbits/sec  15.632 ms 1106/1175 (94%)
[  2] 51.0000-52.0000 sec  64.6 KBytes   529 Kbits/sec  29.786 ms 621/666 (93%)
[  3] 51.0000-52.0000 sec  84.7 KBytes   694 Kbits/sec  16.307 ms 429/488 (88%)
[  6] 51.0000-52.0000 sec  84.7 KBytes   694 Kbits/sec  18.185 ms 644/703 (92%)
[  1] 51.0000-52.0000 sec  74.6 KBytes   612 Kbits/sec  29.332 ms 740/792 (93%)
[  4] 51.0000-52.0000 sec  63.2 KBytes   517 Kbits/sec  19.087 ms 630/674 (93%)
[  9] 51.0000-52.0000 sec  84.7 KBytes   694 Kbits/sec  39.198 ms 1488/1547 (96%)
[  8] 51.0000-52.0000 sec  96.2 KBytes   788 Kbits/sec  23.822 ms 1160/1227 (95%)
[  5] 51.0000-52.0000 sec  73.2 KBytes   600 Kbits/sec  25.476 ms 749/800 (94%)
[  7] 51.0000-52.0000 sec  77.5 KBytes   635 Kbits/sec  19.158 ms 696/750 (93%)
[ 10] 51.0000-52.0000 sec  97.6 KBytes   800 Kbits/sec  16.416 ms 1138/1206 (94%)
[  1] 52.0000-53.0000 sec  84.7 KBytes   694 Kbits/sec  22.105 ms 771/830 (93%)
[  3] 52.0000-53.0000 sec  84.7 KBytes   694 Kbits/sec  36.974 ms 1586/1645 (96%)
[  4] 52.0000-53.0000 sec  80.4 KBytes   659 Kbits/sec  19.759 ms 777/833 (93%)
[  6] 52.0000-53.0000 sec  86.1 KBytes   706 Kbits/sec  21.956 ms 1219/1279 (95%)
[  2] 52.0000-53.0000 sec  91.9 KBytes   753 Kbits/sec  17.693 ms 906/970 (93%)
[  5] 52.0000-53.0000 sec  84.7 KBytes   694 Kbits/sec  18.822 ms 769/828 (93%)
[  7] 52.0000-53.0000 sec  74.6 KBytes   612 Kbits/sec  21.903 ms 769/821 (94%)
[  9] 52.0000-53.0000 sec  84.7 KBytes   694 Kbits/sec  26.651 ms 702/761 (92%)
[  8] 52.0000-53.0000 sec  86.1 KBytes   706 Kbits/sec  19.335 ms 698/758 (92%)
[ 10] 52.0000-53.0000 sec  83.3 KBytes   682 Kbits/sec  15.846 ms 706/764 (92%)
[  1] 53.0000-54.0000 sec  86.1 KBytes   706 Kbits/sec  34.554 ms 1244/1304 (95%)
[  4] 53.0000-54.0000 sec  90.4 KBytes   741 Kbits/sec  29.974 ms 1490/1553 (96%)
[  2] 53.0000-54.0000 sec  87.6 KBytes   717 Kbits/sec  35.109 ms 1487/1548 (96%)
[  6] 53.0000-54.0000 sec  73.2 KBytes   600 Kbits/sec  23.971 ms 730/781 (93%)
[  7] 53.0000-54.0000 sec  94.7 KBytes   776 Kbits/sec  18.305 ms 1193/1259 (95%)
[  5] 53.0000-54.0000 sec  84.7 KBytes   694 Kbits/sec  17.205 ms 858/917 (94%)
[  9] 53.0000-54.0000 sec  73.2 KBytes   600 Kbits/sec  21.389 ms 474/525 (90%)
[  3] 53.0000-54.0000 sec  84.7 KBytes   694 Kbits/sec  26.184 ms 738/797 (93%)
[  8] 53.0000-54.0000 sec  73.2 KBytes   600 Kbits/sec  22.361 ms 832/883 (94%)
[ 10] 53.0000-54.0000 sec  74.6 KBytes   612 Kbits/sec  24.531 ms 1220/1272 (96%)
[  2] 54.0000-55.0000 sec  84.7 KBytes   694 Kbits/sec  20.083 ms 673/732 (92%)
[  6] 54.0000-55.0000 sec  76.1 KBytes   623 Kbits/sec  20.586 ms 845/898 (94%)
[  5] 54.0000-55.0000 sec  84.7 KBytes   694 Kbits/sec  39.553 ms 1406/1465 (96%)
[  4] 54.0000-55.0000 sec  96.2 KBytes   788 Kbits/sec  17.826 ms 799/866 (92%)
[  1] 54.0000-55.0000 sec  94.7 KBytes   776 Kbits/sec  13.038 ms 610/676 (90%)
[  9] 54.0000-55.0000 sec  71.8 KBytes   588 Kbits/sec  20.475 ms 737/787 (94%)
[  8] 54.0000-55.0000 sec  74.6 KBytes   612 Kbits/sec  19.214 ms 728/780 (93%)
[  3] 54.0000-55.0000 sec  73.2 KBytes   600 Kbits/sec  22.761 ms 731/782 (93%)
[  7] 54.0000-55.0000 sec  93.3 KBytes   764 Kbits/sec  30.861 ms 1450/1515 (96%)
[ 10] 54.0000-55.0000 sec  74.6 KBytes   612 Kbits/sec  21.514 ms 734/786 (93%)
[  3] 55.0000-56.0000 sec  63.2 KBytes   517 Kbits/sec  25.317 ms 766/810 (95%)
[  1] 55.0000-56.0000 sec  84.7 KBytes   694 Kbits/sec  15.799 ms 745/804 (93%)
[  6] 55.0000-56.0000 sec  73.2 KBytes   600 Kbits/sec  20.670 ms 665/716 (93%)
[  4] 55.0000-56.0000 sec  84.7 KBytes   694 Kbits/sec  16.577 ms 638/697 (92%)
[  2] 55.0000-56.0000 sec  86.1 KBytes   706 Kbits/sec  16.954 ms 632/692 (91%)
[  5] 55.0000-56.0000 sec  94.7 KBytes   776 Kbits/sec  21.310 ms 628/694 (90%)
[  9] 55.0000-56.0000 sec  76.1 KBytes   623 Kbits/sec  41.498 ms 1540/1593 (97%)
[  7] 55.0000-56.0000 sec  87.6 KBytes   717 Kbits/sec  20.752 ms 628/689 (91%)
[  8] 55.0000-56.0000 sec  73.2 KBytes   600 Kbits/sec  28.082 ms 1155/1206 (96%)
[ 10] 55.0000-56.0000 sec  73.2 KBytes   600 Kbits/sec  19.460 ms 770/821 (94%)
[  1] 56.0000-57.0000 sec  71.8 KBytes   588 Kbits/sec  18.538 ms 672/722 (93%)
[  5] 56.0000-57.0000 sec  73.2 KBytes   600 Kbits/sec  19.333 ms 461/512 (90%)
[  2] 56.0000-57.0000 sec  84.7 KBytes   694 Kbits/sec  21.744 ms 1136/1195 (95%)
[  3] 56.0000-57.0000 sec  86.1 KBytes   706 Kbits/sec  18.366 ms 751/811 (93%)
[  8] 56.0000-57.0000 sec  74.6 KBytes   612 Kbits/sec  24.612 ms 733/785 (93%)
[  6] 56.0000-57.0000 sec  84.7 KBytes   694 Kbits/sec  16.338 ms 905/964 (94%)
[  4] 56.0000-57.0000 sec  77.5 KBytes   635 Kbits/sec  22.208 ms 796/850 (94%)
[  9] 56.0000-57.0000 sec  86.1 KBytes   706 Kbits/sec  29.821 ms 720/780 (92%)
[  7] 56.0000-57.0000 sec  83.3 KBytes   682 Kbits/sec  19.490 ms 792/850 (93%)
[ 10] 56.0000-57.0000 sec  84.7 KBytes   694 Kbits/sec  15.111 ms 743/802 (93%)
[  6] 57.0000-58.0000 sec  70.3 KBytes   576 Kbits/sec  20.326 ms 638/687 (93%)
[  2] 57.0000-58.0000 sec  84.7 KBytes   694 Kbits/sec  17.178 ms 643/702 (92%)
[  1] 57.0000-58.0000 sec  97.6 KBytes   800 Kbits/sec  17.432 ms 1461/1529 (96%)
[  3] 57.0000-58.0000 sec  84.7 KBytes   694 Kbits/sec  22.360 ms 1129/1188 (95%)
[  4] 57.0000-58.0000 sec  93.3 KBytes   764 Kbits/sec  25.230 ms 1448/1513 (96%)
[  8] 57.0000-58.0000 sec  86.1 KBytes   706 Kbits/sec  18.815 ms 824/884 (93%)
[  5] 57.0000-58.0000 sec  97.6 KBytes   800 Kbits/sec  22.560 ms 1481/1549 (96%)
[ 10] 57.0000-58.0000 sec  66.0 KBytes   541 Kbits/sec  24.537 ms 785/831 (94%)
[  7] 57.0000-58.0000 sec  84.7 KBytes   694 Kbits/sec  16.400 ms 644/703 (92%)
[  9] 57.0000-58.0000 sec  84.7 KBytes   694 Kbits/sec  22.405 ms 803/862 (93%)
[  1] 58.0000-59.0000 sec  66.0 KBytes   541 Kbits/sec  25.649 ms 685/731 (94%)
[  2] 58.0000-59.0000 sec  76.1 KBytes   623 Kbits/sec  25.970 ms 1153/1206 (96%)
[  7] 58.0000-59.0000 sec  66.0 KBytes   541 Kbits/sec  37.322 ms 1149/1195 (96%)
[  9] 58.0000-59.0000 sec  76.1 KBytes   623 Kbits/sec  19.275 ms 656/709 (93%)
[  3] 58.0000-59.0000 sec  84.7 KBytes   694 Kbits/sec  18.135 ms 658/717 (92%)
[  4] 58.0000-59.0000 sec  73.2 KBytes   600 Kbits/sec  19.176 ms 433/484 (89%)
[  8] 58.0000-59.0000 sec  84.7 KBytes   694 Kbits/sec  16.369 ms 681/740 (92%)
[  6] 58.0000-59.0000 sec  99.1 KBytes   811 Kbits/sec  18.773 ms 1262/1331 (95%)
[ 10] 58.0000-59.0000 sec  94.7 KBytes   776 Kbits/sec  18.750 ms 1150/1216 (95%)
[  5] 58.0000-59.0000 sec  74.6 KBytes   612 Kbits/sec  15.355 ms 431/483 (89%)
[  1] 59.0000-60.0000 sec  60.3 KBytes   494 Kbits/sec  27.378 ms 448/490 (91%)
[  1] 0.0000-60.0191 sec  4.65 MBytes   649 Kbits/sec  38.155 ms 34452/37766 (91%)
[  5] 59.0000-60.0000 sec  51.7 KBytes   423 Kbits/sec  21.683 ms 724/760 (95%)
[  6] 59.0000-60.0000 sec  76.1 KBytes   623 Kbits/sec  15.764 ms 660/713 (93%)
[  5] 0.0000-60.0108 sec  4.64 MBytes   649 Kbits/sec  31.636 ms 34634/37946 (91%)
[  6] 0.0000-60.0228 sec  4.72 MBytes   660 Kbits/sec  21.823 ms 41266/44635 (92%)
[  2] 59.0000-60.0000 sec  64.6 KBytes   529 Kbits/sec  34.124 ms 710/755 (94%)
[  2] 0.0000-60.0862 sec  4.65 MBytes   649 Kbits/sec  40.259 ms 34823/38139 (91%)
[  7] 59.0000-60.0000 sec  61.7 KBytes   506 Kbits/sec  39.344 ms 837/880 (95%)
[  7] 0.0000-60.0225 sec  4.65 MBytes   650 Kbits/sec  47.131 ms 34991/38307 (91%)
[  9] 59.0000-60.0000 sec  84.7 KBytes   694 Kbits/sec  26.960 ms 1139/1198 (95%)
[  9] 0.0000-60.0292 sec  4.72 MBytes   660 Kbits/sec  32.782 ms 41577/44944 (93%)
[  4] 59.0000-60.0000 sec  64.6 KBytes   529 Kbits/sec  22.138 ms 718/763 (94%)
[ 11] local 12.1.1.1 port 5001 connected with 12.1.1.39 port 56063
[  4] 0.0000-60.1277 sec  4.66 MBytes   650 Kbits/sec  29.656 ms 34669/37990 (91%)
[  8] 59.0000-60.0000 sec  84.7 KBytes   694 Kbits/sec  18.004 ms 1089/1148 (95%)
[  3] 59.0000-60.0000 sec  84.7 KBytes   694 Kbits/sec  15.829 ms 750/809 (93%)
[  8] 0.0000-60.0991 sec  4.73 MBytes   660 Kbits/sec  24.525 ms 41403/44775 (92%)
[  3] 0.0000-60.1447 sec  4.73 MBytes   660 Kbits/sec  24.708 ms 41224/44599 (92%)
[ 10] 59.0000-60.0000 sec  84.7 KBytes   694 Kbits/sec  15.997 ms 633/692 (91%)
[ 10] 0.0000-60.2021 sec  4.73 MBytes   659 Kbits/sec  73.606 ms 42352/45725 (93%)
[ 11] 0.0000-1.0000 sec  70.3 KBytes   576 Kbits/sec  15.221 ms 38609/38658 (1e+02%)
[ 11] 1.0000-2.0000 sec  84.7 KBytes   694 Kbits/sec  17.375 ms 1221/1280 (95%)
[ 11] 2.0000-3.0000 sec  86.1 KBytes   706 Kbits/sec  14.887 ms 660/720 (92%)
[ 11] 3.0000-4.0000 sec  73.2 KBytes   600 Kbits/sec  18.811 ms 737/788 (94%)
[ 11] 4.0000-5.0000 sec  86.1 KBytes   706 Kbits/sec  32.524 ms 1390/1450 (96%)
[ 11] 5.0000-6.0000 sec  73.2 KBytes   600 Kbits/sec  19.263 ms 632/683 (93%)
[ 11] 6.0000-7.0000 sec  84.7 KBytes   694 Kbits/sec  15.861 ms 706/765 (92%)
[ 11] 7.0000-8.0000 sec  86.1 KBytes   706 Kbits/sec  16.466 ms 648/708 (92%)
[ 11] 8.0000-9.0000 sec  84.7 KBytes   694 Kbits/sec  21.444 ms 1040/1099 (95%)
[ 11] 9.0000-10.0000 sec  84.7 KBytes   694 Kbits/sec  18.707 ms 779/838 (93%)
[ 11] 10.0000-11.0000 sec  76.1 KBytes   623 Kbits/sec  24.415 ms 1386/1439 (96%)
[ 11] 11.0000-12.0000 sec  84.7 KBytes   694 Kbits/sec  20.056 ms 758/817 (93%)
[ 11] 12.0000-13.0000 sec  64.6 KBytes   529 Kbits/sec  13.666 ms 450/495 (91%)
[ 11] 13.0000-14.0000 sec  94.7 KBytes   776 Kbits/sec  18.718 ms 1379/1445 (95%)
[ 11] 14.0000-15.0000 sec  74.6 KBytes   612 Kbits/sec  19.419 ms 738/790 (93%)
[ 11] 15.0000-16.0000 sec  84.7 KBytes   694 Kbits/sec  19.483 ms 689/748 (92%)
[ 11] 16.0000-16.9831 sec  63.2 KBytes   526 Kbits/sec  21.356 ms 782/826 (95%)
[ 11] 0.0000-16.9831 sec  1.32 MBytes   654 Kbits/sec  21.356 ms 52604/53549 (98%)
