------------------------------------------------------------
Server listening on UDP port 5001
UDP buffer size:  208 KByte (default)
------------------------------------------------------------
[  1] local 12.1.1.1 port 5001 connected with 12.1.1.34 port 52695
[  2] local 12.1.1.1 port 5001 connected with 12.1.1.36 port 60324
[  3] local 12.1.1.1 port 5001 connected with 12.1.1.37 port 57805
[  4] local 12.1.1.1 port 5001 connected with 12.1.1.41 port 53751
[  5] local 12.1.1.1 port 5001 connected with 12.1.1.32 port 38823
[  6] local 12.1.1.1 port 5001 connected with 12.1.1.35 port 41194
[  7] local 12.1.1.1 port 5001 connected with 12.1.1.39 port 55849
[  8] local 12.1.1.1 port 5001 connected with 12.1.1.40 port 45579
[  9] local 12.1.1.1 port 5001 connected with 12.1.1.33 port 53625
[ 10] local 12.1.1.1 port 5001 connected with 12.1.1.38 port 51639
[ ID] Interval       Transfer     Bandwidth        Jitter   Lost/Total Datagrams
[  1] 0.0000-1.0000 sec  74.6 KBytes   612 Kbits/sec  16.787 ms 1883/1935 (97%)
[  2] 0.0000-1.0000 sec  73.2 KBytes   600 Kbits/sec  16.745 ms 1870/1921 (97%)
[  5] 0.0000-1.0000 sec  74.6 KBytes   612 Kbits/sec  16.616 ms 1815/1867 (97%)
[  6] 0.0000-1.0000 sec  73.2 KBytes   600 Kbits/sec  16.753 ms 1887/1938 (97%)
[  9] 0.0000-1.0000 sec  77.5 KBytes   635 Kbits/sec  15.862 ms 1895/1949 (97%)
[  3] 0.0000-1.0000 sec  83.3 KBytes   682 Kbits/sec  13.974 ms 1677/1735 (97%)
[  4] 0.0000-1.0000 sec  83.3 KBytes   682 Kbits/sec  15.116 ms 1675/1733 (97%)
[  7] 0.0000-1.0000 sec  84.7 KBytes   694 Kbits/sec  14.185 ms 1680/1739 (97%)
[  8] 0.0000-1.0000 sec  84.7 KBytes   694 Kbits/sec  14.491 ms 1676/1735 (97%)
[ 10] 0.0000-1.0000 sec  84.7 KBytes   694 Kbits/sec  15.497 ms 1682/1741 (97%)
[  1] 1.0000-2.0000 sec  94.7 KBytes   776 Kbits/sec  13.180 ms 0/66 (0%)
[  2] 1.0000-2.0000 sec  96.2 KBytes   788 Kbits/sec  14.140 ms 0/67 (0%)
[  5] 1.0000-2.0000 sec  94.7 KBytes   776 Kbits/sec  13.604 ms 0/66 (0%)
[  3] 1.0000-2.0000 sec  74.6 KBytes   612 Kbits/sec  17.193 ms 0/52 (0%)
[  6] 1.0000-2.0000 sec  96.2 KBytes   788 Kbits/sec  13.984 ms 0/67 (0%)
[  4] 1.0000-2.0000 sec  73.2 KBytes   600 Kbits/sec  17.627 ms 0/51 (0%)
[  9] 1.0000-2.0000 sec  93.3 KBytes   764 Kbits/sec  14.271 ms 0/65 (0%)
[  7] 1.0000-2.0000 sec  74.6 KBytes   612 Kbits/sec  17.223 ms 0/52 (0%)
[  8] 1.0000-2.0000 sec  73.2 KBytes   600 Kbits/sec  16.901 ms 0/51 (0%)
[ 10] 1.0000-2.0000 sec  76.1 KBytes   623 Kbits/sec  17.714 ms 0/53 (0%)
[  4] 2.0000-3.0000 sec  64.6 KBytes   529 Kbits/sec  16.012 ms 0/45 (0%)
[  1] 2.0000-3.0000 sec  74.6 KBytes   612 Kbits/sec  17.139 ms 0/52 (0%)
[  8] 2.0000-3.0000 sec  63.2 KBytes   517 Kbits/sec  16.701 ms 0/44 (0%)
[  2] 2.0000-3.0000 sec  73.2 KBytes   600 Kbits/sec  17.484 ms 0/51 (0%)
[  5] 2.0000-3.0000 sec  76.1 KBytes   623 Kbits/sec  16.720 ms 0/53 (0%)
[  3] 2.0000-3.0000 sec  73.2 KBytes   600 Kbits/sec  16.629 ms 0/51 (0%)
[  6] 2.0000-3.0000 sec  73.2 KBytes   600 Kbits/sec  16.915 ms 0/51 (0%)
[  9] 2.0000-3.0000 sec  74.6 KBytes   612 Kbits/sec  17.067 ms 0/52 (0%)
[  7] 2.0000-3.0000 sec  73.2 KBytes   600 Kbits/sec  16.304 ms 0/51 (0%)
[ 10] 2.0000-3.0000 sec  73.2 KBytes   600 Kbits/sec  15.975 ms 0/51 (0%)
[  1] 3.0000-4.0000 sec  86.1 KBytes   706 Kbits/sec  13.988 ms 0/60 (0%)
[  3] 3.0000-4.0000 sec  76.1 KBytes   623 Kbits/sec  15.415 ms 0/53 (0%)
[  2] 3.0000-4.0000 sec  83.3 KBytes   682 Kbits/sec  15.013 ms 0/58 (0%)
[  4] 3.0000-4.0000 sec  84.7 KBytes   694 Kbits/sec  14.686 ms 0/59 (0%)
[  5] 3.0000-4.0000 sec  84.7 KBytes   694 Kbits/sec  14.765 ms 0/59 (0%)
[  7] 3.0000-4.0000 sec  74.6 KBytes   612 Kbits/sec  15.221 ms 0/52 (0%)
[  6] 3.0000-4.0000 sec  86.1 KBytes   706 Kbits/sec  14.168 ms 0/60 (0%)
[  8] 3.0000-4.0000 sec  84.7 KBytes   694 Kbits/sec  15.524 ms 0/59 (0%)
[  9] 3.0000-4.0000 sec  84.7 KBytes   694 Kbits/sec  14.013 ms 0/59 (0%)
[ 10] 3.0000-4.0000 sec  74.6 KBytes   612 Kbits/sec  15.066 ms 0/52 (0%)
[  1] 4.0000-5.0000 sec  74.6 KBytes   612 Kbits/sec  21.319 ms 0/52 (0%)
[  2] 4.0000-5.0000 sec  76.1 KBytes   623 Kbits/sec  14.582 ms 0/53 (0%)
[  5] 4.0000-5.0000 sec  73.2 KBytes   600 Kbits/sec  14.209 ms 0/51 (0%)
[  3] 4.0000-5.0000 sec  73.2 KBytes   600 Kbits/sec  15.828 ms 0/51 (0%)
[  4] 4.0000-5.0000 sec  74.6 KBytes   612 Kbits/sec  15.383 ms 0/52 (0%)
[  6] 4.0000-5.0000 sec  74.6 KBytes   612 Kbits/sec  14.864 ms 0/52 (0%)
[  7] 4.0000-5.0000 sec  73.2 KBytes   600 Kbits/sec  15.437 ms 0/51 (0%)
[  8] 4.0000-5.0000 sec  76.1 KBytes   623 Kbits/sec  15.348 ms 0/53 (0%)
[  9] 4.0000-5.0000 sec  73.2 KBytes   600 Kbits/sec  13.861 ms 0/51 (0%)
[ 10] 4.0000-5.0000 sec  73.2 KBytes   600 Kbits/sec  14.919 ms 0/51 (0%)
[  2] 5.0000-6.0000 sec  73.2 KBytes   600 Kbits/sec  14.059 ms 0/51 (0%)
[  6] 5.0000-6.0000 sec  73.2 KBytes   600 Kbits/sec  15.425 ms 0/51 (0%)
[  3] 5.0000-6.0000 sec  84.7 KBytes   694 Kbits/sec  15.328 ms 0/59 (0%)
[  4] 5.0000-6.0000 sec  86.1 KBytes   706 Kbits/sec  14.308 ms 0/60 (0%)
[  1] 5.0000-6.0000 sec  83.3 KBytes   682 Kbits/sec  16.083 ms 0/58 (0%)
[  7] 5.0000-6.0000 sec  86.1 KBytes   706 Kbits/sec  14.651 ms 0/60 (0%)
[  8] 5.0000-6.0000 sec  84.7 KBytes   694 Kbits/sec  15.400 ms 0/59 (0%)
[  5] 5.0000-6.0000 sec  84.7 KBytes   694 Kbits/sec  15.283 ms 0/59 (0%)
[ 10] 5.0000-6.0000 sec  84.7 KBytes   694 Kbits/sec  15.188 ms 0/59 (0%)
[  9] 5.0000-6.0000 sec  84.7 KBytes   694 Kbits/sec  14.850 ms 0/59 (0%)
[  1] 6.0000-7.0000 sec  74.6 KBytes   612 Kbits/sec  15.458 ms 0/52 (0%)
[  5] 6.0000-7.0000 sec  76.1 KBytes   623 Kbits/sec  14.020 ms 0/53 (0%)
[  2] 6.0000-7.0000 sec  84.7 KBytes   694 Kbits/sec  14.442 ms 0/59 (0%)
[  3] 6.0000-7.0000 sec  76.1 KBytes   623 Kbits/sec  16.794 ms 0/53 (0%)
[  4] 6.0000-7.0000 sec  73.2 KBytes   600 Kbits/sec  16.350 ms 0/51 (0%)
[  9] 6.0000-7.0000 sec  74.6 KBytes   612 Kbits/sec  14.458 ms 0/52 (0%)
[  7] 6.0000-7.0000 sec  74.6 KBytes   612 Kbits/sec  16.768 ms 0/52 (0%)
[  6] 6.0000-7.0000 sec  84.7 KBytes   694 Kbits/sec  15.091 ms 0/59 (0%)
[ 10] 6.0000-7.0000 sec  74.6 KBytes   612 Kbits/sec  15.863 ms 0/52 (0%)
[  8] 6.0000-7.0000 sec  73.2 KBytes   600 Kbits/sec  16.121 ms 0/51 (0%)
[  1] 7.0000-8.0000 sec  64.6 KBytes   529 Kbits/sec  18.165 ms 0/45 (0%)
[  5] 7.0000-8.0000 sec  63.2 KBytes   517 Kbits/sec  18.338 ms 0/44 (0%)
[  2] 7.0000-8.0000 sec  63.2 KBytes   517 Kbits/sec  17.797 ms 0/44 (0%)
[  3] 7.0000-8.0000 sec  73.2 KBytes   600 Kbits/sec  14.458 ms 0/51 (0%)
[  4] 7.0000-8.0000 sec  74.6 KBytes   612 Kbits/sec  15.025 ms 0/52 (0%)
[  6] 7.0000-8.0000 sec  64.6 KBytes   529 Kbits/sec  17.595 ms 0/45 (0%)
[  8] 7.0000-8.0000 sec  76.1 KBytes   623 Kbits/sec  14.877 ms 0/53 (0%)
[  9] 7.0000-8.0000 sec  63.2 KBytes   517 Kbits/sec  18.330 ms 0/44 (0%)
[  7] 7.0000-8.0000 sec  73.2 KBytes   600 Kbits/sec  15.346 ms 0/51 (0%)
[ 10] 7.0000-8.0000 sec  73.2 KBytes   600 Kbits/sec  15.258 ms 0/51 (0%)
[  1] 8.0000-9.0000 sec  84.7 KBytes   694 Kbits/sec  14.360 ms 0/59 (0%)
[  2] 8.0000-9.0000 sec  84.7 KBytes   694 Kbits/sec  14.920 ms 0/59 (0%)
[  5] 8.0000-9.0000 sec  84.7 KBytes   694 Kbits/sec  15.013 ms 0/59 (0%)
[  6] 8.0000-9.0000 sec  84.7 KBytes   694 Kbits/sec  14.575 ms 0/59 (0%)
[  9] 8.0000-9.0000 sec  86.1 KBytes   706 Kbits/sec  13.771 ms 0/60 (0%)
[  3] 8.0000-9.0000 sec  84.7 KBytes   694 Kbits/sec  14.743 ms 0/59 (0%)
[  4] 8.0000-9.0000 sec  84.7 KBytes   694 Kbits/sec  15.071 ms 0/59 (0%)
[  7] 8.0000-9.0000 sec  84.7 KBytes   694 Kbits/sec  15.488 ms 0/59 (0%)
[  8] 8.0000-9.0000 sec  84.7 KBytes   694 Kbits/sec  15.820 ms 0/59 (0%)
[ 10] 8.0000-9.0000 sec  86.1 KBytes   706 Kbits/sec  15.667 ms 0/60 (0%)
[  1] 9.0000-10.0000 sec  84.7 KBytes   694 Kbits/sec  14.228 ms 0/59 (0%)
[  5] 9.0000-10.0000 sec  83.3 KBytes   682 Kbits/sec  13.809 ms 0/58 (0%)
[  2] 9.0000-10.0000 sec  84.7 KBytes   694 Kbits/sec  14.473 ms 1/60 (1.7%)
[  3] 9.0000-10.0000 sec  76.1 KBytes   623 Kbits/sec  15.855 ms 0/53 (0%)
[  9] 9.0000-10.0000 sec  84.7 KBytes   694 Kbits/sec  14.405 ms 0/59 (0%)
[  6] 9.0000-10.0000 sec  84.7 KBytes   694 Kbits/sec  14.557 ms 0/59 (0%)
[  4] 9.0000-10.0000 sec  73.2 KBytes   600 Kbits/sec  15.566 ms 0/51 (0%)
[  7] 9.0000-10.0000 sec  76.1 KBytes   623 Kbits/sec  15.582 ms 0/53 (0%)
[ 10] 9.0000-10.0000 sec  74.6 KBytes   612 Kbits/sec  15.865 ms 0/52 (0%)
[  8] 9.0000-10.0000 sec  73.2 KBytes   600 Kbits/sec  15.147 ms 0/51 (0%)
[  3] 10.0000-11.0000 sec  73.2 KBytes   600 Kbits/sec  14.726 ms 0/51 (0%)
[  4] 10.0000-11.0000 sec  76.1 KBytes   623 Kbits/sec  14.615 ms 0/53 (0%)
[  1] 10.0000-11.0000 sec  73.2 KBytes   600 Kbits/sec  15.710 ms 0/51 (0%)
[  5] 10.0000-11.0000 sec  74.6 KBytes   612 Kbits/sec  15.467 ms 0/52 (0%)
[  8] 10.0000-11.0000 sec  74.6 KBytes   612 Kbits/sec  15.403 ms 0/52 (0%)
[  7] 10.0000-11.0000 sec  73.2 KBytes   600 Kbits/sec  15.154 ms 0/51 (0%)
[  2] 10.0000-11.0000 sec  73.2 KBytes   600 Kbits/sec  15.401 ms 0/51 (0%)
[  6] 10.0000-11.0000 sec  76.1 KBytes   623 Kbits/sec  15.794 ms 0/53 (0%)
[ 10] 10.0000-11.0000 sec  74.6 KBytes   612 Kbits/sec  24.532 ms 0/52 (0%)
[  9] 10.0000-11.0000 sec  73.2 KBytes   600 Kbits/sec  15.773 ms 0/51 (0%)
[  2] 11.0000-12.0000 sec  84.7 KBytes   694 Kbits/sec  13.854 ms 0/59 (0%)
[  9] 11.0000-12.0000 sec  84.7 KBytes   694 Kbits/sec  13.382 ms 0/59 (0%)
[  1] 11.0000-12.0000 sec  97.6 KBytes   800 Kbits/sec  13.240 ms 0/68 (0%)
[  3] 11.0000-12.0000 sec  74.6 KBytes   612 Kbits/sec  18.184 ms 0/52 (0%)
[  5] 11.0000-12.0000 sec  94.7 KBytes   776 Kbits/sec  12.978 ms 0/66 (0%)
[  4] 11.0000-12.0000 sec  73.2 KBytes   600 Kbits/sec  17.916 ms 0/51 (0%)
[  7] 11.0000-12.0000 sec  76.1 KBytes   623 Kbits/sec  18.204 ms 0/53 (0%)
[  6] 11.0000-12.0000 sec  94.7 KBytes   776 Kbits/sec  12.751 ms 0/66 (0%)
[  8] 11.0000-12.0000 sec  73.2 KBytes   600 Kbits/sec  18.499 ms 0/51 (0%)
[ 10] 11.0000-12.0000 sec  74.6 KBytes   612 Kbits/sec  18.424 ms 0/52 (0%)
[  1] 12.0000-13.0000 sec  73.2 KBytes   600 Kbits/sec  14.956 ms 0/51 (0%)
[  2] 12.0000-13.0000 sec  84.7 KBytes   694 Kbits/sec  15.275 ms 0/59 (0%)
[  6] 12.0000-13.0000 sec  74.6 KBytes   612 Kbits/sec  14.533 ms 0/52 (0%)
[  9] 12.0000-13.0000 sec  84.7 KBytes   694 Kbits/sec  14.342 ms 0/59 (0%)
[  3] 12.0000-13.0000 sec  73.2 KBytes   600 Kbits/sec  15.930 ms 0/51 (0%)
[  4] 12.0000-13.0000 sec  76.1 KBytes   623 Kbits/sec  16.170 ms 0/53 (0%)
[  5] 12.0000-13.0000 sec  84.7 KBytes   694 Kbits/sec  14.115 ms 0/59 (0%)
[  7] 12.0000-13.0000 sec  73.2 KBytes   600 Kbits/sec  15.969 ms 0/51 (0%)
[  8] 12.0000-13.0000 sec  76.1 KBytes   623 Kbits/sec  16.608 ms 0/53 (0%)
[ 10] 12.0000-13.0000 sec  73.2 KBytes   600 Kbits/sec  15.811 ms 0/51 (0%)
[  2] 13.0000-14.0000 sec  84.7 KBytes   694 Kbits/sec  14.444 ms 0/59 (0%)
[  3] 13.0000-14.0000 sec  63.2 KBytes   517 Kbits/sec  17.042 ms 0/44 (0%)
[  4] 13.0000-14.0000 sec  63.2 KBytes   517 Kbits/sec  16.952 ms 0/44 (0%)
[  1] 13.0000-14.0000 sec  96.2 KBytes   788 Kbits/sec  13.970 ms 0/67 (0%)
[  7] 13.0000-14.0000 sec  63.2 KBytes   517 Kbits/sec  16.936 ms 0/44 (0%)
[  5] 13.0000-14.0000 sec  84.7 KBytes   694 Kbits/sec  14.087 ms 0/59 (0%)
[  8] 13.0000-14.0000 sec  64.6 KBytes   529 Kbits/sec  17.619 ms 0/45 (0%)
[  6] 13.0000-14.0000 sec  94.7 KBytes   776 Kbits/sec  13.746 ms 0/66 (0%)
[ 10] 13.0000-14.0000 sec  63.2 KBytes   517 Kbits/sec  17.694 ms 0/44 (0%)
[  9] 13.0000-14.0000 sec  97.6 KBytes   800 Kbits/sec  13.414 ms 0/68 (0%)
[  1] 14.0000-15.0000 sec  84.7 KBytes   694 Kbits/sec  13.778 ms 0/59 (0%)
[  3] 14.0000-15.0000 sec  77.5 KBytes   635 Kbits/sec  15.059 ms 0/54 (0%)
[  4] 14.0000-15.0000 sec  73.2 KBytes   600 Kbits/sec  15.395 ms 0/51 (0%)
[  7] 14.0000-15.0000 sec  74.6 KBytes   612 Kbits/sec  16.667 ms 0/52 (0%)
[  5] 14.0000-15.0000 sec  86.1 KBytes   706 Kbits/sec  13.322 ms 0/60 (0%)
[  2] 14.0000-15.0000 sec  97.6 KBytes   800 Kbits/sec  13.435 ms 0/68 (0%)
[  8] 14.0000-15.0000 sec  73.2 KBytes   600 Kbits/sec  15.705 ms 0/51 (0%)
[ 10] 14.0000-15.0000 sec  76.1 KBytes   623 Kbits/sec  16.109 ms 0/53 (0%)
[  9] 14.0000-15.0000 sec  84.7 KBytes   694 Kbits/sec  13.860 ms 0/59 (0%)
[  6] 14.0000-15.0000 sec  84.7 KBytes   694 Kbits/sec  13.889 ms 0/59 (0%)
[  2] 15.0000-16.0000 sec  73.2 KBytes   600 Kbits/sec  15.333 ms 0/51 (0%)
[  3] 15.0000-16.0000 sec  73.2 KBytes   600 Kbits/sec  15.461 ms 0/51 (0%)
[  4] 15.0000-16.0000 sec  74.6 KBytes   612 Kbits/sec  16.247 ms 0/52 (0%)
[  1] 15.0000-16.0000 sec  83.3 KBytes   682 Kbits/sec  14.149 ms 0/58 (0%)
[  5] 15.0000-16.0000 sec  84.7 KBytes   694 Kbits/sec  14.259 ms 0/59 (0%)
[  7] 15.0000-16.0000 sec  73.2 KBytes   600 Kbits/sec  16.619 ms 0/51 (0%)
[  8] 15.0000-16.0000 sec  74.6 KBytes   612 Kbits/sec  16.438 ms 0/52 (0%)
[ 10] 15.0000-16.0000 sec  73.2 KBytes   600 Kbits/sec  16.451 ms 0/51 (0%)
[  6] 15.0000-16.0000 sec  86.1 KBytes   706 Kbits/sec  13.243 ms 0/60 (0%)
[  9] 15.0000-16.0000 sec  84.7 KBytes   694 Kbits/sec  14.672 ms 0/59 (0%)
[  1] 16.0000-17.0000 sec  76.1 KBytes   623 Kbits/sec  14.080 ms 0/53 (0%)
[  6] 16.0000-17.0000 sec  74.6 KBytes   612 Kbits/sec  14.244 ms 0/52 (0%)
[  2] 16.0000-17.0000 sec  84.7 KBytes   694 Kbits/sec  14.910 ms 0/59 (0%)
[  3] 16.0000-17.0000 sec  84.7 KBytes   694 Kbits/sec  13.718 ms 0/59 (0%)
[  4] 16.0000-17.0000 sec  86.1 KBytes   706 Kbits/sec  13.681 ms 0/60 (0%)
[  9] 16.0000-17.0000 sec  73.2 KBytes   600 Kbits/sec  14.233 ms 0/51 (0%)
[  7] 16.0000-17.0000 sec  86.1 KBytes   706 Kbits/sec  14.311 ms 0/60 (0%)
[  8] 16.0000-17.0000 sec  84.7 KBytes   694 Kbits/sec  14.140 ms 0/59 (0%)
[ 10] 16.0000-17.0000 sec  84.7 KBytes   694 Kbits/sec  13.997 ms 0/59 (0%)
[  5] 16.0000-17.0000 sec  84.7 KBytes   694 Kbits/sec  13.642 ms 0/59 (0%)
[  1] 17.0000-18.0000 sec  84.7 KBytes   694 Kbits/sec  14.274 ms 0/59 (0%)
[  3] 17.0000-18.0000 sec  74.6 KBytes   612 Kbits/sec  17.095 ms 0/52 (0%)
[  2] 17.0000-18.0000 sec  84.7 KBytes   694 Kbits/sec  14.885 ms 0/59 (0%)
[  4] 17.0000-18.0000 sec  73.2 KBytes   600 Kbits/sec  16.777 ms 0/51 (0%)
[  6] 17.0000-18.0000 sec  84.7 KBytes   694 Kbits/sec  14.466 ms 0/59 (0%)
[  7] 17.0000-18.0000 sec  76.1 KBytes   623 Kbits/sec  17.277 ms 0/53 (0%)
[  8] 17.0000-18.0000 sec  73.2 KBytes   600 Kbits/sec  17.386 ms 0/51 (0%)
[  9] 17.0000-18.0000 sec  84.7 KBytes   694 Kbits/sec  14.359 ms 0/59 (0%)
[  5] 17.0000-18.0000 sec  84.7 KBytes   694 Kbits/sec  13.804 ms 0/59 (0%)
[ 10] 17.0000-18.0000 sec  84.7 KBytes   694 Kbits/sec  15.921 ms 0/59 (0%)
[  1] 18.0000-19.0000 sec  84.7 KBytes   694 Kbits/sec  14.274 ms 0/59 (0%)
[  3] 18.0000-19.0000 sec  73.2 KBytes   600 Kbits/sec  15.149 ms 0/51 (0%)
[  4] 18.0000-19.0000 sec  74.6 KBytes   612 Kbits/sec  16.072 ms 0/52 (0%)
[  2] 18.0000-19.0000 sec  84.7 KBytes   694 Kbits/sec  14.846 ms 0/59 (0%)
[  6] 18.0000-19.0000 sec  86.1 KBytes   706 Kbits/sec  13.950 ms 0/60 (0%)
[  7] 18.0000-19.0000 sec  73.2 KBytes   600 Kbits/sec  15.126 ms 0/51 (0%)
[  8] 18.0000-19.0000 sec  76.1 KBytes   623 Kbits/sec  15.991 ms 0/53 (0%)
[  9] 18.0000-19.0000 sec  84.7 KBytes   694 Kbits/sec  14.642 ms 0/59 (0%)
[ 10] 18.0000-19.0000 sec  63.2 KBytes   517 Kbits/sec  16.498 ms 0/44 (0%)
[  5] 18.0000-19.0000 sec  84.7 KBytes   694 Kbits/sec  14.380 ms 0/59 (0%)
[  3] 19.0000-20.0000 sec  74.6 KBytes   612 Kbits/sec  17.397 ms 0/52 (0%)
[  1] 19.0000-20.0000 sec  96.2 KBytes   788 Kbits/sec  13.322 ms 0/67 (0%)
[  4] 19.0000-20.0000 sec  73.2 KBytes   600 Kbits/sec  17.654 ms 0/51 (0%)
[  5] 19.0000-20.0000 sec  84.7 KBytes   694 Kbits/sec  13.472 ms 0/59 (0%)
[  2] 19.0000-20.0000 sec  97.6 KBytes   800 Kbits/sec  12.974 ms 0/68 (0%)
[  7] 19.0000-20.0000 sec  74.6 KBytes   612 Kbits/sec  17.436 ms 0/52 (0%)
[  6] 19.0000-20.0000 sec  94.7 KBytes   776 Kbits/sec  12.630 ms 0/66 (0%)
[ 10] 19.0000-20.0000 sec  77.5 KBytes   635 Kbits/sec  16.960 ms 0/54 (0%)
[  8] 19.0000-20.0000 sec  73.2 KBytes   600 Kbits/sec  17.208 ms 0/51 (0%)
[  9] 19.0000-20.0000 sec  97.6 KBytes   800 Kbits/sec  12.943 ms 0/68 (0%)
[  3] 20.0000-21.0000 sec  73.2 KBytes   600 Kbits/sec  16.142 ms 0/51 (0%)
[  4] 20.0000-21.0000 sec  76.1 KBytes   623 Kbits/sec  16.058 ms 0/53 (0%)
[  2] 20.0000-21.0000 sec  73.2 KBytes   600 Kbits/sec  15.019 ms 0/51 (0%)
[  6] 20.0000-21.0000 sec  74.6 KBytes   612 Kbits/sec  14.883 ms 0/52 (0%)
[  7] 20.0000-21.0000 sec  73.2 KBytes   600 Kbits/sec  15.832 ms 0/51 (0%)
[  8] 20.0000-21.0000 sec  74.6 KBytes   612 Kbits/sec  16.554 ms 0/52 (0%)
[  9] 20.0000-21.0000 sec  73.2 KBytes   600 Kbits/sec  14.547 ms 0/51 (0%)
[  1] 20.0000-21.0000 sec  86.1 KBytes   706 Kbits/sec  14.183 ms 0/60 (0%)
[ 10] 20.0000-21.0000 sec  74.6 KBytes   612 Kbits/sec  23.047 ms 0/52 (0%)
[  5] 20.0000-21.0000 sec  86.1 KBytes   706 Kbits/sec  14.456 ms 0/60 (0%)
[  2] 21.0000-22.0000 sec  76.1 KBytes   623 Kbits/sec  17.240 ms 0/53 (0%)
[  3] 21.0000-22.0000 sec  86.1 KBytes   706 Kbits/sec  14.170 ms 0/60 (0%)
[  4] 21.0000-22.0000 sec  84.7 KBytes   694 Kbits/sec  14.593 ms 0/59 (0%)
[  6] 21.0000-22.0000 sec  73.2 KBytes   600 Kbits/sec  17.005 ms 0/51 (0%)
[  9] 21.0000-22.0000 sec  74.6 KBytes   612 Kbits/sec  17.919 ms 0/52 (0%)
[  8] 21.0000-22.0000 sec  84.7 KBytes   694 Kbits/sec  15.056 ms 0/59 (0%)
[  7] 21.0000-22.0000 sec  84.7 KBytes   694 Kbits/sec  14.631 ms 0/59 (0%)
[  1] 21.0000-22.0000 sec  73.2 KBytes   600 Kbits/sec  16.377 ms 0/51 (0%)
[ 10] 21.0000-22.0000 sec  83.3 KBytes   682 Kbits/sec  13.984 ms 0/58 (0%)
[  5] 21.0000-22.0000 sec  74.6 KBytes   612 Kbits/sec  17.395 ms 0/52 (0%)
[  1] 22.0000-23.0000 sec  63.2 KBytes   517 Kbits/sec  17.287 ms 0/44 (0%)
[  5] 22.0000-23.0000 sec  63.2 KBytes   517 Kbits/sec  18.726 ms 0/44 (0%)
[  3] 22.0000-23.0000 sec  84.7 KBytes   694 Kbits/sec  14.657 ms 0/59 (0%)
[  4] 22.0000-23.0000 sec  86.1 KBytes   706 Kbits/sec  14.200 ms 0/60 (0%)
[  2] 22.0000-23.0000 sec  73.2 KBytes   600 Kbits/sec  17.578 ms 0/51 (0%)
[  7] 22.0000-23.0000 sec  84.7 KBytes   694 Kbits/sec  14.996 ms 0/59 (0%)
[  6] 22.0000-23.0000 sec  74.6 KBytes   612 Kbits/sec  18.128 ms 0/52 (0%)
[  8] 22.0000-23.0000 sec  84.7 KBytes   694 Kbits/sec  15.292 ms 0/59 (0%)
[ 10] 22.0000-23.0000 sec  84.7 KBytes   694 Kbits/sec  14.274 ms 0/59 (0%)
[  9] 22.0000-23.0000 sec  73.2 KBytes   600 Kbits/sec  18.062 ms 0/51 (0%)
[  4] 23.0000-24.0000 sec  71.8 KBytes   588 Kbits/sec  15.004 ms 0/50 (0%)
[  1] 23.0000-24.0000 sec  74.6 KBytes   612 Kbits/sec  15.519 ms 0/52 (0%)
[  5] 23.0000-24.0000 sec  73.2 KBytes   600 Kbits/sec  16.106 ms 0/51 (0%)
[  2] 23.0000-24.0000 sec  74.6 KBytes   612 Kbits/sec  15.734 ms 0/52 (0%)
[  3] 23.0000-24.0000 sec  84.7 KBytes   694 Kbits/sec  15.199 ms 0/59 (0%)
[  6] 23.0000-24.0000 sec  73.2 KBytes   600 Kbits/sec  15.718 ms 0/51 (0%)
[  9] 23.0000-24.0000 sec  76.1 KBytes   623 Kbits/sec  15.986 ms 0/53 (0%)
[  8] 23.0000-24.0000 sec  86.1 KBytes   706 Kbits/sec  15.057 ms 0/60 (0%)
[  7] 23.0000-24.0000 sec  86.1 KBytes   706 Kbits/sec  14.598 ms 0/60 (0%)
[ 10] 23.0000-24.0000 sec  84.7 KBytes   694 Kbits/sec  14.760 ms 0/59 (0%)
[  3] 24.0000-25.0000 sec  74.6 KBytes   612 Kbits/sec  15.516 ms 0/52 (0%)
[  1] 24.0000-25.0000 sec  84.7 KBytes   694 Kbits/sec  13.205 ms 0/59 (0%)
[  4] 24.0000-25.0000 sec  86.1 KBytes   706 Kbits/sec  14.324 ms 0/60 (0%)
[  5] 24.0000-25.0000 sec  84.7 KBytes   694 Kbits/sec  13.328 ms 0/59 (0%)
[  2] 24.0000-25.0000 sec  84.7 KBytes   694 Kbits/sec  12.817 ms 0/59 (0%)
[  8] 24.0000-25.0000 sec  73.2 KBytes   600 Kbits/sec  14.693 ms 0/51 (0%)
[  6] 24.0000-25.0000 sec  84.7 KBytes   694 Kbits/sec  13.067 ms 0/59 (0%)
[  9] 24.0000-25.0000 sec  84.7 KBytes   694 Kbits/sec  12.549 ms 0/59 (0%)
[  7] 24.0000-25.0000 sec  84.7 KBytes   694 Kbits/sec  13.821 ms 0/59 (0%)
[ 10] 24.0000-25.0000 sec  84.7 KBytes   694 Kbits/sec  13.956 ms 0/59 (0%)
[  2] 25.0000-26.0000 sec  76.1 KBytes   623 Kbits/sec  13.619 ms 0/53 (0%)
[  3] 25.0000-26.0000 sec  86.1 KBytes   706 Kbits/sec  13.251 ms 0/60 (0%)
[  4] 25.0000-26.0000 sec  84.7 KBytes   694 Kbits/sec  13.245 ms 0/59 (0%)
[  1] 25.0000-26.0000 sec  84.7 KBytes   694 Kbits/sec  16.376 ms 0/59 (0%)
[  6] 25.0000-26.0000 sec  77.5 KBytes   635 Kbits/sec  17.445 ms 1/55 (1.8%)
[  8] 25.0000-26.0000 sec  84.7 KBytes   694 Kbits/sec  14.784 ms 0/59 (0%)
[  5] 25.0000-26.0000 sec  86.1 KBytes   706 Kbits/sec  15.541 ms 0/60 (0%)
[  9] 25.0000-26.0000 sec  81.8 KBytes   670 Kbits/sec  15.369 ms 0/57 (0%)
[  7] 25.0000-26.0000 sec  84.7 KBytes   694 Kbits/sec  14.369 ms 0/59 (0%)
[ 10] 25.0000-26.0000 sec  84.7 KBytes   694 Kbits/sec  14.413 ms 0/59 (0%)
[  2] 26.0000-27.0000 sec  93.3 KBytes   764 Kbits/sec  14.753 ms 0/65 (0%)
[  1] 26.0000-27.0000 sec  86.1 KBytes   706 Kbits/sec  13.918 ms 0/60 (0%)
[  3] 26.0000-27.0000 sec  73.2 KBytes   600 Kbits/sec  16.662 ms 0/51 (0%)
[  4] 26.0000-27.0000 sec  74.6 KBytes   612 Kbits/sec  16.891 ms 0/52 (0%)
[  5] 26.0000-27.0000 sec  84.7 KBytes   694 Kbits/sec  14.931 ms 0/59 (0%)
[  7] 26.0000-27.0000 sec  63.2 KBytes   517 Kbits/sec  16.665 ms 0/44 (0%)
[  8] 26.0000-27.0000 sec  76.1 KBytes   623 Kbits/sec  16.892 ms 0/53 (0%)
[  9] 26.0000-27.0000 sec  86.1 KBytes   706 Kbits/sec  14.182 ms 0/60 (0%)
[  6] 26.0000-27.0000 sec  94.7 KBytes   776 Kbits/sec  14.329 ms 0/66 (0%)
[ 10] 26.0000-27.0000 sec  64.6 KBytes   529 Kbits/sec  16.319 ms 0/45 (0%)
[  4] 27.0000-28.0000 sec  73.2 KBytes   600 Kbits/sec  14.031 ms 0/51 (0%)
[  2] 27.0000-28.0000 sec  74.6 KBytes   612 Kbits/sec  13.991 ms 0/52 (0%)
[  6] 27.0000-28.0000 sec  73.2 KBytes   600 Kbits/sec  13.992 ms 0/51 (0%)
[  1] 27.0000-28.0000 sec  84.7 KBytes   694 Kbits/sec  14.299 ms 0/59 (0%)
[  3] 27.0000-28.0000 sec  84.7 KBytes   694 Kbits/sec  13.989 ms 0/59 (0%)
[  5] 27.0000-28.0000 sec  84.7 KBytes   694 Kbits/sec  14.769 ms 0/59 (0%)
[  7] 27.0000-28.0000 sec  84.7 KBytes   694 Kbits/sec  13.470 ms 0/59 (0%)
[  8] 27.0000-28.0000 sec  84.7 KBytes   694 Kbits/sec  13.055 ms 0/59 (0%)
[  9] 27.0000-28.0000 sec  84.7 KBytes   694 Kbits/sec  14.188 ms 0/59 (0%)
[ 10] 27.0000-28.0000 sec  84.7 KBytes   694 Kbits/sec  12.669 ms 0/59 (0%)
[  1] 28.0000-29.0000 sec  73.2 KBytes   600 Kbits/sec  14.223 ms 0/51 (0%)
[  2] 28.0000-29.0000 sec  81.8 KBytes   670 Kbits/sec  15.002 ms 0/57 (0%)
[  3] 28.0000-29.0000 sec  96.2 KBytes   788 Kbits/sec  13.177 ms 0/67 (0%)
[  4] 28.0000-29.0000 sec   106 KBytes   870 Kbits/sec  12.791 ms 0/74 (0%)
[  7] 28.0000-29.0000 sec  97.6 KBytes   800 Kbits/sec  12.943 ms 0/68 (0%)
[  6] 28.0000-29.0000 sec  84.7 KBytes   694 Kbits/sec  15.638 ms 0/59 (0%)
[  8] 28.0000-29.0000 sec  93.3 KBytes   764 Kbits/sec  13.283 ms 0/65 (0%)
[ 10] 28.0000-29.0000 sec  96.2 KBytes   788 Kbits/sec  13.125 ms 0/67 (0%)
[  5] 28.0000-29.0000 sec  84.7 KBytes   694 Kbits/sec  16.752 ms 0/59 (0%)
[  9] 28.0000-29.0000 sec  84.7 KBytes   694 Kbits/sec  15.798 ms 0/59 (0%)
[  2] 29.0000-30.0000 sec  76.1 KBytes   623 Kbits/sec  15.120 ms 85/138 (62%)
[  3] 29.0000-30.0000 sec  73.2 KBytes   600 Kbits/sec  14.990 ms 0/51 (0%)
[  4] 29.0000-30.0000 sec  76.1 KBytes   623 Kbits/sec  14.745 ms 0/53 (0%)
[  6] 29.0000-30.0000 sec  76.1 KBytes   623 Kbits/sec  15.297 ms 219/272 (81%)
[  1] 29.0000-30.0000 sec  84.7 KBytes   694 Kbits/sec  14.975 ms 122/181 (67%)
[  8] 29.0000-30.0000 sec  77.5 KBytes   635 Kbits/sec  14.979 ms 0/54 (0%)
[  7] 29.0000-30.0000 sec  73.2 KBytes   600 Kbits/sec  14.769 ms 0/51 (0%)
[  5] 29.0000-30.0000 sec  67.5 KBytes   553 Kbits/sec  22.009 ms 40/87 (46%)
[ 10] 29.0000-30.0000 sec  73.2 KBytes   600 Kbits/sec  15.404 ms 0/51 (0%)
[  9] 29.0000-30.0000 sec  74.6 KBytes   612 Kbits/sec  17.883 ms 416/468 (89%)
[  2] 30.0000-31.0000 sec  74.6 KBytes   612 Kbits/sec  26.274 ms 713/765 (93%)
[  3] 30.0000-31.0000 sec  84.7 KBytes   694 Kbits/sec  15.518 ms 0/59 (0%)
[  4] 30.0000-31.0000 sec  84.7 KBytes   694 Kbits/sec  14.859 ms 0/59 (0%)
[  1] 30.0000-31.0000 sec  67.5 KBytes   553 Kbits/sec  24.404 ms 858/905 (95%)
[  6] 30.0000-31.0000 sec  73.2 KBytes   600 Kbits/sec  17.424 ms 717/768 (93%)
[  7] 30.0000-31.0000 sec  84.7 KBytes   694 Kbits/sec  14.561 ms 0/59 (0%)
[  8] 30.0000-31.0000 sec  84.7 KBytes   694 Kbits/sec  14.544 ms 0/59 (0%)
[  5] 30.0000-31.0000 sec  81.8 KBytes   670 Kbits/sec  20.391 ms 1198/1255 (95%)
[ 10] 30.0000-31.0000 sec  84.7 KBytes   694 Kbits/sec  14.653 ms 0/59 (0%)
[  9] 30.0000-31.0000 sec  73.2 KBytes   600 Kbits/sec  19.387 ms 689/740 (93%)
[  2] 31.0000-32.0000 sec  73.2 KBytes   600 Kbits/sec  19.656 ms 903/954 (95%)
[  8] 31.0000-32.0000 sec  74.6 KBytes   612 Kbits/sec  23.998 ms 0/52 (0%)
[  9] 31.0000-32.0000 sec  67.5 KBytes   553 Kbits/sec  28.133 ms 907/954 (95%)
[  6] 31.0000-32.0000 sec  68.9 KBytes   564 Kbits/sec  24.544 ms 929/977 (95%)
[  1] 31.0000-32.0000 sec  73.2 KBytes   600 Kbits/sec  25.269 ms 801/852 (94%)
[  4] 31.0000-32.0000 sec  84.7 KBytes   694 Kbits/sec  14.990 ms 0/59 (0%)
[  3] 31.0000-32.0000 sec  86.1 KBytes   706 Kbits/sec  14.912 ms 0/60 (0%)
[  5] 31.0000-32.0000 sec  76.1 KBytes   623 Kbits/sec  20.665 ms 786/839 (94%)
[  7] 31.0000-32.0000 sec  84.7 KBytes   694 Kbits/sec  14.932 ms 0/59 (0%)
[ 10] 31.0000-32.0000 sec  86.1 KBytes   706 Kbits/sec  15.535 ms 0/60 (0%)
[  1] 32.0000-33.0000 sec  84.7 KBytes   694 Kbits/sec  29.321 ms 1378/1437 (96%)
[  3] 32.0000-33.0000 sec  76.1 KBytes   623 Kbits/sec  14.877 ms 0/53 (0%)
[  4] 32.0000-33.0000 sec  73.2 KBytes   600 Kbits/sec  14.390 ms 0/51 (0%)
[  5] 32.0000-33.0000 sec  73.2 KBytes   600 Kbits/sec  16.814 ms 722/773 (93%)
[  7] 32.0000-33.0000 sec  76.1 KBytes   623 Kbits/sec  14.479 ms 0/53 (0%)
[  2] 32.0000-33.0000 sec  84.7 KBytes   694 Kbits/sec  20.312 ms 1052/1111 (95%)
[  9] 32.0000-33.0000 sec  77.5 KBytes   635 Kbits/sec  19.641 ms 608/662 (92%)
[  8] 32.0000-33.0000 sec  83.3 KBytes   682 Kbits/sec  14.445 ms 0/58 (0%)
[  6] 32.0000-33.0000 sec  90.4 KBytes   741 Kbits/sec  17.615 ms 1020/1083 (94%)
[ 10] 32.0000-33.0000 sec  84.7 KBytes   694 Kbits/sec  14.451 ms 0/59 (0%)
[  2] 33.0000-34.0000 sec  73.2 KBytes   600 Kbits/sec  18.819 ms 677/728 (93%)
[  6] 33.0000-34.0000 sec  73.2 KBytes   600 Kbits/sec  32.898 ms 1175/1226 (96%)
[  1] 33.0000-34.0000 sec  84.7 KBytes   694 Kbits/sec  21.459 ms 664/723 (92%)
[  5] 33.0000-34.0000 sec  79.0 KBytes   647 Kbits/sec  20.015 ms 785/840 (93%)
[  3] 33.0000-34.0000 sec  84.7 KBytes   694 Kbits/sec  15.587 ms 0/59 (0%)
[  4] 33.0000-34.0000 sec  84.7 KBytes   694 Kbits/sec  15.704 ms 0/59 (0%)
[  7] 33.0000-34.0000 sec  84.7 KBytes   694 Kbits/sec  15.994 ms 0/59 (0%)
[  9] 33.0000-34.0000 sec  90.4 KBytes   741 Kbits/sec  17.400 ms 1116/1179 (95%)
[  8] 33.0000-34.0000 sec  84.7 KBytes   694 Kbits/sec  15.492 ms 0/59 (0%)
[ 10] 33.0000-34.0000 sec  74.6 KBytes   612 Kbits/sec  16.075 ms 0/52 (0%)
[  2] 34.0000-35.0000 sec  76.1 KBytes   623 Kbits/sec  20.061 ms 826/879 (94%)
[  4] 34.0000-35.0000 sec  64.6 KBytes   529 Kbits/sec  16.088 ms 0/45 (0%)
[  9] 34.0000-35.0000 sec  64.6 KBytes   529 Kbits/sec  29.056 ms 688/733 (94%)
[  8] 34.0000-35.0000 sec  63.2 KBytes   517 Kbits/sec  16.757 ms 0/44 (0%)
[  6] 34.0000-35.0000 sec  76.1 KBytes   623 Kbits/sec  32.969 ms 748/801 (93%)
[  1] 34.0000-35.0000 sec  73.2 KBytes   600 Kbits/sec  23.078 ms 880/931 (95%)
[  5] 34.0000-35.0000 sec  73.2 KBytes   600 Kbits/sec  23.844 ms 694/745 (93%)
[  3] 34.0000-35.0000 sec  73.2 KBytes   600 Kbits/sec  16.316 ms 0/51 (0%)
[  7] 34.0000-35.0000 sec  73.2 KBytes   600 Kbits/sec  16.794 ms 0/51 (0%)
[ 10] 34.0000-35.0000 sec  73.2 KBytes   600 Kbits/sec  16.391 ms 0/51 (0%)
[  1] 35.0000-36.0000 sec  63.2 KBytes   517 Kbits/sec  24.924 ms 668/712 (94%)
[  5] 35.0000-36.0000 sec  71.8 KBytes   588 Kbits/sec  52.546 ms 1510/1560 (97%)
[  2] 35.0000-36.0000 sec  73.2 KBytes   600 Kbits/sec  19.276 ms 740/791 (94%)
[  3] 35.0000-36.0000 sec  74.6 KBytes   612 Kbits/sec  16.951 ms 271/323 (84%)
[  4] 35.0000-36.0000 sec  83.3 KBytes   682 Kbits/sec  15.116 ms 9/67 (13%)
[  9] 35.0000-36.0000 sec  73.2 KBytes   600 Kbits/sec  21.502 ms 859/910 (94%)
[  7] 35.0000-36.0000 sec  64.6 KBytes   529 Kbits/sec  14.899 ms 0/45 (0%)
[  6] 35.0000-36.0000 sec  73.2 KBytes   600 Kbits/sec  29.874 ms 768/819 (94%)
[  8] 35.0000-36.0000 sec  86.1 KBytes   706 Kbits/sec  17.482 ms 385/445 (87%)
[ 10] 35.0000-36.0000 sec  76.1 KBytes   623 Kbits/sec  14.589 ms 304/357 (85%)
[  1] 36.0000-37.0000 sec  74.6 KBytes   612 Kbits/sec  20.001 ms 825/877 (94%)
[  3] 36.0000-37.0000 sec  64.6 KBytes   529 Kbits/sec  17.488 ms 654/699 (94%)
[  5] 36.0000-37.0000 sec  71.8 KBytes   588 Kbits/sec  38.434 ms 693/743 (93%)
[  4] 36.0000-37.0000 sec  64.6 KBytes   529 Kbits/sec  19.821 ms 679/724 (94%)
[  7] 36.0000-37.0000 sec  63.2 KBytes   517 Kbits/sec  17.495 ms 547/591 (93%)
[  2] 36.0000-37.0000 sec  68.9 KBytes   564 Kbits/sec  23.236 ms 672/720 (93%)
[  8] 36.0000-37.0000 sec  63.2 KBytes   517 Kbits/sec  21.346 ms 405/449 (90%)
[  9] 36.0000-37.0000 sec  73.2 KBytes   600 Kbits/sec  18.732 ms 711/762 (93%)
[ 10] 36.0000-37.0000 sec  64.6 KBytes   529 Kbits/sec  20.179 ms 628/673 (93%)
[  6] 36.0000-37.0000 sec  76.1 KBytes   623 Kbits/sec  24.313 ms 702/755 (93%)
[  1] 37.0000-38.0000 sec  73.2 KBytes   600 Kbits/sec  16.963 ms 620/671 (92%)
[  5] 37.0000-38.0000 sec  77.5 KBytes   635 Kbits/sec  13.698 ms 399/453 (88%)
[  2] 37.0000-38.0000 sec  73.2 KBytes   600 Kbits/sec  23.570 ms 794/845 (94%)
[  3] 37.0000-38.0000 sec  84.7 KBytes   694 Kbits/sec  19.566 ms 708/767 (92%)
[  4] 37.0000-38.0000 sec  84.7 KBytes   694 Kbits/sec  41.752 ms 1432/1491 (96%)
[  9] 37.0000-38.0000 sec  76.1 KBytes   623 Kbits/sec  17.959 ms 737/790 (93%)
[  7] 37.0000-38.0000 sec  96.2 KBytes   788 Kbits/sec  27.913 ms 1444/1511 (96%)
[  8] 37.0000-38.0000 sec  80.4 KBytes   659 Kbits/sec  19.648 ms 711/767 (93%)
[  6] 37.0000-38.0000 sec  73.2 KBytes   600 Kbits/sec  17.484 ms 396/447 (89%)
[ 10] 37.0000-38.0000 sec  84.7 KBytes   694 Kbits/sec  26.663 ms 1143/1202 (95%)
[  1] 38.0000-39.0000 sec  77.5 KBytes   635 Kbits/sec  17.538 ms 823/877 (94%)
[  2] 38.0000-39.0000 sec  81.8 KBytes   670 Kbits/sec  21.059 ms 1119/1176 (95%)
[  4] 38.0000-39.0000 sec  76.1 KBytes   623 Kbits/sec  34.694 ms 690/743 (93%)
[  3] 38.0000-39.0000 sec  73.2 KBytes   600 Kbits/sec  20.251 ms 1125/1176 (96%)
[  9] 38.0000-39.0000 sec  73.2 KBytes   600 Kbits/sec  66.497 ms 1587/1638 (97%)
[  7] 38.0000-39.0000 sec  73.2 KBytes   600 Kbits/sec  27.870 ms 825/876 (94%)
[  8] 38.0000-39.0000 sec  79.0 KBytes   647 Kbits/sec  24.454 ms 1082/1137 (95%)
[  6] 38.0000-39.0000 sec  68.9 KBytes   564 Kbits/sec  21.017 ms 831/879 (95%)
[  5] 38.0000-39.0000 sec  81.8 KBytes   670 Kbits/sec  16.890 ms 742/799 (93%)
[ 10] 38.0000-39.0000 sec  73.2 KBytes   600 Kbits/sec  24.683 ms 834/885 (94%)
[  4] 39.0000-40.0000 sec  73.2 KBytes   600 Kbits/sec  21.903 ms 478/529 (90%)
[  2] 39.0000-40.0000 sec  73.2 KBytes   600 Kbits/sec  18.381 ms 758/809 (94%)
[  6] 39.0000-40.0000 sec  79.0 KBytes   647 Kbits/sec  41.406 ms 1559/1614 (97%)
[  8] 39.0000-40.0000 sec  73.2 KBytes   600 Kbits/sec  19.296 ms 769/820 (94%)
[  1] 39.0000-40.0000 sec  83.3 KBytes   682 Kbits/sec  18.431 ms 729/787 (93%)
[  5] 39.0000-40.0000 sec  68.9 KBytes   564 Kbits/sec  23.286 ms 865/913 (95%)
[  3] 39.0000-40.0000 sec  84.7 KBytes   694 Kbits/sec  23.345 ms 710/769 (92%)
[  9] 39.0000-40.0000 sec  84.7 KBytes   694 Kbits/sec  39.682 ms 770/829 (93%)
[  7] 39.0000-40.0000 sec  84.7 KBytes   694 Kbits/sec  20.685 ms 699/758 (92%)
[ 10] 39.0000-40.0000 sec  84.7 KBytes   694 Kbits/sec  18.653 ms 692/751 (92%)
[  1] 40.0000-41.0000 sec  64.6 KBytes   529 Kbits/sec  20.475 ms 930/975 (95%)
[  2] 40.0000-41.0000 sec  76.1 KBytes   623 Kbits/sec  20.085 ms 770/823 (94%)
[  4] 40.0000-41.0000 sec  81.8 KBytes   670 Kbits/sec  19.499 ms 654/711 (92%)
[  6] 40.0000-41.0000 sec  76.1 KBytes   623 Kbits/sec  32.057 ms 662/715 (93%)
[  3] 40.0000-41.0000 sec  74.6 KBytes   612 Kbits/sec  21.106 ms 715/767 (93%)
[  5] 40.0000-41.0000 sec  74.6 KBytes   612 Kbits/sec  24.188 ms 777/829 (94%)
[  8] 40.0000-41.0000 sec  81.8 KBytes   670 Kbits/sec  20.547 ms 630/687 (92%)
[  7] 40.0000-41.0000 sec  76.1 KBytes   623 Kbits/sec  18.970 ms 717/770 (93%)
[  9] 40.0000-41.0000 sec  76.1 KBytes   623 Kbits/sec  30.660 ms 767/820 (94%)
[ 10] 40.0000-41.0000 sec  74.6 KBytes   612 Kbits/sec  16.572 ms 623/675 (92%)
[  2] 41.0000-42.0000 sec  73.2 KBytes   600 Kbits/sec  25.355 ms 1108/1159 (96%)
[  4] 41.0000-42.0000 sec  67.5 KBytes   553 Kbits/sec  41.411 ms 1194/1241 (96%)
[  6] 41.0000-42.0000 sec  73.2 KBytes   600 Kbits/sec  28.953 ms 806/857 (94%)
[  5] 41.0000-42.0000 sec  80.4 KBytes   659 Kbits/sec  35.298 ms 1435/1491 (96%)
[  8] 41.0000-42.0000 sec  67.5 KBytes   553 Kbits/sec  18.050 ms 727/774 (94%)
[  1] 41.0000-42.0000 sec  84.7 KBytes   694 Kbits/sec  41.468 ms 1407/1466 (96%)
[  3] 41.0000-42.0000 sec  73.2 KBytes   600 Kbits/sec  21.746 ms 645/696 (93%)
[  9] 41.0000-42.0000 sec  73.2 KBytes   600 Kbits/sec  26.195 ms 671/722 (93%)
[  7] 41.0000-42.0000 sec  73.2 KBytes   600 Kbits/sec  19.994 ms 652/703 (93%)
[ 10] 41.0000-42.0000 sec  73.2 KBytes   600 Kbits/sec  19.525 ms 752/803 (94%)
[  2] 42.0000-43.0000 sec  84.7 KBytes   694 Kbits/sec  19.336 ms 813/872 (93%)
[  6] 42.0000-43.0000 sec  84.7 KBytes   694 Kbits/sec  18.342 ms 674/733 (92%)
[  3] 42.0000-43.0000 sec  76.1 KBytes   623 Kbits/sec  19.574 ms 788/841 (94%)
[  4] 42.0000-43.0000 sec  84.7 KBytes   694 Kbits/sec  17.813 ms 663/722 (92%)
[  5] 42.0000-43.0000 sec  84.7 KBytes   694 Kbits/sec  23.287 ms 683/742 (92%)
[  1] 42.0000-43.0000 sec  84.7 KBytes   694 Kbits/sec  27.209 ms 687/746 (92%)
[ 10] 42.0000-43.0000 sec  64.6 KBytes   529 Kbits/sec  17.707 ms 646/691 (93%)
[  7] 42.0000-43.0000 sec  74.6 KBytes   612 Kbits/sec  19.345 ms 782/834 (94%)
[  9] 42.0000-43.0000 sec  84.7 KBytes   694 Kbits/sec  19.153 ms 821/880 (93%)
[  8] 42.0000-43.0000 sec  86.1 KBytes   706 Kbits/sec  35.481 ms 1435/1495 (96%)
[  1] 43.0000-44.0000 sec  76.1 KBytes   623 Kbits/sec  23.053 ms 745/798 (93%)
[  2] 43.0000-44.0000 sec  84.7 KBytes   694 Kbits/sec  25.660 ms 1080/1139 (95%)
[  9] 43.0000-44.0000 sec  76.1 KBytes   623 Kbits/sec  34.607 ms 1085/1138 (95%)
[  4] 43.0000-44.0000 sec  84.7 KBytes   694 Kbits/sec  17.226 ms 651/710 (92%)
[  6] 43.0000-44.0000 sec  84.7 KBytes   694 Kbits/sec  17.465 ms 628/687 (91%)
[  7] 43.0000-44.0000 sec  84.7 KBytes   694 Kbits/sec  18.626 ms 1113/1172 (95%)
[  5] 43.0000-44.0000 sec  77.5 KBytes   635 Kbits/sec  23.527 ms 394/448 (88%)
[  8] 43.0000-44.0000 sec  84.7 KBytes   694 Kbits/sec  25.095 ms 671/730 (92%)
[  3] 43.0000-44.0000 sec  81.8 KBytes   670 Kbits/sec  16.902 ms 639/696 (92%)
[ 10] 43.0000-44.0000 sec  96.2 KBytes   788 Kbits/sec  19.721 ms 1110/1177 (94%)
[  5] 44.0000-45.0000 sec  83.3 KBytes   682 Kbits/sec  40.295 ms 1537/1595 (96%)
[  3] 44.0000-45.0000 sec  73.2 KBytes   600 Kbits/sec  18.139 ms 773/824 (94%)
[  4] 44.0000-45.0000 sec  74.6 KBytes   612 Kbits/sec  17.763 ms 1104/1156 (96%)
[  1] 44.0000-45.0000 sec  84.7 KBytes   694 Kbits/sec  16.046 ms 729/788 (93%)
[  2] 44.0000-45.0000 sec  84.7 KBytes   694 Kbits/sec  21.415 ms 719/778 (92%)
[  8] 44.0000-45.0000 sec  74.6 KBytes   612 Kbits/sec  21.991 ms 743/795 (93%)
[  9] 44.0000-45.0000 sec  84.7 KBytes   694 Kbits/sec  24.902 ms 669/728 (92%)
[  7] 44.0000-45.0000 sec  73.2 KBytes   600 Kbits/sec  21.063 ms 735/786 (94%)
[  6] 44.0000-45.0000 sec  84.7 KBytes   694 Kbits/sec  19.151 ms 1154/1213 (95%)
[ 10] 44.0000-45.0000 sec  76.1 KBytes   623 Kbits/sec  17.414 ms 772/825 (94%)
[  3] 45.0000-46.0000 sec  87.6 KBytes   717 Kbits/sec  29.487 ms 1432/1493 (96%)
[  1] 45.0000-46.0000 sec  73.2 KBytes   600 Kbits/sec  18.692 ms 614/665 (92%)
[  2] 45.0000-46.0000 sec  76.1 KBytes   623 Kbits/sec  32.417 ms 1069/1122 (95%)
[  4] 45.0000-46.0000 sec  86.1 KBytes   706 Kbits/sec  17.399 ms 675/735 (92%)
[  9] 45.0000-46.0000 sec  73.2 KBytes   600 Kbits/sec  60.033 ms 1138/1189 (96%)
[  7] 45.0000-46.0000 sec  86.1 KBytes   706 Kbits/sec  16.605 ms 675/735 (92%)
[  6] 45.0000-46.0000 sec  74.6 KBytes   612 Kbits/sec  20.207 ms 628/680 (92%)
[  8] 45.0000-46.0000 sec  84.7 KBytes   694 Kbits/sec  17.888 ms 721/780 (92%)
[  5] 45.0000-46.0000 sec  83.3 KBytes   682 Kbits/sec  20.929 ms 606/664 (91%)
[ 10] 45.0000-46.0000 sec  80.4 KBytes   659 Kbits/sec  18.363 ms 688/744 (92%)
[  3] 46.0000-47.0000 sec  74.6 KBytes   612 Kbits/sec  33.911 ms 655/707 (93%)
[  2] 46.0000-47.0000 sec  73.2 KBytes   600 Kbits/sec  31.595 ms 687/738 (93%)
[  4] 46.0000-47.0000 sec  73.2 KBytes   600 Kbits/sec  18.442 ms 776/827 (94%)
[  7] 46.0000-47.0000 sec  80.4 KBytes   659 Kbits/sec  19.752 ms 814/870 (94%)
[  6] 46.0000-47.0000 sec  73.2 KBytes   600 Kbits/sec  31.057 ms 1131/1182 (96%)
[  5] 46.0000-47.0000 sec  74.6 KBytes   612 Kbits/sec  22.906 ms 783/835 (94%)
[  8] 46.0000-47.0000 sec  73.2 KBytes   600 Kbits/sec  17.891 ms 675/726 (93%)
[  1] 46.0000-47.0000 sec  84.7 KBytes   694 Kbits/sec  18.881 ms 1141/1200 (95%)
[ 10] 46.0000-47.0000 sec  77.5 KBytes   635 Kbits/sec  37.550 ms 1420/1474 (96%)
[  9] 46.0000-47.0000 sec  84.7 KBytes   694 Kbits/sec  31.590 ms 619/678 (91%)
[  3] 47.0000-48.0000 sec  83.3 KBytes   682 Kbits/sec  21.078 ms 806/864 (93%)
[  4] 47.0000-48.0000 sec  81.8 KBytes   670 Kbits/sec  17.954 ms 641/698 (92%)
[  5] 47.0000-48.0000 sec  73.2 KBytes   600 Kbits/sec  18.907 ms 634/685 (93%)
[  1] 47.0000-48.0000 sec  76.1 KBytes   623 Kbits/sec  19.143 ms 631/684 (92%)
[  7] 47.0000-48.0000 sec  80.4 KBytes   659 Kbits/sec  38.410 ms 1475/1531 (96%)
[  2] 47.0000-48.0000 sec  84.7 KBytes   694 Kbits/sec  22.440 ms 738/797 (93%)
[  8] 47.0000-48.0000 sec  81.8 KBytes   670 Kbits/sec  18.336 ms 746/803 (93%)
[  9] 47.0000-48.0000 sec  74.6 KBytes   612 Kbits/sec  20.073 ms 409/461 (89%)
[  6] 47.0000-48.0000 sec  86.1 KBytes   706 Kbits/sec  21.565 ms 626/686 (91%)
[ 10] 47.0000-48.0000 sec  86.1 KBytes   706 Kbits/sec  24.992 ms 706/766 (92%)
[  1] 48.0000-49.0000 sec  73.2 KBytes   600 Kbits/sec  30.641 ms 1120/1171 (96%)
[  2] 48.0000-49.0000 sec  76.1 KBytes   623 Kbits/sec  19.752 ms 616/669 (92%)
[  6] 48.0000-49.0000 sec  76.1 KBytes   623 Kbits/sec  18.992 ms 756/809 (93%)
[  3] 48.0000-49.0000 sec  84.7 KBytes   694 Kbits/sec  18.764 ms 733/792 (93%)
[  5] 48.0000-49.0000 sec  84.7 KBytes   694 Kbits/sec  16.949 ms 762/821 (93%)
[  4] 48.0000-49.0000 sec  87.6 KBytes   717 Kbits/sec  19.868 ms 1199/1260 (95%)
[  7] 48.0000-49.0000 sec  84.7 KBytes   694 Kbits/sec  26.001 ms 695/754 (92%)
[  9] 48.0000-49.0000 sec  81.8 KBytes   670 Kbits/sec  17.793 ms 658/715 (92%)
[  8] 48.0000-49.0000 sec  89.0 KBytes   729 Kbits/sec  20.660 ms 1188/1250 (95%)
[ 10] 48.0000-49.0000 sec  79.0 KBytes   647 Kbits/sec  21.325 ms 468/523 (89%)
[  1] 49.0000-50.0000 sec  84.7 KBytes   694 Kbits/sec  22.855 ms 653/712 (92%)
[  3] 49.0000-50.0000 sec  77.5 KBytes   635 Kbits/sec  17.538 ms 800/854 (94%)
[  2] 49.0000-50.0000 sec  84.7 KBytes   694 Kbits/sec  28.755 ms 1141/1200 (95%)
[  9] 49.0000-50.0000 sec  77.5 KBytes   635 Kbits/sec  36.164 ms 1448/1502 (96%)
[  4] 49.0000-50.0000 sec  74.6 KBytes   612 Kbits/sec  20.616 ms 840/892 (94%)
[  6] 49.0000-50.0000 sec  84.7 KBytes   694 Kbits/sec  17.169 ms 654/713 (92%)
[  5] 49.0000-50.0000 sec  77.5 KBytes   635 Kbits/sec  22.754 ms 675/729 (93%)
[  7] 49.0000-50.0000 sec  73.2 KBytes   600 Kbits/sec  25.180 ms 847/898 (94%)
[  8] 49.0000-50.0000 sec  74.6 KBytes   612 Kbits/sec  18.898 ms 710/762 (93%)
[ 10] 49.0000-50.0000 sec  80.4 KBytes   659 Kbits/sec  38.239 ms 1523/1579 (96%)
[  3] 50.0000-51.0000 sec  68.9 KBytes   564 Kbits/sec  20.908 ms 686/734 (93%)
[  1] 50.0000-51.0000 sec  76.1 KBytes   623 Kbits/sec  20.525 ms 739/792 (93%)
[  4] 50.0000-51.0000 sec  73.2 KBytes   600 Kbits/sec  16.963 ms 667/718 (93%)
[  2] 50.0000-51.0000 sec  73.2 KBytes   600 Kbits/sec  26.241 ms 773/824 (94%)
[  9] 50.0000-51.0000 sec  74.6 KBytes   612 Kbits/sec  31.574 ms 656/708 (93%)
[  7] 50.0000-51.0000 sec  76.1 KBytes   623 Kbits/sec  19.393 ms 648/701 (92%)
[  8] 50.0000-51.0000 sec  71.8 KBytes   588 Kbits/sec  18.451 ms 793/843 (94%)
[  6] 50.0000-51.0000 sec  73.2 KBytes   600 Kbits/sec  16.742 ms 807/858 (94%)
[  5] 50.0000-51.0000 sec  73.2 KBytes   600 Kbits/sec  24.549 ms 771/822 (94%)
[ 10] 50.0000-51.0000 sec  73.2 KBytes   600 Kbits/sec  28.780 ms 716/767 (93%)
[  1] 51.0000-52.0000 sec  74.6 KBytes   612 Kbits/sec  27.213 ms 667/719 (93%)
[  2] 51.0000-52.0000 sec  74.6 KBytes   612 Kbits/sec  18.669 ms 440/492 (89%)
[  6] 51.0000-52.0000 sec  68.9 KBytes   564 Kbits/sec  21.479 ms 665/713 (93%)
[  5] 51.0000-52.0000 sec  83.3 KBytes   682 Kbits/sec  20.266 ms 1077/1135 (95%)
[  3] 51.0000-52.0000 sec  89.0 KBytes   729 Kbits/sec  22.503 ms 1308/1370 (95%)
[  4] 51.0000-52.0000 sec  86.1 KBytes   706 Kbits/sec  43.957 ms 1551/1611 (96%)
[  9] 51.0000-52.0000 sec  84.7 KBytes   694 Kbits/sec  23.720 ms 788/847 (93%)
[  7] 51.0000-52.0000 sec  84.7 KBytes   694 Kbits/sec  18.981 ms 757/816 (93%)
[  8] 51.0000-52.0000 sec  86.1 KBytes   706 Kbits/sec  38.903 ms 1458/1518 (96%)
[ 10] 51.0000-52.0000 sec  84.7 KBytes   694 Kbits/sec  23.891 ms 729/788 (93%)
[  4] 52.0000-53.0000 sec  76.1 KBytes   623 Kbits/sec  33.491 ms 679/732 (93%)
[  5] 52.0000-53.0000 sec  74.6 KBytes   612 Kbits/sec  18.759 ms 664/716 (93%)
[  1] 52.0000-53.0000 sec  83.3 KBytes   682 Kbits/sec  27.199 ms 1065/1123 (95%)
[  8] 52.0000-53.0000 sec  76.1 KBytes   623 Kbits/sec  29.800 ms 784/837 (94%)
[  7] 52.0000-53.0000 sec  73.2 KBytes   600 Kbits/sec  23.567 ms 1164/1215 (96%)
[  2] 52.0000-53.0000 sec  79.0 KBytes   647 Kbits/sec  22.310 ms 667/722 (92%)
[  9] 52.0000-53.0000 sec  73.2 KBytes   600 Kbits/sec  23.660 ms 630/681 (93%)
[  3] 52.0000-53.0000 sec  84.7 KBytes   694 Kbits/sec  15.601 ms 733/792 (93%)
[ 10] 52.0000-53.0000 sec  76.1 KBytes   623 Kbits/sec  35.957 ms 1157/1210 (96%)
[  6] 52.0000-53.0000 sec  91.9 KBytes   753 Kbits/sec  34.084 ms 1533/1597 (96%)
[  3] 53.0000-54.0000 sec  71.8 KBytes   588 Kbits/sec  18.123 ms 656/706 (93%)
[  1] 53.0000-54.0000 sec  76.1 KBytes   623 Kbits/sec  26.105 ms 894/947 (94%)
[  5] 53.0000-54.0000 sec  73.2 KBytes   600 Kbits/sec  20.005 ms 818/869 (94%)
[  4] 53.0000-54.0000 sec  84.7 KBytes   694 Kbits/sec  18.501 ms 488/547 (89%)
[  9] 53.0000-54.0000 sec  76.1 KBytes   623 Kbits/sec  21.650 ms 865/918 (94%)
[  2] 53.0000-54.0000 sec  80.4 KBytes   659 Kbits/sec  37.562 ms 1488/1544 (96%)
[  7] 53.0000-54.0000 sec  84.7 KBytes   694 Kbits/sec  19.105 ms 711/770 (92%)
[  8] 53.0000-54.0000 sec  84.7 KBytes   694 Kbits/sec  22.246 ms 712/771 (92%)
[  6] 53.0000-54.0000 sec  73.2 KBytes   600 Kbits/sec  27.960 ms 742/793 (94%)
[ 10] 53.0000-54.0000 sec  84.7 KBytes   694 Kbits/sec  26.264 ms 705/764 (92%)
[  4] 54.0000-55.0000 sec  74.6 KBytes   612 Kbits/sec  57.212 ms 1556/1608 (97%)
[  5] 54.0000-55.0000 sec  79.0 KBytes   647 Kbits/sec  21.401 ms 722/777 (93%)
[  3] 54.0000-55.0000 sec  89.0 KBytes   729 Kbits/sec  31.824 ms 1529/1591 (96%)
[  1] 54.0000-55.0000 sec  84.7 KBytes   694 Kbits/sec  17.595 ms 754/813 (93%)
[  2] 54.0000-55.0000 sec  84.7 KBytes   694 Kbits/sec  25.811 ms 761/820 (93%)
[  9] 54.0000-55.0000 sec  86.1 KBytes   706 Kbits/sec  16.265 ms 687/747 (92%)
[  8] 54.0000-55.0000 sec  84.7 KBytes   694 Kbits/sec  36.134 ms 1184/1243 (95%)
[  7] 54.0000-55.0000 sec  84.7 KBytes   694 Kbits/sec  19.662 ms 1179/1238 (95%)
[  6] 54.0000-55.0000 sec  84.7 KBytes   694 Kbits/sec  22.209 ms 753/812 (93%)
[ 10] 54.0000-55.0000 sec  84.7 KBytes   694 Kbits/sec  35.855 ms 1189/1248 (95%)
[  1] 55.0000-56.0000 sec  73.2 KBytes   600 Kbits/sec  18.302 ms 664/715 (93%)
[  2] 55.0000-56.0000 sec  74.6 KBytes   612 Kbits/sec  24.383 ms 855/907 (94%)
[  3] 55.0000-56.0000 sec  71.8 KBytes   588 Kbits/sec  33.361 ms 838/888 (94%)
[  9] 55.0000-56.0000 sec  74.6 KBytes   612 Kbits/sec  41.415 ms 1375/1427 (96%)
[  6] 55.0000-56.0000 sec  74.6 KBytes   612 Kbits/sec  21.072 ms 836/888 (94%)
[  4] 55.0000-56.0000 sec  83.3 KBytes   682 Kbits/sec  21.444 ms 428/486 (88%)
[  7] 55.0000-56.0000 sec  76.1 KBytes   623 Kbits/sec  18.354 ms 685/738 (93%)
[  5] 55.0000-56.0000 sec  91.9 KBytes   753 Kbits/sec  28.092 ms 1612/1676 (96%)
[  8] 55.0000-56.0000 sec  73.2 KBytes   600 Kbits/sec  32.270 ms 830/881 (94%)
[ 10] 55.0000-56.0000 sec  73.2 KBytes   600 Kbits/sec  34.624 ms 687/738 (93%)
[  4] 56.0000-57.0000 sec  76.1 KBytes   623 Kbits/sec  17.365 ms 722/775 (93%)
[  1] 56.0000-57.0000 sec  74.6 KBytes   612 Kbits/sec  20.174 ms 848/900 (94%)
[  9] 56.0000-57.0000 sec  73.2 KBytes   600 Kbits/sec  23.931 ms 649/700 (93%)
[  2] 56.0000-57.0000 sec  73.2 KBytes   600 Kbits/sec  23.945 ms 677/728 (93%)
[  8] 56.0000-57.0000 sec  76.1 KBytes   623 Kbits/sec  26.305 ms 884/937 (94%)
[  7] 56.0000-57.0000 sec  71.8 KBytes   588 Kbits/sec  21.420 ms 790/840 (94%)
[  6] 56.0000-57.0000 sec  73.2 KBytes   600 Kbits/sec  20.627 ms 659/710 (93%)
[  5] 56.0000-57.0000 sec  76.1 KBytes   623 Kbits/sec  22.761 ms 628/681 (92%)
[  3] 56.0000-57.0000 sec  86.1 KBytes   706 Kbits/sec  22.330 ms 686/746 (92%)
[ 10] 56.0000-57.0000 sec  74.6 KBytes   612 Kbits/sec  30.935 ms 795/847 (94%)
[  3] 57.0000-58.0000 sec  63.2 KBytes   517 Kbits/sec  26.081 ms 818/862 (95%)
[  4] 57.0000-58.0000 sec  73.2 KBytes   600 Kbits/sec  18.826 ms 800/851 (94%)
[  7] 57.0000-58.0000 sec  76.1 KBytes   623 Kbits/sec  21.442 ms 767/820 (94%)
[  5] 57.0000-58.0000 sec  73.2 KBytes   600 Kbits/sec  18.313 ms 511/562 (91%)
[  1] 57.0000-58.0000 sec  84.7 KBytes   694 Kbits/sec  27.831 ms 1172/1231 (95%)
[  8] 57.0000-58.0000 sec  73.2 KBytes   600 Kbits/sec  19.136 ms 521/572 (91%)
[  2] 57.0000-58.0000 sec  84.7 KBytes   694 Kbits/sec  19.716 ms 850/909 (94%)
[  9] 57.0000-58.0000 sec  84.7 KBytes   694 Kbits/sec  20.816 ms 764/823 (93%)
[ 10] 57.0000-58.0000 sec  73.2 KBytes   600 Kbits/sec  29.185 ms 714/765 (93%)
[  6] 57.0000-58.0000 sec  84.7 KBytes   694 Kbits/sec  18.195 ms 890/949 (94%)
[  1] 58.0000-59.0000 sec  63.2 KBytes   517 Kbits/sec  26.807 ms 659/703 (94%)
[  2] 58.0000-59.0000 sec  64.6 KBytes   529 Kbits/sec  21.218 ms 659/704 (94%)
[  7] 58.0000-59.0000 sec  84.7 KBytes   694 Kbits/sec  16.515 ms 733/792 (93%)
[  3] 58.0000-59.0000 sec  94.7 KBytes   776 Kbits/sec  16.665 ms 729/795 (92%)
[  6] 58.0000-59.0000 sec  64.6 KBytes   529 Kbits/sec  20.293 ms 650/695 (94%)
[  5] 58.0000-59.0000 sec  64.6 KBytes   529 Kbits/sec  29.520 ms 697/742 (94%)
[  4] 58.0000-59.0000 sec  84.7 KBytes   694 Kbits/sec  21.107 ms 1218/1277 (95%)
[  8] 58.0000-59.0000 sec  87.6 KBytes   717 Kbits/sec  15.550 ms 743/804 (92%)
[ 10] 58.0000-59.0000 sec  86.1 KBytes   706 Kbits/sec  20.184 ms 896/956 (94%)
[  9] 58.0000-59.0000 sec  73.2 KBytes   600 Kbits/sec  21.185 ms 750/801 (94%)
[  4] 59.0000-60.0000 sec  84.7 KBytes   694 Kbits/sec  17.011 ms 728/787 (93%)
[  3] 59.0000-60.0000 sec  81.8 KBytes   670 Kbits/sec  15.432 ms 828/885 (94%)
[  4] 0.0000-60.0375 sec  4.59 MBytes   642 Kbits/sec  25.999 ms 22197/25474 (87%)
[  3] 0.0000-60.0408 sec  4.60 MBytes   643 Kbits/sec  57.084 ms 22656/25937 (87%)
[  5] 59.0000-60.0000 sec  83.3 KBytes   682 Kbits/sec  29.017 ms 1406/1464 (96%)
[  5] 0.0000-60.0361 sec  4.64 MBytes   649 Kbits/sec  34.869 ms 27441/30754 (89%)
[  1] 59.0000-60.0000 sec  86.1 KBytes   706 Kbits/sec  17.882 ms 770/830 (93%)
[  1] 0.0000-60.0967 sec  4.65 MBytes   649 Kbits/sec  23.410 ms 27140/30457 (89%)
[  7] 59.0000-60.0000 sec  87.6 KBytes   717 Kbits/sec  15.596 ms 1219/1280 (95%)
[  7] 0.0000-60.0516 sec  4.60 MBytes   642 Kbits/sec  25.862 ms 22353/25633 (87%)
[  2] 59.0000-60.0000 sec  86.1 KBytes   706 Kbits/sec  21.126 ms 1061/1121 (95%)
[  8] 59.0000-60.0000 sec  84.7 KBytes   694 Kbits/sec  35.013 ms 1533/1592 (96%)
[  2] 0.0000-60.1249 sec  4.64 MBytes   648 Kbits/sec  28.339 ms 27182/30493 (89%)
[  8] 0.0000-60.0533 sec  4.60 MBytes   642 Kbits/sec  41.482 ms 22716/25995 (87%)
[  9] 59.0000-60.0000 sec  74.6 KBytes   612 Kbits/sec  16.899 ms 635/687 (92%)
[  9] 0.0000-60.0585 sec  4.65 MBytes   649 Kbits/sec  22.355 ms 27067/30381 (89%)
[  6] 59.0000-60.0000 sec  79.0 KBytes   647 Kbits/sec  20.622 ms 743/798 (93%)
[ 10] 59.0000-60.0000 sec  84.7 KBytes   694 Kbits/sec  17.368 ms 721/780 (92%)
[  6] 0.0000-60.1197 sec  4.64 MBytes   648 Kbits/sec  55.262 ms 27578/30889 (89%)
[ 10] 0.0000-60.0478 sec  4.60 MBytes   642 Kbits/sec  27.443 ms 22300/25579 (87%)
