------------------------------------------------------------
Server listening on UDP port 5001
UDP buffer size:  208 KByte (default)
------------------------------------------------------------
[  1] local 12.1.1.1 port 5001 connected with 12.1.1.36 port 45188
[  2] local 12.1.1.1 port 5001 connected with 12.1.1.33 port 44274
[  3] local 12.1.1.1 port 5001 connected with 12.1.1.41 port 54522
[  4] local 12.1.1.1 port 5001 connected with 12.1.1.39 port 55445
[  5] local 12.1.1.1 port 5001 connected with 12.1.1.34 port 53848
[  6] local 12.1.1.1 port 5001 connected with 12.1.1.32 port 41265
[  7] local 12.1.1.1 port 5001 connected with 12.1.1.37 port 36786
[  8] local 12.1.1.1 port 5001 connected with 12.1.1.40 port 52501
[  9] local 12.1.1.1 port 5001 connected with 12.1.1.35 port 33665
[ 10] local 12.1.1.1 port 5001 connected with 12.1.1.38 port 46952
[ ID] Interval       Transfer     Bandwidth        Jitter   Lost/Total Datagrams
[  4] 0.0000-1.0000 sec  73.2 KBytes   600 Kbits/sec  14.546 ms 1804/1855 (97%)
[  1] 0.0000-1.0000 sec  97.6 KBytes   800 Kbits/sec  11.318 ms 1465/1533 (96%)
[  5] 0.0000-1.0000 sec  97.6 KBytes   800 Kbits/sec  10.785 ms 1465/1533 (96%)
[  2] 0.0000-1.0000 sec  94.7 KBytes   776 Kbits/sec  10.979 ms 1413/1479 (96%)
[  8] 0.0000-1.0000 sec  73.2 KBytes   600 Kbits/sec  14.836 ms 1795/1846 (97%)
[  6] 0.0000-1.0000 sec  93.3 KBytes   764 Kbits/sec  11.559 ms 1468/1533 (96%)
[  3] 0.0000-1.0000 sec  84.7 KBytes   694 Kbits/sec  15.419 ms 1810/1869 (97%)
[  9] 0.0000-1.0000 sec  97.6 KBytes   800 Kbits/sec  10.711 ms 1474/1542 (96%)
[  7] 0.0000-1.0000 sec  84.7 KBytes   694 Kbits/sec  14.755 ms 1811/1870 (97%)
[ 10] 0.0000-1.0000 sec  86.1 KBytes   706 Kbits/sec  14.530 ms 1792/1852 (97%)
[  3] 1.0000-2.0000 sec  76.1 KBytes   623 Kbits/sec  14.701 ms 0/53 (0%)
[  4] 1.0000-2.0000 sec  84.7 KBytes   694 Kbits/sec  14.094 ms 0/59 (0%)
[  7] 1.0000-2.0000 sec  73.2 KBytes   600 Kbits/sec  14.889 ms 0/51 (0%)
[  1] 1.0000-2.0000 sec  84.7 KBytes   694 Kbits/sec  15.327 ms 0/59 (0%)
[  9] 1.0000-2.0000 sec  74.6 KBytes   612 Kbits/sec  23.971 ms 0/52 (0%)
[  8] 1.0000-2.0000 sec  84.7 KBytes   694 Kbits/sec  15.034 ms 0/59 (0%)
[ 10] 1.0000-2.0000 sec  74.6 KBytes   612 Kbits/sec  14.504 ms 0/52 (0%)
[  5] 1.0000-2.0000 sec  84.7 KBytes   694 Kbits/sec  14.790 ms 0/59 (0%)
[  2] 1.0000-2.0000 sec  84.7 KBytes   694 Kbits/sec  14.213 ms 0/59 (0%)
[  6] 1.0000-2.0000 sec  84.7 KBytes   694 Kbits/sec  15.736 ms 0/59 (0%)
[  3] 2.0000-3.0000 sec  73.2 KBytes   600 Kbits/sec  14.373 ms 0/51 (0%)
[  4] 2.0000-3.0000 sec  84.7 KBytes   694 Kbits/sec  11.171 ms 463/522 (89%)
[  1] 2.0000-3.0000 sec  64.6 KBytes   529 Kbits/sec  18.062 ms 0/45 (0%)
[  9] 2.0000-3.0000 sec  63.2 KBytes   517 Kbits/sec  28.266 ms 0/44 (0%)
[  7] 2.0000-3.0000 sec  84.7 KBytes   694 Kbits/sec  13.427 ms 706/765 (92%)
[ 10] 2.0000-3.0000 sec  84.7 KBytes   694 Kbits/sec  14.019 ms 0/59 (0%)
[  8] 2.0000-3.0000 sec  84.7 KBytes   694 Kbits/sec  16.079 ms 1411/1470 (96%)
[  2] 2.0000-3.0000 sec  63.2 KBytes   517 Kbits/sec  17.589 ms 0/44 (0%)
[  5] 2.0000-3.0000 sec  63.2 KBytes   517 Kbits/sec  18.473 ms 0/44 (0%)
[  6] 2.0000-3.0000 sec  64.6 KBytes   529 Kbits/sec  17.457 ms 0/45 (0%)
[  1] 3.0000-4.0000 sec  63.2 KBytes   517 Kbits/sec  15.773 ms 0/44 (0%)
[  5] 3.0000-4.0000 sec  64.6 KBytes   529 Kbits/sec  15.100 ms 0/45 (0%)
[  2] 3.0000-4.0000 sec  63.2 KBytes   517 Kbits/sec  15.411 ms 0/44 (0%)
[  3] 3.0000-4.0000 sec  96.2 KBytes   788 Kbits/sec  19.631 ms 5840/5907 (99%)
[  4] 3.0000-4.0000 sec  84.7 KBytes   694 Kbits/sec  16.448 ms 3993/4052 (99%)
[  7] 3.0000-4.0000 sec  84.7 KBytes   694 Kbits/sec  17.030 ms 3499/3558 (98%)
[  6] 3.0000-4.0000 sec  63.2 KBytes   517 Kbits/sec  15.055 ms 0/44 (0%)
[  9] 3.0000-4.0000 sec  73.2 KBytes   600 Kbits/sec  15.188 ms 0/51 (0%)
[  8] 3.0000-4.0000 sec  84.7 KBytes   694 Kbits/sec  24.232 ms 3469/3528 (98%)
[ 10] 3.0000-4.0000 sec  77.5 KBytes   635 Kbits/sec  20.699 ms 2530/2584 (98%)
[  1] 4.0000-5.0000 sec  73.2 KBytes   600 Kbits/sec  14.012 ms 0/51 (0%)
[  2] 4.0000-5.0000 sec  76.1 KBytes   623 Kbits/sec  14.462 ms 0/53 (0%)
[  5] 4.0000-5.0000 sec  73.2 KBytes   600 Kbits/sec  14.061 ms 0/51 (0%)
[  6] 4.0000-5.0000 sec  76.1 KBytes   623 Kbits/sec  15.190 ms 0/53 (0%)
[  9] 4.0000-5.0000 sec  80.4 KBytes   659 Kbits/sec  18.989 ms 0/56 (0%)
[  3] 4.0000-5.0000 sec  76.1 KBytes   623 Kbits/sec  23.003 ms 2254/2307 (98%)
[  4] 4.0000-5.0000 sec  84.7 KBytes   694 Kbits/sec  16.839 ms 3478/3537 (98%)
[  7] 4.0000-5.0000 sec  84.7 KBytes   694 Kbits/sec  19.303 ms 5732/5791 (99%)
[  8] 4.0000-5.0000 sec  84.7 KBytes   694 Kbits/sec  19.756 ms 3984/4043 (99%)
[ 10] 4.0000-5.0000 sec  93.3 KBytes   764 Kbits/sec  24.045 ms 7624/7689 (99%)
[  1] 5.0000-6.0000 sec  97.6 KBytes   800 Kbits/sec  12.212 ms 0/68 (0%)
[  2] 5.0000-6.0000 sec  94.7 KBytes   776 Kbits/sec  12.372 ms 0/66 (0%)
[  5] 5.0000-6.0000 sec  96.2 KBytes   788 Kbits/sec  12.660 ms 0/67 (0%)
[  3] 5.0000-6.0000 sec  73.2 KBytes   600 Kbits/sec  18.052 ms 3324/3375 (98%)
[  4] 5.0000-6.0000 sec  74.6 KBytes   612 Kbits/sec  17.309 ms 5408/5460 (99%)
[  6] 5.0000-6.0000 sec  94.7 KBytes   776 Kbits/sec  12.257 ms 0/66 (0%)
[  7] 5.0000-6.0000 sec  73.2 KBytes   600 Kbits/sec  19.442 ms 3173/3224 (98%)
[  9] 5.0000-6.0000 sec  89.0 KBytes   729 Kbits/sec  13.770 ms 0/62 (0%)
[  8] 5.0000-6.0000 sec  77.5 KBytes   635 Kbits/sec  17.020 ms 3231/3285 (98%)
[ 10] 5.0000-6.0000 sec  73.2 KBytes   600 Kbits/sec  22.799 ms 3172/3223 (98%)
[  2] 6.0000-7.0000 sec  77.5 KBytes   635 Kbits/sec  11.962 ms 0/54 (0%)
[  3] 6.0000-7.0000 sec  86.1 KBytes   706 Kbits/sec  21.111 ms 5131/5191 (99%)
[  1] 6.0000-7.0000 sec  81.8 KBytes   670 Kbits/sec  13.242 ms 0/57 (0%)
[  4] 6.0000-7.0000 sec  73.2 KBytes   600 Kbits/sec  24.542 ms 3645/3696 (99%)
[  7] 6.0000-7.0000 sec  76.1 KBytes   623 Kbits/sec  19.409 ms 3515/3568 (99%)
[  5] 6.0000-7.0000 sec  81.8 KBytes   670 Kbits/sec  13.592 ms 0/57 (0%)
[  8] 6.0000-7.0000 sec  73.2 KBytes   600 Kbits/sec  17.767 ms 3708/3759 (99%)
[ 10] 6.0000-7.0000 sec  74.6 KBytes   612 Kbits/sec  23.160 ms 3515/3567 (99%)
[  6] 6.0000-7.0000 sec  86.1 KBytes   706 Kbits/sec  14.259 ms 0/60 (0%)
[  9] 6.0000-7.0000 sec  86.1 KBytes   706 Kbits/sec  14.951 ms 0/60 (0%)
[  5] 7.0000-8.0000 sec  76.1 KBytes   623 Kbits/sec  14.652 ms 0/53 (0%)
[  1] 7.0000-8.0000 sec  76.1 KBytes   623 Kbits/sec  14.410 ms 0/53 (0%)
[  4] 7.0000-8.0000 sec  84.7 KBytes   694 Kbits/sec  44.822 ms 6533/6592 (99%)
[  2] 7.0000-8.0000 sec  81.8 KBytes   670 Kbits/sec  14.906 ms 0/57 (0%)
[  6] 7.0000-8.0000 sec  74.6 KBytes   612 Kbits/sec  15.398 ms 0/52 (0%)
[  7] 7.0000-8.0000 sec  79.0 KBytes   647 Kbits/sec  20.209 ms 3589/3644 (98%)
[ 10] 7.0000-8.0000 sec  84.7 KBytes   694 Kbits/sec  17.474 ms 3668/3727 (98%)
[  8] 7.0000-8.0000 sec  76.1 KBytes   623 Kbits/sec  20.995 ms 3403/3456 (98%)
[  3] 7.0000-8.0000 sec  84.7 KBytes   694 Kbits/sec  14.301 ms 3633/3692 (98%)
[  9] 7.0000-8.0000 sec  73.2 KBytes   600 Kbits/sec  15.278 ms 0/51 (0%)
[  2] 8.0000-9.0000 sec  76.1 KBytes   623 Kbits/sec  12.498 ms 293/346 (85%)
[  3] 8.0000-9.0000 sec  84.7 KBytes   694 Kbits/sec  25.910 ms 8563/8622 (99%)
[  6] 8.0000-9.0000 sec  73.2 KBytes   600 Kbits/sec  21.169 ms 0/51 (0%)
[  4] 8.0000-9.0000 sec  86.1 KBytes   706 Kbits/sec  28.190 ms 3882/3942 (98%)
[  7] 8.0000-9.0000 sec  89.0 KBytes   729 Kbits/sec  19.066 ms 6719/6781 (99%)
[  5] 8.0000-9.0000 sec  84.7 KBytes   694 Kbits/sec   8.633 ms 613/672 (91%)
[  1] 8.0000-9.0000 sec  84.7 KBytes   694 Kbits/sec  12.938 ms 65/124 (52%)
[ 10] 8.0000-9.0000 sec  84.7 KBytes   694 Kbits/sec  26.063 ms 6668/6727 (99%)
[  8] 8.0000-9.0000 sec  90.4 KBytes   741 Kbits/sec  32.377 ms 8482/8545 (99%)
[  9] 8.0000-9.0000 sec  84.7 KBytes   694 Kbits/sec  13.786 ms 0/59 (0%)
[  2] 9.0000-10.0000 sec  73.2 KBytes   600 Kbits/sec  23.656 ms 3096/3147 (98%)
[  3] 9.0000-10.0000 sec  73.2 KBytes   600 Kbits/sec  22.866 ms 4086/4137 (99%)
[  4] 9.0000-10.0000 sec  74.6 KBytes   612 Kbits/sec  22.868 ms 4647/4699 (99%)
[  1] 9.0000-10.0000 sec  74.6 KBytes   612 Kbits/sec  20.695 ms 3097/3149 (98%)
[  5] 9.0000-10.0000 sec  73.2 KBytes   600 Kbits/sec  27.265 ms 3128/3179 (98%)
[  7] 9.0000-10.0000 sec  73.2 KBytes   600 Kbits/sec  20.424 ms 4780/4831 (99%)
[  8] 9.0000-10.0000 sec  76.1 KBytes   623 Kbits/sec  31.826 ms 4882/4935 (99%)
[  6] 9.0000-10.0000 sec  83.3 KBytes   682 Kbits/sec  37.691 ms 5163/5221 (99%)
[ 10] 9.0000-10.0000 sec  73.2 KBytes   600 Kbits/sec  26.764 ms 4816/4867 (99%)
[  9] 9.0000-10.0000 sec  70.3 KBytes   576 Kbits/sec  21.960 ms 1870/1919 (97%)
[  1] 10.0000-11.0000 sec  73.2 KBytes   600 Kbits/sec  19.010 ms 3787/3838 (99%)
[  2] 10.0000-11.0000 sec  84.7 KBytes   694 Kbits/sec  37.346 ms 5863/5922 (99%)
[  5] 10.0000-11.0000 sec  84.7 KBytes   694 Kbits/sec  19.831 ms 3877/3936 (99%)
[  3] 10.0000-11.0000 sec  84.7 KBytes   694 Kbits/sec  19.631 ms 4191/4250 (99%)
[  7] 10.0000-11.0000 sec  83.3 KBytes   682 Kbits/sec  17.054 ms 3674/3732 (98%)
[  4] 10.0000-11.0000 sec  84.7 KBytes   694 Kbits/sec  19.216 ms 3602/3661 (98%)
[  6] 10.0000-11.0000 sec  84.7 KBytes   694 Kbits/sec  24.659 ms 3450/3509 (98%)
[  9] 10.0000-11.0000 sec  90.4 KBytes   741 Kbits/sec  30.056 ms 7348/7411 (99%)
[  8] 10.0000-11.0000 sec  77.5 KBytes   635 Kbits/sec  23.647 ms 2371/2425 (98%)
[ 10] 10.0000-11.0000 sec  86.1 KBytes   706 Kbits/sec  17.527 ms 3647/3707 (98%)
[  1] 11.0000-12.0000 sec  86.1 KBytes   706 Kbits/sec  16.762 ms 4049/4109 (99%)
[  4] 11.0000-12.0000 sec  73.2 KBytes   600 Kbits/sec  18.209 ms 4061/4112 (99%)
[  2] 11.0000-12.0000 sec  84.7 KBytes   694 Kbits/sec  31.338 ms 4499/4558 (99%)
[  6] 11.0000-12.0000 sec  74.6 KBytes   612 Kbits/sec  21.049 ms 2979/3031 (98%)
[  8] 11.0000-12.0000 sec  80.4 KBytes   659 Kbits/sec  48.486 ms 7098/7154 (99%)
[  9] 11.0000-12.0000 sec  73.2 KBytes   600 Kbits/sec  22.697 ms 2975/3026 (98%)
[  5] 11.0000-12.0000 sec  84.7 KBytes   694 Kbits/sec  18.107 ms 4266/4325 (99%)
[  3] 11.0000-12.0000 sec  84.7 KBytes   694 Kbits/sec  17.241 ms 3476/3535 (98%)
[  7] 11.0000-12.0000 sec  86.1 KBytes   706 Kbits/sec  33.616 ms 7752/7812 (99%)
[ 10] 11.0000-12.0000 sec  80.4 KBytes   659 Kbits/sec  18.650 ms 3381/3437 (98%)
[  5] 12.0000-13.0000 sec  54.6 KBytes   447 Kbits/sec  19.122 ms 2990/3028 (99%)
[  1] 12.0000-13.0000 sec  70.3 KBytes   576 Kbits/sec  24.090 ms 5214/5263 (99%)
[  2] 12.0000-13.0000 sec  73.2 KBytes   600 Kbits/sec  23.601 ms 2724/2775 (98%)
[  6] 12.0000-13.0000 sec  70.3 KBytes   576 Kbits/sec  22.265 ms 4398/4447 (99%)
[  4] 12.0000-13.0000 sec  84.7 KBytes   694 Kbits/sec  15.019 ms 3840/3899 (98%)
[  7] 12.0000-13.0000 sec  84.7 KBytes   694 Kbits/sec  22.553 ms 3621/3680 (98%)
[  8] 12.0000-13.0000 sec  96.2 KBytes   788 Kbits/sec  21.844 ms 4299/4366 (98%)
[  9] 12.0000-13.0000 sec  76.1 KBytes   623 Kbits/sec  19.226 ms 4296/4349 (99%)
[ 10] 12.0000-13.0000 sec  89.0 KBytes   729 Kbits/sec  16.519 ms 6412/6474 (99%)
[  3] 12.0000-13.0000 sec  84.7 KBytes   694 Kbits/sec  14.759 ms 4395/4454 (99%)
[  2] 13.0000-14.0000 sec  73.2 KBytes   600 Kbits/sec  16.732 ms 3527/3578 (99%)
[  6] 13.0000-14.0000 sec  80.4 KBytes   659 Kbits/sec  36.844 ms 7893/7949 (99%)
[  3] 13.0000-14.0000 sec  86.1 KBytes   706 Kbits/sec  24.662 ms 8078/8138 (99%)
[  4] 13.0000-14.0000 sec  97.6 KBytes   800 Kbits/sec  25.565 ms 7888/7956 (99%)
[  1] 13.0000-14.0000 sec  89.0 KBytes   729 Kbits/sec  19.131 ms 5901/5963 (99%)
[  7] 13.0000-14.0000 sec  84.7 KBytes   694 Kbits/sec  40.077 ms 6267/6326 (99%)
[  8] 13.0000-14.0000 sec  86.1 KBytes   706 Kbits/sec  15.325 ms 3664/3724 (98%)
[  5] 13.0000-14.0000 sec  94.7 KBytes   776 Kbits/sec  24.730 ms 7960/8026 (99%)
[ 10] 13.0000-14.0000 sec  80.4 KBytes   659 Kbits/sec  17.243 ms 3535/3591 (98%)
[  9] 13.0000-14.0000 sec  80.4 KBytes   659 Kbits/sec  40.502 ms 7894/7950 (99%)
[  1] 14.0000-15.0000 sec  73.2 KBytes   600 Kbits/sec  20.045 ms 3842/3893 (99%)
[  5] 14.0000-15.0000 sec  76.1 KBytes   623 Kbits/sec  20.876 ms 3965/4018 (99%)
[  3] 14.0000-15.0000 sec  84.7 KBytes   694 Kbits/sec  16.996 ms 2497/2556 (98%)
[  2] 14.0000-15.0000 sec  87.6 KBytes   717 Kbits/sec  32.400 ms 8285/8346 (99%)
[  9] 14.0000-15.0000 sec  77.5 KBytes   635 Kbits/sec  37.766 ms 4101/4155 (99%)
[  4] 14.0000-15.0000 sec  81.8 KBytes   670 Kbits/sec  19.640 ms 2609/2666 (98%)
[  6] 14.0000-15.0000 sec  84.7 KBytes   694 Kbits/sec  27.905 ms 4045/4104 (99%)
[  7] 14.0000-15.0000 sec  86.1 KBytes   706 Kbits/sec  24.159 ms 4214/4274 (99%)
[  8] 14.0000-15.0000 sec  84.7 KBytes   694 Kbits/sec  15.806 ms 4573/4632 (99%)
[ 10] 14.0000-15.0000 sec  89.0 KBytes   729 Kbits/sec  32.732 ms 7888/7950 (99%)
[  2] 15.0000-16.0000 sec  63.2 KBytes   517 Kbits/sec  41.013 ms 4080/4124 (99%)
[  4] 15.0000-16.0000 sec  76.1 KBytes   623 Kbits/sec  41.201 ms 7426/7479 (99%)
[  6] 15.0000-16.0000 sec  63.2 KBytes   517 Kbits/sec  25.206 ms 2762/2806 (98%)
[  1] 15.0000-16.0000 sec  76.1 KBytes   623 Kbits/sec  32.140 ms 6825/6878 (99%)
[  5] 15.0000-16.0000 sec  73.2 KBytes   600 Kbits/sec  22.846 ms 4186/4237 (99%)
[  3] 15.0000-16.0000 sec  74.6 KBytes   612 Kbits/sec  15.488 ms 3292/3344 (98%)
[  9] 15.0000-16.0000 sec  73.2 KBytes   600 Kbits/sec  33.650 ms 4539/4590 (99%)
[  7] 15.0000-16.0000 sec  84.7 KBytes   694 Kbits/sec  17.704 ms 3352/3411 (98%)
[  8] 15.0000-16.0000 sec  84.7 KBytes   694 Kbits/sec  29.355 ms 7243/7302 (99%)
[ 10] 15.0000-16.0000 sec  84.7 KBytes   694 Kbits/sec  21.402 ms 3958/4017 (99%)
[  1] 16.0000-17.0000 sec  76.1 KBytes   623 Kbits/sec  29.210 ms 3122/3175 (98%)
[  3] 16.0000-17.0000 sec  84.7 KBytes   694 Kbits/sec  32.374 ms 7725/7784 (99%)
[  2] 16.0000-17.0000 sec  84.7 KBytes   694 Kbits/sec  23.149 ms 3795/3854 (98%)
[  4] 16.0000-17.0000 sec  84.7 KBytes   694 Kbits/sec  19.123 ms 2438/2497 (98%)
[  6] 16.0000-17.0000 sec  80.4 KBytes   659 Kbits/sec  19.114 ms 3518/3574 (98%)
[  8] 16.0000-17.0000 sec  73.2 KBytes   600 Kbits/sec  27.932 ms 3615/3666 (99%)
[  5] 16.0000-17.0000 sec  84.7 KBytes   694 Kbits/sec  16.723 ms 3833/3892 (98%)
[  9] 16.0000-17.0000 sec  84.7 KBytes   694 Kbits/sec  20.183 ms 3118/3177 (98%)
[ 10] 16.0000-17.0000 sec  86.1 KBytes   706 Kbits/sec  18.263 ms 3610/3670 (98%)
[  7] 16.0000-17.0000 sec  84.7 KBytes   694 Kbits/sec  16.426 ms 3593/3652 (98%)
[  1] 17.0000-18.0000 sec  73.2 KBytes   600 Kbits/sec  53.328 ms 5923/5974 (99%)
[  2] 17.0000-18.0000 sec  73.2 KBytes   600 Kbits/sec  22.660 ms 2487/2538 (98%)
[  5] 17.0000-18.0000 sec  63.2 KBytes   517 Kbits/sec  18.501 ms 3579/3623 (99%)
[  3] 17.0000-18.0000 sec  86.1 KBytes   706 Kbits/sec  22.268 ms 3838/3898 (98%)
[  9] 17.0000-18.0000 sec  63.2 KBytes   517 Kbits/sec  20.606 ms 2508/2552 (98%)
[  6] 17.0000-18.0000 sec  80.4 KBytes   659 Kbits/sec  26.751 ms 5908/5964 (99%)
[  7] 17.0000-18.0000 sec  73.2 KBytes   600 Kbits/sec  16.925 ms 4339/4390 (99%)
[  8] 17.0000-18.0000 sec  84.7 KBytes   694 Kbits/sec  21.937 ms 4623/4682 (99%)
[ 10] 17.0000-18.0000 sec  74.6 KBytes   612 Kbits/sec  18.461 ms 4336/4388 (99%)
[  4] 17.0000-18.0000 sec  84.7 KBytes   694 Kbits/sec  15.343 ms 3869/3928 (98%)
[  1] 18.0000-19.0000 sec  67.5 KBytes   553 Kbits/sec  20.009 ms 0/47 (0%)
[  2] 18.0000-19.0000 sec  74.6 KBytes   612 Kbits/sec  16.309 ms 3406/3458 (98%)
[  3] 18.0000-19.0000 sec  71.8 KBytes   588 Kbits/sec  15.832 ms 2634/2684 (98%)
[  6] 18.0000-19.0000 sec  73.2 KBytes   600 Kbits/sec  17.728 ms 3123/3174 (98%)
[  4] 18.0000-19.0000 sec  76.1 KBytes   623 Kbits/sec  27.889 ms 6336/6389 (99%)
[  7] 18.0000-19.0000 sec  76.1 KBytes   623 Kbits/sec  27.388 ms 6405/6458 (99%)
[  8] 18.0000-19.0000 sec  76.1 KBytes   623 Kbits/sec  21.551 ms 3900/3953 (99%)
[  5] 18.0000-19.0000 sec  84.7 KBytes   694 Kbits/sec  20.944 ms 5432/5491 (99%)
[ 10] 18.0000-19.0000 sec  73.2 KBytes   600 Kbits/sec  18.818 ms 3964/4015 (99%)
[  9] 18.0000-19.0000 sec  84.7 KBytes   694 Kbits/sec  34.648 ms 6950/7009 (99%)
[  3] 19.0000-20.0000 sec  76.1 KBytes   623 Kbits/sec  39.341 ms 8093/8146 (99%)
[  5] 19.0000-20.0000 sec  76.1 KBytes   623 Kbits/sec  17.639 ms 3773/3826 (99%)
[  1] 19.0000-20.0000 sec  90.4 KBytes   741 Kbits/sec  26.378 ms 6888/6951 (99%)
[  2] 19.0000-20.0000 sec  86.1 KBytes   706 Kbits/sec  29.613 ms 6968/7028 (99%)
[  9] 19.0000-20.0000 sec  76.1 KBytes   623 Kbits/sec  26.078 ms 3612/3665 (99%)
[  4] 19.0000-20.0000 sec  73.2 KBytes   600 Kbits/sec  16.674 ms 3801/3852 (99%)
[  7] 19.0000-20.0000 sec  76.1 KBytes   623 Kbits/sec  19.069 ms 3799/3852 (99%)
[  6] 19.0000-20.0000 sec  80.4 KBytes   659 Kbits/sec  19.441 ms 2994/3050 (98%)
[ 10] 19.0000-20.0000 sec  70.3 KBytes   576 Kbits/sec  23.263 ms 4371/4420 (99%)
[  8] 19.0000-20.0000 sec  73.2 KBytes   600 Kbits/sec  19.429 ms 4228/4279 (99%)
[  6] 20.0000-21.0000 sec  73.2 KBytes   600 Kbits/sec  20.262 ms 4047/4098 (99%)
[  1] 20.0000-21.0000 sec  83.3 KBytes   682 Kbits/sec  20.606 ms 3648/3706 (98%)
[  5] 20.0000-21.0000 sec  84.7 KBytes   694 Kbits/sec  23.200 ms 6019/6078 (99%)
[  3] 20.0000-21.0000 sec  73.2 KBytes   600 Kbits/sec  20.149 ms 2086/2137 (98%)
[  4] 20.0000-21.0000 sec  76.1 KBytes   623 Kbits/sec  17.262 ms 3585/3638 (99%)
[  2] 20.0000-21.0000 sec  86.1 KBytes   706 Kbits/sec  19.816 ms 3576/3636 (98%)
[  9] 20.0000-21.0000 sec  84.7 KBytes   694 Kbits/sec  20.418 ms 3509/3568 (98%)
[  7] 20.0000-21.0000 sec  73.2 KBytes   600 Kbits/sec  19.400 ms 4003/4054 (99%)
[  8] 20.0000-21.0000 sec  74.6 KBytes   612 Kbits/sec  20.329 ms 3562/3614 (99%)
[ 10] 20.0000-21.0000 sec  79.0 KBytes   647 Kbits/sec  22.531 ms 5875/5930 (99%)
[  2] 21.0000-22.0000 sec  70.3 KBytes   576 Kbits/sec  18.821 ms 2182/2231 (98%)
[  5] 21.0000-22.0000 sec  84.7 KBytes   694 Kbits/sec  22.802 ms 3675/3734 (98%)
[  1] 21.0000-22.0000 sec  84.7 KBytes   694 Kbits/sec  34.896 ms 5836/5895 (99%)
[  3] 21.0000-22.0000 sec  84.7 KBytes   694 Kbits/sec  16.046 ms 3547/3606 (98%)
[  9] 21.0000-22.0000 sec  84.7 KBytes   694 Kbits/sec  17.246 ms 4108/4167 (99%)
[  4] 21.0000-22.0000 sec  81.8 KBytes   670 Kbits/sec  17.293 ms 3774/3831 (99%)
[  6] 21.0000-22.0000 sec   100 KBytes   823 Kbits/sec  23.133 ms 7896/7966 (99%)
[  7] 21.0000-22.0000 sec  84.7 KBytes   694 Kbits/sec  23.166 ms 5842/5901 (99%)
[  8] 21.0000-22.0000 sec  79.0 KBytes   647 Kbits/sec  21.492 ms 3999/4054 (99%)
[ 10] 21.0000-22.0000 sec  84.7 KBytes   694 Kbits/sec  18.930 ms 3524/3583 (98%)
[  1] 22.0000-23.0000 sec  84.7 KBytes   694 Kbits/sec  23.370 ms 4545/4604 (99%)
[  5] 22.0000-23.0000 sec  84.7 KBytes   694 Kbits/sec  18.261 ms 4348/4407 (99%)
[  2] 22.0000-23.0000 sec  99.1 KBytes   811 Kbits/sec  23.415 ms 8284/8353 (99%)
[  4] 22.0000-23.0000 sec  76.1 KBytes   623 Kbits/sec  42.339 ms 7558/7611 (99%)
[  7] 22.0000-23.0000 sec  74.6 KBytes   612 Kbits/sec  22.592 ms 3363/3415 (98%)
[  9] 22.0000-23.0000 sec  80.4 KBytes   659 Kbits/sec  18.682 ms 3697/3753 (99%)
[  6] 22.0000-23.0000 sec  84.7 KBytes   694 Kbits/sec  19.552 ms 3877/3936 (99%)
[  8] 22.0000-23.0000 sec  73.2 KBytes   600 Kbits/sec  21.154 ms 3463/3514 (99%)
[ 10] 22.0000-23.0000 sec  76.1 KBytes   623 Kbits/sec  17.682 ms 4005/4058 (99%)
[  3] 22.0000-23.0000 sec  76.1 KBytes   623 Kbits/sec  16.954 ms 3491/3544 (99%)
[  2] 23.0000-24.0000 sec  74.6 KBytes   612 Kbits/sec  20.108 ms 3644/3696 (99%)
[  3] 23.0000-24.0000 sec  73.2 KBytes   600 Kbits/sec  24.034 ms 3857/3908 (99%)
[  9] 23.0000-24.0000 sec  80.4 KBytes   659 Kbits/sec  30.246 ms 6345/6401 (99%)
[  6] 23.0000-24.0000 sec  77.5 KBytes   635 Kbits/sec  18.803 ms 4793/4847 (99%)
[  4] 23.0000-24.0000 sec  84.7 KBytes   694 Kbits/sec  18.372 ms 3453/3512 (98%)
[  7] 23.0000-24.0000 sec  84.7 KBytes   694 Kbits/sec  17.793 ms 3926/3985 (99%)
[  1] 23.0000-24.0000 sec  84.7 KBytes   694 Kbits/sec  18.273 ms 3714/3773 (98%)
[  5] 23.0000-24.0000 sec  84.7 KBytes   694 Kbits/sec  18.115 ms 4521/4580 (99%)
[  8] 23.0000-24.0000 sec  90.4 KBytes   741 Kbits/sec  19.269 ms 5682/5745 (99%)
[ 10] 23.0000-24.0000 sec  77.5 KBytes   635 Kbits/sec  20.545 ms 3302/3356 (98%)
[  4] 24.0000-25.0000 sec  76.1 KBytes   623 Kbits/sec  17.160 ms 4113/4166 (99%)
[  3] 24.0000-25.0000 sec  84.7 KBytes   694 Kbits/sec  30.335 ms 7621/7680 (99%)
[  1] 24.0000-25.0000 sec  74.6 KBytes   612 Kbits/sec  17.349 ms 4020/4072 (99%)
[  5] 24.0000-25.0000 sec  73.2 KBytes   600 Kbits/sec  15.653 ms 3378/3429 (99%)
[  7] 24.0000-25.0000 sec  73.2 KBytes   600 Kbits/sec  17.898 ms 3480/3531 (99%)
[  2] 24.0000-25.0000 sec  86.1 KBytes   706 Kbits/sec  15.841 ms 3588/3648 (98%)
[  8] 24.0000-25.0000 sec  77.5 KBytes   635 Kbits/sec  15.238 ms 3491/3545 (98%)
[ 10] 24.0000-25.0000 sec  80.4 KBytes   659 Kbits/sec  49.785 ms 7640/7696 (99%)
[  9] 24.0000-25.0000 sec  81.8 KBytes   670 Kbits/sec  17.424 ms 3993/4050 (99%)
[  6] 24.0000-25.0000 sec  80.4 KBytes   659 Kbits/sec  17.775 ms 3208/3264 (98%)
[  4] 25.0000-26.0000 sec  84.7 KBytes   694 Kbits/sec  16.978 ms 3163/3222 (98%)
[  3] 25.0000-26.0000 sec  84.7 KBytes   694 Kbits/sec  17.093 ms 3184/3243 (98%)
[  6] 25.0000-26.0000 sec  63.2 KBytes   517 Kbits/sec  22.172 ms 3194/3238 (99%)
[  1] 25.0000-26.0000 sec  73.2 KBytes   600 Kbits/sec  19.395 ms 3185/3236 (98%)
[  5] 25.0000-26.0000 sec  67.5 KBytes   553 Kbits/sec  25.594 ms 3238/3285 (99%)
[  7] 25.0000-26.0000 sec  86.1 KBytes   706 Kbits/sec  48.881 ms 7200/7260 (99%)
[  2] 25.0000-26.0000 sec  73.2 KBytes   600 Kbits/sec  17.603 ms 3655/3706 (99%)
[  9] 25.0000-26.0000 sec  76.1 KBytes   623 Kbits/sec  17.961 ms 3255/3308 (98%)
[ 10] 25.0000-26.0000 sec  94.7 KBytes   776 Kbits/sec  19.932 ms 3632/3698 (98%)
[  8] 25.0000-26.0000 sec  94.7 KBytes   776 Kbits/sec  16.165 ms 5581/5647 (99%)
[  1] 26.0000-27.0000 sec  76.1 KBytes   623 Kbits/sec  17.995 ms 3913/3966 (99%)
[  5] 26.0000-27.0000 sec  73.2 KBytes   600 Kbits/sec  17.381 ms 3875/3926 (99%)
[  3] 26.0000-27.0000 sec  84.7 KBytes   694 Kbits/sec  19.365 ms 3810/3869 (98%)
[  2] 26.0000-27.0000 sec  70.3 KBytes   576 Kbits/sec  21.046 ms 3430/3479 (99%)
[  4] 26.0000-27.0000 sec  84.7 KBytes   694 Kbits/sec  28.084 ms 5704/5763 (99%)
[  9] 26.0000-27.0000 sec  70.3 KBytes   576 Kbits/sec  20.301 ms 3421/3470 (99%)
[  6] 26.0000-27.0000 sec  89.0 KBytes   729 Kbits/sec  32.855 ms 7256/7318 (99%)
[  7] 26.0000-27.0000 sec  81.8 KBytes   670 Kbits/sec  37.131 ms 4361/4418 (99%)
[  8] 26.0000-27.0000 sec  74.6 KBytes   612 Kbits/sec  16.395 ms 3232/3284 (98%)
[ 10] 26.0000-27.0000 sec  74.6 KBytes   612 Kbits/sec  21.451 ms 3321/3373 (98%)
[  3] 27.0000-28.0000 sec  76.1 KBytes   623 Kbits/sec  17.463 ms 3901/3954 (99%)
[  1] 27.0000-28.0000 sec  84.7 KBytes   694 Kbits/sec  35.846 ms 7343/7402 (99%)
[  5] 27.0000-28.0000 sec  94.7 KBytes   776 Kbits/sec  14.410 ms 6384/6450 (99%)
[  2] 27.0000-28.0000 sec  89.0 KBytes   729 Kbits/sec  18.633 ms 5775/5837 (99%)
[  7] 27.0000-28.0000 sec  76.1 KBytes   623 Kbits/sec  27.318 ms 3489/3542 (99%)
[  4] 27.0000-28.0000 sec  73.2 KBytes   600 Kbits/sec  24.945 ms 4367/4418 (99%)
[  9] 27.0000-28.0000 sec  87.6 KBytes   717 Kbits/sec  17.945 ms 5783/5844 (99%)
[  6] 27.0000-28.0000 sec  84.7 KBytes   694 Kbits/sec  17.651 ms 2323/2382 (98%)
[  8] 27.0000-28.0000 sec  73.2 KBytes   600 Kbits/sec  52.497 ms 7951/8002 (99%)
[ 10] 27.0000-28.0000 sec  76.1 KBytes   623 Kbits/sec  20.287 ms 4568/4621 (99%)
[  1] 28.0000-29.0000 sec  84.7 KBytes   694 Kbits/sec  18.776 ms 2482/2541 (98%)
[  2] 28.0000-29.0000 sec  83.3 KBytes   682 Kbits/sec  17.412 ms 3969/4027 (99%)
[  9] 28.0000-29.0000 sec  84.7 KBytes   694 Kbits/sec  48.414 ms 6137/6196 (99%)
[  6] 28.0000-29.0000 sec  86.1 KBytes   706 Kbits/sec  38.818 ms 8008/8068 (99%)
[  7] 28.0000-29.0000 sec  84.7 KBytes   694 Kbits/sec  21.307 ms 4344/4403 (99%)
[  5] 28.0000-29.0000 sec  84.7 KBytes   694 Kbits/sec  14.706 ms 3193/3252 (98%)
[  8] 28.0000-29.0000 sec  84.7 KBytes   694 Kbits/sec  31.873 ms 3874/3933 (98%)
[ 10] 28.0000-29.0000 sec  84.7 KBytes   694 Kbits/sec  25.199 ms 5826/5885 (99%)
[  3] 28.0000-29.0000 sec  84.7 KBytes   694 Kbits/sec  16.270 ms 4291/4350 (99%)
[  4] 28.0000-29.0000 sec  84.7 KBytes   694 Kbits/sec  17.413 ms 2938/2997 (98%)
[  5] 29.0000-30.0000 sec  63.2 KBytes   517 Kbits/sec  16.545 ms 4194/4238 (99%)
[  1] 29.0000-30.0000 sec  73.2 KBytes   600 Kbits/sec  18.502 ms 3862/3913 (99%)
[  2] 29.0000-30.0000 sec  73.2 KBytes   600 Kbits/sec  18.269 ms 3979/4030 (99%)
[  4] 29.0000-30.0000 sec  63.2 KBytes   517 Kbits/sec  19.158 ms 3625/3669 (99%)
[  9] 29.0000-30.0000 sec  76.1 KBytes   623 Kbits/sec  20.417 ms 3217/3270 (98%)
[  8] 29.0000-30.0000 sec  63.2 KBytes   517 Kbits/sec  38.469 ms 3881/3925 (99%)
[  6] 29.0000-30.0000 sec  73.2 KBytes   600 Kbits/sec  28.023 ms 3483/3534 (99%)
[ 10] 29.0000-30.0000 sec  63.2 KBytes   517 Kbits/sec  28.864 ms 4064/4108 (99%)
[  3] 29.0000-30.0000 sec  64.6 KBytes   529 Kbits/sec  18.196 ms 3563/3608 (99%)
[  7] 29.0000-30.0000 sec  64.6 KBytes   529 Kbits/sec  18.282 ms 2310/2355 (98%)
[  2] 30.0000-31.0000 sec  64.6 KBytes   529 Kbits/sec  51.382 ms 6323/6368 (99%)
[  4] 30.0000-31.0000 sec  73.2 KBytes   600 Kbits/sec  20.033 ms 3345/3396 (98%)
[  6] 30.0000-31.0000 sec  63.2 KBytes   517 Kbits/sec  43.262 ms 4242/4286 (99%)
[  1] 30.0000-31.0000 sec  70.3 KBytes   576 Kbits/sec  25.591 ms 3657/3706 (99%)
[  5] 30.0000-31.0000 sec  84.7 KBytes   694 Kbits/sec  46.195 ms 8144/8203 (99%)
[  3] 30.0000-31.0000 sec  73.2 KBytes   600 Kbits/sec  15.409 ms 3838/3889 (99%)
[  9] 30.0000-31.0000 sec  73.2 KBytes   600 Kbits/sec  23.771 ms 4203/4254 (99%)
[  7] 30.0000-31.0000 sec  73.2 KBytes   600 Kbits/sec  15.376 ms 3505/3556 (99%)
[  8] 30.0000-31.0000 sec  84.7 KBytes   694 Kbits/sec  27.606 ms 3830/3889 (98%)
[ 10] 30.0000-31.0000 sec  84.7 KBytes   694 Kbits/sec  23.390 ms 3848/3907 (98%)
[  1] 31.0000-32.0000 sec  91.9 KBytes   753 Kbits/sec  15.901 ms 6226/6290 (99%)
[  5] 31.0000-32.0000 sec  86.1 KBytes   706 Kbits/sec  22.176 ms 4022/4082 (99%)
[  3] 31.0000-32.0000 sec  84.7 KBytes   694 Kbits/sec  30.397 ms 7767/7826 (99%)
[  4] 31.0000-32.0000 sec  87.6 KBytes   717 Kbits/sec  19.964 ms 5981/6042 (99%)
[  2] 31.0000-32.0000 sec  97.6 KBytes   800 Kbits/sec  15.897 ms 3540/3608 (98%)
[  7] 31.0000-32.0000 sec  84.7 KBytes   694 Kbits/sec  12.102 ms 5864/5923 (99%)
[  8] 31.0000-32.0000 sec  76.1 KBytes   623 Kbits/sec  21.637 ms 3933/3986 (99%)
[  9] 31.0000-32.0000 sec  86.1 KBytes   706 Kbits/sec  14.849 ms 4054/4114 (99%)
[  6] 31.0000-32.0000 sec  96.2 KBytes   788 Kbits/sec  18.886 ms 3837/3904 (98%)
[ 10] 31.0000-32.0000 sec  73.2 KBytes   600 Kbits/sec  20.829 ms 3295/3346 (98%)
[  2] 32.0000-33.0000 sec  74.6 KBytes   612 Kbits/sec  24.441 ms 4095/4147 (99%)
[  6] 32.0000-33.0000 sec  73.2 KBytes   600 Kbits/sec  18.124 ms 3435/3486 (99%)
[  3] 32.0000-33.0000 sec  74.6 KBytes   612 Kbits/sec  21.075 ms 2346/2398 (98%)
[  1] 32.0000-33.0000 sec  79.0 KBytes   647 Kbits/sec  20.264 ms 3624/3679 (99%)
[  7] 32.0000-33.0000 sec  74.6 KBytes   612 Kbits/sec  16.663 ms 3529/3581 (99%)
[  4] 32.0000-33.0000 sec  73.2 KBytes   600 Kbits/sec  20.362 ms 4158/4209 (99%)
[  5] 32.0000-33.0000 sec  84.7 KBytes   694 Kbits/sec  18.506 ms 3402/3461 (98%)
[  8] 32.0000-33.0000 sec  68.9 KBytes   564 Kbits/sec  21.212 ms 2310/2358 (98%)
[ 10] 32.0000-33.0000 sec  77.5 KBytes   635 Kbits/sec  30.158 ms 5700/5754 (99%)
[  9] 32.0000-33.0000 sec  84.7 KBytes   694 Kbits/sec  36.328 ms 7531/7590 (99%)
[  3] 33.0000-34.0000 sec  76.1 KBytes   623 Kbits/sec  23.887 ms 3308/3361 (98%)
[  2] 33.0000-34.0000 sec  83.3 KBytes   682 Kbits/sec  36.305 ms 7341/7399 (99%)
[  7] 33.0000-34.0000 sec  73.2 KBytes   600 Kbits/sec  15.401 ms 3238/3289 (98%)
[  6] 33.0000-34.0000 sec  84.7 KBytes   694 Kbits/sec  26.279 ms 5553/5612 (99%)
[  1] 33.0000-34.0000 sec  90.4 KBytes   741 Kbits/sec  29.291 ms 7070/7133 (99%)
[  5] 33.0000-34.0000 sec  84.7 KBytes   694 Kbits/sec  16.390 ms 3858/3917 (98%)
[ 10] 33.0000-34.0000 sec  71.8 KBytes   588 Kbits/sec  29.724 ms 3391/3441 (99%)
[  4] 33.0000-34.0000 sec  83.3 KBytes   682 Kbits/sec  17.445 ms 3287/3345 (98%)
[  9] 33.0000-34.0000 sec  84.7 KBytes   694 Kbits/sec  25.248 ms 3330/3389 (98%)
[  8] 33.0000-34.0000 sec  89.0 KBytes   729 Kbits/sec  32.688 ms 6861/6923 (99%)
[  1] 34.0000-35.0000 sec  84.7 KBytes   694 Kbits/sec  15.565 ms 2179/2238 (97%)
[  5] 34.0000-35.0000 sec  84.7 KBytes   694 Kbits/sec  40.853 ms 7345/7404 (99%)
[  2] 34.0000-35.0000 sec  96.2 KBytes   788 Kbits/sec  19.562 ms 3286/3353 (98%)
[  4] 34.0000-35.0000 sec  66.0 KBytes   541 Kbits/sec  17.419 ms 4042/4088 (99%)
[  7] 34.0000-35.0000 sec  74.6 KBytes   612 Kbits/sec  18.080 ms 4086/4138 (99%)
[  6] 34.0000-35.0000 sec  97.6 KBytes   800 Kbits/sec  15.780 ms 4033/4101 (98%)
[  9] 34.0000-35.0000 sec  84.7 KBytes   694 Kbits/sec  17.583 ms 3864/3923 (98%)
[  8] 34.0000-35.0000 sec  63.2 KBytes   517 Kbits/sec  37.453 ms 4010/4054 (99%)
[ 10] 34.0000-35.0000 sec  76.1 KBytes   623 Kbits/sec  19.556 ms 2338/2391 (98%)
[  3] 34.0000-35.0000 sec  73.2 KBytes   600 Kbits/sec  17.295 ms 3564/3615 (99%)
[  1] 35.0000-36.0000 sec  84.7 KBytes   694 Kbits/sec  35.294 ms 7614/7673 (99%)
[  3] 35.0000-36.0000 sec  64.6 KBytes   529 Kbits/sec  19.302 ms 3830/3875 (99%)
[  5] 35.0000-36.0000 sec  87.6 KBytes   717 Kbits/sec  24.788 ms 3601/3662 (98%)
[  2] 35.0000-36.0000 sec  86.1 KBytes   706 Kbits/sec  16.978 ms 4156/4216 (99%)
[  4] 35.0000-36.0000 sec  63.2 KBytes   517 Kbits/sec  21.299 ms 3433/3477 (99%)
[  7] 35.0000-36.0000 sec  63.2 KBytes   517 Kbits/sec  22.167 ms 3387/3431 (99%)
[  8] 35.0000-36.0000 sec  57.4 KBytes   470 Kbits/sec  25.771 ms 0/40 (0%)
[  6] 35.0000-36.0000 sec  80.4 KBytes   659 Kbits/sec  18.169 ms 3579/3635 (98%)
[ 10] 35.0000-36.0000 sec  63.2 KBytes   517 Kbits/sec  20.408 ms 3425/3469 (99%)
[  9] 35.0000-36.0000 sec  90.4 KBytes   741 Kbits/sec  19.755 ms 3602/3665 (98%)
[  3] 36.0000-37.0000 sec  84.7 KBytes   694 Kbits/sec  24.365 ms 5436/5495 (99%)
[  2] 36.0000-37.0000 sec  73.2 KBytes   600 Kbits/sec  17.162 ms 3068/3119 (98%)
[  4] 36.0000-37.0000 sec  83.3 KBytes   682 Kbits/sec  16.549 ms 3784/3842 (98%)
[  6] 36.0000-37.0000 sec  77.5 KBytes   635 Kbits/sec  36.857 ms 6865/6919 (99%)
[  7] 36.0000-37.0000 sec  86.1 KBytes   706 Kbits/sec  19.018 ms 5332/5392 (99%)
[  1] 36.0000-37.0000 sec  86.1 KBytes   706 Kbits/sec  20.604 ms 3184/3244 (98%)
[  5] 36.0000-37.0000 sec  81.8 KBytes   670 Kbits/sec  16.043 ms 3548/3605 (98%)
[  8] 36.0000-37.0000 sec  91.9 KBytes   753 Kbits/sec  26.928 ms 7213/7277 (99%)
[ 10] 36.0000-37.0000 sec  77.5 KBytes   635 Kbits/sec  21.433 ms 3166/3220 (98%)
[  9] 36.0000-37.0000 sec  79.0 KBytes   647 Kbits/sec  20.727 ms 5306/5361 (99%)
[  4] 37.0000-38.0000 sec  77.5 KBytes   635 Kbits/sec  43.702 ms 8311/8365 (99%)
[  3] 37.0000-38.0000 sec  73.2 KBytes   600 Kbits/sec  19.474 ms 4515/4566 (99%)
[  5] 37.0000-38.0000 sec  76.1 KBytes   623 Kbits/sec  19.414 ms 3443/3496 (98%)
[  1] 37.0000-38.0000 sec  73.2 KBytes   600 Kbits/sec  21.818 ms 3441/3492 (99%)
[  7] 37.0000-38.0000 sec  73.2 KBytes   600 Kbits/sec  21.501 ms 5159/5210 (99%)
[  2] 37.0000-38.0000 sec  84.7 KBytes   694 Kbits/sec  27.043 ms 6277/6336 (99%)
[  8] 37.0000-38.0000 sec  76.1 KBytes   623 Kbits/sec  28.404 ms 4318/4371 (99%)
[  9] 37.0000-38.0000 sec  76.1 KBytes   623 Kbits/sec  19.667 ms 4118/4171 (99%)
[  6] 37.0000-38.0000 sec  84.7 KBytes   694 Kbits/sec  27.100 ms 3558/3617 (98%)
[ 10] 37.0000-38.0000 sec  80.4 KBytes   659 Kbits/sec  53.922 ms 8307/8363 (99%)
[  3] 38.0000-39.0000 sec  74.6 KBytes   612 Kbits/sec  20.884 ms 4082/4134 (99%)
[  1] 38.0000-39.0000 sec  84.7 KBytes   694 Kbits/sec  24.396 ms 5358/5417 (99%)
[  7] 38.0000-39.0000 sec  76.1 KBytes   623 Kbits/sec  30.607 ms 5922/5975 (99%)
[  4] 38.0000-39.0000 sec  73.2 KBytes   600 Kbits/sec  35.985 ms 3568/3619 (99%)
[  8] 38.0000-39.0000 sec  73.2 KBytes   600 Kbits/sec  24.106 ms 4034/4085 (99%)
[  2] 38.0000-39.0000 sec  84.7 KBytes   694 Kbits/sec  16.465 ms 3023/3082 (98%)
[ 10] 38.0000-39.0000 sec  76.1 KBytes   623 Kbits/sec  22.728 ms 2312/2365 (98%)
[  9] 38.0000-39.0000 sec  84.7 KBytes   694 Kbits/sec  25.855 ms 5454/5513 (99%)
[  6] 38.0000-39.0000 sec  80.4 KBytes   659 Kbits/sec  18.866 ms 1944/2000 (97%)
[  5] 38.0000-39.0000 sec  84.7 KBytes   694 Kbits/sec  15.940 ms 3733/3792 (98%)
[  5] 39.0000-40.0000 sec  73.2 KBytes   600 Kbits/sec  13.526 ms 3473/3524 (99%)
[  1] 39.0000-40.0000 sec  84.7 KBytes   694 Kbits/sec  19.528 ms 3379/3438 (98%)
[  8] 39.0000-40.0000 sec  64.6 KBytes   529 Kbits/sec  37.803 ms 3638/3683 (99%)
[  2] 39.0000-40.0000 sec  80.4 KBytes   659 Kbits/sec  19.332 ms 3538/3594 (98%)
[  3] 39.0000-40.0000 sec  73.2 KBytes   600 Kbits/sec  32.713 ms 6067/6118 (99%)
[  9] 39.0000-40.0000 sec  84.7 KBytes   694 Kbits/sec  20.892 ms 3256/3315 (98%)
[  4] 39.0000-40.0000 sec  74.6 KBytes   612 Kbits/sec  24.114 ms 2420/2472 (98%)
[  7] 39.0000-40.0000 sec  73.2 KBytes   600 Kbits/sec  20.532 ms 3609/3660 (99%)
[  6] 39.0000-40.0000 sec  90.4 KBytes   741 Kbits/sec  27.526 ms 7334/7397 (99%)
[ 10] 39.0000-40.0000 sec  73.2 KBytes   600 Kbits/sec  21.718 ms 3674/3725 (99%)
[  2] 40.0000-41.0000 sec  71.8 KBytes   588 Kbits/sec  23.199 ms 3815/3865 (99%)
[  3] 40.0000-41.0000 sec  54.6 KBytes   447 Kbits/sec  26.766 ms 0/38 (0%)
[  6] 40.0000-41.0000 sec  64.6 KBytes   529 Kbits/sec  34.628 ms 3253/3298 (99%)
[  1] 40.0000-41.0000 sec  74.6 KBytes   612 Kbits/sec  20.101 ms 3769/3821 (99%)
[  5] 40.0000-41.0000 sec  84.7 KBytes   694 Kbits/sec  12.078 ms 5491/5550 (99%)
[  4] 40.0000-41.0000 sec  64.6 KBytes   529 Kbits/sec  22.929 ms 3627/3672 (99%)
[  9] 40.0000-41.0000 sec  73.2 KBytes   600 Kbits/sec  35.328 ms 5576/5627 (99%)
[ 10] 40.0000-41.0000 sec  54.6 KBytes   447 Kbits/sec  17.714 ms 2385/2423 (98%)
[  7] 40.0000-41.0000 sec  64.6 KBytes   529 Kbits/sec  24.479 ms 4260/4305 (99%)
[  8] 40.0000-41.0000 sec  73.2 KBytes   600 Kbits/sec  28.525 ms 4477/4528 (99%)
[  2] 41.0000-42.0000 sec  66.0 KBytes   541 Kbits/sec  22.480 ms 3171/3217 (99%)
[  3] 41.0000-42.0000 sec  71.8 KBytes   588 Kbits/sec  31.733 ms 5959/6009 (99%)
[  6] 41.0000-42.0000 sec  74.6 KBytes   612 Kbits/sec  29.546 ms 4083/4135 (99%)
[  4] 41.0000-42.0000 sec  64.6 KBytes   529 Kbits/sec  22.136 ms 4365/4410 (99%)
[  1] 41.0000-42.0000 sec  73.2 KBytes   600 Kbits/sec  19.961 ms 3684/3735 (99%)
[  7] 41.0000-42.0000 sec  63.2 KBytes   517 Kbits/sec  36.922 ms 3281/3325 (99%)
[  5] 41.0000-42.0000 sec  76.1 KBytes   623 Kbits/sec  15.472 ms 3666/3719 (99%)
[  8] 41.0000-42.0000 sec  64.6 KBytes   529 Kbits/sec  20.821 ms 2300/2345 (98%)
[  9] 41.0000-42.0000 sec  76.1 KBytes   623 Kbits/sec  36.642 ms 4116/4169 (99%)
[ 10] 41.0000-42.0000 sec  73.2 KBytes   600 Kbits/sec  38.295 ms 7722/7773 (99%)
[  2] 42.0000-43.0000 sec  91.9 KBytes   753 Kbits/sec  27.800 ms 8011/8075 (99%)
[  4] 42.0000-43.0000 sec  63.2 KBytes   517 Kbits/sec  22.395 ms 3396/3440 (99%)
[  3] 42.0000-43.0000 sec  64.6 KBytes   529 Kbits/sec  24.038 ms 3453/3498 (99%)
[  6] 42.0000-43.0000 sec  84.7 KBytes   694 Kbits/sec  31.004 ms 5463/5522 (99%)
[  7] 42.0000-43.0000 sec  63.2 KBytes   517 Kbits/sec  49.154 ms 4187/4231 (99%)
[  8] 42.0000-43.0000 sec  64.6 KBytes   529 Kbits/sec  19.337 ms 3345/3390 (99%)
[  1] 42.0000-43.0000 sec  84.7 KBytes   694 Kbits/sec  25.193 ms 5938/5997 (99%)
[  5] 42.0000-43.0000 sec  84.7 KBytes   694 Kbits/sec  22.267 ms 5907/5966 (99%)
[ 10] 42.0000-43.0000 sec  63.2 KBytes   517 Kbits/sec  36.557 ms 2361/2405 (98%)
[  9] 42.0000-43.0000 sec  84.7 KBytes   694 Kbits/sec  22.293 ms 3678/3737 (98%)
[  1] 43.0000-44.0000 sec  76.1 KBytes   623 Kbits/sec  20.966 ms 3725/3778 (99%)
[  2] 43.0000-44.0000 sec  84.7 KBytes   694 Kbits/sec  21.640 ms 3655/3714 (98%)
[  6] 43.0000-44.0000 sec  84.7 KBytes   694 Kbits/sec  23.865 ms 3229/3288 (98%)
[  4] 43.0000-44.0000 sec  83.3 KBytes   682 Kbits/sec  18.263 ms 3326/3384 (98%)
[  3] 43.0000-44.0000 sec  86.1 KBytes   706 Kbits/sec  17.963 ms 3411/3471 (98%)
[  5] 43.0000-44.0000 sec  84.7 KBytes   694 Kbits/sec  15.736 ms 3141/3200 (98%)
[  7] 43.0000-44.0000 sec  84.7 KBytes   694 Kbits/sec  20.263 ms 3470/3529 (98%)
[  8] 43.0000-44.0000 sec  77.5 KBytes   635 Kbits/sec  22.028 ms 3472/3526 (98%)
[  9] 43.0000-44.0000 sec  84.7 KBytes   694 Kbits/sec  18.132 ms 3120/3179 (98%)
[ 10] 43.0000-44.0000 sec  84.7 KBytes   694 Kbits/sec  19.046 ms 3489/3548 (98%)
[  1] 44.0000-45.0000 sec  73.2 KBytes   600 Kbits/sec  60.869 ms 6118/6169 (99%)
[  3] 44.0000-45.0000 sec  63.2 KBytes   517 Kbits/sec  18.698 ms 4054/4098 (99%)
[  4] 44.0000-45.0000 sec  63.2 KBytes   517 Kbits/sec  18.412 ms 4124/4168 (99%)
[  2] 44.0000-45.0000 sec  73.2 KBytes   600 Kbits/sec  20.666 ms 3470/3521 (99%)
[  7] 44.0000-45.0000 sec  64.6 KBytes   529 Kbits/sec  23.013 ms 4097/4142 (99%)
[  6] 44.0000-45.0000 sec  71.8 KBytes   588 Kbits/sec  19.188 ms 2301/2351 (98%)
[  8] 44.0000-45.0000 sec  70.3 KBytes   576 Kbits/sec  18.752 ms 3963/4012 (99%)
[ 10] 44.0000-45.0000 sec  63.2 KBytes   517 Kbits/sec  22.874 ms 3503/3547 (99%)
[  9] 44.0000-45.0000 sec  73.2 KBytes   600 Kbits/sec  17.325 ms 3918/3969 (99%)
[  5] 44.0000-45.0000 sec  73.2 KBytes   600 Kbits/sec  15.025 ms 3362/3413 (99%)
[  1] 45.0000-46.0000 sec  70.3 KBytes   576 Kbits/sec  21.143 ms 0/49 (0%)
[  2] 45.0000-46.0000 sec  74.6 KBytes   612 Kbits/sec  21.611 ms 4600/4652 (99%)
[  4] 45.0000-46.0000 sec  73.2 KBytes   600 Kbits/sec  18.180 ms 3445/3496 (99%)
[  6] 45.0000-46.0000 sec  73.2 KBytes   600 Kbits/sec  18.974 ms 3965/4016 (99%)
[  8] 45.0000-46.0000 sec  73.2 KBytes   600 Kbits/sec  33.073 ms 5620/5671 (99%)
[  9] 45.0000-46.0000 sec  74.6 KBytes   612 Kbits/sec  18.935 ms 4297/4349 (99%)
[  7] 45.0000-46.0000 sec  84.7 KBytes   694 Kbits/sec  22.580 ms 3217/3276 (98%)
[  5] 45.0000-46.0000 sec  76.1 KBytes   623 Kbits/sec  16.079 ms 4687/4740 (99%)
[  3] 45.0000-46.0000 sec  84.7 KBytes   694 Kbits/sec  16.182 ms 3403/3462 (98%)
[ 10] 45.0000-46.0000 sec  86.1 KBytes   706 Kbits/sec  18.179 ms 4054/4114 (99%)
[  1] 46.0000-47.0000 sec  89.0 KBytes   729 Kbits/sec  20.629 ms 6206/6268 (99%)
[  5] 46.0000-47.0000 sec  63.2 KBytes   517 Kbits/sec  16.891 ms 4030/4074 (99%)
[  3] 46.0000-47.0000 sec  63.2 KBytes   517 Kbits/sec  31.085 ms 5959/6003 (99%)
[  2] 46.0000-47.0000 sec  86.1 KBytes   706 Kbits/sec  16.335 ms 3674/3734 (98%)
[  4] 46.0000-47.0000 sec  76.1 KBytes   623 Kbits/sec  17.938 ms 3972/4025 (99%)
[  9] 46.0000-47.0000 sec  73.2 KBytes   600 Kbits/sec  17.406 ms 4194/4245 (99%)
[  6] 46.0000-47.0000 sec  89.0 KBytes   729 Kbits/sec  26.939 ms 7778/7840 (99%)
[  7] 46.0000-47.0000 sec  64.6 KBytes   529 Kbits/sec  19.031 ms 2362/2407 (98%)
[  8] 46.0000-47.0000 sec  74.6 KBytes   612 Kbits/sec  21.622 ms 3606/3658 (99%)
[ 10] 46.0000-47.0000 sec  64.6 KBytes   529 Kbits/sec  17.854 ms 3224/3269 (99%)
[  2] 47.0000-48.0000 sec  71.8 KBytes   588 Kbits/sec  16.408 ms 3906/3956 (99%)
[  3] 47.0000-48.0000 sec  76.1 KBytes   623 Kbits/sec  19.933 ms 4206/4259 (99%)
[  6] 47.0000-48.0000 sec  73.2 KBytes   600 Kbits/sec  24.880 ms 3421/3472 (99%)
[  1] 47.0000-48.0000 sec  80.4 KBytes   659 Kbits/sec  19.176 ms 3380/3436 (98%)
[  7] 47.0000-48.0000 sec  73.2 KBytes   600 Kbits/sec  18.431 ms 3681/3732 (99%)
[  8] 47.0000-48.0000 sec  73.2 KBytes   600 Kbits/sec  19.586 ms 3657/3708 (99%)
[  5] 47.0000-48.0000 sec  94.7 KBytes   776 Kbits/sec  18.842 ms 7140/7206 (99%)
[ 10] 47.0000-48.0000 sec  74.6 KBytes   612 Kbits/sec  17.779 ms 4387/4439 (99%)
[  9] 47.0000-48.0000 sec  84.7 KBytes   694 Kbits/sec  24.560 ms 5582/5641 (99%)
[  4] 47.0000-48.0000 sec  73.2 KBytes   600 Kbits/sec  15.235 ms 3720/3771 (99%)
[  3] 48.0000-49.0000 sec  73.2 KBytes   600 Kbits/sec  20.919 ms 3650/3701 (99%)
[  4] 48.0000-49.0000 sec  73.2 KBytes   600 Kbits/sec  16.594 ms 4050/4101 (99%)
[  7] 48.0000-49.0000 sec  77.5 KBytes   635 Kbits/sec  28.888 ms 6805/6859 (99%)
[  1] 48.0000-49.0000 sec  79.0 KBytes   647 Kbits/sec  36.544 ms 7314/7369 (99%)
[  5] 48.0000-49.0000 sec  76.1 KBytes   623 Kbits/sec  24.841 ms 3987/4040 (99%)
[ 10] 48.0000-49.0000 sec  74.6 KBytes   612 Kbits/sec  32.636 ms 6102/6154 (99%)
[  2] 48.0000-49.0000 sec  86.1 KBytes   706 Kbits/sec  33.448 ms 7338/7398 (99%)
[  9] 48.0000-49.0000 sec  77.5 KBytes   635 Kbits/sec  19.942 ms 3509/3563 (98%)
[  8] 48.0000-49.0000 sec  84.7 KBytes   694 Kbits/sec  17.028 ms 4214/4273 (99%)
[  6] 48.0000-49.0000 sec  84.7 KBytes   694 Kbits/sec  21.298 ms 4050/4109 (99%)
[  1] 49.0000-50.0000 sec  58.9 KBytes   482 Kbits/sec  22.171 ms 0/41 (0%)
[  3] 49.0000-50.0000 sec  84.7 KBytes   694 Kbits/sec  17.711 ms 3649/3708 (98%)
[  2] 49.0000-50.0000 sec  56.0 KBytes   459 Kbits/sec  24.617 ms 0/39 (0%)
[  4] 49.0000-50.0000 sec  86.1 KBytes   706 Kbits/sec  29.634 ms 7767/7827 (99%)
[  8] 49.0000-50.0000 sec  73.2 KBytes   600 Kbits/sec  52.356 ms 7469/7520 (99%)
[  7] 49.0000-50.0000 sec  84.7 KBytes   694 Kbits/sec  15.722 ms 3481/3540 (98%)
[  9] 49.0000-50.0000 sec  63.2 KBytes   517 Kbits/sec  21.734 ms 4135/4179 (99%)
[  6] 49.0000-50.0000 sec  63.2 KBytes   517 Kbits/sec  23.916 ms 3560/3604 (99%)
[ 10] 49.0000-50.0000 sec  83.3 KBytes   682 Kbits/sec  19.685 ms 3578/3636 (98%)
[  5] 49.0000-50.0000 sec  73.2 KBytes   600 Kbits/sec  21.738 ms 3680/3731 (99%)
[  1] 50.0000-51.0000 sec  90.4 KBytes   741 Kbits/sec  19.426 ms 6260/6323 (99%)
[  7] 50.0000-51.0000 sec  73.2 KBytes   600 Kbits/sec  17.198 ms 3248/3299 (98%)
[  5] 50.0000-51.0000 sec  74.6 KBytes   612 Kbits/sec  17.701 ms 3768/3820 (99%)
[  2] 50.0000-51.0000 sec  91.9 KBytes   753 Kbits/sec  19.391 ms 6302/6366 (99%)
[  3] 50.0000-51.0000 sec  84.7 KBytes   694 Kbits/sec  16.916 ms 3644/3703 (98%)
[  9] 50.0000-51.0000 sec  84.7 KBytes   694 Kbits/sec  26.564 ms 6146/6205 (99%)
[  4] 50.0000-51.0000 sec  86.1 KBytes   706 Kbits/sec  16.977 ms 3400/3460 (98%)
[  6] 50.0000-51.0000 sec  84.7 KBytes   694 Kbits/sec  17.781 ms 4319/4378 (99%)
[  8] 50.0000-51.0000 sec  86.1 KBytes   706 Kbits/sec  31.048 ms 3542/3602 (98%)
[ 10] 50.0000-51.0000 sec  84.7 KBytes   694 Kbits/sec  17.486 ms 3688/3747 (98%)
[  1] 51.0000-52.0000 sec  74.6 KBytes   612 Kbits/sec  17.278 ms 3371/3423 (98%)
[  5] 51.0000-52.0000 sec  73.2 KBytes   600 Kbits/sec  27.047 ms 5513/5564 (99%)
[  2] 51.0000-52.0000 sec  76.1 KBytes   623 Kbits/sec  16.778 ms 3330/3383 (98%)
[  3] 51.0000-52.0000 sec  64.6 KBytes   529 Kbits/sec  15.772 ms 3612/3657 (99%)
[  9] 51.0000-52.0000 sec  76.1 KBytes   623 Kbits/sec  30.636 ms 3257/3310 (98%)
[  6] 51.0000-52.0000 sec  76.1 KBytes   623 Kbits/sec  17.462 ms 3251/3304 (98%)
[  4] 51.0000-52.0000 sec  73.2 KBytes   600 Kbits/sec  20.201 ms 4033/4084 (99%)
[  8] 51.0000-52.0000 sec  74.6 KBytes   612 Kbits/sec  28.980 ms 4169/4221 (99%)
[  7] 51.0000-52.0000 sec  86.1 KBytes   706 Kbits/sec  16.822 ms 5889/5949 (99%)
[ 10] 51.0000-52.0000 sec  76.1 KBytes   623 Kbits/sec  15.603 ms 3586/3639 (99%)
[  1] 52.0000-53.0000 sec  70.3 KBytes   576 Kbits/sec  19.279 ms 4084/4133 (99%)
[  5] 52.0000-53.0000 sec  76.1 KBytes   623 Kbits/sec  21.197 ms 3376/3429 (98%)
[  4] 52.0000-53.0000 sec  74.6 KBytes   612 Kbits/sec  20.219 ms 3543/3595 (99%)
[  3] 52.0000-53.0000 sec  84.7 KBytes   694 Kbits/sec  19.463 ms 5732/5791 (99%)
[  2] 52.0000-53.0000 sec  67.5 KBytes   553 Kbits/sec  21.988 ms 4058/4105 (99%)
[  9] 52.0000-53.0000 sec  70.3 KBytes   576 Kbits/sec  21.022 ms 2281/2330 (98%)
[  6] 52.0000-53.0000 sec  71.8 KBytes   588 Kbits/sec  19.742 ms 4076/4126 (99%)
[  8] 52.0000-53.0000 sec  73.2 KBytes   600 Kbits/sec  23.631 ms 3474/3525 (99%)
[  7] 52.0000-53.0000 sec  74.6 KBytes   612 Kbits/sec  20.295 ms 3445/3497 (99%)
[ 10] 52.0000-53.0000 sec  73.2 KBytes   600 Kbits/sec  16.191 ms 4231/4282 (99%)
[  1] 53.0000-54.0000 sec  87.6 KBytes   717 Kbits/sec  34.192 ms 6947/7008 (99%)
[  5] 53.0000-54.0000 sec  76.1 KBytes   623 Kbits/sec  23.814 ms 2253/2306 (98%)
[  2] 53.0000-54.0000 sec  90.4 KBytes   741 Kbits/sec  18.361 ms 5763/5826 (99%)
[  3] 53.0000-54.0000 sec  76.1 KBytes   623 Kbits/sec  19.558 ms 3956/4009 (99%)
[  9] 53.0000-54.0000 sec  87.6 KBytes   717 Kbits/sec  33.729 ms 6982/7043 (99%)
[  6] 53.0000-54.0000 sec  86.1 KBytes   706 Kbits/sec  19.655 ms 5893/5953 (99%)
[  4] 53.0000-54.0000 sec  73.2 KBytes   600 Kbits/sec  20.497 ms 3833/3884 (99%)
[  8] 53.0000-54.0000 sec  74.6 KBytes   612 Kbits/sec  25.682 ms 3729/3781 (99%)
[  7] 53.0000-54.0000 sec  73.2 KBytes   600 Kbits/sec  20.249 ms 3787/3838 (99%)
[ 10] 53.0000-54.0000 sec  64.6 KBytes   529 Kbits/sec  30.052 ms 3182/3227 (99%)
[  5] 54.0000-55.0000 sec  93.3 KBytes   764 Kbits/sec  20.331 ms 6920/6985 (99%)
[  1] 54.0000-55.0000 sec  86.1 KBytes   706 Kbits/sec  20.910 ms 3765/3825 (98%)
[  3] 54.0000-55.0000 sec  71.8 KBytes   588 Kbits/sec  17.969 ms 3507/3557 (99%)
[  2] 54.0000-55.0000 sec  86.1 KBytes   706 Kbits/sec  15.128 ms 3471/3531 (98%)
[  4] 54.0000-55.0000 sec  74.6 KBytes   612 Kbits/sec  17.061 ms 3444/3496 (99%)
[  9] 54.0000-55.0000 sec  81.8 KBytes   670 Kbits/sec  19.435 ms 2253/2310 (98%)
[  6] 54.0000-55.0000 sec  84.7 KBytes   694 Kbits/sec  16.346 ms 3413/3472 (98%)
[  7] 54.0000-55.0000 sec  74.6 KBytes   612 Kbits/sec  18.557 ms 3507/3559 (99%)
[  8] 54.0000-55.0000 sec  73.2 KBytes   600 Kbits/sec  17.457 ms 2295/2346 (98%)
[ 10] 54.0000-55.0000 sec  83.3 KBytes   682 Kbits/sec  45.256 ms 8017/8075 (99%)
[  1] 55.0000-56.0000 sec  84.7 KBytes   694 Kbits/sec  17.695 ms 3283/3342 (98%)
[  5] 55.0000-56.0000 sec  84.7 KBytes   694 Kbits/sec  18.853 ms 3833/3892 (98%)
[  3] 55.0000-56.0000 sec  76.1 KBytes   623 Kbits/sec  18.548 ms 4196/4249 (99%)
[  2] 55.0000-56.0000 sec  84.7 KBytes   694 Kbits/sec  20.365 ms 5959/6018 (99%)
[  6] 55.0000-56.0000 sec  81.8 KBytes   670 Kbits/sec  19.215 ms 3542/3599 (98%)
[  9] 55.0000-56.0000 sec  87.6 KBytes   717 Kbits/sec  33.923 ms 6526/6587 (99%)
[  8] 55.0000-56.0000 sec  68.9 KBytes   564 Kbits/sec  24.727 ms 4127/4175 (99%)
[  7] 55.0000-56.0000 sec  73.2 KBytes   600 Kbits/sec  31.288 ms 6353/6404 (99%)
[ 10] 55.0000-56.0000 sec  76.1 KBytes   623 Kbits/sec  26.727 ms 4030/4083 (99%)
[  4] 55.0000-56.0000 sec  73.2 KBytes   600 Kbits/sec  18.530 ms 4119/4170 (99%)
[  1] 56.0000-57.0000 sec  74.6 KBytes   612 Kbits/sec  29.235 ms 5446/5498 (99%)
[  5] 56.0000-57.0000 sec  73.2 KBytes   600 Kbits/sec  16.917 ms 3097/3148 (98%)
[  2] 56.0000-57.0000 sec  74.6 KBytes   612 Kbits/sec  19.893 ms 3165/3217 (98%)
[  6] 56.0000-57.0000 sec  80.4 KBytes   659 Kbits/sec  21.982 ms 5491/5547 (99%)
[  4] 56.0000-57.0000 sec  77.5 KBytes   635 Kbits/sec  17.740 ms 5382/5436 (99%)
[  3] 56.0000-57.0000 sec  73.2 KBytes   600 Kbits/sec  16.027 ms 3532/3583 (99%)
[  9] 56.0000-57.0000 sec  74.6 KBytes   612 Kbits/sec  34.249 ms 3641/3693 (99%)
[  7] 56.0000-57.0000 sec  76.1 KBytes   623 Kbits/sec  22.831 ms 3578/3631 (99%)
[  8] 56.0000-57.0000 sec  79.0 KBytes   647 Kbits/sec  22.893 ms 5979/6034 (99%)
[ 10] 56.0000-57.0000 sec  73.2 KBytes   600 Kbits/sec  18.129 ms 1982/2033 (97%)
[  2] 57.0000-58.0000 sec  73.2 KBytes   600 Kbits/sec  18.556 ms 3549/3600 (99%)
[  4] 57.0000-58.0000 sec  73.2 KBytes   600 Kbits/sec  19.024 ms 3255/3306 (98%)
[  6] 57.0000-58.0000 sec  73.2 KBytes   600 Kbits/sec  17.399 ms 2941/2992 (98%)
[  1] 57.0000-58.0000 sec  84.7 KBytes   694 Kbits/sec  21.028 ms 3486/3545 (98%)
[  7] 57.0000-58.0000 sec  73.2 KBytes   600 Kbits/sec  17.136 ms 3360/3411 (99%)
[  5] 57.0000-58.0000 sec  84.7 KBytes   694 Kbits/sec  16.550 ms 3666/3725 (98%)
[  9] 57.0000-58.0000 sec  83.3 KBytes   682 Kbits/sec  20.514 ms 2976/3034 (98%)
[  3] 57.0000-58.0000 sec  84.7 KBytes   694 Kbits/sec  20.581 ms 5391/5450 (99%)
[  8] 57.0000-58.0000 sec  84.7 KBytes   694 Kbits/sec  17.430 ms 3343/3402 (98%)
[ 10] 57.0000-58.0000 sec  84.7 KBytes   694 Kbits/sec  16.340 ms 3284/3343 (98%)
[  1] 58.0000-59.0000 sec  73.2 KBytes   600 Kbits/sec  49.905 ms 5319/5370 (99%)
[  2] 58.0000-59.0000 sec  84.7 KBytes   694 Kbits/sec  16.910 ms 3164/3223 (98%)
[  6] 58.0000-59.0000 sec  81.8 KBytes   670 Kbits/sec  18.096 ms 3772/3829 (99%)
[  5] 58.0000-59.0000 sec  76.1 KBytes   623 Kbits/sec  16.587 ms 3161/3214 (98%)
[  4] 58.0000-59.0000 sec  74.6 KBytes   612 Kbits/sec  22.538 ms 5343/5395 (99%)
[  3] 58.0000-59.0000 sec  63.2 KBytes   517 Kbits/sec  19.571 ms 3205/3249 (99%)
[  8] 58.0000-59.0000 sec  63.2 KBytes   517 Kbits/sec  22.111 ms 3320/3364 (99%)
[  9] 58.0000-59.0000 sec  84.7 KBytes   694 Kbits/sec  17.500 ms 3864/3923 (98%)
[  7] 58.0000-59.0000 sec  76.1 KBytes   623 Kbits/sec  21.643 ms 3189/3242 (98%)
[ 10] 58.0000-59.0000 sec  64.6 KBytes   529 Kbits/sec  18.519 ms 3358/3403 (99%)
[  1] 59.0000-60.0000 sec  84.7 KBytes   694 Kbits/sec  29.898 ms 3210/3269 (98%)
[  1] 0.0000-60.0134 sec  4.67 MBytes   652 Kbits/sec  35.787 ms 223763/227092 (99%)
[  4] 59.0000-60.0000 sec  74.6 KBytes   612 Kbits/sec  16.807 ms 3312/3364 (98%)
[  2] 59.0000-60.0000 sec  77.5 KBytes   635 Kbits/sec  20.773 ms 3562/3616 (99%)
[  4] 0.0000-60.0187 sec  4.53 MBytes   633 Kbits/sec  24.229 ms 245788/249020 (99%)
[  2] 0.0000-60.0399 sec  4.66 MBytes   651 Kbits/sec  57.421 ms 224408/227732 (99%)
[  8] 59.0000-60.0000 sec  77.5 KBytes   635 Kbits/sec  27.075 ms 5282/5336 (99%)
[  6] 59.0000-60.0000 sec  87.6 KBytes   717 Kbits/sec  17.674 ms 5392/5453 (99%)
[  8] 0.0000-60.0074 sec  4.53 MBytes   633 Kbits/sec  25.859 ms 246225/249456 (99%)
[  6] 0.0000-60.0614 sec  4.67 MBytes   652 Kbits/sec  26.161 ms 223359/226689 (99%)
[ 11] local 12.1.1.1 port 5001 connected with 12.1.1.36 port 45188
[  3] 59.0000-60.0000 sec  84.7 KBytes   694 Kbits/sec  17.390 ms 3827/3886 (98%)
[  5] 59.0000-60.0000 sec  94.7 KBytes   776 Kbits/sec  17.503 ms 6829/6895 (99%)
[  3] 0.0000-60.1262 sec  4.54 MBytes   634 Kbits/sec  24.890 ms 245310/248551 (99%)
[  5] 0.0000-60.1224 sec  4.68 MBytes   653 Kbits/sec  25.088 ms 223968/227305 (99%)
[  9] 59.0000-60.0000 sec  83.3 KBytes   682 Kbits/sec  17.439 ms 3014/3072 (98%)
[  7] 59.0000-60.0000 sec  81.8 KBytes   670 Kbits/sec  16.455 ms 3692/3749 (98%)
[  9] 0.0000-60.0953 sec  4.68 MBytes   653 Kbits/sec  60.486 ms 225629/228964 (99%)
[  7] 0.0000-60.1179 sec  4.54 MBytes   633 Kbits/sec  24.173 ms 245378/248615 (99%)
[ 10] 59.0000-60.0000 sec  74.6 KBytes   612 Kbits/sec  16.023 ms 3544/3596 (99%)
[ 10] 0.0000-60.0892 sec  4.54 MBytes   633 Kbits/sec  46.971 ms 247086/250321 (99%)
[ 11] 0.0000-1.0000 sec  80.4 KBytes   659 Kbits/sec  28.692 ms 232293/232349 (1e+02%)
[ 11] 1.0000-2.0000 sec  73.2 KBytes   600 Kbits/sec  31.268 ms 3412/3463 (99%)
[ 11] 2.0000-3.0000 sec  74.6 KBytes   612 Kbits/sec  26.748 ms 3673/3725 (99%)
[ 11] 3.0000-4.0000 sec  73.2 KBytes   600 Kbits/sec  28.608 ms 4185/4236 (99%)
[ 11] 4.0000-5.0000 sec  64.6 KBytes   529 Kbits/sec  21.853 ms 2331/2376 (98%)
[ 11] 5.0000-6.0000 sec  77.5 KBytes   635 Kbits/sec  24.365 ms 3868/3922 (99%)
[ 11] 6.0000-7.0000 sec  81.8 KBytes   670 Kbits/sec  30.584 ms 7677/7734 (99%)
[ 11] 7.0000-8.0000 sec  74.6 KBytes   612 Kbits/sec  30.205 ms 3179/3231 (98%)
[ 11] 8.0000-9.0000 sec  83.3 KBytes   682 Kbits/sec  22.636 ms 4026/4084 (99%)
[ 11] 9.0000-9.5788 sec  37.3 KBytes   528 Kbits/sec  44.203 ms 2373/2399 (99%)
[ 11] 0.0000-9.5788 sec   721 KBytes   616 Kbits/sec  44.203 ms 267017/267519 (1e+02%)
