------------------------------------------------------------
Server listening on UDP port 5001
UDP buffer size:  208 KByte (default)
------------------------------------------------------------
[  1] local 12.1.1.1 port 5001 connected with 12.1.1.40 port 57087
[  2] local 12.1.1.1 port 5001 connected with 12.1.1.38 port 50234
[  3] local 12.1.1.1 port 5001 connected with 12.1.1.34 port 60220
[  4] local 12.1.1.1 port 5001 connected with 12.1.1.33 port 44568
[  5] local 12.1.1.1 port 5001 connected with 12.1.1.39 port 50965
[  6] local 12.1.1.1 port 5001 connected with 12.1.1.35 port 39129
[  7] local 12.1.1.1 port 5001 connected with 12.1.1.36 port 57243
[  8] local 12.1.1.1 port 5001 connected with 12.1.1.32 port 52164
[  9] local 12.1.1.1 port 5001 connected with 12.1.1.37 port 55434
[ 10] local 12.1.1.1 port 5001 connected with 12.1.1.41 port 38366
[ ID] Interval       Transfer     Bandwidth        Jitter   Lost/Total Datagrams
[  6] 0.0000-1.0000 sec  30.1 KBytes   247 Kbits/sec  35.821 ms 2624/2646 (99%)
[  6] 0.0000-1.0000 sec  1 datagrams received out-of-order
[  4] 0.0000-1.0000 sec  41.6 KBytes   341 Kbits/sec  38.370 ms 2555/2585 (99%)
[  4] 0.0000-1.0000 sec  1 datagrams received out-of-order
[  3] 0.0000-1.0000 sec  44.5 KBytes   365 Kbits/sec  37.529 ms 2618/2650 (99%)
[  3] 0.0000-1.0000 sec  1 datagrams received out-of-order
[  1] 0.0000-1.0000 sec  38.8 KBytes   318 Kbits/sec  38.473 ms 1241/1269 (98%)
[  1] 0.0000-1.0000 sec  1 datagrams received out-of-order
[  2] 0.0000-1.0000 sec  40.2 KBytes   329 Kbits/sec  38.591 ms 1251/1280 (98%)
[  2] 0.0000-1.0000 sec  1 datagrams received out-of-order
[  5] 0.0000-1.0000 sec  40.2 KBytes   329 Kbits/sec  38.255 ms 1245/1274 (98%)
[  5] 0.0000-1.0000 sec  1 datagrams received out-of-order
[  7] 0.0000-1.0000 sec  44.5 KBytes   365 Kbits/sec  28.693 ms 0/31 (0%)
[ 10] 0.0000-1.0000 sec  25.8 KBytes   212 Kbits/sec  32.931 ms 0/18 (0%)
[  8] 0.0000-1.0000 sec  45.9 KBytes   376 Kbits/sec  29.286 ms 0/32 (0%)
[  9] 0.0000-1.0000 sec  27.3 KBytes   223 Kbits/sec  37.896 ms 0/19 (0%)
[  3] 1.0000-2.0000 sec  74.6 KBytes   612 Kbits/sec  13.705 ms 0/52 (0%)
[  2] 1.0000-2.0000 sec  61.7 KBytes   506 Kbits/sec  17.421 ms 0/43 (0%)
[  4] 1.0000-2.0000 sec  68.9 KBytes   564 Kbits/sec  15.809 ms 0/48 (0%)
[  1] 1.0000-2.0000 sec  68.9 KBytes   564 Kbits/sec  16.452 ms 0/48 (0%)
[  5] 1.0000-2.0000 sec  66.0 KBytes   541 Kbits/sec  16.139 ms 0/46 (0%)
[  6] 1.0000-2.0000 sec  89.0 KBytes   729 Kbits/sec  16.596 ms 0/62 (0%)
[  7] 1.0000-2.0000 sec  23.0 KBytes   188 Kbits/sec  46.264 ms 0/16 (0%)
[ 10] 1.0000-2.0000 sec  12.9 KBytes   106 Kbits/sec  70.082 ms 0/9 (0%)
[  9] 1.0000-2.0000 sec  11.5 KBytes  94.1 Kbits/sec  70.681 ms 0/8 (0%)
[  8] 1.0000-2.0000 sec  24.4 KBytes   200 Kbits/sec  47.910 ms 0/17 (0%)
[  4] 2.0000-3.0000 sec  74.6 KBytes   612 Kbits/sec  12.895 ms 0/52 (0%)
[  2] 2.0000-3.0000 sec  84.7 KBytes   694 Kbits/sec  14.165 ms 0/59 (0%)
[  1] 2.0000-3.0000 sec  81.8 KBytes   670 Kbits/sec  14.180 ms 0/57 (0%)
[  3] 2.0000-3.0000 sec  76.1 KBytes   623 Kbits/sec  14.066 ms 0/53 (0%)
[  5] 2.0000-3.0000 sec  81.8 KBytes   670 Kbits/sec  14.190 ms 0/57 (0%)
[  6] 2.0000-3.0000 sec  68.9 KBytes   564 Kbits/sec  13.828 ms 0/48 (0%)
[  7] 2.0000-3.0000 sec  25.8 KBytes   212 Kbits/sec  49.762 ms 0/18 (0%)
[  9] 2.0000-3.0000 sec  12.9 KBytes   106 Kbits/sec  84.395 ms 0/9 (0%)
[  8] 2.0000-3.0000 sec  25.8 KBytes   212 Kbits/sec  49.717 ms 0/18 (0%)
[ 10] 2.0000-3.0000 sec  12.9 KBytes   106 Kbits/sec  89.245 ms 0/9 (0%)
[  1] 3.0000-4.0000 sec  73.2 KBytes   600 Kbits/sec  14.139 ms 0/51 (0%)
[  5] 3.0000-4.0000 sec  71.8 KBytes   588 Kbits/sec  14.522 ms 0/50 (0%)
[  3] 3.0000-4.0000 sec  73.2 KBytes   600 Kbits/sec  14.654 ms 0/51 (0%)
[  2] 3.0000-4.0000 sec  81.8 KBytes   670 Kbits/sec  13.926 ms 0/57 (0%)
[  6] 3.0000-4.0000 sec  76.1 KBytes   623 Kbits/sec  16.796 ms 0/53 (0%)
[  4] 3.0000-4.0000 sec  86.1 KBytes   706 Kbits/sec  17.710 ms 0/60 (0%)
[ 10] 3.0000-4.0000 sec  11.5 KBytes  94.1 Kbits/sec  100.980 ms 0/8 (0%)
[  7] 3.0000-4.0000 sec  30.1 KBytes   247 Kbits/sec  46.723 ms 0/21 (0%)
[  9] 3.0000-4.0000 sec  12.9 KBytes   106 Kbits/sec  98.284 ms 0/9 (0%)
[  8] 3.0000-4.0000 sec  28.7 KBytes   235 Kbits/sec  47.606 ms 0/20 (0%)
[  1] 4.0000-5.0000 sec  84.7 KBytes   694 Kbits/sec  13.608 ms 0/59 (0%)
[  4] 4.0000-5.0000 sec  61.7 KBytes   506 Kbits/sec  16.996 ms 0/43 (0%)
[  2] 4.0000-5.0000 sec  84.7 KBytes   694 Kbits/sec  13.350 ms 0/59 (0%)
[  3] 4.0000-5.0000 sec  70.3 KBytes   576 Kbits/sec  17.103 ms 0/49 (0%)
[  6] 4.0000-5.0000 sec  71.8 KBytes   588 Kbits/sec  16.861 ms 0/50 (0%)
[  5] 4.0000-5.0000 sec  94.7 KBytes   776 Kbits/sec  14.130 ms 0/66 (0%)
[  9] 4.0000-5.0000 sec  11.5 KBytes  94.1 Kbits/sec  105.717 ms 0/8 (0%)
[  8] 4.0000-5.0000 sec  28.7 KBytes   235 Kbits/sec  43.140 ms 0/20 (0%)
[ 10] 4.0000-5.0000 sec  14.4 KBytes   118 Kbits/sec  104.604 ms 0/10 (0%)
[  7] 4.0000-5.0000 sec  30.1 KBytes   247 Kbits/sec  41.273 ms 0/21 (0%)
[  3] 5.0000-6.0000 sec  66.0 KBytes   541 Kbits/sec  16.700 ms 0/46 (0%)
[  2] 5.0000-6.0000 sec  73.2 KBytes   600 Kbits/sec  16.006 ms 0/51 (0%)
[  1] 5.0000-6.0000 sec  84.7 KBytes   694 Kbits/sec  16.268 ms 0/59 (0%)
[  4] 5.0000-6.0000 sec  74.6 KBytes   612 Kbits/sec  16.334 ms 0/52 (0%)
[  6] 5.0000-6.0000 sec  71.8 KBytes   588 Kbits/sec  15.816 ms 0/50 (0%)
[  5] 5.0000-6.0000 sec  76.1 KBytes   623 Kbits/sec  15.945 ms 0/53 (0%)
[  8] 5.0000-6.0000 sec  28.7 KBytes   235 Kbits/sec  42.180 ms 0/20 (0%)
[  7] 5.0000-6.0000 sec  30.1 KBytes   247 Kbits/sec  40.249 ms 0/21 (0%)
[  9] 5.0000-6.0000 sec  11.5 KBytes  94.1 Kbits/sec  113.250 ms 0/8 (0%)
[ 10] 5.0000-6.0000 sec  11.5 KBytes  94.1 Kbits/sec  109.699 ms 0/8 (0%)
[  1] 6.0000-7.0000 sec  74.6 KBytes   612 Kbits/sec  13.262 ms 0/52 (0%)
[  3] 6.0000-7.0000 sec  83.3 KBytes   682 Kbits/sec  12.507 ms 0/58 (0%)
[  4] 6.0000-7.0000 sec  79.0 KBytes   647 Kbits/sec  12.872 ms 0/55 (0%)
[  2] 6.0000-7.0000 sec  86.1 KBytes   706 Kbits/sec  12.362 ms 0/60 (0%)
[  6] 6.0000-7.0000 sec  80.4 KBytes   659 Kbits/sec  12.474 ms 0/56 (0%)
[  5] 6.0000-7.0000 sec  80.4 KBytes   659 Kbits/sec  15.027 ms 0/56 (0%)
[  8] 6.0000-7.0000 sec  41.6 KBytes   341 Kbits/sec  36.795 ms 0/29 (0%)
[  7] 6.0000-7.0000 sec  41.6 KBytes   341 Kbits/sec  31.202 ms 0/29 (0%)
[ 10] 6.0000-7.0000 sec  11.5 KBytes  94.1 Kbits/sec  114.261 ms 0/8 (0%)
[  9] 6.0000-7.0000 sec  14.4 KBytes   118 Kbits/sec  109.612 ms 0/10 (0%)
[  2] 7.0000-8.0000 sec  73.2 KBytes   600 Kbits/sec  14.347 ms 0/51 (0%)
[  3] 7.0000-8.0000 sec  90.4 KBytes   741 Kbits/sec  13.433 ms 0/63 (0%)
[  1] 7.0000-8.0000 sec  86.1 KBytes   706 Kbits/sec  14.946 ms 0/60 (0%)
[  6] 7.0000-8.0000 sec  86.1 KBytes   706 Kbits/sec  13.371 ms 0/60 (0%)
[  4] 7.0000-8.0000 sec  94.7 KBytes   776 Kbits/sec  13.924 ms 0/66 (0%)
[  5] 7.0000-8.0000 sec  83.3 KBytes   682 Kbits/sec  14.596 ms 0/58 (0%)
[ 10] 7.0000-8.0000 sec  11.5 KBytes  94.1 Kbits/sec  116.366 ms 0/8 (0%)
[  7] 7.0000-8.0000 sec  41.6 KBytes   341 Kbits/sec  32.237 ms 0/29 (0%)
[  8] 7.0000-8.0000 sec  44.5 KBytes   365 Kbits/sec  32.338 ms 0/31 (0%)
[  9] 7.0000-8.0000 sec  11.5 KBytes  94.1 Kbits/sec  111.161 ms 0/8 (0%)
[  2] 8.0000-9.0000 sec  71.8 KBytes   588 Kbits/sec  16.150 ms 0/50 (0%)
[  6] 8.0000-9.0000 sec  87.6 KBytes   717 Kbits/sec  19.806 ms 0/61 (0%)
[  5] 8.0000-9.0000 sec  63.2 KBytes   517 Kbits/sec  15.835 ms 0/44 (0%)
[  4] 8.0000-9.0000 sec  84.7 KBytes   694 Kbits/sec  13.294 ms 0/59 (0%)
[  1] 8.0000-9.0000 sec  73.2 KBytes   600 Kbits/sec  16.107 ms 0/51 (0%)
[  3] 8.0000-9.0000 sec  91.9 KBytes   753 Kbits/sec  12.882 ms 0/64 (0%)
[  7] 8.0000-9.0000 sec  41.6 KBytes   341 Kbits/sec  29.148 ms 0/29 (0%)
[  9] 8.0000-9.0000 sec  10.0 KBytes  82.3 Kbits/sec  120.295 ms 0/7 (0%)
[  8] 8.0000-9.0000 sec  41.6 KBytes   341 Kbits/sec  30.005 ms 0/29 (0%)
[ 10] 8.0000-9.0000 sec  11.5 KBytes  94.1 Kbits/sec  124.288 ms 0/8 (0%)
[  1] 9.0000-10.0000 sec  73.2 KBytes   600 Kbits/sec  14.041 ms 0/51 (0%)
[  2] 9.0000-10.0000 sec  81.8 KBytes   670 Kbits/sec  16.304 ms 0/57 (0%)
[  6] 9.0000-10.0000 sec  81.8 KBytes   670 Kbits/sec  13.228 ms 0/57 (0%)
[  4] 9.0000-10.0000 sec  84.7 KBytes   694 Kbits/sec  13.594 ms 0/59 (0%)
[  5] 9.0000-10.0000 sec  84.7 KBytes   694 Kbits/sec  13.986 ms 0/59 (0%)
[  3] 9.0000-10.0000 sec  81.8 KBytes   670 Kbits/sec  14.101 ms 0/57 (0%)
[  9] 9.0000-10.0000 sec  11.5 KBytes  94.1 Kbits/sec  118.970 ms 0/8 (0%)
[  7] 9.0000-10.0000 sec  48.8 KBytes   400 Kbits/sec  25.556 ms 0/34 (0%)
[  8] 9.0000-10.0000 sec  47.4 KBytes   388 Kbits/sec  23.207 ms 0/33 (0%)
[ 10] 9.0000-10.0000 sec  12.9 KBytes   106 Kbits/sec  116.974 ms 0/9 (0%)
[  1] 10.0000-11.0000 sec  71.8 KBytes   588 Kbits/sec  14.785 ms 0/50 (0%)
[  4] 10.0000-11.0000 sec  73.2 KBytes   600 Kbits/sec  14.044 ms 0/51 (0%)
[  2] 10.0000-11.0000 sec  73.2 KBytes   600 Kbits/sec  14.751 ms 0/51 (0%)
[  6] 10.0000-11.0000 sec  77.5 KBytes   635 Kbits/sec  13.294 ms 0/54 (0%)
[  3] 10.0000-11.0000 sec  76.1 KBytes   623 Kbits/sec  14.033 ms 0/53 (0%)
[  5] 10.0000-11.0000 sec  71.8 KBytes   588 Kbits/sec  14.489 ms 0/50 (0%)
[  7] 10.0000-11.0000 sec  51.7 KBytes   423 Kbits/sec  23.378 ms 0/36 (0%)
[  8] 10.0000-11.0000 sec  51.7 KBytes   423 Kbits/sec  22.974 ms 0/36 (0%)
[  9] 10.0000-11.0000 sec  11.5 KBytes  94.1 Kbits/sec  121.866 ms 0/8 (0%)
[ 10] 10.0000-11.0000 sec  11.5 KBytes  94.1 Kbits/sec  119.175 ms 0/8 (0%)
[  1] 11.0000-12.0000 sec  67.5 KBytes   553 Kbits/sec  24.546 ms 0/47 (0%)
[  6] 11.0000-12.0000 sec  86.1 KBytes   706 Kbits/sec  12.811 ms 0/60 (0%)
[  5] 11.0000-12.0000 sec  63.2 KBytes   517 Kbits/sec  17.012 ms 0/44 (0%)
[  4] 11.0000-12.0000 sec  87.6 KBytes   717 Kbits/sec  12.783 ms 0/61 (0%)
[  3] 11.0000-12.0000 sec  89.0 KBytes   729 Kbits/sec  11.920 ms 0/62 (0%)
[  2] 11.0000-12.0000 sec  73.2 KBytes   600 Kbits/sec  17.191 ms 0/51 (0%)
[  8] 11.0000-12.0000 sec  56.0 KBytes   459 Kbits/sec  19.534 ms 0/39 (0%)
[  9] 11.0000-12.0000 sec  10.0 KBytes  82.3 Kbits/sec  129.868 ms 0/7 (0%)
[ 10] 11.0000-12.0000 sec  10.0 KBytes  82.3 Kbits/sec  128.475 ms 0/7 (0%)
[  7] 11.0000-12.0000 sec  61.7 KBytes   506 Kbits/sec  20.490 ms 0/43 (0%)
[  1] 12.0000-13.0000 sec  71.8 KBytes   588 Kbits/sec  24.409 ms 0/50 (0%)
[  4] 12.0000-13.0000 sec  77.5 KBytes   635 Kbits/sec  15.175 ms 0/54 (0%)
[  5] 12.0000-13.0000 sec  73.2 KBytes   600 Kbits/sec  16.184 ms 0/51 (0%)
[  2] 12.0000-13.0000 sec  64.6 KBytes   529 Kbits/sec  15.539 ms 0/45 (0%)
[  3] 12.0000-13.0000 sec  73.2 KBytes   600 Kbits/sec  15.002 ms 0/51 (0%)
[  6] 12.0000-13.0000 sec  87.6 KBytes   717 Kbits/sec  13.613 ms 0/61 (0%)
[  7] 12.0000-13.0000 sec  51.7 KBytes   423 Kbits/sec  20.884 ms 0/36 (0%)
[  8] 12.0000-13.0000 sec  54.6 KBytes   447 Kbits/sec  20.800 ms 0/38 (0%)
[ 10] 12.0000-13.0000 sec  11.5 KBytes  94.1 Kbits/sec  126.038 ms 0/8 (0%)
[  9] 12.0000-13.0000 sec  12.9 KBytes   106 Kbits/sec  128.327 ms 0/9 (0%)
[  2] 13.0000-14.0000 sec  84.7 KBytes   694 Kbits/sec  14.230 ms 0/59 (0%)
[  1] 13.0000-14.0000 sec  81.8 KBytes   670 Kbits/sec  15.431 ms 0/57 (0%)
[  3] 13.0000-14.0000 sec  71.8 KBytes   588 Kbits/sec  14.794 ms 0/50 (0%)
[  6] 13.0000-14.0000 sec  66.0 KBytes   541 Kbits/sec  15.502 ms 0/46 (0%)
[  5] 13.0000-14.0000 sec  86.1 KBytes   706 Kbits/sec  13.361 ms 0/60 (0%)
[  4] 13.0000-14.0000 sec  79.0 KBytes   647 Kbits/sec  14.854 ms 0/55 (0%)
[  7] 13.0000-14.0000 sec  58.9 KBytes   482 Kbits/sec  18.828 ms 0/41 (0%)
[  8] 13.0000-14.0000 sec  64.6 KBytes   529 Kbits/sec  19.388 ms 0/45 (0%)
[ 10] 13.0000-14.0000 sec  12.9 KBytes   106 Kbits/sec  121.407 ms 0/9 (0%)
[  9] 13.0000-14.0000 sec  12.9 KBytes   106 Kbits/sec  121.005 ms 0/9 (0%)
[  2] 14.0000-15.0000 sec  84.7 KBytes   694 Kbits/sec  13.796 ms 0/59 (0%)
[  5] 14.0000-15.0000 sec  84.7 KBytes   694 Kbits/sec  13.820 ms 0/59 (0%)
[  3] 14.0000-15.0000 sec  77.5 KBytes   635 Kbits/sec  13.979 ms 0/54 (0%)
[  4] 14.0000-15.0000 sec  74.6 KBytes   612 Kbits/sec  13.497 ms 0/52 (0%)
[  1] 14.0000-15.0000 sec  94.7 KBytes   776 Kbits/sec  13.933 ms 0/66 (0%)
[  6] 14.0000-15.0000 sec  84.7 KBytes   694 Kbits/sec  13.714 ms 0/59 (0%)
[  7] 14.0000-15.0000 sec  66.0 KBytes   541 Kbits/sec  17.378 ms 0/46 (0%)
[  9] 14.0000-15.0000 sec  12.9 KBytes   106 Kbits/sec  114.435 ms 0/9 (0%)
[  8] 14.0000-15.0000 sec  70.3 KBytes   576 Kbits/sec  15.648 ms 0/49 (0%)
[ 10] 14.0000-15.0000 sec  14.4 KBytes   118 Kbits/sec  111.682 ms 0/10 (0%)
[  3] 15.0000-16.0000 sec  71.8 KBytes   588 Kbits/sec  14.918 ms 0/50 (0%)
[  2] 15.0000-16.0000 sec  84.7 KBytes   694 Kbits/sec  13.475 ms 0/59 (0%)
[  5] 15.0000-16.0000 sec  81.8 KBytes   670 Kbits/sec  13.371 ms 0/57 (0%)
[  6] 15.0000-16.0000 sec  67.5 KBytes   553 Kbits/sec  23.270 ms 0/47 (0%)
[  1] 15.0000-16.0000 sec  86.1 KBytes   706 Kbits/sec  13.009 ms 0/60 (0%)
[  4] 15.0000-16.0000 sec  74.6 KBytes   612 Kbits/sec  14.643 ms 0/52 (0%)
[  7] 15.0000-16.0000 sec  68.9 KBytes   564 Kbits/sec  18.053 ms 0/48 (0%)
[ 10] 15.0000-16.0000 sec  11.5 KBytes  94.1 Kbits/sec  111.109 ms 0/8 (0%)
[  9] 15.0000-16.0000 sec  12.9 KBytes   106 Kbits/sec  112.872 ms 0/9 (0%)
[  8] 15.0000-16.0000 sec  66.0 KBytes   541 Kbits/sec  18.833 ms 0/46 (0%)
[  1] 16.0000-17.0000 sec  84.7 KBytes   694 Kbits/sec  12.343 ms 0/59 (0%)
[  3] 16.0000-17.0000 sec  77.5 KBytes   635 Kbits/sec  14.676 ms 0/54 (0%)
[  4] 16.0000-17.0000 sec  73.2 KBytes   600 Kbits/sec  15.113 ms 0/51 (0%)
[  2] 16.0000-17.0000 sec  91.9 KBytes   753 Kbits/sec  12.058 ms 0/64 (0%)
[  5] 16.0000-17.0000 sec  94.7 KBytes   776 Kbits/sec  11.824 ms 0/66 (0%)
[  6] 16.0000-17.0000 sec  81.8 KBytes   670 Kbits/sec  14.928 ms 0/57 (0%)
[ 10] 16.0000-17.0000 sec  12.9 KBytes   106 Kbits/sec  111.619 ms 0/9 (0%)
[  8] 16.0000-17.0000 sec  63.2 KBytes   517 Kbits/sec  17.831 ms 0/44 (0%)
[  7] 16.0000-17.0000 sec  71.8 KBytes   588 Kbits/sec  17.243 ms 0/50 (0%)
[  9] 16.0000-17.0000 sec  14.4 KBytes   118 Kbits/sec  107.830 ms 0/10 (0%)
[  3] 17.0000-18.0000 sec  77.5 KBytes   635 Kbits/sec  14.390 ms 0/54 (0%)
[  1] 17.0000-18.0000 sec  73.2 KBytes   600 Kbits/sec  14.930 ms 0/51 (0%)
[  4] 17.0000-18.0000 sec  71.8 KBytes   588 Kbits/sec  16.189 ms 0/50 (0%)
[  2] 17.0000-18.0000 sec  74.6 KBytes   612 Kbits/sec  15.601 ms 0/52 (0%)
[  6] 17.0000-18.0000 sec  77.5 KBytes   635 Kbits/sec  13.548 ms 0/54 (0%)
[  5] 17.0000-18.0000 sec  74.6 KBytes   612 Kbits/sec  15.405 ms 0/52 (0%)
[  7] 17.0000-18.0000 sec  74.6 KBytes   612 Kbits/sec  15.044 ms 0/52 (0%)
[  8] 17.0000-18.0000 sec  80.4 KBytes   659 Kbits/sec  14.629 ms 0/56 (0%)
[  9] 17.0000-18.0000 sec  10.0 KBytes  82.3 Kbits/sec  112.047 ms 0/7 (0%)
[ 10] 17.0000-18.0000 sec  15.8 KBytes   129 Kbits/sec  101.967 ms 0/11 (0%)
[  4] 18.0000-19.0000 sec  87.6 KBytes   717 Kbits/sec  13.386 ms 0/61 (0%)
[  2] 18.0000-19.0000 sec  73.2 KBytes   600 Kbits/sec  15.001 ms 0/51 (0%)
[  3] 18.0000-19.0000 sec  90.4 KBytes   741 Kbits/sec  14.219 ms 0/63 (0%)
[  1] 18.0000-19.0000 sec  83.3 KBytes   682 Kbits/sec  15.453 ms 0/58 (0%)
[  5] 18.0000-19.0000 sec  77.5 KBytes   635 Kbits/sec  16.203 ms 0/54 (0%)
[  6] 18.0000-19.0000 sec  83.3 KBytes   682 Kbits/sec  13.345 ms 0/58 (0%)
[  7] 18.0000-19.0000 sec  80.4 KBytes   659 Kbits/sec  15.005 ms 0/56 (0%)
[  9] 18.0000-19.0000 sec  14.4 KBytes   118 Kbits/sec  108.385 ms 0/10 (0%)
[ 10] 18.0000-19.0000 sec  14.4 KBytes   118 Kbits/sec  101.496 ms 0/10 (0%)
[  8] 18.0000-19.0000 sec  83.3 KBytes   682 Kbits/sec  15.115 ms 0/58 (0%)
[  3] 19.0000-20.0000 sec  67.5 KBytes   553 Kbits/sec  13.909 ms 0/47 (0%)
[  2] 19.0000-20.0000 sec  74.6 KBytes   612 Kbits/sec  16.028 ms 0/52 (0%)
[  1] 19.0000-20.0000 sec  64.6 KBytes   529 Kbits/sec  15.309 ms 0/45 (0%)
[  4] 19.0000-20.0000 sec  79.0 KBytes   647 Kbits/sec  14.709 ms 0/55 (0%)
[  5] 19.0000-20.0000 sec  71.8 KBytes   588 Kbits/sec  15.922 ms 0/50 (0%)
[  6] 19.0000-20.0000 sec  71.8 KBytes   588 Kbits/sec  15.387 ms 0/50 (0%)
[  8] 19.0000-20.0000 sec  79.0 KBytes   647 Kbits/sec  14.841 ms 0/55 (0%)
[  9] 19.0000-20.0000 sec  14.4 KBytes   118 Kbits/sec  100.228 ms 0/10 (0%)
[  7] 19.0000-20.0000 sec  84.7 KBytes   694 Kbits/sec  15.270 ms 0/59 (0%)
[ 10] 19.0000-20.0000 sec  18.7 KBytes   153 Kbits/sec  86.370 ms 0/13 (0%)
[  3] 20.0000-21.0000 sec  84.7 KBytes   694 Kbits/sec  13.796 ms 0/59 (0%)
[  5] 20.0000-21.0000 sec  71.8 KBytes   588 Kbits/sec  15.371 ms 0/50 (0%)
[  1] 20.0000-21.0000 sec  84.7 KBytes   694 Kbits/sec  14.710 ms 0/59 (0%)
[  2] 20.0000-21.0000 sec  81.8 KBytes   670 Kbits/sec  13.990 ms 0/57 (0%)
[  4] 20.0000-21.0000 sec  84.7 KBytes   694 Kbits/sec  13.621 ms 0/59 (0%)
[  6] 20.0000-21.0000 sec  81.8 KBytes   670 Kbits/sec  14.687 ms 0/57 (0%)
[  8] 20.0000-21.0000 sec  84.7 KBytes   694 Kbits/sec  14.866 ms 0/59 (0%)
[ 10] 20.0000-21.0000 sec  17.2 KBytes   141 Kbits/sec  80.078 ms 0/12 (0%)
[  7] 20.0000-21.0000 sec  84.7 KBytes   694 Kbits/sec  14.635 ms 0/59 (0%)
[  9] 20.0000-21.0000 sec  20.1 KBytes   165 Kbits/sec  87.727 ms 0/14 (0%)
[  2] 21.0000-22.0000 sec  70.3 KBytes   576 Kbits/sec  15.009 ms 0/49 (0%)
[  4] 21.0000-22.0000 sec  73.2 KBytes   600 Kbits/sec  14.560 ms 0/51 (0%)
[  1] 21.0000-22.0000 sec  76.1 KBytes   623 Kbits/sec  14.134 ms 0/53 (0%)
[  6] 21.0000-22.0000 sec  76.1 KBytes   623 Kbits/sec  15.104 ms 0/53 (0%)
[  3] 21.0000-22.0000 sec  84.7 KBytes   694 Kbits/sec  14.319 ms 0/59 (0%)
[  5] 21.0000-22.0000 sec  81.8 KBytes   670 Kbits/sec  14.650 ms 0/57 (0%)
[  8] 21.0000-22.0000 sec  84.7 KBytes   694 Kbits/sec  13.836 ms 0/59 (0%)
[  7] 21.0000-22.0000 sec  84.7 KBytes   694 Kbits/sec  13.557 ms 0/59 (0%)
[  9] 21.0000-22.0000 sec  18.7 KBytes   153 Kbits/sec  77.385 ms 0/13 (0%)
[ 10] 21.0000-22.0000 sec  18.7 KBytes   153 Kbits/sec  81.315 ms 0/13 (0%)
[  3] 22.0000-23.0000 sec  76.1 KBytes   623 Kbits/sec  13.617 ms 0/53 (0%)
[  1] 22.0000-23.0000 sec  60.3 KBytes   494 Kbits/sec  17.073 ms 0/42 (0%)
[  4] 22.0000-23.0000 sec  84.7 KBytes   694 Kbits/sec  14.146 ms 0/59 (0%)
[  6] 22.0000-23.0000 sec  84.7 KBytes   694 Kbits/sec  15.241 ms 0/59 (0%)
[  5] 22.0000-23.0000 sec  64.6 KBytes   529 Kbits/sec  17.218 ms 0/45 (0%)
[  2] 22.0000-23.0000 sec  73.2 KBytes   600 Kbits/sec  16.841 ms 0/51 (0%)
[  7] 22.0000-23.0000 sec  76.1 KBytes   623 Kbits/sec  14.772 ms 0/53 (0%)
[  8] 22.0000-23.0000 sec  71.8 KBytes   588 Kbits/sec  15.224 ms 0/50 (0%)
[  9] 22.0000-23.0000 sec  14.4 KBytes   118 Kbits/sec  85.834 ms 0/10 (0%)
[ 10] 22.0000-23.0000 sec  23.0 KBytes   188 Kbits/sec  69.455 ms 0/16 (0%)
[  1] 23.0000-24.0000 sec  77.5 KBytes   635 Kbits/sec  16.656 ms 0/54 (0%)
[  4] 23.0000-24.0000 sec  63.2 KBytes   517 Kbits/sec  17.405 ms 0/44 (0%)
[  5] 23.0000-24.0000 sec  71.8 KBytes   588 Kbits/sec  16.219 ms 0/50 (0%)
[  2] 23.0000-24.0000 sec  73.2 KBytes   600 Kbits/sec  16.676 ms 0/51 (0%)
[  3] 23.0000-24.0000 sec  71.8 KBytes   588 Kbits/sec  17.456 ms 0/50 (0%)
[  6] 23.0000-24.0000 sec  73.2 KBytes   600 Kbits/sec  18.097 ms 0/51 (0%)
[ 10] 23.0000-24.0000 sec  25.8 KBytes   212 Kbits/sec  56.210 ms 0/18 (0%)
[  8] 23.0000-24.0000 sec  74.6 KBytes   612 Kbits/sec  16.766 ms 0/52 (0%)
[  9] 23.0000-24.0000 sec  25.8 KBytes   212 Kbits/sec  68.046 ms 0/18 (0%)
[  7] 23.0000-24.0000 sec  73.2 KBytes   600 Kbits/sec  16.702 ms 0/51 (0%)
[  2] 24.0000-25.0000 sec  63.2 KBytes   517 Kbits/sec  24.892 ms 0/44 (0%)
[  3] 24.0000-25.0000 sec  66.0 KBytes   541 Kbits/sec  24.980 ms 0/46 (0%)
[  5] 24.0000-25.0000 sec  66.0 KBytes   541 Kbits/sec  18.263 ms 0/46 (0%)
[  1] 24.0000-25.0000 sec  70.3 KBytes   576 Kbits/sec  19.416 ms 0/49 (0%)
[  4] 24.0000-25.0000 sec  74.6 KBytes   612 Kbits/sec  16.862 ms 0/52 (0%)
[  6] 24.0000-25.0000 sec  64.6 KBytes   529 Kbits/sec  15.636 ms 0/45 (0%)
[  7] 24.0000-25.0000 sec  64.6 KBytes   529 Kbits/sec  14.840 ms 0/45 (0%)
[  9] 24.0000-25.0000 sec  24.4 KBytes   200 Kbits/sec  60.885 ms 0/17 (0%)
[ 10] 24.0000-25.0000 sec  24.4 KBytes   200 Kbits/sec  55.347 ms 0/17 (0%)
[  8] 24.0000-25.0000 sec  73.2 KBytes   600 Kbits/sec  14.791 ms 0/51 (0%)
[  3] 25.0000-26.0000 sec  83.3 KBytes   682 Kbits/sec  13.824 ms 0/58 (0%)
[  4] 25.0000-26.0000 sec  86.1 KBytes   706 Kbits/sec  13.846 ms 0/60 (0%)
[  6] 25.0000-26.0000 sec  84.7 KBytes   694 Kbits/sec  13.713 ms 0/59 (0%)
[  2] 25.0000-26.0000 sec  73.2 KBytes   600 Kbits/sec  15.889 ms 0/51 (0%)
[  1] 25.0000-26.0000 sec  71.8 KBytes   588 Kbits/sec  17.129 ms 0/50 (0%)
[  5] 25.0000-26.0000 sec  77.5 KBytes   635 Kbits/sec  17.073 ms 0/54 (0%)
[  7] 25.0000-26.0000 sec  84.7 KBytes   694 Kbits/sec  13.060 ms 0/59 (0%)
[  9] 25.0000-26.0000 sec  23.0 KBytes   188 Kbits/sec  57.270 ms 0/16 (0%)
[ 10] 25.0000-26.0000 sec  30.1 KBytes   247 Kbits/sec  45.197 ms 0/21 (0%)
[  8] 25.0000-26.0000 sec  84.7 KBytes   694 Kbits/sec  12.906 ms 0/59 (0%)
[  3] 26.0000-27.0000 sec  84.7 KBytes   694 Kbits/sec  13.780 ms 0/59 (0%)
[  2] 26.0000-27.0000 sec  74.6 KBytes   612 Kbits/sec  14.201 ms 0/52 (0%)
[  1] 26.0000-27.0000 sec  73.2 KBytes   600 Kbits/sec  14.182 ms 0/51 (0%)
[  4] 26.0000-27.0000 sec  84.7 KBytes   694 Kbits/sec  15.427 ms 0/59 (0%)
[  6] 26.0000-27.0000 sec  84.7 KBytes   694 Kbits/sec  15.191 ms 0/59 (0%)
[  5] 26.0000-27.0000 sec  73.2 KBytes   600 Kbits/sec  14.096 ms 0/51 (0%)
[  8] 26.0000-27.0000 sec  74.6 KBytes   612 Kbits/sec  17.334 ms 0/52 (0%)
[  9] 26.0000-27.0000 sec  34.5 KBytes   282 Kbits/sec  43.191 ms 0/24 (0%)
[ 10] 26.0000-27.0000 sec  37.3 KBytes   306 Kbits/sec  37.575 ms 0/26 (0%)
[  7] 26.0000-27.0000 sec  84.7 KBytes   694 Kbits/sec  16.141 ms 0/59 (0%)
[  4] 27.0000-28.0000 sec  73.2 KBytes   600 Kbits/sec  14.454 ms 0/51 (0%)
[  5] 27.0000-28.0000 sec  74.6 KBytes   612 Kbits/sec  14.188 ms 0/52 (0%)
[  1] 27.0000-28.0000 sec  80.4 KBytes   659 Kbits/sec  14.571 ms 0/56 (0%)
[  3] 27.0000-28.0000 sec  84.7 KBytes   694 Kbits/sec  13.914 ms 0/59 (0%)
[  6] 27.0000-28.0000 sec  86.1 KBytes   706 Kbits/sec  12.788 ms 0/60 (0%)
[  2] 27.0000-28.0000 sec  84.7 KBytes   694 Kbits/sec  14.846 ms 0/59 (0%)
[  8] 27.0000-28.0000 sec  86.1 KBytes   706 Kbits/sec  12.546 ms 0/60 (0%)
[  7] 27.0000-28.0000 sec  84.7 KBytes   694 Kbits/sec  12.943 ms 0/59 (0%)
[ 10] 27.0000-28.0000 sec  35.9 KBytes   294 Kbits/sec  34.879 ms 0/25 (0%)
[  9] 27.0000-28.0000 sec  38.8 KBytes   318 Kbits/sec  35.621 ms 0/27 (0%)
[  1] 28.0000-29.0000 sec  73.2 KBytes   600 Kbits/sec  13.330 ms 0/51 (0%)
[  3] 28.0000-29.0000 sec  97.6 KBytes   800 Kbits/sec  10.931 ms 0/68 (0%)
[  2] 28.0000-29.0000 sec  76.1 KBytes   623 Kbits/sec  13.320 ms 0/53 (0%)
[  5] 28.0000-29.0000 sec  83.3 KBytes   682 Kbits/sec  13.198 ms 0/58 (0%)
[  4] 28.0000-29.0000 sec   106 KBytes   870 Kbits/sec  11.447 ms 0/74 (0%)
[  6] 28.0000-29.0000 sec  96.2 KBytes   788 Kbits/sec  11.648 ms 0/67 (0%)
[ 10] 28.0000-29.0000 sec  37.3 KBytes   306 Kbits/sec  35.633 ms 0/26 (0%)
[  8] 28.0000-29.0000 sec   106 KBytes   870 Kbits/sec  11.254 ms 0/74 (0%)
[  7] 28.0000-29.0000 sec   106 KBytes   870 Kbits/sec  11.368 ms 0/74 (0%)
[  9] 28.0000-29.0000 sec  40.2 KBytes   329 Kbits/sec  32.460 ms 0/28 (0%)
[  1] 29.0000-30.0000 sec  87.6 KBytes   717 Kbits/sec  13.467 ms 0/61 (0%)
[  3] 29.0000-30.0000 sec  93.3 KBytes   764 Kbits/sec  12.813 ms 0/65 (0%)
[  5] 29.0000-30.0000 sec  81.8 KBytes   670 Kbits/sec  19.191 ms 0/57 (0%)
[  2] 29.0000-30.0000 sec  86.1 KBytes   706 Kbits/sec  12.911 ms 0/60 (0%)
[  4] 29.0000-30.0000 sec  96.2 KBytes   788 Kbits/sec  13.141 ms 0/67 (0%)
[  6] 29.0000-30.0000 sec  91.9 KBytes   753 Kbits/sec  12.973 ms 0/64 (0%)
[  7] 29.0000-30.0000 sec  87.6 KBytes   717 Kbits/sec  12.761 ms 0/61 (0%)
[ 10] 29.0000-30.0000 sec  44.5 KBytes   365 Kbits/sec  29.468 ms 0/31 (0%)
[  8] 29.0000-30.0000 sec  96.2 KBytes   788 Kbits/sec  11.727 ms 0/67 (0%)
[  9] 29.0000-30.0000 sec  38.8 KBytes   318 Kbits/sec  34.144 ms 0/27 (0%)
[  2] 30.0000-31.0000 sec  74.6 KBytes   612 Kbits/sec  14.675 ms 0/52 (0%)
[  3] 30.0000-31.0000 sec  97.6 KBytes   800 Kbits/sec  12.504 ms 0/68 (0%)
[  1] 30.0000-31.0000 sec  84.7 KBytes   694 Kbits/sec  15.259 ms 0/59 (0%)
[  4] 30.0000-31.0000 sec  94.7 KBytes   776 Kbits/sec  12.075 ms 0/66 (0%)
[  6] 30.0000-31.0000 sec  96.2 KBytes   788 Kbits/sec  12.907 ms 0/67 (0%)
[  5] 30.0000-31.0000 sec  90.4 KBytes   741 Kbits/sec  15.698 ms 0/63 (0%)
[  8] 30.0000-31.0000 sec  83.3 KBytes   682 Kbits/sec  12.355 ms 0/58 (0%)
[  9] 30.0000-31.0000 sec  34.5 KBytes   282 Kbits/sec  36.991 ms 0/24 (0%)
[  7] 30.0000-31.0000 sec  94.7 KBytes   776 Kbits/sec  12.172 ms 0/66 (0%)
[ 10] 30.0000-31.0000 sec  45.9 KBytes   376 Kbits/sec  26.543 ms 0/32 (0%)
[  1] 31.0000-32.0000 sec  63.2 KBytes   517 Kbits/sec  16.316 ms 0/44 (0%)
[  4] 31.0000-32.0000 sec  84.7 KBytes   694 Kbits/sec  12.614 ms 0/59 (0%)
[  2] 31.0000-32.0000 sec  74.6 KBytes   612 Kbits/sec  15.354 ms 0/52 (0%)
[  3] 31.0000-32.0000 sec  94.7 KBytes   776 Kbits/sec  12.384 ms 0/66 (0%)
[  5] 31.0000-32.0000 sec  66.0 KBytes   541 Kbits/sec  15.566 ms 0/46 (0%)
[  6] 31.0000-32.0000 sec  94.7 KBytes   776 Kbits/sec  12.399 ms 0/66 (0%)
[  8] 31.0000-32.0000 sec  96.2 KBytes   788 Kbits/sec  12.647 ms 0/67 (0%)
[ 10] 31.0000-32.0000 sec  35.9 KBytes   294 Kbits/sec  31.827 ms 0/25 (0%)
[  7] 31.0000-32.0000 sec  97.6 KBytes   800 Kbits/sec  12.055 ms 0/68 (0%)
[  9] 31.0000-32.0000 sec  43.1 KBytes   353 Kbits/sec  27.361 ms 0/30 (0%)
[  3] 32.0000-33.0000 sec  96.2 KBytes   788 Kbits/sec  10.775 ms 0/67 (0%)
[  1] 32.0000-33.0000 sec  71.8 KBytes   588 Kbits/sec  16.285 ms 0/50 (0%)
[  4] 32.0000-33.0000 sec   105 KBytes   858 Kbits/sec  11.491 ms 0/73 (0%)
[  2] 32.0000-33.0000 sec  68.9 KBytes   564 Kbits/sec  15.870 ms 0/48 (0%)
[  6] 32.0000-33.0000 sec  96.2 KBytes   788 Kbits/sec  11.341 ms 0/67 (0%)
[  5] 32.0000-33.0000 sec  66.0 KBytes   541 Kbits/sec  16.002 ms 0/46 (0%)
[  8] 32.0000-33.0000 sec  94.7 KBytes   776 Kbits/sec  11.497 ms 0/66 (0%)
[  9] 32.0000-33.0000 sec  43.1 KBytes   353 Kbits/sec  30.194 ms 0/30 (0%)
[  7] 32.0000-33.0000 sec  93.3 KBytes   764 Kbits/sec  12.772 ms 0/65 (0%)
[ 10] 32.0000-33.0000 sec  51.7 KBytes   423 Kbits/sec  27.284 ms 0/36 (0%)
[  5] 33.0000-34.0000 sec  67.5 KBytes   553 Kbits/sec  16.182 ms 0/47 (0%)
[  3] 33.0000-34.0000 sec  73.2 KBytes   600 Kbits/sec  16.768 ms 0/51 (0%)
[  2] 33.0000-34.0000 sec  73.2 KBytes   600 Kbits/sec  16.518 ms 0/51 (0%)
[  4] 33.0000-34.0000 sec  73.2 KBytes   600 Kbits/sec  16.943 ms 0/51 (0%)
[  1] 33.0000-34.0000 sec  80.4 KBytes   659 Kbits/sec  16.383 ms 0/56 (0%)
[  6] 33.0000-34.0000 sec  73.2 KBytes   600 Kbits/sec  16.927 ms 0/51 (0%)
[  7] 33.0000-34.0000 sec  64.6 KBytes   529 Kbits/sec  15.955 ms 0/45 (0%)
[ 10] 33.0000-34.0000 sec  48.8 KBytes   400 Kbits/sec  33.042 ms 0/34 (0%)
[  8] 33.0000-34.0000 sec  74.6 KBytes   612 Kbits/sec  17.336 ms 0/52 (0%)
[  9] 33.0000-34.0000 sec  51.7 KBytes   423 Kbits/sec  26.599 ms 0/36 (0%)
[  2] 34.0000-35.0000 sec  64.6 KBytes   529 Kbits/sec  24.104 ms 0/45 (0%)
[  3] 34.0000-35.0000 sec  64.6 KBytes   529 Kbits/sec  16.352 ms 0/45 (0%)
[  5] 34.0000-35.0000 sec  71.8 KBytes   588 Kbits/sec  16.847 ms 0/50 (0%)
[  4] 34.0000-35.0000 sec  64.6 KBytes   529 Kbits/sec  16.567 ms 0/45 (0%)
[  1] 34.0000-35.0000 sec  66.0 KBytes   541 Kbits/sec  16.545 ms 0/46 (0%)
[  6] 34.0000-35.0000 sec  64.6 KBytes   529 Kbits/sec  16.944 ms 0/45 (0%)
[  9] 34.0000-35.0000 sec  43.1 KBytes   353 Kbits/sec  26.396 ms 0/30 (0%)
[  8] 34.0000-35.0000 sec  63.2 KBytes   517 Kbits/sec  17.311 ms 0/44 (0%)
[  7] 34.0000-35.0000 sec  74.6 KBytes   612 Kbits/sec  17.072 ms 0/52 (0%)
[ 10] 34.0000-35.0000 sec  61.7 KBytes   506 Kbits/sec  23.455 ms 0/43 (0%)
[  3] 35.0000-36.0000 sec  84.7 KBytes   694 Kbits/sec  12.359 ms 0/59 (0%)
[  1] 35.0000-36.0000 sec  71.8 KBytes   588 Kbits/sec  16.056 ms 0/50 (0%)
[  4] 35.0000-36.0000 sec  84.7 KBytes   694 Kbits/sec  12.315 ms 0/59 (0%)
[  5] 35.0000-36.0000 sec  73.2 KBytes   600 Kbits/sec  15.722 ms 0/51 (0%)
[  6] 35.0000-36.0000 sec  84.7 KBytes   694 Kbits/sec  12.387 ms 0/59 (0%)
[  2] 35.0000-36.0000 sec  81.8 KBytes   670 Kbits/sec  15.678 ms 0/57 (0%)
[  9] 35.0000-36.0000 sec  64.6 KBytes   529 Kbits/sec  20.516 ms 0/45 (0%)
[  7] 35.0000-36.0000 sec  84.7 KBytes   694 Kbits/sec  13.443 ms 0/59 (0%)
[  8] 35.0000-36.0000 sec  94.7 KBytes   776 Kbits/sec  13.525 ms 0/66 (0%)
[ 10] 35.0000-36.0000 sec  63.2 KBytes   517 Kbits/sec  19.642 ms 0/44 (0%)
[  1] 36.0000-37.0000 sec  77.5 KBytes   635 Kbits/sec  16.117 ms 0/54 (0%)
[  2] 36.0000-37.0000 sec  73.2 KBytes   600 Kbits/sec  15.885 ms 0/51 (0%)
[  3] 36.0000-37.0000 sec  84.7 KBytes   694 Kbits/sec  14.479 ms 0/59 (0%)
[  5] 36.0000-37.0000 sec  81.8 KBytes   670 Kbits/sec  15.650 ms 0/57 (0%)
[  4] 36.0000-37.0000 sec  86.1 KBytes   706 Kbits/sec  14.315 ms 0/60 (0%)
[  6] 36.0000-37.0000 sec  84.7 KBytes   694 Kbits/sec  15.642 ms 0/59 (0%)
[  7] 36.0000-37.0000 sec  73.2 KBytes   600 Kbits/sec  14.669 ms 0/51 (0%)
[  8] 36.0000-37.0000 sec  76.1 KBytes   623 Kbits/sec  14.777 ms 0/53 (0%)
[  9] 36.0000-37.0000 sec  61.7 KBytes   506 Kbits/sec  21.174 ms 0/43 (0%)
[ 10] 36.0000-37.0000 sec  68.9 KBytes   564 Kbits/sec  19.026 ms 0/48 (0%)
[  1] 37.0000-38.0000 sec  73.2 KBytes   600 Kbits/sec  16.187 ms 0/51 (0%)
[  3] 37.0000-38.0000 sec  74.6 KBytes   612 Kbits/sec  16.074 ms 0/52 (0%)
[  2] 37.0000-38.0000 sec  74.6 KBytes   612 Kbits/sec  17.128 ms 0/52 (0%)
[  4] 37.0000-38.0000 sec  74.6 KBytes   612 Kbits/sec  16.126 ms 0/52 (0%)
[  6] 37.0000-38.0000 sec  76.1 KBytes   623 Kbits/sec  16.114 ms 0/53 (0%)
[  5] 37.0000-38.0000 sec  74.6 KBytes   612 Kbits/sec  17.216 ms 0/52 (0%)
[ 10] 37.0000-38.0000 sec  60.3 KBytes   494 Kbits/sec  17.423 ms 0/42 (0%)
[  8] 37.0000-38.0000 sec  73.2 KBytes   600 Kbits/sec  14.800 ms 0/51 (0%)
[  7] 37.0000-38.0000 sec  84.7 KBytes   694 Kbits/sec  14.870 ms 0/59 (0%)
[  9] 37.0000-38.0000 sec  68.9 KBytes   564 Kbits/sec  19.078 ms 0/48 (0%)
[  2] 38.0000-39.0000 sec  71.8 KBytes   588 Kbits/sec  15.214 ms 0/50 (0%)
[  1] 38.0000-39.0000 sec  73.2 KBytes   600 Kbits/sec  16.254 ms 0/51 (0%)
[  3] 38.0000-39.0000 sec  76.1 KBytes   623 Kbits/sec  14.475 ms 0/53 (0%)
[  5] 38.0000-39.0000 sec  73.2 KBytes   600 Kbits/sec  14.360 ms 0/51 (0%)
[  6] 38.0000-39.0000 sec  71.8 KBytes   588 Kbits/sec  16.320 ms 0/50 (0%)
[  4] 38.0000-39.0000 sec  73.2 KBytes   600 Kbits/sec  15.352 ms 0/51 (0%)
[  8] 38.0000-39.0000 sec  74.6 KBytes   612 Kbits/sec  15.891 ms 0/52 (0%)
[  9] 38.0000-39.0000 sec  64.6 KBytes   529 Kbits/sec  17.691 ms 0/45 (0%)
[  7] 38.0000-39.0000 sec  76.1 KBytes   623 Kbits/sec  15.057 ms 0/53 (0%)
[ 10] 38.0000-39.0000 sec  79.0 KBytes   647 Kbits/sec  14.820 ms 0/55 (0%)
[  4] 39.0000-40.0000 sec  74.6 KBytes   612 Kbits/sec  15.161 ms 0/52 (0%)
[  2] 39.0000-40.0000 sec  74.6 KBytes   612 Kbits/sec  15.313 ms 0/52 (0%)
[  1] 39.0000-40.0000 sec  76.1 KBytes   623 Kbits/sec  15.637 ms 0/53 (0%)
[  6] 39.0000-40.0000 sec  77.5 KBytes   635 Kbits/sec  14.032 ms 0/54 (0%)
[  5] 39.0000-40.0000 sec  79.0 KBytes   647 Kbits/sec  15.390 ms 0/55 (0%)
[  3] 39.0000-40.0000 sec  81.8 KBytes   670 Kbits/sec  14.688 ms 0/57 (0%)
[  8] 39.0000-40.0000 sec  76.1 KBytes   623 Kbits/sec  22.148 ms 0/53 (0%)
[  9] 39.0000-40.0000 sec  76.1 KBytes   623 Kbits/sec  15.462 ms 0/53 (0%)
[  7] 39.0000-40.0000 sec  73.2 KBytes   600 Kbits/sec  14.207 ms 0/51 (0%)
[ 10] 39.0000-40.0000 sec  76.1 KBytes   623 Kbits/sec  15.623 ms 0/53 (0%)
[  2] 40.0000-41.0000 sec  80.4 KBytes   659 Kbits/sec  13.683 ms 0/56 (0%)
[  6] 40.0000-41.0000 sec  74.6 KBytes   612 Kbits/sec  22.758 ms 0/52 (0%)
[  1] 40.0000-41.0000 sec  83.3 KBytes   682 Kbits/sec  14.256 ms 0/58 (0%)
[  3] 40.0000-41.0000 sec  76.1 KBytes   623 Kbits/sec  14.668 ms 0/53 (0%)
[  5] 40.0000-41.0000 sec  77.5 KBytes   635 Kbits/sec  13.930 ms 0/54 (0%)
[  4] 40.0000-41.0000 sec  86.1 KBytes   706 Kbits/sec  13.973 ms 0/60 (0%)
[  8] 40.0000-41.0000 sec  81.8 KBytes   670 Kbits/sec  15.194 ms 0/57 (0%)
[  9] 40.0000-41.0000 sec  79.0 KBytes   647 Kbits/sec  14.645 ms 0/55 (0%)
[  7] 40.0000-41.0000 sec  84.7 KBytes   694 Kbits/sec  14.617 ms 0/59 (0%)
[ 10] 40.0000-41.0000 sec  84.7 KBytes   694 Kbits/sec  12.785 ms 0/59 (0%)
[  1] 41.0000-42.0000 sec  68.9 KBytes   564 Kbits/sec  16.483 ms 0/48 (0%)
[  4] 41.0000-42.0000 sec  63.2 KBytes   517 Kbits/sec  16.525 ms 0/44 (0%)
[  5] 41.0000-42.0000 sec  66.0 KBytes   541 Kbits/sec  16.062 ms 0/46 (0%)
[  6] 41.0000-42.0000 sec  73.2 KBytes   600 Kbits/sec  17.090 ms 0/51 (0%)
[  3] 41.0000-42.0000 sec  73.2 KBytes   600 Kbits/sec  17.305 ms 0/51 (0%)
[  2] 41.0000-42.0000 sec  77.5 KBytes   635 Kbits/sec  15.377 ms 0/54 (0%)
[  9] 41.0000-42.0000 sec  73.2 KBytes   600 Kbits/sec  13.523 ms 0/51 (0%)
[  7] 41.0000-42.0000 sec  63.2 KBytes   517 Kbits/sec  16.806 ms 0/44 (0%)
[  8] 41.0000-42.0000 sec  77.5 KBytes   635 Kbits/sec  14.682 ms 0/54 (0%)
[ 10] 41.0000-42.0000 sec  74.6 KBytes   612 Kbits/sec  15.135 ms 0/52 (0%)
[  2] 42.0000-43.0000 sec  67.5 KBytes   553 Kbits/sec  15.097 ms 0/47 (0%)
[  1] 42.0000-43.0000 sec  76.1 KBytes   623 Kbits/sec  15.398 ms 0/53 (0%)
[  3] 42.0000-43.0000 sec  76.1 KBytes   623 Kbits/sec  15.038 ms 0/53 (0%)
[  5] 42.0000-43.0000 sec  77.5 KBytes   635 Kbits/sec  16.132 ms 0/54 (0%)
[  4] 42.0000-43.0000 sec  84.7 KBytes   694 Kbits/sec  15.890 ms 0/59 (0%)
[  6] 42.0000-43.0000 sec  84.7 KBytes   694 Kbits/sec  15.418 ms 0/59 (0%)
[  8] 42.0000-43.0000 sec  73.2 KBytes   600 Kbits/sec  15.030 ms 0/51 (0%)
[ 10] 42.0000-43.0000 sec  67.5 KBytes   553 Kbits/sec  14.597 ms 0/47 (0%)
[  7] 42.0000-43.0000 sec  84.7 KBytes   694 Kbits/sec  15.712 ms 0/59 (0%)
[  9] 42.0000-43.0000 sec  80.4 KBytes   659 Kbits/sec  16.437 ms 0/56 (0%)
[  3] 43.0000-44.0000 sec  71.8 KBytes   588 Kbits/sec  16.009 ms 0/50 (0%)
[  1] 43.0000-44.0000 sec  76.1 KBytes   623 Kbits/sec  15.872 ms 0/53 (0%)
[  5] 43.0000-44.0000 sec  73.2 KBytes   600 Kbits/sec  15.780 ms 0/51 (0%)
[  4] 43.0000-44.0000 sec  73.2 KBytes   600 Kbits/sec  15.813 ms 0/51 (0%)
[  6] 43.0000-44.0000 sec  73.2 KBytes   600 Kbits/sec  14.977 ms 0/51 (0%)
[  2] 43.0000-44.0000 sec  84.7 KBytes   694 Kbits/sec  15.667 ms 0/59 (0%)
[  8] 43.0000-44.0000 sec  74.6 KBytes   612 Kbits/sec  14.441 ms 0/52 (0%)
[  9] 43.0000-44.0000 sec  66.0 KBytes   541 Kbits/sec  24.927 ms 0/46 (0%)
[  7] 43.0000-44.0000 sec  77.5 KBytes   635 Kbits/sec  13.840 ms 0/54 (0%)
[ 10] 43.0000-44.0000 sec  74.6 KBytes   612 Kbits/sec  16.818 ms 0/52 (0%)
[  1] 44.0000-45.0000 sec  73.2 KBytes   600 Kbits/sec  14.423 ms 0/51 (0%)
[  2] 44.0000-45.0000 sec  74.6 KBytes   612 Kbits/sec  14.902 ms 0/52 (0%)
[  3] 44.0000-45.0000 sec  84.7 KBytes   694 Kbits/sec  14.071 ms 0/59 (0%)
[  5] 44.0000-45.0000 sec  84.7 KBytes   694 Kbits/sec  14.049 ms 0/59 (0%)
[  4] 44.0000-45.0000 sec  84.7 KBytes   694 Kbits/sec  14.810 ms 0/59 (0%)
[  6] 44.0000-45.0000 sec  84.7 KBytes   694 Kbits/sec  14.541 ms 0/59 (0%)
[  8] 44.0000-45.0000 sec  73.2 KBytes   600 Kbits/sec  14.860 ms 0/51 (0%)
[  9] 44.0000-45.0000 sec  83.3 KBytes   682 Kbits/sec  13.504 ms 0/58 (0%)
[  7] 44.0000-45.0000 sec  73.2 KBytes   600 Kbits/sec  16.173 ms 0/51 (0%)
[ 10] 44.0000-45.0000 sec  84.7 KBytes   694 Kbits/sec  14.331 ms 0/59 (0%)
[  1] 45.0000-46.0000 sec  84.7 KBytes   694 Kbits/sec  14.366 ms 0/59 (0%)
[  3] 45.0000-46.0000 sec  74.6 KBytes   612 Kbits/sec  14.323 ms 0/52 (0%)
[  2] 45.0000-46.0000 sec  86.1 KBytes   706 Kbits/sec  14.140 ms 0/60 (0%)
[  4] 45.0000-46.0000 sec  76.1 KBytes   623 Kbits/sec  14.278 ms 0/53 (0%)
[  6] 45.0000-46.0000 sec  76.1 KBytes   623 Kbits/sec  14.683 ms 0/53 (0%)
[  5] 45.0000-46.0000 sec  84.7 KBytes   694 Kbits/sec  15.070 ms 0/59 (0%)
[  8] 45.0000-46.0000 sec  84.7 KBytes   694 Kbits/sec  13.915 ms 0/59 (0%)
[ 10] 45.0000-46.0000 sec  71.8 KBytes   588 Kbits/sec  16.761 ms 0/50 (0%)
[  9] 45.0000-46.0000 sec  84.7 KBytes   694 Kbits/sec  15.919 ms 0/59 (0%)
[  7] 45.0000-46.0000 sec  84.7 KBytes   694 Kbits/sec  13.723 ms 0/59 (0%)
[  3] 46.0000-47.0000 sec  73.2 KBytes   600 Kbits/sec  15.823 ms 0/51 (0%)
[  2] 46.0000-47.0000 sec  73.2 KBytes   600 Kbits/sec  14.107 ms 0/51 (0%)
[  4] 46.0000-47.0000 sec  73.2 KBytes   600 Kbits/sec  15.568 ms 0/51 (0%)
[  1] 46.0000-47.0000 sec  84.7 KBytes   694 Kbits/sec  14.703 ms 0/59 (0%)
[  5] 46.0000-47.0000 sec  76.1 KBytes   623 Kbits/sec  14.855 ms 0/53 (0%)
[  6] 46.0000-47.0000 sec  73.2 KBytes   600 Kbits/sec  16.171 ms 0/51 (0%)
[  8] 46.0000-47.0000 sec  76.1 KBytes   623 Kbits/sec  13.961 ms 0/53 (0%)
[  9] 46.0000-47.0000 sec  74.6 KBytes   612 Kbits/sec  15.088 ms 0/52 (0%)
[  7] 46.0000-47.0000 sec  74.6 KBytes   612 Kbits/sec  14.550 ms 0/52 (0%)
[ 10] 46.0000-47.0000 sec  84.7 KBytes   694 Kbits/sec  14.683 ms 0/59 (0%)
[  1] 47.0000-48.0000 sec  63.2 KBytes   517 Kbits/sec  15.794 ms 0/44 (0%)
[  2] 47.0000-48.0000 sec  74.6 KBytes   612 Kbits/sec  15.945 ms 0/52 (0%)
[  3] 47.0000-48.0000 sec  84.7 KBytes   694 Kbits/sec  14.189 ms 0/59 (0%)
[  5] 47.0000-48.0000 sec  73.2 KBytes   600 Kbits/sec  15.832 ms 0/51 (0%)
[  4] 47.0000-48.0000 sec  84.7 KBytes   694 Kbits/sec  14.648 ms 0/59 (0%)
[  6] 47.0000-48.0000 sec  84.7 KBytes   694 Kbits/sec  14.825 ms 0/59 (0%)
[  7] 47.0000-48.0000 sec  73.2 KBytes   600 Kbits/sec  13.978 ms 0/51 (0%)
[  9] 47.0000-48.0000 sec  73.2 KBytes   600 Kbits/sec  15.411 ms 0/51 (0%)
[  8] 47.0000-48.0000 sec  84.7 KBytes   694 Kbits/sec  14.653 ms 0/59 (0%)
[ 10] 47.0000-48.0000 sec  76.1 KBytes   623 Kbits/sec  14.557 ms 0/53 (0%)
[  1] 48.0000-49.0000 sec  86.1 KBytes   706 Kbits/sec  13.207 ms 0/60 (0%)
[  3] 48.0000-49.0000 sec  76.1 KBytes   623 Kbits/sec  13.598 ms 0/53 (0%)
[  4] 48.0000-49.0000 sec  76.1 KBytes   623 Kbits/sec  13.880 ms 0/53 (0%)
[  2] 48.0000-49.0000 sec  84.7 KBytes   694 Kbits/sec  14.332 ms 0/59 (0%)
[  6] 48.0000-49.0000 sec  76.1 KBytes   623 Kbits/sec  13.747 ms 0/53 (0%)
[  5] 48.0000-49.0000 sec  84.7 KBytes   694 Kbits/sec  14.180 ms 0/59 (0%)
[  7] 48.0000-49.0000 sec  84.7 KBytes   694 Kbits/sec  13.550 ms 0/59 (0%)
[  9] 48.0000-49.0000 sec  86.1 KBytes   706 Kbits/sec  13.935 ms 0/60 (0%)
[  8] 48.0000-49.0000 sec  83.3 KBytes   682 Kbits/sec  12.934 ms 0/58 (0%)
[ 10] 48.0000-49.0000 sec  84.7 KBytes   694 Kbits/sec  14.391 ms 0/59 (0%)
[  1] 49.0000-50.0000 sec  84.7 KBytes   694 Kbits/sec  13.940 ms 0/59 (0%)
[  5] 49.0000-50.0000 sec  76.1 KBytes   623 Kbits/sec  13.790 ms 0/53 (0%)
[  3] 49.0000-50.0000 sec  84.7 KBytes   694 Kbits/sec  14.483 ms 0/59 (0%)
[  2] 49.0000-50.0000 sec  84.7 KBytes   694 Kbits/sec  14.064 ms 0/59 (0%)
[  4] 49.0000-50.0000 sec  84.7 KBytes   694 Kbits/sec  14.329 ms 0/59 (0%)
[  6] 49.0000-50.0000 sec  84.7 KBytes   694 Kbits/sec  14.160 ms 0/59 (0%)
[  8] 49.0000-50.0000 sec  74.6 KBytes   612 Kbits/sec  14.407 ms 0/52 (0%)
[  9] 49.0000-50.0000 sec  84.7 KBytes   694 Kbits/sec  13.313 ms 0/59 (0%)
[ 10] 49.0000-50.0000 sec  84.7 KBytes   694 Kbits/sec  13.126 ms 0/59 (0%)
[  7] 49.0000-50.0000 sec  86.1 KBytes   706 Kbits/sec  14.523 ms 0/60 (0%)
[  1] 50.0000-51.0000 sec  84.7 KBytes   694 Kbits/sec  12.760 ms 0/59 (0%)
[  3] 50.0000-51.0000 sec  64.6 KBytes   529 Kbits/sec  16.189 ms 0/45 (0%)
[  4] 50.0000-51.0000 sec  63.2 KBytes   517 Kbits/sec  16.641 ms 0/44 (0%)
[  2] 50.0000-51.0000 sec  84.7 KBytes   694 Kbits/sec  13.489 ms 0/59 (0%)
[  6] 50.0000-51.0000 sec  63.2 KBytes   517 Kbits/sec  16.084 ms 0/44 (0%)
[  5] 50.0000-51.0000 sec  93.3 KBytes   764 Kbits/sec  14.385 ms 0/65 (0%)
[ 10] 50.0000-51.0000 sec  73.2 KBytes   600 Kbits/sec  16.230 ms 0/51 (0%)
[  7] 50.0000-51.0000 sec  63.2 KBytes   517 Kbits/sec  15.858 ms 0/44 (0%)
[  9] 50.0000-51.0000 sec  81.8 KBytes   670 Kbits/sec  17.638 ms 0/57 (0%)
[  8] 50.0000-51.0000 sec  73.2 KBytes   600 Kbits/sec  15.704 ms 0/51 (0%)
[  1] 51.0000-52.0000 sec  84.7 KBytes   694 Kbits/sec  13.492 ms 0/59 (0%)
[  3] 51.0000-52.0000 sec  74.6 KBytes   612 Kbits/sec  15.330 ms 0/52 (0%)
[  5] 51.0000-52.0000 sec  79.0 KBytes   647 Kbits/sec  17.245 ms 0/55 (0%)
[  2] 51.0000-52.0000 sec  83.3 KBytes   682 Kbits/sec  12.984 ms 0/58 (0%)
[  4] 51.0000-52.0000 sec  73.2 KBytes   600 Kbits/sec  15.090 ms 0/51 (0%)
[  6] 51.0000-52.0000 sec  73.2 KBytes   600 Kbits/sec  15.702 ms 0/51 (0%)
[  7] 51.0000-52.0000 sec  74.6 KBytes   612 Kbits/sec  15.847 ms 0/52 (0%)
[  9] 51.0000-52.0000 sec  86.1 KBytes   706 Kbits/sec  12.387 ms 0/60 (0%)
[  8] 51.0000-52.0000 sec  74.6 KBytes   612 Kbits/sec  15.148 ms 0/52 (0%)
[ 10] 51.0000-52.0000 sec  96.2 KBytes   788 Kbits/sec  12.266 ms 1/68 (1.5%)
[  2] 52.0000-53.0000 sec  73.2 KBytes   600 Kbits/sec  14.383 ms 0/51 (0%)
[  3] 52.0000-53.0000 sec  86.1 KBytes   706 Kbits/sec  13.800 ms 0/60 (0%)
[  1] 52.0000-53.0000 sec  84.7 KBytes   694 Kbits/sec  15.872 ms 0/59 (0%)
[  4] 52.0000-53.0000 sec  84.7 KBytes   694 Kbits/sec  14.412 ms 0/59 (0%)
[  5] 52.0000-53.0000 sec  83.3 KBytes   682 Kbits/sec  15.235 ms 0/58 (0%)
[  6] 52.0000-53.0000 sec  86.1 KBytes   706 Kbits/sec  14.792 ms 0/60 (0%)
[  9] 52.0000-53.0000 sec  76.1 KBytes   623 Kbits/sec  15.226 ms 0/53 (0%)
[  7] 52.0000-53.0000 sec  73.2 KBytes   600 Kbits/sec  16.843 ms 0/51 (0%)
[  8] 52.0000-53.0000 sec  73.2 KBytes   600 Kbits/sec  17.206 ms 0/51 (0%)
[ 10] 52.0000-53.0000 sec  74.6 KBytes   612 Kbits/sec  14.958 ms 0/52 (0%)
[  3] 53.0000-54.0000 sec  63.2 KBytes   517 Kbits/sec  17.213 ms 0/44 (0%)
[  1] 53.0000-54.0000 sec  76.1 KBytes   623 Kbits/sec  15.275 ms 0/53 (0%)
[  4] 53.0000-54.0000 sec  64.6 KBytes   529 Kbits/sec  17.004 ms 0/45 (0%)
[  2] 53.0000-54.0000 sec  84.7 KBytes   694 Kbits/sec  14.492 ms 0/59 (0%)
[  5] 53.0000-54.0000 sec  76.1 KBytes   623 Kbits/sec  14.301 ms 0/53 (0%)
[  6] 53.0000-54.0000 sec  63.2 KBytes   517 Kbits/sec  16.419 ms 0/44 (0%)
[  7] 53.0000-54.0000 sec  76.1 KBytes   623 Kbits/sec  15.229 ms 0/53 (0%)
[  8] 53.0000-54.0000 sec  76.1 KBytes   623 Kbits/sec  14.449 ms 0/53 (0%)
[ 10] 53.0000-54.0000 sec  73.2 KBytes   600 Kbits/sec  14.748 ms 0/51 (0%)
[  9] 53.0000-54.0000 sec  84.7 KBytes   694 Kbits/sec  14.689 ms 0/59 (0%)
[  1] 54.0000-55.0000 sec  73.2 KBytes   600 Kbits/sec  15.760 ms 0/51 (0%)
[  2] 54.0000-55.0000 sec  74.6 KBytes   612 Kbits/sec  15.297 ms 0/52 (0%)
[  5] 54.0000-55.0000 sec  73.2 KBytes   600 Kbits/sec  14.945 ms 0/51 (0%)
[  3] 54.0000-55.0000 sec  84.7 KBytes   694 Kbits/sec  15.539 ms 0/59 (0%)
[  4] 54.0000-55.0000 sec  84.7 KBytes   694 Kbits/sec  15.646 ms 0/59 (0%)
[  6] 54.0000-55.0000 sec  84.7 KBytes   694 Kbits/sec  14.797 ms 0/59 (0%)
[  8] 54.0000-55.0000 sec  73.2 KBytes   600 Kbits/sec  14.139 ms 0/51 (0%)
[ 10] 54.0000-55.0000 sec  76.1 KBytes   623 Kbits/sec  14.154 ms 0/53 (0%)
[  7] 54.0000-55.0000 sec  86.1 KBytes   706 Kbits/sec  13.370 ms 0/60 (0%)
[  9] 54.0000-55.0000 sec  73.2 KBytes   600 Kbits/sec  14.149 ms 0/51 (0%)
[  3] 55.0000-56.0000 sec  73.2 KBytes   600 Kbits/sec  15.609 ms 0/51 (0%)
[  4] 55.0000-56.0000 sec  76.1 KBytes   623 Kbits/sec  16.039 ms 0/53 (0%)
[  1] 55.0000-56.0000 sec  84.7 KBytes   694 Kbits/sec  14.536 ms 0/59 (0%)
[  2] 55.0000-56.0000 sec  84.7 KBytes   694 Kbits/sec  14.093 ms 0/59 (0%)
[  6] 55.0000-56.0000 sec  74.6 KBytes   612 Kbits/sec  16.397 ms 0/52 (0%)
[  5] 55.0000-56.0000 sec  84.7 KBytes   694 Kbits/sec  13.706 ms 0/59 (0%)
[  7] 55.0000-56.0000 sec  73.2 KBytes   600 Kbits/sec  14.017 ms 0/51 (0%)
[  8] 55.0000-56.0000 sec  84.7 KBytes   694 Kbits/sec  14.824 ms 0/59 (0%)
[ 10] 55.0000-56.0000 sec  84.7 KBytes   694 Kbits/sec  14.447 ms 0/59 (0%)
[  9] 55.0000-56.0000 sec  84.7 KBytes   694 Kbits/sec  14.418 ms 0/59 (0%)
[  1] 56.0000-57.0000 sec  76.1 KBytes   623 Kbits/sec  14.408 ms 0/53 (0%)
[  3] 56.0000-57.0000 sec  84.7 KBytes   694 Kbits/sec  13.295 ms 0/59 (0%)
[  4] 56.0000-57.0000 sec  84.7 KBytes   694 Kbits/sec  13.582 ms 0/59 (0%)
[  5] 56.0000-57.0000 sec  74.6 KBytes   612 Kbits/sec  14.434 ms 0/52 (0%)
[  2] 56.0000-57.0000 sec  73.2 KBytes   600 Kbits/sec  14.462 ms 0/51 (0%)
[  6] 56.0000-57.0000 sec  86.1 KBytes   706 Kbits/sec  13.217 ms 0/60 (0%)
[  7] 56.0000-57.0000 sec  84.7 KBytes   694 Kbits/sec  13.446 ms 0/59 (0%)
[  8] 56.0000-57.0000 sec  84.7 KBytes   694 Kbits/sec  14.140 ms 0/59 (0%)
[ 10] 56.0000-57.0000 sec  73.2 KBytes   600 Kbits/sec  15.744 ms 0/51 (0%)
[  9] 56.0000-57.0000 sec  76.1 KBytes   623 Kbits/sec  15.502 ms 0/53 (0%)
[  1] 57.0000-58.0000 sec  84.7 KBytes   694 Kbits/sec  11.958 ms 0/59 (0%)
[  2] 57.0000-58.0000 sec  86.1 KBytes   706 Kbits/sec  11.508 ms 0/60 (0%)
[  5] 57.0000-58.0000 sec  84.7 KBytes   694 Kbits/sec  12.403 ms 0/59 (0%)
[  3] 57.0000-58.0000 sec  84.7 KBytes   694 Kbits/sec  14.153 ms 0/59 (0%)
[  4] 57.0000-58.0000 sec  84.7 KBytes   694 Kbits/sec  13.879 ms 0/59 (0%)
[  6] 57.0000-58.0000 sec  84.7 KBytes   694 Kbits/sec  14.184 ms 0/59 (0%)
[ 10] 57.0000-58.0000 sec  86.1 KBytes   706 Kbits/sec  20.279 ms 0/60 (0%)
[  9] 57.0000-58.0000 sec  84.7 KBytes   694 Kbits/sec  13.170 ms 0/59 (0%)
[  7] 57.0000-58.0000 sec  84.7 KBytes   694 Kbits/sec  13.778 ms 0/59 (0%)
[  8] 57.0000-58.0000 sec  84.7 KBytes   694 Kbits/sec  14.318 ms 0/59 (0%)
[  1] 58.0000-59.0000 sec  86.1 KBytes   706 Kbits/sec  13.267 ms 0/60 (0%)
[  2] 58.0000-59.0000 sec  84.7 KBytes   694 Kbits/sec  13.475 ms 0/59 (0%)
[  5] 58.0000-59.0000 sec  86.1 KBytes   706 Kbits/sec  13.292 ms 0/60 (0%)
[  3] 58.0000-59.0000 sec  84.7 KBytes   694 Kbits/sec  14.403 ms 0/59 (0%)
[  4] 58.0000-59.0000 sec  86.1 KBytes   706 Kbits/sec  13.477 ms 0/60 (0%)
[  6] 58.0000-59.0000 sec  84.7 KBytes   694 Kbits/sec  14.238 ms 0/59 (0%)
[ 10] 58.0000-59.0000 sec  83.3 KBytes   682 Kbits/sec  14.757 ms 0/58 (0%)
[  9] 58.0000-59.0000 sec  84.7 KBytes   694 Kbits/sec  14.533 ms 0/59 (0%)
[  7] 58.0000-59.0000 sec  84.7 KBytes   694 Kbits/sec  12.738 ms 0/59 (0%)
[  8] 58.0000-59.0000 sec  84.7 KBytes   694 Kbits/sec  14.145 ms 0/59 (0%)
[  4] 59.0000-60.0000 sec  73.2 KBytes   600 Kbits/sec  13.376 ms 0/51 (0%)
[  4] 0.0000-60.0038 sec  4.62 MBytes   646 Kbits/sec  20.580 ms 2555/5854 (44%)
[  4] 0.0000-60.0038 sec  1 datagrams received out-of-order
[  6] 59.0000-60.0000 sec  73.2 KBytes   600 Kbits/sec  14.696 ms 0/51 (0%)
[  2] 59.0000-60.0000 sec  96.2 KBytes   788 Kbits/sec  12.870 ms 0/67 (0%)
[  1] 59.0000-60.0000 sec  93.3 KBytes   764 Kbits/sec  12.974 ms 0/65 (0%)
[  6] 0.0000-60.0023 sec  4.62 MBytes   646 Kbits/sec  21.910 ms 2624/5921 (44%)
[  6] 0.0000-60.0023 sec  1 datagrams received out-of-order
[  2] 0.0000-60.0955 sec  4.51 MBytes   630 Kbits/sec  18.493 ms 1251/4472 (28%)
[  2] 0.0000-60.0955 sec  1 datagrams received out-of-order
[  1] 0.0000-60.0985 sec  4.51 MBytes   630 Kbits/sec  20.914 ms 1241/4462 (28%)
[  1] 0.0000-60.0985 sec  1 datagrams received out-of-order
[  5] 59.0000-60.0000 sec  94.7 KBytes   776 Kbits/sec  12.727 ms 0/66 (0%)
[  3] 59.0000-60.0000 sec  86.1 KBytes   706 Kbits/sec  13.746 ms 0/60 (0%)
[  5] 0.0000-60.0852 sec  4.51 MBytes   629 Kbits/sec  19.731 ms 1245/4462 (28%)
[  5] 0.0000-60.0852 sec  1 datagrams received out-of-order
[  3] 0.0000-60.1059 sec  4.63 MBytes   646 Kbits/sec  21.060 ms 2618/5923 (44%)
[  3] 0.0000-60.1059 sec  1 datagrams received out-of-order
[ 11] local 12.1.1.1 port 5001 connected with 12.1.1.38 port 50234
[  8] 59.0000-60.0000 sec  77.5 KBytes   635 Kbits/sec  13.405 ms 0/54 (0%)
[ 10] 59.0000-60.0000 sec  97.6 KBytes   800 Kbits/sec  11.726 ms 0/68 (0%)
[  8] 0.0000-60.0322 sec  4.14 MBytes   579 Kbits/sec  18.903 ms 0/2955 (0%)
[  9] 59.0000-60.0000 sec  94.7 KBytes   776 Kbits/sec  11.684 ms 0/66 (0%)
[ 10] 0.0000-60.0033 sec  2.70 MBytes   377 Kbits/sec  16.529 ms 1/1926 (0.052%)
[  9] 0.0000-60.0384 sec  2.64 MBytes   369 Kbits/sec  17.922 ms 0/1884 (0%)
[  7] 59.0000-60.0000 sec  84.7 KBytes   694 Kbits/sec  14.020 ms 0/59 (0%)
[  7] 0.0000-60.1371 sec  4.15 MBytes   579 Kbits/sec  22.357 ms 0/2960 (0%)
[ 11] 0.0000-1.0000 sec  97.6 KBytes   800 Kbits/sec  12.030 ms 4483/4551 (99%)
[ 11] 1.0000-2.0000 sec  84.7 KBytes   694 Kbits/sec  14.913 ms 0/59 (0%)
[ 11] 2.0000-3.0000 sec  77.5 KBytes   635 Kbits/sec  13.514 ms 0/54 (0%)
[ 11] 3.0000-4.0000 sec  84.7 KBytes   694 Kbits/sec  12.524 ms 0/59 (0%)
[ 11] 4.0000-5.0000 sec  84.7 KBytes   694 Kbits/sec  14.473 ms 0/59 (0%)
[ 11] 5.0000-6.0000 sec  76.1 KBytes   623 Kbits/sec  14.427 ms 0/53 (0%)
[ 11] 6.0000-7.0000 sec  79.0 KBytes   647 Kbits/sec  16.919 ms 0/55 (0%)
[ 11] 7.0000-8.0000 sec  90.4 KBytes   741 Kbits/sec  13.020 ms 0/63 (0%)
[ 11] 8.0000-9.0000 sec  73.2 KBytes   600 Kbits/sec  14.824 ms 0/51 (0%)
[ 11] 9.0000-10.0000 sec  84.7 KBytes   694 Kbits/sec  13.447 ms 0/59 (0%)
[ 11] 10.0000-11.0000 sec  84.7 KBytes   694 Kbits/sec  13.646 ms 0/59 (0%)
[ 11] 11.0000-12.0000 sec  84.7 KBytes   694 Kbits/sec  14.048 ms 0/59 (0%)
[ 11] 12.0000-13.0000 sec  86.1 KBytes   706 Kbits/sec  15.178 ms 0/60 (0%)
[ 11] 13.0000-14.0000 sec  63.2 KBytes   517 Kbits/sec  18.180 ms 0/44 (0%)
[ 11] 14.0000-15.0000 sec  64.6 KBytes   529 Kbits/sec  17.278 ms 0/45 (0%)
[ 11] 15.0000-16.0000 sec  84.7 KBytes   694 Kbits/sec  13.999 ms 0/59 (0%)
[ 11] 16.0000-17.0000 sec  84.7 KBytes   694 Kbits/sec  14.339 ms 0/59 (0%)
[ 11] 17.0000-18.0000 sec  76.1 KBytes   623 Kbits/sec  15.269 ms 0/53 (0%)
[ 11] 18.0000-19.0000 sec  73.2 KBytes   600 Kbits/sec  14.951 ms 0/51 (0%)
[ 11] 19.0000-20.0000 sec  84.7 KBytes   694 Kbits/sec  14.943 ms 0/59 (0%)
[ 11] 20.0000-21.0000 sec  74.6 KBytes   612 Kbits/sec  16.179 ms 0/52 (0%)
[ 11] 21.0000-22.0000 sec  73.2 KBytes   600 Kbits/sec  13.477 ms 0/51 (0%)
[ 11] 22.0000-23.0000 sec  84.7 KBytes   694 Kbits/sec  14.908 ms 0/59 (0%)
[ 11] 23.0000-24.0000 sec  76.1 KBytes   623 Kbits/sec  14.720 ms 0/53 (0%)
[ 11] 24.0000-25.0000 sec  84.7 KBytes   694 Kbits/sec  14.709 ms 0/59 (0%)
[ 11] 25.0000-26.0000 sec  73.2 KBytes   600 Kbits/sec  15.225 ms 0/51 (0%)
[ 11] 26.0000-27.0000 sec  84.7 KBytes   694 Kbits/sec  14.418 ms 0/59 (0%)
[ 11] 27.0000-28.0000 sec  76.1 KBytes   623 Kbits/sec  15.650 ms 0/53 (0%)
[ 11] 28.0000-29.0000 sec  86.1 KBytes   706 Kbits/sec  13.810 ms 0/60 (0%)
[ 11] 29.0000-30.0000 sec  84.7 KBytes   694 Kbits/sec  12.901 ms 0/59 (0%)
[ 11] 30.0000-31.0000 sec  73.2 KBytes   600 Kbits/sec  13.436 ms 0/51 (0%)
[ 11] 31.0000-32.0000 sec  63.2 KBytes   517 Kbits/sec  18.815 ms 0/44 (0%)
[ 11] 32.0000-33.0000 sec  74.6 KBytes   612 Kbits/sec  16.047 ms 0/52 (0%)
[ 11] 33.0000-34.0000 sec  73.2 KBytes   600 Kbits/sec  13.988 ms 0/51 (0%)
[ 11] 34.0000-35.0000 sec  84.7 KBytes   694 Kbits/sec  14.713 ms 0/59 (0%)
[ 11] 35.0000-36.0000 sec  76.1 KBytes   623 Kbits/sec  15.187 ms 0/53 (0%)
[ 11] 36.0000-37.0000 sec  84.7 KBytes   694 Kbits/sec  14.164 ms 0/59 (0%)
[ 11] 37.0000-38.0000 sec  73.2 KBytes   600 Kbits/sec  15.329 ms 0/51 (0%)
[ 11] 38.0000-39.0000 sec  84.7 KBytes   694 Kbits/sec  15.200 ms 0/59 (0%)
[ 11] 39.0000-40.0000 sec  76.1 KBytes   623 Kbits/sec  14.754 ms 0/53 (0%)
[ 11] 40.0000-41.0000 sec  73.2 KBytes   600 Kbits/sec  15.918 ms 0/51 (0%)
[ 11] 41.0000-42.0000 sec  76.1 KBytes   623 Kbits/sec  16.148 ms 0/53 (0%)
[ 11] 42.0000-43.0000 sec  73.2 KBytes   600 Kbits/sec  15.360 ms 0/51 (0%)
[ 11] 43.0000-44.0000 sec  84.7 KBytes   694 Kbits/sec  13.859 ms 0/59 (0%)
[ 11] 44.0000-45.0000 sec  74.6 KBytes   612 Kbits/sec  15.393 ms 0/52 (0%)
[ 11] 45.0000-46.0000 sec  84.7 KBytes   694 Kbits/sec  13.707 ms 0/59 (0%)
[ 11] 46.0000-47.0000 sec  73.2 KBytes   600 Kbits/sec  14.408 ms 0/51 (0%)
[ 11] 47.0000-48.0000 sec  84.7 KBytes   694 Kbits/sec  14.348 ms 0/59 (0%)
[ 11] 48.0000-49.0000 sec  74.6 KBytes   612 Kbits/sec  15.907 ms 0/52 (0%)
[ 11] 49.0000-50.0000 sec  73.2 KBytes   600 Kbits/sec  14.377 ms 0/51 (0%)
[ 11] 50.0000-51.0000 sec  86.1 KBytes   706 Kbits/sec  15.771 ms 0/60 (0%)
[ 11] 51.0000-52.0000 sec  76.1 KBytes   623 Kbits/sec  13.920 ms 0/53 (0%)
[ 11] 52.0000-53.0000 sec  84.7 KBytes   694 Kbits/sec  13.613 ms 0/59 (0%)
[ 11] 53.0000-54.0000 sec  73.2 KBytes   600 Kbits/sec  14.963 ms 0/51 (0%)
[ 11] 54.0000-55.0000 sec  84.7 KBytes   694 Kbits/sec  13.950 ms 0/59 (0%)
[ 11] 55.0000-56.0000 sec  84.7 KBytes   694 Kbits/sec  15.114 ms 0/59 (0%)
[ 11] 56.0000-57.0000 sec  76.1 KBytes   623 Kbits/sec  14.188 ms 0/53 (0%)
[ 11] 57.0000-58.0000 sec  73.2 KBytes   600 Kbits/sec  14.656 ms 0/51 (0%)
[ 11] 58.0000-59.0000 sec  83.3 KBytes   682 Kbits/sec  14.922 ms 0/58 (0%)
[ 11] 59.0000-60.0000 sec  74.6 KBytes   612 Kbits/sec  14.858 ms 0/52 (0%)
[ 11] 0.0000-60.0655 sec  4.64 MBytes   648 Kbits/sec  20.304 ms 4483/7793 (58%)
