------------------------------------------------------------
Server listening on UDP port 5001
UDP buffer size:  208 KByte (default)
------------------------------------------------------------
[  1] local 12.1.1.1 port 5001 connected with 12.1.1.41 port 34406
[  2] local 12.1.1.1 port 5001 connected with 12.1.1.39 port 57467
[  3] local 12.1.1.1 port 5001 connected with 12.1.1.36 port 42295
[  4] local 12.1.1.1 port 5001 connected with 12.1.1.33 port 50915
[  5] local 12.1.1.1 port 5001 connected with 12.1.1.40 port 36023
[  6] local 12.1.1.1 port 5001 connected with 12.1.1.37 port 33910
[  7] local 12.1.1.1 port 5001 connected with 12.1.1.34 port 46339
[  8] local 12.1.1.1 port 5001 connected with 12.1.1.35 port 46006
[  9] local 12.1.1.1 port 5001 connected with 12.1.1.32 port 55215
[ 10] local 12.1.1.1 port 5001 connected with 12.1.1.38 port 57931
[ ID] Interval       Transfer     Bandwidth        Jitter   Lost/Total Datagrams
[  3] 0.0000-1.0000 sec  76.1 KBytes   623 Kbits/sec  17.434 ms 6683/6736 (99%)
[  4] 0.0000-1.0000 sec  79.0 KBytes   647 Kbits/sec  36.437 ms 6931/6986 (99%)
[  7] 0.0000-1.0000 sec  74.6 KBytes   612 Kbits/sec  20.817 ms 6753/6805 (99%)
[  1] 0.0000-1.0000 sec  86.1 KBytes   706 Kbits/sec  15.357 ms 2003/2063 (97%)
[  2] 0.0000-1.0000 sec  86.1 KBytes   706 Kbits/sec  14.652 ms 2008/2068 (97%)
[  9] 0.0000-1.0000 sec  73.2 KBytes   600 Kbits/sec  32.105 ms 6981/7032 (99%)
[  8] 0.0000-1.0000 sec  81.8 KBytes   670 Kbits/sec  21.859 ms 6755/6812 (99%)
[  6] 0.0000-1.0000 sec  83.3 KBytes   682 Kbits/sec  15.318 ms 2015/2073 (97%)
[  5] 0.0000-1.0000 sec  84.7 KBytes   694 Kbits/sec  14.872 ms 2007/2066 (97%)
[ 10] 0.0000-1.0000 sec  84.7 KBytes   694 Kbits/sec  14.789 ms 2035/2094 (97%)
[  1] 1.0000-2.0000 sec  76.1 KBytes   623 Kbits/sec  11.676 ms 171/224 (76%)
[  2] 1.0000-2.0000 sec  73.2 KBytes   600 Kbits/sec  14.800 ms 0/51 (0%)
[  6] 1.0000-2.0000 sec  73.2 KBytes   600 Kbits/sec  14.206 ms 40/91 (44%)
[  7] 1.0000-2.0000 sec  76.1 KBytes   623 Kbits/sec  29.656 ms 414/467 (89%)
[  8] 1.0000-2.0000 sec  73.2 KBytes   600 Kbits/sec  20.186 ms 342/393 (87%)
[  3] 1.0000-2.0000 sec  84.7 KBytes   694 Kbits/sec  35.275 ms 707/766 (92%)
[  5] 1.0000-2.0000 sec  76.1 KBytes   623 Kbits/sec  20.958 ms 0/53 (0%)
[  4] 1.0000-2.0000 sec  84.7 KBytes   694 Kbits/sec  25.078 ms 295/354 (83%)
[ 10] 1.0000-2.0000 sec  84.7 KBytes   694 Kbits/sec  18.141 ms 230/289 (80%)
[  9] 1.0000-2.0000 sec  84.7 KBytes   694 Kbits/sec  24.943 ms 307/366 (84%)
[  3] 2.0000-3.0000 sec  73.2 KBytes   600 Kbits/sec  30.908 ms 331/382 (87%)
[  1] 2.0000-3.0000 sec  84.7 KBytes   694 Kbits/sec  20.449 ms 277/336 (82%)
[  4] 2.0000-3.0000 sec  67.5 KBytes   553 Kbits/sec  25.242 ms 242/289 (84%)
[  9] 2.0000-3.0000 sec  76.1 KBytes   623 Kbits/sec  21.313 ms 412/465 (89%)
[  7] 2.0000-3.0000 sec  80.4 KBytes   659 Kbits/sec  17.978 ms 335/391 (86%)
[  6] 2.0000-3.0000 sec  76.1 KBytes   623 Kbits/sec  25.630 ms 268/321 (83%)
[  2] 2.0000-3.0000 sec  84.7 KBytes   694 Kbits/sec  17.620 ms 432/491 (88%)
[  8] 2.0000-3.0000 sec  80.4 KBytes   659 Kbits/sec  20.016 ms 421/477 (88%)
[  5] 2.0000-3.0000 sec  83.3 KBytes   682 Kbits/sec  21.932 ms 498/556 (90%)
[ 10] 2.0000-3.0000 sec  76.1 KBytes   623 Kbits/sec  21.840 ms 280/333 (84%)
[  2] 3.0000-4.0000 sec  60.3 KBytes   494 Kbits/sec  17.811 ms 269/311 (86%)
[  6] 3.0000-4.0000 sec  71.8 KBytes   588 Kbits/sec  17.842 ms 345/395 (87%)
[  3] 3.0000-4.0000 sec  74.6 KBytes   612 Kbits/sec  13.213 ms 190/242 (79%)
[  1] 3.0000-4.0000 sec  73.2 KBytes   600 Kbits/sec  20.078 ms 274/325 (84%)
[  7] 3.0000-4.0000 sec  79.0 KBytes   647 Kbits/sec  38.834 ms 716/771 (93%)
[  9] 3.0000-4.0000 sec  73.2 KBytes   600 Kbits/sec  17.010 ms 298/349 (85%)
[  5] 3.0000-4.0000 sec  73.2 KBytes   600 Kbits/sec  20.006 ms 295/346 (85%)
[  4] 3.0000-4.0000 sec  74.6 KBytes   612 Kbits/sec  22.673 ms 336/388 (87%)
[  8] 3.0000-4.0000 sec  73.2 KBytes   600 Kbits/sec  23.444 ms 305/356 (86%)
[ 10] 3.0000-4.0000 sec  67.5 KBytes   553 Kbits/sec  21.070 ms 161/208 (77%)
[  1] 4.0000-5.0000 sec  74.6 KBytes   612 Kbits/sec  31.565 ms 519/571 (91%)
[  8] 4.0000-5.0000 sec  79.0 KBytes   647 Kbits/sec  39.169 ms 715/770 (93%)
[  5] 4.0000-5.0000 sec  77.5 KBytes   635 Kbits/sec  18.827 ms 302/356 (85%)
[  2] 4.0000-5.0000 sec  86.1 KBytes   706 Kbits/sec  19.035 ms 358/418 (86%)
[  4] 4.0000-5.0000 sec  89.0 KBytes   729 Kbits/sec  22.032 ms 714/776 (92%)
[  7] 4.0000-5.0000 sec  84.7 KBytes   694 Kbits/sec  25.797 ms 320/379 (84%)
[  6] 4.0000-5.0000 sec  84.7 KBytes   694 Kbits/sec  20.846 ms 480/539 (89%)
[ 10] 4.0000-5.0000 sec  80.4 KBytes   659 Kbits/sec  37.639 ms 723/779 (93%)
[  9] 4.0000-5.0000 sec  84.7 KBytes   694 Kbits/sec  25.987 ms 565/624 (91%)
[  3] 4.0000-5.0000 sec  76.1 KBytes   623 Kbits/sec  23.056 ms 374/427 (88%)
[  4] 5.0000-6.0000 sec  64.6 KBytes   529 Kbits/sec  36.118 ms 401/446 (90%)
[  2] 5.0000-6.0000 sec  76.1 KBytes   623 Kbits/sec  22.778 ms 319/372 (86%)
[  8] 5.0000-6.0000 sec  77.5 KBytes   635 Kbits/sec  32.441 ms 333/387 (86%)
[  1] 5.0000-6.0000 sec  86.1 KBytes   706 Kbits/sec  22.939 ms 382/442 (86%)
[  5] 5.0000-6.0000 sec  83.3 KBytes   682 Kbits/sec  17.717 ms 401/459 (87%)
[  3] 5.0000-6.0000 sec  81.8 KBytes   670 Kbits/sec  34.166 ms 714/771 (93%)
[  6] 5.0000-6.0000 sec  84.7 KBytes   694 Kbits/sec  16.871 ms 383/442 (87%)
[ 10] 5.0000-6.0000 sec  84.7 KBytes   694 Kbits/sec  19.644 ms 236/295 (80%)
[  7] 5.0000-6.0000 sec  73.2 KBytes   600 Kbits/sec  27.311 ms 389/440 (88%)
[  9] 5.0000-6.0000 sec  74.6 KBytes   612 Kbits/sec  28.574 ms 403/455 (89%)
[  2] 6.0000-7.0000 sec  83.3 KBytes   682 Kbits/sec  28.061 ms 639/697 (92%)
[  1] 6.0000-7.0000 sec  66.0 KBytes   541 Kbits/sec  25.510 ms 201/247 (81%)
[  6] 6.0000-7.0000 sec  66.0 KBytes   541 Kbits/sec  24.692 ms 345/391 (88%)
[  5] 6.0000-7.0000 sec  74.6 KBytes   612 Kbits/sec  40.465 ms 755/807 (94%)
[  3] 6.0000-7.0000 sec  74.6 KBytes   612 Kbits/sec  27.763 ms 286/338 (85%)
[  4] 6.0000-7.0000 sec  84.7 KBytes   694 Kbits/sec  21.011 ms 294/353 (83%)
[  7] 6.0000-7.0000 sec  74.6 KBytes   612 Kbits/sec  20.525 ms 288/340 (85%)
[  9] 6.0000-7.0000 sec  73.2 KBytes   600 Kbits/sec  19.888 ms 298/349 (85%)
[  8] 6.0000-7.0000 sec  84.7 KBytes   694 Kbits/sec  16.933 ms 187/246 (76%)
[ 10] 6.0000-7.0000 sec  77.5 KBytes   635 Kbits/sec  23.011 ms 336/390 (86%)
[  2] 7.0000-8.0000 sec  83.3 KBytes   682 Kbits/sec  17.421 ms 300/358 (84%)
[  3] 7.0000-8.0000 sec  79.0 KBytes   647 Kbits/sec  19.591 ms 164/219 (75%)
[  1] 7.0000-8.0000 sec  93.3 KBytes   764 Kbits/sec  19.915 ms 649/714 (91%)
[  4] 7.0000-8.0000 sec  84.7 KBytes   694 Kbits/sec  14.458 ms 267/326 (82%)
[  7] 7.0000-8.0000 sec  84.7 KBytes   694 Kbits/sec  16.859 ms 329/388 (85%)
[  5] 7.0000-8.0000 sec  84.7 KBytes   694 Kbits/sec  25.803 ms 298/357 (83%)
[  6] 7.0000-8.0000 sec  94.7 KBytes   776 Kbits/sec  19.871 ms 683/749 (91%)
[  9] 7.0000-8.0000 sec  84.7 KBytes   694 Kbits/sec  16.277 ms 260/319 (82%)
[  8] 7.0000-8.0000 sec  84.7 KBytes   694 Kbits/sec  28.947 ms 645/704 (92%)
[ 10] 7.0000-8.0000 sec  80.4 KBytes   659 Kbits/sec  31.704 ms 685/741 (92%)
[  8] 8.0000-9.0000 sec  84.7 KBytes   694 Kbits/sec  26.534 ms 351/410 (86%)
[  4] 8.0000-9.0000 sec  89.0 KBytes   729 Kbits/sec  17.760 ms 365/427 (85%)
[  2] 8.0000-9.0000 sec  74.6 KBytes   612 Kbits/sec  25.072 ms 504/556 (91%)
[  3] 8.0000-9.0000 sec   103 KBytes   847 Kbits/sec  21.527 ms 685/757 (90%)
[  1] 8.0000-9.0000 sec  73.2 KBytes   600 Kbits/sec  22.702 ms 345/396 (87%)
[  5] 8.0000-9.0000 sec  74.6 KBytes   612 Kbits/sec  26.539 ms 337/389 (87%)
[  7] 8.0000-9.0000 sec  94.7 KBytes   776 Kbits/sec  18.773 ms 574/640 (90%)
[  6] 8.0000-9.0000 sec  73.2 KBytes   600 Kbits/sec  20.769 ms 179/230 (78%)
[ 10] 8.0000-9.0000 sec  76.1 KBytes   623 Kbits/sec  31.230 ms 305/358 (85%)
[  9] 8.0000-9.0000 sec  97.6 KBytes   800 Kbits/sec  16.477 ms 568/636 (89%)
[  1] 9.0000-10.0000 sec  67.5 KBytes   553 Kbits/sec  25.047 ms 333/380 (88%)
[  3] 9.0000-10.0000 sec  73.2 KBytes   600 Kbits/sec  58.999 ms 629/680 (92%)
[  4] 9.0000-10.0000 sec  80.4 KBytes   659 Kbits/sec  39.547 ms 810/866 (94%)
[  2] 9.0000-10.0000 sec  73.2 KBytes   600 Kbits/sec  23.400 ms 334/385 (87%)
[  7] 9.0000-10.0000 sec  76.1 KBytes   623 Kbits/sec  18.889 ms 363/416 (87%)
[  8] 9.0000-10.0000 sec  81.8 KBytes   670 Kbits/sec  19.779 ms 364/421 (86%)
[  9] 9.0000-10.0000 sec  76.1 KBytes   623 Kbits/sec  18.874 ms 364/417 (87%)
[  5] 9.0000-10.0000 sec  73.2 KBytes   600 Kbits/sec  23.417 ms 334/385 (87%)
[ 10] 9.0000-10.0000 sec  73.2 KBytes   600 Kbits/sec  19.165 ms 204/255 (80%)
[  6] 9.0000-10.0000 sec  74.6 KBytes   612 Kbits/sec  18.218 ms 347/399 (87%)
[  3] 10.0000-11.0000 sec  84.7 KBytes   694 Kbits/sec  27.640 ms 291/350 (83%)
[  4] 10.0000-11.0000 sec  84.7 KBytes   694 Kbits/sec  24.063 ms 309/368 (84%)
[  2] 10.0000-11.0000 sec  64.6 KBytes   529 Kbits/sec  26.982 ms 357/402 (89%)
[  1] 10.0000-11.0000 sec  73.2 KBytes   600 Kbits/sec  20.098 ms 189/240 (79%)
[  8] 10.0000-11.0000 sec  84.7 KBytes   694 Kbits/sec  23.112 ms 573/632 (91%)
[  5] 10.0000-11.0000 sec  63.2 KBytes   517 Kbits/sec  24.609 ms 381/425 (90%)
[  6] 10.0000-11.0000 sec  64.6 KBytes   529 Kbits/sec  19.858 ms 372/417 (89%)
[  9] 10.0000-11.0000 sec  83.3 KBytes   682 Kbits/sec  17.937 ms 411/469 (88%)
[ 10] 10.0000-11.0000 sec  64.6 KBytes   529 Kbits/sec  20.286 ms 333/378 (88%)
[  7] 10.0000-11.0000 sec  89.0 KBytes   729 Kbits/sec  20.238 ms 398/460 (87%)
[  3] 11.0000-12.0000 sec  84.7 KBytes   694 Kbits/sec  22.556 ms 345/404 (85%)
[  2] 11.0000-12.0000 sec  84.7 KBytes   694 Kbits/sec  19.119 ms 332/391 (85%)
[  1] 11.0000-12.0000 sec  84.7 KBytes   694 Kbits/sec  41.684 ms 765/824 (93%)
[  5] 11.0000-12.0000 sec  79.0 KBytes   647 Kbits/sec  21.389 ms 203/258 (79%)
[  4] 11.0000-12.0000 sec  86.1 KBytes   706 Kbits/sec  20.710 ms 365/425 (86%)
[  7] 11.0000-12.0000 sec  80.4 KBytes   659 Kbits/sec  20.093 ms 486/542 (90%)
[  6] 11.0000-12.0000 sec  74.6 KBytes   612 Kbits/sec  23.820 ms 326/378 (86%)
[ 10] 11.0000-12.0000 sec  79.0 KBytes   647 Kbits/sec  20.400 ms 331/386 (86%)
[  8] 11.0000-12.0000 sec  86.1 KBytes   706 Kbits/sec  19.747 ms 312/372 (84%)
[  9] 11.0000-12.0000 sec  86.1 KBytes   706 Kbits/sec  28.618 ms 634/694 (91%)
[  2] 12.0000-13.0000 sec  76.1 KBytes   623 Kbits/sec  20.498 ms 416/469 (89%)
[  5] 12.0000-13.0000 sec  73.2 KBytes   600 Kbits/sec  27.518 ms 368/419 (88%)
[  3] 12.0000-13.0000 sec  84.7 KBytes   694 Kbits/sec  17.746 ms 290/349 (83%)
[  1] 12.0000-13.0000 sec  73.2 KBytes   600 Kbits/sec  30.412 ms 323/374 (86%)
[  9] 12.0000-13.0000 sec  73.2 KBytes   600 Kbits/sec  22.699 ms 377/428 (88%)
[  4] 12.0000-13.0000 sec  84.7 KBytes   694 Kbits/sec  16.623 ms 267/326 (82%)
[  7] 12.0000-13.0000 sec  84.7 KBytes   694 Kbits/sec  16.876 ms 302/361 (84%)
[  6] 12.0000-13.0000 sec  84.7 KBytes   694 Kbits/sec  13.540 ms 553/612 (90%)
[ 10] 12.0000-13.0000 sec  73.2 KBytes   600 Kbits/sec  26.208 ms 397/448 (89%)
[  8] 12.0000-13.0000 sec  84.7 KBytes   694 Kbits/sec  22.002 ms 485/544 (89%)
[  2] 13.0000-14.0000 sec  73.2 KBytes   600 Kbits/sec  17.693 ms 337/388 (87%)
[  3] 13.0000-14.0000 sec  73.2 KBytes   600 Kbits/sec  19.109 ms 407/458 (89%)
[  1] 13.0000-14.0000 sec  74.6 KBytes   612 Kbits/sec  20.849 ms 338/390 (87%)
[  5] 13.0000-14.0000 sec  81.8 KBytes   670 Kbits/sec  32.649 ms 710/767 (93%)
[  4] 13.0000-14.0000 sec  68.9 KBytes   564 Kbits/sec  23.899 ms 410/458 (90%)
[  6] 13.0000-14.0000 sec  73.2 KBytes   600 Kbits/sec  16.448 ms 364/415 (88%)
[  7] 13.0000-14.0000 sec  70.3 KBytes   576 Kbits/sec  20.257 ms 404/453 (89%)
[ 10] 13.0000-14.0000 sec  79.0 KBytes   647 Kbits/sec  38.127 ms 724/779 (93%)
[  8] 13.0000-14.0000 sec  74.6 KBytes   612 Kbits/sec  23.991 ms 345/397 (87%)
[  9] 13.0000-14.0000 sec  84.7 KBytes   694 Kbits/sec  23.944 ms 332/391 (85%)
[  2] 14.0000-15.0000 sec  84.7 KBytes   694 Kbits/sec  45.340 ms 675/734 (92%)
[  1] 14.0000-15.0000 sec  84.7 KBytes   694 Kbits/sec  18.389 ms 368/427 (86%)
[  3] 14.0000-15.0000 sec  79.0 KBytes   647 Kbits/sec  20.303 ms 298/353 (84%)
[  4] 14.0000-15.0000 sec  91.9 KBytes   753 Kbits/sec  17.756 ms 508/572 (89%)
[  6] 14.0000-15.0000 sec  76.1 KBytes   623 Kbits/sec  21.456 ms 313/366 (86%)
[  5] 14.0000-15.0000 sec  84.7 KBytes   694 Kbits/sec  18.434 ms 308/367 (84%)
[  7] 14.0000-15.0000 sec  87.6 KBytes   717 Kbits/sec  19.107 ms 511/572 (89%)
[  8] 14.0000-15.0000 sec  84.7 KBytes   694 Kbits/sec  18.078 ms 344/403 (85%)
[ 10] 14.0000-15.0000 sec  84.7 KBytes   694 Kbits/sec  24.582 ms 308/367 (84%)
[  9] 14.0000-15.0000 sec  86.1 KBytes   706 Kbits/sec  17.373 ms 355/415 (86%)
[  2] 15.0000-16.0000 sec  63.2 KBytes   517 Kbits/sec  36.174 ms 189/233 (81%)
[  1] 15.0000-16.0000 sec  64.6 KBytes   529 Kbits/sec  18.746 ms 297/342 (87%)
[  3] 15.0000-16.0000 sec   102 KBytes   835 Kbits/sec  22.346 ms 712/783 (91%)
[  6] 15.0000-16.0000 sec  71.8 KBytes   588 Kbits/sec  20.619 ms 361/411 (88%)
[  5] 15.0000-16.0000 sec  64.6 KBytes   529 Kbits/sec  16.038 ms 193/238 (81%)
[  4] 15.0000-16.0000 sec  93.3 KBytes   764 Kbits/sec  16.424 ms 408/473 (86%)
[ 10] 15.0000-16.0000 sec  63.2 KBytes   517 Kbits/sec  31.446 ms 343/387 (89%)
[  7] 15.0000-16.0000 sec  91.9 KBytes   753 Kbits/sec  19.834 ms 364/428 (85%)
[  8] 15.0000-16.0000 sec  94.7 KBytes   776 Kbits/sec  37.461 ms 730/796 (92%)
[  9] 15.0000-16.0000 sec  96.2 KBytes   788 Kbits/sec  19.174 ms 573/640 (90%)
[  1] 16.0000-17.0000 sec  64.6 KBytes   529 Kbits/sec  12.494 ms 174/219 (79%)
[  3] 16.0000-17.0000 sec  77.5 KBytes   635 Kbits/sec  19.567 ms 184/238 (77%)
[  5] 16.0000-17.0000 sec  63.2 KBytes   517 Kbits/sec  18.327 ms 312/356 (88%)
[  6] 16.0000-17.0000 sec  63.2 KBytes   517 Kbits/sec  19.753 ms 283/327 (87%)
[  4] 16.0000-17.0000 sec  89.0 KBytes   729 Kbits/sec  22.632 ms 660/722 (91%)
[ 10] 16.0000-17.0000 sec  64.6 KBytes   529 Kbits/sec  33.090 ms 324/369 (88%)
[  9] 16.0000-17.0000 sec  84.7 KBytes   694 Kbits/sec  16.330 ms 294/353 (83%)
[  8] 16.0000-17.0000 sec  84.7 KBytes   694 Kbits/sec  23.382 ms 290/349 (83%)
[  2] 16.0000-17.0000 sec  76.1 KBytes   623 Kbits/sec  23.720 ms 321/374 (86%)
[  7] 16.0000-17.0000 sec  99.1 KBytes   811 Kbits/sec  16.232 ms 506/575 (88%)
[  4] 17.0000-18.0000 sec  84.7 KBytes   694 Kbits/sec  16.756 ms 222/281 (79%)
[  2] 17.0000-18.0000 sec  73.2 KBytes   600 Kbits/sec  20.561 ms 400/451 (89%)
[  1] 17.0000-18.0000 sec  84.7 KBytes   694 Kbits/sec  39.994 ms 751/810 (93%)
[  5] 17.0000-18.0000 sec  77.5 KBytes   635 Kbits/sec  23.604 ms 406/460 (88%)
[  6] 17.0000-18.0000 sec  77.5 KBytes   635 Kbits/sec  22.424 ms 411/465 (88%)
[  3] 17.0000-18.0000 sec   102 KBytes   835 Kbits/sec  23.238 ms 741/812 (91%)
[  9] 17.0000-18.0000 sec  81.8 KBytes   670 Kbits/sec  16.851 ms 375/432 (87%)
[ 10] 17.0000-18.0000 sec  84.7 KBytes   694 Kbits/sec  17.551 ms 206/265 (78%)
[  7] 17.0000-18.0000 sec  84.7 KBytes   694 Kbits/sec  43.529 ms 755/814 (93%)
[  8] 17.0000-18.0000 sec  96.2 KBytes   788 Kbits/sec  17.951 ms 464/531 (87%)
[  2] 18.0000-19.0000 sec  96.2 KBytes   788 Kbits/sec  20.342 ms 514/581 (88%)
[  3] 18.0000-19.0000 sec  76.1 KBytes   623 Kbits/sec  22.091 ms 333/386 (86%)
[  5] 18.0000-19.0000 sec   105 KBytes   858 Kbits/sec  19.427 ms 609/682 (89%)
[  1] 18.0000-19.0000 sec  93.3 KBytes   764 Kbits/sec  18.260 ms 297/362 (82%)
[  4] 18.0000-19.0000 sec  74.6 KBytes   612 Kbits/sec  26.535 ms 395/447 (88%)
[  7] 18.0000-19.0000 sec  73.2 KBytes   600 Kbits/sec  34.670 ms 311/362 (86%)
[  6] 18.0000-19.0000 sec   102 KBytes   835 Kbits/sec  19.220 ms 661/732 (90%)
[  8] 18.0000-19.0000 sec  73.2 KBytes   600 Kbits/sec  19.002 ms 336/387 (87%)
[  9] 18.0000-19.0000 sec  89.0 KBytes   729 Kbits/sec  20.479 ms 569/631 (90%)
[ 10] 18.0000-19.0000 sec  97.6 KBytes   800 Kbits/sec  23.734 ms 699/767 (91%)
[  4] 19.0000-20.0000 sec  86.1 KBytes   706 Kbits/sec  23.327 ms 491/551 (89%)
[  3] 19.0000-20.0000 sec  84.7 KBytes   694 Kbits/sec  17.012 ms 382/441 (87%)
[  2] 19.0000-20.0000 sec  73.2 KBytes   600 Kbits/sec  24.637 ms 310/361 (86%)
[  1] 19.0000-20.0000 sec  76.1 KBytes   623 Kbits/sec  20.025 ms 310/363 (85%)
[  7] 19.0000-20.0000 sec  84.7 KBytes   694 Kbits/sec  16.814 ms 183/242 (76%)
[  5] 19.0000-20.0000 sec  73.2 KBytes   600 Kbits/sec  23.674 ms 361/412 (88%)
[  6] 19.0000-20.0000 sec  76.1 KBytes   623 Kbits/sec  21.691 ms 308/361 (85%)
[  8] 19.0000-20.0000 sec  84.7 KBytes   694 Kbits/sec  37.592 ms 631/690 (91%)
[ 10] 19.0000-20.0000 sec  73.2 KBytes   600 Kbits/sec  19.518 ms 188/239 (79%)
[  9] 19.0000-20.0000 sec  80.4 KBytes   659 Kbits/sec  19.495 ms 320/376 (85%)
[  3] 20.0000-21.0000 sec  73.2 KBytes   600 Kbits/sec  18.044 ms 299/350 (85%)
[  1] 20.0000-21.0000 sec  73.2 KBytes   600 Kbits/sec  18.495 ms 358/409 (88%)
[  5] 20.0000-21.0000 sec  74.6 KBytes   612 Kbits/sec  18.442 ms 329/381 (86%)
[  4] 20.0000-21.0000 sec  81.8 KBytes   670 Kbits/sec  17.834 ms 332/389 (85%)
[  8] 20.0000-21.0000 sec  76.1 KBytes   623 Kbits/sec  34.078 ms 329/382 (86%)
[  6] 20.0000-21.0000 sec  73.2 KBytes   600 Kbits/sec  38.434 ms 578/629 (92%)
[  9] 20.0000-21.0000 sec  77.5 KBytes   635 Kbits/sec  34.743 ms 689/743 (93%)
[ 10] 20.0000-21.0000 sec  74.6 KBytes   612 Kbits/sec  17.964 ms 345/397 (87%)
[  2] 20.0000-21.0000 sec  84.7 KBytes   694 Kbits/sec  31.409 ms 569/628 (91%)
[  7] 20.0000-21.0000 sec  84.7 KBytes   694 Kbits/sec  39.325 ms 695/754 (92%)
[  2] 21.0000-22.0000 sec  76.1 KBytes   623 Kbits/sec  23.839 ms 302/355 (85%)
[  3] 21.0000-22.0000 sec  77.5 KBytes   635 Kbits/sec  21.767 ms 350/404 (87%)
[  5] 21.0000-22.0000 sec  84.7 KBytes   694 Kbits/sec  25.676 ms 541/600 (90%)
[  7] 21.0000-22.0000 sec  77.5 KBytes   635 Kbits/sec  24.792 ms 286/340 (84%)
[  6] 21.0000-22.0000 sec  84.7 KBytes   694 Kbits/sec  20.957 ms 359/418 (86%)
[  4] 21.0000-22.0000 sec  86.1 KBytes   706 Kbits/sec  27.763 ms 634/694 (91%)
[ 10] 21.0000-22.0000 sec  79.0 KBytes   647 Kbits/sec  20.645 ms 393/448 (88%)
[  8] 21.0000-22.0000 sec  84.7 KBytes   694 Kbits/sec  18.517 ms 167/226 (74%)
[  1] 21.0000-22.0000 sec  84.7 KBytes   694 Kbits/sec  16.795 ms 356/415 (86%)
[  9] 21.0000-22.0000 sec  84.7 KBytes   694 Kbits/sec  24.920 ms 273/332 (82%)
[  3] 22.0000-23.0000 sec  83.3 KBytes   682 Kbits/sec  31.684 ms 658/716 (92%)
[  4] 22.0000-23.0000 sec  74.6 KBytes   612 Kbits/sec  21.284 ms 321/373 (86%)
[  2] 22.0000-23.0000 sec  73.2 KBytes   600 Kbits/sec  24.552 ms 359/410 (88%)
[  8] 22.0000-23.0000 sec  70.3 KBytes   576 Kbits/sec  20.463 ms 306/355 (86%)
[  1] 22.0000-23.0000 sec  76.1 KBytes   623 Kbits/sec  22.210 ms 505/558 (91%)
[  5] 22.0000-23.0000 sec  73.2 KBytes   600 Kbits/sec  28.189 ms 381/432 (88%)
[  9] 22.0000-23.0000 sec  74.6 KBytes   612 Kbits/sec  19.753 ms 370/422 (88%)
[  6] 22.0000-23.0000 sec  74.6 KBytes   612 Kbits/sec  21.919 ms 318/370 (86%)
[  7] 22.0000-23.0000 sec  84.7 KBytes   694 Kbits/sec  22.795 ms 317/376 (84%)
[ 10] 22.0000-23.0000 sec  79.0 KBytes   647 Kbits/sec  39.651 ms 708/763 (93%)
[  2] 23.0000-24.0000 sec  64.6 KBytes   529 Kbits/sec  29.611 ms 365/410 (89%)
[  4] 23.0000-24.0000 sec  73.2 KBytes   600 Kbits/sec  19.713 ms 191/242 (79%)
[  1] 23.0000-24.0000 sec  63.2 KBytes   517 Kbits/sec  25.760 ms 441/485 (91%)
[  5] 23.0000-24.0000 sec  64.6 KBytes   529 Kbits/sec  31.010 ms 386/431 (90%)
[  9] 23.0000-24.0000 sec  73.2 KBytes   600 Kbits/sec  22.998 ms 318/369 (86%)
[  6] 23.0000-24.0000 sec  63.2 KBytes   517 Kbits/sec  30.373 ms 368/412 (89%)
[  3] 23.0000-24.0000 sec  84.7 KBytes   694 Kbits/sec  22.547 ms 337/396 (85%)
[  7] 23.0000-24.0000 sec  73.2 KBytes   600 Kbits/sec  21.331 ms 373/424 (88%)
[ 10] 23.0000-24.0000 sec  63.2 KBytes   517 Kbits/sec  47.761 ms 402/446 (90%)
[  8] 23.0000-24.0000 sec  87.6 KBytes   717 Kbits/sec  30.433 ms 726/787 (92%)
[  1] 24.0000-25.0000 sec  73.2 KBytes   600 Kbits/sec  21.328 ms 394/445 (89%)
[  3] 24.0000-25.0000 sec  73.2 KBytes   600 Kbits/sec  22.413 ms 355/406 (87%)
[  4] 24.0000-25.0000 sec  74.6 KBytes   612 Kbits/sec  17.572 ms 359/411 (87%)
[  2] 24.0000-25.0000 sec  84.7 KBytes   694 Kbits/sec  20.865 ms 468/527 (89%)
[  8] 24.0000-25.0000 sec  76.1 KBytes   623 Kbits/sec  28.616 ms 345/398 (87%)
[  6] 24.0000-25.0000 sec  84.7 KBytes   694 Kbits/sec  20.514 ms 445/504 (88%)
[  5] 24.0000-25.0000 sec  84.7 KBytes   694 Kbits/sec  19.980 ms 378/437 (86%)
[ 10] 24.0000-25.0000 sec  86.1 KBytes   706 Kbits/sec  25.009 ms 328/388 (85%)
[  9] 24.0000-25.0000 sec  84.7 KBytes   694 Kbits/sec  38.099 ms 569/628 (91%)
[  7] 24.0000-25.0000 sec  84.7 KBytes   694 Kbits/sec  19.226 ms 423/482 (88%)
[  1] 25.0000-26.0000 sec  84.7 KBytes   694 Kbits/sec  15.843 ms 330/389 (85%)
[  4] 25.0000-26.0000 sec  86.1 KBytes   706 Kbits/sec  26.196 ms 697/757 (92%)
[  6] 25.0000-26.0000 sec  73.2 KBytes   600 Kbits/sec  18.673 ms 355/406 (87%)
[  3] 25.0000-26.0000 sec  84.7 KBytes   694 Kbits/sec  18.303 ms 341/400 (85%)
[  7] 25.0000-26.0000 sec  74.6 KBytes   612 Kbits/sec  17.144 ms 295/347 (85%)
[  2] 25.0000-26.0000 sec  84.7 KBytes   694 Kbits/sec  17.773 ms 344/403 (85%)
[  8] 25.0000-26.0000 sec  86.1 KBytes   706 Kbits/sec  19.449 ms 341/401 (85%)
[  5] 25.0000-26.0000 sec  84.7 KBytes   694 Kbits/sec  19.991 ms 427/486 (88%)
[  9] 25.0000-26.0000 sec  86.1 KBytes   706 Kbits/sec  23.171 ms 357/417 (86%)
[ 10] 25.0000-26.0000 sec  84.7 KBytes   694 Kbits/sec  23.576 ms 469/528 (89%)
[  1] 26.0000-27.0000 sec  74.6 KBytes   612 Kbits/sec  19.614 ms 458/510 (90%)
[  7] 26.0000-27.0000 sec  71.8 KBytes   588 Kbits/sec  19.810 ms 290/340 (85%)
[  3] 26.0000-27.0000 sec  76.1 KBytes   623 Kbits/sec  19.283 ms 353/406 (87%)
[  2] 26.0000-27.0000 sec  74.6 KBytes   612 Kbits/sec  18.816 ms 442/494 (89%)
[  4] 26.0000-27.0000 sec  84.7 KBytes   694 Kbits/sec  22.995 ms 281/340 (83%)
[  6] 26.0000-27.0000 sec  84.7 KBytes   694 Kbits/sec  26.974 ms 610/669 (91%)
[ 10] 26.0000-27.0000 sec  74.6 KBytes   612 Kbits/sec  20.540 ms 336/388 (87%)
[  8] 26.0000-27.0000 sec  73.2 KBytes   600 Kbits/sec  20.774 ms 288/339 (85%)
[  5] 26.0000-27.0000 sec  76.1 KBytes   623 Kbits/sec  18.547 ms 360/413 (87%)
[  9] 26.0000-27.0000 sec  74.6 KBytes   612 Kbits/sec  19.673 ms 179/231 (77%)
[  1] 27.0000-28.0000 sec  73.2 KBytes   600 Kbits/sec  20.145 ms 335/386 (87%)
[  3] 27.0000-28.0000 sec  76.1 KBytes   623 Kbits/sec  27.752 ms 511/564 (91%)
[  6] 27.0000-28.0000 sec  70.3 KBytes   576 Kbits/sec  30.385 ms 413/462 (89%)
[  4] 27.0000-28.0000 sec  73.2 KBytes   600 Kbits/sec  20.753 ms 361/412 (88%)
[  2] 27.0000-28.0000 sec  68.9 KBytes   564 Kbits/sec  22.840 ms 335/383 (87%)
[  9] 27.0000-28.0000 sec  73.2 KBytes   600 Kbits/sec  47.317 ms 613/664 (92%)
[  7] 27.0000-28.0000 sec  87.6 KBytes   717 Kbits/sec  28.793 ms 644/705 (91%)
[  5] 27.0000-28.0000 sec  73.2 KBytes   600 Kbits/sec  26.515 ms 573/624 (92%)
[  8] 27.0000-28.0000 sec  84.7 KBytes   694 Kbits/sec  24.140 ms 508/567 (90%)
[ 10] 27.0000-28.0000 sec  73.2 KBytes   600 Kbits/sec  39.184 ms 584/635 (92%)
[  3] 28.0000-29.0000 sec  81.8 KBytes   670 Kbits/sec  22.034 ms 358/415 (86%)
[  4] 28.0000-29.0000 sec  84.7 KBytes   694 Kbits/sec  17.160 ms 297/356 (83%)
[  2] 28.0000-29.0000 sec  80.4 KBytes   659 Kbits/sec  25.178 ms 648/704 (92%)
[  8] 28.0000-29.0000 sec  74.6 KBytes   612 Kbits/sec  21.844 ms 320/372 (86%)
[  1] 28.0000-29.0000 sec  86.1 KBytes   706 Kbits/sec  18.971 ms 604/664 (91%)
[  9] 28.0000-29.0000 sec  84.7 KBytes   694 Kbits/sec  23.152 ms 388/447 (87%)
[  5] 28.0000-29.0000 sec  76.1 KBytes   623 Kbits/sec  20.798 ms 430/483 (89%)
[  6] 28.0000-29.0000 sec  77.5 KBytes   635 Kbits/sec  21.806 ms 366/420 (87%)
[ 10] 28.0000-29.0000 sec  77.5 KBytes   635 Kbits/sec  28.362 ms 411/465 (88%)
[  7] 28.0000-29.0000 sec  81.8 KBytes   670 Kbits/sec  18.816 ms 199/256 (78%)
[  2] 29.0000-30.0000 sec  73.2 KBytes   600 Kbits/sec  20.479 ms 338/389 (87%)
[  1] 29.0000-30.0000 sec  76.1 KBytes   623 Kbits/sec  18.125 ms 388/441 (88%)
[  3] 29.0000-30.0000 sec  64.6 KBytes   529 Kbits/sec  21.457 ms 212/257 (82%)
[  4] 29.0000-30.0000 sec  54.6 KBytes   447 Kbits/sec  19.643 ms 218/256 (85%)
[  5] 29.0000-30.0000 sec  73.2 KBytes   600 Kbits/sec  19.183 ms 322/373 (86%)
[  6] 29.0000-30.0000 sec  76.1 KBytes   623 Kbits/sec  19.879 ms 315/368 (86%)
[ 10] 29.0000-30.0000 sec  71.8 KBytes   588 Kbits/sec  22.880 ms 300/350 (86%)
[  8] 29.0000-30.0000 sec  63.2 KBytes   517 Kbits/sec  23.260 ms 390/434 (90%)
[  9] 29.0000-30.0000 sec  63.2 KBytes   517 Kbits/sec  37.997 ms 301/345 (87%)
[  7] 29.0000-30.0000 sec  63.2 KBytes   517 Kbits/sec  40.874 ms 543/587 (93%)
[  2] 30.0000-31.0000 sec  91.9 KBytes   753 Kbits/sec  18.499 ms 278/342 (81%)
[  4] 30.0000-31.0000 sec  84.7 KBytes   694 Kbits/sec  22.673 ms 673/732 (92%)
[  1] 30.0000-31.0000 sec  84.7 KBytes   694 Kbits/sec  14.816 ms 284/343 (83%)
[  7] 30.0000-31.0000 sec  64.6 KBytes   529 Kbits/sec  39.867 ms 351/396 (89%)
[  6] 30.0000-31.0000 sec  89.0 KBytes   729 Kbits/sec  18.923 ms 329/391 (84%)
[  5] 30.0000-31.0000 sec  86.1 KBytes   706 Kbits/sec  22.714 ms 277/337 (82%)
[  3] 30.0000-31.0000 sec  74.6 KBytes   612 Kbits/sec  17.928 ms 304/356 (85%)
[  9] 30.0000-31.0000 sec  77.5 KBytes   635 Kbits/sec  19.021 ms 180/234 (77%)
[  8] 30.0000-31.0000 sec  73.2 KBytes   600 Kbits/sec  22.847 ms 287/338 (85%)
[ 10] 30.0000-31.0000 sec  97.6 KBytes   800 Kbits/sec  16.233 ms 285/353 (81%)
[  3] 31.0000-32.0000 sec  73.2 KBytes   600 Kbits/sec  45.365 ms 652/703 (93%)
[  2] 31.0000-32.0000 sec  89.0 KBytes   729 Kbits/sec  30.462 ms 670/732 (92%)
[  4] 31.0000-32.0000 sec  73.2 KBytes   600 Kbits/sec  23.737 ms 291/342 (85%)
[  1] 31.0000-32.0000 sec  93.3 KBytes   764 Kbits/sec  13.753 ms 480/545 (88%)
[  8] 31.0000-32.0000 sec  76.1 KBytes   623 Kbits/sec  21.269 ms 330/383 (86%)
[  5] 31.0000-32.0000 sec  94.7 KBytes   776 Kbits/sec  16.693 ms 522/588 (89%)
[  9] 31.0000-32.0000 sec  73.2 KBytes   600 Kbits/sec  18.866 ms 303/354 (86%)
[  6] 31.0000-32.0000 sec  90.4 KBytes   741 Kbits/sec  18.141 ms 495/558 (89%)
[ 10] 31.0000-32.0000 sec  79.0 KBytes   647 Kbits/sec  19.814 ms 359/414 (87%)
[  7] 31.0000-32.0000 sec  84.7 KBytes   694 Kbits/sec  21.274 ms 299/358 (84%)
[  3] 32.0000-33.0000 sec  84.7 KBytes   694 Kbits/sec  27.351 ms 283/342 (83%)
[  5] 32.0000-33.0000 sec  73.2 KBytes   600 Kbits/sec  16.747 ms 332/383 (87%)
[  6] 32.0000-33.0000 sec  74.6 KBytes   612 Kbits/sec  18.474 ms 353/405 (87%)
[  4] 32.0000-33.0000 sec  84.7 KBytes   694 Kbits/sec  19.489 ms 301/360 (84%)
[  8] 32.0000-33.0000 sec  84.7 KBytes   694 Kbits/sec  18.989 ms 368/427 (86%)
[  1] 32.0000-33.0000 sec  76.1 KBytes   623 Kbits/sec  16.355 ms 366/419 (87%)
[ 10] 32.0000-33.0000 sec  79.0 KBytes   647 Kbits/sec  21.822 ms 531/586 (91%)
[  9] 32.0000-33.0000 sec  84.7 KBytes   694 Kbits/sec  32.202 ms 645/704 (92%)
[  2] 32.0000-33.0000 sec  84.7 KBytes   694 Kbits/sec  18.953 ms 208/267 (78%)
[  7] 32.0000-33.0000 sec  84.7 KBytes   694 Kbits/sec  16.354 ms 292/351 (83%)
[  1] 33.0000-34.0000 sec  73.2 KBytes   600 Kbits/sec  45.337 ms 714/765 (93%)
[  3] 33.0000-34.0000 sec  84.7 KBytes   694 Kbits/sec  20.809 ms 333/392 (85%)
[  6] 33.0000-34.0000 sec  70.3 KBytes   576 Kbits/sec  20.610 ms 383/432 (89%)
[  4] 33.0000-34.0000 sec  86.1 KBytes   706 Kbits/sec  22.816 ms 487/547 (89%)
[  2] 33.0000-34.0000 sec  70.3 KBytes   576 Kbits/sec  19.609 ms 332/381 (87%)
[  8] 33.0000-34.0000 sec  81.8 KBytes   670 Kbits/sec  17.877 ms 274/331 (83%)
[  9] 33.0000-34.0000 sec  84.7 KBytes   694 Kbits/sec  25.151 ms 293/352 (83%)
[  5] 33.0000-34.0000 sec  84.7 KBytes   694 Kbits/sec  19.767 ms 571/630 (91%)
[  7] 33.0000-34.0000 sec  84.7 KBytes   694 Kbits/sec  17.828 ms 324/383 (85%)
[ 10] 33.0000-34.0000 sec  84.7 KBytes   694 Kbits/sec  17.685 ms 356/415 (86%)
[  1] 34.0000-35.0000 sec  86.1 KBytes   706 Kbits/sec  24.973 ms 288/348 (83%)
[  3] 34.0000-35.0000 sec  76.1 KBytes   623 Kbits/sec  22.151 ms 329/382 (86%)
[  6] 34.0000-35.0000 sec  89.0 KBytes   729 Kbits/sec  29.378 ms 641/703 (91%)
[  4] 34.0000-35.0000 sec  74.6 KBytes   612 Kbits/sec  25.557 ms 341/393 (87%)
[  7] 34.0000-35.0000 sec  64.6 KBytes   529 Kbits/sec  18.992 ms 332/377 (88%)
[  2] 34.0000-35.0000 sec  89.0 KBytes   729 Kbits/sec  19.634 ms 593/655 (91%)
[  5] 34.0000-35.0000 sec  86.1 KBytes   706 Kbits/sec  16.185 ms 287/347 (83%)
[  9] 34.0000-35.0000 sec  74.6 KBytes   612 Kbits/sec  22.241 ms 401/453 (89%)
[  8] 34.0000-35.0000 sec  76.1 KBytes   623 Kbits/sec  28.568 ms 517/570 (91%)
[ 10] 34.0000-35.0000 sec  84.7 KBytes   694 Kbits/sec  32.948 ms 678/737 (92%)
[  1] 35.0000-36.0000 sec  84.7 KBytes   694 Kbits/sec  16.663 ms 355/414 (86%)
[  4] 35.0000-36.0000 sec  73.2 KBytes   600 Kbits/sec  21.580 ms 384/435 (88%)
[  6] 35.0000-36.0000 sec  84.7 KBytes   694 Kbits/sec  47.737 ms 479/538 (89%)
[  3] 35.0000-36.0000 sec  84.7 KBytes   694 Kbits/sec  23.974 ms 561/620 (90%)
[  9] 35.0000-36.0000 sec  76.1 KBytes   623 Kbits/sec  29.901 ms 399/452 (88%)
[  2] 35.0000-36.0000 sec  84.7 KBytes   694 Kbits/sec  16.307 ms 312/371 (84%)
[  7] 35.0000-36.0000 sec  84.7 KBytes   694 Kbits/sec  23.999 ms 551/610 (90%)
[  5] 35.0000-36.0000 sec  74.6 KBytes   612 Kbits/sec  16.227 ms 349/401 (87%)
[  8] 35.0000-36.0000 sec  84.7 KBytes   694 Kbits/sec  16.198 ms 362/421 (86%)
[ 10] 35.0000-36.0000 sec  86.1 KBytes   706 Kbits/sec  22.041 ms 274/334 (82%)
[  3] 36.0000-37.0000 sec  73.2 KBytes   600 Kbits/sec  25.798 ms 483/534 (90%)
[  2] 36.0000-37.0000 sec  70.3 KBytes   576 Kbits/sec  20.345 ms 274/323 (85%)
[  4] 36.0000-37.0000 sec  84.7 KBytes   694 Kbits/sec  17.163 ms 355/414 (86%)
[  1] 36.0000-37.0000 sec  84.7 KBytes   694 Kbits/sec  15.855 ms 278/337 (82%)
[  5] 36.0000-37.0000 sec  84.7 KBytes   694 Kbits/sec  29.159 ms 624/683 (91%)
[  8] 36.0000-37.0000 sec  73.2 KBytes   600 Kbits/sec  19.261 ms 342/393 (87%)
[  6] 36.0000-37.0000 sec  84.7 KBytes   694 Kbits/sec  28.470 ms 278/337 (82%)
[  9] 36.0000-37.0000 sec  83.3 KBytes   682 Kbits/sec  20.445 ms 380/438 (87%)
[ 10] 36.0000-37.0000 sec  74.6 KBytes   612 Kbits/sec  22.189 ms 327/379 (86%)
[  7] 36.0000-37.0000 sec  86.1 KBytes   706 Kbits/sec  20.108 ms 465/525 (89%)
[  2] 37.0000-38.0000 sec  89.0 KBytes   729 Kbits/sec  30.934 ms 648/710 (91%)
[  3] 37.0000-38.0000 sec  86.1 KBytes   706 Kbits/sec  17.841 ms 313/373 (84%)
[  7] 37.0000-38.0000 sec  73.2 KBytes   600 Kbits/sec  28.242 ms 545/596 (91%)
[  8] 37.0000-38.0000 sec  73.2 KBytes   600 Kbits/sec  24.539 ms 458/509 (90%)
[  5] 37.0000-38.0000 sec  84.7 KBytes   694 Kbits/sec  22.483 ms 311/370 (84%)
[  6] 37.0000-38.0000 sec  84.7 KBytes   694 Kbits/sec  22.836 ms 366/425 (86%)
[  4] 37.0000-38.0000 sec  84.7 KBytes   694 Kbits/sec  25.238 ms 622/681 (91%)
[ 10] 37.0000-38.0000 sec  84.7 KBytes   694 Kbits/sec  19.174 ms 305/364 (84%)
[  9] 37.0000-38.0000 sec  84.7 KBytes   694 Kbits/sec  18.190 ms 397/456 (87%)
[  1] 37.0000-38.0000 sec  84.7 KBytes   694 Kbits/sec  16.103 ms 334/393 (85%)
[  3] 38.0000-39.0000 sec  74.6 KBytes   612 Kbits/sec  17.587 ms 287/339 (85%)
[  1] 38.0000-39.0000 sec  63.2 KBytes   517 Kbits/sec  15.582 ms 314/358 (88%)
[  4] 38.0000-39.0000 sec  76.1 KBytes   623 Kbits/sec  18.523 ms 248/301 (82%)
[  2] 38.0000-39.0000 sec  86.1 KBytes   706 Kbits/sec  16.593 ms 187/247 (76%)
[  9] 38.0000-39.0000 sec  73.2 KBytes   600 Kbits/sec  59.230 ms 671/722 (93%)
[  8] 38.0000-39.0000 sec  90.4 KBytes   741 Kbits/sec  26.968 ms 651/714 (91%)
[  5] 38.0000-39.0000 sec  86.1 KBytes   706 Kbits/sec  18.137 ms 398/458 (87%)
[  6] 38.0000-39.0000 sec  84.7 KBytes   694 Kbits/sec  18.547 ms 323/382 (85%)
[  7] 38.0000-39.0000 sec  86.1 KBytes   706 Kbits/sec  16.589 ms 291/351 (83%)
[ 10] 38.0000-39.0000 sec  84.7 KBytes   694 Kbits/sec  25.736 ms 568/627 (91%)
[  4] 39.0000-40.0000 sec  74.6 KBytes   612 Kbits/sec  41.969 ms 546/598 (91%)
[  2] 39.0000-40.0000 sec  84.7 KBytes   694 Kbits/sec  36.201 ms 776/835 (93%)
[  3] 39.0000-40.0000 sec  84.7 KBytes   694 Kbits/sec  16.254 ms 373/432 (86%)
[  1] 39.0000-40.0000 sec   106 KBytes   870 Kbits/sec  14.051 ms 596/670 (89%)
[  5] 39.0000-40.0000 sec  83.3 KBytes   682 Kbits/sec  16.667 ms 292/350 (83%)
[  7] 39.0000-40.0000 sec  73.2 KBytes   600 Kbits/sec  20.491 ms 384/435 (88%)
[  6] 39.0000-40.0000 sec  84.7 KBytes   694 Kbits/sec  17.161 ms 387/446 (87%)
[ 10] 39.0000-40.0000 sec  86.1 KBytes   706 Kbits/sec  18.278 ms 383/443 (86%)
[  9] 39.0000-40.0000 sec  84.7 KBytes   694 Kbits/sec  20.334 ms 209/268 (78%)
[  8] 39.0000-40.0000 sec  84.7 KBytes   694 Kbits/sec  21.635 ms 324/383 (85%)
[  2] 40.0000-41.0000 sec  73.2 KBytes   600 Kbits/sec  29.962 ms 351/402 (87%)
[  1] 40.0000-41.0000 sec  74.6 KBytes   612 Kbits/sec  19.215 ms 384/436 (88%)
[  4] 40.0000-41.0000 sec  83.3 KBytes   682 Kbits/sec  22.502 ms 405/463 (87%)
[  5] 40.0000-41.0000 sec  74.6 KBytes   612 Kbits/sec  26.816 ms 602/654 (92%)
[  6] 40.0000-41.0000 sec  70.3 KBytes   576 Kbits/sec  23.550 ms 360/409 (88%)
[  8] 40.0000-41.0000 sec  73.2 KBytes   600 Kbits/sec  21.386 ms 376/427 (88%)
[  3] 40.0000-41.0000 sec  86.1 KBytes   706 Kbits/sec  16.326 ms 532/592 (90%)
[  7] 40.0000-41.0000 sec  84.7 KBytes   694 Kbits/sec  19.119 ms 314/373 (84%)
[  9] 40.0000-41.0000 sec  84.7 KBytes   694 Kbits/sec  17.683 ms 343/402 (85%)
[ 10] 40.0000-41.0000 sec  80.4 KBytes   659 Kbits/sec  32.527 ms 585/641 (91%)
[  2] 41.0000-42.0000 sec  76.1 KBytes   623 Kbits/sec  25.613 ms 316/369 (86%)
[  1] 41.0000-42.0000 sec  64.6 KBytes   529 Kbits/sec  19.607 ms 329/374 (88%)
[  3] 41.0000-42.0000 sec  74.6 KBytes   612 Kbits/sec  17.174 ms 359/411 (87%)
[  4] 41.0000-42.0000 sec  77.5 KBytes   635 Kbits/sec  22.773 ms 226/280 (81%)
[  5] 41.0000-42.0000 sec  74.6 KBytes   612 Kbits/sec  20.704 ms 390/442 (88%)
[  8] 41.0000-42.0000 sec  83.3 KBytes   682 Kbits/sec  17.673 ms 354/412 (86%)
[  9] 41.0000-42.0000 sec  54.6 KBytes   447 Kbits/sec  19.877 ms 348/386 (90%)
[  6] 41.0000-42.0000 sec  73.2 KBytes   600 Kbits/sec  25.196 ms 389/440 (88%)
[ 10] 41.0000-42.0000 sec  64.6 KBytes   529 Kbits/sec  36.871 ms 323/368 (88%)
[  7] 41.0000-42.0000 sec  86.1 KBytes   706 Kbits/sec  23.075 ms 563/623 (90%)
[  3] 42.0000-43.0000 sec  76.1 KBytes   623 Kbits/sec  17.927 ms 380/433 (88%)
[  4] 42.0000-43.0000 sec  74.6 KBytes   612 Kbits/sec  17.215 ms 324/376 (86%)
[  6] 42.0000-43.0000 sec  81.8 KBytes   670 Kbits/sec  22.303 ms 549/606 (91%)
[  2] 42.0000-43.0000 sec  84.7 KBytes   694 Kbits/sec  20.894 ms 406/465 (87%)
[  1] 42.0000-43.0000 sec  94.7 KBytes   776 Kbits/sec  19.913 ms 725/791 (92%)
[  7] 42.0000-43.0000 sec  71.8 KBytes   588 Kbits/sec  20.926 ms 376/426 (88%)
[  8] 42.0000-43.0000 sec  74.6 KBytes   612 Kbits/sec  23.820 ms 375/427 (88%)
[  5] 42.0000-43.0000 sec  84.7 KBytes   694 Kbits/sec  31.715 ms 571/630 (91%)
[ 10] 42.0000-43.0000 sec  86.1 KBytes   706 Kbits/sec  24.624 ms 394/454 (87%)
[  9] 42.0000-43.0000 sec  99.1 KBytes   811 Kbits/sec  36.041 ms 670/739 (91%)
[  9] 43.0000-43.8528 sec  56.0 KBytes   538 Kbits/sec  47.864 ms 336/375 (90%)
[  9] 0.0000-43.8528 sec  3.43 MBytes   656 Kbits/sec  47.864 ms 24328/26774 (91%)
[  3] 43.0000-43.9825 sec  74.6 KBytes   622 Kbits/sec  47.596 ms 601/653 (92%)
[  3] 0.0000-43.9825 sec  3.45 MBytes   657 Kbits/sec  47.596 ms 24310/26768 (91%)
[  4] 43.0000-44.0000 sec  84.7 KBytes   694 Kbits/sec  31.730 ms 685/744 (92%)
[  2] 43.0000-44.0000 sec  73.2 KBytes   600 Kbits/sec  18.706 ms 312/363 (86%)
[  1] 43.0000-44.0000 sec  74.6 KBytes   612 Kbits/sec  18.429 ms 203/255 (80%)
[ 11] local 12.1.1.1 port 5001 connected with 12.1.1.32 port 55215
[ 11] 0.0000-0.0151 sec  2.87 KBytes  1.55 Mbits/sec   0.947 ms 26787/26789 (1e+02%)
[  5] 43.0000-44.0000 sec  73.2 KBytes   600 Kbits/sec  29.513 ms 332/383 (87%)
[ 12] local 12.1.1.1 port 5001 connected with 12.1.1.36 port 42295
[ 12] 0.0000-0.0086 sec  2.87 KBytes  2.74 Mbits/sec   0.537 ms 26777/26779 (1e+02%)
[  6] 43.0000-44.0000 sec  84.7 KBytes   694 Kbits/sec  18.391 ms 335/394 (85%)
[  7] 43.0000-44.0000 sec  86.1 KBytes   706 Kbits/sec  15.948 ms 345/405 (85%)
[  8] 43.0000-44.0000 sec  93.3 KBytes   764 Kbits/sec  19.068 ms 545/610 (89%)
[ 13] local 12.1.1.1 port 5001 connected with 12.1.1.32 port 55215
[ 13] 0.0000-0.0001 sec  2.87 KBytes   187 Mbits/sec   0.008 ms 26799/26801 (1e+02%)
[ 10] 43.0000-44.0000 sec  84.7 KBytes   694 Kbits/sec  20.050 ms 297/356 (83%)
[  4] 44.0000-44.2967 sec  33.0 KBytes   912 Kbits/sec  20.576 ms 0/23 (0%)
[  4] 0.0000-44.2967 sec  3.48 MBytes   659 Kbits/sec  20.576 ms 24269/26753 (91%)
[ 14] local 12.1.1.1 port 5001 connected with 12.1.1.36 port 42295
[  7] 44.0000-44.3660 sec  12.9 KBytes   289 Kbits/sec  20.718 ms 131/140 (94%)
[  7] 0.0000-44.3660 sec  3.47 MBytes   657 Kbits/sec  20.718 ms 24329/26806 (91%)
[ 14] 0.0000-0.0097 sec  2.87 KBytes  2.43 Mbits/sec   0.605 ms 26792/26794 (1e+02%)
[ 15] local 12.1.1.1 port 5001 connected with 12.1.1.32 port 55215
[ 15] 0.0000-0.0060 sec  2.87 KBytes  3.91 Mbits/sec   0.376 ms 26810/26812 (1e+02%)
[ 16] local 12.1.1.1 port 5001 connected with 12.1.1.33 port 50915
[ 17] local 12.1.1.1 port 5001 connected with 12.1.1.34 port 46339
[ 16] 0.0000-0.0000 sec  2.87 KBytes  -nan bits/sec   0.003 ms 26762/26764 (1e+02%)
[  8] 44.0000-44.5346 sec  23.0 KBytes   352 Kbits/sec  24.680 ms 55/71 (77%)
[  8] 0.0000-44.5346 sec  3.49 MBytes   657 Kbits/sec  24.680 ms 24266/26754 (91%)
[ 17] 0.0000-0.0000 sec  2.87 KBytes  -nan bits/sec   0.002 ms 26819/26821 (1e+02%)
[ 18] local 12.1.1.1 port 5001 connected with 12.1.1.35 port 46006
[ 19] local 12.1.1.1 port 5001 connected with 12.1.1.36 port 42295
[ 19] 0.0000-0.0045 sec  2.87 KBytes  5.21 Mbits/sec   0.282 ms 26806/26808 (1e+02%)
[ 18] 0.0000-0.1015 sec  2.87 KBytes   232 Kbits/sec   6.345 ms 26767/26769 (1e+02%)
[ 20] local 12.1.1.1 port 5001 connected with 12.1.1.32 port 55215
[ 21] local 12.1.1.1 port 5001 connected with 12.1.1.33 port 50915
[ 22] local 12.1.1.1 port 5001 connected with 12.1.1.34 port 46339
[ 21] 0.0000-0.0000 sec  2.87 KBytes  -nan bits/sec   0.003 ms 26834/26836 (1e+02%)
[ 22] 0.0000-0.0000 sec  2.87 KBytes  -nan bits/sec   0.005 ms 26834/26836 (1e+02%)
[ 20] 0.0000-0.1185 sec  2.87 KBytes   198 Kbits/sec   7.406 ms 26847/26849 (1e+02%)
[ 23] local 12.1.1.1 port 5001 connected with 12.1.1.36 port 42295
[ 23] 0.0000-0.0077 sec  2.87 KBytes  3.04 Mbits/sec   0.484 ms 26862/26864 (1e+02%)
[  1] 44.0000-45.0000 sec  73.2 KBytes   600 Kbits/sec  16.158 ms 300/351 (85%)
[ 24] local 12.1.1.1 port 5001 connected with 12.1.1.35 port 46006
[ 24] 0.0000-0.0000 sec  2.87 KBytes  -nan bits/sec   0.007 ms 26782/26784 (1e+02%)
[  6] 44.0000-45.0000 sec  68.9 KBytes   564 Kbits/sec  22.407 ms 356/404 (88%)
[ 25] local 12.1.1.1 port 5001 connected with 12.1.1.32 port 55215
[ 25] 0.0000-0.0001 sec  2.87 KBytes   173 Mbits/sec   0.008 ms 26862/26864 (1e+02%)
[  2] 44.0000-45.0000 sec  84.7 KBytes   694 Kbits/sec  26.629 ms 523/582 (90%)
[ 26] local 12.1.1.1 port 5001 connected with 12.1.1.33 port 50915
[ 27] local 12.1.1.1 port 5001 connected with 12.1.1.34 port 46339
[ 26] 0.0000-0.0000 sec  2.87 KBytes  -nan bits/sec   0.003 ms 26848/26850 (1e+02%)
[  5] 44.0000-45.0000 sec  84.7 KBytes   694 Kbits/sec  25.240 ms 330/389 (85%)
[ 10] 44.0000-45.0000 sec  74.6 KBytes   612 Kbits/sec  19.207 ms 400/452 (88%)
[ 28] local 12.1.1.1 port 5001 connected with 12.1.1.36 port 42295
[ 28] 0.0000-0.0053 sec  2.87 KBytes  4.42 Mbits/sec   0.332 ms 26877/26879 (1e+02%)
[ 27] 0.0000-0.1179 sec  2.87 KBytes   199 Kbits/sec   7.370 ms 26885/26887 (1e+02%)
[ 29] local 12.1.1.1 port 5001 connected with 12.1.1.35 port 46006
[ 29] 0.0000-0.0000 sec  2.87 KBytes  -nan bits/sec   0.006 ms 26797/26799 (1e+02%)
[ 30] local 12.1.1.1 port 5001 connected with 12.1.1.32 port 55215
[ 30] 0.0000-0.0000 sec  2.87 KBytes  -nan bits/sec   0.002 ms 26876/26878 (1e+02%)
[ 31] local 12.1.1.1 port 5001 connected with 12.1.1.36 port 42295
[ 32] local 12.1.1.1 port 5001 connected with 12.1.1.33 port 50915
[ 33] local 12.1.1.1 port 5001 connected with 12.1.1.34 port 46339
[ 32] 0.0000-0.0000 sec  2.87 KBytes  -nan bits/sec   0.002 ms 26863/26865 (1e+02%)
[ 33] 0.0000-0.0000 sec  2.87 KBytes  -nan bits/sec   0.002 ms 26900/26902 (1e+02%)
[ 34] local 12.1.1.1 port 5001 connected with 12.1.1.35 port 46006
[ 34] 0.0000-0.0000 sec  2.87 KBytes  -nan bits/sec   0.012 ms 26808/26810 (1e+02%)
[ 31] 0.0000-0.1430 sec  2.87 KBytes   165 Kbits/sec   8.935 ms 26891/26893 (1e+02%)
[ 35] local 12.1.1.1 port 5001 connected with 12.1.1.32 port 55215
[ 35] 0.0000-0.0000 sec  2.87 KBytes  -nan bits/sec   0.005 ms 26891/26893 (1e+02%)
[ 36] local 12.1.1.1 port 5001 connected with 12.1.1.36 port 42295
[ 36] 0.0000-0.0000 sec  2.87 KBytes  -nan bits/sec   0.001 ms 26902/26904 (1e+02%)
[ 37] local 12.1.1.1 port 5001 connected with 12.1.1.33 port 50915
[ 38] local 12.1.1.1 port 5001 connected with 12.1.1.34 port 46339
[ 37] 0.0000-0.0000 sec  2.87 KBytes  -nan bits/sec   0.002 ms 26881/26883 (1e+02%)
[ 38] 0.0000-0.0005 sec  2.87 KBytes  45.5 Mbits/sec   0.032 ms 26914/26916 (1e+02%)
[ 39] local 12.1.1.1 port 5001 connected with 12.1.1.35 port 46006
[ 39] 0.0000-0.0074 sec  2.87 KBytes  3.18 Mbits/sec   0.463 ms 26819/26821 (1e+02%)
[ 40] local 12.1.1.1 port 5001 connected with 12.1.1.32 port 55215
[ 40] 0.0000-0.0002 sec  2.87 KBytes   104 Mbits/sec   0.014 ms 26946/26948 (1e+02%)
[ 41] local 12.1.1.1 port 5001 connected with 12.1.1.33 port 50915
[ 42] local 12.1.1.1 port 5001 connected with 12.1.1.34 port 46339
[ 43] local 12.1.1.1 port 5001 connected with 12.1.1.35 port 46006
[ 42] 0.0000-0.0000 sec  2.87 KBytes  -nan bits/sec   0.010 ms 26925/26927 (1e+02%)
[ 44] local 12.1.1.1 port 5001 connected with 12.1.1.32 port 57515
[ 45] local 12.1.1.1 port 5001 connected with 12.1.1.36 port 42295
[ 45] 0.0000-0.0000 sec  2.87 KBytes  -nan bits/sec   0.002 ms 26943/26945 (1e+02%)
[ 41] 0.0000-0.1430 sec  2.87 KBytes   164 Kbits/sec   8.938 ms 26895/26897 (1e+02%)
[ 43] 0.0000-0.1301 sec  2.87 KBytes   181 Kbits/sec   8.134 ms 26849/26851 (1e+02%)
[ 46] local 12.1.1.1 port 5001 connected with 12.1.1.36 port 41035
[  2] 45.0000-46.0000 sec  64.6 KBytes   529 Kbits/sec  29.692 ms 348/393 (89%)
[  1] 45.0000-46.0000 sec  66.0 KBytes   541 Kbits/sec  30.636 ms 401/447 (90%)
[ 47] local 12.1.1.1 port 5001 connected with 12.1.1.33 port 40416
[ 48] local 12.1.1.1 port 5001 connected with 12.1.1.34 port 46339
[ 49] local 12.1.1.1 port 5001 connected with 12.1.1.35 port 46006
[  5] 45.0000-46.0000 sec  66.0 KBytes   541 Kbits/sec  25.181 ms 345/391 (88%)
[ 49] 0.0000-0.0000 sec  2.87 KBytes  -nan bits/sec   0.002 ms 26860/26862 (1e+02%)
[  6] 45.0000-46.0000 sec  74.6 KBytes   612 Kbits/sec  25.008 ms 335/387 (87%)
[ 50] local 12.1.1.1 port 5001 connected with 12.1.1.34 port 48894
[ 10] 45.0000-46.0000 sec  73.2 KBytes   600 Kbits/sec  20.241 ms 282/333 (85%)
[ 51] local 12.1.1.1 port 5001 connected with 12.1.1.35 port 46006
[ 51] 0.0000-0.0000 sec  2.87 KBytes  -nan bits/sec   0.003 ms 26873/26875 (1e+02%)
[ 52] local 12.1.1.1 port 5001 connected with 12.1.1.35 port 46006
[ 52] 0.0000-0.0003 sec  2.87 KBytes  90.8 Mbits/sec   0.016 ms 26884/26886 (1e+02%)
[ 53] local 12.1.1.1 port 5001 connected with 12.1.1.35 port 46006
[ 53] 0.0000-0.0005 sec  2.87 KBytes  46.8 Mbits/sec   0.031 ms 26923/26925 (1e+02%)
[ 54] local 12.1.1.1 port 5001 connected with 12.1.1.35 port 46006
[ 44] 0.0000-1.0000 sec  91.9 KBytes   753 Kbits/sec  14.923 ms 0/64 (0%)
[ 54] 0.0000-0.0013 sec  2.87 KBytes  18.3 Mbits/sec   0.080 ms 26937/26939 (1e+02%)
[  2] 46.0000-47.0000 sec  79.0 KBytes   647 Kbits/sec  26.628 ms 285/340 (84%)
[  1] 46.0000-47.0000 sec  83.3 KBytes   682 Kbits/sec  18.162 ms 470/528 (89%)
[  5] 46.0000-47.0000 sec  73.2 KBytes   600 Kbits/sec  18.611 ms 172/223 (77%)
[ 55] local 12.1.1.1 port 5001 connected with 12.1.1.35 port 46006
[ 48] 0.0000-1.0000 sec  1.44 KBytes  11.8 Kbits/sec   0.000 ms 26935/26937 (1e+02%)
[ 48] 0.0000-1.0000 sec  1 datagrams received out-of-order
[ 55] 0.0000-0.0003 sec  2.87 KBytes  80.5 Mbits/sec   0.018 ms 26950/26952 (1e+02%)
[ 46] 0.0000-1.0000 sec  91.9 KBytes   753 Kbits/sec  14.317 ms 0/64 (0%)
[ 10] 46.0000-47.0000 sec  63.2 KBytes   517 Kbits/sec  20.450 ms 323/367 (88%)
[  6] 46.0000-47.0000 sec  81.8 KBytes   670 Kbits/sec  31.295 ms 597/654 (91%)
[ 47] 0.0000-1.0000 sec  97.6 KBytes   800 Kbits/sec  14.877 ms 0/68 (0%)
[ ID] Interval       Transfer     Bandwidth
[SUM] 0.0000-1.0000 sec   192 KBytes  1.58 Mbits/sec   26895/27029 (1e+02%)
[ 56] local 12.1.1.1 port 5001 connected with 12.1.1.35 port 44981
[ 50] 0.0000-1.0000 sec   105 KBytes   858 Kbits/sec  13.808 ms 0/73 (0%)
[SUM] 0.0000-1.0000 sec   106 KBytes   870 Kbits/sec   26935/27010 (1e+02%)
[SUM] 0.0000-1.0000 sec  1 datagrams received out-of-order
[ 44] 1.0000-2.0000 sec  73.2 KBytes   600 Kbits/sec  16.151 ms 0/51 (0%)
[ 46] 1.0000-2.0000 sec  73.2 KBytes   600 Kbits/sec  15.663 ms 0/51 (0%)
[  2] 47.0000-48.0000 sec  68.9 KBytes   564 Kbits/sec  22.654 ms 278/326 (85%)
[  1] 47.0000-48.0000 sec  74.6 KBytes   612 Kbits/sec  18.591 ms 273/325 (84%)
[ 48] 1.0000-2.0000 sec  0.000 Bytes  0.000 bits/sec   0.000 ms 0/0 (-nan%)
[ 47] 1.0000-2.0000 sec  76.1 KBytes   623 Kbits/sec  15.523 ms 0/53 (0%)
[SUM] 1.0000-2.0000 sec   149 KBytes  1.22 Mbits/sec   0/104 (0%)
[  5] 47.0000-48.0000 sec  71.8 KBytes   588 Kbits/sec  18.803 ms 296/346 (86%)
[ 10] 47.0000-48.0000 sec  76.1 KBytes   623 Kbits/sec  19.776 ms 280/333 (84%)
[  6] 47.0000-48.0000 sec  71.8 KBytes   588 Kbits/sec  29.075 ms 279/329 (85%)
[ 50] 1.0000-2.0000 sec  74.6 KBytes   612 Kbits/sec  15.726 ms 0/52 (0%)
[SUM] 1.0000-2.0000 sec  74.6 KBytes   612 Kbits/sec   0/52 (0%)
[ 56] 0.0000-1.0000 sec  83.3 KBytes   682 Kbits/sec  15.016 ms 0/58 (0%)
[ 44] 2.0000-3.0000 sec  84.7 KBytes   694 Kbits/sec  15.502 ms 0/59 (0%)
[  1] 48.0000-49.0000 sec  73.2 KBytes   600 Kbits/sec  17.453 ms 331/382 (87%)
[  5] 48.0000-49.0000 sec  66.0 KBytes   541 Kbits/sec  26.179 ms 322/368 (88%)
[ 47] 2.0000-3.0000 sec  73.2 KBytes   600 Kbits/sec  15.031 ms 0/51 (0%)
[SUM] 2.0000-3.0000 sec   158 KBytes  1.29 Mbits/sec   0/110 (0%)
[  6] 48.0000-49.0000 sec  76.1 KBytes   623 Kbits/sec  25.630 ms 358/411 (87%)
[ 48] 2.0000-3.0000 sec  0.000 Bytes  0.000 bits/sec   0.000 ms 0/0 (-nan%)
[  2] 48.0000-49.0000 sec  84.7 KBytes   694 Kbits/sec  18.712 ms 322/381 (85%)
[ 46] 2.0000-3.0000 sec  84.7 KBytes   694 Kbits/sec  16.145 ms 0/59 (0%)
[ 10] 48.0000-49.0000 sec  81.8 KBytes   670 Kbits/sec  19.902 ms 340/397 (86%)
[ 50] 2.0000-3.0000 sec  73.2 KBytes   600 Kbits/sec  16.231 ms 0/51 (0%)
[SUM] 2.0000-3.0000 sec  73.2 KBytes   600 Kbits/sec   0/51 (0%)
[ 56] 1.0000-2.0000 sec  74.6 KBytes   612 Kbits/sec  16.989 ms 0/52 (0%)
[ 44] 3.0000-4.0000 sec  76.1 KBytes   623 Kbits/sec  15.045 ms 0/53 (0%)
[  2] 49.0000-50.0000 sec  74.6 KBytes   612 Kbits/sec  18.786 ms 294/346 (85%)
[ 46] 3.0000-4.0000 sec  74.6 KBytes   612 Kbits/sec  16.745 ms 0/52 (0%)
[ 48] 3.0000-4.0000 sec  0.000 Bytes  0.000 bits/sec   0.000 ms 0/0 (-nan%)
[  5] 49.0000-50.0000 sec  94.7 KBytes   776 Kbits/sec  18.277 ms 485/551 (88%)
[ 47] 3.0000-4.0000 sec  84.7 KBytes   694 Kbits/sec  15.624 ms 0/59 (0%)
[SUM] 3.0000-4.0000 sec   161 KBytes  1.32 Mbits/sec   0/112 (0%)
[ 10] 49.0000-50.0000 sec  76.1 KBytes   623 Kbits/sec  36.614 ms 634/687 (92%)
[  6] 49.0000-50.0000 sec  84.7 KBytes   694 Kbits/sec  16.547 ms 280/339 (83%)
[  1] 49.0000-50.0000 sec  84.7 KBytes   694 Kbits/sec  15.727 ms 292/351 (83%)
[ 50] 3.0000-4.0000 sec  84.7 KBytes   694 Kbits/sec  15.803 ms 0/59 (0%)
[SUM] 3.0000-4.0000 sec  84.7 KBytes   694 Kbits/sec   0/59 (0%)
[ 56] 2.0000-3.0000 sec  84.7 KBytes   694 Kbits/sec  16.457 ms 0/59 (0%)
[ 44] 4.0000-5.0000 sec  84.7 KBytes   694 Kbits/sec  15.092 ms 0/59 (0%)
[  2] 50.0000-51.0000 sec  73.2 KBytes   600 Kbits/sec  28.402 ms 502/553 (91%)
[  1] 50.0000-51.0000 sec  74.6 KBytes   612 Kbits/sec  17.553 ms 352/404 (87%)
[  5] 50.0000-51.0000 sec  73.2 KBytes   600 Kbits/sec  18.548 ms 371/422 (88%)
[ 10] 50.0000-51.0000 sec  76.1 KBytes   623 Kbits/sec  29.909 ms 296/349 (85%)
[ 48] 4.0000-5.0000 sec  0.000 Bytes  0.000 bits/sec   0.000 ms 0/0 (-nan%)
[ 46] 4.0000-5.0000 sec  84.7 KBytes   694 Kbits/sec  15.434 ms 0/59 (0%)
[  6] 50.0000-51.0000 sec  73.2 KBytes   600 Kbits/sec  17.694 ms 355/406 (87%)
[ 47] 4.0000-5.0000 sec  84.7 KBytes   694 Kbits/sec  15.240 ms 0/59 (0%)
[SUM] 4.0000-5.0000 sec   169 KBytes  1.39 Mbits/sec   0/118 (0%)
[ 56] 3.0000-4.0000 sec  73.2 KBytes   600 Kbits/sec  15.871 ms 0/51 (0%)
[ 50] 4.0000-5.0000 sec  84.7 KBytes   694 Kbits/sec  15.356 ms 0/59 (0%)
[SUM] 4.0000-5.0000 sec  84.7 KBytes   694 Kbits/sec   0/59 (0%)
[ 44] 5.0000-6.0000 sec  73.2 KBytes   600 Kbits/sec  18.058 ms 0/51 (0%)
[ 46] 5.0000-6.0000 sec  64.6 KBytes   529 Kbits/sec  18.692 ms 0/45 (0%)
[  1] 51.0000-52.0000 sec  83.3 KBytes   682 Kbits/sec  26.520 ms 687/745 (92%)
[  2] 51.0000-52.0000 sec  87.6 KBytes   717 Kbits/sec  19.029 ms 402/463 (87%)
[ 47] 5.0000-6.0000 sec  64.6 KBytes   529 Kbits/sec  18.047 ms 0/45 (0%)
[SUM] 5.0000-6.0000 sec   138 KBytes  1.13 Mbits/sec   0/96 (0%)
[  5] 51.0000-52.0000 sec  84.7 KBytes   694 Kbits/sec  16.054 ms 333/392 (85%)
[ 10] 51.0000-52.0000 sec  84.7 KBytes   694 Kbits/sec  23.937 ms 405/464 (87%)
[ 48] 5.0000-6.0000 sec  0.000 Bytes  0.000 bits/sec   0.000 ms 0/0 (-nan%)
[  6] 51.0000-52.0000 sec  84.7 KBytes   694 Kbits/sec  13.962 ms 326/385 (85%)
[ 50] 5.0000-6.0000 sec  63.2 KBytes   517 Kbits/sec  17.881 ms 0/44 (0%)
[SUM] 5.0000-6.0000 sec  63.2 KBytes   517 Kbits/sec   0/44 (0%)
[ 56] 4.0000-5.0000 sec  77.5 KBytes   635 Kbits/sec  16.697 ms 0/54 (0%)
[ 44] 6.0000-7.0000 sec  74.6 KBytes   612 Kbits/sec  17.411 ms 0/52 (0%)
[  1] 52.0000-53.0000 sec  76.1 KBytes   623 Kbits/sec  19.947 ms 342/395 (87%)
[  5] 52.0000-53.0000 sec  67.5 KBytes   553 Kbits/sec  24.518 ms 304/351 (87%)
[ 46] 6.0000-7.0000 sec  86.1 KBytes   706 Kbits/sec  15.238 ms 0/60 (0%)
[  2] 52.0000-53.0000 sec  83.3 KBytes   682 Kbits/sec  17.973 ms 309/367 (84%)
[ 48] 6.0000-7.0000 sec  0.000 Bytes  0.000 bits/sec   0.000 ms 0/0 (-nan%)
[  6] 52.0000-53.0000 sec  74.6 KBytes   612 Kbits/sec  18.332 ms 381/433 (88%)
[ 47] 6.0000-7.0000 sec  84.7 KBytes   694 Kbits/sec  15.457 ms 0/59 (0%)
[SUM] 6.0000-7.0000 sec   159 KBytes  1.31 Mbits/sec   0/111 (0%)
[ 10] 52.0000-53.0000 sec  86.1 KBytes   706 Kbits/sec  31.776 ms 524/584 (90%)
[ 50] 6.0000-7.0000 sec  77.5 KBytes   635 Kbits/sec  14.853 ms 0/54 (0%)
[SUM] 6.0000-7.0000 sec  77.5 KBytes   635 Kbits/sec   0/54 (0%)
[ 56] 5.0000-6.0000 sec  80.4 KBytes   659 Kbits/sec  16.629 ms 0/56 (0%)
[ 44] 7.0000-8.0000 sec  73.2 KBytes   600 Kbits/sec  15.794 ms 0/51 (0%)
[  1] 53.0000-54.0000 sec  74.6 KBytes   612 Kbits/sec  23.554 ms 306/358 (85%)
[  5] 53.0000-54.0000 sec  81.8 KBytes   670 Kbits/sec  35.280 ms 685/742 (92%)
[ 46] 7.0000-8.0000 sec  73.2 KBytes   600 Kbits/sec  14.756 ms 0/51 (0%)
[  2] 53.0000-54.0000 sec  70.3 KBytes   576 Kbits/sec  20.991 ms 302/351 (86%)
[ 47] 7.0000-8.0000 sec  73.2 KBytes   600 Kbits/sec  15.168 ms 0/51 (0%)
[SUM] 7.0000-8.0000 sec   146 KBytes  1.20 Mbits/sec   0/102 (0%)
[  6] 53.0000-54.0000 sec  66.0 KBytes   541 Kbits/sec  27.290 ms 298/344 (87%)
[ 48] 7.0000-8.0000 sec  0.000 Bytes  0.000 bits/sec   0.000 ms 0/0 (-nan%)
[ 56] 6.0000-7.0000 sec  76.1 KBytes   623 Kbits/sec  16.019 ms 0/53 (0%)
[ 10] 53.0000-54.0000 sec  73.2 KBytes   600 Kbits/sec  35.281 ms 328/379 (87%)
[ 50] 7.0000-8.0000 sec  84.7 KBytes   694 Kbits/sec  15.329 ms 0/59 (0%)
[SUM] 7.0000-8.0000 sec  84.7 KBytes   694 Kbits/sec   0/59 (0%)
[ 44] 8.0000-9.0000 sec  84.7 KBytes   694 Kbits/sec  16.237 ms 0/59 (0%)
[  2] 54.0000-55.0000 sec  77.5 KBytes   635 Kbits/sec  23.290 ms 622/676 (92%)
[  6] 54.0000-55.0000 sec  83.3 KBytes   682 Kbits/sec  44.042 ms 778/836 (93%)
[  1] 54.0000-55.0000 sec  84.7 KBytes   694 Kbits/sec  20.263 ms 435/494 (88%)
[ 46] 8.0000-9.0000 sec  84.7 KBytes   694 Kbits/sec  15.004 ms 0/59 (0%)
[  5] 54.0000-55.0000 sec  84.7 KBytes   694 Kbits/sec  16.553 ms 251/310 (81%)
[ 47] 8.0000-9.0000 sec  84.7 KBytes   694 Kbits/sec  15.542 ms 0/59 (0%)
[SUM] 8.0000-9.0000 sec   169 KBytes  1.39 Mbits/sec   0/118 (0%)
[ 48] 8.0000-9.0000 sec  0.000 Bytes  0.000 bits/sec   0.000 ms 0/0 (-nan%)
[ 10] 54.0000-55.0000 sec  74.6 KBytes   612 Kbits/sec  32.571 ms 451/503 (90%)
[ 56] 7.0000-8.0000 sec  84.7 KBytes   694 Kbits/sec  16.378 ms 0/59 (0%)
[ 50] 8.0000-9.0000 sec  84.7 KBytes   694 Kbits/sec  15.472 ms 0/59 (0%)
[SUM] 8.0000-9.0000 sec  84.7 KBytes   694 Kbits/sec   0/59 (0%)
[ 44] 9.0000-10.0000 sec  77.5 KBytes   635 Kbits/sec  17.240 ms 0/54 (0%)
[  1] 55.0000-56.0000 sec  63.2 KBytes   517 Kbits/sec  23.056 ms 330/374 (88%)
[ 46] 9.0000-10.0000 sec  63.2 KBytes   517 Kbits/sec  17.448 ms 0/44 (0%)
[ 47] 9.0000-10.0000 sec  63.2 KBytes   517 Kbits/sec  18.368 ms 0/44 (0%)
[SUM] 9.0000-10.0000 sec   141 KBytes  1.15 Mbits/sec   0/98 (0%)
[  2] 55.0000-56.0000 sec  73.2 KBytes   600 Kbits/sec  21.352 ms 314/365 (86%)
[  6] 55.0000-56.0000 sec  76.1 KBytes   623 Kbits/sec  25.622 ms 389/442 (88%)
[ 48] 9.0000-10.0000 sec  0.000 Bytes  0.000 bits/sec   0.000 ms 0/0 (-nan%)
[ 10] 55.0000-56.0000 sec  73.2 KBytes   600 Kbits/sec  25.699 ms 310/361 (86%)
[  5] 55.0000-56.0000 sec  76.1 KBytes   623 Kbits/sec  16.983 ms 364/417 (87%)
[ 56] 8.0000-9.0000 sec  64.6 KBytes   529 Kbits/sec  19.185 ms 0/45 (0%)
[ 50] 9.0000-10.0000 sec  63.2 KBytes   517 Kbits/sec  19.611 ms 0/44 (0%)
[SUM] 9.0000-10.0000 sec  63.2 KBytes   517 Kbits/sec   0/44 (0%)
[  1] 56.0000-56.3814 sec  25.8 KBytes   555 Kbits/sec  63.554 ms 382/400 (96%)
[  1] 0.0000-56.3814 sec  4.30 MBytes   640 Kbits/sec  63.554 ms 23686/26753 (89%)
[ 57] local 12.1.1.1 port 5001 connected with 12.1.1.41 port 34406
[ 57] 0.0000-0.0000 sec  2.87 KBytes  -nan bits/sec   0.001 ms 26765/26767 (1e+02%)
[ 10] 56.0000-56.5800 sec  40.2 KBytes   568 Kbits/sec  26.824 ms 164/192 (85%)
[ 10] 0.0000-56.5800 sec  4.32 MBytes   640 Kbits/sec  26.824 ms 23726/26807 (89%)
[  2] 56.0000-56.7296 sec  54.6 KBytes   612 Kbits/sec  27.876 ms 362/400 (90%)
[  2] 0.0000-56.7296 sec  4.33 MBytes   640 Kbits/sec  27.876 ms 23710/26799 (88%)
[  6] 56.0000-56.6841 sec  45.9 KBytes   550 Kbits/sec  29.682 ms 153/185 (83%)
[  6] 0.0000-56.6841 sec  4.31 MBytes   638 Kbits/sec  29.682 ms 23716/26793 (89%)
[ 58] local 12.1.1.1 port 5001 connected with 12.1.1.41 port 34406
[ 58] 0.0000-0.0000 sec  2.87 KBytes  -nan bits/sec   0.003 ms 26780/26782 (1e+02%)
[ 59] local 12.1.1.1 port 5001 connected with 12.1.1.38 port 57931
[ 59] 0.0000-0.0000 sec  2.87 KBytes  -nan bits/sec   0.005 ms 26816/26818 (1e+02%)
[ 60] local 12.1.1.1 port 5001 connected with 12.1.1.39 port 57467
[ 60] 0.0000-0.0003 sec  2.87 KBytes  72.1 Mbits/sec   0.020 ms 26808/26810 (1e+02%)
[ 44] 10.0000-11.0000 sec  63.2 KBytes   517 Kbits/sec  17.284 ms 0/44 (0%)
[ 61] local 12.1.1.1 port 5001 connected with 12.1.1.41 port 34406
[ 61] 0.0000-0.0000 sec  2.87 KBytes  -nan bits/sec   0.003 ms 26795/26797 (1e+02%)
[ 46] 10.0000-11.0000 sec  74.6 KBytes   612 Kbits/sec  16.735 ms 0/52 (0%)
[  5] 56.0000-57.0000 sec  64.6 KBytes   529 Kbits/sec  24.435 ms 309/354 (87%)
[  5] 0.0000-57.0609 sec  4.35 MBytes   639 Kbits/sec  27.295 ms 23724/26825 (88%)
[ 62] local 12.1.1.1 port 5001 connected with 12.1.1.40 port 36023
[ 47] 10.0000-11.0000 sec  73.2 KBytes   600 Kbits/sec  17.022 ms 0/51 (0%)
[SUM] 10.0000-11.0000 sec   136 KBytes  1.12 Mbits/sec   0/95 (0%)
[ 62] 0.0000-0.0000 sec  2.87 KBytes  -nan bits/sec   0.000 ms 26836/26838 (1e+02%)
[ 48] 10.0000-11.0000 sec  0.000 Bytes  0.000 bits/sec   0.000 ms 0/0 (-nan%)
[ 63] local 12.1.1.1 port 5001 connected with 12.1.1.38 port 57931
[ 63] 0.0000-0.0000 sec  2.87 KBytes  -nan bits/sec   0.002 ms 26831/26833 (1e+02%)
[ 50] 10.0000-11.0000 sec  66.0 KBytes   541 Kbits/sec  23.001 ms 0/46 (0%)
[SUM] 10.0000-11.0000 sec  66.0 KBytes   541 Kbits/sec   0/46 (0%)
[ 64] local 12.1.1.1 port 5001 connected with 12.1.1.39 port 57467
[ 64] 0.0000-0.0000 sec  2.87 KBytes  -nan bits/sec   0.003 ms 26820/26822 (1e+02%)
[ 56] 9.0000-10.0000 sec  73.2 KBytes   600 Kbits/sec  15.283 ms 0/51 (0%)
[ 65] local 12.1.1.1 port 5001 connected with 12.1.1.41 port 34406
[ 65] 0.0000-0.0000 sec  2.87 KBytes  -nan bits/sec   0.003 ms 26814/26816 (1e+02%)
[ 66] local 12.1.1.1 port 5001 connected with 12.1.1.40 port 36023
[ 67] local 12.1.1.1 port 5001 connected with 12.1.1.38 port 57931
[ 66] 0.0000-0.0000 sec  2.87 KBytes  -nan bits/sec   0.008 ms 26848/26850 (1e+02%)
[ 67] 0.0000-0.0000 sec  2.87 KBytes  -nan bits/sec   0.001 ms 26846/26848 (1e+02%)
[ 68] local 12.1.1.1 port 5001 connected with 12.1.1.39 port 57467
[ 68] 0.0000-0.0000 sec  2.87 KBytes  -nan bits/sec   0.002 ms 26835/26837 (1e+02%)
[ 69] local 12.1.1.1 port 5001 connected with 12.1.1.41 port 34406
[ 69] 0.0000-0.0001 sec  2.87 KBytes  0.000 bits/sec   0.003 ms 26827/26829 (1e+02%)
[ 70] local 12.1.1.1 port 5001 connected with 12.1.1.40 port 36023
[ 70] 0.0000-0.0000 sec  2.87 KBytes  -nan bits/sec   0.002 ms 26859/26861 (1e+02%)
[ 71] local 12.1.1.1 port 5001 connected with 12.1.1.38 port 57931
[ 72] local 12.1.1.1 port 5001 connected with 12.1.1.39 port 57467
[ 71] 0.0000-0.0000 sec  2.87 KBytes  -nan bits/sec   0.014 ms 26890/26892 (1e+02%)
[ 72] 0.0000-0.0285 sec  2.87 KBytes   824 Kbits/sec   1.784 ms 26881/26883 (1e+02%)
[ 73] local 12.1.1.1 port 5001 connected with 12.1.1.37 port 33910
[ 73] 0.0000-0.0000 sec  2.87 KBytes  0.000 bits/sec   0.002 ms 26875/26877 (1e+02%)
[ 74] local 12.1.1.1 port 5001 connected with 12.1.1.41 port 34406
[ 75] local 12.1.1.1 port 5001 connected with 12.1.1.40 port 36023
[ 74] 0.0000-0.0000 sec  2.87 KBytes  -nan bits/sec   0.015 ms 26894/26896 (1e+02%)
[ 75] 0.0000-0.0000 sec  2.87 KBytes  -nan bits/sec   0.003 ms 26872/26874 (1e+02%)
[ 76] local 12.1.1.1 port 5001 connected with 12.1.1.38 port 57931
[ 76] 0.0000-0.0000 sec  2.87 KBytes  -nan bits/sec   0.003 ms 26901/26903 (1e+02%)
[ 44] 11.0000-12.0000 sec  73.2 KBytes   600 Kbits/sec  16.471 ms 0/51 (0%)
[ 77] local 12.1.1.1 port 5001 connected with 12.1.1.37 port 33910
[ 77] 0.0000-0.0066 sec  2.87 KBytes  3.58 Mbits/sec   0.410 ms 26888/26890 (1e+02%)
[ 78] local 12.1.1.1 port 5001 connected with 12.1.1.39 port 57467
[ 79] local 12.1.1.1 port 5001 connected with 12.1.1.37 port 33910
[ 78] 0.0000-0.0000 sec  2.87 KBytes  -nan bits/sec   0.002 ms 26897/26899 (1e+02%)
[ 79] 0.0000-0.0000 sec  2.87 KBytes  -nan bits/sec   0.018 ms 26901/26903 (1e+02%)
[ 46] 11.0000-12.0000 sec  73.2 KBytes   600 Kbits/sec  16.022 ms 0/51 (0%)
[ 80] local 12.1.1.1 port 5001 connected with 12.1.1.41 port 34406
[ 80] 0.0000-0.0000 sec  2.87 KBytes  -nan bits/sec   0.003 ms 26905/26907 (1e+02%)
[ 47] 11.0000-12.0000 sec  76.1 KBytes   623 Kbits/sec  15.470 ms 0/53 (0%)
[SUM] 11.0000-12.0000 sec   149 KBytes  1.22 Mbits/sec   0/104 (0%)
[ 81] local 12.1.1.1 port 5001 connected with 12.1.1.40 port 36023
[ 81] 0.0000-0.0000 sec  2.87 KBytes  -nan bits/sec   0.030 ms 26920/26922 (1e+02%)
[ 82] local 12.1.1.1 port 5001 connected with 12.1.1.38 port 57931
[ 82] 0.0000-0.0000 sec  2.87 KBytes  -nan bits/sec   0.002 ms 26914/26916 (1e+02%)
[ 83] local 12.1.1.1 port 5001 connected with 12.1.1.39 port 57467
[ 48] 11.0000-12.0000 sec  0.000 Bytes  0.000 bits/sec   0.000 ms 0/0 (-nan%)
[ 84] local 12.1.1.1 port 5001 connected with 12.1.1.41 port 34406
[ 56] 10.0000-11.0000 sec  74.6 KBytes   612 Kbits/sec  16.055 ms 0/52 (0%)
[ 85] local 12.1.1.1 port 5001 connected with 12.1.1.38 port 57931
[ 85] 0.0000-0.0000 sec  2.87 KBytes  -nan bits/sec   0.003 ms 26925/26927 (1e+02%)
[ 83] 0.0000-0.1439 sec  2.87 KBytes   163 Kbits/sec   8.996 ms 26911/26913 (1e+02%)
[ 50] 11.0000-12.0000 sec  83.3 KBytes   682 Kbits/sec  15.839 ms 0/58 (0%)
[SUM] 11.0000-12.0000 sec  83.3 KBytes   682 Kbits/sec   0/58 (0%)
[ 86] local 12.1.1.1 port 5001 connected with 12.1.1.37 port 33910
[ 86] 0.0000-0.0005 sec  2.87 KBytes  44.2 Mbits/sec   0.033 ms 26912/26914 (1e+02%)
[ 84] 0.0000-0.1497 sec  2.87 KBytes   157 Kbits/sec   9.355 ms 26918/26920 (1e+02%)
[ 87] local 12.1.1.1 port 5001 connected with 12.1.1.40 port 36023
[ 87] 0.0000-0.0000 sec  2.87 KBytes  -nan bits/sec   0.005 ms 26931/26933 (1e+02%)
[ 88] local 12.1.1.1 port 5001 connected with 12.1.1.38 port 53120
[ 89] local 12.1.1.1 port 5001 connected with 12.1.1.39 port 34499
[ 90] local 12.1.1.1 port 5001 connected with 12.1.1.37 port 33910
[ 90] 0.0000-0.0452 sec  2.87 KBytes   521 Kbits/sec   2.822 ms 26931/26933 (1e+02%)
[ 91] local 12.1.1.1 port 5001 connected with 12.1.1.41 port 34406
[ 92] local 12.1.1.1 port 5001 connected with 12.1.1.40 port 36023
[ 91] 0.0000-0.0097 sec  2.87 KBytes  2.43 Mbits/sec   0.605 ms 26934/26936 (1e+02%)
[ 92] 0.0000-0.0004 sec  2.87 KBytes  55.6 Mbits/sec   0.026 ms 26946/26948 (1e+02%)
