------------------------------------------------------------
Server listening on UDP port 5001
UDP buffer size:  208 KByte (default)
------------------------------------------------------------
[  1] local 12.1.1.1 port 5001 connected with 12.1.1.39 port 35877
[  2] local 12.1.1.1 port 5001 connected with 12.1.1.35 port 47975
[  3] local 12.1.1.1 port 5001 connected with 12.1.1.41 port 47620
[  4] local 12.1.1.1 port 5001 connected with 12.1.1.34 port 50265
[  5] local 12.1.1.1 port 5001 connected with 12.1.1.40 port 45915
[  6] local 12.1.1.1 port 5001 connected with 12.1.1.33 port 55326
[  7] local 12.1.1.1 port 5001 connected with 12.1.1.37 port 49557
[  8] local 12.1.1.1 port 5001 connected with 12.1.1.36 port 36961
[  9] local 12.1.1.1 port 5001 connected with 12.1.1.38 port 59175
[ 10] local 12.1.1.1 port 5001 connected with 12.1.1.32 port 52342
[ ID] Interval       Transfer     Bandwidth        Jitter   Lost/Total Datagrams
[  4] 0.0000-1.0000 sec  74.6 KBytes   612 Kbits/sec  25.234 ms 21604/21656 (1e+02%)
[  1] 0.0000-1.0000 sec  80.4 KBytes   659 Kbits/sec  20.730 ms 15118/15174 (1e+02%)
[  8] 0.0000-1.0000 sec  73.2 KBytes   600 Kbits/sec  16.948 ms 21507/21558 (1e+02%)
[  3] 0.0000-1.0000 sec  84.7 KBytes   694 Kbits/sec  18.622 ms 15285/15344 (1e+02%)
[  5] 0.0000-1.0000 sec  81.8 KBytes   670 Kbits/sec  20.657 ms 15249/15306 (1e+02%)
[  2] 0.0000-1.0000 sec  86.1 KBytes   706 Kbits/sec  43.529 ms 22133/22193 (1e+02%)
[  7] 0.0000-1.0000 sec  86.1 KBytes   706 Kbits/sec  35.232 ms 15861/15921 (1e+02%)
[  9] 0.0000-1.0000 sec  84.7 KBytes   694 Kbits/sec  25.638 ms 15758/15817 (1e+02%)
[ 10] 0.0000-1.0000 sec  83.3 KBytes   682 Kbits/sec  18.342 ms 21559/21617 (1e+02%)
[  6] 0.0000-1.0000 sec  84.7 KBytes   694 Kbits/sec  20.488 ms 21988/22047 (1e+02%)
[  2] 1.0000-2.0000 sec  76.1 KBytes   623 Kbits/sec  33.350 ms 675/728 (93%)
[  1] 1.0000-2.0000 sec  79.0 KBytes   647 Kbits/sec  37.829 ms 1494/1549 (96%)
[  6] 1.0000-2.0000 sec  74.6 KBytes   612 Kbits/sec  23.001 ms 671/723 (93%)
[  3] 1.0000-2.0000 sec  73.2 KBytes   600 Kbits/sec  17.891 ms 716/767 (93%)
[  8] 1.0000-2.0000 sec  84.7 KBytes   694 Kbits/sec  21.558 ms 1162/1221 (95%)
[  5] 1.0000-2.0000 sec  73.2 KBytes   600 Kbits/sec  21.990 ms 824/875 (94%)
[ 10] 1.0000-2.0000 sec  77.5 KBytes   635 Kbits/sec  24.391 ms 1155/1209 (96%)
[  9] 1.0000-2.0000 sec  76.1 KBytes   623 Kbits/sec  23.835 ms 724/777 (93%)
[  7] 1.0000-2.0000 sec  73.2 KBytes   600 Kbits/sec  32.417 ms 696/747 (93%)
[  4] 1.0000-2.0000 sec  83.3 KBytes   682 Kbits/sec  16.502 ms 699/757 (92%)
[  6] 2.0000-3.0000 sec  76.1 KBytes   623 Kbits/sec  29.790 ms 795/848 (94%)
[  1] 2.0000-3.0000 sec  73.2 KBytes   600 Kbits/sec  31.965 ms 626/677 (92%)
[  3] 2.0000-3.0000 sec  76.1 KBytes   623 Kbits/sec  23.310 ms 1105/1158 (95%)
[ 10] 2.0000-3.0000 sec  74.6 KBytes   612 Kbits/sec  29.923 ms 688/740 (93%)
[  2] 2.0000-3.0000 sec  84.7 KBytes   694 Kbits/sec  19.449 ms 437/496 (88%)
[  5] 2.0000-3.0000 sec  79.0 KBytes   647 Kbits/sec  36.399 ms 1418/1473 (96%)
[  7] 2.0000-3.0000 sec  74.6 KBytes   612 Kbits/sec  28.249 ms 726/778 (93%)
[  4] 2.0000-3.0000 sec  84.7 KBytes   694 Kbits/sec  42.068 ms 1585/1644 (96%)
[  9] 2.0000-3.0000 sec  73.2 KBytes   600 Kbits/sec  22.572 ms 765/816 (94%)
[  8] 2.0000-3.0000 sec  84.7 KBytes   694 Kbits/sec  19.780 ms 828/887 (93%)
[  1] 3.0000-4.0000 sec  76.1 KBytes   623 Kbits/sec  18.963 ms 432/485 (89%)
[  3] 3.0000-4.0000 sec  73.2 KBytes   600 Kbits/sec  20.411 ms 654/705 (93%)
[  5] 3.0000-4.0000 sec  76.1 KBytes   623 Kbits/sec  30.016 ms 615/668 (92%)
[  2] 3.0000-4.0000 sec  70.3 KBytes   576 Kbits/sec  18.686 ms 684/733 (93%)
[  7] 3.0000-4.0000 sec  73.2 KBytes   600 Kbits/sec  24.164 ms 635/686 (93%)
[  4] 3.0000-4.0000 sec  74.6 KBytes   612 Kbits/sec  23.887 ms 747/799 (93%)
[  9] 3.0000-4.0000 sec  76.1 KBytes   623 Kbits/sec  19.291 ms 632/685 (92%)
[  8] 3.0000-4.0000 sec  76.1 KBytes   623 Kbits/sec  16.677 ms 719/772 (93%)
[  6] 3.0000-4.0000 sec  81.8 KBytes   670 Kbits/sec  17.372 ms 695/752 (92%)
[ 10] 3.0000-4.0000 sec  83.3 KBytes   682 Kbits/sec  17.940 ms 872/930 (94%)
[  1] 4.0000-5.0000 sec  77.5 KBytes   635 Kbits/sec  21.481 ms 598/652 (92%)
[  2] 4.0000-5.0000 sec  73.2 KBytes   600 Kbits/sec  21.083 ms 884/935 (95%)
[  3] 4.0000-5.0000 sec  84.7 KBytes   694 Kbits/sec  17.174 ms 693/752 (92%)
[  4] 4.0000-5.0000 sec  73.2 KBytes   600 Kbits/sec  19.977 ms 700/751 (93%)
[  8] 4.0000-5.0000 sec  70.3 KBytes   576 Kbits/sec  19.120 ms 691/740 (93%)
[  5] 4.0000-5.0000 sec  77.5 KBytes   635 Kbits/sec  23.630 ms 432/486 (89%)
[  6] 4.0000-5.0000 sec  77.5 KBytes   635 Kbits/sec  29.121 ms 1190/1244 (96%)
[  7] 4.0000-5.0000 sec  79.0 KBytes   647 Kbits/sec  19.920 ms 383/438 (87%)
[  9] 4.0000-5.0000 sec  84.7 KBytes   694 Kbits/sec  16.372 ms 738/797 (93%)
[ 10] 4.0000-5.0000 sec  74.6 KBytes   612 Kbits/sec  16.930 ms 682/734 (93%)
[  2] 5.0000-6.0000 sec  68.9 KBytes   564 Kbits/sec  63.301 ms 1548/1596 (97%)
[  1] 5.0000-6.0000 sec  80.4 KBytes   659 Kbits/sec  32.457 ms 1528/1584 (96%)
[  3] 5.0000-6.0000 sec  74.6 KBytes   612 Kbits/sec  18.023 ms 760/812 (94%)
[  4] 5.0000-6.0000 sec  63.2 KBytes   517 Kbits/sec  26.000 ms 834/878 (95%)
[  5] 5.0000-6.0000 sec  80.4 KBytes   659 Kbits/sec  44.860 ms 1361/1417 (96%)
[  6] 5.0000-6.0000 sec  63.2 KBytes   517 Kbits/sec  28.873 ms 866/910 (95%)
[  7] 5.0000-6.0000 sec  80.4 KBytes   659 Kbits/sec  34.869 ms 1524/1580 (96%)
[  8] 5.0000-6.0000 sec  66.0 KBytes   541 Kbits/sec  20.116 ms 845/891 (95%)
[  9] 5.0000-6.0000 sec  70.3 KBytes   576 Kbits/sec  19.695 ms 707/756 (94%)
[ 10] 5.0000-6.0000 sec  63.2 KBytes   517 Kbits/sec  20.106 ms 742/786 (94%)
[  4] 6.0000-7.0000 sec  77.5 KBytes   635 Kbits/sec  27.716 ms 794/848 (94%)
[  2] 6.0000-7.0000 sec  84.7 KBytes   694 Kbits/sec  29.712 ms 640/699 (92%)
[  1] 6.0000-7.0000 sec  84.7 KBytes   694 Kbits/sec  23.594 ms 579/638 (91%)
[  3] 6.0000-7.0000 sec  86.1 KBytes   706 Kbits/sec  16.222 ms 985/1045 (94%)
[  6] 6.0000-7.0000 sec  81.8 KBytes   670 Kbits/sec  16.584 ms 440/497 (89%)
[  5] 6.0000-7.0000 sec  84.7 KBytes   694 Kbits/sec  24.906 ms 709/768 (92%)
[ 10] 6.0000-7.0000 sec  84.7 KBytes   694 Kbits/sec  34.191 ms 1439/1498 (96%)
[  8] 6.0000-7.0000 sec  86.1 KBytes   706 Kbits/sec  21.829 ms 1120/1180 (95%)
[  7] 6.0000-7.0000 sec  86.1 KBytes   706 Kbits/sec  19.852 ms 598/658 (91%)
[  9] 6.0000-7.0000 sec  87.6 KBytes   717 Kbits/sec  11.450 ms 1127/1188 (95%)
[  1] 7.0000-8.0000 sec  74.6 KBytes   612 Kbits/sec  24.651 ms 733/785 (93%)
[  2] 7.0000-8.0000 sec  83.3 KBytes   682 Kbits/sec  23.774 ms 865/923 (94%)
[  3] 7.0000-8.0000 sec  73.2 KBytes   600 Kbits/sec  38.341 ms 1104/1155 (96%)
[  5] 7.0000-8.0000 sec  76.1 KBytes   623 Kbits/sec  23.498 ms 649/702 (92%)
[  4] 7.0000-8.0000 sec  93.3 KBytes   764 Kbits/sec  19.358 ms 736/801 (92%)
[  6] 7.0000-8.0000 sec  77.5 KBytes   635 Kbits/sec  23.904 ms 667/721 (93%)
[  7] 7.0000-8.0000 sec  73.2 KBytes   600 Kbits/sec  22.086 ms 625/676 (92%)
[  9] 7.0000-8.0000 sec  76.1 KBytes   623 Kbits/sec  15.777 ms 656/709 (93%)
[  8] 7.0000-8.0000 sec  83.3 KBytes   682 Kbits/sec  18.123 ms 725/783 (93%)
[ 10] 7.0000-8.0000 sec  87.6 KBytes   717 Kbits/sec  19.050 ms 503/564 (89%)
[  2] 8.0000-9.0000 sec  73.2 KBytes   600 Kbits/sec  22.303 ms 662/713 (93%)
[  1] 8.0000-9.0000 sec  86.1 KBytes   706 Kbits/sec  18.747 ms 801/861 (93%)
[  4] 8.0000-9.0000 sec  76.1 KBytes   623 Kbits/sec  16.741 ms 664/717 (93%)
[  3] 8.0000-9.0000 sec  84.7 KBytes   694 Kbits/sec  25.737 ms 877/936 (94%)
[  8] 8.0000-9.0000 sec  73.2 KBytes   600 Kbits/sec  19.723 ms 820/871 (94%)
[  6] 8.0000-9.0000 sec  83.3 KBytes   682 Kbits/sec  20.692 ms 1157/1215 (95%)
[ 10] 8.0000-9.0000 sec  70.3 KBytes   576 Kbits/sec  19.357 ms 688/737 (93%)
[  5] 8.0000-9.0000 sec  76.1 KBytes   623 Kbits/sec  23.474 ms 538/591 (91%)
[  7] 8.0000-9.0000 sec  84.7 KBytes   694 Kbits/sec  26.847 ms 1231/1290 (95%)
[  9] 8.0000-9.0000 sec  81.8 KBytes   670 Kbits/sec  18.513 ms 804/861 (93%)
[  1] 9.0000-10.0000 sec  73.2 KBytes   600 Kbits/sec  31.667 ms 1070/1121 (95%)
[  3] 9.0000-10.0000 sec  74.6 KBytes   612 Kbits/sec  18.655 ms 414/466 (89%)
[  2] 9.0000-10.0000 sec  74.6 KBytes   612 Kbits/sec  21.200 ms 730/782 (93%)
[  5] 9.0000-10.0000 sec  81.8 KBytes   670 Kbits/sec  32.857 ms 1443/1500 (96%)
[  7] 9.0000-10.0000 sec  76.1 KBytes   623 Kbits/sec  23.987 ms 644/697 (92%)
[  4] 9.0000-10.0000 sec  73.2 KBytes   600 Kbits/sec  16.163 ms 716/767 (93%)
[  6] 9.0000-10.0000 sec  76.1 KBytes   623 Kbits/sec  16.997 ms 647/700 (92%)
[  9] 9.0000-10.0000 sec  76.1 KBytes   623 Kbits/sec  61.077 ms 1517/1570 (97%)
[  8] 9.0000-10.0000 sec  73.2 KBytes   600 Kbits/sec  18.580 ms 622/673 (92%)
[ 10] 9.0000-10.0000 sec  66.0 KBytes   541 Kbits/sec  17.780 ms 748/794 (94%)
[  1] 10.0000-11.0000 sec  84.7 KBytes   694 Kbits/sec  22.946 ms 822/881 (93%)
[  2] 10.0000-11.0000 sec  73.2 KBytes   600 Kbits/sec  21.387 ms 669/720 (93%)
[  3] 10.0000-11.0000 sec  86.1 KBytes   706 Kbits/sec  34.782 ms 1358/1418 (96%)
[  4] 10.0000-11.0000 sec  73.2 KBytes   600 Kbits/sec  19.380 ms 657/708 (93%)
[  5] 10.0000-11.0000 sec  84.7 KBytes   694 Kbits/sec  20.936 ms 693/752 (92%)
[  6] 10.0000-11.0000 sec  71.8 KBytes   588 Kbits/sec  18.777 ms 661/711 (93%)
[  7] 10.0000-11.0000 sec  84.7 KBytes   694 Kbits/sec  19.586 ms 800/859 (93%)
[  8] 10.0000-11.0000 sec  70.3 KBytes   576 Kbits/sec  25.464 ms 750/799 (94%)
[ 10] 10.0000-11.0000 sec  84.7 KBytes   694 Kbits/sec  21.997 ms 1242/1301 (95%)
[  9] 10.0000-11.0000 sec  84.7 KBytes   694 Kbits/sec  19.817 ms 680/739 (92%)
[  3] 11.0000-12.0000 sec  74.6 KBytes   612 Kbits/sec  30.242 ms 763/815 (94%)
[  7] 11.0000-12.0000 sec  76.1 KBytes   623 Kbits/sec  25.297 ms 672/725 (93%)
[  2] 11.0000-12.0000 sec  84.7 KBytes   694 Kbits/sec  17.649 ms 996/1055 (94%)
[  4] 11.0000-12.0000 sec  74.6 KBytes   612 Kbits/sec  16.891 ms 976/1028 (95%)
[  1] 11.0000-12.0000 sec  81.8 KBytes   670 Kbits/sec  20.428 ms 679/736 (92%)
[  6] 11.0000-12.0000 sec  76.1 KBytes   623 Kbits/sec  16.752 ms 935/988 (95%)
[  8] 11.0000-12.0000 sec  93.3 KBytes   764 Kbits/sec  29.953 ms 1836/1901 (97%)
[  5] 11.0000-12.0000 sec  84.7 KBytes   694 Kbits/sec  18.996 ms 667/726 (92%)
[ 10] 11.0000-12.0000 sec  84.7 KBytes   694 Kbits/sec  17.978 ms 777/836 (93%)
[  9] 11.0000-12.0000 sec  84.7 KBytes   694 Kbits/sec  22.509 ms 648/707 (92%)
[  1] 12.0000-13.0000 sec  77.5 KBytes   635 Kbits/sec  16.749 ms 602/656 (92%)
[  3] 12.0000-13.0000 sec  83.3 KBytes   682 Kbits/sec  21.757 ms 657/715 (92%)
[  5] 12.0000-13.0000 sec  74.6 KBytes   612 Kbits/sec  17.803 ms 740/792 (93%)
[  4] 12.0000-13.0000 sec  86.1 KBytes   706 Kbits/sec  30.735 ms 1652/1712 (96%)
[  2] 12.0000-13.0000 sec  70.3 KBytes   576 Kbits/sec  22.509 ms 845/894 (95%)
[  6] 12.0000-13.0000 sec  84.7 KBytes   694 Kbits/sec  23.635 ms 1312/1371 (96%)
[  7] 12.0000-13.0000 sec  81.8 KBytes   670 Kbits/sec  25.419 ms 1094/1151 (95%)
[  9] 12.0000-13.0000 sec  76.1 KBytes   623 Kbits/sec  20.164 ms 788/841 (94%)
[  8] 12.0000-13.0000 sec  73.2 KBytes   600 Kbits/sec  25.963 ms 678/729 (93%)
[ 10] 12.0000-13.0000 sec  76.1 KBytes   623 Kbits/sec  23.277 ms 1268/1321 (96%)
[  4] 13.0000-14.0000 sec  73.2 KBytes   600 Kbits/sec  27.968 ms 606/657 (92%)
[  1] 13.0000-14.0000 sec  80.4 KBytes   659 Kbits/sec  20.163 ms 825/881 (94%)
[  2] 13.0000-14.0000 sec  81.8 KBytes   670 Kbits/sec  21.185 ms 1084/1141 (95%)
[  3] 13.0000-14.0000 sec  84.7 KBytes   694 Kbits/sec  37.229 ms 1140/1199 (95%)
[  8] 13.0000-14.0000 sec  74.6 KBytes   612 Kbits/sec  24.253 ms 726/778 (93%)
[  6] 13.0000-14.0000 sec  73.2 KBytes   600 Kbits/sec  19.233 ms 666/717 (93%)
[  7] 13.0000-14.0000 sec  84.7 KBytes   694 Kbits/sec  20.183 ms 783/842 (93%)
[  5] 13.0000-14.0000 sec  77.5 KBytes   635 Kbits/sec  17.015 ms 710/764 (93%)
[ 10] 13.0000-14.0000 sec  73.2 KBytes   600 Kbits/sec  25.357 ms 710/761 (93%)
[  9] 13.0000-14.0000 sec  84.7 KBytes   694 Kbits/sec  17.638 ms 653/712 (92%)
[  1] 14.0000-15.0000 sec  77.5 KBytes   635 Kbits/sec  24.499 ms 1122/1176 (95%)
[  4] 14.0000-15.0000 sec  63.2 KBytes   517 Kbits/sec  22.530 ms 793/837 (95%)
[  2] 14.0000-15.0000 sec  63.2 KBytes   517 Kbits/sec  22.915 ms 616/660 (93%)
[  3] 14.0000-15.0000 sec  76.1 KBytes   623 Kbits/sec  29.732 ms 804/857 (94%)
[  6] 14.0000-15.0000 sec  64.6 KBytes   529 Kbits/sec  18.469 ms 743/788 (94%)
[  8] 14.0000-15.0000 sec  63.2 KBytes   517 Kbits/sec  27.010 ms 641/685 (94%)
[  7] 14.0000-15.0000 sec  73.2 KBytes   600 Kbits/sec  18.321 ms 733/784 (93%)
[  5] 14.0000-15.0000 sec  84.7 KBytes   694 Kbits/sec  17.304 ms 1123/1182 (95%)
[  9] 14.0000-15.0000 sec  73.2 KBytes   600 Kbits/sec  16.873 ms 855/906 (94%)
[ 10] 14.0000-15.0000 sec  63.2 KBytes   517 Kbits/sec  30.281 ms 655/699 (94%)
[  5] 15.0000-16.0000 sec  73.2 KBytes   600 Kbits/sec  17.537 ms 789/840 (94%)
[  4] 15.0000-16.0000 sec  84.7 KBytes   694 Kbits/sec  17.960 ms 476/535 (89%)
[  2] 15.0000-16.0000 sec  86.1 KBytes   706 Kbits/sec  26.300 ms 1200/1260 (95%)
[  6] 15.0000-16.0000 sec  84.7 KBytes   694 Kbits/sec  25.670 ms 1193/1252 (95%)
[  1] 15.0000-16.0000 sec  84.7 KBytes   694 Kbits/sec  17.242 ms 645/704 (92%)
[  8] 15.0000-16.0000 sec  86.1 KBytes   706 Kbits/sec  19.572 ms 869/929 (94%)
[  7] 15.0000-16.0000 sec  81.8 KBytes   670 Kbits/sec  19.442 ms 611/668 (91%)
[  3] 15.0000-16.0000 sec  84.7 KBytes   694 Kbits/sec  22.682 ms 690/749 (92%)
[ 10] 15.0000-16.0000 sec  84.7 KBytes   694 Kbits/sec  22.081 ms 859/918 (94%)
[  9] 15.0000-16.0000 sec  84.7 KBytes   694 Kbits/sec  44.700 ms 1513/1572 (96%)
[  2] 16.0000-17.0000 sec  73.2 KBytes   600 Kbits/sec  28.719 ms 905/956 (95%)
[  5] 16.0000-17.0000 sec  74.6 KBytes   612 Kbits/sec  18.867 ms 788/840 (94%)
[  8] 16.0000-17.0000 sec  73.2 KBytes   600 Kbits/sec  18.398 ms 745/796 (94%)
[  1] 16.0000-17.0000 sec  73.2 KBytes   600 Kbits/sec  19.655 ms 932/983 (95%)
[  9] 16.0000-17.0000 sec  63.2 KBytes   517 Kbits/sec  54.554 ms 657/701 (94%)
[  4] 16.0000-17.0000 sec  74.6 KBytes   612 Kbits/sec  16.179 ms 691/743 (93%)
[  3] 16.0000-17.0000 sec  73.2 KBytes   600 Kbits/sec  22.645 ms 879/930 (95%)
[  7] 16.0000-17.0000 sec  73.2 KBytes   600 Kbits/sec  22.560 ms 894/945 (95%)
[  6] 16.0000-17.0000 sec  84.7 KBytes   694 Kbits/sec  20.995 ms 768/827 (93%)
[ 10] 16.0000-17.0000 sec  84.7 KBytes   694 Kbits/sec  16.797 ms 757/816 (93%)
[  4] 17.0000-18.0000 sec  86.1 KBytes   706 Kbits/sec  23.341 ms 1592/1652 (96%)
[  1] 17.0000-18.0000 sec  73.2 KBytes   600 Kbits/sec  18.478 ms 654/705 (93%)
[  2] 17.0000-18.0000 sec  84.7 KBytes   694 Kbits/sec  19.153 ms 648/707 (92%)
[  6] 17.0000-18.0000 sec  76.1 KBytes   623 Kbits/sec  29.131 ms 1172/1225 (96%)
[  3] 17.0000-18.0000 sec  74.6 KBytes   612 Kbits/sec  20.504 ms 644/696 (93%)
[  8] 17.0000-18.0000 sec  80.4 KBytes   659 Kbits/sec  18.897 ms 719/775 (93%)
[ 10] 17.0000-18.0000 sec  74.6 KBytes   612 Kbits/sec  15.747 ms 699/751 (93%)
[  7] 17.0000-18.0000 sec  79.0 KBytes   647 Kbits/sec  23.736 ms 1104/1159 (95%)
[  5] 17.0000-18.0000 sec  76.1 KBytes   623 Kbits/sec  24.534 ms 648/701 (92%)
[  9] 17.0000-18.0000 sec  84.7 KBytes   694 Kbits/sec  32.088 ms 804/863 (93%)
[  3] 18.0000-19.0000 sec  73.2 KBytes   600 Kbits/sec  18.178 ms 793/844 (94%)
[  4] 18.0000-19.0000 sec  74.6 KBytes   612 Kbits/sec  27.421 ms 692/744 (93%)
[  2] 18.0000-19.0000 sec  76.1 KBytes   623 Kbits/sec  20.404 ms 855/908 (94%)
[  8] 18.0000-19.0000 sec  79.0 KBytes   647 Kbits/sec  22.273 ms 1177/1232 (96%)
[  5] 18.0000-19.0000 sec  83.3 KBytes   682 Kbits/sec  17.778 ms 1125/1183 (95%)
[  6] 18.0000-19.0000 sec  73.2 KBytes   600 Kbits/sec  28.859 ms 689/740 (93%)
[ 10] 18.0000-19.0000 sec  74.6 KBytes   612 Kbits/sec  55.377 ms 1463/1515 (97%)
[  1] 18.0000-19.0000 sec  87.6 KBytes   717 Kbits/sec  19.246 ms 1083/1144 (95%)
[  7] 18.0000-19.0000 sec  84.7 KBytes   694 Kbits/sec  16.777 ms 661/720 (92%)
[  9] 18.0000-19.0000 sec  84.7 KBytes   694 Kbits/sec  14.431 ms 423/482 (88%)
[  4] 19.0000-20.0000 sec  83.3 KBytes   682 Kbits/sec  57.507 ms 1090/1148 (95%)
[  2] 19.0000-20.0000 sec  84.7 KBytes   694 Kbits/sec  15.822 ms 639/698 (92%)
[  1] 19.0000-20.0000 sec  63.2 KBytes   517 Kbits/sec  20.799 ms 758/802 (95%)
[  6] 19.0000-20.0000 sec  77.5 KBytes   635 Kbits/sec  20.806 ms 390/444 (88%)
[  3] 19.0000-20.0000 sec  77.5 KBytes   635 Kbits/sec  19.257 ms 701/755 (93%)
[  8] 19.0000-20.0000 sec  84.7 KBytes   694 Kbits/sec  17.545 ms 714/773 (92%)
[  7] 19.0000-20.0000 sec  63.2 KBytes   517 Kbits/sec  21.100 ms 866/910 (95%)
[  5] 19.0000-20.0000 sec  74.6 KBytes   612 Kbits/sec  20.861 ms 709/761 (93%)
[ 10] 19.0000-20.0000 sec  86.1 KBytes   706 Kbits/sec  18.434 ms 409/469 (87%)
[  9] 19.0000-20.0000 sec  64.6 KBytes   529 Kbits/sec  17.383 ms 747/792 (94%)
[  1] 20.0000-21.0000 sec  74.6 KBytes   612 Kbits/sec  19.277 ms 627/679 (92%)
[  2] 20.0000-21.0000 sec  73.2 KBytes   600 Kbits/sec  56.984 ms 1514/1565 (97%)
[  6] 20.0000-21.0000 sec  71.8 KBytes   588 Kbits/sec  27.552 ms 711/761 (93%)
[  3] 20.0000-21.0000 sec  73.2 KBytes   600 Kbits/sec  16.714 ms 754/805 (94%)
[  8] 20.0000-21.0000 sec  73.2 KBytes   600 Kbits/sec  20.129 ms 741/792 (94%)
[  7] 20.0000-21.0000 sec  76.1 KBytes   623 Kbits/sec  18.169 ms 635/688 (92%)
[  5] 20.0000-21.0000 sec  73.2 KBytes   600 Kbits/sec  30.036 ms 1211/1262 (96%)
[  4] 20.0000-21.0000 sec  84.7 KBytes   694 Kbits/sec  24.593 ms 872/931 (94%)
[  9] 20.0000-21.0000 sec  73.2 KBytes   600 Kbits/sec  19.859 ms 624/675 (92%)
[ 10] 20.0000-21.0000 sec  81.8 KBytes   670 Kbits/sec  18.437 ms 765/822 (93%)
[  3] 21.0000-22.0000 sec  70.3 KBytes   576 Kbits/sec  20.891 ms 857/906 (95%)
[  1] 21.0000-22.0000 sec  73.2 KBytes   600 Kbits/sec  27.985 ms 1376/1427 (96%)
[  2] 21.0000-22.0000 sec  84.7 KBytes   694 Kbits/sec  32.227 ms 790/849 (93%)
[  8] 21.0000-22.0000 sec  79.0 KBytes   647 Kbits/sec  21.245 ms 854/909 (94%)
[  6] 21.0000-22.0000 sec  96.2 KBytes   788 Kbits/sec  25.545 ms 1623/1690 (96%)
[  7] 21.0000-22.0000 sec  73.2 KBytes   600 Kbits/sec  40.914 ms 1441/1492 (97%)
[  9] 21.0000-22.0000 sec  73.2 KBytes   600 Kbits/sec  21.024 ms 1001/1052 (95%)
[  5] 21.0000-22.0000 sec  76.1 KBytes   623 Kbits/sec  27.790 ms 800/853 (94%)
[ 10] 21.0000-22.0000 sec  66.0 KBytes   541 Kbits/sec  22.473 ms 849/895 (95%)
[  4] 21.0000-22.0000 sec  84.7 KBytes   694 Kbits/sec  17.364 ms 488/547 (89%)
[  5] 22.0000-23.0000 sec  73.2 KBytes   600 Kbits/sec  23.117 ms 830/881 (94%)
[  2] 22.0000-23.0000 sec  86.1 KBytes   706 Kbits/sec  16.316 ms 468/528 (89%)
[  6] 22.0000-23.0000 sec  84.7 KBytes   694 Kbits/sec  20.244 ms 723/782 (92%)
[  3] 22.0000-23.0000 sec  74.6 KBytes   612 Kbits/sec  17.377 ms 887/939 (94%)
[  1] 22.0000-23.0000 sec  84.7 KBytes   694 Kbits/sec  20.660 ms 690/749 (92%)
[  8] 22.0000-23.0000 sec  91.9 KBytes   753 Kbits/sec  28.090 ms 1585/1649 (96%)
[ 10] 22.0000-23.0000 sec  94.7 KBytes   776 Kbits/sec  22.945 ms 1493/1559 (96%)
[  4] 22.0000-23.0000 sec  76.1 KBytes   623 Kbits/sec  15.663 ms 787/840 (94%)
[  7] 22.0000-23.0000 sec  84.7 KBytes   694 Kbits/sec  20.190 ms 720/779 (92%)
[  9] 22.0000-23.0000 sec  87.6 KBytes   717 Kbits/sec  22.274 ms 1153/1214 (95%)
[  2] 23.0000-24.0000 sec  79.0 KBytes   647 Kbits/sec  38.897 ms 1467/1522 (96%)
[  1] 23.0000-24.0000 sec  77.5 KBytes   635 Kbits/sec  29.032 ms 1136/1190 (95%)
[  4] 23.0000-24.0000 sec  84.7 KBytes   694 Kbits/sec  29.159 ms 1423/1482 (96%)
[  3] 23.0000-24.0000 sec  86.1 KBytes   706 Kbits/sec  31.006 ms 1450/1510 (96%)
[  7] 23.0000-24.0000 sec  74.6 KBytes   612 Kbits/sec  21.615 ms 765/817 (94%)
[  6] 23.0000-24.0000 sec  84.7 KBytes   694 Kbits/sec  15.965 ms 764/823 (93%)
[  5] 23.0000-24.0000 sec  84.7 KBytes   694 Kbits/sec  18.519 ms 693/752 (92%)
[  9] 23.0000-24.0000 sec  74.6 KBytes   612 Kbits/sec  19.007 ms 699/751 (93%)
[  8] 23.0000-24.0000 sec  84.7 KBytes   694 Kbits/sec  19.618 ms 619/678 (91%)
[ 10] 23.0000-24.0000 sec  84.7 KBytes   694 Kbits/sec  20.244 ms 720/779 (92%)
[  1] 24.0000-25.0000 sec  73.2 KBytes   600 Kbits/sec  26.534 ms 665/716 (93%)
[  4] 24.0000-25.0000 sec  73.2 KBytes   600 Kbits/sec  28.293 ms 656/707 (93%)
[  2] 24.0000-25.0000 sec  80.4 KBytes   659 Kbits/sec  23.427 ms 659/715 (92%)
[  3] 24.0000-25.0000 sec  74.6 KBytes   612 Kbits/sec  27.588 ms 675/727 (93%)
[  7] 24.0000-25.0000 sec  73.2 KBytes   600 Kbits/sec  18.749 ms 669/720 (93%)
[  6] 24.0000-25.0000 sec  73.2 KBytes   600 Kbits/sec  16.507 ms 670/721 (93%)
[  9] 24.0000-25.0000 sec  64.6 KBytes   529 Kbits/sec  18.808 ms 779/824 (95%)
[  8] 24.0000-25.0000 sec  76.1 KBytes   623 Kbits/sec  18.797 ms 797/850 (94%)
[  5] 24.0000-25.0000 sec  76.1 KBytes   623 Kbits/sec  17.428 ms 644/697 (92%)
[ 10] 24.0000-25.0000 sec  73.2 KBytes   600 Kbits/sec  18.699 ms 656/707 (93%)
[  2] 25.0000-26.0000 sec  76.1 KBytes   623 Kbits/sec  28.766 ms 652/705 (92%)
[  3] 25.0000-26.0000 sec  73.2 KBytes   600 Kbits/sec  26.382 ms 808/859 (94%)
[  1] 25.0000-26.0000 sec  76.1 KBytes   623 Kbits/sec  25.295 ms 794/847 (94%)
[  7] 25.0000-26.0000 sec  77.5 KBytes   635 Kbits/sec  18.483 ms 694/748 (93%)
[  5] 25.0000-26.0000 sec  70.3 KBytes   576 Kbits/sec  15.790 ms 818/867 (94%)
[  6] 25.0000-26.0000 sec  74.6 KBytes   612 Kbits/sec  16.596 ms 741/793 (93%)
[  9] 25.0000-26.0000 sec  84.7 KBytes   694 Kbits/sec  20.183 ms 1132/1191 (95%)
[  8] 25.0000-26.0000 sec  84.7 KBytes   694 Kbits/sec  26.272 ms 1160/1219 (95%)
[ 10] 25.0000-26.0000 sec  84.7 KBytes   694 Kbits/sec  19.151 ms 1124/1183 (95%)
[  4] 25.0000-26.0000 sec  84.7 KBytes   694 Kbits/sec  17.796 ms 414/473 (88%)
[  2] 26.0000-27.0000 sec  81.8 KBytes   670 Kbits/sec  19.675 ms 855/912 (94%)
[  3] 26.0000-27.0000 sec  73.2 KBytes   600 Kbits/sec  21.125 ms 683/734 (93%)
[  7] 26.0000-27.0000 sec  71.8 KBytes   588 Kbits/sec  26.568 ms 1121/1171 (96%)
[  8] 26.0000-27.0000 sec  73.2 KBytes   600 Kbits/sec  24.347 ms 682/733 (93%)
[  1] 26.0000-27.0000 sec  77.5 KBytes   635 Kbits/sec  19.688 ms 656/710 (92%)
[  5] 26.0000-27.0000 sec  70.3 KBytes   576 Kbits/sec  22.720 ms 628/677 (93%)
[  4] 26.0000-27.0000 sec  84.7 KBytes   694 Kbits/sec  24.250 ms 1553/1612 (96%)
[  9] 26.0000-27.0000 sec  73.2 KBytes   600 Kbits/sec  25.205 ms 700/751 (93%)
[  6] 26.0000-27.0000 sec  94.7 KBytes   776 Kbits/sec  18.803 ms 1176/1242 (95%)
[ 10] 26.0000-27.0000 sec  84.7 KBytes   694 Kbits/sec  21.173 ms 858/917 (94%)
[  1] 27.0000-28.0000 sec  73.2 KBytes   600 Kbits/sec  21.849 ms 830/881 (94%)
[  4] 27.0000-28.0000 sec  67.5 KBytes   553 Kbits/sec  29.593 ms 447/494 (90%)
[  2] 27.0000-28.0000 sec  76.1 KBytes   623 Kbits/sec  18.886 ms 659/712 (93%)
[  3] 27.0000-28.0000 sec  74.6 KBytes   612 Kbits/sec  19.141 ms 684/736 (93%)
[  6] 27.0000-28.0000 sec  63.2 KBytes   517 Kbits/sec  19.284 ms 680/724 (94%)
[  8] 27.0000-28.0000 sec  68.9 KBytes   564 Kbits/sec  26.875 ms 431/479 (90%)
[  7] 27.0000-28.0000 sec  73.2 KBytes   600 Kbits/sec  25.543 ms 818/869 (94%)
[ 10] 27.0000-28.0000 sec  64.6 KBytes   529 Kbits/sec  22.288 ms 672/717 (94%)
[  5] 27.0000-28.0000 sec  79.0 KBytes   647 Kbits/sec  22.696 ms 1158/1213 (95%)
[  9] 27.0000-28.0000 sec  64.6 KBytes   529 Kbits/sec  19.971 ms 448/493 (91%)
[  2] 28.0000-29.0000 sec  73.2 KBytes   600 Kbits/sec  26.988 ms 1052/1103 (95%)
[  3] 28.0000-29.0000 sec  73.2 KBytes   600 Kbits/sec  29.042 ms 1080/1131 (95%)
[  8] 28.0000-29.0000 sec  80.4 KBytes   659 Kbits/sec  43.745 ms 1281/1337 (96%)
[  7] 28.0000-29.0000 sec  71.8 KBytes   588 Kbits/sec  21.701 ms 398/448 (89%)
[  1] 28.0000-29.0000 sec  73.2 KBytes   600 Kbits/sec  19.385 ms 622/673 (92%)
[ 10] 28.0000-29.0000 sec  74.6 KBytes   612 Kbits/sec  17.654 ms 611/663 (92%)
[  5] 28.0000-29.0000 sec  74.6 KBytes   612 Kbits/sec  20.863 ms 747/799 (93%)
[  6] 28.0000-29.0000 sec  77.5 KBytes   635 Kbits/sec  16.053 ms 769/823 (93%)
[  9] 28.0000-29.0000 sec  84.7 KBytes   694 Kbits/sec  34.810 ms 1290/1349 (96%)
[  4] 28.0000-29.0000 sec  81.8 KBytes   670 Kbits/sec  16.814 ms 643/700 (92%)
[  1] 29.0000-30.0000 sec  74.6 KBytes   612 Kbits/sec  18.360 ms 768/820 (94%)
[  8] 29.0000-30.0000 sec  74.6 KBytes   612 Kbits/sec  21.230 ms 429/481 (89%)
[  6] 29.0000-30.0000 sec  74.6 KBytes   612 Kbits/sec  30.614 ms 1092/1144 (95%)
[  5] 29.0000-30.0000 sec  73.2 KBytes   600 Kbits/sec  18.895 ms 682/733 (93%)
[  9] 29.0000-30.0000 sec  74.6 KBytes   612 Kbits/sec  30.148 ms 737/789 (93%)
[ 10] 29.0000-30.0000 sec  73.2 KBytes   600 Kbits/sec  28.926 ms 1098/1149 (96%)
[  4] 29.0000-30.0000 sec  74.6 KBytes   612 Kbits/sec  15.640 ms 621/673 (92%)
[  3] 29.0000-30.0000 sec  84.7 KBytes   694 Kbits/sec  20.257 ms 645/704 (92%)
[  7] 29.0000-30.0000 sec  89.0 KBytes   729 Kbits/sec  31.503 ms 1303/1365 (95%)
[  2] 29.0000-30.0000 sec  84.7 KBytes   694 Kbits/sec  20.989 ms 800/859 (93%)
[  1] 30.0000-31.0000 sec  73.2 KBytes   600 Kbits/sec  17.703 ms 619/670 (92%)
[  2] 30.0000-31.0000 sec  63.2 KBytes   517 Kbits/sec  22.473 ms 714/758 (94%)
[  8] 30.0000-31.0000 sec  73.2 KBytes   600 Kbits/sec  17.737 ms 732/783 (93%)
[  3] 30.0000-31.0000 sec  67.5 KBytes   553 Kbits/sec  25.405 ms 404/451 (90%)
[  7] 30.0000-31.0000 sec  73.2 KBytes   600 Kbits/sec  19.842 ms 430/481 (89%)
[  4] 30.0000-31.0000 sec  74.6 KBytes   612 Kbits/sec  21.119 ms 1188/1240 (96%)
[  5] 30.0000-31.0000 sec  80.4 KBytes   659 Kbits/sec  20.348 ms 631/687 (92%)
[  6] 30.0000-31.0000 sec  83.3 KBytes   682 Kbits/sec  19.295 ms 690/748 (92%)
[  9] 30.0000-31.0000 sec  86.1 KBytes   706 Kbits/sec  23.951 ms 853/913 (93%)
[ 10] 30.0000-31.0000 sec  84.7 KBytes   694 Kbits/sec  20.331 ms 715/774 (92%)
[  4] 31.0000-32.0000 sec  63.2 KBytes   517 Kbits/sec  21.098 ms 634/678 (94%)
[  1] 31.0000-32.0000 sec  70.3 KBytes   576 Kbits/sec  23.321 ms 908/957 (95%)
[  2] 31.0000-32.0000 sec  76.1 KBytes   623 Kbits/sec  22.488 ms 651/704 (92%)
[  6] 31.0000-32.0000 sec  63.2 KBytes   517 Kbits/sec  47.758 ms 1080/1124 (96%)
[  3] 31.0000-32.0000 sec  73.2 KBytes   600 Kbits/sec  17.779 ms 781/832 (94%)
[  8] 31.0000-32.0000 sec  76.1 KBytes   623 Kbits/sec  19.494 ms 674/727 (93%)
[  5] 31.0000-32.0000 sec  68.9 KBytes   564 Kbits/sec  27.346 ms 1302/1350 (96%)
[  9] 31.0000-32.0000 sec  63.2 KBytes   517 Kbits/sec  27.395 ms 809/853 (95%)
[ 10] 31.0000-32.0000 sec  64.6 KBytes   529 Kbits/sec  15.669 ms 425/470 (90%)
[  7] 31.0000-32.0000 sec  76.1 KBytes   623 Kbits/sec  19.026 ms 822/875 (94%)
[  1] 32.0000-33.0000 sec  77.5 KBytes   635 Kbits/sec  23.661 ms 1203/1257 (96%)
[  5] 32.0000-33.0000 sec  76.1 KBytes   623 Kbits/sec  21.764 ms 665/718 (93%)
[  4] 32.0000-33.0000 sec  84.7 KBytes   694 Kbits/sec  17.262 ms 799/858 (93%)
[  2] 32.0000-33.0000 sec  84.7 KBytes   694 Kbits/sec  25.812 ms 1154/1213 (95%)
[  9] 32.0000-33.0000 sec  74.6 KBytes   612 Kbits/sec  30.031 ms 657/709 (93%)
[  3] 32.0000-33.0000 sec  84.7 KBytes   694 Kbits/sec  13.195 ms 1185/1244 (95%)
[  6] 32.0000-33.0000 sec  84.7 KBytes   694 Kbits/sec  30.465 ms 735/794 (93%)
[  8] 32.0000-33.0000 sec  84.7 KBytes   694 Kbits/sec  18.804 ms 1142/1201 (95%)
[  7] 32.0000-33.0000 sec  68.9 KBytes   564 Kbits/sec  19.494 ms 732/780 (94%)
[ 10] 32.0000-33.0000 sec  76.1 KBytes   623 Kbits/sec  15.332 ms 675/728 (93%)
[  2] 33.0000-34.0000 sec  73.2 KBytes   600 Kbits/sec  22.939 ms 651/702 (93%)
[  1] 33.0000-34.0000 sec  77.5 KBytes   635 Kbits/sec  21.173 ms 676/730 (93%)
[  5] 33.0000-34.0000 sec  73.2 KBytes   600 Kbits/sec  21.221 ms 768/819 (94%)
[  4] 33.0000-34.0000 sec  84.7 KBytes   694 Kbits/sec  15.684 ms 810/869 (93%)
[  3] 33.0000-34.0000 sec  73.2 KBytes   600 Kbits/sec  18.685 ms 712/763 (93%)
[  8] 33.0000-34.0000 sec  84.7 KBytes   694 Kbits/sec  16.907 ms 658/717 (92%)
[  6] 33.0000-34.0000 sec  84.7 KBytes   694 Kbits/sec  20.616 ms 754/813 (93%)
[  7] 33.0000-34.0000 sec  73.2 KBytes   600 Kbits/sec  23.729 ms 773/824 (94%)
[ 10] 33.0000-34.0000 sec  94.7 KBytes   776 Kbits/sec  19.654 ms 1487/1553 (96%)
[  9] 33.0000-34.0000 sec  83.3 KBytes   682 Kbits/sec  20.222 ms 770/828 (93%)
[  1] 34.0000-35.0000 sec  71.8 KBytes   588 Kbits/sec  21.302 ms 762/812 (94%)
[  7] 34.0000-35.0000 sec  79.0 KBytes   647 Kbits/sec  24.793 ms 1106/1161 (95%)
[  2] 34.0000-35.0000 sec  86.1 KBytes   706 Kbits/sec  32.187 ms 1110/1170 (95%)
[  5] 34.0000-35.0000 sec  84.7 KBytes   694 Kbits/sec  18.000 ms 680/739 (92%)
[  6] 34.0000-35.0000 sec  76.1 KBytes   623 Kbits/sec  22.918 ms 669/722 (93%)
[  9] 34.0000-35.0000 sec  74.6 KBytes   612 Kbits/sec  20.228 ms 835/887 (94%)
[  8] 34.0000-35.0000 sec  73.2 KBytes   600 Kbits/sec  24.811 ms 1115/1166 (96%)
[  3] 34.0000-35.0000 sec  74.6 KBytes   612 Kbits/sec  17.235 ms 664/716 (93%)
[ 10] 34.0000-35.0000 sec  74.6 KBytes   612 Kbits/sec  22.348 ms 770/822 (94%)
[  4] 34.0000-35.0000 sec  76.1 KBytes   623 Kbits/sec  18.116 ms 678/731 (93%)
[  4] 35.0000-35.9126 sec  64.6 KBytes   580 Kbits/sec  51.290 ms 1254/1299 (97%)
[  4] 0.0000-35.9126 sec  2.73 MBytes   637 Kbits/sec  51.290 ms 51571/53516 (96%)
[  2] 35.0000-35.9716 sec  71.8 KBytes   605 Kbits/sec  32.760 ms 638/688 (93%)
[  2] 0.0000-35.9716 sec  2.74 MBytes   638 Kbits/sec  32.760 ms 51549/53502 (96%)
[  1] 35.0000-36.0000 sec  86.1 KBytes   706 Kbits/sec  17.706 ms 683/743 (92%)
[  5] 35.0000-36.0000 sec  74.6 KBytes   612 Kbits/sec  28.334 ms 1202/1254 (96%)
[  9] 35.0000-36.0000 sec  73.2 KBytes   600 Kbits/sec  17.374 ms 664/715 (93%)
[  8] 35.0000-36.0000 sec  76.1 KBytes   623 Kbits/sec  21.395 ms 726/779 (93%)
[  6] 35.0000-36.0000 sec  73.2 KBytes   600 Kbits/sec  17.586 ms 759/810 (94%)
[  3] 35.0000-36.0000 sec  73.2 KBytes   600 Kbits/sec  16.704 ms 765/816 (94%)
[  7] 35.0000-36.0000 sec  84.7 KBytes   694 Kbits/sec  18.524 ms 683/742 (92%)
[ 11] local 12.1.1.1 port 5001 connected with 12.1.1.34 port 50265
[ 11] 0.0000-0.0004 sec  2.87 KBytes  57.9 Mbits/sec   0.025 ms 53530/53532 (1e+02%)
[ 12] local 12.1.1.1 port 5001 connected with 12.1.1.35 port 47975
[ 12] 0.0000-0.0112 sec  2.87 KBytes  2.09 Mbits/sec   0.702 ms 53511/53513 (1e+02%)
[ 10] 35.0000-36.0000 sec  73.2 KBytes   600 Kbits/sec  16.415 ms 393/444 (89%)
[ 10] 0.0000-36.2051 sec  2.74 MBytes   634 Kbits/sec  20.549 ms 51589/53542 (96%)
[ 13] local 12.1.1.1 port 5001 connected with 12.1.1.35 port 47975
[ 13] 0.0000-0.0000 sec  2.87 KBytes  -nan bits/sec   0.011 ms 53523/53525 (1e+02%)
[ 14] local 12.1.1.1 port 5001 connected with 12.1.1.34 port 50265
[ 14] 0.0000-0.0000 sec  2.87 KBytes  -nan bits/sec   0.003 ms 53545/53547 (1e+02%)
[  6] 36.0000-36.4799 sec  24.4 KBytes   417 Kbits/sec  32.316 ms 296/313 (95%)
[  6] 0.0000-36.4799 sec  2.76 MBytes   635 Kbits/sec  32.316 ms 51577/53547 (96%)
[ 15] local 12.1.1.1 port 5001 connected with 12.1.1.33 port 55326
[ 15] 0.0000-0.0034 sec  2.87 KBytes  6.85 Mbits/sec   0.215 ms 53560/53562 (1e+02%)
[  8] 36.0000-36.6531 sec  34.5 KBytes   432 Kbits/sec  30.564 ms 75/99 (76%)
[  8] 0.0000-36.6531 sec  2.77 MBytes   634 Kbits/sec  30.564 ms 51595/53572 (96%)
[ 16] local 12.1.1.1 port 5001 connected with 12.1.1.35 port 47975
[ 17] local 12.1.1.1 port 5001 connected with 12.1.1.34 port 50265
[ 16] 0.0000-0.0000 sec  2.87 KBytes  -nan bits/sec   0.001 ms 53587/53589 (1e+02%)
[ 17] 0.0000-0.0000 sec  2.87 KBytes  0.000 bits/sec   0.001 ms 53560/53562 (1e+02%)
[ 18] local 12.1.1.1 port 5001 connected with 12.1.1.36 port 36961
[ 18] 0.0000-0.0069 sec  2.87 KBytes  3.42 Mbits/sec   0.429 ms 53584/53586 (1e+02%)
[ 19] local 12.1.1.1 port 5001 connected with 12.1.1.34 port 50265
[ 19] 0.0000-0.0001 sec  2.87 KBytes   174 Mbits/sec   0.008 ms 53597/53599 (1e+02%)
[ 20] local 12.1.1.1 port 5001 connected with 12.1.1.35 port 47975
[ 20] 0.0000-0.0000 sec  2.87 KBytes  -nan bits/sec   0.003 ms 53600/53602 (1e+02%)
[  1] 36.0000-37.0000 sec  74.6 KBytes   612 Kbits/sec  23.483 ms 1179/1231 (96%)
[ 21] local 12.1.1.1 port 5001 connected with 12.1.1.33 port 55326
[ 21] 0.0000-0.0000 sec  2.87 KBytes  -nan bits/sec   0.001 ms 53572/53574 (1e+02%)
[  5] 36.0000-37.0000 sec  73.2 KBytes   600 Kbits/sec  22.558 ms 793/844 (94%)
[  7] 36.0000-37.0000 sec  71.8 KBytes   588 Kbits/sec  21.666 ms 873/923 (95%)
[  3] 36.0000-37.0000 sec  86.1 KBytes   706 Kbits/sec  19.773 ms 1179/1239 (95%)
[ 22] local 12.1.1.1 port 5001 connected with 12.1.1.36 port 36961
[ 22] 0.0000-0.0000 sec  2.87 KBytes  -nan bits/sec   0.002 ms 53599/53601 (1e+02%)
[ 23] local 12.1.1.1 port 5001 connected with 12.1.1.34 port 50265
[ 24] local 12.1.1.1 port 5001 connected with 12.1.1.35 port 47975
[ 23] 0.0000-0.0000 sec  2.87 KBytes  -nan bits/sec   0.002 ms 53608/53610 (1e+02%)
[ 24] 0.0000-0.0000 sec  2.87 KBytes  -nan bits/sec   0.002 ms 53615/53617 (1e+02%)
[  9] 36.0000-37.0000 sec  84.7 KBytes   694 Kbits/sec  46.688 ms 1527/1586 (96%)
[ 25] local 12.1.1.1 port 5001 connected with 12.1.1.33 port 55326
[ 25] 0.0000-0.0000 sec  2.87 KBytes  -nan bits/sec   0.002 ms 53587/53589 (1e+02%)
[ 26] local 12.1.1.1 port 5001 connected with 12.1.1.32 port 52342
[ 26] 0.0000-0.0000 sec  2.87 KBytes  -nan bits/sec   0.003 ms 53629/53631 (1e+02%)
[ 27] local 12.1.1.1 port 5001 connected with 12.1.1.36 port 36961
[ 27] 0.0000-0.0000 sec  2.87 KBytes  -nan bits/sec   0.003 ms 53613/53615 (1e+02%)
[ 28] local 12.1.1.1 port 5001 connected with 12.1.1.34 port 50265
[ 29] local 12.1.1.1 port 5001 connected with 12.1.1.35 port 47975
[ 28] 0.0000-0.0059 sec  2.87 KBytes  3.97 Mbits/sec   0.371 ms 53622/53624 (1e+02%)
[ 29] 0.0000-0.0000 sec  2.87 KBytes  -nan bits/sec   0.003 ms 53630/53632 (1e+02%)
[ 30] local 12.1.1.1 port 5001 connected with 12.1.1.33 port 55326
[ 30] 0.0000-0.0000 sec  2.87 KBytes  -nan bits/sec   0.003 ms 53654/53656 (1e+02%)
[ 31] local 12.1.1.1 port 5001 connected with 12.1.1.32 port 52342
[ 32] local 12.1.1.1 port 5001 connected with 12.1.1.34 port 50265
[ 31] 0.0000-0.0000 sec  2.87 KBytes  -nan bits/sec   0.005 ms 53644/53646 (1e+02%)
[ 33] local 12.1.1.1 port 5001 connected with 12.1.1.36 port 36961
[ 33] 0.0000-0.0000 sec  2.87 KBytes  -nan bits/sec   0.006 ms 53693/53695 (1e+02%)
[ 32] 0.0000-0.1253 sec  2.87 KBytes   188 Kbits/sec   7.828 ms 53652/53654 (1e+02%)
[ 34] local 12.1.1.1 port 5001 connected with 12.1.1.33 port 55326
[ 34] 0.0000-0.0000 sec  2.87 KBytes  -nan bits/sec   0.011 ms 53668/53670 (1e+02%)
[ 35] local 12.1.1.1 port 5001 connected with 12.1.1.35 port 45083
[ 36] local 12.1.1.1 port 5001 connected with 12.1.1.36 port 36463
