------------------------------------------------------------
Server listening on UDP port 5001
UDP buffer size:  208 KByte (default)
------------------------------------------------------------
[  1] local 12.1.1.1 port 5001 connected with 12.1.1.39 port 41456
[  2] local 12.1.1.1 port 5001 connected with 12.1.1.37 port 57597
[  3] local 12.1.1.1 port 5001 connected with 12.1.1.34 port 40436
[  4] local 12.1.1.1 port 5001 connected with 12.1.1.33 port 54079
[  5] local 12.1.1.1 port 5001 connected with 12.1.1.41 port 48830
[  6] local 12.1.1.1 port 5001 connected with 12.1.1.32 port 57923
[  7] local 12.1.1.1 port 5001 connected with 12.1.1.40 port 43393
[  8] local 12.1.1.1 port 5001 connected with 12.1.1.36 port 41570
[  9] local 12.1.1.1 port 5001 connected with 12.1.1.35 port 49311
[ 10] local 12.1.1.1 port 5001 connected with 12.1.1.38 port 38672
[ ID] Interval       Transfer     Bandwidth        Jitter   Lost/Total Datagrams
[  2] 0.0000-1.0000 sec  73.2 KBytes   600 Kbits/sec  14.672 ms 28729/28780 (1e+02%)
[  3] 0.0000-1.0000 sec  86.1 KBytes   706 Kbits/sec  14.063 ms 30079/30139 (1e+02%)
[  4] 0.0000-1.0000 sec  84.7 KBytes   694 Kbits/sec  14.756 ms 30089/30148 (1e+02%)
[  1] 0.0000-1.0000 sec  83.3 KBytes   682 Kbits/sec  13.170 ms 28692/28750 (1e+02%)
[  6] 0.0000-1.0000 sec  84.7 KBytes   694 Kbits/sec  14.441 ms 30080/30139 (1e+02%)
[  7] 0.0000-1.0000 sec  86.1 KBytes   706 Kbits/sec  12.136 ms 28758/28818 (1e+02%)
[  5] 0.0000-1.0000 sec  84.7 KBytes   694 Kbits/sec  13.324 ms 28691/28750 (1e+02%)
[  8] 0.0000-1.0000 sec  86.1 KBytes   706 Kbits/sec  14.496 ms 30070/30130 (1e+02%)
[  9] 0.0000-1.0000 sec  84.7 KBytes   694 Kbits/sec  14.800 ms 30090/30149 (1e+02%)
[ 10] 0.0000-1.0000 sec  84.7 KBytes   694 Kbits/sec  12.490 ms 28740/28799 (1e+02%)
[  1] 1.0000-2.0000 sec  76.1 KBytes   623 Kbits/sec  14.498 ms 0/53 (0%)
[  2] 1.0000-2.0000 sec  84.7 KBytes   694 Kbits/sec  14.976 ms 0/59 (0%)
[  5] 1.0000-2.0000 sec  76.1 KBytes   623 Kbits/sec  15.543 ms 0/53 (0%)
[  3] 1.0000-2.0000 sec  74.6 KBytes   612 Kbits/sec  16.957 ms 0/52 (0%)
[  4] 1.0000-2.0000 sec  73.2 KBytes   600 Kbits/sec  16.562 ms 0/51 (0%)
[ 10] 1.0000-2.0000 sec  74.6 KBytes   612 Kbits/sec  16.500 ms 0/52 (0%)
[  7] 1.0000-2.0000 sec  73.2 KBytes   600 Kbits/sec  15.096 ms 0/51 (0%)
[  6] 1.0000-2.0000 sec  76.1 KBytes   623 Kbits/sec  15.298 ms 0/53 (0%)
[  8] 1.0000-2.0000 sec  73.2 KBytes   600 Kbits/sec  16.003 ms 0/51 (0%)
[  9] 1.0000-2.0000 sec  76.1 KBytes   623 Kbits/sec  16.563 ms 0/53 (0%)
[  3] 2.0000-3.0000 sec  73.2 KBytes   600 Kbits/sec  14.807 ms 0/51 (0%)
[  4] 2.0000-3.0000 sec  76.1 KBytes   623 Kbits/sec  14.221 ms 0/53 (0%)
[  1] 2.0000-3.0000 sec  84.7 KBytes   694 Kbits/sec  14.779 ms 0/59 (0%)
[  6] 2.0000-3.0000 sec  73.2 KBytes   600 Kbits/sec  14.138 ms 0/51 (0%)
[  8] 2.0000-3.0000 sec  76.1 KBytes   623 Kbits/sec  14.287 ms 0/53 (0%)
[  5] 2.0000-3.0000 sec  84.7 KBytes   694 Kbits/sec  14.740 ms 0/59 (0%)
[  2] 2.0000-3.0000 sec  83.3 KBytes   682 Kbits/sec  14.755 ms 0/58 (0%)
[  9] 2.0000-3.0000 sec  73.2 KBytes   600 Kbits/sec  13.871 ms 0/51 (0%)
[ 10] 2.0000-3.0000 sec  86.1 KBytes   706 Kbits/sec  14.043 ms 0/60 (0%)
[  7] 2.0000-3.0000 sec  84.7 KBytes   694 Kbits/sec  14.211 ms 0/59 (0%)
[  4] 3.0000-4.0000 sec  74.6 KBytes   612 Kbits/sec  21.697 ms 0/52 (0%)
[  1] 3.0000-4.0000 sec  84.7 KBytes   694 Kbits/sec  13.957 ms 0/59 (0%)
[  3] 3.0000-4.0000 sec  84.7 KBytes   694 Kbits/sec  14.646 ms 0/59 (0%)
[  2] 3.0000-4.0000 sec  84.7 KBytes   694 Kbits/sec  13.781 ms 0/59 (0%)
[  5] 3.0000-4.0000 sec  86.1 KBytes   706 Kbits/sec  13.323 ms 0/60 (0%)
[  6] 3.0000-4.0000 sec  84.7 KBytes   694 Kbits/sec  13.838 ms 0/59 (0%)
[  8] 3.0000-4.0000 sec  84.7 KBytes   694 Kbits/sec  13.875 ms 0/59 (0%)
[  7] 3.0000-4.0000 sec  84.7 KBytes   694 Kbits/sec  13.491 ms 0/59 (0%)
[ 10] 3.0000-4.0000 sec  84.7 KBytes   694 Kbits/sec  14.049 ms 0/59 (0%)
[  9] 3.0000-4.0000 sec  84.7 KBytes   694 Kbits/sec  13.440 ms 0/59 (0%)
[  4] 4.0000-5.0000 sec  83.3 KBytes   682 Kbits/sec  13.891 ms 0/58 (0%)
[  2] 4.0000-5.0000 sec  73.2 KBytes   600 Kbits/sec  14.319 ms 0/51 (0%)
[  1] 4.0000-5.0000 sec  74.6 KBytes   612 Kbits/sec  13.865 ms 0/52 (0%)
[  6] 4.0000-5.0000 sec  74.6 KBytes   612 Kbits/sec  14.808 ms 0/52 (0%)
[  8] 4.0000-5.0000 sec  73.2 KBytes   600 Kbits/sec  13.809 ms 0/51 (0%)
[  9] 4.0000-5.0000 sec  74.6 KBytes   612 Kbits/sec  14.411 ms 0/52 (0%)
[  3] 4.0000-5.0000 sec  84.7 KBytes   694 Kbits/sec  14.516 ms 0/59 (0%)
[  7] 4.0000-5.0000 sec  74.6 KBytes   612 Kbits/sec  14.024 ms 0/52 (0%)
[ 10] 4.0000-5.0000 sec  74.6 KBytes   612 Kbits/sec  12.889 ms 0/52 (0%)
[  5] 4.0000-5.0000 sec  51.7 KBytes   423 Kbits/sec  14.347 ms 0/36 (0%)
[  1] 5.0000-6.0000 sec  64.6 KBytes   529 Kbits/sec  15.397 ms 0/45 (0%)
[  5] 5.0000-6.0000 sec  84.7 KBytes   694 Kbits/sec  15.006 ms 0/59 (0%)
[  3] 5.0000-6.0000 sec  77.5 KBytes   635 Kbits/sec  15.464 ms 0/54 (0%)
[ 10] 5.0000-6.0000 sec  64.6 KBytes   529 Kbits/sec  15.057 ms 0/45 (0%)
[  4] 5.0000-6.0000 sec  84.7 KBytes   694 Kbits/sec  15.628 ms 0/59 (0%)
[  6] 5.0000-6.0000 sec  84.7 KBytes   694 Kbits/sec  16.538 ms 0/59 (0%)
[  8] 5.0000-6.0000 sec  84.7 KBytes   694 Kbits/sec  15.571 ms 0/59 (0%)
[  9] 5.0000-6.0000 sec  86.1 KBytes   706 Kbits/sec  15.294 ms 0/60 (0%)
[  7] 5.0000-6.0000 sec  73.2 KBytes   600 Kbits/sec  16.478 ms 0/51 (0%)
[  2] 5.0000-6.0000 sec  74.6 KBytes   612 Kbits/sec  16.030 ms 0/52 (0%)
[  3] 6.0000-7.0000 sec  73.2 KBytes   600 Kbits/sec  14.139 ms 0/51 (0%)
[  4] 6.0000-7.0000 sec  76.1 KBytes   623 Kbits/sec  13.954 ms 0/53 (0%)
[  6] 6.0000-7.0000 sec  73.2 KBytes   600 Kbits/sec  14.792 ms 0/51 (0%)
[  1] 6.0000-7.0000 sec  81.8 KBytes   670 Kbits/sec  14.064 ms 0/57 (0%)
[  8] 6.0000-7.0000 sec  76.1 KBytes   623 Kbits/sec  13.821 ms 0/53 (0%)
[  2] 6.0000-7.0000 sec  76.1 KBytes   623 Kbits/sec  14.039 ms 0/53 (0%)
[  9] 6.0000-7.0000 sec  73.2 KBytes   600 Kbits/sec  14.246 ms 0/51 (0%)
[  7] 6.0000-7.0000 sec  73.2 KBytes   600 Kbits/sec  13.688 ms 0/51 (0%)
[  5] 6.0000-7.0000 sec  86.1 KBytes   706 Kbits/sec  13.784 ms 0/60 (0%)
[ 10] 6.0000-7.0000 sec  84.7 KBytes   694 Kbits/sec  13.756 ms 0/59 (0%)
[  1] 7.0000-8.0000 sec  76.1 KBytes   623 Kbits/sec  15.363 ms 0/53 (0%)
[  4] 7.0000-8.0000 sec  84.7 KBytes   694 Kbits/sec  14.893 ms 0/59 (0%)
[  3] 7.0000-8.0000 sec  84.7 KBytes   694 Kbits/sec  14.281 ms 0/59 (0%)
[  2] 7.0000-8.0000 sec  73.2 KBytes   600 Kbits/sec  15.594 ms 0/51 (0%)
[  6] 7.0000-8.0000 sec  86.1 KBytes   706 Kbits/sec  14.719 ms 0/60 (0%)
[  8] 7.0000-8.0000 sec  84.7 KBytes   694 Kbits/sec  14.196 ms 0/59 (0%)
[  5] 7.0000-8.0000 sec  73.2 KBytes   600 Kbits/sec  15.444 ms 0/51 (0%)
[  9] 7.0000-8.0000 sec  86.1 KBytes   706 Kbits/sec  20.012 ms 0/60 (0%)
[  7] 7.0000-8.0000 sec  84.7 KBytes   694 Kbits/sec  14.848 ms 0/59 (0%)
[ 10] 7.0000-8.0000 sec  84.7 KBytes   694 Kbits/sec  13.900 ms 0/59 (0%)
[  3] 8.0000-9.0000 sec  84.7 KBytes   694 Kbits/sec  12.968 ms 0/59 (0%)
[  4] 8.0000-9.0000 sec  84.7 KBytes   694 Kbits/sec  13.671 ms 0/59 (0%)
[  6] 8.0000-9.0000 sec  84.7 KBytes   694 Kbits/sec  13.754 ms 0/59 (0%)
[  8] 8.0000-9.0000 sec  84.7 KBytes   694 Kbits/sec  13.182 ms 0/59 (0%)
[  1] 8.0000-9.0000 sec  94.7 KBytes   776 Kbits/sec  12.649 ms 0/66 (0%)
[  2] 8.0000-9.0000 sec  97.6 KBytes   800 Kbits/sec  13.027 ms 0/68 (0%)
[  9] 8.0000-9.0000 sec  84.7 KBytes   694 Kbits/sec  20.052 ms 0/59 (0%)
[  7] 8.0000-9.0000 sec  86.1 KBytes   706 Kbits/sec  12.549 ms 0/60 (0%)
[  5] 8.0000-9.0000 sec  96.2 KBytes   788 Kbits/sec  13.432 ms 0/67 (0%)
[ 10] 8.0000-9.0000 sec  84.7 KBytes   694 Kbits/sec  12.585 ms 0/59 (0%)
[  3] 9.0000-10.0000 sec  84.7 KBytes   694 Kbits/sec  14.079 ms 0/59 (0%)
[  1] 9.0000-10.0000 sec  74.6 KBytes   612 Kbits/sec  14.835 ms 0/52 (0%)
[  4] 9.0000-10.0000 sec  84.7 KBytes   694 Kbits/sec  14.791 ms 0/59 (0%)
[  6] 9.0000-10.0000 sec  84.7 KBytes   694 Kbits/sec  14.817 ms 0/59 (0%)
[  2] 9.0000-10.0000 sec  73.2 KBytes   600 Kbits/sec  14.086 ms 0/51 (0%)
[  8] 9.0000-10.0000 sec  84.7 KBytes   694 Kbits/sec  14.560 ms 0/59 (0%)
[  7] 9.0000-10.0000 sec  74.6 KBytes   612 Kbits/sec  15.228 ms 0/52 (0%)
[  9] 9.0000-10.0000 sec  83.3 KBytes   682 Kbits/sec  14.294 ms 0/58 (0%)
[  5] 9.0000-10.0000 sec  73.2 KBytes   600 Kbits/sec  15.470 ms 0/51 (0%)
[ 10] 9.0000-10.0000 sec  76.1 KBytes   623 Kbits/sec  14.868 ms 0/53 (0%)
[  2] 10.0000-11.0000 sec  74.6 KBytes   612 Kbits/sec  14.893 ms 0/52 (0%)
[  3] 10.0000-11.0000 sec  84.7 KBytes   694 Kbits/sec  14.672 ms 0/59 (0%)
[  1] 10.0000-11.0000 sec  73.2 KBytes   600 Kbits/sec  15.676 ms 0/51 (0%)
[  4] 10.0000-11.0000 sec  84.7 KBytes   694 Kbits/sec  15.080 ms 0/59 (0%)
[  7] 10.0000-11.0000 sec  73.2 KBytes   600 Kbits/sec  14.650 ms 0/51 (0%)
[  5] 10.0000-11.0000 sec  76.1 KBytes   623 Kbits/sec  14.632 ms 0/53 (0%)
[  6] 10.0000-11.0000 sec  84.7 KBytes   694 Kbits/sec  15.457 ms 0/59 (0%)
[  8] 10.0000-11.0000 sec  84.7 KBytes   694 Kbits/sec  15.255 ms 0/59 (0%)
[ 10] 10.0000-11.0000 sec  71.8 KBytes   588 Kbits/sec  14.851 ms 0/50 (0%)
[  9] 10.0000-11.0000 sec  84.7 KBytes   694 Kbits/sec  15.522 ms 0/59 (0%)
[  2] 11.0000-12.0000 sec  73.2 KBytes   600 Kbits/sec  13.951 ms 0/51 (0%)
[  5] 11.0000-12.0000 sec  73.2 KBytes   600 Kbits/sec  13.792 ms 0/51 (0%)
[  3] 11.0000-12.0000 sec  76.1 KBytes   623 Kbits/sec  15.001 ms 0/53 (0%)
[  4] 11.0000-12.0000 sec  73.2 KBytes   600 Kbits/sec  15.422 ms 0/51 (0%)
[  6] 11.0000-12.0000 sec  76.1 KBytes   623 Kbits/sec  15.147 ms 0/53 (0%)
[  1] 11.0000-12.0000 sec  84.7 KBytes   694 Kbits/sec  14.488 ms 0/59 (0%)
[  8] 11.0000-12.0000 sec  73.2 KBytes   600 Kbits/sec  14.813 ms 0/51 (0%)
[  9] 11.0000-12.0000 sec  76.1 KBytes   623 Kbits/sec  15.144 ms 0/53 (0%)
[  7] 11.0000-12.0000 sec  84.7 KBytes   694 Kbits/sec  14.245 ms 0/59 (0%)
[ 10] 11.0000-12.0000 sec  86.1 KBytes   706 Kbits/sec  14.358 ms 0/60 (0%)
[  1] 12.0000-13.0000 sec  64.6 KBytes   529 Kbits/sec  15.577 ms 0/45 (0%)
[  2] 12.0000-13.0000 sec  76.1 KBytes   623 Kbits/sec  15.372 ms 0/53 (0%)
[  4] 12.0000-13.0000 sec  76.1 KBytes   623 Kbits/sec  15.157 ms 0/53 (0%)
[  3] 12.0000-13.0000 sec  73.2 KBytes   600 Kbits/sec  14.749 ms 0/51 (0%)
[  6] 12.0000-13.0000 sec  73.2 KBytes   600 Kbits/sec  15.188 ms 0/51 (0%)
[  8] 12.0000-13.0000 sec  76.1 KBytes   623 Kbits/sec  15.099 ms 0/53 (0%)
[  7] 12.0000-13.0000 sec  76.1 KBytes   623 Kbits/sec  14.561 ms 0/53 (0%)
[  9] 12.0000-13.0000 sec  73.2 KBytes   600 Kbits/sec  16.145 ms 0/51 (0%)
[  5] 12.0000-13.0000 sec  84.7 KBytes   694 Kbits/sec  14.650 ms 0/59 (0%)
[ 10] 12.0000-13.0000 sec  74.6 KBytes   612 Kbits/sec  14.482 ms 0/52 (0%)
[  3] 13.0000-14.0000 sec  84.7 KBytes   694 Kbits/sec  13.664 ms 0/59 (0%)
[  4] 13.0000-14.0000 sec  84.7 KBytes   694 Kbits/sec  14.239 ms 0/59 (0%)
[  1] 13.0000-14.0000 sec  97.6 KBytes   800 Kbits/sec  13.320 ms 0/68 (0%)
[  8] 13.0000-14.0000 sec  81.8 KBytes   670 Kbits/sec  13.922 ms 0/57 (0%)
[  6] 13.0000-14.0000 sec  87.6 KBytes   717 Kbits/sec  13.803 ms 0/61 (0%)
[  2] 13.0000-14.0000 sec  94.7 KBytes   776 Kbits/sec  13.501 ms 0/66 (0%)
[  7] 13.0000-14.0000 sec  84.7 KBytes   694 Kbits/sec  14.403 ms 0/59 (0%)
[  9] 13.0000-14.0000 sec  84.7 KBytes   694 Kbits/sec  14.247 ms 0/59 (0%)
[ 10] 13.0000-14.0000 sec  84.7 KBytes   694 Kbits/sec  14.286 ms 0/59 (0%)
[  5] 13.0000-14.0000 sec  86.1 KBytes   706 Kbits/sec  13.535 ms 0/60 (0%)
[  1] 14.0000-15.0000 sec  63.2 KBytes   517 Kbits/sec  16.702 ms 0/44 (0%)
[  2] 14.0000-15.0000 sec  63.2 KBytes   517 Kbits/sec  16.534 ms 0/44 (0%)
[  6] 14.0000-15.0000 sec  73.2 KBytes   600 Kbits/sec  13.971 ms 0/51 (0%)
[  5] 14.0000-15.0000 sec  63.2 KBytes   517 Kbits/sec  16.554 ms 0/44 (0%)
[  3] 14.0000-15.0000 sec  84.7 KBytes   694 Kbits/sec  14.585 ms 0/59 (0%)
[  4] 14.0000-15.0000 sec  84.7 KBytes   694 Kbits/sec  16.271 ms 0/59 (0%)
[  8] 14.0000-15.0000 sec  86.1 KBytes   706 Kbits/sec  15.469 ms 0/60 (0%)
[  7] 14.0000-15.0000 sec  73.2 KBytes   600 Kbits/sec  16.422 ms 0/51 (0%)
[  9] 14.0000-15.0000 sec  84.7 KBytes   694 Kbits/sec  16.792 ms 0/59 (0%)
[ 10] 14.0000-15.0000 sec  73.2 KBytes   600 Kbits/sec  15.483 ms 0/51 (0%)
[  3] 15.0000-16.0000 sec  74.6 KBytes   612 Kbits/sec  14.958 ms 0/52 (0%)
[  1] 15.0000-16.0000 sec  84.7 KBytes   694 Kbits/sec  14.642 ms 0/59 (0%)
[  4] 15.0000-16.0000 sec  73.2 KBytes   600 Kbits/sec  15.320 ms 0/51 (0%)
[  2] 15.0000-16.0000 sec  84.7 KBytes   694 Kbits/sec  14.579 ms 0/59 (0%)
[  8] 15.0000-16.0000 sec  74.6 KBytes   612 Kbits/sec  14.797 ms 0/52 (0%)
[  7] 15.0000-16.0000 sec  76.1 KBytes   623 Kbits/sec  15.180 ms 0/53 (0%)
[  6] 15.0000-16.0000 sec  84.7 KBytes   694 Kbits/sec  14.189 ms 0/59 (0%)
[  5] 15.0000-16.0000 sec  84.7 KBytes   694 Kbits/sec  14.478 ms 0/59 (0%)
[  9] 15.0000-16.0000 sec  76.1 KBytes   623 Kbits/sec  14.646 ms 0/53 (0%)
[ 10] 15.0000-16.0000 sec  76.1 KBytes   623 Kbits/sec  14.367 ms 0/53 (0%)
[  1] 16.0000-17.0000 sec  74.6 KBytes   612 Kbits/sec  22.836 ms 0/52 (0%)
[  2] 16.0000-17.0000 sec  74.6 KBytes   612 Kbits/sec  14.830 ms 0/52 (0%)
[  3] 16.0000-17.0000 sec  73.2 KBytes   600 Kbits/sec  15.915 ms 0/51 (0%)
[  5] 16.0000-17.0000 sec  74.6 KBytes   612 Kbits/sec  14.683 ms 0/52 (0%)
[  4] 16.0000-17.0000 sec  76.1 KBytes   623 Kbits/sec  15.722 ms 0/53 (0%)
[  8] 16.0000-17.0000 sec  73.2 KBytes   600 Kbits/sec  15.288 ms 0/51 (0%)
[  6] 16.0000-17.0000 sec  76.1 KBytes   623 Kbits/sec  15.545 ms 0/53 (0%)
[  9] 16.0000-17.0000 sec  73.2 KBytes   600 Kbits/sec  15.991 ms 0/51 (0%)
[  7] 16.0000-17.0000 sec  83.3 KBytes   682 Kbits/sec  15.121 ms 0/58 (0%)
[ 10] 16.0000-17.0000 sec  84.7 KBytes   694 Kbits/sec  15.339 ms 0/59 (0%)
[  4] 17.0000-18.0000 sec  76.1 KBytes   623 Kbits/sec  20.643 ms 0/53 (0%)
[  6] 17.0000-18.0000 sec  73.2 KBytes   600 Kbits/sec  14.687 ms 0/51 (0%)
[  1] 17.0000-18.0000 sec  81.8 KBytes   670 Kbits/sec  15.099 ms 0/57 (0%)
[  2] 17.0000-18.0000 sec  84.7 KBytes   694 Kbits/sec  15.996 ms 0/59 (0%)
[  3] 17.0000-18.0000 sec  86.1 KBytes   706 Kbits/sec  14.213 ms 0/60 (0%)
[  8] 17.0000-18.0000 sec  84.7 KBytes   694 Kbits/sec  14.144 ms 0/59 (0%)
[  7] 17.0000-18.0000 sec  73.2 KBytes   600 Kbits/sec  14.935 ms 0/51 (0%)
[  5] 17.0000-18.0000 sec  84.7 KBytes   694 Kbits/sec  15.574 ms 0/59 (0%)
[  9] 17.0000-18.0000 sec  84.7 KBytes   694 Kbits/sec  14.042 ms 0/59 (0%)
[ 10] 17.0000-18.0000 sec  73.2 KBytes   600 Kbits/sec  15.642 ms 0/51 (0%)
[  1] 18.0000-19.0000 sec  74.6 KBytes   612 Kbits/sec  15.035 ms 0/52 (0%)
[  2] 18.0000-19.0000 sec  73.2 KBytes   600 Kbits/sec  15.878 ms 0/51 (0%)
[  7] 18.0000-19.0000 sec  74.6 KBytes   612 Kbits/sec  15.449 ms 0/52 (0%)
[  4] 18.0000-19.0000 sec  94.7 KBytes   776 Kbits/sec  12.484 ms 0/66 (0%)
[  3] 18.0000-19.0000 sec  84.7 KBytes   694 Kbits/sec  12.908 ms 0/59 (0%)
[  8] 18.0000-19.0000 sec  84.7 KBytes   694 Kbits/sec  12.989 ms 0/59 (0%)
[ 10] 18.0000-19.0000 sec  76.1 KBytes   623 Kbits/sec  16.125 ms 0/53 (0%)
[  6] 18.0000-19.0000 sec  96.2 KBytes   788 Kbits/sec  13.115 ms 0/67 (0%)
[  5] 18.0000-19.0000 sec  73.2 KBytes   600 Kbits/sec  15.990 ms 0/51 (0%)
[  9] 18.0000-19.0000 sec  86.1 KBytes   706 Kbits/sec  12.332 ms 0/60 (0%)
[  3] 19.0000-20.0000 sec  74.6 KBytes   612 Kbits/sec  15.434 ms 0/52 (0%)
[  1] 19.0000-20.0000 sec  84.7 KBytes   694 Kbits/sec  13.928 ms 0/59 (0%)
[  4] 19.0000-20.0000 sec  73.2 KBytes   600 Kbits/sec  14.461 ms 0/51 (0%)
[  2] 19.0000-20.0000 sec  86.1 KBytes   706 Kbits/sec  13.625 ms 0/60 (0%)
[  8] 19.0000-20.0000 sec  76.1 KBytes   623 Kbits/sec  15.472 ms 0/53 (0%)
[  7] 19.0000-20.0000 sec  84.7 KBytes   694 Kbits/sec  13.865 ms 0/59 (0%)
[  5] 19.0000-20.0000 sec  86.1 KBytes   706 Kbits/sec  13.632 ms 0/60 (0%)
[ 10] 19.0000-20.0000 sec  84.7 KBytes   694 Kbits/sec  14.214 ms 0/59 (0%)
[  6] 19.0000-20.0000 sec  73.2 KBytes   600 Kbits/sec  16.071 ms 0/51 (0%)
[  9] 19.0000-20.0000 sec  74.6 KBytes   612 Kbits/sec  16.194 ms 0/52 (0%)
[  1] 20.0000-21.0000 sec  73.2 KBytes   600 Kbits/sec  14.482 ms 0/51 (0%)
[  4] 20.0000-21.0000 sec  74.6 KBytes   612 Kbits/sec  13.883 ms 0/52 (0%)
[  2] 20.0000-21.0000 sec  76.1 KBytes   623 Kbits/sec  15.070 ms 0/53 (0%)
[  3] 20.0000-21.0000 sec  73.2 KBytes   600 Kbits/sec  14.135 ms 0/51 (0%)
[  5] 20.0000-21.0000 sec  74.6 KBytes   612 Kbits/sec  15.701 ms 0/52 (0%)
[  8] 20.0000-21.0000 sec  74.6 KBytes   612 Kbits/sec  21.737 ms 0/52 (0%)
[  6] 20.0000-21.0000 sec  76.1 KBytes   623 Kbits/sec  14.035 ms 0/53 (0%)
[  9] 20.0000-21.0000 sec  73.2 KBytes   600 Kbits/sec  13.718 ms 0/51 (0%)
[  7] 20.0000-21.0000 sec  84.7 KBytes   694 Kbits/sec  14.670 ms 0/59 (0%)
[ 10] 20.0000-21.0000 sec  84.7 KBytes   694 Kbits/sec  14.308 ms 0/59 (0%)
[  1] 21.0000-22.0000 sec  76.1 KBytes   623 Kbits/sec  17.260 ms 0/53 (0%)
[  4] 21.0000-22.0000 sec  84.7 KBytes   694 Kbits/sec  13.658 ms 0/59 (0%)
[  3] 21.0000-22.0000 sec  84.7 KBytes   694 Kbits/sec  14.198 ms 0/59 (0%)
[  2] 21.0000-22.0000 sec  73.2 KBytes   600 Kbits/sec  17.122 ms 0/51 (0%)
[  8] 21.0000-22.0000 sec  83.3 KBytes   682 Kbits/sec  13.273 ms 0/58 (0%)
[  7] 21.0000-22.0000 sec  64.6 KBytes   529 Kbits/sec  17.177 ms 0/45 (0%)
[  6] 21.0000-22.0000 sec  84.7 KBytes   694 Kbits/sec  13.702 ms 0/59 (0%)
[  5] 21.0000-22.0000 sec  73.2 KBytes   600 Kbits/sec  18.424 ms 0/51 (0%)
[ 10] 21.0000-22.0000 sec  64.6 KBytes   529 Kbits/sec  16.936 ms 0/45 (0%)
[  9] 21.0000-22.0000 sec  84.7 KBytes   694 Kbits/sec  13.339 ms 0/59 (0%)
[  1] 22.0000-23.0000 sec  73.2 KBytes   600 Kbits/sec  14.978 ms 0/51 (0%)
[  2] 22.0000-23.0000 sec  74.6 KBytes   612 Kbits/sec  14.638 ms 0/52 (0%)
[  5] 22.0000-23.0000 sec  73.2 KBytes   600 Kbits/sec  14.293 ms 0/51 (0%)
[  3] 22.0000-23.0000 sec  84.7 KBytes   694 Kbits/sec  14.305 ms 0/59 (0%)
[  4] 22.0000-23.0000 sec  84.7 KBytes   694 Kbits/sec  13.824 ms 0/59 (0%)
[  7] 22.0000-23.0000 sec  76.1 KBytes   623 Kbits/sec  14.382 ms 0/53 (0%)
[  8] 22.0000-23.0000 sec  84.7 KBytes   694 Kbits/sec  13.629 ms 0/59 (0%)
[ 10] 22.0000-23.0000 sec  73.2 KBytes   600 Kbits/sec  14.283 ms 0/51 (0%)
[  6] 22.0000-23.0000 sec  86.1 KBytes   706 Kbits/sec  13.280 ms 0/60 (0%)
[  9] 22.0000-23.0000 sec  84.7 KBytes   694 Kbits/sec  13.966 ms 0/59 (0%)
[  2] 23.0000-24.0000 sec  76.1 KBytes   623 Kbits/sec  20.824 ms 0/53 (0%)
[  3] 23.0000-24.0000 sec  77.5 KBytes   635 Kbits/sec  14.974 ms 0/54 (0%)
[  4] 23.0000-24.0000 sec  73.2 KBytes   600 Kbits/sec  16.203 ms 0/51 (0%)
[  8] 23.0000-24.0000 sec  74.6 KBytes   612 Kbits/sec  16.543 ms 0/52 (0%)
[  1] 23.0000-24.0000 sec  84.7 KBytes   694 Kbits/sec  15.039 ms 0/59 (0%)
[  6] 23.0000-24.0000 sec  71.8 KBytes   588 Kbits/sec  15.769 ms 0/50 (0%)
[  9] 23.0000-24.0000 sec  76.1 KBytes   623 Kbits/sec  15.729 ms 0/53 (0%)
[  7] 23.0000-24.0000 sec  84.7 KBytes   694 Kbits/sec  14.527 ms 0/59 (0%)
[  5] 23.0000-24.0000 sec  84.7 KBytes   694 Kbits/sec  14.093 ms 0/59 (0%)
[ 10] 23.0000-24.0000 sec  84.7 KBytes   694 Kbits/sec  14.225 ms 0/59 (0%)
[  1] 24.0000-25.0000 sec  76.1 KBytes   623 Kbits/sec  15.506 ms 0/53 (0%)
[  3] 24.0000-25.0000 sec  83.3 KBytes   682 Kbits/sec  13.580 ms 0/58 (0%)
[  2] 24.0000-25.0000 sec  81.8 KBytes   670 Kbits/sec  15.831 ms 0/57 (0%)
[  5] 24.0000-25.0000 sec  76.1 KBytes   623 Kbits/sec  15.650 ms 0/53 (0%)
[  4] 24.0000-25.0000 sec  86.1 KBytes   706 Kbits/sec  13.447 ms 0/60 (0%)
[  8] 24.0000-25.0000 sec  86.1 KBytes   706 Kbits/sec  13.934 ms 0/60 (0%)
[  7] 24.0000-25.0000 sec  73.2 KBytes   600 Kbits/sec  15.690 ms 0/51 (0%)
[  9] 24.0000-25.0000 sec  84.7 KBytes   694 Kbits/sec  14.138 ms 0/59 (0%)
[ 10] 24.0000-25.0000 sec  74.6 KBytes   612 Kbits/sec  16.698 ms 0/52 (0%)
[  6] 24.0000-25.0000 sec  86.1 KBytes   706 Kbits/sec  13.539 ms 0/60 (0%)
[  2] 25.0000-26.0000 sec  76.1 KBytes   623 Kbits/sec  14.684 ms 0/53 (0%)
[  1] 25.0000-26.0000 sec  73.2 KBytes   600 Kbits/sec  14.305 ms 0/51 (0%)
[  7] 25.0000-26.0000 sec  76.1 KBytes   623 Kbits/sec  13.689 ms 0/53 (0%)
[  5] 25.0000-26.0000 sec  73.2 KBytes   600 Kbits/sec  14.609 ms 0/51 (0%)
[  3] 25.0000-26.0000 sec  84.7 KBytes   694 Kbits/sec  13.262 ms 0/59 (0%)
[ 10] 25.0000-26.0000 sec  73.2 KBytes   600 Kbits/sec  13.999 ms 0/51 (0%)
[  4] 25.0000-26.0000 sec  84.7 KBytes   694 Kbits/sec  13.415 ms 0/59 (0%)
[  8] 25.0000-26.0000 sec  84.7 KBytes   694 Kbits/sec  14.086 ms 0/59 (0%)
[  6] 25.0000-26.0000 sec  84.7 KBytes   694 Kbits/sec  13.177 ms 0/59 (0%)
[  9] 25.0000-26.0000 sec  84.7 KBytes   694 Kbits/sec  13.752 ms 0/59 (0%)
[  3] 26.0000-27.0000 sec  84.7 KBytes   694 Kbits/sec  12.608 ms 0/59 (0%)
[  4] 26.0000-27.0000 sec  84.7 KBytes   694 Kbits/sec  12.192 ms 0/59 (0%)
[  1] 26.0000-27.0000 sec  74.6 KBytes   612 Kbits/sec  17.994 ms 0/52 (0%)
[  8] 26.0000-27.0000 sec  84.7 KBytes   694 Kbits/sec  12.827 ms 0/59 (0%)
[  2] 26.0000-27.0000 sec  73.2 KBytes   600 Kbits/sec  17.720 ms 0/51 (0%)
[  6] 26.0000-27.0000 sec  84.7 KBytes   694 Kbits/sec  11.920 ms 0/59 (0%)
[  5] 26.0000-27.0000 sec  76.1 KBytes   623 Kbits/sec  17.696 ms 0/53 (0%)
[  9] 26.0000-27.0000 sec  84.7 KBytes   694 Kbits/sec  12.987 ms 0/59 (0%)
[  7] 26.0000-27.0000 sec  73.2 KBytes   600 Kbits/sec  17.062 ms 0/51 (0%)
[ 10] 26.0000-27.0000 sec  74.6 KBytes   612 Kbits/sec  17.820 ms 0/52 (0%)
[  1] 27.0000-28.0000 sec  73.2 KBytes   600 Kbits/sec  14.309 ms 0/51 (0%)
[  2] 27.0000-28.0000 sec  74.6 KBytes   612 Kbits/sec  14.458 ms 0/52 (0%)
[  5] 27.0000-28.0000 sec  73.2 KBytes   600 Kbits/sec  13.448 ms 0/51 (0%)
[  7] 27.0000-28.0000 sec  74.6 KBytes   612 Kbits/sec  14.000 ms 0/52 (0%)
[  3] 27.0000-28.0000 sec  84.7 KBytes   694 Kbits/sec  14.698 ms 0/59 (0%)
[ 10] 27.0000-28.0000 sec  73.2 KBytes   600 Kbits/sec  14.684 ms 0/51 (0%)
[  8] 27.0000-28.0000 sec  84.7 KBytes   694 Kbits/sec  14.897 ms 0/59 (0%)
[  4] 27.0000-28.0000 sec  84.7 KBytes   694 Kbits/sec  14.090 ms 0/59 (0%)
[  6] 27.0000-28.0000 sec  84.7 KBytes   694 Kbits/sec  14.396 ms 0/59 (0%)
[  9] 27.0000-28.0000 sec  86.1 KBytes   706 Kbits/sec  13.990 ms 0/60 (0%)
[  1] 28.0000-29.0000 sec  76.1 KBytes   623 Kbits/sec  15.767 ms 0/53 (0%)
[  2] 28.0000-29.0000 sec  73.2 KBytes   600 Kbits/sec  16.069 ms 0/51 (0%)
[  5] 28.0000-29.0000 sec  74.6 KBytes   612 Kbits/sec  15.862 ms 0/52 (0%)
[  4] 28.0000-29.0000 sec  74.6 KBytes   612 Kbits/sec  15.557 ms 0/52 (0%)
[  3] 28.0000-29.0000 sec  73.2 KBytes   600 Kbits/sec  14.884 ms 0/51 (0%)
[  7] 28.0000-29.0000 sec  73.2 KBytes   600 Kbits/sec  15.755 ms 0/51 (0%)
[ 10] 28.0000-29.0000 sec  77.5 KBytes   635 Kbits/sec  15.647 ms 0/54 (0%)
[  8] 28.0000-29.0000 sec  73.2 KBytes   600 Kbits/sec  15.557 ms 0/51 (0%)
[  6] 28.0000-29.0000 sec  76.1 KBytes   623 Kbits/sec  14.548 ms 0/53 (0%)
[  9] 28.0000-29.0000 sec  73.2 KBytes   600 Kbits/sec  14.719 ms 0/51 (0%)
[  4] 29.0000-30.0000 sec  73.2 KBytes   600 Kbits/sec  13.547 ms 0/51 (0%)
[  1] 29.0000-30.0000 sec  83.3 KBytes   682 Kbits/sec  15.426 ms 0/58 (0%)
[  3] 29.0000-30.0000 sec  84.7 KBytes   694 Kbits/sec  14.378 ms 0/59 (0%)
[  2] 29.0000-30.0000 sec  84.7 KBytes   694 Kbits/sec  14.693 ms 0/59 (0%)
[  8] 29.0000-30.0000 sec  84.7 KBytes   694 Kbits/sec  15.202 ms 0/59 (0%)
[  5] 29.0000-30.0000 sec  84.7 KBytes   694 Kbits/sec  14.275 ms 0/59 (0%)
[  7] 29.0000-30.0000 sec  84.7 KBytes   694 Kbits/sec  13.985 ms 0/59 (0%)
[ 10] 29.0000-30.0000 sec  84.7 KBytes   694 Kbits/sec  14.234 ms 0/59 (0%)
[  9] 29.0000-30.0000 sec  86.1 KBytes   706 Kbits/sec  13.534 ms 0/60 (0%)
[  6] 29.0000-30.0000 sec  73.2 KBytes   600 Kbits/sec  13.245 ms 0/51 (0%)
[  1] 30.0000-31.0000 sec  71.8 KBytes   588 Kbits/sec  15.148 ms 0/50 (0%)
[  2] 30.0000-31.0000 sec  77.5 KBytes   635 Kbits/sec  14.069 ms 0/54 (0%)
[  3] 30.0000-31.0000 sec  76.1 KBytes   623 Kbits/sec  14.460 ms 0/53 (0%)
[  8] 30.0000-31.0000 sec  73.2 KBytes   600 Kbits/sec  14.112 ms 0/51 (0%)
[  5] 30.0000-31.0000 sec  73.2 KBytes   600 Kbits/sec  14.788 ms 0/51 (0%)
[  7] 30.0000-31.0000 sec  76.1 KBytes   623 Kbits/sec  14.219 ms 0/53 (0%)
[  4] 30.0000-31.0000 sec  89.0 KBytes   729 Kbits/sec  13.904 ms 0/62 (0%)
[ 10] 30.0000-31.0000 sec  74.6 KBytes   612 Kbits/sec  21.250 ms 0/52 (0%)
[  6] 30.0000-31.0000 sec  81.8 KBytes   670 Kbits/sec  12.604 ms 1/58 (1.7%)
[  9] 30.0000-31.0000 sec  71.8 KBytes   588 Kbits/sec  13.890 ms 0/50 (0%)
[  1] 31.0000-32.0000 sec  97.6 KBytes   800 Kbits/sec  11.611 ms 0/68 (0%)
[  2] 31.0000-32.0000 sec  93.3 KBytes   764 Kbits/sec  11.805 ms 0/65 (0%)
[  6] 31.0000-32.0000 sec  63.2 KBytes   517 Kbits/sec  16.490 ms 0/44 (0%)
[  7] 31.0000-32.0000 sec  93.3 KBytes   764 Kbits/sec  11.672 ms 0/65 (0%)
[  3] 31.0000-32.0000 sec  73.2 KBytes   600 Kbits/sec  17.006 ms 0/51 (0%)
[  4] 31.0000-32.0000 sec  71.8 KBytes   588 Kbits/sec  17.703 ms 0/50 (0%)
[  8] 31.0000-32.0000 sec  77.5 KBytes   635 Kbits/sec  16.464 ms 0/54 (0%)
[  5] 31.0000-32.0000 sec   108 KBytes   882 Kbits/sec  10.684 ms 0/75 (0%)
[ 10] 31.0000-32.0000 sec   103 KBytes   847 Kbits/sec  12.135 ms 0/72 (0%)
[  9] 31.0000-32.0000 sec  73.2 KBytes   600 Kbits/sec  17.811 ms 0/51 (0%)
[  1] 32.0000-33.0000 sec  84.7 KBytes   694 Kbits/sec  14.368 ms 0/59 (0%)
[  3] 32.0000-33.0000 sec  76.1 KBytes   623 Kbits/sec  14.913 ms 0/53 (0%)
[  4] 32.0000-33.0000 sec  73.2 KBytes   600 Kbits/sec  15.502 ms 0/51 (0%)
[  2] 32.0000-33.0000 sec  84.7 KBytes   694 Kbits/sec  14.591 ms 0/59 (0%)
[  8] 32.0000-33.0000 sec  74.6 KBytes   612 Kbits/sec  14.787 ms 0/52 (0%)
[  5] 32.0000-33.0000 sec  74.6 KBytes   612 Kbits/sec  14.153 ms 0/52 (0%)
[  6] 32.0000-33.0000 sec  84.7 KBytes   694 Kbits/sec  14.750 ms 0/59 (0%)
[  7] 32.0000-33.0000 sec  86.1 KBytes   706 Kbits/sec  13.805 ms 0/60 (0%)
[  9] 32.0000-33.0000 sec  76.1 KBytes   623 Kbits/sec  14.145 ms 0/53 (0%)
[ 10] 32.0000-33.0000 sec  76.1 KBytes   623 Kbits/sec  13.824 ms 0/53 (0%)
[  1] 33.0000-34.0000 sec  73.2 KBytes   600 Kbits/sec  15.278 ms 0/51 (0%)
[  2] 33.0000-34.0000 sec  76.1 KBytes   623 Kbits/sec  15.204 ms 0/53 (0%)
[  3] 33.0000-34.0000 sec  84.7 KBytes   694 Kbits/sec  14.953 ms 0/59 (0%)
[  5] 33.0000-34.0000 sec  73.2 KBytes   600 Kbits/sec  14.857 ms 0/51 (0%)
[  7] 33.0000-34.0000 sec  74.6 KBytes   612 Kbits/sec  15.557 ms 0/52 (0%)
[  8] 33.0000-34.0000 sec  84.7 KBytes   694 Kbits/sec  14.833 ms 0/59 (0%)
[  4] 33.0000-34.0000 sec  84.7 KBytes   694 Kbits/sec  15.171 ms 0/59 (0%)
[ 10] 33.0000-34.0000 sec  73.2 KBytes   600 Kbits/sec  14.745 ms 0/51 (0%)
[  6] 33.0000-34.0000 sec  84.7 KBytes   694 Kbits/sec  14.368 ms 0/59 (0%)
[  9] 33.0000-34.0000 sec  86.1 KBytes   706 Kbits/sec  14.057 ms 0/60 (0%)
[  1] 34.0000-35.0000 sec  74.6 KBytes   612 Kbits/sec  16.280 ms 0/52 (0%)
[  4] 34.0000-35.0000 sec  76.1 KBytes   623 Kbits/sec  13.590 ms 0/53 (0%)
[  3] 34.0000-35.0000 sec  73.2 KBytes   600 Kbits/sec  13.436 ms 0/51 (0%)
[  2] 34.0000-35.0000 sec  73.2 KBytes   600 Kbits/sec  15.145 ms 0/51 (0%)
[  8] 34.0000-35.0000 sec  73.2 KBytes   600 Kbits/sec  13.330 ms 0/51 (0%)
[  5] 34.0000-35.0000 sec  74.6 KBytes   612 Kbits/sec  15.770 ms 0/52 (0%)
[  6] 34.0000-35.0000 sec  76.1 KBytes   623 Kbits/sec  13.727 ms 0/53 (0%)
[  7] 34.0000-35.0000 sec  73.2 KBytes   600 Kbits/sec  16.011 ms 0/51 (0%)
[  9] 34.0000-35.0000 sec  73.2 KBytes   600 Kbits/sec  13.678 ms 0/51 (0%)
[ 10] 34.0000-35.0000 sec  76.1 KBytes   623 Kbits/sec  15.739 ms 0/53 (0%)
[  1] 35.0000-36.0000 sec  73.2 KBytes   600 Kbits/sec  15.605 ms 0/51 (0%)
[  4] 35.0000-36.0000 sec  73.2 KBytes   600 Kbits/sec  16.566 ms 0/51 (0%)
[  2] 35.0000-36.0000 sec  74.6 KBytes   612 Kbits/sec  15.228 ms 0/52 (0%)
[  5] 35.0000-36.0000 sec  73.2 KBytes   600 Kbits/sec  15.012 ms 0/51 (0%)
[  6] 35.0000-36.0000 sec  71.8 KBytes   588 Kbits/sec  17.013 ms 0/50 (0%)
[  7] 35.0000-36.0000 sec  76.1 KBytes   623 Kbits/sec  15.113 ms 0/53 (0%)
[ 10] 35.0000-36.0000 sec  73.2 KBytes   600 Kbits/sec  14.643 ms 0/51 (0%)
[  3] 35.0000-36.0000 sec  84.7 KBytes   694 Kbits/sec  15.445 ms 0/59 (0%)
[  8] 35.0000-36.0000 sec  84.7 KBytes   694 Kbits/sec  16.322 ms 0/59 (0%)
[  9] 35.0000-36.0000 sec  84.7 KBytes   694 Kbits/sec  15.726 ms 0/59 (0%)
[  1] 36.0000-37.0000 sec  77.5 KBytes   635 Kbits/sec  15.263 ms 0/54 (0%)
[  2] 36.0000-37.0000 sec  73.2 KBytes   600 Kbits/sec  16.263 ms 0/51 (0%)
[  3] 36.0000-37.0000 sec  76.1 KBytes   623 Kbits/sec  14.731 ms 0/53 (0%)
[  5] 36.0000-37.0000 sec  76.1 KBytes   623 Kbits/sec  15.712 ms 0/53 (0%)
[  8] 36.0000-37.0000 sec  76.1 KBytes   623 Kbits/sec  14.920 ms 0/53 (0%)
[  4] 36.0000-37.0000 sec  86.1 KBytes   706 Kbits/sec  14.500 ms 0/60 (0%)
[ 10] 36.0000-37.0000 sec  74.6 KBytes   612 Kbits/sec  16.410 ms 0/52 (0%)
[  7] 36.0000-37.0000 sec  73.2 KBytes   600 Kbits/sec  15.583 ms 0/51 (0%)
[  6] 36.0000-37.0000 sec  86.1 KBytes   706 Kbits/sec  14.946 ms 0/60 (0%)
[  9] 36.0000-37.0000 sec  74.6 KBytes   612 Kbits/sec  15.071 ms 0/52 (0%)
[  1] 37.0000-38.0000 sec  73.2 KBytes   600 Kbits/sec  13.601 ms 0/51 (0%)
[  3] 37.0000-38.0000 sec  73.2 KBytes   600 Kbits/sec  14.906 ms 0/51 (0%)
[  4] 37.0000-38.0000 sec  74.6 KBytes   612 Kbits/sec  14.431 ms 0/52 (0%)
[  7] 37.0000-38.0000 sec  83.3 KBytes   682 Kbits/sec  16.044 ms 0/58 (0%)
[  2] 37.0000-38.0000 sec  76.1 KBytes   623 Kbits/sec  14.826 ms 0/53 (0%)
[  8] 37.0000-38.0000 sec  73.2 KBytes   600 Kbits/sec  14.200 ms 0/51 (0%)
[  6] 37.0000-38.0000 sec  76.1 KBytes   623 Kbits/sec  14.306 ms 0/53 (0%)
[  9] 37.0000-38.0000 sec  73.2 KBytes   600 Kbits/sec  14.010 ms 0/51 (0%)
[  5] 37.0000-38.0000 sec  81.8 KBytes   670 Kbits/sec  15.195 ms 0/57 (0%)
[ 10] 37.0000-38.0000 sec  84.7 KBytes   694 Kbits/sec  15.257 ms 0/59 (0%)
[  1] 38.0000-39.0000 sec  74.6 KBytes   612 Kbits/sec  16.264 ms 0/52 (0%)
[  5] 38.0000-39.0000 sec  64.6 KBytes   529 Kbits/sec  15.851 ms 0/45 (0%)
[  4] 38.0000-39.0000 sec  73.2 KBytes   600 Kbits/sec  15.436 ms 0/51 (0%)
[  2] 38.0000-39.0000 sec  76.1 KBytes   623 Kbits/sec  16.177 ms 0/53 (0%)
[  6] 38.0000-39.0000 sec  73.2 KBytes   600 Kbits/sec  14.841 ms 0/51 (0%)
[  7] 38.0000-39.0000 sec  66.0 KBytes   541 Kbits/sec  15.616 ms 0/46 (0%)
[  9] 38.0000-39.0000 sec  76.1 KBytes   623 Kbits/sec  14.788 ms 0/53 (0%)
[ 10] 38.0000-39.0000 sec  64.6 KBytes   529 Kbits/sec  15.482 ms 0/45 (0%)
[  3] 38.0000-39.0000 sec  84.7 KBytes   694 Kbits/sec  15.443 ms 0/59 (0%)
[  8] 38.0000-39.0000 sec  84.7 KBytes   694 Kbits/sec  15.003 ms 0/59 (0%)
[  1] 39.0000-40.0000 sec  73.2 KBytes   600 Kbits/sec  14.078 ms 0/51 (0%)
[  3] 39.0000-40.0000 sec  64.6 KBytes   529 Kbits/sec  15.119 ms 0/45 (0%)
[  4] 39.0000-40.0000 sec  74.6 KBytes   612 Kbits/sec  15.988 ms 0/52 (0%)
[  2] 39.0000-40.0000 sec  73.2 KBytes   600 Kbits/sec  14.236 ms 0/51 (0%)
[  8] 39.0000-40.0000 sec  63.2 KBytes   517 Kbits/sec  16.367 ms 0/44 (0%)
[  6] 39.0000-40.0000 sec  74.6 KBytes   612 Kbits/sec  15.774 ms 0/52 (0%)
[ 10] 39.0000-40.0000 sec  74.6 KBytes   612 Kbits/sec  23.741 ms 0/52 (0%)
[  9] 39.0000-40.0000 sec  73.2 KBytes   600 Kbits/sec  15.360 ms 0/51 (0%)
[  5] 39.0000-40.0000 sec  81.8 KBytes   670 Kbits/sec  16.464 ms 0/57 (0%)
[  7] 39.0000-40.0000 sec  84.7 KBytes   694 Kbits/sec  14.725 ms 0/59 (0%)
[  1] 40.0000-41.0000 sec  74.6 KBytes   612 Kbits/sec  15.858 ms 0/52 (0%)
[  3] 40.0000-41.0000 sec  84.7 KBytes   694 Kbits/sec  12.200 ms 0/59 (0%)
[  4] 40.0000-41.0000 sec  84.7 KBytes   694 Kbits/sec  12.998 ms 0/59 (0%)
[  2] 40.0000-41.0000 sec  76.1 KBytes   623 Kbits/sec  15.066 ms 0/53 (0%)
[  8] 40.0000-41.0000 sec  87.6 KBytes   717 Kbits/sec  19.697 ms 0/61 (0%)
[  6] 40.0000-41.0000 sec  84.7 KBytes   694 Kbits/sec  12.907 ms 0/59 (0%)
[  7] 40.0000-41.0000 sec  63.2 KBytes   517 Kbits/sec  15.420 ms 0/44 (0%)
[  9] 40.0000-41.0000 sec  84.7 KBytes   694 Kbits/sec  12.676 ms 0/59 (0%)
[  5] 40.0000-41.0000 sec  76.1 KBytes   623 Kbits/sec  15.502 ms 0/53 (0%)
[ 10] 40.0000-41.0000 sec  83.3 KBytes   682 Kbits/sec  16.121 ms 0/58 (0%)
[  1] 41.0000-42.0000 sec  86.1 KBytes   706 Kbits/sec  12.866 ms 0/60 (0%)
[  5] 41.0000-42.0000 sec  73.2 KBytes   600 Kbits/sec  13.337 ms 0/51 (0%)
[  2] 41.0000-42.0000 sec  84.7 KBytes   694 Kbits/sec  13.396 ms 0/59 (0%)
[  3] 41.0000-42.0000 sec  74.6 KBytes   612 Kbits/sec  16.578 ms 0/52 (0%)
[ 10] 41.0000-42.0000 sec  80.4 KBytes   659 Kbits/sec  16.238 ms 0/56 (0%)
[  7] 41.0000-42.0000 sec  83.3 KBytes   682 Kbits/sec  13.192 ms 0/58 (0%)
[  4] 41.0000-42.0000 sec  73.2 KBytes   600 Kbits/sec  16.919 ms 0/51 (0%)
[  8] 41.0000-42.0000 sec  74.6 KBytes   612 Kbits/sec  15.439 ms 0/52 (0%)
[  6] 41.0000-42.0000 sec  73.2 KBytes   600 Kbits/sec  16.449 ms 0/51 (0%)
[  9] 41.0000-42.0000 sec  74.6 KBytes   612 Kbits/sec  17.121 ms 0/52 (0%)
[  2] 42.0000-43.0000 sec  73.2 KBytes   600 Kbits/sec  13.577 ms 0/51 (0%)
[  3] 42.0000-43.0000 sec  73.2 KBytes   600 Kbits/sec  14.982 ms 0/51 (0%)
[  4] 42.0000-43.0000 sec  76.1 KBytes   623 Kbits/sec  15.150 ms 0/53 (0%)
[  1] 42.0000-43.0000 sec  84.7 KBytes   694 Kbits/sec  13.697 ms 0/59 (0%)
[  8] 42.0000-43.0000 sec  71.8 KBytes   588 Kbits/sec  14.972 ms 0/50 (0%)
[  6] 42.0000-43.0000 sec  76.1 KBytes   623 Kbits/sec  15.083 ms 0/53 (0%)
[  5] 42.0000-43.0000 sec  84.7 KBytes   694 Kbits/sec  14.473 ms 0/59 (0%)
[  9] 42.0000-43.0000 sec  73.2 KBytes   600 Kbits/sec  15.243 ms 0/51 (0%)
[  7] 42.0000-43.0000 sec  84.7 KBytes   694 Kbits/sec  14.220 ms 0/59 (0%)
[ 10] 42.0000-43.0000 sec  80.4 KBytes   659 Kbits/sec  14.532 ms 0/56 (0%)
[  3] 43.0000-44.0000 sec  76.1 KBytes   623 Kbits/sec  16.145 ms 0/53 (0%)
[  4] 43.0000-44.0000 sec  73.2 KBytes   600 Kbits/sec  17.133 ms 0/51 (0%)
[  1] 43.0000-44.0000 sec  73.2 KBytes   600 Kbits/sec  14.678 ms 0/51 (0%)
[  5] 43.0000-44.0000 sec  76.1 KBytes   623 Kbits/sec  14.861 ms 0/53 (0%)
[  6] 43.0000-44.0000 sec  73.2 KBytes   600 Kbits/sec  15.943 ms 0/51 (0%)
[  2] 43.0000-44.0000 sec  84.7 KBytes   694 Kbits/sec  14.555 ms 0/59 (0%)
[  7] 43.0000-44.0000 sec  74.6 KBytes   612 Kbits/sec  15.286 ms 0/52 (0%)
[ 10] 43.0000-44.0000 sec  73.2 KBytes   600 Kbits/sec  14.295 ms 0/51 (0%)
[  8] 43.0000-44.0000 sec  86.1 KBytes   706 Kbits/sec  14.581 ms 0/60 (0%)
[  9] 43.0000-44.0000 sec  84.7 KBytes   694 Kbits/sec  15.158 ms 0/59 (0%)
[  6] 44.0000-45.0000 sec  74.6 KBytes   612 Kbits/sec  15.467 ms 0/52 (0%)
[  5] 44.0000-45.0000 sec  84.7 KBytes   694 Kbits/sec  14.189 ms 0/59 (0%)
[  1] 44.0000-45.0000 sec  84.7 KBytes   694 Kbits/sec  13.968 ms 0/59 (0%)
[  9] 44.0000-45.0000 sec  67.5 KBytes   553 Kbits/sec  21.866 ms 0/47 (0%)
[  3] 44.0000-45.0000 sec  84.7 KBytes   694 Kbits/sec  15.031 ms 0/59 (0%)
[  2] 44.0000-45.0000 sec  84.7 KBytes   694 Kbits/sec  13.876 ms 0/59 (0%)
[  7] 44.0000-45.0000 sec  84.7 KBytes   694 Kbits/sec  14.929 ms 0/59 (0%)
[  4] 44.0000-45.0000 sec  84.7 KBytes   694 Kbits/sec  15.386 ms 0/59 (0%)
[  8] 44.0000-45.0000 sec  74.6 KBytes   612 Kbits/sec  14.953 ms 0/52 (0%)
[ 10] 44.0000-45.0000 sec  84.7 KBytes   694 Kbits/sec  14.305 ms 0/59 (0%)
[  1] 45.0000-46.0000 sec  74.6 KBytes   612 Kbits/sec  15.500 ms 0/52 (0%)
[  6] 45.0000-46.0000 sec  76.1 KBytes   623 Kbits/sec  23.226 ms 0/53 (0%)
[  5] 45.0000-46.0000 sec  73.2 KBytes   600 Kbits/sec  14.422 ms 0/51 (0%)
[  2] 45.0000-46.0000 sec  76.1 KBytes   623 Kbits/sec  14.880 ms 0/53 (0%)
[  7] 45.0000-46.0000 sec  73.2 KBytes   600 Kbits/sec  16.038 ms 0/51 (0%)
[ 10] 45.0000-46.0000 sec  76.1 KBytes   623 Kbits/sec  14.711 ms 0/53 (0%)
[  3] 45.0000-46.0000 sec  73.2 KBytes   600 Kbits/sec  15.407 ms 0/51 (0%)
[  4] 45.0000-46.0000 sec  76.1 KBytes   623 Kbits/sec  15.481 ms 0/53 (0%)
[  8] 45.0000-46.0000 sec  73.2 KBytes   600 Kbits/sec  14.868 ms 0/51 (0%)
[  9] 45.0000-46.0000 sec  83.3 KBytes   682 Kbits/sec  14.902 ms 0/58 (0%)
[  1] 46.0000-47.0000 sec  84.7 KBytes   694 Kbits/sec  14.421 ms 0/59 (0%)
[  5] 46.0000-47.0000 sec  84.7 KBytes   694 Kbits/sec  13.355 ms 0/59 (0%)
[  2] 46.0000-47.0000 sec  84.7 KBytes   694 Kbits/sec  12.705 ms 0/59 (0%)
[  3] 46.0000-47.0000 sec  74.6 KBytes   612 Kbits/sec  16.096 ms 0/52 (0%)
[ 10] 46.0000-47.0000 sec  81.8 KBytes   670 Kbits/sec  13.173 ms 0/57 (0%)
[  7] 46.0000-47.0000 sec  89.0 KBytes   729 Kbits/sec  12.740 ms 0/62 (0%)
[  4] 46.0000-47.0000 sec  73.2 KBytes   600 Kbits/sec  14.895 ms 0/51 (0%)
[  8] 46.0000-47.0000 sec  74.6 KBytes   612 Kbits/sec  15.358 ms 0/52 (0%)
[  6] 46.0000-47.0000 sec  81.8 KBytes   670 Kbits/sec  15.663 ms 0/57 (0%)
[  9] 46.0000-47.0000 sec  74.6 KBytes   612 Kbits/sec  15.039 ms 0/52 (0%)
[  1] 47.0000-48.0000 sec  86.1 KBytes   706 Kbits/sec  12.915 ms 0/60 (0%)
[  3] 47.0000-48.0000 sec  64.6 KBytes   529 Kbits/sec  16.928 ms 0/45 (0%)
[  5] 47.0000-48.0000 sec  87.6 KBytes   717 Kbits/sec  21.248 ms 0/61 (0%)
[  2] 47.0000-48.0000 sec  84.7 KBytes   694 Kbits/sec  13.774 ms 0/59 (0%)
[  4] 47.0000-48.0000 sec  63.2 KBytes   517 Kbits/sec  17.062 ms 0/44 (0%)
[  8] 47.0000-48.0000 sec  64.6 KBytes   529 Kbits/sec  16.813 ms 0/45 (0%)
[  7] 47.0000-48.0000 sec  84.7 KBytes   694 Kbits/sec  13.762 ms 0/59 (0%)
[  6] 47.0000-48.0000 sec  64.6 KBytes   529 Kbits/sec  17.269 ms 0/45 (0%)
[  9] 47.0000-48.0000 sec  63.2 KBytes   517 Kbits/sec  17.703 ms 0/44 (0%)
[ 10] 47.0000-48.0000 sec  96.2 KBytes   788 Kbits/sec  14.334 ms 0/67 (0%)
[  1] 48.0000-49.0000 sec  73.2 KBytes   600 Kbits/sec  15.653 ms 0/51 (0%)
[  2] 48.0000-49.0000 sec  73.2 KBytes   600 Kbits/sec  15.430 ms 0/51 (0%)
[  7] 48.0000-49.0000 sec  73.2 KBytes   600 Kbits/sec  15.435 ms 0/51 (0%)
[  3] 48.0000-49.0000 sec  73.2 KBytes   600 Kbits/sec  16.373 ms 0/51 (0%)
[  4] 48.0000-49.0000 sec  76.1 KBytes   623 Kbits/sec  17.303 ms 0/53 (0%)
[  5] 48.0000-49.0000 sec  83.3 KBytes   682 Kbits/sec  14.980 ms 0/58 (0%)
[  8] 48.0000-49.0000 sec  73.2 KBytes   600 Kbits/sec  17.093 ms 0/51 (0%)
[  6] 48.0000-49.0000 sec  76.1 KBytes   623 Kbits/sec  16.744 ms 0/53 (0%)
[ 10] 48.0000-49.0000 sec  73.2 KBytes   600 Kbits/sec  15.779 ms 0/51 (0%)
[  9] 48.0000-49.0000 sec  73.2 KBytes   600 Kbits/sec  16.406 ms 0/51 (0%)
[  4] 49.0000-50.0000 sec  73.2 KBytes   600 Kbits/sec  16.744 ms 0/51 (0%)
[  1] 49.0000-50.0000 sec  84.7 KBytes   694 Kbits/sec  15.471 ms 0/59 (0%)
[  5] 49.0000-50.0000 sec  74.6 KBytes   612 Kbits/sec  15.134 ms 0/52 (0%)
[  8] 49.0000-50.0000 sec  76.1 KBytes   623 Kbits/sec  16.666 ms 0/53 (0%)
[  2] 49.0000-50.0000 sec  84.7 KBytes   694 Kbits/sec  14.875 ms 0/59 (0%)
[ 10] 49.0000-50.0000 sec  76.1 KBytes   623 Kbits/sec  14.812 ms 0/53 (0%)
[  6] 49.0000-50.0000 sec  73.2 KBytes   600 Kbits/sec  16.058 ms 0/51 (0%)
[  9] 49.0000-50.0000 sec  76.1 KBytes   623 Kbits/sec  15.949 ms 0/53 (0%)
[  7] 49.0000-50.0000 sec  84.7 KBytes   694 Kbits/sec  14.944 ms 0/59 (0%)
[  3] 49.0000-50.0000 sec  76.1 KBytes   623 Kbits/sec  16.134 ms 0/53 (0%)
[  2] 50.0000-51.0000 sec  74.6 KBytes   612 Kbits/sec  14.992 ms 0/52 (0%)
[  3] 50.0000-51.0000 sec  74.6 KBytes   612 Kbits/sec  14.966 ms 0/52 (0%)
[  8] 50.0000-51.0000 sec  74.6 KBytes   612 Kbits/sec  23.356 ms 0/52 (0%)
[  7] 50.0000-51.0000 sec  76.1 KBytes   623 Kbits/sec  14.590 ms 0/53 (0%)
[  6] 50.0000-51.0000 sec  74.6 KBytes   612 Kbits/sec  14.732 ms 0/52 (0%)
[  1] 50.0000-51.0000 sec  84.7 KBytes   694 Kbits/sec  14.832 ms 0/59 (0%)
[  5] 50.0000-51.0000 sec  86.1 KBytes   706 Kbits/sec  13.608 ms 0/60 (0%)
[  9] 50.0000-51.0000 sec  71.8 KBytes   588 Kbits/sec  15.656 ms 0/50 (0%)
[  4] 50.0000-51.0000 sec  84.7 KBytes   694 Kbits/sec  14.911 ms 0/59 (0%)
[ 10] 50.0000-51.0000 sec  84.7 KBytes   694 Kbits/sec  14.168 ms 0/59 (0%)
[  2] 51.0000-52.0000 sec  86.1 KBytes   706 Kbits/sec  13.523 ms 0/60 (0%)
[  3] 51.0000-52.0000 sec  73.2 KBytes   600 Kbits/sec  16.033 ms 0/51 (0%)
[  7] 51.0000-52.0000 sec  84.7 KBytes   694 Kbits/sec  13.739 ms 0/59 (0%)
[  6] 51.0000-52.0000 sec  73.2 KBytes   600 Kbits/sec  15.206 ms 0/51 (0%)
[  1] 51.0000-52.0000 sec  84.7 KBytes   694 Kbits/sec  13.899 ms 0/59 (0%)
[  9] 51.0000-52.0000 sec  77.5 KBytes   635 Kbits/sec  14.997 ms 0/54 (0%)
[  5] 51.0000-52.0000 sec  84.7 KBytes   694 Kbits/sec  13.273 ms 0/59 (0%)
[  4] 51.0000-52.0000 sec  73.2 KBytes   600 Kbits/sec  14.777 ms 0/51 (0%)
[ 10] 51.0000-52.0000 sec  86.1 KBytes   706 Kbits/sec  12.559 ms 0/60 (0%)
[  8] 51.0000-52.0000 sec  83.3 KBytes   682 Kbits/sec  14.609 ms 0/58 (0%)
[  4] 52.0000-53.0000 sec  74.6 KBytes   612 Kbits/sec  15.680 ms 0/52 (0%)
[  1] 52.0000-53.0000 sec  73.2 KBytes   600 Kbits/sec  14.983 ms 0/51 (0%)
[  8] 52.0000-53.0000 sec  74.6 KBytes   612 Kbits/sec  15.377 ms 0/52 (0%)
[  5] 52.0000-53.0000 sec  73.2 KBytes   600 Kbits/sec  14.544 ms 0/51 (0%)
[  3] 52.0000-53.0000 sec  84.7 KBytes   694 Kbits/sec  15.945 ms 0/59 (0%)
[  2] 52.0000-53.0000 sec  81.8 KBytes   670 Kbits/sec  15.197 ms 0/57 (0%)
[  6] 52.0000-53.0000 sec  84.7 KBytes   694 Kbits/sec  15.471 ms 0/59 (0%)
[  7] 52.0000-53.0000 sec  80.4 KBytes   659 Kbits/sec  15.343 ms 0/56 (0%)
[  9] 52.0000-53.0000 sec  84.7 KBytes   694 Kbits/sec  15.128 ms 0/59 (0%)
[ 10] 52.0000-53.0000 sec  70.3 KBytes   576 Kbits/sec  13.138 ms 0/49 (0%)
[  3] 53.0000-54.0000 sec  77.5 KBytes   635 Kbits/sec  13.996 ms 0/54 (0%)
[  1] 53.0000-54.0000 sec  74.6 KBytes   612 Kbits/sec  15.608 ms 0/52 (0%)
[  5] 53.0000-54.0000 sec  73.2 KBytes   600 Kbits/sec  14.468 ms 0/51 (0%)
[  2] 53.0000-54.0000 sec  76.1 KBytes   623 Kbits/sec  14.792 ms 0/53 (0%)
[  4] 53.0000-54.0000 sec  86.1 KBytes   706 Kbits/sec  13.705 ms 0/60 (0%)
[ 10] 53.0000-54.0000 sec  76.1 KBytes   623 Kbits/sec  13.834 ms 0/53 (0%)
[  7] 53.0000-54.0000 sec  73.2 KBytes   600 Kbits/sec  15.111 ms 0/51 (0%)
[  8] 53.0000-54.0000 sec  84.7 KBytes   694 Kbits/sec  13.837 ms 0/59 (0%)
[  6] 53.0000-54.0000 sec  86.1 KBytes   706 Kbits/sec  13.285 ms 0/60 (0%)
[  9] 53.0000-54.0000 sec  84.7 KBytes   694 Kbits/sec  14.212 ms 0/59 (0%)
[  3] 54.0000-55.0000 sec  73.2 KBytes   600 Kbits/sec  15.497 ms 0/51 (0%)
[  2] 54.0000-55.0000 sec  73.2 KBytes   600 Kbits/sec  14.527 ms 0/51 (0%)
[  6] 54.0000-55.0000 sec  63.2 KBytes   517 Kbits/sec  16.250 ms 0/44 (0%)
[  4] 54.0000-55.0000 sec  71.8 KBytes   588 Kbits/sec  16.218 ms 0/50 (0%)
[  1] 54.0000-55.0000 sec  86.1 KBytes   706 Kbits/sec  14.273 ms 0/60 (0%)
[  5] 54.0000-55.0000 sec  81.8 KBytes   670 Kbits/sec  15.858 ms 0/57 (0%)
[  8] 54.0000-55.0000 sec  73.2 KBytes   600 Kbits/sec  15.739 ms 0/51 (0%)
[  7] 54.0000-55.0000 sec  84.7 KBytes   694 Kbits/sec  16.455 ms 0/59 (0%)
[ 10] 54.0000-55.0000 sec  84.7 KBytes   694 Kbits/sec  16.439 ms 0/59 (0%)
[  9] 54.0000-55.0000 sec  73.2 KBytes   600 Kbits/sec  14.950 ms 0/51 (0%)
[  4] 55.0000-56.0000 sec  76.1 KBytes   623 Kbits/sec  14.611 ms 0/53 (0%)
[  2] 55.0000-56.0000 sec  74.6 KBytes   612 Kbits/sec  17.460 ms 0/52 (0%)
[  3] 55.0000-56.0000 sec  84.7 KBytes   694 Kbits/sec  13.716 ms 0/59 (0%)
[  7] 55.0000-56.0000 sec  64.6 KBytes   529 Kbits/sec  16.146 ms 0/45 (0%)
[  6] 55.0000-56.0000 sec  84.7 KBytes   694 Kbits/sec  14.712 ms 0/59 (0%)
[  9] 55.0000-56.0000 sec  74.6 KBytes   612 Kbits/sec  14.305 ms 0/52 (0%)
[  5] 55.0000-56.0000 sec  76.1 KBytes   623 Kbits/sec  16.066 ms 0/53 (0%)
[  1] 55.0000-56.0000 sec  73.2 KBytes   600 Kbits/sec  16.598 ms 0/51 (0%)
[  8] 55.0000-56.0000 sec  86.1 KBytes   706 Kbits/sec  13.575 ms 0/60 (0%)
[ 10] 55.0000-56.0000 sec  73.2 KBytes   600 Kbits/sec  16.561 ms 0/51 (0%)
[  4] 56.0000-57.0000 sec  73.2 KBytes   600 Kbits/sec  16.966 ms 0/51 (0%)
[  3] 56.0000-57.0000 sec  74.6 KBytes   612 Kbits/sec  16.532 ms 0/52 (0%)
[  1] 56.0000-57.0000 sec  64.6 KBytes   529 Kbits/sec  15.288 ms 0/45 (0%)
[  5] 56.0000-57.0000 sec  63.2 KBytes   517 Kbits/sec  16.166 ms 0/44 (0%)
[  8] 56.0000-57.0000 sec  63.2 KBytes   517 Kbits/sec  16.302 ms 0/44 (0%)
[  6] 56.0000-57.0000 sec  76.1 KBytes   623 Kbits/sec  16.763 ms 0/53 (0%)
[  2] 56.0000-57.0000 sec  73.2 KBytes   600 Kbits/sec  16.469 ms 0/51 (0%)
[  7] 56.0000-57.0000 sec  76.1 KBytes   623 Kbits/sec  15.571 ms 0/53 (0%)
[  9] 56.0000-57.0000 sec  73.2 KBytes   600 Kbits/sec  16.927 ms 0/51 (0%)
[ 10] 56.0000-57.0000 sec  63.2 KBytes   517 Kbits/sec  16.074 ms 0/44 (0%)
[  1] 57.0000-58.0000 sec  63.2 KBytes   517 Kbits/sec  17.415 ms 0/44 (0%)
[  3] 57.0000-58.0000 sec  84.7 KBytes   694 Kbits/sec  13.010 ms 0/59 (0%)
[  8] 57.0000-58.0000 sec  86.1 KBytes   706 Kbits/sec  19.788 ms 0/60 (0%)
[  2] 57.0000-58.0000 sec  64.6 KBytes   529 Kbits/sec  16.858 ms 0/45 (0%)
[  6] 57.0000-58.0000 sec  84.7 KBytes   694 Kbits/sec  13.166 ms 0/59 (0%)
[  7] 57.0000-58.0000 sec  63.2 KBytes   517 Kbits/sec  17.397 ms 0/44 (0%)
[  9] 57.0000-58.0000 sec  86.1 KBytes   706 Kbits/sec  11.997 ms 1/61 (1.6%)
[  4] 57.0000-58.0000 sec  94.7 KBytes   776 Kbits/sec  12.675 ms 0/66 (0%)
[ 10] 57.0000-58.0000 sec  63.2 KBytes   517 Kbits/sec  17.884 ms 0/44 (0%)
[  5] 57.0000-58.0000 sec  73.2 KBytes   600 Kbits/sec  16.978 ms 0/51 (0%)
[  4] 58.0000-59.0000 sec  84.7 KBytes   694 Kbits/sec  13.806 ms 3902/3961 (99%)
[  2] 58.0000-59.0000 sec  74.6 KBytes   612 Kbits/sec  14.329 ms 0/52 (0%)
[  7] 58.0000-59.0000 sec  73.2 KBytes   600 Kbits/sec  14.070 ms 0/51 (0%)
[  8] 58.0000-59.0000 sec  86.1 KBytes   706 Kbits/sec  17.427 ms 0/60 (0%)
[  1] 58.0000-59.0000 sec  84.7 KBytes   694 Kbits/sec  14.493 ms 0/59 (0%)
[  5] 58.0000-59.0000 sec  74.6 KBytes   612 Kbits/sec  15.578 ms 0/52 (0%)
[  6] 58.0000-59.0000 sec  96.2 KBytes   788 Kbits/sec  10.754 ms 2708/2775 (98%)
[  9] 58.0000-59.0000 sec  94.7 KBytes   776 Kbits/sec  11.634 ms 2680/2746 (98%)
[  3] 58.0000-59.0000 sec  86.1 KBytes   706 Kbits/sec  12.262 ms 3438/3498 (98%)
[ 10] 58.0000-59.0000 sec  84.7 KBytes   694 Kbits/sec  15.780 ms 0/59 (0%)
[  2] 59.0000-60.0000 sec  64.6 KBytes   529 Kbits/sec  17.390 ms 0/45 (0%)
[  2] 0.0000-60.0120 sec  4.56 MBytes   638 Kbits/sec  23.970 ms 28729/31984 (90%)
[  3] 59.0000-60.0000 sec  84.7 KBytes   694 Kbits/sec  29.659 ms 27040/27099 (1e+02%)
[  3] 0.0000-60.0058 sec  4.63 MBytes   647 Kbits/sec  28.330 ms 60557/63860 (95%)
[  6] 59.0000-60.0000 sec  77.5 KBytes   635 Kbits/sec  36.972 ms 33973/34027 (1e+02%)
[  6] 0.0000-60.0046 sec  4.63 MBytes   647 Kbits/sec  35.065 ms 66762/70065 (95%)
[  8] 59.0000-60.0000 sec  91.9 KBytes   753 Kbits/sec  33.384 ms 35538/35602 (1e+02%)
[  1] 59.0000-60.0000 sec  63.2 KBytes   517 Kbits/sec  17.597 ms 0/44 (0%)
[  8] 0.0000-60.0340 sec  4.63 MBytes   648 Kbits/sec  40.584 ms 65608/68914 (95%)
[  1] 0.0000-60.1172 sec  4.57 MBytes   637 Kbits/sec  25.972 ms 28692/31950 (90%)
[  5] 59.0000-60.0000 sec  64.6 KBytes   529 Kbits/sec  17.291 ms 0/45 (0%)
[  5] 0.0000-60.0716 sec  4.57 MBytes   638 Kbits/sec  23.723 ms 28691/31950 (90%)
[  4] 59.0000-60.0000 sec  91.9 KBytes   753 Kbits/sec  22.464 ms 34148/34212 (1e+02%)
[  4] 0.0000-60.1166 sec  4.64 MBytes   648 Kbits/sec  134.375 ms 93951/97261 (97%)
[  7] 59.0000-60.0000 sec  74.6 KBytes   612 Kbits/sec  17.661 ms 0/52 (0%)
[  7] 0.0000-60.1165 sec  4.57 MBytes   638 Kbits/sec  24.217 ms 28758/32017 (90%)
[  9] 59.0000-60.0000 sec  84.7 KBytes   694 Kbits/sec  61.779 ms 52441/52500 (1e+02%)
[  9] 0.0000-60.0965 sec  4.64 MBytes   647 Kbits/sec  66.336 ms 85212/88519 (96%)
[ 10] 59.0000-60.0000 sec  64.6 KBytes   529 Kbits/sec  16.754 ms 0/45 (0%)
[ 10] 0.0000-60.1187 sec  4.57 MBytes   638 Kbits/sec  26.167 ms 28740/32002 (90%)
