[UTIL]: Setting the config -c file to /usr/local/etc/flexric/flexric.conf
[UTIL]: Setting path -p for the shared libraries to /usr/local/lib/flexric/
[xAapp]: Initializing ... 
[xApp]: nearRT-RIC IP Address = 192.168.70.150, PORT = 36422
[E2 AGENT]: Opening plugin from path = /usr/local/lib/flexric/libkpm_sm.so 
[E2 AGENT]: Opening plugin from path = /usr/local/lib/flexric/libmac_sm.so 
[E2 AGENT]: Opening plugin from path = /usr/local/lib/flexric/libpdcp_sm.so 
[E2 AGENT]: Opening plugin from path = /usr/local/lib/flexric/libgtp_sm.so 
[E2 AGENT]: Opening plugin from path = /usr/local/lib/flexric/librc_sm.so 
[E2 AGENT]: Opening plugin from path = /usr/local/lib/flexric/libtc_sm.so 
[E2 AGENT]: Opening plugin from path = /usr/local/lib/flexric/librlc_sm.so 
[E2 AGENT]: Opening plugin from path = /usr/local/lib/flexric/libslice_sm.so 
[NEAR-RIC]: Loading SM ID = 2 with def = ORAN-E2SM-KPM 
[NEAR-RIC]: Loading SM ID = 142 with def = MAC_STATS_V0 
[NEAR-RIC]: Loading SM ID = 144 with def = PDCP_STATS_V0 
[NEAR-RIC]: Loading SM ID = 148 with def = GTP_STATS_V0 
[NEAR-RIC]: Loading SM ID = 3 with def = ORAN-E2SM-RC 
[NEAR-RIC]: Loading SM ID = 146 with def = TC_STATS_V0 
[NEAR-RIC]: Loading SM ID = 143 with def = RLC_STATS_V0 
[NEAR-RIC]: Loading SM ID = 145 with def = SLICE_STATS_V0 
[xApp]: DB filename = /tmp/flexric/xapp_db 
 [xApp]: E42 SETUP-REQUEST tx
[xApp]: E42 SETUP-RESPONSE rx 
[xApp]: xApp ID = 104 
[xApp]: Registered E2 Nodes = 3 
Connected E2 nodes = 3
[xAPP] Registered node 0 ran func id = 2 
 [xAPP] Registered node 0 ran func id = 3 
 [xAPP] Registered node 0 ran func id = 142 
 [xAPP] Registered node 0 ran func id = 143 
 [xAPP] Registered node 0 ran func id = 144 
 [xAPP] Registered node 0 ran func id = 145 
 [xAPP] Registered node 0 ran func id = 146 
 [xAPP] Registered node 0 ran func id = 148 
 [xApp]: E42 RIC SUBSCRIPTION REQUEST tx RAN_FUNC_ID 144 RIC_REQ_ID 1 
[xApp]: SUBSCRIPTION RESPONSE rx
[xApp]: Successfully subscribed to RAN_FUNC_ID 144 
[xAPP] Registered node 1 ran func id = 2 
 [xAPP] Registered node 1 ran func id = 3 
 [xAPP] Registered node 1 ran func id = 142 
 [xAPP] Registered node 1 ran func id = 143 
 [xAPP] Registered node 1 ran func id = 144 
 [xAPP] Registered node 1 ran func id = 145 
 [xAPP] Registered node 1 ran func id = 146 
 [xAPP] Registered node 1 ran func id = 148 
 [xApp]: E42 RIC SUBSCRIPTION REQUEST tx RAN_FUNC_ID 144 RIC_REQ_ID 2 
[xApp]: SUBSCRIPTION RESPONSE rx
[xApp]: Successfully subscribed to RAN_FUNC_ID 144 
[xAPP] Registered node 2 ran func id = 2 
 [xAPP] Registered node 2 ran func id = 3 
 [xAPP] Registered node 2 ran func id = 142 
 [xAPP] Registered node 2 ran func id = 143 
 [xAPP] Registered node 2 ran func id = 144 
 [xAPP] Registered node 2 ran func id = 145 
 [xAPP] Registered node 2 ran func id = 146 
 [xAPP] Registered node 2 ran func id = 148 
 [xApp]: E42 RIC SUBSCRIPTION REQUEST tx RAN_FUNC_ID 144 RIC_REQ_ID 3 
[xApp]: SUBSCRIPTION RESPONSE rx
[xApp]: Successfully subscribed to RAN_FUNC_ID 144 
112[UE 5 | RB 1] Throughput = 0.83823 Mbps | SE = 0.02197 bit/s/Hz
212[UE 5 | RB 1] Throughput = 0.83827 Mbps | SE = 0.02197 bit/s/Hz
312[UE 5 | RB 1] Throughput = 1.43807 Mbps | SE = 0.03769 bit/s/Hz
412[UE 5 | RB 1] Throughput = 0.95775 Mbps | SE = 0.02510 bit/s/Hz
522[UE 5 | RB 1] Throughput = 0.87370 Mbps | SE = 0.02290 bit/s/Hz
622[UE 5 | RB 1] Throughput = 1.19781 Mbps | SE = 0.03139 bit/s/Hz
732[UE 5 | RB 1] Throughput = 1.08983 Mbps | SE = 0.02856 bit/s/Hz
832[UE 5 | RB 1] Throughput = 0.95763 Mbps | SE = 0.02510 bit/s/Hz
942[UE 5 | RB 1] Throughput = 1.08996 Mbps | SE = 0.02856 bit/s/Hz
1042[UE 5 | RB 1] Throughput = 1.07791 Mbps | SE = 0.02825 bit/s/Hz
1142[UE 5 | RB 1] Throughput = 1.19772 Mbps | SE = 0.03139 bit/s/Hz
1252[UE 5 | RB 1] Throughput = 1.20016 Mbps | SE = 0.03145 bit/s/Hz
1352[UE 5 | RB 1] Throughput = 0.59845 Mbps | SE = 0.01568 bit/s/Hz
1462[UE 5 | RB 1] Throughput = 1.30764 Mbps | SE = 0.03427 bit/s/Hz
1562[UE 5 | RB 1] Throughput = 1.31763 Mbps | SE = 0.03453 bit/s/Hz
1662[UE 5 | RB 1] Throughput = 0.71881 Mbps | SE = 0.01884 bit/s/Hz
1772[UE 5 | RB 1] Throughput = 1.20241 Mbps | SE = 0.03151 bit/s/Hz
1872[UE 5 | RB 1] Throughput = 0.71783 Mbps | SE = 0.01881 bit/s/Hz
1972[UE 5 | RB 1] Throughput = 1.43534 Mbps | SE = 0.03761 bit/s/Hz
2082[UE 5 | RB 1] Throughput = 1.19853 Mbps | SE = 0.03141 bit/s/Hz
2192[UE 5 | RB 1] Throughput = 0.98218 Mbps | SE = 0.02574 bit/s/Hz
2292[UE 5 | RB 1] Throughput = 1.07792 Mbps | SE = 0.02825 bit/s/Hz
2402[UE 5 | RB 1] Throughput = 0.86970 Mbps | SE = 0.02279 bit/s/Hz
2502[UE 5 | RB 1] Throughput = 1.19743 Mbps | SE = 0.03138 bit/s/Hz
2612[UE 5 | RB 1] Throughput = 1.09141 Mbps | SE = 0.02860 bit/s/Hz
2722[UE 5 | RB 1] Throughput = 1.19913 Mbps | SE = 0.03142 bit/s/Hz
2822[UE 5 | RB 1] Throughput = 1.07811 Mbps | SE = 0.02825 bit/s/Hz
2922[UE 5 | RB 1] Throughput = 1.07768 Mbps | SE = 0.02824 bit/s/Hz
3022[UE 5 | RB 1] Throughput = 0.71816 Mbps | SE = 0.01882 bit/s/Hz
3132[UE 5 | RB 1] Throughput = 1.30708 Mbps | SE = 0.03425 bit/s/Hz
3242[UE 5 | RB 1] Throughput = 1.20012 Mbps | SE = 0.03145 bit/s/Hz
3343[UE 5 | RB 1] Throughput = 0.59771 Mbps | SE = 0.01566 bit/s/Hz
3443[UE 5 | RB 1] Throughput = 1.19258 Mbps | SE = 0.03125 bit/s/Hz
3552[UE 5 | RB 1] Throughput = 1.09803 Mbps | SE = 0.02877 bit/s/Hz
3662[UE 5 | RB 1] Throughput = 1.19842 Mbps | SE = 0.03141 bit/s/Hz
3772[UE 5 | RB 1] Throughput = 0.98005 Mbps | SE = 0.02568 bit/s/Hz
3882[UE 5 | RB 1] Throughput = 0.87345 Mbps | SE = 0.02289 bit/s/Hz
3982[UE 5 | RB 1] Throughput = 1.19364 Mbps | SE = 0.03128 bit/s/Hz
4092[UE 5 | RB 1] Throughput = 1.09133 Mbps | SE = 0.02860 bit/s/Hz
4192[UE 5 | RB 1] Throughput = 1.31770 Mbps | SE = 0.03453 bit/s/Hz
4292[UE 5 | RB 1] Throughput = 1.07772 Mbps | SE = 0.02824 bit/s/Hz
4402[UE 5 | RB 1] Throughput = 1.19950 Mbps | SE = 0.03143 bit/s/Hz
4502[UE 5 | RB 1] Throughput = 0.95872 Mbps | SE = 0.02512 bit/s/Hz
4602[UE 5 | RB 1] Throughput = 1.07679 Mbps | SE = 0.02822 bit/s/Hz
4712[UE 5 | RB 1] Throughput = 0.87294 Mbps | SE = 0.02288 bit/s/Hz
4822[UE 5 | RB 1] Throughput = 1.30549 Mbps | SE = 0.03421 bit/s/Hz
4932[UE 5 | RB 1] Throughput = 0.98115 Mbps | SE = 0.02571 bit/s/Hz
5032[UE 5 | RB 1] Throughput = 1.07843 Mbps | SE = 0.02826 bit/s/Hz
5142[UE 5 | RB 1] Throughput = 0.98190 Mbps | SE = 0.02573 bit/s/Hz
5242[UE 5 | RB 1] Throughput = 1.19747 Mbps | SE = 0.03138 bit/s/Hz
5352[UE 5 | RB 1] Throughput = 0.87341 Mbps | SE = 0.02289 bit/s/Hz
5452[UE 5 | RB 1] Throughput = 0.71816 Mbps | SE = 0.01882 bit/s/Hz
5552[UE 5 | RB 1] Throughput = 1.31573 Mbps | SE = 0.03448 bit/s/Hz
5652[UE 5 | RB 1] Throughput = 1.19830 Mbps | SE = 0.03140 bit/s/Hz
5752[UE 5 | RB 1] Throughput = 1.19788 Mbps | SE = 0.03139 bit/s/Hz
5862[UE 5 | RB 1] Throughput = 0.98054 Mbps | SE = 0.02570 bit/s/Hz
5972[UE 5 | RB 1] Throughput = 1.09070 Mbps | SE = 0.02858 bit/s/Hz
6072[UE 5 | RB 1] Throughput = 1.19760 Mbps | SE = 0.03138 bit/s/Hz
6182[UE 5 | RB 1] Throughput = 0.98010 Mbps | SE = 0.02568 bit/s/Hz
6282[UE 5 | RB 1] Throughput = 1.19704 Mbps | SE = 0.03137 bit/s/Hz
6392[UE 5 | RB 1] Throughput = 0.98154 Mbps | SE = 0.02572 bit/s/Hz
6502[UE 5 | RB 1] Throughput = 1.09106 Mbps | SE = 0.02859 bit/s/Hz
6603[UE 5 | RB 1] Throughput = 1.07447 Mbps | SE = 0.02816 bit/s/Hz
6712[UE 5 | RB 1] Throughput = 0.76386 Mbps | SE = 0.02002 bit/s/Hz
6822[UE 5 | RB 1] Throughput = 1.20174 Mbps | SE = 0.03149 bit/s/Hz
6932[UE 5 | RB 1] Throughput = 0.97882 Mbps | SE = 0.02565 bit/s/Hz
7032[UE 5 | RB 1] Throughput = 1.19780 Mbps | SE = 0.03139 bit/s/Hz
7142[UE 5 | RB 1] Throughput = 0.98206 Mbps | SE = 0.02574 bit/s/Hz
7242[UE 5 | RB 1] Throughput = 1.19820 Mbps | SE = 0.03140 bit/s/Hz
7352[UE 5 | RB 1] Throughput = 1.08924 Mbps | SE = 0.02854 bit/s/Hz
7452[UE 5 | RB 1] Throughput = 0.83869 Mbps | SE = 0.02198 bit/s/Hz
7552[UE 5 | RB 1] Throughput = 1.31424 Mbps | SE = 0.03444 bit/s/Hz
7662[UE 5 | RB 1] Throughput = 1.09328 Mbps | SE = 0.02865 bit/s/Hz
7772[UE 5 | RB 1] Throughput = 0.76352 Mbps | SE = 0.02001 bit/s/Hz
7872[UE 5 | RB 1] Throughput = 1.31264 Mbps | SE = 0.03440 bit/s/Hz
7982[UE 5 | RB 1] Throughput = 1.20025 Mbps | SE = 0.03145 bit/s/Hz
8082[UE 5 | RB 1] Throughput = 0.71895 Mbps | SE = 0.01884 bit/s/Hz
8182[UE 5 | RB 1] Throughput = 1.19761 Mbps | SE = 0.03138 bit/s/Hz
8292[UE 5 | RB 1] Throughput = 0.98036 Mbps | SE = 0.02569 bit/s/Hz
8402[UE 5 | RB 1] Throughput = 1.09042 Mbps | SE = 0.02857 bit/s/Hz
8512[UE 5 | RB 1] Throughput = 1.20005 Mbps | SE = 0.03145 bit/s/Hz
8622[UE 5 | RB 1] Throughput = 1.19885 Mbps | SE = 0.03142 bit/s/Hz
8722[UE 5 | RB 1] Throughput = 1.19738 Mbps | SE = 0.03138 bit/s/Hz
8822[UE 5 | RB 1] Throughput = 0.71855 Mbps | SE = 0.01883 bit/s/Hz
8932[UE 5 | RB 1] Throughput = 1.30845 Mbps | SE = 0.03429 bit/s/Hz
9042[UE 5 | RB 1] Throughput = 1.08868 Mbps | SE = 0.02853 bit/s/Hz
9142[UE 5 | RB 1] Throughput = 1.07824 Mbps | SE = 0.02826 bit/s/Hz
9242[UE 5 | RB 1] Throughput = 0.83825 Mbps | SE = 0.02197 bit/s/Hz
9352[UE 5 | RB 1] Throughput = 0.76390 Mbps | SE = 0.02002 bit/s/Hz
9463[UE 5 | RB 1] Throughput = 1.19117 Mbps | SE = 0.03122 bit/s/Hz
9573[UE 5 | RB 1] Throughput = 1.30700 Mbps | SE = 0.03425 bit/s/Hz
9683[UE 5 | RB 1] Throughput = 1.09035 Mbps | SE = 0.02857 bit/s/Hz
9792[UE 5 | RB 1] Throughput = 1.20327 Mbps | SE = 0.03153 bit/s/Hz
9892[UE 5 | RB 1] Throughput = 0.95711 Mbps | SE = 0.02508 bit/s/Hz
10002[UE 5 | RB 1] Throughput = 0.98215 Mbps | SE = 0.02574 bit/s/Hz
10112[UE 5 | RB 1] Throughput = 1.19739 Mbps | SE = 0.03138 bit/s/Hz
10222[UE 5 | RB 1] Throughput = 1.09123 Mbps | SE = 0.02860 bit/s/Hz
10322[UE 5 | RB 1] Throughput = 1.07776 Mbps | SE = 0.02824 bit/s/Hz
10423[UE 5 | RB 1] Throughput = 1.06682 Mbps | SE = 0.02796 bit/s/Hz
10532[UE 5 | RB 1] Throughput = 0.88000 Mbps | SE = 0.02306 bit/s/Hz
10632[UE 5 | RB 1] Throughput = 1.31783 Mbps | SE = 0.03453 bit/s/Hz
10732[UE 5 | RB 1] Throughput = 1.07852 Mbps | SE = 0.02826 bit/s/Hz
10842[UE 5 | RB 1] Throughput = 0.97939 Mbps | SE = 0.02567 bit/s/Hz
10942[UE 5 | RB 1] Throughput = 1.07793 Mbps | SE = 0.02825 bit/s/Hz
11052[UE 5 | RB 1] Throughput = 0.98312 Mbps | SE = 0.02576 bit/s/Hz
11152[UE 5 | RB 1] Throughput = 0.83770 Mbps | SE = 0.02195 bit/s/Hz
11262[UE 5 | RB 1] Throughput = 1.30624 Mbps | SE = 0.03423 bit/s/Hz
11372[UE 5 | RB 1] Throughput = 0.98258 Mbps | SE = 0.02575 bit/s/Hz
11472[UE 5 | RB 1] Throughput = 1.07801 Mbps | SE = 0.02825 bit/s/Hz
11582[UE 5 | RB 1] Throughput = 1.19792 Mbps | SE = 0.03139 bit/s/Hz
11692[UE 5 | RB 1] Throughput = 1.09007 Mbps | SE = 0.02857 bit/s/Hz
11802[UE 5 | RB 1] Throughput = 0.65361 Mbps | SE = 0.01713 bit/s/Hz
11912[UE 5 | RB 1] Throughput = 1.19957 Mbps | SE = 0.03144 bit/s/Hz
12012[UE 5 | RB 1] Throughput = 1.31657 Mbps | SE = 0.03450 bit/s/Hz
12122[UE 5 | RB 1] Throughput = 1.19854 Mbps | SE = 0.03141 bit/s/Hz
12222[UE 5 | RB 1] Throughput = 0.95863 Mbps | SE = 0.02512 bit/s/Hz
12322[UE 5 | RB 1] Throughput = 1.07776 Mbps | SE = 0.02824 bit/s/Hz
12432[UE 5 | RB 1] Throughput = 0.98201 Mbps | SE = 0.02573 bit/s/Hz
12532[UE 5 | RB 1] Throughput = 0.71864 Mbps | SE = 0.01883 bit/s/Hz
12632[UE 5 | RB 1] Throughput = 1.43739 Mbps | SE = 0.03767 bit/s/Hz
12732[UE 5 | RB 1] Throughput = 1.07734 Mbps | SE = 0.02823 bit/s/Hz
12832[UE 5 | RB 1] Throughput = 0.71885 Mbps | SE = 0.01884 bit/s/Hz
12942[UE 5 | RB 1] Throughput = 1.30649 Mbps | SE = 0.03424 bit/s/Hz
13043[UE 5 | RB 1] Throughput = 1.07802 Mbps | SE = 0.02825 bit/s/Hz
13153[UE 5 | RB 1] Throughput = 1.08974 Mbps | SE = 0.02856 bit/s/Hz
13253[UE 5 | RB 1] Throughput = 1.19209 Mbps | SE = 0.03124 bit/s/Hz
13362[UE 5 | RB 1] Throughput = 0.87731 Mbps | SE = 0.02299 bit/s/Hz
13462[UE 5 | RB 1] Throughput = 1.31767 Mbps | SE = 0.03453 bit/s/Hz
13563[UE 5 | RB 1] Throughput = 0.59680 Mbps | SE = 0.01564 bit/s/Hz
13672[UE 5 | RB 1] Throughput = 1.31542 Mbps | SE = 0.03447 bit/s/Hz
13772[UE 5 | RB 1] Throughput = 1.31770 Mbps | SE = 0.03453 bit/s/Hz
13872[UE 5 | RB 1] Throughput = 0.71798 Mbps | SE = 0.01882 bit/s/Hz
13972[UE 5 | RB 1] Throughput = 1.19781 Mbps | SE = 0.03139 bit/s/Hz
14072[UE 5 | RB 1] Throughput = 1.31824 Mbps | SE = 0.03455 bit/s/Hz
14182[UE 5 | RB 1] Throughput = 0.87103 Mbps | SE = 0.02283 bit/s/Hz
14292[UE 5 | RB 1] Throughput = 0.87302 Mbps | SE = 0.02288 bit/s/Hz
14402[UE 5 | RB 1] Throughput = 1.19849 Mbps | SE = 0.03141 bit/s/Hz
14502[UE 5 | RB 1] Throughput = 0.95825 Mbps | SE = 0.02511 bit/s/Hz
14602[UE 5 | RB 1] Throughput = 1.19812 Mbps | SE = 0.03140 bit/s/Hz
14712[UE 5 | RB 1] Throughput = 1.09149 Mbps | SE = 0.02860 bit/s/Hz
14812[UE 5 | RB 1] Throughput = 0.83803 Mbps | SE = 0.02196 bit/s/Hz
14912[UE 5 | RB 1] Throughput = 1.19815 Mbps | SE = 0.03140 bit/s/Hz
15012[UE 5 | RB 1] Throughput = 1.31763 Mbps | SE = 0.03453 bit/s/Hz
15122[UE 5 | RB 1] Throughput = 0.98012 Mbps | SE = 0.02568 bit/s/Hz
15222[UE 5 | RB 1] Throughput = 1.07844 Mbps | SE = 0.02826 bit/s/Hz
15332[UE 5 | RB 1] Throughput = 0.87250 Mbps | SE = 0.02286 bit/s/Hz
15432[UE 5 | RB 1] Throughput = 1.19657 Mbps | SE = 0.03136 bit/s/Hz
15542[UE 5 | RB 1] Throughput = 1.08954 Mbps | SE = 0.02855 bit/s/Hz
15642[UE 5 | RB 1] Throughput = 1.07800 Mbps | SE = 0.02825 bit/s/Hz
15752[UE 5 | RB 1] Throughput = 0.98129 Mbps | SE = 0.02572 bit/s/Hz
15852[UE 5 | RB 1] Throughput = 1.19794 Mbps | SE = 0.03139 bit/s/Hz
15962[UE 5 | RB 1] Throughput = 0.87494 Mbps | SE = 0.02293 bit/s/Hz
16062[UE 5 | RB 1] Throughput = 1.19180 Mbps | SE = 0.03123 bit/s/Hz
16173[UE 5 | RB 1] Throughput = 1.08452 Mbps | SE = 0.02842 bit/s/Hz
16283[UE 5 | RB 1] Throughput = 1.30726 Mbps | SE = 0.03426 bit/s/Hz
16384[UE 5 | RB 1] Throughput = 0.71489 Mbps | SE = 0.01873 bit/s/Hz
16492[UE 5 | RB 1] Throughput = 1.21128 Mbps | SE = 0.03174 bit/s/Hz
16592[UE 5 | RB 1] Throughput = 1.31740 Mbps | SE = 0.03452 bit/s/Hz
16702[UE 5 | RB 1] Throughput = 0.65389 Mbps | SE = 0.01714 bit/s/Hz
16812[UE 5 | RB 1] Throughput = 1.09010 Mbps | SE = 0.02857 bit/s/Hz
16922[UE 5 | RB 1] Throughput = 1.19944 Mbps | SE = 0.03143 bit/s/Hz
17032[UE 5 | RB 1] Throughput = 0.65306 Mbps | SE = 0.01711 bit/s/Hz
17132[UE 5 | RB 1] Throughput = 1.31734 Mbps | SE = 0.03452 bit/s/Hz
17242[UE 5 | RB 1] Throughput = 1.20056 Mbps | SE = 0.03146 bit/s/Hz
17342[UE 5 | RB 1] Throughput = 1.19748 Mbps | SE = 0.03138 bit/s/Hz
17442[UE 5 | RB 1] Throughput = 0.71859 Mbps | SE = 0.01883 bit/s/Hz
17552[UE 5 | RB 1] Throughput = 1.19997 Mbps | SE = 0.03145 bit/s/Hz
17662[UE 5 | RB 1] Throughput = 1.30882 Mbps | SE = 0.03430 bit/s/Hz
17762[UE 5 | RB 1] Throughput = 0.71680 Mbps | SE = 0.01878 bit/s/Hz
17872[UE 5 | RB 1] Throughput = 1.20059 Mbps | SE = 0.03146 bit/s/Hz
17972[UE 5 | RB 1] Throughput = 1.19710 Mbps | SE = 0.03137 bit/s/Hz
18072[UE 5 | RB 1] Throughput = 1.19732 Mbps | SE = 0.03138 bit/s/Hz
18182[UE 5 | RB 1] Throughput = 0.98048 Mbps | SE = 0.02569 bit/s/Hz
18282[UE 5 | RB 1] Throughput = 1.19749 Mbps | SE = 0.03138 bit/s/Hz
18392[UE 5 | RB 1] Throughput = 0.65433 Mbps | SE = 0.01715 bit/s/Hz
18493[UE 5 | RB 1] Throughput = 1.31603 Mbps | SE = 0.03449 bit/s/Hz
18602[UE 5 | RB 1] Throughput = 1.20044 Mbps | SE = 0.03146 bit/s/Hz
18703[UE 5 | RB 1] Throughput = 0.71766 Mbps | SE = 0.01881 bit/s/Hz
18803[UE 5 | RB 1] Throughput = 1.31766 Mbps | SE = 0.03453 bit/s/Hz
18912[UE 5 | RB 1] Throughput = 0.76357 Mbps | SE = 0.02001 bit/s/Hz
19012[UE 5 | RB 1] Throughput = 1.19809 Mbps | SE = 0.03140 bit/s/Hz
19113[UE 5 | RB 1] Throughput = 1.19763 Mbps | SE = 0.03138 bit/s/Hz
19223[UE 5 | RB 1] Throughput = 0.97896 Mbps | SE = 0.02565 bit/s/Hz
19333[UE 5 | RB 1] Throughput = 1.30836 Mbps | SE = 0.03429 bit/s/Hz
19442[UE 5 | RB 1] Throughput = 0.65565 Mbps | SE = 0.01718 bit/s/Hz
19542[UE 5 | RB 1] Throughput = 1.31792 Mbps | SE = 0.03454 bit/s/Hz
19642[UE 5 | RB 1] Throughput = 1.19829 Mbps | SE = 0.03140 bit/s/Hz
19743[UE 5 | RB 1] Throughput = 1.19592 Mbps | SE = 0.03134 bit/s/Hz
19852[UE 5 | RB 1] Throughput = 0.87360 Mbps | SE = 0.02289 bit/s/Hz
19952[UE 5 | RB 1] Throughput = 1.07700 Mbps | SE = 0.02822 bit/s/Hz
20053[UE 5 | RB 1] Throughput = 1.07620 Mbps | SE = 0.02820 bit/s/Hz
20162[UE 5 | RB 1] Throughput = 1.31123 Mbps | SE = 0.03436 bit/s/Hz
20262[UE 5 | RB 1] Throughput = 0.59913 Mbps | SE = 0.01570 bit/s/Hz
20362[UE 5 | RB 1] Throughput = 1.31669 Mbps | SE = 0.03450 bit/s/Hz
20463[UE 5 | RB 1] Throughput = 0.83728 Mbps | SE = 0.02194 bit/s/Hz
20572[UE 5 | RB 1] Throughput = 0.98335 Mbps | SE = 0.02577 bit/s/Hz
20672[UE 5 | RB 1] Throughput = 1.43573 Mbps | SE = 0.03762 bit/s/Hz
20782[UE 5 | RB 1] Throughput = 1.09090 Mbps | SE = 0.02859 bit/s/Hz
20882[UE 5 | RB 1] Throughput = 1.07761 Mbps | SE = 0.02824 bit/s/Hz
20992[UE 5 | RB 1] Throughput = 0.98108 Mbps | SE = 0.02571 bit/s/Hz
21092[UE 5 | RB 1] Throughput = 1.07719 Mbps | SE = 0.02823 bit/s/Hz
21203[UE 5 | RB 1] Throughput = 0.97896 Mbps | SE = 0.02565 bit/s/Hz
21312[UE 5 | RB 1] Throughput = 1.30943 Mbps | SE = 0.03431 bit/s/Hz
21422[UE 5 | RB 1] Throughput = 0.98238 Mbps | SE = 0.02574 bit/s/Hz
21522[UE 5 | RB 1] Throughput = 1.19682 Mbps | SE = 0.03136 bit/s/Hz
21622[UE 5 | RB 1] Throughput = 0.59913 Mbps | SE = 0.01570 bit/s/Hz
21723[UE 5 | RB 1] Throughput = 1.31524 Mbps | SE = 0.03447 bit/s/Hz
21833[UE 5 | RB 1] Throughput = 1.09075 Mbps | SE = 0.02858 bit/s/Hz
21942[UE 5 | RB 1] Throughput = 1.20052 Mbps | SE = 0.03146 bit/s/Hz
22052[UE 5 | RB 1] Throughput = 1.08889 Mbps | SE = 0.02853 bit/s/Hz
22153[UE 5 | RB 1] Throughput = 0.59843 Mbps | SE = 0.01568 bit/s/Hz
22262[UE 5 | RB 1] Throughput = 1.30905 Mbps | SE = 0.03430 bit/s/Hz
22372[UE 5 | RB 1] Throughput = 1.09017 Mbps | SE = 0.02857 bit/s/Hz
22472[UE 5 | RB 1] Throughput = 1.07798 Mbps | SE = 0.02825 bit/s/Hz
22582[UE 5 | RB 1] Throughput = 1.19762 Mbps | SE = 0.03138 bit/s/Hz
22683[UE 5 | RB 1] Throughput = 0.83756 Mbps | SE = 0.02195 bit/s/Hz
22792[UE 5 | RB 1] Throughput = 0.98421 Mbps | SE = 0.02579 bit/s/Hz
22902[UE 5 | RB 1] Throughput = 0.98011 Mbps | SE = 0.02568 bit/s/Hz
23012[UE 5 | RB 1] Throughput = 1.19877 Mbps | SE = 0.03141 bit/s/Hz
23112[UE 5 | RB 1] Throughput = 1.19737 Mbps | SE = 0.03138 bit/s/Hz
23222[UE 5 | RB 1] Throughput = 0.76319 Mbps | SE = 0.02000 bit/s/Hz
23332[UE 5 | RB 1] Throughput = 1.30740 Mbps | SE = 0.03426 bit/s/Hz
23432[UE 5 | RB 1] Throughput = 1.31447 Mbps | SE = 0.03445 bit/s/Hz
23532[UE 5 | RB 1] Throughput = 0.83885 Mbps | SE = 0.02198 bit/s/Hz
23642[UE 5 | RB 1] Throughput = 1.20194 Mbps | SE = 0.03150 bit/s/Hz
23742[UE 5 | RB 1] Throughput = 0.71800 Mbps | SE = 0.01882 bit/s/Hz
23842[UE 5 | RB 1] Throughput = 1.31771 Mbps | SE = 0.03453 bit/s/Hz
23942[UE 5 | RB 1] Throughput = 1.31586 Mbps | SE = 0.03448 bit/s/Hz
24052[UE 5 | RB 1] Throughput = 0.87244 Mbps | SE = 0.02286 bit/s/Hz
24153[UE 5 | RB 1] Throughput = 0.95755 Mbps | SE = 0.02509 bit/s/Hz
24253[UE 5 | RB 1] Throughput = 1.31326 Mbps | SE = 0.03441 bit/s/Hz
24363[UE 5 | RB 1] Throughput = 0.65505 Mbps | SE = 0.01717 bit/s/Hz
24472[UE 5 | RB 1] Throughput = 1.20079 Mbps | SE = 0.03147 bit/s/Hz
24573[UE 5 | RB 1] Throughput = 1.07659 Mbps | SE = 0.02821 bit/s/Hz
24682[UE 5 | RB 1] Throughput = 1.09160 Mbps | SE = 0.02861 bit/s/Hz
24782[UE 5 | RB 1] Throughput = 1.19751 Mbps | SE = 0.03138 bit/s/Hz
24893[UE 5 | RB 1] Throughput = 0.98006 Mbps | SE = 0.02568 bit/s/Hz
25003[UE 5 | RB 1] Throughput = 1.19753 Mbps | SE = 0.03138 bit/s/Hz
25113[UE 5 | RB 1] Throughput = 1.19958 Mbps | SE = 0.03144 bit/s/Hz
25222[UE 5 | RB 1] Throughput = 0.87235 Mbps | SE = 0.02286 bit/s/Hz
25332[UE 5 | RB 1] Throughput = 0.98022 Mbps | SE = 0.02569 bit/s/Hz
25433[UE 5 | RB 1] Throughput = 1.19647 Mbps | SE = 0.03135 bit/s/Hz
25542[UE 5 | RB 1] Throughput = 1.09121 Mbps | SE = 0.02860 bit/s/Hz
25652[UE 5 | RB 1] Throughput = 1.08945 Mbps | SE = 0.02855 bit/s/Hz
25762[UE 5 | RB 1] Throughput = 0.98197 Mbps | SE = 0.02573 bit/s/Hz
25862[UE 5 | RB 1] Throughput = 1.19784 Mbps | SE = 0.03139 bit/s/Hz
25962[UE 5 | RB 1] Throughput = 0.83746 Mbps | SE = 0.02195 bit/s/Hz
26073[UE 5 | RB 1] Throughput = 1.19374 Mbps | SE = 0.03128 bit/s/Hz
26182[UE 5 | RB 1] Throughput = 1.09364 Mbps | SE = 0.02866 bit/s/Hz
26282[UE 5 | RB 1] Throughput = 1.07841 Mbps | SE = 0.02826 bit/s/Hz
26392[UE 5 | RB 1] Throughput = 1.08986 Mbps | SE = 0.02856 bit/s/Hz
26502[UE 5 | RB 1] Throughput = 1.09133 Mbps | SE = 0.02860 bit/s/Hz
26602[UE 5 | RB 1] Throughput = 1.07730 Mbps | SE = 0.02823 bit/s/Hz
26702[UE 5 | RB 1] Throughput = 0.83859 Mbps | SE = 0.02198 bit/s/Hz
26812[UE 5 | RB 1] Throughput = 1.19953 Mbps | SE = 0.03143 bit/s/Hz
26912[UE 5 | RB 1] Throughput = 1.31725 Mbps | SE = 0.03452 bit/s/Hz
27022[UE 5 | RB 1] Throughput = 0.65322 Mbps | SE = 0.01712 bit/s/Hz
27123[UE 5 | RB 1] Throughput = 1.31657 Mbps | SE = 0.03450 bit/s/Hz
27233[UE 5 | RB 1] Throughput = 1.19867 Mbps | SE = 0.03141 bit/s/Hz
27343[UE 5 | RB 1] Throughput = 0.97957 Mbps | SE = 0.02567 bit/s/Hz
27453[UE 5 | RB 1] Throughput = 0.65374 Mbps | SE = 0.01713 bit/s/Hz
27563[UE 5 | RB 1] Throughput = 1.19999 Mbps | SE = 0.03145 bit/s/Hz
27663[UE 5 | RB 1] Throughput = 1.31766 Mbps | SE = 0.03453 bit/s/Hz
27763[UE 5 | RB 1] Throughput = 0.59919 Mbps | SE = 0.01570 bit/s/Hz
27873[UE 5 | RB 1] Throughput = 1.30760 Mbps | SE = 0.03427 bit/s/Hz
27982[UE 5 | RB 1] Throughput = 0.98140 Mbps | SE = 0.02572 bit/s/Hz
28083[UE 5 | RB 1] Throughput = 1.43412 Mbps | SE = 0.03758 bit/s/Hz
28192[UE 5 | RB 1] Throughput = 0.98349 Mbps | SE = 0.02577 bit/s/Hz
28292[UE 5 | RB 1] Throughput = 0.95773 Mbps | SE = 0.02510 bit/s/Hz
28402[UE 5 | RB 1] Throughput = 0.98088 Mbps | SE = 0.02570 bit/s/Hz
28503[UE 5 | RB 1] Throughput = 1.31741 Mbps | SE = 0.03452 bit/s/Hz
28603[UE 5 | RB 1] Throughput = 0.95723 Mbps | SE = 0.02508 bit/s/Hz
28712[UE 5 | RB 1] Throughput = 1.09173 Mbps | SE = 0.02861 bit/s/Hz
28812[UE 5 | RB 1] Throughput = 1.07789 Mbps | SE = 0.02825 bit/s/Hz
28922[UE 5 | RB 1] Throughput = 1.09008 Mbps | SE = 0.02857 bit/s/Hz
29022[UE 5 | RB 1] Throughput = 0.95827 Mbps | SE = 0.02511 bit/s/Hz
29133[UE 5 | RB 1] Throughput = 1.19712 Mbps | SE = 0.03137 bit/s/Hz
29243[UE 5 | RB 1] Throughput = 1.19888 Mbps | SE = 0.03142 bit/s/Hz
29343[UE 5 | RB 1] Throughput = 1.07431 Mbps | SE = 0.02815 bit/s/Hz
29452[UE 5 | RB 1] Throughput = 0.76690 Mbps | SE = 0.02010 bit/s/Hz
29553[UE 5 | RB 1] Throughput = 1.31277 Mbps | SE = 0.03440 bit/s/Hz
29663[UE 5 | RB 1] Throughput = 1.20068 Mbps | SE = 0.03146 bit/s/Hz
29763[UE 5 | RB 1] Throughput = 0.59845 Mbps | SE = 0.01568 bit/s/Hz
29872[UE 5 | RB 1] Throughput = 1.20143 Mbps | SE = 0.03148 bit/s/Hz
29983[UE 5 | RB 1] Throughput = 1.30583 Mbps | SE = 0.03422 bit/s/Hz
30092[UE 5 | RB 1] Throughput = 0.65534 Mbps | SE = 0.01717 bit/s/Hz
30203[UE 5 | RB 1] Throughput = 1.30352 Mbps | SE = 0.03416 bit/s/Hz
30312[UE 5 | RB 1] Throughput = 1.09177 Mbps | SE = 0.02861 bit/s/Hz
30412[UE 5 | RB 1] Throughput = 0.95805 Mbps | SE = 0.02511 bit/s/Hz
30523[UE 5 | RB 1] Throughput = 1.30541 Mbps | SE = 0.03421 bit/s/Hz
30633[UE 5 | RB 1] Throughput = 1.08943 Mbps | SE = 0.02855 bit/s/Hz
30743[UE 5 | RB 1] Throughput = 0.65285 Mbps | SE = 0.01711 bit/s/Hz
30852[UE 5 | RB 1] Throughput = 1.20104 Mbps | SE = 0.03147 bit/s/Hz
30953[UE 5 | RB 1] Throughput = 1.31761 Mbps | SE = 0.03453 bit/s/Hz
31063[UE 5 | RB 1] Throughput = 0.97924 Mbps | SE = 0.02566 bit/s/Hz
31163[UE 5 | RB 1] Throughput = 0.95631 Mbps | SE = 0.02506 bit/s/Hz
31273[UE 5 | RB 1] Throughput = 1.31037 Mbps | SE = 0.03434 bit/s/Hz
31383[UE 5 | RB 1] Throughput = 1.09018 Mbps | SE = 0.02857 bit/s/Hz
31483[UE 5 | RB 1] Throughput = 0.71771 Mbps | SE = 0.01881 bit/s/Hz
31593[UE 5 | RB 1] Throughput = 1.20117 Mbps | SE = 0.03148 bit/s/Hz
31693[UE 5 | RB 1] Throughput = 1.07751 Mbps | SE = 0.02824 bit/s/Hz
31793[UE 5 | RB 1] Throughput = 0.95871 Mbps | SE = 0.02512 bit/s/Hz
31903[UE 5 | RB 1] Throughput = 1.19893 Mbps | SE = 0.03142 bit/s/Hz
32003[UE 5 | RB 1] Throughput = 0.83813 Mbps | SE = 0.02196 bit/s/Hz
32113[UE 5 | RB 1] Throughput = 1.09016 Mbps | SE = 0.02857 bit/s/Hz
32223[UE 5 | RB 1] Throughput = 1.08924 Mbps | SE = 0.02854 bit/s/Hz
32332[UE 5 | RB 1] Throughput = 1.31063 Mbps | SE = 0.03435 bit/s/Hz
32433[UE 5 | RB 1] Throughput = 0.71661 Mbps | SE = 0.01878 bit/s/Hz
32543[UE 5 | RB 1] Throughput = 0.98150 Mbps | SE = 0.02572 bit/s/Hz
32643[UE 5 | RB 1] Throughput = 1.19570 Mbps | SE = 0.03133 bit/s/Hz
32752[UE 5 | RB 1] Throughput = 1.20185 Mbps | SE = 0.03150 bit/s/Hz
32853[UE 5 | RB 1] Throughput = 0.83822 Mbps | SE = 0.02197 bit/s/Hz
32962[UE 5 | RB 1] Throughput = 1.19934 Mbps | SE = 0.03143 bit/s/Hz
33063[UE 5 | RB 1] Throughput = 1.31548 Mbps | SE = 0.03447 bit/s/Hz
33163[UE 5 | RB 1] Throughput = 1.19818 Mbps | SE = 0.03140 bit/s/Hz
33273[UE 5 | RB 1] Throughput = 0.54549 Mbps | SE = 0.01429 bit/s/Hz
33373[UE 5 | RB 1] Throughput = 1.31752 Mbps | SE = 0.03453 bit/s/Hz
33482[UE 5 | RB 1] Throughput = 1.20039 Mbps | SE = 0.03146 bit/s/Hz
33583[UE 5 | RB 1] Throughput = 1.07701 Mbps | SE = 0.02822 bit/s/Hz
33692[UE 5 | RB 1] Throughput = 1.09066 Mbps | SE = 0.02858 bit/s/Hz
33792[UE 5 | RB 1] Throughput = 0.83837 Mbps | SE = 0.02197 bit/s/Hz
33903[UE 5 | RB 1] Throughput = 0.97951 Mbps | SE = 0.02567 bit/s/Hz
34012[UE 5 | RB 1] Throughput = 1.20168 Mbps | SE = 0.03149 bit/s/Hz
34112[UE 5 | RB 1] Throughput = 1.19644 Mbps | SE = 0.03135 bit/s/Hz
34223[UE 5 | RB 1] Throughput = 1.08709 Mbps | SE = 0.02849 bit/s/Hz
34323[UE 5 | RB 1] Throughput = 1.19824 Mbps | SE = 0.03140 bit/s/Hz
34423[UE 5 | RB 1] Throughput = 0.95820 Mbps | SE = 0.02511 bit/s/Hz
34532[UE 5 | RB 1] Throughput = 1.20238 Mbps | SE = 0.03151 bit/s/Hz
34633[UE 5 | RB 1] Throughput = 0.95644 Mbps | SE = 0.02506 bit/s/Hz
34743[UE 5 | RB 1] Throughput = 0.98169 Mbps | SE = 0.02573 bit/s/Hz
34852[UE 5 | RB 1] Throughput = 1.09084 Mbps | SE = 0.02859 bit/s/Hz
34953[UE 5 | RB 1] Throughput = 0.95716 Mbps | SE = 0.02508 bit/s/Hz
35063[UE 5 | RB 1] Throughput = 1.19658 Mbps | SE = 0.03136 bit/s/Hz
35163[UE 5 | RB 1] Throughput = 0.83876 Mbps | SE = 0.02198 bit/s/Hz
35272[UE 5 | RB 1] Throughput = 1.20141 Mbps | SE = 0.03148 bit/s/Hz
35382[UE 5 | RB 1] Throughput = 0.98044 Mbps | SE = 0.02569 bit/s/Hz
35483[UE 5 | RB 1] Throughput = 1.31686 Mbps | SE = 0.03451 bit/s/Hz
35592[UE 5 | RB 1] Throughput = 0.65461 Mbps | SE = 0.01715 bit/s/Hz
35692[UE 5 | RB 1] Throughput = 1.07851 Mbps | SE = 0.02826 bit/s/Hz
35792[UE 5 | RB 1] Throughput = 1.19808 Mbps | SE = 0.03140 bit/s/Hz
35893[UE 5 | RB 1] Throughput = 1.19692 Mbps | SE = 0.03137 bit/s/Hz
35993[UE 5 | RB 1] Throughput = 1.07755 Mbps | SE = 0.02824 bit/s/Hz
36093[UE 5 | RB 1] Throughput = 1.31462 Mbps | SE = 0.03445 bit/s/Hz
36203[UE 5 | RB 1] Throughput = 0.65404 Mbps | SE = 0.01714 bit/s/Hz
36313[UE 5 | RB 1] Throughput = 1.09055 Mbps | SE = 0.02858 bit/s/Hz
36413[UE 5 | RB 1] Throughput = 1.19805 Mbps | SE = 0.03140 bit/s/Hz
36523[UE 5 | RB 1] Throughput = 1.30871 Mbps | SE = 0.03430 bit/s/Hz
36623[UE 5 | RB 1] Throughput = 0.83855 Mbps | SE = 0.02197 bit/s/Hz
36733[UE 5 | RB 1] Throughput = 1.08944 Mbps | SE = 0.02855 bit/s/Hz
36843[UE 5 | RB 1] Throughput = 1.30870 Mbps | SE = 0.03430 bit/s/Hz
36943[UE 5 | RB 1] Throughput = 0.95705 Mbps | SE = 0.02508 bit/s/Hz
37053[UE 5 | RB 1] Throughput = 1.09132 Mbps | SE = 0.02860 bit/s/Hz
37162[UE 5 | RB 1] Throughput = 0.87247 Mbps | SE = 0.02286 bit/s/Hz
37263[UE 5 | RB 1] Throughput = 1.31650 Mbps | SE = 0.03450 bit/s/Hz
37373[UE 5 | RB 1] Throughput = 0.65398 Mbps | SE = 0.01714 bit/s/Hz
37483[UE 5 | RB 1] Throughput = 1.41641 Mbps | SE = 0.03712 bit/s/Hz
37583[UE 5 | RB 1] Throughput = 1.07655 Mbps | SE = 0.02821 bit/s/Hz
37692[UE 5 | RB 1] Throughput = 1.20202 Mbps | SE = 0.03150 bit/s/Hz
37792[UE 5 | RB 1] Throughput = 0.59855 Mbps | SE = 0.01569 bit/s/Hz
37893[UE 5 | RB 1] Throughput = 1.19803 Mbps | SE = 0.03139 bit/s/Hz
38003[UE 5 | RB 1] Throughput = 1.19784 Mbps | SE = 0.03139 bit/s/Hz
38103[UE 5 | RB 1] Throughput = 1.07796 Mbps | SE = 0.02825 bit/s/Hz
38213[UE 5 | RB 1] Throughput = 0.98141 Mbps | SE = 0.02572 bit/s/Hz
38323[UE 5 | RB 1] Throughput = 1.08880 Mbps | SE = 0.02853 bit/s/Hz
38423[UE 5 | RB 1] Throughput = 1.19772 Mbps | SE = 0.03139 bit/s/Hz
38523[UE 5 | RB 1] Throughput = 0.59842 Mbps | SE = 0.01568 bit/s/Hz
38623[UE 5 | RB 1] Throughput = 1.31616 Mbps | SE = 0.03449 bit/s/Hz
38733[UE 5 | RB 1] Throughput = 1.09263 Mbps | SE = 0.02863 bit/s/Hz
38833[UE 5 | RB 1] Throughput = 1.07662 Mbps | SE = 0.02821 bit/s/Hz
38943[UE 5 | RB 1] Throughput = 0.98192 Mbps | SE = 0.02573 bit/s/Hz
39043[UE 5 | RB 1] Throughput = 1.31385 Mbps | SE = 0.03443 bit/s/Hz
39153[UE 5 | RB 1] Throughput = 1.09121 Mbps | SE = 0.02860 bit/s/Hz
39263[UE 5 | RB 1] Throughput = 0.76265 Mbps | SE = 0.01999 bit/s/Hz
39363[UE 5 | RB 1] Throughput = 1.19832 Mbps | SE = 0.03140 bit/s/Hz
39463[UE 5 | RB 1] Throughput = 1.07806 Mbps | SE = 0.02825 bit/s/Hz
39573[UE 5 | RB 1] Throughput = 1.09119 Mbps | SE = 0.02860 bit/s/Hz
39673[UE 5 | RB 1] Throughput = 1.19273 Mbps | SE = 0.03126 bit/s/Hz
39783[UE 5 | RB 1] Throughput = 1.20059 Mbps | SE = 0.03146 bit/s/Hz
39893[UE 5 | RB 1] Throughput = 0.65415 Mbps | SE = 0.01714 bit/s/Hz
40003[UE 5 | RB 1] Throughput = 1.31142 Mbps | SE = 0.03437 bit/s/Hz
40103[UE 5 | RB 1] Throughput = 0.71841 Mbps | SE = 0.01883 bit/s/Hz
40203[UE 5 | RB 1] Throughput = 1.31820 Mbps | SE = 0.03454 bit/s/Hz
40313[UE 5 | RB 1] Throughput = 0.98079 Mbps | SE = 0.02570 bit/s/Hz
40413[UE 5 | RB 1] Throughput = 1.19071 Mbps | SE = 0.03120 bit/s/Hz
40523[UE 5 | RB 1] Throughput = 1.20286 Mbps | SE = 0.03152 bit/s/Hz
40633[UE 5 | RB 1] Throughput = 1.09090 Mbps | SE = 0.02859 bit/s/Hz
40743[UE 5 | RB 1] Throughput = 0.87263 Mbps | SE = 0.02287 bit/s/Hz
40843[UE 5 | RB 1] Throughput = 1.19729 Mbps | SE = 0.03138 bit/s/Hz
40943[UE 5 | RB 1] Throughput = 0.83670 Mbps | SE = 0.02193 bit/s/Hz
41053[UE 5 | RB 1] Throughput = 1.09171 Mbps | SE = 0.02861 bit/s/Hz
41153[UE 5 | RB 1] Throughput = 1.19741 Mbps | SE = 0.03138 bit/s/Hz
41253[UE 5 | RB 1] Throughput = 1.31654 Mbps | SE = 0.03450 bit/s/Hz
41363[UE 5 | RB 1] Throughput = 0.98088 Mbps | SE = 0.02570 bit/s/Hz
41463[UE 5 | RB 1] Throughput = 1.19690 Mbps | SE = 0.03137 bit/s/Hz
41563[UE 5 | RB 1] Throughput = 0.59904 Mbps | SE = 0.01570 bit/s/Hz
41663[UE 5 | RB 1] Throughput = 1.31557 Mbps | SE = 0.03448 bit/s/Hz
41773[UE 5 | RB 1] Throughput = 1.20153 Mbps | SE = 0.03149 bit/s/Hz
41883[UE 5 | RB 1] Throughput = 0.76454 Mbps | SE = 0.02004 bit/s/Hz
41993[UE 5 | RB 1] Throughput = 1.30555 Mbps | SE = 0.03421 bit/s/Hz
42103[UE 5 | RB 1] Throughput = 0.97878 Mbps | SE = 0.02565 bit/s/Hz
42213[UE 5 | RB 1] Throughput = 0.98289 Mbps | SE = 0.02576 bit/s/Hz
42323[UE 5 | RB 1] Throughput = 1.30784 Mbps | SE = 0.03427 bit/s/Hz
42433[UE 5 | RB 1] Throughput = 0.87169 Mbps | SE = 0.02284 bit/s/Hz
42543[UE 5 | RB 1] Throughput = 0.97855 Mbps | SE = 0.02564 bit/s/Hz
42653[UE 5 | RB 1] Throughput = 1.31153 Mbps | SE = 0.03437 bit/s/Hz
42763[UE 5 | RB 1] Throughput = 0.65361 Mbps | SE = 0.01713 bit/s/Hz
42872[UE 5 | RB 1] Throughput = 1.19925 Mbps | SE = 0.03143 bit/s/Hz
42972[UE 5 | RB 1] Throughput = 1.19816 Mbps | SE = 0.03140 bit/s/Hz
43082[UE 5 | RB 1] Throughput = 1.09071 Mbps | SE = 0.02858 bit/s/Hz
43182[UE 5 | RB 1] Throughput = 0.83837 Mbps | SE = 0.02197 bit/s/Hz
43293[UE 5 | RB 1] Throughput = 1.41275 Mbps | SE = 0.03702 bit/s/Hz
43403[UE 5 | RB 1] Throughput = 0.98210 Mbps | SE = 0.02574 bit/s/Hz
43513[UE 5 | RB 1] Throughput = 0.98024 Mbps | SE = 0.02569 bit/s/Hz
43613[UE 5 | RB 1] Throughput = 1.19821 Mbps | SE = 0.03140 bit/s/Hz
43713[UE 5 | RB 1] Throughput = 0.83808 Mbps | SE = 0.02196 bit/s/Hz
43813[UE 5 | RB 1] Throughput = 1.31688 Mbps | SE = 0.03451 bit/s/Hz
43923[UE 5 | RB 1] Throughput = 1.19875 Mbps | SE = 0.03141 bit/s/Hz
44033[UE 5 | RB 1] Throughput = 0.65474 Mbps | SE = 0.01716 bit/s/Hz
44133[UE 5 | RB 1] Throughput = 1.31595 Mbps | SE = 0.03449 bit/s/Hz
44233[UE 5 | RB 1] Throughput = 1.19735 Mbps | SE = 0.03138 bit/s/Hz
44343[UE 5 | RB 1] Throughput = 0.98163 Mbps | SE = 0.02572 bit/s/Hz
44443[UE 5 | RB 1] Throughput = 0.83706 Mbps | SE = 0.02194 bit/s/Hz
44553[UE 5 | RB 1] Throughput = 1.30854 Mbps | SE = 0.03429 bit/s/Hz
44663[UE 5 | RB 1] Throughput = 1.09024 Mbps | SE = 0.02857 bit/s/Hz
44763[UE 5 | RB 1] Throughput = 0.71888 Mbps | SE = 0.01884 bit/s/Hz
44863[UE 5 | RB 1] Throughput = 1.31740 Mbps | SE = 0.03452 bit/s/Hz
44973[UE 5 | RB 1] Throughput = 1.09119 Mbps | SE = 0.02860 bit/s/Hz
45073[UE 5 | RB 1] Throughput = 1.19757 Mbps | SE = 0.03138 bit/s/Hz
45173[UE 5 | RB 1] Throughput = 0.71888 Mbps | SE = 0.01884 bit/s/Hz
45283[UE 5 | RB 1] Throughput = 1.19806 Mbps | SE = 0.03140 bit/s/Hz
45383[UE 5 | RB 1] Throughput = 1.19521 Mbps | SE = 0.03132 bit/s/Hz
45493[UE 5 | RB 1] Throughput = 1.09025 Mbps | SE = 0.02857 bit/s/Hz
45593[UE 5 | RB 1] Throughput = 1.07338 Mbps | SE = 0.02813 bit/s/Hz
45703[UE 5 | RB 1] Throughput = 1.09506 Mbps | SE = 0.02870 bit/s/Hz
45803[UE 5 | RB 1] Throughput = 0.83812 Mbps | SE = 0.02196 bit/s/Hz
45903[UE 5 | RB 1] Throughput = 1.19731 Mbps | SE = 0.03138 bit/s/Hz
46013[UE 5 | RB 1] Throughput = 1.09131 Mbps | SE = 0.02860 bit/s/Hz
46123[UE 5 | RB 1] Throughput = 1.08918 Mbps | SE = 0.02854 bit/s/Hz
46223[UE 5 | RB 1] Throughput = 0.71854 Mbps | SE = 0.01883 bit/s/Hz
46333[UE 5 | RB 1] Throughput = 1.42064 Mbps | SE = 0.03723 bit/s/Hz
46433[UE 5 | RB 1] Throughput = 0.95741 Mbps | SE = 0.02509 bit/s/Hz
46543[UE 5 | RB 1] Throughput = 1.19812 Mbps | SE = 0.03140 bit/s/Hz
46643[UE 5 | RB 1] Throughput = 1.19827 Mbps | SE = 0.03140 bit/s/Hz
46753[UE 5 | RB 1] Throughput = 0.87176 Mbps | SE = 0.02284 bit/s/Hz
46863[UE 5 | RB 1] Throughput = 0.86900 Mbps | SE = 0.02277 bit/s/Hz
46973[UE 5 | RB 1] Throughput = 1.31218 Mbps | SE = 0.03439 bit/s/Hz
47083[UE 5 | RB 1] Throughput = 1.19641 Mbps | SE = 0.03135 bit/s/Hz
47193[UE 5 | RB 1] Throughput = 0.54522 Mbps | SE = 0.01429 bit/s/Hz
47303[UE 5 | RB 1] Throughput = 1.19917 Mbps | SE = 0.03142 bit/s/Hz
47403[UE 5 | RB 1] Throughput = 1.31491 Mbps | SE = 0.03446 bit/s/Hz
47513[UE 5 | RB 1] Throughput = 1.19991 Mbps | SE = 0.03144 bit/s/Hz
47613[UE 5 | RB 1] Throughput = 1.07688 Mbps | SE = 0.02822 bit/s/Hz
47723[UE 5 | RB 1] Throughput = 0.98161 Mbps | SE = 0.02572 bit/s/Hz
47833[UE 5 | RB 1] Throughput = 1.19929 Mbps | SE = 0.03143 bit/s/Hz
47943[UE 5 | RB 1] Throughput = 0.65443 Mbps | SE = 0.01715 bit/s/Hz
48043[UE 5 | RB 1] Throughput = 1.31203 Mbps | SE = 0.03438 bit/s/Hz
48153[UE 5 | RB 1] Throughput = 1.19888 Mbps | SE = 0.03142 bit/s/Hz
48263[UE 5 | RB 1] Throughput = 0.87352 Mbps | SE = 0.02289 bit/s/Hz
48373[UE 5 | RB 1] Throughput = 1.08937 Mbps | SE = 0.02855 bit/s/Hz
48473[UE 5 | RB 1] Throughput = 0.95827 Mbps | SE = 0.02511 bit/s/Hz
48583[UE 5 | RB 1] Throughput = 1.30783 Mbps | SE = 0.03427 bit/s/Hz
48683[UE 5 | RB 1] Throughput = 0.59873 Mbps | SE = 0.01569 bit/s/Hz
48793[UE 5 | RB 1] Throughput = 1.30783 Mbps | SE = 0.03427 bit/s/Hz
48903[UE 5 | RB 1] Throughput = 1.09065 Mbps | SE = 0.02858 bit/s/Hz
49003[UE 5 | RB 1] Throughput = 0.95759 Mbps | SE = 0.02509 bit/s/Hz
49103[UE 5 | RB 1] Throughput = 1.19695 Mbps | SE = 0.03137 bit/s/Hz
49213[UE 5 | RB 1] Throughput = 1.09100 Mbps | SE = 0.02859 bit/s/Hz
49313[UE 5 | RB 1] Throughput = 0.95793 Mbps | SE = 0.02510 bit/s/Hz
49423[UE 5 | RB 1] Throughput = 1.30851 Mbps | SE = 0.03429 bit/s/Hz
49533[UE 5 | RB 1] Throughput = 0.65374 Mbps | SE = 0.01713 bit/s/Hz
49633[UE 5 | RB 1] Throughput = 1.43557 Mbps | SE = 0.03762 bit/s/Hz
49743[UE 5 | RB 1] Throughput = 0.76445 Mbps | SE = 0.02003 bit/s/Hz
49853[UE 5 | RB 1] Throughput = 1.19552 Mbps | SE = 0.03133 bit/s/Hz
49963[UE 5 | RB 1] Throughput = 1.30859 Mbps | SE = 0.03429 bit/s/Hz
50073[UE 5 | RB 1] Throughput = 1.09009 Mbps | SE = 0.02857 bit/s/Hz
50173[UE 5 | RB 1] Throughput = 0.71872 Mbps | SE = 0.01883 bit/s/Hz
50283[UE 5 | RB 1] Throughput = 1.30971 Mbps | SE = 0.03432 bit/s/Hz
50383[UE 5 | RB 1] Throughput = 0.83716 Mbps | SE = 0.02194 bit/s/Hz
50483[UE 5 | RB 1] Throughput = 1.19835 Mbps | SE = 0.03140 bit/s/Hz
50583[UE 5 | RB 1] Throughput = 1.07744 Mbps | SE = 0.02823 bit/s/Hz
50693[UE 5 | RB 1] Throughput = 1.19855 Mbps | SE = 0.03141 bit/s/Hz
50803[UE 5 | RB 1] Throughput = 1.09168 Mbps | SE = 0.02861 bit/s/Hz
50913[UE 5 | RB 1] Throughput = 1.08986 Mbps | SE = 0.02856 bit/s/Hz
51013[UE 5 | RB 1] Throughput = 0.95741 Mbps | SE = 0.02509 bit/s/Hz
51113[UE 5 | RB 1] Throughput = 0.71853 Mbps | SE = 0.01883 bit/s/Hz
51223[UE 5 | RB 1] Throughput = 1.30754 Mbps | SE = 0.03426 bit/s/Hz
51323[UE 5 | RB 1] Throughput = 1.19810 Mbps | SE = 0.03140 bit/s/Hz
51423[UE 5 | RB 1] Throughput = 1.07792 Mbps | SE = 0.02825 bit/s/Hz
51533[UE 5 | RB 1] Throughput = 0.98278 Mbps | SE = 0.02575 bit/s/Hz
51643[UE 5 | RB 1] Throughput = 1.08474 Mbps | SE = 0.02843 bit/s/Hz
51753[UE 5 | RB 1] Throughput = 1.09386 Mbps | SE = 0.02867 bit/s/Hz
51853[UE 5 | RB 1] Throughput = 0.71841 Mbps | SE = 0.01883 bit/s/Hz
51953[UE 5 | RB 1] Throughput = 1.31724 Mbps | SE = 0.03452 bit/s/Hz
52063[UE 5 | RB 1] Throughput = 1.09116 Mbps | SE = 0.02859 bit/s/Hz
52163[UE 5 | RB 1] Throughput = 1.19773 Mbps | SE = 0.03139 bit/s/Hz
52263[UE 5 | RB 1] Throughput = 1.19643 Mbps | SE = 0.03135 bit/s/Hz
52363[UE 5 | RB 1] Throughput = 0.83668 Mbps | SE = 0.02193 bit/s/Hz
52473[UE 5 | RB 1] Throughput = 1.20167 Mbps | SE = 0.03149 bit/s/Hz
52583[UE 5 | RB 1] Throughput = 0.76054 Mbps | SE = 0.01993 bit/s/Hz
52693[UE 5 | RB 1] Throughput = 0.98327 Mbps | SE = 0.02577 bit/s/Hz
52793[UE 5 | RB 1] Throughput = 1.43541 Mbps | SE = 0.03762 bit/s/Hz
52903[UE 5 | RB 1] Throughput = 0.98441 Mbps | SE = 0.02580 bit/s/Hz
53003[UE 5 | RB 1] Throughput = 1.07733 Mbps | SE = 0.02823 bit/s/Hz
53103[UE 5 | RB 1] Throughput = 0.71689 Mbps | SE = 0.01879 bit/s/Hz
53213[UE 5 | RB 1] Throughput = 1.31252 Mbps | SE = 0.03440 bit/s/Hz
53313[UE 5 | RB 1] Throughput = 1.31804 Mbps | SE = 0.03454 bit/s/Hz
53413[UE 5 | RB 1] Throughput = 0.71836 Mbps | SE = 0.01883 bit/s/Hz
53523[UE 5 | RB 1] Throughput = 1.30609 Mbps | SE = 0.03423 bit/s/Hz
53633[UE 5 | RB 1] Throughput = 1.20050 Mbps | SE = 0.03146 bit/s/Hz
53733[UE 5 | RB 1] Throughput = 0.71866 Mbps | SE = 0.01883 bit/s/Hz
53843[UE 5 | RB 1] Throughput = 1.19851 Mbps | SE = 0.03141 bit/s/Hz
53943[UE 5 | RB 1] Throughput = 1.19557 Mbps | SE = 0.03133 bit/s/Hz
54053[UE 5 | RB 1] Throughput = 0.76268 Mbps | SE = 0.01999 bit/s/Hz
54163[UE 5 | RB 1] Throughput = 1.19663 Mbps | SE = 0.03136 bit/s/Hz
54273[UE 5 | RB 1] Throughput = 1.31111 Mbps | SE = 0.03436 bit/s/Hz
54373[UE 5 | RB 1] Throughput = 0.83807 Mbps | SE = 0.02196 bit/s/Hz
54483[UE 5 | RB 1] Throughput = 1.19883 Mbps | SE = 0.03142 bit/s/Hz
54583[UE 5 | RB 1] Throughput = 1.07578 Mbps | SE = 0.02819 bit/s/Hz
54683[UE 5 | RB 1] Throughput = 1.07448 Mbps | SE = 0.02816 bit/s/Hz
54793[UE 5 | RB 1] Throughput = 0.98393 Mbps | SE = 0.02578 bit/s/Hz
54903[UE 5 | RB 1] Throughput = 0.76518 Mbps | SE = 0.02005 bit/s/Hz
55003[UE 5 | RB 1] Throughput = 1.31322 Mbps | SE = 0.03441 bit/s/Hz
55113[UE 5 | RB 1] Throughput = 1.08890 Mbps | SE = 0.02854 bit/s/Hz
55223[UE 5 | RB 1] Throughput = 1.09168 Mbps | SE = 0.02861 bit/s/Hz
55323[UE 5 | RB 1] Throughput = 1.07673 Mbps | SE = 0.02822 bit/s/Hz
55433[UE 5 | RB 1] Throughput = 0.87541 Mbps | SE = 0.02294 bit/s/Hz
55533[UE 5 | RB 1] Throughput = 1.43575 Mbps | SE = 0.03762 bit/s/Hz
55643[UE 5 | RB 1] Throughput = 1.08781 Mbps | SE = 0.02851 bit/s/Hz
55753[UE 5 | RB 1] Throughput = 0.65370 Mbps | SE = 0.01713 bit/s/Hz
55863[UE 5 | RB 1] Throughput = 1.19807 Mbps | SE = 0.03140 bit/s/Hz
55963[UE 5 | RB 1] Throughput = 0.95519 Mbps | SE = 0.02503 bit/s/Hz
56073[UE 5 | RB 1] Throughput = 1.31426 Mbps | SE = 0.03444 bit/s/Hz
56183[UE 5 | RB 1] Throughput = 0.97628 Mbps | SE = 0.02558 bit/s/Hz
56293[UE 5 | RB 1] Throughput = 0.98503 Mbps | SE = 0.02581 bit/s/Hz
56393[UE 5 | RB 1] Throughput = 1.31273 Mbps | SE = 0.03440 bit/s/Hz
56503[UE 5 | RB 1] Throughput = 0.98509 Mbps | SE = 0.02581 bit/s/Hz
56612[UE 5 | RB 1] Throughput = 1.09113 Mbps | SE = 0.02859 bit/s/Hz
56713[UE 5 | RB 1] Throughput = 1.19515 Mbps | SE = 0.03132 bit/s/Hz
56813[UE 5 | RB 1] Throughput = 0.95786 Mbps | SE = 0.02510 bit/s/Hz
56923[UE 5 | RB 1] Throughput = 1.09111 Mbps | SE = 0.02859 bit/s/Hz
57023[UE 5 | RB 1] Throughput = 0.95812 Mbps | SE = 0.02511 bit/s/Hz
57123[UE 5 | RB 1] Throughput = 0.95423 Mbps | SE = 0.02501 bit/s/Hz
57233[UE 5 | RB 1] Throughput = 0.87377 Mbps | SE = 0.02290 bit/s/Hz
57343[UE 5 | RB 1] Throughput = 1.52549 Mbps | SE = 0.03998 bit/s/Hz
57443[UE 5 | RB 1] Throughput = 0.95862 Mbps | SE = 0.02512 bit/s/Hz
57553[UE 5 | RB 1] Throughput = 1.08966 Mbps | SE = 0.02856 bit/s/Hz
57663[UE 5 | RB 1] Throughput = 1.08886 Mbps | SE = 0.02853 bit/s/Hz
57773[UE 5 | RB 1] Throughput = 1.20058 Mbps | SE = 0.03146 bit/s/Hz
57873[UE 5 | RB 1] Throughput = 0.59874 Mbps | SE = 0.01569 bit/s/Hz
57973[UE 5 | RB 1] Throughput = 1.31807 Mbps | SE = 0.03454 bit/s/Hz
58083[UE 5 | RB 1] Throughput = 1.08600 Mbps | SE = 0.02846 bit/s/Hz
58193[UE 5 | RB 1] Throughput = 1.09240 Mbps | SE = 0.02863 bit/s/Hz
58303[UE 5 | RB 1] Throughput = 1.09024 Mbps | SE = 0.02857 bit/s/Hz
58403[UE 5 | RB 1] Throughput = 1.07629 Mbps | SE = 0.02820 bit/s/Hz
58513[UE 5 | RB 1] Throughput = 0.98371 Mbps | SE = 0.02578 bit/s/Hz
58613[UE 5 | RB 1] Throughput = 1.31581 Mbps | SE = 0.03448 bit/s/Hz
58723[UE 5 | RB 1] Throughput = 0.98099 Mbps | SE = 0.02571 bit/s/Hz
58833[UE 5 | RB 1] Throughput = 1.09159 Mbps | SE = 0.02861 bit/s/Hz
58933[UE 5 | RB 1] Throughput = 0.59743 Mbps | SE = 0.01566 bit/s/Hz
59033[UE 5 | RB 1] Throughput = 1.31745 Mbps | SE = 0.03452 bit/s/Hz
59133[UE 5 | RB 1] Throughput = 1.07827 Mbps | SE = 0.02826 bit/s/Hz
59243[UE 5 | RB 1] Throughput = 1.08897 Mbps | SE = 0.02854 bit/s/Hz
59353[UE 5 | RB 1] Throughput = 0.87229 Mbps | SE = 0.02286 bit/s/Hz
59463[UE 5 | RB 1] Throughput = 1.19554 Mbps | SE = 0.03133 bit/s/Hz
59563[UE 5 | RB 1] Throughput = 1.31779 Mbps | SE = 0.03453 bit/s/Hz
59673[UE 5 | RB 1] Throughput = 0.87350 Mbps | SE = 0.02289 bit/s/Hz
59783[UE 5 | RB 1] Throughput = 1.19819 Mbps | SE = 0.03140 bit/s/Hz
59893[UE 5 | RB 1] Throughput = 1.09073 Mbps | SE = 0.02858 bit/s/Hz
59993[UE 5 | RB 1] Throughput = 0.59903 Mbps | SE = 0.01570 bit/s/Hz
60103[UE 5 | RB 1] Throughput = 1.30921 Mbps | SE = 0.03431 bit/s/Hz
60203[UE 5 | RB 1] Throughput = 0.71652 Mbps | SE = 0.01878 bit/s/Hz
60313[UE 5 | RB 1] Throughput = 1.30997 Mbps | SE = 0.03433 bit/s/Hz
60423[UE 5 | RB 1] Throughput = 1.08898 Mbps | SE = 0.02854 bit/s/Hz
60523[UE 5 | RB 1] Throughput = 1.19727 Mbps | SE = 0.03138 bit/s/Hz
60633[UE 5 | RB 1] Throughput = 1.09015 Mbps | SE = 0.02857 bit/s/Hz
60733[UE 5 | RB 1] Throughput = 1.19621 Mbps | SE = 0.03135 bit/s/Hz
60843[UE 5 | RB 1] Throughput = 1.08821 Mbps | SE = 0.02852 bit/s/Hz
60943[UE 5 | RB 1] Throughput = 1.19767 Mbps | SE = 0.03139 bit/s/Hz
61053[UE 5 | RB 1] Throughput = 0.54674 Mbps | SE = 0.01433 bit/s/Hz
61153[UE 5 | RB 1] Throughput = 1.19247 Mbps | SE = 0.03125 bit/s/Hz
61263[UE 5 | RB 1] Throughput = 1.19928 Mbps | SE = 0.03143 bit/s/Hz
61363[UE 5 | RB 1] Throughput = 0.71903 Mbps | SE = 0.01884 bit/s/Hz
61473[UE 5 | RB 1] Throughput = 1.20196 Mbps | SE = 0.03150 bit/s/Hz
61573[UE 5 | RB 1] Throughput = 1.43274 Mbps | SE = 0.03755 bit/s/Hz
61683[UE 5 | RB 1] Throughput = 0.65426 Mbps | SE = 0.01715 bit/s/Hz
61793[UE 5 | RB 1] Throughput = 1.31335 Mbps | SE = 0.03442 bit/s/Hz
61903[UE 5 | RB 1] Throughput = 1.19579 Mbps | SE = 0.03134 bit/s/Hz
62003[UE 5 | RB 1] Throughput = 0.71839 Mbps | SE = 0.01883 bit/s/Hz
62103[UE 5 | RB 1] Throughput = 1.43705 Mbps | SE = 0.03766 bit/s/Hz
62203[UE 5 | RB 1] Throughput = 0.59858 Mbps | SE = 0.01569 bit/s/Hz
62313[UE 5 | RB 1] Throughput = 1.63467 Mbps | SE = 0.04284 bit/s/Hz
62423[UE 5 | RB 1] Throughput = 0.76564 Mbps | SE = 0.02006 bit/s/Hz
62523[UE 5 | RB 1] Throughput = 1.07615 Mbps | SE = 0.02820 bit/s/Hz
62623[UE 5 | RB 1] Throughput = 1.19767 Mbps | SE = 0.03139 bit/s/Hz
62723[UE 5 | RB 1] Throughput = 0.71853 Mbps | SE = 0.01883 bit/s/Hz
62833[UE 5 | RB 1] Throughput = 1.31025 Mbps | SE = 0.03434 bit/s/Hz
62943[UE 5 | RB 1] Throughput = 0.65500 Mbps | SE = 0.01716 bit/s/Hz
63043[UE 5 | RB 1] Throughput = 1.43365 Mbps | SE = 0.03757 bit/s/Hz
63153[UE 5 | RB 1] Throughput = 1.09049 Mbps | SE = 0.02858 bit/s/Hz
63253[UE 5 | RB 1] Throughput = 1.43600 Mbps | SE = 0.03763 bit/s/Hz
63363[UE 5 | RB 1] Throughput = 0.65444 Mbps | SE = 0.01715 bit/s/Hz
63463[UE 5 | RB 1] Throughput = 1.07585 Mbps | SE = 0.02819 bit/s/Hz
63573[UE 5 | RB 1] Throughput = 1.09198 Mbps | SE = 0.02862 bit/s/Hz
63673[UE 5 | RB 1] Throughput = 1.19769 Mbps | SE = 0.03139 bit/s/Hz
63783[UE 5 | RB 1] Throughput = 1.19756 Mbps | SE = 0.03138 bit/s/Hz
63893[UE 5 | RB 1] Throughput = 0.65385 Mbps | SE = 0.01713 bit/s/Hz
64003[UE 5 | RB 1] Throughput = 1.19812 Mbps | SE = 0.03140 bit/s/Hz
64113[UE 5 | RB 1] Throughput = 1.41947 Mbps | SE = 0.03720 bit/s/Hz
64213[UE 5 | RB 1] Throughput = 0.71728 Mbps | SE = 0.01880 bit/s/Hz
64323[UE 5 | RB 1] Throughput = 1.19912 Mbps | SE = 0.03142 bit/s/Hz
64433[UE 5 | RB 1] Throughput = 1.08870 Mbps | SE = 0.02853 bit/s/Hz
64543[UE 5 | RB 1] Throughput = 1.08936 Mbps | SE = 0.02855 bit/s/Hz
64643[UE 5 | RB 1] Throughput = 1.07651 Mbps | SE = 0.02821 bit/s/Hz
64753[UE 5 | RB 1] Throughput = 1.09048 Mbps | SE = 0.02858 bit/s/Hz
64863[UE 5 | RB 1] Throughput = 1.09237 Mbps | SE = 0.02863 bit/s/Hz
64963[UE 5 | RB 1] Throughput = 1.19822 Mbps | SE = 0.03140 bit/s/Hz
65073[UE 5 | RB 1] Throughput = 0.98272 Mbps | SE = 0.02575 bit/s/Hz
65173[UE 5 | RB 1] Throughput = 0.95748 Mbps | SE = 0.02509 bit/s/Hz
65273[UE 5 | RB 1] Throughput = 1.07855 Mbps | SE = 0.02826 bit/s/Hz
65373[UE 5 | RB 1] Throughput = 0.95776 Mbps | SE = 0.02510 bit/s/Hz
65473[UE 5 | RB 1] Throughput = 1.07725 Mbps | SE = 0.02823 bit/s/Hz
65573[UE 5 | RB 1] Throughput = 1.31755 Mbps | SE = 0.03453 bit/s/Hz
65673[UE 5 | RB 1] Throughput = 1.07805 Mbps | SE = 0.02825 bit/s/Hz
65783[UE 5 | RB 1] Throughput = 0.87190 Mbps | SE = 0.02285 bit/s/Hz
65893[UE 5 | RB 1] Throughput = 1.19865 Mbps | SE = 0.03141 bit/s/Hz
65993[UE 5 | RB 1] Throughput = 1.19753 Mbps | SE = 0.03138 bit/s/Hz
66103[UE 5 | RB 1] Throughput = 0.65455 Mbps | SE = 0.01715 bit/s/Hz
66203[UE 5 | RB 1] Throughput = 1.07619 Mbps | SE = 0.02820 bit/s/Hz
66303[UE 5 | RB 1] Throughput = 1.19820 Mbps | SE = 0.03140 bit/s/Hz
66403[UE 5 | RB 1] Throughput = 1.07743 Mbps | SE = 0.02823 bit/s/Hz
66513[UE 5 | RB 1] Throughput = 0.87178 Mbps | SE = 0.02285 bit/s/Hz
66623[UE 5 | RB 1] Throughput = 1.31285 Mbps | SE = 0.03440 bit/s/Hz
66723[UE 5 | RB 1] Throughput = 1.07640 Mbps | SE = 0.02821 bit/s/Hz
66833[UE 5 | RB 1] Throughput = 1.09005 Mbps | SE = 0.02857 bit/s/Hz
66943[UE 5 | RB 1] Throughput = 1.08819 Mbps | SE = 0.02852 bit/s/Hz
67043[UE 5 | RB 1] Throughput = 0.83880 Mbps | SE = 0.02198 bit/s/Hz
67143[UE 5 | RB 1] Throughput = 1.19693 Mbps | SE = 0.03137 bit/s/Hz
67253[UE 5 | RB 1] Throughput = 1.09141 Mbps | SE = 0.02860 bit/s/Hz
67353[UE 5 | RB 1] Throughput = 1.07814 Mbps | SE = 0.02825 bit/s/Hz
67453[UE 5 | RB 1] Throughput = 1.19790 Mbps | SE = 0.03139 bit/s/Hz
67553[UE 5 | RB 1] Throughput = 0.59915 Mbps | SE = 0.01570 bit/s/Hz
67653[UE 5 | RB 1] Throughput = 1.31679 Mbps | SE = 0.03451 bit/s/Hz
67763[UE 5 | RB 1] Throughput = 1.09186 Mbps | SE = 0.02861 bit/s/Hz
67863[UE 5 | RB 1] Throughput = 1.19805 Mbps | SE = 0.03140 bit/s/Hz
67963[UE 5 | RB 1] Throughput = 1.19683 Mbps | SE = 0.03136 bit/s/Hz
68063[UE 5 | RB 1] Throughput = 0.95742 Mbps | SE = 0.02509 bit/s/Hz
68173[UE 5 | RB 1] Throughput = 0.76338 Mbps | SE = 0.02000 bit/s/Hz
68283[UE 5 | RB 1] Throughput = 1.41585 Mbps | SE = 0.03710 bit/s/Hz
68393[UE 5 | RB 1] Throughput = 1.20097 Mbps | SE = 0.03147 bit/s/Hz
68493[UE 5 | RB 1] Throughput = 0.71881 Mbps | SE = 0.01884 bit/s/Hz
68593[UE 5 | RB 1] Throughput = 1.31544 Mbps | SE = 0.03447 bit/s/Hz
68693[UE 5 | RB 1] Throughput = 1.07715 Mbps | SE = 0.02823 bit/s/Hz
68803[UE 5 | RB 1] Throughput = 1.09273 Mbps | SE = 0.02864 bit/s/Hz
68903[UE 5 | RB 1] Throughput = 1.07720 Mbps | SE = 0.02823 bit/s/Hz
69013[UE 5 | RB 1] Throughput = 0.87278 Mbps | SE = 0.02287 bit/s/Hz
69113[UE 5 | RB 1] Throughput = 1.19632 Mbps | SE = 0.03135 bit/s/Hz
69223[UE 5 | RB 1] Throughput = 0.97891 Mbps | SE = 0.02565 bit/s/Hz
69333[UE 5 | RB 1] Throughput = 1.08957 Mbps | SE = 0.02855 bit/s/Hz
69443[UE 5 | RB 1] Throughput = 1.20179 Mbps | SE = 0.03149 bit/s/Hz
69543[UE 5 | RB 1] Throughput = 0.71859 Mbps | SE = 0.01883 bit/s/Hz
69653[UE 5 | RB 1] Throughput = 1.08949 Mbps | SE = 0.02855 bit/s/Hz
69763[UE 5 | RB 1] Throughput = 1.30815 Mbps | SE = 0.03428 bit/s/Hz
69863[UE 5 | RB 1] Throughput = 1.19751 Mbps | SE = 0.03138 bit/s/Hz
69963[UE 5 | RB 1] Throughput = 0.71676 Mbps | SE = 0.01878 bit/s/Hz
70073[UE 5 | RB 1] Throughput = 0.98247 Mbps | SE = 0.02575 bit/s/Hz
70173[UE 5 | RB 1] Throughput = 1.43649 Mbps | SE = 0.03764 bit/s/Hz
70283[UE 5 | RB 1] Throughput = 0.65635 Mbps | SE = 0.01720 bit/s/Hz
70383[UE 5 | RB 1] Throughput = 1.31309 Mbps | SE = 0.03441 bit/s/Hz
70483[UE 5 | RB 1] Throughput = 1.07785 Mbps | SE = 0.02825 bit/s/Hz
70593[UE 5 | RB 1] Throughput = 1.19893 Mbps | SE = 0.03142 bit/s/Hz
70693[UE 5 | RB 1] Throughput = 0.83823 Mbps | SE = 0.02197 bit/s/Hz
70803[UE 5 | RB 1] Throughput = 1.30742 Mbps | SE = 0.03426 bit/s/Hz
70913[UE 5 | RB 1] Throughput = 1.09365 Mbps | SE = 0.02866 bit/s/Hz
71013[UE 5 | RB 1] Throughput = 0.95721 Mbps | SE = 0.02508 bit/s/Hz
71113[UE 5 | RB 1] Throughput = 1.07772 Mbps | SE = 0.02824 bit/s/Hz
71223[UE 5 | RB 1] Throughput = 1.09139 Mbps | SE = 0.02860 bit/s/Hz
71323[UE 5 | RB 1] Throughput = 0.95661 Mbps | SE = 0.02507 bit/s/Hz
71433[UE 5 | RB 1] Throughput = 1.20138 Mbps | SE = 0.03148 bit/s/Hz
71533[UE 5 | RB 1] Throughput = 0.95663 Mbps | SE = 0.02507 bit/s/Hz
71633[UE 5 | RB 1] Throughput = 1.31646 Mbps | SE = 0.03450 bit/s/Hz
71743[UE 5 | RB 1] Throughput = 0.65436 Mbps | SE = 0.01715 bit/s/Hz
71853[UE 5 | RB 1] Throughput = 1.19800 Mbps | SE = 0.03139 bit/s/Hz
71963[UE 5 | RB 1] Throughput = 1.19891 Mbps | SE = 0.03142 bit/s/Hz
72063[UE 5 | RB 1] Throughput = 0.71867 Mbps | SE = 0.01883 bit/s/Hz
72163[UE 5 | RB 1] Throughput = 1.31784 Mbps | SE = 0.03453 bit/s/Hz
72263[UE 5 | RB 1] Throughput = 1.31652 Mbps | SE = 0.03450 bit/s/Hz
72373[UE 5 | RB 1] Throughput = 0.65424 Mbps | SE = 0.01714 bit/s/Hz
72483[UE 5 | RB 1] Throughput = 1.19941 Mbps | SE = 0.03143 bit/s/Hz
72583[UE 5 | RB 1] Throughput = 1.31767 Mbps | SE = 0.03453 bit/s/Hz
72693[UE 5 | RB 1] Throughput = 0.87290 Mbps | SE = 0.02287 bit/s/Hz
72793[UE 5 | RB 1] Throughput = 1.31644 Mbps | SE = 0.03450 bit/s/Hz
72903[UE 5 | RB 1] Throughput = 1.09082 Mbps | SE = 0.02859 bit/s/Hz
73013[UE 5 | RB 1] Throughput = 0.97931 Mbps | SE = 0.02566 bit/s/Hz
73116[UE 5 | RB 1] Throughput = 1.05207 Mbps | SE = 0.02757 bit/s/Hz
73223[UE 5 | RB 1] Throughput = 1.00494 Mbps | SE = 0.02633 bit/s/Hz
73323[UE 5 | RB 1] Throughput = 1.07604 Mbps | SE = 0.02820 bit/s/Hz
73433[UE 5 | RB 1] Throughput = 1.08901 Mbps | SE = 0.02854 bit/s/Hz
73543[UE 5 | RB 1] Throughput = 0.98063 Mbps | SE = 0.02570 bit/s/Hz
73653[UE 5 | RB 1] Throughput = 0.87189 Mbps | SE = 0.02285 bit/s/Hz
73763[UE 5 | RB 1] Throughput = 1.19653 Mbps | SE = 0.03136 bit/s/Hz
73873[UE 5 | RB 1] Throughput = 1.20265 Mbps | SE = 0.03152 bit/s/Hz
73973[UE 5 | RB 1] Throughput = 1.19784 Mbps | SE = 0.03139 bit/s/Hz
74083[UE 5 | RB 1] Throughput = 1.08920 Mbps | SE = 0.02854 bit/s/Hz
74193[UE 5 | RB 1] Throughput = 0.76217 Mbps | SE = 0.01997 bit/s/Hz
74294[UE 5 | RB 1] Throughput = 0.95508 Mbps | SE = 0.02503 bit/s/Hz
74403[UE 5 | RB 1] Throughput = 1.31541 Mbps | SE = 0.03447 bit/s/Hz
74503[UE 5 | RB 1] Throughput = 1.31525 Mbps | SE = 0.03447 bit/s/Hz
74603[UE 5 | RB 1] Throughput = 0.71814 Mbps | SE = 0.01882 bit/s/Hz
74713[UE 5 | RB 1] Throughput = 1.08954 Mbps | SE = 0.02855 bit/s/Hz
74823[UE 5 | RB 1] Throughput = 1.08936 Mbps | SE = 0.02855 bit/s/Hz
74933[UE 5 | RB 1] Throughput = 1.08935 Mbps | SE = 0.02855 bit/s/Hz
75033[UE 5 | RB 1] Throughput = 1.31755 Mbps | SE = 0.03453 bit/s/Hz
75143[UE 5 | RB 1] Throughput = 0.98227 Mbps | SE = 0.02574 bit/s/Hz
75243[UE 5 | RB 1] Throughput = 0.95866 Mbps | SE = 0.02512 bit/s/Hz
75353[UE 5 | RB 1] Throughput = 0.98075 Mbps | SE = 0.02570 bit/s/Hz
75453[UE 5 | RB 1] Throughput = 0.95649 Mbps | SE = 0.02507 bit/s/Hz
75553[UE 5 | RB 1] Throughput = 1.43776 Mbps | SE = 0.03768 bit/s/Hz
75663[UE 5 | RB 1] Throughput = 0.98117 Mbps | SE = 0.02571 bit/s/Hz
75773[UE 5 | RB 1] Throughput = 0.98234 Mbps | SE = 0.02574 bit/s/Hz
75873[UE 5 | RB 1] Throughput = 1.19781 Mbps | SE = 0.03139 bit/s/Hz
75973[UE 5 | RB 1] Throughput = 0.95658 Mbps | SE = 0.02507 bit/s/Hz
76083[UE 5 | RB 1] Throughput = 1.09088 Mbps | SE = 0.02859 bit/s/Hz
76193[UE 5 | RB 1] Throughput = 0.65477 Mbps | SE = 0.01716 bit/s/Hz
76303[UE 5 | RB 1] Throughput = 1.30635 Mbps | SE = 0.03423 bit/s/Hz
76414[UE 5 | RB 1] Throughput = 1.18659 Mbps | SE = 0.03110 bit/s/Hz
76523[UE 5 | RB 1] Throughput = 1.10049 Mbps | SE = 0.02884 bit/s/Hz
76623[UE 5 | RB 1] Throughput = 1.07741 Mbps | SE = 0.02823 bit/s/Hz
76723[UE 5 | RB 1] Throughput = 1.19814 Mbps | SE = 0.03140 bit/s/Hz
76833[UE 5 | RB 1] Throughput = 0.87029 Mbps | SE = 0.02281 bit/s/Hz
76943[UE 5 | RB 1] Throughput = 0.98187 Mbps | SE = 0.02573 bit/s/Hz
77043[UE 5 | RB 1] Throughput = 1.31779 Mbps | SE = 0.03453 bit/s/Hz
77153[UE 5 | RB 1] Throughput = 1.08844 Mbps | SE = 0.02852 bit/s/Hz
77263[UE 5 | RB 1] Throughput = 0.54510 Mbps | SE = 0.01428 bit/s/Hz
77373[UE 5 | RB 1] Throughput = 1.31179 Mbps | SE = 0.03438 bit/s/Hz
77473[UE 5 | RB 1] Throughput = 1.31325 Mbps | SE = 0.03441 bit/s/Hz
77583[UE 5 | RB 1] Throughput = 1.08979 Mbps | SE = 0.02856 bit/s/Hz
77683[UE 5 | RB 1] Throughput = 1.07771 Mbps | SE = 0.02824 bit/s/Hz
77783[UE 5 | RB 1] Throughput = 0.83885 Mbps | SE = 0.02198 bit/s/Hz
77884[UE 5 | RB 1] Throughput = 1.18719 Mbps | SE = 0.03111 bit/s/Hz
77993[UE 5 | RB 1] Throughput = 1.09948 Mbps | SE = 0.02881 bit/s/Hz
78103[UE 5 | RB 1] Throughput = 1.08955 Mbps | SE = 0.02855 bit/s/Hz
78203[UE 5 | RB 1] Throughput = 0.95838 Mbps | SE = 0.02511 bit/s/Hz
78313[UE 5 | RB 1] Throughput = 1.09007 Mbps | SE = 0.02857 bit/s/Hz
78413[UE 5 | RB 1] Throughput = 1.31707 Mbps | SE = 0.03451 bit/s/Hz
78523[UE 5 | RB 1] Throughput = 0.76249 Mbps | SE = 0.01998 bit/s/Hz
78633[UE 5 | RB 1] Throughput = 1.30836 Mbps | SE = 0.03429 bit/s/Hz
78743[UE 5 | RB 1] Throughput = 1.20016 Mbps | SE = 0.03145 bit/s/Hz
78853[UE 5 | RB 1] Throughput = 0.65184 Mbps | SE = 0.01708 bit/s/Hz
78963[UE 5 | RB 1] Throughput = 1.31085 Mbps | SE = 0.03435 bit/s/Hz
79063[UE 5 | RB 1] Throughput = 0.95805 Mbps | SE = 0.02511 bit/s/Hz
79163[UE 5 | RB 1] Throughput = 1.07843 Mbps | SE = 0.02826 bit/s/Hz
79273[UE 5 | RB 1] Throughput = 1.19818 Mbps | SE = 0.03140 bit/s/Hz
79373[UE 5 | RB 1] Throughput = 1.19634 Mbps | SE = 0.03135 bit/s/Hz
79474[UE 5 | RB 1] Throughput = 0.95508 Mbps | SE = 0.02503 bit/s/Hz
79583[UE 5 | RB 1] Throughput = 0.76629 Mbps | SE = 0.02008 bit/s/Hz
79683[UE 5 | RB 1] Throughput = 1.31650 Mbps | SE = 0.03450 bit/s/Hz
79793[UE 5 | RB 1] Throughput = 1.08998 Mbps | SE = 0.02856 bit/s/Hz
79903[UE 5 | RB 1] Throughput = 0.98165 Mbps | SE = 0.02572 bit/s/Hz
80003[UE 5 | RB 1] Throughput = 1.07786 Mbps | SE = 0.02825 bit/s/Hz
80103[UE 5 | RB 1] Throughput = 1.31820 Mbps | SE = 0.03454 bit/s/Hz
80203[UE 5 | RB 1] Throughput = 0.83839 Mbps | SE = 0.02197 bit/s/Hz
80313[UE 5 | RB 1] Throughput = 1.08961 Mbps | SE = 0.02855 bit/s/Hz
80423[UE 5 | RB 1] Throughput = 0.98289 Mbps | SE = 0.02576 bit/s/Hz
80523[UE 5 | RB 1] Throughput = 1.19577 Mbps | SE = 0.03134 bit/s/Hz
80633[UE 5 | RB 1] Throughput = 1.19766 Mbps | SE = 0.03139 bit/s/Hz
80733[UE 5 | RB 1] Throughput = 0.83740 Mbps | SE = 0.02194 bit/s/Hz
80843[UE 5 | RB 1] Throughput = 1.09289 Mbps | SE = 0.02864 bit/s/Hz
80943[UE 5 | RB 1] Throughput = 1.19765 Mbps | SE = 0.03138 bit/s/Hz
81054[UE 5 | RB 1] Throughput = 0.76024 Mbps | SE = 0.01992 bit/s/Hz
81163[UE 5 | RB 1] Throughput = 1.30812 Mbps | SE = 0.03428 bit/s/Hz
81273[UE 5 | RB 1] Throughput = 1.20062 Mbps | SE = 0.03146 bit/s/Hz
81373[UE 5 | RB 1] Throughput = 1.07601 Mbps | SE = 0.02820 bit/s/Hz
81483[UE 5 | RB 1] Throughput = 0.87185 Mbps | SE = 0.02285 bit/s/Hz
81593[UE 5 | RB 1] Throughput = 1.09194 Mbps | SE = 0.02861 bit/s/Hz
81694[UE 5 | RB 1] Throughput = 1.07440 Mbps | SE = 0.02816 bit/s/Hz
81803[UE 5 | RB 1] Throughput = 1.09480 Mbps | SE = 0.02869 bit/s/Hz
81903[UE 5 | RB 1] Throughput = 1.07818 Mbps | SE = 0.02825 bit/s/Hz
82003[UE 5 | RB 1] Throughput = 1.07757 Mbps | SE = 0.02824 bit/s/Hz
82113[UE 5 | RB 1] Throughput = 0.87067 Mbps | SE = 0.02282 bit/s/Hz
82213[UE 5 | RB 1] Throughput = 1.07740 Mbps | SE = 0.02823 bit/s/Hz
82323[UE 5 | RB 1] Throughput = 1.09251 Mbps | SE = 0.02863 bit/s/Hz
82433[UE 5 | RB 1] Throughput = 1.30615 Mbps | SE = 0.03423 bit/s/Hz
82533[UE 5 | RB 1] Throughput = 0.71846 Mbps | SE = 0.01883 bit/s/Hz
82643[UE 5 | RB 1] Throughput = 1.41522 Mbps | SE = 0.03709 bit/s/Hz
82753[UE 5 | RB 1] Throughput = 0.65436 Mbps | SE = 0.01715 bit/s/Hz
82853[UE 5 | RB 1] Throughput = 1.19761 Mbps | SE = 0.03138 bit/s/Hz
82953[UE 5 | RB 1] Throughput = 1.31717 Mbps | SE = 0.03452 bit/s/Hz
83063[UE 5 | RB 1] Throughput = 1.20078 Mbps | SE = 0.03147 bit/s/Hz
83163[UE 5 | RB 1] Throughput = 0.59920 Mbps | SE = 0.01570 bit/s/Hz
83263[UE 5 | RB 1] Throughput = 1.19788 Mbps | SE = 0.03139 bit/s/Hz
83363[UE 5 | RB 1] Throughput = 1.07852 Mbps | SE = 0.02826 bit/s/Hz
83473[UE 5 | RB 1] Throughput = 1.09077 Mbps | SE = 0.02858 bit/s/Hz
83573[UE 5 | RB 1] Throughput = 1.19824 Mbps | SE = 0.03140 bit/s/Hz
83683[UE 5 | RB 1] Throughput = 1.08980 Mbps | SE = 0.02856 bit/s/Hz
83783[UE 5 | RB 1] Throughput = 1.19584 Mbps | SE = 0.03134 bit/s/Hz
83893[UE 5 | RB 1] Throughput = 0.98176 Mbps | SE = 0.02573 bit/s/Hz
84003[UE 5 | RB 1] Throughput = 1.09243 Mbps | SE = 0.02863 bit/s/Hz
84103[UE 5 | RB 1] Throughput = 1.07818 Mbps | SE = 0.02825 bit/s/Hz
84203[UE 5 | RB 1] Throughput = 0.95866 Mbps | SE = 0.02512 bit/s/Hz
84303[UE 5 | RB 1] Throughput = 1.07378 Mbps | SE = 0.02814 bit/s/Hz
84413[UE 5 | RB 1] Throughput = 0.98046 Mbps | SE = 0.02569 bit/s/Hz
84514[UE 5 | RB 1] Throughput = 1.18944 Mbps | SE = 0.03117 bit/s/Hz
84615[UE 5 | RB 1] Throughput = 0.94981 Mbps | SE = 0.02489 bit/s/Hz
84723[UE 5 | RB 1] Throughput = 0.99784 Mbps | SE = 0.02615 bit/s/Hz
84833[UE 5 | RB 1] Throughput = 0.97789 Mbps | SE = 0.02563 bit/s/Hz
84933[UE 5 | RB 1] Throughput = 1.31819 Mbps | SE = 0.03454 bit/s/Hz
85033[UE 5 | RB 1] Throughput = 1.07800 Mbps | SE = 0.02825 bit/s/Hz
85143[UE 5 | RB 1] Throughput = 0.98212 Mbps | SE = 0.02574 bit/s/Hz
85253[UE 5 | RB 1] Throughput = 1.19712 Mbps | SE = 0.03137 bit/s/Hz
85363[UE 5 | RB 1] Throughput = 1.20046 Mbps | SE = 0.03146 bit/s/Hz
85463[UE 5 | RB 1] Throughput = 0.71875 Mbps | SE = 0.01884 bit/s/Hz
85563[UE 5 | RB 1] Throughput = 1.31762 Mbps | SE = 0.03453 bit/s/Hz
85673[UE 5 | RB 1] Throughput = 1.19872 Mbps | SE = 0.03141 bit/s/Hz
85783[UE 5 | RB 1] Throughput = 0.65457 Mbps | SE = 0.01715 bit/s/Hz
85883[UE 5 | RB 1] Throughput = 1.07851 Mbps | SE = 0.02826 bit/s/Hz
85983[UE 5 | RB 1] Throughput = 1.19538 Mbps | SE = 0.03133 bit/s/Hz
86095[UE 5 | RB 1] Throughput = 1.18483 Mbps | SE = 0.03105 bit/s/Hz
86203[UE 5 | RB 1] Throughput = 1.21421 Mbps | SE = 0.03182 bit/s/Hz
86313[UE 5 | RB 1] Throughput = 0.65379 Mbps | SE = 0.01713 bit/s/Hz
86423[UE 5 | RB 1] Throughput = 1.30825 Mbps | SE = 0.03428 bit/s/Hz
86523[UE 5 | RB 1] Throughput = 1.19791 Mbps | SE = 0.03139 bit/s/Hz
86623[UE 5 | RB 1] Throughput = 0.83847 Mbps | SE = 0.02197 bit/s/Hz
86723[UE 5 | RB 1] Throughput = 1.19619 Mbps | SE = 0.03135 bit/s/Hz
86834[UE 5 | RB 1] Throughput = 1.19693 Mbps | SE = 0.03137 bit/s/Hz
86934[UE 5 | RB 1] Throughput = 0.83848 Mbps | SE = 0.02197 bit/s/Hz
87044[UE 5 | RB 1] Throughput = 1.19908 Mbps | SE = 0.03142 bit/s/Hz
87154[UE 5 | RB 1] Throughput = 0.65193 Mbps | SE = 0.01708 bit/s/Hz
87263[UE 5 | RB 1] Throughput = 1.20363 Mbps | SE = 0.03154 bit/s/Hz
87363[UE 5 | RB 1] Throughput = 1.43788 Mbps | SE = 0.03768 bit/s/Hz
87473[UE 5 | RB 1] Throughput = 0.97999 Mbps | SE = 0.02568 bit/s/Hz
87583[UE 5 | RB 1] Throughput = 0.98121 Mbps | SE = 0.02571 bit/s/Hz
87684[UE 5 | RB 1] Throughput = 1.19586 Mbps | SE = 0.03134 bit/s/Hz
87793[UE 5 | RB 1] Throughput = 0.98182 Mbps | SE = 0.02573 bit/s/Hz
87903[UE 5 | RB 1] Throughput = 0.98173 Mbps | SE = 0.02573 bit/s/Hz
88003[UE 5 | RB 1] Throughput = 1.07714 Mbps | SE = 0.02823 bit/s/Hz
88103[UE 5 | RB 1] Throughput = 1.19731 Mbps | SE = 0.03138 bit/s/Hz
88213[UE 5 | RB 1] Throughput = 1.09011 Mbps | SE = 0.02857 bit/s/Hz
88323[UE 5 | RB 1] Throughput = 0.98163 Mbps | SE = 0.02572 bit/s/Hz
88433[UE 5 | RB 1] Throughput = 0.87093 Mbps | SE = 0.02282 bit/s/Hz
88533[UE 5 | RB 1] Throughput = 1.19664 Mbps | SE = 0.03136 bit/s/Hz
88643[UE 5 | RB 1] Throughput = 1.09232 Mbps | SE = 0.02862 bit/s/Hz
88743[UE 5 | RB 1] Throughput = 1.19733 Mbps | SE = 0.03138 bit/s/Hz
88843[UE 5 | RB 1] Throughput = 0.95827 Mbps | SE = 0.02511 bit/s/Hz
88953[UE 5 | RB 1] Throughput = 1.19849 Mbps | SE = 0.03141 bit/s/Hz
89053[UE 5 | RB 1] Throughput = 0.71847 Mbps | SE = 0.01883 bit/s/Hz
89154[UE 5 | RB 1] Throughput = 1.31617 Mbps | SE = 0.03449 bit/s/Hz
89264[UE 5 | RB 1] Throughput = 0.76284 Mbps | SE = 0.01999 bit/s/Hz
89374[UE 5 | RB 1] Throughput = 1.19860 Mbps | SE = 0.03141 bit/s/Hz
89484[UE 5 | RB 1] Throughput = 1.30707 Mbps | SE = 0.03425 bit/s/Hz
89593[UE 5 | RB 1] Throughput = 0.65623 Mbps | SE = 0.01720 bit/s/Hz
89693[UE 5 | RB 1] Throughput = 1.31631 Mbps | SE = 0.03449 bit/s/Hz
89803[UE 5 | RB 1] Throughput = 1.19752 Mbps | SE = 0.03138 bit/s/Hz
89903[UE 5 | RB 1] Throughput = 0.95814 Mbps | SE = 0.02511 bit/s/Hz
[xApp]: E42 RIC_SUBSCRIPTION_DELETE_REQUEST tx RAN_FUNC_ID 144 RIC_REQ_ID 1 
[xApp]: E42 SUBSCRIPTION DELETE RESPONSE rx
[xApp]: E42 RIC_SUBSCRIPTION_DELETE_REQUEST tx RAN_FUNC_ID 144 RIC_REQ_ID 2 
[xApp]: E42 SUBSCRIPTION DELETE RESPONSE rx
[xApp]: E42 RIC_SUBSCRIPTION_DELETE_REQUEST tx RAN_FUNC_ID 144 RIC_REQ_ID 3 
[xApp]: E42 SUBSCRIPTION DELETE RESPONSE rx
[xApp]: Sucessfully stopped 
Test xApp run SUCCESSFULLY
