[UTIL]: Setting the config -c file to /usr/local/etc/flexric/flexric.conf
[UTIL]: Setting path -p for the shared libraries to /usr/local/lib/flexric/
[xAapp]: Initializing ... 
[xApp]: nearRT-RIC IP Address = 192.168.70.150, PORT = 36422
[E2 AGENT]: Opening plugin from path = /usr/local/lib/flexric/libkpm_sm.so 
[E2 AGENT]: Opening plugin from path = /usr/local/lib/flexric/libmac_sm.so 
[E2 AGENT]: Opening plugin from path = /usr/local/lib/flexric/libpdcp_sm.so 
[E2 AGENT]: Opening plugin from path = /usr/local/lib/flexric/libgtp_sm.so 
[E2 AGENT]: Opening plugin from path = /usr/local/lib/flexric/librc_sm.so 
[E2 AGENT]: Opening plugin from path = /usr/local/lib/flexric/libtc_sm.so 
[E2 AGENT]: Opening plugin from path = /usr/local/lib/flexric/librlc_sm.so 
[E2 AGENT]: Opening plugin from path = /usr/local/lib/flexric/libslice_sm.so 
[NEAR-RIC]: Loading SM ID = 2 with def = ORAN-E2SM-KPM 
[NEAR-RIC]: Loading SM ID = 142 with def = MAC_STATS_V0 
[NEAR-RIC]: Loading SM ID = 144 with def = PDCP_STATS_V0 
[NEAR-RIC]: Loading SM ID = 148 with def = GTP_STATS_V0 
[NEAR-RIC]: Loading SM ID = 3 with def = ORAN-E2SM-RC 
[NEAR-RIC]: Loading SM ID = 146 with def = TC_STATS_V0 
[NEAR-RIC]: Loading SM ID = 143 with def = RLC_STATS_V0 
[NEAR-RIC]: Loading SM ID = 145 with def = SLICE_STATS_V0 
[xApp]: DB filename = /tmp/flexric/xapp_db 
 [xApp]: E42 SETUP-REQUEST tx
[xApp]: E42 SETUP-RESPONSE rx 
[xApp]: xApp ID = 83 
[xApp]: Registered E2 Nodes = 3 
Connected E2 nodes = 3
[xAPP] Registered node 0 ran func id = 2 
 [xAPP] Registered node 0 ran func id = 3 
 [xAPP] Registered node 0 ran func id = 142 
 [xAPP] Registered node 0 ran func id = 143 
 [xAPP] Registered node 0 ran func id = 144 
 [xAPP] Registered node 0 ran func id = 145 
 [xAPP] Registered node 0 ran func id = 146 
 [xAPP] Registered node 0 ran func id = 148 
 [xApp]: E42 RIC SUBSCRIPTION REQUEST tx RAN_FUNC_ID 144 RIC_REQ_ID 1 
[xApp]: SUBSCRIPTION RESPONSE rx
[xApp]: Successfully subscribed to RAN_FUNC_ID 144 
[xAPP] Registered node 1 ran func id = 2 
 [xAPP] Registered node 1 ran func id = 3 
 [xAPP] Registered node 1 ran func id = 142 
 [xAPP] Registered node 1 ran func id = 143 
 [xAPP] Registered node 1 ran func id = 144 
 [xAPP] Registered node 1 ran func id = 145 
 [xAPP] Registered node 1 ran func id = 146 
 [xAPP] Registered node 1 ran func id = 148 
 [xApp]: E42 RIC SUBSCRIPTION REQUEST tx RAN_FUNC_ID 144 RIC_REQ_ID 2 
[xApp]: SUBSCRIPTION RESPONSE rx
[xApp]: Successfully subscribed to RAN_FUNC_ID 144 
[xAPP] Registered node 2 ran func id = 2 
 [xAPP] Registered node 2 ran func id = 3 
 [xAPP] Registered node 2 ran func id = 142 
 [xAPP] Registered node 2 ran func id = 143 
 [xAPP] Registered node 2 ran func id = 144 
 [xAPP] Registered node 2 ran func id = 145 
 [xAPP] Registered node 2 ran func id = 146 
 [xAPP] Registered node 2 ran func id = 148 
 [xApp]: E42 RIC SUBSCRIPTION REQUEST tx RAN_FUNC_ID 144 RIC_REQ_ID 3 
[xApp]: SUBSCRIPTION RESPONSE rx
[xApp]: Successfully subscribed to RAN_FUNC_ID 144 
122[UE 5 | RB 1] Throughput = 1.20531 Mbps | SE = 0.03159 bit/s/Hz
232[UE 5 | RB 1] Throughput = 0.54368 Mbps | SE = 0.01425 bit/s/Hz
342[UE 5 | RB 1] Throughput = 1.20018 Mbps | SE = 0.03145 bit/s/Hz
452[UE 5 | RB 1] Throughput = 1.41645 Mbps | SE = 0.03712 bit/s/Hz
552[UE 5 | RB 1] Throughput = 0.71666 Mbps | SE = 0.01878 bit/s/Hz
662[UE 5 | RB 1] Throughput = 0.98510 Mbps | SE = 0.02582 bit/s/Hz
772[UE 5 | RB 1] Throughput = 1.30528 Mbps | SE = 0.03421 bit/s/Hz
872[UE 5 | RB 1] Throughput = 0.71838 Mbps | SE = 0.01883 bit/s/Hz
982[UE 5 | RB 1] Throughput = 1.19995 Mbps | SE = 0.03145 bit/s/Hz
1082[UE 5 | RB 1] Throughput = 1.31583 Mbps | SE = 0.03448 bit/s/Hz
1192[UE 5 | RB 1] Throughput = 1.20030 Mbps | SE = 0.03145 bit/s/Hz
1302[UE 5 | RB 1] Throughput = 0.65317 Mbps | SE = 0.01712 bit/s/Hz
1402[UE 5 | RB 1] Throughput = 1.31708 Mbps | SE = 0.03451 bit/s/Hz
1512[UE 5 | RB 1] Throughput = 0.87066 Mbps | SE = 0.02282 bit/s/Hz
1622[UE 5 | RB 1] Throughput = 1.30974 Mbps | SE = 0.03432 bit/s/Hz
1732[UE 5 | RB 1] Throughput = 1.19684 Mbps | SE = 0.03136 bit/s/Hz
1842[UE 5 | RB 1] Throughput = 0.87344 Mbps | SE = 0.02289 bit/s/Hz
1942[UE 5 | RB 1] Throughput = 1.19459 Mbps | SE = 0.03130 bit/s/Hz
2052[UE 5 | RB 1] Throughput = 0.76388 Mbps | SE = 0.02002 bit/s/Hz
2152[UE 5 | RB 1] Throughput = 1.31753 Mbps | SE = 0.03453 bit/s/Hz
2262[UE 5 | RB 1] Throughput = 1.09039 Mbps | SE = 0.02857 bit/s/Hz
2372[UE 5 | RB 1] Throughput = 1.08932 Mbps | SE = 0.02855 bit/s/Hz
2472[UE 5 | RB 1] Throughput = 1.19832 Mbps | SE = 0.03140 bit/s/Hz
2572[UE 5 | RB 1] Throughput = 0.83744 Mbps | SE = 0.02195 bit/s/Hz
2682[UE 5 | RB 1] Throughput = 1.08975 Mbps | SE = 0.02856 bit/s/Hz
2782[UE 5 | RB 1] Throughput = 1.19808 Mbps | SE = 0.03140 bit/s/Hz
2883[UE 5 | RB 1] Throughput = 0.95649 Mbps | SE = 0.02507 bit/s/Hz
2993[UE 5 | RB 1] Throughput = 1.30721 Mbps | SE = 0.03426 bit/s/Hz
3102[UE 5 | RB 1] Throughput = 0.54575 Mbps | SE = 0.01430 bit/s/Hz
3202[UE 5 | RB 1] Throughput = 1.43591 Mbps | SE = 0.03763 bit/s/Hz
3312[UE 5 | RB 1] Throughput = 1.09219 Mbps | SE = 0.02862 bit/s/Hz
3422[UE 5 | RB 1] Throughput = 0.98061 Mbps | SE = 0.02570 bit/s/Hz
3522[UE 5 | RB 1] Throughput = 1.31791 Mbps | SE = 0.03454 bit/s/Hz
3633[UE 5 | RB 1] Throughput = 0.54301 Mbps | SE = 0.01423 bit/s/Hz
3742[UE 5 | RB 1] Throughput = 1.20047 Mbps | SE = 0.03146 bit/s/Hz
3852[UE 5 | RB 1] Throughput = 1.30923 Mbps | SE = 0.03431 bit/s/Hz
3952[UE 5 | RB 1] Throughput = 1.07777 Mbps | SE = 0.02824 bit/s/Hz
4062[UE 5 | RB 1] Throughput = 1.09057 Mbps | SE = 0.02858 bit/s/Hz
4172[UE 5 | RB 1] Throughput = 0.97961 Mbps | SE = 0.02567 bit/s/Hz
4282[UE 5 | RB 1] Throughput = 0.98272 Mbps | SE = 0.02575 bit/s/Hz
4382[UE 5 | RB 1] Throughput = 1.19745 Mbps | SE = 0.03138 bit/s/Hz
4492[UE 5 | RB 1] Throughput = 1.19702 Mbps | SE = 0.03137 bit/s/Hz
4602[UE 5 | RB 1] Throughput = 1.08931 Mbps | SE = 0.02855 bit/s/Hz
4712[UE 5 | RB 1] Throughput = 0.65412 Mbps | SE = 0.01714 bit/s/Hz
4822[UE 5 | RB 1] Throughput = 1.09213 Mbps | SE = 0.02862 bit/s/Hz
4922[UE 5 | RB 1] Throughput = 1.43664 Mbps | SE = 0.03765 bit/s/Hz
5032[UE 5 | RB 1] Throughput = 1.19746 Mbps | SE = 0.03138 bit/s/Hz
5132[UE 5 | RB 1] Throughput = 0.83876 Mbps | SE = 0.02198 bit/s/Hz
5242[UE 5 | RB 1] Throughput = 0.98148 Mbps | SE = 0.02572 bit/s/Hz
5342[UE 5 | RB 1] Throughput = 1.31777 Mbps | SE = 0.03453 bit/s/Hz
5442[UE 5 | RB 1] Throughput = 1.07676 Mbps | SE = 0.02822 bit/s/Hz
5542[UE 5 | RB 1] Throughput = 0.83882 Mbps | SE = 0.02198 bit/s/Hz
5652[UE 5 | RB 1] Throughput = 1.19987 Mbps | SE = 0.03144 bit/s/Hz
5762[UE 5 | RB 1] Throughput = 1.19784 Mbps | SE = 0.03139 bit/s/Hz
5872[UE 5 | RB 1] Throughput = 0.65407 Mbps | SE = 0.01714 bit/s/Hz
5972[UE 5 | RB 1] Throughput = 1.19640 Mbps | SE = 0.03135 bit/s/Hz
6082[UE 5 | RB 1] Throughput = 1.30820 Mbps | SE = 0.03428 bit/s/Hz
6192[UE 5 | RB 1] Throughput = 0.98070 Mbps | SE = 0.02570 bit/s/Hz
6292[UE 5 | RB 1] Throughput = 0.95661 Mbps | SE = 0.02507 bit/s/Hz
6402[UE 5 | RB 1] Throughput = 1.19875 Mbps | SE = 0.03141 bit/s/Hz
6512[UE 5 | RB 1] Throughput = 1.09140 Mbps | SE = 0.02860 bit/s/Hz
6612[UE 5 | RB 1] Throughput = 0.95734 Mbps | SE = 0.02509 bit/s/Hz
6723[UE 5 | RB 1] Throughput = 0.97803 Mbps | SE = 0.02563 bit/s/Hz
6832[UE 5 | RB 1] Throughput = 1.09340 Mbps | SE = 0.02865 bit/s/Hz
6932[UE 5 | RB 1] Throughput = 1.07840 Mbps | SE = 0.02826 bit/s/Hz
7032[UE 5 | RB 1] Throughput = 0.95837 Mbps | SE = 0.02511 bit/s/Hz
7142[UE 5 | RB 1] Throughput = 1.30871 Mbps | SE = 0.03430 bit/s/Hz
7242[UE 5 | RB 1] Throughput = 0.83731 Mbps | SE = 0.02194 bit/s/Hz
7342[UE 5 | RB 1] Throughput = 1.19806 Mbps | SE = 0.03140 bit/s/Hz
7442[UE 5 | RB 1] Throughput = 0.83850 Mbps | SE = 0.02197 bit/s/Hz
7552[UE 5 | RB 1] Throughput = 1.41910 Mbps | SE = 0.03719 bit/s/Hz
7652[UE 5 | RB 1] Throughput = 0.83764 Mbps | SE = 0.02195 bit/s/Hz
7762[UE 5 | RB 1] Throughput = 1.30839 Mbps | SE = 0.03429 bit/s/Hz
7862[UE 5 | RB 1] Throughput = 0.59834 Mbps | SE = 0.01568 bit/s/Hz
7972[UE 5 | RB 1] Throughput = 1.30895 Mbps | SE = 0.03430 bit/s/Hz
8082[UE 5 | RB 1] Throughput = 1.08902 Mbps | SE = 0.02854 bit/s/Hz
8192[UE 5 | RB 1] Throughput = 1.19721 Mbps | SE = 0.03137 bit/s/Hz
8302[UE 5 | RB 1] Throughput = 0.98253 Mbps | SE = 0.02575 bit/s/Hz
8402[UE 5 | RB 1] Throughput = 0.95652 Mbps | SE = 0.02507 bit/s/Hz
8512[UE 5 | RB 1] Throughput = 0.98061 Mbps | SE = 0.02570 bit/s/Hz
8622[UE 5 | RB 1] Throughput = 1.20151 Mbps | SE = 0.03149 bit/s/Hz
8722[UE 5 | RB 1] Throughput = 0.95566 Mbps | SE = 0.02504 bit/s/Hz
8832[UE 5 | RB 1] Throughput = 0.98125 Mbps | SE = 0.02571 bit/s/Hz
8942[UE 5 | RB 1] Throughput = 1.30583 Mbps | SE = 0.03422 bit/s/Hz
9052[UE 5 | RB 1] Throughput = 0.98297 Mbps | SE = 0.02576 bit/s/Hz
9162[UE 5 | RB 1] Throughput = 1.19916 Mbps | SE = 0.03142 bit/s/Hz
9262[UE 5 | RB 1] Throughput = 0.95800 Mbps | SE = 0.02510 bit/s/Hz
9372[UE 5 | RB 1] Throughput = 1.30935 Mbps | SE = 0.03431 bit/s/Hz
9482[UE 5 | RB 1] Throughput = 0.65349 Mbps | SE = 0.01712 bit/s/Hz
9582[UE 5 | RB 1] Throughput = 1.31334 Mbps | SE = 0.03442 bit/s/Hz
9692[UE 5 | RB 1] Throughput = 1.20118 Mbps | SE = 0.03148 bit/s/Hz
9802[UE 5 | RB 1] Throughput = 0.98008 Mbps | SE = 0.02568 bit/s/Hz
9903[UE 5 | RB 1] Throughput = 1.07409 Mbps | SE = 0.02815 bit/s/Hz
10012[UE 5 | RB 1] Throughput = 0.76400 Mbps | SE = 0.02002 bit/s/Hz
10122[UE 5 | RB 1] Throughput = 1.30817 Mbps | SE = 0.03428 bit/s/Hz
10232[UE 5 | RB 1] Throughput = 0.87213 Mbps | SE = 0.02285 bit/s/Hz
10342[UE 5 | RB 1] Throughput = 1.09065 Mbps | SE = 0.02858 bit/s/Hz
10452[UE 5 | RB 1] Throughput = 1.30806 Mbps | SE = 0.03428 bit/s/Hz
10552[UE 5 | RB 1] Throughput = 0.95870 Mbps | SE = 0.02512 bit/s/Hz
10662[UE 5 | RB 1] Throughput = 1.08814 Mbps | SE = 0.02852 bit/s/Hz
10762[UE 5 | RB 1] Throughput = 1.07803 Mbps | SE = 0.02825 bit/s/Hz
10872[UE 5 | RB 1] Throughput = 1.09177 Mbps | SE = 0.02861 bit/s/Hz
10972[UE 5 | RB 1] Throughput = 1.07669 Mbps | SE = 0.02822 bit/s/Hz
11082[UE 5 | RB 1] Throughput = 0.98014 Mbps | SE = 0.02569 bit/s/Hz
11192[UE 5 | RB 1] Throughput = 0.98080 Mbps | SE = 0.02570 bit/s/Hz
11292[UE 5 | RB 1] Throughput = 1.19780 Mbps | SE = 0.03139 bit/s/Hz
11392[UE 5 | RB 1] Throughput = 0.95829 Mbps | SE = 0.02511 bit/s/Hz
11502[UE 5 | RB 1] Throughput = 1.30768 Mbps | SE = 0.03427 bit/s/Hz
11603[UE 5 | RB 1] Throughput = 1.07569 Mbps | SE = 0.02819 bit/s/Hz
11703[UE 5 | RB 1] Throughput = 0.95842 Mbps | SE = 0.02512 bit/s/Hz
11812[UE 5 | RB 1] Throughput = 1.09140 Mbps | SE = 0.02860 bit/s/Hz
11922[UE 5 | RB 1] Throughput = 1.08953 Mbps | SE = 0.02855 bit/s/Hz
12022[UE 5 | RB 1] Throughput = 0.71806 Mbps | SE = 0.01882 bit/s/Hz
12132[UE 5 | RB 1] Throughput = 1.31256 Mbps | SE = 0.03440 bit/s/Hz
12232[UE 5 | RB 1] Throughput = 1.19529 Mbps | SE = 0.03132 bit/s/Hz
12332[UE 5 | RB 1] Throughput = 1.07850 Mbps | SE = 0.02826 bit/s/Hz
12442[UE 5 | RB 1] Throughput = 1.19825 Mbps | SE = 0.03140 bit/s/Hz
12552[UE 5 | RB 1] Throughput = 0.87321 Mbps | SE = 0.02288 bit/s/Hz
12652[UE 5 | RB 1] Throughput = 1.07775 Mbps | SE = 0.02824 bit/s/Hz
12762[UE 5 | RB 1] Throughput = 1.08757 Mbps | SE = 0.02850 bit/s/Hz
12872[UE 5 | RB 1] Throughput = 0.76314 Mbps | SE = 0.02000 bit/s/Hz
12982[UE 5 | RB 1] Throughput = 1.30859 Mbps | SE = 0.03429 bit/s/Hz
13082[UE 5 | RB 1] Throughput = 1.19836 Mbps | SE = 0.03140 bit/s/Hz
13192[UE 5 | RB 1] Throughput = 0.76150 Mbps | SE = 0.01996 bit/s/Hz
13302[UE 5 | RB 1] Throughput = 1.41536 Mbps | SE = 0.03709 bit/s/Hz
13412[UE 5 | RB 1] Throughput = 0.98169 Mbps | SE = 0.02573 bit/s/Hz
13522[UE 5 | RB 1] Throughput = 0.98358 Mbps | SE = 0.02578 bit/s/Hz
13622[UE 5 | RB 1] Throughput = 1.07647 Mbps | SE = 0.02821 bit/s/Hz
13732[UE 5 | RB 1] Throughput = 0.98271 Mbps | SE = 0.02575 bit/s/Hz
13832[UE 5 | RB 1] Throughput = 1.19627 Mbps | SE = 0.03135 bit/s/Hz
13942[UE 5 | RB 1] Throughput = 0.98050 Mbps | SE = 0.02569 bit/s/Hz
14042[UE 5 | RB 1] Throughput = 0.83884 Mbps | SE = 0.02198 bit/s/Hz
14152[UE 5 | RB 1] Throughput = 1.19776 Mbps | SE = 0.03139 bit/s/Hz
14252[UE 5 | RB 1] Throughput = 1.19701 Mbps | SE = 0.03137 bit/s/Hz
14363[UE 5 | RB 1] Throughput = 1.08671 Mbps | SE = 0.02848 bit/s/Hz
14472[UE 5 | RB 1] Throughput = 1.09362 Mbps | SE = 0.02866 bit/s/Hz
14572[UE 5 | RB 1] Throughput = 1.07655 Mbps | SE = 0.02821 bit/s/Hz
14682[UE 5 | RB 1] Throughput = 0.97994 Mbps | SE = 0.02568 bit/s/Hz
14792[UE 5 | RB 1] Throughput = 1.09065 Mbps | SE = 0.02858 bit/s/Hz
14892[UE 5 | RB 1] Throughput = 0.95722 Mbps | SE = 0.02508 bit/s/Hz
15002[UE 5 | RB 1] Throughput = 1.09101 Mbps | SE = 0.02859 bit/s/Hz
15112[UE 5 | RB 1] Throughput = 1.31001 Mbps | SE = 0.03433 bit/s/Hz
15222[UE 5 | RB 1] Throughput = 0.76217 Mbps | SE = 0.01997 bit/s/Hz
15322[UE 5 | RB 1] Throughput = 1.31806 Mbps | SE = 0.03454 bit/s/Hz
15422[UE 5 | RB 1] Throughput = 1.07705 Mbps | SE = 0.02822 bit/s/Hz
15532[UE 5 | RB 1] Throughput = 0.97928 Mbps | SE = 0.02566 bit/s/Hz
15632[UE 5 | RB 1] Throughput = 0.95834 Mbps | SE = 0.02511 bit/s/Hz
15742[UE 5 | RB 1] Throughput = 1.09134 Mbps | SE = 0.02860 bit/s/Hz
15843[UE 5 | RB 1] Throughput = 1.19513 Mbps | SE = 0.03132 bit/s/Hz
15952[UE 5 | RB 1] Throughput = 1.09181 Mbps | SE = 0.02861 bit/s/Hz
16052[UE 5 | RB 1] Throughput = 0.95754 Mbps | SE = 0.02509 bit/s/Hz
16152[UE 5 | RB 1] Throughput = 1.19824 Mbps | SE = 0.03140 bit/s/Hz
16262[UE 5 | RB 1] Throughput = 0.76378 Mbps | SE = 0.02002 bit/s/Hz
16362[UE 5 | RB 1] Throughput = 1.31766 Mbps | SE = 0.03453 bit/s/Hz
16462[UE 5 | RB 1] Throughput = 1.07798 Mbps | SE = 0.02825 bit/s/Hz
16562[UE 5 | RB 1] Throughput = 1.19753 Mbps | SE = 0.03138 bit/s/Hz
16673[UE 5 | RB 1] Throughput = 1.19505 Mbps | SE = 0.03132 bit/s/Hz
16782[UE 5 | RB 1] Throughput = 0.87443 Mbps | SE = 0.02291 bit/s/Hz
16892[UE 5 | RB 1] Throughput = 0.98122 Mbps | SE = 0.02571 bit/s/Hz
16992[UE 5 | RB 1] Throughput = 1.07764 Mbps | SE = 0.02824 bit/s/Hz
17092[UE 5 | RB 1] Throughput = 1.07735 Mbps | SE = 0.02823 bit/s/Hz
17202[UE 5 | RB 1] Throughput = 1.09069 Mbps | SE = 0.02858 bit/s/Hz
17302[UE 5 | RB 1] Throughput = 1.31675 Mbps | SE = 0.03451 bit/s/Hz
17412[UE 5 | RB 1] Throughput = 0.65547 Mbps | SE = 0.01718 bit/s/Hz
17522[UE 5 | RB 1] Throughput = 1.08870 Mbps | SE = 0.02853 bit/s/Hz
17622[UE 5 | RB 1] Throughput = 1.31669 Mbps | SE = 0.03450 bit/s/Hz
17732[UE 5 | RB 1] Throughput = 0.98175 Mbps | SE = 0.02573 bit/s/Hz
17832[UE 5 | RB 1] Throughput = 1.19835 Mbps | SE = 0.03140 bit/s/Hz
17932[UE 5 | RB 1] Throughput = 1.19838 Mbps | SE = 0.03140 bit/s/Hz
18042[UE 5 | RB 1] Throughput = 0.87188 Mbps | SE = 0.02285 bit/s/Hz
18142[UE 5 | RB 1] Throughput = 1.07720 Mbps | SE = 0.02823 bit/s/Hz
18242[UE 5 | RB 1] Throughput = 1.19838 Mbps | SE = 0.03140 bit/s/Hz
18352[UE 5 | RB 1] Throughput = 0.98262 Mbps | SE = 0.02575 bit/s/Hz
18452[UE 5 | RB 1] Throughput = 1.19822 Mbps | SE = 0.03140 bit/s/Hz
18552[UE 5 | RB 1] Throughput = 0.71728 Mbps | SE = 0.01880 bit/s/Hz
18662[UE 5 | RB 1] Throughput = 1.19777 Mbps | SE = 0.03139 bit/s/Hz
18772[UE 5 | RB 1] Throughput = 1.20216 Mbps | SE = 0.03150 bit/s/Hz
18872[UE 5 | RB 1] Throughput = 0.71710 Mbps | SE = 0.01879 bit/s/Hz
18982[UE 5 | RB 1] Throughput = 1.41634 Mbps | SE = 0.03712 bit/s/Hz
19083[UE 5 | RB 1] Throughput = 1.07588 Mbps | SE = 0.02819 bit/s/Hz
19192[UE 5 | RB 1] Throughput = 1.09343 Mbps | SE = 0.02865 bit/s/Hz
19292[UE 5 | RB 1] Throughput = 0.59843 Mbps | SE = 0.01568 bit/s/Hz
19392[UE 5 | RB 1] Throughput = 1.31631 Mbps | SE = 0.03449 bit/s/Hz
19503[UE 5 | RB 1] Throughput = 1.30666 Mbps | SE = 0.03424 bit/s/Hz
19603[UE 5 | RB 1] Throughput = 0.71897 Mbps | SE = 0.01884 bit/s/Hz
19703[UE 5 | RB 1] Throughput = 1.31699 Mbps | SE = 0.03451 bit/s/Hz
19812[UE 5 | RB 1] Throughput = 0.76469 Mbps | SE = 0.02004 bit/s/Hz
19922[UE 5 | RB 1] Throughput = 1.19827 Mbps | SE = 0.03140 bit/s/Hz
20023[UE 5 | RB 1] Throughput = 1.31432 Mbps | SE = 0.03444 bit/s/Hz
20132[UE 5 | RB 1] Throughput = 0.76455 Mbps | SE = 0.02004 bit/s/Hz
20232[UE 5 | RB 1] Throughput = 1.19805 Mbps | SE = 0.03140 bit/s/Hz
20342[UE 5 | RB 1] Throughput = 1.19755 Mbps | SE = 0.03138 bit/s/Hz
20443[UE 5 | RB 1] Throughput = 0.83796 Mbps | SE = 0.02196 bit/s/Hz
20552[UE 5 | RB 1] Throughput = 1.31411 Mbps | SE = 0.03444 bit/s/Hz
20652[UE 5 | RB 1] Throughput = 0.95611 Mbps | SE = 0.02506 bit/s/Hz
20753[UE 5 | RB 1] Throughput = 0.95397 Mbps | SE = 0.02500 bit/s/Hz
20863[UE 5 | RB 1] Throughput = 1.09151 Mbps | SE = 0.02860 bit/s/Hz
20972[UE 5 | RB 1] Throughput = 1.20241 Mbps | SE = 0.03151 bit/s/Hz
21072[UE 5 | RB 1] Throughput = 0.83823 Mbps | SE = 0.02197 bit/s/Hz
21172[UE 5 | RB 1] Throughput = 1.19840 Mbps | SE = 0.03140 bit/s/Hz
21272[UE 5 | RB 1] Throughput = 0.71773 Mbps | SE = 0.01881 bit/s/Hz
21383[UE 5 | RB 1] Throughput = 1.29855 Mbps | SE = 0.03403 bit/s/Hz
21492[UE 5 | RB 1] Throughput = 0.65962 Mbps | SE = 0.01729 bit/s/Hz
21592[UE 5 | RB 1] Throughput = 1.55363 Mbps | SE = 0.04071 bit/s/Hz
21703[UE 5 | RB 1] Throughput = 1.19775 Mbps | SE = 0.03139 bit/s/Hz
21803[UE 5 | RB 1] Throughput = 0.71900 Mbps | SE = 0.01884 bit/s/Hz
21912[UE 5 | RB 1] Throughput = 1.20236 Mbps | SE = 0.03151 bit/s/Hz
22012[UE 5 | RB 1] Throughput = 1.19704 Mbps | SE = 0.03137 bit/s/Hz
22123[UE 5 | RB 1] Throughput = 0.86952 Mbps | SE = 0.02279 bit/s/Hz
22232[UE 5 | RB 1] Throughput = 1.20101 Mbps | SE = 0.03147 bit/s/Hz
22333[UE 5 | RB 1] Throughput = 1.07643 Mbps | SE = 0.02821 bit/s/Hz
22442[UE 5 | RB 1] Throughput = 1.19913 Mbps | SE = 0.03142 bit/s/Hz
22552[UE 5 | RB 1] Throughput = 0.65415 Mbps | SE = 0.01714 bit/s/Hz
22662[UE 5 | RB 1] Throughput = 1.30604 Mbps | SE = 0.03423 bit/s/Hz
22763[UE 5 | RB 1] Throughput = 1.31684 Mbps | SE = 0.03451 bit/s/Hz
22872[UE 5 | RB 1] Throughput = 0.65709 Mbps | SE = 0.01722 bit/s/Hz
22972[UE 5 | RB 1] Throughput = 1.31352 Mbps | SE = 0.03442 bit/s/Hz
23082[UE 5 | RB 1] Throughput = 1.19998 Mbps | SE = 0.03145 bit/s/Hz
23182[UE 5 | RB 1] Throughput = 0.71849 Mbps | SE = 0.01883 bit/s/Hz
23292[UE 5 | RB 1] Throughput = 1.30735 Mbps | SE = 0.03426 bit/s/Hz
23402[UE 5 | RB 1] Throughput = 1.19738 Mbps | SE = 0.03138 bit/s/Hz
23502[UE 5 | RB 1] Throughput = 0.83887 Mbps | SE = 0.02198 bit/s/Hz
23612[UE 5 | RB 1] Throughput = 1.19837 Mbps | SE = 0.03140 bit/s/Hz
23723[UE 5 | RB 1] Throughput = 0.87008 Mbps | SE = 0.02280 bit/s/Hz
23832[UE 5 | RB 1] Throughput = 1.20030 Mbps | SE = 0.03145 bit/s/Hz
23932[UE 5 | RB 1] Throughput = 0.71881 Mbps | SE = 0.01884 bit/s/Hz
24043[UE 5 | RB 1] Throughput = 1.30605 Mbps | SE = 0.03423 bit/s/Hz
24152[UE 5 | RB 1] Throughput = 1.09062 Mbps | SE = 0.02858 bit/s/Hz
24263[UE 5 | RB 1] Throughput = 1.08865 Mbps | SE = 0.02853 bit/s/Hz
24372[UE 5 | RB 1] Throughput = 1.09274 Mbps | SE = 0.02864 bit/s/Hz
24472[UE 5 | RB 1] Throughput = 1.07827 Mbps | SE = 0.02826 bit/s/Hz
24572[UE 5 | RB 1] Throughput = 1.19768 Mbps | SE = 0.03139 bit/s/Hz
24673[UE 5 | RB 1] Throughput = 0.95663 Mbps | SE = 0.02507 bit/s/Hz
24782[UE 5 | RB 1] Throughput = 0.98297 Mbps | SE = 0.02576 bit/s/Hz
24882[UE 5 | RB 1] Throughput = 1.31721 Mbps | SE = 0.03452 bit/s/Hz
24992[UE 5 | RB 1] Throughput = 0.65476 Mbps | SE = 0.01716 bit/s/Hz
25092[UE 5 | RB 1] Throughput = 1.19471 Mbps | SE = 0.03131 bit/s/Hz
25202[UE 5 | RB 1] Throughput = 1.19976 Mbps | SE = 0.03144 bit/s/Hz
25302[UE 5 | RB 1] Throughput = 1.07813 Mbps | SE = 0.02825 bit/s/Hz
25403[UE 5 | RB 1] Throughput = 1.31583 Mbps | SE = 0.03448 bit/s/Hz
25503[UE 5 | RB 1] Throughput = 0.83783 Mbps | SE = 0.02196 bit/s/Hz
25612[UE 5 | RB 1] Throughput = 1.20079 Mbps | SE = 0.03147 bit/s/Hz
25723[UE 5 | RB 1] Throughput = 1.08861 Mbps | SE = 0.02853 bit/s/Hz
25832[UE 5 | RB 1] Throughput = 1.09156 Mbps | SE = 0.02860 bit/s/Hz
25933[UE 5 | RB 1] Throughput = 0.71644 Mbps | SE = 0.01877 bit/s/Hz
26043[UE 5 | RB 1] Throughput = 1.20009 Mbps | SE = 0.03145 bit/s/Hz
26153[UE 5 | RB 1] Throughput = 1.19788 Mbps | SE = 0.03139 bit/s/Hz
26262[UE 5 | RB 1] Throughput = 1.09064 Mbps | SE = 0.02858 bit/s/Hz
26373[UE 5 | RB 1] Throughput = 0.87061 Mbps | SE = 0.02281 bit/s/Hz
26482[UE 5 | RB 1] Throughput = 0.87212 Mbps | SE = 0.02285 bit/s/Hz
26592[UE 5 | RB 1] Throughput = 1.52643 Mbps | SE = 0.04000 bit/s/Hz
26692[UE 5 | RB 1] Throughput = 1.07803 Mbps | SE = 0.02825 bit/s/Hz
26792[UE 5 | RB 1] Throughput = 0.95837 Mbps | SE = 0.02511 bit/s/Hz
26893[UE 5 | RB 1] Throughput = 0.71770 Mbps | SE = 0.01881 bit/s/Hz
27003[UE 5 | RB 1] Throughput = 1.09005 Mbps | SE = 0.02857 bit/s/Hz
27103[UE 5 | RB 1] Throughput = 1.19820 Mbps | SE = 0.03140 bit/s/Hz
27213[UE 5 | RB 1] Throughput = 0.98170 Mbps | SE = 0.02573 bit/s/Hz
27313[UE 5 | RB 1] Throughput = 1.31602 Mbps | SE = 0.03449 bit/s/Hz
27423[UE 5 | RB 1] Throughput = 1.19821 Mbps | SE = 0.03140 bit/s/Hz
27533[UE 5 | RB 1] Throughput = 0.87050 Mbps | SE = 0.02281 bit/s/Hz
27643[UE 5 | RB 1] Throughput = 1.08947 Mbps | SE = 0.02855 bit/s/Hz
27752[UE 5 | RB 1] Throughput = 1.09312 Mbps | SE = 0.02865 bit/s/Hz
27863[UE 5 | RB 1] Throughput = 0.97965 Mbps | SE = 0.02567 bit/s/Hz
27972[UE 5 | RB 1] Throughput = 1.09026 Mbps | SE = 0.02857 bit/s/Hz
28073[UE 5 | RB 1] Throughput = 1.07777 Mbps | SE = 0.02824 bit/s/Hz
28182[UE 5 | RB 1] Throughput = 0.98168 Mbps | SE = 0.02573 bit/s/Hz
28293[UE 5 | RB 1] Throughput = 1.30420 Mbps | SE = 0.03418 bit/s/Hz
28403[UE 5 | RB 1] Throughput = 1.08776 Mbps | SE = 0.02851 bit/s/Hz
28513[UE 5 | RB 1] Throughput = 0.87388 Mbps | SE = 0.02290 bit/s/Hz
28613[UE 5 | RB 1] Throughput = 1.07783 Mbps | SE = 0.02824 bit/s/Hz
28713[UE 5 | RB 1] Throughput = 0.95680 Mbps | SE = 0.02507 bit/s/Hz
28823[UE 5 | RB 1] Throughput = 1.09254 Mbps | SE = 0.02863 bit/s/Hz
28923[UE 5 | RB 1] Throughput = 1.31577 Mbps | SE = 0.03448 bit/s/Hz
29033[UE 5 | RB 1] Throughput = 1.09128 Mbps | SE = 0.02860 bit/s/Hz
29133[UE 5 | RB 1] Throughput = 0.59848 Mbps | SE = 0.01568 bit/s/Hz
29242[UE 5 | RB 1] Throughput = 1.30926 Mbps | SE = 0.03431 bit/s/Hz
29342[UE 5 | RB 1] Throughput = 1.31796 Mbps | SE = 0.03454 bit/s/Hz
29443[UE 5 | RB 1] Throughput = 0.71801 Mbps | SE = 0.01882 bit/s/Hz
29553[UE 5 | RB 1] Throughput = 1.19659 Mbps | SE = 0.03136 bit/s/Hz
29653[UE 5 | RB 1] Throughput = 1.07854 Mbps | SE = 0.02826 bit/s/Hz
29763[UE 5 | RB 1] Throughput = 0.87252 Mbps | SE = 0.02286 bit/s/Hz
29872[UE 5 | RB 1] Throughput = 1.41894 Mbps | SE = 0.03718 bit/s/Hz
29982[UE 5 | RB 1] Throughput = 0.98083 Mbps | SE = 0.02570 bit/s/Hz
30083[UE 5 | RB 1] Throughput = 1.07643 Mbps | SE = 0.02821 bit/s/Hz
30192[UE 5 | RB 1] Throughput = 0.87376 Mbps | SE = 0.02290 bit/s/Hz
30293[UE 5 | RB 1] Throughput = 1.31470 Mbps | SE = 0.03445 bit/s/Hz
30403[UE 5 | RB 1] Throughput = 0.87150 Mbps | SE = 0.02284 bit/s/Hz
30512[UE 5 | RB 1] Throughput = 1.20229 Mbps | SE = 0.03151 bit/s/Hz
30613[UE 5 | RB 1] Throughput = 1.07526 Mbps | SE = 0.02818 bit/s/Hz
30713[UE 5 | RB 1] Throughput = 0.95806 Mbps | SE = 0.02511 bit/s/Hz
30822[UE 5 | RB 1] Throughput = 1.09122 Mbps | SE = 0.02860 bit/s/Hz
30923[UE 5 | RB 1] Throughput = 1.19730 Mbps | SE = 0.03138 bit/s/Hz
31023[UE 5 | RB 1] Throughput = 1.19641 Mbps | SE = 0.03135 bit/s/Hz
31132[UE 5 | RB 1] Throughput = 0.54605 Mbps | SE = 0.01431 bit/s/Hz
31243[UE 5 | RB 1] Throughput = 1.52413 Mbps | SE = 0.03994 bit/s/Hz
31343[UE 5 | RB 1] Throughput = 0.71767 Mbps | SE = 0.01881 bit/s/Hz
31452[UE 5 | RB 1] Throughput = 1.31237 Mbps | SE = 0.03439 bit/s/Hz
31553[UE 5 | RB 1] Throughput = 1.07651 Mbps | SE = 0.02821 bit/s/Hz
31653[UE 5 | RB 1] Throughput = 0.71881 Mbps | SE = 0.01884 bit/s/Hz
31762[UE 5 | RB 1] Throughput = 1.30830 Mbps | SE = 0.03428 bit/s/Hz
31862[UE 5 | RB 1] Throughput = 0.83873 Mbps | SE = 0.02198 bit/s/Hz
31972[UE 5 | RB 1] Throughput = 1.19875 Mbps | SE = 0.03141 bit/s/Hz
32082[UE 5 | RB 1] Throughput = 0.87371 Mbps | SE = 0.02290 bit/s/Hz
32182[UE 5 | RB 1] Throughput = 1.31558 Mbps | SE = 0.03448 bit/s/Hz
32283[UE 5 | RB 1] Throughput = 1.19678 Mbps | SE = 0.03136 bit/s/Hz
32393[UE 5 | RB 1] Throughput = 1.08827 Mbps | SE = 0.02852 bit/s/Hz
32493[UE 5 | RB 1] Throughput = 1.19615 Mbps | SE = 0.03135 bit/s/Hz
32602[UE 5 | RB 1] Throughput = 0.87441 Mbps | SE = 0.02291 bit/s/Hz
32703[UE 5 | RB 1] Throughput = 1.07682 Mbps | SE = 0.02822 bit/s/Hz
32803[UE 5 | RB 1] Throughput = 0.95782 Mbps | SE = 0.02510 bit/s/Hz
32913[UE 5 | RB 1] Throughput = 1.09046 Mbps | SE = 0.02858 bit/s/Hz
33023[UE 5 | RB 1] Throughput = 1.30801 Mbps | SE = 0.03428 bit/s/Hz
33133[UE 5 | RB 1] Throughput = 1.08977 Mbps | SE = 0.02856 bit/s/Hz
33233[UE 5 | RB 1] Throughput = 0.83849 Mbps | SE = 0.02197 bit/s/Hz
33342[UE 5 | RB 1] Throughput = 1.09109 Mbps | SE = 0.02859 bit/s/Hz
33443[UE 5 | RB 1] Throughput = 1.07656 Mbps | SE = 0.02821 bit/s/Hz
33543[UE 5 | RB 1] Throughput = 1.19774 Mbps | SE = 0.03139 bit/s/Hz
33643[UE 5 | RB 1] Throughput = 0.95762 Mbps | SE = 0.02509 bit/s/Hz
33752[UE 5 | RB 1] Throughput = 0.98550 Mbps | SE = 0.02583 bit/s/Hz
33853[UE 5 | RB 1] Throughput = 1.07452 Mbps | SE = 0.02816 bit/s/Hz
33963[UE 5 | RB 1] Throughput = 0.97793 Mbps | SE = 0.02563 bit/s/Hz
34073[UE 5 | RB 1] Throughput = 1.19956 Mbps | SE = 0.03143 bit/s/Hz
34173[UE 5 | RB 1] Throughput = 0.95764 Mbps | SE = 0.02510 bit/s/Hz
34283[UE 5 | RB 1] Throughput = 1.20032 Mbps | SE = 0.03145 bit/s/Hz
34392[UE 5 | RB 1] Throughput = 1.20157 Mbps | SE = 0.03149 bit/s/Hz
34492[UE 5 | RB 1] Throughput = 0.71865 Mbps | SE = 0.01883 bit/s/Hz
34593[UE 5 | RB 1] Throughput = 1.31562 Mbps | SE = 0.03448 bit/s/Hz
34703[UE 5 | RB 1] Throughput = 0.76247 Mbps | SE = 0.01998 bit/s/Hz
34803[UE 5 | RB 1] Throughput = 1.43781 Mbps | SE = 0.03768 bit/s/Hz
34913[UE 5 | RB 1] Throughput = 0.86919 Mbps | SE = 0.02278 bit/s/Hz
35022[UE 5 | RB 1] Throughput = 1.20490 Mbps | SE = 0.03157 bit/s/Hz
35132[UE 5 | RB 1] Throughput = 1.19945 Mbps | SE = 0.03143 bit/s/Hz
35233[UE 5 | RB 1] Throughput = 0.59766 Mbps | SE = 0.01566 bit/s/Hz
35333[UE 5 | RB 1] Throughput = 1.07804 Mbps | SE = 0.02825 bit/s/Hz
35443[UE 5 | RB 1] Throughput = 1.19804 Mbps | SE = 0.03140 bit/s/Hz
35553[UE 5 | RB 1] Throughput = 1.30607 Mbps | SE = 0.03423 bit/s/Hz
35663[UE 5 | RB 1] Throughput = 1.20054 Mbps | SE = 0.03146 bit/s/Hz
35772[UE 5 | RB 1] Throughput = 0.98164 Mbps | SE = 0.02572 bit/s/Hz
35872[UE 5 | RB 1] Throughput = 0.59910 Mbps | SE = 0.01570 bit/s/Hz
35983[UE 5 | RB 1] Throughput = 1.08772 Mbps | SE = 0.02850 bit/s/Hz
36083[UE 5 | RB 1] Throughput = 1.43649 Mbps | SE = 0.03764 bit/s/Hz
36192[UE 5 | RB 1] Throughput = 1.09231 Mbps | SE = 0.02862 bit/s/Hz
36293[UE 5 | RB 1] Throughput = 0.95780 Mbps | SE = 0.02510 bit/s/Hz
36402[UE 5 | RB 1] Throughput = 1.19915 Mbps | SE = 0.03142 bit/s/Hz
36503[UE 5 | RB 1] Throughput = 1.07762 Mbps | SE = 0.02824 bit/s/Hz
36603[UE 5 | RB 1] Throughput = 0.95848 Mbps | SE = 0.02512 bit/s/Hz
36703[UE 5 | RB 1] Throughput = 0.83845 Mbps | SE = 0.02197 bit/s/Hz
36813[UE 5 | RB 1] Throughput = 0.98022 Mbps | SE = 0.02569 bit/s/Hz
36923[UE 5 | RB 1] Throughput = 1.20043 Mbps | SE = 0.03146 bit/s/Hz
37023[UE 5 | RB 1] Throughput = 1.19470 Mbps | SE = 0.03131 bit/s/Hz
37133[UE 5 | RB 1] Throughput = 1.09049 Mbps | SE = 0.02858 bit/s/Hz
37243[UE 5 | RB 1] Throughput = 1.19480 Mbps | SE = 0.03131 bit/s/Hz
37353[UE 5 | RB 1] Throughput = 0.98461 Mbps | SE = 0.02580 bit/s/Hz
37453[UE 5 | RB 1] Throughput = 1.07713 Mbps | SE = 0.02823 bit/s/Hz
37563[UE 5 | RB 1] Throughput = 1.09062 Mbps | SE = 0.02858 bit/s/Hz
37663[UE 5 | RB 1] Throughput = 1.07325 Mbps | SE = 0.02812 bit/s/Hz
37773[UE 5 | RB 1] Throughput = 1.09485 Mbps | SE = 0.02869 bit/s/Hz
37873[UE 5 | RB 1] Throughput = 0.83655 Mbps | SE = 0.02192 bit/s/Hz
37983[UE 5 | RB 1] Throughput = 1.09146 Mbps | SE = 0.02860 bit/s/Hz
38083[UE 5 | RB 1] Throughput = 1.31406 Mbps | SE = 0.03444 bit/s/Hz
38192[UE 5 | RB 1] Throughput = 0.87576 Mbps | SE = 0.02295 bit/s/Hz
38293[UE 5 | RB 1] Throughput = 1.19676 Mbps | SE = 0.03136 bit/s/Hz
38403[UE 5 | RB 1] Throughput = 0.97824 Mbps | SE = 0.02564 bit/s/Hz
38503[UE 5 | RB 1] Throughput = 0.71887 Mbps | SE = 0.01884 bit/s/Hz
38612[UE 5 | RB 1] Throughput = 1.53068 Mbps | SE = 0.04011 bit/s/Hz
38712[UE 5 | RB 1] Throughput = 0.95868 Mbps | SE = 0.02512 bit/s/Hz
38813[UE 5 | RB 1] Throughput = 1.19622 Mbps | SE = 0.03135 bit/s/Hz
38923[UE 5 | RB 1] Throughput = 1.08938 Mbps | SE = 0.02855 bit/s/Hz
39033[UE 5 | RB 1] Throughput = 0.98073 Mbps | SE = 0.02570 bit/s/Hz
39133[UE 5 | RB 1] Throughput = 1.07811 Mbps | SE = 0.02825 bit/s/Hz
39242[UE 5 | RB 1] Throughput = 0.98230 Mbps | SE = 0.02574 bit/s/Hz
39343[UE 5 | RB 1] Throughput = 1.07749 Mbps | SE = 0.02824 bit/s/Hz
39443[UE 5 | RB 1] Throughput = 1.07680 Mbps | SE = 0.02822 bit/s/Hz
39553[UE 5 | RB 1] Throughput = 0.98220 Mbps | SE = 0.02574 bit/s/Hz
39663[UE 5 | RB 1] Throughput = 1.08898 Mbps | SE = 0.02854 bit/s/Hz
39772[UE 5 | RB 1] Throughput = 1.09169 Mbps | SE = 0.02861 bit/s/Hz
39873[UE 5 | RB 1] Throughput = 1.07102 Mbps | SE = 0.02807 bit/s/Hz
39982[UE 5 | RB 1] Throughput = 1.09505 Mbps | SE = 0.02870 bit/s/Hz
40083[UE 5 | RB 1] Throughput = 0.95781 Mbps | SE = 0.02510 bit/s/Hz
40193[UE 5 | RB 1] Throughput = 1.08818 Mbps | SE = 0.02852 bit/s/Hz
40302[UE 5 | RB 1] Throughput = 1.20108 Mbps | SE = 0.03147 bit/s/Hz
40412[UE 5 | RB 1] Throughput = 1.19811 Mbps | SE = 0.03140 bit/s/Hz
40513[UE 5 | RB 1] Throughput = 0.71840 Mbps | SE = 0.01883 bit/s/Hz
40613[UE 5 | RB 1] Throughput = 1.19772 Mbps | SE = 0.03139 bit/s/Hz
40722[UE 5 | RB 1] Throughput = 1.20100 Mbps | SE = 0.03147 bit/s/Hz
40823[UE 5 | RB 1] Throughput = 1.07612 Mbps | SE = 0.02820 bit/s/Hz
40933[UE 5 | RB 1] Throughput = 1.08959 Mbps | SE = 0.02855 bit/s/Hz
41043[UE 5 | RB 1] Throughput = 0.98032 Mbps | SE = 0.02569 bit/s/Hz
41143[UE 5 | RB 1] Throughput = 0.95791 Mbps | SE = 0.02510 bit/s/Hz
41243[UE 5 | RB 1] Throughput = 1.19087 Mbps | SE = 0.03121 bit/s/Hz
41353[UE 5 | RB 1] Throughput = 1.09473 Mbps | SE = 0.02869 bit/s/Hz
41463[UE 5 | RB 1] Throughput = 0.98094 Mbps | SE = 0.02571 bit/s/Hz
41573[UE 5 | RB 1] Throughput = 0.87352 Mbps | SE = 0.02289 bit/s/Hz
41673[UE 5 | RB 1] Throughput = 1.31469 Mbps | SE = 0.03445 bit/s/Hz
41783[UE 5 | RB 1] Throughput = 1.20108 Mbps | SE = 0.03147 bit/s/Hz
41893[UE 5 | RB 1] Throughput = 0.87135 Mbps | SE = 0.02283 bit/s/Hz
42002[UE 5 | RB 1] Throughput = 0.87394 Mbps | SE = 0.02290 bit/s/Hz
42102[UE 5 | RB 1] Throughput = 1.31638 Mbps | SE = 0.03450 bit/s/Hz
42203[UE 5 | RB 1] Throughput = 1.31578 Mbps | SE = 0.03448 bit/s/Hz
42312[UE 5 | RB 1] Throughput = 0.76353 Mbps | SE = 0.02001 bit/s/Hz
42413[UE 5 | RB 1] Throughput = 1.07441 Mbps | SE = 0.02816 bit/s/Hz
42523[UE 5 | RB 1] Throughput = 0.98310 Mbps | SE = 0.02576 bit/s/Hz
42623[UE 5 | RB 1] Throughput = 1.43661 Mbps | SE = 0.03765 bit/s/Hz
42733[UE 5 | RB 1] Throughput = 0.65392 Mbps | SE = 0.01714 bit/s/Hz
42833[UE 5 | RB 1] Throughput = 1.31549 Mbps | SE = 0.03447 bit/s/Hz
42943[UE 5 | RB 1] Throughput = 1.19958 Mbps | SE = 0.03144 bit/s/Hz
43043[UE 5 | RB 1] Throughput = 0.59919 Mbps | SE = 0.01570 bit/s/Hz
43143[UE 5 | RB 1] Throughput = 1.43771 Mbps | SE = 0.03768 bit/s/Hz
43252[UE 5 | RB 1] Throughput = 1.20148 Mbps | SE = 0.03149 bit/s/Hz
43353[UE 5 | RB 1] Throughput = 1.07466 Mbps | SE = 0.02816 bit/s/Hz
43463[UE 5 | RB 1] Throughput = 0.76358 Mbps | SE = 0.02001 bit/s/Hz
43573[UE 5 | RB 1] Throughput = 1.09105 Mbps | SE = 0.02859 bit/s/Hz
43673[UE 5 | RB 1] Throughput = 1.19689 Mbps | SE = 0.03137 bit/s/Hz
43783[UE 5 | RB 1] Throughput = 0.97902 Mbps | SE = 0.02566 bit/s/Hz
43883[UE 5 | RB 1] Throughput = 1.31750 Mbps | SE = 0.03453 bit/s/Hz
43983[UE 5 | RB 1] Throughput = 0.95827 Mbps | SE = 0.02511 bit/s/Hz
44093[UE 5 | RB 1] Throughput = 1.09094 Mbps | SE = 0.02859 bit/s/Hz
44193[UE 5 | RB 1] Throughput = 1.19762 Mbps | SE = 0.03138 bit/s/Hz
44303[UE 5 | RB 1] Throughput = 0.65363 Mbps | SE = 0.01713 bit/s/Hz
44413[UE 5 | RB 1] Throughput = 1.30663 Mbps | SE = 0.03424 bit/s/Hz
44523[UE 5 | RB 1] Throughput = 1.09282 Mbps | SE = 0.02864 bit/s/Hz
44633[UE 5 | RB 1] Throughput = 1.19836 Mbps | SE = 0.03140 bit/s/Hz
44742[UE 5 | RB 1] Throughput = 1.09050 Mbps | SE = 0.02858 bit/s/Hz
44843[UE 5 | RB 1] Throughput = 1.07578 Mbps | SE = 0.02819 bit/s/Hz
44953[UE 5 | RB 1] Throughput = 0.54382 Mbps | SE = 0.01425 bit/s/Hz
45063[UE 5 | RB 1] Throughput = 1.20004 Mbps | SE = 0.03145 bit/s/Hz
45173[UE 5 | RB 1] Throughput = 1.19883 Mbps | SE = 0.03142 bit/s/Hz
45273[UE 5 | RB 1] Throughput = 1.31769 Mbps | SE = 0.03453 bit/s/Hz
45382[UE 5 | RB 1] Throughput = 0.87380 Mbps | SE = 0.02290 bit/s/Hz
45483[UE 5 | RB 1] Throughput = 1.19449 Mbps | SE = 0.03130 bit/s/Hz
45583[UE 5 | RB 1] Throughput = 0.95842 Mbps | SE = 0.02512 bit/s/Hz
45693[UE 5 | RB 1] Throughput = 0.98298 Mbps | SE = 0.02576 bit/s/Hz
45793[UE 5 | RB 1] Throughput = 1.31531 Mbps | SE = 0.03447 bit/s/Hz
45903[UE 5 | RB 1] Throughput = 0.87050 Mbps | SE = 0.02281 bit/s/Hz
46013[UE 5 | RB 1] Throughput = 0.98209 Mbps | SE = 0.02574 bit/s/Hz
46123[UE 5 | RB 1] Throughput = 1.30545 Mbps | SE = 0.03421 bit/s/Hz
46233[UE 5 | RB 1] Throughput = 1.09189 Mbps | SE = 0.02861 bit/s/Hz
46333[UE 5 | RB 1] Throughput = 0.71884 Mbps | SE = 0.01884 bit/s/Hz
46433[UE 5 | RB 1] Throughput = 1.43322 Mbps | SE = 0.03756 bit/s/Hz
46543[UE 5 | RB 1] Throughput = 1.09055 Mbps | SE = 0.02858 bit/s/Hz
46643[UE 5 | RB 1] Throughput = 0.71901 Mbps | SE = 0.01884 bit/s/Hz
46743[UE 5 | RB 1] Throughput = 1.19767 Mbps | SE = 0.03139 bit/s/Hz
46843[UE 5 | RB 1] Throughput = 1.19826 Mbps | SE = 0.03140 bit/s/Hz
46953[UE 5 | RB 1] Throughput = 0.98224 Mbps | SE = 0.02574 bit/s/Hz
47063[UE 5 | RB 1] Throughput = 1.09138 Mbps | SE = 0.02860 bit/s/Hz
47173[UE 5 | RB 1] Throughput = 1.19694 Mbps | SE = 0.03137 bit/s/Hz
47273[UE 5 | RB 1] Throughput = 1.19622 Mbps | SE = 0.03135 bit/s/Hz
47383[UE 5 | RB 1] Throughput = 0.97897 Mbps | SE = 0.02565 bit/s/Hz
47493[UE 5 | RB 1] Throughput = 0.98521 Mbps | SE = 0.02582 bit/s/Hz
47593[UE 5 | RB 1] Throughput = 1.19477 Mbps | SE = 0.03131 bit/s/Hz
47703[UE 5 | RB 1] Throughput = 0.87207 Mbps | SE = 0.02285 bit/s/Hz
47813[UE 5 | RB 1] Throughput = 1.20042 Mbps | SE = 0.03146 bit/s/Hz
47913[UE 5 | RB 1] Throughput = 0.71735 Mbps | SE = 0.01880 bit/s/Hz
48023[UE 5 | RB 1] Throughput = 1.30844 Mbps | SE = 0.03429 bit/s/Hz
48133[UE 5 | RB 1] Throughput = 1.09163 Mbps | SE = 0.02861 bit/s/Hz
48233[UE 5 | RB 1] Throughput = 0.95860 Mbps | SE = 0.02512 bit/s/Hz
48343[UE 5 | RB 1] Throughput = 0.97842 Mbps | SE = 0.02564 bit/s/Hz
48443[UE 5 | RB 1] Throughput = 1.19577 Mbps | SE = 0.03134 bit/s/Hz
48553[UE 5 | RB 1] Throughput = 1.09212 Mbps | SE = 0.02862 bit/s/Hz
48663[UE 5 | RB 1] Throughput = 1.30485 Mbps | SE = 0.03419 bit/s/Hz
48773[UE 5 | RB 1] Throughput = 0.65411 Mbps | SE = 0.01714 bit/s/Hz
48883[UE 5 | RB 1] Throughput = 1.09268 Mbps | SE = 0.02863 bit/s/Hz
48993[UE 5 | RB 1] Throughput = 1.19866 Mbps | SE = 0.03141 bit/s/Hz
49103[UE 5 | RB 1] Throughput = 1.30796 Mbps | SE = 0.03428 bit/s/Hz
49213[UE 5 | RB 1] Throughput = 0.65329 Mbps | SE = 0.01712 bit/s/Hz
49323[UE 5 | RB 1] Throughput = 1.08957 Mbps | SE = 0.02855 bit/s/Hz
49423[UE 5 | RB 1] Throughput = 1.43474 Mbps | SE = 0.03760 bit/s/Hz
49533[UE 5 | RB 1] Throughput = 1.09206 Mbps | SE = 0.02862 bit/s/Hz
49633[UE 5 | RB 1] Throughput = 0.71816 Mbps | SE = 0.01882 bit/s/Hz
49743[UE 5 | RB 1] Throughput = 1.19924 Mbps | SE = 0.03143 bit/s/Hz
49843[UE 5 | RB 1] Throughput = 1.07712 Mbps | SE = 0.02823 bit/s/Hz
49953[UE 5 | RB 1] Throughput = 1.08828 Mbps | SE = 0.02852 bit/s/Hz
50063[UE 5 | RB 1] Throughput = 1.19967 Mbps | SE = 0.03144 bit/s/Hz
50163[UE 5 | RB 1] Throughput = 0.71889 Mbps | SE = 0.01884 bit/s/Hz
50263[UE 5 | RB 1] Throughput = 1.31654 Mbps | SE = 0.03450 bit/s/Hz
50373[UE 5 | RB 1] Throughput = 0.76504 Mbps | SE = 0.02005 bit/s/Hz
50473[UE 5 | RB 1] Throughput = 1.19763 Mbps | SE = 0.03138 bit/s/Hz
50573[UE 5 | RB 1] Throughput = 1.19428 Mbps | SE = 0.03130 bit/s/Hz
50673[UE 5 | RB 1] Throughput = 1.31705 Mbps | SE = 0.03451 bit/s/Hz
50783[UE 5 | RB 1] Throughput = 0.87392 Mbps | SE = 0.02290 bit/s/Hz
50883[UE 5 | RB 1] Throughput = 1.07688 Mbps | SE = 0.02822 bit/s/Hz
50983[UE 5 | RB 1] Throughput = 0.95782 Mbps | SE = 0.02510 bit/s/Hz
51093[UE 5 | RB 1] Throughput = 1.09091 Mbps | SE = 0.02859 bit/s/Hz
51203[UE 5 | RB 1] Throughput = 0.98058 Mbps | SE = 0.02570 bit/s/Hz
51303[UE 5 | RB 1] Throughput = 1.31550 Mbps | SE = 0.03447 bit/s/Hz
51413[UE 5 | RB 1] Throughput = 1.09075 Mbps | SE = 0.02858 bit/s/Hz
51523[UE 5 | RB 1] Throughput = 1.19872 Mbps | SE = 0.03141 bit/s/Hz
51633[UE 5 | RB 1] Throughput = 0.65407 Mbps | SE = 0.01714 bit/s/Hz
51743[UE 5 | RB 1] Throughput = 1.09176 Mbps | SE = 0.02861 bit/s/Hz
51843[UE 5 | RB 1] Throughput = 1.31750 Mbps | SE = 0.03453 bit/s/Hz
51943[UE 5 | RB 1] Throughput = 0.95694 Mbps | SE = 0.02508 bit/s/Hz
52053[UE 5 | RB 1] Throughput = 1.19794 Mbps | SE = 0.03139 bit/s/Hz
52163[UE 5 | RB 1] Throughput = 0.87283 Mbps | SE = 0.02287 bit/s/Hz
52263[UE 5 | RB 1] Throughput = 1.31571 Mbps | SE = 0.03448 bit/s/Hz
52373[UE 5 | RB 1] Throughput = 0.98282 Mbps | SE = 0.02576 bit/s/Hz
52482[UE 5 | RB 1] Throughput = 0.98187 Mbps | SE = 0.02573 bit/s/Hz
52583[UE 5 | RB 1] Throughput = 0.95767 Mbps | SE = 0.02510 bit/s/Hz
52683[UE 5 | RB 1] Throughput = 1.43378 Mbps | SE = 0.03757 bit/s/Hz
52793[UE 5 | RB 1] Throughput = 0.98378 Mbps | SE = 0.02578 bit/s/Hz
52893[UE 5 | RB 1] Throughput = 0.71659 Mbps | SE = 0.01878 bit/s/Hz
53003[UE 5 | RB 1] Throughput = 1.08958 Mbps | SE = 0.02855 bit/s/Hz
53103[UE 5 | RB 1] Throughput = 1.19566 Mbps | SE = 0.03133 bit/s/Hz
53213[UE 5 | RB 1] Throughput = 0.98264 Mbps | SE = 0.02575 bit/s/Hz
53323[UE 5 | RB 1] Throughput = 1.30689 Mbps | SE = 0.03425 bit/s/Hz
53423[UE 5 | RB 1] Throughput = 0.71862 Mbps | SE = 0.01883 bit/s/Hz
53533[UE 5 | RB 1] Throughput = 1.20191 Mbps | SE = 0.03150 bit/s/Hz
53633[UE 5 | RB 1] Throughput = 1.31810 Mbps | SE = 0.03454 bit/s/Hz
53733[UE 5 | RB 1] Throughput = 0.71700 Mbps | SE = 0.01879 bit/s/Hz
53833[UE 5 | RB 1] Throughput = 1.07855 Mbps | SE = 0.02826 bit/s/Hz
53944[UE 5 | RB 1] Throughput = 1.29775 Mbps | SE = 0.03401 bit/s/Hz
54053[UE 5 | RB 1] Throughput = 1.31946 Mbps | SE = 0.03458 bit/s/Hz
54153[UE 5 | RB 1] Throughput = 0.59900 Mbps | SE = 0.01570 bit/s/Hz
54253[UE 5 | RB 1] Throughput = 1.31621 Mbps | SE = 0.03449 bit/s/Hz
54353[UE 5 | RB 1] Throughput = 1.19688 Mbps | SE = 0.03136 bit/s/Hz
54463[UE 5 | RB 1] Throughput = 0.87118 Mbps | SE = 0.02283 bit/s/Hz
54573[UE 5 | RB 1] Throughput = 0.98275 Mbps | SE = 0.02575 bit/s/Hz
54683[UE 5 | RB 1] Throughput = 1.19576 Mbps | SE = 0.03134 bit/s/Hz
54793[UE 5 | RB 1] Throughput = 1.31044 Mbps | SE = 0.03434 bit/s/Hz
54893[UE 5 | RB 1] Throughput = 0.71864 Mbps | SE = 0.01883 bit/s/Hz
55003[UE 5 | RB 1] Throughput = 1.19776 Mbps | SE = 0.03139 bit/s/Hz
55103[UE 5 | RB 1] Throughput = 0.59831 Mbps | SE = 0.01568 bit/s/Hz
55213[UE 5 | RB 1] Throughput = 1.52782 Mbps | SE = 0.04004 bit/s/Hz
55323[UE 5 | RB 1] Throughput = 0.76219 Mbps | SE = 0.01997 bit/s/Hz
55433[UE 5 | RB 1] Throughput = 1.20027 Mbps | SE = 0.03145 bit/s/Hz
55533[UE 5 | RB 1] Throughput = 1.31721 Mbps | SE = 0.03452 bit/s/Hz
55643[UE 5 | RB 1] Throughput = 0.76144 Mbps | SE = 0.01995 bit/s/Hz
55753[UE 5 | RB 1] Throughput = 1.20239 Mbps | SE = 0.03151 bit/s/Hz
55853[UE 5 | RB 1] Throughput = 1.31312 Mbps | SE = 0.03441 bit/s/Hz
55963[UE 5 | RB 1] Throughput = 0.87225 Mbps | SE = 0.02286 bit/s/Hz
56073[UE 5 | RB 1] Throughput = 0.98166 Mbps | SE = 0.02572 bit/s/Hz
56173[UE 5 | RB 1] Throughput = 0.95699 Mbps | SE = 0.02508 bit/s/Hz
56283[UE 5 | RB 1] Throughput = 1.09268 Mbps | SE = 0.02863 bit/s/Hz
56393[UE 5 | RB 1] Throughput = 1.30488 Mbps | SE = 0.03419 bit/s/Hz
56503[UE 5 | RB 1] Throughput = 0.98119 Mbps | SE = 0.02571 bit/s/Hz
56613[UE 5 | RB 1] Throughput = 1.30674 Mbps | SE = 0.03424 bit/s/Hz
56723[UE 5 | RB 1] Throughput = 0.54471 Mbps | SE = 0.01427 bit/s/Hz
56823[UE 5 | RB 1] Throughput = 1.31674 Mbps | SE = 0.03451 bit/s/Hz
56933[UE 5 | RB 1] Throughput = 1.19736 Mbps | SE = 0.03138 bit/s/Hz
57043[UE 5 | RB 1] Throughput = 0.76540 Mbps | SE = 0.02006 bit/s/Hz
57143[UE 5 | RB 1] Throughput = 1.19257 Mbps | SE = 0.03125 bit/s/Hz
57253[UE 5 | RB 1] Throughput = 1.09063 Mbps | SE = 0.02858 bit/s/Hz
57363[UE 5 | RB 1] Throughput = 1.20207 Mbps | SE = 0.03150 bit/s/Hz
57463[UE 5 | RB 1] Throughput = 1.07557 Mbps | SE = 0.02819 bit/s/Hz
57563[UE 5 | RB 1] Throughput = 0.83792 Mbps | SE = 0.02196 bit/s/Hz
57673[UE 5 | RB 1] Throughput = 1.19916 Mbps | SE = 0.03142 bit/s/Hz
57783[UE 5 | RB 1] Throughput = 0.87321 Mbps | SE = 0.02288 bit/s/Hz
57883[UE 5 | RB 1] Throughput = 1.31729 Mbps | SE = 0.03452 bit/s/Hz
57993[UE 5 | RB 1] Throughput = 0.98096 Mbps | SE = 0.02571 bit/s/Hz
58093[UE 5 | RB 1] Throughput = 1.19756 Mbps | SE = 0.03138 bit/s/Hz
58193[UE 5 | RB 1] Throughput = 0.83674 Mbps | SE = 0.02193 bit/s/Hz
58303[UE 5 | RB 1] Throughput = 1.31057 Mbps | SE = 0.03434 bit/s/Hz
58403[UE 5 | RB 1] Throughput = 1.31721 Mbps | SE = 0.03452 bit/s/Hz
58513[UE 5 | RB 1] Throughput = 0.54546 Mbps | SE = 0.01429 bit/s/Hz
58623[UE 5 | RB 1] Throughput = 1.19906 Mbps | SE = 0.03142 bit/s/Hz
58733[UE 5 | RB 1] Throughput = 1.19738 Mbps | SE = 0.03138 bit/s/Hz
58843[UE 5 | RB 1] Throughput = 1.09279 Mbps | SE = 0.02864 bit/s/Hz
58953[UE 5 | RB 1] Throughput = 0.97895 Mbps | SE = 0.02565 bit/s/Hz
59053[UE 5 | RB 1] Throughput = 1.19733 Mbps | SE = 0.03138 bit/s/Hz
59153[UE 5 | RB 1] Throughput = 1.19834 Mbps | SE = 0.03140 bit/s/Hz
59253[UE 5 | RB 1] Throughput = 0.83881 Mbps | SE = 0.02198 bit/s/Hz
59363[UE 5 | RB 1] Throughput = 1.20046 Mbps | SE = 0.03146 bit/s/Hz
59463[UE 5 | RB 1] Throughput = 0.71819 Mbps | SE = 0.01882 bit/s/Hz
59573[UE 5 | RB 1] Throughput = 1.30710 Mbps | SE = 0.03425 bit/s/Hz
59673[UE 5 | RB 1] Throughput = 1.07767 Mbps | SE = 0.02824 bit/s/Hz
59783[UE 5 | RB 1] Throughput = 1.19792 Mbps | SE = 0.03139 bit/s/Hz
59893[UE 5 | RB 1] Throughput = 1.08447 Mbps | SE = 0.02842 bit/s/Hz
60003[UE 5 | RB 1] Throughput = 0.76706 Mbps | SE = 0.02010 bit/s/Hz
60103[UE 5 | RB 1] Throughput = 1.31506 Mbps | SE = 0.03446 bit/s/Hz
60203[UE 5 | RB 1] Throughput = 0.71835 Mbps | SE = 0.01882 bit/s/Hz
60313[UE 5 | RB 1] Throughput = 1.41988 Mbps | SE = 0.03721 bit/s/Hz
60423[UE 5 | RB 1] Throughput = 0.97958 Mbps | SE = 0.02567 bit/s/Hz
60533[UE 5 | RB 1] Throughput = 0.76411 Mbps | SE = 0.02002 bit/s/Hz
60633[UE 5 | RB 1] Throughput = 1.43512 Mbps | SE = 0.03761 bit/s/Hz
60733[UE 5 | RB 1] Throughput = 0.71875 Mbps | SE = 0.01884 bit/s/Hz
60843[UE 5 | RB 1] Throughput = 1.20200 Mbps | SE = 0.03150 bit/s/Hz
60943[UE 5 | RB 1] Throughput = 1.31609 Mbps | SE = 0.03449 bit/s/Hz
61053[UE 5 | RB 1] Throughput = 1.08739 Mbps | SE = 0.02850 bit/s/Hz
61163[UE 5 | RB 1] Throughput = 1.08910 Mbps | SE = 0.02854 bit/s/Hz
61263[UE 5 | RB 1] Throughput = 0.71870 Mbps | SE = 0.01883 bit/s/Hz
61373[UE 5 | RB 1] Throughput = 1.20207 Mbps | SE = 0.03150 bit/s/Hz
61473[UE 5 | RB 1] Throughput = 0.83769 Mbps | SE = 0.02195 bit/s/Hz
61573[UE 5 | RB 1] Throughput = 1.43564 Mbps | SE = 0.03762 bit/s/Hz
61683[UE 5 | RB 1] Throughput = 0.87266 Mbps | SE = 0.02287 bit/s/Hz
61793[UE 5 | RB 1] Throughput = 1.30623 Mbps | SE = 0.03423 bit/s/Hz
61903[UE 5 | RB 1] Throughput = 0.87165 Mbps | SE = 0.02284 bit/s/Hz
62013[UE 5 | RB 1] Throughput = 1.20042 Mbps | SE = 0.03146 bit/s/Hz
62123[UE 5 | RB 1] Throughput = 1.09022 Mbps | SE = 0.02857 bit/s/Hz
62233[UE 5 | RB 1] Throughput = 0.76315 Mbps | SE = 0.02000 bit/s/Hz
62333[UE 5 | RB 1] Throughput = 1.31419 Mbps | SE = 0.03444 bit/s/Hz
62443[UE 5 | RB 1] Throughput = 0.98101 Mbps | SE = 0.02571 bit/s/Hz
62553[UE 5 | RB 1] Throughput = 1.08892 Mbps | SE = 0.02854 bit/s/Hz
62653[UE 5 | RB 1] Throughput = 1.07751 Mbps | SE = 0.02824 bit/s/Hz
62763[UE 5 | RB 1] Throughput = 0.98277 Mbps | SE = 0.02575 bit/s/Hz
62863[UE 5 | RB 1] Throughput = 0.95725 Mbps | SE = 0.02509 bit/s/Hz
62963[UE 5 | RB 1] Throughput = 1.07830 Mbps | SE = 0.02826 bit/s/Hz
63073[UE 5 | RB 1] Throughput = 1.08941 Mbps | SE = 0.02855 bit/s/Hz
63183[UE 5 | RB 1] Throughput = 1.30580 Mbps | SE = 0.03422 bit/s/Hz
63293[UE 5 | RB 1] Throughput = 1.09111 Mbps | SE = 0.02859 bit/s/Hz
63403[UE 5 | RB 1] Throughput = 1.08881 Mbps | SE = 0.02853 bit/s/Hz
63513[UE 5 | RB 1] Throughput = 1.20157 Mbps | SE = 0.03149 bit/s/Hz
63623[UE 5 | RB 1] Throughput = 0.87024 Mbps | SE = 0.02281 bit/s/Hz
63723[UE 5 | RB 1] Throughput = 1.31106 Mbps | SE = 0.03436 bit/s/Hz
63833[UE 5 | RB 1] Throughput = 0.98439 Mbps | SE = 0.02580 bit/s/Hz
63943[UE 5 | RB 1] Throughput = 0.98121 Mbps | SE = 0.02571 bit/s/Hz
64043[UE 5 | RB 1] Throughput = 0.71791 Mbps | SE = 0.01881 bit/s/Hz
64153[UE 5 | RB 1] Throughput = 1.19936 Mbps | SE = 0.03143 bit/s/Hz
64263[UE 5 | RB 1] Throughput = 0.98184 Mbps | SE = 0.02573 bit/s/Hz
64363[UE 5 | RB 1] Throughput = 1.43246 Mbps | SE = 0.03754 bit/s/Hz
64473[UE 5 | RB 1] Throughput = 1.09245 Mbps | SE = 0.02863 bit/s/Hz
64573[UE 5 | RB 1] Throughput = 0.71754 Mbps | SE = 0.01880 bit/s/Hz
64683[UE 5 | RB 1] Throughput = 1.09194 Mbps | SE = 0.02861 bit/s/Hz
64783[UE 5 | RB 1] Throughput = 1.43769 Mbps | SE = 0.03768 bit/s/Hz
64883[UE 5 | RB 1] Throughput = 0.59918 Mbps | SE = 0.01570 bit/s/Hz
64983[UE 5 | RB 1] Throughput = 1.31373 Mbps | SE = 0.03443 bit/s/Hz
65093[UE 5 | RB 1] Throughput = 1.09063 Mbps | SE = 0.02858 bit/s/Hz
65203[UE 5 | RB 1] Throughput = 1.20016 Mbps | SE = 0.03145 bit/s/Hz
65303[UE 5 | RB 1] Throughput = 1.07830 Mbps | SE = 0.02826 bit/s/Hz
65403[UE 5 | RB 1] Throughput = 0.71772 Mbps | SE = 0.01881 bit/s/Hz
65513[UE 5 | RB 1] Throughput = 1.30906 Mbps | SE = 0.03430 bit/s/Hz
65613[UE 5 | RB 1] Throughput = 1.19767 Mbps | SE = 0.03139 bit/s/Hz
65713[UE 5 | RB 1] Throughput = 0.83883 Mbps | SE = 0.02198 bit/s/Hz
65823[UE 5 | RB 1] Throughput = 1.09046 Mbps | SE = 0.02858 bit/s/Hz
65933[UE 5 | RB 1] Throughput = 0.76067 Mbps | SE = 0.01993 bit/s/Hz
66043[UE 5 | RB 1] Throughput = 1.42099 Mbps | SE = 0.03724 bit/s/Hz
66153[UE 5 | RB 1] Throughput = 0.98071 Mbps | SE = 0.02570 bit/s/Hz
66263[UE 5 | RB 1] Throughput = 1.08988 Mbps | SE = 0.02856 bit/s/Hz
66373[UE 5 | RB 1] Throughput = 1.19912 Mbps | SE = 0.03142 bit/s/Hz
66483[UE 5 | RB 1] Throughput = 1.08987 Mbps | SE = 0.02856 bit/s/Hz
66583[UE 5 | RB 1] Throughput = 0.95678 Mbps | SE = 0.02507 bit/s/Hz
66693[UE 5 | RB 1] Throughput = 0.98016 Mbps | SE = 0.02569 bit/s/Hz
66793[UE 5 | RB 1] Throughput = 1.19804 Mbps | SE = 0.03140 bit/s/Hz
66893[UE 5 | RB 1] Throughput = 0.71878 Mbps | SE = 0.01884 bit/s/Hz
67003[UE 5 | RB 1] Throughput = 1.30895 Mbps | SE = 0.03430 bit/s/Hz
67103[UE 5 | RB 1] Throughput = 0.71859 Mbps | SE = 0.01883 bit/s/Hz
67203[UE 5 | RB 1] Throughput = 1.19754 Mbps | SE = 0.03138 bit/s/Hz
67313[UE 5 | RB 1] Throughput = 1.20008 Mbps | SE = 0.03145 bit/s/Hz
67413[UE 5 | RB 1] Throughput = 1.19698 Mbps | SE = 0.03137 bit/s/Hz
67513[UE 5 | RB 1] Throughput = 0.83746 Mbps | SE = 0.02195 bit/s/Hz
67623[UE 5 | RB 1] Throughput = 1.41949 Mbps | SE = 0.03720 bit/s/Hz
67733[UE 5 | RB 1] Throughput = 0.65434 Mbps | SE = 0.01715 bit/s/Hz
67833[UE 5 | RB 1] Throughput = 1.07641 Mbps | SE = 0.02821 bit/s/Hz
67943[UE 5 | RB 1] Throughput = 1.20122 Mbps | SE = 0.03148 bit/s/Hz
68043[UE 5 | RB 1] Throughput = 1.07487 Mbps | SE = 0.02817 bit/s/Hz
68153[UE 5 | RB 1] Throughput = 1.19940 Mbps | SE = 0.03143 bit/s/Hz
68253[UE 5 | RB 1] Throughput = 0.83871 Mbps | SE = 0.02198 bit/s/Hz
68353[UE 5 | RB 1] Throughput = 1.19783 Mbps | SE = 0.03139 bit/s/Hz
68453[UE 5 | RB 1] Throughput = 1.07703 Mbps | SE = 0.02822 bit/s/Hz
68563[UE 5 | RB 1] Throughput = 1.09116 Mbps | SE = 0.02859 bit/s/Hz
68673[UE 5 | RB 1] Throughput = 1.09009 Mbps | SE = 0.02857 bit/s/Hz
68773[UE 5 | RB 1] Throughput = 1.07851 Mbps | SE = 0.02826 bit/s/Hz
68873[UE 5 | RB 1] Throughput = 0.95770 Mbps | SE = 0.02510 bit/s/Hz
68983[UE 5 | RB 1] Throughput = 1.19888 Mbps | SE = 0.03142 bit/s/Hz
69083[UE 5 | RB 1] Throughput = 1.07711 Mbps | SE = 0.02823 bit/s/Hz
69193[UE 5 | RB 1] Throughput = 1.09046 Mbps | SE = 0.02858 bit/s/Hz
69293[UE 5 | RB 1] Throughput = 1.07775 Mbps | SE = 0.02824 bit/s/Hz
69393[UE 5 | RB 1] Throughput = 0.83731 Mbps | SE = 0.02194 bit/s/Hz
69503[UE 5 | RB 1] Throughput = 1.30871 Mbps | SE = 0.03430 bit/s/Hz
69613[UE 5 | RB 1] Throughput = 0.87320 Mbps | SE = 0.02288 bit/s/Hz
69723[UE 5 | RB 1] Throughput = 1.08801 Mbps | SE = 0.02851 bit/s/Hz
69833[UE 5 | RB 1] Throughput = 1.30937 Mbps | SE = 0.03431 bit/s/Hz
69933[UE 5 | RB 1] Throughput = 1.07671 Mbps | SE = 0.02822 bit/s/Hz
70033[UE 5 | RB 1] Throughput = 0.71891 Mbps | SE = 0.01884 bit/s/Hz
70143[UE 5 | RB 1] Throughput = 1.30501 Mbps | SE = 0.03420 bit/s/Hz
70253[UE 5 | RB 1] Throughput = 0.98465 Mbps | SE = 0.02580 bit/s/Hz
70353[UE 5 | RB 1] Throughput = 0.95745 Mbps | SE = 0.02509 bit/s/Hz
70463[UE 5 | RB 1] Throughput = 1.08956 Mbps | SE = 0.02855 bit/s/Hz
70563[UE 5 | RB 1] Throughput = 1.19622 Mbps | SE = 0.03135 bit/s/Hz
70663[UE 5 | RB 1] Throughput = 1.07807 Mbps | SE = 0.02825 bit/s/Hz
70773[UE 5 | RB 1] Throughput = 1.20146 Mbps | SE = 0.03148 bit/s/Hz
70873[UE 5 | RB 1] Throughput = 0.95640 Mbps | SE = 0.02506 bit/s/Hz
70974[UE 5 | RB 1] Throughput = 1.07466 Mbps | SE = 0.02816 bit/s/Hz
71083[UE 5 | RB 1] Throughput = 0.87623 Mbps | SE = 0.02296 bit/s/Hz
71183[UE 5 | RB 1] Throughput = 1.19670 Mbps | SE = 0.03136 bit/s/Hz
71293[UE 5 | RB 1] Throughput = 1.20369 Mbps | SE = 0.03154 bit/s/Hz
71393[UE 5 | RB 1] Throughput = 0.95619 Mbps | SE = 0.02506 bit/s/Hz
71503[UE 5 | RB 1] Throughput = 0.98043 Mbps | SE = 0.02569 bit/s/Hz
71603[UE 5 | RB 1] Throughput = 1.07614 Mbps | SE = 0.02820 bit/s/Hz
71713[UE 5 | RB 1] Throughput = 1.20240 Mbps | SE = 0.03151 bit/s/Hz
71813[UE 5 | RB 1] Throughput = 0.95705 Mbps | SE = 0.02508 bit/s/Hz
71913[UE 5 | RB 1] Throughput = 1.19725 Mbps | SE = 0.03137 bit/s/Hz
72023[UE 5 | RB 1] Throughput = 0.98043 Mbps | SE = 0.02569 bit/s/Hz
72133[UE 5 | RB 1] Throughput = 1.08883 Mbps | SE = 0.02853 bit/s/Hz
72243[UE 5 | RB 1] Throughput = 0.87282 Mbps | SE = 0.02287 bit/s/Hz
72343[UE 5 | RB 1] Throughput = 1.19670 Mbps | SE = 0.03136 bit/s/Hz
72453[UE 5 | RB 1] Throughput = 1.08999 Mbps | SE = 0.02856 bit/s/Hz
72563[UE 5 | RB 1] Throughput = 1.08786 Mbps | SE = 0.02851 bit/s/Hz
72673[UE 5 | RB 1] Throughput = 1.20228 Mbps | SE = 0.03151 bit/s/Hz
72773[UE 5 | RB 1] Throughput = 0.71774 Mbps | SE = 0.01881 bit/s/Hz
72883[UE 5 | RB 1] Throughput = 1.08654 Mbps | SE = 0.02847 bit/s/Hz
72993[UE 5 | RB 1] Throughput = 1.09347 Mbps | SE = 0.02865 bit/s/Hz
73093[UE 5 | RB 1] Throughput = 1.31784 Mbps | SE = 0.03453 bit/s/Hz
73203[UE 5 | RB 1] Throughput = 0.97796 Mbps | SE = 0.02563 bit/s/Hz
73313[UE 5 | RB 1] Throughput = 0.98279 Mbps | SE = 0.02575 bit/s/Hz
73423[UE 5 | RB 1] Throughput = 1.19901 Mbps | SE = 0.03142 bit/s/Hz
73523[UE 5 | RB 1] Throughput = 0.95846 Mbps | SE = 0.02512 bit/s/Hz
73623[UE 5 | RB 1] Throughput = 1.07617 Mbps | SE = 0.02820 bit/s/Hz
73723[UE 5 | RB 1] Throughput = 1.19799 Mbps | SE = 0.03139 bit/s/Hz
73833[UE 5 | RB 1] Throughput = 0.98204 Mbps | SE = 0.02573 bit/s/Hz
73943[UE 5 | RB 1] Throughput = 1.19740 Mbps | SE = 0.03138 bit/s/Hz
74054[UE 5 | RB 1] Throughput = 0.97779 Mbps | SE = 0.02562 bit/s/Hz
74163[UE 5 | RB 1] Throughput = 0.98464 Mbps | SE = 0.02580 bit/s/Hz
74263[UE 5 | RB 1] Throughput = 0.95820 Mbps | SE = 0.02511 bit/s/Hz
74363[UE 5 | RB 1] Throughput = 1.19727 Mbps | SE = 0.03138 bit/s/Hz
74474[UE 5 | RB 1] Throughput = 1.19413 Mbps | SE = 0.03129 bit/s/Hz
74583[UE 5 | RB 1] Throughput = 1.09238 Mbps | SE = 0.02863 bit/s/Hz
74693[UE 5 | RB 1] Throughput = 0.98247 Mbps | SE = 0.02575 bit/s/Hz
74803[UE 5 | RB 1] Throughput = 1.08968 Mbps | SE = 0.02856 bit/s/Hz
74903[UE 5 | RB 1] Throughput = 1.07461 Mbps | SE = 0.02816 bit/s/Hz
75003[UE 5 | RB 1] Throughput = 0.95846 Mbps | SE = 0.02512 bit/s/Hz
75113[UE 5 | RB 1] Throughput = 0.98180 Mbps | SE = 0.02573 bit/s/Hz
75223[UE 5 | RB 1] Throughput = 1.19768 Mbps | SE = 0.03139 bit/s/Hz
75323[UE 5 | RB 1] Throughput = 1.19757 Mbps | SE = 0.03138 bit/s/Hz
75433[UE 5 | RB 1] Throughput = 0.98156 Mbps | SE = 0.02572 bit/s/Hz
75543[UE 5 | RB 1] Throughput = 0.98412 Mbps | SE = 0.02579 bit/s/Hz
75643[UE 5 | RB 1] Throughput = 1.19357 Mbps | SE = 0.03128 bit/s/Hz
75753[UE 5 | RB 1] Throughput = 1.20208 Mbps | SE = 0.03150 bit/s/Hz
75853[UE 5 | RB 1] Throughput = 0.71831 Mbps | SE = 0.01882 bit/s/Hz
75963[UE 5 | RB 1] Throughput = 1.30716 Mbps | SE = 0.03425 bit/s/Hz
76073[UE 5 | RB 1] Throughput = 1.09196 Mbps | SE = 0.02862 bit/s/Hz
76173[UE 5 | RB 1] Throughput = 1.19791 Mbps | SE = 0.03139 bit/s/Hz
76273[UE 5 | RB 1] Throughput = 0.95801 Mbps | SE = 0.02511 bit/s/Hz
76373[UE 5 | RB 1] Throughput = 0.95871 Mbps | SE = 0.02512 bit/s/Hz
76483[UE 5 | RB 1] Throughput = 0.97975 Mbps | SE = 0.02567 bit/s/Hz
76583[UE 5 | RB 1] Throughput = 1.07843 Mbps | SE = 0.02826 bit/s/Hz
76683[UE 5 | RB 1] Throughput = 0.83737 Mbps | SE = 0.02194 bit/s/Hz
76783[UE 5 | RB 1] Throughput = 1.31518 Mbps | SE = 0.03446 bit/s/Hz
76893[UE 5 | RB 1] Throughput = 1.09287 Mbps | SE = 0.02864 bit/s/Hz
77004[UE 5 | RB 1] Throughput = 1.08535 Mbps | SE = 0.02844 bit/s/Hz
77113[UE 5 | RB 1] Throughput = 1.09417 Mbps | SE = 0.02867 bit/s/Hz
77223[UE 5 | RB 1] Throughput = 1.19755 Mbps | SE = 0.03138 bit/s/Hz
77333[UE 5 | RB 1] Throughput = 1.08877 Mbps | SE = 0.02853 bit/s/Hz
77443[UE 5 | RB 1] Throughput = 1.09186 Mbps | SE = 0.02861 bit/s/Hz
77543[UE 5 | RB 1] Throughput = 0.83796 Mbps | SE = 0.02196 bit/s/Hz
77643[UE 5 | RB 1] Throughput = 1.19565 Mbps | SE = 0.03133 bit/s/Hz
77743[UE 5 | RB 1] Throughput = 1.19802 Mbps | SE = 0.03139 bit/s/Hz
77853[UE 5 | RB 1] Throughput = 0.54602 Mbps | SE = 0.01431 bit/s/Hz
77963[UE 5 | RB 1] Throughput = 1.09049 Mbps | SE = 0.02858 bit/s/Hz
78063[UE 5 | RB 1] Throughput = 1.31717 Mbps | SE = 0.03452 bit/s/Hz
78163[UE 5 | RB 1] Throughput = 1.19824 Mbps | SE = 0.03140 bit/s/Hz
78263[UE 5 | RB 1] Throughput = 0.95704 Mbps | SE = 0.02508 bit/s/Hz
78373[UE 5 | RB 1] Throughput = 1.09186 Mbps | SE = 0.02861 bit/s/Hz
78473[UE 5 | RB 1] Throughput = 1.07604 Mbps | SE = 0.02820 bit/s/Hz
78583[UE 5 | RB 1] Throughput = 1.09051 Mbps | SE = 0.02858 bit/s/Hz
78683[UE 5 | RB 1] Throughput = 0.95761 Mbps | SE = 0.02509 bit/s/Hz
78793[UE 5 | RB 1] Throughput = 1.20215 Mbps | SE = 0.03150 bit/s/Hz
78903[UE 5 | RB 1] Throughput = 0.97904 Mbps | SE = 0.02566 bit/s/Hz
79013[UE 5 | RB 1] Throughput = 1.09094 Mbps | SE = 0.02859 bit/s/Hz
79113[UE 5 | RB 1] Throughput = 1.19327 Mbps | SE = 0.03127 bit/s/Hz
79223[UE 5 | RB 1] Throughput = 0.98176 Mbps | SE = 0.02573 bit/s/Hz
79333[UE 5 | RB 1] Throughput = 0.97917 Mbps | SE = 0.02566 bit/s/Hz
79443[UE 5 | RB 1] Throughput = 1.20207 Mbps | SE = 0.03150 bit/s/Hz
79553[UE 5 | RB 1] Throughput = 1.08809 Mbps | SE = 0.02851 bit/s/Hz
79653[UE 5 | RB 1] Throughput = 0.95774 Mbps | SE = 0.02510 bit/s/Hz
79763[UE 5 | RB 1] Throughput = 0.98403 Mbps | SE = 0.02579 bit/s/Hz
79863[UE 5 | RB 1] Throughput = 1.31487 Mbps | SE = 0.03446 bit/s/Hz
79963[UE 5 | RB 1] Throughput = 0.71776 Mbps | SE = 0.01881 bit/s/Hz
80063[UE 5 | RB 1] Throughput = 1.19839 Mbps | SE = 0.03140 bit/s/Hz
80173[UE 5 | RB 1] Throughput = 1.20078 Mbps | SE = 0.03147 bit/s/Hz
80283[UE 5 | RB 1] Throughput = 1.19609 Mbps | SE = 0.03134 bit/s/Hz
80393[UE 5 | RB 1] Throughput = 0.65554 Mbps | SE = 0.01718 bit/s/Hz
80493[UE 5 | RB 1] Throughput = 1.31699 Mbps | SE = 0.03451 bit/s/Hz
80593[UE 5 | RB 1] Throughput = 0.83782 Mbps | SE = 0.02196 bit/s/Hz
80693[UE 5 | RB 1] Throughput = 1.31716 Mbps | SE = 0.03452 bit/s/Hz
80803[UE 5 | RB 1] Throughput = 1.08873 Mbps | SE = 0.02853 bit/s/Hz
80913[UE 5 | RB 1] Throughput = 1.20074 Mbps | SE = 0.03147 bit/s/Hz
81013[UE 5 | RB 1] Throughput = 0.95592 Mbps | SE = 0.02505 bit/s/Hz
81123[UE 5 | RB 1] Throughput = 0.98188 Mbps | SE = 0.02573 bit/s/Hz
81223[UE 5 | RB 1] Throughput = 1.31588 Mbps | SE = 0.03448 bit/s/Hz
81333[UE 5 | RB 1] Throughput = 0.76390 Mbps | SE = 0.02002 bit/s/Hz
81443[UE 5 | RB 1] Throughput = 1.30777 Mbps | SE = 0.03427 bit/s/Hz
81553[UE 5 | RB 1] Throughput = 0.65488 Mbps | SE = 0.01716 bit/s/Hz
81653[UE 5 | RB 1] Throughput = 1.31508 Mbps | SE = 0.03446 bit/s/Hz
81763[UE 5 | RB 1] Throughput = 1.08882 Mbps | SE = 0.02853 bit/s/Hz
81873[UE 5 | RB 1] Throughput = 1.20187 Mbps | SE = 0.03150 bit/s/Hz
81973[UE 5 | RB 1] Throughput = 0.95709 Mbps | SE = 0.02508 bit/s/Hz
82073[UE 5 | RB 1] Throughput = 1.07823 Mbps | SE = 0.02826 bit/s/Hz
82183[UE 5 | RB 1] Throughput = 0.97957 Mbps | SE = 0.02567 bit/s/Hz
82293[UE 5 | RB 1] Throughput = 0.98235 Mbps | SE = 0.02574 bit/s/Hz
82403[UE 5 | RB 1] Throughput = 1.09102 Mbps | SE = 0.02859 bit/s/Hz
82503[UE 5 | RB 1] Throughput = 0.83676 Mbps | SE = 0.02193 bit/s/Hz
82613[UE 5 | RB 1] Throughput = 1.20174 Mbps | SE = 0.03149 bit/s/Hz
82723[UE 5 | RB 1] Throughput = 1.41310 Mbps | SE = 0.03703 bit/s/Hz
82823[UE 5 | RB 1] Throughput = 0.71894 Mbps | SE = 0.01884 bit/s/Hz
82933[UE 5 | RB 1] Throughput = 1.30824 Mbps | SE = 0.03428 bit/s/Hz
83038[UE 5 | RB 1] Throughput = 0.68785 Mbps | SE = 0.01803 bit/s/Hz
83143[UE 5 | RB 1] Throughput = 1.36286 Mbps | SE = 0.03571 bit/s/Hz
83243[UE 5 | RB 1] Throughput = 1.19769 Mbps | SE = 0.03139 bit/s/Hz
83353[UE 5 | RB 1] Throughput = 0.97970 Mbps | SE = 0.02567 bit/s/Hz
83463[UE 5 | RB 1] Throughput = 1.09213 Mbps | SE = 0.02862 bit/s/Hz
83563[UE 5 | RB 1] Throughput = 1.07827 Mbps | SE = 0.02826 bit/s/Hz
83663[UE 5 | RB 1] Throughput = 1.07679 Mbps | SE = 0.02822 bit/s/Hz
83773[UE 5 | RB 1] Throughput = 0.98042 Mbps | SE = 0.02569 bit/s/Hz
83883[UE 5 | RB 1] Throughput = 1.20058 Mbps | SE = 0.03146 bit/s/Hz
83983[UE 5 | RB 1] Throughput = 0.95759 Mbps | SE = 0.02509 bit/s/Hz
84093[UE 5 | RB 1] Throughput = 1.08853 Mbps | SE = 0.02853 bit/s/Hz
84193[UE 5 | RB 1] Throughput = 1.19822 Mbps | SE = 0.03140 bit/s/Hz
84303[UE 5 | RB 1] Throughput = 1.08988 Mbps | SE = 0.02856 bit/s/Hz
84413[UE 5 | RB 1] Throughput = 0.54396 Mbps | SE = 0.01425 bit/s/Hz
84523[UE 5 | RB 1] Throughput = 1.63762 Mbps | SE = 0.04291 bit/s/Hz
84623[UE 5 | RB 1] Throughput = 0.95758 Mbps | SE = 0.02509 bit/s/Hz
84733[UE 5 | RB 1] Throughput = 0.87042 Mbps | SE = 0.02281 bit/s/Hz
84834[UE 5 | RB 1] Throughput = 1.19708 Mbps | SE = 0.03137 bit/s/Hz
84943[UE 5 | RB 1] Throughput = 0.87245 Mbps | SE = 0.02286 bit/s/Hz
85053[UE 5 | RB 1] Throughput = 1.19891 Mbps | SE = 0.03142 bit/s/Hz
85153[UE 5 | RB 1] Throughput = 1.07851 Mbps | SE = 0.02826 bit/s/Hz
85263[UE 5 | RB 1] Throughput = 1.09034 Mbps | SE = 0.02857 bit/s/Hz
85363[UE 5 | RB 1] Throughput = 1.19810 Mbps | SE = 0.03140 bit/s/Hz
85463[UE 5 | RB 1] Throughput = 1.07757 Mbps | SE = 0.02824 bit/s/Hz
85564[UE 5 | RB 1] Throughput = 0.83539 Mbps | SE = 0.02189 bit/s/Hz
85673[UE 5 | RB 1] Throughput = 0.98461 Mbps | SE = 0.02580 bit/s/Hz
85783[UE 5 | RB 1] Throughput = 1.08809 Mbps | SE = 0.02851 bit/s/Hz
85893[UE 5 | RB 1] Throughput = 1.09113 Mbps | SE = 0.02859 bit/s/Hz
85993[UE 5 | RB 1] Throughput = 1.31803 Mbps | SE = 0.03454 bit/s/Hz
86093[UE 5 | RB 1] Throughput = 1.19804 Mbps | SE = 0.03140 bit/s/Hz
86203[UE 5 | RB 1] Throughput = 0.87233 Mbps | SE = 0.02286 bit/s/Hz
86303[UE 5 | RB 1] Throughput = 1.19794 Mbps | SE = 0.03139 bit/s/Hz
86413[UE 5 | RB 1] Throughput = 0.76148 Mbps | SE = 0.01996 bit/s/Hz
86514[UE 5 | RB 1] Throughput = 1.31266 Mbps | SE = 0.03440 bit/s/Hz
86623[UE 5 | RB 1] Throughput = 0.98527 Mbps | SE = 0.02582 bit/s/Hz
86733[UE 5 | RB 1] Throughput = 1.08891 Mbps | SE = 0.02854 bit/s/Hz
86843[UE 5 | RB 1] Throughput = 0.87353 Mbps | SE = 0.02289 bit/s/Hz
86943[UE 5 | RB 1] Throughput = 1.31621 Mbps | SE = 0.03449 bit/s/Hz
87044[UE 5 | RB 1] Throughput = 1.07388 Mbps | SE = 0.02814 bit/s/Hz
87153[UE 5 | RB 1] Throughput = 0.87520 Mbps | SE = 0.02294 bit/s/Hz
87263[UE 5 | RB 1] Throughput = 1.08761 Mbps | SE = 0.02850 bit/s/Hz
87373[UE 5 | RB 1] Throughput = 1.20111 Mbps | SE = 0.03148 bit/s/Hz
87483[UE 5 | RB 1] Throughput = 1.19630 Mbps | SE = 0.03135 bit/s/Hz
87593[UE 5 | RB 1] Throughput = 0.65508 Mbps | SE = 0.01717 bit/s/Hz
87703[UE 5 | RB 1] Throughput = 1.52888 Mbps | SE = 0.04006 bit/s/Hz
87803[UE 5 | RB 1] Throughput = 1.07365 Mbps | SE = 0.02814 bit/s/Hz
87903[UE 5 | RB 1] Throughput = 0.83872 Mbps | SE = 0.02198 bit/s/Hz
88013[UE 5 | RB 1] Throughput = 0.87254 Mbps | SE = 0.02287 bit/s/Hz
88113[UE 5 | RB 1] Throughput = 1.19687 Mbps | SE = 0.03136 bit/s/Hz
88223[UE 5 | RB 1] Throughput = 1.30979 Mbps | SE = 0.03432 bit/s/Hz
88323[UE 5 | RB 1] Throughput = 0.71838 Mbps | SE = 0.01883 bit/s/Hz
88433[UE 5 | RB 1] Throughput = 1.20109 Mbps | SE = 0.03148 bit/s/Hz
88533[UE 5 | RB 1] Throughput = 0.95821 Mbps | SE = 0.02511 bit/s/Hz
88643[UE 5 | RB 1] Throughput = 1.30596 Mbps | SE = 0.03422 bit/s/Hz
88743[UE 5 | RB 1] Throughput = 1.19835 Mbps | SE = 0.03140 bit/s/Hz
88843[UE 5 | RB 1] Throughput = 1.07657 Mbps | SE = 0.02821 bit/s/Hz
88953[UE 5 | RB 1] Throughput = 0.98013 Mbps | SE = 0.02568 bit/s/Hz
89065[UE 5 | RB 1] Throughput = 0.75090 Mbps | SE = 0.01968 bit/s/Hz
89173[UE 5 | RB 1] Throughput = 1.33064 Mbps | SE = 0.03487 bit/s/Hz
89283[UE 5 | RB 1] Throughput = 0.76281 Mbps | SE = 0.01999 bit/s/Hz
89383[UE 5 | RB 1] Throughput = 1.31688 Mbps | SE = 0.03451 bit/s/Hz
89493[UE 5 | RB 1] Throughput = 1.19872 Mbps | SE = 0.03141 bit/s/Hz
89593[UE 5 | RB 1] Throughput = 1.07692 Mbps | SE = 0.02822 bit/s/Hz
89703[UE 5 | RB 1] Throughput = 0.87248 Mbps | SE = 0.02286 bit/s/Hz
89813[UE 5 | RB 1] Throughput = 1.41464 Mbps | SE = 0.03707 bit/s/Hz
89914[UE 5 | RB 1] Throughput = 0.59863 Mbps | SE = 0.01569 bit/s/Hz
[xApp]: E42 RIC_SUBSCRIPTION_DELETE_REQUEST tx RAN_FUNC_ID 144 RIC_REQ_ID 1 
[xApp]: E42 SUBSCRIPTION DELETE RESPONSE rx
[xApp]: E42 RIC_SUBSCRIPTION_DELETE_REQUEST tx RAN_FUNC_ID 144 RIC_REQ_ID 2 
[xApp]: E42 SUBSCRIPTION DELETE RESPONSE rx
[xApp]: E42 RIC_SUBSCRIPTION_DELETE_REQUEST tx RAN_FUNC_ID 144 RIC_REQ_ID 3 
[xApp]: E42 SUBSCRIPTION DELETE RESPONSE rx
[xApp]: Sucessfully stopped 
Test xApp run SUCCESSFULLY
