[UTIL]: Setting the config -c file to /usr/local/etc/flexric/flexric.conf
[UTIL]: Setting path -p for the shared libraries to /usr/local/lib/flexric/
[xAapp]: Initializing ... 
[xApp]: nearRT-RIC IP Address = 192.168.70.150, PORT = 36422
[E2 AGENT]: Opening plugin from path = /usr/local/lib/flexric/libkpm_sm.so 
[E2 AGENT]: Opening plugin from path = /usr/local/lib/flexric/libmac_sm.so 
[E2 AGENT]: Opening plugin from path = /usr/local/lib/flexric/libpdcp_sm.so 
[E2 AGENT]: Opening plugin from path = /usr/local/lib/flexric/libgtp_sm.so 
[E2 AGENT]: Opening plugin from path = /usr/local/lib/flexric/librc_sm.so 
[E2 AGENT]: Opening plugin from path = /usr/local/lib/flexric/libtc_sm.so 
[E2 AGENT]: Opening plugin from path = /usr/local/lib/flexric/librlc_sm.so 
[E2 AGENT]: Opening plugin from path = /usr/local/lib/flexric/libslice_sm.so 
[NEAR-RIC]: Loading SM ID = 2 with def = ORAN-E2SM-KPM 
[NEAR-RIC]: Loading SM ID = 142 with def = MAC_STATS_V0 
[NEAR-RIC]: Loading SM ID = 144 with def = PDCP_STATS_V0 
[NEAR-RIC]: Loading SM ID = 148 with def = GTP_STATS_V0 
[NEAR-RIC]: Loading SM ID = 3 with def = ORAN-E2SM-RC 
[NEAR-RIC]: Loading SM ID = 146 with def = TC_STATS_V0 
[NEAR-RIC]: Loading SM ID = 143 with def = RLC_STATS_V0 
[NEAR-RIC]: Loading SM ID = 145 with def = SLICE_STATS_V0 
[xApp]: DB filename = /tmp/flexric/xapp_db 
 [xApp]: E42 SETUP-REQUEST tx
[xApp]: E42 SETUP-RESPONSE rx 
[xApp]: xApp ID = 91 
[xApp]: Registered E2 Nodes = 3 
Connected E2 nodes = 3
[xAPP] Registered node 0 ran func id = 2 
 [xAPP] Registered node 0 ran func id = 3 
 [xAPP] Registered node 0 ran func id = 142 
 [xAPP] Registered node 0 ran func id = 143 
 [xAPP] Registered node 0 ran func id = 144 
 [xAPP] Registered node 0 ran func id = 145 
 [xAPP] Registered node 0 ran func id = 146 
 [xAPP] Registered node 0 ran func id = 148 
 [xApp]: E42 RIC SUBSCRIPTION REQUEST tx RAN_FUNC_ID 144 RIC_REQ_ID 1 
[xApp]: SUBSCRIPTION RESPONSE rx
[xApp]: Successfully subscribed to RAN_FUNC_ID 144 
[xAPP] Registered node 1 ran func id = 2 
 [xAPP] Registered node 1 ran func id = 3 
 [xAPP] Registered node 1 ran func id = 142 
 [xAPP] Registered node 1 ran func id = 143 
 [xAPP] Registered node 1 ran func id = 144 
 [xAPP] Registered node 1 ran func id = 145 
 [xAPP] Registered node 1 ran func id = 146 
 [xAPP] Registered node 1 ran func id = 148 
 [xApp]: E42 RIC SUBSCRIPTION REQUEST tx RAN_FUNC_ID 144 RIC_REQ_ID 2 
[xApp]: SUBSCRIPTION RESPONSE rx
[xApp]: Successfully subscribed to RAN_FUNC_ID 144 
[xAPP] Registered node 2 ran func id = 2 
 [xAPP] Registered node 2 ran func id = 3 
 [xAPP] Registered node 2 ran func id = 142 
 [xAPP] Registered node 2 ran func id = 143 
 [xAPP] Registered node 2 ran func id = 144 
 [xAPP] Registered node 2 ran func id = 145 
 [xAPP] Registered node 2 ran func id = 146 
 [xAPP] Registered node 2 ran func id = 148 
 [xApp]: E42 RIC SUBSCRIPTION REQUEST tx RAN_FUNC_ID 144 RIC_REQ_ID 3 
[xApp]: SUBSCRIPTION RESPONSE rx
[xApp]: Successfully subscribed to RAN_FUNC_ID 144 
112[UE 5 | RB 1] Throughput = 1.07747 Mbps | SE = 0.02824 bit/s/Hz
222[UE 5 | RB 1] Throughput = 1.08862 Mbps | SE = 0.02853 bit/s/Hz
332[UE 5 | RB 1] Throughput = 1.08871 Mbps | SE = 0.02853 bit/s/Hz
432[UE 5 | RB 1] Throughput = 1.19779 Mbps | SE = 0.03139 bit/s/Hz
532[UE 5 | RB 1] Throughput = 0.59765 Mbps | SE = 0.01566 bit/s/Hz
642[UE 5 | RB 1] Throughput = 1.31373 Mbps | SE = 0.03443 bit/s/Hz
752[UE 5 | RB 1] Throughput = 1.19630 Mbps | SE = 0.03135 bit/s/Hz
862[UE 5 | RB 1] Throughput = 0.98091 Mbps | SE = 0.02571 bit/s/Hz
962[UE 5 | RB 1] Throughput = 1.07811 Mbps | SE = 0.02825 bit/s/Hz
1072[UE 5 | RB 1] Throughput = 1.19923 Mbps | SE = 0.03143 bit/s/Hz
1182[UE 5 | RB 1] Throughput = 1.08656 Mbps | SE = 0.02847 bit/s/Hz
1292[UE 5 | RB 1] Throughput = 1.09364 Mbps | SE = 0.02866 bit/s/Hz
1402[UE 5 | RB 1] Throughput = 0.97973 Mbps | SE = 0.02567 bit/s/Hz
1502[UE 5 | RB 1] Throughput = 0.95610 Mbps | SE = 0.02506 bit/s/Hz
1602[UE 5 | RB 1] Throughput = 1.07852 Mbps | SE = 0.02826 bit/s/Hz
1712[UE 5 | RB 1] Throughput = 0.76372 Mbps | SE = 0.02001 bit/s/Hz
1822[UE 5 | RB 1] Throughput = 1.08921 Mbps | SE = 0.02854 bit/s/Hz
1932[UE 5 | RB 1] Throughput = 1.30863 Mbps | SE = 0.03429 bit/s/Hz
2042[UE 5 | RB 1] Throughput = 1.19616 Mbps | SE = 0.03135 bit/s/Hz
2152[UE 5 | RB 1] Throughput = 1.19888 Mbps | SE = 0.03142 bit/s/Hz
2252[UE 5 | RB 1] Throughput = 0.83792 Mbps | SE = 0.02196 bit/s/Hz
2362[UE 5 | RB 1] Throughput = 0.98395 Mbps | SE = 0.02578 bit/s/Hz
2462[UE 5 | RB 1] Throughput = 1.19418 Mbps | SE = 0.03129 bit/s/Hz
2562[UE 5 | RB 1] Throughput = 1.19680 Mbps | SE = 0.03136 bit/s/Hz
2672[UE 5 | RB 1] Throughput = 1.09122 Mbps | SE = 0.02860 bit/s/Hz
2782[UE 5 | RB 1] Throughput = 0.76368 Mbps | SE = 0.02001 bit/s/Hz
2882[UE 5 | RB 1] Throughput = 1.31363 Mbps | SE = 0.03442 bit/s/Hz
2992[UE 5 | RB 1] Throughput = 1.09133 Mbps | SE = 0.02860 bit/s/Hz
3102[UE 5 | RB 1] Throughput = 1.08944 Mbps | SE = 0.02855 bit/s/Hz
3202[UE 5 | RB 1] Throughput = 0.83880 Mbps | SE = 0.02198 bit/s/Hz
3312[UE 5 | RB 1] Throughput = 1.19973 Mbps | SE = 0.03144 bit/s/Hz
3412[UE 5 | RB 1] Throughput = 1.19590 Mbps | SE = 0.03134 bit/s/Hz
3522[UE 5 | RB 1] Throughput = 0.76453 Mbps | SE = 0.02003 bit/s/Hz
3622[UE 5 | RB 1] Throughput = 1.19529 Mbps | SE = 0.03132 bit/s/Hz
3732[UE 5 | RB 1] Throughput = 0.87249 Mbps | SE = 0.02286 bit/s/Hz
3842[UE 5 | RB 1] Throughput = 1.30884 Mbps | SE = 0.03430 bit/s/Hz
3942[UE 5 | RB 1] Throughput = 1.19521 Mbps | SE = 0.03132 bit/s/Hz
4042[UE 5 | RB 1] Throughput = 1.07782 Mbps | SE = 0.02824 bit/s/Hz
4152[UE 5 | RB 1] Throughput = 0.98511 Mbps | SE = 0.02582 bit/s/Hz
4252[UE 5 | RB 1] Throughput = 1.19633 Mbps | SE = 0.03135 bit/s/Hz
4352[UE 5 | RB 1] Throughput = 0.95833 Mbps | SE = 0.02511 bit/s/Hz
4452[UE 5 | RB 1] Throughput = 0.83740 Mbps | SE = 0.02194 bit/s/Hz
4562[UE 5 | RB 1] Throughput = 1.09237 Mbps | SE = 0.02863 bit/s/Hz
4662[UE 5 | RB 1] Throughput = 1.19477 Mbps | SE = 0.03131 bit/s/Hz
4772[UE 5 | RB 1] Throughput = 0.97940 Mbps | SE = 0.02567 bit/s/Hz
4882[UE 5 | RB 1] Throughput = 1.31182 Mbps | SE = 0.03438 bit/s/Hz
4992[UE 5 | RB 1] Throughput = 0.87179 Mbps | SE = 0.02285 bit/s/Hz
5092[UE 5 | RB 1] Throughput = 1.07847 Mbps | SE = 0.02826 bit/s/Hz
5192[UE 5 | RB 1] Throughput = 1.19804 Mbps | SE = 0.03140 bit/s/Hz
5292[UE 5 | RB 1] Throughput = 0.71794 Mbps | SE = 0.01881 bit/s/Hz
5392[UE 5 | RB 1] Throughput = 1.31820 Mbps | SE = 0.03454 bit/s/Hz
5502[UE 5 | RB 1] Throughput = 0.98149 Mbps | SE = 0.02572 bit/s/Hz
5602[UE 5 | RB 1] Throughput = 1.31728 Mbps | SE = 0.03452 bit/s/Hz
5712[UE 5 | RB 1] Throughput = 1.08740 Mbps | SE = 0.02850 bit/s/Hz
5822[UE 5 | RB 1] Throughput = 0.76285 Mbps | SE = 0.01999 bit/s/Hz
5932[UE 5 | RB 1] Throughput = 1.30948 Mbps | SE = 0.03432 bit/s/Hz
6032[UE 5 | RB 1] Throughput = 1.19744 Mbps | SE = 0.03138 bit/s/Hz
6142[UE 5 | RB 1] Throughput = 0.76514 Mbps | SE = 0.02005 bit/s/Hz
6242[UE 5 | RB 1] Throughput = 1.43100 Mbps | SE = 0.03750 bit/s/Hz
6352[UE 5 | RB 1] Throughput = 0.65396 Mbps | SE = 0.01714 bit/s/Hz
6462[UE 5 | RB 1] Throughput = 1.41530 Mbps | SE = 0.03709 bit/s/Hz
6572[UE 5 | RB 1] Throughput = 0.87558 Mbps | SE = 0.02295 bit/s/Hz
6672[UE 5 | RB 1] Throughput = 1.19750 Mbps | SE = 0.03138 bit/s/Hz
6772[UE 5 | RB 1] Throughput = 0.71677 Mbps | SE = 0.01878 bit/s/Hz
6872[UE 5 | RB 1] Throughput = 1.43798 Mbps | SE = 0.03768 bit/s/Hz
6982[UE 5 | RB 1] Throughput = 1.20029 Mbps | SE = 0.03145 bit/s/Hz
7082[UE 5 | RB 1] Throughput = 0.59904 Mbps | SE = 0.01570 bit/s/Hz
7182[UE 5 | RB 1] Throughput = 1.31806 Mbps | SE = 0.03454 bit/s/Hz
7292[UE 5 | RB 1] Throughput = 1.19872 Mbps | SE = 0.03141 bit/s/Hz
7402[UE 5 | RB 1] Throughput = 0.65506 Mbps | SE = 0.01717 bit/s/Hz
7502[UE 5 | RB 1] Throughput = 1.31376 Mbps | SE = 0.03443 bit/s/Hz
7612[UE 5 | RB 1] Throughput = 1.19933 Mbps | SE = 0.03143 bit/s/Hz
7722[UE 5 | RB 1] Throughput = 1.09225 Mbps | SE = 0.02862 bit/s/Hz
7822[UE 5 | RB 1] Throughput = 0.83711 Mbps | SE = 0.02194 bit/s/Hz
7922[UE 5 | RB 1] Throughput = 1.07844 Mbps | SE = 0.02826 bit/s/Hz
8032[UE 5 | RB 1] Throughput = 1.09109 Mbps | SE = 0.02859 bit/s/Hz
8132[UE 5 | RB 1] Throughput = 1.31279 Mbps | SE = 0.03440 bit/s/Hz
8242[UE 5 | RB 1] Throughput = 1.09158 Mbps | SE = 0.02861 bit/s/Hz
8342[UE 5 | RB 1] Throughput = 0.59915 Mbps | SE = 0.01570 bit/s/Hz
8452[UE 5 | RB 1] Throughput = 1.41375 Mbps | SE = 0.03705 bit/s/Hz
8552[UE 5 | RB 1] Throughput = 0.71869 Mbps | SE = 0.01883 bit/s/Hz
8662[UE 5 | RB 1] Throughput = 1.31327 Mbps | SE = 0.03441 bit/s/Hz
8762[UE 5 | RB 1] Throughput = 0.83792 Mbps | SE = 0.02196 bit/s/Hz
8862[UE 5 | RB 1] Throughput = 1.31447 Mbps | SE = 0.03445 bit/s/Hz
8962[UE 5 | RB 1] Throughput = 1.19724 Mbps | SE = 0.03137 bit/s/Hz
9072[UE 5 | RB 1] Throughput = 0.87324 Mbps | SE = 0.02288 bit/s/Hz
9172[UE 5 | RB 1] Throughput = 1.19607 Mbps | SE = 0.03134 bit/s/Hz
9282[UE 5 | RB 1] Throughput = 1.20432 Mbps | SE = 0.03156 bit/s/Hz
9382[UE 5 | RB 1] Throughput = 0.83647 Mbps | SE = 0.02192 bit/s/Hz
9482[UE 5 | RB 1] Throughput = 0.71904 Mbps | SE = 0.01884 bit/s/Hz
9592[UE 5 | RB 1] Throughput = 1.19716 Mbps | SE = 0.03137 bit/s/Hz
9702[UE 5 | RB 1] Throughput = 1.20255 Mbps | SE = 0.03151 bit/s/Hz
9802[UE 5 | RB 1] Throughput = 0.71585 Mbps | SE = 0.01876 bit/s/Hz
9912[UE 5 | RB 1] Throughput = 1.42019 Mbps | SE = 0.03722 bit/s/Hz
10012[UE 5 | RB 1] Throughput = 1.19732 Mbps | SE = 0.03138 bit/s/Hz
10122[UE 5 | RB 1] Throughput = 1.19989 Mbps | SE = 0.03144 bit/s/Hz
10222[UE 5 | RB 1] Throughput = 0.83867 Mbps | SE = 0.02198 bit/s/Hz
10332[UE 5 | RB 1] Throughput = 0.86989 Mbps | SE = 0.02280 bit/s/Hz
10442[UE 5 | RB 1] Throughput = 1.20060 Mbps | SE = 0.03146 bit/s/Hz
10552[UE 5 | RB 1] Throughput = 1.19967 Mbps | SE = 0.03144 bit/s/Hz
10652[UE 5 | RB 1] Throughput = 0.71781 Mbps | SE = 0.01881 bit/s/Hz
10752[UE 5 | RB 1] Throughput = 1.31641 Mbps | SE = 0.03450 bit/s/Hz
10852[UE 5 | RB 1] Throughput = 1.19773 Mbps | SE = 0.03139 bit/s/Hz
10962[UE 5 | RB 1] Throughput = 1.09241 Mbps | SE = 0.02863 bit/s/Hz
11062[UE 5 | RB 1] Throughput = 0.71771 Mbps | SE = 0.01881 bit/s/Hz
11172[UE 5 | RB 1] Throughput = 1.19853 Mbps | SE = 0.03141 bit/s/Hz
11282[UE 5 | RB 1] Throughput = 1.20123 Mbps | SE = 0.03148 bit/s/Hz
11382[UE 5 | RB 1] Throughput = 1.07647 Mbps | SE = 0.02821 bit/s/Hz
11482[UE 5 | RB 1] Throughput = 1.07691 Mbps | SE = 0.02822 bit/s/Hz
11592[UE 5 | RB 1] Throughput = 0.87230 Mbps | SE = 0.02286 bit/s/Hz
11702[UE 5 | RB 1] Throughput = 0.87159 Mbps | SE = 0.02284 bit/s/Hz
11812[UE 5 | RB 1] Throughput = 1.19842 Mbps | SE = 0.03141 bit/s/Hz
11922[UE 5 | RB 1] Throughput = 1.19814 Mbps | SE = 0.03140 bit/s/Hz
12032[UE 5 | RB 1] Throughput = 0.97942 Mbps | SE = 0.02567 bit/s/Hz
12142[UE 5 | RB 1] Throughput = 1.31031 Mbps | SE = 0.03434 bit/s/Hz
12252[UE 5 | RB 1] Throughput = 0.87072 Mbps | SE = 0.02282 bit/s/Hz
12352[UE 5 | RB 1] Throughput = 0.95802 Mbps | SE = 0.02511 bit/s/Hz
12462[UE 5 | RB 1] Throughput = 0.98166 Mbps | SE = 0.02572 bit/s/Hz
12562[UE 5 | RB 1] Throughput = 1.31654 Mbps | SE = 0.03450 bit/s/Hz
12662[UE 5 | RB 1] Throughput = 1.07788 Mbps | SE = 0.02825 bit/s/Hz
12772[UE 5 | RB 1] Throughput = 0.87274 Mbps | SE = 0.02287 bit/s/Hz
12882[UE 5 | RB 1] Throughput = 1.19865 Mbps | SE = 0.03141 bit/s/Hz
12982[UE 5 | RB 1] Throughput = 0.95814 Mbps | SE = 0.02511 bit/s/Hz
13092[UE 5 | RB 1] Throughput = 1.30826 Mbps | SE = 0.03428 bit/s/Hz
13192[UE 5 | RB 1] Throughput = 1.07655 Mbps | SE = 0.02821 bit/s/Hz
13302[UE 5 | RB 1] Throughput = 0.98128 Mbps | SE = 0.02571 bit/s/Hz
13402[UE 5 | RB 1] Throughput = 1.19539 Mbps | SE = 0.03133 bit/s/Hz
13512[UE 5 | RB 1] Throughput = 0.65474 Mbps | SE = 0.01716 bit/s/Hz
13612[UE 5 | RB 1] Throughput = 1.43640 Mbps | SE = 0.03764 bit/s/Hz
13722[UE 5 | RB 1] Throughput = 1.20172 Mbps | SE = 0.03149 bit/s/Hz
13822[UE 5 | RB 1] Throughput = 0.83784 Mbps | SE = 0.02196 bit/s/Hz
13922[UE 5 | RB 1] Throughput = 1.31709 Mbps | SE = 0.03452 bit/s/Hz
14032[UE 5 | RB 1] Throughput = 1.09160 Mbps | SE = 0.02861 bit/s/Hz
14142[UE 5 | RB 1] Throughput = 0.76252 Mbps | SE = 0.01998 bit/s/Hz
14242[UE 5 | RB 1] Throughput = 1.43693 Mbps | SE = 0.03766 bit/s/Hz
14352[UE 5 | RB 1] Throughput = 0.54465 Mbps | SE = 0.01427 bit/s/Hz
14462[UE 5 | RB 1] Throughput = 1.41464 Mbps | SE = 0.03707 bit/s/Hz
14572[UE 5 | RB 1] Throughput = 1.20086 Mbps | SE = 0.03147 bit/s/Hz
14672[UE 5 | RB 1] Throughput = 0.71836 Mbps | SE = 0.01882 bit/s/Hz
14773[UE 5 | RB 1] Throughput = 1.43372 Mbps | SE = 0.03757 bit/s/Hz
14882[UE 5 | RB 1] Throughput = 0.65504 Mbps | SE = 0.01717 bit/s/Hz
14992[UE 5 | RB 1] Throughput = 1.20039 Mbps | SE = 0.03146 bit/s/Hz
15092[UE 5 | RB 1] Throughput = 1.31546 Mbps | SE = 0.03447 bit/s/Hz
15192[UE 5 | RB 1] Throughput = 0.95835 Mbps | SE = 0.02511 bit/s/Hz
15302[UE 5 | RB 1] Throughput = 1.08969 Mbps | SE = 0.02856 bit/s/Hz
15402[UE 5 | RB 1] Throughput = 0.95860 Mbps | SE = 0.02512 bit/s/Hz
15512[UE 5 | RB 1] Throughput = 1.19708 Mbps | SE = 0.03137 bit/s/Hz
15622[UE 5 | RB 1] Throughput = 0.98350 Mbps | SE = 0.02577 bit/s/Hz
15722[UE 5 | RB 1] Throughput = 1.19792 Mbps | SE = 0.03139 bit/s/Hz
15832[UE 5 | RB 1] Throughput = 0.65178 Mbps | SE = 0.01708 bit/s/Hz
15942[UE 5 | RB 1] Throughput = 1.20233 Mbps | SE = 0.03151 bit/s/Hz
16052[UE 5 | RB 1] Throughput = 1.30651 Mbps | SE = 0.03424 bit/s/Hz
16162[UE 5 | RB 1] Throughput = 0.76319 Mbps | SE = 0.02000 bit/s/Hz
16262[UE 5 | RB 1] Throughput = 1.19808 Mbps | SE = 0.03140 bit/s/Hz
16362[UE 5 | RB 1] Throughput = 1.07593 Mbps | SE = 0.02820 bit/s/Hz
16462[UE 5 | RB 1] Throughput = 1.31807 Mbps | SE = 0.03454 bit/s/Hz
16562[UE 5 | RB 1] Throughput = 1.07836 Mbps | SE = 0.02826 bit/s/Hz
16672[UE 5 | RB 1] Throughput = 0.65352 Mbps | SE = 0.01713 bit/s/Hz
16782[UE 5 | RB 1] Throughput = 1.41948 Mbps | SE = 0.03720 bit/s/Hz
16892[UE 5 | RB 1] Throughput = 1.09040 Mbps | SE = 0.02857 bit/s/Hz
16992[UE 5 | RB 1] Throughput = 1.07727 Mbps | SE = 0.02823 bit/s/Hz
17092[UE 5 | RB 1] Throughput = 1.07846 Mbps | SE = 0.02826 bit/s/Hz
17192[UE 5 | RB 1] Throughput = 0.95705 Mbps | SE = 0.02508 bit/s/Hz
17302[UE 5 | RB 1] Throughput = 0.87208 Mbps | SE = 0.02285 bit/s/Hz
17412[UE 5 | RB 1] Throughput = 1.09036 Mbps | SE = 0.02857 bit/s/Hz
17522[UE 5 | RB 1] Throughput = 1.09121 Mbps | SE = 0.02860 bit/s/Hz
17632[UE 5 | RB 1] Throughput = 1.19628 Mbps | SE = 0.03135 bit/s/Hz
17742[UE 5 | RB 1] Throughput = 1.09119 Mbps | SE = 0.02860 bit/s/Hz
17842[UE 5 | RB 1] Throughput = 0.95807 Mbps | SE = 0.02511 bit/s/Hz
17942[UE 5 | RB 1] Throughput = 1.31670 Mbps | SE = 0.03450 bit/s/Hz
18052[UE 5 | RB 1] Throughput = 1.09112 Mbps | SE = 0.02859 bit/s/Hz
18162[UE 5 | RB 1] Throughput = 0.97981 Mbps | SE = 0.02568 bit/s/Hz
18263[UE 5 | RB 1] Throughput = 0.83598 Mbps | SE = 0.02191 bit/s/Hz
18372[UE 5 | RB 1] Throughput = 1.09104 Mbps | SE = 0.02859 bit/s/Hz
18482[UE 5 | RB 1] Throughput = 1.30618 Mbps | SE = 0.03423 bit/s/Hz
18592[UE 5 | RB 1] Throughput = 1.19902 Mbps | SE = 0.03142 bit/s/Hz
18702[UE 5 | RB 1] Throughput = 0.65456 Mbps | SE = 0.01715 bit/s/Hz
18812[UE 5 | RB 1] Throughput = 1.20032 Mbps | SE = 0.03145 bit/s/Hz
18912[UE 5 | RB 1] Throughput = 0.83837 Mbps | SE = 0.02197 bit/s/Hz
19022[UE 5 | RB 1] Throughput = 1.08833 Mbps | SE = 0.02852 bit/s/Hz
19132[UE 5 | RB 1] Throughput = 1.20134 Mbps | SE = 0.03148 bit/s/Hz
19232[UE 5 | RB 1] Throughput = 1.19482 Mbps | SE = 0.03131 bit/s/Hz
19342[UE 5 | RB 1] Throughput = 0.87329 Mbps | SE = 0.02289 bit/s/Hz
19442[UE 5 | RB 1] Throughput = 1.19711 Mbps | SE = 0.03137 bit/s/Hz
19542[UE 5 | RB 1] Throughput = 1.07548 Mbps | SE = 0.02818 bit/s/Hz
19642[UE 5 | RB 1] Throughput = 1.07846 Mbps | SE = 0.02826 bit/s/Hz
19742[UE 5 | RB 1] Throughput = 1.07855 Mbps | SE = 0.02826 bit/s/Hz
19852[UE 5 | RB 1] Throughput = 1.31024 Mbps | SE = 0.03434 bit/s/Hz
19962[UE 5 | RB 1] Throughput = 0.98092 Mbps | SE = 0.02571 bit/s/Hz
20062[UE 5 | RB 1] Throughput = 0.95775 Mbps | SE = 0.02510 bit/s/Hz
20172[UE 5 | RB 1] Throughput = 1.20196 Mbps | SE = 0.03150 bit/s/Hz
20282[UE 5 | RB 1] Throughput = 0.65252 Mbps | SE = 0.01710 bit/s/Hz
20392[UE 5 | RB 1] Throughput = 1.30760 Mbps | SE = 0.03427 bit/s/Hz
20492[UE 5 | RB 1] Throughput = 1.31554 Mbps | SE = 0.03447 bit/s/Hz
20602[UE 5 | RB 1] Throughput = 0.87160 Mbps | SE = 0.02284 bit/s/Hz
20712[UE 5 | RB 1] Throughput = 0.87097 Mbps | SE = 0.02282 bit/s/Hz
20823[UE 5 | RB 1] Throughput = 1.19464 Mbps | SE = 0.03131 bit/s/Hz
20932[UE 5 | RB 1] Throughput = 1.09278 Mbps | SE = 0.02864 bit/s/Hz
21043[UE 5 | RB 1] Throughput = 1.19476 Mbps | SE = 0.03131 bit/s/Hz
21152[UE 5 | RB 1] Throughput = 0.98473 Mbps | SE = 0.02581 bit/s/Hz
21252[UE 5 | RB 1] Throughput = 1.31646 Mbps | SE = 0.03450 bit/s/Hz
21362[UE 5 | RB 1] Throughput = 0.76220 Mbps | SE = 0.01997 bit/s/Hz
21472[UE 5 | RB 1] Throughput = 0.87177 Mbps | SE = 0.02285 bit/s/Hz
21583[UE 5 | RB 1] Throughput = 1.30498 Mbps | SE = 0.03420 bit/s/Hz
21693[UE 5 | RB 1] Throughput = 1.09086 Mbps | SE = 0.02859 bit/s/Hz
21802[UE 5 | RB 1] Throughput = 0.87245 Mbps | SE = 0.02286 bit/s/Hz
21912[UE 5 | RB 1] Throughput = 1.31049 Mbps | SE = 0.03434 bit/s/Hz
22022[UE 5 | RB 1] Throughput = 1.30723 Mbps | SE = 0.03426 bit/s/Hz
22122[UE 5 | RB 1] Throughput = 0.71889 Mbps | SE = 0.01884 bit/s/Hz
22223[UE 5 | RB 1] Throughput = 0.83573 Mbps | SE = 0.02190 bit/s/Hz
22332[UE 5 | RB 1] Throughput = 1.09164 Mbps | SE = 0.02861 bit/s/Hz
22443[UE 5 | RB 1] Throughput = 1.19604 Mbps | SE = 0.03134 bit/s/Hz
22552[UE 5 | RB 1] Throughput = 1.30971 Mbps | SE = 0.03432 bit/s/Hz
22662[UE 5 | RB 1] Throughput = 0.65332 Mbps | SE = 0.01712 bit/s/Hz
22772[UE 5 | RB 1] Throughput = 1.30923 Mbps | SE = 0.03431 bit/s/Hz
22872[UE 5 | RB 1] Throughput = 1.31625 Mbps | SE = 0.03449 bit/s/Hz
22972[UE 5 | RB 1] Throughput = 1.07781 Mbps | SE = 0.02824 bit/s/Hz
23083[UE 5 | RB 1] Throughput = 1.08885 Mbps | SE = 0.02853 bit/s/Hz
23192[UE 5 | RB 1] Throughput = 0.76341 Mbps | SE = 0.02001 bit/s/Hz
23303[UE 5 | RB 1] Throughput = 1.30553 Mbps | SE = 0.03421 bit/s/Hz
23412[UE 5 | RB 1] Throughput = 0.54543 Mbps | SE = 0.01429 bit/s/Hz
23522[UE 5 | RB 1] Throughput = 1.19859 Mbps | SE = 0.03141 bit/s/Hz
23632[UE 5 | RB 1] Throughput = 1.30780 Mbps | SE = 0.03427 bit/s/Hz
23742[UE 5 | RB 1] Throughput = 1.08819 Mbps | SE = 0.02852 bit/s/Hz
23852[UE 5 | RB 1] Throughput = 1.19909 Mbps | SE = 0.03142 bit/s/Hz
23962[UE 5 | RB 1] Throughput = 0.65398 Mbps | SE = 0.01714 bit/s/Hz
24062[UE 5 | RB 1] Throughput = 1.43661 Mbps | SE = 0.03765 bit/s/Hz
24172[UE 5 | RB 1] Throughput = 0.98108 Mbps | SE = 0.02571 bit/s/Hz
24282[UE 5 | RB 1] Throughput = 1.09030 Mbps | SE = 0.02857 bit/s/Hz
24383[UE 5 | RB 1] Throughput = 0.71765 Mbps | SE = 0.01881 bit/s/Hz
24483[UE 5 | RB 1] Throughput = 1.43748 Mbps | SE = 0.03767 bit/s/Hz
24593[UE 5 | RB 1] Throughput = 1.30680 Mbps | SE = 0.03425 bit/s/Hz
24702[UE 5 | RB 1] Throughput = 0.98236 Mbps | SE = 0.02574 bit/s/Hz
24812[UE 5 | RB 1] Throughput = 1.08934 Mbps | SE = 0.02855 bit/s/Hz
24923[UE 5 | RB 1] Throughput = 0.65244 Mbps | SE = 0.01710 bit/s/Hz
25032[UE 5 | RB 1] Throughput = 1.42164 Mbps | SE = 0.03725 bit/s/Hz
25132[UE 5 | RB 1] Throughput = 0.71800 Mbps | SE = 0.01882 bit/s/Hz
25232[UE 5 | RB 1] Throughput = 1.31691 Mbps | SE = 0.03451 bit/s/Hz
25333[UE 5 | RB 1] Throughput = 1.19747 Mbps | SE = 0.03138 bit/s/Hz
25433[UE 5 | RB 1] Throughput = 0.95798 Mbps | SE = 0.02510 bit/s/Hz
25542[UE 5 | RB 1] Throughput = 1.20122 Mbps | SE = 0.03148 bit/s/Hz
25652[UE 5 | RB 1] Throughput = 0.87307 Mbps | SE = 0.02288 bit/s/Hz
25752[UE 5 | RB 1] Throughput = 1.19549 Mbps | SE = 0.03133 bit/s/Hz
25852[UE 5 | RB 1] Throughput = 0.71865 Mbps | SE = 0.01883 bit/s/Hz
25952[UE 5 | RB 1] Throughput = 1.31823 Mbps | SE = 0.03454 bit/s/Hz
26062[UE 5 | RB 1] Throughput = 1.08959 Mbps | SE = 0.02855 bit/s/Hz
26162[UE 5 | RB 1] Throughput = 1.07852 Mbps | SE = 0.02826 bit/s/Hz
26263[UE 5 | RB 1] Throughput = 1.19730 Mbps | SE = 0.03138 bit/s/Hz
26372[UE 5 | RB 1] Throughput = 0.98165 Mbps | SE = 0.02572 bit/s/Hz
26472[UE 5 | RB 1] Throughput = 0.83839 Mbps | SE = 0.02197 bit/s/Hz
26582[UE 5 | RB 1] Throughput = 1.20032 Mbps | SE = 0.03145 bit/s/Hz
26682[UE 5 | RB 1] Throughput = 1.31757 Mbps | SE = 0.03453 bit/s/Hz
26792[UE 5 | RB 1] Throughput = 0.65436 Mbps | SE = 0.01715 bit/s/Hz
26902[UE 5 | RB 1] Throughput = 1.30542 Mbps | SE = 0.03421 bit/s/Hz
27012[UE 5 | RB 1] Throughput = 1.19860 Mbps | SE = 0.03141 bit/s/Hz
27122[UE 5 | RB 1] Throughput = 1.08967 Mbps | SE = 0.02856 bit/s/Hz
27232[UE 5 | RB 1] Throughput = 0.87058 Mbps | SE = 0.02281 bit/s/Hz
27333[UE 5 | RB 1] Throughput = 1.31745 Mbps | SE = 0.03452 bit/s/Hz
27442[UE 5 | RB 1] Throughput = 0.98323 Mbps | SE = 0.02577 bit/s/Hz
27553[UE 5 | RB 1] Throughput = 1.08599 Mbps | SE = 0.02846 bit/s/Hz
27662[UE 5 | RB 1] Throughput = 1.09224 Mbps | SE = 0.02862 bit/s/Hz
27772[UE 5 | RB 1] Throughput = 0.87167 Mbps | SE = 0.02284 bit/s/Hz
27872[UE 5 | RB 1] Throughput = 1.07675 Mbps | SE = 0.02822 bit/s/Hz
27982[UE 5 | RB 1] Throughput = 1.09015 Mbps | SE = 0.02857 bit/s/Hz
28082[UE 5 | RB 1] Throughput = 1.19808 Mbps | SE = 0.03140 bit/s/Hz
28182[UE 5 | RB 1] Throughput = 0.83854 Mbps | SE = 0.02197 bit/s/Hz
28283[UE 5 | RB 1] Throughput = 1.43682 Mbps | SE = 0.03765 bit/s/Hz
28392[UE 5 | RB 1] Throughput = 0.65404 Mbps | SE = 0.01714 bit/s/Hz
28502[UE 5 | RB 1] Throughput = 1.41708 Mbps | SE = 0.03714 bit/s/Hz
28612[UE 5 | RB 1] Throughput = 1.08969 Mbps | SE = 0.02856 bit/s/Hz
28713[UE 5 | RB 1] Throughput = 0.71831 Mbps | SE = 0.01882 bit/s/Hz
28822[UE 5 | RB 1] Throughput = 1.30956 Mbps | SE = 0.03432 bit/s/Hz
28932[UE 5 | RB 1] Throughput = 0.76186 Mbps | SE = 0.01996 bit/s/Hz
29033[UE 5 | RB 1] Throughput = 1.31658 Mbps | SE = 0.03450 bit/s/Hz
29142[UE 5 | RB 1] Throughput = 1.09209 Mbps | SE = 0.02862 bit/s/Hz
29252[UE 5 | RB 1] Throughput = 0.97975 Mbps | SE = 0.02567 bit/s/Hz
29353[UE 5 | RB 1] Throughput = 1.31640 Mbps | SE = 0.03450 bit/s/Hz
29462[UE 5 | RB 1] Throughput = 0.54504 Mbps | SE = 0.01428 bit/s/Hz
29563[UE 5 | RB 1] Throughput = 1.42681 Mbps | SE = 0.03739 bit/s/Hz
29673[UE 5 | RB 1] Throughput = 1.09651 Mbps | SE = 0.02873 bit/s/Hz
29773[UE 5 | RB 1] Throughput = 0.71821 Mbps | SE = 0.01882 bit/s/Hz
29873[UE 5 | RB 1] Throughput = 1.42963 Mbps | SE = 0.03746 bit/s/Hz
29983[UE 5 | RB 1] Throughput = 1.20187 Mbps | SE = 0.03150 bit/s/Hz
30092[UE 5 | RB 1] Throughput = 0.76617 Mbps | SE = 0.02008 bit/s/Hz
30192[UE 5 | RB 1] Throughput = 1.43799 Mbps | SE = 0.03768 bit/s/Hz
30302[UE 5 | RB 1] Throughput = 0.65319 Mbps | SE = 0.01712 bit/s/Hz
30403[UE 5 | RB 1] Throughput = 1.31595 Mbps | SE = 0.03449 bit/s/Hz
30513[UE 5 | RB 1] Throughput = 1.20012 Mbps | SE = 0.03145 bit/s/Hz
30622[UE 5 | RB 1] Throughput = 1.09031 Mbps | SE = 0.02857 bit/s/Hz
30723[UE 5 | RB 1] Throughput = 1.07760 Mbps | SE = 0.02824 bit/s/Hz
30832[UE 5 | RB 1] Throughput = 0.87210 Mbps | SE = 0.02285 bit/s/Hz
30933[UE 5 | RB 1] Throughput = 1.07776 Mbps | SE = 0.02824 bit/s/Hz
31042[UE 5 | RB 1] Throughput = 1.20082 Mbps | SE = 0.03147 bit/s/Hz
31142[UE 5 | RB 1] Throughput = 0.95762 Mbps | SE = 0.02509 bit/s/Hz
31253[UE 5 | RB 1] Throughput = 0.87043 Mbps | SE = 0.02281 bit/s/Hz
31353[UE 5 | RB 1] Throughput = 1.43748 Mbps | SE = 0.03767 bit/s/Hz
31462[UE 5 | RB 1] Throughput = 1.09151 Mbps | SE = 0.02860 bit/s/Hz
31562[UE 5 | RB 1] Throughput = 0.59858 Mbps | SE = 0.01569 bit/s/Hz
31673[UE 5 | RB 1] Throughput = 0.97939 Mbps | SE = 0.02567 bit/s/Hz
31783[UE 5 | RB 1] Throughput = 1.19956 Mbps | SE = 0.03143 bit/s/Hz
31892[UE 5 | RB 1] Throughput = 1.19897 Mbps | SE = 0.03142 bit/s/Hz
31993[UE 5 | RB 1] Throughput = 1.19620 Mbps | SE = 0.03135 bit/s/Hz
32103[UE 5 | RB 1] Throughput = 0.87215 Mbps | SE = 0.02286 bit/s/Hz
32213[UE 5 | RB 1] Throughput = 0.98038 Mbps | SE = 0.02569 bit/s/Hz
32313[UE 5 | RB 1] Throughput = 1.31787 Mbps | SE = 0.03454 bit/s/Hz
32413[UE 5 | RB 1] Throughput = 1.31804 Mbps | SE = 0.03454 bit/s/Hz
32513[UE 5 | RB 1] Throughput = 0.83884 Mbps | SE = 0.02198 bit/s/Hz
32623[UE 5 | RB 1] Throughput = 1.09058 Mbps | SE = 0.02858 bit/s/Hz
32733[UE 5 | RB 1] Throughput = 0.97997 Mbps | SE = 0.02568 bit/s/Hz
32843[UE 5 | RB 1] Throughput = 1.19929 Mbps | SE = 0.03143 bit/s/Hz
32943[UE 5 | RB 1] Throughput = 1.07812 Mbps | SE = 0.02825 bit/s/Hz
33043[UE 5 | RB 1] Throughput = 0.95694 Mbps | SE = 0.02508 bit/s/Hz
33153[UE 5 | RB 1] Throughput = 1.19814 Mbps | SE = 0.03140 bit/s/Hz
33253[UE 5 | RB 1] Throughput = 1.19800 Mbps | SE = 0.03139 bit/s/Hz
33363[UE 5 | RB 1] Throughput = 0.65358 Mbps | SE = 0.01713 bit/s/Hz
33473[UE 5 | RB 1] Throughput = 1.20137 Mbps | SE = 0.03148 bit/s/Hz
33573[UE 5 | RB 1] Throughput = 1.31800 Mbps | SE = 0.03454 bit/s/Hz
33683[UE 5 | RB 1] Throughput = 0.98048 Mbps | SE = 0.02569 bit/s/Hz
33792[UE 5 | RB 1] Throughput = 1.09011 Mbps | SE = 0.02857 bit/s/Hz
33893[UE 5 | RB 1] Throughput = 0.59869 Mbps | SE = 0.01569 bit/s/Hz
34002[UE 5 | RB 1] Throughput = 1.30874 Mbps | SE = 0.03430 bit/s/Hz
34102[UE 5 | RB 1] Throughput = 1.31807 Mbps | SE = 0.03454 bit/s/Hz
34203[UE 5 | RB 1] Throughput = 0.71850 Mbps | SE = 0.01883 bit/s/Hz
34303[UE 5 | RB 1] Throughput = 1.19694 Mbps | SE = 0.03137 bit/s/Hz
34403[UE 5 | RB 1] Throughput = 1.31733 Mbps | SE = 0.03452 bit/s/Hz
34513[UE 5 | RB 1] Throughput = 1.09025 Mbps | SE = 0.02857 bit/s/Hz
34613[UE 5 | RB 1] Throughput = 0.83839 Mbps | SE = 0.02197 bit/s/Hz
34723[UE 5 | RB 1] Throughput = 0.98044 Mbps | SE = 0.02569 bit/s/Hz
34833[UE 5 | RB 1] Throughput = 1.19816 Mbps | SE = 0.03140 bit/s/Hz
34943[UE 5 | RB 1] Throughput = 1.08998 Mbps | SE = 0.02856 bit/s/Hz
35052[UE 5 | RB 1] Throughput = 0.87382 Mbps | SE = 0.02290 bit/s/Hz
35153[UE 5 | RB 1] Throughput = 1.07624 Mbps | SE = 0.02820 bit/s/Hz
35263[UE 5 | RB 1] Throughput = 1.19927 Mbps | SE = 0.03143 bit/s/Hz
35363[UE 5 | RB 1] Throughput = 1.19798 Mbps | SE = 0.03139 bit/s/Hz
35472[UE 5 | RB 1] Throughput = 0.98200 Mbps | SE = 0.02573 bit/s/Hz
35582[UE 5 | RB 1] Throughput = 0.98015 Mbps | SE = 0.02569 bit/s/Hz
35692[UE 5 | RB 1] Throughput = 1.20010 Mbps | SE = 0.03145 bit/s/Hz
35793[UE 5 | RB 1] Throughput = 1.19346 Mbps | SE = 0.03128 bit/s/Hz
35902[UE 5 | RB 1] Throughput = 0.54629 Mbps | SE = 0.01432 bit/s/Hz
36003[UE 5 | RB 1] Throughput = 1.42312 Mbps | SE = 0.03729 bit/s/Hz
36113[UE 5 | RB 1] Throughput = 0.98857 Mbps | SE = 0.02591 bit/s/Hz
36222[UE 5 | RB 1] Throughput = 1.19920 Mbps | SE = 0.03143 bit/s/Hz
36323[UE 5 | RB 1] Throughput = 1.07816 Mbps | SE = 0.02825 bit/s/Hz
36423[UE 5 | RB 1] Throughput = 0.95860 Mbps | SE = 0.02512 bit/s/Hz
36523[UE 5 | RB 1] Throughput = 1.19719 Mbps | SE = 0.03137 bit/s/Hz
36623[UE 5 | RB 1] Throughput = 0.95846 Mbps | SE = 0.02512 bit/s/Hz
36732[UE 5 | RB 1] Throughput = 1.31091 Mbps | SE = 0.03435 bit/s/Hz
36833[UE 5 | RB 1] Throughput = 0.95707 Mbps | SE = 0.02508 bit/s/Hz
36943[UE 5 | RB 1] Throughput = 0.65353 Mbps | SE = 0.01713 bit/s/Hz
37053[UE 5 | RB 1] Throughput = 1.19852 Mbps | SE = 0.03141 bit/s/Hz
37163[UE 5 | RB 1] Throughput = 1.19762 Mbps | SE = 0.03138 bit/s/Hz
37272[UE 5 | RB 1] Throughput = 1.20133 Mbps | SE = 0.03148 bit/s/Hz
37382[UE 5 | RB 1] Throughput = 1.08793 Mbps | SE = 0.02851 bit/s/Hz
37483[UE 5 | RB 1] Throughput = 0.83852 Mbps | SE = 0.02197 bit/s/Hz
37592[UE 5 | RB 1] Throughput = 1.19932 Mbps | SE = 0.03143 bit/s/Hz
37692[UE 5 | RB 1] Throughput = 1.19839 Mbps | SE = 0.03140 bit/s/Hz
37802[UE 5 | RB 1] Throughput = 0.98124 Mbps | SE = 0.02571 bit/s/Hz
37903[UE 5 | RB 1] Throughput = 1.07480 Mbps | SE = 0.02817 bit/s/Hz
38013[UE 5 | RB 1] Throughput = 0.98190 Mbps | SE = 0.02573 bit/s/Hz
38123[UE 5 | RB 1] Throughput = 0.97875 Mbps | SE = 0.02565 bit/s/Hz
38223[UE 5 | RB 1] Throughput = 1.31803 Mbps | SE = 0.03454 bit/s/Hz
38333[UE 5 | RB 1] Throughput = 1.20098 Mbps | SE = 0.03147 bit/s/Hz
38443[UE 5 | RB 1] Throughput = 0.76076 Mbps | SE = 0.01994 bit/s/Hz
38552[UE 5 | RB 1] Throughput = 1.20300 Mbps | SE = 0.03153 bit/s/Hz
38653[UE 5 | RB 1] Throughput = 0.71738 Mbps | SE = 0.01880 bit/s/Hz
38753[UE 5 | RB 1] Throughput = 1.43649 Mbps | SE = 0.03764 bit/s/Hz
38862[UE 5 | RB 1] Throughput = 1.20299 Mbps | SE = 0.03152 bit/s/Hz
38963[UE 5 | RB 1] Throughput = 0.59715 Mbps | SE = 0.01565 bit/s/Hz
39063[UE 5 | RB 1] Throughput = 1.31795 Mbps | SE = 0.03454 bit/s/Hz
39173[UE 5 | RB 1] Throughput = 1.19927 Mbps | SE = 0.03143 bit/s/Hz
39273[UE 5 | RB 1] Throughput = 0.95868 Mbps | SE = 0.02512 bit/s/Hz
39373[UE 5 | RB 1] Throughput = 1.19666 Mbps | SE = 0.03136 bit/s/Hz
39483[UE 5 | RB 1] Throughput = 0.76406 Mbps | SE = 0.02002 bit/s/Hz
39583[UE 5 | RB 1] Throughput = 1.19651 Mbps | SE = 0.03136 bit/s/Hz
39692[UE 5 | RB 1] Throughput = 0.87403 Mbps | SE = 0.02290 bit/s/Hz
39793[UE 5 | RB 1] Throughput = 1.31645 Mbps | SE = 0.03450 bit/s/Hz
39893[UE 5 | RB 1] Throughput = 1.07855 Mbps | SE = 0.02826 bit/s/Hz
39993[UE 5 | RB 1] Throughput = 1.19815 Mbps | SE = 0.03140 bit/s/Hz
40102[UE 5 | RB 1] Throughput = 0.87352 Mbps | SE = 0.02289 bit/s/Hz
40202[UE 5 | RB 1] Throughput = 1.31596 Mbps | SE = 0.03449 bit/s/Hz
40303[UE 5 | RB 1] Throughput = 0.59809 Mbps | SE = 0.01567 bit/s/Hz
40413[UE 5 | RB 1] Throughput = 1.41810 Mbps | SE = 0.03716 bit/s/Hz
40513[UE 5 | RB 1] Throughput = 0.95498 Mbps | SE = 0.02503 bit/s/Hz
40623[UE 5 | RB 1] Throughput = 1.20030 Mbps | SE = 0.03145 bit/s/Hz
40732[UE 5 | RB 1] Throughput = 0.65635 Mbps | SE = 0.01720 bit/s/Hz
40832[UE 5 | RB 1] Throughput = 1.19715 Mbps | SE = 0.03137 bit/s/Hz
40943[UE 5 | RB 1] Throughput = 1.41470 Mbps | SE = 0.03707 bit/s/Hz
41052[UE 5 | RB 1] Throughput = 1.08968 Mbps | SE = 0.02856 bit/s/Hz
41163[UE 5 | RB 1] Throughput = 0.97989 Mbps | SE = 0.02568 bit/s/Hz
41263[UE 5 | RB 1] Throughput = 0.95726 Mbps | SE = 0.02509 bit/s/Hz
41363[UE 5 | RB 1] Throughput = 0.95872 Mbps | SE = 0.02512 bit/s/Hz
41473[UE 5 | RB 1] Throughput = 1.20019 Mbps | SE = 0.03145 bit/s/Hz
41573[UE 5 | RB 1] Throughput = 1.07799 Mbps | SE = 0.02825 bit/s/Hz
41683[UE 5 | RB 1] Throughput = 1.30645 Mbps | SE = 0.03424 bit/s/Hz
41783[UE 5 | RB 1] Throughput = 0.95629 Mbps | SE = 0.02506 bit/s/Hz
41893[UE 5 | RB 1] Throughput = 1.09251 Mbps | SE = 0.02863 bit/s/Hz
41993[UE 5 | RB 1] Throughput = 0.83729 Mbps | SE = 0.02194 bit/s/Hz
42103[UE 5 | RB 1] Throughput = 0.98247 Mbps | SE = 0.02575 bit/s/Hz
42203[UE 5 | RB 1] Throughput = 1.07662 Mbps | SE = 0.02821 bit/s/Hz
42313[UE 5 | RB 1] Throughput = 0.87290 Mbps | SE = 0.02287 bit/s/Hz
42413[UE 5 | RB 1] Throughput = 1.31802 Mbps | SE = 0.03454 bit/s/Hz
42522[UE 5 | RB 1] Throughput = 1.20059 Mbps | SE = 0.03146 bit/s/Hz
42622[UE 5 | RB 1] Throughput = 0.95800 Mbps | SE = 0.02510 bit/s/Hz
42733[UE 5 | RB 1] Throughput = 0.87010 Mbps | SE = 0.02280 bit/s/Hz
42842[UE 5 | RB 1] Throughput = 1.09303 Mbps | SE = 0.02864 bit/s/Hz
42943[UE 5 | RB 1] Throughput = 1.19169 Mbps | SE = 0.03123 bit/s/Hz
43053[UE 5 | RB 1] Throughput = 0.98213 Mbps | SE = 0.02574 bit/s/Hz
43163[UE 5 | RB 1] Throughput = 1.41226 Mbps | SE = 0.03701 bit/s/Hz
43273[UE 5 | RB 1] Throughput = 0.87420 Mbps | SE = 0.02291 bit/s/Hz
43383[UE 5 | RB 1] Throughput = 0.87284 Mbps | SE = 0.02287 bit/s/Hz
43483[UE 5 | RB 1] Throughput = 1.43663 Mbps | SE = 0.03765 bit/s/Hz
43593[UE 5 | RB 1] Throughput = 0.98137 Mbps | SE = 0.02572 bit/s/Hz
43693[UE 5 | RB 1] Throughput = 1.07742 Mbps | SE = 0.02823 bit/s/Hz
43803[UE 5 | RB 1] Throughput = 1.08695 Mbps | SE = 0.02848 bit/s/Hz
43913[UE 5 | RB 1] Throughput = 0.98273 Mbps | SE = 0.02575 bit/s/Hz
44023[UE 5 | RB 1] Throughput = 1.19857 Mbps | SE = 0.03141 bit/s/Hz
44123[UE 5 | RB 1] Throughput = 0.71773 Mbps | SE = 0.01881 bit/s/Hz
44232[UE 5 | RB 1] Throughput = 1.31206 Mbps | SE = 0.03438 bit/s/Hz
44333[UE 5 | RB 1] Throughput = 1.19618 Mbps | SE = 0.03135 bit/s/Hz
44443[UE 5 | RB 1] Throughput = 1.19666 Mbps | SE = 0.03136 bit/s/Hz
44543[UE 5 | RB 1] Throughput = 0.59906 Mbps | SE = 0.01570 bit/s/Hz
44652[UE 5 | RB 1] Throughput = 1.42107 Mbps | SE = 0.03724 bit/s/Hz
44753[UE 5 | RB 1] Throughput = 0.95469 Mbps | SE = 0.02502 bit/s/Hz
44863[UE 5 | RB 1] Throughput = 1.20040 Mbps | SE = 0.03146 bit/s/Hz
44963[UE 5 | RB 1] Throughput = 0.71616 Mbps | SE = 0.01877 bit/s/Hz
45073[UE 5 | RB 1] Throughput = 1.31373 Mbps | SE = 0.03443 bit/s/Hz
45173[UE 5 | RB 1] Throughput = 0.83640 Mbps | SE = 0.02192 bit/s/Hz
45283[UE 5 | RB 1] Throughput = 1.08951 Mbps | SE = 0.02855 bit/s/Hz
45383[UE 5 | RB 1] Throughput = 1.19836 Mbps | SE = 0.03140 bit/s/Hz
45483[UE 5 | RB 1] Throughput = 0.95852 Mbps | SE = 0.02512 bit/s/Hz
45592[UE 5 | RB 1] Throughput = 1.09279 Mbps | SE = 0.02864 bit/s/Hz
45703[UE 5 | RB 1] Throughput = 0.97899 Mbps | SE = 0.02565 bit/s/Hz
45803[UE 5 | RB 1] Throughput = 1.31607 Mbps | SE = 0.03449 bit/s/Hz
45913[UE 5 | RB 1] Throughput = 1.09096 Mbps | SE = 0.02859 bit/s/Hz
46023[UE 5 | RB 1] Throughput = 0.65330 Mbps | SE = 0.01712 bit/s/Hz
46123[UE 5 | RB 1] Throughput = 1.43733 Mbps | SE = 0.03767 bit/s/Hz
46233[UE 5 | RB 1] Throughput = 1.09130 Mbps | SE = 0.02860 bit/s/Hz
46343[UE 5 | RB 1] Throughput = 0.98041 Mbps | SE = 0.02569 bit/s/Hz
46452[UE 5 | RB 1] Throughput = 0.98187 Mbps | SE = 0.02573 bit/s/Hz
46553[UE 5 | RB 1] Throughput = 1.31752 Mbps | SE = 0.03453 bit/s/Hz
46653[UE 5 | RB 1] Throughput = 1.07633 Mbps | SE = 0.02821 bit/s/Hz
46763[UE 5 | RB 1] Throughput = 0.98144 Mbps | SE = 0.02572 bit/s/Hz
46873[UE 5 | RB 1] Throughput = 1.19826 Mbps | SE = 0.03140 bit/s/Hz
46983[UE 5 | RB 1] Throughput = 1.08696 Mbps | SE = 0.02848 bit/s/Hz
47092[UE 5 | RB 1] Throughput = 0.98484 Mbps | SE = 0.02581 bit/s/Hz
47193[UE 5 | RB 1] Throughput = 1.07706 Mbps | SE = 0.02822 bit/s/Hz
47303[UE 5 | RB 1] Throughput = 0.87008 Mbps | SE = 0.02280 bit/s/Hz
47403[UE 5 | RB 1] Throughput = 1.07641 Mbps | SE = 0.02821 bit/s/Hz
47513[UE 5 | RB 1] Throughput = 0.87388 Mbps | SE = 0.02290 bit/s/Hz
47623[UE 5 | RB 1] Throughput = 1.30384 Mbps | SE = 0.03417 bit/s/Hz
47733[UE 5 | RB 1] Throughput = 1.20244 Mbps | SE = 0.03151 bit/s/Hz
47843[UE 5 | RB 1] Throughput = 0.65132 Mbps | SE = 0.01707 bit/s/Hz
47953[UE 5 | RB 1] Throughput = 1.31143 Mbps | SE = 0.03437 bit/s/Hz
48063[UE 5 | RB 1] Throughput = 1.19732 Mbps | SE = 0.03138 bit/s/Hz
48173[UE 5 | RB 1] Throughput = 0.87200 Mbps | SE = 0.02285 bit/s/Hz
48283[UE 5 | RB 1] Throughput = 1.19747 Mbps | SE = 0.03138 bit/s/Hz
48383[UE 5 | RB 1] Throughput = 1.31598 Mbps | SE = 0.03449 bit/s/Hz
48493[UE 5 | RB 1] Throughput = 0.87417 Mbps | SE = 0.02291 bit/s/Hz
48593[UE 5 | RB 1] Throughput = 1.31752 Mbps | SE = 0.03453 bit/s/Hz
48703[UE 5 | RB 1] Throughput = 0.54353 Mbps | SE = 0.01424 bit/s/Hz
48803[UE 5 | RB 1] Throughput = 1.43759 Mbps | SE = 0.03767 bit/s/Hz
48913[UE 5 | RB 1] Throughput = 1.09337 Mbps | SE = 0.02865 bit/s/Hz
49013[UE 5 | RB 1] Throughput = 0.95696 Mbps | SE = 0.02508 bit/s/Hz
49123[UE 5 | RB 1] Throughput = 1.30584 Mbps | SE = 0.03422 bit/s/Hz
49233[UE 5 | RB 1] Throughput = 0.65426 Mbps | SE = 0.01715 bit/s/Hz
49343[UE 5 | RB 1] Throughput = 1.30932 Mbps | SE = 0.03431 bit/s/Hz
49443[UE 5 | RB 1] Throughput = 0.95726 Mbps | SE = 0.02509 bit/s/Hz
49543[UE 5 | RB 1] Throughput = 1.31796 Mbps | SE = 0.03454 bit/s/Hz
49653[UE 5 | RB 1] Throughput = 1.09108 Mbps | SE = 0.02859 bit/s/Hz
49753[UE 5 | RB 1] Throughput = 0.71805 Mbps | SE = 0.01882 bit/s/Hz
49863[UE 5 | RB 1] Throughput = 1.30763 Mbps | SE = 0.03427 bit/s/Hz
49963[UE 5 | RB 1] Throughput = 0.71821 Mbps | SE = 0.01882 bit/s/Hz
50073[UE 5 | RB 1] Throughput = 1.30746 Mbps | SE = 0.03426 bit/s/Hz
50183[UE 5 | RB 1] Throughput = 1.19932 Mbps | SE = 0.03143 bit/s/Hz
50283[UE 5 | RB 1] Throughput = 0.71781 Mbps | SE = 0.01881 bit/s/Hz
50393[UE 5 | RB 1] Throughput = 1.19935 Mbps | SE = 0.03143 bit/s/Hz
50503[UE 5 | RB 1] Throughput = 1.09092 Mbps | SE = 0.02859 bit/s/Hz
50613[UE 5 | RB 1] Throughput = 1.09025 Mbps | SE = 0.02857 bit/s/Hz
50713[UE 5 | RB 1] Throughput = 1.19688 Mbps | SE = 0.03136 bit/s/Hz
50813[UE 5 | RB 1] Throughput = 0.83758 Mbps | SE = 0.02195 bit/s/Hz
50923[UE 5 | RB 1] Throughput = 1.19869 Mbps | SE = 0.03141 bit/s/Hz
51023[UE 5 | RB 1] Throughput = 1.19704 Mbps | SE = 0.03137 bit/s/Hz
51132[UE 5 | RB 1] Throughput = 0.98473 Mbps | SE = 0.02581 bit/s/Hz
51243[UE 5 | RB 1] Throughput = 0.86859 Mbps | SE = 0.02276 bit/s/Hz
51352[UE 5 | RB 1] Throughput = 1.09293 Mbps | SE = 0.02864 bit/s/Hz
51453[UE 5 | RB 1] Throughput = 1.31652 Mbps | SE = 0.03450 bit/s/Hz
51553[UE 5 | RB 1] Throughput = 0.95869 Mbps | SE = 0.02512 bit/s/Hz
51653[UE 5 | RB 1] Throughput = 1.07536 Mbps | SE = 0.02818 bit/s/Hz
51763[UE 5 | RB 1] Throughput = 0.87333 Mbps | SE = 0.02289 bit/s/Hz
51872[UE 5 | RB 1] Throughput = 1.09193 Mbps | SE = 0.02861 bit/s/Hz
51973[UE 5 | RB 1] Throughput = 1.43494 Mbps | SE = 0.03760 bit/s/Hz
52073[UE 5 | RB 1] Throughput = 0.71862 Mbps | SE = 0.01883 bit/s/Hz
52183[UE 5 | RB 1] Throughput = 1.19921 Mbps | SE = 0.03143 bit/s/Hz
52283[UE 5 | RB 1] Throughput = 1.19719 Mbps | SE = 0.03137 bit/s/Hz
52383[UE 5 | RB 1] Throughput = 0.83871 Mbps | SE = 0.02198 bit/s/Hz
52483[UE 5 | RB 1] Throughput = 1.31823 Mbps | SE = 0.03454 bit/s/Hz
52593[UE 5 | RB 1] Throughput = 1.08796 Mbps | SE = 0.02851 bit/s/Hz
52703[UE 5 | RB 1] Throughput = 0.87316 Mbps | SE = 0.02288 bit/s/Hz
52813[UE 5 | RB 1] Throughput = 1.19506 Mbps | SE = 0.03132 bit/s/Hz
52923[UE 5 | RB 1] Throughput = 0.87448 Mbps | SE = 0.02292 bit/s/Hz
53033[UE 5 | RB 1] Throughput = 1.08812 Mbps | SE = 0.02851 bit/s/Hz
53133[UE 5 | RB 1] Throughput = 1.19663 Mbps | SE = 0.03136 bit/s/Hz
53243[UE 5 | RB 1] Throughput = 0.98364 Mbps | SE = 0.02578 bit/s/Hz
53343[UE 5 | RB 1] Throughput = 1.07724 Mbps | SE = 0.02823 bit/s/Hz
53453[UE 5 | RB 1] Throughput = 1.19776 Mbps | SE = 0.03139 bit/s/Hz
53563[UE 5 | RB 1] Throughput = 0.76293 Mbps | SE = 0.01999 bit/s/Hz
53663[UE 5 | RB 1] Throughput = 1.43542 Mbps | SE = 0.03762 bit/s/Hz
53773[UE 5 | RB 1] Throughput = 0.76358 Mbps | SE = 0.02001 bit/s/Hz
53883[UE 5 | RB 1] Throughput = 1.30811 Mbps | SE = 0.03428 bit/s/Hz
53993[UE 5 | RB 1] Throughput = 1.19949 Mbps | SE = 0.03143 bit/s/Hz
54093[UE 5 | RB 1] Throughput = 0.71895 Mbps | SE = 0.01884 bit/s/Hz
54193[UE 5 | RB 1] Throughput = 1.19756 Mbps | SE = 0.03138 bit/s/Hz
54303[UE 5 | RB 1] Throughput = 1.19986 Mbps | SE = 0.03144 bit/s/Hz
54403[UE 5 | RB 1] Throughput = 0.95634 Mbps | SE = 0.02506 bit/s/Hz
54513[UE 5 | RB 1] Throughput = 1.08999 Mbps | SE = 0.02856 bit/s/Hz
54623[UE 5 | RB 1] Throughput = 0.98120 Mbps | SE = 0.02571 bit/s/Hz
54723[UE 5 | RB 1] Throughput = 1.07818 Mbps | SE = 0.02825 bit/s/Hz
54833[UE 5 | RB 1] Throughput = 0.87080 Mbps | SE = 0.02282 bit/s/Hz
54943[UE 5 | RB 1] Throughput = 1.30745 Mbps | SE = 0.03426 bit/s/Hz
55053[UE 5 | RB 1] Throughput = 1.08946 Mbps | SE = 0.02855 bit/s/Hz
55154[UE 5 | RB 1] Throughput = 0.94763 Mbps | SE = 0.02483 bit/s/Hz
55263[UE 5 | RB 1] Throughput = 1.10286 Mbps | SE = 0.02890 bit/s/Hz
55363[UE 5 | RB 1] Throughput = 1.31717 Mbps | SE = 0.03452 bit/s/Hz
55473[UE 5 | RB 1] Throughput = 1.08848 Mbps | SE = 0.02852 bit/s/Hz
55583[UE 5 | RB 1] Throughput = 0.87386 Mbps | SE = 0.02290 bit/s/Hz
55683[UE 5 | RB 1] Throughput = 1.19744 Mbps | SE = 0.03138 bit/s/Hz
55783[UE 5 | RB 1] Throughput = 0.59778 Mbps | SE = 0.01567 bit/s/Hz
55893[UE 5 | RB 1] Throughput = 1.52885 Mbps | SE = 0.04006 bit/s/Hz
55993[UE 5 | RB 1] Throughput = 0.71728 Mbps | SE = 0.01880 bit/s/Hz
56103[UE 5 | RB 1] Throughput = 1.19724 Mbps | SE = 0.03137 bit/s/Hz
56213[UE 5 | RB 1] Throughput = 1.09173 Mbps | SE = 0.02861 bit/s/Hz
56323[UE 5 | RB 1] Throughput = 1.19836 Mbps | SE = 0.03140 bit/s/Hz
56423[UE 5 | RB 1] Throughput = 0.71857 Mbps | SE = 0.01883 bit/s/Hz
56523[UE 5 | RB 1] Throughput = 1.19591 Mbps | SE = 0.03134 bit/s/Hz
56623[UE 5 | RB 1] Throughput = 1.07830 Mbps | SE = 0.02826 bit/s/Hz
56733[UE 5 | RB 1] Throughput = 1.09116 Mbps | SE = 0.02859 bit/s/Hz
56833[UE 5 | RB 1] Throughput = 1.07617 Mbps | SE = 0.02820 bit/s/Hz
56933[UE 5 | RB 1] Throughput = 1.07525 Mbps | SE = 0.02818 bit/s/Hz
57043[UE 5 | RB 1] Throughput = 0.98720 Mbps | SE = 0.02587 bit/s/Hz
57143[UE 5 | RB 1] Throughput = 1.19803 Mbps | SE = 0.03139 bit/s/Hz
57253[UE 5 | RB 1] Throughput = 1.19663 Mbps | SE = 0.03136 bit/s/Hz
57363[UE 5 | RB 1] Throughput = 1.09202 Mbps | SE = 0.02862 bit/s/Hz
57463[UE 5 | RB 1] Throughput = 1.07522 Mbps | SE = 0.02818 bit/s/Hz
57563[UE 5 | RB 1] Throughput = 0.71897 Mbps | SE = 0.01884 bit/s/Hz
57673[UE 5 | RB 1] Throughput = 0.98116 Mbps | SE = 0.02571 bit/s/Hz
57773[UE 5 | RB 1] Throughput = 1.31691 Mbps | SE = 0.03451 bit/s/Hz
57883[UE 5 | RB 1] Throughput = 1.09180 Mbps | SE = 0.02861 bit/s/Hz
57983[UE 5 | RB 1] Throughput = 1.19613 Mbps | SE = 0.03135 bit/s/Hz
58083[UE 5 | RB 1] Throughput = 1.19675 Mbps | SE = 0.03136 bit/s/Hz
58193[UE 5 | RB 1] Throughput = 0.98094 Mbps | SE = 0.02571 bit/s/Hz
58303[UE 5 | RB 1] Throughput = 1.19970 Mbps | SE = 0.03144 bit/s/Hz
58413[UE 5 | RB 1] Throughput = 0.76180 Mbps | SE = 0.01996 bit/s/Hz
58513[UE 5 | RB 1] Throughput = 1.19835 Mbps | SE = 0.03140 bit/s/Hz
58623[UE 5 | RB 1] Throughput = 0.87350 Mbps | SE = 0.02289 bit/s/Hz
58733[UE 5 | RB 1] Throughput = 1.19802 Mbps | SE = 0.03139 bit/s/Hz
58833[UE 5 | RB 1] Throughput = 1.07664 Mbps | SE = 0.02821 bit/s/Hz
58933[UE 5 | RB 1] Throughput = 0.59815 Mbps | SE = 0.01567 bit/s/Hz
59034[UE 5 | RB 1] Throughput = 1.30700 Mbps | SE = 0.03425 bit/s/Hz
59143[UE 5 | RB 1] Throughput = 1.09981 Mbps | SE = 0.02882 bit/s/Hz
59253[UE 5 | RB 1] Throughput = 1.31010 Mbps | SE = 0.03433 bit/s/Hz
59353[UE 5 | RB 1] Throughput = 1.07641 Mbps | SE = 0.02821 bit/s/Hz
59463[UE 5 | RB 1] Throughput = 1.09133 Mbps | SE = 0.02860 bit/s/Hz
59573[UE 5 | RB 1] Throughput = 0.98119 Mbps | SE = 0.02571 bit/s/Hz
59673[UE 5 | RB 1] Throughput = 1.07631 Mbps | SE = 0.02821 bit/s/Hz
59773[UE 5 | RB 1] Throughput = 1.19812 Mbps | SE = 0.03140 bit/s/Hz
59873[UE 5 | RB 1] Throughput = 0.71889 Mbps | SE = 0.01884 bit/s/Hz
59983[UE 5 | RB 1] Throughput = 1.20059 Mbps | SE = 0.03146 bit/s/Hz
60093[UE 5 | RB 1] Throughput = 1.19709 Mbps | SE = 0.03137 bit/s/Hz
60203[UE 5 | RB 1] Throughput = 1.08832 Mbps | SE = 0.02852 bit/s/Hz
60313[UE 5 | RB 1] Throughput = 1.08977 Mbps | SE = 0.02856 bit/s/Hz
60423[UE 5 | RB 1] Throughput = 1.08937 Mbps | SE = 0.02855 bit/s/Hz
60523[UE 5 | RB 1] Throughput = 0.59910 Mbps | SE = 0.01570 bit/s/Hz
60623[UE 5 | RB 1] Throughput = 1.31781 Mbps | SE = 0.03453 bit/s/Hz
60733[UE 5 | RB 1] Throughput = 1.09097 Mbps | SE = 0.02859 bit/s/Hz
60843[UE 5 | RB 1] Throughput = 1.09036 Mbps | SE = 0.02857 bit/s/Hz
60953[UE 5 | RB 1] Throughput = 0.87111 Mbps | SE = 0.02283 bit/s/Hz
61062[UE 5 | RB 1] Throughput = 1.20160 Mbps | SE = 0.03149 bit/s/Hz
61163[UE 5 | RB 1] Throughput = 0.95596 Mbps | SE = 0.02505 bit/s/Hz
61263[UE 5 | RB 1] Throughput = 1.19779 Mbps | SE = 0.03139 bit/s/Hz
61363[UE 5 | RB 1] Throughput = 1.07561 Mbps | SE = 0.02819 bit/s/Hz
61473[UE 5 | RB 1] Throughput = 0.98108 Mbps | SE = 0.02571 bit/s/Hz
61583[UE 5 | RB 1] Throughput = 1.19819 Mbps | SE = 0.03140 bit/s/Hz
61693[UE 5 | RB 1] Throughput = 1.20000 Mbps | SE = 0.03145 bit/s/Hz
61793[UE 5 | RB 1] Throughput = 0.83669 Mbps | SE = 0.02193 bit/s/Hz
61903[UE 5 | RB 1] Throughput = 1.20287 Mbps | SE = 0.03152 bit/s/Hz
62003[UE 5 | RB 1] Throughput = 0.95662 Mbps | SE = 0.02507 bit/s/Hz
62113[UE 5 | RB 1] Throughput = 1.20022 Mbps | SE = 0.03145 bit/s/Hz
62213[UE 5 | RB 1] Throughput = 1.19781 Mbps | SE = 0.03139 bit/s/Hz
62313[UE 5 | RB 1] Throughput = 0.95770 Mbps | SE = 0.02510 bit/s/Hz
62423[UE 5 | RB 1] Throughput = 1.09197 Mbps | SE = 0.02862 bit/s/Hz
62523[UE 5 | RB 1] Throughput = 0.59840 Mbps | SE = 0.01568 bit/s/Hz
62633[UE 5 | RB 1] Throughput = 1.52349 Mbps | SE = 0.03992 bit/s/Hz
62733[UE 5 | RB 1] Throughput = 1.19524 Mbps | SE = 0.03132 bit/s/Hz
62843[UE 5 | RB 1] Throughput = 0.76433 Mbps | SE = 0.02003 bit/s/Hz
62953[UE 5 | RB 1] Throughput = 1.30793 Mbps | SE = 0.03427 bit/s/Hz
63053[UE 5 | RB 1] Throughput = 0.95677 Mbps | SE = 0.02507 bit/s/Hz
63153[UE 5 | RB 1] Throughput = 0.95845 Mbps | SE = 0.02512 bit/s/Hz
63263[UE 5 | RB 1] Throughput = 1.09449 Mbps | SE = 0.02868 bit/s/Hz
63363[UE 5 | RB 1] Throughput = 1.07640 Mbps | SE = 0.02821 bit/s/Hz
63473[UE 5 | RB 1] Throughput = 0.98100 Mbps | SE = 0.02571 bit/s/Hz
63573[UE 5 | RB 1] Throughput = 0.95680 Mbps | SE = 0.02507 bit/s/Hz
63673[UE 5 | RB 1] Throughput = 1.31795 Mbps | SE = 0.03454 bit/s/Hz
63783[UE 5 | RB 1] Throughput = 1.19827 Mbps | SE = 0.03140 bit/s/Hz
63883[UE 5 | RB 1] Throughput = 0.83828 Mbps | SE = 0.02197 bit/s/Hz
63993[UE 5 | RB 1] Throughput = 1.09233 Mbps | SE = 0.02863 bit/s/Hz
64093[UE 5 | RB 1] Throughput = 1.19790 Mbps | SE = 0.03139 bit/s/Hz
64203[UE 5 | RB 1] Throughput = 0.98093 Mbps | SE = 0.02571 bit/s/Hz
64303[UE 5 | RB 1] Throughput = 1.19742 Mbps | SE = 0.03138 bit/s/Hz
64403[UE 5 | RB 1] Throughput = 1.07825 Mbps | SE = 0.02826 bit/s/Hz
64513[UE 5 | RB 1] Throughput = 0.98038 Mbps | SE = 0.02569 bit/s/Hz
64623[UE 5 | RB 1] Throughput = 1.09279 Mbps | SE = 0.02864 bit/s/Hz
64723[UE 5 | RB 1] Throughput = 0.95684 Mbps | SE = 0.02507 bit/s/Hz
64833[UE 5 | RB 1] Throughput = 1.09030 Mbps | SE = 0.02857 bit/s/Hz
64933[UE 5 | RB 1] Throughput = 0.83813 Mbps | SE = 0.02196 bit/s/Hz
65043[UE 5 | RB 1] Throughput = 1.19553 Mbps | SE = 0.03133 bit/s/Hz
65153[UE 5 | RB 1] Throughput = 1.09107 Mbps | SE = 0.02859 bit/s/Hz
65263[UE 5 | RB 1] Throughput = 0.98015 Mbps | SE = 0.02569 bit/s/Hz
65363[UE 5 | RB 1] Throughput = 1.43594 Mbps | SE = 0.03763 bit/s/Hz
65473[UE 5 | RB 1] Throughput = 0.65402 Mbps | SE = 0.01714 bit/s/Hz
65583[UE 5 | RB 1] Throughput = 1.20253 Mbps | SE = 0.03151 bit/s/Hz
65683[UE 5 | RB 1] Throughput = 1.19715 Mbps | SE = 0.03137 bit/s/Hz
65793[UE 5 | RB 1] Throughput = 0.97956 Mbps | SE = 0.02567 bit/s/Hz
65893[UE 5 | RB 1] Throughput = 1.07837 Mbps | SE = 0.02826 bit/s/Hz
65993[UE 5 | RB 1] Throughput = 1.19659 Mbps | SE = 0.03136 bit/s/Hz
66103[UE 5 | RB 1] Throughput = 1.19758 Mbps | SE = 0.03138 bit/s/Hz
66203[UE 5 | RB 1] Throughput = 0.71764 Mbps | SE = 0.01881 bit/s/Hz
66313[UE 5 | RB 1] Throughput = 0.98456 Mbps | SE = 0.02580 bit/s/Hz
66423[UE 5 | RB 1] Throughput = 1.09118 Mbps | SE = 0.02859 bit/s/Hz
66523[UE 5 | RB 1] Throughput = 1.19485 Mbps | SE = 0.03131 bit/s/Hz
66623[UE 5 | RB 1] Throughput = 1.31812 Mbps | SE = 0.03454 bit/s/Hz
66723[UE 5 | RB 1] Throughput = 0.83590 Mbps | SE = 0.02191 bit/s/Hz
66833[UE 5 | RB 1] Throughput = 0.98296 Mbps | SE = 0.02576 bit/s/Hz
66943[UE 5 | RB 1] Throughput = 1.20042 Mbps | SE = 0.03146 bit/s/Hz
67043[UE 5 | RB 1] Throughput = 0.95796 Mbps | SE = 0.02510 bit/s/Hz
67153[UE 5 | RB 1] Throughput = 1.09162 Mbps | SE = 0.02861 bit/s/Hz
67263[UE 5 | RB 1] Throughput = 1.19957 Mbps | SE = 0.03144 bit/s/Hz
67363[UE 5 | RB 1] Throughput = 0.71719 Mbps | SE = 0.01879 bit/s/Hz
67473[UE 5 | RB 1] Throughput = 1.30669 Mbps | SE = 0.03424 bit/s/Hz
67583[UE 5 | RB 1] Throughput = 0.98129 Mbps | SE = 0.02572 bit/s/Hz
67683[UE 5 | RB 1] Throughput = 1.07789 Mbps | SE = 0.02825 bit/s/Hz
67783[UE 5 | RB 1] Throughput = 1.19804 Mbps | SE = 0.03140 bit/s/Hz
67883[UE 5 | RB 1] Throughput = 1.07815 Mbps | SE = 0.02825 bit/s/Hz
67993[UE 5 | RB 1] Throughput = 0.87382 Mbps | SE = 0.02290 bit/s/Hz
68093[UE 5 | RB 1] Throughput = 1.43641 Mbps | SE = 0.03764 bit/s/Hz
68203[UE 5 | RB 1] Throughput = 0.98067 Mbps | SE = 0.02570 bit/s/Hz
68303[UE 5 | RB 1] Throughput = 1.07798 Mbps | SE = 0.02825 bit/s/Hz
68413[UE 5 | RB 1] Throughput = 1.08973 Mbps | SE = 0.02856 bit/s/Hz
68523[UE 5 | RB 1] Throughput = 1.20013 Mbps | SE = 0.03145 bit/s/Hz
68623[UE 5 | RB 1] Throughput = 0.59797 Mbps | SE = 0.01567 bit/s/Hz
68733[UE 5 | RB 1] Throughput = 1.30647 Mbps | SE = 0.03424 bit/s/Hz
68833[UE 5 | RB 1] Throughput = 0.95712 Mbps | SE = 0.02508 bit/s/Hz
68943[UE 5 | RB 1] Throughput = 0.98244 Mbps | SE = 0.02575 bit/s/Hz
69043[UE 5 | RB 1] Throughput = 1.43738 Mbps | SE = 0.03767 bit/s/Hz
69153[UE 5 | RB 1] Throughput = 0.65371 Mbps | SE = 0.01713 bit/s/Hz
69263[UE 5 | RB 1] Throughput = 1.20039 Mbps | SE = 0.03146 bit/s/Hz
69363[UE 5 | RB 1] Throughput = 1.31798 Mbps | SE = 0.03454 bit/s/Hz
69463[UE 5 | RB 1] Throughput = 0.83820 Mbps | SE = 0.02197 bit/s/Hz
69573[UE 5 | RB 1] Throughput = 1.08935 Mbps | SE = 0.02855 bit/s/Hz
69673[UE 5 | RB 1] Throughput = 1.19800 Mbps | SE = 0.03139 bit/s/Hz
69783[UE 5 | RB 1] Throughput = 1.09081 Mbps | SE = 0.02859 bit/s/Hz
69883[UE 5 | RB 1] Throughput = 0.59868 Mbps | SE = 0.01569 bit/s/Hz
69983[UE 5 | RB 1] Throughput = 1.43750 Mbps | SE = 0.03767 bit/s/Hz
70083[UE 5 | RB 1] Throughput = 1.19609 Mbps | SE = 0.03134 bit/s/Hz
70193[UE 5 | RB 1] Throughput = 1.09082 Mbps | SE = 0.02859 bit/s/Hz
70303[UE 5 | RB 1] Throughput = 0.98093 Mbps | SE = 0.02571 bit/s/Hz
70403[UE 5 | RB 1] Throughput = 0.95725 Mbps | SE = 0.02509 bit/s/Hz
70513[UE 5 | RB 1] Throughput = 1.20121 Mbps | SE = 0.03148 bit/s/Hz
70613[UE 5 | RB 1] Throughput = 1.07791 Mbps | SE = 0.02825 bit/s/Hz
70713[UE 5 | RB 1] Throughput = 0.71778 Mbps | SE = 0.01881 bit/s/Hz
70823[UE 5 | RB 1] Throughput = 1.09158 Mbps | SE = 0.02861 bit/s/Hz
70923[UE 5 | RB 1] Throughput = 1.31802 Mbps | SE = 0.03454 bit/s/Hz
71033[UE 5 | RB 1] Throughput = 1.08740 Mbps | SE = 0.02850 bit/s/Hz
71143[UE 5 | RB 1] Throughput = 0.87248 Mbps | SE = 0.02286 bit/s/Hz
71253[UE 5 | RB 1] Throughput = 1.19642 Mbps | SE = 0.03135 bit/s/Hz
71363[UE 5 | RB 1] Throughput = 1.09200 Mbps | SE = 0.02862 bit/s/Hz
71473[UE 5 | RB 1] Throughput = 1.19678 Mbps | SE = 0.03136 bit/s/Hz
71583[UE 5 | RB 1] Throughput = 1.09080 Mbps | SE = 0.02858 bit/s/Hz
71683[UE 5 | RB 1] Throughput = 0.71854 Mbps | SE = 0.01883 bit/s/Hz
71793[UE 5 | RB 1] Throughput = 1.19824 Mbps | SE = 0.03140 bit/s/Hz
71903[UE 5 | RB 1] Throughput = 1.19916 Mbps | SE = 0.03142 bit/s/Hz
72003[UE 5 | RB 1] Throughput = 0.71883 Mbps | SE = 0.01884 bit/s/Hz
72113[UE 5 | RB 1] Throughput = 1.20113 Mbps | SE = 0.03148 bit/s/Hz
72213[UE 5 | RB 1] Throughput = 0.95631 Mbps | SE = 0.02506 bit/s/Hz
72313[UE 5 | RB 1] Throughput = 1.31562 Mbps | SE = 0.03448 bit/s/Hz
72423[UE 5 | RB 1] Throughput = 1.09312 Mbps | SE = 0.02865 bit/s/Hz
72533[UE 5 | RB 1] Throughput = 1.19883 Mbps | SE = 0.03142 bit/s/Hz
72633[UE 5 | RB 1] Throughput = 0.59753 Mbps | SE = 0.01566 bit/s/Hz
72733[UE 5 | RB 1] Throughput = 1.31669 Mbps | SE = 0.03450 bit/s/Hz
72833[UE 5 | RB 1] Throughput = 1.07825 Mbps | SE = 0.02826 bit/s/Hz
72934[UE 5 | RB 1] Throughput = 1.19322 Mbps | SE = 0.03127 bit/s/Hz
73043[UE 5 | RB 1] Throughput = 0.87569 Mbps | SE = 0.02295 bit/s/Hz
73143[UE 5 | RB 1] Throughput = 1.07711 Mbps | SE = 0.02823 bit/s/Hz
73253[UE 5 | RB 1] Throughput = 1.09184 Mbps | SE = 0.02861 bit/s/Hz
73353[UE 5 | RB 1] Throughput = 1.19652 Mbps | SE = 0.03136 bit/s/Hz
73453[UE 5 | RB 1] Throughput = 0.83745 Mbps | SE = 0.02195 bit/s/Hz
73563[UE 5 | RB 1] Throughput = 1.20005 Mbps | SE = 0.03145 bit/s/Hz
73663[UE 5 | RB 1] Throughput = 1.31541 Mbps | SE = 0.03447 bit/s/Hz
73773[UE 5 | RB 1] Throughput = 0.87299 Mbps | SE = 0.02288 bit/s/Hz
73883[UE 5 | RB 1] Throughput = 1.19769 Mbps | SE = 0.03139 bit/s/Hz
73993[UE 5 | RB 1] Throughput = 1.09005 Mbps | SE = 0.02857 bit/s/Hz
74103[UE 5 | RB 1] Throughput = 0.98198 Mbps | SE = 0.02573 bit/s/Hz
74203[UE 5 | RB 1] Throughput = 1.07846 Mbps | SE = 0.02826 bit/s/Hz
74303[UE 5 | RB 1] Throughput = 1.07517 Mbps | SE = 0.02818 bit/s/Hz
74413[UE 5 | RB 1] Throughput = 1.09170 Mbps | SE = 0.02861 bit/s/Hz
74513[UE 5 | RB 1] Throughput = 1.07719 Mbps | SE = 0.02823 bit/s/Hz
74623[UE 5 | RB 1] Throughput = 0.87141 Mbps | SE = 0.02284 bit/s/Hz
74723[UE 5 | RB 1] Throughput = 1.07854 Mbps | SE = 0.02826 bit/s/Hz
74833[UE 5 | RB 1] Throughput = 0.98205 Mbps | SE = 0.02574 bit/s/Hz
74933[UE 5 | RB 1] Throughput = 1.07760 Mbps | SE = 0.02824 bit/s/Hz
75043[UE 5 | RB 1] Throughput = 1.19884 Mbps | SE = 0.03142 bit/s/Hz
75153[UE 5 | RB 1] Throughput = 0.76244 Mbps | SE = 0.01998 bit/s/Hz
75263[UE 5 | RB 1] Throughput = 1.52435 Mbps | SE = 0.03995 bit/s/Hz
75364[UE 5 | RB 1] Throughput = 1.07518 Mbps | SE = 0.02818 bit/s/Hz
75473[UE 5 | RB 1] Throughput = 0.65643 Mbps | SE = 0.01720 bit/s/Hz
75583[UE 5 | RB 1] Throughput = 1.30536 Mbps | SE = 0.03421 bit/s/Hz
75683[UE 5 | RB 1] Throughput = 0.83846 Mbps | SE = 0.02197 bit/s/Hz
75793[UE 5 | RB 1] Throughput = 1.41812 Mbps | SE = 0.03716 bit/s/Hz
75903[UE 5 | RB 1] Throughput = 0.98023 Mbps | SE = 0.02569 bit/s/Hz
76003[UE 5 | RB 1] Throughput = 0.95832 Mbps | SE = 0.02511 bit/s/Hz
76113[UE 5 | RB 1] Throughput = 1.09110 Mbps | SE = 0.02859 bit/s/Hz
76223[UE 5 | RB 1] Throughput = 0.87271 Mbps | SE = 0.02287 bit/s/Hz
76323[UE 5 | RB 1] Throughput = 1.19397 Mbps | SE = 0.03129 bit/s/Hz
76433[UE 5 | RB 1] Throughput = 1.30843 Mbps | SE = 0.03429 bit/s/Hz
76533[UE 5 | RB 1] Throughput = 1.07853 Mbps | SE = 0.02826 bit/s/Hz
76643[UE 5 | RB 1] Throughput = 1.19544 Mbps | SE = 0.03133 bit/s/Hz
76753[UE 5 | RB 1] Throughput = 0.54644 Mbps | SE = 0.01432 bit/s/Hz
76863[UE 5 | RB 1] Throughput = 1.31008 Mbps | SE = 0.03433 bit/s/Hz
76963[UE 5 | RB 1] Throughput = 1.07821 Mbps | SE = 0.02826 bit/s/Hz
77063[UE 5 | RB 1] Throughput = 1.07680 Mbps | SE = 0.02822 bit/s/Hz
77163[UE 5 | RB 1] Throughput = 0.95633 Mbps | SE = 0.02506 bit/s/Hz
77273[UE 5 | RB 1] Throughput = 1.09116 Mbps | SE = 0.02859 bit/s/Hz
77373[UE 5 | RB 1] Throughput = 1.07842 Mbps | SE = 0.02826 bit/s/Hz
77483[UE 5 | RB 1] Throughput = 1.09171 Mbps | SE = 0.02861 bit/s/Hz
77583[UE 5 | RB 1] Throughput = 1.07847 Mbps | SE = 0.02826 bit/s/Hz
77693[UE 5 | RB 1] Throughput = 0.98151 Mbps | SE = 0.02572 bit/s/Hz
77793[UE 5 | RB 1] Throughput = 1.31386 Mbps | SE = 0.03443 bit/s/Hz
77903[UE 5 | RB 1] Throughput = 1.09071 Mbps | SE = 0.02858 bit/s/Hz
78013[UE 5 | RB 1] Throughput = 0.87045 Mbps | SE = 0.02281 bit/s/Hz
78123[UE 5 | RB 1] Throughput = 1.31148 Mbps | SE = 0.03437 bit/s/Hz
78223[UE 5 | RB 1] Throughput = 1.07534 Mbps | SE = 0.02818 bit/s/Hz
78323[UE 5 | RB 1] Throughput = 0.83869 Mbps | SE = 0.02198 bit/s/Hz
78433[UE 5 | RB 1] Throughput = 1.30661 Mbps | SE = 0.03424 bit/s/Hz
78533[UE 5 | RB 1] Throughput = 1.07795 Mbps | SE = 0.02825 bit/s/Hz
78643[UE 5 | RB 1] Throughput = 0.87329 Mbps | SE = 0.02288 bit/s/Hz
78743[UE 5 | RB 1] Throughput = 1.07786 Mbps | SE = 0.02825 bit/s/Hz
78853[UE 5 | RB 1] Throughput = 1.30988 Mbps | SE = 0.03433 bit/s/Hz
78953[UE 5 | RB 1] Throughput = 1.07596 Mbps | SE = 0.02820 bit/s/Hz
79053[UE 5 | RB 1] Throughput = 0.95837 Mbps | SE = 0.02511 bit/s/Hz
79163[UE 5 | RB 1] Throughput = 0.87201 Mbps | SE = 0.02285 bit/s/Hz
79263[UE 5 | RB 1] Throughput = 1.19517 Mbps | SE = 0.03132 bit/s/Hz
79373[UE 5 | RB 1] Throughput = 1.19968 Mbps | SE = 0.03144 bit/s/Hz
79483[UE 5 | RB 1] Throughput = 0.76340 Mbps | SE = 0.02001 bit/s/Hz
79593[UE 5 | RB 1] Throughput = 1.19991 Mbps | SE = 0.03144 bit/s/Hz
79703[UE 5 | RB 1] Throughput = 1.09124 Mbps | SE = 0.02860 bit/s/Hz
79803[UE 5 | RB 1] Throughput = 0.71744 Mbps | SE = 0.01880 bit/s/Hz
79913[UE 5 | RB 1] Throughput = 1.20238 Mbps | SE = 0.03151 bit/s/Hz
80013[UE 5 | RB 1] Throughput = 1.43594 Mbps | SE = 0.03763 bit/s/Hz
80123[UE 5 | RB 1] Throughput = 1.08939 Mbps | SE = 0.02855 bit/s/Hz
80233[UE 5 | RB 1] Throughput = 1.08976 Mbps | SE = 0.02856 bit/s/Hz
80333[UE 5 | RB 1] Throughput = 0.95803 Mbps | SE = 0.02511 bit/s/Hz
80433[UE 5 | RB 1] Throughput = 0.83801 Mbps | SE = 0.02196 bit/s/Hz
80533[UE 5 | RB 1] Throughput = 1.19628 Mbps | SE = 0.03135 bit/s/Hz
80643[UE 5 | RB 1] Throughput = 1.09070 Mbps | SE = 0.02858 bit/s/Hz
80743[UE 5 | RB 1] Throughput = 0.83800 Mbps | SE = 0.02196 bit/s/Hz
80853[UE 5 | RB 1] Throughput = 1.19973 Mbps | SE = 0.03144 bit/s/Hz
80953[UE 5 | RB 1] Throughput = 0.83749 Mbps | SE = 0.02195 bit/s/Hz
81063[UE 5 | RB 1] Throughput = 1.19991 Mbps | SE = 0.03144 bit/s/Hz
81163[UE 5 | RB 1] Throughput = 1.19756 Mbps | SE = 0.03138 bit/s/Hz
81263[UE 5 | RB 1] Throughput = 1.19821 Mbps | SE = 0.03140 bit/s/Hz
81373[UE 5 | RB 1] Throughput = 0.98060 Mbps | SE = 0.02570 bit/s/Hz
81473[UE 5 | RB 1] Throughput = 0.95684 Mbps | SE = 0.02507 bit/s/Hz
81583[UE 5 | RB 1] Throughput = 1.19869 Mbps | SE = 0.03141 bit/s/Hz
81683[UE 5 | RB 1] Throughput = 1.07844 Mbps | SE = 0.02826 bit/s/Hz
81793[UE 5 | RB 1] Throughput = 1.09072 Mbps | SE = 0.02858 bit/s/Hz
81903[UE 5 | RB 1] Throughput = 0.98264 Mbps | SE = 0.02575 bit/s/Hz
82003[UE 5 | RB 1] Throughput = 0.95839 Mbps | SE = 0.02512 bit/s/Hz
82113[UE 5 | RB 1] Throughput = 1.08807 Mbps | SE = 0.02851 bit/s/Hz
82213[UE 5 | RB 1] Throughput = 1.07806 Mbps | SE = 0.02825 bit/s/Hz
82323[UE 5 | RB 1] Throughput = 1.09140 Mbps | SE = 0.02860 bit/s/Hz
82423[UE 5 | RB 1] Throughput = 0.83788 Mbps | SE = 0.02196 bit/s/Hz
82533[UE 5 | RB 1] Throughput = 1.41521 Mbps | SE = 0.03709 bit/s/Hz
82643[UE 5 | RB 1] Throughput = 1.09055 Mbps | SE = 0.02858 bit/s/Hz
82743[UE 5 | RB 1] Throughput = 0.95872 Mbps | SE = 0.02512 bit/s/Hz
82843[UE 5 | RB 1] Throughput = 1.31704 Mbps | SE = 0.03451 bit/s/Hz
82943[UE 5 | RB 1] Throughput = 0.95764 Mbps | SE = 0.02510 bit/s/Hz
83053[UE 5 | RB 1] Throughput = 0.98200 Mbps | SE = 0.02573 bit/s/Hz
83153[UE 5 | RB 1] Throughput = 1.07728 Mbps | SE = 0.02823 bit/s/Hz
83263[UE 5 | RB 1] Throughput = 0.98172 Mbps | SE = 0.02573 bit/s/Hz
83373[UE 5 | RB 1] Throughput = 1.08855 Mbps | SE = 0.02853 bit/s/Hz
83483[UE 5 | RB 1] Throughput = 1.08882 Mbps | SE = 0.02853 bit/s/Hz
83593[UE 5 | RB 1] Throughput = 0.76294 Mbps | SE = 0.01999 bit/s/Hz
83693[UE 5 | RB 1] Throughput = 1.19786 Mbps | SE = 0.03139 bit/s/Hz
83803[UE 5 | RB 1] Throughput = 1.20194 Mbps | SE = 0.03150 bit/s/Hz
83903[UE 5 | RB 1] Throughput = 1.19632 Mbps | SE = 0.03135 bit/s/Hz
84013[UE 5 | RB 1] Throughput = 1.19922 Mbps | SE = 0.03143 bit/s/Hz
84123[UE 5 | RB 1] Throughput = 0.65370 Mbps | SE = 0.01713 bit/s/Hz
84223[UE 5 | RB 1] Throughput = 1.31704 Mbps | SE = 0.03451 bit/s/Hz
84323[UE 5 | RB 1] Throughput = 1.07772 Mbps | SE = 0.02824 bit/s/Hz
84433[UE 5 | RB 1] Throughput = 1.09313 Mbps | SE = 0.02865 bit/s/Hz
84533[UE 5 | RB 1] Throughput = 0.95618 Mbps | SE = 0.02506 bit/s/Hz
84633[UE 5 | RB 1] Throughput = 1.19756 Mbps | SE = 0.03138 bit/s/Hz
84743[UE 5 | RB 1] Throughput = 0.98072 Mbps | SE = 0.02570 bit/s/Hz
84843[UE 5 | RB 1] Throughput = 0.71842 Mbps | SE = 0.01883 bit/s/Hz
84953[UE 5 | RB 1] Throughput = 1.30604 Mbps | SE = 0.03423 bit/s/Hz
85063[UE 5 | RB 1] Throughput = 1.20005 Mbps | SE = 0.03145 bit/s/Hz
85173[UE 5 | RB 1] Throughput = 1.19727 Mbps | SE = 0.03137 bit/s/Hz
85283[UE 5 | RB 1] Throughput = 0.65325 Mbps | SE = 0.01712 bit/s/Hz
85393[UE 5 | RB 1] Throughput = 1.30813 Mbps | SE = 0.03428 bit/s/Hz
85503[UE 5 | RB 1] Throughput = 1.19814 Mbps | SE = 0.03140 bit/s/Hz
85603[UE 5 | RB 1] Throughput = 0.71861 Mbps | SE = 0.01883 bit/s/Hz
85713[UE 5 | RB 1] Throughput = 1.30946 Mbps | SE = 0.03432 bit/s/Hz
85813[UE 5 | RB 1] Throughput = 0.71817 Mbps | SE = 0.01882 bit/s/Hz
85923[UE 5 | RB 1] Throughput = 1.41480 Mbps | SE = 0.03708 bit/s/Hz
86033[UE 5 | RB 1] Throughput = 1.20059 Mbps | SE = 0.03146 bit/s/Hz
86143[UE 5 | RB 1] Throughput = 0.65303 Mbps | SE = 0.01711 bit/s/Hz
86253[UE 5 | RB 1] Throughput = 0.98034 Mbps | SE = 0.02569 bit/s/Hz
86363[UE 5 | RB 1] Throughput = 1.09195 Mbps | SE = 0.02861 bit/s/Hz
86463[UE 5 | RB 1] Throughput = 1.31821 Mbps | SE = 0.03454 bit/s/Hz
86563[UE 5 | RB 1] Throughput = 1.31712 Mbps | SE = 0.03452 bit/s/Hz
86663[UE 5 | RB 1] Throughput = 0.95868 Mbps | SE = 0.02512 bit/s/Hz
86763[UE 5 | RB 1] Throughput = 0.71891 Mbps | SE = 0.01884 bit/s/Hz
86873[UE 5 | RB 1] Throughput = 1.19823 Mbps | SE = 0.03140 bit/s/Hz
86983[UE 5 | RB 1] Throughput = 1.19960 Mbps | SE = 0.03144 bit/s/Hz
87083[UE 5 | RB 1] Throughput = 0.83817 Mbps | SE = 0.02196 bit/s/Hz
87183[UE 5 | RB 1] Throughput = 1.19824 Mbps | SE = 0.03140 bit/s/Hz
87293[UE 5 | RB 1] Throughput = 1.30911 Mbps | SE = 0.03431 bit/s/Hz
87393[UE 5 | RB 1] Throughput = 0.71900 Mbps | SE = 0.01884 bit/s/Hz
87493[UE 5 | RB 1] Throughput = 1.43778 Mbps | SE = 0.03768 bit/s/Hz
87593[UE 5 | RB 1] Throughput = 0.71870 Mbps | SE = 0.01883 bit/s/Hz
87703[UE 5 | RB 1] Throughput = 1.19695 Mbps | SE = 0.03137 bit/s/Hz
87813[UE 5 | RB 1] Throughput = 1.19884 Mbps | SE = 0.03142 bit/s/Hz
87913[UE 5 | RB 1] Throughput = 0.59806 Mbps | SE = 0.01567 bit/s/Hz
88023[UE 5 | RB 1] Throughput = 1.20325 Mbps | SE = 0.03153 bit/s/Hz
88123[UE 5 | RB 1] Throughput = 1.19727 Mbps | SE = 0.03138 bit/s/Hz
88233[UE 5 | RB 1] Throughput = 1.19657 Mbps | SE = 0.03136 bit/s/Hz
88333[UE 5 | RB 1] Throughput = 0.71849 Mbps | SE = 0.01883 bit/s/Hz
88433[UE 5 | RB 1] Throughput = 1.19833 Mbps | SE = 0.03140 bit/s/Hz
88533[UE 5 | RB 1] Throughput = 1.31823 Mbps | SE = 0.03454 bit/s/Hz
88643[UE 5 | RB 1] Throughput = 1.09035 Mbps | SE = 0.02857 bit/s/Hz
88743[UE 5 | RB 1] Throughput = 0.83878 Mbps | SE = 0.02198 bit/s/Hz
88843[UE 5 | RB 1] Throughput = 0.95846 Mbps | SE = 0.02512 bit/s/Hz
88953[UE 5 | RB 1] Throughput = 1.19953 Mbps | SE = 0.03143 bit/s/Hz
89053[UE 5 | RB 1] Throughput = 1.19694 Mbps | SE = 0.03137 bit/s/Hz
89153[UE 5 | RB 1] Throughput = 1.07842 Mbps | SE = 0.02826 bit/s/Hz
89263[UE 5 | RB 1] Throughput = 1.08918 Mbps | SE = 0.02854 bit/s/Hz
89373[UE 5 | RB 1] Throughput = 1.09021 Mbps | SE = 0.02857 bit/s/Hz
89473[UE 5 | RB 1] Throughput = 1.19588 Mbps | SE = 0.03134 bit/s/Hz
89583[UE 5 | RB 1] Throughput = 0.65390 Mbps | SE = 0.01714 bit/s/Hz
89683[UE 5 | RB 1] Throughput = 1.07806 Mbps | SE = 0.02825 bit/s/Hz
89793[UE 5 | RB 1] Throughput = 1.09127 Mbps | SE = 0.02860 bit/s/Hz
89893[UE 5 | RB 1] Throughput = 1.19707 Mbps | SE = 0.03137 bit/s/Hz
89993[UE 5 | RB 1] Throughput = 1.07826 Mbps | SE = 0.02826 bit/s/Hz
[xApp]: E42 RIC_SUBSCRIPTION_DELETE_REQUEST tx RAN_FUNC_ID 144 RIC_REQ_ID 1 
[xApp]: E42 SUBSCRIPTION DELETE RESPONSE rx
[xApp]: E42 RIC_SUBSCRIPTION_DELETE_REQUEST tx RAN_FUNC_ID 144 RIC_REQ_ID 2 
[xApp]: E42 SUBSCRIPTION DELETE RESPONSE rx
[xApp]: E42 RIC_SUBSCRIPTION_DELETE_REQUEST tx RAN_FUNC_ID 144 RIC_REQ_ID 3 
[xApp]: E42 SUBSCRIPTION DELETE RESPONSE rx
[xApp]: Sucessfully stopped 
Test xApp run SUCCESSFULLY
