[UTIL]: Setting the config -c file to /usr/local/etc/flexric/flexric.conf
[UTIL]: Setting path -p for the shared libraries to /usr/local/lib/flexric/
[xAapp]: Initializing ... 
[xApp]: nearRT-RIC IP Address = 192.168.70.150, PORT = 36422
[E2 AGENT]: Opening plugin from path = /usr/local/lib/flexric/libkpm_sm.so 
[E2 AGENT]: Opening plugin from path = /usr/local/lib/flexric/libmac_sm.so 
[E2 AGENT]: Opening plugin from path = /usr/local/lib/flexric/libpdcp_sm.so 
[E2 AGENT]: Opening plugin from path = /usr/local/lib/flexric/libgtp_sm.so 
[E2 AGENT]: Opening plugin from path = /usr/local/lib/flexric/librc_sm.so 
[E2 AGENT]: Opening plugin from path = /usr/local/lib/flexric/libtc_sm.so 
[E2 AGENT]: Opening plugin from path = /usr/local/lib/flexric/librlc_sm.so 
[E2 AGENT]: Opening plugin from path = /usr/local/lib/flexric/libslice_sm.so 
[NEAR-RIC]: Loading SM ID = 2 with def = ORAN-E2SM-KPM 
[NEAR-RIC]: Loading SM ID = 142 with def = MAC_STATS_V0 
[NEAR-RIC]: Loading SM ID = 144 with def = PDCP_STATS_V0 
[NEAR-RIC]: Loading SM ID = 148 with def = GTP_STATS_V0 
[NEAR-RIC]: Loading SM ID = 3 with def = ORAN-E2SM-RC 
[NEAR-RIC]: Loading SM ID = 146 with def = TC_STATS_V0 
[NEAR-RIC]: Loading SM ID = 143 with def = RLC_STATS_V0 
[NEAR-RIC]: Loading SM ID = 145 with def = SLICE_STATS_V0 
[xApp]: DB filename = /tmp/flexric/xapp_db 
 [xApp]: E42 SETUP-REQUEST tx
[xApp]: E42 SETUP-RESPONSE rx 
[xApp]: xApp ID = 96 
[xApp]: Registered E2 Nodes = 3 
Connected E2 nodes = 3
[xAPP] Registered node 0 ran func id = 2 
 [xAPP] Registered node 0 ran func id = 3 
 [xAPP] Registered node 0 ran func id = 142 
 [xAPP] Registered node 0 ran func id = 143 
 [xAPP] Registered node 0 ran func id = 144 
 [xAPP] Registered node 0 ran func id = 145 
 [xAPP] Registered node 0 ran func id = 146 
 [xAPP] Registered node 0 ran func id = 148 
 [xApp]: E42 RIC SUBSCRIPTION REQUEST tx RAN_FUNC_ID 144 RIC_REQ_ID 1 
[xApp]: SUBSCRIPTION RESPONSE rx
[xApp]: Successfully subscribed to RAN_FUNC_ID 144 
[xAPP] Registered node 1 ran func id = 2 
 [xAPP] Registered node 1 ran func id = 3 
 [xAPP] Registered node 1 ran func id = 142 
 [xAPP] Registered node 1 ran func id = 143 
 [xAPP] Registered node 1 ran func id = 144 
 [xAPP] Registered node 1 ran func id = 145 
 [xAPP] Registered node 1 ran func id = 146 
 [xAPP] Registered node 1 ran func id = 148 
 [xApp]: E42 RIC SUBSCRIPTION REQUEST tx RAN_FUNC_ID 144 RIC_REQ_ID 2 
[xApp]: SUBSCRIPTION RESPONSE rx
[xApp]: Successfully subscribed to RAN_FUNC_ID 144 
[xAPP] Registered node 2 ran func id = 2 
 [xAPP] Registered node 2 ran func id = 3 
 [xAPP] Registered node 2 ran func id = 142 
 [xAPP] Registered node 2 ran func id = 143 
 [xAPP] Registered node 2 ran func id = 144 
 [xAPP] Registered node 2 ran func id = 145 
 [xAPP] Registered node 2 ran func id = 146 
 [xAPP] Registered node 2 ran func id = 148 
 [xApp]: E42 RIC SUBSCRIPTION REQUEST tx RAN_FUNC_ID 144 RIC_REQ_ID 3 
[xApp]: SUBSCRIPTION RESPONSE rx
[xApp]: Successfully subscribed to RAN_FUNC_ID 144 
112[UE 5 | RB 1] Throughput = 1.07422 Mbps | SE = 0.02815 bit/s/Hz
222[UE 5 | RB 1] Throughput = 0.76388 Mbps | SE = 0.02002 bit/s/Hz
332[UE 5 | RB 1] Throughput = 1.19715 Mbps | SE = 0.03137 bit/s/Hz
442[UE 5 | RB 1] Throughput = 1.09165 Mbps | SE = 0.02861 bit/s/Hz
542[UE 5 | RB 1] Throughput = 1.31570 Mbps | SE = 0.03448 bit/s/Hz
652[UE 5 | RB 1] Throughput = 0.87275 Mbps | SE = 0.02287 bit/s/Hz
752[UE 5 | RB 1] Throughput = 0.95851 Mbps | SE = 0.02512 bit/s/Hz
862[UE 5 | RB 1] Throughput = 1.09066 Mbps | SE = 0.02858 bit/s/Hz
962[UE 5 | RB 1] Throughput = 1.19628 Mbps | SE = 0.03135 bit/s/Hz
1072[UE 5 | RB 1] Throughput = 1.19940 Mbps | SE = 0.03143 bit/s/Hz
1182[UE 5 | RB 1] Throughput = 0.98170 Mbps | SE = 0.02573 bit/s/Hz
1282[UE 5 | RB 1] Throughput = 1.07686 Mbps | SE = 0.02822 bit/s/Hz
1382[UE 5 | RB 1] Throughput = 0.95811 Mbps | SE = 0.02511 bit/s/Hz
1482[UE 5 | RB 1] Throughput = 0.95780 Mbps | SE = 0.02510 bit/s/Hz
1582[UE 5 | RB 1] Throughput = 0.83769 Mbps | SE = 0.02195 bit/s/Hz
1692[UE 5 | RB 1] Throughput = 1.30973 Mbps | SE = 0.03432 bit/s/Hz
1802[UE 5 | RB 1] Throughput = 1.20032 Mbps | SE = 0.03145 bit/s/Hz
1902[UE 5 | RB 1] Throughput = 1.19502 Mbps | SE = 0.03132 bit/s/Hz
2012[UE 5 | RB 1] Throughput = 0.65264 Mbps | SE = 0.01710 bit/s/Hz
2112[UE 5 | RB 1] Throughput = 1.31800 Mbps | SE = 0.03454 bit/s/Hz
2222[UE 5 | RB 1] Throughput = 1.19836 Mbps | SE = 0.03140 bit/s/Hz
2332[UE 5 | RB 1] Throughput = 0.76469 Mbps | SE = 0.02004 bit/s/Hz
2432[UE 5 | RB 1] Throughput = 1.19634 Mbps | SE = 0.03135 bit/s/Hz
2542[UE 5 | RB 1] Throughput = 1.08948 Mbps | SE = 0.02855 bit/s/Hz
2652[UE 5 | RB 1] Throughput = 1.31038 Mbps | SE = 0.03434 bit/s/Hz
2762[UE 5 | RB 1] Throughput = 0.97844 Mbps | SE = 0.02564 bit/s/Hz
2872[UE 5 | RB 1] Throughput = 0.98121 Mbps | SE = 0.02571 bit/s/Hz
2982[UE 5 | RB 1] Throughput = 0.87110 Mbps | SE = 0.02283 bit/s/Hz
3083[UE 5 | RB 1] Throughput = 1.19205 Mbps | SE = 0.03124 bit/s/Hz
3183[UE 5 | RB 1] Throughput = 0.83873 Mbps | SE = 0.02198 bit/s/Hz
3292[UE 5 | RB 1] Throughput = 1.42281 Mbps | SE = 0.03729 bit/s/Hz
3402[UE 5 | RB 1] Throughput = 1.09121 Mbps | SE = 0.02860 bit/s/Hz
3502[UE 5 | RB 1] Throughput = 1.07830 Mbps | SE = 0.02826 bit/s/Hz
3612[UE 5 | RB 1] Throughput = 0.98092 Mbps | SE = 0.02571 bit/s/Hz
3722[UE 5 | RB 1] Throughput = 1.08999 Mbps | SE = 0.02856 bit/s/Hz
3822[UE 5 | RB 1] Throughput = 0.83701 Mbps | SE = 0.02193 bit/s/Hz
3932[UE 5 | RB 1] Throughput = 1.19958 Mbps | SE = 0.03144 bit/s/Hz
4032[UE 5 | RB 1] Throughput = 0.95835 Mbps | SE = 0.02511 bit/s/Hz
4132[UE 5 | RB 1] Throughput = 1.19797 Mbps | SE = 0.03139 bit/s/Hz
4242[UE 5 | RB 1] Throughput = 0.98126 Mbps | SE = 0.02571 bit/s/Hz
4342[UE 5 | RB 1] Throughput = 1.19799 Mbps | SE = 0.03139 bit/s/Hz
4442[UE 5 | RB 1] Throughput = 1.07839 Mbps | SE = 0.02826 bit/s/Hz
4542[UE 5 | RB 1] Throughput = 1.07757 Mbps | SE = 0.02824 bit/s/Hz
4652[UE 5 | RB 1] Throughput = 1.20097 Mbps | SE = 0.03147 bit/s/Hz
4762[UE 5 | RB 1] Throughput = 0.98100 Mbps | SE = 0.02571 bit/s/Hz
4862[UE 5 | RB 1] Throughput = 0.83868 Mbps | SE = 0.02198 bit/s/Hz
4972[UE 5 | RB 1] Throughput = 1.19670 Mbps | SE = 0.03136 bit/s/Hz
5072[UE 5 | RB 1] Throughput = 1.19750 Mbps | SE = 0.03138 bit/s/Hz
5182[UE 5 | RB 1] Throughput = 0.98424 Mbps | SE = 0.02579 bit/s/Hz
5282[UE 5 | RB 1] Throughput = 1.07617 Mbps | SE = 0.02820 bit/s/Hz
5382[UE 5 | RB 1] Throughput = 1.19725 Mbps | SE = 0.03137 bit/s/Hz
5482[UE 5 | RB 1] Throughput = 1.07763 Mbps | SE = 0.02824 bit/s/Hz
5582[UE 5 | RB 1] Throughput = 0.95792 Mbps | SE = 0.02510 bit/s/Hz
5692[UE 5 | RB 1] Throughput = 1.09134 Mbps | SE = 0.02860 bit/s/Hz
5792[UE 5 | RB 1] Throughput = 1.07799 Mbps | SE = 0.02825 bit/s/Hz
5902[UE 5 | RB 1] Throughput = 0.98194 Mbps | SE = 0.02573 bit/s/Hz
6002[UE 5 | RB 1] Throughput = 1.19633 Mbps | SE = 0.03135 bit/s/Hz
6112[UE 5 | RB 1] Throughput = 0.87254 Mbps | SE = 0.02287 bit/s/Hz
6212[UE 5 | RB 1] Throughput = 1.07563 Mbps | SE = 0.02819 bit/s/Hz
6322[UE 5 | RB 1] Throughput = 0.98081 Mbps | SE = 0.02570 bit/s/Hz
6423[UE 5 | RB 1] Throughput = 1.19477 Mbps | SE = 0.03131 bit/s/Hz
6532[UE 5 | RB 1] Throughput = 1.09415 Mbps | SE = 0.02867 bit/s/Hz
6632[UE 5 | RB 1] Throughput = 0.95746 Mbps | SE = 0.02509 bit/s/Hz
6742[UE 5 | RB 1] Throughput = 1.20238 Mbps | SE = 0.03151 bit/s/Hz
6842[UE 5 | RB 1] Throughput = 1.07694 Mbps | SE = 0.02822 bit/s/Hz
6942[UE 5 | RB 1] Throughput = 1.07680 Mbps | SE = 0.02822 bit/s/Hz
7052[UE 5 | RB 1] Throughput = 1.08964 Mbps | SE = 0.02855 bit/s/Hz
7163[UE 5 | RB 1] Throughput = 1.08463 Mbps | SE = 0.02842 bit/s/Hz
7272[UE 5 | RB 1] Throughput = 1.20672 Mbps | SE = 0.03162 bit/s/Hz
7372[UE 5 | RB 1] Throughput = 0.71768 Mbps | SE = 0.01881 bit/s/Hz
7482[UE 5 | RB 1] Throughput = 1.19799 Mbps | SE = 0.03139 bit/s/Hz
7592[UE 5 | RB 1] Throughput = 1.09231 Mbps | SE = 0.02862 bit/s/Hz
7692[UE 5 | RB 1] Throughput = 1.19692 Mbps | SE = 0.03137 bit/s/Hz
7802[UE 5 | RB 1] Throughput = 1.08817 Mbps | SE = 0.02852 bit/s/Hz
7912[UE 5 | RB 1] Throughput = 0.87228 Mbps | SE = 0.02286 bit/s/Hz
8022[UE 5 | RB 1] Throughput = 1.19806 Mbps | SE = 0.03140 bit/s/Hz
8122[UE 5 | RB 1] Throughput = 1.07842 Mbps | SE = 0.02826 bit/s/Hz
8222[UE 5 | RB 1] Throughput = 0.71873 Mbps | SE = 0.01883 bit/s/Hz
8332[UE 5 | RB 1] Throughput = 1.19737 Mbps | SE = 0.03138 bit/s/Hz
8442[UE 5 | RB 1] Throughput = 1.08994 Mbps | SE = 0.02856 bit/s/Hz
8552[UE 5 | RB 1] Throughput = 1.19911 Mbps | SE = 0.03142 bit/s/Hz
8662[UE 5 | RB 1] Throughput = 1.19850 Mbps | SE = 0.03141 bit/s/Hz
8762[UE 5 | RB 1] Throughput = 0.71670 Mbps | SE = 0.01878 bit/s/Hz
8872[UE 5 | RB 1] Throughput = 1.31004 Mbps | SE = 0.03433 bit/s/Hz
8972[UE 5 | RB 1] Throughput = 0.95734 Mbps | SE = 0.02509 bit/s/Hz
9082[UE 5 | RB 1] Throughput = 0.98224 Mbps | SE = 0.02574 bit/s/Hz
9192[UE 5 | RB 1] Throughput = 1.30663 Mbps | SE = 0.03424 bit/s/Hz
9292[UE 5 | RB 1] Throughput = 0.83832 Mbps | SE = 0.02197 bit/s/Hz
9402[UE 5 | RB 1] Throughput = 1.30859 Mbps | SE = 0.03429 bit/s/Hz
9512[UE 5 | RB 1] Throughput = 0.54470 Mbps | SE = 0.01427 bit/s/Hz
9612[UE 5 | RB 1] Throughput = 1.43673 Mbps | SE = 0.03765 bit/s/Hz
9722[UE 5 | RB 1] Throughput = 1.09164 Mbps | SE = 0.02861 bit/s/Hz
9832[UE 5 | RB 1] Throughput = 0.98110 Mbps | SE = 0.02571 bit/s/Hz
9932[UE 5 | RB 1] Throughput = 0.95835 Mbps | SE = 0.02511 bit/s/Hz
10032[UE 5 | RB 1] Throughput = 1.43587 Mbps | SE = 0.03763 bit/s/Hz
10142[UE 5 | RB 1] Throughput = 1.08931 Mbps | SE = 0.02855 bit/s/Hz
10242[UE 5 | RB 1] Throughput = 0.71900 Mbps | SE = 0.01884 bit/s/Hz
10352[UE 5 | RB 1] Throughput = 1.08848 Mbps | SE = 0.02852 bit/s/Hz
10453[UE 5 | RB 1] Throughput = 1.31366 Mbps | SE = 0.03442 bit/s/Hz
10562[UE 5 | RB 1] Throughput = 0.87548 Mbps | SE = 0.02294 bit/s/Hz
10672[UE 5 | RB 1] Throughput = 1.09079 Mbps | SE = 0.02858 bit/s/Hz
10782[UE 5 | RB 1] Throughput = 1.08790 Mbps | SE = 0.02851 bit/s/Hz
10882[UE 5 | RB 1] Throughput = 0.83815 Mbps | SE = 0.02196 bit/s/Hz
10992[UE 5 | RB 1] Throughput = 1.09006 Mbps | SE = 0.02857 bit/s/Hz
11102[UE 5 | RB 1] Throughput = 1.19883 Mbps | SE = 0.03142 bit/s/Hz
11202[UE 5 | RB 1] Throughput = 1.07779 Mbps | SE = 0.02824 bit/s/Hz
11302[UE 5 | RB 1] Throughput = 0.83850 Mbps | SE = 0.02197 bit/s/Hz
11402[UE 5 | RB 1] Throughput = 1.31683 Mbps | SE = 0.03451 bit/s/Hz
11502[UE 5 | RB 1] Throughput = 1.19823 Mbps | SE = 0.03140 bit/s/Hz
11612[UE 5 | RB 1] Throughput = 1.19995 Mbps | SE = 0.03145 bit/s/Hz
11723[UE 5 | RB 1] Throughput = 0.54205 Mbps | SE = 0.01420 bit/s/Hz
11832[UE 5 | RB 1] Throughput = 1.42229 Mbps | SE = 0.03727 bit/s/Hz
11932[UE 5 | RB 1] Throughput = 1.07715 Mbps | SE = 0.02823 bit/s/Hz
12042[UE 5 | RB 1] Throughput = 0.98238 Mbps | SE = 0.02574 bit/s/Hz
12152[UE 5 | RB 1] Throughput = 1.09030 Mbps | SE = 0.02857 bit/s/Hz
12262[UE 5 | RB 1] Throughput = 1.19687 Mbps | SE = 0.03136 bit/s/Hz
12372[UE 5 | RB 1] Throughput = 0.87382 Mbps | SE = 0.02290 bit/s/Hz
12472[UE 5 | RB 1] Throughput = 1.07844 Mbps | SE = 0.02826 bit/s/Hz
12572[UE 5 | RB 1] Throughput = 1.19583 Mbps | SE = 0.03134 bit/s/Hz
12672[UE 5 | RB 1] Throughput = 1.19793 Mbps | SE = 0.03139 bit/s/Hz
12782[UE 5 | RB 1] Throughput = 1.09071 Mbps | SE = 0.02858 bit/s/Hz
12883[UE 5 | RB 1] Throughput = 0.59584 Mbps | SE = 0.01561 bit/s/Hz
12992[UE 5 | RB 1] Throughput = 1.09499 Mbps | SE = 0.02869 bit/s/Hz
13092[UE 5 | RB 1] Throughput = 1.43578 Mbps | SE = 0.03763 bit/s/Hz
13202[UE 5 | RB 1] Throughput = 1.09054 Mbps | SE = 0.02858 bit/s/Hz
13302[UE 5 | RB 1] Throughput = 0.71852 Mbps | SE = 0.01883 bit/s/Hz
13412[UE 5 | RB 1] Throughput = 1.09000 Mbps | SE = 0.02856 bit/s/Hz
13522[UE 5 | RB 1] Throughput = 1.41427 Mbps | SE = 0.03706 bit/s/Hz
13623[UE 5 | RB 1] Throughput = 0.59763 Mbps | SE = 0.01566 bit/s/Hz
13732[UE 5 | RB 1] Throughput = 1.20427 Mbps | SE = 0.03156 bit/s/Hz
13832[UE 5 | RB 1] Throughput = 1.19705 Mbps | SE = 0.03137 bit/s/Hz
13933[UE 5 | RB 1] Throughput = 1.07181 Mbps | SE = 0.02809 bit/s/Hz
14043[UE 5 | RB 1] Throughput = 0.98102 Mbps | SE = 0.02571 bit/s/Hz
14153[UE 5 | RB 1] Throughput = 1.19937 Mbps | SE = 0.03143 bit/s/Hz
14262[UE 5 | RB 1] Throughput = 1.20370 Mbps | SE = 0.03154 bit/s/Hz
14362[UE 5 | RB 1] Throughput = 0.59886 Mbps | SE = 0.01569 bit/s/Hz
14472[UE 5 | RB 1] Throughput = 1.20012 Mbps | SE = 0.03145 bit/s/Hz
14572[UE 5 | RB 1] Throughput = 0.95828 Mbps | SE = 0.02511 bit/s/Hz
14682[UE 5 | RB 1] Throughput = 1.20105 Mbps | SE = 0.03147 bit/s/Hz
14782[UE 5 | RB 1] Throughput = 1.19453 Mbps | SE = 0.03130 bit/s/Hz
14892[UE 5 | RB 1] Throughput = 1.09004 Mbps | SE = 0.02856 bit/s/Hz
14992[UE 5 | RB 1] Throughput = 1.07826 Mbps | SE = 0.02826 bit/s/Hz
15092[UE 5 | RB 1] Throughput = 0.71892 Mbps | SE = 0.01884 bit/s/Hz
15202[UE 5 | RB 1] Throughput = 1.08897 Mbps | SE = 0.02854 bit/s/Hz
15312[UE 5 | RB 1] Throughput = 1.09214 Mbps | SE = 0.02862 bit/s/Hz
15422[UE 5 | RB 1] Throughput = 1.52247 Mbps | SE = 0.03990 bit/s/Hz
15532[UE 5 | RB 1] Throughput = 0.54514 Mbps | SE = 0.01429 bit/s/Hz
15642[UE 5 | RB 1] Throughput = 1.30405 Mbps | SE = 0.03417 bit/s/Hz
15752[UE 5 | RB 1] Throughput = 1.09278 Mbps | SE = 0.02864 bit/s/Hz
15862[UE 5 | RB 1] Throughput = 1.08604 Mbps | SE = 0.02846 bit/s/Hz
15962[UE 5 | RB 1] Throughput = 1.19828 Mbps | SE = 0.03140 bit/s/Hz
16072[UE 5 | RB 1] Throughput = 0.65298 Mbps | SE = 0.01711 bit/s/Hz
16182[UE 5 | RB 1] Throughput = 1.42045 Mbps | SE = 0.03722 bit/s/Hz
16292[UE 5 | RB 1] Throughput = 0.98059 Mbps | SE = 0.02570 bit/s/Hz
16402[UE 5 | RB 1] Throughput = 1.08999 Mbps | SE = 0.02856 bit/s/Hz
16502[UE 5 | RB 1] Throughput = 0.95789 Mbps | SE = 0.02510 bit/s/Hz
16612[UE 5 | RB 1] Throughput = 0.98242 Mbps | SE = 0.02574 bit/s/Hz
16722[UE 5 | RB 1] Throughput = 1.08837 Mbps | SE = 0.02852 bit/s/Hz
16822[UE 5 | RB 1] Throughput = 1.19744 Mbps | SE = 0.03138 bit/s/Hz
16932[UE 5 | RB 1] Throughput = 1.30886 Mbps | SE = 0.03430 bit/s/Hz
17032[UE 5 | RB 1] Throughput = 0.59861 Mbps | SE = 0.01569 bit/s/Hz
17132[UE 5 | RB 1] Throughput = 1.43709 Mbps | SE = 0.03766 bit/s/Hz
17242[UE 5 | RB 1] Throughput = 1.20033 Mbps | SE = 0.03146 bit/s/Hz
17342[UE 5 | RB 1] Throughput = 0.59696 Mbps | SE = 0.01564 bit/s/Hz
17452[UE 5 | RB 1] Throughput = 1.09160 Mbps | SE = 0.02861 bit/s/Hz
17552[UE 5 | RB 1] Throughput = 1.19742 Mbps | SE = 0.03138 bit/s/Hz
17663[UE 5 | RB 1] Throughput = 1.30374 Mbps | SE = 0.03417 bit/s/Hz
17772[UE 5 | RB 1] Throughput = 0.76575 Mbps | SE = 0.02007 bit/s/Hz
17882[UE 5 | RB 1] Throughput = 1.08869 Mbps | SE = 0.02853 bit/s/Hz
17992[UE 5 | RB 1] Throughput = 1.19898 Mbps | SE = 0.03142 bit/s/Hz
18102[UE 5 | RB 1] Throughput = 1.09059 Mbps | SE = 0.02858 bit/s/Hz
18202[UE 5 | RB 1] Throughput = 1.07698 Mbps | SE = 0.02822 bit/s/Hz
18312[UE 5 | RB 1] Throughput = 1.19703 Mbps | SE = 0.03137 bit/s/Hz
18422[UE 5 | RB 1] Throughput = 0.87343 Mbps | SE = 0.02289 bit/s/Hz
18532[UE 5 | RB 1] Throughput = 0.87162 Mbps | SE = 0.02284 bit/s/Hz
18632[UE 5 | RB 1] Throughput = 1.55548 Mbps | SE = 0.04076 bit/s/Hz
18732[UE 5 | RB 1] Throughput = 0.59846 Mbps | SE = 0.01568 bit/s/Hz
18842[UE 5 | RB 1] Throughput = 1.30882 Mbps | SE = 0.03430 bit/s/Hz
18942[UE 5 | RB 1] Throughput = 0.95637 Mbps | SE = 0.02506 bit/s/Hz
19052[UE 5 | RB 1] Throughput = 0.98084 Mbps | SE = 0.02570 bit/s/Hz
19162[UE 5 | RB 1] Throughput = 0.87270 Mbps | SE = 0.02287 bit/s/Hz
19272[UE 5 | RB 1] Throughput = 1.19950 Mbps | SE = 0.03143 bit/s/Hz
19382[UE 5 | RB 1] Throughput = 1.30618 Mbps | SE = 0.03423 bit/s/Hz
19482[UE 5 | RB 1] Throughput = 1.19755 Mbps | SE = 0.03138 bit/s/Hz
19592[UE 5 | RB 1] Throughput = 0.87275 Mbps | SE = 0.02287 bit/s/Hz
19702[UE 5 | RB 1] Throughput = 1.09004 Mbps | SE = 0.02856 bit/s/Hz
19802[UE 5 | RB 1] Throughput = 0.95782 Mbps | SE = 0.02510 bit/s/Hz
19912[UE 5 | RB 1] Throughput = 1.08966 Mbps | SE = 0.02856 bit/s/Hz
20022[UE 5 | RB 1] Throughput = 1.08950 Mbps | SE = 0.02855 bit/s/Hz
20122[UE 5 | RB 1] Throughput = 1.31456 Mbps | SE = 0.03445 bit/s/Hz
20232[UE 5 | RB 1] Throughput = 0.87426 Mbps | SE = 0.02291 bit/s/Hz
20332[UE 5 | RB 1] Throughput = 1.07762 Mbps | SE = 0.02824 bit/s/Hz
20442[UE 5 | RB 1] Throughput = 1.19743 Mbps | SE = 0.03138 bit/s/Hz
20552[UE 5 | RB 1] Throughput = 0.87186 Mbps | SE = 0.02285 bit/s/Hz
20653[UE 5 | RB 1] Throughput = 1.07576 Mbps | SE = 0.02819 bit/s/Hz
20762[UE 5 | RB 1] Throughput = 1.20081 Mbps | SE = 0.03147 bit/s/Hz
20872[UE 5 | RB 1] Throughput = 0.87312 Mbps | SE = 0.02288 bit/s/Hz
20972[UE 5 | RB 1] Throughput = 1.07653 Mbps | SE = 0.02821 bit/s/Hz
21082[UE 5 | RB 1] Throughput = 1.30890 Mbps | SE = 0.03430 bit/s/Hz
21182[UE 5 | RB 1] Throughput = 1.07809 Mbps | SE = 0.02825 bit/s/Hz
21292[UE 5 | RB 1] Throughput = 0.87133 Mbps | SE = 0.02283 bit/s/Hz
21392[UE 5 | RB 1] Throughput = 1.43792 Mbps | SE = 0.03768 bit/s/Hz
21502[UE 5 | RB 1] Throughput = 0.98145 Mbps | SE = 0.02572 bit/s/Hz
21612[UE 5 | RB 1] Throughput = 0.98213 Mbps | SE = 0.02574 bit/s/Hz
21712[UE 5 | RB 1] Throughput = 1.19698 Mbps | SE = 0.03137 bit/s/Hz
21812[UE 5 | RB 1] Throughput = 0.95746 Mbps | SE = 0.02509 bit/s/Hz
21912[UE 5 | RB 1] Throughput = 0.95689 Mbps | SE = 0.02508 bit/s/Hz
22022[UE 5 | RB 1] Throughput = 1.31069 Mbps | SE = 0.03435 bit/s/Hz
22122[UE 5 | RB 1] Throughput = 0.83678 Mbps | SE = 0.02193 bit/s/Hz
22232[UE 5 | RB 1] Throughput = 0.98192 Mbps | SE = 0.02573 bit/s/Hz
22343[UE 5 | RB 1] Throughput = 1.41241 Mbps | SE = 0.03701 bit/s/Hz
22452[UE 5 | RB 1] Throughput = 0.87363 Mbps | SE = 0.02289 bit/s/Hz
22552[UE 5 | RB 1] Throughput = 1.07776 Mbps | SE = 0.02824 bit/s/Hz
22652[UE 5 | RB 1] Throughput = 1.19684 Mbps | SE = 0.03136 bit/s/Hz
22762[UE 5 | RB 1] Throughput = 0.76388 Mbps | SE = 0.02002 bit/s/Hz
22872[UE 5 | RB 1] Throughput = 1.20101 Mbps | SE = 0.03147 bit/s/Hz
22982[UE 5 | RB 1] Throughput = 1.08954 Mbps | SE = 0.02855 bit/s/Hz
23082[UE 5 | RB 1] Throughput = 1.07839 Mbps | SE = 0.02826 bit/s/Hz
23183[UE 5 | RB 1] Throughput = 1.07332 Mbps | SE = 0.02813 bit/s/Hz
23293[UE 5 | RB 1] Throughput = 0.76290 Mbps | SE = 0.01999 bit/s/Hz
23402[UE 5 | RB 1] Throughput = 1.52867 Mbps | SE = 0.04006 bit/s/Hz
23512[UE 5 | RB 1] Throughput = 0.87160 Mbps | SE = 0.02284 bit/s/Hz
23622[UE 5 | RB 1] Throughput = 0.97861 Mbps | SE = 0.02564 bit/s/Hz
23732[UE 5 | RB 1] Throughput = 1.20161 Mbps | SE = 0.03149 bit/s/Hz
23832[UE 5 | RB 1] Throughput = 0.95613 Mbps | SE = 0.02506 bit/s/Hz
23942[UE 5 | RB 1] Throughput = 1.09040 Mbps | SE = 0.02857 bit/s/Hz
24042[UE 5 | RB 1] Throughput = 1.31798 Mbps | SE = 0.03454 bit/s/Hz
24142[UE 5 | RB 1] Throughput = 0.71887 Mbps | SE = 0.01884 bit/s/Hz
24242[UE 5 | RB 1] Throughput = 1.43779 Mbps | SE = 0.03768 bit/s/Hz
24343[UE 5 | RB 1] Throughput = 0.71824 Mbps | SE = 0.01882 bit/s/Hz
24452[UE 5 | RB 1] Throughput = 1.31257 Mbps | SE = 0.03440 bit/s/Hz
24552[UE 5 | RB 1] Throughput = 0.71829 Mbps | SE = 0.01882 bit/s/Hz
24652[UE 5 | RB 1] Throughput = 1.31754 Mbps | SE = 0.03453 bit/s/Hz
24752[UE 5 | RB 1] Throughput = 0.95749 Mbps | SE = 0.02509 bit/s/Hz
24862[UE 5 | RB 1] Throughput = 1.20062 Mbps | SE = 0.03146 bit/s/Hz
24962[UE 5 | RB 1] Throughput = 1.19714 Mbps | SE = 0.03137 bit/s/Hz
25062[UE 5 | RB 1] Throughput = 1.07816 Mbps | SE = 0.02825 bit/s/Hz
25163[UE 5 | RB 1] Throughput = 1.07483 Mbps | SE = 0.02817 bit/s/Hz
25263[UE 5 | RB 1] Throughput = 0.95697 Mbps | SE = 0.02508 bit/s/Hz
25372[UE 5 | RB 1] Throughput = 1.20701 Mbps | SE = 0.03163 bit/s/Hz
25472[UE 5 | RB 1] Throughput = 0.71849 Mbps | SE = 0.01883 bit/s/Hz
25582[UE 5 | RB 1] Throughput = 1.19652 Mbps | SE = 0.03136 bit/s/Hz
25692[UE 5 | RB 1] Throughput = 1.20088 Mbps | SE = 0.03147 bit/s/Hz
25792[UE 5 | RB 1] Throughput = 0.71817 Mbps | SE = 0.01882 bit/s/Hz
25892[UE 5 | RB 1] Throughput = 1.19750 Mbps | SE = 0.03138 bit/s/Hz
25992[UE 5 | RB 1] Throughput = 1.07689 Mbps | SE = 0.02822 bit/s/Hz
26102[UE 5 | RB 1] Throughput = 0.98253 Mbps | SE = 0.02575 bit/s/Hz
26203[UE 5 | RB 1] Throughput = 0.95563 Mbps | SE = 0.02504 bit/s/Hz
26312[UE 5 | RB 1] Throughput = 1.41883 Mbps | SE = 0.03718 bit/s/Hz
26422[UE 5 | RB 1] Throughput = 0.98030 Mbps | SE = 0.02569 bit/s/Hz
26523[UE 5 | RB 1] Throughput = 1.07580 Mbps | SE = 0.02819 bit/s/Hz
26632[UE 5 | RB 1] Throughput = 0.98464 Mbps | SE = 0.02580 bit/s/Hz
26732[UE 5 | RB 1] Throughput = 1.07725 Mbps | SE = 0.02823 bit/s/Hz
26832[UE 5 | RB 1] Throughput = 1.31744 Mbps | SE = 0.03452 bit/s/Hz
26932[UE 5 | RB 1] Throughput = 0.59880 Mbps | SE = 0.01569 bit/s/Hz
27042[UE 5 | RB 1] Throughput = 1.30780 Mbps | SE = 0.03427 bit/s/Hz
27142[UE 5 | RB 1] Throughput = 1.07770 Mbps | SE = 0.02824 bit/s/Hz
27243[UE 5 | RB 1] Throughput = 0.95753 Mbps | SE = 0.02509 bit/s/Hz
27352[UE 5 | RB 1] Throughput = 1.31056 Mbps | SE = 0.03434 bit/s/Hz
27462[UE 5 | RB 1] Throughput = 0.98113 Mbps | SE = 0.02571 bit/s/Hz
27562[UE 5 | RB 1] Throughput = 0.71778 Mbps | SE = 0.01881 bit/s/Hz
27672[UE 5 | RB 1] Throughput = 1.30845 Mbps | SE = 0.03429 bit/s/Hz
27772[UE 5 | RB 1] Throughput = 1.07768 Mbps | SE = 0.02824 bit/s/Hz
27882[UE 5 | RB 1] Throughput = 1.09059 Mbps | SE = 0.02858 bit/s/Hz
27982[UE 5 | RB 1] Throughput = 1.07741 Mbps | SE = 0.02823 bit/s/Hz
28082[UE 5 | RB 1] Throughput = 1.07807 Mbps | SE = 0.02825 bit/s/Hz
28192[UE 5 | RB 1] Throughput = 1.20180 Mbps | SE = 0.03149 bit/s/Hz
28302[UE 5 | RB 1] Throughput = 1.09041 Mbps | SE = 0.02857 bit/s/Hz
28402[UE 5 | RB 1] Throughput = 0.59830 Mbps | SE = 0.01568 bit/s/Hz
28502[UE 5 | RB 1] Throughput = 1.19800 Mbps | SE = 0.03139 bit/s/Hz
28602[UE 5 | RB 1] Throughput = 0.95808 Mbps | SE = 0.02511 bit/s/Hz
28712[UE 5 | RB 1] Throughput = 1.08944 Mbps | SE = 0.02855 bit/s/Hz
28812[UE 5 | RB 1] Throughput = 1.19822 Mbps | SE = 0.03140 bit/s/Hz
28913[UE 5 | RB 1] Throughput = 1.31480 Mbps | SE = 0.03445 bit/s/Hz
29022[UE 5 | RB 1] Throughput = 0.87202 Mbps | SE = 0.02285 bit/s/Hz
29123[UE 5 | RB 1] Throughput = 1.07775 Mbps | SE = 0.02824 bit/s/Hz
29232[UE 5 | RB 1] Throughput = 0.98115 Mbps | SE = 0.02571 bit/s/Hz
29333[UE 5 | RB 1] Throughput = 1.19768 Mbps | SE = 0.03139 bit/s/Hz
29442[UE 5 | RB 1] Throughput = 1.20348 Mbps | SE = 0.03154 bit/s/Hz
29542[UE 5 | RB 1] Throughput = 0.95779 Mbps | SE = 0.02510 bit/s/Hz
29642[UE 5 | RB 1] Throughput = 0.95784 Mbps | SE = 0.02510 bit/s/Hz
29752[UE 5 | RB 1] Throughput = 1.09062 Mbps | SE = 0.02858 bit/s/Hz
29852[UE 5 | RB 1] Throughput = 0.95772 Mbps | SE = 0.02510 bit/s/Hz
29952[UE 5 | RB 1] Throughput = 1.31619 Mbps | SE = 0.03449 bit/s/Hz
30053[UE 5 | RB 1] Throughput = 0.71787 Mbps | SE = 0.01881 bit/s/Hz
30163[UE 5 | RB 1] Throughput = 1.19898 Mbps | SE = 0.03142 bit/s/Hz
30272[UE 5 | RB 1] Throughput = 1.20163 Mbps | SE = 0.03149 bit/s/Hz
30382[UE 5 | RB 1] Throughput = 1.19710 Mbps | SE = 0.03137 bit/s/Hz
30492[UE 5 | RB 1] Throughput = 1.08945 Mbps | SE = 0.02855 bit/s/Hz
30593[UE 5 | RB 1] Throughput = 0.71660 Mbps | SE = 0.01878 bit/s/Hz
30702[UE 5 | RB 1] Throughput = 1.09330 Mbps | SE = 0.02865 bit/s/Hz
30802[UE 5 | RB 1] Throughput = 1.31596 Mbps | SE = 0.03449 bit/s/Hz
30912[UE 5 | RB 1] Throughput = 0.98062 Mbps | SE = 0.02570 bit/s/Hz
31022[UE 5 | RB 1] Throughput = 1.19903 Mbps | SE = 0.03142 bit/s/Hz
31122[UE 5 | RB 1] Throughput = 0.95853 Mbps | SE = 0.02512 bit/s/Hz
31232[UE 5 | RB 1] Throughput = 1.19838 Mbps | SE = 0.03140 bit/s/Hz
31342[UE 5 | RB 1] Throughput = 1.09182 Mbps | SE = 0.02861 bit/s/Hz
31442[UE 5 | RB 1] Throughput = 0.71723 Mbps | SE = 0.01880 bit/s/Hz
31553[UE 5 | RB 1] Throughput = 1.19753 Mbps | SE = 0.03138 bit/s/Hz
31653[UE 5 | RB 1] Throughput = 1.07765 Mbps | SE = 0.02824 bit/s/Hz
31753[UE 5 | RB 1] Throughput = 1.19751 Mbps | SE = 0.03138 bit/s/Hz
31862[UE 5 | RB 1] Throughput = 0.87379 Mbps | SE = 0.02290 bit/s/Hz
31973[UE 5 | RB 1] Throughput = 0.97818 Mbps | SE = 0.02563 bit/s/Hz
32082[UE 5 | RB 1] Throughput = 1.20046 Mbps | SE = 0.03146 bit/s/Hz
32183[UE 5 | RB 1] Throughput = 1.19744 Mbps | SE = 0.03138 bit/s/Hz
32293[UE 5 | RB 1] Throughput = 1.08897 Mbps | SE = 0.02854 bit/s/Hz
32402[UE 5 | RB 1] Throughput = 0.98460 Mbps | SE = 0.02580 bit/s/Hz
32502[UE 5 | RB 1] Throughput = 0.83782 Mbps | SE = 0.02196 bit/s/Hz
32602[UE 5 | RB 1] Throughput = 1.19779 Mbps | SE = 0.03139 bit/s/Hz
32703[UE 5 | RB 1] Throughput = 1.19527 Mbps | SE = 0.03132 bit/s/Hz
32812[UE 5 | RB 1] Throughput = 0.98313 Mbps | SE = 0.02576 bit/s/Hz
32912[UE 5 | RB 1] Throughput = 1.31633 Mbps | SE = 0.03450 bit/s/Hz
33022[UE 5 | RB 1] Throughput = 1.09112 Mbps | SE = 0.02859 bit/s/Hz
33132[UE 5 | RB 1] Throughput = 0.98016 Mbps | SE = 0.02569 bit/s/Hz
33242[UE 5 | RB 1] Throughput = 1.08847 Mbps | SE = 0.02852 bit/s/Hz
33342[UE 5 | RB 1] Throughput = 0.59912 Mbps | SE = 0.01570 bit/s/Hz
33453[UE 5 | RB 1] Throughput = 1.30513 Mbps | SE = 0.03420 bit/s/Hz
33563[UE 5 | RB 1] Throughput = 1.09041 Mbps | SE = 0.02857 bit/s/Hz
33663[UE 5 | RB 1] Throughput = 0.83776 Mbps | SE = 0.02195 bit/s/Hz
33763[UE 5 | RB 1] Throughput = 1.31817 Mbps | SE = 0.03454 bit/s/Hz
33863[UE 5 | RB 1] Throughput = 1.19275 Mbps | SE = 0.03126 bit/s/Hz
33972[UE 5 | RB 1] Throughput = 0.87681 Mbps | SE = 0.02298 bit/s/Hz
34072[UE 5 | RB 1] Throughput = 1.07828 Mbps | SE = 0.02826 bit/s/Hz
34173[UE 5 | RB 1] Throughput = 1.19832 Mbps | SE = 0.03140 bit/s/Hz
34283[UE 5 | RB 1] Throughput = 0.87031 Mbps | SE = 0.02281 bit/s/Hz
34383[UE 5 | RB 1] Throughput = 1.19747 Mbps | SE = 0.03138 bit/s/Hz
34492[UE 5 | RB 1] Throughput = 0.87451 Mbps | SE = 0.02292 bit/s/Hz
34593[UE 5 | RB 1] Throughput = 1.19665 Mbps | SE = 0.03136 bit/s/Hz
34693[UE 5 | RB 1] Throughput = 1.19797 Mbps | SE = 0.03139 bit/s/Hz
34793[UE 5 | RB 1] Throughput = 1.07848 Mbps | SE = 0.02826 bit/s/Hz
34902[UE 5 | RB 1] Throughput = 0.98281 Mbps | SE = 0.02576 bit/s/Hz
35004[UE 5 | RB 1] Throughput = 1.18152 Mbps | SE = 0.03096 bit/s/Hz
35114[UE 5 | RB 1] Throughput = 0.97655 Mbps | SE = 0.02559 bit/s/Hz
35223[UE 5 | RB 1] Throughput = 1.10388 Mbps | SE = 0.02893 bit/s/Hz
35332[UE 5 | RB 1] Throughput = 0.98380 Mbps | SE = 0.02578 bit/s/Hz
35442[UE 5 | RB 1] Throughput = 1.19728 Mbps | SE = 0.03138 bit/s/Hz
35552[UE 5 | RB 1] Throughput = 1.09090 Mbps | SE = 0.02859 bit/s/Hz
35652[UE 5 | RB 1] Throughput = 1.07790 Mbps | SE = 0.02825 bit/s/Hz
35763[UE 5 | RB 1] Throughput = 1.19599 Mbps | SE = 0.03134 bit/s/Hz
35873[UE 5 | RB 1] Throughput = 1.08927 Mbps | SE = 0.02854 bit/s/Hz
35983[UE 5 | RB 1] Throughput = 0.97928 Mbps | SE = 0.02566 bit/s/Hz
36083[UE 5 | RB 1] Throughput = 0.71720 Mbps | SE = 0.01879 bit/s/Hz
36193[UE 5 | RB 1] Throughput = 1.09330 Mbps | SE = 0.02865 bit/s/Hz
36302[UE 5 | RB 1] Throughput = 1.41832 Mbps | SE = 0.03717 bit/s/Hz
36412[UE 5 | RB 1] Throughput = 1.08950 Mbps | SE = 0.02855 bit/s/Hz
36513[UE 5 | RB 1] Throughput = 0.71788 Mbps | SE = 0.01881 bit/s/Hz
36622[UE 5 | RB 1] Throughput = 0.98188 Mbps | SE = 0.02573 bit/s/Hz
36733[UE 5 | RB 1] Throughput = 1.30490 Mbps | SE = 0.03420 bit/s/Hz
36843[UE 5 | RB 1] Throughput = 0.87281 Mbps | SE = 0.02287 bit/s/Hz
36943[UE 5 | RB 1] Throughput = 1.31709 Mbps | SE = 0.03452 bit/s/Hz
37052[UE 5 | RB 1] Throughput = 1.20001 Mbps | SE = 0.03145 bit/s/Hz
37163[UE 5 | RB 1] Throughput = 0.65273 Mbps | SE = 0.01711 bit/s/Hz
37263[UE 5 | RB 1] Throughput = 1.31807 Mbps | SE = 0.03454 bit/s/Hz
37372[UE 5 | RB 1] Throughput = 1.09139 Mbps | SE = 0.02860 bit/s/Hz
37472[UE 5 | RB 1] Throughput = 1.19809 Mbps | SE = 0.03140 bit/s/Hz
37583[UE 5 | RB 1] Throughput = 1.19461 Mbps | SE = 0.03131 bit/s/Hz
37692[UE 5 | RB 1] Throughput = 0.65574 Mbps | SE = 0.01718 bit/s/Hz
37802[UE 5 | RB 1] Throughput = 1.19867 Mbps | SE = 0.03141 bit/s/Hz
37903[UE 5 | RB 1] Throughput = 0.95568 Mbps | SE = 0.02504 bit/s/Hz
38012[UE 5 | RB 1] Throughput = 0.98313 Mbps | SE = 0.02576 bit/s/Hz
38113[UE 5 | RB 1] Throughput = 1.19774 Mbps | SE = 0.03139 bit/s/Hz
38223[UE 5 | RB 1] Throughput = 1.19852 Mbps | SE = 0.03141 bit/s/Hz
38323[UE 5 | RB 1] Throughput = 1.07765 Mbps | SE = 0.02824 bit/s/Hz
38433[UE 5 | RB 1] Throughput = 0.98013 Mbps | SE = 0.02568 bit/s/Hz
38543[UE 5 | RB 1] Throughput = 1.19753 Mbps | SE = 0.03138 bit/s/Hz
38652[UE 5 | RB 1] Throughput = 1.09247 Mbps | SE = 0.02863 bit/s/Hz
38753[UE 5 | RB 1] Throughput = 1.07743 Mbps | SE = 0.02823 bit/s/Hz
38863[UE 5 | RB 1] Throughput = 0.86998 Mbps | SE = 0.02280 bit/s/Hz
38973[UE 5 | RB 1] Throughput = 1.08976 Mbps | SE = 0.02856 bit/s/Hz
39083[UE 5 | RB 1] Throughput = 1.08817 Mbps | SE = 0.02852 bit/s/Hz
39192[UE 5 | RB 1] Throughput = 1.20247 Mbps | SE = 0.03151 bit/s/Hz
39292[UE 5 | RB 1] Throughput = 0.83858 Mbps | SE = 0.02198 bit/s/Hz
39393[UE 5 | RB 1] Throughput = 1.31715 Mbps | SE = 0.03452 bit/s/Hz
39503[UE 5 | RB 1] Throughput = 0.65313 Mbps | SE = 0.01712 bit/s/Hz
39603[UE 5 | RB 1] Throughput = 1.31008 Mbps | SE = 0.03433 bit/s/Hz
39713[UE 5 | RB 1] Throughput = 1.20180 Mbps | SE = 0.03149 bit/s/Hz
39823[UE 5 | RB 1] Throughput = 1.09147 Mbps | SE = 0.02860 bit/s/Hz
39933[UE 5 | RB 1] Throughput = 1.09143 Mbps | SE = 0.02860 bit/s/Hz
40033[UE 5 | RB 1] Throughput = 0.59861 Mbps | SE = 0.01569 bit/s/Hz
40143[UE 5 | RB 1] Throughput = 1.30623 Mbps | SE = 0.03423 bit/s/Hz
40254[UE 5 | RB 1] Throughput = 1.18724 Mbps | SE = 0.03111 bit/s/Hz
40363[UE 5 | RB 1] Throughput = 0.76885 Mbps | SE = 0.02015 bit/s/Hz
40473[UE 5 | RB 1] Throughput = 1.20260 Mbps | SE = 0.03151 bit/s/Hz
40573[UE 5 | RB 1] Throughput = 1.19839 Mbps | SE = 0.03140 bit/s/Hz
40673[UE 5 | RB 1] Throughput = 1.07700 Mbps | SE = 0.02822 bit/s/Hz
40783[UE 5 | RB 1] Throughput = 1.09028 Mbps | SE = 0.02857 bit/s/Hz
40883[UE 5 | RB 1] Throughput = 0.95626 Mbps | SE = 0.02506 bit/s/Hz
40993[UE 5 | RB 1] Throughput = 1.31092 Mbps | SE = 0.03435 bit/s/Hz
41093[UE 5 | RB 1] Throughput = 0.95654 Mbps | SE = 0.02507 bit/s/Hz
41203[UE 5 | RB 1] Throughput = 0.98054 Mbps | SE = 0.02570 bit/s/Hz
41313[UE 5 | RB 1] Throughput = 1.30861 Mbps | SE = 0.03429 bit/s/Hz
41423[UE 5 | RB 1] Throughput = 0.97968 Mbps | SE = 0.02567 bit/s/Hz
41523[UE 5 | RB 1] Throughput = 0.95627 Mbps | SE = 0.02506 bit/s/Hz
41633[UE 5 | RB 1] Throughput = 0.98472 Mbps | SE = 0.02580 bit/s/Hz
41733[UE 5 | RB 1] Throughput = 0.71705 Mbps | SE = 0.01879 bit/s/Hz
41843[UE 5 | RB 1] Throughput = 1.30911 Mbps | SE = 0.03431 bit/s/Hz
41952[UE 5 | RB 1] Throughput = 1.20100 Mbps | SE = 0.03147 bit/s/Hz
42053[UE 5 | RB 1] Throughput = 1.07784 Mbps | SE = 0.02825 bit/s/Hz
42162[UE 5 | RB 1] Throughput = 1.19890 Mbps | SE = 0.03142 bit/s/Hz
42263[UE 5 | RB 1] Throughput = 0.95645 Mbps | SE = 0.02506 bit/s/Hz
42373[UE 5 | RB 1] Throughput = 1.09012 Mbps | SE = 0.02857 bit/s/Hz
42473[UE 5 | RB 1] Throughput = 0.83865 Mbps | SE = 0.02198 bit/s/Hz
42573[UE 5 | RB 1] Throughput = 1.43617 Mbps | SE = 0.03764 bit/s/Hz
42683[UE 5 | RB 1] Throughput = 0.65451 Mbps | SE = 0.01715 bit/s/Hz
42792[UE 5 | RB 1] Throughput = 1.41957 Mbps | SE = 0.03720 bit/s/Hz
42893[UE 5 | RB 1] Throughput = 0.83709 Mbps | SE = 0.02194 bit/s/Hz
42993[UE 5 | RB 1] Throughput = 1.07789 Mbps | SE = 0.02825 bit/s/Hz
43103[UE 5 | RB 1] Throughput = 1.19788 Mbps | SE = 0.03139 bit/s/Hz
43213[UE 5 | RB 1] Throughput = 1.19963 Mbps | SE = 0.03144 bit/s/Hz
43323[UE 5 | RB 1] Throughput = 1.08931 Mbps | SE = 0.02855 bit/s/Hz
43433[UE 5 | RB 1] Throughput = 0.98133 Mbps | SE = 0.02572 bit/s/Hz
43533[UE 5 | RB 1] Throughput = 0.95718 Mbps | SE = 0.02508 bit/s/Hz
43642[UE 5 | RB 1] Throughput = 0.76399 Mbps | SE = 0.02002 bit/s/Hz
43752[UE 5 | RB 1] Throughput = 1.19944 Mbps | SE = 0.03143 bit/s/Hz
43853[UE 5 | RB 1] Throughput = 1.31627 Mbps | SE = 0.03449 bit/s/Hz
43963[UE 5 | RB 1] Throughput = 0.76261 Mbps | SE = 0.01998 bit/s/Hz
44072[UE 5 | RB 1] Throughput = 1.30856 Mbps | SE = 0.03429 bit/s/Hz
44182[UE 5 | RB 1] Throughput = 0.98034 Mbps | SE = 0.02569 bit/s/Hz
44283[UE 5 | RB 1] Throughput = 1.43521 Mbps | SE = 0.03761 bit/s/Hz
44383[UE 5 | RB 1] Throughput = 0.71364 Mbps | SE = 0.01870 bit/s/Hz
44484[UE 5 | RB 1] Throughput = 1.31591 Mbps | SE = 0.03448 bit/s/Hz
44592[UE 5 | RB 1] Throughput = 0.77112 Mbps | SE = 0.02021 bit/s/Hz
44693[UE 5 | RB 1] Throughput = 1.19645 Mbps | SE = 0.03135 bit/s/Hz
44793[UE 5 | RB 1] Throughput = 1.19772 Mbps | SE = 0.03139 bit/s/Hz
44902[UE 5 | RB 1] Throughput = 1.20081 Mbps | SE = 0.03147 bit/s/Hz
45003[UE 5 | RB 1] Throughput = 0.71796 Mbps | SE = 0.01881 bit/s/Hz
45112[UE 5 | RB 1] Throughput = 1.19949 Mbps | SE = 0.03143 bit/s/Hz
45212[UE 5 | RB 1] Throughput = 1.07820 Mbps | SE = 0.02825 bit/s/Hz
45312[UE 5 | RB 1] Throughput = 1.19815 Mbps | SE = 0.03140 bit/s/Hz
45422[UE 5 | RB 1] Throughput = 1.08950 Mbps | SE = 0.02855 bit/s/Hz
45532[UE 5 | RB 1] Throughput = 0.65423 Mbps | SE = 0.01714 bit/s/Hz
45642[UE 5 | RB 1] Throughput = 1.31037 Mbps | SE = 0.03434 bit/s/Hz
45742[UE 5 | RB 1] Throughput = 1.07749 Mbps | SE = 0.02824 bit/s/Hz
45852[UE 5 | RB 1] Throughput = 1.08740 Mbps | SE = 0.02850 bit/s/Hz
45953[UE 5 | RB 1] Throughput = 0.71819 Mbps | SE = 0.01882 bit/s/Hz
46053[UE 5 | RB 1] Throughput = 1.19822 Mbps | SE = 0.03140 bit/s/Hz
46153[UE 5 | RB 1] Throughput = 1.31782 Mbps | SE = 0.03453 bit/s/Hz
46263[UE 5 | RB 1] Throughput = 1.19945 Mbps | SE = 0.03143 bit/s/Hz
46363[UE 5 | RB 1] Throughput = 0.83812 Mbps | SE = 0.02196 bit/s/Hz
46463[UE 5 | RB 1] Throughput = 1.19655 Mbps | SE = 0.03136 bit/s/Hz
46573[UE 5 | RB 1] Throughput = 0.65378 Mbps | SE = 0.01713 bit/s/Hz
46683[UE 5 | RB 1] Throughput = 1.30710 Mbps | SE = 0.03425 bit/s/Hz
46793[UE 5 | RB 1] Throughput = 1.19936 Mbps | SE = 0.03143 bit/s/Hz
46903[UE 5 | RB 1] Throughput = 1.19900 Mbps | SE = 0.03142 bit/s/Hz
47003[UE 5 | RB 1] Throughput = 0.83807 Mbps | SE = 0.02196 bit/s/Hz
47112[UE 5 | RB 1] Throughput = 0.98348 Mbps | SE = 0.02577 bit/s/Hz
47213[UE 5 | RB 1] Throughput = 1.31464 Mbps | SE = 0.03445 bit/s/Hz
47313[UE 5 | RB 1] Throughput = 0.71872 Mbps | SE = 0.01883 bit/s/Hz
47413[UE 5 | RB 1] Throughput = 1.43743 Mbps | SE = 0.03767 bit/s/Hz
47513[UE 5 | RB 1] Throughput = 0.95687 Mbps | SE = 0.02508 bit/s/Hz
47613[UE 5 | RB 1] Throughput = 1.19678 Mbps | SE = 0.03136 bit/s/Hz
47723[UE 5 | RB 1] Throughput = 0.65506 Mbps | SE = 0.01717 bit/s/Hz
47823[UE 5 | RB 1] Throughput = 1.31779 Mbps | SE = 0.03453 bit/s/Hz
47933[UE 5 | RB 1] Throughput = 1.30971 Mbps | SE = 0.03432 bit/s/Hz
48033[UE 5 | RB 1] Throughput = 0.95825 Mbps | SE = 0.02511 bit/s/Hz
48133[UE 5 | RB 1] Throughput = 1.07832 Mbps | SE = 0.02826 bit/s/Hz
48243[UE 5 | RB 1] Throughput = 1.08976 Mbps | SE = 0.02856 bit/s/Hz
48353[UE 5 | RB 1] Throughput = 0.98122 Mbps | SE = 0.02571 bit/s/Hz
48463[UE 5 | RB 1] Throughput = 1.08917 Mbps | SE = 0.02854 bit/s/Hz
48573[UE 5 | RB 1] Throughput = 1.19800 Mbps | SE = 0.03139 bit/s/Hz
48683[UE 5 | RB 1] Throughput = 0.76293 Mbps | SE = 0.01999 bit/s/Hz
48793[UE 5 | RB 1] Throughput = 1.09100 Mbps | SE = 0.02859 bit/s/Hz
48893[UE 5 | RB 1] Throughput = 1.07733 Mbps | SE = 0.02823 bit/s/Hz
49003[UE 5 | RB 1] Throughput = 1.19804 Mbps | SE = 0.03140 bit/s/Hz
49113[UE 5 | RB 1] Throughput = 1.09088 Mbps | SE = 0.02859 bit/s/Hz
49213[UE 5 | RB 1] Throughput = 1.07701 Mbps | SE = 0.02822 bit/s/Hz
49323[UE 5 | RB 1] Throughput = 0.98073 Mbps | SE = 0.02570 bit/s/Hz
49423[UE 5 | RB 1] Throughput = 1.19821 Mbps | SE = 0.03140 bit/s/Hz
49523[UE 5 | RB 1] Throughput = 1.07680 Mbps | SE = 0.02822 bit/s/Hz
49623[UE 5 | RB 1] Throughput = 0.59916 Mbps | SE = 0.01570 bit/s/Hz
49723[UE 5 | RB 1] Throughput = 1.43692 Mbps | SE = 0.03766 bit/s/Hz
49833[UE 5 | RB 1] Throughput = 0.97759 Mbps | SE = 0.02562 bit/s/Hz
49943[UE 5 | RB 1] Throughput = 1.09482 Mbps | SE = 0.02869 bit/s/Hz
50043[UE 5 | RB 1] Throughput = 1.19784 Mbps | SE = 0.03139 bit/s/Hz
50143[UE 5 | RB 1] Throughput = 1.07824 Mbps | SE = 0.02826 bit/s/Hz
50243[UE 5 | RB 1] Throughput = 0.83836 Mbps | SE = 0.02197 bit/s/Hz
50353[UE 5 | RB 1] Throughput = 1.08339 Mbps | SE = 0.02839 bit/s/Hz
50463[UE 5 | RB 1] Throughput = 1.20665 Mbps | SE = 0.03162 bit/s/Hz
50563[UE 5 | RB 1] Throughput = 1.07846 Mbps | SE = 0.02826 bit/s/Hz
50673[UE 5 | RB 1] Throughput = 1.19859 Mbps | SE = 0.03141 bit/s/Hz
50773[UE 5 | RB 1] Throughput = 1.07847 Mbps | SE = 0.02826 bit/s/Hz
50883[UE 5 | RB 1] Throughput = 0.98075 Mbps | SE = 0.02570 bit/s/Hz
50983[UE 5 | RB 1] Throughput = 1.19608 Mbps | SE = 0.03134 bit/s/Hz
51093[UE 5 | RB 1] Throughput = 0.87357 Mbps | SE = 0.02289 bit/s/Hz
51203[UE 5 | RB 1] Throughput = 0.97865 Mbps | SE = 0.02565 bit/s/Hz
51313[UE 5 | RB 1] Throughput = 1.19689 Mbps | SE = 0.03136 bit/s/Hz
51423[UE 5 | RB 1] Throughput = 1.09294 Mbps | SE = 0.02864 bit/s/Hz
51523[UE 5 | RB 1] Throughput = 0.95730 Mbps | SE = 0.02509 bit/s/Hz
51633[UE 5 | RB 1] Throughput = 0.97997 Mbps | SE = 0.02568 bit/s/Hz
51743[UE 5 | RB 1] Throughput = 1.20117 Mbps | SE = 0.03148 bit/s/Hz
51843[UE 5 | RB 1] Throughput = 0.83659 Mbps | SE = 0.02192 bit/s/Hz
51953[UE 5 | RB 1] Throughput = 1.09126 Mbps | SE = 0.02860 bit/s/Hz
52053[UE 5 | RB 1] Throughput = 1.43653 Mbps | SE = 0.03764 bit/s/Hz
52153[UE 5 | RB 1] Throughput = 1.07749 Mbps | SE = 0.02824 bit/s/Hz
52253[UE 5 | RB 1] Throughput = 0.83849 Mbps | SE = 0.02197 bit/s/Hz
52363[UE 5 | RB 1] Throughput = 1.08987 Mbps | SE = 0.02856 bit/s/Hz
52473[UE 5 | RB 1] Throughput = 1.30989 Mbps | SE = 0.03433 bit/s/Hz
52573[UE 5 | RB 1] Throughput = 0.71725 Mbps | SE = 0.01880 bit/s/Hz
52683[UE 5 | RB 1] Throughput = 1.20032 Mbps | SE = 0.03145 bit/s/Hz
52793[UE 5 | RB 1] Throughput = 1.08684 Mbps | SE = 0.02848 bit/s/Hz
52903[UE 5 | RB 1] Throughput = 1.09258 Mbps | SE = 0.02863 bit/s/Hz
53003[UE 5 | RB 1] Throughput = 1.19805 Mbps | SE = 0.03140 bit/s/Hz
53113[UE 5 | RB 1] Throughput = 0.87166 Mbps | SE = 0.02284 bit/s/Hz
53223[UE 5 | RB 1] Throughput = 1.08981 Mbps | SE = 0.02856 bit/s/Hz
53323[UE 5 | RB 1] Throughput = 0.83749 Mbps | SE = 0.02195 bit/s/Hz
53433[UE 5 | RB 1] Throughput = 1.09053 Mbps | SE = 0.02858 bit/s/Hz
53533[UE 5 | RB 1] Throughput = 1.31631 Mbps | SE = 0.03449 bit/s/Hz
53643[UE 5 | RB 1] Throughput = 1.19970 Mbps | SE = 0.03144 bit/s/Hz
53743[UE 5 | RB 1] Throughput = 0.71893 Mbps | SE = 0.01884 bit/s/Hz
53853[UE 5 | RB 1] Throughput = 1.19856 Mbps | SE = 0.03141 bit/s/Hz
53963[UE 5 | RB 1] Throughput = 1.20088 Mbps | SE = 0.03147 bit/s/Hz
54063[UE 5 | RB 1] Throughput = 1.19732 Mbps | SE = 0.03138 bit/s/Hz
54163[UE 5 | RB 1] Throughput = 0.95834 Mbps | SE = 0.02511 bit/s/Hz
54273[UE 5 | RB 1] Throughput = 0.97961 Mbps | SE = 0.02567 bit/s/Hz
54373[UE 5 | RB 1] Throughput = 1.07830 Mbps | SE = 0.02826 bit/s/Hz
54473[UE 5 | RB 1] Throughput = 1.19826 Mbps | SE = 0.03140 bit/s/Hz
54583[UE 5 | RB 1] Throughput = 0.76350 Mbps | SE = 0.02001 bit/s/Hz
54683[UE 5 | RB 1] Throughput = 1.19646 Mbps | SE = 0.03135 bit/s/Hz
54793[UE 5 | RB 1] Throughput = 1.20054 Mbps | SE = 0.03146 bit/s/Hz
54893[UE 5 | RB 1] Throughput = 1.07744 Mbps | SE = 0.02823 bit/s/Hz
54993[UE 5 | RB 1] Throughput = 0.95768 Mbps | SE = 0.02510 bit/s/Hz
55093[UE 5 | RB 1] Throughput = 1.19687 Mbps | SE = 0.03136 bit/s/Hz
55203[UE 5 | RB 1] Throughput = 0.98137 Mbps | SE = 0.02572 bit/s/Hz
55313[UE 5 | RB 1] Throughput = 1.09016 Mbps | SE = 0.02857 bit/s/Hz
55423[UE 5 | RB 1] Throughput = 1.20032 Mbps | SE = 0.03145 bit/s/Hz
55523[UE 5 | RB 1] Throughput = 0.95687 Mbps | SE = 0.02508 bit/s/Hz
55633[UE 5 | RB 1] Throughput = 0.87225 Mbps | SE = 0.02286 bit/s/Hz
55733[UE 5 | RB 1] Throughput = 1.19655 Mbps | SE = 0.03136 bit/s/Hz
55833[UE 5 | RB 1] Throughput = 1.19707 Mbps | SE = 0.03137 bit/s/Hz
55943[UE 5 | RB 1] Throughput = 0.98171 Mbps | SE = 0.02573 bit/s/Hz
56053[UE 5 | RB 1] Throughput = 0.87161 Mbps | SE = 0.02284 bit/s/Hz
56163[UE 5 | RB 1] Throughput = 1.20140 Mbps | SE = 0.03148 bit/s/Hz
56263[UE 5 | RB 1] Throughput = 1.19744 Mbps | SE = 0.03138 bit/s/Hz
56373[UE 5 | RB 1] Throughput = 1.08871 Mbps | SE = 0.02853 bit/s/Hz
56473[UE 5 | RB 1] Throughput = 1.07838 Mbps | SE = 0.02826 bit/s/Hz
56573[UE 5 | RB 1] Throughput = 0.59880 Mbps | SE = 0.01569 bit/s/Hz
56683[UE 5 | RB 1] Throughput = 1.19792 Mbps | SE = 0.03139 bit/s/Hz
56793[UE 5 | RB 1] Throughput = 1.19961 Mbps | SE = 0.03144 bit/s/Hz
56893[UE 5 | RB 1] Throughput = 1.07763 Mbps | SE = 0.02824 bit/s/Hz
57003[UE 5 | RB 1] Throughput = 0.98122 Mbps | SE = 0.02571 bit/s/Hz
57103[UE 5 | RB 1] Throughput = 1.19748 Mbps | SE = 0.03138 bit/s/Hz
57213[UE 5 | RB 1] Throughput = 1.19853 Mbps | SE = 0.03141 bit/s/Hz
57323[UE 5 | RB 1] Throughput = 0.87185 Mbps | SE = 0.02285 bit/s/Hz
57433[UE 5 | RB 1] Throughput = 1.19819 Mbps | SE = 0.03140 bit/s/Hz
57543[UE 5 | RB 1] Throughput = 0.98079 Mbps | SE = 0.02570 bit/s/Hz
57653[UE 5 | RB 1] Throughput = 0.87163 Mbps | SE = 0.02284 bit/s/Hz
57753[UE 5 | RB 1] Throughput = 1.19804 Mbps | SE = 0.03140 bit/s/Hz
57863[UE 5 | RB 1] Throughput = 1.30682 Mbps | SE = 0.03425 bit/s/Hz
57973[UE 5 | RB 1] Throughput = 0.65383 Mbps | SE = 0.01713 bit/s/Hz
58083[UE 5 | RB 1] Throughput = 1.52402 Mbps | SE = 0.03994 bit/s/Hz
58193[UE 5 | RB 1] Throughput = 0.76351 Mbps | SE = 0.02001 bit/s/Hz
58293[UE 5 | RB 1] Throughput = 1.19834 Mbps | SE = 0.03140 bit/s/Hz
58393[UE 5 | RB 1] Throughput = 1.31699 Mbps | SE = 0.03451 bit/s/Hz
58503[UE 5 | RB 1] Throughput = 0.98079 Mbps | SE = 0.02570 bit/s/Hz
58603[UE 5 | RB 1] Throughput = 0.83826 Mbps | SE = 0.02197 bit/s/Hz
58713[UE 5 | RB 1] Throughput = 1.20170 Mbps | SE = 0.03149 bit/s/Hz
58813[UE 5 | RB 1] Throughput = 1.19570 Mbps | SE = 0.03133 bit/s/Hz
58923[UE 5 | RB 1] Throughput = 0.65421 Mbps | SE = 0.01714 bit/s/Hz
59023[UE 5 | RB 1] Throughput = 1.19644 Mbps | SE = 0.03135 bit/s/Hz
59133[UE 5 | RB 1] Throughput = 1.08987 Mbps | SE = 0.02856 bit/s/Hz
59233[UE 5 | RB 1] Throughput = 1.19749 Mbps | SE = 0.03138 bit/s/Hz
59333[UE 5 | RB 1] Throughput = 0.95809 Mbps | SE = 0.02511 bit/s/Hz
59443[UE 5 | RB 1] Throughput = 0.98011 Mbps | SE = 0.02568 bit/s/Hz
59553[UE 5 | RB 1] Throughput = 0.98337 Mbps | SE = 0.02577 bit/s/Hz
59663[UE 5 | RB 1] Throughput = 1.19874 Mbps | SE = 0.03141 bit/s/Hz
59763[UE 5 | RB 1] Throughput = 1.19644 Mbps | SE = 0.03135 bit/s/Hz
59873[UE 5 | RB 1] Throughput = 0.98192 Mbps | SE = 0.02573 bit/s/Hz
59983[UE 5 | RB 1] Throughput = 1.19664 Mbps | SE = 0.03136 bit/s/Hz
60083[UE 5 | RB 1] Throughput = 1.19808 Mbps | SE = 0.03140 bit/s/Hz
60193[UE 5 | RB 1] Throughput = 0.98137 Mbps | SE = 0.02572 bit/s/Hz
60303[UE 5 | RB 1] Throughput = 0.97870 Mbps | SE = 0.02565 bit/s/Hz
60403[UE 5 | RB 1] Throughput = 1.19785 Mbps | SE = 0.03139 bit/s/Hz
60513[UE 5 | RB 1] Throughput = 0.87289 Mbps | SE = 0.02287 bit/s/Hz
60613[UE 5 | RB 1] Throughput = 1.19811 Mbps | SE = 0.03140 bit/s/Hz
60714[UE 5 | RB 1] Throughput = 1.18800 Mbps | SE = 0.03113 bit/s/Hz
60823[UE 5 | RB 1] Throughput = 0.99050 Mbps | SE = 0.02596 bit/s/Hz
60923[UE 5 | RB 1] Throughput = 1.07582 Mbps | SE = 0.02819 bit/s/Hz
61033[UE 5 | RB 1] Throughput = 0.87179 Mbps | SE = 0.02285 bit/s/Hz
61133[UE 5 | RB 1] Throughput = 1.31707 Mbps | SE = 0.03451 bit/s/Hz
61243[UE 5 | RB 1] Throughput = 0.76271 Mbps | SE = 0.01999 bit/s/Hz
61343[UE 5 | RB 1] Throughput = 1.19781 Mbps | SE = 0.03139 bit/s/Hz
61453[UE 5 | RB 1] Throughput = 1.08858 Mbps | SE = 0.02853 bit/s/Hz
61563[UE 5 | RB 1] Throughput = 1.30967 Mbps | SE = 0.03432 bit/s/Hz
61663[UE 5 | RB 1] Throughput = 1.07828 Mbps | SE = 0.02826 bit/s/Hz
61763[UE 5 | RB 1] Throughput = 0.71867 Mbps | SE = 0.01883 bit/s/Hz
61873[UE 5 | RB 1] Throughput = 1.08983 Mbps | SE = 0.02856 bit/s/Hz
61973[UE 5 | RB 1] Throughput = 1.19794 Mbps | SE = 0.03139 bit/s/Hz
62083[UE 5 | RB 1] Throughput = 1.08975 Mbps | SE = 0.02856 bit/s/Hz
62183[UE 5 | RB 1] Throughput = 1.19797 Mbps | SE = 0.03139 bit/s/Hz
62293[UE 5 | RB 1] Throughput = 1.09156 Mbps | SE = 0.02860 bit/s/Hz
62403[UE 5 | RB 1] Throughput = 1.09026 Mbps | SE = 0.02857 bit/s/Hz
62503[UE 5 | RB 1] Throughput = 0.95860 Mbps | SE = 0.02512 bit/s/Hz
62603[UE 5 | RB 1] Throughput = 1.07784 Mbps | SE = 0.02825 bit/s/Hz
62713[UE 5 | RB 1] Throughput = 0.97946 Mbps | SE = 0.02567 bit/s/Hz
62823[UE 5 | RB 1] Throughput = 1.09106 Mbps | SE = 0.02859 bit/s/Hz
62923[UE 5 | RB 1] Throughput = 1.19838 Mbps | SE = 0.03140 bit/s/Hz
63023[UE 5 | RB 1] Throughput = 1.07829 Mbps | SE = 0.02826 bit/s/Hz
63123[UE 5 | RB 1] Throughput = 0.59830 Mbps | SE = 0.01568 bit/s/Hz
63233[UE 5 | RB 1] Throughput = 1.20024 Mbps | SE = 0.03145 bit/s/Hz
63333[UE 5 | RB 1] Throughput = 1.43726 Mbps | SE = 0.03766 bit/s/Hz
63443[UE 5 | RB 1] Throughput = 0.76285 Mbps | SE = 0.01999 bit/s/Hz
63543[UE 5 | RB 1] Throughput = 1.43746 Mbps | SE = 0.03767 bit/s/Hz
63643[UE 5 | RB 1] Throughput = 0.59869 Mbps | SE = 0.01569 bit/s/Hz
63743[UE 5 | RB 1] Throughput = 1.31781 Mbps | SE = 0.03453 bit/s/Hz
63853[UE 5 | RB 1] Throughput = 0.98175 Mbps | SE = 0.02573 bit/s/Hz
63953[UE 5 | RB 1] Throughput = 1.07825 Mbps | SE = 0.02826 bit/s/Hz
64053[UE 5 | RB 1] Throughput = 1.19661 Mbps | SE = 0.03136 bit/s/Hz
64163[UE 5 | RB 1] Throughput = 0.98030 Mbps | SE = 0.02569 bit/s/Hz
64273[UE 5 | RB 1] Throughput = 0.98092 Mbps | SE = 0.02571 bit/s/Hz
64383[UE 5 | RB 1] Throughput = 1.30857 Mbps | SE = 0.03429 bit/s/Hz
64483[UE 5 | RB 1] Throughput = 0.95806 Mbps | SE = 0.02511 bit/s/Hz
64583[UE 5 | RB 1] Throughput = 1.31516 Mbps | SE = 0.03446 bit/s/Hz
64693[UE 5 | RB 1] Throughput = 0.97798 Mbps | SE = 0.02563 bit/s/Hz
64803[UE 5 | RB 1] Throughput = 0.87616 Mbps | SE = 0.02296 bit/s/Hz
64913[UE 5 | RB 1] Throughput = 1.09040 Mbps | SE = 0.02857 bit/s/Hz
65013[UE 5 | RB 1] Throughput = 1.31670 Mbps | SE = 0.03450 bit/s/Hz
65123[UE 5 | RB 1] Throughput = 0.87337 Mbps | SE = 0.02289 bit/s/Hz
65233[UE 5 | RB 1] Throughput = 0.97956 Mbps | SE = 0.02567 bit/s/Hz
65333[UE 5 | RB 1] Throughput = 1.19643 Mbps | SE = 0.03135 bit/s/Hz
65443[UE 5 | RB 1] Throughput = 1.09187 Mbps | SE = 0.02861 bit/s/Hz
65543[UE 5 | RB 1] Throughput = 0.83844 Mbps | SE = 0.02197 bit/s/Hz
65653[UE 5 | RB 1] Throughput = 1.30837 Mbps | SE = 0.03429 bit/s/Hz
65753[UE 5 | RB 1] Throughput = 0.83737 Mbps | SE = 0.02194 bit/s/Hz
65863[UE 5 | RB 1] Throughput = 1.08739 Mbps | SE = 0.02850 bit/s/Hz
65973[UE 5 | RB 1] Throughput = 1.31010 Mbps | SE = 0.03433 bit/s/Hz
66083[UE 5 | RB 1] Throughput = 0.98243 Mbps | SE = 0.02575 bit/s/Hz
66183[UE 5 | RB 1] Throughput = 0.95836 Mbps | SE = 0.02511 bit/s/Hz
66283[UE 5 | RB 1] Throughput = 1.31640 Mbps | SE = 0.03450 bit/s/Hz
66393[UE 5 | RB 1] Throughput = 1.08832 Mbps | SE = 0.02852 bit/s/Hz
66503[UE 5 | RB 1] Throughput = 0.97881 Mbps | SE = 0.02565 bit/s/Hz
66613[UE 5 | RB 1] Throughput = 0.76441 Mbps | SE = 0.02003 bit/s/Hz
66713[UE 5 | RB 1] Throughput = 1.43699 Mbps | SE = 0.03766 bit/s/Hz
66813[UE 5 | RB 1] Throughput = 0.59915 Mbps | SE = 0.01570 bit/s/Hz
66913[UE 5 | RB 1] Throughput = 1.31798 Mbps | SE = 0.03454 bit/s/Hz
67023[UE 5 | RB 1] Throughput = 1.19774 Mbps | SE = 0.03139 bit/s/Hz
67123[UE 5 | RB 1] Throughput = 1.19720 Mbps | SE = 0.03137 bit/s/Hz
67223[UE 5 | RB 1] Throughput = 0.71881 Mbps | SE = 0.01884 bit/s/Hz
67333[UE 5 | RB 1] Throughput = 1.09195 Mbps | SE = 0.02861 bit/s/Hz
67443[UE 5 | RB 1] Throughput = 1.09236 Mbps | SE = 0.02863 bit/s/Hz
67543[UE 5 | RB 1] Throughput = 1.31532 Mbps | SE = 0.03447 bit/s/Hz
67643[UE 5 | RB 1] Throughput = 1.19814 Mbps | SE = 0.03140 bit/s/Hz
67753[UE 5 | RB 1] Throughput = 0.87059 Mbps | SE = 0.02281 bit/s/Hz
67863[UE 5 | RB 1] Throughput = 0.97890 Mbps | SE = 0.02565 bit/s/Hz
67973[UE 5 | RB 1] Throughput = 1.20330 Mbps | SE = 0.03153 bit/s/Hz
68073[UE 5 | RB 1] Throughput = 0.59756 Mbps | SE = 0.01566 bit/s/Hz
68173[UE 5 | RB 1] Throughput = 1.43749 Mbps | SE = 0.03767 bit/s/Hz
68283[UE 5 | RB 1] Throughput = 1.30960 Mbps | SE = 0.03432 bit/s/Hz
68393[UE 5 | RB 1] Throughput = 0.86971 Mbps | SE = 0.02279 bit/s/Hz
68503[UE 5 | RB 1] Throughput = 1.20132 Mbps | SE = 0.03148 bit/s/Hz
68603[UE 5 | RB 1] Throughput = 0.59790 Mbps | SE = 0.01567 bit/s/Hz
68713[UE 5 | RB 1] Throughput = 1.41413 Mbps | SE = 0.03706 bit/s/Hz
68823[UE 5 | RB 1] Throughput = 0.76507 Mbps | SE = 0.02005 bit/s/Hz
68923[UE 5 | RB 1] Throughput = 1.43633 Mbps | SE = 0.03764 bit/s/Hz
69023[UE 5 | RB 1] Throughput = 0.71818 Mbps | SE = 0.01882 bit/s/Hz
69133[UE 5 | RB 1] Throughput = 1.19879 Mbps | SE = 0.03141 bit/s/Hz
69243[UE 5 | RB 1] Throughput = 1.20022 Mbps | SE = 0.03145 bit/s/Hz
69343[UE 5 | RB 1] Throughput = 1.19652 Mbps | SE = 0.03136 bit/s/Hz
69453[UE 5 | RB 1] Throughput = 0.98295 Mbps | SE = 0.02576 bit/s/Hz
69553[UE 5 | RB 1] Throughput = 0.83739 Mbps | SE = 0.02194 bit/s/Hz
69653[UE 5 | RB 1] Throughput = 1.31738 Mbps | SE = 0.03452 bit/s/Hz
69753[UE 5 | RB 1] Throughput = 0.71904 Mbps | SE = 0.01884 bit/s/Hz
69853[UE 5 | RB 1] Throughput = 1.19794 Mbps | SE = 0.03139 bit/s/Hz
69963[UE 5 | RB 1] Throughput = 1.20027 Mbps | SE = 0.03145 bit/s/Hz
70063[UE 5 | RB 1] Throughput = 1.07804 Mbps | SE = 0.02825 bit/s/Hz
70163[UE 5 | RB 1] Throughput = 1.07654 Mbps | SE = 0.02821 bit/s/Hz
70273[UE 5 | RB 1] Throughput = 1.09020 Mbps | SE = 0.02857 bit/s/Hz
70383[UE 5 | RB 1] Throughput = 0.98187 Mbps | SE = 0.02573 bit/s/Hz
70483[UE 5 | RB 1] Throughput = 1.07827 Mbps | SE = 0.02826 bit/s/Hz
70583[UE 5 | RB 1] Throughput = 1.19753 Mbps | SE = 0.03138 bit/s/Hz
70693[UE 5 | RB 1] Throughput = 0.87235 Mbps | SE = 0.02286 bit/s/Hz
70793[UE 5 | RB 1] Throughput = 1.43540 Mbps | SE = 0.03762 bit/s/Hz
70893[UE 5 | RB 1] Throughput = 0.59867 Mbps | SE = 0.01569 bit/s/Hz
71003[UE 5 | RB 1] Throughput = 1.41926 Mbps | SE = 0.03719 bit/s/Hz
71113[UE 5 | RB 1] Throughput = 0.87148 Mbps | SE = 0.02284 bit/s/Hz
71213[UE 5 | RB 1] Throughput = 1.07797 Mbps | SE = 0.02825 bit/s/Hz
71323[UE 5 | RB 1] Throughput = 1.09377 Mbps | SE = 0.02866 bit/s/Hz
71423[UE 5 | RB 1] Throughput = 1.19606 Mbps | SE = 0.03134 bit/s/Hz
71533[UE 5 | RB 1] Throughput = 0.97724 Mbps | SE = 0.02561 bit/s/Hz
71643[UE 5 | RB 1] Throughput = 1.09185 Mbps | SE = 0.02861 bit/s/Hz
71753[UE 5 | RB 1] Throughput = 1.08961 Mbps | SE = 0.02855 bit/s/Hz
71853[UE 5 | RB 1] Throughput = 1.07745 Mbps | SE = 0.02824 bit/s/Hz
71963[UE 5 | RB 1] Throughput = 1.09036 Mbps | SE = 0.02857 bit/s/Hz
72063[UE 5 | RB 1] Throughput = 1.07820 Mbps | SE = 0.02825 bit/s/Hz
72173[UE 5 | RB 1] Throughput = 0.65278 Mbps | SE = 0.01711 bit/s/Hz
72283[UE 5 | RB 1] Throughput = 1.20015 Mbps | SE = 0.03145 bit/s/Hz
72393[UE 5 | RB 1] Throughput = 1.30750 Mbps | SE = 0.03426 bit/s/Hz
72493[UE 5 | RB 1] Throughput = 0.71812 Mbps | SE = 0.01882 bit/s/Hz
72603[UE 5 | RB 1] Throughput = 1.19957 Mbps | SE = 0.03144 bit/s/Hz
72713[UE 5 | RB 1] Throughput = 1.19611 Mbps | SE = 0.03134 bit/s/Hz
72813[UE 5 | RB 1] Throughput = 1.19621 Mbps | SE = 0.03135 bit/s/Hz
72923[UE 5 | RB 1] Throughput = 0.87516 Mbps | SE = 0.02293 bit/s/Hz
73023[UE 5 | RB 1] Throughput = 1.31782 Mbps | SE = 0.03453 bit/s/Hz
73123[UE 5 | RB 1] Throughput = 0.83789 Mbps | SE = 0.02196 bit/s/Hz
73233[UE 5 | RB 1] Throughput = 1.19514 Mbps | SE = 0.03132 bit/s/Hz
73343[UE 5 | RB 1] Throughput = 1.09267 Mbps | SE = 0.02863 bit/s/Hz
73453[UE 5 | RB 1] Throughput = 1.08797 Mbps | SE = 0.02851 bit/s/Hz
73553[UE 5 | RB 1] Throughput = 1.07735 Mbps | SE = 0.02823 bit/s/Hz
73663[UE 5 | RB 1] Throughput = 0.65458 Mbps | SE = 0.01715 bit/s/Hz
73773[UE 5 | RB 1] Throughput = 1.30375 Mbps | SE = 0.03417 bit/s/Hz
73883[UE 5 | RB 1] Throughput = 1.08912 Mbps | SE = 0.02854 bit/s/Hz
73993[UE 5 | RB 1] Throughput = 1.19988 Mbps | SE = 0.03144 bit/s/Hz
74103[UE 5 | RB 1] Throughput = 0.98255 Mbps | SE = 0.02575 bit/s/Hz
74203[UE 5 | RB 1] Throughput = 1.19635 Mbps | SE = 0.03135 bit/s/Hz
74313[UE 5 | RB 1] Throughput = 0.65426 Mbps | SE = 0.01715 bit/s/Hz
74413[UE 5 | RB 1] Throughput = 1.19833 Mbps | SE = 0.03140 bit/s/Hz
74523[UE 5 | RB 1] Throughput = 1.30413 Mbps | SE = 0.03418 bit/s/Hz
74633[UE 5 | RB 1] Throughput = 0.65548 Mbps | SE = 0.01718 bit/s/Hz
74743[UE 5 | RB 1] Throughput = 1.20020 Mbps | SE = 0.03145 bit/s/Hz
74843[UE 5 | RB 1] Throughput = 1.31740 Mbps | SE = 0.03452 bit/s/Hz
74943[UE 5 | RB 1] Throughput = 0.71837 Mbps | SE = 0.01883 bit/s/Hz
75053[UE 5 | RB 1] Throughput = 1.30943 Mbps | SE = 0.03431 bit/s/Hz
75153[UE 5 | RB 1] Throughput = 0.83746 Mbps | SE = 0.02195 bit/s/Hz
75253[UE 5 | RB 1] Throughput = 1.19834 Mbps | SE = 0.03140 bit/s/Hz
75363[UE 5 | RB 1] Throughput = 1.30902 Mbps | SE = 0.03430 bit/s/Hz
75463[UE 5 | RB 1] Throughput = 1.19690 Mbps | SE = 0.03137 bit/s/Hz
75563[UE 5 | RB 1] Throughput = 0.83835 Mbps | SE = 0.02197 bit/s/Hz
75673[UE 5 | RB 1] Throughput = 1.08962 Mbps | SE = 0.02855 bit/s/Hz
75783[UE 5 | RB 1] Throughput = 0.87106 Mbps | SE = 0.02283 bit/s/Hz
75893[UE 5 | RB 1] Throughput = 1.20230 Mbps | SE = 0.03151 bit/s/Hz
75993[UE 5 | RB 1] Throughput = 1.19798 Mbps | SE = 0.03139 bit/s/Hz
76093[UE 5 | RB 1] Throughput = 1.19725 Mbps | SE = 0.03137 bit/s/Hz
76193[UE 5 | RB 1] Throughput = 0.59906 Mbps | SE = 0.01570 bit/s/Hz
76293[UE 5 | RB 1] Throughput = 1.19840 Mbps | SE = 0.03140 bit/s/Hz
76393[UE 5 | RB 1] Throughput = 1.19677 Mbps | SE = 0.03136 bit/s/Hz
76493[UE 5 | RB 1] Throughput = 1.07838 Mbps | SE = 0.02826 bit/s/Hz
76603[UE 5 | RB 1] Throughput = 1.08717 Mbps | SE = 0.02849 bit/s/Hz
76713[UE 5 | RB 1] Throughput = 0.98402 Mbps | SE = 0.02579 bit/s/Hz
76813[UE 5 | RB 1] Throughput = 1.07656 Mbps | SE = 0.02821 bit/s/Hz
76923[UE 5 | RB 1] Throughput = 0.98130 Mbps | SE = 0.02572 bit/s/Hz
77023[UE 5 | RB 1] Throughput = 1.31653 Mbps | SE = 0.03450 bit/s/Hz
77123[UE 5 | RB 1] Throughput = 0.59885 Mbps | SE = 0.01569 bit/s/Hz
77233[UE 5 | RB 1] Throughput = 1.30742 Mbps | SE = 0.03426 bit/s/Hz
77343[UE 5 | RB 1] Throughput = 1.19999 Mbps | SE = 0.03145 bit/s/Hz
77453[UE 5 | RB 1] Throughput = 1.30619 Mbps | SE = 0.03423 bit/s/Hz
77563[UE 5 | RB 1] Throughput = 0.87209 Mbps | SE = 0.02285 bit/s/Hz
77673[UE 5 | RB 1] Throughput = 0.98196 Mbps | SE = 0.02573 bit/s/Hz
77773[UE 5 | RB 1] Throughput = 1.07839 Mbps | SE = 0.02826 bit/s/Hz
77873[UE 5 | RB 1] Throughput = 1.31407 Mbps | SE = 0.03444 bit/s/Hz
77983[UE 5 | RB 1] Throughput = 0.87265 Mbps | SE = 0.02287 bit/s/Hz
78083[UE 5 | RB 1] Throughput = 1.07817 Mbps | SE = 0.02825 bit/s/Hz
78193[UE 5 | RB 1] Throughput = 1.09143 Mbps | SE = 0.02860 bit/s/Hz
78293[UE 5 | RB 1] Throughput = 0.83825 Mbps | SE = 0.02197 bit/s/Hz
78403[UE 5 | RB 1] Throughput = 1.08861 Mbps | SE = 0.02853 bit/s/Hz
78503[UE 5 | RB 1] Throughput = 1.19816 Mbps | SE = 0.03140 bit/s/Hz
78603[UE 5 | RB 1] Throughput = 1.31761 Mbps | SE = 0.03453 bit/s/Hz
78713[UE 5 | RB 1] Throughput = 0.76361 Mbps | SE = 0.02001 bit/s/Hz
78813[UE 5 | RB 1] Throughput = 1.19794 Mbps | SE = 0.03139 bit/s/Hz
78923[UE 5 | RB 1] Throughput = 1.09026 Mbps | SE = 0.02857 bit/s/Hz
79033[UE 5 | RB 1] Throughput = 0.98167 Mbps | SE = 0.02573 bit/s/Hz
79133[UE 5 | RB 1] Throughput = 1.07788 Mbps | SE = 0.02825 bit/s/Hz
79233[UE 5 | RB 1] Throughput = 0.95781 Mbps | SE = 0.02510 bit/s/Hz
79343[UE 5 | RB 1] Throughput = 1.19867 Mbps | SE = 0.03141 bit/s/Hz
79443[UE 5 | RB 1] Throughput = 0.95792 Mbps | SE = 0.02510 bit/s/Hz
79553[UE 5 | RB 1] Throughput = 1.09036 Mbps | SE = 0.02857 bit/s/Hz
79653[UE 5 | RB 1] Throughput = 1.19320 Mbps | SE = 0.03127 bit/s/Hz
79763[UE 5 | RB 1] Throughput = 0.87480 Mbps | SE = 0.02292 bit/s/Hz
79873[UE 5 | RB 1] Throughput = 1.19927 Mbps | SE = 0.03143 bit/s/Hz
79973[UE 5 | RB 1] Throughput = 1.19655 Mbps | SE = 0.03136 bit/s/Hz
80083[UE 5 | RB 1] Throughput = 0.76458 Mbps | SE = 0.02004 bit/s/Hz
80183[UE 5 | RB 1] Throughput = 1.31472 Mbps | SE = 0.03445 bit/s/Hz
80283[UE 5 | RB 1] Throughput = 1.07815 Mbps | SE = 0.02825 bit/s/Hz
80383[UE 5 | RB 1] Throughput = 0.95734 Mbps | SE = 0.02509 bit/s/Hz
80493[UE 5 | RB 1] Throughput = 1.09161 Mbps | SE = 0.02861 bit/s/Hz
80593[UE 5 | RB 1] Throughput = 1.07702 Mbps | SE = 0.02822 bit/s/Hz
80693[UE 5 | RB 1] Throughput = 1.19786 Mbps | SE = 0.03139 bit/s/Hz
80803[UE 5 | RB 1] Throughput = 0.98092 Mbps | SE = 0.02571 bit/s/Hz
80903[UE 5 | RB 1] Throughput = 1.19805 Mbps | SE = 0.03140 bit/s/Hz
81013[UE 5 | RB 1] Throughput = 0.98019 Mbps | SE = 0.02569 bit/s/Hz
81123[UE 5 | RB 1] Throughput = 1.09111 Mbps | SE = 0.02859 bit/s/Hz
81233[UE 5 | RB 1] Throughput = 0.87136 Mbps | SE = 0.02283 bit/s/Hz
81343[UE 5 | RB 1] Throughput = 1.19973 Mbps | SE = 0.03144 bit/s/Hz
81453[UE 5 | RB 1] Throughput = 0.98025 Mbps | SE = 0.02569 bit/s/Hz
81553[UE 5 | RB 1] Throughput = 1.19690 Mbps | SE = 0.03137 bit/s/Hz
81653[UE 5 | RB 1] Throughput = 1.07855 Mbps | SE = 0.02826 bit/s/Hz
81763[UE 5 | RB 1] Throughput = 1.09134 Mbps | SE = 0.02860 bit/s/Hz
81863[UE 5 | RB 1] Throughput = 0.95822 Mbps | SE = 0.02511 bit/s/Hz
81973[UE 5 | RB 1] Throughput = 1.19775 Mbps | SE = 0.03139 bit/s/Hz
82073[UE 5 | RB 1] Throughput = 1.19749 Mbps | SE = 0.03138 bit/s/Hz
82173[UE 5 | RB 1] Throughput = 1.07816 Mbps | SE = 0.02825 bit/s/Hz
82273[UE 5 | RB 1] Throughput = 1.07731 Mbps | SE = 0.02823 bit/s/Hz
82383[UE 5 | RB 1] Throughput = 0.98235 Mbps | SE = 0.02574 bit/s/Hz
82493[UE 5 | RB 1] Throughput = 1.19855 Mbps | SE = 0.03141 bit/s/Hz
82593[UE 5 | RB 1] Throughput = 0.59858 Mbps | SE = 0.01569 bit/s/Hz
82703[UE 5 | RB 1] Throughput = 1.30870 Mbps | SE = 0.03430 bit/s/Hz
82803[UE 5 | RB 1] Throughput = 1.07798 Mbps | SE = 0.02825 bit/s/Hz
82903[UE 5 | RB 1] Throughput = 1.19755 Mbps | SE = 0.03138 bit/s/Hz
83013[UE 5 | RB 1] Throughput = 0.98162 Mbps | SE = 0.02572 bit/s/Hz
83113[UE 5 | RB 1] Throughput = 1.07792 Mbps | SE = 0.02825 bit/s/Hz
83223[UE 5 | RB 1] Throughput = 1.08770 Mbps | SE = 0.02850 bit/s/Hz
83333[UE 5 | RB 1] Throughput = 1.09180 Mbps | SE = 0.02861 bit/s/Hz
83443[UE 5 | RB 1] Throughput = 1.08968 Mbps | SE = 0.02856 bit/s/Hz
83553[UE 5 | RB 1] Throughput = 0.97941 Mbps | SE = 0.02567 bit/s/Hz
83663[UE 5 | RB 1] Throughput = 1.09001 Mbps | SE = 0.02856 bit/s/Hz
83763[UE 5 | RB 1] Throughput = 1.07837 Mbps | SE = 0.02826 bit/s/Hz
83873[UE 5 | RB 1] Throughput = 1.09006 Mbps | SE = 0.02857 bit/s/Hz
83973[UE 5 | RB 1] Throughput = 0.59858 Mbps | SE = 0.01569 bit/s/Hz
84083[UE 5 | RB 1] Throughput = 1.19854 Mbps | SE = 0.03141 bit/s/Hz
84193[UE 5 | RB 1] Throughput = 0.98017 Mbps | SE = 0.02569 bit/s/Hz
84293[UE 5 | RB 1] Throughput = 1.31819 Mbps | SE = 0.03454 bit/s/Hz
84393[UE 5 | RB 1] Throughput = 1.07648 Mbps | SE = 0.02821 bit/s/Hz
84503[UE 5 | RB 1] Throughput = 1.09118 Mbps | SE = 0.02859 bit/s/Hz
84613[UE 5 | RB 1] Throughput = 1.09000 Mbps | SE = 0.02856 bit/s/Hz
84723[UE 5 | RB 1] Throughput = 0.76344 Mbps | SE = 0.02001 bit/s/Hz
84823[UE 5 | RB 1] Throughput = 1.43530 Mbps | SE = 0.03761 bit/s/Hz
84933[UE 5 | RB 1] Throughput = 1.08975 Mbps | SE = 0.02856 bit/s/Hz
85033[UE 5 | RB 1] Throughput = 0.95870 Mbps | SE = 0.02512 bit/s/Hz
85133[UE 5 | RB 1] Throughput = 1.31755 Mbps | SE = 0.03453 bit/s/Hz
85233[UE 5 | RB 1] Throughput = 0.71835 Mbps | SE = 0.01882 bit/s/Hz
85343[UE 5 | RB 1] Throughput = 1.09063 Mbps | SE = 0.02858 bit/s/Hz
85454[UE 5 | RB 1] Throughput = 1.08609 Mbps | SE = 0.02846 bit/s/Hz
85563[UE 5 | RB 1] Throughput = 1.31275 Mbps | SE = 0.03440 bit/s/Hz
85663[UE 5 | RB 1] Throughput = 1.07729 Mbps | SE = 0.02823 bit/s/Hz
85773[UE 5 | RB 1] Throughput = 0.87252 Mbps | SE = 0.02286 bit/s/Hz
85873[UE 5 | RB 1] Throughput = 0.71768 Mbps | SE = 0.01881 bit/s/Hz
85983[UE 5 | RB 1] Throughput = 1.20065 Mbps | SE = 0.03146 bit/s/Hz
86083[UE 5 | RB 1] Throughput = 1.19732 Mbps | SE = 0.03138 bit/s/Hz
86193[UE 5 | RB 1] Throughput = 1.30796 Mbps | SE = 0.03428 bit/s/Hz
86303[UE 5 | RB 1] Throughput = 1.09008 Mbps | SE = 0.02857 bit/s/Hz
86403[UE 5 | RB 1] Throughput = 0.83812 Mbps | SE = 0.02196 bit/s/Hz
86503[UE 5 | RB 1] Throughput = 1.19784 Mbps | SE = 0.03139 bit/s/Hz
86603[UE 5 | RB 1] Throughput = 1.07775 Mbps | SE = 0.02824 bit/s/Hz
86703[UE 5 | RB 1] Throughput = 0.83749 Mbps | SE = 0.02195 bit/s/Hz
86813[UE 5 | RB 1] Throughput = 1.20057 Mbps | SE = 0.03146 bit/s/Hz
86923[UE 5 | RB 1] Throughput = 1.19680 Mbps | SE = 0.03136 bit/s/Hz
87024[UE 5 | RB 1] Throughput = 0.71494 Mbps | SE = 0.01874 bit/s/Hz
87133[UE 5 | RB 1] Throughput = 1.31680 Mbps | SE = 0.03451 bit/s/Hz
87233[UE 5 | RB 1] Throughput = 1.07591 Mbps | SE = 0.02819 bit/s/Hz
87334[UE 5 | RB 1] Throughput = 0.59888 Mbps | SE = 0.01569 bit/s/Hz
87443[UE 5 | RB 1] Throughput = 1.53279 Mbps | SE = 0.04017 bit/s/Hz
87543[UE 5 | RB 1] Throughput = 0.95717 Mbps | SE = 0.02508 bit/s/Hz
87643[UE 5 | RB 1] Throughput = 0.83861 Mbps | SE = 0.02198 bit/s/Hz
87744[UE 5 | RB 1] Throughput = 1.19391 Mbps | SE = 0.03129 bit/s/Hz
87853[UE 5 | RB 1] Throughput = 1.09205 Mbps | SE = 0.02862 bit/s/Hz
87963[UE 5 | RB 1] Throughput = 0.97970 Mbps | SE = 0.02567 bit/s/Hz
88073[UE 5 | RB 1] Throughput = 1.09168 Mbps | SE = 0.02861 bit/s/Hz
88173[UE 5 | RB 1] Throughput = 1.19806 Mbps | SE = 0.03140 bit/s/Hz
88273[UE 5 | RB 1] Throughput = 0.71785 Mbps | SE = 0.01881 bit/s/Hz
88383[UE 5 | RB 1] Throughput = 1.52838 Mbps | SE = 0.04005 bit/s/Hz
88483[UE 5 | RB 1] Throughput = 0.95862 Mbps | SE = 0.02512 bit/s/Hz
88583[UE 5 | RB 1] Throughput = 1.07609 Mbps | SE = 0.02820 bit/s/Hz
88693[UE 5 | RB 1] Throughput = 0.98187 Mbps | SE = 0.02573 bit/s/Hz
88803[UE 5 | RB 1] Throughput = 1.19658 Mbps | SE = 0.03136 bit/s/Hz
88913[UE 5 | RB 1] Throughput = 1.19917 Mbps | SE = 0.03142 bit/s/Hz
89023[UE 5 | RB 1] Throughput = 0.65468 Mbps | SE = 0.01716 bit/s/Hz
89123[UE 5 | RB 1] Throughput = 1.31640 Mbps | SE = 0.03450 bit/s/Hz
89223[UE 5 | RB 1] Throughput = 0.95842 Mbps | SE = 0.02512 bit/s/Hz
89333[UE 5 | RB 1] Throughput = 1.30756 Mbps | SE = 0.03427 bit/s/Hz
89443[UE 5 | RB 1] Throughput = 0.87209 Mbps | SE = 0.02285 bit/s/Hz
89544[UE 5 | RB 1] Throughput = 1.19169 Mbps | SE = 0.03123 bit/s/Hz
89654[UE 5 | RB 1] Throughput = 1.09053 Mbps | SE = 0.02858 bit/s/Hz
89755[UE 5 | RB 1] Throughput = 0.94700 Mbps | SE = 0.02482 bit/s/Hz
89863[UE 5 | RB 1] Throughput = 0.66389 Mbps | SE = 0.01740 bit/s/Hz
89973[UE 5 | RB 1] Throughput = 1.30622 Mbps | SE = 0.03423 bit/s/Hz
[xApp]: E42 RIC_SUBSCRIPTION_DELETE_REQUEST tx RAN_FUNC_ID 144 RIC_REQ_ID 1 
[xApp]: E42 SUBSCRIPTION DELETE RESPONSE rx
[xApp]: E42 RIC_SUBSCRIPTION_DELETE_REQUEST tx RAN_FUNC_ID 144 RIC_REQ_ID 2 
[xApp]: E42 SUBSCRIPTION DELETE RESPONSE rx
[xApp]: E42 RIC_SUBSCRIPTION_DELETE_REQUEST tx RAN_FUNC_ID 144 RIC_REQ_ID 3 
[xApp]: E42 SUBSCRIPTION DELETE RESPONSE rx
[xApp]: Sucessfully stopped 
Test xApp run SUCCESSFULLY
