[UTIL]: Setting the config -c file to /usr/local/etc/flexric/flexric.conf
[UTIL]: Setting path -p for the shared libraries to /usr/local/lib/flexric/
[xAapp]: Initializing ... 
[xApp]: nearRT-RIC IP Address = 192.168.70.150, PORT = 36422
[E2 AGENT]: Opening plugin from path = /usr/local/lib/flexric/libkpm_sm.so 
[E2 AGENT]: Opening plugin from path = /usr/local/lib/flexric/libmac_sm.so 
[E2 AGENT]: Opening plugin from path = /usr/local/lib/flexric/libpdcp_sm.so 
[E2 AGENT]: Opening plugin from path = /usr/local/lib/flexric/libgtp_sm.so 
[E2 AGENT]: Opening plugin from path = /usr/local/lib/flexric/librc_sm.so 
[E2 AGENT]: Opening plugin from path = /usr/local/lib/flexric/libtc_sm.so 
[E2 AGENT]: Opening plugin from path = /usr/local/lib/flexric/librlc_sm.so 
[E2 AGENT]: Opening plugin from path = /usr/local/lib/flexric/libslice_sm.so 
[NEAR-RIC]: Loading SM ID = 2 with def = ORAN-E2SM-KPM 
[NEAR-RIC]: Loading SM ID = 142 with def = MAC_STATS_V0 
[NEAR-RIC]: Loading SM ID = 144 with def = PDCP_STATS_V0 
[NEAR-RIC]: Loading SM ID = 148 with def = GTP_STATS_V0 
[NEAR-RIC]: Loading SM ID = 3 with def = ORAN-E2SM-RC 
[NEAR-RIC]: Loading SM ID = 146 with def = TC_STATS_V0 
[NEAR-RIC]: Loading SM ID = 143 with def = RLC_STATS_V0 
[NEAR-RIC]: Loading SM ID = 145 with def = SLICE_STATS_V0 
[xApp]: DB filename = /tmp/flexric/xapp_db 
 [xApp]: E42 SETUP-REQUEST tx
[xApp]: E42 SETUP-RESPONSE rx 
[xApp]: xApp ID = 89 
[xApp]: Registered E2 Nodes = 3 
Connected E2 nodes = 3
[xAPP] Registered node 0 ran func id = 2 
 [xAPP] Registered node 0 ran func id = 3 
 [xAPP] Registered node 0 ran func id = 142 
 [xAPP] Registered node 0 ran func id = 143 
 [xAPP] Registered node 0 ran func id = 144 
 [xAPP] Registered node 0 ran func id = 145 
 [xAPP] Registered node 0 ran func id = 146 
 [xAPP] Registered node 0 ran func id = 148 
 [xApp]: E42 RIC SUBSCRIPTION REQUEST tx RAN_FUNC_ID 144 RIC_REQ_ID 1 
[xApp]: SUBSCRIPTION RESPONSE rx
[xApp]: Successfully subscribed to RAN_FUNC_ID 144 
[xAPP] Registered node 1 ran func id = 2 
 [xAPP] Registered node 1 ran func id = 3 
 [xAPP] Registered node 1 ran func id = 142 
 [xAPP] Registered node 1 ran func id = 143 
 [xAPP] Registered node 1 ran func id = 144 
 [xAPP] Registered node 1 ran func id = 145 
 [xAPP] Registered node 1 ran func id = 146 
 [xAPP] Registered node 1 ran func id = 148 
 [xApp]: E42 RIC SUBSCRIPTION REQUEST tx RAN_FUNC_ID 144 RIC_REQ_ID 2 
[xApp]: SUBSCRIPTION RESPONSE rx
[xApp]: Successfully subscribed to RAN_FUNC_ID 144 
[xAPP] Registered node 2 ran func id = 2 
 [xAPP] Registered node 2 ran func id = 3 
 [xAPP] Registered node 2 ran func id = 142 
 [xAPP] Registered node 2 ran func id = 143 
 [xAPP] Registered node 2 ran func id = 144 
 [xAPP] Registered node 2 ran func id = 145 
 [xAPP] Registered node 2 ran func id = 146 
 [xAPP] Registered node 2 ran func id = 148 
 [xApp]: E42 RIC SUBSCRIPTION REQUEST tx RAN_FUNC_ID 144 RIC_REQ_ID 3 
[xApp]: SUBSCRIPTION RESPONSE rx
[xApp]: Successfully subscribed to RAN_FUNC_ID 144 
112[UE 5 | RB 1] Throughput = 0.71893 Mbps | SE = 0.01884 bit/s/Hz
222[UE 5 | RB 1] Throughput = 0.97900 Mbps | SE = 0.02566 bit/s/Hz
322[UE 5 | RB 1] Throughput = 1.31802 Mbps | SE = 0.03454 bit/s/Hz
422[UE 5 | RB 1] Throughput = 1.07781 Mbps | SE = 0.02824 bit/s/Hz
522[UE 5 | RB 1] Throughput = 1.19814 Mbps | SE = 0.03140 bit/s/Hz
632[UE 5 | RB 1] Throughput = 0.98119 Mbps | SE = 0.02571 bit/s/Hz
742[UE 5 | RB 1] Throughput = 0.98170 Mbps | SE = 0.02573 bit/s/Hz
842[UE 5 | RB 1] Throughput = 0.71710 Mbps | SE = 0.01879 bit/s/Hz
952[UE 5 | RB 1] Throughput = 1.20077 Mbps | SE = 0.03147 bit/s/Hz
1052[UE 5 | RB 1] Throughput = 1.07804 Mbps | SE = 0.02825 bit/s/Hz
1152[UE 5 | RB 1] Throughput = 1.31637 Mbps | SE = 0.03450 bit/s/Hz
1262[UE 5 | RB 1] Throughput = 1.09004 Mbps | SE = 0.02856 bit/s/Hz
1372[UE 5 | RB 1] Throughput = 0.98087 Mbps | SE = 0.02570 bit/s/Hz
1482[UE 5 | RB 1] Throughput = 1.20054 Mbps | SE = 0.03146 bit/s/Hz
1582[UE 5 | RB 1] Throughput = 1.07811 Mbps | SE = 0.02825 bit/s/Hz
1692[UE 5 | RB 1] Throughput = 1.19783 Mbps | SE = 0.03139 bit/s/Hz
1792[UE 5 | RB 1] Throughput = 0.59739 Mbps | SE = 0.01565 bit/s/Hz
1902[UE 5 | RB 1] Throughput = 1.09223 Mbps | SE = 0.02862 bit/s/Hz
2012[UE 5 | RB 1] Throughput = 1.08872 Mbps | SE = 0.02853 bit/s/Hz
2122[UE 5 | RB 1] Throughput = 1.19900 Mbps | SE = 0.03142 bit/s/Hz
2222[UE 5 | RB 1] Throughput = 0.59913 Mbps | SE = 0.01570 bit/s/Hz
2322[UE 5 | RB 1] Throughput = 1.55761 Mbps | SE = 0.04082 bit/s/Hz
2422[UE 5 | RB 1] Throughput = 1.19621 Mbps | SE = 0.03135 bit/s/Hz
2532[UE 5 | RB 1] Throughput = 0.98205 Mbps | SE = 0.02574 bit/s/Hz
2632[UE 5 | RB 1] Throughput = 0.83870 Mbps | SE = 0.02198 bit/s/Hz
2742[UE 5 | RB 1] Throughput = 1.19819 Mbps | SE = 0.03140 bit/s/Hz
2852[UE 5 | RB 1] Throughput = 1.30757 Mbps | SE = 0.03427 bit/s/Hz
2952[UE 5 | RB 1] Throughput = 0.95867 Mbps | SE = 0.02512 bit/s/Hz
3062[UE 5 | RB 1] Throughput = 0.97965 Mbps | SE = 0.02567 bit/s/Hz
3172[UE 5 | RB 1] Throughput = 0.87256 Mbps | SE = 0.02287 bit/s/Hz
3282[UE 5 | RB 1] Throughput = 1.08880 Mbps | SE = 0.02853 bit/s/Hz
3382[UE 5 | RB 1] Throughput = 1.31777 Mbps | SE = 0.03453 bit/s/Hz
3492[UE 5 | RB 1] Throughput = 0.98047 Mbps | SE = 0.02569 bit/s/Hz
3592[UE 5 | RB 1] Throughput = 1.07843 Mbps | SE = 0.02826 bit/s/Hz
3702[UE 5 | RB 1] Throughput = 1.08960 Mbps | SE = 0.02855 bit/s/Hz
3812[UE 5 | RB 1] Throughput = 1.09231 Mbps | SE = 0.02862 bit/s/Hz
3912[UE 5 | RB 1] Throughput = 1.07450 Mbps | SE = 0.02816 bit/s/Hz
4012[UE 5 | RB 1] Throughput = 1.07815 Mbps | SE = 0.02825 bit/s/Hz
4122[UE 5 | RB 1] Throughput = 1.20103 Mbps | SE = 0.03147 bit/s/Hz
4232[UE 5 | RB 1] Throughput = 0.65426 Mbps | SE = 0.01715 bit/s/Hz
4332[UE 5 | RB 1] Throughput = 1.43488 Mbps | SE = 0.03760 bit/s/Hz
4442[UE 5 | RB 1] Throughput = 1.09175 Mbps | SE = 0.02861 bit/s/Hz
4552[UE 5 | RB 1] Throughput = 0.87170 Mbps | SE = 0.02284 bit/s/Hz
4652[UE 5 | RB 1] Throughput = 0.83510 Mbps | SE = 0.02188 bit/s/Hz
4762[UE 5 | RB 1] Throughput = 1.20176 Mbps | SE = 0.03149 bit/s/Hz
4862[UE 5 | RB 1] Throughput = 1.19832 Mbps | SE = 0.03140 bit/s/Hz
4962[UE 5 | RB 1] Throughput = 0.95844 Mbps | SE = 0.02512 bit/s/Hz
5062[UE 5 | RB 1] Throughput = 1.31803 Mbps | SE = 0.03454 bit/s/Hz
5162[UE 5 | RB 1] Throughput = 1.07842 Mbps | SE = 0.02826 bit/s/Hz
5272[UE 5 | RB 1] Throughput = 1.09080 Mbps | SE = 0.02858 bit/s/Hz
5372[UE 5 | RB 1] Throughput = 0.71847 Mbps | SE = 0.01883 bit/s/Hz
5472[UE 5 | RB 1] Throughput = 1.43742 Mbps | SE = 0.03767 bit/s/Hz
5572[UE 5 | RB 1] Throughput = 0.83885 Mbps | SE = 0.02198 bit/s/Hz
5682[UE 5 | RB 1] Throughput = 1.08982 Mbps | SE = 0.02856 bit/s/Hz
5782[UE 5 | RB 1] Throughput = 1.07784 Mbps | SE = 0.02825 bit/s/Hz
5892[UE 5 | RB 1] Throughput = 1.09018 Mbps | SE = 0.02857 bit/s/Hz
5992[UE 5 | RB 1] Throughput = 1.31627 Mbps | SE = 0.03449 bit/s/Hz
6102[UE 5 | RB 1] Throughput = 0.98147 Mbps | SE = 0.02572 bit/s/Hz
6202[UE 5 | RB 1] Throughput = 1.07747 Mbps | SE = 0.02824 bit/s/Hz
6312[UE 5 | RB 1] Throughput = 1.08916 Mbps | SE = 0.02854 bit/s/Hz
6422[UE 5 | RB 1] Throughput = 1.09125 Mbps | SE = 0.02860 bit/s/Hz
6532[UE 5 | RB 1] Throughput = 0.98036 Mbps | SE = 0.02569 bit/s/Hz
6632[UE 5 | RB 1] Throughput = 1.07699 Mbps | SE = 0.02822 bit/s/Hz
6742[UE 5 | RB 1] Throughput = 1.09034 Mbps | SE = 0.02857 bit/s/Hz
6842[UE 5 | RB 1] Throughput = 1.07757 Mbps | SE = 0.02824 bit/s/Hz
6942[UE 5 | RB 1] Throughput = 0.95859 Mbps | SE = 0.02512 bit/s/Hz
7052[UE 5 | RB 1] Throughput = 1.20033 Mbps | SE = 0.03146 bit/s/Hz
7162[UE 5 | RB 1] Throughput = 1.08653 Mbps | SE = 0.02847 bit/s/Hz
7272[UE 5 | RB 1] Throughput = 0.87341 Mbps | SE = 0.02289 bit/s/Hz
7372[UE 5 | RB 1] Throughput = 0.83782 Mbps | SE = 0.02196 bit/s/Hz
7482[UE 5 | RB 1] Throughput = 1.19856 Mbps | SE = 0.03141 bit/s/Hz
7592[UE 5 | RB 1] Throughput = 1.19928 Mbps | SE = 0.03143 bit/s/Hz
7692[UE 5 | RB 1] Throughput = 0.95444 Mbps | SE = 0.02501 bit/s/Hz
7802[UE 5 | RB 1] Throughput = 1.09286 Mbps | SE = 0.02864 bit/s/Hz
7902[UE 5 | RB 1] Throughput = 1.07853 Mbps | SE = 0.02826 bit/s/Hz
8002[UE 5 | RB 1] Throughput = 1.07834 Mbps | SE = 0.02826 bit/s/Hz
8112[UE 5 | RB 1] Throughput = 0.87301 Mbps | SE = 0.02288 bit/s/Hz
8212[UE 5 | RB 1] Throughput = 1.31770 Mbps | SE = 0.03453 bit/s/Hz
8322[UE 5 | RB 1] Throughput = 1.09056 Mbps | SE = 0.02858 bit/s/Hz
8422[UE 5 | RB 1] Throughput = 1.31269 Mbps | SE = 0.03440 bit/s/Hz
8532[UE 5 | RB 1] Throughput = 0.87549 Mbps | SE = 0.02294 bit/s/Hz
8632[UE 5 | RB 1] Throughput = 1.07776 Mbps | SE = 0.02824 bit/s/Hz
8732[UE 5 | RB 1] Throughput = 0.95648 Mbps | SE = 0.02507 bit/s/Hz
8842[UE 5 | RB 1] Throughput = 1.20106 Mbps | SE = 0.03147 bit/s/Hz
8942[UE 5 | RB 1] Throughput = 0.83857 Mbps | SE = 0.02198 bit/s/Hz
9042[UE 5 | RB 1] Throughput = 1.19595 Mbps | SE = 0.03134 bit/s/Hz
9152[UE 5 | RB 1] Throughput = 1.19816 Mbps | SE = 0.03140 bit/s/Hz
9262[UE 5 | RB 1] Throughput = 0.76292 Mbps | SE = 0.01999 bit/s/Hz
9372[UE 5 | RB 1] Throughput = 1.19691 Mbps | SE = 0.03137 bit/s/Hz
9482[UE 5 | RB 1] Throughput = 1.09053 Mbps | SE = 0.02858 bit/s/Hz
9592[UE 5 | RB 1] Throughput = 1.08964 Mbps | SE = 0.02855 bit/s/Hz
9702[UE 5 | RB 1] Throughput = 1.08655 Mbps | SE = 0.02847 bit/s/Hz
9812[UE 5 | RB 1] Throughput = 0.98095 Mbps | SE = 0.02571 bit/s/Hz
9922[UE 5 | RB 1] Throughput = 1.20263 Mbps | SE = 0.03152 bit/s/Hz
10022[UE 5 | RB 1] Throughput = 0.95856 Mbps | SE = 0.02512 bit/s/Hz
10122[UE 5 | RB 1] Throughput = 1.07706 Mbps | SE = 0.02822 bit/s/Hz
10222[UE 5 | RB 1] Throughput = 1.31802 Mbps | SE = 0.03454 bit/s/Hz
10332[UE 5 | RB 1] Throughput = 0.87290 Mbps | SE = 0.02287 bit/s/Hz
10432[UE 5 | RB 1] Throughput = 1.07636 Mbps | SE = 0.02821 bit/s/Hz
10542[UE 5 | RB 1] Throughput = 1.08967 Mbps | SE = 0.02856 bit/s/Hz
10652[UE 5 | RB 1] Throughput = 1.19743 Mbps | SE = 0.03138 bit/s/Hz
10753[UE 5 | RB 1] Throughput = 0.94878 Mbps | SE = 0.02486 bit/s/Hz
10862[UE 5 | RB 1] Throughput = 1.10015 Mbps | SE = 0.02883 bit/s/Hz
10972[UE 5 | RB 1] Throughput = 1.19840 Mbps | SE = 0.03140 bit/s/Hz
11072[UE 5 | RB 1] Throughput = 0.71748 Mbps | SE = 0.01880 bit/s/Hz
11182[UE 5 | RB 1] Throughput = 1.31300 Mbps | SE = 0.03441 bit/s/Hz
11282[UE 5 | RB 1] Throughput = 0.59826 Mbps | SE = 0.01568 bit/s/Hz
11392[UE 5 | RB 1] Throughput = 1.41544 Mbps | SE = 0.03709 bit/s/Hz
11502[UE 5 | RB 1] Throughput = 0.98133 Mbps | SE = 0.02572 bit/s/Hz
11612[UE 5 | RB 1] Throughput = 1.08954 Mbps | SE = 0.02855 bit/s/Hz
11712[UE 5 | RB 1] Throughput = 1.19555 Mbps | SE = 0.03133 bit/s/Hz
11822[UE 5 | RB 1] Throughput = 0.98168 Mbps | SE = 0.02573 bit/s/Hz
11932[UE 5 | RB 1] Throughput = 0.98230 Mbps | SE = 0.02574 bit/s/Hz
12032[UE 5 | RB 1] Throughput = 1.19747 Mbps | SE = 0.03138 bit/s/Hz
12132[UE 5 | RB 1] Throughput = 0.95759 Mbps | SE = 0.02509 bit/s/Hz
12242[UE 5 | RB 1] Throughput = 1.31007 Mbps | SE = 0.03433 bit/s/Hz
12343[UE 5 | RB 1] Throughput = 0.71354 Mbps | SE = 0.01870 bit/s/Hz
12452[UE 5 | RB 1] Throughput = 1.31416 Mbps | SE = 0.03444 bit/s/Hz
12552[UE 5 | RB 1] Throughput = 0.71863 Mbps | SE = 0.01883 bit/s/Hz
12662[UE 5 | RB 1] Throughput = 1.30832 Mbps | SE = 0.03429 bit/s/Hz
12762[UE 5 | RB 1] Throughput = 1.07800 Mbps | SE = 0.02825 bit/s/Hz
12872[UE 5 | RB 1] Throughput = 0.98196 Mbps | SE = 0.02573 bit/s/Hz
12972[UE 5 | RB 1] Throughput = 1.07824 Mbps | SE = 0.02826 bit/s/Hz
13082[UE 5 | RB 1] Throughput = 1.09183 Mbps | SE = 0.02861 bit/s/Hz
13182[UE 5 | RB 1] Throughput = 1.07664 Mbps | SE = 0.02821 bit/s/Hz
13282[UE 5 | RB 1] Throughput = 1.19614 Mbps | SE = 0.03135 bit/s/Hz
13392[UE 5 | RB 1] Throughput = 0.98117 Mbps | SE = 0.02571 bit/s/Hz
13502[UE 5 | RB 1] Throughput = 0.98094 Mbps | SE = 0.02571 bit/s/Hz
13602[UE 5 | RB 1] Throughput = 1.19835 Mbps | SE = 0.03140 bit/s/Hz
13702[UE 5 | RB 1] Throughput = 1.19607 Mbps | SE = 0.03134 bit/s/Hz
13813[UE 5 | RB 1] Throughput = 0.97217 Mbps | SE = 0.02548 bit/s/Hz
13922[UE 5 | RB 1] Throughput = 0.98970 Mbps | SE = 0.02594 bit/s/Hz
14032[UE 5 | RB 1] Throughput = 1.09109 Mbps | SE = 0.02859 bit/s/Hz
14132[UE 5 | RB 1] Throughput = 1.07686 Mbps | SE = 0.02822 bit/s/Hz
14242[UE 5 | RB 1] Throughput = 1.09004 Mbps | SE = 0.02856 bit/s/Hz
14342[UE 5 | RB 1] Throughput = 1.07751 Mbps | SE = 0.02824 bit/s/Hz
14442[UE 5 | RB 1] Throughput = 1.07754 Mbps | SE = 0.02824 bit/s/Hz
14542[UE 5 | RB 1] Throughput = 1.07784 Mbps | SE = 0.02825 bit/s/Hz
14652[UE 5 | RB 1] Throughput = 1.20158 Mbps | SE = 0.03149 bit/s/Hz
14752[UE 5 | RB 1] Throughput = 0.71744 Mbps | SE = 0.01880 bit/s/Hz
14862[UE 5 | RB 1] Throughput = 1.19941 Mbps | SE = 0.03143 bit/s/Hz
14962[UE 5 | RB 1] Throughput = 0.83754 Mbps | SE = 0.02195 bit/s/Hz
15072[UE 5 | RB 1] Throughput = 1.41958 Mbps | SE = 0.03720 bit/s/Hz
15182[UE 5 | RB 1] Throughput = 1.08822 Mbps | SE = 0.02852 bit/s/Hz
15282[UE 5 | RB 1] Throughput = 0.83878 Mbps | SE = 0.02198 bit/s/Hz
15382[UE 5 | RB 1] Throughput = 1.19787 Mbps | SE = 0.03139 bit/s/Hz
15492[UE 5 | RB 1] Throughput = 1.19889 Mbps | SE = 0.03142 bit/s/Hz
15602[UE 5 | RB 1] Throughput = 0.87377 Mbps | SE = 0.02290 bit/s/Hz
15712[UE 5 | RB 1] Throughput = 1.09049 Mbps | SE = 0.02858 bit/s/Hz
15812[UE 5 | RB 1] Throughput = 0.95793 Mbps | SE = 0.02510 bit/s/Hz
15912[UE 5 | RB 1] Throughput = 1.19811 Mbps | SE = 0.03140 bit/s/Hz
16012[UE 5 | RB 1] Throughput = 0.71824 Mbps | SE = 0.01882 bit/s/Hz
16112[UE 5 | RB 1] Throughput = 1.19478 Mbps | SE = 0.03131 bit/s/Hz
16222[UE 5 | RB 1] Throughput = 1.20102 Mbps | SE = 0.03147 bit/s/Hz
16332[UE 5 | RB 1] Throughput = 1.09109 Mbps | SE = 0.02859 bit/s/Hz
16432[UE 5 | RB 1] Throughput = 1.07783 Mbps | SE = 0.02824 bit/s/Hz
16532[UE 5 | RB 1] Throughput = 1.31556 Mbps | SE = 0.03447 bit/s/Hz
16642[UE 5 | RB 1] Throughput = 0.65485 Mbps | SE = 0.01716 bit/s/Hz
16742[UE 5 | RB 1] Throughput = 1.31723 Mbps | SE = 0.03452 bit/s/Hz
16842[UE 5 | RB 1] Throughput = 0.71859 Mbps | SE = 0.01883 bit/s/Hz
16952[UE 5 | RB 1] Throughput = 1.30994 Mbps | SE = 0.03433 bit/s/Hz
17052[UE 5 | RB 1] Throughput = 1.31566 Mbps | SE = 0.03448 bit/s/Hz
17152[UE 5 | RB 1] Throughput = 0.83778 Mbps | SE = 0.02195 bit/s/Hz
17262[UE 5 | RB 1] Throughput = 0.98239 Mbps | SE = 0.02574 bit/s/Hz
17362[UE 5 | RB 1] Throughput = 1.19715 Mbps | SE = 0.03137 bit/s/Hz
17472[UE 5 | RB 1] Throughput = 0.87115 Mbps | SE = 0.02283 bit/s/Hz
17582[UE 5 | RB 1] Throughput = 1.08946 Mbps | SE = 0.02855 bit/s/Hz
17692[UE 5 | RB 1] Throughput = 1.41798 Mbps | SE = 0.03716 bit/s/Hz
17792[UE 5 | RB 1] Throughput = 0.59861 Mbps | SE = 0.01569 bit/s/Hz
17902[UE 5 | RB 1] Throughput = 1.30917 Mbps | SE = 0.03431 bit/s/Hz
18002[UE 5 | RB 1] Throughput = 1.07845 Mbps | SE = 0.02826 bit/s/Hz
18102[UE 5 | RB 1] Throughput = 0.71578 Mbps | SE = 0.01876 bit/s/Hz
18212[UE 5 | RB 1] Throughput = 1.31402 Mbps | SE = 0.03443 bit/s/Hz
18312[UE 5 | RB 1] Throughput = 1.31755 Mbps | SE = 0.03453 bit/s/Hz
18412[UE 5 | RB 1] Throughput = 0.59909 Mbps | SE = 0.01570 bit/s/Hz
18512[UE 5 | RB 1] Throughput = 1.43715 Mbps | SE = 0.03766 bit/s/Hz
18612[UE 5 | RB 1] Throughput = 0.95536 Mbps | SE = 0.02504 bit/s/Hz
18722[UE 5 | RB 1] Throughput = 1.19925 Mbps | SE = 0.03143 bit/s/Hz
18832[UE 5 | RB 1] Throughput = 1.09181 Mbps | SE = 0.02861 bit/s/Hz
18942[UE 5 | RB 1] Throughput = 1.08875 Mbps | SE = 0.02853 bit/s/Hz
19052[UE 5 | RB 1] Throughput = 0.65486 Mbps | SE = 0.01716 bit/s/Hz
19152[UE 5 | RB 1] Throughput = 1.19601 Mbps | SE = 0.03134 bit/s/Hz
19262[UE 5 | RB 1] Throughput = 1.19453 Mbps | SE = 0.03130 bit/s/Hz
19372[UE 5 | RB 1] Throughput = 1.09436 Mbps | SE = 0.02868 bit/s/Hz
19472[UE 5 | RB 1] Throughput = 0.95755 Mbps | SE = 0.02509 bit/s/Hz
19572[UE 5 | RB 1] Throughput = 1.19799 Mbps | SE = 0.03139 bit/s/Hz
19672[UE 5 | RB 1] Throughput = 1.07855 Mbps | SE = 0.02826 bit/s/Hz
19782[UE 5 | RB 1] Throughput = 0.87256 Mbps | SE = 0.02287 bit/s/Hz
19882[UE 5 | RB 1] Throughput = 1.31773 Mbps | SE = 0.03453 bit/s/Hz
19982[UE 5 | RB 1] Throughput = 1.19771 Mbps | SE = 0.03139 bit/s/Hz
20082[UE 5 | RB 1] Throughput = 1.07843 Mbps | SE = 0.02826 bit/s/Hz
20192[UE 5 | RB 1] Throughput = 0.65470 Mbps | SE = 0.01716 bit/s/Hz
20302[UE 5 | RB 1] Throughput = 1.19848 Mbps | SE = 0.03141 bit/s/Hz
20402[UE 5 | RB 1] Throughput = 1.31712 Mbps | SE = 0.03452 bit/s/Hz
20502[UE 5 | RB 1] Throughput = 0.95829 Mbps | SE = 0.02511 bit/s/Hz
20612[UE 5 | RB 1] Throughput = 1.09028 Mbps | SE = 0.02857 bit/s/Hz
20722[UE 5 | RB 1] Throughput = 1.19609 Mbps | SE = 0.03134 bit/s/Hz
20832[UE 5 | RB 1] Throughput = 1.09018 Mbps | SE = 0.02857 bit/s/Hz
20942[UE 5 | RB 1] Throughput = 0.98211 Mbps | SE = 0.02574 bit/s/Hz
21042[UE 5 | RB 1] Throughput = 0.95798 Mbps | SE = 0.02510 bit/s/Hz
21142[UE 5 | RB 1] Throughput = 1.19720 Mbps | SE = 0.03137 bit/s/Hz
21242[UE 5 | RB 1] Throughput = 0.71847 Mbps | SE = 0.01883 bit/s/Hz
21342[UE 5 | RB 1] Throughput = 1.19738 Mbps | SE = 0.03138 bit/s/Hz
21452[UE 5 | RB 1] Throughput = 0.98186 Mbps | SE = 0.02573 bit/s/Hz
21552[UE 5 | RB 1] Throughput = 1.19684 Mbps | SE = 0.03136 bit/s/Hz
21662[UE 5 | RB 1] Throughput = 1.19927 Mbps | SE = 0.03143 bit/s/Hz
21763[UE 5 | RB 1] Throughput = 0.71477 Mbps | SE = 0.01873 bit/s/Hz
21873[UE 5 | RB 1] Throughput = 1.19515 Mbps | SE = 0.03132 bit/s/Hz
21982[UE 5 | RB 1] Throughput = 1.32032 Mbps | SE = 0.03460 bit/s/Hz
22092[UE 5 | RB 1] Throughput = 0.65246 Mbps | SE = 0.01710 bit/s/Hz
22202[UE 5 | RB 1] Throughput = 1.20382 Mbps | SE = 0.03155 bit/s/Hz
22302[UE 5 | RB 1] Throughput = 1.31684 Mbps | SE = 0.03451 bit/s/Hz
22412[UE 5 | RB 1] Throughput = 1.08306 Mbps | SE = 0.02838 bit/s/Hz
22522[UE 5 | RB 1] Throughput = 0.76484 Mbps | SE = 0.02004 bit/s/Hz
22632[UE 5 | RB 1] Throughput = 1.52110 Mbps | SE = 0.03986 bit/s/Hz
22742[UE 5 | RB 1] Throughput = 0.98386 Mbps | SE = 0.02578 bit/s/Hz
22852[UE 5 | RB 1] Throughput = 0.87109 Mbps | SE = 0.02283 bit/s/Hz
22962[UE 5 | RB 1] Throughput = 1.09081 Mbps | SE = 0.02859 bit/s/Hz
23062[UE 5 | RB 1] Throughput = 1.31765 Mbps | SE = 0.03453 bit/s/Hz
23172[UE 5 | RB 1] Throughput = 0.98099 Mbps | SE = 0.02571 bit/s/Hz
23272[UE 5 | RB 1] Throughput = 0.95702 Mbps | SE = 0.02508 bit/s/Hz
23382[UE 5 | RB 1] Throughput = 0.98194 Mbps | SE = 0.02573 bit/s/Hz
23492[UE 5 | RB 1] Throughput = 0.87282 Mbps | SE = 0.02287 bit/s/Hz
23593[UE 5 | RB 1] Throughput = 1.30965 Mbps | SE = 0.03432 bit/s/Hz
23702[UE 5 | RB 1] Throughput = 1.20453 Mbps | SE = 0.03157 bit/s/Hz
23812[UE 5 | RB 1] Throughput = 1.19750 Mbps | SE = 0.03138 bit/s/Hz
23922[UE 5 | RB 1] Throughput = 0.65363 Mbps | SE = 0.01713 bit/s/Hz
24032[UE 5 | RB 1] Throughput = 1.19636 Mbps | SE = 0.03135 bit/s/Hz
24142[UE 5 | RB 1] Throughput = 1.19968 Mbps | SE = 0.03144 bit/s/Hz
24252[UE 5 | RB 1] Throughput = 1.19720 Mbps | SE = 0.03137 bit/s/Hz
24353[UE 5 | RB 1] Throughput = 0.59722 Mbps | SE = 0.01565 bit/s/Hz
24462[UE 5 | RB 1] Throughput = 1.31293 Mbps | SE = 0.03441 bit/s/Hz
24563[UE 5 | RB 1] Throughput = 1.31136 Mbps | SE = 0.03436 bit/s/Hz
24672[UE 5 | RB 1] Throughput = 0.98166 Mbps | SE = 0.02572 bit/s/Hz
24782[UE 5 | RB 1] Throughput = 0.98367 Mbps | SE = 0.02578 bit/s/Hz
24882[UE 5 | RB 1] Throughput = 1.19742 Mbps | SE = 0.03138 bit/s/Hz
24992[UE 5 | RB 1] Throughput = 0.98097 Mbps | SE = 0.02571 bit/s/Hz
25102[UE 5 | RB 1] Throughput = 1.08932 Mbps | SE = 0.02855 bit/s/Hz
25203[UE 5 | RB 1] Throughput = 0.71657 Mbps | SE = 0.01878 bit/s/Hz
25312[UE 5 | RB 1] Throughput = 1.09270 Mbps | SE = 0.02863 bit/s/Hz
25422[UE 5 | RB 1] Throughput = 1.19888 Mbps | SE = 0.03142 bit/s/Hz
25522[UE 5 | RB 1] Throughput = 0.95808 Mbps | SE = 0.02511 bit/s/Hz
25632[UE 5 | RB 1] Throughput = 1.30681 Mbps | SE = 0.03425 bit/s/Hz
25742[UE 5 | RB 1] Throughput = 0.65293 Mbps | SE = 0.01711 bit/s/Hz
25852[UE 5 | RB 1] Throughput = 1.19989 Mbps | SE = 0.03144 bit/s/Hz
25962[UE 5 | RB 1] Throughput = 1.19845 Mbps | SE = 0.03141 bit/s/Hz
26072[UE 5 | RB 1] Throughput = 1.19888 Mbps | SE = 0.03142 bit/s/Hz
26182[UE 5 | RB 1] Throughput = 0.65223 Mbps | SE = 0.01709 bit/s/Hz
26292[UE 5 | RB 1] Throughput = 1.31066 Mbps | SE = 0.03435 bit/s/Hz
26392[UE 5 | RB 1] Throughput = 1.31690 Mbps | SE = 0.03451 bit/s/Hz
26502[UE 5 | RB 1] Throughput = 0.76301 Mbps | SE = 0.01999 bit/s/Hz
26612[UE 5 | RB 1] Throughput = 1.30806 Mbps | SE = 0.03428 bit/s/Hz
26712[UE 5 | RB 1] Throughput = 0.83849 Mbps | SE = 0.02197 bit/s/Hz
26822[UE 5 | RB 1] Throughput = 1.19737 Mbps | SE = 0.03138 bit/s/Hz
26922[UE 5 | RB 1] Throughput = 1.31824 Mbps | SE = 0.03455 bit/s/Hz
27022[UE 5 | RB 1] Throughput = 0.59897 Mbps | SE = 0.01570 bit/s/Hz
27122[UE 5 | RB 1] Throughput = 1.31807 Mbps | SE = 0.03454 bit/s/Hz
27232[UE 5 | RB 1] Throughput = 1.08953 Mbps | SE = 0.02855 bit/s/Hz
27342[UE 5 | RB 1] Throughput = 0.87144 Mbps | SE = 0.02284 bit/s/Hz
27452[UE 5 | RB 1] Throughput = 1.30587 Mbps | SE = 0.03422 bit/s/Hz
27553[UE 5 | RB 1] Throughput = 1.19376 Mbps | SE = 0.03128 bit/s/Hz
27663[UE 5 | RB 1] Throughput = 0.98310 Mbps | SE = 0.02576 bit/s/Hz
27772[UE 5 | RB 1] Throughput = 0.98227 Mbps | SE = 0.02574 bit/s/Hz
27882[UE 5 | RB 1] Throughput = 1.09078 Mbps | SE = 0.02858 bit/s/Hz
27992[UE 5 | RB 1] Throughput = 1.08948 Mbps | SE = 0.02855 bit/s/Hz
28102[UE 5 | RB 1] Throughput = 0.98317 Mbps | SE = 0.02576 bit/s/Hz
28202[UE 5 | RB 1] Throughput = 1.07751 Mbps | SE = 0.02824 bit/s/Hz
28302[UE 5 | RB 1] Throughput = 1.07561 Mbps | SE = 0.02819 bit/s/Hz
28412[UE 5 | RB 1] Throughput = 1.19986 Mbps | SE = 0.03144 bit/s/Hz
28512[UE 5 | RB 1] Throughput = 0.95779 Mbps | SE = 0.02510 bit/s/Hz
28622[UE 5 | RB 1] Throughput = 0.98131 Mbps | SE = 0.02572 bit/s/Hz
28722[UE 5 | RB 1] Throughput = 1.31799 Mbps | SE = 0.03454 bit/s/Hz
28832[UE 5 | RB 1] Throughput = 1.09007 Mbps | SE = 0.02857 bit/s/Hz
28932[UE 5 | RB 1] Throughput = 0.59918 Mbps | SE = 0.01570 bit/s/Hz
29032[UE 5 | RB 1] Throughput = 1.31781 Mbps | SE = 0.03453 bit/s/Hz
29132[UE 5 | RB 1] Throughput = 1.19689 Mbps | SE = 0.03137 bit/s/Hz
29242[UE 5 | RB 1] Throughput = 0.98349 Mbps | SE = 0.02577 bit/s/Hz
29342[UE 5 | RB 1] Throughput = 1.07498 Mbps | SE = 0.02817 bit/s/Hz
29442[UE 5 | RB 1] Throughput = 1.19739 Mbps | SE = 0.03138 bit/s/Hz
29542[UE 5 | RB 1] Throughput = 0.59871 Mbps | SE = 0.01569 bit/s/Hz
29653[UE 5 | RB 1] Throughput = 1.30693 Mbps | SE = 0.03425 bit/s/Hz
29762[UE 5 | RB 1] Throughput = 1.09152 Mbps | SE = 0.02860 bit/s/Hz
29862[UE 5 | RB 1] Throughput = 1.19707 Mbps | SE = 0.03137 bit/s/Hz
29972[UE 5 | RB 1] Throughput = 1.09074 Mbps | SE = 0.02858 bit/s/Hz
30072[UE 5 | RB 1] Throughput = 0.83838 Mbps | SE = 0.02197 bit/s/Hz
30172[UE 5 | RB 1] Throughput = 1.19815 Mbps | SE = 0.03140 bit/s/Hz
30282[UE 5 | RB 1] Throughput = 0.65520 Mbps | SE = 0.01717 bit/s/Hz
30382[UE 5 | RB 1] Throughput = 1.43590 Mbps | SE = 0.03763 bit/s/Hz
30492[UE 5 | RB 1] Throughput = 1.08941 Mbps | SE = 0.02855 bit/s/Hz
30602[UE 5 | RB 1] Throughput = 1.20010 Mbps | SE = 0.03145 bit/s/Hz
30712[UE 5 | RB 1] Throughput = 0.98213 Mbps | SE = 0.02574 bit/s/Hz
30812[UE 5 | RB 1] Throughput = 1.07782 Mbps | SE = 0.02824 bit/s/Hz
30912[UE 5 | RB 1] Throughput = 1.31646 Mbps | SE = 0.03450 bit/s/Hz
31012[UE 5 | RB 1] Throughput = 0.59775 Mbps | SE = 0.01566 bit/s/Hz
31122[UE 5 | RB 1] Throughput = 1.41852 Mbps | SE = 0.03717 bit/s/Hz
31222[UE 5 | RB 1] Throughput = 0.71864 Mbps | SE = 0.01883 bit/s/Hz
31332[UE 5 | RB 1] Throughput = 1.30796 Mbps | SE = 0.03428 bit/s/Hz
31442[UE 5 | RB 1] Throughput = 0.76319 Mbps | SE = 0.02000 bit/s/Hz
31552[UE 5 | RB 1] Throughput = 1.41869 Mbps | SE = 0.03718 bit/s/Hz
31652[UE 5 | RB 1] Throughput = 0.71805 Mbps | SE = 0.01882 bit/s/Hz
31752[UE 5 | RB 1] Throughput = 1.31449 Mbps | SE = 0.03445 bit/s/Hz
31862[UE 5 | RB 1] Throughput = 1.19925 Mbps | SE = 0.03143 bit/s/Hz
31962[UE 5 | RB 1] Throughput = 0.59829 Mbps | SE = 0.01568 bit/s/Hz
32072[UE 5 | RB 1] Throughput = 1.20069 Mbps | SE = 0.03146 bit/s/Hz
32183[UE 5 | RB 1] Throughput = 1.30383 Mbps | SE = 0.03417 bit/s/Hz
32292[UE 5 | RB 1] Throughput = 1.09113 Mbps | SE = 0.02859 bit/s/Hz
32402[UE 5 | RB 1] Throughput = 1.09033 Mbps | SE = 0.02857 bit/s/Hz
32512[UE 5 | RB 1] Throughput = 0.98278 Mbps | SE = 0.02575 bit/s/Hz
32622[UE 5 | RB 1] Throughput = 0.98107 Mbps | SE = 0.02571 bit/s/Hz
32722[UE 5 | RB 1] Throughput = 1.19653 Mbps | SE = 0.03136 bit/s/Hz
32832[UE 5 | RB 1] Throughput = 0.98103 Mbps | SE = 0.02571 bit/s/Hz
32942[UE 5 | RB 1] Throughput = 0.98198 Mbps | SE = 0.02573 bit/s/Hz
33042[UE 5 | RB 1] Throughput = 1.07685 Mbps | SE = 0.02822 bit/s/Hz
33142[UE 5 | RB 1] Throughput = 1.31792 Mbps | SE = 0.03454 bit/s/Hz
33242[UE 5 | RB 1] Throughput = 0.59713 Mbps | SE = 0.01565 bit/s/Hz
33352[UE 5 | RB 1] Throughput = 1.20291 Mbps | SE = 0.03152 bit/s/Hz
33452[UE 5 | RB 1] Throughput = 1.19295 Mbps | SE = 0.03126 bit/s/Hz
33562[UE 5 | RB 1] Throughput = 1.20384 Mbps | SE = 0.03155 bit/s/Hz
33663[UE 5 | RB 1] Throughput = 1.07260 Mbps | SE = 0.02811 bit/s/Hz
33773[UE 5 | RB 1] Throughput = 1.08803 Mbps | SE = 0.02851 bit/s/Hz
33882[UE 5 | RB 1] Throughput = 0.98216 Mbps | SE = 0.02574 bit/s/Hz
33983[UE 5 | RB 1] Throughput = 1.19793 Mbps | SE = 0.03139 bit/s/Hz
34093[UE 5 | RB 1] Throughput = 0.97567 Mbps | SE = 0.02557 bit/s/Hz
34202[UE 5 | RB 1] Throughput = 1.20626 Mbps | SE = 0.03161 bit/s/Hz
34312[UE 5 | RB 1] Throughput = 0.65302 Mbps | SE = 0.01711 bit/s/Hz
34412[UE 5 | RB 1] Throughput = 1.31807 Mbps | SE = 0.03454 bit/s/Hz
34522[UE 5 | RB 1] Throughput = 1.19979 Mbps | SE = 0.03144 bit/s/Hz
34623[UE 5 | RB 1] Throughput = 0.95697 Mbps | SE = 0.02508 bit/s/Hz
34732[UE 5 | RB 1] Throughput = 1.09326 Mbps | SE = 0.02865 bit/s/Hz
34832[UE 5 | RB 1] Throughput = 1.19619 Mbps | SE = 0.03135 bit/s/Hz
34933[UE 5 | RB 1] Throughput = 1.07170 Mbps | SE = 0.02808 bit/s/Hz
35042[UE 5 | RB 1] Throughput = 0.65797 Mbps | SE = 0.01724 bit/s/Hz
35142[UE 5 | RB 1] Throughput = 1.19689 Mbps | SE = 0.03137 bit/s/Hz
35252[UE 5 | RB 1] Throughput = 1.19925 Mbps | SE = 0.03143 bit/s/Hz
35362[UE 5 | RB 1] Throughput = 1.09280 Mbps | SE = 0.02864 bit/s/Hz
35462[UE 5 | RB 1] Throughput = 1.19320 Mbps | SE = 0.03127 bit/s/Hz
35563[UE 5 | RB 1] Throughput = 0.59848 Mbps | SE = 0.01568 bit/s/Hz
35673[UE 5 | RB 1] Throughput = 1.19422 Mbps | SE = 0.03130 bit/s/Hz
35783[UE 5 | RB 1] Throughput = 1.31170 Mbps | SE = 0.03437 bit/s/Hz
35892[UE 5 | RB 1] Throughput = 0.87380 Mbps | SE = 0.02290 bit/s/Hz
35992[UE 5 | RB 1] Throughput = 1.19663 Mbps | SE = 0.03136 bit/s/Hz
36092[UE 5 | RB 1] Throughput = 1.19822 Mbps | SE = 0.03140 bit/s/Hz
36203[UE 5 | RB 1] Throughput = 0.97779 Mbps | SE = 0.02562 bit/s/Hz
36312[UE 5 | RB 1] Throughput = 1.09509 Mbps | SE = 0.02870 bit/s/Hz
36412[UE 5 | RB 1] Throughput = 0.71821 Mbps | SE = 0.01882 bit/s/Hz
36522[UE 5 | RB 1] Throughput = 1.19890 Mbps | SE = 0.03142 bit/s/Hz
36632[UE 5 | RB 1] Throughput = 1.30765 Mbps | SE = 0.03427 bit/s/Hz
36732[UE 5 | RB 1] Throughput = 0.95617 Mbps | SE = 0.02506 bit/s/Hz
36842[UE 5 | RB 1] Throughput = 0.87172 Mbps | SE = 0.02284 bit/s/Hz
36943[UE 5 | RB 1] Throughput = 1.31690 Mbps | SE = 0.03451 bit/s/Hz
37052[UE 5 | RB 1] Throughput = 1.20141 Mbps | SE = 0.03148 bit/s/Hz
37152[UE 5 | RB 1] Throughput = 0.71781 Mbps | SE = 0.01881 bit/s/Hz
37253[UE 5 | RB 1] Throughput = 1.43713 Mbps | SE = 0.03766 bit/s/Hz
37362[UE 5 | RB 1] Throughput = 0.65370 Mbps | SE = 0.01713 bit/s/Hz
37472[UE 5 | RB 1] Throughput = 1.20017 Mbps | SE = 0.03145 bit/s/Hz
37582[UE 5 | RB 1] Throughput = 1.19979 Mbps | SE = 0.03144 bit/s/Hz
37682[UE 5 | RB 1] Throughput = 1.19774 Mbps | SE = 0.03139 bit/s/Hz
37782[UE 5 | RB 1] Throughput = 0.71901 Mbps | SE = 0.01884 bit/s/Hz
37882[UE 5 | RB 1] Throughput = 1.31646 Mbps | SE = 0.03450 bit/s/Hz
37992[UE 5 | RB 1] Throughput = 1.20101 Mbps | SE = 0.03147 bit/s/Hz
38102[UE 5 | RB 1] Throughput = 0.65252 Mbps | SE = 0.01710 bit/s/Hz
38212[UE 5 | RB 1] Throughput = 1.19853 Mbps | SE = 0.03141 bit/s/Hz
38322[UE 5 | RB 1] Throughput = 1.08842 Mbps | SE = 0.02852 bit/s/Hz
38423[UE 5 | RB 1] Throughput = 1.19773 Mbps | SE = 0.03139 bit/s/Hz
38532[UE 5 | RB 1] Throughput = 1.09085 Mbps | SE = 0.02859 bit/s/Hz
38632[UE 5 | RB 1] Throughput = 1.19718 Mbps | SE = 0.03137 bit/s/Hz
38742[UE 5 | RB 1] Throughput = 0.87255 Mbps | SE = 0.02287 bit/s/Hz
38852[UE 5 | RB 1] Throughput = 1.09057 Mbps | SE = 0.02858 bit/s/Hz
38952[UE 5 | RB 1] Throughput = 1.19579 Mbps | SE = 0.03134 bit/s/Hz
39053[UE 5 | RB 1] Throughput = 0.59855 Mbps | SE = 0.01569 bit/s/Hz
39162[UE 5 | RB 1] Throughput = 1.30827 Mbps | SE = 0.03428 bit/s/Hz
39272[UE 5 | RB 1] Throughput = 1.09089 Mbps | SE = 0.02859 bit/s/Hz
39382[UE 5 | RB 1] Throughput = 0.98020 Mbps | SE = 0.02569 bit/s/Hz
39482[UE 5 | RB 1] Throughput = 1.19809 Mbps | SE = 0.03140 bit/s/Hz
39582[UE 5 | RB 1] Throughput = 0.83855 Mbps | SE = 0.02197 bit/s/Hz
39692[UE 5 | RB 1] Throughput = 1.19807 Mbps | SE = 0.03140 bit/s/Hz
39803[UE 5 | RB 1] Throughput = 1.08808 Mbps | SE = 0.02851 bit/s/Hz
39912[UE 5 | RB 1] Throughput = 1.09354 Mbps | SE = 0.02866 bit/s/Hz
40013[UE 5 | RB 1] Throughput = 1.19245 Mbps | SE = 0.03125 bit/s/Hz
40122[UE 5 | RB 1] Throughput = 0.87383 Mbps | SE = 0.02290 bit/s/Hz
40232[UE 5 | RB 1] Throughput = 1.20151 Mbps | SE = 0.03149 bit/s/Hz
40332[UE 5 | RB 1] Throughput = 1.19796 Mbps | SE = 0.03139 bit/s/Hz
40432[UE 5 | RB 1] Throughput = 1.19465 Mbps | SE = 0.03131 bit/s/Hz
40542[UE 5 | RB 1] Throughput = 0.98120 Mbps | SE = 0.02571 bit/s/Hz
40642[UE 5 | RB 1] Throughput = 0.71832 Mbps | SE = 0.01882 bit/s/Hz
40752[UE 5 | RB 1] Throughput = 1.30748 Mbps | SE = 0.03426 bit/s/Hz
40852[UE 5 | RB 1] Throughput = 0.95864 Mbps | SE = 0.02512 bit/s/Hz
40962[UE 5 | RB 1] Throughput = 1.08978 Mbps | SE = 0.02856 bit/s/Hz
41063[UE 5 | RB 1] Throughput = 0.71868 Mbps | SE = 0.01883 bit/s/Hz
41163[UE 5 | RB 1] Throughput = 1.31662 Mbps | SE = 0.03450 bit/s/Hz
41272[UE 5 | RB 1] Throughput = 1.31287 Mbps | SE = 0.03440 bit/s/Hz
41382[UE 5 | RB 1] Throughput = 0.65229 Mbps | SE = 0.01709 bit/s/Hz
41482[UE 5 | RB 1] Throughput = 1.31721 Mbps | SE = 0.03452 bit/s/Hz
41592[UE 5 | RB 1] Throughput = 1.19952 Mbps | SE = 0.03143 bit/s/Hz
41702[UE 5 | RB 1] Throughput = 0.65379 Mbps | SE = 0.01713 bit/s/Hz
41802[UE 5 | RB 1] Throughput = 1.31811 Mbps | SE = 0.03454 bit/s/Hz
41912[UE 5 | RB 1] Throughput = 1.19892 Mbps | SE = 0.03142 bit/s/Hz
42012[UE 5 | RB 1] Throughput = 0.71841 Mbps | SE = 0.01883 bit/s/Hz
42112[UE 5 | RB 1] Throughput = 1.31810 Mbps | SE = 0.03454 bit/s/Hz
42223[UE 5 | RB 1] Throughput = 1.08791 Mbps | SE = 0.02851 bit/s/Hz
42332[UE 5 | RB 1] Throughput = 0.98209 Mbps | SE = 0.02574 bit/s/Hz
42442[UE 5 | RB 1] Throughput = 0.98099 Mbps | SE = 0.02571 bit/s/Hz
42542[UE 5 | RB 1] Throughput = 1.31684 Mbps | SE = 0.03451 bit/s/Hz
42652[UE 5 | RB 1] Throughput = 1.09057 Mbps | SE = 0.02858 bit/s/Hz
42762[UE 5 | RB 1] Throughput = 1.08960 Mbps | SE = 0.02855 bit/s/Hz
42862[UE 5 | RB 1] Throughput = 1.19829 Mbps | SE = 0.03140 bit/s/Hz
42972[UE 5 | RB 1] Throughput = 0.98196 Mbps | SE = 0.02573 bit/s/Hz
43072[UE 5 | RB 1] Throughput = 0.71738 Mbps | SE = 0.01880 bit/s/Hz
43182[UE 5 | RB 1] Throughput = 1.41524 Mbps | SE = 0.03709 bit/s/Hz
43283[UE 5 | RB 1] Throughput = 0.95821 Mbps | SE = 0.02511 bit/s/Hz
43392[UE 5 | RB 1] Throughput = 1.09021 Mbps | SE = 0.02857 bit/s/Hz
43493[UE 5 | RB 1] Throughput = 1.19632 Mbps | SE = 0.03135 bit/s/Hz
43602[UE 5 | RB 1] Throughput = 1.09233 Mbps | SE = 0.02863 bit/s/Hz
43712[UE 5 | RB 1] Throughput = 1.08850 Mbps | SE = 0.02852 bit/s/Hz
43822[UE 5 | RB 1] Throughput = 1.09172 Mbps | SE = 0.02861 bit/s/Hz
43922[UE 5 | RB 1] Throughput = 0.59910 Mbps | SE = 0.01570 bit/s/Hz
44022[UE 5 | RB 1] Throughput = 1.43524 Mbps | SE = 0.03761 bit/s/Hz
44122[UE 5 | RB 1] Throughput = 0.71887 Mbps | SE = 0.01884 bit/s/Hz
44233[UE 5 | RB 1] Throughput = 1.30547 Mbps | SE = 0.03421 bit/s/Hz
44342[UE 5 | RB 1] Throughput = 0.98201 Mbps | SE = 0.02573 bit/s/Hz
44443[UE 5 | RB 1] Throughput = 1.07668 Mbps | SE = 0.02821 bit/s/Hz
44552[UE 5 | RB 1] Throughput = 0.87278 Mbps | SE = 0.02287 bit/s/Hz
44653[UE 5 | RB 1] Throughput = 1.31730 Mbps | SE = 0.03452 bit/s/Hz
44762[UE 5 | RB 1] Throughput = 1.09114 Mbps | SE = 0.02859 bit/s/Hz
44862[UE 5 | RB 1] Throughput = 1.07772 Mbps | SE = 0.02824 bit/s/Hz
44972[UE 5 | RB 1] Throughput = 0.87204 Mbps | SE = 0.02285 bit/s/Hz
45072[UE 5 | RB 1] Throughput = 0.95763 Mbps | SE = 0.02510 bit/s/Hz
45173[UE 5 | RB 1] Throughput = 1.43640 Mbps | SE = 0.03764 bit/s/Hz
45282[UE 5 | RB 1] Throughput = 1.09158 Mbps | SE = 0.02861 bit/s/Hz
45392[UE 5 | RB 1] Throughput = 0.76224 Mbps | SE = 0.01997 bit/s/Hz
45493[UE 5 | RB 1] Throughput = 1.55691 Mbps | SE = 0.04080 bit/s/Hz
45602[UE 5 | RB 1] Throughput = 0.98109 Mbps | SE = 0.02571 bit/s/Hz
45713[UE 5 | RB 1] Throughput = 1.08832 Mbps | SE = 0.02852 bit/s/Hz
45822[UE 5 | RB 1] Throughput = 0.65459 Mbps | SE = 0.01715 bit/s/Hz
45932[UE 5 | RB 1] Throughput = 1.30899 Mbps | SE = 0.03430 bit/s/Hz
46032[UE 5 | RB 1] Throughput = 1.31777 Mbps | SE = 0.03453 bit/s/Hz
46142[UE 5 | RB 1] Throughput = 0.98116 Mbps | SE = 0.02571 bit/s/Hz
46243[UE 5 | RB 1] Throughput = 0.71709 Mbps | SE = 0.01879 bit/s/Hz
46352[UE 5 | RB 1] Throughput = 1.19863 Mbps | SE = 0.03141 bit/s/Hz
46462[UE 5 | RB 1] Throughput = 1.31051 Mbps | SE = 0.03434 bit/s/Hz
46562[UE 5 | RB 1] Throughput = 0.83674 Mbps | SE = 0.02193 bit/s/Hz
46672[UE 5 | RB 1] Throughput = 0.98112 Mbps | SE = 0.02571 bit/s/Hz
46783[UE 5 | RB 1] Throughput = 1.19742 Mbps | SE = 0.03138 bit/s/Hz
46892[UE 5 | RB 1] Throughput = 1.09051 Mbps | SE = 0.02858 bit/s/Hz
47003[UE 5 | RB 1] Throughput = 1.08833 Mbps | SE = 0.02852 bit/s/Hz
47112[UE 5 | RB 1] Throughput = 1.09089 Mbps | SE = 0.02859 bit/s/Hz
47222[UE 5 | RB 1] Throughput = 0.98034 Mbps | SE = 0.02569 bit/s/Hz
47323[UE 5 | RB 1] Throughput = 1.19686 Mbps | SE = 0.03136 bit/s/Hz
47432[UE 5 | RB 1] Throughput = 1.09018 Mbps | SE = 0.02857 bit/s/Hz
47542[UE 5 | RB 1] Throughput = 0.98204 Mbps | SE = 0.02573 bit/s/Hz
47653[UE 5 | RB 1] Throughput = 1.08710 Mbps | SE = 0.02849 bit/s/Hz
47762[UE 5 | RB 1] Throughput = 1.20121 Mbps | SE = 0.03148 bit/s/Hz
47862[UE 5 | RB 1] Throughput = 0.59824 Mbps | SE = 0.01568 bit/s/Hz
47972[UE 5 | RB 1] Throughput = 1.30631 Mbps | SE = 0.03423 bit/s/Hz
48082[UE 5 | RB 1] Throughput = 1.19923 Mbps | SE = 0.03143 bit/s/Hz
48182[UE 5 | RB 1] Throughput = 0.95825 Mbps | SE = 0.02511 bit/s/Hz
48283[UE 5 | RB 1] Throughput = 1.07817 Mbps | SE = 0.02825 bit/s/Hz
48392[UE 5 | RB 1] Throughput = 1.20265 Mbps | SE = 0.03152 bit/s/Hz
48492[UE 5 | RB 1] Throughput = 0.59873 Mbps | SE = 0.01569 bit/s/Hz
48592[UE 5 | RB 1] Throughput = 1.31704 Mbps | SE = 0.03451 bit/s/Hz
48702[UE 5 | RB 1] Throughput = 0.97865 Mbps | SE = 0.02565 bit/s/Hz
48812[UE 5 | RB 1] Throughput = 1.31068 Mbps | SE = 0.03435 bit/s/Hz
48922[UE 5 | RB 1] Throughput = 0.97899 Mbps | SE = 0.02565 bit/s/Hz
49022[UE 5 | RB 1] Throughput = 1.07806 Mbps | SE = 0.02825 bit/s/Hz
49123[UE 5 | RB 1] Throughput = 1.19530 Mbps | SE = 0.03132 bit/s/Hz
49233[UE 5 | RB 1] Throughput = 0.87255 Mbps | SE = 0.02287 bit/s/Hz
49343[UE 5 | RB 1] Throughput = 1.19761 Mbps | SE = 0.03138 bit/s/Hz
49443[UE 5 | RB 1] Throughput = 0.71868 Mbps | SE = 0.01883 bit/s/Hz
49552[UE 5 | RB 1] Throughput = 1.09426 Mbps | SE = 0.02868 bit/s/Hz
49652[UE 5 | RB 1] Throughput = 1.31541 Mbps | SE = 0.03447 bit/s/Hz
49753[UE 5 | RB 1] Throughput = 0.71753 Mbps | SE = 0.01880 bit/s/Hz
49862[UE 5 | RB 1] Throughput = 1.30954 Mbps | SE = 0.03432 bit/s/Hz
49963[UE 5 | RB 1] Throughput = 1.31728 Mbps | SE = 0.03452 bit/s/Hz
50072[UE 5 | RB 1] Throughput = 1.09061 Mbps | SE = 0.02858 bit/s/Hz
50173[UE 5 | RB 1] Throughput = 0.71734 Mbps | SE = 0.01880 bit/s/Hz
50273[UE 5 | RB 1] Throughput = 0.95802 Mbps | SE = 0.02511 bit/s/Hz
50383[UE 5 | RB 1] Throughput = 1.30833 Mbps | SE = 0.03429 bit/s/Hz
50483[UE 5 | RB 1] Throughput = 1.07777 Mbps | SE = 0.02824 bit/s/Hz
50583[UE 5 | RB 1] Throughput = 1.07816 Mbps | SE = 0.02825 bit/s/Hz
50693[UE 5 | RB 1] Throughput = 1.19893 Mbps | SE = 0.03142 bit/s/Hz
50803[UE 5 | RB 1] Throughput = 1.09122 Mbps | SE = 0.02860 bit/s/Hz
50903[UE 5 | RB 1] Throughput = 0.59780 Mbps | SE = 0.01567 bit/s/Hz
51013[UE 5 | RB 1] Throughput = 1.41821 Mbps | SE = 0.03716 bit/s/Hz
51113[UE 5 | RB 1] Throughput = 0.59892 Mbps | SE = 0.01569 bit/s/Hz
51222[UE 5 | RB 1] Throughput = 1.09127 Mbps | SE = 0.02860 bit/s/Hz
51333[UE 5 | RB 1] Throughput = 1.19746 Mbps | SE = 0.03138 bit/s/Hz
51443[UE 5 | RB 1] Throughput = 1.19799 Mbps | SE = 0.03139 bit/s/Hz
51552[UE 5 | RB 1] Throughput = 1.09076 Mbps | SE = 0.02858 bit/s/Hz
51653[UE 5 | RB 1] Throughput = 0.71783 Mbps | SE = 0.01881 bit/s/Hz
51753[UE 5 | RB 1] Throughput = 1.31812 Mbps | SE = 0.03454 bit/s/Hz
51863[UE 5 | RB 1] Throughput = 1.08954 Mbps | SE = 0.02855 bit/s/Hz
51963[UE 5 | RB 1] Throughput = 1.31236 Mbps | SE = 0.03439 bit/s/Hz
52072[UE 5 | RB 1] Throughput = 1.09809 Mbps | SE = 0.02878 bit/s/Hz
52172[UE 5 | RB 1] Throughput = 1.07686 Mbps | SE = 0.02822 bit/s/Hz
52282[UE 5 | RB 1] Throughput = 1.09071 Mbps | SE = 0.02858 bit/s/Hz
52382[UE 5 | RB 1] Throughput = 0.95839 Mbps | SE = 0.02512 bit/s/Hz
52482[UE 5 | RB 1] Throughput = 0.95813 Mbps | SE = 0.02511 bit/s/Hz
52582[UE 5 | RB 1] Throughput = 1.07784 Mbps | SE = 0.02825 bit/s/Hz
52683[UE 5 | RB 1] Throughput = 1.07663 Mbps | SE = 0.02821 bit/s/Hz
52792[UE 5 | RB 1] Throughput = 1.09063 Mbps | SE = 0.02858 bit/s/Hz
52893[UE 5 | RB 1] Throughput = 1.19731 Mbps | SE = 0.03138 bit/s/Hz
52993[UE 5 | RB 1] Throughput = 0.95616 Mbps | SE = 0.02506 bit/s/Hz
53103[UE 5 | RB 1] Throughput = 1.09120 Mbps | SE = 0.02860 bit/s/Hz
53203[UE 5 | RB 1] Throughput = 1.19152 Mbps | SE = 0.03122 bit/s/Hz
53312[UE 5 | RB 1] Throughput = 0.87821 Mbps | SE = 0.02301 bit/s/Hz
53413[UE 5 | RB 1] Throughput = 1.07692 Mbps | SE = 0.02822 bit/s/Hz
53522[UE 5 | RB 1] Throughput = 1.20043 Mbps | SE = 0.03146 bit/s/Hz
53623[UE 5 | RB 1] Throughput = 0.71710 Mbps | SE = 0.01879 bit/s/Hz
53733[UE 5 | RB 1] Throughput = 1.09040 Mbps | SE = 0.02857 bit/s/Hz
53833[UE 5 | RB 1] Throughput = 1.19653 Mbps | SE = 0.03136 bit/s/Hz
53933[UE 5 | RB 1] Throughput = 1.07749 Mbps | SE = 0.02824 bit/s/Hz
54042[UE 5 | RB 1] Throughput = 0.98352 Mbps | SE = 0.02577 bit/s/Hz
54143[UE 5 | RB 1] Throughput = 1.19546 Mbps | SE = 0.03133 bit/s/Hz
54243[UE 5 | RB 1] Throughput = 1.19811 Mbps | SE = 0.03140 bit/s/Hz
54353[UE 5 | RB 1] Throughput = 0.87106 Mbps | SE = 0.02283 bit/s/Hz
54463[UE 5 | RB 1] Throughput = 0.98255 Mbps | SE = 0.02575 bit/s/Hz
54563[UE 5 | RB 1] Throughput = 1.43713 Mbps | SE = 0.03766 bit/s/Hz
54673[UE 5 | RB 1] Throughput = 0.98039 Mbps | SE = 0.02569 bit/s/Hz
54773[UE 5 | RB 1] Throughput = 1.19690 Mbps | SE = 0.03137 bit/s/Hz
54883[UE 5 | RB 1] Throughput = 0.65514 Mbps | SE = 0.01717 bit/s/Hz
54983[UE 5 | RB 1] Throughput = 1.31690 Mbps | SE = 0.03451 bit/s/Hz
55083[UE 5 | RB 1] Throughput = 0.71680 Mbps | SE = 0.01878 bit/s/Hz
55193[UE 5 | RB 1] Throughput = 1.19812 Mbps | SE = 0.03140 bit/s/Hz
55303[UE 5 | RB 1] Throughput = 1.30987 Mbps | SE = 0.03433 bit/s/Hz
55403[UE 5 | RB 1] Throughput = 1.19609 Mbps | SE = 0.03134 bit/s/Hz
55503[UE 5 | RB 1] Throughput = 0.71863 Mbps | SE = 0.01883 bit/s/Hz
55613[UE 5 | RB 1] Throughput = 1.20163 Mbps | SE = 0.03149 bit/s/Hz
55722[UE 5 | RB 1] Throughput = 1.20063 Mbps | SE = 0.03146 bit/s/Hz
55823[UE 5 | RB 1] Throughput = 0.71885 Mbps | SE = 0.01884 bit/s/Hz
55923[UE 5 | RB 1] Throughput = 1.19492 Mbps | SE = 0.03131 bit/s/Hz
56033[UE 5 | RB 1] Throughput = 1.19908 Mbps | SE = 0.03142 bit/s/Hz
56143[UE 5 | RB 1] Throughput = 1.08987 Mbps | SE = 0.02856 bit/s/Hz
56253[UE 5 | RB 1] Throughput = 1.19849 Mbps | SE = 0.03141 bit/s/Hz
56363[UE 5 | RB 1] Throughput = 1.09098 Mbps | SE = 0.02859 bit/s/Hz
56463[UE 5 | RB 1] Throughput = 0.59898 Mbps | SE = 0.01570 bit/s/Hz
56563[UE 5 | RB 1] Throughput = 1.43713 Mbps | SE = 0.03766 bit/s/Hz
56663[UE 5 | RB 1] Throughput = 0.71621 Mbps | SE = 0.01877 bit/s/Hz
56773[UE 5 | RB 1] Throughput = 1.08577 Mbps | SE = 0.02845 bit/s/Hz
56883[UE 5 | RB 1] Throughput = 1.31381 Mbps | SE = 0.03443 bit/s/Hz
56993[UE 5 | RB 1] Throughput = 1.09055 Mbps | SE = 0.02858 bit/s/Hz
57103[UE 5 | RB 1] Throughput = 1.09071 Mbps | SE = 0.02858 bit/s/Hz
57212[UE 5 | RB 1] Throughput = 1.19995 Mbps | SE = 0.03145 bit/s/Hz
57313[UE 5 | RB 1] Throughput = 0.59649 Mbps | SE = 0.01563 bit/s/Hz
57423[UE 5 | RB 1] Throughput = 1.30998 Mbps | SE = 0.03433 bit/s/Hz
57533[UE 5 | RB 1] Throughput = 1.20039 Mbps | SE = 0.03146 bit/s/Hz
57633[UE 5 | RB 1] Throughput = 0.59857 Mbps | SE = 0.01569 bit/s/Hz
57733[UE 5 | RB 1] Throughput = 1.43689 Mbps | SE = 0.03765 bit/s/Hz
57833[UE 5 | RB 1] Throughput = 0.95790 Mbps | SE = 0.02510 bit/s/Hz
57943[UE 5 | RB 1] Throughput = 1.19921 Mbps | SE = 0.03143 bit/s/Hz
58053[UE 5 | RB 1] Throughput = 0.65325 Mbps | SE = 0.01712 bit/s/Hz
58162[UE 5 | RB 1] Throughput = 1.31400 Mbps | SE = 0.03443 bit/s/Hz
58263[UE 5 | RB 1] Throughput = 1.31047 Mbps | SE = 0.03434 bit/s/Hz
58372[UE 5 | RB 1] Throughput = 0.76552 Mbps | SE = 0.02006 bit/s/Hz
58473[UE 5 | RB 1] Throughput = 1.31274 Mbps | SE = 0.03440 bit/s/Hz
58582[UE 5 | RB 1] Throughput = 0.76572 Mbps | SE = 0.02007 bit/s/Hz
58683[UE 5 | RB 1] Throughput = 1.30991 Mbps | SE = 0.03433 bit/s/Hz
58793[UE 5 | RB 1] Throughput = 1.20139 Mbps | SE = 0.03148 bit/s/Hz
58903[UE 5 | RB 1] Throughput = 0.76283 Mbps | SE = 0.01999 bit/s/Hz
59013[UE 5 | RB 1] Throughput = 1.30870 Mbps | SE = 0.03430 bit/s/Hz
59123[UE 5 | RB 1] Throughput = 0.65153 Mbps | SE = 0.01707 bit/s/Hz
59233[UE 5 | RB 1] Throughput = 1.20237 Mbps | SE = 0.03151 bit/s/Hz
59333[UE 5 | RB 1] Throughput = 1.43693 Mbps | SE = 0.03766 bit/s/Hz
59433[UE 5 | RB 1] Throughput = 0.71754 Mbps | SE = 0.01880 bit/s/Hz
59533[UE 5 | RB 1] Throughput = 1.43712 Mbps | SE = 0.03766 bit/s/Hz
59643[UE 5 | RB 1] Throughput = 0.65572 Mbps | SE = 0.01718 bit/s/Hz
59743[UE 5 | RB 1] Throughput = 1.19731 Mbps | SE = 0.03138 bit/s/Hz
59843[UE 5 | RB 1] Throughput = 1.31819 Mbps | SE = 0.03454 bit/s/Hz
59953[UE 5 | RB 1] Throughput = 0.87187 Mbps | SE = 0.02285 bit/s/Hz
60063[UE 5 | RB 1] Throughput = 1.19716 Mbps | SE = 0.03137 bit/s/Hz
60173[UE 5 | RB 1] Throughput = 0.87311 Mbps | SE = 0.02288 bit/s/Hz
60273[UE 5 | RB 1] Throughput = 1.43475 Mbps | SE = 0.03760 bit/s/Hz
60383[UE 5 | RB 1] Throughput = 0.54493 Mbps | SE = 0.01428 bit/s/Hz
60493[UE 5 | RB 1] Throughput = 1.19843 Mbps | SE = 0.03141 bit/s/Hz
60593[UE 5 | RB 1] Throughput = 1.31774 Mbps | SE = 0.03453 bit/s/Hz
60693[UE 5 | RB 1] Throughput = 1.31713 Mbps | SE = 0.03452 bit/s/Hz
60803[UE 5 | RB 1] Throughput = 0.65374 Mbps | SE = 0.01713 bit/s/Hz
60913[UE 5 | RB 1] Throughput = 1.09178 Mbps | SE = 0.02861 bit/s/Hz
61013[UE 5 | RB 1] Throughput = 1.19739 Mbps | SE = 0.03138 bit/s/Hz
61113[UE 5 | RB 1] Throughput = 1.07686 Mbps | SE = 0.02822 bit/s/Hz
61223[UE 5 | RB 1] Throughput = 1.09321 Mbps | SE = 0.02865 bit/s/Hz
61323[UE 5 | RB 1] Throughput = 1.31557 Mbps | SE = 0.03448 bit/s/Hz
61423[UE 5 | RB 1] Throughput = 0.59904 Mbps | SE = 0.01570 bit/s/Hz
61523[UE 5 | RB 1] Throughput = 1.31734 Mbps | SE = 0.03452 bit/s/Hz
61632[UE 5 | RB 1] Throughput = 1.09365 Mbps | SE = 0.02866 bit/s/Hz
61733[UE 5 | RB 1] Throughput = 0.71755 Mbps | SE = 0.01880 bit/s/Hz
61833[UE 5 | RB 1] Throughput = 1.31745 Mbps | SE = 0.03452 bit/s/Hz
61943[UE 5 | RB 1] Throughput = 1.19652 Mbps | SE = 0.03136 bit/s/Hz
62053[UE 5 | RB 1] Throughput = 1.19855 Mbps | SE = 0.03141 bit/s/Hz
62163[UE 5 | RB 1] Throughput = 0.65426 Mbps | SE = 0.01715 bit/s/Hz
62273[UE 5 | RB 1] Throughput = 1.19976 Mbps | SE = 0.03144 bit/s/Hz
62383[UE 5 | RB 1] Throughput = 1.09000 Mbps | SE = 0.02856 bit/s/Hz
62483[UE 5 | RB 1] Throughput = 1.31695 Mbps | SE = 0.03451 bit/s/Hz
62593[UE 5 | RB 1] Throughput = 0.98160 Mbps | SE = 0.02572 bit/s/Hz
62693[UE 5 | RB 1] Throughput = 1.07578 Mbps | SE = 0.02819 bit/s/Hz
62802[UE 5 | RB 1] Throughput = 1.09353 Mbps | SE = 0.02866 bit/s/Hz
62903[UE 5 | RB 1] Throughput = 0.59594 Mbps | SE = 0.01562 bit/s/Hz
63013[UE 5 | RB 1] Throughput = 1.20105 Mbps | SE = 0.03147 bit/s/Hz
63123[UE 5 | RB 1] Throughput = 1.30542 Mbps | SE = 0.03421 bit/s/Hz
63233[UE 5 | RB 1] Throughput = 1.19955 Mbps | SE = 0.03143 bit/s/Hz
63342[UE 5 | RB 1] Throughput = 1.09250 Mbps | SE = 0.02863 bit/s/Hz
63443[UE 5 | RB 1] Throughput = 0.95710 Mbps | SE = 0.02508 bit/s/Hz
63543[UE 5 | RB 1] Throughput = 0.95686 Mbps | SE = 0.02508 bit/s/Hz
63643[UE 5 | RB 1] Throughput = 1.07833 Mbps | SE = 0.02826 bit/s/Hz
63753[UE 5 | RB 1] Throughput = 1.09050 Mbps | SE = 0.02858 bit/s/Hz
63863[UE 5 | RB 1] Throughput = 0.98097 Mbps | SE = 0.02571 bit/s/Hz
63963[UE 5 | RB 1] Throughput = 1.19692 Mbps | SE = 0.03137 bit/s/Hz
64073[UE 5 | RB 1] Throughput = 0.97995 Mbps | SE = 0.02568 bit/s/Hz
64182[UE 5 | RB 1] Throughput = 1.20308 Mbps | SE = 0.03153 bit/s/Hz
64283[UE 5 | RB 1] Throughput = 0.83822 Mbps | SE = 0.02197 bit/s/Hz
64383[UE 5 | RB 1] Throughput = 1.19582 Mbps | SE = 0.03134 bit/s/Hz
64493[UE 5 | RB 1] Throughput = 1.09049 Mbps | SE = 0.02858 bit/s/Hz
64593[UE 5 | RB 1] Throughput = 0.95849 Mbps | SE = 0.02512 bit/s/Hz
64703[UE 5 | RB 1] Throughput = 0.97974 Mbps | SE = 0.02567 bit/s/Hz
64813[UE 5 | RB 1] Throughput = 1.19732 Mbps | SE = 0.03138 bit/s/Hz
64913[UE 5 | RB 1] Throughput = 1.31810 Mbps | SE = 0.03454 bit/s/Hz
65023[UE 5 | RB 1] Throughput = 0.65500 Mbps | SE = 0.01716 bit/s/Hz
65123[UE 5 | RB 1] Throughput = 1.31711 Mbps | SE = 0.03452 bit/s/Hz
65233[UE 5 | RB 1] Throughput = 0.98077 Mbps | SE = 0.02570 bit/s/Hz
65333[UE 5 | RB 1] Throughput = 1.07848 Mbps | SE = 0.02826 bit/s/Hz
65443[UE 5 | RB 1] Throughput = 1.19828 Mbps | SE = 0.03140 bit/s/Hz
65553[UE 5 | RB 1] Throughput = 0.98124 Mbps | SE = 0.02571 bit/s/Hz
65663[UE 5 | RB 1] Throughput = 1.08800 Mbps | SE = 0.02851 bit/s/Hz
65763[UE 5 | RB 1] Throughput = 1.07799 Mbps | SE = 0.02825 bit/s/Hz
65863[UE 5 | RB 1] Throughput = 1.07771 Mbps | SE = 0.02824 bit/s/Hz
65973[UE 5 | RB 1] Throughput = 0.98233 Mbps | SE = 0.02574 bit/s/Hz
66073[UE 5 | RB 1] Throughput = 0.95854 Mbps | SE = 0.02512 bit/s/Hz
66173[UE 5 | RB 1] Throughput = 1.42825 Mbps | SE = 0.03743 bit/s/Hz
66283[UE 5 | RB 1] Throughput = 0.65788 Mbps | SE = 0.01724 bit/s/Hz
66383[UE 5 | RB 1] Throughput = 1.43753 Mbps | SE = 0.03767 bit/s/Hz
66483[UE 5 | RB 1] Throughput = 0.95845 Mbps | SE = 0.02512 bit/s/Hz
66583[UE 5 | RB 1] Throughput = 0.95697 Mbps | SE = 0.02508 bit/s/Hz
66693[UE 5 | RB 1] Throughput = 0.98207 Mbps | SE = 0.02574 bit/s/Hz
66803[UE 5 | RB 1] Throughput = 1.30794 Mbps | SE = 0.03428 bit/s/Hz
66903[UE 5 | RB 1] Throughput = 1.31810 Mbps | SE = 0.03454 bit/s/Hz
67003[UE 5 | RB 1] Throughput = 0.95864 Mbps | SE = 0.02512 bit/s/Hz
67103[UE 5 | RB 1] Throughput = 0.71894 Mbps | SE = 0.01884 bit/s/Hz
67203[UE 5 | RB 1] Throughput = 1.07676 Mbps | SE = 0.02822 bit/s/Hz
67313[UE 5 | RB 1] Throughput = 1.09184 Mbps | SE = 0.02861 bit/s/Hz
67413[UE 5 | RB 1] Throughput = 0.95760 Mbps | SE = 0.02509 bit/s/Hz
67523[UE 5 | RB 1] Throughput = 1.08642 Mbps | SE = 0.02847 bit/s/Hz
67633[UE 5 | RB 1] Throughput = 1.20193 Mbps | SE = 0.03150 bit/s/Hz
67743[UE 5 | RB 1] Throughput = 1.08542 Mbps | SE = 0.02844 bit/s/Hz
67853[UE 5 | RB 1] Throughput = 0.98450 Mbps | SE = 0.02580 bit/s/Hz
67953[UE 5 | RB 1] Throughput = 1.07763 Mbps | SE = 0.02824 bit/s/Hz
68064[UE 5 | RB 1] Throughput = 1.40633 Mbps | SE = 0.03685 bit/s/Hz
68173[UE 5 | RB 1] Throughput = 0.65938 Mbps | SE = 0.01728 bit/s/Hz
68273[UE 5 | RB 1] Throughput = 1.43637 Mbps | SE = 0.03764 bit/s/Hz
68383[UE 5 | RB 1] Throughput = 0.97989 Mbps | SE = 0.02568 bit/s/Hz
68483[UE 5 | RB 1] Throughput = 1.07853 Mbps | SE = 0.02826 bit/s/Hz
68583[UE 5 | RB 1] Throughput = 0.95836 Mbps | SE = 0.02511 bit/s/Hz
68693[UE 5 | RB 1] Throughput = 0.98232 Mbps | SE = 0.02574 bit/s/Hz
68793[UE 5 | RB 1] Throughput = 1.43709 Mbps | SE = 0.03766 bit/s/Hz
68893[UE 5 | RB 1] Throughput = 0.95822 Mbps | SE = 0.02511 bit/s/Hz
69003[UE 5 | RB 1] Throughput = 0.87213 Mbps | SE = 0.02285 bit/s/Hz
69113[UE 5 | RB 1] Throughput = 1.19699 Mbps | SE = 0.03137 bit/s/Hz
69223[UE 5 | RB 1] Throughput = 1.19856 Mbps | SE = 0.03141 bit/s/Hz
69323[UE 5 | RB 1] Throughput = 1.07663 Mbps | SE = 0.02821 bit/s/Hz
69423[UE 5 | RB 1] Throughput = 0.95806 Mbps | SE = 0.02511 bit/s/Hz
69533[UE 5 | RB 1] Throughput = 0.98360 Mbps | SE = 0.02578 bit/s/Hz
69633[UE 5 | RB 1] Throughput = 1.19724 Mbps | SE = 0.03137 bit/s/Hz
69743[UE 5 | RB 1] Throughput = 0.98235 Mbps | SE = 0.02574 bit/s/Hz
69843[UE 5 | RB 1] Throughput = 1.07619 Mbps | SE = 0.02820 bit/s/Hz
69953[UE 5 | RB 1] Throughput = 1.08949 Mbps | SE = 0.02855 bit/s/Hz
70063[UE 5 | RB 1] Throughput = 0.76432 Mbps | SE = 0.02003 bit/s/Hz
70163[UE 5 | RB 1] Throughput = 1.43545 Mbps | SE = 0.03762 bit/s/Hz
70273[UE 5 | RB 1] Throughput = 1.19909 Mbps | SE = 0.03142 bit/s/Hz
70383[UE 5 | RB 1] Throughput = 0.65335 Mbps | SE = 0.01712 bit/s/Hz
70483[UE 5 | RB 1] Throughput = 1.43570 Mbps | SE = 0.03762 bit/s/Hz
70593[UE 5 | RB 1] Throughput = 0.98241 Mbps | SE = 0.02574 bit/s/Hz
70703[UE 5 | RB 1] Throughput = 0.86998 Mbps | SE = 0.02280 bit/s/Hz
70813[UE 5 | RB 1] Throughput = 0.98368 Mbps | SE = 0.02578 bit/s/Hz
70923[UE 5 | RB 1] Throughput = 1.30610 Mbps | SE = 0.03423 bit/s/Hz
71023[UE 5 | RB 1] Throughput = 1.07575 Mbps | SE = 0.02819 bit/s/Hz
71133[UE 5 | RB 1] Throughput = 0.98272 Mbps | SE = 0.02575 bit/s/Hz
71243[UE 5 | RB 1] Throughput = 0.97845 Mbps | SE = 0.02564 bit/s/Hz
71353[UE 5 | RB 1] Throughput = 1.20103 Mbps | SE = 0.03147 bit/s/Hz
71453[UE 5 | RB 1] Throughput = 1.07827 Mbps | SE = 0.02826 bit/s/Hz
71553[UE 5 | RB 1] Throughput = 1.19797 Mbps | SE = 0.03139 bit/s/Hz
71663[UE 5 | RB 1] Throughput = 1.19763 Mbps | SE = 0.03138 bit/s/Hz
71773[UE 5 | RB 1] Throughput = 0.65336 Mbps | SE = 0.01712 bit/s/Hz
71883[UE 5 | RB 1] Throughput = 1.20053 Mbps | SE = 0.03146 bit/s/Hz
71993[UE 5 | RB 1] Throughput = 1.09094 Mbps | SE = 0.02859 bit/s/Hz
72093[UE 5 | RB 1] Throughput = 1.07677 Mbps | SE = 0.02822 bit/s/Hz
72203[UE 5 | RB 1] Throughput = 1.30694 Mbps | SE = 0.03425 bit/s/Hz
72303[UE 5 | RB 1] Throughput = 0.71599 Mbps | SE = 0.01876 bit/s/Hz
72413[UE 5 | RB 1] Throughput = 1.31333 Mbps | SE = 0.03442 bit/s/Hz
72513[UE 5 | RB 1] Throughput = 1.07760 Mbps | SE = 0.02824 bit/s/Hz
72613[UE 5 | RB 1] Throughput = 0.71842 Mbps | SE = 0.01883 bit/s/Hz
72723[UE 5 | RB 1] Throughput = 1.19812 Mbps | SE = 0.03140 bit/s/Hz
72823[UE 5 | RB 1] Throughput = 1.31671 Mbps | SE = 0.03451 bit/s/Hz
72933[UE 5 | RB 1] Throughput = 0.65479 Mbps | SE = 0.01716 bit/s/Hz
73042[UE 5 | RB 1] Throughput = 1.31102 Mbps | SE = 0.03436 bit/s/Hz
73143[UE 5 | RB 1] Throughput = 1.19555 Mbps | SE = 0.03133 bit/s/Hz
73243[UE 5 | RB 1] Throughput = 0.71704 Mbps | SE = 0.01879 bit/s/Hz
73343[UE 5 | RB 1] Throughput = 1.31761 Mbps | SE = 0.03453 bit/s/Hz
73453[UE 5 | RB 1] Throughput = 1.20230 Mbps | SE = 0.03151 bit/s/Hz
73553[UE 5 | RB 1] Throughput = 1.07832 Mbps | SE = 0.02826 bit/s/Hz
73653[UE 5 | RB 1] Throughput = 1.07645 Mbps | SE = 0.02821 bit/s/Hz
73763[UE 5 | RB 1] Throughput = 1.08957 Mbps | SE = 0.02855 bit/s/Hz
73863[UE 5 | RB 1] Throughput = 0.59896 Mbps | SE = 0.01570 bit/s/Hz
73963[UE 5 | RB 1] Throughput = 1.31806 Mbps | SE = 0.03454 bit/s/Hz
74063[UE 5 | RB 1] Throughput = 1.19613 Mbps | SE = 0.03135 bit/s/Hz
74173[UE 5 | RB 1] Throughput = 0.87540 Mbps | SE = 0.02294 bit/s/Hz
74273[UE 5 | RB 1] Throughput = 1.31645 Mbps | SE = 0.03450 bit/s/Hz
74373[UE 5 | RB 1] Throughput = 1.07816 Mbps | SE = 0.02825 bit/s/Hz
74483[UE 5 | RB 1] Throughput = 0.98102 Mbps | SE = 0.02571 bit/s/Hz
74583[UE 5 | RB 1] Throughput = 1.19323 Mbps | SE = 0.03127 bit/s/Hz
74693[UE 5 | RB 1] Throughput = 0.76496 Mbps | SE = 0.02005 bit/s/Hz
74803[UE 5 | RB 1] Throughput = 1.19840 Mbps | SE = 0.03140 bit/s/Hz
74903[UE 5 | RB 1] Throughput = 1.07538 Mbps | SE = 0.02818 bit/s/Hz
75013[UE 5 | RB 1] Throughput = 1.09269 Mbps | SE = 0.02863 bit/s/Hz
75123[UE 5 | RB 1] Throughput = 1.19970 Mbps | SE = 0.03144 bit/s/Hz
75223[UE 5 | RB 1] Throughput = 0.59830 Mbps | SE = 0.01568 bit/s/Hz
75333[UE 5 | RB 1] Throughput = 1.19701 Mbps | SE = 0.03137 bit/s/Hz
75443[UE 5 | RB 1] Throughput = 1.19929 Mbps | SE = 0.03143 bit/s/Hz
75553[UE 5 | RB 1] Throughput = 1.08872 Mbps | SE = 0.02853 bit/s/Hz
75663[UE 5 | RB 1] Throughput = 1.09024 Mbps | SE = 0.02857 bit/s/Hz
75773[UE 5 | RB 1] Throughput = 0.98179 Mbps | SE = 0.02573 bit/s/Hz
75873[UE 5 | RB 1] Throughput = 1.07777 Mbps | SE = 0.02824 bit/s/Hz
75973[UE 5 | RB 1] Throughput = 1.07761 Mbps | SE = 0.02824 bit/s/Hz
76073[UE 5 | RB 1] Throughput = 1.19700 Mbps | SE = 0.03137 bit/s/Hz
76183[UE 5 | RB 1] Throughput = 0.87075 Mbps | SE = 0.02282 bit/s/Hz
76293[UE 5 | RB 1] Throughput = 1.20132 Mbps | SE = 0.03148 bit/s/Hz
76403[UE 5 | RB 1] Throughput = 1.08845 Mbps | SE = 0.02852 bit/s/Hz
76513[UE 5 | RB 1] Throughput = 0.98076 Mbps | SE = 0.02570 bit/s/Hz
76623[UE 5 | RB 1] Throughput = 1.09220 Mbps | SE = 0.02862 bit/s/Hz
76723[UE 5 | RB 1] Throughput = 1.07748 Mbps | SE = 0.02824 bit/s/Hz
76823[UE 5 | RB 1] Throughput = 1.19743 Mbps | SE = 0.03138 bit/s/Hz
76933[UE 5 | RB 1] Throughput = 1.08815 Mbps | SE = 0.02852 bit/s/Hz
77043[UE 5 | RB 1] Throughput = 0.54649 Mbps | SE = 0.01432 bit/s/Hz
77143[UE 5 | RB 1] Throughput = 1.43455 Mbps | SE = 0.03759 bit/s/Hz
77253[UE 5 | RB 1] Throughput = 1.30655 Mbps | SE = 0.03424 bit/s/Hz
77353[UE 5 | RB 1] Throughput = 0.71888 Mbps | SE = 0.01884 bit/s/Hz
77463[UE 5 | RB 1] Throughput = 1.09199 Mbps | SE = 0.02862 bit/s/Hz
77563[UE 5 | RB 1] Throughput = 1.31696 Mbps | SE = 0.03451 bit/s/Hz
77663[UE 5 | RB 1] Throughput = 0.83813 Mbps | SE = 0.02196 bit/s/Hz
77773[UE 5 | RB 1] Throughput = 1.30749 Mbps | SE = 0.03426 bit/s/Hz
77883[UE 5 | RB 1] Throughput = 0.87267 Mbps | SE = 0.02287 bit/s/Hz
77983[UE 5 | RB 1] Throughput = 1.19664 Mbps | SE = 0.03136 bit/s/Hz
78093[UE 5 | RB 1] Throughput = 0.98211 Mbps | SE = 0.02574 bit/s/Hz
78193[UE 5 | RB 1] Throughput = 1.19791 Mbps | SE = 0.03139 bit/s/Hz
78293[UE 5 | RB 1] Throughput = 0.71816 Mbps | SE = 0.01882 bit/s/Hz
78393[UE 5 | RB 1] Throughput = 1.43781 Mbps | SE = 0.03768 bit/s/Hz
78503[UE 5 | RB 1] Throughput = 0.76258 Mbps | SE = 0.01998 bit/s/Hz
78603[UE 5 | RB 1] Throughput = 1.31671 Mbps | SE = 0.03451 bit/s/Hz
78703[UE 5 | RB 1] Throughput = 0.83717 Mbps | SE = 0.02194 bit/s/Hz
78813[UE 5 | RB 1] Throughput = 1.31157 Mbps | SE = 0.03437 bit/s/Hz
78913[UE 5 | RB 1] Throughput = 1.19730 Mbps | SE = 0.03138 bit/s/Hz
79023[UE 5 | RB 1] Throughput = 1.09011 Mbps | SE = 0.02857 bit/s/Hz
79133[UE 5 | RB 1] Throughput = 0.98103 Mbps | SE = 0.02571 bit/s/Hz
79233[UE 5 | RB 1] Throughput = 0.59886 Mbps | SE = 0.01569 bit/s/Hz
79343[UE 5 | RB 1] Throughput = 1.20101 Mbps | SE = 0.03147 bit/s/Hz
79443[UE 5 | RB 1] Throughput = 1.31629 Mbps | SE = 0.03449 bit/s/Hz
79543[UE 5 | RB 1] Throughput = 1.31520 Mbps | SE = 0.03447 bit/s/Hz
79653[UE 5 | RB 1] Throughput = 0.87323 Mbps | SE = 0.02288 bit/s/Hz
79753[UE 5 | RB 1] Throughput = 1.07689 Mbps | SE = 0.02822 bit/s/Hz
79863[UE 5 | RB 1] Throughput = 0.98022 Mbps | SE = 0.02569 bit/s/Hz
79973[UE 5 | RB 1] Throughput = 1.20108 Mbps | SE = 0.03147 bit/s/Hz
80083[UE 5 | RB 1] Throughput = 1.09092 Mbps | SE = 0.02859 bit/s/Hz
80183[UE 5 | RB 1] Throughput = 0.71889 Mbps | SE = 0.01884 bit/s/Hz
80283[UE 5 | RB 1] Throughput = 1.31332 Mbps | SE = 0.03442 bit/s/Hz
80393[UE 5 | RB 1] Throughput = 0.98342 Mbps | SE = 0.02577 bit/s/Hz
80503[UE 5 | RB 1] Throughput = 0.97852 Mbps | SE = 0.02564 bit/s/Hz
80603[UE 5 | RB 1] Throughput = 1.31770 Mbps | SE = 0.03453 bit/s/Hz
80713[UE 5 | RB 1] Throughput = 0.98353 Mbps | SE = 0.02577 bit/s/Hz
80814[UE 5 | RB 1] Throughput = 0.94722 Mbps | SE = 0.02482 bit/s/Hz
80923[UE 5 | RB 1] Throughput = 1.20816 Mbps | SE = 0.03166 bit/s/Hz
81023[UE 5 | RB 1] Throughput = 1.19737 Mbps | SE = 0.03138 bit/s/Hz
81133[UE 5 | RB 1] Throughput = 0.98412 Mbps | SE = 0.02579 bit/s/Hz
81233[UE 5 | RB 1] Throughput = 1.19748 Mbps | SE = 0.03138 bit/s/Hz
81333[UE 5 | RB 1] Throughput = 0.59681 Mbps | SE = 0.01564 bit/s/Hz
81443[UE 5 | RB 1] Throughput = 1.19989 Mbps | SE = 0.03144 bit/s/Hz
81543[UE 5 | RB 1] Throughput = 1.43792 Mbps | SE = 0.03768 bit/s/Hz
81653[UE 5 | RB 1] Throughput = 0.54360 Mbps | SE = 0.01425 bit/s/Hz
81763[UE 5 | RB 1] Throughput = 1.30889 Mbps | SE = 0.03430 bit/s/Hz
81873[UE 5 | RB 1] Throughput = 1.30865 Mbps | SE = 0.03429 bit/s/Hz
81973[UE 5 | RB 1] Throughput = 0.59863 Mbps | SE = 0.01569 bit/s/Hz
82073[UE 5 | RB 1] Throughput = 1.31791 Mbps | SE = 0.03454 bit/s/Hz
82183[UE 5 | RB 1] Throughput = 1.09148 Mbps | SE = 0.02860 bit/s/Hz
82283[UE 5 | RB 1] Throughput = 0.71852 Mbps | SE = 0.01883 bit/s/Hz
82383[UE 5 | RB 1] Throughput = 1.43791 Mbps | SE = 0.03768 bit/s/Hz
82493[UE 5 | RB 1] Throughput = 1.19828 Mbps | SE = 0.03140 bit/s/Hz
82603[UE 5 | RB 1] Throughput = 1.09016 Mbps | SE = 0.02857 bit/s/Hz
82713[UE 5 | RB 1] Throughput = 0.97974 Mbps | SE = 0.02567 bit/s/Hz
82813[UE 5 | RB 1] Throughput = 1.07759 Mbps | SE = 0.02824 bit/s/Hz
82923[UE 5 | RB 1] Throughput = 0.98485 Mbps | SE = 0.02581 bit/s/Hz
83023[UE 5 | RB 1] Throughput = 1.19635 Mbps | SE = 0.03135 bit/s/Hz
83123[UE 5 | RB 1] Throughput = 1.07815 Mbps | SE = 0.02825 bit/s/Hz
83233[UE 5 | RB 1] Throughput = 0.98148 Mbps | SE = 0.02572 bit/s/Hz
83333[UE 5 | RB 1] Throughput = 1.07742 Mbps | SE = 0.02823 bit/s/Hz
83433[UE 5 | RB 1] Throughput = 0.95688 Mbps | SE = 0.02508 bit/s/Hz
83543[UE 5 | RB 1] Throughput = 1.30964 Mbps | SE = 0.03432 bit/s/Hz
83643[UE 5 | RB 1] Throughput = 0.71782 Mbps | SE = 0.01881 bit/s/Hz
83743[UE 5 | RB 1] Throughput = 1.43530 Mbps | SE = 0.03761 bit/s/Hz
83853[UE 5 | RB 1] Throughput = 0.76522 Mbps | SE = 0.02005 bit/s/Hz
83953[UE 5 | RB 1] Throughput = 1.19523 Mbps | SE = 0.03132 bit/s/Hz
84063[UE 5 | RB 1] Throughput = 1.31059 Mbps | SE = 0.03434 bit/s/Hz
84163[UE 5 | RB 1] Throughput = 0.59864 Mbps | SE = 0.01569 bit/s/Hz
84273[UE 5 | RB 1] Throughput = 1.20071 Mbps | SE = 0.03147 bit/s/Hz
84373[UE 5 | RB 1] Throughput = 1.31719 Mbps | SE = 0.03452 bit/s/Hz
84473[UE 5 | RB 1] Throughput = 0.71829 Mbps | SE = 0.01882 bit/s/Hz
84573[UE 5 | RB 1] Throughput = 1.31695 Mbps | SE = 0.03451 bit/s/Hz
84683[UE 5 | RB 1] Throughput = 0.98064 Mbps | SE = 0.02570 bit/s/Hz
84793[UE 5 | RB 1] Throughput = 1.19868 Mbps | SE = 0.03141 bit/s/Hz
84893[UE 5 | RB 1] Throughput = 0.95811 Mbps | SE = 0.02511 bit/s/Hz
85003[UE 5 | RB 1] Throughput = 1.09105 Mbps | SE = 0.02859 bit/s/Hz
85103[UE 5 | RB 1] Throughput = 1.07656 Mbps | SE = 0.02821 bit/s/Hz
85213[UE 5 | RB 1] Throughput = 1.09020 Mbps | SE = 0.02857 bit/s/Hz
85313[UE 5 | RB 1] Throughput = 1.07746 Mbps | SE = 0.02824 bit/s/Hz
85413[UE 5 | RB 1] Throughput = 0.95813 Mbps | SE = 0.02511 bit/s/Hz
85513[UE 5 | RB 1] Throughput = 1.19721 Mbps | SE = 0.03137 bit/s/Hz
85623[UE 5 | RB 1] Throughput = 0.76382 Mbps | SE = 0.02002 bit/s/Hz
85723[UE 5 | RB 1] Throughput = 1.31687 Mbps | SE = 0.03451 bit/s/Hz
85833[UE 5 | RB 1] Throughput = 0.87301 Mbps | SE = 0.02288 bit/s/Hz
85933[UE 5 | RB 1] Throughput = 1.31711 Mbps | SE = 0.03452 bit/s/Hz
86043[UE 5 | RB 1] Throughput = 0.87185 Mbps | SE = 0.02285 bit/s/Hz
86143[UE 5 | RB 1] Throughput = 1.19784 Mbps | SE = 0.03139 bit/s/Hz
86253[UE 5 | RB 1] Throughput = 1.08834 Mbps | SE = 0.02852 bit/s/Hz
86353[UE 5 | RB 1] Throughput = 1.07850 Mbps | SE = 0.02826 bit/s/Hz
86453[UE 5 | RB 1] Throughput = 0.83607 Mbps | SE = 0.02191 bit/s/Hz
86564[UE 5 | RB 1] Throughput = 1.30679 Mbps | SE = 0.03424 bit/s/Hz
86673[UE 5 | RB 1] Throughput = 0.98507 Mbps | SE = 0.02581 bit/s/Hz
86783[UE 5 | RB 1] Throughput = 1.30732 Mbps | SE = 0.03426 bit/s/Hz
86883[UE 5 | RB 1] Throughput = 0.71699 Mbps | SE = 0.01879 bit/s/Hz
86993[UE 5 | RB 1] Throughput = 1.20354 Mbps | SE = 0.03154 bit/s/Hz
87093[UE 5 | RB 1] Throughput = 1.07694 Mbps | SE = 0.02822 bit/s/Hz
87193[UE 5 | RB 1] Throughput = 1.31409 Mbps | SE = 0.03444 bit/s/Hz
87303[UE 5 | RB 1] Throughput = 0.76381 Mbps | SE = 0.02002 bit/s/Hz
87403[UE 5 | RB 1] Throughput = 1.31485 Mbps | SE = 0.03446 bit/s/Hz
87513[UE 5 | RB 1] Throughput = 0.87586 Mbps | SE = 0.02295 bit/s/Hz
87613[UE 5 | RB 1] Throughput = 0.95603 Mbps | SE = 0.02505 bit/s/Hz
87713[UE 5 | RB 1] Throughput = 1.43726 Mbps | SE = 0.03766 bit/s/Hz
87813[UE 5 | RB 1] Throughput = 0.83774 Mbps | SE = 0.02195 bit/s/Hz
87913[UE 5 | RB 1] Throughput = 1.19731 Mbps | SE = 0.03138 bit/s/Hz
88023[UE 5 | RB 1] Throughput = 0.76390 Mbps | SE = 0.02002 bit/s/Hz
88133[UE 5 | RB 1] Throughput = 1.20008 Mbps | SE = 0.03145 bit/s/Hz
88243[UE 5 | RB 1] Throughput = 1.09212 Mbps | SE = 0.02862 bit/s/Hz
88343[UE 5 | RB 1] Throughput = 0.83736 Mbps | SE = 0.02194 bit/s/Hz
88443[UE 5 | RB 1] Throughput = 1.31704 Mbps | SE = 0.03451 bit/s/Hz
88543[UE 5 | RB 1] Throughput = 1.07834 Mbps | SE = 0.02826 bit/s/Hz
88653[UE 5 | RB 1] Throughput = 1.09052 Mbps | SE = 0.02858 bit/s/Hz
88753[UE 5 | RB 1] Throughput = 1.19786 Mbps | SE = 0.03139 bit/s/Hz
88863[UE 5 | RB 1] Throughput = 0.76316 Mbps | SE = 0.02000 bit/s/Hz
88973[UE 5 | RB 1] Throughput = 1.30729 Mbps | SE = 0.03426 bit/s/Hz
89073[UE 5 | RB 1] Throughput = 1.19730 Mbps | SE = 0.03138 bit/s/Hz
89183[UE 5 | RB 1] Throughput = 1.08968 Mbps | SE = 0.02856 bit/s/Hz
89283[UE 5 | RB 1] Throughput = 0.95824 Mbps | SE = 0.02511 bit/s/Hz
89393[UE 5 | RB 1] Throughput = 1.19891 Mbps | SE = 0.03142 bit/s/Hz
89503[UE 5 | RB 1] Throughput = 1.08718 Mbps | SE = 0.02849 bit/s/Hz
89613[UE 5 | RB 1] Throughput = 0.87441 Mbps | SE = 0.02291 bit/s/Hz
89723[UE 5 | RB 1] Throughput = 1.08879 Mbps | SE = 0.02853 bit/s/Hz
89833[UE 5 | RB 1] Throughput = 1.09038 Mbps | SE = 0.02857 bit/s/Hz
89943[UE 5 | RB 1] Throughput = 0.87176 Mbps | SE = 0.02284 bit/s/Hz
[xApp]: E42 RIC_SUBSCRIPTION_DELETE_REQUEST tx RAN_FUNC_ID 144 RIC_REQ_ID 1 
[xApp]: E42 SUBSCRIPTION DELETE RESPONSE rx
[xApp]: E42 RIC_SUBSCRIPTION_DELETE_REQUEST tx RAN_FUNC_ID 144 RIC_REQ_ID 2 
[xApp]: E42 SUBSCRIPTION DELETE RESPONSE rx
[xApp]: E42 RIC_SUBSCRIPTION_DELETE_REQUEST tx RAN_FUNC_ID 144 RIC_REQ_ID 3 
[xApp]: E42 SUBSCRIPTION DELETE RESPONSE rx
[xApp]: Sucessfully stopped 
Test xApp run SUCCESSFULLY
