[UTIL]: Setting the config -c file to /usr/local/etc/flexric/flexric.conf
[UTIL]: Setting path -p for the shared libraries to /usr/local/lib/flexric/
[xAapp]: Initializing ... 
[xApp]: nearRT-RIC IP Address = 192.168.70.150, PORT = 36422
[E2 AGENT]: Opening plugin from path = /usr/local/lib/flexric/libkpm_sm.so 
[E2 AGENT]: Opening plugin from path = /usr/local/lib/flexric/libmac_sm.so 
[E2 AGENT]: Opening plugin from path = /usr/local/lib/flexric/libpdcp_sm.so 
[E2 AGENT]: Opening plugin from path = /usr/local/lib/flexric/libgtp_sm.so 
[E2 AGENT]: Opening plugin from path = /usr/local/lib/flexric/librc_sm.so 
[E2 AGENT]: Opening plugin from path = /usr/local/lib/flexric/libtc_sm.so 
[E2 AGENT]: Opening plugin from path = /usr/local/lib/flexric/librlc_sm.so 
[E2 AGENT]: Opening plugin from path = /usr/local/lib/flexric/libslice_sm.so 
[NEAR-RIC]: Loading SM ID = 2 with def = ORAN-E2SM-KPM 
[NEAR-RIC]: Loading SM ID = 142 with def = MAC_STATS_V0 
[NEAR-RIC]: Loading SM ID = 144 with def = PDCP_STATS_V0 
[NEAR-RIC]: Loading SM ID = 148 with def = GTP_STATS_V0 
[NEAR-RIC]: Loading SM ID = 3 with def = ORAN-E2SM-RC 
[NEAR-RIC]: Loading SM ID = 146 with def = TC_STATS_V0 
[NEAR-RIC]: Loading SM ID = 143 with def = RLC_STATS_V0 
[NEAR-RIC]: Loading SM ID = 145 with def = SLICE_STATS_V0 
[xApp]: DB filename = /tmp/flexric/xapp_db 
 [xApp]: E42 SETUP-REQUEST tx
[xApp]: E42 SETUP-RESPONSE rx 
[xApp]: xApp ID = 108 
[xApp]: Registered E2 Nodes = 3 
Connected E2 nodes = 3
[xAPP] Registered node 0 ran func id = 2 
 [xAPP] Registered node 0 ran func id = 3 
 [xAPP] Registered node 0 ran func id = 142 
 [xAPP] Registered node 0 ran func id = 143 
 [xAPP] Registered node 0 ran func id = 144 
 [xAPP] Registered node 0 ran func id = 145 
 [xAPP] Registered node 0 ran func id = 146 
 [xAPP] Registered node 0 ran func id = 148 
 [xApp]: E42 RIC SUBSCRIPTION REQUEST tx RAN_FUNC_ID 144 RIC_REQ_ID 1 
[xApp]: SUBSCRIPTION RESPONSE rx
[xApp]: Successfully subscribed to RAN_FUNC_ID 144 
[xAPP] Registered node 1 ran func id = 2 
 [xAPP] Registered node 1 ran func id = 3 
 [xAPP] Registered node 1 ran func id = 142 
 [xAPP] Registered node 1 ran func id = 143 
 [xAPP] Registered node 1 ran func id = 144 
 [xAPP] Registered node 1 ran func id = 145 
 [xAPP] Registered node 1 ran func id = 146 
 [xAPP] Registered node 1 ran func id = 148 
 [xApp]: E42 RIC SUBSCRIPTION REQUEST tx RAN_FUNC_ID 144 RIC_REQ_ID 2 
[xApp]: SUBSCRIPTION RESPONSE rx
[xApp]: Successfully subscribed to RAN_FUNC_ID 144 
[xAPP] Registered node 2 ran func id = 2 
 [xAPP] Registered node 2 ran func id = 3 
 [xAPP] Registered node 2 ran func id = 142 
 [xAPP] Registered node 2 ran func id = 143 
 [xAPP] Registered node 2 ran func id = 144 
 [xAPP] Registered node 2 ran func id = 145 
 [xAPP] Registered node 2 ran func id = 146 
 [xAPP] Registered node 2 ran func id = 148 
 [xApp]: E42 RIC SUBSCRIPTION REQUEST tx RAN_FUNC_ID 144 RIC_REQ_ID 3 
[xApp]: SUBSCRIPTION RESPONSE rx
[xApp]: Successfully subscribed to RAN_FUNC_ID 144 
112[UE 5 | RB 1] Throughput = 0.95837 Mbps | SE = 0.02511 bit/s/Hz
212[UE 5 | RB 1] Throughput = 1.07855 Mbps | SE = 0.02826 bit/s/Hz
322[UE 5 | RB 1] Throughput = 0.76308 Mbps | SE = 0.02000 bit/s/Hz
432[UE 5 | RB 1] Throughput = 1.30829 Mbps | SE = 0.03428 bit/s/Hz
532[UE 5 | RB 1] Throughput = 1.19788 Mbps | SE = 0.03139 bit/s/Hz
642[UE 5 | RB 1] Throughput = 1.08816 Mbps | SE = 0.02852 bit/s/Hz
752[UE 5 | RB 1] Throughput = 1.09000 Mbps | SE = 0.02856 bit/s/Hz
852[UE 5 | RB 1] Throughput = 0.95766 Mbps | SE = 0.02510 bit/s/Hz
952[UE 5 | RB 1] Throughput = 0.83879 Mbps | SE = 0.02198 bit/s/Hz
1062[UE 5 | RB 1] Throughput = 1.41974 Mbps | SE = 0.03720 bit/s/Hz
1162[UE 5 | RB 1] Throughput = 0.71783 Mbps | SE = 0.01881 bit/s/Hz
1272[UE 5 | RB 1] Throughput = 1.30666 Mbps | SE = 0.03424 bit/s/Hz
1372[UE 5 | RB 1] Throughput = 0.71847 Mbps | SE = 0.01883 bit/s/Hz
1482[UE 5 | RB 1] Throughput = 1.20175 Mbps | SE = 0.03149 bit/s/Hz
1592[UE 5 | RB 1] Throughput = 1.19829 Mbps | SE = 0.03140 bit/s/Hz
1692[UE 5 | RB 1] Throughput = 0.59784 Mbps | SE = 0.01567 bit/s/Hz
1802[UE 5 | RB 1] Throughput = 1.20158 Mbps | SE = 0.03149 bit/s/Hz
1902[UE 5 | RB 1] Throughput = 1.43565 Mbps | SE = 0.03762 bit/s/Hz
2012[UE 5 | RB 1] Throughput = 1.09154 Mbps | SE = 0.02860 bit/s/Hz
2112[UE 5 | RB 1] Throughput = 1.19836 Mbps | SE = 0.03140 bit/s/Hz
2222[UE 5 | RB 1] Throughput = 0.54592 Mbps | SE = 0.01431 bit/s/Hz
2322[UE 5 | RB 1] Throughput = 1.43063 Mbps | SE = 0.03749 bit/s/Hz
2422[UE 5 | RB 1] Throughput = 0.71834 Mbps | SE = 0.01882 bit/s/Hz
2532[UE 5 | RB 1] Throughput = 1.20031 Mbps | SE = 0.03145 bit/s/Hz
2642[UE 5 | RB 1] Throughput = 1.20019 Mbps | SE = 0.03145 bit/s/Hz
2742[UE 5 | RB 1] Throughput = 1.07830 Mbps | SE = 0.02826 bit/s/Hz
2842[UE 5 | RB 1] Throughput = 1.07670 Mbps | SE = 0.02822 bit/s/Hz
2942[UE 5 | RB 1] Throughput = 1.07748 Mbps | SE = 0.02824 bit/s/Hz
3042[UE 5 | RB 1] Throughput = 1.07831 Mbps | SE = 0.02826 bit/s/Hz
3152[UE 5 | RB 1] Throughput = 0.87137 Mbps | SE = 0.02283 bit/s/Hz
3262[UE 5 | RB 1] Throughput = 1.20098 Mbps | SE = 0.03147 bit/s/Hz
3362[UE 5 | RB 1] Throughput = 0.95662 Mbps | SE = 0.02507 bit/s/Hz
3472[UE 5 | RB 1] Throughput = 1.09064 Mbps | SE = 0.02858 bit/s/Hz
3572[UE 5 | RB 1] Throughput = 1.07843 Mbps | SE = 0.02826 bit/s/Hz
3682[UE 5 | RB 1] Throughput = 1.20147 Mbps | SE = 0.03149 bit/s/Hz
3782[UE 5 | RB 1] Throughput = 1.07740 Mbps | SE = 0.02823 bit/s/Hz
3882[UE 5 | RB 1] Throughput = 0.83779 Mbps | SE = 0.02195 bit/s/Hz
3992[UE 5 | RB 1] Throughput = 1.08968 Mbps | SE = 0.02856 bit/s/Hz
4102[UE 5 | RB 1] Throughput = 0.98118 Mbps | SE = 0.02571 bit/s/Hz
4202[UE 5 | RB 1] Throughput = 1.31650 Mbps | SE = 0.03450 bit/s/Hz
4302[UE 5 | RB 1] Throughput = 1.19761 Mbps | SE = 0.03138 bit/s/Hz
4402[UE 5 | RB 1] Throughput = 0.71885 Mbps | SE = 0.01884 bit/s/Hz
4502[UE 5 | RB 1] Throughput = 1.31728 Mbps | SE = 0.03452 bit/s/Hz
4612[UE 5 | RB 1] Throughput = 1.09214 Mbps | SE = 0.02862 bit/s/Hz
4712[UE 5 | RB 1] Throughput = 1.19834 Mbps | SE = 0.03140 bit/s/Hz
4812[UE 5 | RB 1] Throughput = 0.71849 Mbps | SE = 0.01883 bit/s/Hz
4912[UE 5 | RB 1] Throughput = 1.31663 Mbps | SE = 0.03450 bit/s/Hz
5012[UE 5 | RB 1] Throughput = 0.95861 Mbps | SE = 0.02512 bit/s/Hz
5122[UE 5 | RB 1] Throughput = 1.08752 Mbps | SE = 0.02850 bit/s/Hz
5232[UE 5 | RB 1] Throughput = 0.98508 Mbps | SE = 0.02581 bit/s/Hz
5332[UE 5 | RB 1] Throughput = 1.19584 Mbps | SE = 0.03134 bit/s/Hz
5432[UE 5 | RB 1] Throughput = 1.07580 Mbps | SE = 0.02819 bit/s/Hz
5542[UE 5 | RB 1] Throughput = 0.98390 Mbps | SE = 0.02578 bit/s/Hz
5642[UE 5 | RB 1] Throughput = 0.95569 Mbps | SE = 0.02504 bit/s/Hz
5742[UE 5 | RB 1] Throughput = 1.19797 Mbps | SE = 0.03139 bit/s/Hz
5852[UE 5 | RB 1] Throughput = 0.87416 Mbps | SE = 0.02291 bit/s/Hz
5953[UE 5 | RB 1] Throughput = 1.41697 Mbps | SE = 0.03713 bit/s/Hz
6062[UE 5 | RB 1] Throughput = 0.99242 Mbps | SE = 0.02601 bit/s/Hz
6162[UE 5 | RB 1] Throughput = 1.07856 Mbps | SE = 0.02826 bit/s/Hz
6272[UE 5 | RB 1] Throughput = 1.20137 Mbps | SE = 0.03148 bit/s/Hz
6372[UE 5 | RB 1] Throughput = 1.07790 Mbps | SE = 0.02825 bit/s/Hz
6482[UE 5 | RB 1] Throughput = 1.09010 Mbps | SE = 0.02857 bit/s/Hz
6582[UE 5 | RB 1] Throughput = 0.95680 Mbps | SE = 0.02507 bit/s/Hz
6682[UE 5 | RB 1] Throughput = 0.83796 Mbps | SE = 0.02196 bit/s/Hz
6792[UE 5 | RB 1] Throughput = 1.08976 Mbps | SE = 0.02856 bit/s/Hz
6902[UE 5 | RB 1] Throughput = 1.09128 Mbps | SE = 0.02860 bit/s/Hz
7012[UE 5 | RB 1] Throughput = 1.08888 Mbps | SE = 0.02853 bit/s/Hz
7122[UE 5 | RB 1] Throughput = 1.19778 Mbps | SE = 0.03139 bit/s/Hz
7232[UE 5 | RB 1] Throughput = 0.97877 Mbps | SE = 0.02565 bit/s/Hz
7342[UE 5 | RB 1] Throughput = 0.98135 Mbps | SE = 0.02572 bit/s/Hz
7452[UE 5 | RB 1] Throughput = 1.08969 Mbps | SE = 0.02856 bit/s/Hz
7552[UE 5 | RB 1] Throughput = 1.19657 Mbps | SE = 0.03136 bit/s/Hz
7652[UE 5 | RB 1] Throughput = 1.07814 Mbps | SE = 0.02825 bit/s/Hz
7762[UE 5 | RB 1] Throughput = 0.76406 Mbps | SE = 0.02002 bit/s/Hz
7872[UE 5 | RB 1] Throughput = 1.19903 Mbps | SE = 0.03142 bit/s/Hz
7972[UE 5 | RB 1] Throughput = 1.19815 Mbps | SE = 0.03140 bit/s/Hz
8082[UE 5 | RB 1] Throughput = 1.30468 Mbps | SE = 0.03419 bit/s/Hz
8192[UE 5 | RB 1] Throughput = 1.09414 Mbps | SE = 0.02867 bit/s/Hz
8292[UE 5 | RB 1] Throughput = 0.71721 Mbps | SE = 0.01879 bit/s/Hz
8402[UE 5 | RB 1] Throughput = 1.08932 Mbps | SE = 0.02855 bit/s/Hz
8512[UE 5 | RB 1] Throughput = 1.30909 Mbps | SE = 0.03431 bit/s/Hz
8612[UE 5 | RB 1] Throughput = 0.59876 Mbps | SE = 0.01569 bit/s/Hz
8722[UE 5 | RB 1] Throughput = 1.41806 Mbps | SE = 0.03716 bit/s/Hz
8822[UE 5 | RB 1] Throughput = 0.95837 Mbps | SE = 0.02511 bit/s/Hz
8922[UE 5 | RB 1] Throughput = 0.95849 Mbps | SE = 0.02512 bit/s/Hz
9032[UE 5 | RB 1] Throughput = 1.19579 Mbps | SE = 0.03134 bit/s/Hz
9132[UE 5 | RB 1] Throughput = 0.83882 Mbps | SE = 0.02198 bit/s/Hz
9242[UE 5 | RB 1] Throughput = 1.30826 Mbps | SE = 0.03428 bit/s/Hz
9342[UE 5 | RB 1] Throughput = 1.07746 Mbps | SE = 0.02824 bit/s/Hz
9442[UE 5 | RB 1] Throughput = 0.95803 Mbps | SE = 0.02511 bit/s/Hz
9552[UE 5 | RB 1] Throughput = 0.87338 Mbps | SE = 0.02289 bit/s/Hz
9652[UE 5 | RB 1] Throughput = 1.31711 Mbps | SE = 0.03452 bit/s/Hz
9762[UE 5 | RB 1] Throughput = 1.20277 Mbps | SE = 0.03152 bit/s/Hz
9862[UE 5 | RB 1] Throughput = 0.71827 Mbps | SE = 0.01882 bit/s/Hz
9972[UE 5 | RB 1] Throughput = 1.08851 Mbps | SE = 0.02853 bit/s/Hz
10072[UE 5 | RB 1] Throughput = 1.31414 Mbps | SE = 0.03444 bit/s/Hz
10182[UE 5 | RB 1] Throughput = 0.98341 Mbps | SE = 0.02577 bit/s/Hz
10282[UE 5 | RB 1] Throughput = 1.07510 Mbps | SE = 0.02817 bit/s/Hz
10392[UE 5 | RB 1] Throughput = 1.19784 Mbps | SE = 0.03139 bit/s/Hz
10502[UE 5 | RB 1] Throughput = 1.19995 Mbps | SE = 0.03145 bit/s/Hz
10612[UE 5 | RB 1] Throughput = 0.87207 Mbps | SE = 0.02285 bit/s/Hz
10712[UE 5 | RB 1] Throughput = 1.07827 Mbps | SE = 0.02826 bit/s/Hz
10822[UE 5 | RB 1] Throughput = 0.54462 Mbps | SE = 0.01427 bit/s/Hz
10932[UE 5 | RB 1] Throughput = 1.63353 Mbps | SE = 0.04281 bit/s/Hz
11042[UE 5 | RB 1] Throughput = 0.98113 Mbps | SE = 0.02571 bit/s/Hz
11142[UE 5 | RB 1] Throughput = 1.07836 Mbps | SE = 0.02826 bit/s/Hz
11252[UE 5 | RB 1] Throughput = 0.65410 Mbps | SE = 0.01714 bit/s/Hz
11352[UE 5 | RB 1] Throughput = 1.31634 Mbps | SE = 0.03450 bit/s/Hz
11462[UE 5 | RB 1] Throughput = 1.31019 Mbps | SE = 0.03433 bit/s/Hz
11562[UE 5 | RB 1] Throughput = 1.07831 Mbps | SE = 0.02826 bit/s/Hz
11672[UE 5 | RB 1] Throughput = 1.08910 Mbps | SE = 0.02854 bit/s/Hz
11782[UE 5 | RB 1] Throughput = 0.98256 Mbps | SE = 0.02575 bit/s/Hz
11892[UE 5 | RB 1] Throughput = 1.09042 Mbps | SE = 0.02857 bit/s/Hz
12002[UE 5 | RB 1] Throughput = 0.97787 Mbps | SE = 0.02563 bit/s/Hz
12112[UE 5 | RB 1] Throughput = 1.09147 Mbps | SE = 0.02860 bit/s/Hz
12212[UE 5 | RB 1] Throughput = 0.95739 Mbps | SE = 0.02509 bit/s/Hz
12322[UE 5 | RB 1] Throughput = 1.30795 Mbps | SE = 0.03428 bit/s/Hz
12422[UE 5 | RB 1] Throughput = 0.71883 Mbps | SE = 0.01884 bit/s/Hz
12532[UE 5 | RB 1] Throughput = 1.30609 Mbps | SE = 0.03423 bit/s/Hz
12632[UE 5 | RB 1] Throughput = 0.95776 Mbps | SE = 0.02510 bit/s/Hz
12732[UE 5 | RB 1] Throughput = 1.07836 Mbps | SE = 0.02826 bit/s/Hz
12842[UE 5 | RB 1] Throughput = 1.30871 Mbps | SE = 0.03430 bit/s/Hz
12952[UE 5 | RB 1] Throughput = 0.98005 Mbps | SE = 0.02568 bit/s/Hz
13052[UE 5 | RB 1] Throughput = 1.07805 Mbps | SE = 0.02825 bit/s/Hz
13162[UE 5 | RB 1] Throughput = 0.98445 Mbps | SE = 0.02580 bit/s/Hz
13262[UE 5 | RB 1] Throughput = 1.07427 Mbps | SE = 0.02815 bit/s/Hz
13362[UE 5 | RB 1] Throughput = 0.95675 Mbps | SE = 0.02507 bit/s/Hz
13472[UE 5 | RB 1] Throughput = 1.09091 Mbps | SE = 0.02859 bit/s/Hz
13582[UE 5 | RB 1] Throughput = 1.31145 Mbps | SE = 0.03437 bit/s/Hz
13682[UE 5 | RB 1] Throughput = 1.07602 Mbps | SE = 0.02820 bit/s/Hz
13782[UE 5 | RB 1] Throughput = 0.95729 Mbps | SE = 0.02509 bit/s/Hz
13892[UE 5 | RB 1] Throughput = 1.09014 Mbps | SE = 0.02857 bit/s/Hz
14002[UE 5 | RB 1] Throughput = 1.09158 Mbps | SE = 0.02861 bit/s/Hz
14102[UE 5 | RB 1] Throughput = 0.59913 Mbps | SE = 0.01570 bit/s/Hz
14212[UE 5 | RB 1] Throughput = 1.41547 Mbps | SE = 0.03709 bit/s/Hz
14312[UE 5 | RB 1] Throughput = 1.19610 Mbps | SE = 0.03134 bit/s/Hz
14422[UE 5 | RB 1] Throughput = 1.09056 Mbps | SE = 0.02858 bit/s/Hz
14522[UE 5 | RB 1] Throughput = 0.83793 Mbps | SE = 0.02196 bit/s/Hz
14632[UE 5 | RB 1] Throughput = 1.30830 Mbps | SE = 0.03428 bit/s/Hz
14732[UE 5 | RB 1] Throughput = 0.71800 Mbps | SE = 0.01882 bit/s/Hz
14842[UE 5 | RB 1] Throughput = 1.30854 Mbps | SE = 0.03429 bit/s/Hz
14942[UE 5 | RB 1] Throughput = 0.71843 Mbps | SE = 0.01883 bit/s/Hz
15052[UE 5 | RB 1] Throughput = 1.09065 Mbps | SE = 0.02858 bit/s/Hz
15152[UE 5 | RB 1] Throughput = 1.31742 Mbps | SE = 0.03452 bit/s/Hz
15252[UE 5 | RB 1] Throughput = 0.71783 Mbps | SE = 0.01881 bit/s/Hz
15353[UE 5 | RB 1] Throughput = 1.43594 Mbps | SE = 0.03763 bit/s/Hz
15462[UE 5 | RB 1] Throughput = 1.09222 Mbps | SE = 0.02862 bit/s/Hz
15562[UE 5 | RB 1] Throughput = 0.71881 Mbps | SE = 0.01884 bit/s/Hz
15672[UE 5 | RB 1] Throughput = 1.19700 Mbps | SE = 0.03137 bit/s/Hz
15782[UE 5 | RB 1] Throughput = 1.19940 Mbps | SE = 0.03143 bit/s/Hz
15892[UE 5 | RB 1] Throughput = 1.08961 Mbps | SE = 0.02855 bit/s/Hz
15992[UE 5 | RB 1] Throughput = 0.71806 Mbps | SE = 0.01882 bit/s/Hz
16102[UE 5 | RB 1] Throughput = 1.30909 Mbps | SE = 0.03431 bit/s/Hz
16212[UE 5 | RB 1] Throughput = 1.19915 Mbps | SE = 0.03142 bit/s/Hz
16312[UE 5 | RB 1] Throughput = 1.07602 Mbps | SE = 0.02820 bit/s/Hz
16422[UE 5 | RB 1] Throughput = 1.09168 Mbps | SE = 0.02861 bit/s/Hz
16522[UE 5 | RB 1] Throughput = 0.59908 Mbps | SE = 0.01570 bit/s/Hz
16622[UE 5 | RB 1] Throughput = 1.31819 Mbps | SE = 0.03454 bit/s/Hz
16722[UE 5 | RB 1] Throughput = 1.07704 Mbps | SE = 0.02822 bit/s/Hz
16832[UE 5 | RB 1] Throughput = 1.19816 Mbps | SE = 0.03140 bit/s/Hz
16932[UE 5 | RB 1] Throughput = 0.95847 Mbps | SE = 0.02512 bit/s/Hz
17032[UE 5 | RB 1] Throughput = 1.19839 Mbps | SE = 0.03140 bit/s/Hz
17142[UE 5 | RB 1] Throughput = 0.76361 Mbps | SE = 0.02001 bit/s/Hz
17242[UE 5 | RB 1] Throughput = 1.31745 Mbps | SE = 0.03452 bit/s/Hz
17342[UE 5 | RB 1] Throughput = 0.71824 Mbps | SE = 0.01882 bit/s/Hz
17452[UE 5 | RB 1] Throughput = 1.52722 Mbps | SE = 0.04002 bit/s/Hz
17552[UE 5 | RB 1] Throughput = 0.71890 Mbps | SE = 0.01884 bit/s/Hz
17652[UE 5 | RB 1] Throughput = 1.19804 Mbps | SE = 0.03140 bit/s/Hz
17762[UE 5 | RB 1] Throughput = 1.09050 Mbps | SE = 0.02858 bit/s/Hz
17863[UE 5 | RB 1] Throughput = 0.95285 Mbps | SE = 0.02497 bit/s/Hz
17972[UE 5 | RB 1] Throughput = 1.31398 Mbps | SE = 0.03443 bit/s/Hz
18082[UE 5 | RB 1] Throughput = 0.65498 Mbps | SE = 0.01716 bit/s/Hz
18192[UE 5 | RB 1] Throughput = 1.19716 Mbps | SE = 0.03137 bit/s/Hz
18302[UE 5 | RB 1] Throughput = 1.41557 Mbps | SE = 0.03710 bit/s/Hz
18412[UE 5 | RB 1] Throughput = 0.87199 Mbps | SE = 0.02285 bit/s/Hz
18512[UE 5 | RB 1] Throughput = 1.19733 Mbps | SE = 0.03138 bit/s/Hz
18622[UE 5 | RB 1] Throughput = 0.98243 Mbps | SE = 0.02575 bit/s/Hz
18732[UE 5 | RB 1] Throughput = 1.08773 Mbps | SE = 0.02850 bit/s/Hz
18832[UE 5 | RB 1] Throughput = 1.07787 Mbps | SE = 0.02825 bit/s/Hz
18942[UE 5 | RB 1] Throughput = 0.98260 Mbps | SE = 0.02575 bit/s/Hz
19052[UE 5 | RB 1] Throughput = 1.19522 Mbps | SE = 0.03132 bit/s/Hz
19162[UE 5 | RB 1] Throughput = 1.20236 Mbps | SE = 0.03151 bit/s/Hz
19272[UE 5 | RB 1] Throughput = 0.87088 Mbps | SE = 0.02282 bit/s/Hz
19382[UE 5 | RB 1] Throughput = 1.09028 Mbps | SE = 0.02857 bit/s/Hz
19492[UE 5 | RB 1] Throughput = 1.08912 Mbps | SE = 0.02854 bit/s/Hz
19602[UE 5 | RB 1] Throughput = 0.87308 Mbps | SE = 0.02288 bit/s/Hz
19702[UE 5 | RB 1] Throughput = 1.43782 Mbps | SE = 0.03768 bit/s/Hz
19812[UE 5 | RB 1] Throughput = 0.87158 Mbps | SE = 0.02284 bit/s/Hz
19912[UE 5 | RB 1] Throughput = 0.95832 Mbps | SE = 0.02511 bit/s/Hz
20012[UE 5 | RB 1] Throughput = 1.19718 Mbps | SE = 0.03137 bit/s/Hz
20112[UE 5 | RB 1] Throughput = 0.71655 Mbps | SE = 0.01878 bit/s/Hz
20222[UE 5 | RB 1] Throughput = 1.09349 Mbps | SE = 0.02866 bit/s/Hz
20322[UE 5 | RB 1] Throughput = 1.31595 Mbps | SE = 0.03449 bit/s/Hz
20432[UE 5 | RB 1] Throughput = 1.19753 Mbps | SE = 0.03138 bit/s/Hz
20532[UE 5 | RB 1] Throughput = 0.59808 Mbps | SE = 0.01567 bit/s/Hz
20632[UE 5 | RB 1] Throughput = 1.31779 Mbps | SE = 0.03453 bit/s/Hz
20733[UE 5 | RB 1] Throughput = 1.07842 Mbps | SE = 0.02826 bit/s/Hz
20842[UE 5 | RB 1] Throughput = 1.09071 Mbps | SE = 0.02858 bit/s/Hz
20952[UE 5 | RB 1] Throughput = 1.19867 Mbps | SE = 0.03141 bit/s/Hz
21062[UE 5 | RB 1] Throughput = 0.98145 Mbps | SE = 0.02572 bit/s/Hz
21162[UE 5 | RB 1] Throughput = 1.19719 Mbps | SE = 0.03137 bit/s/Hz
21272[UE 5 | RB 1] Throughput = 1.08847 Mbps | SE = 0.02852 bit/s/Hz
21372[UE 5 | RB 1] Throughput = 1.19804 Mbps | SE = 0.03140 bit/s/Hz
21473[UE 5 | RB 1] Throughput = 0.59886 Mbps | SE = 0.01569 bit/s/Hz
21582[UE 5 | RB 1] Throughput = 1.09414 Mbps | SE = 0.02867 bit/s/Hz
21682[UE 5 | RB 1] Throughput = 1.31481 Mbps | SE = 0.03446 bit/s/Hz
21792[UE 5 | RB 1] Throughput = 1.08856 Mbps | SE = 0.02853 bit/s/Hz
21893[UE 5 | RB 1] Throughput = 1.07753 Mbps | SE = 0.02824 bit/s/Hz
22002[UE 5 | RB 1] Throughput = 1.09266 Mbps | SE = 0.02863 bit/s/Hz
22102[UE 5 | RB 1] Throughput = 0.83877 Mbps | SE = 0.02198 bit/s/Hz
22212[UE 5 | RB 1] Throughput = 1.08793 Mbps | SE = 0.02851 bit/s/Hz
22322[UE 5 | RB 1] Throughput = 1.09039 Mbps | SE = 0.02857 bit/s/Hz
22422[UE 5 | RB 1] Throughput = 1.31586 Mbps | SE = 0.03448 bit/s/Hz
22533[UE 5 | RB 1] Throughput = 1.08727 Mbps | SE = 0.02849 bit/s/Hz
22642[UE 5 | RB 1] Throughput = 1.09346 Mbps | SE = 0.02865 bit/s/Hz
22742[UE 5 | RB 1] Throughput = 0.83797 Mbps | SE = 0.02196 bit/s/Hz
22843[UE 5 | RB 1] Throughput = 1.31646 Mbps | SE = 0.03450 bit/s/Hz
22943[UE 5 | RB 1] Throughput = 0.71887 Mbps | SE = 0.01884 bit/s/Hz
23052[UE 5 | RB 1] Throughput = 1.41709 Mbps | SE = 0.03714 bit/s/Hz
23153[UE 5 | RB 1] Throughput = 0.71745 Mbps | SE = 0.01880 bit/s/Hz
23262[UE 5 | RB 1] Throughput = 1.31193 Mbps | SE = 0.03438 bit/s/Hz
23363[UE 5 | RB 1] Throughput = 0.83630 Mbps | SE = 0.02192 bit/s/Hz
23472[UE 5 | RB 1] Throughput = 1.19970 Mbps | SE = 0.03144 bit/s/Hz
23573[UE 5 | RB 1] Throughput = 1.19629 Mbps | SE = 0.03135 bit/s/Hz
23683[UE 5 | RB 1] Throughput = 0.98175 Mbps | SE = 0.02573 bit/s/Hz
23792[UE 5 | RB 1] Throughput = 0.76353 Mbps | SE = 0.02001 bit/s/Hz
23892[UE 5 | RB 1] Throughput = 1.31815 Mbps | SE = 0.03454 bit/s/Hz
23992[UE 5 | RB 1] Throughput = 0.95871 Mbps | SE = 0.02512 bit/s/Hz
24102[UE 5 | RB 1] Throughput = 1.09110 Mbps | SE = 0.02859 bit/s/Hz
24202[UE 5 | RB 1] Throughput = 1.07688 Mbps | SE = 0.02822 bit/s/Hz
24312[UE 5 | RB 1] Throughput = 1.09038 Mbps | SE = 0.02857 bit/s/Hz
24412[UE 5 | RB 1] Throughput = 1.19736 Mbps | SE = 0.03138 bit/s/Hz
24522[UE 5 | RB 1] Throughput = 1.09062 Mbps | SE = 0.02858 bit/s/Hz
24632[UE 5 | RB 1] Throughput = 0.54547 Mbps | SE = 0.01429 bit/s/Hz
24732[UE 5 | RB 1] Throughput = 1.55334 Mbps | SE = 0.04071 bit/s/Hz
24833[UE 5 | RB 1] Throughput = 1.07493 Mbps | SE = 0.02817 bit/s/Hz
24942[UE 5 | RB 1] Throughput = 0.87375 Mbps | SE = 0.02290 bit/s/Hz
25043[UE 5 | RB 1] Throughput = 1.43746 Mbps | SE = 0.03767 bit/s/Hz
25152[UE 5 | RB 1] Throughput = 0.65456 Mbps | SE = 0.01715 bit/s/Hz
25252[UE 5 | RB 1] Throughput = 1.43686 Mbps | SE = 0.03765 bit/s/Hz
25362[UE 5 | RB 1] Throughput = 1.08908 Mbps | SE = 0.02854 bit/s/Hz
25473[UE 5 | RB 1] Throughput = 0.97767 Mbps | SE = 0.02562 bit/s/Hz
25583[UE 5 | RB 1] Throughput = 1.09230 Mbps | SE = 0.02862 bit/s/Hz
25692[UE 5 | RB 1] Throughput = 0.98285 Mbps | SE = 0.02576 bit/s/Hz
25792[UE 5 | RB 1] Throughput = 1.19601 Mbps | SE = 0.03134 bit/s/Hz
25902[UE 5 | RB 1] Throughput = 0.98269 Mbps | SE = 0.02575 bit/s/Hz
26012[UE 5 | RB 1] Throughput = 1.19835 Mbps | SE = 0.03140 bit/s/Hz
26112[UE 5 | RB 1] Throughput = 0.71788 Mbps | SE = 0.01881 bit/s/Hz
26222[UE 5 | RB 1] Throughput = 1.19982 Mbps | SE = 0.03144 bit/s/Hz
26323[UE 5 | RB 1] Throughput = 1.07558 Mbps | SE = 0.02819 bit/s/Hz
26432[UE 5 | RB 1] Throughput = 0.98247 Mbps | SE = 0.02575 bit/s/Hz
26542[UE 5 | RB 1] Throughput = 1.30846 Mbps | SE = 0.03429 bit/s/Hz
26642[UE 5 | RB 1] Throughput = 0.95771 Mbps | SE = 0.02510 bit/s/Hz
26742[UE 5 | RB 1] Throughput = 0.95748 Mbps | SE = 0.02509 bit/s/Hz
26843[UE 5 | RB 1] Throughput = 1.19649 Mbps | SE = 0.03135 bit/s/Hz
26953[UE 5 | RB 1] Throughput = 0.98139 Mbps | SE = 0.02572 bit/s/Hz
27062[UE 5 | RB 1] Throughput = 1.09231 Mbps | SE = 0.02862 bit/s/Hz
27163[UE 5 | RB 1] Throughput = 0.95594 Mbps | SE = 0.02505 bit/s/Hz
27272[UE 5 | RB 1] Throughput = 1.19984 Mbps | SE = 0.03144 bit/s/Hz
27373[UE 5 | RB 1] Throughput = 1.19645 Mbps | SE = 0.03135 bit/s/Hz
27482[UE 5 | RB 1] Throughput = 0.98256 Mbps | SE = 0.02575 bit/s/Hz
27582[UE 5 | RB 1] Throughput = 1.07713 Mbps | SE = 0.02823 bit/s/Hz
27692[UE 5 | RB 1] Throughput = 1.09001 Mbps | SE = 0.02856 bit/s/Hz
27793[UE 5 | RB 1] Throughput = 1.19565 Mbps | SE = 0.03133 bit/s/Hz
27903[UE 5 | RB 1] Throughput = 0.65438 Mbps | SE = 0.01715 bit/s/Hz
28003[UE 5 | RB 1] Throughput = 1.19760 Mbps | SE = 0.03138 bit/s/Hz
28112[UE 5 | RB 1] Throughput = 1.30907 Mbps | SE = 0.03430 bit/s/Hz
28212[UE 5 | RB 1] Throughput = 0.71862 Mbps | SE = 0.01883 bit/s/Hz
28323[UE 5 | RB 1] Throughput = 1.19688 Mbps | SE = 0.03136 bit/s/Hz
28433[UE 5 | RB 1] Throughput = 1.09038 Mbps | SE = 0.02857 bit/s/Hz
28542[UE 5 | RB 1] Throughput = 0.98331 Mbps | SE = 0.02577 bit/s/Hz
28642[UE 5 | RB 1] Throughput = 1.43639 Mbps | SE = 0.03764 bit/s/Hz
28743[UE 5 | RB 1] Throughput = 0.59822 Mbps | SE = 0.01568 bit/s/Hz
28843[UE 5 | RB 1] Throughput = 1.19426 Mbps | SE = 0.03130 bit/s/Hz
28953[UE 5 | RB 1] Throughput = 1.20214 Mbps | SE = 0.03150 bit/s/Hz
29063[UE 5 | RB 1] Throughput = 1.19682 Mbps | SE = 0.03136 bit/s/Hz
29172[UE 5 | RB 1] Throughput = 0.98463 Mbps | SE = 0.02580 bit/s/Hz
29272[UE 5 | RB 1] Throughput = 0.71779 Mbps | SE = 0.01881 bit/s/Hz
29382[UE 5 | RB 1] Throughput = 1.19732 Mbps | SE = 0.03138 bit/s/Hz
29492[UE 5 | RB 1] Throughput = 1.30887 Mbps | SE = 0.03430 bit/s/Hz
29602[UE 5 | RB 1] Throughput = 1.08885 Mbps | SE = 0.02853 bit/s/Hz
29702[UE 5 | RB 1] Throughput = 0.71887 Mbps | SE = 0.01884 bit/s/Hz
29803[UE 5 | RB 1] Throughput = 1.31564 Mbps | SE = 0.03448 bit/s/Hz
29913[UE 5 | RB 1] Throughput = 0.98147 Mbps | SE = 0.02572 bit/s/Hz
30023[UE 5 | RB 1] Throughput = 1.08884 Mbps | SE = 0.02853 bit/s/Hz
30132[UE 5 | RB 1] Throughput = 0.98188 Mbps | SE = 0.02573 bit/s/Hz
30242[UE 5 | RB 1] Throughput = 1.20023 Mbps | SE = 0.03145 bit/s/Hz
30342[UE 5 | RB 1] Throughput = 1.07655 Mbps | SE = 0.02821 bit/s/Hz
30452[UE 5 | RB 1] Throughput = 1.09023 Mbps | SE = 0.02857 bit/s/Hz
30562[UE 5 | RB 1] Throughput = 0.97985 Mbps | SE = 0.02568 bit/s/Hz
30662[UE 5 | RB 1] Throughput = 1.19779 Mbps | SE = 0.03139 bit/s/Hz
30763[UE 5 | RB 1] Throughput = 0.95851 Mbps | SE = 0.02512 bit/s/Hz
30863[UE 5 | RB 1] Throughput = 1.19687 Mbps | SE = 0.03136 bit/s/Hz
30973[UE 5 | RB 1] Throughput = 0.76340 Mbps | SE = 0.02001 bit/s/Hz
31083[UE 5 | RB 1] Throughput = 1.40617 Mbps | SE = 0.03685 bit/s/Hz
31192[UE 5 | RB 1] Throughput = 1.09854 Mbps | SE = 0.02879 bit/s/Hz
31293[UE 5 | RB 1] Throughput = 0.83573 Mbps | SE = 0.02190 bit/s/Hz
31402[UE 5 | RB 1] Throughput = 0.98373 Mbps | SE = 0.02578 bit/s/Hz
31513[UE 5 | RB 1] Throughput = 1.19672 Mbps | SE = 0.03136 bit/s/Hz
31613[UE 5 | RB 1] Throughput = 1.07850 Mbps | SE = 0.02826 bit/s/Hz
31713[UE 5 | RB 1] Throughput = 0.71705 Mbps | SE = 0.01879 bit/s/Hz
31822[UE 5 | RB 1] Throughput = 1.31316 Mbps | SE = 0.03441 bit/s/Hz
31923[UE 5 | RB 1] Throughput = 1.31373 Mbps | SE = 0.03443 bit/s/Hz
32032[UE 5 | RB 1] Throughput = 0.65530 Mbps | SE = 0.01717 bit/s/Hz
32132[UE 5 | RB 1] Throughput = 1.43808 Mbps | SE = 0.03769 bit/s/Hz
32242[UE 5 | RB 1] Throughput = 0.65492 Mbps | SE = 0.01716 bit/s/Hz
32342[UE 5 | RB 1] Throughput = 1.43535 Mbps | SE = 0.03761 bit/s/Hz
32443[UE 5 | RB 1] Throughput = 0.83543 Mbps | SE = 0.02189 bit/s/Hz
32552[UE 5 | RB 1] Throughput = 1.20635 Mbps | SE = 0.03161 bit/s/Hz
32652[UE 5 | RB 1] Throughput = 1.31430 Mbps | SE = 0.03444 bit/s/Hz
32762[UE 5 | RB 1] Throughput = 0.87141 Mbps | SE = 0.02284 bit/s/Hz
32863[UE 5 | RB 1] Throughput = 1.19449 Mbps | SE = 0.03130 bit/s/Hz
32972[UE 5 | RB 1] Throughput = 0.98391 Mbps | SE = 0.02578 bit/s/Hz
33073[UE 5 | RB 1] Throughput = 0.83772 Mbps | SE = 0.02195 bit/s/Hz
33173[UE 5 | RB 1] Throughput = 1.31633 Mbps | SE = 0.03450 bit/s/Hz
33282[UE 5 | RB 1] Throughput = 1.09200 Mbps | SE = 0.02862 bit/s/Hz
33382[UE 5 | RB 1] Throughput = 1.19760 Mbps | SE = 0.03138 bit/s/Hz
33483[UE 5 | RB 1] Throughput = 0.71847 Mbps | SE = 0.01883 bit/s/Hz
33592[UE 5 | RB 1] Throughput = 1.09053 Mbps | SE = 0.02858 bit/s/Hz
33693[UE 5 | RB 1] Throughput = 1.19653 Mbps | SE = 0.03136 bit/s/Hz
33803[UE 5 | RB 1] Throughput = 0.98069 Mbps | SE = 0.02570 bit/s/Hz
33903[UE 5 | RB 1] Throughput = 1.31603 Mbps | SE = 0.03449 bit/s/Hz
34012[UE 5 | RB 1] Throughput = 0.65542 Mbps | SE = 0.01718 bit/s/Hz
34113[UE 5 | RB 1] Throughput = 1.19584 Mbps | SE = 0.03134 bit/s/Hz
34222[UE 5 | RB 1] Throughput = 1.20080 Mbps | SE = 0.03147 bit/s/Hz
34332[UE 5 | RB 1] Throughput = 1.09158 Mbps | SE = 0.02861 bit/s/Hz
34433[UE 5 | RB 1] Throughput = 1.19484 Mbps | SE = 0.03131 bit/s/Hz
34543[UE 5 | RB 1] Throughput = 1.19821 Mbps | SE = 0.03140 bit/s/Hz
34652[UE 5 | RB 1] Throughput = 0.76315 Mbps | SE = 0.02000 bit/s/Hz
34753[UE 5 | RB 1] Throughput = 1.31673 Mbps | SE = 0.03451 bit/s/Hz
34862[UE 5 | RB 1] Throughput = 1.19951 Mbps | SE = 0.03143 bit/s/Hz
34972[UE 5 | RB 1] Throughput = 0.87360 Mbps | SE = 0.02289 bit/s/Hz
35072[UE 5 | RB 1] Throughput = 0.83739 Mbps | SE = 0.02194 bit/s/Hz
35183[UE 5 | RB 1] Throughput = 1.08813 Mbps | SE = 0.02851 bit/s/Hz
35292[UE 5 | RB 1] Throughput = 1.20167 Mbps | SE = 0.03149 bit/s/Hz
35392[UE 5 | RB 1] Throughput = 1.19650 Mbps | SE = 0.03135 bit/s/Hz
35503[UE 5 | RB 1] Throughput = 0.97881 Mbps | SE = 0.02565 bit/s/Hz
35603[UE 5 | RB 1] Throughput = 1.19833 Mbps | SE = 0.03140 bit/s/Hz
35712[UE 5 | RB 1] Throughput = 0.98338 Mbps | SE = 0.02577 bit/s/Hz
35812[UE 5 | RB 1] Throughput = 1.19830 Mbps | SE = 0.03140 bit/s/Hz
35913[UE 5 | RB 1] Throughput = 0.59709 Mbps | SE = 0.01565 bit/s/Hz
36022[UE 5 | RB 1] Throughput = 1.20162 Mbps | SE = 0.03149 bit/s/Hz
36123[UE 5 | RB 1] Throughput = 1.19508 Mbps | SE = 0.03132 bit/s/Hz
36232[UE 5 | RB 1] Throughput = 1.20042 Mbps | SE = 0.03146 bit/s/Hz
36343[UE 5 | RB 1] Throughput = 0.76124 Mbps | SE = 0.01995 bit/s/Hz
36452[UE 5 | RB 1] Throughput = 1.31048 Mbps | SE = 0.03434 bit/s/Hz
36552[UE 5 | RB 1] Throughput = 1.19693 Mbps | SE = 0.03137 bit/s/Hz
36663[UE 5 | RB 1] Throughput = 0.76096 Mbps | SE = 0.01994 bit/s/Hz
36773[UE 5 | RB 1] Throughput = 1.30761 Mbps | SE = 0.03427 bit/s/Hz
36883[UE 5 | RB 1] Throughput = 0.65218 Mbps | SE = 0.01709 bit/s/Hz
36993[UE 5 | RB 1] Throughput = 1.31212 Mbps | SE = 0.03438 bit/s/Hz
37103[UE 5 | RB 1] Throughput = 1.19784 Mbps | SE = 0.03139 bit/s/Hz
37212[UE 5 | RB 1] Throughput = 1.09202 Mbps | SE = 0.02862 bit/s/Hz
37322[UE 5 | RB 1] Throughput = 1.19759 Mbps | SE = 0.03138 bit/s/Hz
37422[UE 5 | RB 1] Throughput = 0.71866 Mbps | SE = 0.01883 bit/s/Hz
37523[UE 5 | RB 1] Throughput = 1.31074 Mbps | SE = 0.03435 bit/s/Hz
37632[UE 5 | RB 1] Throughput = 1.09582 Mbps | SE = 0.02872 bit/s/Hz
37742[UE 5 | RB 1] Throughput = 0.98198 Mbps | SE = 0.02573 bit/s/Hz
37842[UE 5 | RB 1] Throughput = 0.71741 Mbps | SE = 0.01880 bit/s/Hz
37943[UE 5 | RB 1] Throughput = 1.31674 Mbps | SE = 0.03451 bit/s/Hz
38053[UE 5 | RB 1] Throughput = 1.09035 Mbps | SE = 0.02857 bit/s/Hz
38163[UE 5 | RB 1] Throughput = 1.19787 Mbps | SE = 0.03139 bit/s/Hz
38263[UE 5 | RB 1] Throughput = 0.95855 Mbps | SE = 0.02512 bit/s/Hz
38372[UE 5 | RB 1] Throughput = 0.87258 Mbps | SE = 0.02287 bit/s/Hz
38482[UE 5 | RB 1] Throughput = 1.30742 Mbps | SE = 0.03426 bit/s/Hz
38583[UE 5 | RB 1] Throughput = 0.95621 Mbps | SE = 0.02506 bit/s/Hz
38692[UE 5 | RB 1] Throughput = 0.87405 Mbps | SE = 0.02290 bit/s/Hz
38793[UE 5 | RB 1] Throughput = 1.31550 Mbps | SE = 0.03447 bit/s/Hz
38903[UE 5 | RB 1] Throughput = 1.19563 Mbps | SE = 0.03133 bit/s/Hz
39012[UE 5 | RB 1] Throughput = 0.98427 Mbps | SE = 0.02579 bit/s/Hz
39113[UE 5 | RB 1] Throughput = 0.95734 Mbps | SE = 0.02509 bit/s/Hz
39222[UE 5 | RB 1] Throughput = 1.20045 Mbps | SE = 0.03146 bit/s/Hz
39323[UE 5 | RB 1] Throughput = 0.83537 Mbps | SE = 0.02189 bit/s/Hz
39433[UE 5 | RB 1] Throughput = 1.20123 Mbps | SE = 0.03148 bit/s/Hz
39533[UE 5 | RB 1] Throughput = 0.83840 Mbps | SE = 0.02197 bit/s/Hz
39633[UE 5 | RB 1] Throughput = 1.31816 Mbps | SE = 0.03454 bit/s/Hz
39743[UE 5 | RB 1] Throughput = 1.09037 Mbps | SE = 0.02857 bit/s/Hz
39852[UE 5 | RB 1] Throughput = 0.98255 Mbps | SE = 0.02575 bit/s/Hz
39962[UE 5 | RB 1] Throughput = 1.08869 Mbps | SE = 0.02853 bit/s/Hz
40062[UE 5 | RB 1] Throughput = 0.95868 Mbps | SE = 0.02512 bit/s/Hz
40163[UE 5 | RB 1] Throughput = 1.31638 Mbps | SE = 0.03450 bit/s/Hz
40263[UE 5 | RB 1] Throughput = 0.71793 Mbps | SE = 0.01881 bit/s/Hz
40372[UE 5 | RB 1] Throughput = 1.09295 Mbps | SE = 0.02864 bit/s/Hz
40482[UE 5 | RB 1] Throughput = 1.19813 Mbps | SE = 0.03140 bit/s/Hz
40583[UE 5 | RB 1] Throughput = 1.07590 Mbps | SE = 0.02819 bit/s/Hz
40683[UE 5 | RB 1] Throughput = 1.07761 Mbps | SE = 0.02824 bit/s/Hz
40792[UE 5 | RB 1] Throughput = 1.20044 Mbps | SE = 0.03146 bit/s/Hz
40903[UE 5 | RB 1] Throughput = 1.19675 Mbps | SE = 0.03136 bit/s/Hz
41003[UE 5 | RB 1] Throughput = 0.71810 Mbps | SE = 0.01882 bit/s/Hz
41113[UE 5 | RB 1] Throughput = 1.30883 Mbps | SE = 0.03430 bit/s/Hz
41223[UE 5 | RB 1] Throughput = 0.76303 Mbps | SE = 0.02000 bit/s/Hz
41323[UE 5 | RB 1] Throughput = 1.31652 Mbps | SE = 0.03450 bit/s/Hz
41432[UE 5 | RB 1] Throughput = 1.09219 Mbps | SE = 0.02862 bit/s/Hz
41532[UE 5 | RB 1] Throughput = 1.07814 Mbps | SE = 0.02825 bit/s/Hz
41643[UE 5 | RB 1] Throughput = 0.76235 Mbps | SE = 0.01998 bit/s/Hz
41743[UE 5 | RB 1] Throughput = 1.31808 Mbps | SE = 0.03454 bit/s/Hz
41843[UE 5 | RB 1] Throughput = 1.07712 Mbps | SE = 0.02823 bit/s/Hz
41953[UE 5 | RB 1] Throughput = 1.19996 Mbps | SE = 0.03145 bit/s/Hz
42053[UE 5 | RB 1] Throughput = 1.07728 Mbps | SE = 0.02823 bit/s/Hz
42163[UE 5 | RB 1] Throughput = 1.09052 Mbps | SE = 0.02858 bit/s/Hz
42263[UE 5 | RB 1] Throughput = 1.07761 Mbps | SE = 0.02824 bit/s/Hz
42363[UE 5 | RB 1] Throughput = 0.71872 Mbps | SE = 0.01883 bit/s/Hz
42473[UE 5 | RB 1] Throughput = 1.30884 Mbps | SE = 0.03430 bit/s/Hz
42573[UE 5 | RB 1] Throughput = 0.83853 Mbps | SE = 0.02197 bit/s/Hz
42683[UE 5 | RB 1] Throughput = 1.30751 Mbps | SE = 0.03426 bit/s/Hz
42793[UE 5 | RB 1] Throughput = 1.19900 Mbps | SE = 0.03142 bit/s/Hz
42903[UE 5 | RB 1] Throughput = 0.98016 Mbps | SE = 0.02569 bit/s/Hz
43003[UE 5 | RB 1] Throughput = 0.71491 Mbps | SE = 0.01873 bit/s/Hz
43112[UE 5 | RB 1] Throughput = 1.31531 Mbps | SE = 0.03447 bit/s/Hz
43223[UE 5 | RB 1] Throughput = 0.97952 Mbps | SE = 0.02567 bit/s/Hz
43323[UE 5 | RB 1] Throughput = 1.07708 Mbps | SE = 0.02823 bit/s/Hz
43423[UE 5 | RB 1] Throughput = 1.07153 Mbps | SE = 0.02808 bit/s/Hz
43533[UE 5 | RB 1] Throughput = 1.09808 Mbps | SE = 0.02878 bit/s/Hz
43633[UE 5 | RB 1] Throughput = 1.07791 Mbps | SE = 0.02825 bit/s/Hz
43742[UE 5 | RB 1] Throughput = 0.98161 Mbps | SE = 0.02572 bit/s/Hz
43842[UE 5 | RB 1] Throughput = 1.31820 Mbps | SE = 0.03454 bit/s/Hz
43952[UE 5 | RB 1] Throughput = 0.98104 Mbps | SE = 0.02571 bit/s/Hz
44052[UE 5 | RB 1] Throughput = 1.19803 Mbps | SE = 0.03139 bit/s/Hz
44163[UE 5 | RB 1] Throughput = 1.08835 Mbps | SE = 0.02852 bit/s/Hz
44272[UE 5 | RB 1] Throughput = 0.87194 Mbps | SE = 0.02285 bit/s/Hz
44382[UE 5 | RB 1] Throughput = 0.76298 Mbps | SE = 0.01999 bit/s/Hz
44493[UE 5 | RB 1] Throughput = 1.41486 Mbps | SE = 0.03708 bit/s/Hz
44602[UE 5 | RB 1] Throughput = 1.09058 Mbps | SE = 0.02858 bit/s/Hz
44712[UE 5 | RB 1] Throughput = 1.19902 Mbps | SE = 0.03142 bit/s/Hz
44812[UE 5 | RB 1] Throughput = 1.07810 Mbps | SE = 0.02825 bit/s/Hz
44913[UE 5 | RB 1] Throughput = 0.71798 Mbps | SE = 0.01882 bit/s/Hz
45013[UE 5 | RB 1] Throughput = 1.19614 Mbps | SE = 0.03135 bit/s/Hz
45123[UE 5 | RB 1] Throughput = 1.19948 Mbps | SE = 0.03143 bit/s/Hz
45233[UE 5 | RB 1] Throughput = 0.98175 Mbps | SE = 0.02573 bit/s/Hz
45333[UE 5 | RB 1] Throughput = 1.07836 Mbps | SE = 0.02826 bit/s/Hz
45433[UE 5 | RB 1] Throughput = 1.19713 Mbps | SE = 0.03137 bit/s/Hz
45543[UE 5 | RB 1] Throughput = 0.98044 Mbps | SE = 0.02569 bit/s/Hz
45643[UE 5 | RB 1] Throughput = 0.71738 Mbps | SE = 0.01880 bit/s/Hz
45753[UE 5 | RB 1] Throughput = 1.19942 Mbps | SE = 0.03143 bit/s/Hz
45863[UE 5 | RB 1] Throughput = 1.19942 Mbps | SE = 0.03143 bit/s/Hz
45963[UE 5 | RB 1] Throughput = 0.95738 Mbps | SE = 0.02509 bit/s/Hz
46073[UE 5 | RB 1] Throughput = 1.19922 Mbps | SE = 0.03143 bit/s/Hz
46183[UE 5 | RB 1] Throughput = 1.19916 Mbps | SE = 0.03142 bit/s/Hz
46283[UE 5 | RB 1] Throughput = 0.59720 Mbps | SE = 0.01565 bit/s/Hz
46392[UE 5 | RB 1] Throughput = 1.20474 Mbps | SE = 0.03157 bit/s/Hz
46493[UE 5 | RB 1] Throughput = 1.31598 Mbps | SE = 0.03449 bit/s/Hz
46593[UE 5 | RB 1] Throughput = 0.83765 Mbps | SE = 0.02195 bit/s/Hz
46703[UE 5 | RB 1] Throughput = 0.87110 Mbps | SE = 0.02283 bit/s/Hz
46813[UE 5 | RB 1] Throughput = 1.41979 Mbps | SE = 0.03721 bit/s/Hz
46913[UE 5 | RB 1] Throughput = 0.83734 Mbps | SE = 0.02194 bit/s/Hz
47013[UE 5 | RB 1] Throughput = 1.19824 Mbps | SE = 0.03140 bit/s/Hz
47123[UE 5 | RB 1] Throughput = 1.19799 Mbps | SE = 0.03139 bit/s/Hz
47232[UE 5 | RB 1] Throughput = 0.65552 Mbps | SE = 0.01718 bit/s/Hz
47333[UE 5 | RB 1] Throughput = 1.31732 Mbps | SE = 0.03452 bit/s/Hz
47433[UE 5 | RB 1] Throughput = 1.19632 Mbps | SE = 0.03135 bit/s/Hz
47543[UE 5 | RB 1] Throughput = 0.98169 Mbps | SE = 0.02573 bit/s/Hz
47643[UE 5 | RB 1] Throughput = 1.07782 Mbps | SE = 0.02824 bit/s/Hz
47752[UE 5 | RB 1] Throughput = 1.09136 Mbps | SE = 0.02860 bit/s/Hz
47853[UE 5 | RB 1] Throughput = 0.83675 Mbps | SE = 0.02193 bit/s/Hz
47963[UE 5 | RB 1] Throughput = 1.30574 Mbps | SE = 0.03422 bit/s/Hz
48073[UE 5 | RB 1] Throughput = 0.98205 Mbps | SE = 0.02574 bit/s/Hz
48183[UE 5 | RB 1] Throughput = 0.98022 Mbps | SE = 0.02569 bit/s/Hz
48293[UE 5 | RB 1] Throughput = 1.09069 Mbps | SE = 0.02858 bit/s/Hz
48403[UE 5 | RB 1] Throughput = 1.30662 Mbps | SE = 0.03424 bit/s/Hz
48512[UE 5 | RB 1] Throughput = 0.98205 Mbps | SE = 0.02574 bit/s/Hz
48613[UE 5 | RB 1] Throughput = 1.19781 Mbps | SE = 0.03139 bit/s/Hz
48713[UE 5 | RB 1] Throughput = 0.71898 Mbps | SE = 0.01884 bit/s/Hz
48813[UE 5 | RB 1] Throughput = 1.31594 Mbps | SE = 0.03448 bit/s/Hz
48923[UE 5 | RB 1] Throughput = 1.09084 Mbps | SE = 0.02859 bit/s/Hz
49023[UE 5 | RB 1] Throughput = 0.95717 Mbps | SE = 0.02508 bit/s/Hz
49133[UE 5 | RB 1] Throughput = 1.09001 Mbps | SE = 0.02856 bit/s/Hz
49233[UE 5 | RB 1] Throughput = 1.19762 Mbps | SE = 0.03138 bit/s/Hz
49343[UE 5 | RB 1] Throughput = 0.76300 Mbps | SE = 0.01999 bit/s/Hz
49453[UE 5 | RB 1] Throughput = 1.19815 Mbps | SE = 0.03140 bit/s/Hz
49563[UE 5 | RB 1] Throughput = 1.19409 Mbps | SE = 0.03129 bit/s/Hz
49673[UE 5 | RB 1] Throughput = 1.20178 Mbps | SE = 0.03149 bit/s/Hz
49783[UE 5 | RB 1] Throughput = 1.09115 Mbps | SE = 0.02859 bit/s/Hz
49893[UE 5 | RB 1] Throughput = 0.98020 Mbps | SE = 0.02569 bit/s/Hz
50003[UE 5 | RB 1] Throughput = 0.76353 Mbps | SE = 0.02001 bit/s/Hz
50103[UE 5 | RB 1] Throughput = 1.19797 Mbps | SE = 0.03139 bit/s/Hz
50203[UE 5 | RB 1] Throughput = 1.19609 Mbps | SE = 0.03134 bit/s/Hz
50303[UE 5 | RB 1] Throughput = 0.83877 Mbps | SE = 0.02198 bit/s/Hz
50403[UE 5 | RB 1] Throughput = 1.31792 Mbps | SE = 0.03454 bit/s/Hz
50503[UE 5 | RB 1] Throughput = 0.95869 Mbps | SE = 0.02512 bit/s/Hz
50613[UE 5 | RB 1] Throughput = 1.20128 Mbps | SE = 0.03148 bit/s/Hz
50713[UE 5 | RB 1] Throughput = 0.71872 Mbps | SE = 0.01883 bit/s/Hz
50813[UE 5 | RB 1] Throughput = 1.43807 Mbps | SE = 0.03769 bit/s/Hz
50913[UE 5 | RB 1] Throughput = 0.59811 Mbps | SE = 0.01567 bit/s/Hz
51013[UE 5 | RB 1] Throughput = 1.31665 Mbps | SE = 0.03450 bit/s/Hz
51123[UE 5 | RB 1] Throughput = 1.09134 Mbps | SE = 0.02860 bit/s/Hz
51223[UE 5 | RB 1] Throughput = 1.19833 Mbps | SE = 0.03140 bit/s/Hz
51323[UE 5 | RB 1] Throughput = 1.19569 Mbps | SE = 0.03133 bit/s/Hz
51433[UE 5 | RB 1] Throughput = 0.65504 Mbps | SE = 0.01717 bit/s/Hz
51533[UE 5 | RB 1] Throughput = 1.19745 Mbps | SE = 0.03138 bit/s/Hz
51633[UE 5 | RB 1] Throughput = 1.19838 Mbps | SE = 0.03140 bit/s/Hz
51743[UE 5 | RB 1] Throughput = 1.09015 Mbps | SE = 0.02857 bit/s/Hz
51843[UE 5 | RB 1] Throughput = 0.95589 Mbps | SE = 0.02505 bit/s/Hz
51943[UE 5 | RB 1] Throughput = 0.95821 Mbps | SE = 0.02511 bit/s/Hz
52053[UE 5 | RB 1] Throughput = 1.20181 Mbps | SE = 0.03149 bit/s/Hz
52153[UE 5 | RB 1] Throughput = 1.31806 Mbps | SE = 0.03454 bit/s/Hz
52263[UE 5 | RB 1] Throughput = 0.87208 Mbps | SE = 0.02285 bit/s/Hz
52373[UE 5 | RB 1] Throughput = 0.87090 Mbps | SE = 0.02282 bit/s/Hz
52483[UE 5 | RB 1] Throughput = 1.20068 Mbps | SE = 0.03146 bit/s/Hz
52583[UE 5 | RB 1] Throughput = 1.19753 Mbps | SE = 0.03138 bit/s/Hz
52683[UE 5 | RB 1] Throughput = 0.71595 Mbps | SE = 0.01876 bit/s/Hz
52793[UE 5 | RB 1] Throughput = 1.31285 Mbps | SE = 0.03440 bit/s/Hz
52893[UE 5 | RB 1] Throughput = 1.07689 Mbps | SE = 0.02822 bit/s/Hz
53002[UE 5 | RB 1] Throughput = 1.09338 Mbps | SE = 0.02865 bit/s/Hz
53103[UE 5 | RB 1] Throughput = 1.07416 Mbps | SE = 0.02815 bit/s/Hz
53203[UE 5 | RB 1] Throughput = 1.19763 Mbps | SE = 0.03138 bit/s/Hz
53313[UE 5 | RB 1] Throughput = 0.98230 Mbps | SE = 0.02574 bit/s/Hz
53422[UE 5 | RB 1] Throughput = 0.98184 Mbps | SE = 0.02573 bit/s/Hz
53523[UE 5 | RB 1] Throughput = 1.31550 Mbps | SE = 0.03447 bit/s/Hz
53633[UE 5 | RB 1] Throughput = 0.97955 Mbps | SE = 0.02567 bit/s/Hz
53743[UE 5 | RB 1] Throughput = 0.98230 Mbps | SE = 0.02574 bit/s/Hz
53843[UE 5 | RB 1] Throughput = 1.19750 Mbps | SE = 0.03138 bit/s/Hz
53943[UE 5 | RB 1] Throughput = 0.95682 Mbps | SE = 0.02507 bit/s/Hz
54043[UE 5 | RB 1] Throughput = 1.07786 Mbps | SE = 0.02825 bit/s/Hz
54143[UE 5 | RB 1] Throughput = 1.19787 Mbps | SE = 0.03139 bit/s/Hz
54243[UE 5 | RB 1] Throughput = 0.71770 Mbps | SE = 0.01881 bit/s/Hz
54353[UE 5 | RB 1] Throughput = 1.19979 Mbps | SE = 0.03144 bit/s/Hz
54463[UE 5 | RB 1] Throughput = 1.20010 Mbps | SE = 0.03145 bit/s/Hz
54573[UE 5 | RB 1] Throughput = 0.98354 Mbps | SE = 0.02577 bit/s/Hz
54673[UE 5 | RB 1] Throughput = 1.07845 Mbps | SE = 0.02826 bit/s/Hz
54773[UE 5 | RB 1] Throughput = 0.95867 Mbps | SE = 0.02512 bit/s/Hz
54873[UE 5 | RB 1] Throughput = 1.19488 Mbps | SE = 0.03131 bit/s/Hz
54983[UE 5 | RB 1] Throughput = 1.09126 Mbps | SE = 0.02860 bit/s/Hz
55084[UE 5 | RB 1] Throughput = 1.18813 Mbps | SE = 0.03114 bit/s/Hz
55193[UE 5 | RB 1] Throughput = 0.65853 Mbps | SE = 0.01726 bit/s/Hz
55303[UE 5 | RB 1] Throughput = 1.19862 Mbps | SE = 0.03141 bit/s/Hz
55403[UE 5 | RB 1] Throughput = 1.19731 Mbps | SE = 0.03138 bit/s/Hz
55513[UE 5 | RB 1] Throughput = 0.87286 Mbps | SE = 0.02287 bit/s/Hz
55623[UE 5 | RB 1] Throughput = 1.19817 Mbps | SE = 0.03140 bit/s/Hz
55723[UE 5 | RB 1] Throughput = 1.19761 Mbps | SE = 0.03138 bit/s/Hz
55833[UE 5 | RB 1] Throughput = 1.19911 Mbps | SE = 0.03142 bit/s/Hz
55933[UE 5 | RB 1] Throughput = 0.83822 Mbps | SE = 0.02197 bit/s/Hz
56042[UE 5 | RB 1] Throughput = 1.09200 Mbps | SE = 0.02862 bit/s/Hz
56143[UE 5 | RB 1] Throughput = 1.19800 Mbps | SE = 0.03139 bit/s/Hz
56243[UE 5 | RB 1] Throughput = 0.95501 Mbps | SE = 0.02503 bit/s/Hz
56353[UE 5 | RB 1] Throughput = 1.19894 Mbps | SE = 0.03142 bit/s/Hz
56453[UE 5 | RB 1] Throughput = 0.71836 Mbps | SE = 0.01883 bit/s/Hz
56563[UE 5 | RB 1] Throughput = 1.41629 Mbps | SE = 0.03711 bit/s/Hz
56673[UE 5 | RB 1] Throughput = 0.87238 Mbps | SE = 0.02286 bit/s/Hz
56783[UE 5 | RB 1] Throughput = 1.20025 Mbps | SE = 0.03145 bit/s/Hz
56893[UE 5 | RB 1] Throughput = 0.76234 Mbps | SE = 0.01998 bit/s/Hz
57003[UE 5 | RB 1] Throughput = 1.09072 Mbps | SE = 0.02858 bit/s/Hz
57103[UE 5 | RB 1] Throughput = 1.19732 Mbps | SE = 0.03138 bit/s/Hz
57203[UE 5 | RB 1] Throughput = 1.07676 Mbps | SE = 0.02822 bit/s/Hz
57313[UE 5 | RB 1] Throughput = 1.09059 Mbps | SE = 0.02858 bit/s/Hz
57413[UE 5 | RB 1] Throughput = 0.95746 Mbps | SE = 0.02509 bit/s/Hz
57523[UE 5 | RB 1] Throughput = 1.31043 Mbps | SE = 0.03434 bit/s/Hz
57623[UE 5 | RB 1] Throughput = 1.07702 Mbps | SE = 0.02822 bit/s/Hz
57733[UE 5 | RB 1] Throughput = 1.09056 Mbps | SE = 0.02858 bit/s/Hz
57833[UE 5 | RB 1] Throughput = 1.07678 Mbps | SE = 0.02822 bit/s/Hz
57933[UE 5 | RB 1] Throughput = 1.07627 Mbps | SE = 0.02820 bit/s/Hz
58043[UE 5 | RB 1] Throughput = 1.09075 Mbps | SE = 0.02858 bit/s/Hz
58153[UE 5 | RB 1] Throughput = 0.65412 Mbps | SE = 0.01714 bit/s/Hz
58263[UE 5 | RB 1] Throughput = 1.19670 Mbps | SE = 0.03136 bit/s/Hz
58373[UE 5 | RB 1] Throughput = 1.20101 Mbps | SE = 0.03147 bit/s/Hz
58473[UE 5 | RB 1] Throughput = 0.71633 Mbps | SE = 0.01877 bit/s/Hz
58583[UE 5 | RB 1] Throughput = 1.31060 Mbps | SE = 0.03434 bit/s/Hz
58693[UE 5 | RB 1] Throughput = 1.30806 Mbps | SE = 0.03428 bit/s/Hz
58793[UE 5 | RB 1] Throughput = 0.71708 Mbps | SE = 0.01879 bit/s/Hz
58903[UE 5 | RB 1] Throughput = 1.30989 Mbps | SE = 0.03433 bit/s/Hz
59013[UE 5 | RB 1] Throughput = 1.09163 Mbps | SE = 0.02861 bit/s/Hz
59113[UE 5 | RB 1] Throughput = 1.07497 Mbps | SE = 0.02817 bit/s/Hz
59223[UE 5 | RB 1] Throughput = 0.98299 Mbps | SE = 0.02576 bit/s/Hz
59323[UE 5 | RB 1] Throughput = 0.71850 Mbps | SE = 0.01883 bit/s/Hz
59433[UE 5 | RB 1] Throughput = 1.30571 Mbps | SE = 0.03422 bit/s/Hz
59543[UE 5 | RB 1] Throughput = 1.20111 Mbps | SE = 0.03148 bit/s/Hz
59643[UE 5 | RB 1] Throughput = 0.83535 Mbps | SE = 0.02189 bit/s/Hz
59753[UE 5 | RB 1] Throughput = 1.31158 Mbps | SE = 0.03437 bit/s/Hz
59853[UE 5 | RB 1] Throughput = 1.07832 Mbps | SE = 0.02826 bit/s/Hz
59963[UE 5 | RB 1] Throughput = 0.87142 Mbps | SE = 0.02284 bit/s/Hz
60063[UE 5 | RB 1] Throughput = 1.07827 Mbps | SE = 0.02826 bit/s/Hz
60173[UE 5 | RB 1] Throughput = 1.09028 Mbps | SE = 0.02857 bit/s/Hz
60273[UE 5 | RB 1] Throughput = 1.07672 Mbps | SE = 0.02822 bit/s/Hz
60373[UE 5 | RB 1] Throughput = 1.31770 Mbps | SE = 0.03453 bit/s/Hz
60473[UE 5 | RB 1] Throughput = 0.59861 Mbps | SE = 0.01569 bit/s/Hz
60583[UE 5 | RB 1] Throughput = 1.08983 Mbps | SE = 0.02856 bit/s/Hz
60693[UE 5 | RB 1] Throughput = 1.41815 Mbps | SE = 0.03716 bit/s/Hz
60803[UE 5 | RB 1] Throughput = 1.19893 Mbps | SE = 0.03142 bit/s/Hz
60913[UE 5 | RB 1] Throughput = 0.65497 Mbps | SE = 0.01716 bit/s/Hz
61013[UE 5 | RB 1] Throughput = 1.31575 Mbps | SE = 0.03448 bit/s/Hz
61113[UE 5 | RB 1] Throughput = 1.19808 Mbps | SE = 0.03140 bit/s/Hz
61223[UE 5 | RB 1] Throughput = 0.65366 Mbps | SE = 0.01713 bit/s/Hz
61323[UE 5 | RB 1] Throughput = 1.31644 Mbps | SE = 0.03450 bit/s/Hz
61423[UE 5 | RB 1] Throughput = 1.19541 Mbps | SE = 0.03133 bit/s/Hz
61533[UE 5 | RB 1] Throughput = 0.98446 Mbps | SE = 0.02580 bit/s/Hz
61633[UE 5 | RB 1] Throughput = 1.19822 Mbps | SE = 0.03140 bit/s/Hz
61743[UE 5 | RB 1] Throughput = 1.08748 Mbps | SE = 0.02850 bit/s/Hz
61853[UE 5 | RB 1] Throughput = 0.87190 Mbps | SE = 0.02285 bit/s/Hz
61953[UE 5 | RB 1] Throughput = 1.19804 Mbps | SE = 0.03140 bit/s/Hz
62053[UE 5 | RB 1] Throughput = 0.95710 Mbps | SE = 0.02508 bit/s/Hz
62163[UE 5 | RB 1] Throughput = 1.09210 Mbps | SE = 0.02862 bit/s/Hz
62263[UE 5 | RB 1] Throughput = 1.19552 Mbps | SE = 0.03133 bit/s/Hz
62373[UE 5 | RB 1] Throughput = 0.98140 Mbps | SE = 0.02572 bit/s/Hz
62483[UE 5 | RB 1] Throughput = 1.08980 Mbps | SE = 0.02856 bit/s/Hz
62593[UE 5 | RB 1] Throughput = 0.76373 Mbps | SE = 0.02001 bit/s/Hz
62703[UE 5 | RB 1] Throughput = 1.09001 Mbps | SE = 0.02856 bit/s/Hz
62803[UE 5 | RB 1] Throughput = 1.31442 Mbps | SE = 0.03444 bit/s/Hz
62913[UE 5 | RB 1] Throughput = 1.09176 Mbps | SE = 0.02861 bit/s/Hz
63013[UE 5 | RB 1] Throughput = 0.95577 Mbps | SE = 0.02505 bit/s/Hz
63123[UE 5 | RB 1] Throughput = 1.20187 Mbps | SE = 0.03150 bit/s/Hz
63223[UE 5 | RB 1] Throughput = 0.71849 Mbps | SE = 0.01883 bit/s/Hz
63333[UE 5 | RB 1] Throughput = 1.19971 Mbps | SE = 0.03144 bit/s/Hz
63443[UE 5 | RB 1] Throughput = 1.30716 Mbps | SE = 0.03425 bit/s/Hz
63553[UE 5 | RB 1] Throughput = 0.98079 Mbps | SE = 0.02570 bit/s/Hz
63653[UE 5 | RB 1] Throughput = 0.83765 Mbps | SE = 0.02195 bit/s/Hz
63763[UE 5 | RB 1] Throughput = 1.19719 Mbps | SE = 0.03137 bit/s/Hz
63873[UE 5 | RB 1] Throughput = 1.20120 Mbps | SE = 0.03148 bit/s/Hz
63983[UE 5 | RB 1] Throughput = 0.98013 Mbps | SE = 0.02568 bit/s/Hz
64083[UE 5 | RB 1] Throughput = 1.19423 Mbps | SE = 0.03130 bit/s/Hz
64193[UE 5 | RB 1] Throughput = 0.76545 Mbps | SE = 0.02006 bit/s/Hz
64293[UE 5 | RB 1] Throughput = 1.31489 Mbps | SE = 0.03446 bit/s/Hz
64403[UE 5 | RB 1] Throughput = 0.97903 Mbps | SE = 0.02566 bit/s/Hz
64513[UE 5 | RB 1] Throughput = 0.98191 Mbps | SE = 0.02573 bit/s/Hz
64623[UE 5 | RB 1] Throughput = 1.19946 Mbps | SE = 0.03143 bit/s/Hz
64723[UE 5 | RB 1] Throughput = 0.71796 Mbps | SE = 0.01881 bit/s/Hz
64833[UE 5 | RB 1] Throughput = 1.52703 Mbps | SE = 0.04002 bit/s/Hz
64943[UE 5 | RB 1] Throughput = 0.76107 Mbps | SE = 0.01994 bit/s/Hz
65053[UE 5 | RB 1] Throughput = 0.98194 Mbps | SE = 0.02573 bit/s/Hz
65163[UE 5 | RB 1] Throughput = 1.19632 Mbps | SE = 0.03135 bit/s/Hz
65273[UE 5 | RB 1] Throughput = 1.09325 Mbps | SE = 0.02865 bit/s/Hz
65373[UE 5 | RB 1] Throughput = 1.19731 Mbps | SE = 0.03138 bit/s/Hz
65473[UE 5 | RB 1] Throughput = 1.19739 Mbps | SE = 0.03138 bit/s/Hz
65583[UE 5 | RB 1] Throughput = 0.98305 Mbps | SE = 0.02576 bit/s/Hz
65683[UE 5 | RB 1] Throughput = 0.95429 Mbps | SE = 0.02501 bit/s/Hz
65783[UE 5 | RB 1] Throughput = 1.19786 Mbps | SE = 0.03139 bit/s/Hz
65893[UE 5 | RB 1] Throughput = 0.98403 Mbps | SE = 0.02579 bit/s/Hz
66003[UE 5 | RB 1] Throughput = 1.09021 Mbps | SE = 0.02857 bit/s/Hz
66113[UE 5 | RB 1] Throughput = 0.97890 Mbps | SE = 0.02565 bit/s/Hz
66213[UE 5 | RB 1] Throughput = 1.31623 Mbps | SE = 0.03449 bit/s/Hz
66322[UE 5 | RB 1] Throughput = 0.76621 Mbps | SE = 0.02008 bit/s/Hz
66423[UE 5 | RB 1] Throughput = 1.31472 Mbps | SE = 0.03445 bit/s/Hz
66523[UE 5 | RB 1] Throughput = 1.07708 Mbps | SE = 0.02823 bit/s/Hz
66623[UE 5 | RB 1] Throughput = 0.71900 Mbps | SE = 0.01884 bit/s/Hz
66723[UE 5 | RB 1] Throughput = 1.31644 Mbps | SE = 0.03450 bit/s/Hz
66833[UE 5 | RB 1] Throughput = 1.20010 Mbps | SE = 0.03145 bit/s/Hz
66933[UE 5 | RB 1] Throughput = 0.71868 Mbps | SE = 0.01883 bit/s/Hz
67033[UE 5 | RB 1] Throughput = 1.31652 Mbps | SE = 0.03450 bit/s/Hz
67133[UE 5 | RB 1] Throughput = 1.07818 Mbps | SE = 0.02825 bit/s/Hz
67243[UE 5 | RB 1] Throughput = 0.76269 Mbps | SE = 0.01999 bit/s/Hz
67353[UE 5 | RB 1] Throughput = 1.19964 Mbps | SE = 0.03144 bit/s/Hz
67463[UE 5 | RB 1] Throughput = 1.30764 Mbps | SE = 0.03427 bit/s/Hz
67573[UE 5 | RB 1] Throughput = 0.65428 Mbps | SE = 0.01715 bit/s/Hz
67683[UE 5 | RB 1] Throughput = 1.19945 Mbps | SE = 0.03143 bit/s/Hz
67783[UE 5 | RB 1] Throughput = 1.31602 Mbps | SE = 0.03449 bit/s/Hz
67893[UE 5 | RB 1] Throughput = 1.09298 Mbps | SE = 0.02864 bit/s/Hz
67993[UE 5 | RB 1] Throughput = 0.71699 Mbps | SE = 0.01879 bit/s/Hz
68103[UE 5 | RB 1] Throughput = 1.30698 Mbps | SE = 0.03425 bit/s/Hz
68203[UE 5 | RB 1] Throughput = 1.19626 Mbps | SE = 0.03135 bit/s/Hz
68313[UE 5 | RB 1] Throughput = 0.65474 Mbps | SE = 0.01716 bit/s/Hz
68413[UE 5 | RB 1] Throughput = 1.43670 Mbps | SE = 0.03765 bit/s/Hz
68523[UE 5 | RB 1] Throughput = 1.31140 Mbps | SE = 0.03437 bit/s/Hz
68623[UE 5 | RB 1] Throughput = 0.83449 Mbps | SE = 0.02187 bit/s/Hz
68733[UE 5 | RB 1] Throughput = 1.08983 Mbps | SE = 0.02856 bit/s/Hz
68843[UE 5 | RB 1] Throughput = 1.08930 Mbps | SE = 0.02855 bit/s/Hz
68953[UE 5 | RB 1] Throughput = 1.20124 Mbps | SE = 0.03148 bit/s/Hz
69053[UE 5 | RB 1] Throughput = 0.71900 Mbps | SE = 0.01884 bit/s/Hz
69153[UE 5 | RB 1] Throughput = 1.31705 Mbps | SE = 0.03451 bit/s/Hz
69253[UE 5 | RB 1] Throughput = 0.95821 Mbps | SE = 0.02511 bit/s/Hz
69363[UE 5 | RB 1] Throughput = 0.98105 Mbps | SE = 0.02571 bit/s/Hz
69473[UE 5 | RB 1] Throughput = 0.87080 Mbps | SE = 0.02282 bit/s/Hz
69583[UE 5 | RB 1] Throughput = 1.30868 Mbps | SE = 0.03429 bit/s/Hz
69683[UE 5 | RB 1] Throughput = 1.19832 Mbps | SE = 0.03140 bit/s/Hz
69793[UE 5 | RB 1] Throughput = 1.08733 Mbps | SE = 0.02849 bit/s/Hz
69903[UE 5 | RB 1] Throughput = 1.09273 Mbps | SE = 0.02864 bit/s/Hz
70003[UE 5 | RB 1] Throughput = 0.71708 Mbps | SE = 0.01879 bit/s/Hz
70113[UE 5 | RB 1] Throughput = 1.31123 Mbps | SE = 0.03436 bit/s/Hz
70223[UE 5 | RB 1] Throughput = 0.98107 Mbps | SE = 0.02571 bit/s/Hz
70323[UE 5 | RB 1] Throughput = 1.19327 Mbps | SE = 0.03127 bit/s/Hz
70433[UE 5 | RB 1] Throughput = 1.19995 Mbps | SE = 0.03145 bit/s/Hz
70543[UE 5 | RB 1] Throughput = 0.65578 Mbps | SE = 0.01718 bit/s/Hz
70653[UE 5 | RB 1] Throughput = 1.52475 Mbps | SE = 0.03996 bit/s/Hz
70753[UE 5 | RB 1] Throughput = 0.71709 Mbps | SE = 0.01879 bit/s/Hz
70853[UE 5 | RB 1] Throughput = 1.31623 Mbps | SE = 0.03449 bit/s/Hz
70963[UE 5 | RB 1] Throughput = 0.65360 Mbps | SE = 0.01713 bit/s/Hz
71063[UE 5 | RB 1] Throughput = 1.43690 Mbps | SE = 0.03765 bit/s/Hz
71173[UE 5 | RB 1] Throughput = 0.65588 Mbps | SE = 0.01719 bit/s/Hz
71273[UE 5 | RB 1] Throughput = 1.31550 Mbps | SE = 0.03447 bit/s/Hz
71383[UE 5 | RB 1] Throughput = 1.30899 Mbps | SE = 0.03430 bit/s/Hz
71483[UE 5 | RB 1] Throughput = 0.83728 Mbps | SE = 0.02194 bit/s/Hz
71583[UE 5 | RB 1] Throughput = 1.31620 Mbps | SE = 0.03449 bit/s/Hz
71693[UE 5 | RB 1] Throughput = 0.98400 Mbps | SE = 0.02579 bit/s/Hz
71793[UE 5 | RB 1] Throughput = 0.95520 Mbps | SE = 0.02503 bit/s/Hz
71893[UE 5 | RB 1] Throughput = 1.07856 Mbps | SE = 0.02826 bit/s/Hz
72003[UE 5 | RB 1] Throughput = 1.09331 Mbps | SE = 0.02865 bit/s/Hz
72113[UE 5 | RB 1] Throughput = 1.08962 Mbps | SE = 0.02855 bit/s/Hz
72213[UE 5 | RB 1] Throughput = 1.07843 Mbps | SE = 0.02826 bit/s/Hz
72313[UE 5 | RB 1] Throughput = 0.71775 Mbps | SE = 0.01881 bit/s/Hz
72423[UE 5 | RB 1] Throughput = 1.30961 Mbps | SE = 0.03432 bit/s/Hz
72533[UE 5 | RB 1] Throughput = 1.19850 Mbps | SE = 0.03141 bit/s/Hz
72643[UE 5 | RB 1] Throughput = 1.19626 Mbps | SE = 0.03135 bit/s/Hz
72753[UE 5 | RB 1] Throughput = 0.98189 Mbps | SE = 0.02573 bit/s/Hz
72853[UE 5 | RB 1] Throughput = 0.83664 Mbps | SE = 0.02192 bit/s/Hz
72963[UE 5 | RB 1] Throughput = 1.30820 Mbps | SE = 0.03428 bit/s/Hz
73073[UE 5 | RB 1] Throughput = 0.65362 Mbps | SE = 0.01713 bit/s/Hz
73183[UE 5 | RB 1] Throughput = 1.19969 Mbps | SE = 0.03144 bit/s/Hz
73283[UE 5 | RB 1] Throughput = 1.31783 Mbps | SE = 0.03453 bit/s/Hz
73383[UE 5 | RB 1] Throughput = 0.71815 Mbps | SE = 0.01882 bit/s/Hz
73493[UE 5 | RB 1] Throughput = 1.30561 Mbps | SE = 0.03421 bit/s/Hz
73603[UE 5 | RB 1] Throughput = 0.98325 Mbps | SE = 0.02577 bit/s/Hz
73703[UE 5 | RB 1] Throughput = 1.31579 Mbps | SE = 0.03448 bit/s/Hz
73813[UE 5 | RB 1] Throughput = 0.65432 Mbps | SE = 0.01715 bit/s/Hz
73913[UE 5 | RB 1] Throughput = 1.43756 Mbps | SE = 0.03767 bit/s/Hz
74023[UE 5 | RB 1] Throughput = 0.65346 Mbps | SE = 0.01712 bit/s/Hz
74133[UE 5 | RB 1] Throughput = 1.30784 Mbps | SE = 0.03427 bit/s/Hz
74243[UE 5 | RB 1] Throughput = 1.30700 Mbps | SE = 0.03425 bit/s/Hz
74343[UE 5 | RB 1] Throughput = 0.71862 Mbps | SE = 0.01883 bit/s/Hz
74453[UE 5 | RB 1] Throughput = 1.20044 Mbps | SE = 0.03146 bit/s/Hz
74553[UE 5 | RB 1] Throughput = 1.19818 Mbps | SE = 0.03140 bit/s/Hz
74653[UE 5 | RB 1] Throughput = 0.95774 Mbps | SE = 0.02510 bit/s/Hz
74753[UE 5 | RB 1] Throughput = 1.31577 Mbps | SE = 0.03448 bit/s/Hz
74863[UE 5 | RB 1] Throughput = 0.65437 Mbps | SE = 0.01715 bit/s/Hz
74963[UE 5 | RB 1] Throughput = 1.31752 Mbps | SE = 0.03453 bit/s/Hz
75073[UE 5 | RB 1] Throughput = 1.20152 Mbps | SE = 0.03149 bit/s/Hz
75173[UE 5 | RB 1] Throughput = 0.59861 Mbps | SE = 0.01569 bit/s/Hz
75273[UE 5 | RB 1] Throughput = 1.31736 Mbps | SE = 0.03452 bit/s/Hz
75383[UE 5 | RB 1] Throughput = 1.09099 Mbps | SE = 0.02859 bit/s/Hz
75493[UE 5 | RB 1] Throughput = 1.08879 Mbps | SE = 0.02853 bit/s/Hz
75593[UE 5 | RB 1] Throughput = 1.31774 Mbps | SE = 0.03453 bit/s/Hz
75703[UE 5 | RB 1] Throughput = 0.65405 Mbps | SE = 0.01714 bit/s/Hz
75813[UE 5 | RB 1] Throughput = 0.98221 Mbps | SE = 0.02574 bit/s/Hz
75923[UE 5 | RB 1] Throughput = 1.30760 Mbps | SE = 0.03427 bit/s/Hz
76033[UE 5 | RB 1] Throughput = 0.98030 Mbps | SE = 0.02569 bit/s/Hz
76133[UE 5 | RB 1] Throughput = 1.19840 Mbps | SE = 0.03140 bit/s/Hz
76243[UE 5 | RB 1] Throughput = 1.19828 Mbps | SE = 0.03140 bit/s/Hz
76343[UE 5 | RB 1] Throughput = 0.71903 Mbps | SE = 0.01884 bit/s/Hz
76443[UE 5 | RB 1] Throughput = 1.43603 Mbps | SE = 0.03763 bit/s/Hz
76543[UE 5 | RB 1] Throughput = 1.07650 Mbps | SE = 0.02821 bit/s/Hz
76653[UE 5 | RB 1] Throughput = 0.87476 Mbps | SE = 0.02292 bit/s/Hz
76753[UE 5 | RB 1] Throughput = 1.07636 Mbps | SE = 0.02821 bit/s/Hz
76863[UE 5 | RB 1] Throughput = 1.30663 Mbps | SE = 0.03424 bit/s/Hz
76963[UE 5 | RB 1] Throughput = 0.71821 Mbps | SE = 0.01882 bit/s/Hz
77073[UE 5 | RB 1] Throughput = 1.19959 Mbps | SE = 0.03144 bit/s/Hz
77173[UE 5 | RB 1] Throughput = 1.31566 Mbps | SE = 0.03448 bit/s/Hz
77283[UE 5 | RB 1] Throughput = 0.87329 Mbps | SE = 0.02288 bit/s/Hz
77383[UE 5 | RB 1] Throughput = 0.95805 Mbps | SE = 0.02511 bit/s/Hz
77493[UE 5 | RB 1] Throughput = 1.30527 Mbps | SE = 0.03421 bit/s/Hz
77603[UE 5 | RB 1] Throughput = 0.54599 Mbps | SE = 0.01431 bit/s/Hz
77703[UE 5 | RB 1] Throughput = 1.43682 Mbps | SE = 0.03765 bit/s/Hz
77803[UE 5 | RB 1] Throughput = 1.19635 Mbps | SE = 0.03135 bit/s/Hz
77913[UE 5 | RB 1] Throughput = 1.19718 Mbps | SE = 0.03137 bit/s/Hz
78023[UE 5 | RB 1] Throughput = 0.87256 Mbps | SE = 0.02287 bit/s/Hz
78133[UE 5 | RB 1] Throughput = 1.19957 Mbps | SE = 0.03144 bit/s/Hz
78243[UE 5 | RB 1] Throughput = 0.76422 Mbps | SE = 0.02003 bit/s/Hz
78343[UE 5 | RB 1] Throughput = 0.71758 Mbps | SE = 0.01880 bit/s/Hz
78453[UE 5 | RB 1] Throughput = 1.52478 Mbps | SE = 0.03996 bit/s/Hz
78553[UE 5 | RB 1] Throughput = 0.83886 Mbps | SE = 0.02198 bit/s/Hz
78663[UE 5 | RB 1] Throughput = 1.08796 Mbps | SE = 0.02851 bit/s/Hz
78773[UE 5 | RB 1] Throughput = 1.30579 Mbps | SE = 0.03422 bit/s/Hz
78883[UE 5 | RB 1] Throughput = 1.09289 Mbps | SE = 0.02864 bit/s/Hz
78993[UE 5 | RB 1] Throughput = 1.20000 Mbps | SE = 0.03145 bit/s/Hz
79093[UE 5 | RB 1] Throughput = 0.71859 Mbps | SE = 0.01883 bit/s/Hz
79193[UE 5 | RB 1] Throughput = 1.31623 Mbps | SE = 0.03449 bit/s/Hz
79293[UE 5 | RB 1] Throughput = 1.07801 Mbps | SE = 0.02825 bit/s/Hz
79393[UE 5 | RB 1] Throughput = 0.83831 Mbps | SE = 0.02197 bit/s/Hz
79493[UE 5 | RB 1] Throughput = 1.19659 Mbps | SE = 0.03136 bit/s/Hz
79603[UE 5 | RB 1] Throughput = 1.20202 Mbps | SE = 0.03150 bit/s/Hz
79703[UE 5 | RB 1] Throughput = 0.95870 Mbps | SE = 0.02512 bit/s/Hz
79803[UE 5 | RB 1] Throughput = 1.19757 Mbps | SE = 0.03138 bit/s/Hz
79903[UE 5 | RB 1] Throughput = 1.07816 Mbps | SE = 0.02825 bit/s/Hz
80013[UE 5 | RB 1] Throughput = 0.98127 Mbps | SE = 0.02571 bit/s/Hz
80113[UE 5 | RB 1] Throughput = 1.07818 Mbps | SE = 0.02825 bit/s/Hz
80223[UE 5 | RB 1] Throughput = 0.98221 Mbps | SE = 0.02574 bit/s/Hz
80323[UE 5 | RB 1] Throughput = 0.83742 Mbps | SE = 0.02195 bit/s/Hz
80423[UE 5 | RB 1] Throughput = 1.19750 Mbps | SE = 0.03138 bit/s/Hz
80533[UE 5 | RB 1] Throughput = 1.08917 Mbps | SE = 0.02854 bit/s/Hz
80643[UE 5 | RB 1] Throughput = 1.30998 Mbps | SE = 0.03433 bit/s/Hz
80743[UE 5 | RB 1] Throughput = 0.71836 Mbps | SE = 0.01883 bit/s/Hz
80853[UE 5 | RB 1] Throughput = 1.19884 Mbps | SE = 0.03142 bit/s/Hz
80963[UE 5 | RB 1] Throughput = 1.08862 Mbps | SE = 0.02853 bit/s/Hz
81063[UE 5 | RB 1] Throughput = 1.07719 Mbps | SE = 0.02823 bit/s/Hz
81173[UE 5 | RB 1] Throughput = 1.19929 Mbps | SE = 0.03143 bit/s/Hz
81273[UE 5 | RB 1] Throughput = 0.71854 Mbps | SE = 0.01883 bit/s/Hz
81383[UE 5 | RB 1] Throughput = 1.20210 Mbps | SE = 0.03150 bit/s/Hz
81483[UE 5 | RB 1] Throughput = 0.83654 Mbps | SE = 0.02192 bit/s/Hz
81593[UE 5 | RB 1] Throughput = 1.19850 Mbps | SE = 0.03141 bit/s/Hz
81703[UE 5 | RB 1] Throughput = 1.08813 Mbps | SE = 0.02851 bit/s/Hz
81813[UE 5 | RB 1] Throughput = 1.09149 Mbps | SE = 0.02860 bit/s/Hz
81923[UE 5 | RB 1] Throughput = 1.20095 Mbps | SE = 0.03147 bit/s/Hz
82023[UE 5 | RB 1] Throughput = 0.95748 Mbps | SE = 0.02509 bit/s/Hz
82123[UE 5 | RB 1] Throughput = 1.19806 Mbps | SE = 0.03140 bit/s/Hz
82233[UE 5 | RB 1] Throughput = 0.98010 Mbps | SE = 0.02568 bit/s/Hz
82333[UE 5 | RB 1] Throughput = 1.07772 Mbps | SE = 0.02824 bit/s/Hz
82443[UE 5 | RB 1] Throughput = 1.09026 Mbps | SE = 0.02857 bit/s/Hz
82553[UE 5 | RB 1] Throughput = 1.19716 Mbps | SE = 0.03137 bit/s/Hz
82663[UE 5 | RB 1] Throughput = 1.09164 Mbps | SE = 0.02861 bit/s/Hz
82763[UE 5 | RB 1] Throughput = 0.71778 Mbps | SE = 0.01881 bit/s/Hz
82873[UE 5 | RB 1] Throughput = 1.30615 Mbps | SE = 0.03423 bit/s/Hz
82983[UE 5 | RB 1] Throughput = 0.87014 Mbps | SE = 0.02280 bit/s/Hz
83084[UE 5 | RB 1] Throughput = 1.07756 Mbps | SE = 0.02824 bit/s/Hz
83193[UE 5 | RB 1] Throughput = 1.09289 Mbps | SE = 0.02864 bit/s/Hz
83303[UE 5 | RB 1] Throughput = 1.09270 Mbps | SE = 0.02863 bit/s/Hz
83403[UE 5 | RB 1] Throughput = 1.07448 Mbps | SE = 0.02816 bit/s/Hz
83513[UE 5 | RB 1] Throughput = 1.19996 Mbps | SE = 0.03145 bit/s/Hz
83623[UE 5 | RB 1] Throughput = 0.87232 Mbps | SE = 0.02286 bit/s/Hz
83723[UE 5 | RB 1] Throughput = 1.19718 Mbps | SE = 0.03137 bit/s/Hz
83823[UE 5 | RB 1] Throughput = 0.95723 Mbps | SE = 0.02508 bit/s/Hz
83933[UE 5 | RB 1] Throughput = 1.09083 Mbps | SE = 0.02859 bit/s/Hz
84033[UE 5 | RB 1] Throughput = 1.31394 Mbps | SE = 0.03443 bit/s/Hz
84143[UE 5 | RB 1] Throughput = 1.09387 Mbps | SE = 0.02867 bit/s/Hz
84243[UE 5 | RB 1] Throughput = 0.71543 Mbps | SE = 0.01875 bit/s/Hz
84353[UE 5 | RB 1] Throughput = 1.20258 Mbps | SE = 0.03151 bit/s/Hz
84453[UE 5 | RB 1] Throughput = 1.07690 Mbps | SE = 0.02822 bit/s/Hz
84563[UE 5 | RB 1] Throughput = 1.08840 Mbps | SE = 0.02852 bit/s/Hz
84673[UE 5 | RB 1] Throughput = 1.20121 Mbps | SE = 0.03148 bit/s/Hz
84783[UE 5 | RB 1] Throughput = 0.65396 Mbps | SE = 0.01714 bit/s/Hz
84883[UE 5 | RB 1] Throughput = 1.19769 Mbps | SE = 0.03139 bit/s/Hz
84993[UE 5 | RB 1] Throughput = 1.09140 Mbps | SE = 0.02860 bit/s/Hz
85093[UE 5 | RB 1] Throughput = 1.19683 Mbps | SE = 0.03136 bit/s/Hz
85193[UE 5 | RB 1] Throughput = 1.07702 Mbps | SE = 0.02822 bit/s/Hz
85303[UE 5 | RB 1] Throughput = 1.09027 Mbps | SE = 0.02857 bit/s/Hz
85403[UE 5 | RB 1] Throughput = 0.95698 Mbps | SE = 0.02508 bit/s/Hz
85513[UE 5 | RB 1] Throughput = 0.98170 Mbps | SE = 0.02573 bit/s/Hz
85623[UE 5 | RB 1] Throughput = 1.41464 Mbps | SE = 0.03707 bit/s/Hz
85733[UE 5 | RB 1] Throughput = 1.09022 Mbps | SE = 0.02857 bit/s/Hz
85833[UE 5 | RB 1] Throughput = 0.71889 Mbps | SE = 0.01884 bit/s/Hz
85943[UE 5 | RB 1] Throughput = 0.98087 Mbps | SE = 0.02570 bit/s/Hz
86053[UE 5 | RB 1] Throughput = 1.08842 Mbps | SE = 0.02852 bit/s/Hz
86163[UE 5 | RB 1] Throughput = 1.31079 Mbps | SE = 0.03435 bit/s/Hz
86273[UE 5 | RB 1] Throughput = 1.19585 Mbps | SE = 0.03134 bit/s/Hz
86383[UE 5 | RB 1] Throughput = 1.08992 Mbps | SE = 0.02856 bit/s/Hz
86494[UE 5 | RB 1] Throughput = 1.07881 Mbps | SE = 0.02827 bit/s/Hz
86603[UE 5 | RB 1] Throughput = 0.65967 Mbps | SE = 0.01729 bit/s/Hz
86703[UE 5 | RB 1] Throughput = 1.43782 Mbps | SE = 0.03768 bit/s/Hz
86813[UE 5 | RB 1] Throughput = 1.19972 Mbps | SE = 0.03144 bit/s/Hz
86913[UE 5 | RB 1] Throughput = 0.71801 Mbps | SE = 0.01882 bit/s/Hz
87023[UE 5 | RB 1] Throughput = 1.30892 Mbps | SE = 0.03430 bit/s/Hz
87123[UE 5 | RB 1] Throughput = 0.95819 Mbps | SE = 0.02511 bit/s/Hz
87233[UE 5 | RB 1] Throughput = 1.19929 Mbps | SE = 0.03143 bit/s/Hz
87333[UE 5 | RB 1] Throughput = 0.71880 Mbps | SE = 0.01884 bit/s/Hz
87443[UE 5 | RB 1] Throughput = 0.97958 Mbps | SE = 0.02567 bit/s/Hz
87553[UE 5 | RB 1] Throughput = 1.19973 Mbps | SE = 0.03144 bit/s/Hz
87663[UE 5 | RB 1] Throughput = 1.19902 Mbps | SE = 0.03142 bit/s/Hz
87763[UE 5 | RB 1] Throughput = 0.59858 Mbps | SE = 0.01569 bit/s/Hz
87863[UE 5 | RB 1] Throughput = 1.31624 Mbps | SE = 0.03449 bit/s/Hz
87973[UE 5 | RB 1] Throughput = 0.98236 Mbps | SE = 0.02574 bit/s/Hz
88073[UE 5 | RB 1] Throughput = 1.19707 Mbps | SE = 0.03137 bit/s/Hz
88183[UE 5 | RB 1] Throughput = 1.08917 Mbps | SE = 0.02854 bit/s/Hz
88293[UE 5 | RB 1] Throughput = 1.19861 Mbps | SE = 0.03141 bit/s/Hz
88403[UE 5 | RB 1] Throughput = 0.98269 Mbps | SE = 0.02575 bit/s/Hz
88503[UE 5 | RB 1] Throughput = 1.19503 Mbps | SE = 0.03132 bit/s/Hz
88603[UE 5 | RB 1] Throughput = 0.71880 Mbps | SE = 0.01884 bit/s/Hz
88713[UE 5 | RB 1] Throughput = 1.19968 Mbps | SE = 0.03144 bit/s/Hz
88823[UE 5 | RB 1] Throughput = 1.19911 Mbps | SE = 0.03142 bit/s/Hz
88923[UE 5 | RB 1] Throughput = 0.83798 Mbps | SE = 0.02196 bit/s/Hz
89033[UE 5 | RB 1] Throughput = 1.30839 Mbps | SE = 0.03429 bit/s/Hz
89133[UE 5 | RB 1] Throughput = 0.59815 Mbps | SE = 0.01567 bit/s/Hz
89243[UE 5 | RB 1] Throughput = 1.19830 Mbps | SE = 0.03140 bit/s/Hz
89353[UE 5 | RB 1] Throughput = 1.09088 Mbps | SE = 0.02859 bit/s/Hz
89463[UE 5 | RB 1] Throughput = 1.19722 Mbps | SE = 0.03137 bit/s/Hz
89563[UE 5 | RB 1] Throughput = 1.19793 Mbps | SE = 0.03139 bit/s/Hz
89673[UE 5 | RB 1] Throughput = 0.98068 Mbps | SE = 0.02570 bit/s/Hz
89773[UE 5 | RB 1] Throughput = 1.07813 Mbps | SE = 0.02825 bit/s/Hz
89883[UE 5 | RB 1] Throughput = 1.09223 Mbps | SE = 0.02862 bit/s/Hz
89983[UE 5 | RB 1] Throughput = 1.31778 Mbps | SE = 0.03453 bit/s/Hz
[xApp]: E42 RIC_SUBSCRIPTION_DELETE_REQUEST tx RAN_FUNC_ID 144 RIC_REQ_ID 1 
[xApp]: E42 SUBSCRIPTION DELETE RESPONSE rx
[xApp]: E42 RIC_SUBSCRIPTION_DELETE_REQUEST tx RAN_FUNC_ID 144 RIC_REQ_ID 2 
[xApp]: E42 SUBSCRIPTION DELETE RESPONSE rx
[xApp]: E42 RIC_SUBSCRIPTION_DELETE_REQUEST tx RAN_FUNC_ID 144 RIC_REQ_ID 3 
[xApp]: E42 SUBSCRIPTION DELETE RESPONSE rx
[xApp]: Sucessfully stopped 
Test xApp run SUCCESSFULLY
