[UTIL]: Setting the config -c file to /usr/local/etc/flexric/flexric.conf
[UTIL]: Setting path -p for the shared libraries to /usr/local/lib/flexric/
[xAapp]: Initializing ... 
[xApp]: nearRT-RIC IP Address = 192.168.70.150, PORT = 36422
[E2 AGENT]: Opening plugin from path = /usr/local/lib/flexric/libkpm_sm.so 
[E2 AGENT]: Opening plugin from path = /usr/local/lib/flexric/libmac_sm.so 
[E2 AGENT]: Opening plugin from path = /usr/local/lib/flexric/libpdcp_sm.so 
[E2 AGENT]: Opening plugin from path = /usr/local/lib/flexric/libgtp_sm.so 
[E2 AGENT]: Opening plugin from path = /usr/local/lib/flexric/librc_sm.so 
[E2 AGENT]: Opening plugin from path = /usr/local/lib/flexric/libtc_sm.so 
[E2 AGENT]: Opening plugin from path = /usr/local/lib/flexric/librlc_sm.so 
[E2 AGENT]: Opening plugin from path = /usr/local/lib/flexric/libslice_sm.so 
[NEAR-RIC]: Loading SM ID = 2 with def = ORAN-E2SM-KPM 
[NEAR-RIC]: Loading SM ID = 142 with def = MAC_STATS_V0 
[NEAR-RIC]: Loading SM ID = 144 with def = PDCP_STATS_V0 
[NEAR-RIC]: Loading SM ID = 148 with def = GTP_STATS_V0 
[NEAR-RIC]: Loading SM ID = 3 with def = ORAN-E2SM-RC 
[NEAR-RIC]: Loading SM ID = 146 with def = TC_STATS_V0 
[NEAR-RIC]: Loading SM ID = 143 with def = RLC_STATS_V0 
[NEAR-RIC]: Loading SM ID = 145 with def = SLICE_STATS_V0 
[xApp]: DB filename = /tmp/flexric/xapp_db 
 [xApp]: E42 SETUP-REQUEST tx
[xApp]: E42 SETUP-RESPONSE rx 
[xApp]: xApp ID = 80 
[xApp]: Registered E2 Nodes = 3 
Connected E2 nodes = 3
[xAPP] Registered node 0 ran func id = 2 
 [xAPP] Registered node 0 ran func id = 3 
 [xAPP] Registered node 0 ran func id = 142 
 [xAPP] Registered node 0 ran func id = 143 
 [xAPP] Registered node 0 ran func id = 144 
 [xAPP] Registered node 0 ran func id = 145 
 [xAPP] Registered node 0 ran func id = 146 
 [xAPP] Registered node 0 ran func id = 148 
 [xApp]: E42 RIC SUBSCRIPTION REQUEST tx RAN_FUNC_ID 144 RIC_REQ_ID 1 
[xApp]: SUBSCRIPTION RESPONSE rx
[xApp]: Successfully subscribed to RAN_FUNC_ID 144 
[xAPP] Registered node 1 ran func id = 2 
 [xAPP] Registered node 1 ran func id = 3 
 [xAPP] Registered node 1 ran func id = 142 
 [xAPP] Registered node 1 ran func id = 143 
 [xAPP] Registered node 1 ran func id = 144 
 [xAPP] Registered node 1 ran func id = 145 
 [xAPP] Registered node 1 ran func id = 146 
 [xAPP] Registered node 1 ran func id = 148 
 [xApp]: E42 RIC SUBSCRIPTION REQUEST tx RAN_FUNC_ID 144 RIC_REQ_ID 2 
[xApp]: SUBSCRIPTION RESPONSE rx
[xApp]: Successfully subscribed to RAN_FUNC_ID 144 
[xAPP] Registered node 2 ran func id = 2 
 [xAPP] Registered node 2 ran func id = 3 
 [xAPP] Registered node 2 ran func id = 142 
 [xAPP] Registered node 2 ran func id = 143 
 [xAPP] Registered node 2 ran func id = 144 
 [xAPP] Registered node 2 ran func id = 145 
 [xAPP] Registered node 2 ran func id = 146 
 [xAPP] Registered node 2 ran func id = 148 
 [xApp]: E42 RIC SUBSCRIPTION REQUEST tx RAN_FUNC_ID 144 RIC_REQ_ID 3 
[xApp]: SUBSCRIPTION RESPONSE rx
[xApp]: Successfully subscribed to RAN_FUNC_ID 144 
112[UE 5 | RB 1] Throughput = 1.07702 Mbps | SE = 0.02822 bit/s/Hz
222[UE 5 | RB 1] Throughput = 1.09039 Mbps | SE = 0.02857 bit/s/Hz
322[UE 5 | RB 1] Throughput = 1.19739 Mbps | SE = 0.03138 bit/s/Hz
432[UE 5 | RB 1] Throughput = 0.98284 Mbps | SE = 0.02576 bit/s/Hz
532[UE 5 | RB 1] Throughput = 1.07778 Mbps | SE = 0.02824 bit/s/Hz
632[UE 5 | RB 1] Throughput = 1.07667 Mbps | SE = 0.02821 bit/s/Hz
732[UE 5 | RB 1] Throughput = 1.07704 Mbps | SE = 0.02822 bit/s/Hz
842[UE 5 | RB 1] Throughput = 1.19814 Mbps | SE = 0.03140 bit/s/Hz
952[UE 5 | RB 1] Throughput = 0.65341 Mbps | SE = 0.01712 bit/s/Hz
1062[UE 5 | RB 1] Throughput = 1.30748 Mbps | SE = 0.03426 bit/s/Hz
1172[UE 5 | RB 1] Throughput = 0.98349 Mbps | SE = 0.02577 bit/s/Hz
1272[UE 5 | RB 1] Throughput = 1.19637 Mbps | SE = 0.03135 bit/s/Hz
1372[UE 5 | RB 1] Throughput = 1.19739 Mbps | SE = 0.03138 bit/s/Hz
1482[UE 5 | RB 1] Throughput = 0.87244 Mbps | SE = 0.02286 bit/s/Hz
1582[UE 5 | RB 1] Throughput = 1.07798 Mbps | SE = 0.02825 bit/s/Hz
1692[UE 5 | RB 1] Throughput = 1.09204 Mbps | SE = 0.02862 bit/s/Hz
1802[UE 5 | RB 1] Throughput = 1.08962 Mbps | SE = 0.02855 bit/s/Hz
1902[UE 5 | RB 1] Throughput = 1.31570 Mbps | SE = 0.03448 bit/s/Hz
2012[UE 5 | RB 1] Throughput = 0.87289 Mbps | SE = 0.02287 bit/s/Hz
2112[UE 5 | RB 1] Throughput = 1.07847 Mbps | SE = 0.02826 bit/s/Hz
2222[UE 5 | RB 1] Throughput = 1.19680 Mbps | SE = 0.03136 bit/s/Hz
2332[UE 5 | RB 1] Throughput = 0.97804 Mbps | SE = 0.02563 bit/s/Hz
2442[UE 5 | RB 1] Throughput = 0.87100 Mbps | SE = 0.02282 bit/s/Hz
2552[UE 5 | RB 1] Throughput = 1.20024 Mbps | SE = 0.03145 bit/s/Hz
2662[UE 5 | RB 1] Throughput = 0.98313 Mbps | SE = 0.02576 bit/s/Hz
2762[UE 5 | RB 1] Throughput = 1.07708 Mbps | SE = 0.02823 bit/s/Hz
2862[UE 5 | RB 1] Throughput = 0.71878 Mbps | SE = 0.01884 bit/s/Hz
2972[UE 5 | RB 1] Throughput = 1.41927 Mbps | SE = 0.03719 bit/s/Hz
3072[UE 5 | RB 1] Throughput = 1.19674 Mbps | SE = 0.03136 bit/s/Hz
3182[UE 5 | RB 1] Throughput = 0.97918 Mbps | SE = 0.02566 bit/s/Hz
3292[UE 5 | RB 1] Throughput = 0.87253 Mbps | SE = 0.02287 bit/s/Hz
3392[UE 5 | RB 1] Throughput = 1.43765 Mbps | SE = 0.03767 bit/s/Hz
3492[UE 5 | RB 1] Throughput = 0.95654 Mbps | SE = 0.02507 bit/s/Hz
3602[UE 5 | RB 1] Throughput = 1.09102 Mbps | SE = 0.02859 bit/s/Hz
3702[UE 5 | RB 1] Throughput = 1.07751 Mbps | SE = 0.02824 bit/s/Hz
3802[UE 5 | RB 1] Throughput = 1.07812 Mbps | SE = 0.02825 bit/s/Hz
3912[UE 5 | RB 1] Throughput = 0.98141 Mbps | SE = 0.02572 bit/s/Hz
4012[UE 5 | RB 1] Throughput = 1.07812 Mbps | SE = 0.02825 bit/s/Hz
4112[UE 5 | RB 1] Throughput = 1.19820 Mbps | SE = 0.03140 bit/s/Hz
4222[UE 5 | RB 1] Throughput = 0.98059 Mbps | SE = 0.02570 bit/s/Hz
4322[UE 5 | RB 1] Throughput = 0.71845 Mbps | SE = 0.01883 bit/s/Hz
4432[UE 5 | RB 1] Throughput = 1.52861 Mbps | SE = 0.04006 bit/s/Hz
4532[UE 5 | RB 1] Throughput = 1.07831 Mbps | SE = 0.02826 bit/s/Hz
4642[UE 5 | RB 1] Throughput = 0.98012 Mbps | SE = 0.02568 bit/s/Hz
4752[UE 5 | RB 1] Throughput = 1.19945 Mbps | SE = 0.03143 bit/s/Hz
4852[UE 5 | RB 1] Throughput = 0.95731 Mbps | SE = 0.02509 bit/s/Hz
4962[UE 5 | RB 1] Throughput = 0.87139 Mbps | SE = 0.02284 bit/s/Hz
5072[UE 5 | RB 1] Throughput = 1.08869 Mbps | SE = 0.02853 bit/s/Hz
5182[UE 5 | RB 1] Throughput = 0.98069 Mbps | SE = 0.02570 bit/s/Hz
5292[UE 5 | RB 1] Throughput = 1.41785 Mbps | SE = 0.03716 bit/s/Hz
5402[UE 5 | RB 1] Throughput = 1.09034 Mbps | SE = 0.02857 bit/s/Hz
5502[UE 5 | RB 1] Throughput = 0.47791 Mbps | SE = 0.01252 bit/s/Hz
5612[UE 5 | RB 1] Throughput = 1.30962 Mbps | SE = 0.03432 bit/s/Hz
5722[UE 5 | RB 1] Throughput = 1.09220 Mbps | SE = 0.02862 bit/s/Hz
5822[UE 5 | RB 1] Throughput = 1.19213 Mbps | SE = 0.03124 bit/s/Hz
5932[UE 5 | RB 1] Throughput = 0.98449 Mbps | SE = 0.02580 bit/s/Hz
6032[UE 5 | RB 1] Throughput = 1.07468 Mbps | SE = 0.02816 bit/s/Hz
6132[UE 5 | RB 1] Throughput = 1.19727 Mbps | SE = 0.03138 bit/s/Hz
6232[UE 5 | RB 1] Throughput = 1.19823 Mbps | SE = 0.03140 bit/s/Hz
6333[UE 5 | RB 1] Throughput = 0.59519 Mbps | SE = 0.01560 bit/s/Hz
6442[UE 5 | RB 1] Throughput = 1.31601 Mbps | SE = 0.03449 bit/s/Hz
6552[UE 5 | RB 1] Throughput = 1.08963 Mbps | SE = 0.02855 bit/s/Hz
6652[UE 5 | RB 1] Throughput = 1.07643 Mbps | SE = 0.02821 bit/s/Hz
6762[UE 5 | RB 1] Throughput = 1.09199 Mbps | SE = 0.02862 bit/s/Hz
6872[UE 5 | RB 1] Throughput = 1.09019 Mbps | SE = 0.02857 bit/s/Hz
6982[UE 5 | RB 1] Throughput = 1.09148 Mbps | SE = 0.02860 bit/s/Hz
7082[UE 5 | RB 1] Throughput = 0.95859 Mbps | SE = 0.02512 bit/s/Hz
7182[UE 5 | RB 1] Throughput = 1.07659 Mbps | SE = 0.02821 bit/s/Hz
7292[UE 5 | RB 1] Throughput = 0.98120 Mbps | SE = 0.02571 bit/s/Hz
7392[UE 5 | RB 1] Throughput = 1.07640 Mbps | SE = 0.02821 bit/s/Hz
7502[UE 5 | RB 1] Throughput = 0.98139 Mbps | SE = 0.02572 bit/s/Hz
7602[UE 5 | RB 1] Throughput = 1.07792 Mbps | SE = 0.02825 bit/s/Hz
7712[UE 5 | RB 1] Throughput = 1.30711 Mbps | SE = 0.03425 bit/s/Hz
7812[UE 5 | RB 1] Throughput = 0.95807 Mbps | SE = 0.02511 bit/s/Hz
7922[UE 5 | RB 1] Throughput = 1.09136 Mbps | SE = 0.02860 bit/s/Hz
8032[UE 5 | RB 1] Throughput = 0.87229 Mbps | SE = 0.02286 bit/s/Hz
8132[UE 5 | RB 1] Throughput = 1.19803 Mbps | SE = 0.03139 bit/s/Hz
8232[UE 5 | RB 1] Throughput = 0.83815 Mbps | SE = 0.02196 bit/s/Hz
8332[UE 5 | RB 1] Throughput = 1.19839 Mbps | SE = 0.03140 bit/s/Hz
8432[UE 5 | RB 1] Throughput = 1.19767 Mbps | SE = 0.03139 bit/s/Hz
8532[UE 5 | RB 1] Throughput = 1.19765 Mbps | SE = 0.03138 bit/s/Hz
8642[UE 5 | RB 1] Throughput = 0.98198 Mbps | SE = 0.02573 bit/s/Hz
8742[UE 5 | RB 1] Throughput = 1.19588 Mbps | SE = 0.03134 bit/s/Hz
8852[UE 5 | RB 1] Throughput = 0.98108 Mbps | SE = 0.02571 bit/s/Hz
8952[UE 5 | RB 1] Throughput = 1.31671 Mbps | SE = 0.03451 bit/s/Hz
9062[UE 5 | RB 1] Throughput = 0.65525 Mbps | SE = 0.01717 bit/s/Hz
9162[UE 5 | RB 1] Throughput = 1.31720 Mbps | SE = 0.03452 bit/s/Hz
9272[UE 5 | RB 1] Throughput = 0.87244 Mbps | SE = 0.02286 bit/s/Hz
9372[UE 5 | RB 1] Throughput = 1.31599 Mbps | SE = 0.03449 bit/s/Hz
9482[UE 5 | RB 1] Throughput = 0.98038 Mbps | SE = 0.02569 bit/s/Hz
9592[UE 5 | RB 1] Throughput = 1.19901 Mbps | SE = 0.03142 bit/s/Hz
9692[UE 5 | RB 1] Throughput = 0.83784 Mbps | SE = 0.02196 bit/s/Hz
9802[UE 5 | RB 1] Throughput = 0.98142 Mbps | SE = 0.02572 bit/s/Hz
9912[UE 5 | RB 1] Throughput = 1.30955 Mbps | SE = 0.03432 bit/s/Hz
10012[UE 5 | RB 1] Throughput = 0.83852 Mbps | SE = 0.02197 bit/s/Hz
10112[UE 5 | RB 1] Throughput = 1.19518 Mbps | SE = 0.03132 bit/s/Hz
10222[UE 5 | RB 1] Throughput = 0.98167 Mbps | SE = 0.02573 bit/s/Hz
10322[UE 5 | RB 1] Throughput = 0.95730 Mbps | SE = 0.02509 bit/s/Hz
10423[UE 5 | RB 1] Throughput = 1.31522 Mbps | SE = 0.03447 bit/s/Hz
10532[UE 5 | RB 1] Throughput = 1.09365 Mbps | SE = 0.02866 bit/s/Hz
10632[UE 5 | RB 1] Throughput = 1.07646 Mbps | SE = 0.02821 bit/s/Hz
10742[UE 5 | RB 1] Throughput = 1.09157 Mbps | SE = 0.02861 bit/s/Hz
10842[UE 5 | RB 1] Throughput = 0.71820 Mbps | SE = 0.01882 bit/s/Hz
10952[UE 5 | RB 1] Throughput = 1.19946 Mbps | SE = 0.03143 bit/s/Hz
11062[UE 5 | RB 1] Throughput = 1.08848 Mbps | SE = 0.02852 bit/s/Hz
11162[UE 5 | RB 1] Throughput = 1.31736 Mbps | SE = 0.03452 bit/s/Hz
11262[UE 5 | RB 1] Throughput = 0.71859 Mbps | SE = 0.01883 bit/s/Hz
11372[UE 5 | RB 1] Throughput = 1.31104 Mbps | SE = 0.03436 bit/s/Hz
11482[UE 5 | RB 1] Throughput = 1.08818 Mbps | SE = 0.02852 bit/s/Hz
11582[UE 5 | RB 1] Throughput = 0.95803 Mbps | SE = 0.02511 bit/s/Hz
11682[UE 5 | RB 1] Throughput = 1.31680 Mbps | SE = 0.03451 bit/s/Hz
11792[UE 5 | RB 1] Throughput = 0.65559 Mbps | SE = 0.01718 bit/s/Hz
11892[UE 5 | RB 1] Throughput = 1.31609 Mbps | SE = 0.03449 bit/s/Hz
12002[UE 5 | RB 1] Throughput = 1.08754 Mbps | SE = 0.02850 bit/s/Hz
12112[UE 5 | RB 1] Throughput = 0.87169 Mbps | SE = 0.02284 bit/s/Hz
12222[UE 5 | RB 1] Throughput = 1.20012 Mbps | SE = 0.03145 bit/s/Hz
12322[UE 5 | RB 1] Throughput = 1.07830 Mbps | SE = 0.02826 bit/s/Hz
12432[UE 5 | RB 1] Throughput = 1.09100 Mbps | SE = 0.02859 bit/s/Hz
12532[UE 5 | RB 1] Throughput = 1.19538 Mbps | SE = 0.03133 bit/s/Hz
12642[UE 5 | RB 1] Throughput = 1.09123 Mbps | SE = 0.02860 bit/s/Hz
12742[UE 5 | RB 1] Throughput = 0.83866 Mbps | SE = 0.02198 bit/s/Hz
12852[UE 5 | RB 1] Throughput = 1.08867 Mbps | SE = 0.02853 bit/s/Hz
12962[UE 5 | RB 1] Throughput = 1.09042 Mbps | SE = 0.02857 bit/s/Hz
13062[UE 5 | RB 1] Throughput = 1.07789 Mbps | SE = 0.02825 bit/s/Hz
13172[UE 5 | RB 1] Throughput = 1.30952 Mbps | SE = 0.03432 bit/s/Hz
13272[UE 5 | RB 1] Throughput = 0.59837 Mbps | SE = 0.01568 bit/s/Hz
13372[UE 5 | RB 1] Throughput = 1.31753 Mbps | SE = 0.03453 bit/s/Hz
13482[UE 5 | RB 1] Throughput = 0.87216 Mbps | SE = 0.02286 bit/s/Hz
13582[UE 5 | RB 1] Throughput = 1.31767 Mbps | SE = 0.03453 bit/s/Hz
13692[UE 5 | RB 1] Throughput = 0.65310 Mbps | SE = 0.01711 bit/s/Hz
13792[UE 5 | RB 1] Throughput = 1.43796 Mbps | SE = 0.03768 bit/s/Hz
13892[UE 5 | RB 1] Throughput = 1.19820 Mbps | SE = 0.03140 bit/s/Hz
14002[UE 5 | RB 1] Throughput = 1.09240 Mbps | SE = 0.02863 bit/s/Hz
14102[UE 5 | RB 1] Throughput = 1.19553 Mbps | SE = 0.03133 bit/s/Hz
14212[UE 5 | RB 1] Throughput = 0.65458 Mbps | SE = 0.01715 bit/s/Hz
14312[UE 5 | RB 1] Throughput = 1.19771 Mbps | SE = 0.03139 bit/s/Hz
14412[UE 5 | RB 1] Throughput = 1.31819 Mbps | SE = 0.03454 bit/s/Hz
14512[UE 5 | RB 1] Throughput = 1.07826 Mbps | SE = 0.02826 bit/s/Hz
14612[UE 5 | RB 1] Throughput = 0.83766 Mbps | SE = 0.02195 bit/s/Hz
14722[UE 5 | RB 1] Throughput = 1.30789 Mbps | SE = 0.03427 bit/s/Hz
14832[UE 5 | RB 1] Throughput = 0.54505 Mbps | SE = 0.01428 bit/s/Hz
14942[UE 5 | RB 1] Throughput = 1.30731 Mbps | SE = 0.03426 bit/s/Hz
15042[UE 5 | RB 1] Throughput = 1.31733 Mbps | SE = 0.03452 bit/s/Hz
15152[UE 5 | RB 1] Throughput = 0.87184 Mbps | SE = 0.02285 bit/s/Hz
15262[UE 5 | RB 1] Throughput = 1.09023 Mbps | SE = 0.02857 bit/s/Hz
15372[UE 5 | RB 1] Throughput = 1.09025 Mbps | SE = 0.02857 bit/s/Hz
15482[UE 5 | RB 1] Throughput = 1.19841 Mbps | SE = 0.03140 bit/s/Hz
15582[UE 5 | RB 1] Throughput = 1.07653 Mbps | SE = 0.02821 bit/s/Hz
15692[UE 5 | RB 1] Throughput = 0.98079 Mbps | SE = 0.02570 bit/s/Hz
15802[UE 5 | RB 1] Throughput = 1.19982 Mbps | SE = 0.03144 bit/s/Hz
15912[UE 5 | RB 1] Throughput = 0.76388 Mbps | SE = 0.02002 bit/s/Hz
16012[UE 5 | RB 1] Throughput = 1.19440 Mbps | SE = 0.03130 bit/s/Hz
16122[UE 5 | RB 1] Throughput = 1.09068 Mbps | SE = 0.02858 bit/s/Hz
16232[UE 5 | RB 1] Throughput = 1.30532 Mbps | SE = 0.03421 bit/s/Hz
16332[UE 5 | RB 1] Throughput = 0.83886 Mbps | SE = 0.02198 bit/s/Hz
16432[UE 5 | RB 1] Throughput = 1.07838 Mbps | SE = 0.02826 bit/s/Hz
16542[UE 5 | RB 1] Throughput = 1.19899 Mbps | SE = 0.03142 bit/s/Hz
16653[UE 5 | RB 1] Throughput = 0.97904 Mbps | SE = 0.02566 bit/s/Hz
16762[UE 5 | RB 1] Throughput = 0.98114 Mbps | SE = 0.02571 bit/s/Hz
16872[UE 5 | RB 1] Throughput = 1.20117 Mbps | SE = 0.03148 bit/s/Hz
16972[UE 5 | RB 1] Throughput = 0.71847 Mbps | SE = 0.01883 bit/s/Hz
17072[UE 5 | RB 1] Throughput = 1.19698 Mbps | SE = 0.03137 bit/s/Hz
17182[UE 5 | RB 1] Throughput = 1.09080 Mbps | SE = 0.02858 bit/s/Hz
17292[UE 5 | RB 1] Throughput = 1.30769 Mbps | SE = 0.03427 bit/s/Hz
17392[UE 5 | RB 1] Throughput = 0.71834 Mbps | SE = 0.01882 bit/s/Hz
17502[UE 5 | RB 1] Throughput = 1.20008 Mbps | SE = 0.03145 bit/s/Hz
17612[UE 5 | RB 1] Throughput = 0.76118 Mbps | SE = 0.01995 bit/s/Hz
17722[UE 5 | RB 1] Throughput = 1.20054 Mbps | SE = 0.03146 bit/s/Hz
17822[UE 5 | RB 1] Throughput = 1.31670 Mbps | SE = 0.03450 bit/s/Hz
17932[UE 5 | RB 1] Throughput = 0.98155 Mbps | SE = 0.02572 bit/s/Hz
18032[UE 5 | RB 1] Throughput = 1.19704 Mbps | SE = 0.03137 bit/s/Hz
18132[UE 5 | RB 1] Throughput = 0.71871 Mbps | SE = 0.01883 bit/s/Hz
18242[UE 5 | RB 1] Throughput = 1.19869 Mbps | SE = 0.03141 bit/s/Hz
18352[UE 5 | RB 1] Throughput = 1.30875 Mbps | SE = 0.03430 bit/s/Hz
18452[UE 5 | RB 1] Throughput = 0.95809 Mbps | SE = 0.02511 bit/s/Hz
18562[UE 5 | RB 1] Throughput = 1.09044 Mbps | SE = 0.02858 bit/s/Hz
18662[UE 5 | RB 1] Throughput = 1.19774 Mbps | SE = 0.03139 bit/s/Hz
18772[UE 5 | RB 1] Throughput = 0.98206 Mbps | SE = 0.02574 bit/s/Hz
18872[UE 5 | RB 1] Throughput = 1.07702 Mbps | SE = 0.02822 bit/s/Hz
18972[UE 5 | RB 1] Throughput = 0.95714 Mbps | SE = 0.02508 bit/s/Hz
19082[UE 5 | RB 1] Throughput = 0.98203 Mbps | SE = 0.02573 bit/s/Hz
19192[UE 5 | RB 1] Throughput = 1.30960 Mbps | SE = 0.03432 bit/s/Hz
19292[UE 5 | RB 1] Throughput = 1.07706 Mbps | SE = 0.02822 bit/s/Hz
19392[UE 5 | RB 1] Throughput = 0.95659 Mbps | SE = 0.02507 bit/s/Hz
19492[UE 5 | RB 1] Throughput = 1.19759 Mbps | SE = 0.03138 bit/s/Hz
19602[UE 5 | RB 1] Throughput = 0.65427 Mbps | SE = 0.01715 bit/s/Hz
19712[UE 5 | RB 1] Throughput = 1.41750 Mbps | SE = 0.03715 bit/s/Hz
19812[UE 5 | RB 1] Throughput = 1.07619 Mbps | SE = 0.02820 bit/s/Hz
19922[UE 5 | RB 1] Throughput = 1.09078 Mbps | SE = 0.02858 bit/s/Hz
20032[UE 5 | RB 1] Throughput = 0.65381 Mbps | SE = 0.01713 bit/s/Hz
20132[UE 5 | RB 1] Throughput = 1.43758 Mbps | SE = 0.03767 bit/s/Hz
20242[UE 5 | RB 1] Throughput = 1.20198 Mbps | SE = 0.03150 bit/s/Hz
20342[UE 5 | RB 1] Throughput = 0.83746 Mbps | SE = 0.02195 bit/s/Hz
20452[UE 5 | RB 1] Throughput = 0.87072 Mbps | SE = 0.02282 bit/s/Hz
20562[UE 5 | RB 1] Throughput = 1.31059 Mbps | SE = 0.03434 bit/s/Hz
20662[UE 5 | RB 1] Throughput = 1.07680 Mbps | SE = 0.02822 bit/s/Hz
20762[UE 5 | RB 1] Throughput = 1.07758 Mbps | SE = 0.02824 bit/s/Hz
20872[UE 5 | RB 1] Throughput = 0.97997 Mbps | SE = 0.02568 bit/s/Hz
20982[UE 5 | RB 1] Throughput = 1.19845 Mbps | SE = 0.03141 bit/s/Hz
21092[UE 5 | RB 1] Throughput = 0.76438 Mbps | SE = 0.02003 bit/s/Hz
21192[UE 5 | RB 1] Throughput = 1.31813 Mbps | SE = 0.03454 bit/s/Hz
21292[UE 5 | RB 1] Throughput = 0.95539 Mbps | SE = 0.02504 bit/s/Hz
21393[UE 5 | RB 1] Throughput = 1.31705 Mbps | SE = 0.03451 bit/s/Hz
21502[UE 5 | RB 1] Throughput = 0.76269 Mbps | SE = 0.01999 bit/s/Hz
21612[UE 5 | RB 1] Throughput = 1.31018 Mbps | SE = 0.03433 bit/s/Hz
21712[UE 5 | RB 1] Throughput = 0.71763 Mbps | SE = 0.01881 bit/s/Hz
21822[UE 5 | RB 1] Throughput = 1.09298 Mbps | SE = 0.02864 bit/s/Hz
21922[UE 5 | RB 1] Throughput = 1.31620 Mbps | SE = 0.03449 bit/s/Hz
22032[UE 5 | RB 1] Throughput = 0.87088 Mbps | SE = 0.02282 bit/s/Hz
22142[UE 5 | RB 1] Throughput = 1.19962 Mbps | SE = 0.03144 bit/s/Hz
22242[UE 5 | RB 1] Throughput = 1.19717 Mbps | SE = 0.03137 bit/s/Hz
22352[UE 5 | RB 1] Throughput = 1.19695 Mbps | SE = 0.03137 bit/s/Hz
22462[UE 5 | RB 1] Throughput = 0.87398 Mbps | SE = 0.02290 bit/s/Hz
22562[UE 5 | RB 1] Throughput = 1.07832 Mbps | SE = 0.02826 bit/s/Hz
22662[UE 5 | RB 1] Throughput = 1.19803 Mbps | SE = 0.03139 bit/s/Hz
22762[UE 5 | RB 1] Throughput = 0.71844 Mbps | SE = 0.01883 bit/s/Hz
22872[UE 5 | RB 1] Throughput = 1.19866 Mbps | SE = 0.03141 bit/s/Hz
22972[UE 5 | RB 1] Throughput = 1.31716 Mbps | SE = 0.03452 bit/s/Hz
23082[UE 5 | RB 1] Throughput = 0.98090 Mbps | SE = 0.02570 bit/s/Hz
23182[UE 5 | RB 1] Throughput = 1.19829 Mbps | SE = 0.03140 bit/s/Hz
23282[UE 5 | RB 1] Throughput = 0.83873 Mbps | SE = 0.02198 bit/s/Hz
23382[UE 5 | RB 1] Throughput = 1.19806 Mbps | SE = 0.03140 bit/s/Hz
23492[UE 5 | RB 1] Throughput = 0.98066 Mbps | SE = 0.02570 bit/s/Hz
23602[UE 5 | RB 1] Throughput = 0.87236 Mbps | SE = 0.02286 bit/s/Hz
23702[UE 5 | RB 1] Throughput = 1.31749 Mbps | SE = 0.03453 bit/s/Hz
23802[UE 5 | RB 1] Throughput = 1.07823 Mbps | SE = 0.02826 bit/s/Hz
23912[UE 5 | RB 1] Throughput = 1.09040 Mbps | SE = 0.02857 bit/s/Hz
24022[UE 5 | RB 1] Throughput = 0.87084 Mbps | SE = 0.02282 bit/s/Hz
24122[UE 5 | RB 1] Throughput = 1.19726 Mbps | SE = 0.03137 bit/s/Hz
24222[UE 5 | RB 1] Throughput = 1.07850 Mbps | SE = 0.02826 bit/s/Hz
24323[UE 5 | RB 1] Throughput = 0.95791 Mbps | SE = 0.02510 bit/s/Hz
24423[UE 5 | RB 1] Throughput = 1.43784 Mbps | SE = 0.03768 bit/s/Hz
24532[UE 5 | RB 1] Throughput = 0.65401 Mbps | SE = 0.01714 bit/s/Hz
24642[UE 5 | RB 1] Throughput = 1.19829 Mbps | SE = 0.03140 bit/s/Hz
24743[UE 5 | RB 1] Throughput = 1.19725 Mbps | SE = 0.03137 bit/s/Hz
24852[UE 5 | RB 1] Throughput = 0.76473 Mbps | SE = 0.02004 bit/s/Hz
24952[UE 5 | RB 1] Throughput = 1.31607 Mbps | SE = 0.03449 bit/s/Hz
25053[UE 5 | RB 1] Throughput = 1.31241 Mbps | SE = 0.03439 bit/s/Hz
25162[UE 5 | RB 1] Throughput = 0.98466 Mbps | SE = 0.02580 bit/s/Hz
25272[UE 5 | RB 1] Throughput = 0.87133 Mbps | SE = 0.02283 bit/s/Hz
25373[UE 5 | RB 1] Throughput = 1.31602 Mbps | SE = 0.03449 bit/s/Hz
25482[UE 5 | RB 1] Throughput = 1.09122 Mbps | SE = 0.02860 bit/s/Hz
25583[UE 5 | RB 1] Throughput = 0.83828 Mbps | SE = 0.02197 bit/s/Hz
25693[UE 5 | RB 1] Throughput = 1.08826 Mbps | SE = 0.02852 bit/s/Hz
25803[UE 5 | RB 1] Throughput = 1.19915 Mbps | SE = 0.03142 bit/s/Hz
25912[UE 5 | RB 1] Throughput = 0.87243 Mbps | SE = 0.02286 bit/s/Hz
26013[UE 5 | RB 1] Throughput = 1.07744 Mbps | SE = 0.02823 bit/s/Hz
26122[UE 5 | RB 1] Throughput = 1.20330 Mbps | SE = 0.03153 bit/s/Hz
26223[UE 5 | RB 1] Throughput = 0.71618 Mbps | SE = 0.01877 bit/s/Hz
26323[UE 5 | RB 1] Throughput = 1.31645 Mbps | SE = 0.03450 bit/s/Hz
26423[UE 5 | RB 1] Throughput = 1.31381 Mbps | SE = 0.03443 bit/s/Hz
26532[UE 5 | RB 1] Throughput = 0.76824 Mbps | SE = 0.02013 bit/s/Hz
26633[UE 5 | RB 1] Throughput = 1.31394 Mbps | SE = 0.03443 bit/s/Hz
26742[UE 5 | RB 1] Throughput = 0.65440 Mbps | SE = 0.01715 bit/s/Hz
26842[UE 5 | RB 1] Throughput = 1.43700 Mbps | SE = 0.03766 bit/s/Hz
26952[UE 5 | RB 1] Throughput = 1.09043 Mbps | SE = 0.02858 bit/s/Hz
27053[UE 5 | RB 1] Throughput = 0.95717 Mbps | SE = 0.02508 bit/s/Hz
27162[UE 5 | RB 1] Throughput = 1.09099 Mbps | SE = 0.02859 bit/s/Hz
27272[UE 5 | RB 1] Throughput = 0.97972 Mbps | SE = 0.02567 bit/s/Hz
27382[UE 5 | RB 1] Throughput = 1.31108 Mbps | SE = 0.03436 bit/s/Hz
27482[UE 5 | RB 1] Throughput = 1.07783 Mbps | SE = 0.02824 bit/s/Hz
27582[UE 5 | RB 1] Throughput = 0.71858 Mbps | SE = 0.01883 bit/s/Hz
27692[UE 5 | RB 1] Throughput = 1.30615 Mbps | SE = 0.03423 bit/s/Hz
27802[UE 5 | RB 1] Throughput = 1.19959 Mbps | SE = 0.03144 bit/s/Hz
27912[UE 5 | RB 1] Throughput = 0.87095 Mbps | SE = 0.02282 bit/s/Hz
28022[UE 5 | RB 1] Throughput = 1.08985 Mbps | SE = 0.02856 bit/s/Hz
28132[UE 5 | RB 1] Throughput = 1.08851 Mbps | SE = 0.02853 bit/s/Hz
28233[UE 5 | RB 1] Throughput = 1.07726 Mbps | SE = 0.02823 bit/s/Hz
28343[UE 5 | RB 1] Throughput = 0.98044 Mbps | SE = 0.02569 bit/s/Hz
28452[UE 5 | RB 1] Throughput = 1.09210 Mbps | SE = 0.02862 bit/s/Hz
28552[UE 5 | RB 1] Throughput = 1.19718 Mbps | SE = 0.03137 bit/s/Hz
28653[UE 5 | RB 1] Throughput = 0.83748 Mbps | SE = 0.02195 bit/s/Hz
28762[UE 5 | RB 1] Throughput = 1.20259 Mbps | SE = 0.03151 bit/s/Hz
28872[UE 5 | RB 1] Throughput = 1.09121 Mbps | SE = 0.02860 bit/s/Hz
28972[UE 5 | RB 1] Throughput = 1.07597 Mbps | SE = 0.02820 bit/s/Hz
29082[UE 5 | RB 1] Throughput = 0.97875 Mbps | SE = 0.02565 bit/s/Hz
29182[UE 5 | RB 1] Throughput = 1.07796 Mbps | SE = 0.02825 bit/s/Hz
29292[UE 5 | RB 1] Throughput = 1.20106 Mbps | SE = 0.03147 bit/s/Hz
29392[UE 5 | RB 1] Throughput = 0.71783 Mbps | SE = 0.01881 bit/s/Hz
29492[UE 5 | RB 1] Throughput = 1.31816 Mbps | SE = 0.03454 bit/s/Hz
29602[UE 5 | RB 1] Throughput = 1.19983 Mbps | SE = 0.03144 bit/s/Hz
29712[UE 5 | RB 1] Throughput = 0.65244 Mbps | SE = 0.01710 bit/s/Hz
29822[UE 5 | RB 1] Throughput = 1.19879 Mbps | SE = 0.03141 bit/s/Hz
29933[UE 5 | RB 1] Throughput = 1.19739 Mbps | SE = 0.03138 bit/s/Hz
30042[UE 5 | RB 1] Throughput = 1.09194 Mbps | SE = 0.02861 bit/s/Hz
30142[UE 5 | RB 1] Throughput = 1.07657 Mbps | SE = 0.02821 bit/s/Hz
30243[UE 5 | RB 1] Throughput = 1.19784 Mbps | SE = 0.03139 bit/s/Hz
30352[UE 5 | RB 1] Throughput = 0.76327 Mbps | SE = 0.02000 bit/s/Hz
30452[UE 5 | RB 1] Throughput = 1.43759 Mbps | SE = 0.03767 bit/s/Hz
30562[UE 5 | RB 1] Throughput = 0.87232 Mbps | SE = 0.02286 bit/s/Hz
30663[UE 5 | RB 1] Throughput = 1.07605 Mbps | SE = 0.02820 bit/s/Hz
30772[UE 5 | RB 1] Throughput = 1.31187 Mbps | SE = 0.03438 bit/s/Hz
30872[UE 5 | RB 1] Throughput = 0.71821 Mbps | SE = 0.01882 bit/s/Hz
30982[UE 5 | RB 1] Throughput = 1.19764 Mbps | SE = 0.03138 bit/s/Hz
31092[UE 5 | RB 1] Throughput = 0.98232 Mbps | SE = 0.02574 bit/s/Hz
31202[UE 5 | RB 1] Throughput = 1.08862 Mbps | SE = 0.02853 bit/s/Hz
31302[UE 5 | RB 1] Throughput = 1.19743 Mbps | SE = 0.03138 bit/s/Hz
31402[UE 5 | RB 1] Throughput = 0.71821 Mbps | SE = 0.01882 bit/s/Hz
31503[UE 5 | RB 1] Throughput = 1.43709 Mbps | SE = 0.03766 bit/s/Hz
31603[UE 5 | RB 1] Throughput = 1.19804 Mbps | SE = 0.03140 bit/s/Hz
31712[UE 5 | RB 1] Throughput = 0.98196 Mbps | SE = 0.02573 bit/s/Hz
31822[UE 5 | RB 1] Throughput = 0.98177 Mbps | SE = 0.02573 bit/s/Hz
31922[UE 5 | RB 1] Throughput = 0.95705 Mbps | SE = 0.02508 bit/s/Hz
32023[UE 5 | RB 1] Throughput = 1.19640 Mbps | SE = 0.03135 bit/s/Hz
32132[UE 5 | RB 1] Throughput = 0.98221 Mbps | SE = 0.02574 bit/s/Hz
32233[UE 5 | RB 1] Throughput = 0.95643 Mbps | SE = 0.02506 bit/s/Hz
32342[UE 5 | RB 1] Throughput = 0.98385 Mbps | SE = 0.02578 bit/s/Hz
32442[UE 5 | RB 1] Throughput = 1.31662 Mbps | SE = 0.03450 bit/s/Hz
32543[UE 5 | RB 1] Throughput = 0.71431 Mbps | SE = 0.01872 bit/s/Hz
32653[UE 5 | RB 1] Throughput = 1.20413 Mbps | SE = 0.03155 bit/s/Hz
32762[UE 5 | RB 1] Throughput = 1.09444 Mbps | SE = 0.02868 bit/s/Hz
32862[UE 5 | RB 1] Throughput = 1.31715 Mbps | SE = 0.03452 bit/s/Hz
32972[UE 5 | RB 1] Throughput = 0.86979 Mbps | SE = 0.02279 bit/s/Hz
33082[UE 5 | RB 1] Throughput = 1.08847 Mbps | SE = 0.02852 bit/s/Hz
33183[UE 5 | RB 1] Throughput = 1.07775 Mbps | SE = 0.02824 bit/s/Hz
33283[UE 5 | RB 1] Throughput = 1.19821 Mbps | SE = 0.03140 bit/s/Hz
33393[UE 5 | RB 1] Throughput = 0.98050 Mbps | SE = 0.02569 bit/s/Hz
33502[UE 5 | RB 1] Throughput = 0.98175 Mbps | SE = 0.02573 bit/s/Hz
33612[UE 5 | RB 1] Throughput = 1.19828 Mbps | SE = 0.03140 bit/s/Hz
33712[UE 5 | RB 1] Throughput = 1.19755 Mbps | SE = 0.03138 bit/s/Hz
33813[UE 5 | RB 1] Throughput = 0.71808 Mbps | SE = 0.01882 bit/s/Hz
33922[UE 5 | RB 1] Throughput = 1.20023 Mbps | SE = 0.03145 bit/s/Hz
34022[UE 5 | RB 1] Throughput = 1.19822 Mbps | SE = 0.03140 bit/s/Hz
34132[UE 5 | RB 1] Throughput = 1.19993 Mbps | SE = 0.03144 bit/s/Hz
34232[UE 5 | RB 1] Throughput = 0.59897 Mbps | SE = 0.01570 bit/s/Hz
34342[UE 5 | RB 1] Throughput = 1.41837 Mbps | SE = 0.03717 bit/s/Hz
34442[UE 5 | RB 1] Throughput = 0.95693 Mbps | SE = 0.02508 bit/s/Hz
34552[UE 5 | RB 1] Throughput = 1.09077 Mbps | SE = 0.02858 bit/s/Hz
34652[UE 5 | RB 1] Throughput = 1.19712 Mbps | SE = 0.03137 bit/s/Hz
34752[UE 5 | RB 1] Throughput = 0.95791 Mbps | SE = 0.02510 bit/s/Hz
34852[UE 5 | RB 1] Throughput = 1.07812 Mbps | SE = 0.02825 bit/s/Hz
34953[UE 5 | RB 1] Throughput = 0.95815 Mbps | SE = 0.02511 bit/s/Hz
35053[UE 5 | RB 1] Throughput = 1.19839 Mbps | SE = 0.03140 bit/s/Hz
35162[UE 5 | RB 1] Throughput = 0.87240 Mbps | SE = 0.02286 bit/s/Hz
35263[UE 5 | RB 1] Throughput = 1.31586 Mbps | SE = 0.03448 bit/s/Hz
35373[UE 5 | RB 1] Throughput = 0.76161 Mbps | SE = 0.01996 bit/s/Hz
35483[UE 5 | RB 1] Throughput = 1.30886 Mbps | SE = 0.03430 bit/s/Hz
35583[UE 5 | RB 1] Throughput = 1.19538 Mbps | SE = 0.03133 bit/s/Hz
35693[UE 5 | RB 1] Throughput = 0.98160 Mbps | SE = 0.02572 bit/s/Hz
35803[UE 5 | RB 1] Throughput = 1.08796 Mbps | SE = 0.02851 bit/s/Hz
35912[UE 5 | RB 1] Throughput = 0.98655 Mbps | SE = 0.02585 bit/s/Hz
36012[UE 5 | RB 1] Throughput = 1.19573 Mbps | SE = 0.03133 bit/s/Hz
36113[UE 5 | RB 1] Throughput = 0.95855 Mbps | SE = 0.02512 bit/s/Hz
36222[UE 5 | RB 1] Throughput = 1.08992 Mbps | SE = 0.02856 bit/s/Hz
36323[UE 5 | RB 1] Throughput = 1.07772 Mbps | SE = 0.02824 bit/s/Hz
36433[UE 5 | RB 1] Throughput = 1.08962 Mbps | SE = 0.02855 bit/s/Hz
36542[UE 5 | RB 1] Throughput = 1.09078 Mbps | SE = 0.02858 bit/s/Hz
36652[UE 5 | RB 1] Throughput = 0.98134 Mbps | SE = 0.02572 bit/s/Hz
36752[UE 5 | RB 1] Throughput = 1.19591 Mbps | SE = 0.03134 bit/s/Hz
36862[UE 5 | RB 1] Throughput = 1.20036 Mbps | SE = 0.03146 bit/s/Hz
36963[UE 5 | RB 1] Throughput = 0.83734 Mbps | SE = 0.02194 bit/s/Hz
37063[UE 5 | RB 1] Throughput = 1.07815 Mbps | SE = 0.02825 bit/s/Hz
37172[UE 5 | RB 1] Throughput = 1.20196 Mbps | SE = 0.03150 bit/s/Hz
37272[UE 5 | RB 1] Throughput = 1.07557 Mbps | SE = 0.02819 bit/s/Hz
37382[UE 5 | RB 1] Throughput = 1.09104 Mbps | SE = 0.02859 bit/s/Hz
37492[UE 5 | RB 1] Throughput = 0.87186 Mbps | SE = 0.02285 bit/s/Hz
37602[UE 5 | RB 1] Throughput = 0.87188 Mbps | SE = 0.02285 bit/s/Hz
37702[UE 5 | RB 1] Throughput = 1.19745 Mbps | SE = 0.03138 bit/s/Hz
37802[UE 5 | RB 1] Throughput = 1.19717 Mbps | SE = 0.03137 bit/s/Hz
37912[UE 5 | RB 1] Throughput = 0.76306 Mbps | SE = 0.02000 bit/s/Hz
38022[UE 5 | RB 1] Throughput = 1.30846 Mbps | SE = 0.03429 bit/s/Hz
38122[UE 5 | RB 1] Throughput = 1.19680 Mbps | SE = 0.03136 bit/s/Hz
38232[UE 5 | RB 1] Throughput = 0.65392 Mbps | SE = 0.01714 bit/s/Hz
38342[UE 5 | RB 1] Throughput = 1.19890 Mbps | SE = 0.03142 bit/s/Hz
38442[UE 5 | RB 1] Throughput = 1.31803 Mbps | SE = 0.03454 bit/s/Hz
38542[UE 5 | RB 1] Throughput = 0.83883 Mbps | SE = 0.02198 bit/s/Hz
38652[UE 5 | RB 1] Throughput = 1.19826 Mbps | SE = 0.03140 bit/s/Hz
38752[UE 5 | RB 1] Throughput = 1.31807 Mbps | SE = 0.03454 bit/s/Hz
38853[UE 5 | RB 1] Throughput = 0.95592 Mbps | SE = 0.02505 bit/s/Hz
38963[UE 5 | RB 1] Throughput = 0.65442 Mbps | SE = 0.01715 bit/s/Hz
39063[UE 5 | RB 1] Throughput = 1.31758 Mbps | SE = 0.03453 bit/s/Hz
39163[UE 5 | RB 1] Throughput = 1.19507 Mbps | SE = 0.03132 bit/s/Hz
39272[UE 5 | RB 1] Throughput = 0.87614 Mbps | SE = 0.02296 bit/s/Hz
39372[UE 5 | RB 1] Throughput = 1.43683 Mbps | SE = 0.03765 bit/s/Hz
39472[UE 5 | RB 1] Throughput = 0.95823 Mbps | SE = 0.02511 bit/s/Hz
39583[UE 5 | RB 1] Throughput = 0.76199 Mbps | SE = 0.01997 bit/s/Hz
39692[UE 5 | RB 1] Throughput = 1.30832 Mbps | SE = 0.03429 bit/s/Hz
39802[UE 5 | RB 1] Throughput = 1.08990 Mbps | SE = 0.02856 bit/s/Hz
39902[UE 5 | RB 1] Throughput = 1.31750 Mbps | SE = 0.03453 bit/s/Hz
40003[UE 5 | RB 1] Throughput = 0.71870 Mbps | SE = 0.01883 bit/s/Hz
40113[UE 5 | RB 1] Throughput = 1.19553 Mbps | SE = 0.03133 bit/s/Hz
40223[UE 5 | RB 1] Throughput = 1.19952 Mbps | SE = 0.03143 bit/s/Hz
40332[UE 5 | RB 1] Throughput = 0.76419 Mbps | SE = 0.02003 bit/s/Hz
40432[UE 5 | RB 1] Throughput = 1.31819 Mbps | SE = 0.03454 bit/s/Hz
40533[UE 5 | RB 1] Throughput = 0.71832 Mbps | SE = 0.01882 bit/s/Hz
40642[UE 5 | RB 1] Throughput = 1.20039 Mbps | SE = 0.03146 bit/s/Hz
40742[UE 5 | RB 1] Throughput = 1.31644 Mbps | SE = 0.03450 bit/s/Hz
40852[UE 5 | RB 1] Throughput = 1.09073 Mbps | SE = 0.02858 bit/s/Hz
40953[UE 5 | RB 1] Throughput = 0.59827 Mbps | SE = 0.01568 bit/s/Hz
41053[UE 5 | RB 1] Throughput = 1.19699 Mbps | SE = 0.03137 bit/s/Hz
41163[UE 5 | RB 1] Throughput = 1.08988 Mbps | SE = 0.02856 bit/s/Hz
41273[UE 5 | RB 1] Throughput = 1.19543 Mbps | SE = 0.03133 bit/s/Hz
41383[UE 5 | RB 1] Throughput = 1.31060 Mbps | SE = 0.03434 bit/s/Hz
41493[UE 5 | RB 1] Throughput = 0.54458 Mbps | SE = 0.01427 bit/s/Hz
41593[UE 5 | RB 1] Throughput = 1.43672 Mbps | SE = 0.03765 bit/s/Hz
41702[UE 5 | RB 1] Throughput = 0.65508 Mbps | SE = 0.01717 bit/s/Hz
41803[UE 5 | RB 1] Throughput = 1.43386 Mbps | SE = 0.03758 bit/s/Hz
41912[UE 5 | RB 1] Throughput = 1.20189 Mbps | SE = 0.03150 bit/s/Hz
42013[UE 5 | RB 1] Throughput = 1.19760 Mbps | SE = 0.03138 bit/s/Hz
42113[UE 5 | RB 1] Throughput = 1.07727 Mbps | SE = 0.02823 bit/s/Hz
42223[UE 5 | RB 1] Throughput = 0.87064 Mbps | SE = 0.02282 bit/s/Hz
42333[UE 5 | RB 1] Throughput = 1.09134 Mbps | SE = 0.02860 bit/s/Hz
42433[UE 5 | RB 1] Throughput = 1.19501 Mbps | SE = 0.03132 bit/s/Hz
42543[UE 5 | RB 1] Throughput = 1.09184 Mbps | SE = 0.02861 bit/s/Hz
42643[UE 5 | RB 1] Throughput = 0.95630 Mbps | SE = 0.02506 bit/s/Hz
42753[UE 5 | RB 1] Throughput = 0.98300 Mbps | SE = 0.02576 bit/s/Hz
42863[UE 5 | RB 1] Throughput = 1.19759 Mbps | SE = 0.03138 bit/s/Hz
42973[UE 5 | RB 1] Throughput = 0.98184 Mbps | SE = 0.02573 bit/s/Hz
43073[UE 5 | RB 1] Throughput = 1.19695 Mbps | SE = 0.03137 bit/s/Hz
43173[UE 5 | RB 1] Throughput = 0.71903 Mbps | SE = 0.01884 bit/s/Hz
43283[UE 5 | RB 1] Throughput = 1.19696 Mbps | SE = 0.03137 bit/s/Hz
43383[UE 5 | RB 1] Throughput = 1.31686 Mbps | SE = 0.03451 bit/s/Hz
43493[UE 5 | RB 1] Throughput = 1.09133 Mbps | SE = 0.02860 bit/s/Hz
43603[UE 5 | RB 1] Throughput = 0.54437 Mbps | SE = 0.01427 bit/s/Hz
43713[UE 5 | RB 1] Throughput = 1.30830 Mbps | SE = 0.03428 bit/s/Hz
43823[UE 5 | RB 1] Throughput = 1.08934 Mbps | SE = 0.02855 bit/s/Hz
43923[UE 5 | RB 1] Throughput = 1.19780 Mbps | SE = 0.03139 bit/s/Hz
44023[UE 5 | RB 1] Throughput = 1.07825 Mbps | SE = 0.02826 bit/s/Hz
44133[UE 5 | RB 1] Throughput = 1.19920 Mbps | SE = 0.03143 bit/s/Hz
44243[UE 5 | RB 1] Throughput = 0.65288 Mbps | SE = 0.01711 bit/s/Hz
44353[UE 5 | RB 1] Throughput = 1.52918 Mbps | SE = 0.04007 bit/s/Hz
44453[UE 5 | RB 1] Throughput = 0.71845 Mbps | SE = 0.01883 bit/s/Hz
44553[UE 5 | RB 1] Throughput = 1.43745 Mbps | SE = 0.03767 bit/s/Hz
44662[UE 5 | RB 1] Throughput = 0.98257 Mbps | SE = 0.02575 bit/s/Hz
44763[UE 5 | RB 1] Throughput = 0.71585 Mbps | SE = 0.01876 bit/s/Hz
44873[UE 5 | RB 1] Throughput = 1.09326 Mbps | SE = 0.02865 bit/s/Hz
44973[UE 5 | RB 1] Throughput = 1.31775 Mbps | SE = 0.03453 bit/s/Hz
45082[UE 5 | RB 1] Throughput = 0.98136 Mbps | SE = 0.02572 bit/s/Hz
45183[UE 5 | RB 1] Throughput = 1.07680 Mbps | SE = 0.02822 bit/s/Hz
45293[UE 5 | RB 1] Throughput = 1.19743 Mbps | SE = 0.03138 bit/s/Hz
45402[UE 5 | RB 1] Throughput = 1.09201 Mbps | SE = 0.02862 bit/s/Hz
45503[UE 5 | RB 1] Throughput = 0.59844 Mbps | SE = 0.01568 bit/s/Hz
45613[UE 5 | RB 1] Throughput = 1.19687 Mbps | SE = 0.03136 bit/s/Hz
45722[UE 5 | RB 1] Throughput = 0.98243 Mbps | SE = 0.02575 bit/s/Hz
45823[UE 5 | RB 1] Throughput = 1.31748 Mbps | SE = 0.03453 bit/s/Hz
45933[UE 5 | RB 1] Throughput = 1.19811 Mbps | SE = 0.03140 bit/s/Hz
46033[UE 5 | RB 1] Throughput = 1.19808 Mbps | SE = 0.03140 bit/s/Hz
46133[UE 5 | RB 1] Throughput = 0.83880 Mbps | SE = 0.02198 bit/s/Hz
46233[UE 5 | RB 1] Throughput = 1.19459 Mbps | SE = 0.03130 bit/s/Hz
46343[UE 5 | RB 1] Throughput = 0.65409 Mbps | SE = 0.01714 bit/s/Hz
46453[UE 5 | RB 1] Throughput = 1.08963 Mbps | SE = 0.02855 bit/s/Hz
46563[UE 5 | RB 1] Throughput = 1.20033 Mbps | SE = 0.03146 bit/s/Hz
46672[UE 5 | RB 1] Throughput = 1.09142 Mbps | SE = 0.02860 bit/s/Hz
46773[UE 5 | RB 1] Throughput = 1.43517 Mbps | SE = 0.03761 bit/s/Hz
46882[UE 5 | RB 1] Throughput = 0.65536 Mbps | SE = 0.01717 bit/s/Hz
46983[UE 5 | RB 1] Throughput = 1.43521 Mbps | SE = 0.03761 bit/s/Hz
47093[UE 5 | RB 1] Throughput = 0.65319 Mbps | SE = 0.01712 bit/s/Hz
47193[UE 5 | RB 1] Throughput = 1.43683 Mbps | SE = 0.03765 bit/s/Hz
47302[UE 5 | RB 1] Throughput = 1.09328 Mbps | SE = 0.02865 bit/s/Hz
47402[UE 5 | RB 1] Throughput = 0.83810 Mbps | SE = 0.02196 bit/s/Hz
47503[UE 5 | RB 1] Throughput = 1.31670 Mbps | SE = 0.03450 bit/s/Hz
47603[UE 5 | RB 1] Throughput = 0.59866 Mbps | SE = 0.01569 bit/s/Hz
47703[UE 5 | RB 1] Throughput = 1.31804 Mbps | SE = 0.03454 bit/s/Hz
47803[UE 5 | RB 1] Throughput = 1.19563 Mbps | SE = 0.03133 bit/s/Hz
47913[UE 5 | RB 1] Throughput = 1.20115 Mbps | SE = 0.03148 bit/s/Hz
48023[UE 5 | RB 1] Throughput = 0.97845 Mbps | SE = 0.02564 bit/s/Hz
48133[UE 5 | RB 1] Throughput = 0.98358 Mbps | SE = 0.02578 bit/s/Hz
48233[UE 5 | RB 1] Throughput = 1.19725 Mbps | SE = 0.03137 bit/s/Hz
48343[UE 5 | RB 1] Throughput = 0.65412 Mbps | SE = 0.01714 bit/s/Hz
48443[UE 5 | RB 1] Throughput = 1.31683 Mbps | SE = 0.03451 bit/s/Hz
48552[UE 5 | RB 1] Throughput = 1.20088 Mbps | SE = 0.03147 bit/s/Hz
48653[UE 5 | RB 1] Throughput = 0.71758 Mbps | SE = 0.01880 bit/s/Hz
48753[UE 5 | RB 1] Throughput = 1.43285 Mbps | SE = 0.03755 bit/s/Hz
48863[UE 5 | RB 1] Throughput = 1.20260 Mbps | SE = 0.03151 bit/s/Hz
48972[UE 5 | RB 1] Throughput = 0.98210 Mbps | SE = 0.02574 bit/s/Hz
49073[UE 5 | RB 1] Throughput = 0.95814 Mbps | SE = 0.02511 bit/s/Hz
49173[UE 5 | RB 1] Throughput = 0.95555 Mbps | SE = 0.02504 bit/s/Hz
49283[UE 5 | RB 1] Throughput = 0.98149 Mbps | SE = 0.02572 bit/s/Hz
49383[UE 5 | RB 1] Throughput = 1.31692 Mbps | SE = 0.03451 bit/s/Hz
49493[UE 5 | RB 1] Throughput = 1.08985 Mbps | SE = 0.02856 bit/s/Hz
49603[UE 5 | RB 1] Throughput = 1.08990 Mbps | SE = 0.02856 bit/s/Hz
49713[UE 5 | RB 1] Throughput = 0.98051 Mbps | SE = 0.02569 bit/s/Hz
49813[UE 5 | RB 1] Throughput = 1.07834 Mbps | SE = 0.02826 bit/s/Hz
49913[UE 5 | RB 1] Throughput = 0.95827 Mbps | SE = 0.02511 bit/s/Hz
50023[UE 5 | RB 1] Throughput = 1.20086 Mbps | SE = 0.03147 bit/s/Hz
50132[UE 5 | RB 1] Throughput = 0.98164 Mbps | SE = 0.02572 bit/s/Hz
50243[UE 5 | RB 1] Throughput = 0.97995 Mbps | SE = 0.02568 bit/s/Hz
50343[UE 5 | RB 1] Throughput = 1.19637 Mbps | SE = 0.03135 bit/s/Hz
50443[UE 5 | RB 1] Throughput = 1.31790 Mbps | SE = 0.03454 bit/s/Hz
50553[UE 5 | RB 1] Throughput = 0.65381 Mbps | SE = 0.01713 bit/s/Hz
50653[UE 5 | RB 1] Throughput = 1.07812 Mbps | SE = 0.02825 bit/s/Hz
50763[UE 5 | RB 1] Throughput = 1.09149 Mbps | SE = 0.02860 bit/s/Hz
50872[UE 5 | RB 1] Throughput = 1.19894 Mbps | SE = 0.03142 bit/s/Hz
50973[UE 5 | RB 1] Throughput = 1.19646 Mbps | SE = 0.03135 bit/s/Hz
51073[UE 5 | RB 1] Throughput = 1.19528 Mbps | SE = 0.03132 bit/s/Hz
51183[UE 5 | RB 1] Throughput = 1.09179 Mbps | SE = 0.02861 bit/s/Hz
51293[UE 5 | RB 1] Throughput = 0.87179 Mbps | SE = 0.02285 bit/s/Hz
51403[UE 5 | RB 1] Throughput = 0.76130 Mbps | SE = 0.01995 bit/s/Hz
51513[UE 5 | RB 1] Throughput = 1.20029 Mbps | SE = 0.03145 bit/s/Hz
51613[UE 5 | RB 1] Throughput = 1.19814 Mbps | SE = 0.03140 bit/s/Hz
51723[UE 5 | RB 1] Throughput = 0.97852 Mbps | SE = 0.02564 bit/s/Hz
51833[UE 5 | RB 1] Throughput = 1.09021 Mbps | SE = 0.02857 bit/s/Hz
51933[UE 5 | RB 1] Throughput = 1.19766 Mbps | SE = 0.03139 bit/s/Hz
52043[UE 5 | RB 1] Throughput = 1.19719 Mbps | SE = 0.03137 bit/s/Hz
52153[UE 5 | RB 1] Throughput = 1.09033 Mbps | SE = 0.02857 bit/s/Hz
52263[UE 5 | RB 1] Throughput = 0.98085 Mbps | SE = 0.02570 bit/s/Hz
52372[UE 5 | RB 1] Throughput = 1.09365 Mbps | SE = 0.02866 bit/s/Hz
52473[UE 5 | RB 1] Throughput = 0.71757 Mbps | SE = 0.01880 bit/s/Hz
52573[UE 5 | RB 1] Throughput = 1.31721 Mbps | SE = 0.03452 bit/s/Hz
52673[UE 5 | RB 1] Throughput = 1.07642 Mbps | SE = 0.02821 bit/s/Hz
52783[UE 5 | RB 1] Throughput = 1.09238 Mbps | SE = 0.02863 bit/s/Hz
52893[UE 5 | RB 1] Throughput = 0.98032 Mbps | SE = 0.02569 bit/s/Hz
53003[UE 5 | RB 1] Throughput = 1.08951 Mbps | SE = 0.02855 bit/s/Hz
53113[UE 5 | RB 1] Throughput = 0.98164 Mbps | SE = 0.02572 bit/s/Hz
53213[UE 5 | RB 1] Throughput = 1.07643 Mbps | SE = 0.02821 bit/s/Hz
53323[UE 5 | RB 1] Throughput = 1.09162 Mbps | SE = 0.02861 bit/s/Hz
53423[UE 5 | RB 1] Throughput = 1.31759 Mbps | SE = 0.03453 bit/s/Hz
53533[UE 5 | RB 1] Throughput = 0.87052 Mbps | SE = 0.02281 bit/s/Hz
53642[UE 5 | RB 1] Throughput = 1.09189 Mbps | SE = 0.02861 bit/s/Hz
53743[UE 5 | RB 1] Throughput = 1.07791 Mbps | SE = 0.02825 bit/s/Hz
53843[UE 5 | RB 1] Throughput = 0.95813 Mbps | SE = 0.02511 bit/s/Hz
53953[UE 5 | RB 1] Throughput = 0.98093 Mbps | SE = 0.02571 bit/s/Hz
54062[UE 5 | RB 1] Throughput = 1.30809 Mbps | SE = 0.03428 bit/s/Hz
54163[UE 5 | RB 1] Throughput = 1.07617 Mbps | SE = 0.02820 bit/s/Hz
54273[UE 5 | RB 1] Throughput = 0.75888 Mbps | SE = 0.01989 bit/s/Hz
54383[UE 5 | RB 1] Throughput = 1.20385 Mbps | SE = 0.03155 bit/s/Hz
54492[UE 5 | RB 1] Throughput = 1.31203 Mbps | SE = 0.03438 bit/s/Hz
54593[UE 5 | RB 1] Throughput = 1.07528 Mbps | SE = 0.02818 bit/s/Hz
54693[UE 5 | RB 1] Throughput = 0.83746 Mbps | SE = 0.02195 bit/s/Hz
54803[UE 5 | RB 1] Throughput = 1.09108 Mbps | SE = 0.02859 bit/s/Hz
54913[UE 5 | RB 1] Throughput = 0.98051 Mbps | SE = 0.02569 bit/s/Hz
55013[UE 5 | RB 1] Throughput = 1.31545 Mbps | SE = 0.03447 bit/s/Hz
55113[UE 5 | RB 1] Throughput = 1.19772 Mbps | SE = 0.03139 bit/s/Hz
55213[UE 5 | RB 1] Throughput = 0.59889 Mbps | SE = 0.01569 bit/s/Hz
55323[UE 5 | RB 1] Throughput = 1.20241 Mbps | SE = 0.03151 bit/s/Hz
55433[UE 5 | RB 1] Throughput = 1.09019 Mbps | SE = 0.02857 bit/s/Hz
55543[UE 5 | RB 1] Throughput = 1.19874 Mbps | SE = 0.03141 bit/s/Hz
55643[UE 5 | RB 1] Throughput = 1.07470 Mbps | SE = 0.02816 bit/s/Hz
55753[UE 5 | RB 1] Throughput = 0.98146 Mbps | SE = 0.02572 bit/s/Hz
55863[UE 5 | RB 1] Throughput = 1.20017 Mbps | SE = 0.03145 bit/s/Hz
55963[UE 5 | RB 1] Throughput = 0.83792 Mbps | SE = 0.02196 bit/s/Hz
56073[UE 5 | RB 1] Throughput = 1.09032 Mbps | SE = 0.02857 bit/s/Hz
56182[UE 5 | RB 1] Throughput = 1.19989 Mbps | SE = 0.03144 bit/s/Hz
56283[UE 5 | RB 1] Throughput = 0.71801 Mbps | SE = 0.01882 bit/s/Hz
56393[UE 5 | RB 1] Throughput = 1.30758 Mbps | SE = 0.03427 bit/s/Hz
56493[UE 5 | RB 1] Throughput = 1.31624 Mbps | SE = 0.03449 bit/s/Hz
56603[UE 5 | RB 1] Throughput = 1.08678 Mbps | SE = 0.02848 bit/s/Hz
56712[UE 5 | RB 1] Throughput = 0.65709 Mbps | SE = 0.01722 bit/s/Hz
56813[UE 5 | RB 1] Throughput = 1.31669 Mbps | SE = 0.03450 bit/s/Hz
56913[UE 5 | RB 1] Throughput = 1.07813 Mbps | SE = 0.02825 bit/s/Hz
57013[UE 5 | RB 1] Throughput = 0.83833 Mbps | SE = 0.02197 bit/s/Hz
57113[UE 5 | RB 1] Throughput = 1.19719 Mbps | SE = 0.03137 bit/s/Hz
57223[UE 5 | RB 1] Throughput = 1.19892 Mbps | SE = 0.03142 bit/s/Hz
57323[UE 5 | RB 1] Throughput = 0.71839 Mbps | SE = 0.01883 bit/s/Hz
57433[UE 5 | RB 1] Throughput = 1.41803 Mbps | SE = 0.03716 bit/s/Hz
57533[UE 5 | RB 1] Throughput = 0.71826 Mbps | SE = 0.01882 bit/s/Hz
57633[UE 5 | RB 1] Throughput = 1.43584 Mbps | SE = 0.03763 bit/s/Hz
57743[UE 5 | RB 1] Throughput = 0.76486 Mbps | SE = 0.02004 bit/s/Hz
57853[UE 5 | RB 1] Throughput = 1.09056 Mbps | SE = 0.02858 bit/s/Hz
57962[UE 5 | RB 1] Throughput = 1.30940 Mbps | SE = 0.03431 bit/s/Hz
58062[UE 5 | RB 1] Throughput = 0.71828 Mbps | SE = 0.01882 bit/s/Hz
58173[UE 5 | RB 1] Throughput = 1.19772 Mbps | SE = 0.03139 bit/s/Hz
58273[UE 5 | RB 1] Throughput = 1.31788 Mbps | SE = 0.03454 bit/s/Hz
58373[UE 5 | RB 1] Throughput = 0.95855 Mbps | SE = 0.02512 bit/s/Hz
58473[UE 5 | RB 1] Throughput = 0.71663 Mbps | SE = 0.01878 bit/s/Hz
58573[UE 5 | RB 1] Throughput = 1.43649 Mbps | SE = 0.03764 bit/s/Hz
58682[UE 5 | RB 1] Throughput = 1.20524 Mbps | SE = 0.03158 bit/s/Hz
58782[UE 5 | RB 1] Throughput = 0.83839 Mbps | SE = 0.02197 bit/s/Hz
58882[UE 5 | RB 1] Throughput = 0.71887 Mbps | SE = 0.01884 bit/s/Hz
58992[UE 5 | RB 1] Throughput = 1.30771 Mbps | SE = 0.03427 bit/s/Hz
59093[UE 5 | RB 1] Throughput = 1.43560 Mbps | SE = 0.03762 bit/s/Hz
59193[UE 5 | RB 1] Throughput = 0.71894 Mbps | SE = 0.01884 bit/s/Hz
59293[UE 5 | RB 1] Throughput = 0.83839 Mbps | SE = 0.02197 bit/s/Hz
59403[UE 5 | RB 1] Throughput = 1.30446 Mbps | SE = 0.03418 bit/s/Hz
59513[UE 5 | RB 1] Throughput = 1.20184 Mbps | SE = 0.03149 bit/s/Hz
59613[UE 5 | RB 1] Throughput = 1.19780 Mbps | SE = 0.03139 bit/s/Hz
59723[UE 5 | RB 1] Throughput = 0.98118 Mbps | SE = 0.02571 bit/s/Hz
59823[UE 5 | RB 1] Throughput = 1.07642 Mbps | SE = 0.02821 bit/s/Hz
59923[UE 5 | RB 1] Throughput = 0.71850 Mbps | SE = 0.01883 bit/s/Hz
60023[UE 5 | RB 1] Throughput = 1.43805 Mbps | SE = 0.03768 bit/s/Hz
60133[UE 5 | RB 1] Throughput = 0.98107 Mbps | SE = 0.02571 bit/s/Hz
60243[UE 5 | RB 1] Throughput = 1.08766 Mbps | SE = 0.02850 bit/s/Hz
60353[UE 5 | RB 1] Throughput = 0.98151 Mbps | SE = 0.02572 bit/s/Hz
60463[UE 5 | RB 1] Throughput = 1.19638 Mbps | SE = 0.03135 bit/s/Hz
60563[UE 5 | RB 1] Throughput = 0.83806 Mbps | SE = 0.02196 bit/s/Hz
60673[UE 5 | RB 1] Throughput = 1.20494 Mbps | SE = 0.03158 bit/s/Hz
60773[UE 5 | RB 1] Throughput = 0.95722 Mbps | SE = 0.02508 bit/s/Hz
60873[UE 5 | RB 1] Throughput = 1.19738 Mbps | SE = 0.03138 bit/s/Hz
60973[UE 5 | RB 1] Throughput = 1.07847 Mbps | SE = 0.02826 bit/s/Hz
61083[UE 5 | RB 1] Throughput = 1.08877 Mbps | SE = 0.02853 bit/s/Hz
61193[UE 5 | RB 1] Throughput = 0.98224 Mbps | SE = 0.02574 bit/s/Hz
61293[UE 5 | RB 1] Throughput = 1.19681 Mbps | SE = 0.03136 bit/s/Hz
61393[UE 5 | RB 1] Throughput = 0.83820 Mbps | SE = 0.02197 bit/s/Hz
61503[UE 5 | RB 1] Throughput = 1.08892 Mbps | SE = 0.02854 bit/s/Hz
61603[UE 5 | RB 1] Throughput = 1.07812 Mbps | SE = 0.02825 bit/s/Hz
61713[UE 5 | RB 1] Throughput = 1.30889 Mbps | SE = 0.03430 bit/s/Hz
61823[UE 5 | RB 1] Throughput = 0.54418 Mbps | SE = 0.01426 bit/s/Hz
61923[UE 5 | RB 1] Throughput = 1.43716 Mbps | SE = 0.03766 bit/s/Hz
62033[UE 5 | RB 1] Throughput = 1.19892 Mbps | SE = 0.03142 bit/s/Hz
62143[UE 5 | RB 1] Throughput = 0.87069 Mbps | SE = 0.02282 bit/s/Hz
62253[UE 5 | RB 1] Throughput = 1.20050 Mbps | SE = 0.03146 bit/s/Hz
62353[UE 5 | RB 1] Throughput = 1.19836 Mbps | SE = 0.03140 bit/s/Hz
62453[UE 5 | RB 1] Throughput = 0.59916 Mbps | SE = 0.01570 bit/s/Hz
62563[UE 5 | RB 1] Throughput = 1.19927 Mbps | SE = 0.03143 bit/s/Hz
62663[UE 5 | RB 1] Throughput = 1.31702 Mbps | SE = 0.03451 bit/s/Hz
62773[UE 5 | RB 1] Throughput = 1.09168 Mbps | SE = 0.02861 bit/s/Hz
62873[UE 5 | RB 1] Throughput = 1.07749 Mbps | SE = 0.02824 bit/s/Hz
62973[UE 5 | RB 1] Throughput = 1.07628 Mbps | SE = 0.02820 bit/s/Hz
63083[UE 5 | RB 1] Throughput = 0.87376 Mbps | SE = 0.02290 bit/s/Hz
63183[UE 5 | RB 1] Throughput = 1.19783 Mbps | SE = 0.03139 bit/s/Hz
63283[UE 5 | RB 1] Throughput = 1.07441 Mbps | SE = 0.02816 bit/s/Hz
63393[UE 5 | RB 1] Throughput = 1.20443 Mbps | SE = 0.03156 bit/s/Hz
63493[UE 5 | RB 1] Throughput = 1.07636 Mbps | SE = 0.02821 bit/s/Hz
63593[UE 5 | RB 1] Throughput = 1.07733 Mbps | SE = 0.02823 bit/s/Hz
63693[UE 5 | RB 1] Throughput = 0.71897 Mbps | SE = 0.01884 bit/s/Hz
63803[UE 5 | RB 1] Throughput = 1.08790 Mbps | SE = 0.02851 bit/s/Hz
63913[UE 5 | RB 1] Throughput = 1.20163 Mbps | SE = 0.03149 bit/s/Hz
64013[UE 5 | RB 1] Throughput = 1.07719 Mbps | SE = 0.02823 bit/s/Hz
64123[UE 5 | RB 1] Throughput = 1.20047 Mbps | SE = 0.03146 bit/s/Hz
64223[UE 5 | RB 1] Throughput = 1.07640 Mbps | SE = 0.02821 bit/s/Hz
64333[UE 5 | RB 1] Throughput = 0.76380 Mbps | SE = 0.02002 bit/s/Hz
64433[UE 5 | RB 1] Throughput = 1.31761 Mbps | SE = 0.03453 bit/s/Hz
64533[UE 5 | RB 1] Throughput = 1.19835 Mbps | SE = 0.03140 bit/s/Hz
64633[UE 5 | RB 1] Throughput = 0.71898 Mbps | SE = 0.01884 bit/s/Hz
64743[UE 5 | RB 1] Throughput = 1.08755 Mbps | SE = 0.02850 bit/s/Hz
64853[UE 5 | RB 1] Throughput = 1.31373 Mbps | SE = 0.03443 bit/s/Hz
64953[UE 5 | RB 1] Throughput = 0.95776 Mbps | SE = 0.02510 bit/s/Hz
65053[UE 5 | RB 1] Throughput = 0.95588 Mbps | SE = 0.02505 bit/s/Hz
65163[UE 5 | RB 1] Throughput = 0.98275 Mbps | SE = 0.02575 bit/s/Hz
65263[UE 5 | RB 1] Throughput = 1.31273 Mbps | SE = 0.03440 bit/s/Hz
65373[UE 5 | RB 1] Throughput = 1.09207 Mbps | SE = 0.02862 bit/s/Hz
65483[UE 5 | RB 1] Throughput = 0.97965 Mbps | SE = 0.02567 bit/s/Hz
65593[UE 5 | RB 1] Throughput = 1.09025 Mbps | SE = 0.02857 bit/s/Hz
65693[UE 5 | RB 1] Throughput = 1.07481 Mbps | SE = 0.02817 bit/s/Hz
65803[UE 5 | RB 1] Throughput = 1.09339 Mbps | SE = 0.02865 bit/s/Hz
65903[UE 5 | RB 1] Throughput = 1.19787 Mbps | SE = 0.03139 bit/s/Hz
66013[UE 5 | RB 1] Throughput = 0.98017 Mbps | SE = 0.02569 bit/s/Hz
66113[UE 5 | RB 1] Throughput = 0.95799 Mbps | SE = 0.02510 bit/s/Hz
66213[UE 5 | RB 1] Throughput = 1.19718 Mbps | SE = 0.03137 bit/s/Hz
66323[UE 5 | RB 1] Throughput = 1.09366 Mbps | SE = 0.02866 bit/s/Hz
66433[UE 5 | RB 1] Throughput = 0.97767 Mbps | SE = 0.02562 bit/s/Hz
66542[UE 5 | RB 1] Throughput = 1.09416 Mbps | SE = 0.02867 bit/s/Hz
66643[UE 5 | RB 1] Throughput = 0.83561 Mbps | SE = 0.02190 bit/s/Hz
66743[UE 5 | RB 1] Throughput = 1.43301 Mbps | SE = 0.03755 bit/s/Hz
66843[UE 5 | RB 1] Throughput = 0.95830 Mbps | SE = 0.02511 bit/s/Hz
66953[UE 5 | RB 1] Throughput = 1.09667 Mbps | SE = 0.02874 bit/s/Hz
67053[UE 5 | RB 1] Throughput = 0.71675 Mbps | SE = 0.01878 bit/s/Hz
67163[UE 5 | RB 1] Throughput = 1.19888 Mbps | SE = 0.03142 bit/s/Hz
67263[UE 5 | RB 1] Throughput = 1.31545 Mbps | SE = 0.03447 bit/s/Hz
67373[UE 5 | RB 1] Throughput = 0.76422 Mbps | SE = 0.02003 bit/s/Hz
67473[UE 5 | RB 1] Throughput = 1.31803 Mbps | SE = 0.03454 bit/s/Hz
67573[UE 5 | RB 1] Throughput = 1.19745 Mbps | SE = 0.03138 bit/s/Hz
67673[UE 5 | RB 1] Throughput = 0.59850 Mbps | SE = 0.01568 bit/s/Hz
67783[UE 5 | RB 1] Throughput = 1.41701 Mbps | SE = 0.03713 bit/s/Hz
67883[UE 5 | RB 1] Throughput = 1.07800 Mbps | SE = 0.02825 bit/s/Hz
67983[UE 5 | RB 1] Throughput = 1.07772 Mbps | SE = 0.02824 bit/s/Hz
68093[UE 5 | RB 1] Throughput = 1.19776 Mbps | SE = 0.03139 bit/s/Hz
68203[UE 5 | RB 1] Throughput = 0.65393 Mbps | SE = 0.01714 bit/s/Hz
68313[UE 5 | RB 1] Throughput = 1.41824 Mbps | SE = 0.03717 bit/s/Hz
68413[UE 5 | RB 1] Throughput = 0.59813 Mbps | SE = 0.01567 bit/s/Hz
68523[UE 5 | RB 1] Throughput = 1.09028 Mbps | SE = 0.02857 bit/s/Hz
68633[UE 5 | RB 1] Throughput = 1.30775 Mbps | SE = 0.03427 bit/s/Hz
68743[UE 5 | RB 1] Throughput = 1.31060 Mbps | SE = 0.03434 bit/s/Hz
68843[UE 5 | RB 1] Throughput = 0.59802 Mbps | SE = 0.01567 bit/s/Hz
68943[UE 5 | RB 1] Throughput = 1.31670 Mbps | SE = 0.03450 bit/s/Hz
69043[UE 5 | RB 1] Throughput = 0.95560 Mbps | SE = 0.02504 bit/s/Hz
69153[UE 5 | RB 1] Throughput = 1.31250 Mbps | SE = 0.03439 bit/s/Hz
69263[UE 5 | RB 1] Throughput = 0.98162 Mbps | SE = 0.02572 bit/s/Hz
69363[UE 5 | RB 1] Throughput = 0.59839 Mbps | SE = 0.01568 bit/s/Hz
69473[UE 5 | RB 1] Throughput = 1.30723 Mbps | SE = 0.03426 bit/s/Hz
69573[UE 5 | RB 1] Throughput = 1.31662 Mbps | SE = 0.03450 bit/s/Hz
69683[UE 5 | RB 1] Throughput = 1.09196 Mbps | SE = 0.02862 bit/s/Hz
69783[UE 5 | RB 1] Throughput = 0.71729 Mbps | SE = 0.01880 bit/s/Hz
69893[UE 5 | RB 1] Throughput = 0.98161 Mbps | SE = 0.02572 bit/s/Hz
70003[UE 5 | RB 1] Throughput = 1.08997 Mbps | SE = 0.02856 bit/s/Hz
70113[UE 5 | RB 1] Throughput = 1.08917 Mbps | SE = 0.02854 bit/s/Hz
70213[UE 5 | RB 1] Throughput = 1.43653 Mbps | SE = 0.03764 bit/s/Hz
70313[UE 5 | RB 1] Throughput = 0.83797 Mbps | SE = 0.02196 bit/s/Hz
70423[UE 5 | RB 1] Throughput = 0.98329 Mbps | SE = 0.02577 bit/s/Hz
70533[UE 5 | RB 1] Throughput = 1.08980 Mbps | SE = 0.02856 bit/s/Hz
70633[UE 5 | RB 1] Throughput = 0.95848 Mbps | SE = 0.02512 bit/s/Hz
70733[UE 5 | RB 1] Throughput = 1.43299 Mbps | SE = 0.03755 bit/s/Hz
70843[UE 5 | RB 1] Throughput = 0.98113 Mbps | SE = 0.02571 bit/s/Hz
70954[UE 5 | RB 1] Throughput = 0.75921 Mbps | SE = 0.01990 bit/s/Hz
71063[UE 5 | RB 1] Throughput = 1.20531 Mbps | SE = 0.03159 bit/s/Hz
71163[UE 5 | RB 1] Throughput = 1.07840 Mbps | SE = 0.02826 bit/s/Hz
71273[UE 5 | RB 1] Throughput = 1.31049 Mbps | SE = 0.03434 bit/s/Hz
71373[UE 5 | RB 1] Throughput = 1.07597 Mbps | SE = 0.02820 bit/s/Hz
71473[UE 5 | RB 1] Throughput = 0.95841 Mbps | SE = 0.02512 bit/s/Hz
71583[UE 5 | RB 1] Throughput = 1.08797 Mbps | SE = 0.02851 bit/s/Hz
71693[UE 5 | RB 1] Throughput = 1.20141 Mbps | SE = 0.03148 bit/s/Hz
71803[UE 5 | RB 1] Throughput = 0.65298 Mbps | SE = 0.01711 bit/s/Hz
71913[UE 5 | RB 1] Throughput = 1.19869 Mbps | SE = 0.03141 bit/s/Hz
72023[UE 5 | RB 1] Throughput = 1.19934 Mbps | SE = 0.03143 bit/s/Hz
72123[UE 5 | RB 1] Throughput = 1.19829 Mbps | SE = 0.03140 bit/s/Hz
72223[UE 5 | RB 1] Throughput = 0.83689 Mbps | SE = 0.02193 bit/s/Hz
72323[UE 5 | RB 1] Throughput = 1.19810 Mbps | SE = 0.03140 bit/s/Hz
72433[UE 5 | RB 1] Throughput = 1.19946 Mbps | SE = 0.03143 bit/s/Hz
72543[UE 5 | RB 1] Throughput = 1.08873 Mbps | SE = 0.02853 bit/s/Hz
72653[UE 5 | RB 1] Throughput = 0.98128 Mbps | SE = 0.02571 bit/s/Hz
72753[UE 5 | RB 1] Throughput = 1.19759 Mbps | SE = 0.03138 bit/s/Hz
72863[UE 5 | RB 1] Throughput = 1.08991 Mbps | SE = 0.02856 bit/s/Hz
72963[UE 5 | RB 1] Throughput = 0.59882 Mbps | SE = 0.01569 bit/s/Hz
73073[UE 5 | RB 1] Throughput = 1.30825 Mbps | SE = 0.03428 bit/s/Hz
73183[UE 5 | RB 1] Throughput = 1.08968 Mbps | SE = 0.02856 bit/s/Hz
73283[UE 5 | RB 1] Throughput = 0.95756 Mbps | SE = 0.02509 bit/s/Hz
73383[UE 5 | RB 1] Throughput = 1.31485 Mbps | SE = 0.03446 bit/s/Hz
73493[UE 5 | RB 1] Throughput = 1.09271 Mbps | SE = 0.02864 bit/s/Hz
73603[UE 5 | RB 1] Throughput = 1.08874 Mbps | SE = 0.02853 bit/s/Hz
73713[UE 5 | RB 1] Throughput = 0.54586 Mbps | SE = 0.01430 bit/s/Hz
73813[UE 5 | RB 1] Throughput = 1.31646 Mbps | SE = 0.03450 bit/s/Hz
73923[UE 5 | RB 1] Throughput = 1.09151 Mbps | SE = 0.02860 bit/s/Hz
74023[UE 5 | RB 1] Throughput = 1.19628 Mbps | SE = 0.03135 bit/s/Hz
74133[UE 5 | RB 1] Throughput = 1.19638 Mbps | SE = 0.03135 bit/s/Hz
74233[UE 5 | RB 1] Throughput = 1.07590 Mbps | SE = 0.02819 bit/s/Hz
74343[UE 5 | RB 1] Throughput = 0.98201 Mbps | SE = 0.02573 bit/s/Hz
74453[UE 5 | RB 1] Throughput = 1.20149 Mbps | SE = 0.03149 bit/s/Hz
74563[UE 5 | RB 1] Throughput = 0.54446 Mbps | SE = 0.01427 bit/s/Hz
74673[UE 5 | RB 1] Throughput = 1.09079 Mbps | SE = 0.02858 bit/s/Hz
74783[UE 5 | RB 1] Throughput = 1.19967 Mbps | SE = 0.03144 bit/s/Hz
74883[UE 5 | RB 1] Throughput = 1.19589 Mbps | SE = 0.03134 bit/s/Hz
74993[UE 5 | RB 1] Throughput = 1.20173 Mbps | SE = 0.03149 bit/s/Hz
75093[UE 5 | RB 1] Throughput = 1.07627 Mbps | SE = 0.02820 bit/s/Hz
75203[UE 5 | RB 1] Throughput = 0.54385 Mbps | SE = 0.01425 bit/s/Hz
75313[UE 5 | RB 1] Throughput = 1.30800 Mbps | SE = 0.03428 bit/s/Hz
75423[UE 5 | RB 1] Throughput = 1.09169 Mbps | SE = 0.02861 bit/s/Hz
75523[UE 5 | RB 1] Throughput = 1.31699 Mbps | SE = 0.03451 bit/s/Hz
75623[UE 5 | RB 1] Throughput = 0.83744 Mbps | SE = 0.02195 bit/s/Hz
75733[UE 5 | RB 1] Throughput = 1.19788 Mbps | SE = 0.03139 bit/s/Hz
75843[UE 5 | RB 1] Throughput = 1.09011 Mbps | SE = 0.02857 bit/s/Hz
75943[UE 5 | RB 1] Throughput = 1.19683 Mbps | SE = 0.03136 bit/s/Hz
76043[UE 5 | RB 1] Throughput = 0.71885 Mbps | SE = 0.01884 bit/s/Hz
76153[UE 5 | RB 1] Throughput = 1.30949 Mbps | SE = 0.03432 bit/s/Hz
76263[UE 5 | RB 1] Throughput = 0.76345 Mbps | SE = 0.02001 bit/s/Hz
76363[UE 5 | RB 1] Throughput = 1.31810 Mbps | SE = 0.03454 bit/s/Hz
76463[UE 5 | RB 1] Throughput = 1.07842 Mbps | SE = 0.02826 bit/s/Hz
76573[UE 5 | RB 1] Throughput = 1.19656 Mbps | SE = 0.03136 bit/s/Hz
76683[UE 5 | RB 1] Throughput = 0.98095 Mbps | SE = 0.02571 bit/s/Hz
76783[UE 5 | RB 1] Throughput = 1.07677 Mbps | SE = 0.02822 bit/s/Hz
76893[UE 5 | RB 1] Throughput = 0.87400 Mbps | SE = 0.02290 bit/s/Hz
76993[UE 5 | RB 1] Throughput = 1.07474 Mbps | SE = 0.02816 bit/s/Hz
77093[UE 5 | RB 1] Throughput = 0.95806 Mbps | SE = 0.02511 bit/s/Hz
77203[UE 5 | RB 1] Throughput = 1.20272 Mbps | SE = 0.03152 bit/s/Hz
77303[UE 5 | RB 1] Throughput = 1.19726 Mbps | SE = 0.03137 bit/s/Hz
77413[UE 5 | RB 1] Throughput = 1.30543 Mbps | SE = 0.03421 bit/s/Hz
77523[UE 5 | RB 1] Throughput = 0.65608 Mbps | SE = 0.01719 bit/s/Hz
77623[UE 5 | RB 1] Throughput = 1.43541 Mbps | SE = 0.03762 bit/s/Hz
77723[UE 5 | RB 1] Throughput = 0.71642 Mbps | SE = 0.01877 bit/s/Hz
77833[UE 5 | RB 1] Throughput = 1.31085 Mbps | SE = 0.03435 bit/s/Hz
77933[UE 5 | RB 1] Throughput = 0.95769 Mbps | SE = 0.02510 bit/s/Hz
78033[UE 5 | RB 1] Throughput = 1.07664 Mbps | SE = 0.02821 bit/s/Hz
78143[UE 5 | RB 1] Throughput = 1.20030 Mbps | SE = 0.03145 bit/s/Hz
78243[UE 5 | RB 1] Throughput = 1.19835 Mbps | SE = 0.03140 bit/s/Hz
78353[UE 5 | RB 1] Throughput = 0.98039 Mbps | SE = 0.02569 bit/s/Hz
78463[UE 5 | RB 1] Throughput = 1.09027 Mbps | SE = 0.02857 bit/s/Hz
78564[UE 5 | RB 1] Throughput = 0.59615 Mbps | SE = 0.01562 bit/s/Hz
78673[UE 5 | RB 1] Throughput = 1.09410 Mbps | SE = 0.02867 bit/s/Hz
78783[UE 5 | RB 1] Throughput = 1.19864 Mbps | SE = 0.03141 bit/s/Hz
78893[UE 5 | RB 1] Throughput = 1.31068 Mbps | SE = 0.03435 bit/s/Hz
78993[UE 5 | RB 1] Throughput = 0.95664 Mbps | SE = 0.02507 bit/s/Hz
79093[UE 5 | RB 1] Throughput = 0.95776 Mbps | SE = 0.02510 bit/s/Hz
79203[UE 5 | RB 1] Throughput = 1.20023 Mbps | SE = 0.03145 bit/s/Hz
79303[UE 5 | RB 1] Throughput = 0.95829 Mbps | SE = 0.02511 bit/s/Hz
79403[UE 5 | RB 1] Throughput = 0.95745 Mbps | SE = 0.02509 bit/s/Hz
79513[UE 5 | RB 1] Throughput = 1.19583 Mbps | SE = 0.03134 bit/s/Hz
79623[UE 5 | RB 1] Throughput = 1.09242 Mbps | SE = 0.02863 bit/s/Hz
79723[UE 5 | RB 1] Throughput = 0.95843 Mbps | SE = 0.02512 bit/s/Hz
79823[UE 5 | RB 1] Throughput = 1.19551 Mbps | SE = 0.03133 bit/s/Hz
79933[UE 5 | RB 1] Throughput = 1.09390 Mbps | SE = 0.02867 bit/s/Hz
80033[UE 5 | RB 1] Throughput = 0.95772 Mbps | SE = 0.02510 bit/s/Hz
80133[UE 5 | RB 1] Throughput = 1.19645 Mbps | SE = 0.03135 bit/s/Hz
80233[UE 5 | RB 1] Throughput = 1.19791 Mbps | SE = 0.03139 bit/s/Hz
80343[UE 5 | RB 1] Throughput = 0.54616 Mbps | SE = 0.01431 bit/s/Hz
80443[UE 5 | RB 1] Throughput = 1.43696 Mbps | SE = 0.03766 bit/s/Hz
80543[UE 5 | RB 1] Throughput = 0.95857 Mbps | SE = 0.02512 bit/s/Hz
80653[UE 5 | RB 1] Throughput = 1.30674 Mbps | SE = 0.03424 bit/s/Hz
80763[UE 5 | RB 1] Throughput = 0.76323 Mbps | SE = 0.02000 bit/s/Hz
80873[UE 5 | RB 1] Throughput = 1.30688 Mbps | SE = 0.03425 bit/s/Hz
80973[UE 5 | RB 1] Throughput = 1.07680 Mbps | SE = 0.02822 bit/s/Hz
81083[UE 5 | RB 1] Throughput = 0.98087 Mbps | SE = 0.02570 bit/s/Hz
81193[UE 5 | RB 1] Throughput = 1.09093 Mbps | SE = 0.02859 bit/s/Hz
81303[UE 5 | RB 1] Throughput = 1.19982 Mbps | SE = 0.03144 bit/s/Hz
81403[UE 5 | RB 1] Throughput = 0.83854 Mbps | SE = 0.02197 bit/s/Hz
81503[UE 5 | RB 1] Throughput = 1.31773 Mbps | SE = 0.03453 bit/s/Hz
81603[UE 5 | RB 1] Throughput = 0.71866 Mbps | SE = 0.01883 bit/s/Hz
81713[UE 5 | RB 1] Throughput = 1.19880 Mbps | SE = 0.03142 bit/s/Hz
81813[UE 5 | RB 1] Throughput = 1.07841 Mbps | SE = 0.02826 bit/s/Hz
81913[UE 5 | RB 1] Throughput = 1.07748 Mbps | SE = 0.02824 bit/s/Hz
82023[UE 5 | RB 1] Throughput = 0.98222 Mbps | SE = 0.02574 bit/s/Hz
82123[UE 5 | RB 1] Throughput = 1.19775 Mbps | SE = 0.03139 bit/s/Hz
82223[UE 5 | RB 1] Throughput = 1.07834 Mbps | SE = 0.02826 bit/s/Hz
82323[UE 5 | RB 1] Throughput = 1.07854 Mbps | SE = 0.02826 bit/s/Hz
82423[UE 5 | RB 1] Throughput = 1.19712 Mbps | SE = 0.03137 bit/s/Hz
82523[UE 5 | RB 1] Throughput = 0.95869 Mbps | SE = 0.02512 bit/s/Hz
82623[UE 5 | RB 1] Throughput = 0.95765 Mbps | SE = 0.02510 bit/s/Hz
82723[UE 5 | RB 1] Throughput = 0.95863 Mbps | SE = 0.02512 bit/s/Hz
82833[UE 5 | RB 1] Throughput = 1.20071 Mbps | SE = 0.03147 bit/s/Hz
82933[UE 5 | RB 1] Throughput = 1.07755 Mbps | SE = 0.02824 bit/s/Hz
83043[UE 5 | RB 1] Throughput = 1.08764 Mbps | SE = 0.02850 bit/s/Hz
83153[UE 5 | RB 1] Throughput = 1.20041 Mbps | SE = 0.03146 bit/s/Hz
83253[UE 5 | RB 1] Throughput = 0.59824 Mbps | SE = 0.01568 bit/s/Hz
83363[UE 5 | RB 1] Throughput = 1.41710 Mbps | SE = 0.03714 bit/s/Hz
83463[UE 5 | RB 1] Throughput = 1.07725 Mbps | SE = 0.02823 bit/s/Hz
83563[UE 5 | RB 1] Throughput = 0.59873 Mbps | SE = 0.01569 bit/s/Hz
83673[UE 5 | RB 1] Throughput = 1.53251 Mbps | SE = 0.04016 bit/s/Hz
83773[UE 5 | RB 1] Throughput = 0.83572 Mbps | SE = 0.02190 bit/s/Hz
83883[UE 5 | RB 1] Throughput = 1.19904 Mbps | SE = 0.03142 bit/s/Hz
83993[UE 5 | RB 1] Throughput = 0.98201 Mbps | SE = 0.02573 bit/s/Hz
84093[UE 5 | RB 1] Throughput = 1.07754 Mbps | SE = 0.02824 bit/s/Hz
84193[UE 5 | RB 1] Throughput = 1.31774 Mbps | SE = 0.03453 bit/s/Hz
84303[UE 5 | RB 1] Throughput = 0.65239 Mbps | SE = 0.01710 bit/s/Hz
84413[UE 5 | RB 1] Throughput = 1.30956 Mbps | SE = 0.03432 bit/s/Hz
84523[UE 5 | RB 1] Throughput = 1.09036 Mbps | SE = 0.02857 bit/s/Hz
84623[UE 5 | RB 1] Throughput = 0.95847 Mbps | SE = 0.02512 bit/s/Hz
84733[UE 5 | RB 1] Throughput = 1.31001 Mbps | SE = 0.03433 bit/s/Hz
84833[UE 5 | RB 1] Throughput = 0.83818 Mbps | SE = 0.02196 bit/s/Hz
84933[UE 5 | RB 1] Throughput = 1.07716 Mbps | SE = 0.02823 bit/s/Hz
85033[UE 5 | RB 1] Throughput = 1.07836 Mbps | SE = 0.02826 bit/s/Hz
85133[UE 5 | RB 1] Throughput = 1.07791 Mbps | SE = 0.02825 bit/s/Hz
85243[UE 5 | RB 1] Throughput = 1.19725 Mbps | SE = 0.03137 bit/s/Hz
85353[UE 5 | RB 1] Throughput = 1.09027 Mbps | SE = 0.02857 bit/s/Hz
85463[UE 5 | RB 1] Throughput = 0.65392 Mbps | SE = 0.01714 bit/s/Hz
85563[UE 5 | RB 1] Throughput = 1.43614 Mbps | SE = 0.03763 bit/s/Hz
85673[UE 5 | RB 1] Throughput = 0.98291 Mbps | SE = 0.02576 bit/s/Hz
85773[UE 5 | RB 1] Throughput = 1.07719 Mbps | SE = 0.02823 bit/s/Hz
85883[UE 5 | RB 1] Throughput = 1.09092 Mbps | SE = 0.02859 bit/s/Hz
85983[UE 5 | RB 1] Throughput = 0.95835 Mbps | SE = 0.02511 bit/s/Hz
86083[UE 5 | RB 1] Throughput = 1.31592 Mbps | SE = 0.03448 bit/s/Hz
86183[UE 5 | RB 1] Throughput = 1.07662 Mbps | SE = 0.02821 bit/s/Hz
86293[UE 5 | RB 1] Throughput = 0.98346 Mbps | SE = 0.02577 bit/s/Hz
86403[UE 5 | RB 1] Throughput = 0.87072 Mbps | SE = 0.02282 bit/s/Hz
86513[UE 5 | RB 1] Throughput = 0.98102 Mbps | SE = 0.02571 bit/s/Hz
86613[UE 5 | RB 1] Throughput = 1.31811 Mbps | SE = 0.03454 bit/s/Hz
86713[UE 5 | RB 1] Throughput = 1.19731 Mbps | SE = 0.03138 bit/s/Hz
86823[UE 5 | RB 1] Throughput = 1.09013 Mbps | SE = 0.02857 bit/s/Hz
86933[UE 5 | RB 1] Throughput = 0.65439 Mbps | SE = 0.01715 bit/s/Hz
87033[UE 5 | RB 1] Throughput = 1.31650 Mbps | SE = 0.03450 bit/s/Hz
87143[UE 5 | RB 1] Throughput = 1.09066 Mbps | SE = 0.02858 bit/s/Hz
87253[UE 5 | RB 1] Throughput = 1.08951 Mbps | SE = 0.02855 bit/s/Hz
87353[UE 5 | RB 1] Throughput = 0.83792 Mbps | SE = 0.02196 bit/s/Hz
87453[UE 5 | RB 1] Throughput = 1.19661 Mbps | SE = 0.03136 bit/s/Hz
87554[UE 5 | RB 1] Throughput = 1.31270 Mbps | SE = 0.03440 bit/s/Hz
87663[UE 5 | RB 1] Throughput = 0.98734 Mbps | SE = 0.02587 bit/s/Hz
87763[UE 5 | RB 1] Throughput = 0.95708 Mbps | SE = 0.02508 bit/s/Hz
87873[UE 5 | RB 1] Throughput = 1.08712 Mbps | SE = 0.02849 bit/s/Hz
87983[UE 5 | RB 1] Throughput = 1.09172 Mbps | SE = 0.02861 bit/s/Hz
88093[UE 5 | RB 1] Throughput = 0.87132 Mbps | SE = 0.02283 bit/s/Hz
88193[UE 5 | RB 1] Throughput = 1.31817 Mbps | SE = 0.03454 bit/s/Hz
88303[UE 5 | RB 1] Throughput = 1.19632 Mbps | SE = 0.03135 bit/s/Hz
88413[UE 5 | RB 1] Throughput = 1.09127 Mbps | SE = 0.02860 bit/s/Hz
88514[UE 5 | RB 1] Throughput = 0.59728 Mbps | SE = 0.01565 bit/s/Hz
88614[UE 5 | RB 1] Throughput = 1.43295 Mbps | SE = 0.03755 bit/s/Hz
88723[UE 5 | RB 1] Throughput = 1.09534 Mbps | SE = 0.02870 bit/s/Hz
88833[UE 5 | RB 1] Throughput = 0.98208 Mbps | SE = 0.02574 bit/s/Hz
88943[UE 5 | RB 1] Throughput = 1.08856 Mbps | SE = 0.02853 bit/s/Hz
89043[UE 5 | RB 1] Throughput = 0.71843 Mbps | SE = 0.01883 bit/s/Hz
89153[UE 5 | RB 1] Throughput = 1.09050 Mbps | SE = 0.02858 bit/s/Hz
89253[UE 5 | RB 1] Throughput = 1.31700 Mbps | SE = 0.03451 bit/s/Hz
89363[UE 5 | RB 1] Throughput = 1.08954 Mbps | SE = 0.02855 bit/s/Hz
89463[UE 5 | RB 1] Throughput = 1.19806 Mbps | SE = 0.03140 bit/s/Hz
89563[UE 5 | RB 1] Throughput = 0.71873 Mbps | SE = 0.01883 bit/s/Hz
89673[UE 5 | RB 1] Throughput = 1.30964 Mbps | SE = 0.03432 bit/s/Hz
89773[UE 5 | RB 1] Throughput = 1.31625 Mbps | SE = 0.03449 bit/s/Hz
89883[UE 5 | RB 1] Throughput = 0.65381 Mbps | SE = 0.01713 bit/s/Hz
89983[UE 5 | RB 1] Throughput = 1.31713 Mbps | SE = 0.03452 bit/s/Hz
[xApp]: E42 RIC_SUBSCRIPTION_DELETE_REQUEST tx RAN_FUNC_ID 144 RIC_REQ_ID 1 
[xApp]: E42 SUBSCRIPTION DELETE RESPONSE rx
[xApp]: E42 RIC_SUBSCRIPTION_DELETE_REQUEST tx RAN_FUNC_ID 144 RIC_REQ_ID 2 
[xApp]: E42 SUBSCRIPTION DELETE RESPONSE rx
[xApp]: E42 RIC_SUBSCRIPTION_DELETE_REQUEST tx RAN_FUNC_ID 144 RIC_REQ_ID 3 
[xApp]: E42 SUBSCRIPTION DELETE RESPONSE rx
[xApp]: Sucessfully stopped 
Test xApp run SUCCESSFULLY
