[UTIL]: Setting the config -c file to /usr/local/etc/flexric/flexric.conf
[UTIL]: Setting path -p for the shared libraries to /usr/local/lib/flexric/
[xAapp]: Initializing ... 
[xApp]: nearRT-RIC IP Address = 192.168.70.150, PORT = 36422
[E2 AGENT]: Opening plugin from path = /usr/local/lib/flexric/libkpm_sm.so 
[E2 AGENT]: Opening plugin from path = /usr/local/lib/flexric/libmac_sm.so 
[E2 AGENT]: Opening plugin from path = /usr/local/lib/flexric/libpdcp_sm.so 
[E2 AGENT]: Opening plugin from path = /usr/local/lib/flexric/libgtp_sm.so 
[E2 AGENT]: Opening plugin from path = /usr/local/lib/flexric/librc_sm.so 
[E2 AGENT]: Opening plugin from path = /usr/local/lib/flexric/libtc_sm.so 
[E2 AGENT]: Opening plugin from path = /usr/local/lib/flexric/librlc_sm.so 
[E2 AGENT]: Opening plugin from path = /usr/local/lib/flexric/libslice_sm.so 
[NEAR-RIC]: Loading SM ID = 2 with def = ORAN-E2SM-KPM 
[NEAR-RIC]: Loading SM ID = 142 with def = MAC_STATS_V0 
[NEAR-RIC]: Loading SM ID = 144 with def = PDCP_STATS_V0 
[NEAR-RIC]: Loading SM ID = 148 with def = GTP_STATS_V0 
[NEAR-RIC]: Loading SM ID = 3 with def = ORAN-E2SM-RC 
[NEAR-RIC]: Loading SM ID = 146 with def = TC_STATS_V0 
[NEAR-RIC]: Loading SM ID = 143 with def = RLC_STATS_V0 
[NEAR-RIC]: Loading SM ID = 145 with def = SLICE_STATS_V0 
[xApp]: DB filename = /tmp/flexric/xapp_db 
 [xApp]: E42 SETUP-REQUEST tx
[xApp]: E42 SETUP-RESPONSE rx 
[xApp]: xApp ID = 105 
[xApp]: Registered E2 Nodes = 3 
Connected E2 nodes = 3
[xAPP] Registered node 0 ran func id = 2 
 [xAPP] Registered node 0 ran func id = 3 
 [xAPP] Registered node 0 ran func id = 142 
 [xAPP] Registered node 0 ran func id = 143 
 [xAPP] Registered node 0 ran func id = 144 
 [xAPP] Registered node 0 ran func id = 145 
 [xAPP] Registered node 0 ran func id = 146 
 [xAPP] Registered node 0 ran func id = 148 
 [xApp]: E42 RIC SUBSCRIPTION REQUEST tx RAN_FUNC_ID 144 RIC_REQ_ID 1 
[xApp]: SUBSCRIPTION RESPONSE rx
[xApp]: Successfully subscribed to RAN_FUNC_ID 144 
[xAPP] Registered node 1 ran func id = 2 
 [xAPP] Registered node 1 ran func id = 3 
 [xAPP] Registered node 1 ran func id = 142 
 [xAPP] Registered node 1 ran func id = 143 
 [xAPP] Registered node 1 ran func id = 144 
 [xAPP] Registered node 1 ran func id = 145 
 [xAPP] Registered node 1 ran func id = 146 
 [xAPP] Registered node 1 ran func id = 148 
 [xApp]: E42 RIC SUBSCRIPTION REQUEST tx RAN_FUNC_ID 144 RIC_REQ_ID 2 
[xApp]: SUBSCRIPTION RESPONSE rx
[xApp]: Successfully subscribed to RAN_FUNC_ID 144 
[xAPP] Registered node 2 ran func id = 2 
 [xAPP] Registered node 2 ran func id = 3 
 [xAPP] Registered node 2 ran func id = 142 
 [xAPP] Registered node 2 ran func id = 143 
 [xAPP] Registered node 2 ran func id = 144 
 [xAPP] Registered node 2 ran func id = 145 
 [xAPP] Registered node 2 ran func id = 146 
 [xAPP] Registered node 2 ran func id = 148 
 [xApp]: E42 RIC SUBSCRIPTION REQUEST tx RAN_FUNC_ID 144 RIC_REQ_ID 3 
[xApp]: SUBSCRIPTION RESPONSE rx
[xApp]: Successfully subscribed to RAN_FUNC_ID 144 
112[UE 5 | RB 1] Throughput = 1.07819 Mbps | SE = 0.02825 bit/s/Hz
212[UE 5 | RB 1] Throughput = 1.19535 Mbps | SE = 0.03132 bit/s/Hz
322[UE 5 | RB 1] Throughput = 0.87231 Mbps | SE = 0.02286 bit/s/Hz
432[UE 5 | RB 1] Throughput = 1.09124 Mbps | SE = 0.02860 bit/s/Hz
532[UE 5 | RB 1] Throughput = 1.19833 Mbps | SE = 0.03140 bit/s/Hz
632[UE 5 | RB 1] Throughput = 1.07566 Mbps | SE = 0.02819 bit/s/Hz
742[UE 5 | RB 1] Throughput = 0.76372 Mbps | SE = 0.02001 bit/s/Hz
842[UE 5 | RB 1] Throughput = 1.31755 Mbps | SE = 0.03453 bit/s/Hz
952[UE 5 | RB 1] Throughput = 0.98217 Mbps | SE = 0.02574 bit/s/Hz
1052[UE 5 | RB 1] Throughput = 1.31729 Mbps | SE = 0.03452 bit/s/Hz
1162[UE 5 | RB 1] Throughput = 0.65417 Mbps | SE = 0.01714 bit/s/Hz
1262[UE 5 | RB 1] Throughput = 1.31621 Mbps | SE = 0.03449 bit/s/Hz
1372[UE 5 | RB 1] Throughput = 1.09130 Mbps | SE = 0.02860 bit/s/Hz
1472[UE 5 | RB 1] Throughput = 1.07682 Mbps | SE = 0.02822 bit/s/Hz
1582[UE 5 | RB 1] Throughput = 1.19859 Mbps | SE = 0.03141 bit/s/Hz
1682[UE 5 | RB 1] Throughput = 0.95846 Mbps | SE = 0.02512 bit/s/Hz
1782[UE 5 | RB 1] Throughput = 1.07597 Mbps | SE = 0.02820 bit/s/Hz
1892[UE 5 | RB 1] Throughput = 1.09020 Mbps | SE = 0.02857 bit/s/Hz
2002[UE 5 | RB 1] Throughput = 0.98128 Mbps | SE = 0.02571 bit/s/Hz
2102[UE 5 | RB 1] Throughput = 1.31653 Mbps | SE = 0.03450 bit/s/Hz
2212[UE 5 | RB 1] Throughput = 0.98145 Mbps | SE = 0.02572 bit/s/Hz
2312[UE 5 | RB 1] Throughput = 1.19830 Mbps | SE = 0.03140 bit/s/Hz
2412[UE 5 | RB 1] Throughput = 0.47877 Mbps | SE = 0.01255 bit/s/Hz
2512[UE 5 | RB 1] Throughput = 1.67746 Mbps | SE = 0.04396 bit/s/Hz
2622[UE 5 | RB 1] Throughput = 0.65489 Mbps | SE = 0.01716 bit/s/Hz
2732[UE 5 | RB 1] Throughput = 1.09027 Mbps | SE = 0.02857 bit/s/Hz
2832[UE 5 | RB 1] Throughput = 1.19810 Mbps | SE = 0.03140 bit/s/Hz
2942[UE 5 | RB 1] Throughput = 1.20023 Mbps | SE = 0.03145 bit/s/Hz
3042[UE 5 | RB 1] Throughput = 1.07714 Mbps | SE = 0.02823 bit/s/Hz
3152[UE 5 | RB 1] Throughput = 1.08952 Mbps | SE = 0.02855 bit/s/Hz
3252[UE 5 | RB 1] Throughput = 0.71824 Mbps | SE = 0.01882 bit/s/Hz
3362[UE 5 | RB 1] Throughput = 1.30950 Mbps | SE = 0.03432 bit/s/Hz
3462[UE 5 | RB 1] Throughput = 0.71763 Mbps | SE = 0.01881 bit/s/Hz
3562[UE 5 | RB 1] Throughput = 1.55661 Mbps | SE = 0.04079 bit/s/Hz
3672[UE 5 | RB 1] Throughput = 1.09201 Mbps | SE = 0.02862 bit/s/Hz
3782[UE 5 | RB 1] Throughput = 1.08796 Mbps | SE = 0.02851 bit/s/Hz
3892[UE 5 | RB 1] Throughput = 1.09272 Mbps | SE = 0.02864 bit/s/Hz
3992[UE 5 | RB 1] Throughput = 1.07552 Mbps | SE = 0.02818 bit/s/Hz
4092[UE 5 | RB 1] Throughput = 0.95838 Mbps | SE = 0.02511 bit/s/Hz
4202[UE 5 | RB 1] Throughput = 0.97955 Mbps | SE = 0.02567 bit/s/Hz
4302[UE 5 | RB 1] Throughput = 0.83878 Mbps | SE = 0.02198 bit/s/Hz
4412[UE 5 | RB 1] Throughput = 1.08995 Mbps | SE = 0.02856 bit/s/Hz
4522[UE 5 | RB 1] Throughput = 1.41776 Mbps | SE = 0.03715 bit/s/Hz
4622[UE 5 | RB 1] Throughput = 0.95801 Mbps | SE = 0.02511 bit/s/Hz
4722[UE 5 | RB 1] Throughput = 0.83854 Mbps | SE = 0.02197 bit/s/Hz
4822[UE 5 | RB 1] Throughput = 1.31716 Mbps | SE = 0.03452 bit/s/Hz
4932[UE 5 | RB 1] Throughput = 0.98368 Mbps | SE = 0.02578 bit/s/Hz
5042[UE 5 | RB 1] Throughput = 1.09046 Mbps | SE = 0.02858 bit/s/Hz
5142[UE 5 | RB 1] Throughput = 1.19396 Mbps | SE = 0.03129 bit/s/Hz
5242[UE 5 | RB 1] Throughput = 0.71854 Mbps | SE = 0.01883 bit/s/Hz
5352[UE 5 | RB 1] Throughput = 1.31029 Mbps | SE = 0.03434 bit/s/Hz
5452[UE 5 | RB 1] Throughput = 0.95783 Mbps | SE = 0.02510 bit/s/Hz
5562[UE 5 | RB 1] Throughput = 1.19896 Mbps | SE = 0.03142 bit/s/Hz
5662[UE 5 | RB 1] Throughput = 0.95775 Mbps | SE = 0.02510 bit/s/Hz
5762[UE 5 | RB 1] Throughput = 0.95730 Mbps | SE = 0.02509 bit/s/Hz
5872[UE 5 | RB 1] Throughput = 1.09171 Mbps | SE = 0.02861 bit/s/Hz
5982[UE 5 | RB 1] Throughput = 1.30668 Mbps | SE = 0.03424 bit/s/Hz
6082[UE 5 | RB 1] Throughput = 0.71725 Mbps | SE = 0.01880 bit/s/Hz
6192[UE 5 | RB 1] Throughput = 1.20122 Mbps | SE = 0.03148 bit/s/Hz
6302[UE 5 | RB 1] Throughput = 1.08976 Mbps | SE = 0.02856 bit/s/Hz
6412[UE 5 | RB 1] Throughput = 1.08996 Mbps | SE = 0.02856 bit/s/Hz
6522[UE 5 | RB 1] Throughput = 0.97966 Mbps | SE = 0.02567 bit/s/Hz
6632[UE 5 | RB 1] Throughput = 1.19812 Mbps | SE = 0.03140 bit/s/Hz
6742[UE 5 | RB 1] Throughput = 1.08917 Mbps | SE = 0.02854 bit/s/Hz
6852[UE 5 | RB 1] Throughput = 1.19845 Mbps | SE = 0.03141 bit/s/Hz
6952[UE 5 | RB 1] Throughput = 0.71839 Mbps | SE = 0.01883 bit/s/Hz
7062[UE 5 | RB 1] Throughput = 1.19953 Mbps | SE = 0.03143 bit/s/Hz
7172[UE 5 | RB 1] Throughput = 0.98280 Mbps | SE = 0.02575 bit/s/Hz
7272[UE 5 | RB 1] Throughput = 1.19754 Mbps | SE = 0.03138 bit/s/Hz
7372[UE 5 | RB 1] Throughput = 0.95833 Mbps | SE = 0.02511 bit/s/Hz
7472[UE 5 | RB 1] Throughput = 1.19820 Mbps | SE = 0.03140 bit/s/Hz
7582[UE 5 | RB 1] Throughput = 0.97951 Mbps | SE = 0.02567 bit/s/Hz
7692[UE 5 | RB 1] Throughput = 1.08893 Mbps | SE = 0.02854 bit/s/Hz
7802[UE 5 | RB 1] Throughput = 0.97929 Mbps | SE = 0.02566 bit/s/Hz
7912[UE 5 | RB 1] Throughput = 1.09231 Mbps | SE = 0.02862 bit/s/Hz
8012[UE 5 | RB 1] Throughput = 1.31779 Mbps | SE = 0.03453 bit/s/Hz
8112[UE 5 | RB 1] Throughput = 0.71793 Mbps | SE = 0.01881 bit/s/Hz
8222[UE 5 | RB 1] Throughput = 1.31038 Mbps | SE = 0.03434 bit/s/Hz
8323[UE 5 | RB 1] Throughput = 1.07100 Mbps | SE = 0.02807 bit/s/Hz
8432[UE 5 | RB 1] Throughput = 0.98619 Mbps | SE = 0.02584 bit/s/Hz
8542[UE 5 | RB 1] Throughput = 0.87258 Mbps | SE = 0.02287 bit/s/Hz
8642[UE 5 | RB 1] Throughput = 1.31637 Mbps | SE = 0.03450 bit/s/Hz
8742[UE 5 | RB 1] Throughput = 1.19799 Mbps | SE = 0.03139 bit/s/Hz
8842[UE 5 | RB 1] Throughput = 0.59888 Mbps | SE = 0.01569 bit/s/Hz
8942[UE 5 | RB 1] Throughput = 1.43679 Mbps | SE = 0.03765 bit/s/Hz
9052[UE 5 | RB 1] Throughput = 1.19866 Mbps | SE = 0.03141 bit/s/Hz
9162[UE 5 | RB 1] Throughput = 0.65318 Mbps | SE = 0.01712 bit/s/Hz
9262[UE 5 | RB 1] Throughput = 1.19772 Mbps | SE = 0.03139 bit/s/Hz
9372[UE 5 | RB 1] Throughput = 1.30988 Mbps | SE = 0.03433 bit/s/Hz
9482[UE 5 | RB 1] Throughput = 1.09043 Mbps | SE = 0.02858 bit/s/Hz
9582[UE 5 | RB 1] Throughput = 0.71682 Mbps | SE = 0.01878 bit/s/Hz
9692[UE 5 | RB 1] Throughput = 1.09172 Mbps | SE = 0.02861 bit/s/Hz
9792[UE 5 | RB 1] Throughput = 1.31616 Mbps | SE = 0.03449 bit/s/Hz
9902[UE 5 | RB 1] Throughput = 1.19781 Mbps | SE = 0.03139 bit/s/Hz
10012[UE 5 | RB 1] Throughput = 0.65353 Mbps | SE = 0.01713 bit/s/Hz
10122[UE 5 | RB 1] Throughput = 1.08958 Mbps | SE = 0.02855 bit/s/Hz
10232[UE 5 | RB 1] Throughput = 1.09256 Mbps | SE = 0.02863 bit/s/Hz
10332[UE 5 | RB 1] Throughput = 1.43534 Mbps | SE = 0.03761 bit/s/Hz
10442[UE 5 | RB 1] Throughput = 1.08916 Mbps | SE = 0.02854 bit/s/Hz
10542[UE 5 | RB 1] Throughput = 0.71793 Mbps | SE = 0.01881 bit/s/Hz
10652[UE 5 | RB 1] Throughput = 1.19857 Mbps | SE = 0.03141 bit/s/Hz
10762[UE 5 | RB 1] Throughput = 0.98216 Mbps | SE = 0.02574 bit/s/Hz
10863[UE 5 | RB 1] Throughput = 1.31539 Mbps | SE = 0.03447 bit/s/Hz
10972[UE 5 | RB 1] Throughput = 1.09234 Mbps | SE = 0.02863 bit/s/Hz
11072[UE 5 | RB 1] Throughput = 0.59818 Mbps | SE = 0.01568 bit/s/Hz
11182[UE 5 | RB 1] Throughput = 1.08879 Mbps | SE = 0.02853 bit/s/Hz
11292[UE 5 | RB 1] Throughput = 1.31109 Mbps | SE = 0.03436 bit/s/Hz
11392[UE 5 | RB 1] Throughput = 0.95621 Mbps | SE = 0.02506 bit/s/Hz
11502[UE 5 | RB 1] Throughput = 1.30730 Mbps | SE = 0.03426 bit/s/Hz
11612[UE 5 | RB 1] Throughput = 1.09015 Mbps | SE = 0.02857 bit/s/Hz
11712[UE 5 | RB 1] Throughput = 0.59873 Mbps | SE = 0.01569 bit/s/Hz
11812[UE 5 | RB 1] Throughput = 1.07779 Mbps | SE = 0.02824 bit/s/Hz
11922[UE 5 | RB 1] Throughput = 1.53043 Mbps | SE = 0.04011 bit/s/Hz
12022[UE 5 | RB 1] Throughput = 0.95541 Mbps | SE = 0.02504 bit/s/Hz
12122[UE 5 | RB 1] Throughput = 1.07837 Mbps | SE = 0.02826 bit/s/Hz
12232[UE 5 | RB 1] Throughput = 0.98283 Mbps | SE = 0.02576 bit/s/Hz
12342[UE 5 | RB 1] Throughput = 1.19749 Mbps | SE = 0.03138 bit/s/Hz
12452[UE 5 | RB 1] Throughput = 0.54578 Mbps | SE = 0.01430 bit/s/Hz
12553[UE 5 | RB 1] Throughput = 1.31258 Mbps | SE = 0.03440 bit/s/Hz
12662[UE 5 | RB 1] Throughput = 1.30880 Mbps | SE = 0.03430 bit/s/Hz
12772[UE 5 | RB 1] Throughput = 1.08974 Mbps | SE = 0.02856 bit/s/Hz
12883[UE 5 | RB 1] Throughput = 0.86973 Mbps | SE = 0.02279 bit/s/Hz
12992[UE 5 | RB 1] Throughput = 1.09291 Mbps | SE = 0.02864 bit/s/Hz
13092[UE 5 | RB 1] Throughput = 1.31811 Mbps | SE = 0.03454 bit/s/Hz
13192[UE 5 | RB 1] Throughput = 0.83731 Mbps | SE = 0.02194 bit/s/Hz
13302[UE 5 | RB 1] Throughput = 0.76260 Mbps | SE = 0.01998 bit/s/Hz
13412[UE 5 | RB 1] Throughput = 1.63693 Mbps | SE = 0.04290 bit/s/Hz
13522[UE 5 | RB 1] Throughput = 0.86986 Mbps | SE = 0.02280 bit/s/Hz
13623[UE 5 | RB 1] Throughput = 1.07626 Mbps | SE = 0.02820 bit/s/Hz
13732[UE 5 | RB 1] Throughput = 1.09419 Mbps | SE = 0.02867 bit/s/Hz
13842[UE 5 | RB 1] Throughput = 1.19753 Mbps | SE = 0.03138 bit/s/Hz
13952[UE 5 | RB 1] Throughput = 0.76306 Mbps | SE = 0.02000 bit/s/Hz
14052[UE 5 | RB 1] Throughput = 1.43577 Mbps | SE = 0.03762 bit/s/Hz
14162[UE 5 | RB 1] Throughput = 0.54444 Mbps | SE = 0.01427 bit/s/Hz
14272[UE 5 | RB 1] Throughput = 1.20074 Mbps | SE = 0.03147 bit/s/Hz
14372[UE 5 | RB 1] Throughput = 1.31820 Mbps | SE = 0.03454 bit/s/Hz
14472[UE 5 | RB 1] Throughput = 0.95737 Mbps | SE = 0.02509 bit/s/Hz
14572[UE 5 | RB 1] Throughput = 1.31820 Mbps | SE = 0.03454 bit/s/Hz
14683[UE 5 | RB 1] Throughput = 0.76057 Mbps | SE = 0.01993 bit/s/Hz
14792[UE 5 | RB 1] Throughput = 1.20159 Mbps | SE = 0.03149 bit/s/Hz
14902[UE 5 | RB 1] Throughput = 1.08896 Mbps | SE = 0.02854 bit/s/Hz
15012[UE 5 | RB 1] Throughput = 1.19998 Mbps | SE = 0.03145 bit/s/Hz
15123[UE 5 | RB 1] Throughput = 0.97797 Mbps | SE = 0.02563 bit/s/Hz
15232[UE 5 | RB 1] Throughput = 0.98241 Mbps | SE = 0.02574 bit/s/Hz
15342[UE 5 | RB 1] Throughput = 1.19798 Mbps | SE = 0.03139 bit/s/Hz
15442[UE 5 | RB 1] Throughput = 1.07804 Mbps | SE = 0.02825 bit/s/Hz
15552[UE 5 | RB 1] Throughput = 0.98231 Mbps | SE = 0.02574 bit/s/Hz
15662[UE 5 | RB 1] Throughput = 1.08856 Mbps | SE = 0.02853 bit/s/Hz
15772[UE 5 | RB 1] Throughput = 1.19938 Mbps | SE = 0.03143 bit/s/Hz
15872[UE 5 | RB 1] Throughput = 0.95828 Mbps | SE = 0.02511 bit/s/Hz
15972[UE 5 | RB 1] Throughput = 0.83810 Mbps | SE = 0.02196 bit/s/Hz
16082[UE 5 | RB 1] Throughput = 1.19908 Mbps | SE = 0.03142 bit/s/Hz
16182[UE 5 | RB 1] Throughput = 1.31733 Mbps | SE = 0.03452 bit/s/Hz
16292[UE 5 | RB 1] Throughput = 0.65463 Mbps | SE = 0.01715 bit/s/Hz
16392[UE 5 | RB 1] Throughput = 1.31485 Mbps | SE = 0.03446 bit/s/Hz
16502[UE 5 | RB 1] Throughput = 1.19848 Mbps | SE = 0.03141 bit/s/Hz
16612[UE 5 | RB 1] Throughput = 0.76267 Mbps | SE = 0.01999 bit/s/Hz
16723[UE 5 | RB 1] Throughput = 1.19674 Mbps | SE = 0.03136 bit/s/Hz
16832[UE 5 | RB 1] Throughput = 1.20205 Mbps | SE = 0.03150 bit/s/Hz
16932[UE 5 | RB 1] Throughput = 0.83734 Mbps | SE = 0.02194 bit/s/Hz
17042[UE 5 | RB 1] Throughput = 1.09113 Mbps | SE = 0.02859 bit/s/Hz
17143[UE 5 | RB 1] Throughput = 1.31578 Mbps | SE = 0.03448 bit/s/Hz
17243[UE 5 | RB 1] Throughput = 1.07838 Mbps | SE = 0.02826 bit/s/Hz
17343[UE 5 | RB 1] Throughput = 0.95754 Mbps | SE = 0.02509 bit/s/Hz
17453[UE 5 | RB 1] Throughput = 1.09043 Mbps | SE = 0.02858 bit/s/Hz
17553[UE 5 | RB 1] Throughput = 1.07828 Mbps | SE = 0.02826 bit/s/Hz
17663[UE 5 | RB 1] Throughput = 0.87143 Mbps | SE = 0.02284 bit/s/Hz
17772[UE 5 | RB 1] Throughput = 1.31269 Mbps | SE = 0.03440 bit/s/Hz
17872[UE 5 | RB 1] Throughput = 1.07587 Mbps | SE = 0.02819 bit/s/Hz
17983[UE 5 | RB 1] Throughput = 1.08712 Mbps | SE = 0.02849 bit/s/Hz
18092[UE 5 | RB 1] Throughput = 0.98496 Mbps | SE = 0.02581 bit/s/Hz
18192[UE 5 | RB 1] Throughput = 1.07481 Mbps | SE = 0.02817 bit/s/Hz
18303[UE 5 | RB 1] Throughput = 0.76078 Mbps | SE = 0.01994 bit/s/Hz
18412[UE 5 | RB 1] Throughput = 0.98380 Mbps | SE = 0.02578 bit/s/Hz
18512[UE 5 | RB 1] Throughput = 1.31774 Mbps | SE = 0.03453 bit/s/Hz
18622[UE 5 | RB 1] Throughput = 1.19774 Mbps | SE = 0.03139 bit/s/Hz
18723[UE 5 | RB 1] Throughput = 0.83326 Mbps | SE = 0.02184 bit/s/Hz
18833[UE 5 | RB 1] Throughput = 1.08658 Mbps | SE = 0.02847 bit/s/Hz
18944[UE 5 | RB 1] Throughput = 1.30318 Mbps | SE = 0.03415 bit/s/Hz
19052[UE 5 | RB 1] Throughput = 0.66170 Mbps | SE = 0.01734 bit/s/Hz
19163[UE 5 | RB 1] Throughput = 1.41511 Mbps | SE = 0.03708 bit/s/Hz
19272[UE 5 | RB 1] Throughput = 0.98264 Mbps | SE = 0.02575 bit/s/Hz
19382[UE 5 | RB 1] Throughput = 1.19674 Mbps | SE = 0.03136 bit/s/Hz
19483[UE 5 | RB 1] Throughput = 0.59787 Mbps | SE = 0.01567 bit/s/Hz
19592[UE 5 | RB 1] Throughput = 1.20323 Mbps | SE = 0.03153 bit/s/Hz
19702[UE 5 | RB 1] Throughput = 1.19655 Mbps | SE = 0.03136 bit/s/Hz
19812[UE 5 | RB 1] Throughput = 1.09093 Mbps | SE = 0.02859 bit/s/Hz
19912[UE 5 | RB 1] Throughput = 1.31536 Mbps | SE = 0.03447 bit/s/Hz
20022[UE 5 | RB 1] Throughput = 0.65421 Mbps | SE = 0.01714 bit/s/Hz
20122[UE 5 | RB 1] Throughput = 1.43746 Mbps | SE = 0.03767 bit/s/Hz
20232[UE 5 | RB 1] Throughput = 0.98259 Mbps | SE = 0.02575 bit/s/Hz
20332[UE 5 | RB 1] Throughput = 1.19723 Mbps | SE = 0.03137 bit/s/Hz
20433[UE 5 | RB 1] Throughput = 0.71759 Mbps | SE = 0.01880 bit/s/Hz
20542[UE 5 | RB 1] Throughput = 1.08986 Mbps | SE = 0.02856 bit/s/Hz
20653[UE 5 | RB 1] Throughput = 1.30072 Mbps | SE = 0.03409 bit/s/Hz
20763[UE 5 | RB 1] Throughput = 1.09412 Mbps | SE = 0.02867 bit/s/Hz
20863[UE 5 | RB 1] Throughput = 0.71876 Mbps | SE = 0.01884 bit/s/Hz
20972[UE 5 | RB 1] Throughput = 1.31115 Mbps | SE = 0.03436 bit/s/Hz
21082[UE 5 | RB 1] Throughput = 1.08888 Mbps | SE = 0.02853 bit/s/Hz
21192[UE 5 | RB 1] Throughput = 1.09134 Mbps | SE = 0.02860 bit/s/Hz
21292[UE 5 | RB 1] Throughput = 1.07663 Mbps | SE = 0.02821 bit/s/Hz
21392[UE 5 | RB 1] Throughput = 0.71892 Mbps | SE = 0.01884 bit/s/Hz
21493[UE 5 | RB 1] Throughput = 1.43499 Mbps | SE = 0.03760 bit/s/Hz
21603[UE 5 | RB 1] Throughput = 1.19646 Mbps | SE = 0.03135 bit/s/Hz
21712[UE 5 | RB 1] Throughput = 0.65546 Mbps | SE = 0.01718 bit/s/Hz
21813[UE 5 | RB 1] Throughput = 1.43372 Mbps | SE = 0.03757 bit/s/Hz
21923[UE 5 | RB 1] Throughput = 1.09103 Mbps | SE = 0.02859 bit/s/Hz
22023[UE 5 | RB 1] Throughput = 0.95863 Mbps | SE = 0.02512 bit/s/Hz
22123[UE 5 | RB 1] Throughput = 0.95367 Mbps | SE = 0.02499 bit/s/Hz
22232[UE 5 | RB 1] Throughput = 1.20814 Mbps | SE = 0.03166 bit/s/Hz
22332[UE 5 | RB 1] Throughput = 1.19638 Mbps | SE = 0.03135 bit/s/Hz
22433[UE 5 | RB 1] Throughput = 0.83576 Mbps | SE = 0.02190 bit/s/Hz
22543[UE 5 | RB 1] Throughput = 0.97991 Mbps | SE = 0.02568 bit/s/Hz
22643[UE 5 | RB 1] Throughput = 1.07680 Mbps | SE = 0.02822 bit/s/Hz
22752[UE 5 | RB 1] Throughput = 1.20594 Mbps | SE = 0.03160 bit/s/Hz
22852[UE 5 | RB 1] Throughput = 1.19690 Mbps | SE = 0.03137 bit/s/Hz
22963[UE 5 | RB 1] Throughput = 0.86988 Mbps | SE = 0.02280 bit/s/Hz
23072[UE 5 | RB 1] Throughput = 0.98222 Mbps | SE = 0.02574 bit/s/Hz
23173[UE 5 | RB 1] Throughput = 1.31142 Mbps | SE = 0.03437 bit/s/Hz
23283[UE 5 | RB 1] Throughput = 1.20351 Mbps | SE = 0.03154 bit/s/Hz
23392[UE 5 | RB 1] Throughput = 0.54538 Mbps | SE = 0.01429 bit/s/Hz
23503[UE 5 | RB 1] Throughput = 1.30579 Mbps | SE = 0.03422 bit/s/Hz
23603[UE 5 | RB 1] Throughput = 1.19628 Mbps | SE = 0.03135 bit/s/Hz
23712[UE 5 | RB 1] Throughput = 1.09253 Mbps | SE = 0.02863 bit/s/Hz
23823[UE 5 | RB 1] Throughput = 1.08780 Mbps | SE = 0.02851 bit/s/Hz
23923[UE 5 | RB 1] Throughput = 1.07560 Mbps | SE = 0.02819 bit/s/Hz
24032[UE 5 | RB 1] Throughput = 0.98552 Mbps | SE = 0.02583 bit/s/Hz
24133[UE 5 | RB 1] Throughput = 0.95551 Mbps | SE = 0.02504 bit/s/Hz
24243[UE 5 | RB 1] Throughput = 0.98090 Mbps | SE = 0.02570 bit/s/Hz
24343[UE 5 | RB 1] Throughput = 1.31663 Mbps | SE = 0.03450 bit/s/Hz
24454[UE 5 | RB 1] Throughput = 0.96688 Mbps | SE = 0.02534 bit/s/Hz
24562[UE 5 | RB 1] Throughput = 1.22094 Mbps | SE = 0.03200 bit/s/Hz
24663[UE 5 | RB 1] Throughput = 0.83340 Mbps | SE = 0.02184 bit/s/Hz
24772[UE 5 | RB 1] Throughput = 1.09507 Mbps | SE = 0.02870 bit/s/Hz
24872[UE 5 | RB 1] Throughput = 1.31603 Mbps | SE = 0.03449 bit/s/Hz
24983[UE 5 | RB 1] Throughput = 1.08635 Mbps | SE = 0.02847 bit/s/Hz
25092[UE 5 | RB 1] Throughput = 0.76526 Mbps | SE = 0.02005 bit/s/Hz
25203[UE 5 | RB 1] Throughput = 1.19654 Mbps | SE = 0.03136 bit/s/Hz
25313[UE 5 | RB 1] Throughput = 1.08762 Mbps | SE = 0.02850 bit/s/Hz
25423[UE 5 | RB 1] Throughput = 1.08963 Mbps | SE = 0.02855 bit/s/Hz
25532[UE 5 | RB 1] Throughput = 0.98394 Mbps | SE = 0.02578 bit/s/Hz
25643[UE 5 | RB 1] Throughput = 0.97759 Mbps | SE = 0.02562 bit/s/Hz
25752[UE 5 | RB 1] Throughput = 1.09267 Mbps | SE = 0.02863 bit/s/Hz
25853[UE 5 | RB 1] Throughput = 1.07660 Mbps | SE = 0.02821 bit/s/Hz
25962[UE 5 | RB 1] Throughput = 0.98091 Mbps | SE = 0.02571 bit/s/Hz
26063[UE 5 | RB 1] Throughput = 1.19619 Mbps | SE = 0.03135 bit/s/Hz
26172[UE 5 | RB 1] Throughput = 1.09310 Mbps | SE = 0.02865 bit/s/Hz
26273[UE 5 | RB 1] Throughput = 1.07566 Mbps | SE = 0.02819 bit/s/Hz
26382[UE 5 | RB 1] Throughput = 0.98122 Mbps | SE = 0.02571 bit/s/Hz
26483[UE 5 | RB 1] Throughput = 1.19781 Mbps | SE = 0.03139 bit/s/Hz
26583[UE 5 | RB 1] Throughput = 1.07725 Mbps | SE = 0.02823 bit/s/Hz
26692[UE 5 | RB 1] Throughput = 1.09280 Mbps | SE = 0.02864 bit/s/Hz
26792[UE 5 | RB 1] Throughput = 1.07673 Mbps | SE = 0.02822 bit/s/Hz
26902[UE 5 | RB 1] Throughput = 1.19864 Mbps | SE = 0.03141 bit/s/Hz
27003[UE 5 | RB 1] Throughput = 1.07765 Mbps | SE = 0.02824 bit/s/Hz
27112[UE 5 | RB 1] Throughput = 0.98360 Mbps | SE = 0.02578 bit/s/Hz
27222[UE 5 | RB 1] Throughput = 0.98081 Mbps | SE = 0.02570 bit/s/Hz
27323[UE 5 | RB 1] Throughput = 1.31329 Mbps | SE = 0.03442 bit/s/Hz
27432[UE 5 | RB 1] Throughput = 0.98196 Mbps | SE = 0.02573 bit/s/Hz
27533[UE 5 | RB 1] Throughput = 0.95615 Mbps | SE = 0.02506 bit/s/Hz
27633[UE 5 | RB 1] Throughput = 1.19426 Mbps | SE = 0.03130 bit/s/Hz
27742[UE 5 | RB 1] Throughput = 1.09596 Mbps | SE = 0.02872 bit/s/Hz
27843[UE 5 | RB 1] Throughput = 0.83103 Mbps | SE = 0.02178 bit/s/Hz
27952[UE 5 | RB 1] Throughput = 1.20737 Mbps | SE = 0.03164 bit/s/Hz
28053[UE 5 | RB 1] Throughput = 0.71882 Mbps | SE = 0.01884 bit/s/Hz
28162[UE 5 | RB 1] Throughput = 1.09083 Mbps | SE = 0.02859 bit/s/Hz
28262[UE 5 | RB 1] Throughput = 1.43693 Mbps | SE = 0.03766 bit/s/Hz
28372[UE 5 | RB 1] Throughput = 0.65402 Mbps | SE = 0.01714 bit/s/Hz
28473[UE 5 | RB 1] Throughput = 1.31627 Mbps | SE = 0.03449 bit/s/Hz
28573[UE 5 | RB 1] Throughput = 1.19798 Mbps | SE = 0.03139 bit/s/Hz
28673[UE 5 | RB 1] Throughput = 1.19743 Mbps | SE = 0.03138 bit/s/Hz
28783[UE 5 | RB 1] Throughput = 1.08879 Mbps | SE = 0.02853 bit/s/Hz
28892[UE 5 | RB 1] Throughput = 0.76487 Mbps | SE = 0.02004 bit/s/Hz
28992[UE 5 | RB 1] Throughput = 1.43739 Mbps | SE = 0.03767 bit/s/Hz
29093[UE 5 | RB 1] Throughput = 0.59877 Mbps | SE = 0.01569 bit/s/Hz
29202[UE 5 | RB 1] Throughput = 1.41766 Mbps | SE = 0.03715 bit/s/Hz
29303[UE 5 | RB 1] Throughput = 0.71793 Mbps | SE = 0.01881 bit/s/Hz
29403[UE 5 | RB 1] Throughput = 1.31788 Mbps | SE = 0.03454 bit/s/Hz
29503[UE 5 | RB 1] Throughput = 0.83867 Mbps | SE = 0.02198 bit/s/Hz
29603[UE 5 | RB 1] Throughput = 1.31769 Mbps | SE = 0.03453 bit/s/Hz
29712[UE 5 | RB 1] Throughput = 0.76378 Mbps | SE = 0.02002 bit/s/Hz
29822[UE 5 | RB 1] Throughput = 1.08971 Mbps | SE = 0.02856 bit/s/Hz
29923[UE 5 | RB 1] Throughput = 1.31065 Mbps | SE = 0.03435 bit/s/Hz
30033[UE 5 | RB 1] Throughput = 1.31069 Mbps | SE = 0.03435 bit/s/Hz
30133[UE 5 | RB 1] Throughput = 0.59593 Mbps | SE = 0.01562 bit/s/Hz
30243[UE 5 | RB 1] Throughput = 1.20502 Mbps | SE = 0.03158 bit/s/Hz
30353[UE 5 | RB 1] Throughput = 1.09056 Mbps | SE = 0.02858 bit/s/Hz
30453[UE 5 | RB 1] Throughput = 1.31565 Mbps | SE = 0.03448 bit/s/Hz
30563[UE 5 | RB 1] Throughput = 0.87225 Mbps | SE = 0.02286 bit/s/Hz
30663[UE 5 | RB 1] Throughput = 1.07807 Mbps | SE = 0.02825 bit/s/Hz
30772[UE 5 | RB 1] Throughput = 1.20137 Mbps | SE = 0.03148 bit/s/Hz
30882[UE 5 | RB 1] Throughput = 0.98218 Mbps | SE = 0.02574 bit/s/Hz
30982[UE 5 | RB 1] Throughput = 1.07705 Mbps | SE = 0.02822 bit/s/Hz
31082[UE 5 | RB 1] Throughput = 0.83868 Mbps | SE = 0.02198 bit/s/Hz
31183[UE 5 | RB 1] Throughput = 1.07726 Mbps | SE = 0.02823 bit/s/Hz
31293[UE 5 | RB 1] Throughput = 1.41709 Mbps | SE = 0.03714 bit/s/Hz
31393[UE 5 | RB 1] Throughput = 0.83854 Mbps | SE = 0.02197 bit/s/Hz
31502[UE 5 | RB 1] Throughput = 1.09090 Mbps | SE = 0.02859 bit/s/Hz
31612[UE 5 | RB 1] Throughput = 0.87180 Mbps | SE = 0.02285 bit/s/Hz
31712[UE 5 | RB 1] Throughput = 1.31754 Mbps | SE = 0.03453 bit/s/Hz
31813[UE 5 | RB 1] Throughput = 0.95715 Mbps | SE = 0.02508 bit/s/Hz
31913[UE 5 | RB 1] Throughput = 1.07809 Mbps | SE = 0.02825 bit/s/Hz
32013[UE 5 | RB 1] Throughput = 1.07722 Mbps | SE = 0.02823 bit/s/Hz
32123[UE 5 | RB 1] Throughput = 1.19826 Mbps | SE = 0.03140 bit/s/Hz
32223[UE 5 | RB 1] Throughput = 1.19651 Mbps | SE = 0.03136 bit/s/Hz
32333[UE 5 | RB 1] Throughput = 0.87356 Mbps | SE = 0.02289 bit/s/Hz
32443[UE 5 | RB 1] Throughput = 0.97999 Mbps | SE = 0.02568 bit/s/Hz
32553[UE 5 | RB 1] Throughput = 1.19800 Mbps | SE = 0.03139 bit/s/Hz
32663[UE 5 | RB 1] Throughput = 1.09141 Mbps | SE = 0.02860 bit/s/Hz
32772[UE 5 | RB 1] Throughput = 0.98221 Mbps | SE = 0.02574 bit/s/Hz
32873[UE 5 | RB 1] Throughput = 1.07665 Mbps | SE = 0.02821 bit/s/Hz
32983[UE 5 | RB 1] Throughput = 1.09011 Mbps | SE = 0.02857 bit/s/Hz
33083[UE 5 | RB 1] Throughput = 1.07790 Mbps | SE = 0.02825 bit/s/Hz
33193[UE 5 | RB 1] Throughput = 0.97971 Mbps | SE = 0.02567 bit/s/Hz
33303[UE 5 | RB 1] Throughput = 1.30899 Mbps | SE = 0.03430 bit/s/Hz
33403[UE 5 | RB 1] Throughput = 0.71770 Mbps | SE = 0.01881 bit/s/Hz
33503[UE 5 | RB 1] Throughput = 1.31757 Mbps | SE = 0.03453 bit/s/Hz
33613[UE 5 | RB 1] Throughput = 0.65458 Mbps | SE = 0.01715 bit/s/Hz
33713[UE 5 | RB 1] Throughput = 1.43621 Mbps | SE = 0.03764 bit/s/Hz
33822[UE 5 | RB 1] Throughput = 1.09195 Mbps | SE = 0.02861 bit/s/Hz
33923[UE 5 | RB 1] Throughput = 1.07711 Mbps | SE = 0.02823 bit/s/Hz
34033[UE 5 | RB 1] Throughput = 1.08874 Mbps | SE = 0.02853 bit/s/Hz
34142[UE 5 | RB 1] Throughput = 0.98277 Mbps | SE = 0.02575 bit/s/Hz
34243[UE 5 | RB 1] Throughput = 1.19700 Mbps | SE = 0.03137 bit/s/Hz
34352[UE 5 | RB 1] Throughput = 0.98155 Mbps | SE = 0.02572 bit/s/Hz
34453[UE 5 | RB 1] Throughput = 1.07789 Mbps | SE = 0.02825 bit/s/Hz
34553[UE 5 | RB 1] Throughput = 1.19810 Mbps | SE = 0.03140 bit/s/Hz
34662[UE 5 | RB 1] Throughput = 0.65432 Mbps | SE = 0.01715 bit/s/Hz
34763[UE 5 | RB 1] Throughput = 1.31570 Mbps | SE = 0.03448 bit/s/Hz
34873[UE 5 | RB 1] Throughput = 1.08796 Mbps | SE = 0.02851 bit/s/Hz
34983[UE 5 | RB 1] Throughput = 1.30944 Mbps | SE = 0.03431 bit/s/Hz
35093[UE 5 | RB 1] Throughput = 0.65330 Mbps | SE = 0.01712 bit/s/Hz
35193[UE 5 | RB 1] Throughput = 1.43073 Mbps | SE = 0.03749 bit/s/Hz
35303[UE 5 | RB 1] Throughput = 0.87598 Mbps | SE = 0.02296 bit/s/Hz
35413[UE 5 | RB 1] Throughput = 1.19829 Mbps | SE = 0.03140 bit/s/Hz
35513[UE 5 | RB 1] Throughput = 1.19824 Mbps | SE = 0.03140 bit/s/Hz
35613[UE 5 | RB 1] Throughput = 0.83609 Mbps | SE = 0.02191 bit/s/Hz
35723[UE 5 | RB 1] Throughput = 1.20349 Mbps | SE = 0.03154 bit/s/Hz
35832[UE 5 | RB 1] Throughput = 0.87171 Mbps | SE = 0.02284 bit/s/Hz
35943[UE 5 | RB 1] Throughput = 1.19778 Mbps | SE = 0.03139 bit/s/Hz
36043[UE 5 | RB 1] Throughput = 1.19778 Mbps | SE = 0.03139 bit/s/Hz
36152[UE 5 | RB 1] Throughput = 0.87241 Mbps | SE = 0.02286 bit/s/Hz
36253[UE 5 | RB 1] Throughput = 1.19604 Mbps | SE = 0.03134 bit/s/Hz
36353[UE 5 | RB 1] Throughput = 1.07563 Mbps | SE = 0.02819 bit/s/Hz
36455[UE 5 | RB 1] Throughput = 0.82244 Mbps | SE = 0.02155 bit/s/Hz
36563[UE 5 | RB 1] Throughput = 1.22283 Mbps | SE = 0.03204 bit/s/Hz
36663[UE 5 | RB 1] Throughput = 0.95810 Mbps | SE = 0.02511 bit/s/Hz
36773[UE 5 | RB 1] Throughput = 1.20185 Mbps | SE = 0.03150 bit/s/Hz
36873[UE 5 | RB 1] Throughput = 0.95847 Mbps | SE = 0.02512 bit/s/Hz
36982[UE 5 | RB 1] Throughput = 1.19975 Mbps | SE = 0.03144 bit/s/Hz
37083[UE 5 | RB 1] Throughput = 1.07705 Mbps | SE = 0.02822 bit/s/Hz
37183[UE 5 | RB 1] Throughput = 0.83744 Mbps | SE = 0.02195 bit/s/Hz
37283[UE 5 | RB 1] Throughput = 1.19702 Mbps | SE = 0.03137 bit/s/Hz
37393[UE 5 | RB 1] Throughput = 1.30597 Mbps | SE = 0.03422 bit/s/Hz
37502[UE 5 | RB 1] Throughput = 0.65663 Mbps | SE = 0.01721 bit/s/Hz
37603[UE 5 | RB 1] Throughput = 1.43165 Mbps | SE = 0.03752 bit/s/Hz
37713[UE 5 | RB 1] Throughput = 1.09242 Mbps | SE = 0.02863 bit/s/Hz
37813[UE 5 | RB 1] Throughput = 0.95621 Mbps | SE = 0.02506 bit/s/Hz
37922[UE 5 | RB 1] Throughput = 0.76564 Mbps | SE = 0.02006 bit/s/Hz
38023[UE 5 | RB 1] Throughput = 1.19534 Mbps | SE = 0.03132 bit/s/Hz
38133[UE 5 | RB 1] Throughput = 1.08965 Mbps | SE = 0.02855 bit/s/Hz
38233[UE 5 | RB 1] Throughput = 1.19641 Mbps | SE = 0.03135 bit/s/Hz
38343[UE 5 | RB 1] Throughput = 1.31096 Mbps | SE = 0.03435 bit/s/Hz
38443[UE 5 | RB 1] Throughput = 0.71583 Mbps | SE = 0.01876 bit/s/Hz
38553[UE 5 | RB 1] Throughput = 1.31213 Mbps | SE = 0.03438 bit/s/Hz
38663[UE 5 | RB 1] Throughput = 0.65262 Mbps | SE = 0.01710 bit/s/Hz
38773[UE 5 | RB 1] Throughput = 1.20092 Mbps | SE = 0.03147 bit/s/Hz
38883[UE 5 | RB 1] Throughput = 1.19843 Mbps | SE = 0.03141 bit/s/Hz
38983[UE 5 | RB 1] Throughput = 0.95481 Mbps | SE = 0.02502 bit/s/Hz
39093[UE 5 | RB 1] Throughput = 1.09248 Mbps | SE = 0.02863 bit/s/Hz
39193[UE 5 | RB 1] Throughput = 1.19653 Mbps | SE = 0.03136 bit/s/Hz
39303[UE 5 | RB 1] Throughput = 1.08927 Mbps | SE = 0.02854 bit/s/Hz
39413[UE 5 | RB 1] Throughput = 1.09179 Mbps | SE = 0.02861 bit/s/Hz
39513[UE 5 | RB 1] Throughput = 0.59801 Mbps | SE = 0.01567 bit/s/Hz
39623[UE 5 | RB 1] Throughput = 1.19958 Mbps | SE = 0.03144 bit/s/Hz
39733[UE 5 | RB 1] Throughput = 1.08936 Mbps | SE = 0.02855 bit/s/Hz
39843[UE 5 | RB 1] Throughput = 1.19608 Mbps | SE = 0.03134 bit/s/Hz
39953[UE 5 | RB 1] Throughput = 1.09288 Mbps | SE = 0.02864 bit/s/Hz
40053[UE 5 | RB 1] Throughput = 0.95674 Mbps | SE = 0.02507 bit/s/Hz
40163[UE 5 | RB 1] Throughput = 1.19881 Mbps | SE = 0.03142 bit/s/Hz
40273[UE 5 | RB 1] Throughput = 1.09151 Mbps | SE = 0.02860 bit/s/Hz
40373[UE 5 | RB 1] Throughput = 1.07802 Mbps | SE = 0.02825 bit/s/Hz
40473[UE 5 | RB 1] Throughput = 1.07755 Mbps | SE = 0.02824 bit/s/Hz
40583[UE 5 | RB 1] Throughput = 1.19888 Mbps | SE = 0.03142 bit/s/Hz
40683[UE 5 | RB 1] Throughput = 0.71750 Mbps | SE = 0.01880 bit/s/Hz
40783[UE 5 | RB 1] Throughput = 1.07693 Mbps | SE = 0.02822 bit/s/Hz
40893[UE 5 | RB 1] Throughput = 1.20284 Mbps | SE = 0.03152 bit/s/Hz
40993[UE 5 | RB 1] Throughput = 1.19076 Mbps | SE = 0.03120 bit/s/Hz
41103[UE 5 | RB 1] Throughput = 0.87498 Mbps | SE = 0.02293 bit/s/Hz
41213[UE 5 | RB 1] Throughput = 1.09035 Mbps | SE = 0.02857 bit/s/Hz
41323[UE 5 | RB 1] Throughput = 1.08922 Mbps | SE = 0.02854 bit/s/Hz
41423[UE 5 | RB 1] Throughput = 1.19606 Mbps | SE = 0.03134 bit/s/Hz
41533[UE 5 | RB 1] Throughput = 1.09211 Mbps | SE = 0.02862 bit/s/Hz
41633[UE 5 | RB 1] Throughput = 0.71691 Mbps | SE = 0.01879 bit/s/Hz
41743[UE 5 | RB 1] Throughput = 0.98004 Mbps | SE = 0.02568 bit/s/Hz
41853[UE 5 | RB 1] Throughput = 1.09367 Mbps | SE = 0.02866 bit/s/Hz
41953[UE 5 | RB 1] Throughput = 1.31249 Mbps | SE = 0.03439 bit/s/Hz
42063[UE 5 | RB 1] Throughput = 1.20108 Mbps | SE = 0.03147 bit/s/Hz
42173[UE 5 | RB 1] Throughput = 1.19848 Mbps | SE = 0.03141 bit/s/Hz
42274[UE 5 | RB 1] Throughput = 0.82625 Mbps | SE = 0.02165 bit/s/Hz
42383[UE 5 | RB 1] Throughput = 1.21262 Mbps | SE = 0.03178 bit/s/Hz
42493[UE 5 | RB 1] Throughput = 0.65415 Mbps | SE = 0.01714 bit/s/Hz
42603[UE 5 | RB 1] Throughput = 1.19277 Mbps | SE = 0.03126 bit/s/Hz
42713[UE 5 | RB 1] Throughput = 1.31459 Mbps | SE = 0.03445 bit/s/Hz
42823[UE 5 | RB 1] Throughput = 0.65511 Mbps | SE = 0.01717 bit/s/Hz
42933[UE 5 | RB 1] Throughput = 1.30449 Mbps | SE = 0.03418 bit/s/Hz
43043[UE 5 | RB 1] Throughput = 1.19877 Mbps | SE = 0.03141 bit/s/Hz
43153[UE 5 | RB 1] Throughput = 1.08972 Mbps | SE = 0.02856 bit/s/Hz
43263[UE 5 | RB 1] Throughput = 0.97952 Mbps | SE = 0.02567 bit/s/Hz
43373[UE 5 | RB 1] Throughput = 0.98213 Mbps | SE = 0.02574 bit/s/Hz
43473[UE 5 | RB 1] Throughput = 1.31627 Mbps | SE = 0.03449 bit/s/Hz
43583[UE 5 | RB 1] Throughput = 1.19952 Mbps | SE = 0.03143 bit/s/Hz
43683[UE 5 | RB 1] Throughput = 0.59877 Mbps | SE = 0.01569 bit/s/Hz
43793[UE 5 | RB 1] Throughput = 1.30764 Mbps | SE = 0.03427 bit/s/Hz
43903[UE 5 | RB 1] Throughput = 1.19743 Mbps | SE = 0.03138 bit/s/Hz
44003[UE 5 | RB 1] Throughput = 0.71824 Mbps | SE = 0.01882 bit/s/Hz
44113[UE 5 | RB 1] Throughput = 1.31066 Mbps | SE = 0.03435 bit/s/Hz
44213[UE 5 | RB 1] Throughput = 0.71383 Mbps | SE = 0.01871 bit/s/Hz
44323[UE 5 | RB 1] Throughput = 1.31710 Mbps | SE = 0.03452 bit/s/Hz
44423[UE 5 | RB 1] Throughput = 1.19570 Mbps | SE = 0.03133 bit/s/Hz
44523[UE 5 | RB 1] Throughput = 0.71882 Mbps | SE = 0.01884 bit/s/Hz
44633[UE 5 | RB 1] Throughput = 1.42050 Mbps | SE = 0.03722 bit/s/Hz
44733[UE 5 | RB 1] Throughput = 0.83774 Mbps | SE = 0.02195 bit/s/Hz
44833[UE 5 | RB 1] Throughput = 1.31646 Mbps | SE = 0.03450 bit/s/Hz
44933[UE 5 | RB 1] Throughput = 1.07514 Mbps | SE = 0.02817 bit/s/Hz
45043[UE 5 | RB 1] Throughput = 0.87205 Mbps | SE = 0.02285 bit/s/Hz
45153[UE 5 | RB 1] Throughput = 1.09268 Mbps | SE = 0.02863 bit/s/Hz
45253[UE 5 | RB 1] Throughput = 0.95655 Mbps | SE = 0.02507 bit/s/Hz
45363[UE 5 | RB 1] Throughput = 1.20051 Mbps | SE = 0.03146 bit/s/Hz
45474[UE 5 | RB 1] Throughput = 0.96935 Mbps | SE = 0.02540 bit/s/Hz
45583[UE 5 | RB 1] Throughput = 1.32377 Mbps | SE = 0.03469 bit/s/Hz
45693[UE 5 | RB 1] Throughput = 0.65430 Mbps | SE = 0.01715 bit/s/Hz
45793[UE 5 | RB 1] Throughput = 1.19541 Mbps | SE = 0.03133 bit/s/Hz
45903[UE 5 | RB 1] Throughput = 1.20122 Mbps | SE = 0.03148 bit/s/Hz
46003[UE 5 | RB 1] Throughput = 1.19614 Mbps | SE = 0.03135 bit/s/Hz
46113[UE 5 | RB 1] Throughput = 1.08852 Mbps | SE = 0.02853 bit/s/Hz
46223[UE 5 | RB 1] Throughput = 0.65213 Mbps | SE = 0.01709 bit/s/Hz
46333[UE 5 | RB 1] Throughput = 1.20058 Mbps | SE = 0.03146 bit/s/Hz
46443[UE 5 | RB 1] Throughput = 1.30619 Mbps | SE = 0.03423 bit/s/Hz
46553[UE 5 | RB 1] Throughput = 0.65648 Mbps | SE = 0.01720 bit/s/Hz
46653[UE 5 | RB 1] Throughput = 1.31629 Mbps | SE = 0.03449 bit/s/Hz
46763[UE 5 | RB 1] Throughput = 1.08882 Mbps | SE = 0.02853 bit/s/Hz
46863[UE 5 | RB 1] Throughput = 1.19672 Mbps | SE = 0.03136 bit/s/Hz
46973[UE 5 | RB 1] Throughput = 1.19697 Mbps | SE = 0.03137 bit/s/Hz
47083[UE 5 | RB 1] Throughput = 0.87194 Mbps | SE = 0.02285 bit/s/Hz
47193[UE 5 | RB 1] Throughput = 0.87297 Mbps | SE = 0.02288 bit/s/Hz
47303[UE 5 | RB 1] Throughput = 1.19722 Mbps | SE = 0.03137 bit/s/Hz
47413[UE 5 | RB 1] Throughput = 1.19781 Mbps | SE = 0.03139 bit/s/Hz
47523[UE 5 | RB 1] Throughput = 1.19798 Mbps | SE = 0.03139 bit/s/Hz
47633[UE 5 | RB 1] Throughput = 1.09178 Mbps | SE = 0.02861 bit/s/Hz
47743[UE 5 | RB 1] Throughput = 0.76132 Mbps | SE = 0.01995 bit/s/Hz
47853[UE 5 | RB 1] Throughput = 1.20252 Mbps | SE = 0.03151 bit/s/Hz
47953[UE 5 | RB 1] Throughput = 1.19480 Mbps | SE = 0.03131 bit/s/Hz
48063[UE 5 | RB 1] Throughput = 0.87110 Mbps | SE = 0.02283 bit/s/Hz
48173[UE 5 | RB 1] Throughput = 1.09140 Mbps | SE = 0.02860 bit/s/Hz
48273[UE 5 | RB 1] Throughput = 1.07830 Mbps | SE = 0.02826 bit/s/Hz
48373[UE 5 | RB 1] Throughput = 1.19744 Mbps | SE = 0.03138 bit/s/Hz
48473[UE 5 | RB 1] Throughput = 0.95837 Mbps | SE = 0.02511 bit/s/Hz
48573[UE 5 | RB 1] Throughput = 0.83815 Mbps | SE = 0.02196 bit/s/Hz
48673[UE 5 | RB 1] Throughput = 1.43723 Mbps | SE = 0.03766 bit/s/Hz
48783[UE 5 | RB 1] Throughput = 1.09160 Mbps | SE = 0.02861 bit/s/Hz
48883[UE 5 | RB 1] Throughput = 1.07456 Mbps | SE = 0.02816 bit/s/Hz
48993[UE 5 | RB 1] Throughput = 1.09465 Mbps | SE = 0.02869 bit/s/Hz
49103[UE 5 | RB 1] Throughput = 0.97965 Mbps | SE = 0.02567 bit/s/Hz
49203[UE 5 | RB 1] Throughput = 0.95530 Mbps | SE = 0.02503 bit/s/Hz
49313[UE 5 | RB 1] Throughput = 1.20315 Mbps | SE = 0.03153 bit/s/Hz
49423[UE 5 | RB 1] Throughput = 0.97429 Mbps | SE = 0.02553 bit/s/Hz
49533[UE 5 | RB 1] Throughput = 1.20656 Mbps | SE = 0.03162 bit/s/Hz
49633[UE 5 | RB 1] Throughput = 0.83650 Mbps | SE = 0.02192 bit/s/Hz
49743[UE 5 | RB 1] Throughput = 1.20201 Mbps | SE = 0.03150 bit/s/Hz
49843[UE 5 | RB 1] Throughput = 0.83535 Mbps | SE = 0.02189 bit/s/Hz
49953[UE 5 | RB 1] Throughput = 1.20212 Mbps | SE = 0.03150 bit/s/Hz
50063[UE 5 | RB 1] Throughput = 1.08971 Mbps | SE = 0.02856 bit/s/Hz
50163[UE 5 | RB 1] Throughput = 1.19696 Mbps | SE = 0.03137 bit/s/Hz
50273[UE 5 | RB 1] Throughput = 0.98064 Mbps | SE = 0.02570 bit/s/Hz
50383[UE 5 | RB 1] Throughput = 0.97703 Mbps | SE = 0.02560 bit/s/Hz
50493[UE 5 | RB 1] Throughput = 1.09220 Mbps | SE = 0.02862 bit/s/Hz
50593[UE 5 | RB 1] Throughput = 1.19720 Mbps | SE = 0.03137 bit/s/Hz
50693[UE 5 | RB 1] Throughput = 0.95794 Mbps | SE = 0.02510 bit/s/Hz
50803[UE 5 | RB 1] Throughput = 1.09149 Mbps | SE = 0.02860 bit/s/Hz
50913[UE 5 | RB 1] Throughput = 0.87202 Mbps | SE = 0.02285 bit/s/Hz
51023[UE 5 | RB 1] Throughput = 1.19784 Mbps | SE = 0.03139 bit/s/Hz
51134[UE 5 | RB 1] Throughput = 1.08199 Mbps | SE = 0.02835 bit/s/Hz
51243[UE 5 | RB 1] Throughput = 1.20559 Mbps | SE = 0.03159 bit/s/Hz
51353[UE 5 | RB 1] Throughput = 0.65470 Mbps | SE = 0.01716 bit/s/Hz
51453[UE 5 | RB 1] Throughput = 1.43558 Mbps | SE = 0.03762 bit/s/Hz
51563[UE 5 | RB 1] Throughput = 1.19981 Mbps | SE = 0.03144 bit/s/Hz
51663[UE 5 | RB 1] Throughput = 0.59912 Mbps | SE = 0.01570 bit/s/Hz
51763[UE 5 | RB 1] Throughput = 1.43653 Mbps | SE = 0.03764 bit/s/Hz
51863[UE 5 | RB 1] Throughput = 0.95823 Mbps | SE = 0.02511 bit/s/Hz
51963[UE 5 | RB 1] Throughput = 1.19730 Mbps | SE = 0.03138 bit/s/Hz
52073[UE 5 | RB 1] Throughput = 0.87296 Mbps | SE = 0.02288 bit/s/Hz
52175[UE 5 | RB 1] Throughput = 1.17442 Mbps | SE = 0.03078 bit/s/Hz
52283[UE 5 | RB 1] Throughput = 1.11062 Mbps | SE = 0.02910 bit/s/Hz
52383[UE 5 | RB 1] Throughput = 1.19690 Mbps | SE = 0.03137 bit/s/Hz
52493[UE 5 | RB 1] Throughput = 0.98002 Mbps | SE = 0.02568 bit/s/Hz
52603[UE 5 | RB 1] Throughput = 0.98121 Mbps | SE = 0.02571 bit/s/Hz
52703[UE 5 | RB 1] Throughput = 1.07826 Mbps | SE = 0.02826 bit/s/Hz
52813[UE 5 | RB 1] Throughput = 1.08990 Mbps | SE = 0.02856 bit/s/Hz
52923[UE 5 | RB 1] Throughput = 1.08948 Mbps | SE = 0.02855 bit/s/Hz
53033[UE 5 | RB 1] Throughput = 1.08979 Mbps | SE = 0.02856 bit/s/Hz
53133[UE 5 | RB 1] Throughput = 1.07710 Mbps | SE = 0.02823 bit/s/Hz
53233[UE 5 | RB 1] Throughput = 0.95675 Mbps | SE = 0.02507 bit/s/Hz
53343[UE 5 | RB 1] Throughput = 1.09209 Mbps | SE = 0.02862 bit/s/Hz
53453[UE 5 | RB 1] Throughput = 0.97997 Mbps | SE = 0.02568 bit/s/Hz
53553[UE 5 | RB 1] Throughput = 1.19823 Mbps | SE = 0.03140 bit/s/Hz
53663[UE 5 | RB 1] Throughput = 1.19975 Mbps | SE = 0.03144 bit/s/Hz
53773[UE 5 | RB 1] Throughput = 0.98092 Mbps | SE = 0.02571 bit/s/Hz
53883[UE 5 | RB 1] Throughput = 0.97799 Mbps | SE = 0.02563 bit/s/Hz
53993[UE 5 | RB 1] Throughput = 1.20227 Mbps | SE = 0.03151 bit/s/Hz
54103[UE 5 | RB 1] Throughput = 1.20063 Mbps | SE = 0.03146 bit/s/Hz
54203[UE 5 | RB 1] Throughput = 0.59905 Mbps | SE = 0.01570 bit/s/Hz
54313[UE 5 | RB 1] Throughput = 1.19624 Mbps | SE = 0.03135 bit/s/Hz
54413[UE 5 | RB 1] Throughput = 1.07751 Mbps | SE = 0.02824 bit/s/Hz
54523[UE 5 | RB 1] Throughput = 1.20224 Mbps | SE = 0.03151 bit/s/Hz
54623[UE 5 | RB 1] Throughput = 0.71635 Mbps | SE = 0.01877 bit/s/Hz
54733[UE 5 | RB 1] Throughput = 1.19982 Mbps | SE = 0.03144 bit/s/Hz
54843[UE 5 | RB 1] Throughput = 0.97900 Mbps | SE = 0.02566 bit/s/Hz
54953[UE 5 | RB 1] Throughput = 1.09197 Mbps | SE = 0.02862 bit/s/Hz
55053[UE 5 | RB 1] Throughput = 1.07770 Mbps | SE = 0.02824 bit/s/Hz
55163[UE 5 | RB 1] Throughput = 1.19927 Mbps | SE = 0.03143 bit/s/Hz
55263[UE 5 | RB 1] Throughput = 1.19472 Mbps | SE = 0.03131 bit/s/Hz
55373[UE 5 | RB 1] Throughput = 0.76313 Mbps | SE = 0.02000 bit/s/Hz
55483[UE 5 | RB 1] Throughput = 1.08956 Mbps | SE = 0.02855 bit/s/Hz
55583[UE 5 | RB 1] Throughput = 1.19766 Mbps | SE = 0.03139 bit/s/Hz
55683[UE 5 | RB 1] Throughput = 0.95863 Mbps | SE = 0.02512 bit/s/Hz
55784[UE 5 | RB 1] Throughput = 1.18890 Mbps | SE = 0.03116 bit/s/Hz
55893[UE 5 | RB 1] Throughput = 1.20863 Mbps | SE = 0.03167 bit/s/Hz
55993[UE 5 | RB 1] Throughput = 1.19802 Mbps | SE = 0.03139 bit/s/Hz
56093[UE 5 | RB 1] Throughput = 0.71904 Mbps | SE = 0.01884 bit/s/Hz
56203[UE 5 | RB 1] Throughput = 1.09081 Mbps | SE = 0.02859 bit/s/Hz
56303[UE 5 | RB 1] Throughput = 1.07618 Mbps | SE = 0.02820 bit/s/Hz
56413[UE 5 | RB 1] Throughput = 1.19986 Mbps | SE = 0.03144 bit/s/Hz
56523[UE 5 | RB 1] Throughput = 0.97989 Mbps | SE = 0.02568 bit/s/Hz
56623[UE 5 | RB 1] Throughput = 1.19753 Mbps | SE = 0.03138 bit/s/Hz
56733[UE 5 | RB 1] Throughput = 0.87192 Mbps | SE = 0.02285 bit/s/Hz
56833[UE 5 | RB 1] Throughput = 1.19832 Mbps | SE = 0.03140 bit/s/Hz
56943[UE 5 | RB 1] Throughput = 1.20024 Mbps | SE = 0.03145 bit/s/Hz
57043[UE 5 | RB 1] Throughput = 0.83833 Mbps | SE = 0.02197 bit/s/Hz
57143[UE 5 | RB 1] Throughput = 1.31558 Mbps | SE = 0.03448 bit/s/Hz
57253[UE 5 | RB 1] Throughput = 1.09078 Mbps | SE = 0.02858 bit/s/Hz
57353[UE 5 | RB 1] Throughput = 0.83653 Mbps | SE = 0.02192 bit/s/Hz
57463[UE 5 | RB 1] Throughput = 1.20075 Mbps | SE = 0.03147 bit/s/Hz
57573[UE 5 | RB 1] Throughput = 1.08836 Mbps | SE = 0.02852 bit/s/Hz
57673[UE 5 | RB 1] Throughput = 0.95791 Mbps | SE = 0.02510 bit/s/Hz
57783[UE 5 | RB 1] Throughput = 0.87494 Mbps | SE = 0.02293 bit/s/Hz
57893[UE 5 | RB 1] Throughput = 1.08794 Mbps | SE = 0.02851 bit/s/Hz
58003[UE 5 | RB 1] Throughput = 1.30946 Mbps | SE = 0.03432 bit/s/Hz
58103[UE 5 | RB 1] Throughput = 1.19727 Mbps | SE = 0.03138 bit/s/Hz
58213[UE 5 | RB 1] Throughput = 1.09042 Mbps | SE = 0.02857 bit/s/Hz
58313[UE 5 | RB 1] Throughput = 0.83844 Mbps | SE = 0.02197 bit/s/Hz
58413[UE 5 | RB 1] Throughput = 1.07800 Mbps | SE = 0.02825 bit/s/Hz
58513[UE 5 | RB 1] Throughput = 1.19804 Mbps | SE = 0.03140 bit/s/Hz
58613[UE 5 | RB 1] Throughput = 0.95740 Mbps | SE = 0.02509 bit/s/Hz
58713[UE 5 | RB 1] Throughput = 1.07814 Mbps | SE = 0.02825 bit/s/Hz
58823[UE 5 | RB 1] Throughput = 1.09079 Mbps | SE = 0.02858 bit/s/Hz
58923[UE 5 | RB 1] Throughput = 1.07831 Mbps | SE = 0.02826 bit/s/Hz
59033[UE 5 | RB 1] Throughput = 0.98019 Mbps | SE = 0.02569 bit/s/Hz
59133[UE 5 | RB 1] Throughput = 1.31742 Mbps | SE = 0.03452 bit/s/Hz
59243[UE 5 | RB 1] Throughput = 0.87329 Mbps | SE = 0.02289 bit/s/Hz
59343[UE 5 | RB 1] Throughput = 1.31436 Mbps | SE = 0.03444 bit/s/Hz
59453[UE 5 | RB 1] Throughput = 0.65649 Mbps | SE = 0.01720 bit/s/Hz
59553[UE 5 | RB 1] Throughput = 1.31376 Mbps | SE = 0.03443 bit/s/Hz
59663[UE 5 | RB 1] Throughput = 0.98281 Mbps | SE = 0.02575 bit/s/Hz
59763[UE 5 | RB 1] Throughput = 1.19510 Mbps | SE = 0.03132 bit/s/Hz
59863[UE 5 | RB 1] Throughput = 1.07670 Mbps | SE = 0.02822 bit/s/Hz
59963[UE 5 | RB 1] Throughput = 1.19759 Mbps | SE = 0.03138 bit/s/Hz
60073[UE 5 | RB 1] Throughput = 0.98396 Mbps | SE = 0.02579 bit/s/Hz
60173[UE 5 | RB 1] Throughput = 1.07697 Mbps | SE = 0.02822 bit/s/Hz
60273[UE 5 | RB 1] Throughput = 0.95863 Mbps | SE = 0.02512 bit/s/Hz
60383[UE 5 | RB 1] Throughput = 1.08963 Mbps | SE = 0.02855 bit/s/Hz
60493[UE 5 | RB 1] Throughput = 1.09079 Mbps | SE = 0.02858 bit/s/Hz
60603[UE 5 | RB 1] Throughput = 1.08905 Mbps | SE = 0.02854 bit/s/Hz
60703[UE 5 | RB 1] Throughput = 0.83866 Mbps | SE = 0.02198 bit/s/Hz
60813[UE 5 | RB 1] Throughput = 1.08901 Mbps | SE = 0.02854 bit/s/Hz
60913[UE 5 | RB 1] Throughput = 1.19747 Mbps | SE = 0.03138 bit/s/Hz
61023[UE 5 | RB 1] Throughput = 1.09023 Mbps | SE = 0.02857 bit/s/Hz
61123[UE 5 | RB 1] Throughput = 1.19549 Mbps | SE = 0.03133 bit/s/Hz
61233[UE 5 | RB 1] Throughput = 0.76599 Mbps | SE = 0.02007 bit/s/Hz
61333[UE 5 | RB 1] Throughput = 1.07356 Mbps | SE = 0.02813 bit/s/Hz
61443[UE 5 | RB 1] Throughput = 1.19891 Mbps | SE = 0.03142 bit/s/Hz
61553[UE 5 | RB 1] Throughput = 1.09203 Mbps | SE = 0.02862 bit/s/Hz
61653[UE 5 | RB 1] Throughput = 1.07851 Mbps | SE = 0.02826 bit/s/Hz
61753[UE 5 | RB 1] Throughput = 1.19653 Mbps | SE = 0.03136 bit/s/Hz
61853[UE 5 | RB 1] Throughput = 1.19784 Mbps | SE = 0.03139 bit/s/Hz
61963[UE 5 | RB 1] Throughput = 0.98187 Mbps | SE = 0.02573 bit/s/Hz
62063[UE 5 | RB 1] Throughput = 1.07819 Mbps | SE = 0.02825 bit/s/Hz
62163[UE 5 | RB 1] Throughput = 0.59888 Mbps | SE = 0.01569 bit/s/Hz
62263[UE 5 | RB 1] Throughput = 1.31732 Mbps | SE = 0.03452 bit/s/Hz
62373[UE 5 | RB 1] Throughput = 1.20085 Mbps | SE = 0.03147 bit/s/Hz
62473[UE 5 | RB 1] Throughput = 0.95723 Mbps | SE = 0.02508 bit/s/Hz
62583[UE 5 | RB 1] Throughput = 1.20075 Mbps | SE = 0.03147 bit/s/Hz
62683[UE 5 | RB 1] Throughput = 0.59828 Mbps | SE = 0.01568 bit/s/Hz
62793[UE 5 | RB 1] Throughput = 1.41708 Mbps | SE = 0.03714 bit/s/Hz
62893[UE 5 | RB 1] Throughput = 0.95634 Mbps | SE = 0.02506 bit/s/Hz
63003[UE 5 | RB 1] Throughput = 1.09276 Mbps | SE = 0.02864 bit/s/Hz
63103[UE 5 | RB 1] Throughput = 1.19578 Mbps | SE = 0.03134 bit/s/Hz
63203[UE 5 | RB 1] Throughput = 0.95763 Mbps | SE = 0.02510 bit/s/Hz
63313[UE 5 | RB 1] Throughput = 1.08977 Mbps | SE = 0.02856 bit/s/Hz
63413[UE 5 | RB 1] Throughput = 1.19826 Mbps | SE = 0.03140 bit/s/Hz
63513[UE 5 | RB 1] Throughput = 0.95640 Mbps | SE = 0.02506 bit/s/Hz
63623[UE 5 | RB 1] Throughput = 1.20450 Mbps | SE = 0.03156 bit/s/Hz
63724[UE 5 | RB 1] Throughput = 0.71403 Mbps | SE = 0.01871 bit/s/Hz
63833[UE 5 | RB 1] Throughput = 1.42254 Mbps | SE = 0.03728 bit/s/Hz
63933[UE 5 | RB 1] Throughput = 0.59883 Mbps | SE = 0.01569 bit/s/Hz
64033[UE 5 | RB 1] Throughput = 1.31730 Mbps | SE = 0.03452 bit/s/Hz
64143[UE 5 | RB 1] Throughput = 1.08948 Mbps | SE = 0.02855 bit/s/Hz
64253[UE 5 | RB 1] Throughput = 0.98190 Mbps | SE = 0.02573 bit/s/Hz
64353[UE 5 | RB 1] Throughput = 1.31773 Mbps | SE = 0.03453 bit/s/Hz
64453[UE 5 | RB 1] Throughput = 0.71760 Mbps | SE = 0.01880 bit/s/Hz
64563[UE 5 | RB 1] Throughput = 1.30952 Mbps | SE = 0.03432 bit/s/Hz
64673[UE 5 | RB 1] Throughput = 0.98077 Mbps | SE = 0.02570 bit/s/Hz
64783[UE 5 | RB 1] Throughput = 0.98172 Mbps | SE = 0.02573 bit/s/Hz
64883[UE 5 | RB 1] Throughput = 1.19723 Mbps | SE = 0.03137 bit/s/Hz
64993[UE 5 | RB 1] Throughput = 1.09022 Mbps | SE = 0.02857 bit/s/Hz
65093[UE 5 | RB 1] Throughput = 1.19702 Mbps | SE = 0.03137 bit/s/Hz
65203[UE 5 | RB 1] Throughput = 0.76276 Mbps | SE = 0.01999 bit/s/Hz
65303[UE 5 | RB 1] Throughput = 1.07676 Mbps | SE = 0.02822 bit/s/Hz
65404[UE 5 | RB 1] Throughput = 1.19214 Mbps | SE = 0.03124 bit/s/Hz
65513[UE 5 | RB 1] Throughput = 1.09501 Mbps | SE = 0.02870 bit/s/Hz
65613[UE 5 | RB 1] Throughput = 0.95845 Mbps | SE = 0.02512 bit/s/Hz
65723[UE 5 | RB 1] Throughput = 1.30924 Mbps | SE = 0.03431 bit/s/Hz
65823[UE 5 | RB 1] Throughput = 0.95858 Mbps | SE = 0.02512 bit/s/Hz
65923[UE 5 | RB 1] Throughput = 1.19834 Mbps | SE = 0.03140 bit/s/Hz
66033[UE 5 | RB 1] Throughput = 0.54512 Mbps | SE = 0.01429 bit/s/Hz
66143[UE 5 | RB 1] Throughput = 1.31037 Mbps | SE = 0.03434 bit/s/Hz
66243[UE 5 | RB 1] Throughput = 1.43525 Mbps | SE = 0.03761 bit/s/Hz
66343[UE 5 | RB 1] Throughput = 0.59898 Mbps | SE = 0.01570 bit/s/Hz
66443[UE 5 | RB 1] Throughput = 1.43626 Mbps | SE = 0.03764 bit/s/Hz
66553[UE 5 | RB 1] Throughput = 1.09211 Mbps | SE = 0.02862 bit/s/Hz
66653[UE 5 | RB 1] Throughput = 1.19592 Mbps | SE = 0.03134 bit/s/Hz
66763[UE 5 | RB 1] Throughput = 0.54580 Mbps | SE = 0.01430 bit/s/Hz
66863[UE 5 | RB 1] Throughput = 1.31686 Mbps | SE = 0.03451 bit/s/Hz
66973[UE 5 | RB 1] Throughput = 1.19782 Mbps | SE = 0.03139 bit/s/Hz
67073[UE 5 | RB 1] Throughput = 1.07826 Mbps | SE = 0.02826 bit/s/Hz
67183[UE 5 | RB 1] Throughput = 1.20019 Mbps | SE = 0.03145 bit/s/Hz
67283[UE 5 | RB 1] Throughput = 0.95647 Mbps | SE = 0.02506 bit/s/Hz
67393[UE 5 | RB 1] Throughput = 1.09162 Mbps | SE = 0.02861 bit/s/Hz
67493[UE 5 | RB 1] Throughput = 0.95576 Mbps | SE = 0.02505 bit/s/Hz
67593[UE 5 | RB 1] Throughput = 1.07658 Mbps | SE = 0.02821 bit/s/Hz
67703[UE 5 | RB 1] Throughput = 1.09151 Mbps | SE = 0.02860 bit/s/Hz
67813[UE 5 | RB 1] Throughput = 0.87294 Mbps | SE = 0.02288 bit/s/Hz
67913[UE 5 | RB 1] Throughput = 1.31694 Mbps | SE = 0.03451 bit/s/Hz
68013[UE 5 | RB 1] Throughput = 1.19794 Mbps | SE = 0.03139 bit/s/Hz
68123[UE 5 | RB 1] Throughput = 0.65402 Mbps | SE = 0.01714 bit/s/Hz
68223[UE 5 | RB 1] Throughput = 1.19756 Mbps | SE = 0.03138 bit/s/Hz
68323[UE 5 | RB 1] Throughput = 1.31613 Mbps | SE = 0.03449 bit/s/Hz
68433[UE 5 | RB 1] Throughput = 0.98293 Mbps | SE = 0.02576 bit/s/Hz
68543[UE 5 | RB 1] Throughput = 0.87156 Mbps | SE = 0.02284 bit/s/Hz
68643[UE 5 | RB 1] Throughput = 1.19731 Mbps | SE = 0.03138 bit/s/Hz
68753[UE 5 | RB 1] Throughput = 1.09069 Mbps | SE = 0.02858 bit/s/Hz
68853[UE 5 | RB 1] Throughput = 1.31773 Mbps | SE = 0.03453 bit/s/Hz
68953[UE 5 | RB 1] Throughput = 1.07777 Mbps | SE = 0.02824 bit/s/Hz
69063[UE 5 | RB 1] Throughput = 0.87068 Mbps | SE = 0.02282 bit/s/Hz
69173[UE 5 | RB 1] Throughput = 1.09124 Mbps | SE = 0.02860 bit/s/Hz
69283[UE 5 | RB 1] Throughput = 0.97952 Mbps | SE = 0.02567 bit/s/Hz
69383[UE 5 | RB 1] Throughput = 1.07785 Mbps | SE = 0.02825 bit/s/Hz
69493[UE 5 | RB 1] Throughput = 1.09067 Mbps | SE = 0.02858 bit/s/Hz
69604[UE 5 | RB 1] Throughput = 0.96931 Mbps | SE = 0.02540 bit/s/Hz
69713[UE 5 | RB 1] Throughput = 1.10160 Mbps | SE = 0.02887 bit/s/Hz
69813[UE 5 | RB 1] Throughput = 1.19806 Mbps | SE = 0.03140 bit/s/Hz
69913[UE 5 | RB 1] Throughput = 1.07762 Mbps | SE = 0.02824 bit/s/Hz
70023[UE 5 | RB 1] Throughput = 0.98162 Mbps | SE = 0.02572 bit/s/Hz
70123[UE 5 | RB 1] Throughput = 1.19595 Mbps | SE = 0.03134 bit/s/Hz
70233[UE 5 | RB 1] Throughput = 0.98597 Mbps | SE = 0.02584 bit/s/Hz
70333[UE 5 | RB 1] Throughput = 1.07672 Mbps | SE = 0.02822 bit/s/Hz
70433[UE 5 | RB 1] Throughput = 1.07768 Mbps | SE = 0.02824 bit/s/Hz
70533[UE 5 | RB 1] Throughput = 1.19651 Mbps | SE = 0.03136 bit/s/Hz
70633[UE 5 | RB 1] Throughput = 0.95753 Mbps | SE = 0.02509 bit/s/Hz
70743[UE 5 | RB 1] Throughput = 0.97957 Mbps | SE = 0.02567 bit/s/Hz
70853[UE 5 | RB 1] Throughput = 1.31222 Mbps | SE = 0.03439 bit/s/Hz
70953[UE 5 | RB 1] Throughput = 0.71882 Mbps | SE = 0.01884 bit/s/Hz
71053[UE 5 | RB 1] Throughput = 1.31738 Mbps | SE = 0.03452 bit/s/Hz
71153[UE 5 | RB 1] Throughput = 0.83815 Mbps | SE = 0.02196 bit/s/Hz
71263[UE 5 | RB 1] Throughput = 1.09001 Mbps | SE = 0.02856 bit/s/Hz
71363[UE 5 | RB 1] Throughput = 1.19803 Mbps | SE = 0.03139 bit/s/Hz
71463[UE 5 | RB 1] Throughput = 1.07674 Mbps | SE = 0.02822 bit/s/Hz
71573[UE 5 | RB 1] Throughput = 1.09370 Mbps | SE = 0.02866 bit/s/Hz
71673[UE 5 | RB 1] Throughput = 1.07554 Mbps | SE = 0.02818 bit/s/Hz
71773[UE 5 | RB 1] Throughput = 1.19696 Mbps | SE = 0.03137 bit/s/Hz
71883[UE 5 | RB 1] Throughput = 1.08706 Mbps | SE = 0.02849 bit/s/Hz
71993[UE 5 | RB 1] Throughput = 0.87462 Mbps | SE = 0.02292 bit/s/Hz
72103[UE 5 | RB 1] Throughput = 1.19650 Mbps | SE = 0.03135 bit/s/Hz
72213[UE 5 | RB 1] Throughput = 1.09261 Mbps | SE = 0.02863 bit/s/Hz
72323[UE 5 | RB 1] Throughput = 0.97994 Mbps | SE = 0.02568 bit/s/Hz
72423[UE 5 | RB 1] Throughput = 1.19528 Mbps | SE = 0.03132 bit/s/Hz
72524[UE 5 | RB 1] Throughput = 0.71753 Mbps | SE = 0.01880 bit/s/Hz
72633[UE 5 | RB 1] Throughput = 1.31057 Mbps | SE = 0.03434 bit/s/Hz
72743[UE 5 | RB 1] Throughput = 0.98081 Mbps | SE = 0.02570 bit/s/Hz
72843[UE 5 | RB 1] Throughput = 1.19781 Mbps | SE = 0.03139 bit/s/Hz
72953[UE 5 | RB 1] Throughput = 0.65412 Mbps | SE = 0.01714 bit/s/Hz
73053[UE 5 | RB 1] Throughput = 1.31721 Mbps | SE = 0.03452 bit/s/Hz
73153[UE 5 | RB 1] Throughput = 1.19763 Mbps | SE = 0.03138 bit/s/Hz
73264[UE 5 | RB 1] Throughput = 0.86688 Mbps | SE = 0.02272 bit/s/Hz
73373[UE 5 | RB 1] Throughput = 1.31686 Mbps | SE = 0.03451 bit/s/Hz
73483[UE 5 | RB 1] Throughput = 0.98077 Mbps | SE = 0.02570 bit/s/Hz
73583[UE 5 | RB 1] Throughput = 1.07812 Mbps | SE = 0.02825 bit/s/Hz
73693[UE 5 | RB 1] Throughput = 0.98156 Mbps | SE = 0.02572 bit/s/Hz
73793[UE 5 | RB 1] Throughput = 1.07770 Mbps | SE = 0.02824 bit/s/Hz
73903[UE 5 | RB 1] Throughput = 1.19577 Mbps | SE = 0.03134 bit/s/Hz
74013[UE 5 | RB 1] Throughput = 1.09153 Mbps | SE = 0.02860 bit/s/Hz
74113[UE 5 | RB 1] Throughput = 0.95800 Mbps | SE = 0.02510 bit/s/Hz
74223[UE 5 | RB 1] Throughput = 1.08943 Mbps | SE = 0.02855 bit/s/Hz
74333[UE 5 | RB 1] Throughput = 1.19896 Mbps | SE = 0.03142 bit/s/Hz
74443[UE 5 | RB 1] Throughput = 0.87145 Mbps | SE = 0.02284 bit/s/Hz
74543[UE 5 | RB 1] Throughput = 1.31705 Mbps | SE = 0.03451 bit/s/Hz
74653[UE 5 | RB 1] Throughput = 0.65455 Mbps | SE = 0.01715 bit/s/Hz
74753[UE 5 | RB 1] Throughput = 1.55647 Mbps | SE = 0.04079 bit/s/Hz
74854[UE 5 | RB 1] Throughput = 0.95519 Mbps | SE = 0.02503 bit/s/Hz
74963[UE 5 | RB 1] Throughput = 0.98419 Mbps | SE = 0.02579 bit/s/Hz
75073[UE 5 | RB 1] Throughput = 0.87290 Mbps | SE = 0.02287 bit/s/Hz
75173[UE 5 | RB 1] Throughput = 1.43611 Mbps | SE = 0.03763 bit/s/Hz
75273[UE 5 | RB 1] Throughput = 1.07833 Mbps | SE = 0.02826 bit/s/Hz
75383[UE 5 | RB 1] Throughput = 0.86941 Mbps | SE = 0.02278 bit/s/Hz
75493[UE 5 | RB 1] Throughput = 1.20209 Mbps | SE = 0.03150 bit/s/Hz
75603[UE 5 | RB 1] Throughput = 1.08953 Mbps | SE = 0.02855 bit/s/Hz
75703[UE 5 | RB 1] Throughput = 0.95473 Mbps | SE = 0.02502 bit/s/Hz
75813[UE 5 | RB 1] Throughput = 0.98299 Mbps | SE = 0.02576 bit/s/Hz
75923[UE 5 | RB 1] Throughput = 1.30992 Mbps | SE = 0.03433 bit/s/Hz
76023[UE 5 | RB 1] Throughput = 0.71848 Mbps | SE = 0.01883 bit/s/Hz
76123[UE 5 | RB 1] Throughput = 1.43753 Mbps | SE = 0.03767 bit/s/Hz
76233[UE 5 | RB 1] Throughput = 0.65401 Mbps | SE = 0.01714 bit/s/Hz
76343[UE 5 | RB 1] Throughput = 1.30390 Mbps | SE = 0.03417 bit/s/Hz
76453[UE 5 | RB 1] Throughput = 1.09020 Mbps | SE = 0.02857 bit/s/Hz
76563[UE 5 | RB 1] Throughput = 0.98068 Mbps | SE = 0.02570 bit/s/Hz
76673[UE 5 | RB 1] Throughput = 1.30892 Mbps | SE = 0.03430 bit/s/Hz
76773[UE 5 | RB 1] Throughput = 0.59914 Mbps | SE = 0.01570 bit/s/Hz
76873[UE 5 | RB 1] Throughput = 1.19711 Mbps | SE = 0.03137 bit/s/Hz
76973[UE 5 | RB 1] Throughput = 1.07784 Mbps | SE = 0.02825 bit/s/Hz
77083[UE 5 | RB 1] Throughput = 1.30672 Mbps | SE = 0.03424 bit/s/Hz
77193[UE 5 | RB 1] Throughput = 0.98249 Mbps | SE = 0.02575 bit/s/Hz
77303[UE 5 | RB 1] Throughput = 1.08853 Mbps | SE = 0.02853 bit/s/Hz
77403[UE 5 | RB 1] Throughput = 1.19769 Mbps | SE = 0.03139 bit/s/Hz
77513[UE 5 | RB 1] Throughput = 0.87202 Mbps | SE = 0.02285 bit/s/Hz
77623[UE 5 | RB 1] Throughput = 1.08700 Mbps | SE = 0.02849 bit/s/Hz
77733[UE 5 | RB 1] Throughput = 1.20035 Mbps | SE = 0.03146 bit/s/Hz
77844[UE 5 | RB 1] Throughput = 1.08720 Mbps | SE = 0.02849 bit/s/Hz
77953[UE 5 | RB 1] Throughput = 1.09349 Mbps | SE = 0.02866 bit/s/Hz
78063[UE 5 | RB 1] Throughput = 0.97917 Mbps | SE = 0.02566 bit/s/Hz
78173[UE 5 | RB 1] Throughput = 0.98231 Mbps | SE = 0.02574 bit/s/Hz
78273[UE 5 | RB 1] Throughput = 1.07810 Mbps | SE = 0.02825 bit/s/Hz
78383[UE 5 | RB 1] Throughput = 1.30767 Mbps | SE = 0.03427 bit/s/Hz
78483[UE 5 | RB 1] Throughput = 0.95669 Mbps | SE = 0.02507 bit/s/Hz
78593[UE 5 | RB 1] Throughput = 1.09072 Mbps | SE = 0.02858 bit/s/Hz
78703[UE 5 | RB 1] Throughput = 0.98062 Mbps | SE = 0.02570 bit/s/Hz
78803[UE 5 | RB 1] Throughput = 0.95868 Mbps | SE = 0.02512 bit/s/Hz
78913[UE 5 | RB 1] Throughput = 1.08867 Mbps | SE = 0.02853 bit/s/Hz
79013[UE 5 | RB 1] Throughput = 0.95805 Mbps | SE = 0.02511 bit/s/Hz
79123[UE 5 | RB 1] Throughput = 1.19944 Mbps | SE = 0.03143 bit/s/Hz
79233[UE 5 | RB 1] Throughput = 1.08954 Mbps | SE = 0.02855 bit/s/Hz
79343[UE 5 | RB 1] Throughput = 0.87359 Mbps | SE = 0.02289 bit/s/Hz
79443[UE 5 | RB 1] Throughput = 1.19579 Mbps | SE = 0.03134 bit/s/Hz
79543[UE 5 | RB 1] Throughput = 1.07759 Mbps | SE = 0.02824 bit/s/Hz
79643[UE 5 | RB 1] Throughput = 1.31658 Mbps | SE = 0.03450 bit/s/Hz
79754[UE 5 | RB 1] Throughput = 0.87011 Mbps | SE = 0.02280 bit/s/Hz
79863[UE 5 | RB 1] Throughput = 1.09163 Mbps | SE = 0.02861 bit/s/Hz
79973[UE 5 | RB 1] Throughput = 1.09015 Mbps | SE = 0.02857 bit/s/Hz
80083[UE 5 | RB 1] Throughput = 1.09183 Mbps | SE = 0.02861 bit/s/Hz
80193[UE 5 | RB 1] Throughput = 1.08838 Mbps | SE = 0.02852 bit/s/Hz
80303[UE 5 | RB 1] Throughput = 0.97791 Mbps | SE = 0.02563 bit/s/Hz
80403[UE 5 | RB 1] Throughput = 1.07800 Mbps | SE = 0.02825 bit/s/Hz
80513[UE 5 | RB 1] Throughput = 1.20006 Mbps | SE = 0.03145 bit/s/Hz
80623[UE 5 | RB 1] Throughput = 1.09154 Mbps | SE = 0.02860 bit/s/Hz
80723[UE 5 | RB 1] Throughput = 0.95524 Mbps | SE = 0.02503 bit/s/Hz
80833[UE 5 | RB 1] Throughput = 1.09157 Mbps | SE = 0.02861 bit/s/Hz
80943[UE 5 | RB 1] Throughput = 0.98261 Mbps | SE = 0.02575 bit/s/Hz
81043[UE 5 | RB 1] Throughput = 1.19657 Mbps | SE = 0.03136 bit/s/Hz
81143[UE 5 | RB 1] Throughput = 0.95860 Mbps | SE = 0.02512 bit/s/Hz
81243[UE 5 | RB 1] Throughput = 0.95871 Mbps | SE = 0.02512 bit/s/Hz
81353[UE 5 | RB 1] Throughput = 1.09231 Mbps | SE = 0.02862 bit/s/Hz
81453[UE 5 | RB 1] Throughput = 1.31698 Mbps | SE = 0.03451 bit/s/Hz
81553[UE 5 | RB 1] Throughput = 0.83741 Mbps | SE = 0.02194 bit/s/Hz
81663[UE 5 | RB 1] Throughput = 0.98057 Mbps | SE = 0.02570 bit/s/Hz
81773[UE 5 | RB 1] Throughput = 1.19910 Mbps | SE = 0.03142 bit/s/Hz
81873[UE 5 | RB 1] Throughput = 1.19588 Mbps | SE = 0.03134 bit/s/Hz
81983[UE 5 | RB 1] Throughput = 0.76318 Mbps | SE = 0.02000 bit/s/Hz
82083[UE 5 | RB 1] Throughput = 1.19621 Mbps | SE = 0.03135 bit/s/Hz
82193[UE 5 | RB 1] Throughput = 1.09214 Mbps | SE = 0.02862 bit/s/Hz
82293[UE 5 | RB 1] Throughput = 1.07751 Mbps | SE = 0.02824 bit/s/Hz
82393[UE 5 | RB 1] Throughput = 1.31657 Mbps | SE = 0.03450 bit/s/Hz
82493[UE 5 | RB 1] Throughput = 0.71887 Mbps | SE = 0.01884 bit/s/Hz
82603[UE 5 | RB 1] Throughput = 1.20113 Mbps | SE = 0.03148 bit/s/Hz
82703[UE 5 | RB 1] Throughput = 1.19632 Mbps | SE = 0.03135 bit/s/Hz
82804[UE 5 | RB 1] Throughput = 0.47730 Mbps | SE = 0.01251 bit/s/Hz
82913[UE 5 | RB 1] Throughput = 1.63823 Mbps | SE = 0.04293 bit/s/Hz
83023[UE 5 | RB 1] Throughput = 0.87265 Mbps | SE = 0.02287 bit/s/Hz
83133[UE 5 | RB 1] Throughput = 1.19923 Mbps | SE = 0.03143 bit/s/Hz
83233[UE 5 | RB 1] Throughput = 0.83875 Mbps | SE = 0.02198 bit/s/Hz
83343[UE 5 | RB 1] Throughput = 1.09048 Mbps | SE = 0.02858 bit/s/Hz
83443[UE 5 | RB 1] Throughput = 1.19677 Mbps | SE = 0.03136 bit/s/Hz
83553[UE 5 | RB 1] Throughput = 1.19922 Mbps | SE = 0.03143 bit/s/Hz
83653[UE 5 | RB 1] Throughput = 0.71735 Mbps | SE = 0.01880 bit/s/Hz
83754[UE 5 | RB 1] Throughput = 0.83701 Mbps | SE = 0.02193 bit/s/Hz
83854[UE 5 | RB 1] Throughput = 1.43729 Mbps | SE = 0.03766 bit/s/Hz
83963[UE 5 | RB 1] Throughput = 1.20302 Mbps | SE = 0.03153 bit/s/Hz
84073[UE 5 | RB 1] Throughput = 1.19857 Mbps | SE = 0.03141 bit/s/Hz
84183[UE 5 | RB 1] Throughput = 0.87234 Mbps | SE = 0.02286 bit/s/Hz
84283[UE 5 | RB 1] Throughput = 1.19757 Mbps | SE = 0.03138 bit/s/Hz
84393[UE 5 | RB 1] Throughput = 0.65376 Mbps | SE = 0.01713 bit/s/Hz
84493[UE 5 | RB 1] Throughput = 1.43786 Mbps | SE = 0.03768 bit/s/Hz
84603[UE 5 | RB 1] Throughput = 1.19951 Mbps | SE = 0.03143 bit/s/Hz
84703[UE 5 | RB 1] Throughput = 0.59860 Mbps | SE = 0.01569 bit/s/Hz
84813[UE 5 | RB 1] Throughput = 1.19817 Mbps | SE = 0.03140 bit/s/Hz
84923[UE 5 | RB 1] Throughput = 1.09093 Mbps | SE = 0.02859 bit/s/Hz
85023[UE 5 | RB 1] Throughput = 1.43557 Mbps | SE = 0.03762 bit/s/Hz
85123[UE 5 | RB 1] Throughput = 0.83864 Mbps | SE = 0.02198 bit/s/Hz
85223[UE 5 | RB 1] Throughput = 1.19811 Mbps | SE = 0.03140 bit/s/Hz
85333[UE 5 | RB 1] Throughput = 0.98179 Mbps | SE = 0.02573 bit/s/Hz
85433[UE 5 | RB 1] Throughput = 1.19811 Mbps | SE = 0.03140 bit/s/Hz
85533[UE 5 | RB 1] Throughput = 0.83731 Mbps | SE = 0.02194 bit/s/Hz
85634[UE 5 | RB 1] Throughput = 1.07798 Mbps | SE = 0.02825 bit/s/Hz
85743[UE 5 | RB 1] Throughput = 1.20322 Mbps | SE = 0.03153 bit/s/Hz
85843[UE 5 | RB 1] Throughput = 0.71785 Mbps | SE = 0.01881 bit/s/Hz
85953[UE 5 | RB 1] Throughput = 1.30725 Mbps | SE = 0.03426 bit/s/Hz
86053[UE 5 | RB 1] Throughput = 0.95734 Mbps | SE = 0.02509 bit/s/Hz
86163[UE 5 | RB 1] Throughput = 1.19859 Mbps | SE = 0.03141 bit/s/Hz
86273[UE 5 | RB 1] Throughput = 0.97958 Mbps | SE = 0.02567 bit/s/Hz
86384[UE 5 | RB 1] Throughput = 1.19263 Mbps | SE = 0.03125 bit/s/Hz
86494[UE 5 | RB 1] Throughput = 0.65520 Mbps | SE = 0.01717 bit/s/Hz
86603[UE 5 | RB 1] Throughput = 1.31592 Mbps | SE = 0.03448 bit/s/Hz
86703[UE 5 | RB 1] Throughput = 1.07772 Mbps | SE = 0.02824 bit/s/Hz
86813[UE 5 | RB 1] Throughput = 1.19897 Mbps | SE = 0.03142 bit/s/Hz
86923[UE 5 | RB 1] Throughput = 1.08893 Mbps | SE = 0.02854 bit/s/Hz
87023[UE 5 | RB 1] Throughput = 0.83729 Mbps | SE = 0.02194 bit/s/Hz
87133[UE 5 | RB 1] Throughput = 1.19995 Mbps | SE = 0.03145 bit/s/Hz
87244[UE 5 | RB 1] Throughput = 1.08339 Mbps | SE = 0.02839 bit/s/Hz
87353[UE 5 | RB 1] Throughput = 1.09655 Mbps | SE = 0.02874 bit/s/Hz
87453[UE 5 | RB 1] Throughput = 1.07776 Mbps | SE = 0.02824 bit/s/Hz
87553[UE 5 | RB 1] Throughput = 1.07732 Mbps | SE = 0.02823 bit/s/Hz
87663[UE 5 | RB 1] Throughput = 0.98133 Mbps | SE = 0.02572 bit/s/Hz
87764[UE 5 | RB 1] Throughput = 1.19259 Mbps | SE = 0.03125 bit/s/Hz
87873[UE 5 | RB 1] Throughput = 0.98539 Mbps | SE = 0.02582 bit/s/Hz
87973[UE 5 | RB 1] Throughput = 1.19529 Mbps | SE = 0.03132 bit/s/Hz
88073[UE 5 | RB 1] Throughput = 0.95807 Mbps | SE = 0.02511 bit/s/Hz
88173[UE 5 | RB 1] Throughput = 1.07800 Mbps | SE = 0.02825 bit/s/Hz
88283[UE 5 | RB 1] Throughput = 0.98129 Mbps | SE = 0.02572 bit/s/Hz
88393[UE 5 | RB 1] Throughput = 1.20001 Mbps | SE = 0.03145 bit/s/Hz
88503[UE 5 | RB 1] Throughput = 1.09043 Mbps | SE = 0.02858 bit/s/Hz
88613[UE 5 | RB 1] Throughput = 1.20062 Mbps | SE = 0.03146 bit/s/Hz
88713[UE 5 | RB 1] Throughput = 0.95753 Mbps | SE = 0.02509 bit/s/Hz
88813[UE 5 | RB 1] Throughput = 0.95661 Mbps | SE = 0.02507 bit/s/Hz
88923[UE 5 | RB 1] Throughput = 0.87122 Mbps | SE = 0.02283 bit/s/Hz
89033[UE 5 | RB 1] Throughput = 1.30789 Mbps | SE = 0.03427 bit/s/Hz
89143[UE 5 | RB 1] Throughput = 0.87248 Mbps | SE = 0.02286 bit/s/Hz
89253[UE 5 | RB 1] Throughput = 1.30635 Mbps | SE = 0.03423 bit/s/Hz
89363[UE 5 | RB 1] Throughput = 1.20168 Mbps | SE = 0.03149 bit/s/Hz
89463[UE 5 | RB 1] Throughput = 0.83686 Mbps | SE = 0.02193 bit/s/Hz
89573[UE 5 | RB 1] Throughput = 0.97980 Mbps | SE = 0.02568 bit/s/Hz
89673[UE 5 | RB 1] Throughput = 1.19657 Mbps | SE = 0.03136 bit/s/Hz
89784[UE 5 | RB 1] Throughput = 0.97705 Mbps | SE = 0.02560 bit/s/Hz
89893[UE 5 | RB 1] Throughput = 1.09441 Mbps | SE = 0.02868 bit/s/Hz
90003[UE 5 | RB 1] Throughput = 1.09148 Mbps | SE = 0.02860 bit/s/Hz
[xApp]: E42 RIC_SUBSCRIPTION_DELETE_REQUEST tx RAN_FUNC_ID 144 RIC_REQ_ID 1 
[xApp]: E42 SUBSCRIPTION DELETE RESPONSE rx
[xApp]: E42 RIC_SUBSCRIPTION_DELETE_REQUEST tx RAN_FUNC_ID 144 RIC_REQ_ID 2 
[xApp]: E42 SUBSCRIPTION DELETE RESPONSE rx
[xApp]: E42 RIC_SUBSCRIPTION_DELETE_REQUEST tx RAN_FUNC_ID 144 RIC_REQ_ID 3 
[xApp]: E42 SUBSCRIPTION DELETE RESPONSE rx
[xApp]: Sucessfully stopped 
Test xApp run SUCCESSFULLY
