[UTIL]: Setting the config -c file to /usr/local/etc/flexric/flexric.conf
[UTIL]: Setting path -p for the shared libraries to /usr/local/lib/flexric/
[xAapp]: Initializing ... 
[xApp]: nearRT-RIC IP Address = 192.168.70.150, PORT = 36422
[E2 AGENT]: Opening plugin from path = /usr/local/lib/flexric/libkpm_sm.so 
[E2 AGENT]: Opening plugin from path = /usr/local/lib/flexric/libmac_sm.so 
[E2 AGENT]: Opening plugin from path = /usr/local/lib/flexric/libpdcp_sm.so 
[E2 AGENT]: Opening plugin from path = /usr/local/lib/flexric/libgtp_sm.so 
[E2 AGENT]: Opening plugin from path = /usr/local/lib/flexric/librc_sm.so 
[E2 AGENT]: Opening plugin from path = /usr/local/lib/flexric/libtc_sm.so 
[E2 AGENT]: Opening plugin from path = /usr/local/lib/flexric/librlc_sm.so 
[E2 AGENT]: Opening plugin from path = /usr/local/lib/flexric/libslice_sm.so 
[NEAR-RIC]: Loading SM ID = 2 with def = ORAN-E2SM-KPM 
[NEAR-RIC]: Loading SM ID = 142 with def = MAC_STATS_V0 
[NEAR-RIC]: Loading SM ID = 144 with def = PDCP_STATS_V0 
[NEAR-RIC]: Loading SM ID = 148 with def = GTP_STATS_V0 
[NEAR-RIC]: Loading SM ID = 3 with def = ORAN-E2SM-RC 
[NEAR-RIC]: Loading SM ID = 146 with def = TC_STATS_V0 
[NEAR-RIC]: Loading SM ID = 143 with def = RLC_STATS_V0 
[NEAR-RIC]: Loading SM ID = 145 with def = SLICE_STATS_V0 
[xApp]: DB filename = /tmp/flexric/xapp_db 
 [xApp]: E42 SETUP-REQUEST tx
[xApp]: E42 SETUP-RESPONSE rx 
[xApp]: xApp ID = 86 
[xApp]: Registered E2 Nodes = 3 
Connected E2 nodes = 3
[xAPP] Registered node 0 ran func id = 2 
 [xAPP] Registered node 0 ran func id = 3 
 [xAPP] Registered node 0 ran func id = 142 
 [xAPP] Registered node 0 ran func id = 143 
 [xAPP] Registered node 0 ran func id = 144 
 [xAPP] Registered node 0 ran func id = 145 
 [xAPP] Registered node 0 ran func id = 146 
 [xAPP] Registered node 0 ran func id = 148 
 [xApp]: E42 RIC SUBSCRIPTION REQUEST tx RAN_FUNC_ID 144 RIC_REQ_ID 1 
[xApp]: SUBSCRIPTION RESPONSE rx
[xApp]: Successfully subscribed to RAN_FUNC_ID 144 
[xAPP] Registered node 1 ran func id = 2 
 [xAPP] Registered node 1 ran func id = 3 
 [xAPP] Registered node 1 ran func id = 142 
 [xAPP] Registered node 1 ran func id = 143 
 [xAPP] Registered node 1 ran func id = 144 
 [xAPP] Registered node 1 ran func id = 145 
 [xAPP] Registered node 1 ran func id = 146 
 [xAPP] Registered node 1 ran func id = 148 
 [xApp]: E42 RIC SUBSCRIPTION REQUEST tx RAN_FUNC_ID 144 RIC_REQ_ID 2 
[xApp]: SUBSCRIPTION RESPONSE rx
[xApp]: Successfully subscribed to RAN_FUNC_ID 144 
[xAPP] Registered node 2 ran func id = 2 
 [xAPP] Registered node 2 ran func id = 3 
 [xAPP] Registered node 2 ran func id = 142 
 [xAPP] Registered node 2 ran func id = 143 
 [xAPP] Registered node 2 ran func id = 144 
 [xAPP] Registered node 2 ran func id = 145 
 [xAPP] Registered node 2 ran func id = 146 
 [xAPP] Registered node 2 ran func id = 148 
 [xApp]: E42 RIC SUBSCRIPTION REQUEST tx RAN_FUNC_ID 144 RIC_REQ_ID 3 
[xApp]: SUBSCRIPTION RESPONSE rx
[xApp]: Successfully subscribed to RAN_FUNC_ID 144 
124[UE 5 | RB 1] Throughput = 1.29968 Mbps | SE = 0.03406 bit/s/Hz
225[UE 5 | RB 1] Throughput = 1.31031 Mbps | SE = 0.03434 bit/s/Hz
333[UE 5 | RB 1] Throughput = 0.77229 Mbps | SE = 0.02024 bit/s/Hz
433[UE 5 | RB 1] Throughput = 1.43598 Mbps | SE = 0.03763 bit/s/Hz
543[UE 5 | RB 1] Throughput = 0.54478 Mbps | SE = 0.01428 bit/s/Hz
653[UE 5 | RB 1] Throughput = 1.09025 Mbps | SE = 0.02857 bit/s/Hz
763[UE 5 | RB 1] Throughput = 1.52572 Mbps | SE = 0.03998 bit/s/Hz
863[UE 5 | RB 1] Throughput = 0.95811 Mbps | SE = 0.02511 bit/s/Hz
963[UE 5 | RB 1] Throughput = 0.83763 Mbps | SE = 0.02195 bit/s/Hz
1074[UE 5 | RB 1] Throughput = 1.08786 Mbps | SE = 0.02851 bit/s/Hz
1183[UE 5 | RB 1] Throughput = 0.98154 Mbps | SE = 0.02572 bit/s/Hz
1293[UE 5 | RB 1] Throughput = 1.41593 Mbps | SE = 0.03711 bit/s/Hz
1403[UE 5 | RB 1] Throughput = 0.87193 Mbps | SE = 0.02285 bit/s/Hz
1513[UE 5 | RB 1] Throughput = 0.87145 Mbps | SE = 0.02284 bit/s/Hz
1614[UE 5 | RB 1] Throughput = 1.19784 Mbps | SE = 0.03139 bit/s/Hz
1723[UE 5 | RB 1] Throughput = 1.30920 Mbps | SE = 0.03431 bit/s/Hz
1823[UE 5 | RB 1] Throughput = 0.71805 Mbps | SE = 0.01882 bit/s/Hz
1933[UE 5 | RB 1] Throughput = 1.20066 Mbps | SE = 0.03146 bit/s/Hz
2043[UE 5 | RB 1] Throughput = 1.08988 Mbps | SE = 0.02856 bit/s/Hz
2144[UE 5 | RB 1] Throughput = 1.18763 Mbps | SE = 0.03112 bit/s/Hz
2254[UE 5 | RB 1] Throughput = 1.20504 Mbps | SE = 0.03158 bit/s/Hz
2363[UE 5 | RB 1] Throughput = 0.76379 Mbps | SE = 0.02002 bit/s/Hz
2463[UE 5 | RB 1] Throughput = 1.19774 Mbps | SE = 0.03139 bit/s/Hz
2564[UE 5 | RB 1] Throughput = 1.31675 Mbps | SE = 0.03451 bit/s/Hz
2673[UE 5 | RB 1] Throughput = 0.65401 Mbps | SE = 0.01714 bit/s/Hz
2774[UE 5 | RB 1] Throughput = 1.43478 Mbps | SE = 0.03760 bit/s/Hz
2884[UE 5 | RB 1] Throughput = 1.09045 Mbps | SE = 0.02858 bit/s/Hz
2993[UE 5 | RB 1] Throughput = 0.87294 Mbps | SE = 0.02288 bit/s/Hz
3094[UE 5 | RB 1] Throughput = 1.07587 Mbps | SE = 0.02819 bit/s/Hz
3203[UE 5 | RB 1] Throughput = 0.87353 Mbps | SE = 0.02289 bit/s/Hz
3304[UE 5 | RB 1] Throughput = 1.31649 Mbps | SE = 0.03450 bit/s/Hz
3413[UE 5 | RB 1] Throughput = 0.98243 Mbps | SE = 0.02575 bit/s/Hz
3513[UE 5 | RB 1] Throughput = 1.07759 Mbps | SE = 0.02824 bit/s/Hz
3623[UE 5 | RB 1] Throughput = 1.30887 Mbps | SE = 0.03430 bit/s/Hz
3723[UE 5 | RB 1] Throughput = 0.71862 Mbps | SE = 0.01883 bit/s/Hz
3824[UE 5 | RB 1] Throughput = 1.43623 Mbps | SE = 0.03764 bit/s/Hz
3934[UE 5 | RB 1] Throughput = 0.54421 Mbps | SE = 0.01426 bit/s/Hz
4044[UE 5 | RB 1] Throughput = 1.19885 Mbps | SE = 0.03142 bit/s/Hz
4153[UE 5 | RB 1] Throughput = 1.19959 Mbps | SE = 0.03144 bit/s/Hz
4265[UE 5 | RB 1] Throughput = 1.29260 Mbps | SE = 0.03387 bit/s/Hz
4373[UE 5 | RB 1] Throughput = 0.66103 Mbps | SE = 0.01732 bit/s/Hz
4474[UE 5 | RB 1] Throughput = 1.43641 Mbps | SE = 0.03764 bit/s/Hz
4583[UE 5 | RB 1] Throughput = 0.76485 Mbps | SE = 0.02004 bit/s/Hz
4684[UE 5 | RB 1] Throughput = 1.31329 Mbps | SE = 0.03442 bit/s/Hz
4793[UE 5 | RB 1] Throughput = 1.31204 Mbps | SE = 0.03438 bit/s/Hz
4893[UE 5 | RB 1] Throughput = 0.59876 Mbps | SE = 0.01569 bit/s/Hz
4994[UE 5 | RB 1] Throughput = 1.31462 Mbps | SE = 0.03445 bit/s/Hz
5094[UE 5 | RB 1] Throughput = 1.19806 Mbps | SE = 0.03140 bit/s/Hz
5204[UE 5 | RB 1] Throughput = 1.09055 Mbps | SE = 0.02858 bit/s/Hz
5314[UE 5 | RB 1] Throughput = 0.87128 Mbps | SE = 0.02283 bit/s/Hz
5424[UE 5 | RB 1] Throughput = 1.08799 Mbps | SE = 0.02851 bit/s/Hz
5533[UE 5 | RB 1] Throughput = 1.09177 Mbps | SE = 0.02861 bit/s/Hz
5644[UE 5 | RB 1] Throughput = 1.19764 Mbps | SE = 0.03138 bit/s/Hz
5744[UE 5 | RB 1] Throughput = 0.59783 Mbps | SE = 0.01567 bit/s/Hz
5853[UE 5 | RB 1] Throughput = 1.53395 Mbps | SE = 0.04020 bit/s/Hz
5953[UE 5 | RB 1] Throughput = 0.71798 Mbps | SE = 0.01882 bit/s/Hz
6054[UE 5 | RB 1] Throughput = 1.31550 Mbps | SE = 0.03447 bit/s/Hz
6164[UE 5 | RB 1] Throughput = 0.97977 Mbps | SE = 0.02568 bit/s/Hz
6264[UE 5 | RB 1] Throughput = 1.07661 Mbps | SE = 0.02821 bit/s/Hz
6374[UE 5 | RB 1] Throughput = 0.87363 Mbps | SE = 0.02289 bit/s/Hz
6484[UE 5 | RB 1] Throughput = 1.19689 Mbps | SE = 0.03136 bit/s/Hz
6594[UE 5 | RB 1] Throughput = 1.09054 Mbps | SE = 0.02858 bit/s/Hz
6694[UE 5 | RB 1] Throughput = 1.31741 Mbps | SE = 0.03452 bit/s/Hz
6794[UE 5 | RB 1] Throughput = 0.95782 Mbps | SE = 0.02510 bit/s/Hz
6904[UE 5 | RB 1] Throughput = 0.98192 Mbps | SE = 0.02573 bit/s/Hz
7004[UE 5 | RB 1] Throughput = 1.07797 Mbps | SE = 0.02825 bit/s/Hz
7104[UE 5 | RB 1] Throughput = 1.07788 Mbps | SE = 0.02825 bit/s/Hz
7204[UE 5 | RB 1] Throughput = 1.07805 Mbps | SE = 0.02825 bit/s/Hz
7313[UE 5 | RB 1] Throughput = 0.98298 Mbps | SE = 0.02576 bit/s/Hz
7413[UE 5 | RB 1] Throughput = 1.07843 Mbps | SE = 0.02826 bit/s/Hz
7513[UE 5 | RB 1] Throughput = 1.19792 Mbps | SE = 0.03139 bit/s/Hz
7623[UE 5 | RB 1] Throughput = 1.08945 Mbps | SE = 0.02855 bit/s/Hz
7724[UE 5 | RB 1] Throughput = 0.95750 Mbps | SE = 0.02509 bit/s/Hz
7833[UE 5 | RB 1] Throughput = 0.98213 Mbps | SE = 0.02574 bit/s/Hz
7934[UE 5 | RB 1] Throughput = 1.07694 Mbps | SE = 0.02822 bit/s/Hz
8034[UE 5 | RB 1] Throughput = 1.31750 Mbps | SE = 0.03453 bit/s/Hz
8144[UE 5 | RB 1] Throughput = 0.98079 Mbps | SE = 0.02570 bit/s/Hz
8244[UE 5 | RB 1] Throughput = 0.95815 Mbps | SE = 0.02511 bit/s/Hz
8354[UE 5 | RB 1] Throughput = 1.20020 Mbps | SE = 0.03145 bit/s/Hz
8454[UE 5 | RB 1] Throughput = 0.71759 Mbps | SE = 0.01880 bit/s/Hz
8564[UE 5 | RB 1] Throughput = 1.30975 Mbps | SE = 0.03432 bit/s/Hz
8664[UE 5 | RB 1] Throughput = 0.83775 Mbps | SE = 0.02195 bit/s/Hz
8774[UE 5 | RB 1] Throughput = 1.19959 Mbps | SE = 0.03144 bit/s/Hz
8874[UE 5 | RB 1] Throughput = 1.31308 Mbps | SE = 0.03441 bit/s/Hz
8984[UE 5 | RB 1] Throughput = 1.09317 Mbps | SE = 0.02865 bit/s/Hz
9084[UE 5 | RB 1] Throughput = 0.59872 Mbps | SE = 0.01569 bit/s/Hz
9194[UE 5 | RB 1] Throughput = 1.30716 Mbps | SE = 0.03425 bit/s/Hz
9294[UE 5 | RB 1] Throughput = 1.19634 Mbps | SE = 0.03135 bit/s/Hz
9404[UE 5 | RB 1] Throughput = 0.98322 Mbps | SE = 0.02577 bit/s/Hz
9504[UE 5 | RB 1] Throughput = 1.19736 Mbps | SE = 0.03138 bit/s/Hz
9604[UE 5 | RB 1] Throughput = 0.95867 Mbps | SE = 0.02512 bit/s/Hz
9714[UE 5 | RB 1] Throughput = 0.87171 Mbps | SE = 0.02284 bit/s/Hz
9824[UE 5 | RB 1] Throughput = 1.41390 Mbps | SE = 0.03705 bit/s/Hz
9934[UE 5 | RB 1] Throughput = 0.54405 Mbps | SE = 0.01426 bit/s/Hz
10044[UE 5 | RB 1] Throughput = 1.20043 Mbps | SE = 0.03146 bit/s/Hz
10144[UE 5 | RB 1] Throughput = 1.19570 Mbps | SE = 0.03133 bit/s/Hz
10253[UE 5 | RB 1] Throughput = 1.42321 Mbps | SE = 0.03730 bit/s/Hz
10354[UE 5 | RB 1] Throughput = 0.83385 Mbps | SE = 0.02185 bit/s/Hz
10464[UE 5 | RB 1] Throughput = 1.09316 Mbps | SE = 0.02865 bit/s/Hz
10564[UE 5 | RB 1] Throughput = 0.95785 Mbps | SE = 0.02510 bit/s/Hz
10674[UE 5 | RB 1] Throughput = 0.87300 Mbps | SE = 0.02288 bit/s/Hz
10774[UE 5 | RB 1] Throughput = 1.19765 Mbps | SE = 0.03138 bit/s/Hz
10884[UE 5 | RB 1] Throughput = 1.09038 Mbps | SE = 0.02857 bit/s/Hz
10984[UE 5 | RB 1] Throughput = 1.31627 Mbps | SE = 0.03449 bit/s/Hz
11094[UE 5 | RB 1] Throughput = 0.98134 Mbps | SE = 0.02572 bit/s/Hz
11194[UE 5 | RB 1] Throughput = 1.07152 Mbps | SE = 0.02808 bit/s/Hz
11304[UE 5 | RB 1] Throughput = 0.98587 Mbps | SE = 0.02584 bit/s/Hz
11404[UE 5 | RB 1] Throughput = 1.07770 Mbps | SE = 0.02824 bit/s/Hz
11504[UE 5 | RB 1] Throughput = 1.07841 Mbps | SE = 0.02826 bit/s/Hz
11604[UE 5 | RB 1] Throughput = 0.95757 Mbps | SE = 0.02509 bit/s/Hz
11704[UE 5 | RB 1] Throughput = 1.07755 Mbps | SE = 0.02824 bit/s/Hz
11814[UE 5 | RB 1] Throughput = 1.20225 Mbps | SE = 0.03151 bit/s/Hz
11914[UE 5 | RB 1] Throughput = 1.31704 Mbps | SE = 0.03451 bit/s/Hz
12014[UE 5 | RB 1] Throughput = 0.59902 Mbps | SE = 0.01570 bit/s/Hz
12124[UE 5 | RB 1] Throughput = 1.41677 Mbps | SE = 0.03713 bit/s/Hz
12234[UE 5 | RB 1] Throughput = 0.98194 Mbps | SE = 0.02573 bit/s/Hz
12334[UE 5 | RB 1] Throughput = 1.07836 Mbps | SE = 0.02826 bit/s/Hz
12434[UE 5 | RB 1] Throughput = 1.07788 Mbps | SE = 0.02825 bit/s/Hz
12534[UE 5 | RB 1] Throughput = 1.19635 Mbps | SE = 0.03135 bit/s/Hz
12644[UE 5 | RB 1] Throughput = 0.54588 Mbps | SE = 0.01431 bit/s/Hz
12753[UE 5 | RB 1] Throughput = 1.19993 Mbps | SE = 0.03144 bit/s/Hz
12853[UE 5 | RB 1] Throughput = 1.43788 Mbps | SE = 0.03768 bit/s/Hz
12954[UE 5 | RB 1] Throughput = 0.59320 Mbps | SE = 0.01555 bit/s/Hz
13064[UE 5 | RB 1] Throughput = 1.09813 Mbps | SE = 0.02878 bit/s/Hz
13164[UE 5 | RB 1] Throughput = 1.31683 Mbps | SE = 0.03451 bit/s/Hz
13273[UE 5 | RB 1] Throughput = 0.98244 Mbps | SE = 0.02575 bit/s/Hz
13374[UE 5 | RB 1] Throughput = 1.07748 Mbps | SE = 0.02824 bit/s/Hz
13474[UE 5 | RB 1] Throughput = 1.19744 Mbps | SE = 0.03138 bit/s/Hz
13574[UE 5 | RB 1] Throughput = 0.95732 Mbps | SE = 0.02509 bit/s/Hz
13684[UE 5 | RB 1] Throughput = 1.08943 Mbps | SE = 0.02855 bit/s/Hz
13794[UE 5 | RB 1] Throughput = 1.30925 Mbps | SE = 0.03431 bit/s/Hz
13894[UE 5 | RB 1] Throughput = 0.71793 Mbps | SE = 0.01881 bit/s/Hz
13994[UE 5 | RB 1] Throughput = 1.19690 Mbps | SE = 0.03137 bit/s/Hz
14104[UE 5 | RB 1] Throughput = 1.08557 Mbps | SE = 0.02845 bit/s/Hz
14214[UE 5 | RB 1] Throughput = 0.76678 Mbps | SE = 0.02009 bit/s/Hz
14324[UE 5 | RB 1] Throughput = 1.19841 Mbps | SE = 0.03140 bit/s/Hz
14424[UE 5 | RB 1] Throughput = 1.31781 Mbps | SE = 0.03453 bit/s/Hz
14534[UE 5 | RB 1] Throughput = 0.76274 Mbps | SE = 0.01999 bit/s/Hz
14634[UE 5 | RB 1] Throughput = 1.07832 Mbps | SE = 0.02826 bit/s/Hz
14744[UE 5 | RB 1] Throughput = 1.19897 Mbps | SE = 0.03142 bit/s/Hz
14854[UE 5 | RB 1] Throughput = 1.19767 Mbps | SE = 0.03139 bit/s/Hz
14964[UE 5 | RB 1] Throughput = 1.09186 Mbps | SE = 0.02861 bit/s/Hz
15064[UE 5 | RB 1] Throughput = 1.07729 Mbps | SE = 0.02823 bit/s/Hz
15164[UE 5 | RB 1] Throughput = 0.95798 Mbps | SE = 0.02510 bit/s/Hz
15264[UE 5 | RB 1] Throughput = 1.19652 Mbps | SE = 0.03136 bit/s/Hz
15374[UE 5 | RB 1] Throughput = 1.20114 Mbps | SE = 0.03148 bit/s/Hz
15484[UE 5 | RB 1] Throughput = 0.65252 Mbps | SE = 0.01710 bit/s/Hz
15594[UE 5 | RB 1] Throughput = 1.09068 Mbps | SE = 0.02858 bit/s/Hz
15694[UE 5 | RB 1] Throughput = 1.31761 Mbps | SE = 0.03453 bit/s/Hz
15804[UE 5 | RB 1] Throughput = 0.98197 Mbps | SE = 0.02573 bit/s/Hz
15914[UE 5 | RB 1] Throughput = 1.08896 Mbps | SE = 0.02854 bit/s/Hz
16014[UE 5 | RB 1] Throughput = 0.83850 Mbps | SE = 0.02197 bit/s/Hz
16124[UE 5 | RB 1] Throughput = 1.09001 Mbps | SE = 0.02856 bit/s/Hz
16234[UE 5 | RB 1] Throughput = 1.19875 Mbps | SE = 0.03141 bit/s/Hz
16344[UE 5 | RB 1] Throughput = 1.08918 Mbps | SE = 0.02854 bit/s/Hz
16444[UE 5 | RB 1] Throughput = 1.19585 Mbps | SE = 0.03134 bit/s/Hz
16554[UE 5 | RB 1] Throughput = 0.87372 Mbps | SE = 0.02290 bit/s/Hz
16654[UE 5 | RB 1] Throughput = 1.19706 Mbps | SE = 0.03137 bit/s/Hz
16754[UE 5 | RB 1] Throughput = 1.19633 Mbps | SE = 0.03135 bit/s/Hz
16864[UE 5 | RB 1] Throughput = 0.87218 Mbps | SE = 0.02286 bit/s/Hz
16974[UE 5 | RB 1] Throughput = 1.08815 Mbps | SE = 0.02852 bit/s/Hz
17074[UE 5 | RB 1] Throughput = 1.19808 Mbps | SE = 0.03140 bit/s/Hz
17184[UE 5 | RB 1] Throughput = 0.98165 Mbps | SE = 0.02572 bit/s/Hz
17284[UE 5 | RB 1] Throughput = 1.19786 Mbps | SE = 0.03139 bit/s/Hz
17394[UE 5 | RB 1] Throughput = 1.19973 Mbps | SE = 0.03144 bit/s/Hz
17504[UE 5 | RB 1] Throughput = 1.09093 Mbps | SE = 0.02859 bit/s/Hz
17604[UE 5 | RB 1] Throughput = 0.95794 Mbps | SE = 0.02510 bit/s/Hz
17704[UE 5 | RB 1] Throughput = 0.71832 Mbps | SE = 0.01882 bit/s/Hz
17804[UE 5 | RB 1] Throughput = 1.31498 Mbps | SE = 0.03446 bit/s/Hz
17914[UE 5 | RB 1] Throughput = 1.09359 Mbps | SE = 0.02866 bit/s/Hz
18024[UE 5 | RB 1] Throughput = 0.98083 Mbps | SE = 0.02570 bit/s/Hz
18133[UE 5 | RB 1] Throughput = 1.19946 Mbps | SE = 0.03143 bit/s/Hz
18233[UE 5 | RB 1] Throughput = 0.71880 Mbps | SE = 0.01884 bit/s/Hz
18334[UE 5 | RB 1] Throughput = 1.31677 Mbps | SE = 0.03451 bit/s/Hz
18434[UE 5 | RB 1] Throughput = 1.19577 Mbps | SE = 0.03134 bit/s/Hz
18544[UE 5 | RB 1] Throughput = 0.97987 Mbps | SE = 0.02568 bit/s/Hz
18654[UE 5 | RB 1] Throughput = 0.98306 Mbps | SE = 0.02576 bit/s/Hz
18754[UE 5 | RB 1] Throughput = 1.07848 Mbps | SE = 0.02826 bit/s/Hz
18864[UE 5 | RB 1] Throughput = 0.87150 Mbps | SE = 0.02284 bit/s/Hz
18964[UE 5 | RB 1] Throughput = 1.43749 Mbps | SE = 0.03767 bit/s/Hz
19064[UE 5 | RB 1] Throughput = 1.19641 Mbps | SE = 0.03135 bit/s/Hz
19174[UE 5 | RB 1] Throughput = 0.98188 Mbps | SE = 0.02573 bit/s/Hz
19284[UE 5 | RB 1] Throughput = 1.19791 Mbps | SE = 0.03139 bit/s/Hz
19384[UE 5 | RB 1] Throughput = 0.71829 Mbps | SE = 0.01882 bit/s/Hz
19494[UE 5 | RB 1] Throughput = 1.19987 Mbps | SE = 0.03144 bit/s/Hz
19594[UE 5 | RB 1] Throughput = 0.95756 Mbps | SE = 0.02509 bit/s/Hz
19704[UE 5 | RB 1] Throughput = 1.30887 Mbps | SE = 0.03430 bit/s/Hz
19804[UE 5 | RB 1] Throughput = 1.07796 Mbps | SE = 0.02825 bit/s/Hz
19914[UE 5 | RB 1] Throughput = 0.87306 Mbps | SE = 0.02288 bit/s/Hz
20014[UE 5 | RB 1] Throughput = 1.19765 Mbps | SE = 0.03138 bit/s/Hz
20124[UE 5 | RB 1] Throughput = 0.98027 Mbps | SE = 0.02569 bit/s/Hz
20233[UE 5 | RB 1] Throughput = 0.98175 Mbps | SE = 0.02573 bit/s/Hz
20334[UE 5 | RB 1] Throughput = 0.95727 Mbps | SE = 0.02509 bit/s/Hz
20444[UE 5 | RB 1] Throughput = 1.30843 Mbps | SE = 0.03429 bit/s/Hz
20544[UE 5 | RB 1] Throughput = 1.07813 Mbps | SE = 0.02825 bit/s/Hz
20644[UE 5 | RB 1] Throughput = 1.07744 Mbps | SE = 0.02823 bit/s/Hz
20754[UE 5 | RB 1] Throughput = 0.87275 Mbps | SE = 0.02287 bit/s/Hz
20854[UE 5 | RB 1] Throughput = 1.19821 Mbps | SE = 0.03140 bit/s/Hz
20964[UE 5 | RB 1] Throughput = 0.87144 Mbps | SE = 0.02284 bit/s/Hz
21064[UE 5 | RB 1] Throughput = 1.43799 Mbps | SE = 0.03768 bit/s/Hz
21174[UE 5 | RB 1] Throughput = 0.98082 Mbps | SE = 0.02570 bit/s/Hz
21274[UE 5 | RB 1] Throughput = 1.07810 Mbps | SE = 0.02825 bit/s/Hz
21374[UE 5 | RB 1] Throughput = 0.95616 Mbps | SE = 0.02506 bit/s/Hz
21474[UE 5 | RB 1] Throughput = 1.31708 Mbps | SE = 0.03451 bit/s/Hz
21584[UE 5 | RB 1] Throughput = 0.87327 Mbps | SE = 0.02288 bit/s/Hz
21684[UE 5 | RB 1] Throughput = 1.07771 Mbps | SE = 0.02824 bit/s/Hz
21784[UE 5 | RB 1] Throughput = 1.07730 Mbps | SE = 0.02823 bit/s/Hz
21894[UE 5 | RB 1] Throughput = 1.20017 Mbps | SE = 0.03145 bit/s/Hz
21994[UE 5 | RB 1] Throughput = 0.71808 Mbps | SE = 0.01882 bit/s/Hz
22104[UE 5 | RB 1] Throughput = 1.41596 Mbps | SE = 0.03711 bit/s/Hz
22214[UE 5 | RB 1] Throughput = 1.09143 Mbps | SE = 0.02860 bit/s/Hz
22324[UE 5 | RB 1] Throughput = 0.87121 Mbps | SE = 0.02283 bit/s/Hz
22424[UE 5 | RB 1] Throughput = 1.07767 Mbps | SE = 0.02824 bit/s/Hz
22524[UE 5 | RB 1] Throughput = 0.95727 Mbps | SE = 0.02509 bit/s/Hz
22634[UE 5 | RB 1] Throughput = 1.31169 Mbps | SE = 0.03437 bit/s/Hz
22734[UE 5 | RB 1] Throughput = 1.07790 Mbps | SE = 0.02825 bit/s/Hz
22843[UE 5 | RB 1] Throughput = 0.98231 Mbps | SE = 0.02574 bit/s/Hz
22944[UE 5 | RB 1] Throughput = 0.95646 Mbps | SE = 0.02506 bit/s/Hz
23054[UE 5 | RB 1] Throughput = 1.19814 Mbps | SE = 0.03140 bit/s/Hz
23154[UE 5 | RB 1] Throughput = 0.95737 Mbps | SE = 0.02509 bit/s/Hz
23264[UE 5 | RB 1] Throughput = 0.98179 Mbps | SE = 0.02573 bit/s/Hz
23364[UE 5 | RB 1] Throughput = 0.95837 Mbps | SE = 0.02511 bit/s/Hz
23474[UE 5 | RB 1] Throughput = 1.19932 Mbps | SE = 0.03143 bit/s/Hz
23584[UE 5 | RB 1] Throughput = 0.98058 Mbps | SE = 0.02570 bit/s/Hz
23694[UE 5 | RB 1] Throughput = 1.19823 Mbps | SE = 0.03140 bit/s/Hz
23794[UE 5 | RB 1] Throughput = 1.19730 Mbps | SE = 0.03138 bit/s/Hz
23904[UE 5 | RB 1] Throughput = 0.98054 Mbps | SE = 0.02570 bit/s/Hz
24014[UE 5 | RB 1] Throughput = 1.08993 Mbps | SE = 0.02856 bit/s/Hz
24114[UE 5 | RB 1] Throughput = 0.83755 Mbps | SE = 0.02195 bit/s/Hz
24224[UE 5 | RB 1] Throughput = 1.19778 Mbps | SE = 0.03139 bit/s/Hz
24325[UE 5 | RB 1] Throughput = 1.07159 Mbps | SE = 0.02808 bit/s/Hz
24434[UE 5 | RB 1] Throughput = 1.09872 Mbps | SE = 0.02879 bit/s/Hz
24544[UE 5 | RB 1] Throughput = 1.19770 Mbps | SE = 0.03139 bit/s/Hz
24644[UE 5 | RB 1] Throughput = 1.07713 Mbps | SE = 0.02823 bit/s/Hz
24745[UE 5 | RB 1] Throughput = 0.71343 Mbps | SE = 0.01870 bit/s/Hz
24854[UE 5 | RB 1] Throughput = 1.09999 Mbps | SE = 0.02883 bit/s/Hz
24964[UE 5 | RB 1] Throughput = 0.97934 Mbps | SE = 0.02566 bit/s/Hz
25064[UE 5 | RB 1] Throughput = 1.19761 Mbps | SE = 0.03138 bit/s/Hz
25174[UE 5 | RB 1] Throughput = 1.09173 Mbps | SE = 0.02861 bit/s/Hz
25274[UE 5 | RB 1] Throughput = 1.19701 Mbps | SE = 0.03137 bit/s/Hz
25384[UE 5 | RB 1] Throughput = 1.08951 Mbps | SE = 0.02855 bit/s/Hz
25484[UE 5 | RB 1] Throughput = 1.07722 Mbps | SE = 0.02823 bit/s/Hz
25594[UE 5 | RB 1] Throughput = 1.19906 Mbps | SE = 0.03142 bit/s/Hz
25704[UE 5 | RB 1] Throughput = 1.09070 Mbps | SE = 0.02858 bit/s/Hz
25804[UE 5 | RB 1] Throughput = 0.95706 Mbps | SE = 0.02508 bit/s/Hz
25914[UE 5 | RB 1] Throughput = 0.76299 Mbps | SE = 0.01999 bit/s/Hz
26014[UE 5 | RB 1] Throughput = 1.31650 Mbps | SE = 0.03450 bit/s/Hz
26114[UE 5 | RB 1] Throughput = 1.07612 Mbps | SE = 0.02820 bit/s/Hz
26215[UE 5 | RB 1] Throughput = 0.83518 Mbps | SE = 0.02189 bit/s/Hz
26315[UE 5 | RB 1] Throughput = 1.31578 Mbps | SE = 0.03448 bit/s/Hz
26424[UE 5 | RB 1] Throughput = 0.87720 Mbps | SE = 0.02299 bit/s/Hz
26534[UE 5 | RB 1] Throughput = 1.41806 Mbps | SE = 0.03716 bit/s/Hz
26644[UE 5 | RB 1] Throughput = 0.97853 Mbps | SE = 0.02564 bit/s/Hz
26754[UE 5 | RB 1] Throughput = 1.09352 Mbps | SE = 0.02866 bit/s/Hz
26864[UE 5 | RB 1] Throughput = 0.97932 Mbps | SE = 0.02566 bit/s/Hz
26974[UE 5 | RB 1] Throughput = 0.98292 Mbps | SE = 0.02576 bit/s/Hz
27074[UE 5 | RB 1] Throughput = 1.19827 Mbps | SE = 0.03140 bit/s/Hz
27174[UE 5 | RB 1] Throughput = 1.07804 Mbps | SE = 0.02825 bit/s/Hz
27274[UE 5 | RB 1] Throughput = 1.19650 Mbps | SE = 0.03135 bit/s/Hz
27384[UE 5 | RB 1] Throughput = 0.98107 Mbps | SE = 0.02571 bit/s/Hz
27484[UE 5 | RB 1] Throughput = 1.07801 Mbps | SE = 0.02825 bit/s/Hz
27594[UE 5 | RB 1] Throughput = 0.98249 Mbps | SE = 0.02575 bit/s/Hz
27694[UE 5 | RB 1] Throughput = 0.95837 Mbps | SE = 0.02511 bit/s/Hz
27794[UE 5 | RB 1] Throughput = 1.19739 Mbps | SE = 0.03138 bit/s/Hz
27904[UE 5 | RB 1] Throughput = 1.19832 Mbps | SE = 0.03140 bit/s/Hz
28004[UE 5 | RB 1] Throughput = 0.95844 Mbps | SE = 0.02512 bit/s/Hz
28104[UE 5 | RB 1] Throughput = 1.07749 Mbps | SE = 0.02824 bit/s/Hz
28213[UE 5 | RB 1] Throughput = 0.98350 Mbps | SE = 0.02577 bit/s/Hz
28314[UE 5 | RB 1] Throughput = 1.07728 Mbps | SE = 0.02823 bit/s/Hz
28414[UE 5 | RB 1] Throughput = 1.07481 Mbps | SE = 0.02817 bit/s/Hz
28514[UE 5 | RB 1] Throughput = 0.83852 Mbps | SE = 0.02197 bit/s/Hz
28614[UE 5 | RB 1] Throughput = 1.07693 Mbps | SE = 0.02822 bit/s/Hz
28724[UE 5 | RB 1] Throughput = 1.31491 Mbps | SE = 0.03446 bit/s/Hz
28824[UE 5 | RB 1] Throughput = 0.95744 Mbps | SE = 0.02509 bit/s/Hz
28924[UE 5 | RB 1] Throughput = 1.31599 Mbps | SE = 0.03449 bit/s/Hz
29034[UE 5 | RB 1] Throughput = 0.87032 Mbps | SE = 0.02281 bit/s/Hz
29144[UE 5 | RB 1] Throughput = 1.30661 Mbps | SE = 0.03424 bit/s/Hz
29254[UE 5 | RB 1] Throughput = 0.87336 Mbps | SE = 0.02289 bit/s/Hz
29354[UE 5 | RB 1] Throughput = 0.83757 Mbps | SE = 0.02195 bit/s/Hz
29454[UE 5 | RB 1] Throughput = 1.19832 Mbps | SE = 0.03140 bit/s/Hz
29554[UE 5 | RB 1] Throughput = 1.19725 Mbps | SE = 0.03137 bit/s/Hz
29664[UE 5 | RB 1] Throughput = 1.08938 Mbps | SE = 0.02855 bit/s/Hz
29764[UE 5 | RB 1] Throughput = 1.19771 Mbps | SE = 0.03139 bit/s/Hz
29874[UE 5 | RB 1] Throughput = 0.65547 Mbps | SE = 0.01718 bit/s/Hz
29984[UE 5 | RB 1] Throughput = 1.30675 Mbps | SE = 0.03424 bit/s/Hz
30084[UE 5 | RB 1] Throughput = 0.83847 Mbps | SE = 0.02197 bit/s/Hz
30184[UE 5 | RB 1] Throughput = 1.19675 Mbps | SE = 0.03136 bit/s/Hz
30294[UE 5 | RB 1] Throughput = 1.19981 Mbps | SE = 0.03144 bit/s/Hz
30404[UE 5 | RB 1] Throughput = 0.98158 Mbps | SE = 0.02572 bit/s/Hz
30504[UE 5 | RB 1] Throughput = 1.07713 Mbps | SE = 0.02823 bit/s/Hz
30604[UE 5 | RB 1] Throughput = 1.31506 Mbps | SE = 0.03446 bit/s/Hz
30714[UE 5 | RB 1] Throughput = 0.87373 Mbps | SE = 0.02290 bit/s/Hz
30824[UE 5 | RB 1] Throughput = 0.97759 Mbps | SE = 0.02562 bit/s/Hz
30934[UE 5 | RB 1] Throughput = 0.98354 Mbps | SE = 0.02577 bit/s/Hz
31034[UE 5 | RB 1] Throughput = 1.43593 Mbps | SE = 0.03763 bit/s/Hz
31144[UE 5 | RB 1] Throughput = 0.65345 Mbps | SE = 0.01712 bit/s/Hz
31254[UE 5 | RB 1] Throughput = 1.31189 Mbps | SE = 0.03438 bit/s/Hz
31354[UE 5 | RB 1] Throughput = 1.19393 Mbps | SE = 0.03129 bit/s/Hz
31464[UE 5 | RB 1] Throughput = 1.08963 Mbps | SE = 0.02855 bit/s/Hz
31574[UE 5 | RB 1] Throughput = 1.08996 Mbps | SE = 0.02856 bit/s/Hz
31674[UE 5 | RB 1] Throughput = 0.83878 Mbps | SE = 0.02198 bit/s/Hz
31774[UE 5 | RB 1] Throughput = 0.71872 Mbps | SE = 0.01883 bit/s/Hz
31884[UE 5 | RB 1] Throughput = 1.41557 Mbps | SE = 0.03710 bit/s/Hz
31994[UE 5 | RB 1] Throughput = 1.19831 Mbps | SE = 0.03140 bit/s/Hz
32104[UE 5 | RB 1] Throughput = 0.98032 Mbps | SE = 0.02569 bit/s/Hz
32214[UE 5 | RB 1] Throughput = 0.98409 Mbps | SE = 0.02579 bit/s/Hz
32314[UE 5 | RB 1] Throughput = 1.07548 Mbps | SE = 0.02818 bit/s/Hz
32424[UE 5 | RB 1] Throughput = 1.19751 Mbps | SE = 0.03138 bit/s/Hz
32524[UE 5 | RB 1] Throughput = 1.07677 Mbps | SE = 0.02822 bit/s/Hz
32634[UE 5 | RB 1] Throughput = 0.98129 Mbps | SE = 0.02572 bit/s/Hz
32744[UE 5 | RB 1] Throughput = 1.19880 Mbps | SE = 0.03142 bit/s/Hz
32854[UE 5 | RB 1] Throughput = 0.98500 Mbps | SE = 0.02581 bit/s/Hz
32954[UE 5 | RB 1] Throughput = 0.95755 Mbps | SE = 0.02509 bit/s/Hz
33064[UE 5 | RB 1] Throughput = 1.19664 Mbps | SE = 0.03136 bit/s/Hz
33174[UE 5 | RB 1] Throughput = 1.09003 Mbps | SE = 0.02856 bit/s/Hz
33274[UE 5 | RB 1] Throughput = 0.59828 Mbps | SE = 0.01568 bit/s/Hz
33384[UE 5 | RB 1] Throughput = 1.41562 Mbps | SE = 0.03710 bit/s/Hz
33494[UE 5 | RB 1] Throughput = 1.19987 Mbps | SE = 0.03144 bit/s/Hz
33604[UE 5 | RB 1] Throughput = 0.65387 Mbps | SE = 0.01713 bit/s/Hz
33704[UE 5 | RB 1] Throughput = 1.31753 Mbps | SE = 0.03453 bit/s/Hz
33804[UE 5 | RB 1] Throughput = 1.07584 Mbps | SE = 0.02819 bit/s/Hz
33914[UE 5 | RB 1] Throughput = 1.20060 Mbps | SE = 0.03146 bit/s/Hz
34014[UE 5 | RB 1] Throughput = 0.95780 Mbps | SE = 0.02510 bit/s/Hz
34124[UE 5 | RB 1] Throughput = 1.30940 Mbps | SE = 0.03431 bit/s/Hz
34224[UE 5 | RB 1] Throughput = 0.59784 Mbps | SE = 0.01567 bit/s/Hz
34334[UE 5 | RB 1] Throughput = 0.87105 Mbps | SE = 0.02283 bit/s/Hz
34444[UE 5 | RB 1] Throughput = 1.52956 Mbps | SE = 0.04008 bit/s/Hz
34544[UE 5 | RB 1] Throughput = 1.07667 Mbps | SE = 0.02821 bit/s/Hz
34654[UE 5 | RB 1] Throughput = 0.87271 Mbps | SE = 0.02287 bit/s/Hz
34764[UE 5 | RB 1] Throughput = 1.08768 Mbps | SE = 0.02850 bit/s/Hz
34874[UE 5 | RB 1] Throughput = 1.31019 Mbps | SE = 0.03433 bit/s/Hz
34985[UE 5 | RB 1] Throughput = 0.86434 Mbps | SE = 0.02265 bit/s/Hz
35094[UE 5 | RB 1] Throughput = 1.20823 Mbps | SE = 0.03166 bit/s/Hz
35204[UE 5 | RB 1] Throughput = 1.09182 Mbps | SE = 0.02861 bit/s/Hz
35304[UE 5 | RB 1] Throughput = 1.07464 Mbps | SE = 0.02816 bit/s/Hz
35414[UE 5 | RB 1] Throughput = 0.98159 Mbps | SE = 0.02572 bit/s/Hz
35514[UE 5 | RB 1] Throughput = 1.07631 Mbps | SE = 0.02821 bit/s/Hz
35624[UE 5 | RB 1] Throughput = 0.98198 Mbps | SE = 0.02573 bit/s/Hz
35724[UE 5 | RB 1] Throughput = 1.07673 Mbps | SE = 0.02822 bit/s/Hz
35834[UE 5 | RB 1] Throughput = 1.20173 Mbps | SE = 0.03149 bit/s/Hz
35934[UE 5 | RB 1] Throughput = 1.07772 Mbps | SE = 0.02824 bit/s/Hz
36044[UE 5 | RB 1] Throughput = 0.97899 Mbps | SE = 0.02565 bit/s/Hz
36154[UE 5 | RB 1] Throughput = 1.19849 Mbps | SE = 0.03141 bit/s/Hz
36254[UE 5 | RB 1] Throughput = 0.83690 Mbps | SE = 0.02193 bit/s/Hz
36364[UE 5 | RB 1] Throughput = 0.98420 Mbps | SE = 0.02579 bit/s/Hz
36464[UE 5 | RB 1] Throughput = 1.19668 Mbps | SE = 0.03136 bit/s/Hz
36564[UE 5 | RB 1] Throughput = 1.31613 Mbps | SE = 0.03449 bit/s/Hz
36664[UE 5 | RB 1] Throughput = 0.83794 Mbps | SE = 0.02196 bit/s/Hz
36774[UE 5 | RB 1] Throughput = 1.09268 Mbps | SE = 0.02863 bit/s/Hz
36884[UE 5 | RB 1] Throughput = 0.97977 Mbps | SE = 0.02568 bit/s/Hz
36994[UE 5 | RB 1] Throughput = 1.20215 Mbps | SE = 0.03150 bit/s/Hz
37094[UE 5 | RB 1] Throughput = 0.71824 Mbps | SE = 0.01882 bit/s/Hz
37194[UE 5 | RB 1] Throughput = 1.31427 Mbps | SE = 0.03444 bit/s/Hz
37304[UE 5 | RB 1] Throughput = 1.20038 Mbps | SE = 0.03146 bit/s/Hz
37414[UE 5 | RB 1] Throughput = 1.20089 Mbps | SE = 0.03147 bit/s/Hz
37514[UE 5 | RB 1] Throughput = 0.71628 Mbps | SE = 0.01877 bit/s/Hz
37624[UE 5 | RB 1] Throughput = 1.30763 Mbps | SE = 0.03427 bit/s/Hz
37724[UE 5 | RB 1] Throughput = 1.07826 Mbps | SE = 0.02826 bit/s/Hz
37834[UE 5 | RB 1] Throughput = 0.98175 Mbps | SE = 0.02573 bit/s/Hz
37944[UE 5 | RB 1] Throughput = 0.97986 Mbps | SE = 0.02568 bit/s/Hz
38054[UE 5 | RB 1] Throughput = 1.31056 Mbps | SE = 0.03434 bit/s/Hz
38154[UE 5 | RB 1] Throughput = 0.83506 Mbps | SE = 0.02188 bit/s/Hz
38264[UE 5 | RB 1] Throughput = 1.09166 Mbps | SE = 0.02861 bit/s/Hz
38374[UE 5 | RB 1] Throughput = 1.19939 Mbps | SE = 0.03143 bit/s/Hz
38474[UE 5 | RB 1] Throughput = 0.59702 Mbps | SE = 0.01565 bit/s/Hz
38584[UE 5 | RB 1] Throughput = 1.30763 Mbps | SE = 0.03427 bit/s/Hz
38694[UE 5 | RB 1] Throughput = 1.09219 Mbps | SE = 0.02862 bit/s/Hz
38804[UE 5 | RB 1] Throughput = 1.19838 Mbps | SE = 0.03140 bit/s/Hz
38904[UE 5 | RB 1] Throughput = 1.07781 Mbps | SE = 0.02824 bit/s/Hz
39014[UE 5 | RB 1] Throughput = 1.09032 Mbps | SE = 0.02857 bit/s/Hz
39124[UE 5 | RB 1] Throughput = 0.65201 Mbps | SE = 0.01709 bit/s/Hz
39224[UE 5 | RB 1] Throughput = 1.31713 Mbps | SE = 0.03452 bit/s/Hz
39334[UE 5 | RB 1] Throughput = 1.20202 Mbps | SE = 0.03150 bit/s/Hz
39434[UE 5 | RB 1] Throughput = 0.71896 Mbps | SE = 0.01884 bit/s/Hz
39534[UE 5 | RB 1] Throughput = 1.19836 Mbps | SE = 0.03140 bit/s/Hz
39634[UE 5 | RB 1] Throughput = 1.19485 Mbps | SE = 0.03131 bit/s/Hz
39744[UE 5 | RB 1] Throughput = 1.20260 Mbps | SE = 0.03151 bit/s/Hz
39844[UE 5 | RB 1] Throughput = 0.71733 Mbps | SE = 0.01880 bit/s/Hz
39944[UE 5 | RB 1] Throughput = 1.43571 Mbps | SE = 0.03762 bit/s/Hz
40054[UE 5 | RB 1] Throughput = 0.65577 Mbps | SE = 0.01718 bit/s/Hz
40155[UE 5 | RB 1] Throughput = 1.30703 Mbps | SE = 0.03425 bit/s/Hz
40264[UE 5 | RB 1] Throughput = 1.09655 Mbps | SE = 0.02874 bit/s/Hz
40374[UE 5 | RB 1] Throughput = 1.31074 Mbps | SE = 0.03435 bit/s/Hz
40474[UE 5 | RB 1] Throughput = 0.83853 Mbps | SE = 0.02197 bit/s/Hz
40574[UE 5 | RB 1] Throughput = 1.07797 Mbps | SE = 0.02825 bit/s/Hz
40684[UE 5 | RB 1] Throughput = 1.19938 Mbps | SE = 0.03143 bit/s/Hz
40784[UE 5 | RB 1] Throughput = 0.95793 Mbps | SE = 0.02510 bit/s/Hz
40884[UE 5 | RB 1] Throughput = 1.07742 Mbps | SE = 0.02823 bit/s/Hz
40994[UE 5 | RB 1] Throughput = 0.98174 Mbps | SE = 0.02573 bit/s/Hz
41094[UE 5 | RB 1] Throughput = 1.07605 Mbps | SE = 0.02820 bit/s/Hz
41204[UE 5 | RB 1] Throughput = 1.19976 Mbps | SE = 0.03144 bit/s/Hz
41304[UE 5 | RB 1] Throughput = 0.95823 Mbps | SE = 0.02511 bit/s/Hz
41414[UE 5 | RB 1] Throughput = 1.09117 Mbps | SE = 0.02859 bit/s/Hz
41524[UE 5 | RB 1] Throughput = 0.97949 Mbps | SE = 0.02567 bit/s/Hz
41624[UE 5 | RB 1] Throughput = 1.07775 Mbps | SE = 0.02824 bit/s/Hz
41734[UE 5 | RB 1] Throughput = 1.30926 Mbps | SE = 0.03431 bit/s/Hz
41834[UE 5 | RB 1] Throughput = 0.71768 Mbps | SE = 0.01881 bit/s/Hz
41944[UE 5 | RB 1] Throughput = 1.31042 Mbps | SE = 0.03434 bit/s/Hz
42044[UE 5 | RB 1] Throughput = 1.07645 Mbps | SE = 0.02821 bit/s/Hz
42144[UE 5 | RB 1] Throughput = 0.71841 Mbps | SE = 0.01883 bit/s/Hz
42244[UE 5 | RB 1] Throughput = 1.19835 Mbps | SE = 0.03140 bit/s/Hz
42354[UE 5 | RB 1] Throughput = 1.19857 Mbps | SE = 0.03141 bit/s/Hz
42464[UE 5 | RB 1] Throughput = 1.09197 Mbps | SE = 0.02862 bit/s/Hz
42564[UE 5 | RB 1] Throughput = 0.71710 Mbps | SE = 0.01879 bit/s/Hz
42674[UE 5 | RB 1] Throughput = 1.31044 Mbps | SE = 0.03434 bit/s/Hz
42774[UE 5 | RB 1] Throughput = 1.31518 Mbps | SE = 0.03446 bit/s/Hz
42884[UE 5 | RB 1] Throughput = 0.98080 Mbps | SE = 0.02570 bit/s/Hz
42994[UE 5 | RB 1] Throughput = 0.87113 Mbps | SE = 0.02283 bit/s/Hz
43104[UE 5 | RB 1] Throughput = 1.09006 Mbps | SE = 0.02857 bit/s/Hz
43214[UE 5 | RB 1] Throughput = 1.30617 Mbps | SE = 0.03423 bit/s/Hz
43324[UE 5 | RB 1] Throughput = 0.65448 Mbps | SE = 0.01715 bit/s/Hz
43424[UE 5 | RB 1] Throughput = 1.31675 Mbps | SE = 0.03451 bit/s/Hz
43534[UE 5 | RB 1] Throughput = 1.08683 Mbps | SE = 0.02848 bit/s/Hz
43644[UE 5 | RB 1] Throughput = 0.76406 Mbps | SE = 0.02002 bit/s/Hz
43744[UE 5 | RB 1] Throughput = 1.19781 Mbps | SE = 0.03139 bit/s/Hz
43854[UE 5 | RB 1] Throughput = 1.19891 Mbps | SE = 0.03142 bit/s/Hz
43964[UE 5 | RB 1] Throughput = 1.30790 Mbps | SE = 0.03427 bit/s/Hz
44074[UE 5 | RB 1] Throughput = 1.08913 Mbps | SE = 0.02854 bit/s/Hz
44184[UE 5 | RB 1] Throughput = 0.65476 Mbps | SE = 0.01716 bit/s/Hz
44284[UE 5 | RB 1] Throughput = 1.31787 Mbps | SE = 0.03454 bit/s/Hz
44384[UE 5 | RB 1] Throughput = 0.83720 Mbps | SE = 0.02194 bit/s/Hz
44494[UE 5 | RB 1] Throughput = 1.19917 Mbps | SE = 0.03142 bit/s/Hz
44594[UE 5 | RB 1] Throughput = 1.31742 Mbps | SE = 0.03452 bit/s/Hz
44704[UE 5 | RB 1] Throughput = 1.09059 Mbps | SE = 0.02858 bit/s/Hz
44804[UE 5 | RB 1] Throughput = 0.83776 Mbps | SE = 0.02195 bit/s/Hz
44914[UE 5 | RB 1] Throughput = 0.98179 Mbps | SE = 0.02573 bit/s/Hz
45024[UE 5 | RB 1] Throughput = 1.30840 Mbps | SE = 0.03429 bit/s/Hz
45124[UE 5 | RB 1] Throughput = 0.71792 Mbps | SE = 0.01881 bit/s/Hz
45225[UE 5 | RB 1] Throughput = 1.30379 Mbps | SE = 0.03417 bit/s/Hz
45334[UE 5 | RB 1] Throughput = 1.21214 Mbps | SE = 0.03176 bit/s/Hz
45434[UE 5 | RB 1] Throughput = 0.71835 Mbps | SE = 0.01882 bit/s/Hz
45544[UE 5 | RB 1] Throughput = 1.19802 Mbps | SE = 0.03139 bit/s/Hz
45644[UE 5 | RB 1] Throughput = 1.19633 Mbps | SE = 0.03135 bit/s/Hz
45754[UE 5 | RB 1] Throughput = 0.65465 Mbps | SE = 0.01716 bit/s/Hz
45864[UE 5 | RB 1] Throughput = 1.30776 Mbps | SE = 0.03427 bit/s/Hz
45974[UE 5 | RB 1] Throughput = 1.20009 Mbps | SE = 0.03145 bit/s/Hz
46084[UE 5 | RB 1] Throughput = 0.98087 Mbps | SE = 0.02570 bit/s/Hz
46185[UE 5 | RB 1] Throughput = 1.18907 Mbps | SE = 0.03116 bit/s/Hz
46294[UE 5 | RB 1] Throughput = 0.98473 Mbps | SE = 0.02581 bit/s/Hz
46404[UE 5 | RB 1] Throughput = 1.09003 Mbps | SE = 0.02856 bit/s/Hz
46514[UE 5 | RB 1] Throughput = 1.19769 Mbps | SE = 0.03139 bit/s/Hz
46624[UE 5 | RB 1] Throughput = 0.65494 Mbps | SE = 0.01716 bit/s/Hz
46724[UE 5 | RB 1] Throughput = 1.19692 Mbps | SE = 0.03137 bit/s/Hz
46834[UE 5 | RB 1] Throughput = 1.30642 Mbps | SE = 0.03424 bit/s/Hz
46944[UE 5 | RB 1] Throughput = 0.65473 Mbps | SE = 0.01716 bit/s/Hz
47044[UE 5 | RB 1] Throughput = 1.31617 Mbps | SE = 0.03449 bit/s/Hz
47154[UE 5 | RB 1] Throughput = 1.19766 Mbps | SE = 0.03139 bit/s/Hz
47264[UE 5 | RB 1] Throughput = 1.09200 Mbps | SE = 0.02862 bit/s/Hz
47364[UE 5 | RB 1] Throughput = 0.83875 Mbps | SE = 0.02198 bit/s/Hz
47464[UE 5 | RB 1] Throughput = 1.19738 Mbps | SE = 0.03138 bit/s/Hz
47566[UE 5 | RB 1] Throughput = 0.94473 Mbps | SE = 0.02476 bit/s/Hz
47674[UE 5 | RB 1] Throughput = 1.10687 Mbps | SE = 0.02901 bit/s/Hz
47774[UE 5 | RB 1] Throughput = 1.19727 Mbps | SE = 0.03138 bit/s/Hz
47875[UE 5 | RB 1] Throughput = 1.07320 Mbps | SE = 0.02812 bit/s/Hz
47984[UE 5 | RB 1] Throughput = 0.87406 Mbps | SE = 0.02291 bit/s/Hz
48094[UE 5 | RB 1] Throughput = 1.30858 Mbps | SE = 0.03429 bit/s/Hz
48204[UE 5 | RB 1] Throughput = 0.97920 Mbps | SE = 0.02566 bit/s/Hz
48314[UE 5 | RB 1] Throughput = 1.09150 Mbps | SE = 0.02860 bit/s/Hz
48414[UE 5 | RB 1] Throughput = 1.07806 Mbps | SE = 0.02825 bit/s/Hz
48514[UE 5 | RB 1] Throughput = 1.07705 Mbps | SE = 0.02822 bit/s/Hz
48624[UE 5 | RB 1] Throughput = 1.09122 Mbps | SE = 0.02860 bit/s/Hz
48734[UE 5 | RB 1] Throughput = 1.08805 Mbps | SE = 0.02851 bit/s/Hz
48844[UE 5 | RB 1] Throughput = 1.08981 Mbps | SE = 0.02856 bit/s/Hz
48944[UE 5 | RB 1] Throughput = 1.07844 Mbps | SE = 0.02826 bit/s/Hz
49054[UE 5 | RB 1] Throughput = 1.08985 Mbps | SE = 0.02856 bit/s/Hz
49164[UE 5 | RB 1] Throughput = 0.87063 Mbps | SE = 0.02282 bit/s/Hz
49264[UE 5 | RB 1] Throughput = 0.95676 Mbps | SE = 0.02507 bit/s/Hz
49374[UE 5 | RB 1] Throughput = 1.30871 Mbps | SE = 0.03430 bit/s/Hz
49484[UE 5 | RB 1] Throughput = 1.19766 Mbps | SE = 0.03139 bit/s/Hz
49594[UE 5 | RB 1] Throughput = 0.98348 Mbps | SE = 0.02577 bit/s/Hz
49704[UE 5 | RB 1] Throughput = 0.97823 Mbps | SE = 0.02564 bit/s/Hz
49814[UE 5 | RB 1] Throughput = 0.87406 Mbps | SE = 0.02291 bit/s/Hz
49914[UE 5 | RB 1] Throughput = 1.07775 Mbps | SE = 0.02824 bit/s/Hz
50014[UE 5 | RB 1] Throughput = 1.31678 Mbps | SE = 0.03451 bit/s/Hz
50124[UE 5 | RB 1] Throughput = 1.08892 Mbps | SE = 0.02854 bit/s/Hz
50224[UE 5 | RB 1] Throughput = 1.07669 Mbps | SE = 0.02822 bit/s/Hz
50334[UE 5 | RB 1] Throughput = 1.09289 Mbps | SE = 0.02864 bit/s/Hz
50444[UE 5 | RB 1] Throughput = 0.98024 Mbps | SE = 0.02569 bit/s/Hz
50544[UE 5 | RB 1] Throughput = 1.07642 Mbps | SE = 0.02821 bit/s/Hz
50654[UE 5 | RB 1] Throughput = 1.09056 Mbps | SE = 0.02858 bit/s/Hz
50764[UE 5 | RB 1] Throughput = 1.19671 Mbps | SE = 0.03136 bit/s/Hz
50864[UE 5 | RB 1] Throughput = 1.07838 Mbps | SE = 0.02826 bit/s/Hz
50974[UE 5 | RB 1] Throughput = 0.87349 Mbps | SE = 0.02289 bit/s/Hz
51084[UE 5 | RB 1] Throughput = 1.19815 Mbps | SE = 0.03140 bit/s/Hz
51184[UE 5 | RB 1] Throughput = 1.07740 Mbps | SE = 0.02823 bit/s/Hz
51294[UE 5 | RB 1] Throughput = 1.20146 Mbps | SE = 0.03148 bit/s/Hz
51394[UE 5 | RB 1] Throughput = 0.59842 Mbps | SE = 0.01568 bit/s/Hz
51494[UE 5 | RB 1] Throughput = 1.31604 Mbps | SE = 0.03449 bit/s/Hz
51604[UE 5 | RB 1] Throughput = 0.98038 Mbps | SE = 0.02569 bit/s/Hz
51714[UE 5 | RB 1] Throughput = 1.09035 Mbps | SE = 0.02857 bit/s/Hz
51814[UE 5 | RB 1] Throughput = 1.19747 Mbps | SE = 0.03138 bit/s/Hz
51924[UE 5 | RB 1] Throughput = 0.98097 Mbps | SE = 0.02571 bit/s/Hz
52024[UE 5 | RB 1] Throughput = 1.07747 Mbps | SE = 0.02824 bit/s/Hz
52134[UE 5 | RB 1] Throughput = 1.19836 Mbps | SE = 0.03140 bit/s/Hz
52244[UE 5 | RB 1] Throughput = 1.09219 Mbps | SE = 0.02862 bit/s/Hz
52344[UE 5 | RB 1] Throughput = 0.83735 Mbps | SE = 0.02194 bit/s/Hz
52444[UE 5 | RB 1] Throughput = 1.31808 Mbps | SE = 0.03454 bit/s/Hz
52544[UE 5 | RB 1] Throughput = 0.83750 Mbps | SE = 0.02195 bit/s/Hz
52654[UE 5 | RB 1] Throughput = 0.76415 Mbps | SE = 0.02002 bit/s/Hz
52764[UE 5 | RB 1] Throughput = 1.19981 Mbps | SE = 0.03144 bit/s/Hz
52864[UE 5 | RB 1] Throughput = 1.43637 Mbps | SE = 0.03764 bit/s/Hz
52964[UE 5 | RB 1] Throughput = 0.71880 Mbps | SE = 0.01884 bit/s/Hz
53064[UE 5 | RB 1] Throughput = 1.19812 Mbps | SE = 0.03140 bit/s/Hz
53174[UE 5 | RB 1] Throughput = 1.30566 Mbps | SE = 0.03422 bit/s/Hz
53284[UE 5 | RB 1] Throughput = 0.65528 Mbps | SE = 0.01717 bit/s/Hz
53384[UE 5 | RB 1] Throughput = 1.31669 Mbps | SE = 0.03450 bit/s/Hz
53494[UE 5 | RB 1] Throughput = 1.09009 Mbps | SE = 0.02857 bit/s/Hz
53604[UE 5 | RB 1] Throughput = 0.87223 Mbps | SE = 0.02286 bit/s/Hz
53704[UE 5 | RB 1] Throughput = 1.31749 Mbps | SE = 0.03453 bit/s/Hz
53804[UE 5 | RB 1] Throughput = 1.07749 Mbps | SE = 0.02824 bit/s/Hz
53914[UE 5 | RB 1] Throughput = 0.97976 Mbps | SE = 0.02568 bit/s/Hz
54014[UE 5 | RB 1] Throughput = 1.07743 Mbps | SE = 0.02823 bit/s/Hz
54124[UE 5 | RB 1] Throughput = 1.09119 Mbps | SE = 0.02860 bit/s/Hz
54234[UE 5 | RB 1] Throughput = 1.09030 Mbps | SE = 0.02857 bit/s/Hz
54344[UE 5 | RB 1] Throughput = 1.09045 Mbps | SE = 0.02858 bit/s/Hz
54444[UE 5 | RB 1] Throughput = 1.07568 Mbps | SE = 0.02819 bit/s/Hz
54554[UE 5 | RB 1] Throughput = 1.09135 Mbps | SE = 0.02860 bit/s/Hz
54654[UE 5 | RB 1] Throughput = 0.95850 Mbps | SE = 0.02512 bit/s/Hz
54754[UE 5 | RB 1] Throughput = 1.07791 Mbps | SE = 0.02825 bit/s/Hz
54854[UE 5 | RB 1] Throughput = 1.31803 Mbps | SE = 0.03454 bit/s/Hz
54954[UE 5 | RB 1] Throughput = 0.95776 Mbps | SE = 0.02510 bit/s/Hz
55064[UE 5 | RB 1] Throughput = 0.98339 Mbps | SE = 0.02577 bit/s/Hz
55164[UE 5 | RB 1] Throughput = 0.95720 Mbps | SE = 0.02508 bit/s/Hz
55264[UE 5 | RB 1] Throughput = 1.19707 Mbps | SE = 0.03137 bit/s/Hz
55374[UE 5 | RB 1] Throughput = 1.08843 Mbps | SE = 0.02852 bit/s/Hz
55484[UE 5 | RB 1] Throughput = 0.98273 Mbps | SE = 0.02575 bit/s/Hz
55584[UE 5 | RB 1] Throughput = 1.07580 Mbps | SE = 0.02819 bit/s/Hz
55694[UE 5 | RB 1] Throughput = 0.98214 Mbps | SE = 0.02574 bit/s/Hz
55804[UE 5 | RB 1] Throughput = 1.30938 Mbps | SE = 0.03431 bit/s/Hz
55904[UE 5 | RB 1] Throughput = 0.59774 Mbps | SE = 0.01566 bit/s/Hz
56014[UE 5 | RB 1] Throughput = 1.30621 Mbps | SE = 0.03423 bit/s/Hz
56124[UE 5 | RB 1] Throughput = 0.98172 Mbps | SE = 0.02573 bit/s/Hz
56224[UE 5 | RB 1] Throughput = 1.19749 Mbps | SE = 0.03138 bit/s/Hz
56324[UE 5 | RB 1] Throughput = 1.19806 Mbps | SE = 0.03140 bit/s/Hz
56434[UE 5 | RB 1] Throughput = 0.65365 Mbps | SE = 0.01713 bit/s/Hz
56534[UE 5 | RB 1] Throughput = 1.43735 Mbps | SE = 0.03767 bit/s/Hz
56644[UE 5 | RB 1] Throughput = 1.09022 Mbps | SE = 0.02857 bit/s/Hz
56744[UE 5 | RB 1] Throughput = 0.71880 Mbps | SE = 0.01884 bit/s/Hz
56854[UE 5 | RB 1] Throughput = 1.30668 Mbps | SE = 0.03424 bit/s/Hz
56964[UE 5 | RB 1] Throughput = 1.19844 Mbps | SE = 0.03141 bit/s/Hz
57074[UE 5 | RB 1] Throughput = 1.19894 Mbps | SE = 0.03142 bit/s/Hz
57174[UE 5 | RB 1] Throughput = 0.59909 Mbps | SE = 0.01570 bit/s/Hz
57284[UE 5 | RB 1] Throughput = 1.19900 Mbps | SE = 0.03142 bit/s/Hz
57394[UE 5 | RB 1] Throughput = 1.19979 Mbps | SE = 0.03144 bit/s/Hz
57494[UE 5 | RB 1] Throughput = 1.19745 Mbps | SE = 0.03138 bit/s/Hz
57604[UE 5 | RB 1] Throughput = 1.09031 Mbps | SE = 0.02857 bit/s/Hz
57714[UE 5 | RB 1] Throughput = 0.98041 Mbps | SE = 0.02569 bit/s/Hz
57824[UE 5 | RB 1] Throughput = 1.08904 Mbps | SE = 0.02854 bit/s/Hz
57934[UE 5 | RB 1] Throughput = 1.08983 Mbps | SE = 0.02856 bit/s/Hz
58044[UE 5 | RB 1] Throughput = 0.87042 Mbps | SE = 0.02281 bit/s/Hz
58154[UE 5 | RB 1] Throughput = 0.98156 Mbps | SE = 0.02572 bit/s/Hz
58264[UE 5 | RB 1] Throughput = 1.30758 Mbps | SE = 0.03427 bit/s/Hz
58374[UE 5 | RB 1] Throughput = 0.98039 Mbps | SE = 0.02569 bit/s/Hz
58484[UE 5 | RB 1] Throughput = 1.19952 Mbps | SE = 0.03143 bit/s/Hz
58584[UE 5 | RB 1] Throughput = 0.95772 Mbps | SE = 0.02510 bit/s/Hz
58684[UE 5 | RB 1] Throughput = 1.07759 Mbps | SE = 0.02824 bit/s/Hz
58784[UE 5 | RB 1] Throughput = 1.19821 Mbps | SE = 0.03140 bit/s/Hz
58885[UE 5 | RB 1] Throughput = 1.19451 Mbps | SE = 0.03130 bit/s/Hz
58994[UE 5 | RB 1] Throughput = 0.87434 Mbps | SE = 0.02291 bit/s/Hz
59104[UE 5 | RB 1] Throughput = 1.08908 Mbps | SE = 0.02854 bit/s/Hz
59214[UE 5 | RB 1] Throughput = 1.19937 Mbps | SE = 0.03143 bit/s/Hz
59324[UE 5 | RB 1] Throughput = 0.65365 Mbps | SE = 0.01713 bit/s/Hz
59434[UE 5 | RB 1] Throughput = 1.19749 Mbps | SE = 0.03138 bit/s/Hz
59534[UE 5 | RB 1] Throughput = 1.07725 Mbps | SE = 0.02823 bit/s/Hz
59644[UE 5 | RB 1] Throughput = 1.19947 Mbps | SE = 0.03143 bit/s/Hz
59754[UE 5 | RB 1] Throughput = 0.76342 Mbps | SE = 0.02001 bit/s/Hz
59854[UE 5 | RB 1] Throughput = 1.19821 Mbps | SE = 0.03140 bit/s/Hz
59954[UE 5 | RB 1] Throughput = 1.31677 Mbps | SE = 0.03451 bit/s/Hz
60064[UE 5 | RB 1] Throughput = 0.65469 Mbps | SE = 0.01716 bit/s/Hz
60164[UE 5 | RB 1] Throughput = 1.31733 Mbps | SE = 0.03452 bit/s/Hz
60274[UE 5 | RB 1] Throughput = 1.19829 Mbps | SE = 0.03140 bit/s/Hz
60384[UE 5 | RB 1] Throughput = 0.98155 Mbps | SE = 0.02572 bit/s/Hz
60494[UE 5 | RB 1] Throughput = 1.19742 Mbps | SE = 0.03138 bit/s/Hz
60604[UE 5 | RB 1] Throughput = 1.19973 Mbps | SE = 0.03144 bit/s/Hz
60714[UE 5 | RB 1] Throughput = 0.87131 Mbps | SE = 0.02283 bit/s/Hz
60814[UE 5 | RB 1] Throughput = 1.07712 Mbps | SE = 0.02823 bit/s/Hz
60924[UE 5 | RB 1] Throughput = 0.87125 Mbps | SE = 0.02283 bit/s/Hz
61034[UE 5 | RB 1] Throughput = 1.08962 Mbps | SE = 0.02855 bit/s/Hz
61135[UE 5 | RB 1] Throughput = 1.31564 Mbps | SE = 0.03448 bit/s/Hz
61244[UE 5 | RB 1] Throughput = 0.98245 Mbps | SE = 0.02575 bit/s/Hz
61354[UE 5 | RB 1] Throughput = 0.87136 Mbps | SE = 0.02283 bit/s/Hz
61464[UE 5 | RB 1] Throughput = 1.30911 Mbps | SE = 0.03431 bit/s/Hz
61564[UE 5 | RB 1] Throughput = 0.95755 Mbps | SE = 0.02509 bit/s/Hz
61674[UE 5 | RB 1] Throughput = 1.19782 Mbps | SE = 0.03139 bit/s/Hz
61774[UE 5 | RB 1] Throughput = 0.95767 Mbps | SE = 0.02510 bit/s/Hz
61884[UE 5 | RB 1] Throughput = 0.98255 Mbps | SE = 0.02575 bit/s/Hz
61984[UE 5 | RB 1] Throughput = 1.07833 Mbps | SE = 0.02826 bit/s/Hz
62084[UE 5 | RB 1] Throughput = 1.19627 Mbps | SE = 0.03135 bit/s/Hz
62194[UE 5 | RB 1] Throughput = 1.20077 Mbps | SE = 0.03147 bit/s/Hz
62304[UE 5 | RB 1] Throughput = 0.97989 Mbps | SE = 0.02568 bit/s/Hz
62404[UE 5 | RB 1] Throughput = 0.95801 Mbps | SE = 0.02511 bit/s/Hz
62514[UE 5 | RB 1] Throughput = 1.08909 Mbps | SE = 0.02854 bit/s/Hz
62624[UE 5 | RB 1] Throughput = 1.19994 Mbps | SE = 0.03144 bit/s/Hz
62724[UE 5 | RB 1] Throughput = 1.07813 Mbps | SE = 0.02825 bit/s/Hz
62824[UE 5 | RB 1] Throughput = 1.07842 Mbps | SE = 0.02826 bit/s/Hz
62924[UE 5 | RB 1] Throughput = 1.07787 Mbps | SE = 0.02825 bit/s/Hz
63024[UE 5 | RB 1] Throughput = 1.07799 Mbps | SE = 0.02825 bit/s/Hz
63134[UE 5 | RB 1] Throughput = 0.98102 Mbps | SE = 0.02571 bit/s/Hz
63234[UE 5 | RB 1] Throughput = 1.07809 Mbps | SE = 0.02825 bit/s/Hz
63344[UE 5 | RB 1] Throughput = 0.98148 Mbps | SE = 0.02572 bit/s/Hz
63454[UE 5 | RB 1] Throughput = 1.09017 Mbps | SE = 0.02857 bit/s/Hz
63564[UE 5 | RB 1] Throughput = 1.09086 Mbps | SE = 0.02859 bit/s/Hz
63664[UE 5 | RB 1] Throughput = 1.19527 Mbps | SE = 0.03132 bit/s/Hz
63774[UE 5 | RB 1] Throughput = 1.09210 Mbps | SE = 0.02862 bit/s/Hz
63874[UE 5 | RB 1] Throughput = 0.71895 Mbps | SE = 0.01884 bit/s/Hz
63974[UE 5 | RB 1] Throughput = 1.43445 Mbps | SE = 0.03759 bit/s/Hz
64084[UE 5 | RB 1] Throughput = 0.65336 Mbps | SE = 0.01712 bit/s/Hz
64194[UE 5 | RB 1] Throughput = 1.09081 Mbps | SE = 0.02859 bit/s/Hz
64295[UE 5 | RB 1] Throughput = 1.43395 Mbps | SE = 0.03758 bit/s/Hz
64404[UE 5 | RB 1] Throughput = 0.65542 Mbps | SE = 0.01718 bit/s/Hz
64514[UE 5 | RB 1] Throughput = 1.19764 Mbps | SE = 0.03138 bit/s/Hz
64615[UE 5 | RB 1] Throughput = 1.31567 Mbps | SE = 0.03448 bit/s/Hz
64715[UE 5 | RB 1] Throughput = 1.19772 Mbps | SE = 0.03139 bit/s/Hz
64824[UE 5 | RB 1] Throughput = 1.09248 Mbps | SE = 0.02863 bit/s/Hz
64934[UE 5 | RB 1] Throughput = 0.87118 Mbps | SE = 0.02283 bit/s/Hz
65034[UE 5 | RB 1] Throughput = 1.07751 Mbps | SE = 0.02824 bit/s/Hz
65134[UE 5 | RB 1] Throughput = 1.07810 Mbps | SE = 0.02825 bit/s/Hz
65244[UE 5 | RB 1] Throughput = 0.87361 Mbps | SE = 0.02289 bit/s/Hz
65344[UE 5 | RB 1] Throughput = 1.19645 Mbps | SE = 0.03135 bit/s/Hz
65444[UE 5 | RB 1] Throughput = 1.07854 Mbps | SE = 0.02826 bit/s/Hz
65544[UE 5 | RB 1] Throughput = 1.31728 Mbps | SE = 0.03452 bit/s/Hz
65654[UE 5 | RB 1] Throughput = 0.87306 Mbps | SE = 0.02288 bit/s/Hz
65764[UE 5 | RB 1] Throughput = 1.19894 Mbps | SE = 0.03142 bit/s/Hz
65864[UE 5 | RB 1] Throughput = 0.83733 Mbps | SE = 0.02194 bit/s/Hz
65965[UE 5 | RB 1] Throughput = 1.31598 Mbps | SE = 0.03449 bit/s/Hz
66074[UE 5 | RB 1] Throughput = 0.87490 Mbps | SE = 0.02293 bit/s/Hz
66184[UE 5 | RB 1] Throughput = 1.19718 Mbps | SE = 0.03137 bit/s/Hz
66284[UE 5 | RB 1] Throughput = 0.71872 Mbps | SE = 0.01883 bit/s/Hz
66384[UE 5 | RB 1] Throughput = 1.43604 Mbps | SE = 0.03763 bit/s/Hz
66494[UE 5 | RB 1] Throughput = 1.08967 Mbps | SE = 0.02856 bit/s/Hz
66594[UE 5 | RB 1] Throughput = 1.19797 Mbps | SE = 0.03139 bit/s/Hz
66695[UE 5 | RB 1] Throughput = 0.59908 Mbps | SE = 0.01570 bit/s/Hz
66795[UE 5 | RB 1] Throughput = 1.31795 Mbps | SE = 0.03454 bit/s/Hz
66904[UE 5 | RB 1] Throughput = 1.09057 Mbps | SE = 0.02858 bit/s/Hz
67004[UE 5 | RB 1] Throughput = 1.07804 Mbps | SE = 0.02825 bit/s/Hz
67114[UE 5 | RB 1] Throughput = 1.09232 Mbps | SE = 0.02862 bit/s/Hz
67214[UE 5 | RB 1] Throughput = 1.19681 Mbps | SE = 0.03136 bit/s/Hz
67315[UE 5 | RB 1] Throughput = 0.95657 Mbps | SE = 0.02507 bit/s/Hz
67425[UE 5 | RB 1] Throughput = 0.97463 Mbps | SE = 0.02554 bit/s/Hz
67535[UE 5 | RB 1] Throughput = 1.09629 Mbps | SE = 0.02873 bit/s/Hz
67644[UE 5 | RB 1] Throughput = 1.09020 Mbps | SE = 0.02857 bit/s/Hz
67754[UE 5 | RB 1] Throughput = 1.20035 Mbps | SE = 0.03146 bit/s/Hz
67864[UE 5 | RB 1] Throughput = 0.98064 Mbps | SE = 0.02570 bit/s/Hz
67974[UE 5 | RB 1] Throughput = 0.97974 Mbps | SE = 0.02567 bit/s/Hz
68074[UE 5 | RB 1] Throughput = 1.07813 Mbps | SE = 0.02825 bit/s/Hz
68184[UE 5 | RB 1] Throughput = 1.19987 Mbps | SE = 0.03144 bit/s/Hz
68284[UE 5 | RB 1] Throughput = 1.07609 Mbps | SE = 0.02820 bit/s/Hz
68394[UE 5 | RB 1] Throughput = 0.65440 Mbps | SE = 0.01715 bit/s/Hz
68504[UE 5 | RB 1] Throughput = 1.08937 Mbps | SE = 0.02855 bit/s/Hz
68604[UE 5 | RB 1] Throughput = 1.19681 Mbps | SE = 0.03136 bit/s/Hz
68705[UE 5 | RB 1] Throughput = 1.07797 Mbps | SE = 0.02825 bit/s/Hz
68814[UE 5 | RB 1] Throughput = 1.30796 Mbps | SE = 0.03428 bit/s/Hz
68924[UE 5 | RB 1] Throughput = 0.87356 Mbps | SE = 0.02289 bit/s/Hz
69024[UE 5 | RB 1] Throughput = 1.19521 Mbps | SE = 0.03132 bit/s/Hz
69134[UE 5 | RB 1] Throughput = 0.87210 Mbps | SE = 0.02285 bit/s/Hz
69244[UE 5 | RB 1] Throughput = 0.98137 Mbps | SE = 0.02572 bit/s/Hz
69345[UE 5 | RB 1] Throughput = 1.19633 Mbps | SE = 0.03135 bit/s/Hz
69455[UE 5 | RB 1] Throughput = 1.30496 Mbps | SE = 0.03420 bit/s/Hz
69564[UE 5 | RB 1] Throughput = 0.76429 Mbps | SE = 0.02003 bit/s/Hz
69664[UE 5 | RB 1] Throughput = 1.31796 Mbps | SE = 0.03454 bit/s/Hz
69775[UE 5 | RB 1] Throughput = 1.08769 Mbps | SE = 0.02850 bit/s/Hz
69875[UE 5 | RB 1] Throughput = 0.71826 Mbps | SE = 0.01882 bit/s/Hz
69984[UE 5 | RB 1] Throughput = 1.31225 Mbps | SE = 0.03439 bit/s/Hz
70084[UE 5 | RB 1] Throughput = 1.19804 Mbps | SE = 0.03140 bit/s/Hz
70195[UE 5 | RB 1] Throughput = 1.08718 Mbps | SE = 0.02849 bit/s/Hz
70295[UE 5 | RB 1] Throughput = 0.83888 Mbps | SE = 0.02198 bit/s/Hz
70395[UE 5 | RB 1] Throughput = 1.31719 Mbps | SE = 0.03452 bit/s/Hz
70504[UE 5 | RB 1] Throughput = 0.87384 Mbps | SE = 0.02290 bit/s/Hz
70605[UE 5 | RB 1] Throughput = 1.19730 Mbps | SE = 0.03138 bit/s/Hz
70705[UE 5 | RB 1] Throughput = 0.71901 Mbps | SE = 0.01884 bit/s/Hz
70805[UE 5 | RB 1] Throughput = 1.19805 Mbps | SE = 0.03140 bit/s/Hz
70905[UE 5 | RB 1] Throughput = 1.31621 Mbps | SE = 0.03449 bit/s/Hz
71014[UE 5 | RB 1] Throughput = 1.09351 Mbps | SE = 0.02866 bit/s/Hz
71114[UE 5 | RB 1] Throughput = 0.59885 Mbps | SE = 0.01569 bit/s/Hz
71215[UE 5 | RB 1] Throughput = 1.43475 Mbps | SE = 0.03760 bit/s/Hz
71315[UE 5 | RB 1] Throughput = 1.07830 Mbps | SE = 0.02826 bit/s/Hz
71415[UE 5 | RB 1] Throughput = 1.07555 Mbps | SE = 0.02819 bit/s/Hz
71524[UE 5 | RB 1] Throughput = 1.09405 Mbps | SE = 0.02867 bit/s/Hz
71625[UE 5 | RB 1] Throughput = 0.95747 Mbps | SE = 0.02509 bit/s/Hz
71725[UE 5 | RB 1] Throughput = 1.19633 Mbps | SE = 0.03135 bit/s/Hz
71834[UE 5 | RB 1] Throughput = 0.76537 Mbps | SE = 0.02006 bit/s/Hz
71934[UE 5 | RB 1] Throughput = 1.31661 Mbps | SE = 0.03450 bit/s/Hz
72035[UE 5 | RB 1] Throughput = 1.19715 Mbps | SE = 0.03137 bit/s/Hz
72135[UE 5 | RB 1] Throughput = 0.95866 Mbps | SE = 0.02512 bit/s/Hz
72244[UE 5 | RB 1] Throughput = 1.09022 Mbps | SE = 0.02857 bit/s/Hz
72345[UE 5 | RB 1] Throughput = 1.19811 Mbps | SE = 0.03140 bit/s/Hz
72455[UE 5 | RB 1] Throughput = 0.87073 Mbps | SE = 0.02282 bit/s/Hz
72564[UE 5 | RB 1] Throughput = 0.98192 Mbps | SE = 0.02573 bit/s/Hz
72675[UE 5 | RB 1] Throughput = 0.97804 Mbps | SE = 0.02563 bit/s/Hz
72784[UE 5 | RB 1] Throughput = 1.31032 Mbps | SE = 0.03434 bit/s/Hz
72894[UE 5 | RB 1] Throughput = 1.20209 Mbps | SE = 0.03150 bit/s/Hz
72995[UE 5 | RB 1] Throughput = 0.83506 Mbps | SE = 0.02188 bit/s/Hz
73104[UE 5 | RB 1] Throughput = 1.20098 Mbps | SE = 0.03147 bit/s/Hz
73214[UE 5 | RB 1] Throughput = 1.08996 Mbps | SE = 0.02856 bit/s/Hz
73315[UE 5 | RB 1] Throughput = 0.59793 Mbps | SE = 0.01567 bit/s/Hz
73425[UE 5 | RB 1] Throughput = 1.41583 Mbps | SE = 0.03710 bit/s/Hz
73534[UE 5 | RB 1] Throughput = 0.98243 Mbps | SE = 0.02575 bit/s/Hz
73634[UE 5 | RB 1] Throughput = 1.07807 Mbps | SE = 0.02825 bit/s/Hz
73744[UE 5 | RB 1] Throughput = 1.08867 Mbps | SE = 0.02853 bit/s/Hz
73854[UE 5 | RB 1] Throughput = 1.09094 Mbps | SE = 0.02859 bit/s/Hz
73964[UE 5 | RB 1] Throughput = 1.30942 Mbps | SE = 0.03431 bit/s/Hz
74064[UE 5 | RB 1] Throughput = 0.71703 Mbps | SE = 0.01879 bit/s/Hz
74164[UE 5 | RB 1] Throughput = 1.19802 Mbps | SE = 0.03139 bit/s/Hz
74265[UE 5 | RB 1] Throughput = 1.07789 Mbps | SE = 0.02825 bit/s/Hz
74375[UE 5 | RB 1] Throughput = 1.19855 Mbps | SE = 0.03141 bit/s/Hz
74475[UE 5 | RB 1] Throughput = 0.71708 Mbps | SE = 0.01879 bit/s/Hz
74584[UE 5 | RB 1] Throughput = 1.09251 Mbps | SE = 0.02863 bit/s/Hz
74694[UE 5 | RB 1] Throughput = 1.08982 Mbps | SE = 0.02856 bit/s/Hz
74795[UE 5 | RB 1] Throughput = 1.19621 Mbps | SE = 0.03135 bit/s/Hz
74905[UE 5 | RB 1] Throughput = 1.19902 Mbps | SE = 0.03142 bit/s/Hz
75014[UE 5 | RB 1] Throughput = 0.65476 Mbps | SE = 0.01716 bit/s/Hz
75115[UE 5 | RB 1] Throughput = 1.31612 Mbps | SE = 0.03449 bit/s/Hz
75215[UE 5 | RB 1] Throughput = 1.31779 Mbps | SE = 0.03453 bit/s/Hz
75324[UE 5 | RB 1] Throughput = 1.09235 Mbps | SE = 0.02863 bit/s/Hz
75424[UE 5 | RB 1] Throughput = 0.59908 Mbps | SE = 0.01570 bit/s/Hz
75524[UE 5 | RB 1] Throughput = 1.31733 Mbps | SE = 0.03452 bit/s/Hz
75624[UE 5 | RB 1] Throughput = 0.83874 Mbps | SE = 0.02198 bit/s/Hz
75724[UE 5 | RB 1] Throughput = 1.31761 Mbps | SE = 0.03453 bit/s/Hz
75835[UE 5 | RB 1] Throughput = 0.97981 Mbps | SE = 0.02568 bit/s/Hz
75935[UE 5 | RB 1] Throughput = 1.19838 Mbps | SE = 0.03140 bit/s/Hz
76044[UE 5 | RB 1] Throughput = 1.20007 Mbps | SE = 0.03145 bit/s/Hz
76144[UE 5 | RB 1] Throughput = 0.59866 Mbps | SE = 0.01569 bit/s/Hz
76245[UE 5 | RB 1] Throughput = 1.19666 Mbps | SE = 0.03136 bit/s/Hz
76345[UE 5 | RB 1] Throughput = 1.19744 Mbps | SE = 0.03138 bit/s/Hz
76455[UE 5 | RB 1] Throughput = 1.09074 Mbps | SE = 0.02858 bit/s/Hz
76564[UE 5 | RB 1] Throughput = 0.98169 Mbps | SE = 0.02573 bit/s/Hz
76665[UE 5 | RB 1] Throughput = 1.07287 Mbps | SE = 0.02812 bit/s/Hz
76765[UE 5 | RB 1] Throughput = 1.19808 Mbps | SE = 0.03140 bit/s/Hz
76875[UE 5 | RB 1] Throughput = 1.09311 Mbps | SE = 0.02865 bit/s/Hz
76985[UE 5 | RB 1] Throughput = 1.08904 Mbps | SE = 0.02854 bit/s/Hz
77094[UE 5 | RB 1] Throughput = 0.98283 Mbps | SE = 0.02576 bit/s/Hz
77195[UE 5 | RB 1] Throughput = 1.19467 Mbps | SE = 0.03131 bit/s/Hz
77304[UE 5 | RB 1] Throughput = 0.87496 Mbps | SE = 0.02293 bit/s/Hz
77405[UE 5 | RB 1] Throughput = 1.07507 Mbps | SE = 0.02817 bit/s/Hz
77515[UE 5 | RB 1] Throughput = 1.30832 Mbps | SE = 0.03429 bit/s/Hz
77624[UE 5 | RB 1] Throughput = 0.87283 Mbps | SE = 0.02287 bit/s/Hz
77724[UE 5 | RB 1] Throughput = 1.19811 Mbps | SE = 0.03140 bit/s/Hz
77825[UE 5 | RB 1] Throughput = 0.71697 Mbps | SE = 0.01879 bit/s/Hz
77935[UE 5 | RB 1] Throughput = 1.41663 Mbps | SE = 0.03712 bit/s/Hz
78044[UE 5 | RB 1] Throughput = 1.09111 Mbps | SE = 0.02859 bit/s/Hz
78145[UE 5 | RB 1] Throughput = 0.95102 Mbps | SE = 0.02492 bit/s/Hz
78254[UE 5 | RB 1] Throughput = 1.09945 Mbps | SE = 0.02881 bit/s/Hz
78354[UE 5 | RB 1] Throughput = 1.19741 Mbps | SE = 0.03138 bit/s/Hz
78464[UE 5 | RB 1] Throughput = 1.08868 Mbps | SE = 0.02853 bit/s/Hz
78565[UE 5 | RB 1] Throughput = 0.59805 Mbps | SE = 0.01567 bit/s/Hz
78675[UE 5 | RB 1] Throughput = 1.52703 Mbps | SE = 0.04002 bit/s/Hz
78785[UE 5 | RB 1] Throughput = 0.87045 Mbps | SE = 0.02281 bit/s/Hz
78885[UE 5 | RB 1] Throughput = 1.07700 Mbps | SE = 0.02822 bit/s/Hz
78994[UE 5 | RB 1] Throughput = 1.09346 Mbps | SE = 0.02865 bit/s/Hz
79094[UE 5 | RB 1] Throughput = 0.95801 Mbps | SE = 0.02511 bit/s/Hz
79205[UE 5 | RB 1] Throughput = 1.08826 Mbps | SE = 0.02852 bit/s/Hz
79315[UE 5 | RB 1] Throughput = 1.19783 Mbps | SE = 0.03139 bit/s/Hz
79425[UE 5 | RB 1] Throughput = 1.08870 Mbps | SE = 0.02853 bit/s/Hz
79535[UE 5 | RB 1] Throughput = 0.98215 Mbps | SE = 0.02574 bit/s/Hz
79635[UE 5 | RB 1] Throughput = 0.95841 Mbps | SE = 0.02512 bit/s/Hz
79745[UE 5 | RB 1] Throughput = 0.98047 Mbps | SE = 0.02569 bit/s/Hz
79845[UE 5 | RB 1] Throughput = 0.95749 Mbps | SE = 0.02509 bit/s/Hz
79954[UE 5 | RB 1] Throughput = 1.31231 Mbps | SE = 0.03439 bit/s/Hz
80064[UE 5 | RB 1] Throughput = 1.19695 Mbps | SE = 0.03137 bit/s/Hz
80165[UE 5 | RB 1] Throughput = 1.07303 Mbps | SE = 0.02812 bit/s/Hz
80274[UE 5 | RB 1] Throughput = 1.09495 Mbps | SE = 0.02869 bit/s/Hz
80374[UE 5 | RB 1] Throughput = 1.07828 Mbps | SE = 0.02826 bit/s/Hz
80474[UE 5 | RB 1] Throughput = 1.07847 Mbps | SE = 0.02826 bit/s/Hz
80575[UE 5 | RB 1] Throughput = 0.71723 Mbps | SE = 0.01880 bit/s/Hz
80685[UE 5 | RB 1] Throughput = 1.20004 Mbps | SE = 0.03145 bit/s/Hz
80785[UE 5 | RB 1] Throughput = 1.19559 Mbps | SE = 0.03133 bit/s/Hz
80895[UE 5 | RB 1] Throughput = 0.87278 Mbps | SE = 0.02287 bit/s/Hz
81004[UE 5 | RB 1] Throughput = 1.19960 Mbps | SE = 0.03144 bit/s/Hz
81105[UE 5 | RB 1] Throughput = 0.71714 Mbps | SE = 0.01879 bit/s/Hz
81215[UE 5 | RB 1] Throughput = 1.41926 Mbps | SE = 0.03719 bit/s/Hz
81315[UE 5 | RB 1] Throughput = 1.07684 Mbps | SE = 0.02822 bit/s/Hz
81425[UE 5 | RB 1] Throughput = 1.09052 Mbps | SE = 0.02858 bit/s/Hz
81525[UE 5 | RB 1] Throughput = 0.71464 Mbps | SE = 0.01873 bit/s/Hz
81635[UE 5 | RB 1] Throughput = 1.09418 Mbps | SE = 0.02867 bit/s/Hz
81745[UE 5 | RB 1] Throughput = 1.30992 Mbps | SE = 0.03433 bit/s/Hz
81845[UE 5 | RB 1] Throughput = 1.07646 Mbps | SE = 0.02821 bit/s/Hz
81955[UE 5 | RB 1] Throughput = 0.87199 Mbps | SE = 0.02285 bit/s/Hz
82065[UE 5 | RB 1] Throughput = 1.41677 Mbps | SE = 0.03713 bit/s/Hz
82175[UE 5 | RB 1] Throughput = 1.08826 Mbps | SE = 0.02852 bit/s/Hz
82285[UE 5 | RB 1] Throughput = 0.87333 Mbps | SE = 0.02289 bit/s/Hz
82395[UE 5 | RB 1] Throughput = 1.08843 Mbps | SE = 0.02852 bit/s/Hz
82495[UE 5 | RB 1] Throughput = 0.83644 Mbps | SE = 0.02192 bit/s/Hz
82605[UE 5 | RB 1] Throughput = 1.41979 Mbps | SE = 0.03721 bit/s/Hz
82705[UE 5 | RB 1] Throughput = 0.95748 Mbps | SE = 0.02509 bit/s/Hz
82805[UE 5 | RB 1] Throughput = 1.07660 Mbps | SE = 0.02821 bit/s/Hz
82915[UE 5 | RB 1] Throughput = 1.09246 Mbps | SE = 0.02863 bit/s/Hz
83025[UE 5 | RB 1] Throughput = 0.76333 Mbps | SE = 0.02000 bit/s/Hz
83134[UE 5 | RB 1] Throughput = 1.09030 Mbps | SE = 0.02857 bit/s/Hz
83235[UE 5 | RB 1] Throughput = 1.43666 Mbps | SE = 0.03765 bit/s/Hz
83335[UE 5 | RB 1] Throughput = 0.95689 Mbps | SE = 0.02508 bit/s/Hz
83435[UE 5 | RB 1] Throughput = 1.07831 Mbps | SE = 0.02826 bit/s/Hz
83545[UE 5 | RB 1] Throughput = 0.98009 Mbps | SE = 0.02568 bit/s/Hz
83655[UE 5 | RB 1] Throughput = 1.09057 Mbps | SE = 0.02858 bit/s/Hz
83765[UE 5 | RB 1] Throughput = 1.19856 Mbps | SE = 0.03141 bit/s/Hz
83865[UE 5 | RB 1] Throughput = 1.07500 Mbps | SE = 0.02817 bit/s/Hz
83975[UE 5 | RB 1] Throughput = 1.09163 Mbps | SE = 0.02861 bit/s/Hz
84085[UE 5 | RB 1] Throughput = 0.76275 Mbps | SE = 0.01999 bit/s/Hz
84185[UE 5 | RB 1] Throughput = 1.31808 Mbps | SE = 0.03454 bit/s/Hz
84295[UE 5 | RB 1] Throughput = 1.09213 Mbps | SE = 0.02862 bit/s/Hz
84395[UE 5 | RB 1] Throughput = 0.95595 Mbps | SE = 0.02505 bit/s/Hz
84495[UE 5 | RB 1] Throughput = 1.07851 Mbps | SE = 0.02826 bit/s/Hz
84605[UE 5 | RB 1] Throughput = 0.87199 Mbps | SE = 0.02285 bit/s/Hz
84705[UE 5 | RB 1] Throughput = 1.19818 Mbps | SE = 0.03140 bit/s/Hz
84814[UE 5 | RB 1] Throughput = 1.20204 Mbps | SE = 0.03150 bit/s/Hz
84915[UE 5 | RB 1] Throughput = 1.19597 Mbps | SE = 0.03134 bit/s/Hz
85025[UE 5 | RB 1] Throughput = 1.09091 Mbps | SE = 0.02859 bit/s/Hz
85125[UE 5 | RB 1] Throughput = 0.71804 Mbps | SE = 0.01882 bit/s/Hz
85234[UE 5 | RB 1] Throughput = 1.31035 Mbps | SE = 0.03434 bit/s/Hz
85344[UE 5 | RB 1] Throughput = 0.65365 Mbps | SE = 0.01713 bit/s/Hz
85444[UE 5 | RB 1] Throughput = 1.19802 Mbps | SE = 0.03139 bit/s/Hz
85544[UE 5 | RB 1] Throughput = 1.31725 Mbps | SE = 0.03452 bit/s/Hz
85654[UE 5 | RB 1] Throughput = 1.09023 Mbps | SE = 0.02857 bit/s/Hz
85764[UE 5 | RB 1] Throughput = 0.97996 Mbps | SE = 0.02568 bit/s/Hz
85865[UE 5 | RB 1] Throughput = 1.07789 Mbps | SE = 0.02825 bit/s/Hz
85965[UE 5 | RB 1] Throughput = 0.95798 Mbps | SE = 0.02510 bit/s/Hz
86065[UE 5 | RB 1] Throughput = 1.19787 Mbps | SE = 0.03139 bit/s/Hz
86174[UE 5 | RB 1] Throughput = 1.09115 Mbps | SE = 0.02859 bit/s/Hz
86275[UE 5 | RB 1] Throughput = 1.19482 Mbps | SE = 0.03131 bit/s/Hz
86385[UE 5 | RB 1] Throughput = 0.65382 Mbps | SE = 0.01713 bit/s/Hz
86495[UE 5 | RB 1] Throughput = 1.20126 Mbps | SE = 0.03148 bit/s/Hz
86595[UE 5 | RB 1] Throughput = 1.31720 Mbps | SE = 0.03452 bit/s/Hz
86705[UE 5 | RB 1] Throughput = 0.76272 Mbps | SE = 0.01999 bit/s/Hz
86805[UE 5 | RB 1] Throughput = 1.19737 Mbps | SE = 0.03138 bit/s/Hz
86905[UE 5 | RB 1] Throughput = 1.19634 Mbps | SE = 0.03135 bit/s/Hz
87015[UE 5 | RB 1] Throughput = 0.76419 Mbps | SE = 0.02003 bit/s/Hz
87116[UE 5 | RB 1] Throughput = 1.17858 Mbps | SE = 0.03089 bit/s/Hz
87225[UE 5 | RB 1] Throughput = 1.21818 Mbps | SE = 0.03192 bit/s/Hz
87325[UE 5 | RB 1] Throughput = 0.95679 Mbps | SE = 0.02507 bit/s/Hz
87435[UE 5 | RB 1] Throughput = 1.20010 Mbps | SE = 0.03145 bit/s/Hz
87535[UE 5 | RB 1] Throughput = 0.95857 Mbps | SE = 0.02512 bit/s/Hz
87635[UE 5 | RB 1] Throughput = 1.07705 Mbps | SE = 0.02822 bit/s/Hz
87745[UE 5 | RB 1] Throughput = 1.30868 Mbps | SE = 0.03429 bit/s/Hz
87855[UE 5 | RB 1] Throughput = 0.65314 Mbps | SE = 0.01712 bit/s/Hz
87965[UE 5 | RB 1] Throughput = 1.19658 Mbps | SE = 0.03136 bit/s/Hz
88075[UE 5 | RB 1] Throughput = 1.19946 Mbps | SE = 0.03143 bit/s/Hz
88185[UE 5 | RB 1] Throughput = 1.09016 Mbps | SE = 0.02857 bit/s/Hz
88295[UE 5 | RB 1] Throughput = 0.98121 Mbps | SE = 0.02571 bit/s/Hz
88395[UE 5 | RB 1] Throughput = 1.19736 Mbps | SE = 0.03138 bit/s/Hz
88495[UE 5 | RB 1] Throughput = 1.19753 Mbps | SE = 0.03138 bit/s/Hz
88605[UE 5 | RB 1] Throughput = 1.08960 Mbps | SE = 0.02855 bit/s/Hz
88715[UE 5 | RB 1] Throughput = 0.65189 Mbps | SE = 0.01708 bit/s/Hz
88824[UE 5 | RB 1] Throughput = 1.09794 Mbps | SE = 0.02877 bit/s/Hz
88934[UE 5 | RB 1] Throughput = 1.08721 Mbps | SE = 0.02849 bit/s/Hz
89034[UE 5 | RB 1] Throughput = 1.31816 Mbps | SE = 0.03454 bit/s/Hz
89134[UE 5 | RB 1] Throughput = 0.71873 Mbps | SE = 0.01883 bit/s/Hz
89235[UE 5 | RB 1] Throughput = 1.43677 Mbps | SE = 0.03765 bit/s/Hz
89344[UE 5 | RB 1] Throughput = 0.98213 Mbps | SE = 0.02574 bit/s/Hz
89455[UE 5 | RB 1] Throughput = 1.19106 Mbps | SE = 0.03121 bit/s/Hz
89564[UE 5 | RB 1] Throughput = 1.09703 Mbps | SE = 0.02875 bit/s/Hz
89674[UE 5 | RB 1] Throughput = 0.97916 Mbps | SE = 0.02566 bit/s/Hz
89784[UE 5 | RB 1] Throughput = 0.98318 Mbps | SE = 0.02576 bit/s/Hz
89885[UE 5 | RB 1] Throughput = 1.19243 Mbps | SE = 0.03125 bit/s/Hz
89995[UE 5 | RB 1] Throughput = 0.98145 Mbps | SE = 0.02572 bit/s/Hz
[xApp]: E42 RIC_SUBSCRIPTION_DELETE_REQUEST tx RAN_FUNC_ID 144 RIC_REQ_ID 1 
[xApp]: E42 SUBSCRIPTION DELETE RESPONSE rx
[xApp]: E42 RIC_SUBSCRIPTION_DELETE_REQUEST tx RAN_FUNC_ID 144 RIC_REQ_ID 2 
[xApp]: E42 SUBSCRIPTION DELETE RESPONSE rx
[xApp]: E42 RIC_SUBSCRIPTION_DELETE_REQUEST tx RAN_FUNC_ID 144 RIC_REQ_ID 3 
[xApp]: E42 SUBSCRIPTION DELETE RESPONSE rx
[xApp]: Sucessfully stopped 
Test xApp run SUCCESSFULLY
