[UTIL]: Setting the config -c file to /usr/local/etc/flexric/flexric.conf
[UTIL]: Setting path -p for the shared libraries to /usr/local/lib/flexric/
[xAapp]: Initializing ... 
[xApp]: nearRT-RIC IP Address = 192.168.70.150, PORT = 36422
[E2 AGENT]: Opening plugin from path = /usr/local/lib/flexric/libkpm_sm.so 
[E2 AGENT]: Opening plugin from path = /usr/local/lib/flexric/libmac_sm.so 
[E2 AGENT]: Opening plugin from path = /usr/local/lib/flexric/libpdcp_sm.so 
[E2 AGENT]: Opening plugin from path = /usr/local/lib/flexric/libgtp_sm.so 
[E2 AGENT]: Opening plugin from path = /usr/local/lib/flexric/librc_sm.so 
[E2 AGENT]: Opening plugin from path = /usr/local/lib/flexric/libtc_sm.so 
[E2 AGENT]: Opening plugin from path = /usr/local/lib/flexric/librlc_sm.so 
[E2 AGENT]: Opening plugin from path = /usr/local/lib/flexric/libslice_sm.so 
[NEAR-RIC]: Loading SM ID = 2 with def = ORAN-E2SM-KPM 
[NEAR-RIC]: Loading SM ID = 142 with def = MAC_STATS_V0 
[NEAR-RIC]: Loading SM ID = 144 with def = PDCP_STATS_V0 
[NEAR-RIC]: Loading SM ID = 148 with def = GTP_STATS_V0 
[NEAR-RIC]: Loading SM ID = 3 with def = ORAN-E2SM-RC 
[NEAR-RIC]: Loading SM ID = 146 with def = TC_STATS_V0 
[NEAR-RIC]: Loading SM ID = 143 with def = RLC_STATS_V0 
[NEAR-RIC]: Loading SM ID = 145 with def = SLICE_STATS_V0 
[xApp]: DB filename = /tmp/flexric/xapp_db 
 [xApp]: E42 SETUP-REQUEST tx
[xApp]: E42 SETUP-RESPONSE rx 
[xApp]: xApp ID = 87 
[xApp]: Registered E2 Nodes = 3 
Connected E2 nodes = 3
[xAPP] Registered node 0 ran func id = 2 
 [xAPP] Registered node 0 ran func id = 3 
 [xAPP] Registered node 0 ran func id = 142 
 [xAPP] Registered node 0 ran func id = 143 
 [xAPP] Registered node 0 ran func id = 144 
 [xAPP] Registered node 0 ran func id = 145 
 [xAPP] Registered node 0 ran func id = 146 
 [xAPP] Registered node 0 ran func id = 148 
 [xApp]: E42 RIC SUBSCRIPTION REQUEST tx RAN_FUNC_ID 144 RIC_REQ_ID 1 
[xApp]: SUBSCRIPTION RESPONSE rx
[xApp]: Successfully subscribed to RAN_FUNC_ID 144 
[xAPP] Registered node 1 ran func id = 2 
 [xAPP] Registered node 1 ran func id = 3 
 [xAPP] Registered node 1 ran func id = 142 
 [xAPP] Registered node 1 ran func id = 143 
 [xAPP] Registered node 1 ran func id = 144 
 [xAPP] Registered node 1 ran func id = 145 
 [xAPP] Registered node 1 ran func id = 146 
 [xAPP] Registered node 1 ran func id = 148 
 [xApp]: E42 RIC SUBSCRIPTION REQUEST tx RAN_FUNC_ID 144 RIC_REQ_ID 2 
[xApp]: SUBSCRIPTION RESPONSE rx
[xApp]: Successfully subscribed to RAN_FUNC_ID 144 
[xAPP] Registered node 2 ran func id = 2 
 [xAPP] Registered node 2 ran func id = 3 
 [xAPP] Registered node 2 ran func id = 142 
 [xAPP] Registered node 2 ran func id = 143 
 [xAPP] Registered node 2 ran func id = 144 
 [xAPP] Registered node 2 ran func id = 145 
 [xAPP] Registered node 2 ran func id = 146 
 [xAPP] Registered node 2 ran func id = 148 
 [xApp]: E42 RIC SUBSCRIPTION REQUEST tx RAN_FUNC_ID 144 RIC_REQ_ID 3 
[xApp]: SUBSCRIPTION RESPONSE rx
[xApp]: Successfully subscribed to RAN_FUNC_ID 144 
112[UE 5 | RB 1] Throughput = 1.31541 Mbps | SE = 0.03447 bit/s/Hz
212[UE 5 | RB 1] Throughput = 1.19739 Mbps | SE = 0.03138 bit/s/Hz
322[UE 5 | RB 1] Throughput = 0.76524 Mbps | SE = 0.02005 bit/s/Hz
422[UE 5 | RB 1] Throughput = 1.31659 Mbps | SE = 0.03450 bit/s/Hz
522[UE 5 | RB 1] Throughput = 1.07820 Mbps | SE = 0.02825 bit/s/Hz
632[UE 5 | RB 1] Throughput = 0.87056 Mbps | SE = 0.02281 bit/s/Hz
742[UE 5 | RB 1] Throughput = 1.20059 Mbps | SE = 0.03146 bit/s/Hz
842[UE 5 | RB 1] Throughput = 0.71846 Mbps | SE = 0.01883 bit/s/Hz
942[UE 5 | RB 1] Throughput = 1.31544 Mbps | SE = 0.03447 bit/s/Hz
1042[UE 5 | RB 1] Throughput = 1.19749 Mbps | SE = 0.03138 bit/s/Hz
1152[UE 5 | RB 1] Throughput = 0.87346 Mbps | SE = 0.02289 bit/s/Hz
1262[UE 5 | RB 1] Throughput = 1.08760 Mbps | SE = 0.02850 bit/s/Hz
1362[UE 5 | RB 1] Throughput = 1.31627 Mbps | SE = 0.03449 bit/s/Hz
1472[UE 5 | RB 1] Throughput = 1.19997 Mbps | SE = 0.03145 bit/s/Hz
1582[UE 5 | RB 1] Throughput = 0.87324 Mbps | SE = 0.02288 bit/s/Hz
1692[UE 5 | RB 1] Throughput = 1.08750 Mbps | SE = 0.02850 bit/s/Hz
1801[UE 5 | RB 1] Throughput = 0.87525 Mbps | SE = 0.02294 bit/s/Hz
1902[UE 5 | RB 1] Throughput = 1.31633 Mbps | SE = 0.03450 bit/s/Hz
2002[UE 5 | RB 1] Throughput = 1.07856 Mbps | SE = 0.02826 bit/s/Hz
2102[UE 5 | RB 1] Throughput = 0.71758 Mbps | SE = 0.01880 bit/s/Hz
2212[UE 5 | RB 1] Throughput = 1.08848 Mbps | SE = 0.02852 bit/s/Hz
2312[UE 5 | RB 1] Throughput = 1.31778 Mbps | SE = 0.03453 bit/s/Hz
2422[UE 5 | RB 1] Throughput = 1.19923 Mbps | SE = 0.03143 bit/s/Hz
2532[UE 5 | RB 1] Throughput = 0.65357 Mbps | SE = 0.01713 bit/s/Hz
2632[UE 5 | RB 1] Throughput = 1.43541 Mbps | SE = 0.03762 bit/s/Hz
2742[UE 5 | RB 1] Throughput = 1.20104 Mbps | SE = 0.03147 bit/s/Hz
2852[UE 5 | RB 1] Throughput = 0.54381 Mbps | SE = 0.01425 bit/s/Hz
2962[UE 5 | RB 1] Throughput = 1.31170 Mbps | SE = 0.03437 bit/s/Hz
3062[UE 5 | RB 1] Throughput = 1.31570 Mbps | SE = 0.03448 bit/s/Hz
3172[UE 5 | RB 1] Throughput = 0.76024 Mbps | SE = 0.01992 bit/s/Hz
3272[UE 5 | RB 1] Throughput = 1.43621 Mbps | SE = 0.03764 bit/s/Hz
3382[UE 5 | RB 1] Throughput = 0.65687 Mbps | SE = 0.01721 bit/s/Hz
3482[UE 5 | RB 1] Throughput = 1.43352 Mbps | SE = 0.03757 bit/s/Hz
3592[UE 5 | RB 1] Throughput = 0.76288 Mbps | SE = 0.01999 bit/s/Hz
3692[UE 5 | RB 1] Throughput = 1.31707 Mbps | SE = 0.03451 bit/s/Hz
3802[UE 5 | RB 1] Throughput = 1.20157 Mbps | SE = 0.03149 bit/s/Hz
3902[UE 5 | RB 1] Throughput = 0.71887 Mbps | SE = 0.01884 bit/s/Hz
4002[UE 5 | RB 1] Throughput = 1.31540 Mbps | SE = 0.03447 bit/s/Hz
4112[UE 5 | RB 1] Throughput = 0.98421 Mbps | SE = 0.02579 bit/s/Hz
4222[UE 5 | RB 1] Throughput = 1.08995 Mbps | SE = 0.02856 bit/s/Hz
4322[UE 5 | RB 1] Throughput = 1.07636 Mbps | SE = 0.02821 bit/s/Hz
4432[UE 5 | RB 1] Throughput = 1.19638 Mbps | SE = 0.03135 bit/s/Hz
4542[UE 5 | RB 1] Throughput = 0.98001 Mbps | SE = 0.02568 bit/s/Hz
4652[UE 5 | RB 1] Throughput = 1.09009 Mbps | SE = 0.02857 bit/s/Hz
4752[UE 5 | RB 1] Throughput = 1.07809 Mbps | SE = 0.02825 bit/s/Hz
4862[UE 5 | RB 1] Throughput = 0.87317 Mbps | SE = 0.02288 bit/s/Hz
4962[UE 5 | RB 1] Throughput = 1.19836 Mbps | SE = 0.03140 bit/s/Hz
5072[UE 5 | RB 1] Throughput = 1.19818 Mbps | SE = 0.03140 bit/s/Hz
5182[UE 5 | RB 1] Throughput = 1.19889 Mbps | SE = 0.03142 bit/s/Hz
5292[UE 5 | RB 1] Throughput = 0.76148 Mbps | SE = 0.01996 bit/s/Hz
5392[UE 5 | RB 1] Throughput = 1.19678 Mbps | SE = 0.03136 bit/s/Hz
5502[UE 5 | RB 1] Throughput = 0.76586 Mbps | SE = 0.02007 bit/s/Hz
5612[UE 5 | RB 1] Throughput = 1.30393 Mbps | SE = 0.03417 bit/s/Hz
5722[UE 5 | RB 1] Throughput = 1.09214 Mbps | SE = 0.02862 bit/s/Hz
5832[UE 5 | RB 1] Throughput = 1.08908 Mbps | SE = 0.02854 bit/s/Hz
5932[UE 5 | RB 1] Throughput = 1.19515 Mbps | SE = 0.03132 bit/s/Hz
6032[UE 5 | RB 1] Throughput = 0.95567 Mbps | SE = 0.02504 bit/s/Hz
6142[UE 5 | RB 1] Throughput = 0.87461 Mbps | SE = 0.02292 bit/s/Hz
6252[UE 5 | RB 1] Throughput = 1.08790 Mbps | SE = 0.02851 bit/s/Hz
6352[UE 5 | RB 1] Throughput = 1.19777 Mbps | SE = 0.03139 bit/s/Hz
6462[UE 5 | RB 1] Throughput = 0.87314 Mbps | SE = 0.02288 bit/s/Hz
6572[UE 5 | RB 1] Throughput = 1.19742 Mbps | SE = 0.03138 bit/s/Hz
6672[UE 5 | RB 1] Throughput = 1.07836 Mbps | SE = 0.02826 bit/s/Hz
6782[UE 5 | RB 1] Throughput = 1.20039 Mbps | SE = 0.03146 bit/s/Hz
6892[UE 5 | RB 1] Throughput = 1.08801 Mbps | SE = 0.02851 bit/s/Hz
6992[UE 5 | RB 1] Throughput = 0.71705 Mbps | SE = 0.01879 bit/s/Hz
7102[UE 5 | RB 1] Throughput = 1.42325 Mbps | SE = 0.03730 bit/s/Hz
7202[UE 5 | RB 1] Throughput = 0.83764 Mbps | SE = 0.02195 bit/s/Hz
7302[UE 5 | RB 1] Throughput = 1.43487 Mbps | SE = 0.03760 bit/s/Hz
7412[UE 5 | RB 1] Throughput = 0.65384 Mbps | SE = 0.01713 bit/s/Hz
7522[UE 5 | RB 1] Throughput = 1.30997 Mbps | SE = 0.03433 bit/s/Hz
7622[UE 5 | RB 1] Throughput = 1.19829 Mbps | SE = 0.03140 bit/s/Hz
7722[UE 5 | RB 1] Throughput = 0.59849 Mbps | SE = 0.01568 bit/s/Hz
7832[UE 5 | RB 1] Throughput = 1.30794 Mbps | SE = 0.03428 bit/s/Hz
7932[UE 5 | RB 1] Throughput = 1.19638 Mbps | SE = 0.03135 bit/s/Hz
8042[UE 5 | RB 1] Throughput = 0.65336 Mbps | SE = 0.01712 bit/s/Hz
8152[UE 5 | RB 1] Throughput = 1.19930 Mbps | SE = 0.03143 bit/s/Hz
8262[UE 5 | RB 1] Throughput = 1.42050 Mbps | SE = 0.03722 bit/s/Hz
8362[UE 5 | RB 1] Throughput = 0.83787 Mbps | SE = 0.02196 bit/s/Hz
8462[UE 5 | RB 1] Throughput = 1.19565 Mbps | SE = 0.03133 bit/s/Hz
8572[UE 5 | RB 1] Throughput = 0.98210 Mbps | SE = 0.02574 bit/s/Hz
8682[UE 5 | RB 1] Throughput = 1.20004 Mbps | SE = 0.03145 bit/s/Hz
8782[UE 5 | RB 1] Throughput = 0.59754 Mbps | SE = 0.01566 bit/s/Hz
8882[UE 5 | RB 1] Throughput = 1.43796 Mbps | SE = 0.03768 bit/s/Hz
8992[UE 5 | RB 1] Throughput = 1.09244 Mbps | SE = 0.02863 bit/s/Hz
9092[UE 5 | RB 1] Throughput = 0.71874 Mbps | SE = 0.01883 bit/s/Hz
9192[UE 5 | RB 1] Throughput = 1.31717 Mbps | SE = 0.03452 bit/s/Hz
9292[UE 5 | RB 1] Throughput = 1.31652 Mbps | SE = 0.03450 bit/s/Hz
9402[UE 5 | RB 1] Throughput = 0.65406 Mbps | SE = 0.01714 bit/s/Hz
9512[UE 5 | RB 1] Throughput = 1.08912 Mbps | SE = 0.02854 bit/s/Hz
9612[UE 5 | RB 1] Throughput = 1.31585 Mbps | SE = 0.03448 bit/s/Hz
9722[UE 5 | RB 1] Throughput = 1.08934 Mbps | SE = 0.02855 bit/s/Hz
9832[UE 5 | RB 1] Throughput = 0.98193 Mbps | SE = 0.02573 bit/s/Hz
9932[UE 5 | RB 1] Throughput = 1.31727 Mbps | SE = 0.03452 bit/s/Hz
10042[UE 5 | RB 1] Throughput = 1.08964 Mbps | SE = 0.02855 bit/s/Hz
10142[UE 5 | RB 1] Throughput = 0.83739 Mbps | SE = 0.02194 bit/s/Hz
10242[UE 5 | RB 1] Throughput = 0.95794 Mbps | SE = 0.02510 bit/s/Hz
10342[UE 5 | RB 1] Throughput = 1.19774 Mbps | SE = 0.03139 bit/s/Hz
10443[UE 5 | RB 1] Throughput = 1.19720 Mbps | SE = 0.03137 bit/s/Hz
10552[UE 5 | RB 1] Throughput = 1.09295 Mbps | SE = 0.02864 bit/s/Hz
10662[UE 5 | RB 1] Throughput = 0.65320 Mbps | SE = 0.01712 bit/s/Hz
10762[UE 5 | RB 1] Throughput = 1.43716 Mbps | SE = 0.03766 bit/s/Hz
10862[UE 5 | RB 1] Throughput = 1.07855 Mbps | SE = 0.02826 bit/s/Hz
10972[UE 5 | RB 1] Throughput = 1.09374 Mbps | SE = 0.02866 bit/s/Hz
11072[UE 5 | RB 1] Throughput = 0.95716 Mbps | SE = 0.02508 bit/s/Hz
11172[UE 5 | RB 1] Throughput = 1.07802 Mbps | SE = 0.02825 bit/s/Hz
11282[UE 5 | RB 1] Throughput = 1.09017 Mbps | SE = 0.02857 bit/s/Hz
11392[UE 5 | RB 1] Throughput = 0.98213 Mbps | SE = 0.02574 bit/s/Hz
11492[UE 5 | RB 1] Throughput = 1.07571 Mbps | SE = 0.02819 bit/s/Hz
11592[UE 5 | RB 1] Throughput = 0.95837 Mbps | SE = 0.02511 bit/s/Hz
11702[UE 5 | RB 1] Throughput = 1.30603 Mbps | SE = 0.03423 bit/s/Hz
11812[UE 5 | RB 1] Throughput = 0.98318 Mbps | SE = 0.02576 bit/s/Hz
11912[UE 5 | RB 1] Throughput = 1.07797 Mbps | SE = 0.02825 bit/s/Hz
12012[UE 5 | RB 1] Throughput = 1.07803 Mbps | SE = 0.02825 bit/s/Hz
12122[UE 5 | RB 1] Throughput = 1.19874 Mbps | SE = 0.03141 bit/s/Hz
12232[UE 5 | RB 1] Throughput = 0.54537 Mbps | SE = 0.01429 bit/s/Hz
12342[UE 5 | RB 1] Throughput = 1.30731 Mbps | SE = 0.03426 bit/s/Hz
12442[UE 5 | RB 1] Throughput = 1.19689 Mbps | SE = 0.03137 bit/s/Hz
12542[UE 5 | RB 1] Throughput = 0.95811 Mbps | SE = 0.02511 bit/s/Hz
12642[UE 5 | RB 1] Throughput = 1.07799 Mbps | SE = 0.02825 bit/s/Hz
12742[UE 5 | RB 1] Throughput = 1.07839 Mbps | SE = 0.02826 bit/s/Hz
12852[UE 5 | RB 1] Throughput = 0.98079 Mbps | SE = 0.02570 bit/s/Hz
12953[UE 5 | RB 1] Throughput = 1.07109 Mbps | SE = 0.02807 bit/s/Hz
13062[UE 5 | RB 1] Throughput = 1.31563 Mbps | SE = 0.03448 bit/s/Hz
13172[UE 5 | RB 1] Throughput = 0.87055 Mbps | SE = 0.02281 bit/s/Hz
13282[UE 5 | RB 1] Throughput = 1.20270 Mbps | SE = 0.03152 bit/s/Hz
13392[UE 5 | RB 1] Throughput = 1.08910 Mbps | SE = 0.02854 bit/s/Hz
13492[UE 5 | RB 1] Throughput = 1.07626 Mbps | SE = 0.02820 bit/s/Hz
13592[UE 5 | RB 1] Throughput = 1.07772 Mbps | SE = 0.02824 bit/s/Hz
13702[UE 5 | RB 1] Throughput = 0.98015 Mbps | SE = 0.02569 bit/s/Hz
13812[UE 5 | RB 1] Throughput = 1.08984 Mbps | SE = 0.02856 bit/s/Hz
13922[UE 5 | RB 1] Throughput = 1.08956 Mbps | SE = 0.02855 bit/s/Hz
14022[UE 5 | RB 1] Throughput = 1.07796 Mbps | SE = 0.02825 bit/s/Hz
14132[UE 5 | RB 1] Throughput = 0.98146 Mbps | SE = 0.02572 bit/s/Hz
14242[UE 5 | RB 1] Throughput = 1.08836 Mbps | SE = 0.02852 bit/s/Hz
14342[UE 5 | RB 1] Throughput = 1.19821 Mbps | SE = 0.03140 bit/s/Hz
14452[UE 5 | RB 1] Throughput = 1.09358 Mbps | SE = 0.02866 bit/s/Hz
14552[UE 5 | RB 1] Throughput = 1.19634 Mbps | SE = 0.03135 bit/s/Hz
14652[UE 5 | RB 1] Throughput = 0.71837 Mbps | SE = 0.01883 bit/s/Hz
14762[UE 5 | RB 1] Throughput = 1.41344 Mbps | SE = 0.03704 bit/s/Hz
14872[UE 5 | RB 1] Throughput = 0.65479 Mbps | SE = 0.01716 bit/s/Hz
14982[UE 5 | RB 1] Throughput = 1.30758 Mbps | SE = 0.03427 bit/s/Hz
15082[UE 5 | RB 1] Throughput = 0.95746 Mbps | SE = 0.02509 bit/s/Hz
15192[UE 5 | RB 1] Throughput = 1.09228 Mbps | SE = 0.02862 bit/s/Hz
15292[UE 5 | RB 1] Throughput = 1.19659 Mbps | SE = 0.03136 bit/s/Hz
15392[UE 5 | RB 1] Throughput = 0.83825 Mbps | SE = 0.02197 bit/s/Hz
15493[UE 5 | RB 1] Throughput = 1.06787 Mbps | SE = 0.02798 bit/s/Hz
15602[UE 5 | RB 1] Throughput = 1.21376 Mbps | SE = 0.03181 bit/s/Hz
15702[UE 5 | RB 1] Throughput = 0.83844 Mbps | SE = 0.02197 bit/s/Hz
15802[UE 5 | RB 1] Throughput = 1.19405 Mbps | SE = 0.03129 bit/s/Hz
15912[UE 5 | RB 1] Throughput = 1.30935 Mbps | SE = 0.03431 bit/s/Hz
16022[UE 5 | RB 1] Throughput = 0.87090 Mbps | SE = 0.02282 bit/s/Hz
16132[UE 5 | RB 1] Throughput = 0.87258 Mbps | SE = 0.02287 bit/s/Hz
16242[UE 5 | RB 1] Throughput = 1.19575 Mbps | SE = 0.03134 bit/s/Hz
16352[UE 5 | RB 1] Throughput = 1.08992 Mbps | SE = 0.02856 bit/s/Hz
16462[UE 5 | RB 1] Throughput = 0.98219 Mbps | SE = 0.02574 bit/s/Hz
16562[UE 5 | RB 1] Throughput = 1.43381 Mbps | SE = 0.03757 bit/s/Hz
16663[UE 5 | RB 1] Throughput = 0.95100 Mbps | SE = 0.02492 bit/s/Hz
16772[UE 5 | RB 1] Throughput = 0.88092 Mbps | SE = 0.02308 bit/s/Hz
16882[UE 5 | RB 1] Throughput = 1.19866 Mbps | SE = 0.03141 bit/s/Hz
16992[UE 5 | RB 1] Throughput = 1.09095 Mbps | SE = 0.02859 bit/s/Hz
17092[UE 5 | RB 1] Throughput = 0.59732 Mbps | SE = 0.01565 bit/s/Hz
17192[UE 5 | RB 1] Throughput = 1.43679 Mbps | SE = 0.03765 bit/s/Hz
17302[UE 5 | RB 1] Throughput = 1.19952 Mbps | SE = 0.03143 bit/s/Hz
17402[UE 5 | RB 1] Throughput = 1.19577 Mbps | SE = 0.03134 bit/s/Hz
17512[UE 5 | RB 1] Throughput = 0.76556 Mbps | SE = 0.02006 bit/s/Hz
17612[UE 5 | RB 1] Throughput = 1.07599 Mbps | SE = 0.02820 bit/s/Hz
17722[UE 5 | RB 1] Throughput = 1.09059 Mbps | SE = 0.02858 bit/s/Hz
17822[UE 5 | RB 1] Throughput = 1.31407 Mbps | SE = 0.03444 bit/s/Hz
17932[UE 5 | RB 1] Throughput = 1.09128 Mbps | SE = 0.02860 bit/s/Hz
18032[UE 5 | RB 1] Throughput = 1.07546 Mbps | SE = 0.02818 bit/s/Hz
18142[UE 5 | RB 1] Throughput = 1.09115 Mbps | SE = 0.02859 bit/s/Hz
18252[UE 5 | RB 1] Throughput = 0.98417 Mbps | SE = 0.02579 bit/s/Hz
18352[UE 5 | RB 1] Throughput = 0.59793 Mbps | SE = 0.01567 bit/s/Hz
18452[UE 5 | RB 1] Throughput = 1.31674 Mbps | SE = 0.03451 bit/s/Hz
18552[UE 5 | RB 1] Throughput = 1.31675 Mbps | SE = 0.03451 bit/s/Hz
18662[UE 5 | RB 1] Throughput = 0.98363 Mbps | SE = 0.02578 bit/s/Hz
18762[UE 5 | RB 1] Throughput = 1.07435 Mbps | SE = 0.02815 bit/s/Hz
18862[UE 5 | RB 1] Throughput = 0.95862 Mbps | SE = 0.02512 bit/s/Hz
18972[UE 5 | RB 1] Throughput = 0.98216 Mbps | SE = 0.02574 bit/s/Hz
19082[UE 5 | RB 1] Throughput = 1.31031 Mbps | SE = 0.03434 bit/s/Hz
19182[UE 5 | RB 1] Throughput = 0.83761 Mbps | SE = 0.02195 bit/s/Hz
19292[UE 5 | RB 1] Throughput = 1.20141 Mbps | SE = 0.03148 bit/s/Hz
19392[UE 5 | RB 1] Throughput = 1.07809 Mbps | SE = 0.02825 bit/s/Hz
19492[UE 5 | RB 1] Throughput = 1.19803 Mbps | SE = 0.03139 bit/s/Hz
19592[UE 5 | RB 1] Throughput = 0.83656 Mbps | SE = 0.02192 bit/s/Hz
19692[UE 5 | RB 1] Throughput = 1.19840 Mbps | SE = 0.03140 bit/s/Hz
19792[UE 5 | RB 1] Throughput = 0.71898 Mbps | SE = 0.01884 bit/s/Hz
19902[UE 5 | RB 1] Throughput = 1.19885 Mbps | SE = 0.03142 bit/s/Hz
20012[UE 5 | RB 1] Throughput = 1.19810 Mbps | SE = 0.03140 bit/s/Hz
20122[UE 5 | RB 1] Throughput = 0.98055 Mbps | SE = 0.02570 bit/s/Hz
20222[UE 5 | RB 1] Throughput = 1.31758 Mbps | SE = 0.03453 bit/s/Hz
20332[UE 5 | RB 1] Throughput = 1.08910 Mbps | SE = 0.02854 bit/s/Hz
20442[UE 5 | RB 1] Throughput = 0.65341 Mbps | SE = 0.01712 bit/s/Hz
20552[UE 5 | RB 1] Throughput = 1.41931 Mbps | SE = 0.03719 bit/s/Hz
20652[UE 5 | RB 1] Throughput = 1.07776 Mbps | SE = 0.02824 bit/s/Hz
20762[UE 5 | RB 1] Throughput = 0.98100 Mbps | SE = 0.02571 bit/s/Hz
20862[UE 5 | RB 1] Throughput = 1.07798 Mbps | SE = 0.02825 bit/s/Hz
20962[UE 5 | RB 1] Throughput = 1.07746 Mbps | SE = 0.02824 bit/s/Hz
21062[UE 5 | RB 1] Throughput = 0.59855 Mbps | SE = 0.01569 bit/s/Hz
21162[UE 5 | RB 1] Throughput = 1.31796 Mbps | SE = 0.03454 bit/s/Hz
21272[UE 5 | RB 1] Throughput = 1.09024 Mbps | SE = 0.02857 bit/s/Hz
21382[UE 5 | RB 1] Throughput = 1.08937 Mbps | SE = 0.02855 bit/s/Hz
21482[UE 5 | RB 1] Throughput = 1.31719 Mbps | SE = 0.03452 bit/s/Hz
21592[UE 5 | RB 1] Throughput = 1.09122 Mbps | SE = 0.02860 bit/s/Hz
21702[UE 5 | RB 1] Throughput = 0.97939 Mbps | SE = 0.02567 bit/s/Hz
21812[UE 5 | RB 1] Throughput = 0.87282 Mbps | SE = 0.02287 bit/s/Hz
21912[UE 5 | RB 1] Throughput = 1.19810 Mbps | SE = 0.03140 bit/s/Hz
22012[UE 5 | RB 1] Throughput = 1.31694 Mbps | SE = 0.03451 bit/s/Hz
22122[UE 5 | RB 1] Throughput = 0.98246 Mbps | SE = 0.02575 bit/s/Hz
22222[UE 5 | RB 1] Throughput = 0.95818 Mbps | SE = 0.02511 bit/s/Hz
22332[UE 5 | RB 1] Throughput = 1.09124 Mbps | SE = 0.02860 bit/s/Hz
22432[UE 5 | RB 1] Throughput = 1.07619 Mbps | SE = 0.02820 bit/s/Hz
22532[UE 5 | RB 1] Throughput = 1.07755 Mbps | SE = 0.02824 bit/s/Hz
22642[UE 5 | RB 1] Throughput = 0.97938 Mbps | SE = 0.02567 bit/s/Hz
22752[UE 5 | RB 1] Throughput = 1.09173 Mbps | SE = 0.02861 bit/s/Hz
22852[UE 5 | RB 1] Throughput = 1.07837 Mbps | SE = 0.02826 bit/s/Hz
22962[UE 5 | RB 1] Throughput = 1.08954 Mbps | SE = 0.02855 bit/s/Hz
23072[UE 5 | RB 1] Throughput = 1.19854 Mbps | SE = 0.03141 bit/s/Hz
23182[UE 5 | RB 1] Throughput = 1.19725 Mbps | SE = 0.03137 bit/s/Hz
23282[UE 5 | RB 1] Throughput = 0.59841 Mbps | SE = 0.01568 bit/s/Hz
23392[UE 5 | RB 1] Throughput = 1.09008 Mbps | SE = 0.02857 bit/s/Hz
23502[UE 5 | RB 1] Throughput = 1.20013 Mbps | SE = 0.03145 bit/s/Hz
23612[UE 5 | RB 1] Throughput = 1.09023 Mbps | SE = 0.02857 bit/s/Hz
23722[UE 5 | RB 1] Throughput = 1.08734 Mbps | SE = 0.02849 bit/s/Hz
23832[UE 5 | RB 1] Throughput = 0.87232 Mbps | SE = 0.02286 bit/s/Hz
23932[UE 5 | RB 1] Throughput = 1.31694 Mbps | SE = 0.03451 bit/s/Hz
24033[UE 5 | RB 1] Throughput = 1.19422 Mbps | SE = 0.03130 bit/s/Hz
24142[UE 5 | RB 1] Throughput = 0.87295 Mbps | SE = 0.02288 bit/s/Hz
24252[UE 5 | RB 1] Throughput = 0.76392 Mbps | SE = 0.02002 bit/s/Hz
24362[UE 5 | RB 1] Throughput = 1.41739 Mbps | SE = 0.03714 bit/s/Hz
24462[UE 5 | RB 1] Throughput = 0.95770 Mbps | SE = 0.02510 bit/s/Hz
24572[UE 5 | RB 1] Throughput = 1.19823 Mbps | SE = 0.03140 bit/s/Hz
24682[UE 5 | RB 1] Throughput = 1.09184 Mbps | SE = 0.02861 bit/s/Hz
24782[UE 5 | RB 1] Throughput = 1.07707 Mbps | SE = 0.02823 bit/s/Hz
24882[UE 5 | RB 1] Throughput = 0.83807 Mbps | SE = 0.02196 bit/s/Hz
24992[UE 5 | RB 1] Throughput = 1.20114 Mbps | SE = 0.03148 bit/s/Hz
25092[UE 5 | RB 1] Throughput = 0.83711 Mbps | SE = 0.02194 bit/s/Hz
25202[UE 5 | RB 1] Throughput = 1.19912 Mbps | SE = 0.03142 bit/s/Hz
25312[UE 5 | RB 1] Throughput = 1.09060 Mbps | SE = 0.02858 bit/s/Hz
25412[UE 5 | RB 1] Throughput = 1.07541 Mbps | SE = 0.02818 bit/s/Hz
25522[UE 5 | RB 1] Throughput = 1.31042 Mbps | SE = 0.03434 bit/s/Hz
25622[UE 5 | RB 1] Throughput = 0.71882 Mbps | SE = 0.01884 bit/s/Hz
25722[UE 5 | RB 1] Throughput = 1.19671 Mbps | SE = 0.03136 bit/s/Hz
25832[UE 5 | RB 1] Throughput = 1.08924 Mbps | SE = 0.02854 bit/s/Hz
25932[UE 5 | RB 1] Throughput = 1.07824 Mbps | SE = 0.02826 bit/s/Hz
26042[UE 5 | RB 1] Throughput = 0.98221 Mbps | SE = 0.02574 bit/s/Hz
26142[UE 5 | RB 1] Throughput = 1.19832 Mbps | SE = 0.03140 bit/s/Hz
26252[UE 5 | RB 1] Throughput = 1.09086 Mbps | SE = 0.02859 bit/s/Hz
26352[UE 5 | RB 1] Throughput = 0.59829 Mbps | SE = 0.01568 bit/s/Hz
26453[UE 5 | RB 1] Throughput = 1.31250 Mbps | SE = 0.03439 bit/s/Hz
26562[UE 5 | RB 1] Throughput = 1.09029 Mbps | SE = 0.02857 bit/s/Hz
26672[UE 5 | RB 1] Throughput = 1.09131 Mbps | SE = 0.02860 bit/s/Hz
26782[UE 5 | RB 1] Throughput = 1.20028 Mbps | SE = 0.03145 bit/s/Hz
26892[UE 5 | RB 1] Throughput = 1.19668 Mbps | SE = 0.03136 bit/s/Hz
27002[UE 5 | RB 1] Throughput = 1.08995 Mbps | SE = 0.02856 bit/s/Hz
27112[UE 5 | RB 1] Throughput = 0.86980 Mbps | SE = 0.02279 bit/s/Hz
27213[UE 5 | RB 1] Throughput = 1.19539 Mbps | SE = 0.03133 bit/s/Hz
27322[UE 5 | RB 1] Throughput = 0.76756 Mbps | SE = 0.02011 bit/s/Hz
27422[UE 5 | RB 1] Throughput = 1.43643 Mbps | SE = 0.03764 bit/s/Hz
27522[UE 5 | RB 1] Throughput = 0.95789 Mbps | SE = 0.02510 bit/s/Hz
27632[UE 5 | RB 1] Throughput = 1.08851 Mbps | SE = 0.02853 bit/s/Hz
27732[UE 5 | RB 1] Throughput = 1.07811 Mbps | SE = 0.02825 bit/s/Hz
27832[UE 5 | RB 1] Throughput = 0.95832 Mbps | SE = 0.02511 bit/s/Hz
27933[UE 5 | RB 1] Throughput = 1.07670 Mbps | SE = 0.02822 bit/s/Hz
28042[UE 5 | RB 1] Throughput = 1.09571 Mbps | SE = 0.02871 bit/s/Hz
28142[UE 5 | RB 1] Throughput = 1.07488 Mbps | SE = 0.02817 bit/s/Hz
28243[UE 5 | RB 1] Throughput = 0.95257 Mbps | SE = 0.02496 bit/s/Hz
28352[UE 5 | RB 1] Throughput = 1.31398 Mbps | SE = 0.03443 bit/s/Hz
28462[UE 5 | RB 1] Throughput = 1.09006 Mbps | SE = 0.02857 bit/s/Hz
28572[UE 5 | RB 1] Throughput = 0.98056 Mbps | SE = 0.02570 bit/s/Hz
28682[UE 5 | RB 1] Throughput = 0.87286 Mbps | SE = 0.02287 bit/s/Hz
28782[UE 5 | RB 1] Throughput = 1.31759 Mbps | SE = 0.03453 bit/s/Hz
28882[UE 5 | RB 1] Throughput = 1.19707 Mbps | SE = 0.03137 bit/s/Hz
28992[UE 5 | RB 1] Throughput = 0.54550 Mbps | SE = 0.01429 bit/s/Hz
29092[UE 5 | RB 1] Throughput = 1.19750 Mbps | SE = 0.03138 bit/s/Hz
29192[UE 5 | RB 1] Throughput = 1.19639 Mbps | SE = 0.03135 bit/s/Hz
29302[UE 5 | RB 1] Throughput = 0.98021 Mbps | SE = 0.02569 bit/s/Hz
29412[UE 5 | RB 1] Throughput = 0.98249 Mbps | SE = 0.02575 bit/s/Hz
29512[UE 5 | RB 1] Throughput = 1.31619 Mbps | SE = 0.03449 bit/s/Hz
29613[UE 5 | RB 1] Throughput = 1.19297 Mbps | SE = 0.03126 bit/s/Hz
29723[UE 5 | RB 1] Throughput = 1.09236 Mbps | SE = 0.02863 bit/s/Hz
29832[UE 5 | RB 1] Throughput = 0.76298 Mbps | SE = 0.01999 bit/s/Hz
29942[UE 5 | RB 1] Throughput = 1.30898 Mbps | SE = 0.03430 bit/s/Hz
30052[UE 5 | RB 1] Throughput = 0.98342 Mbps | SE = 0.02577 bit/s/Hz
30152[UE 5 | RB 1] Throughput = 1.07582 Mbps | SE = 0.02819 bit/s/Hz
30262[UE 5 | RB 1] Throughput = 0.87045 Mbps | SE = 0.02281 bit/s/Hz
30372[UE 5 | RB 1] Throughput = 1.19951 Mbps | SE = 0.03143 bit/s/Hz
30482[UE 5 | RB 1] Throughput = 1.30887 Mbps | SE = 0.03430 bit/s/Hz
30592[UE 5 | RB 1] Throughput = 1.09040 Mbps | SE = 0.02857 bit/s/Hz
30692[UE 5 | RB 1] Throughput = 0.95785 Mbps | SE = 0.02510 bit/s/Hz
30802[UE 5 | RB 1] Throughput = 0.98014 Mbps | SE = 0.02569 bit/s/Hz
30912[UE 5 | RB 1] Throughput = 0.98090 Mbps | SE = 0.02570 bit/s/Hz
31022[UE 5 | RB 1] Throughput = 1.19937 Mbps | SE = 0.03143 bit/s/Hz
31122[UE 5 | RB 1] Throughput = 0.95594 Mbps | SE = 0.02505 bit/s/Hz
31232[UE 5 | RB 1] Throughput = 1.30843 Mbps | SE = 0.03429 bit/s/Hz
31342[UE 5 | RB 1] Throughput = 0.87156 Mbps | SE = 0.02284 bit/s/Hz
31452[UE 5 | RB 1] Throughput = 0.87223 Mbps | SE = 0.02286 bit/s/Hz
31552[UE 5 | RB 1] Throughput = 1.31734 Mbps | SE = 0.03452 bit/s/Hz
31652[UE 5 | RB 1] Throughput = 0.95793 Mbps | SE = 0.02510 bit/s/Hz
31753[UE 5 | RB 1] Throughput = 1.07633 Mbps | SE = 0.02821 bit/s/Hz
31862[UE 5 | RB 1] Throughput = 1.09009 Mbps | SE = 0.02857 bit/s/Hz
31972[UE 5 | RB 1] Throughput = 1.30902 Mbps | SE = 0.03430 bit/s/Hz
32072[UE 5 | RB 1] Throughput = 0.71896 Mbps | SE = 0.01884 bit/s/Hz
32173[UE 5 | RB 1] Throughput = 1.43308 Mbps | SE = 0.03755 bit/s/Hz
32273[UE 5 | RB 1] Throughput = 0.59880 Mbps | SE = 0.01569 bit/s/Hz
32374[UE 5 | RB 1] Throughput = 1.42314 Mbps | SE = 0.03729 bit/s/Hz
32482[UE 5 | RB 1] Throughput = 1.10429 Mbps | SE = 0.02894 bit/s/Hz
32582[UE 5 | RB 1] Throughput = 1.07783 Mbps | SE = 0.02824 bit/s/Hz
32692[UE 5 | RB 1] Throughput = 0.98095 Mbps | SE = 0.02571 bit/s/Hz
32792[UE 5 | RB 1] Throughput = 1.07772 Mbps | SE = 0.02824 bit/s/Hz
32892[UE 5 | RB 1] Throughput = 0.95841 Mbps | SE = 0.02512 bit/s/Hz
33002[UE 5 | RB 1] Throughput = 1.31128 Mbps | SE = 0.03436 bit/s/Hz
33102[UE 5 | RB 1] Throughput = 0.95639 Mbps | SE = 0.02506 bit/s/Hz
33202[UE 5 | RB 1] Throughput = 0.95806 Mbps | SE = 0.02511 bit/s/Hz
33303[UE 5 | RB 1] Throughput = 1.07731 Mbps | SE = 0.02823 bit/s/Hz
33412[UE 5 | RB 1] Throughput = 0.87505 Mbps | SE = 0.02293 bit/s/Hz
33512[UE 5 | RB 1] Throughput = 1.19577 Mbps | SE = 0.03134 bit/s/Hz
33613[UE 5 | RB 1] Throughput = 1.19615 Mbps | SE = 0.03135 bit/s/Hz
33722[UE 5 | RB 1] Throughput = 1.09396 Mbps | SE = 0.02867 bit/s/Hz
33822[UE 5 | RB 1] Throughput = 0.83755 Mbps | SE = 0.02195 bit/s/Hz
33932[UE 5 | RB 1] Throughput = 1.41749 Mbps | SE = 0.03715 bit/s/Hz
34033[UE 5 | RB 1] Throughput = 0.95452 Mbps | SE = 0.02501 bit/s/Hz
34142[UE 5 | RB 1] Throughput = 1.09269 Mbps | SE = 0.02863 bit/s/Hz
34252[UE 5 | RB 1] Throughput = 0.87167 Mbps | SE = 0.02284 bit/s/Hz
34362[UE 5 | RB 1] Throughput = 1.08841 Mbps | SE = 0.02852 bit/s/Hz
34472[UE 5 | RB 1] Throughput = 0.98189 Mbps | SE = 0.02573 bit/s/Hz
34572[UE 5 | RB 1] Throughput = 1.31781 Mbps | SE = 0.03453 bit/s/Hz
34672[UE 5 | RB 1] Throughput = 1.07733 Mbps | SE = 0.02823 bit/s/Hz
34782[UE 5 | RB 1] Throughput = 0.98336 Mbps | SE = 0.02577 bit/s/Hz
34882[UE 5 | RB 1] Throughput = 1.07682 Mbps | SE = 0.02822 bit/s/Hz
34982[UE 5 | RB 1] Throughput = 1.07711 Mbps | SE = 0.02823 bit/s/Hz
35082[UE 5 | RB 1] Throughput = 1.19629 Mbps | SE = 0.03135 bit/s/Hz
35194[UE 5 | RB 1] Throughput = 1.07355 Mbps | SE = 0.02813 bit/s/Hz
35302[UE 5 | RB 1] Throughput = 0.77536 Mbps | SE = 0.02032 bit/s/Hz
35402[UE 5 | RB 1] Throughput = 1.31765 Mbps | SE = 0.03453 bit/s/Hz
35502[UE 5 | RB 1] Throughput = 0.83828 Mbps | SE = 0.02197 bit/s/Hz
35612[UE 5 | RB 1] Throughput = 1.19854 Mbps | SE = 0.03141 bit/s/Hz
35712[UE 5 | RB 1] Throughput = 1.31802 Mbps | SE = 0.03454 bit/s/Hz
35822[UE 5 | RB 1] Throughput = 0.87480 Mbps | SE = 0.02292 bit/s/Hz
35922[UE 5 | RB 1] Throughput = 1.19774 Mbps | SE = 0.03139 bit/s/Hz
36022[UE 5 | RB 1] Throughput = 0.59901 Mbps | SE = 0.01570 bit/s/Hz
36122[UE 5 | RB 1] Throughput = 1.19821 Mbps | SE = 0.03140 bit/s/Hz
36222[UE 5 | RB 1] Throughput = 1.31733 Mbps | SE = 0.03452 bit/s/Hz
36332[UE 5 | RB 1] Throughput = 0.86969 Mbps | SE = 0.02279 bit/s/Hz
36442[UE 5 | RB 1] Throughput = 1.41944 Mbps | SE = 0.03720 bit/s/Hz
36542[UE 5 | RB 1] Throughput = 0.71801 Mbps | SE = 0.01882 bit/s/Hz
36652[UE 5 | RB 1] Throughput = 1.09167 Mbps | SE = 0.02861 bit/s/Hz
36752[UE 5 | RB 1] Throughput = 1.19729 Mbps | SE = 0.03138 bit/s/Hz
36852[UE 5 | RB 1] Throughput = 1.07755 Mbps | SE = 0.02824 bit/s/Hz
36952[UE 5 | RB 1] Throughput = 0.71880 Mbps | SE = 0.01884 bit/s/Hz
37062[UE 5 | RB 1] Throughput = 1.20147 Mbps | SE = 0.03149 bit/s/Hz
37162[UE 5 | RB 1] Throughput = 1.07592 Mbps | SE = 0.02820 bit/s/Hz
37272[UE 5 | RB 1] Throughput = 1.08786 Mbps | SE = 0.02851 bit/s/Hz
37373[UE 5 | RB 1] Throughput = 1.19659 Mbps | SE = 0.03136 bit/s/Hz
37482[UE 5 | RB 1] Throughput = 1.09189 Mbps | SE = 0.02861 bit/s/Hz
37592[UE 5 | RB 1] Throughput = 1.08963 Mbps | SE = 0.02855 bit/s/Hz
37692[UE 5 | RB 1] Throughput = 1.07748 Mbps | SE = 0.02824 bit/s/Hz
37792[UE 5 | RB 1] Throughput = 0.95833 Mbps | SE = 0.02511 bit/s/Hz
37902[UE 5 | RB 1] Throughput = 0.98209 Mbps | SE = 0.02574 bit/s/Hz
38012[UE 5 | RB 1] Throughput = 1.08886 Mbps | SE = 0.02853 bit/s/Hz
38112[UE 5 | RB 1] Throughput = 1.31799 Mbps | SE = 0.03454 bit/s/Hz
38222[UE 5 | RB 1] Throughput = 1.09005 Mbps | SE = 0.02857 bit/s/Hz
38322[UE 5 | RB 1] Throughput = 0.95860 Mbps | SE = 0.02512 bit/s/Hz
38432[UE 5 | RB 1] Throughput = 0.87188 Mbps | SE = 0.02285 bit/s/Hz
38532[UE 5 | RB 1] Throughput = 1.19626 Mbps | SE = 0.03135 bit/s/Hz
38642[UE 5 | RB 1] Throughput = 1.30756 Mbps | SE = 0.03427 bit/s/Hz
38742[UE 5 | RB 1] Throughput = 0.59915 Mbps | SE = 0.01570 bit/s/Hz
38843[UE 5 | RB 1] Throughput = 1.31777 Mbps | SE = 0.03453 bit/s/Hz
38943[UE 5 | RB 1] Throughput = 1.19838 Mbps | SE = 0.03140 bit/s/Hz
39043[UE 5 | RB 1] Throughput = 0.83806 Mbps | SE = 0.02196 bit/s/Hz
39152[UE 5 | RB 1] Throughput = 0.98235 Mbps | SE = 0.02574 bit/s/Hz
39262[UE 5 | RB 1] Throughput = 1.30654 Mbps | SE = 0.03424 bit/s/Hz
39363[UE 5 | RB 1] Throughput = 0.95841 Mbps | SE = 0.02512 bit/s/Hz
39472[UE 5 | RB 1] Throughput = 1.09188 Mbps | SE = 0.02861 bit/s/Hz
39572[UE 5 | RB 1] Throughput = 1.07802 Mbps | SE = 0.02825 bit/s/Hz
39673[UE 5 | RB 1] Throughput = 0.83716 Mbps | SE = 0.02194 bit/s/Hz
39783[UE 5 | RB 1] Throughput = 1.19733 Mbps | SE = 0.03138 bit/s/Hz
39893[UE 5 | RB 1] Throughput = 1.19879 Mbps | SE = 0.03141 bit/s/Hz
40002[UE 5 | RB 1] Throughput = 0.87307 Mbps | SE = 0.02288 bit/s/Hz
40102[UE 5 | RB 1] Throughput = 1.31804 Mbps | SE = 0.03454 bit/s/Hz
40203[UE 5 | RB 1] Throughput = 0.95770 Mbps | SE = 0.02510 bit/s/Hz
40312[UE 5 | RB 1] Throughput = 1.09113 Mbps | SE = 0.02859 bit/s/Hz
40412[UE 5 | RB 1] Throughput = 1.07763 Mbps | SE = 0.02824 bit/s/Hz
40512[UE 5 | RB 1] Throughput = 1.19832 Mbps | SE = 0.03140 bit/s/Hz
40613[UE 5 | RB 1] Throughput = 0.71841 Mbps | SE = 0.01883 bit/s/Hz
40722[UE 5 | RB 1] Throughput = 1.09105 Mbps | SE = 0.02859 bit/s/Hz
40822[UE 5 | RB 1] Throughput = 1.31767 Mbps | SE = 0.03453 bit/s/Hz
40933[UE 5 | RB 1] Throughput = 0.97919 Mbps | SE = 0.02566 bit/s/Hz
41033[UE 5 | RB 1] Throughput = 1.19753 Mbps | SE = 0.03138 bit/s/Hz
41142[UE 5 | RB 1] Throughput = 1.20078 Mbps | SE = 0.03147 bit/s/Hz
41242[UE 5 | RB 1] Throughput = 0.71891 Mbps | SE = 0.01884 bit/s/Hz
41342[UE 5 | RB 1] Throughput = 1.19769 Mbps | SE = 0.03139 bit/s/Hz
41452[UE 5 | RB 1] Throughput = 1.19952 Mbps | SE = 0.03143 bit/s/Hz
41553[UE 5 | RB 1] Throughput = 0.71779 Mbps | SE = 0.01881 bit/s/Hz
41653[UE 5 | RB 1] Throughput = 1.31800 Mbps | SE = 0.03454 bit/s/Hz
41762[UE 5 | RB 1] Throughput = 1.09104 Mbps | SE = 0.02859 bit/s/Hz
41863[UE 5 | RB 1] Throughput = 0.71808 Mbps | SE = 0.01882 bit/s/Hz
41973[UE 5 | RB 1] Throughput = 1.30649 Mbps | SE = 0.03424 bit/s/Hz
42082[UE 5 | RB 1] Throughput = 1.20042 Mbps | SE = 0.03146 bit/s/Hz
42193[UE 5 | RB 1] Throughput = 0.65326 Mbps | SE = 0.01712 bit/s/Hz
42302[UE 5 | RB 1] Throughput = 1.41994 Mbps | SE = 0.03721 bit/s/Hz
42402[UE 5 | RB 1] Throughput = 0.95801 Mbps | SE = 0.02511 bit/s/Hz
42512[UE 5 | RB 1] Throughput = 1.30681 Mbps | SE = 0.03425 bit/s/Hz
42622[UE 5 | RB 1] Throughput = 0.54435 Mbps | SE = 0.01426 bit/s/Hz
42732[UE 5 | RB 1] Throughput = 1.30792 Mbps | SE = 0.03427 bit/s/Hz
42842[UE 5 | RB 1] Throughput = 1.08891 Mbps | SE = 0.02854 bit/s/Hz
42952[UE 5 | RB 1] Throughput = 1.19770 Mbps | SE = 0.03139 bit/s/Hz
43063[UE 5 | RB 1] Throughput = 0.97718 Mbps | SE = 0.02561 bit/s/Hz
43163[UE 5 | RB 1] Throughput = 1.19773 Mbps | SE = 0.03139 bit/s/Hz
43273[UE 5 | RB 1] Throughput = 1.09364 Mbps | SE = 0.02866 bit/s/Hz
43382[UE 5 | RB 1] Throughput = 0.76334 Mbps | SE = 0.02000 bit/s/Hz
43485[UE 5 | RB 1] Throughput = 1.40816 Mbps | SE = 0.03690 bit/s/Hz
43593[UE 5 | RB 1] Throughput = 0.88722 Mbps | SE = 0.02325 bit/s/Hz
43693[UE 5 | RB 1] Throughput = 1.07814 Mbps | SE = 0.02825 bit/s/Hz
43803[UE 5 | RB 1] Throughput = 1.09038 Mbps | SE = 0.02857 bit/s/Hz
43912[UE 5 | RB 1] Throughput = 1.09078 Mbps | SE = 0.02858 bit/s/Hz
44013[UE 5 | RB 1] Throughput = 0.95520 Mbps | SE = 0.02503 bit/s/Hz
44122[UE 5 | RB 1] Throughput = 1.42232 Mbps | SE = 0.03727 bit/s/Hz
44232[UE 5 | RB 1] Throughput = 0.65471 Mbps | SE = 0.01716 bit/s/Hz
44332[UE 5 | RB 1] Throughput = 1.07485 Mbps | SE = 0.02817 bit/s/Hz
44442[UE 5 | RB 1] Throughput = 1.19986 Mbps | SE = 0.03144 bit/s/Hz
44552[UE 5 | RB 1] Throughput = 1.30742 Mbps | SE = 0.03426 bit/s/Hz
44653[UE 5 | RB 1] Throughput = 0.59791 Mbps | SE = 0.01567 bit/s/Hz
44762[UE 5 | RB 1] Throughput = 1.09154 Mbps | SE = 0.02860 bit/s/Hz
44862[UE 5 | RB 1] Throughput = 1.19686 Mbps | SE = 0.03136 bit/s/Hz
44963[UE 5 | RB 1] Throughput = 0.95749 Mbps | SE = 0.02509 bit/s/Hz
45073[UE 5 | RB 1] Throughput = 1.09027 Mbps | SE = 0.02857 bit/s/Hz
45183[UE 5 | RB 1] Throughput = 1.08875 Mbps | SE = 0.02853 bit/s/Hz
45292[UE 5 | RB 1] Throughput = 1.19968 Mbps | SE = 0.03144 bit/s/Hz
45402[UE 5 | RB 1] Throughput = 0.98154 Mbps | SE = 0.02572 bit/s/Hz
45512[UE 5 | RB 1] Throughput = 0.98118 Mbps | SE = 0.02571 bit/s/Hz
45612[UE 5 | RB 1] Throughput = 1.31625 Mbps | SE = 0.03449 bit/s/Hz
45723[UE 5 | RB 1] Throughput = 1.19718 Mbps | SE = 0.03137 bit/s/Hz
45832[UE 5 | RB 1] Throughput = 0.98083 Mbps | SE = 0.02570 bit/s/Hz
45933[UE 5 | RB 1] Throughput = 0.59835 Mbps | SE = 0.01568 bit/s/Hz
46033[UE 5 | RB 1] Throughput = 1.31527 Mbps | SE = 0.03447 bit/s/Hz
46143[UE 5 | RB 1] Throughput = 1.31147 Mbps | SE = 0.03437 bit/s/Hz
46243[UE 5 | RB 1] Throughput = 0.59905 Mbps | SE = 0.01570 bit/s/Hz
46352[UE 5 | RB 1] Throughput = 1.30799 Mbps | SE = 0.03428 bit/s/Hz
46463[UE 5 | RB 1] Throughput = 1.19772 Mbps | SE = 0.03139 bit/s/Hz
46563[UE 5 | RB 1] Throughput = 0.95781 Mbps | SE = 0.02510 bit/s/Hz
46672[UE 5 | RB 1] Throughput = 1.20215 Mbps | SE = 0.03150 bit/s/Hz
46772[UE 5 | RB 1] Throughput = 0.83784 Mbps | SE = 0.02196 bit/s/Hz
46873[UE 5 | RB 1] Throughput = 1.19560 Mbps | SE = 0.03133 bit/s/Hz
46983[UE 5 | RB 1] Throughput = 1.08968 Mbps | SE = 0.02856 bit/s/Hz
47092[UE 5 | RB 1] Throughput = 0.98229 Mbps | SE = 0.02574 bit/s/Hz
47192[UE 5 | RB 1] Throughput = 1.19794 Mbps | SE = 0.03139 bit/s/Hz
47302[UE 5 | RB 1] Throughput = 0.87156 Mbps | SE = 0.02284 bit/s/Hz
47412[UE 5 | RB 1] Throughput = 1.30920 Mbps | SE = 0.03431 bit/s/Hz
47522[UE 5 | RB 1] Throughput = 0.98163 Mbps | SE = 0.02572 bit/s/Hz
47623[UE 5 | RB 1] Throughput = 1.07417 Mbps | SE = 0.02815 bit/s/Hz
47723[UE 5 | RB 1] Throughput = 1.31612 Mbps | SE = 0.03449 bit/s/Hz
47833[UE 5 | RB 1] Throughput = 0.54564 Mbps | SE = 0.01430 bit/s/Hz
47942[UE 5 | RB 1] Throughput = 1.41855 Mbps | SE = 0.03717 bit/s/Hz
48043[UE 5 | RB 1] Throughput = 0.95781 Mbps | SE = 0.02510 bit/s/Hz
48152[UE 5 | RB 1] Throughput = 0.87181 Mbps | SE = 0.02285 bit/s/Hz
48262[UE 5 | RB 1] Throughput = 1.30720 Mbps | SE = 0.03426 bit/s/Hz
48372[UE 5 | RB 1] Throughput = 0.76342 Mbps | SE = 0.02001 bit/s/Hz
48482[UE 5 | RB 1] Throughput = 1.30585 Mbps | SE = 0.03422 bit/s/Hz
48583[UE 5 | RB 1] Throughput = 1.07661 Mbps | SE = 0.02821 bit/s/Hz
48683[UE 5 | RB 1] Throughput = 0.83849 Mbps | SE = 0.02197 bit/s/Hz
48793[UE 5 | RB 1] Throughput = 0.98158 Mbps | SE = 0.02572 bit/s/Hz
48902[UE 5 | RB 1] Throughput = 1.41781 Mbps | SE = 0.03715 bit/s/Hz
49013[UE 5 | RB 1] Throughput = 1.30698 Mbps | SE = 0.03425 bit/s/Hz
49113[UE 5 | RB 1] Throughput = 0.59893 Mbps | SE = 0.01570 bit/s/Hz
49213[UE 5 | RB 1] Throughput = 1.31339 Mbps | SE = 0.03442 bit/s/Hz
49322[UE 5 | RB 1] Throughput = 1.09481 Mbps | SE = 0.02869 bit/s/Hz
49422[UE 5 | RB 1] Throughput = 1.07771 Mbps | SE = 0.02824 bit/s/Hz
49532[UE 5 | RB 1] Throughput = 1.08949 Mbps | SE = 0.02855 bit/s/Hz
49643[UE 5 | RB 1] Throughput = 0.97988 Mbps | SE = 0.02568 bit/s/Hz
49753[UE 5 | RB 1] Throughput = 1.08972 Mbps | SE = 0.02856 bit/s/Hz
49863[UE 5 | RB 1] Throughput = 0.87135 Mbps | SE = 0.02283 bit/s/Hz
49963[UE 5 | RB 1] Throughput = 1.43729 Mbps | SE = 0.03766 bit/s/Hz
50063[UE 5 | RB 1] Throughput = 0.95561 Mbps | SE = 0.02504 bit/s/Hz
50172[UE 5 | RB 1] Throughput = 1.09407 Mbps | SE = 0.02867 bit/s/Hz
50273[UE 5 | RB 1] Throughput = 0.71666 Mbps | SE = 0.01878 bit/s/Hz
50383[UE 5 | RB 1] Throughput = 1.20052 Mbps | SE = 0.03146 bit/s/Hz
50492[UE 5 | RB 1] Throughput = 1.30914 Mbps | SE = 0.03431 bit/s/Hz
50593[UE 5 | RB 1] Throughput = 0.71808 Mbps | SE = 0.01882 bit/s/Hz
50693[UE 5 | RB 1] Throughput = 1.07832 Mbps | SE = 0.02826 bit/s/Hz
50793[UE 5 | RB 1] Throughput = 1.19832 Mbps | SE = 0.03140 bit/s/Hz
50903[UE 5 | RB 1] Throughput = 1.19913 Mbps | SE = 0.03142 bit/s/Hz
51003[UE 5 | RB 1] Throughput = 0.83691 Mbps | SE = 0.02193 bit/s/Hz
51112[UE 5 | RB 1] Throughput = 1.41994 Mbps | SE = 0.03721 bit/s/Hz
51213[UE 5 | RB 1] Throughput = 0.71854 Mbps | SE = 0.01883 bit/s/Hz
51322[UE 5 | RB 1] Throughput = 1.30880 Mbps | SE = 0.03430 bit/s/Hz
51433[UE 5 | RB 1] Throughput = 1.08781 Mbps | SE = 0.02851 bit/s/Hz
51542[UE 5 | RB 1] Throughput = 0.87251 Mbps | SE = 0.02286 bit/s/Hz
51643[UE 5 | RB 1] Throughput = 1.19806 Mbps | SE = 0.03140 bit/s/Hz
51743[UE 5 | RB 1] Throughput = 1.19731 Mbps | SE = 0.03138 bit/s/Hz
51843[UE 5 | RB 1] Throughput = 1.07843 Mbps | SE = 0.02826 bit/s/Hz
51943[UE 5 | RB 1] Throughput = 0.95847 Mbps | SE = 0.02512 bit/s/Hz
52052[UE 5 | RB 1] Throughput = 1.09175 Mbps | SE = 0.02861 bit/s/Hz
52163[UE 5 | RB 1] Throughput = 0.76149 Mbps | SE = 0.01996 bit/s/Hz
52263[UE 5 | RB 1] Throughput = 1.31702 Mbps | SE = 0.03451 bit/s/Hz
52372[UE 5 | RB 1] Throughput = 0.98333 Mbps | SE = 0.02577 bit/s/Hz
52483[UE 5 | RB 1] Throughput = 1.08684 Mbps | SE = 0.02848 bit/s/Hz
52592[UE 5 | RB 1] Throughput = 1.19989 Mbps | SE = 0.03144 bit/s/Hz
52692[UE 5 | RB 1] Throughput = 0.71898 Mbps | SE = 0.01884 bit/s/Hz
52793[UE 5 | RB 1] Throughput = 1.19736 Mbps | SE = 0.03138 bit/s/Hz
52893[UE 5 | RB 1] Throughput = 1.31817 Mbps | SE = 0.03454 bit/s/Hz
53003[UE 5 | RB 1] Throughput = 0.54369 Mbps | SE = 0.01425 bit/s/Hz
53113[UE 5 | RB 1] Throughput = 1.30925 Mbps | SE = 0.03431 bit/s/Hz
53222[UE 5 | RB 1] Throughput = 0.65482 Mbps | SE = 0.01716 bit/s/Hz
53323[UE 5 | RB 1] Throughput = 1.91482 Mbps | SE = 0.05018 bit/s/Hz
53423[UE 5 | RB 1] Throughput = 0.59560 Mbps | SE = 0.01561 bit/s/Hz
53533[UE 5 | RB 1] Throughput = 1.42134 Mbps | SE = 0.03725 bit/s/Hz
53643[UE 5 | RB 1] Throughput = 0.87126 Mbps | SE = 0.02283 bit/s/Hz
53753[UE 5 | RB 1] Throughput = 0.98194 Mbps | SE = 0.02573 bit/s/Hz
53862[UE 5 | RB 1] Throughput = 1.41919 Mbps | SE = 0.03719 bit/s/Hz
53963[UE 5 | RB 1] Throughput = 0.83820 Mbps | SE = 0.02197 bit/s/Hz
54073[UE 5 | RB 1] Throughput = 1.19729 Mbps | SE = 0.03138 bit/s/Hz
54173[UE 5 | RB 1] Throughput = 0.83854 Mbps | SE = 0.02197 bit/s/Hz
54282[UE 5 | RB 1] Throughput = 1.20135 Mbps | SE = 0.03148 bit/s/Hz
54383[UE 5 | RB 1] Throughput = 1.19627 Mbps | SE = 0.03135 bit/s/Hz
54483[UE 5 | RB 1] Throughput = 0.71874 Mbps | SE = 0.01883 bit/s/Hz
54592[UE 5 | RB 1] Throughput = 1.30873 Mbps | SE = 0.03430 bit/s/Hz
54693[UE 5 | RB 1] Throughput = 0.59912 Mbps | SE = 0.01570 bit/s/Hz
54802[UE 5 | RB 1] Throughput = 1.30884 Mbps | SE = 0.03430 bit/s/Hz
54912[UE 5 | RB 1] Throughput = 1.30669 Mbps | SE = 0.03424 bit/s/Hz
55013[UE 5 | RB 1] Throughput = 0.71846 Mbps | SE = 0.01883 bit/s/Hz
55113[UE 5 | RB 1] Throughput = 1.31083 Mbps | SE = 0.03435 bit/s/Hz
55223[UE 5 | RB 1] Throughput = 1.09507 Mbps | SE = 0.02870 bit/s/Hz
55332[UE 5 | RB 1] Throughput = 0.87208 Mbps | SE = 0.02285 bit/s/Hz
55433[UE 5 | RB 1] Throughput = 1.07650 Mbps | SE = 0.02821 bit/s/Hz
55543[UE 5 | RB 1] Throughput = 1.41448 Mbps | SE = 0.03707 bit/s/Hz
55653[UE 5 | RB 1] Throughput = 0.98202 Mbps | SE = 0.02573 bit/s/Hz
55753[UE 5 | RB 1] Throughput = 0.95800 Mbps | SE = 0.02510 bit/s/Hz
55863[UE 5 | RB 1] Throughput = 0.87302 Mbps | SE = 0.02288 bit/s/Hz
55973[UE 5 | RB 1] Throughput = 0.98018 Mbps | SE = 0.02569 bit/s/Hz
56073[UE 5 | RB 1] Throughput = 1.31687 Mbps | SE = 0.03451 bit/s/Hz
56173[UE 5 | RB 1] Throughput = 1.31766 Mbps | SE = 0.03453 bit/s/Hz
56283[UE 5 | RB 1] Throughput = 0.65436 Mbps | SE = 0.01715 bit/s/Hz
56383[UE 5 | RB 1] Throughput = 1.31691 Mbps | SE = 0.03451 bit/s/Hz
56493[UE 5 | RB 1] Throughput = 1.08943 Mbps | SE = 0.02855 bit/s/Hz
56603[UE 5 | RB 1] Throughput = 0.76307 Mbps | SE = 0.02000 bit/s/Hz
56703[UE 5 | RB 1] Throughput = 1.43414 Mbps | SE = 0.03758 bit/s/Hz
56813[UE 5 | RB 1] Throughput = 0.65509 Mbps | SE = 0.01717 bit/s/Hz
56913[UE 5 | RB 1] Throughput = 1.43739 Mbps | SE = 0.03767 bit/s/Hz
57013[UE 5 | RB 1] Throughput = 0.71904 Mbps | SE = 0.01884 bit/s/Hz
57122[UE 5 | RB 1] Throughput = 1.31029 Mbps | SE = 0.03434 bit/s/Hz
57223[UE 5 | RB 1] Throughput = 1.31376 Mbps | SE = 0.03443 bit/s/Hz
57333[UE 5 | RB 1] Throughput = 0.76379 Mbps | SE = 0.02002 bit/s/Hz
57443[UE 5 | RB 1] Throughput = 1.30819 Mbps | SE = 0.03428 bit/s/Hz
57553[UE 5 | RB 1] Throughput = 0.65370 Mbps | SE = 0.01713 bit/s/Hz
57653[UE 5 | RB 1] Throughput = 1.43428 Mbps | SE = 0.03759 bit/s/Hz
57753[UE 5 | RB 1] Throughput = 0.95717 Mbps | SE = 0.02508 bit/s/Hz
57863[UE 5 | RB 1] Throughput = 1.09263 Mbps | SE = 0.02863 bit/s/Hz
57973[UE 5 | RB 1] Throughput = 1.08900 Mbps | SE = 0.02854 bit/s/Hz
58083[UE 5 | RB 1] Throughput = 1.08935 Mbps | SE = 0.02855 bit/s/Hz
58193[UE 5 | RB 1] Throughput = 1.30948 Mbps | SE = 0.03432 bit/s/Hz
58293[UE 5 | RB 1] Throughput = 0.71895 Mbps | SE = 0.01884 bit/s/Hz
58393[UE 5 | RB 1] Throughput = 1.43775 Mbps | SE = 0.03768 bit/s/Hz
58493[UE 5 | RB 1] Throughput = 0.71803 Mbps | SE = 0.01882 bit/s/Hz
58603[UE 5 | RB 1] Throughput = 1.30600 Mbps | SE = 0.03422 bit/s/Hz
58713[UE 5 | RB 1] Throughput = 0.76414 Mbps | SE = 0.02002 bit/s/Hz
58813[UE 5 | RB 1] Throughput = 1.31745 Mbps | SE = 0.03452 bit/s/Hz
58923[UE 5 | RB 1] Throughput = 1.19986 Mbps | SE = 0.03144 bit/s/Hz
59023[UE 5 | RB 1] Throughput = 0.83856 Mbps | SE = 0.02197 bit/s/Hz
59123[UE 5 | RB 1] Throughput = 1.31700 Mbps | SE = 0.03451 bit/s/Hz
59223[UE 5 | RB 1] Throughput = 0.71868 Mbps | SE = 0.01883 bit/s/Hz
59333[UE 5 | RB 1] Throughput = 1.20027 Mbps | SE = 0.03145 bit/s/Hz
59443[UE 5 | RB 1] Throughput = 1.08846 Mbps | SE = 0.02852 bit/s/Hz
59552[UE 5 | RB 1] Throughput = 0.76392 Mbps | SE = 0.02002 bit/s/Hz
59663[UE 5 | RB 1] Throughput = 1.52393 Mbps | SE = 0.03994 bit/s/Hz
59772[UE 5 | RB 1] Throughput = 1.09128 Mbps | SE = 0.02860 bit/s/Hz
59873[UE 5 | RB 1] Throughput = 0.59814 Mbps | SE = 0.01567 bit/s/Hz
59983[UE 5 | RB 1] Throughput = 1.30477 Mbps | SE = 0.03419 bit/s/Hz
60092[UE 5 | RB 1] Throughput = 0.87514 Mbps | SE = 0.02293 bit/s/Hz
60192[UE 5 | RB 1] Throughput = 1.31815 Mbps | SE = 0.03454 bit/s/Hz
60292[UE 5 | RB 1] Throughput = 1.19659 Mbps | SE = 0.03136 bit/s/Hz
60393[UE 5 | RB 1] Throughput = 0.95585 Mbps | SE = 0.02505 bit/s/Hz
60503[UE 5 | RB 1] Throughput = 1.08907 Mbps | SE = 0.02854 bit/s/Hz
60603[UE 5 | RB 1] Throughput = 0.95707 Mbps | SE = 0.02508 bit/s/Hz
60712[UE 5 | RB 1] Throughput = 1.31316 Mbps | SE = 0.03441 bit/s/Hz
60813[UE 5 | RB 1] Throughput = 0.71836 Mbps | SE = 0.01883 bit/s/Hz
60913[UE 5 | RB 1] Throughput = 1.43794 Mbps | SE = 0.03768 bit/s/Hz
61013[UE 5 | RB 1] Throughput = 0.59849 Mbps | SE = 0.01568 bit/s/Hz
61122[UE 5 | RB 1] Throughput = 1.09197 Mbps | SE = 0.02862 bit/s/Hz
61223[UE 5 | RB 1] Throughput = 1.19708 Mbps | SE = 0.03137 bit/s/Hz
61323[UE 5 | RB 1] Throughput = 1.07722 Mbps | SE = 0.02823 bit/s/Hz
61423[UE 5 | RB 1] Throughput = 1.19775 Mbps | SE = 0.03139 bit/s/Hz
61523[UE 5 | RB 1] Throughput = 1.07773 Mbps | SE = 0.02824 bit/s/Hz
61633[UE 5 | RB 1] Throughput = 0.98160 Mbps | SE = 0.02572 bit/s/Hz
61742[UE 5 | RB 1] Throughput = 1.20129 Mbps | SE = 0.03148 bit/s/Hz
61843[UE 5 | RB 1] Throughput = 0.71817 Mbps | SE = 0.01882 bit/s/Hz
61953[UE 5 | RB 1] Throughput = 1.41477 Mbps | SE = 0.03707 bit/s/Hz
62062[UE 5 | RB 1] Throughput = 0.98346 Mbps | SE = 0.02577 bit/s/Hz
62163[UE 5 | RB 1] Throughput = 1.19563 Mbps | SE = 0.03133 bit/s/Hz
62263[UE 5 | RB 1] Throughput = 0.95838 Mbps | SE = 0.02511 bit/s/Hz
62363[UE 5 | RB 1] Throughput = 0.83747 Mbps | SE = 0.02195 bit/s/Hz
62473[UE 5 | RB 1] Throughput = 1.09192 Mbps | SE = 0.02861 bit/s/Hz
62573[UE 5 | RB 1] Throughput = 1.07690 Mbps | SE = 0.02822 bit/s/Hz
62683[UE 5 | RB 1] Throughput = 1.09008 Mbps | SE = 0.02857 bit/s/Hz
62793[UE 5 | RB 1] Throughput = 1.19869 Mbps | SE = 0.03141 bit/s/Hz
62903[UE 5 | RB 1] Throughput = 0.98114 Mbps | SE = 0.02571 bit/s/Hz
63003[UE 5 | RB 1] Throughput = 0.95836 Mbps | SE = 0.02511 bit/s/Hz
63112[UE 5 | RB 1] Throughput = 0.98235 Mbps | SE = 0.02574 bit/s/Hz
63213[UE 5 | RB 1] Throughput = 1.19388 Mbps | SE = 0.03129 bit/s/Hz
63313[UE 5 | RB 1] Throughput = 1.19771 Mbps | SE = 0.03139 bit/s/Hz
63423[UE 5 | RB 1] Throughput = 1.09099 Mbps | SE = 0.02859 bit/s/Hz
63533[UE 5 | RB 1] Throughput = 0.98096 Mbps | SE = 0.02571 bit/s/Hz
63643[UE 5 | RB 1] Throughput = 0.87192 Mbps | SE = 0.02285 bit/s/Hz
63743[UE 5 | RB 1] Throughput = 1.43709 Mbps | SE = 0.03766 bit/s/Hz
63843[UE 5 | RB 1] Throughput = 0.71878 Mbps | SE = 0.01884 bit/s/Hz
63953[UE 5 | RB 1] Throughput = 1.19778 Mbps | SE = 0.03139 bit/s/Hz
64053[UE 5 | RB 1] Throughput = 1.43743 Mbps | SE = 0.03767 bit/s/Hz
64163[UE 5 | RB 1] Throughput = 0.65502 Mbps | SE = 0.01717 bit/s/Hz
64263[UE 5 | RB 1] Throughput = 1.31548 Mbps | SE = 0.03447 bit/s/Hz
64363[UE 5 | RB 1] Throughput = 0.59850 Mbps | SE = 0.01568 bit/s/Hz
64473[UE 5 | RB 1] Throughput = 1.31042 Mbps | SE = 0.03434 bit/s/Hz
64573[UE 5 | RB 1] Throughput = 1.19478 Mbps | SE = 0.03131 bit/s/Hz
64673[UE 5 | RB 1] Throughput = 1.07815 Mbps | SE = 0.02825 bit/s/Hz
64783[UE 5 | RB 1] Throughput = 0.98198 Mbps | SE = 0.02573 bit/s/Hz
64883[UE 5 | RB 1] Throughput = 1.19582 Mbps | SE = 0.03134 bit/s/Hz
64993[UE 5 | RB 1] Throughput = 1.09159 Mbps | SE = 0.02861 bit/s/Hz
65093[UE 5 | RB 1] Throughput = 1.07803 Mbps | SE = 0.02825 bit/s/Hz
65203[UE 5 | RB 1] Throughput = 0.97787 Mbps | SE = 0.02563 bit/s/Hz
65313[UE 5 | RB 1] Throughput = 0.87530 Mbps | SE = 0.02294 bit/s/Hz
65413[UE 5 | RB 1] Throughput = 1.43697 Mbps | SE = 0.03766 bit/s/Hz
65513[UE 5 | RB 1] Throughput = 0.71751 Mbps | SE = 0.01880 bit/s/Hz
65623[UE 5 | RB 1] Throughput = 1.30955 Mbps | SE = 0.03432 bit/s/Hz
65733[UE 5 | RB 1] Throughput = 1.19731 Mbps | SE = 0.03138 bit/s/Hz
65843[UE 5 | RB 1] Throughput = 0.65437 Mbps | SE = 0.01715 bit/s/Hz
65943[UE 5 | RB 1] Throughput = 1.31821 Mbps | SE = 0.03454 bit/s/Hz
66043[UE 5 | RB 1] Throughput = 1.07728 Mbps | SE = 0.02823 bit/s/Hz
66153[UE 5 | RB 1] Throughput = 1.20021 Mbps | SE = 0.03145 bit/s/Hz
66253[UE 5 | RB 1] Throughput = 0.95802 Mbps | SE = 0.02511 bit/s/Hz
66353[UE 5 | RB 1] Throughput = 0.83888 Mbps | SE = 0.02198 bit/s/Hz
66463[UE 5 | RB 1] Throughput = 1.30676 Mbps | SE = 0.03424 bit/s/Hz
66573[UE 5 | RB 1] Throughput = 1.09141 Mbps | SE = 0.02860 bit/s/Hz
66673[UE 5 | RB 1] Throughput = 0.95749 Mbps | SE = 0.02509 bit/s/Hz
66773[UE 5 | RB 1] Throughput = 1.07852 Mbps | SE = 0.02826 bit/s/Hz
66883[UE 5 | RB 1] Throughput = 1.08865 Mbps | SE = 0.02853 bit/s/Hz
66993[UE 5 | RB 1] Throughput = 1.08926 Mbps | SE = 0.02854 bit/s/Hz
67103[UE 5 | RB 1] Throughput = 1.20030 Mbps | SE = 0.03145 bit/s/Hz
67203[UE 5 | RB 1] Throughput = 0.83828 Mbps | SE = 0.02197 bit/s/Hz
67313[UE 5 | RB 1] Throughput = 1.08860 Mbps | SE = 0.02853 bit/s/Hz
67413[UE 5 | RB 1] Throughput = 1.31599 Mbps | SE = 0.03449 bit/s/Hz
67523[UE 5 | RB 1] Throughput = 0.65547 Mbps | SE = 0.01718 bit/s/Hz
67633[UE 5 | RB 1] Throughput = 1.08890 Mbps | SE = 0.02854 bit/s/Hz
67743[UE 5 | RB 1] Throughput = 1.19889 Mbps | SE = 0.03142 bit/s/Hz
67843[UE 5 | RB 1] Throughput = 1.19686 Mbps | SE = 0.03136 bit/s/Hz
67943[UE 5 | RB 1] Throughput = 1.07772 Mbps | SE = 0.02824 bit/s/Hz
68043[UE 5 | RB 1] Throughput = 0.71901 Mbps | SE = 0.01884 bit/s/Hz
68153[UE 5 | RB 1] Throughput = 1.30932 Mbps | SE = 0.03431 bit/s/Hz
68263[UE 5 | RB 1] Throughput = 1.09001 Mbps | SE = 0.02856 bit/s/Hz
68363[UE 5 | RB 1] Throughput = 1.07672 Mbps | SE = 0.02822 bit/s/Hz
68473[UE 5 | RB 1] Throughput = 0.98245 Mbps | SE = 0.02575 bit/s/Hz
68583[UE 5 | RB 1] Throughput = 0.97974 Mbps | SE = 0.02567 bit/s/Hz
68683[UE 5 | RB 1] Throughput = 1.19773 Mbps | SE = 0.03139 bit/s/Hz
68793[UE 5 | RB 1] Throughput = 1.20006 Mbps | SE = 0.03145 bit/s/Hz
68893[UE 5 | RB 1] Throughput = 0.83795 Mbps | SE = 0.02196 bit/s/Hz
69003[UE 5 | RB 1] Throughput = 1.08941 Mbps | SE = 0.02855 bit/s/Hz
69113[UE 5 | RB 1] Throughput = 1.30700 Mbps | SE = 0.03425 bit/s/Hz
69213[UE 5 | RB 1] Throughput = 1.19701 Mbps | SE = 0.03137 bit/s/Hz
69323[UE 5 | RB 1] Throughput = 0.98170 Mbps | SE = 0.02573 bit/s/Hz
69423[UE 5 | RB 1] Throughput = 0.71773 Mbps | SE = 0.01881 bit/s/Hz
69533[UE 5 | RB 1] Throughput = 1.41992 Mbps | SE = 0.03721 bit/s/Hz
69633[UE 5 | RB 1] Throughput = 0.95476 Mbps | SE = 0.02502 bit/s/Hz
69743[UE 5 | RB 1] Throughput = 1.20190 Mbps | SE = 0.03150 bit/s/Hz
69843[UE 5 | RB 1] Throughput = 0.71898 Mbps | SE = 0.01884 bit/s/Hz
69943[UE 5 | RB 1] Throughput = 1.19815 Mbps | SE = 0.03140 bit/s/Hz
70053[UE 5 | RB 1] Throughput = 0.98131 Mbps | SE = 0.02572 bit/s/Hz
70153[UE 5 | RB 1] Throughput = 1.19655 Mbps | SE = 0.03136 bit/s/Hz
70263[UE 5 | RB 1] Throughput = 0.98095 Mbps | SE = 0.02571 bit/s/Hz
70373[UE 5 | RB 1] Throughput = 1.20070 Mbps | SE = 0.03146 bit/s/Hz
70473[UE 5 | RB 1] Throughput = 1.19794 Mbps | SE = 0.03139 bit/s/Hz
70573[UE 5 | RB 1] Throughput = 1.07813 Mbps | SE = 0.02825 bit/s/Hz
70673[UE 5 | RB 1] Throughput = 1.07664 Mbps | SE = 0.02821 bit/s/Hz
70773[UE 5 | RB 1] Throughput = 0.95846 Mbps | SE = 0.02512 bit/s/Hz
70883[UE 5 | RB 1] Throughput = 1.09144 Mbps | SE = 0.02860 bit/s/Hz
70993[UE 5 | RB 1] Throughput = 0.87140 Mbps | SE = 0.02284 bit/s/Hz
71093[UE 5 | RB 1] Throughput = 0.95567 Mbps | SE = 0.02504 bit/s/Hz
71203[UE 5 | RB 1] Throughput = 1.31003 Mbps | SE = 0.03433 bit/s/Hz
71313[UE 5 | RB 1] Throughput = 0.98157 Mbps | SE = 0.02572 bit/s/Hz
71413[UE 5 | RB 1] Throughput = 0.83750 Mbps | SE = 0.02195 bit/s/Hz
71513[UE 5 | RB 1] Throughput = 1.31684 Mbps | SE = 0.03451 bit/s/Hz
71623[UE 5 | RB 1] Throughput = 1.19968 Mbps | SE = 0.03144 bit/s/Hz
71733[UE 5 | RB 1] Throughput = 0.76334 Mbps | SE = 0.02000 bit/s/Hz
71833[UE 5 | RB 1] Throughput = 1.19754 Mbps | SE = 0.03138 bit/s/Hz
71933[UE 5 | RB 1] Throughput = 1.31695 Mbps | SE = 0.03451 bit/s/Hz
72033[UE 5 | RB 1] Throughput = 0.71773 Mbps | SE = 0.01881 bit/s/Hz
72143[UE 5 | RB 1] Throughput = 1.31338 Mbps | SE = 0.03442 bit/s/Hz
72243[UE 5 | RB 1] Throughput = 0.71779 Mbps | SE = 0.01881 bit/s/Hz
72353[UE 5 | RB 1] Throughput = 1.30656 Mbps | SE = 0.03424 bit/s/Hz
72453[UE 5 | RB 1] Throughput = 0.95815 Mbps | SE = 0.02511 bit/s/Hz
72553[UE 5 | RB 1] Throughput = 1.07631 Mbps | SE = 0.02821 bit/s/Hz
72663[UE 5 | RB 1] Throughput = 1.09385 Mbps | SE = 0.02866 bit/s/Hz
72763[UE 5 | RB 1] Throughput = 1.07842 Mbps | SE = 0.02826 bit/s/Hz
72873[UE 5 | RB 1] Throughput = 0.98187 Mbps | SE = 0.02573 bit/s/Hz
72973[UE 5 | RB 1] Throughput = 1.43441 Mbps | SE = 0.03759 bit/s/Hz
73073[UE 5 | RB 1] Throughput = 0.59783 Mbps | SE = 0.01567 bit/s/Hz
73183[UE 5 | RB 1] Throughput = 1.08844 Mbps | SE = 0.02852 bit/s/Hz
73293[UE 5 | RB 1] Throughput = 1.20210 Mbps | SE = 0.03150 bit/s/Hz
73393[UE 5 | RB 1] Throughput = 0.95814 Mbps | SE = 0.02511 bit/s/Hz
73503[UE 5 | RB 1] Throughput = 1.19962 Mbps | SE = 0.03144 bit/s/Hz
73613[UE 5 | RB 1] Throughput = 1.19898 Mbps | SE = 0.03142 bit/s/Hz
73713[UE 5 | RB 1] Throughput = 0.71859 Mbps | SE = 0.01883 bit/s/Hz
73813[UE 5 | RB 1] Throughput = 1.31655 Mbps | SE = 0.03450 bit/s/Hz
73923[UE 5 | RB 1] Throughput = 1.09127 Mbps | SE = 0.02860 bit/s/Hz
74023[UE 5 | RB 1] Throughput = 1.19622 Mbps | SE = 0.03135 bit/s/Hz
74133[UE 5 | RB 1] Throughput = 1.08991 Mbps | SE = 0.02856 bit/s/Hz
74233[UE 5 | RB 1] Throughput = 0.71870 Mbps | SE = 0.01883 bit/s/Hz
74333[UE 5 | RB 1] Throughput = 1.43749 Mbps | SE = 0.03767 bit/s/Hz
74433[UE 5 | RB 1] Throughput = 0.71756 Mbps | SE = 0.01880 bit/s/Hz
74543[UE 5 | RB 1] Throughput = 1.19826 Mbps | SE = 0.03140 bit/s/Hz
74643[UE 5 | RB 1] Throughput = 0.83875 Mbps | SE = 0.02198 bit/s/Hz
74753[UE 5 | RB 1] Throughput = 1.20217 Mbps | SE = 0.03150 bit/s/Hz
74853[UE 5 | RB 1] Throughput = 1.19723 Mbps | SE = 0.03137 bit/s/Hz
74963[UE 5 | RB 1] Throughput = 1.08906 Mbps | SE = 0.02854 bit/s/Hz
75073[UE 5 | RB 1] Throughput = 1.19937 Mbps | SE = 0.03143 bit/s/Hz
75173[UE 5 | RB 1] Throughput = 0.71839 Mbps | SE = 0.01883 bit/s/Hz
75273[UE 5 | RB 1] Throughput = 1.19621 Mbps | SE = 0.03135 bit/s/Hz
75383[UE 5 | RB 1] Throughput = 0.98258 Mbps | SE = 0.02575 bit/s/Hz
75493[UE 5 | RB 1] Throughput = 1.20042 Mbps | SE = 0.03146 bit/s/Hz
75593[UE 5 | RB 1] Throughput = 1.19812 Mbps | SE = 0.03140 bit/s/Hz
75693[UE 5 | RB 1] Throughput = 0.95781 Mbps | SE = 0.02510 bit/s/Hz
75793[UE 5 | RB 1] Throughput = 1.07774 Mbps | SE = 0.02824 bit/s/Hz
75903[UE 5 | RB 1] Throughput = 0.98005 Mbps | SE = 0.02568 bit/s/Hz
76003[UE 5 | RB 1] Throughput = 1.19592 Mbps | SE = 0.03134 bit/s/Hz
76113[UE 5 | RB 1] Throughput = 1.09138 Mbps | SE = 0.02860 bit/s/Hz
76223[UE 5 | RB 1] Throughput = 0.87241 Mbps | SE = 0.02286 bit/s/Hz
76323[UE 5 | RB 1] Throughput = 1.07786 Mbps | SE = 0.02825 bit/s/Hz
76423[UE 5 | RB 1] Throughput = 1.31819 Mbps | SE = 0.03454 bit/s/Hz
76523[UE 5 | RB 1] Throughput = 1.07804 Mbps | SE = 0.02825 bit/s/Hz
76624[UE 5 | RB 1] Throughput = 0.95327 Mbps | SE = 0.02498 bit/s/Hz
76733[UE 5 | RB 1] Throughput = 1.09404 Mbps | SE = 0.02867 bit/s/Hz
76833[UE 5 | RB 1] Throughput = 0.95866 Mbps | SE = 0.02512 bit/s/Hz
76943[UE 5 | RB 1] Throughput = 1.20070 Mbps | SE = 0.03146 bit/s/Hz
77053[UE 5 | RB 1] Throughput = 0.76224 Mbps | SE = 0.01997 bit/s/Hz
77153[UE 5 | RB 1] Throughput = 1.19835 Mbps | SE = 0.03140 bit/s/Hz
77263[UE 5 | RB 1] Throughput = 1.19883 Mbps | SE = 0.03142 bit/s/Hz
77363[UE 5 | RB 1] Throughput = 0.95863 Mbps | SE = 0.02512 bit/s/Hz
77473[UE 5 | RB 1] Throughput = 1.30691 Mbps | SE = 0.03425 bit/s/Hz
77573[UE 5 | RB 1] Throughput = 0.83847 Mbps | SE = 0.02197 bit/s/Hz
77683[UE 5 | RB 1] Throughput = 0.87195 Mbps | SE = 0.02285 bit/s/Hz
77793[UE 5 | RB 1] Throughput = 1.52785 Mbps | SE = 0.04004 bit/s/Hz
77893[UE 5 | RB 1] Throughput = 0.95850 Mbps | SE = 0.02512 bit/s/Hz
77993[UE 5 | RB 1] Throughput = 0.71881 Mbps | SE = 0.01884 bit/s/Hz
78093[UE 5 | RB 1] Throughput = 1.19834 Mbps | SE = 0.03140 bit/s/Hz
78193[UE 5 | RB 1] Throughput = 1.19589 Mbps | SE = 0.03134 bit/s/Hz
78303[UE 5 | RB 1] Throughput = 1.19918 Mbps | SE = 0.03143 bit/s/Hz
78413[UE 5 | RB 1] Throughput = 0.97835 Mbps | SE = 0.02564 bit/s/Hz
78523[UE 5 | RB 1] Throughput = 0.76461 Mbps | SE = 0.02004 bit/s/Hz
78633[UE 5 | RB 1] Throughput = 1.30757 Mbps | SE = 0.03427 bit/s/Hz
78733[UE 5 | RB 1] Throughput = 1.19510 Mbps | SE = 0.03132 bit/s/Hz
78843[UE 5 | RB 1] Throughput = 0.98129 Mbps | SE = 0.02572 bit/s/Hz
78953[UE 5 | RB 1] Throughput = 0.97973 Mbps | SE = 0.02567 bit/s/Hz
79063[UE 5 | RB 1] Throughput = 1.19975 Mbps | SE = 0.03144 bit/s/Hz
79173[UE 5 | RB 1] Throughput = 0.98204 Mbps | SE = 0.02573 bit/s/Hz
79273[UE 5 | RB 1] Throughput = 1.31775 Mbps | SE = 0.03453 bit/s/Hz
79373[UE 5 | RB 1] Throughput = 0.71870 Mbps | SE = 0.01883 bit/s/Hz
79483[UE 5 | RB 1] Throughput = 1.19872 Mbps | SE = 0.03141 bit/s/Hz
79583[UE 5 | RB 1] Throughput = 1.07846 Mbps | SE = 0.02826 bit/s/Hz
79683[UE 5 | RB 1] Throughput = 1.19659 Mbps | SE = 0.03136 bit/s/Hz
79783[UE 5 | RB 1] Throughput = 0.71755 Mbps | SE = 0.01880 bit/s/Hz
79893[UE 5 | RB 1] Throughput = 1.20133 Mbps | SE = 0.03148 bit/s/Hz
79993[UE 5 | RB 1] Throughput = 1.07592 Mbps | SE = 0.02820 bit/s/Hz
80103[UE 5 | RB 1] Throughput = 1.09091 Mbps | SE = 0.02859 bit/s/Hz
80213[UE 5 | RB 1] Throughput = 0.87359 Mbps | SE = 0.02289 bit/s/Hz
80313[UE 5 | RB 1] Throughput = 1.43545 Mbps | SE = 0.03762 bit/s/Hz
80413[UE 5 | RB 1] Throughput = 0.71801 Mbps | SE = 0.01882 bit/s/Hz
80523[UE 5 | RB 1] Throughput = 1.20082 Mbps | SE = 0.03147 bit/s/Hz
80623[UE 5 | RB 1] Throughput = 0.95792 Mbps | SE = 0.02510 bit/s/Hz
80733[UE 5 | RB 1] Throughput = 1.30746 Mbps | SE = 0.03426 bit/s/Hz
80833[UE 5 | RB 1] Throughput = 1.19771 Mbps | SE = 0.03139 bit/s/Hz
80943[UE 5 | RB 1] Throughput = 0.87396 Mbps | SE = 0.02290 bit/s/Hz
81043[UE 5 | RB 1] Throughput = 1.07543 Mbps | SE = 0.02818 bit/s/Hz
81143[UE 5 | RB 1] Throughput = 0.95694 Mbps | SE = 0.02508 bit/s/Hz
81253[UE 5 | RB 1] Throughput = 0.98207 Mbps | SE = 0.02574 bit/s/Hz
81363[UE 5 | RB 1] Throughput = 1.19805 Mbps | SE = 0.03140 bit/s/Hz
81473[UE 5 | RB 1] Throughput = 0.87451 Mbps | SE = 0.02292 bit/s/Hz
81573[UE 5 | RB 1] Throughput = 1.43657 Mbps | SE = 0.03765 bit/s/Hz
81673[UE 5 | RB 1] Throughput = 0.95821 Mbps | SE = 0.02511 bit/s/Hz
81773[UE 5 | RB 1] Throughput = 1.07796 Mbps | SE = 0.02825 bit/s/Hz
81873[UE 5 | RB 1] Throughput = 0.95769 Mbps | SE = 0.02510 bit/s/Hz
81983[UE 5 | RB 1] Throughput = 1.30545 Mbps | SE = 0.03421 bit/s/Hz
82093[UE 5 | RB 1] Throughput = 0.87325 Mbps | SE = 0.02288 bit/s/Hz
82193[UE 5 | RB 1] Throughput = 1.07692 Mbps | SE = 0.02822 bit/s/Hz
82303[UE 5 | RB 1] Throughput = 1.09103 Mbps | SE = 0.02859 bit/s/Hz
82413[UE 5 | RB 1] Throughput = 0.87227 Mbps | SE = 0.02286 bit/s/Hz
82513[UE 5 | RB 1] Throughput = 1.19701 Mbps | SE = 0.03137 bit/s/Hz
82623[UE 5 | RB 1] Throughput = 1.30844 Mbps | SE = 0.03429 bit/s/Hz
82723[UE 5 | RB 1] Throughput = 0.83741 Mbps | SE = 0.02194 bit/s/Hz
82823[UE 5 | RB 1] Throughput = 1.07749 Mbps | SE = 0.02824 bit/s/Hz
82933[UE 5 | RB 1] Throughput = 0.87484 Mbps | SE = 0.02293 bit/s/Hz
83033[UE 5 | RB 1] Throughput = 1.31619 Mbps | SE = 0.03449 bit/s/Hz
83133[UE 5 | RB 1] Throughput = 0.95835 Mbps | SE = 0.02511 bit/s/Hz
83243[UE 5 | RB 1] Throughput = 1.19787 Mbps | SE = 0.03139 bit/s/Hz
83343[UE 5 | RB 1] Throughput = 0.83888 Mbps | SE = 0.02198 bit/s/Hz
83443[UE 5 | RB 1] Throughput = 1.19788 Mbps | SE = 0.03139 bit/s/Hz
83553[UE 5 | RB 1] Throughput = 1.30725 Mbps | SE = 0.03426 bit/s/Hz
83663[UE 5 | RB 1] Throughput = 0.65407 Mbps | SE = 0.01714 bit/s/Hz
83763[UE 5 | RB 1] Throughput = 1.43674 Mbps | SE = 0.03765 bit/s/Hz
83873[UE 5 | RB 1] Throughput = 0.76321 Mbps | SE = 0.02000 bit/s/Hz
83973[UE 5 | RB 1] Throughput = 1.19823 Mbps | SE = 0.03140 bit/s/Hz
84083[UE 5 | RB 1] Throughput = 0.87143 Mbps | SE = 0.02284 bit/s/Hz
84183[UE 5 | RB 1] Throughput = 1.43664 Mbps | SE = 0.03765 bit/s/Hz
84283[UE 5 | RB 1] Throughput = 1.19544 Mbps | SE = 0.03133 bit/s/Hz
84393[UE 5 | RB 1] Throughput = 0.76423 Mbps | SE = 0.02003 bit/s/Hz
84503[UE 5 | RB 1] Throughput = 1.09000 Mbps | SE = 0.02856 bit/s/Hz
84603[UE 5 | RB 1] Throughput = 1.31733 Mbps | SE = 0.03452 bit/s/Hz
84713[UE 5 | RB 1] Throughput = 0.98329 Mbps | SE = 0.02577 bit/s/Hz
84813[UE 5 | RB 1] Throughput = 1.31573 Mbps | SE = 0.03448 bit/s/Hz
84914[UE 5 | RB 1] Throughput = 0.71568 Mbps | SE = 0.01875 bit/s/Hz
85023[UE 5 | RB 1] Throughput = 1.20544 Mbps | SE = 0.03159 bit/s/Hz
85123[UE 5 | RB 1] Throughput = 0.95624 Mbps | SE = 0.02506 bit/s/Hz
85233[UE 5 | RB 1] Throughput = 1.19911 Mbps | SE = 0.03142 bit/s/Hz
85333[UE 5 | RB 1] Throughput = 0.71904 Mbps | SE = 0.01884 bit/s/Hz
85443[UE 5 | RB 1] Throughput = 1.09015 Mbps | SE = 0.02857 bit/s/Hz
85543[UE 5 | RB 1] Throughput = 1.19454 Mbps | SE = 0.03130 bit/s/Hz
85653[UE 5 | RB 1] Throughput = 1.20239 Mbps | SE = 0.03151 bit/s/Hz
85753[UE 5 | RB 1] Throughput = 1.07828 Mbps | SE = 0.02826 bit/s/Hz
85853[UE 5 | RB 1] Throughput = 1.07758 Mbps | SE = 0.02824 bit/s/Hz
85953[UE 5 | RB 1] Throughput = 0.95856 Mbps | SE = 0.02512 bit/s/Hz
86053[UE 5 | RB 1] Throughput = 0.71859 Mbps | SE = 0.01883 bit/s/Hz
86163[UE 5 | RB 1] Throughput = 1.52486 Mbps | SE = 0.03996 bit/s/Hz
86273[UE 5 | RB 1] Throughput = 0.98153 Mbps | SE = 0.02572 bit/s/Hz
86383[UE 5 | RB 1] Throughput = 1.19885 Mbps | SE = 0.03142 bit/s/Hz
86483[UE 5 | RB 1] Throughput = 0.71903 Mbps | SE = 0.01884 bit/s/Hz
86583[UE 5 | RB 1] Throughput = 1.43459 Mbps | SE = 0.03759 bit/s/Hz
86683[UE 5 | RB 1] Throughput = 0.71884 Mbps | SE = 0.01884 bit/s/Hz
86793[UE 5 | RB 1] Throughput = 1.20182 Mbps | SE = 0.03149 bit/s/Hz
86903[UE 5 | RB 1] Throughput = 1.09063 Mbps | SE = 0.02858 bit/s/Hz
87003[UE 5 | RB 1] Throughput = 1.19794 Mbps | SE = 0.03139 bit/s/Hz
87103[UE 5 | RB 1] Throughput = 1.07747 Mbps | SE = 0.02824 bit/s/Hz
87203[UE 5 | RB 1] Throughput = 0.71870 Mbps | SE = 0.01883 bit/s/Hz
87303[UE 5 | RB 1] Throughput = 1.43726 Mbps | SE = 0.03766 bit/s/Hz
87413[UE 5 | RB 1] Throughput = 0.65529 Mbps | SE = 0.01717 bit/s/Hz
87513[UE 5 | RB 1] Throughput = 1.43601 Mbps | SE = 0.03763 bit/s/Hz
87613[UE 5 | RB 1] Throughput = 1.19839 Mbps | SE = 0.03140 bit/s/Hz
87713[UE 5 | RB 1] Throughput = 0.71831 Mbps | SE = 0.01882 bit/s/Hz
87813[UE 5 | RB 1] Throughput = 1.19651 Mbps | SE = 0.03136 bit/s/Hz
87923[UE 5 | RB 1] Throughput = 1.08947 Mbps | SE = 0.02855 bit/s/Hz
88033[UE 5 | RB 1] Throughput = 0.98363 Mbps | SE = 0.02578 bit/s/Hz
88133[UE 5 | RB 1] Throughput = 1.19802 Mbps | SE = 0.03139 bit/s/Hz
88233[UE 5 | RB 1] Throughput = 1.07756 Mbps | SE = 0.02824 bit/s/Hz
88333[UE 5 | RB 1] Throughput = 1.19555 Mbps | SE = 0.03133 bit/s/Hz
88443[UE 5 | RB 1] Throughput = 0.87088 Mbps | SE = 0.02282 bit/s/Hz
88553[UE 5 | RB 1] Throughput = 0.87383 Mbps | SE = 0.02290 bit/s/Hz
88653[UE 5 | RB 1] Throughput = 1.31531 Mbps | SE = 0.03447 bit/s/Hz
88763[UE 5 | RB 1] Throughput = 1.19793 Mbps | SE = 0.03139 bit/s/Hz
88873[UE 5 | RB 1] Throughput = 1.09605 Mbps | SE = 0.02872 bit/s/Hz
88973[UE 5 | RB 1] Throughput = 0.95659 Mbps | SE = 0.02507 bit/s/Hz
89083[UE 5 | RB 1] Throughput = 1.08830 Mbps | SE = 0.02852 bit/s/Hz
89183[UE 5 | RB 1] Throughput = 0.83853 Mbps | SE = 0.02197 bit/s/Hz
89293[UE 5 | RB 1] Throughput = 1.30962 Mbps | SE = 0.03432 bit/s/Hz
89393[UE 5 | RB 1] Throughput = 0.71781 Mbps | SE = 0.01881 bit/s/Hz
89493[UE 5 | RB 1] Throughput = 1.31790 Mbps | SE = 0.03454 bit/s/Hz
89593[UE 5 | RB 1] Throughput = 1.19792 Mbps | SE = 0.03139 bit/s/Hz
89693[UE 5 | RB 1] Throughput = 0.59908 Mbps | SE = 0.01570 bit/s/Hz
89793[UE 5 | RB 1] Throughput = 1.31820 Mbps | SE = 0.03454 bit/s/Hz
89893[UE 5 | RB 1] Throughput = 0.95792 Mbps | SE = 0.02510 bit/s/Hz
90003[UE 5 | RB 1] Throughput = 1.20295 Mbps | SE = 0.03152 bit/s/Hz
[xApp]: E42 RIC_SUBSCRIPTION_DELETE_REQUEST tx RAN_FUNC_ID 144 RIC_REQ_ID 1 
[xApp]: E42 SUBSCRIPTION DELETE RESPONSE rx
[xApp]: E42 RIC_SUBSCRIPTION_DELETE_REQUEST tx RAN_FUNC_ID 144 RIC_REQ_ID 2 
[xApp]: E42 SUBSCRIPTION DELETE RESPONSE rx
[xApp]: E42 RIC_SUBSCRIPTION_DELETE_REQUEST tx RAN_FUNC_ID 144 RIC_REQ_ID 3 
[xApp]: E42 SUBSCRIPTION DELETE RESPONSE rx
[xApp]: Sucessfully stopped 
Test xApp run SUCCESSFULLY
