[UTIL]: Setting the config -c file to /usr/local/etc/flexric/flexric.conf
[UTIL]: Setting path -p for the shared libraries to /usr/local/lib/flexric/
[xAapp]: Initializing ... 
[xApp]: nearRT-RIC IP Address = 192.168.70.150, PORT = 36422
[E2 AGENT]: Opening plugin from path = /usr/local/lib/flexric/libkpm_sm.so 
[E2 AGENT]: Opening plugin from path = /usr/local/lib/flexric/libmac_sm.so 
[E2 AGENT]: Opening plugin from path = /usr/local/lib/flexric/libpdcp_sm.so 
[E2 AGENT]: Opening plugin from path = /usr/local/lib/flexric/libgtp_sm.so 
[E2 AGENT]: Opening plugin from path = /usr/local/lib/flexric/librc_sm.so 
[E2 AGENT]: Opening plugin from path = /usr/local/lib/flexric/libtc_sm.so 
[E2 AGENT]: Opening plugin from path = /usr/local/lib/flexric/librlc_sm.so 
[E2 AGENT]: Opening plugin from path = /usr/local/lib/flexric/libslice_sm.so 
[NEAR-RIC]: Loading SM ID = 2 with def = ORAN-E2SM-KPM 
[NEAR-RIC]: Loading SM ID = 142 with def = MAC_STATS_V0 
[NEAR-RIC]: Loading SM ID = 144 with def = PDCP_STATS_V0 
[NEAR-RIC]: Loading SM ID = 148 with def = GTP_STATS_V0 
[NEAR-RIC]: Loading SM ID = 3 with def = ORAN-E2SM-RC 
[NEAR-RIC]: Loading SM ID = 146 with def = TC_STATS_V0 
[NEAR-RIC]: Loading SM ID = 143 with def = RLC_STATS_V0 
[NEAR-RIC]: Loading SM ID = 145 with def = SLICE_STATS_V0 
[xApp]: DB filename = /tmp/flexric/xapp_db 
 [xApp]: E42 SETUP-REQUEST tx
[xApp]: E42 SETUP-RESPONSE rx 
[xApp]: xApp ID = 67 
[xApp]: Registered E2 Nodes = 4 
Connected E2 nodes = 4
[xAPP] Registered node 0 ran func id = 2 
 [xAPP] Registered node 0 ran func id = 3 
 [xAPP] Registered node 0 ran func id = 142 
 [xAPP] Registered node 0 ran func id = 143 
 [xAPP] Registered node 0 ran func id = 144 
 [xAPP] Registered node 0 ran func id = 145 
 [xAPP] Registered node 0 ran func id = 146 
 [xAPP] Registered node 0 ran func id = 148 
 [xApp]: E42 RIC SUBSCRIPTION REQUEST tx RAN_FUNC_ID 144 RIC_REQ_ID 1 
[xApp]: SUBSCRIPTION RESPONSE rx
[xApp]: Successfully subscribed to RAN_FUNC_ID 144 
[xAPP] Registered node 1 ran func id = 2 
 [xAPP] Registered node 1 ran func id = 3 
 [xAPP] Registered node 1 ran func id = 142 
 [xAPP] Registered node 1 ran func id = 143 
 [xAPP] Registered node 1 ran func id = 144 
 [xAPP] Registered node 1 ran func id = 145 
 [xAPP] Registered node 1 ran func id = 146 
 [xAPP] Registered node 1 ran func id = 148 
 [xApp]: E42 RIC SUBSCRIPTION REQUEST tx RAN_FUNC_ID 144 RIC_REQ_ID 2 
[xApp]: SUBSCRIPTION RESPONSE rx
[xApp]: Successfully subscribed to RAN_FUNC_ID 144 
[xAPP] Registered node 2 ran func id = 2 
 [xAPP] Registered node 2 ran func id = 3 
 [xAPP] Registered node 2 ran func id = 142 
 [xAPP] Registered node 2 ran func id = 143 
 [xAPP] Registered node 2 ran func id = 144 
 [xAPP] Registered node 2 ran func id = 145 
 [xAPP] Registered node 2 ran func id = 146 
 [xAPP] Registered node 2 ran func id = 148 
 [xApp]: E42 RIC SUBSCRIPTION REQUEST tx RAN_FUNC_ID 144 RIC_REQ_ID 3 
[xApp]: SUBSCRIPTION RESPONSE rx
[xApp]: Successfully subscribed to RAN_FUNC_ID 144 
[xAPP] Registered node 3 ran func id = 2 
 [xAPP] Registered node 3 ran func id = 3 
 [xAPP] Registered node 3 ran func id = 142 
 [xAPP] Registered node 3 ran func id = 143 
 [xAPP] Registered node 3 ran func id = 144 
 [xAPP] Registered node 3 ran func id = 145 
 [xAPP] Registered node 3 ran func id = 146 
 [xAPP] Registered node 3 ran func id = 148 
 [xApp]: E42 RIC SUBSCRIPTION REQUEST tx RAN_FUNC_ID 144 RIC_REQ_ID 4 
[xApp]: SUBSCRIPTION RESPONSE rx
[xApp]: Successfully subscribed to RAN_FUNC_ID 144 
112[UE 1 | RB 1] Throughput = 0.71491 Mbps | SE = 0.01873 bit/s/Hz
222[UE 1 | RB 1] Throughput = 1.31270 Mbps | SE = 0.03440 bit/s/Hz
322[UE 1 | RB 1] Throughput = 1.31558 Mbps | SE = 0.03448 bit/s/Hz
432[UE 1 | RB 1] Throughput = 0.65479 Mbps | SE = 0.01716 bit/s/Hz
532[UE 1 | RB 1] Throughput = 1.31548 Mbps | SE = 0.03447 bit/s/Hz
642[UE 1 | RB 1] Throughput = 1.09058 Mbps | SE = 0.02858 bit/s/Hz
742[UE 1 | RB 1] Throughput = 1.19478 Mbps | SE = 0.03131 bit/s/Hz
852[UE 1 | RB 1] Throughput = 0.87526 Mbps | SE = 0.02294 bit/s/Hz
962[UE 1 | RB 1] Throughput = 1.19671 Mbps | SE = 0.03136 bit/s/Hz
1072[UE 1 | RB 1] Throughput = 0.76493 Mbps | SE = 0.02005 bit/s/Hz
1172[UE 1 | RB 1] Throughput = 1.31269 Mbps | SE = 0.03440 bit/s/Hz
1282[UE 1 | RB 1] Throughput = 1.19928 Mbps | SE = 0.03143 bit/s/Hz
1392[UE 1 | RB 1] Throughput = 0.98125 Mbps | SE = 0.02571 bit/s/Hz
1502[UE 1 | RB 1] Throughput = 1.19705 Mbps | SE = 0.03137 bit/s/Hz
1612[UE 1 | RB 1] Throughput = 0.65427 Mbps | SE = 0.01715 bit/s/Hz
1712[UE 1 | RB 1] Throughput = 1.31602 Mbps | SE = 0.03449 bit/s/Hz
1822[UE 1 | RB 1] Throughput = 1.30551 Mbps | SE = 0.03421 bit/s/Hz
1932[UE 1 | RB 1] Throughput = 0.65423 Mbps | SE = 0.01714 bit/s/Hz
2042[UE 1 | RB 1] Throughput = 1.19803 Mbps | SE = 0.03139 bit/s/Hz
2152[UE 1 | RB 1] Throughput = 1.19938 Mbps | SE = 0.03143 bit/s/Hz
2262[UE 1 | RB 1] Throughput = 1.09210 Mbps | SE = 0.02862 bit/s/Hz
2362[UE 1 | RB 1] Throughput = 0.83660 Mbps | SE = 0.02192 bit/s/Hz
2462[UE 1 | RB 1] Throughput = 1.43719 Mbps | SE = 0.03766 bit/s/Hz
2572[UE 1 | RB 1] Throughput = 0.54551 Mbps | SE = 0.01430 bit/s/Hz
2672[UE 1 | RB 1] Throughput = 1.43531 Mbps | SE = 0.03761 bit/s/Hz
2773[UE 1 | RB 1] Throughput = 0.71678 Mbps | SE = 0.01878 bit/s/Hz
2882[UE 1 | RB 1] Throughput = 1.31320 Mbps | SE = 0.03441 bit/s/Hz
2992[UE 1 | RB 1] Throughput = 1.09191 Mbps | SE = 0.02861 bit/s/Hz
3092[UE 1 | RB 1] Throughput = 1.31794 Mbps | SE = 0.03454 bit/s/Hz
3192[UE 1 | RB 1] Throughput = 1.07386 Mbps | SE = 0.02814 bit/s/Hz
3302[UE 1 | RB 1] Throughput = 0.76333 Mbps | SE = 0.02000 bit/s/Hz
3412[UE 1 | RB 1] Throughput = 1.19812 Mbps | SE = 0.03140 bit/s/Hz
3512[UE 1 | RB 1] Throughput = 1.31657 Mbps | SE = 0.03450 bit/s/Hz
3622[UE 1 | RB 1] Throughput = 0.98312 Mbps | SE = 0.02576 bit/s/Hz
3722[UE 1 | RB 1] Throughput = 0.59823 Mbps | SE = 0.01568 bit/s/Hz
3832[UE 1 | RB 1] Throughput = 1.19875 Mbps | SE = 0.03141 bit/s/Hz
3942[UE 1 | RB 1] Throughput = 1.19573 Mbps | SE = 0.03133 bit/s/Hz
4052[UE 1 | RB 1] Throughput = 1.30829 Mbps | SE = 0.03428 bit/s/Hz
4162[UE 1 | RB 1] Throughput = 0.87341 Mbps | SE = 0.02289 bit/s/Hz
4272[UE 1 | RB 1] Throughput = 1.20221 Mbps | SE = 0.03150 bit/s/Hz
4382[UE 1 | RB 1] Throughput = 0.76124 Mbps | SE = 0.01995 bit/s/Hz
4482[UE 1 | RB 1] Throughput = 0.71822 Mbps | SE = 0.01882 bit/s/Hz
4592[UE 1 | RB 1] Throughput = 1.52956 Mbps | SE = 0.04008 bit/s/Hz
4692[UE 1 | RB 1] Throughput = 0.71793 Mbps | SE = 0.01881 bit/s/Hz
4802[UE 1 | RB 1] Throughput = 1.30151 Mbps | SE = 0.03411 bit/s/Hz
4903[UE 1 | RB 1] Throughput = 1.43314 Mbps | SE = 0.03756 bit/s/Hz
5012[UE 1 | RB 1] Throughput = 0.65887 Mbps | SE = 0.01727 bit/s/Hz
5122[UE 1 | RB 1] Throughput = 1.19582 Mbps | SE = 0.03134 bit/s/Hz
5222[UE 1 | RB 1] Throughput = 1.43497 Mbps | SE = 0.03760 bit/s/Hz
5332[UE 1 | RB 1] Throughput = 0.65433 Mbps | SE = 0.01715 bit/s/Hz
5432[UE 1 | RB 1] Throughput = 0.95845 Mbps | SE = 0.02512 bit/s/Hz
5542[UE 1 | RB 1] Throughput = 1.30596 Mbps | SE = 0.03422 bit/s/Hz
5642[UE 1 | RB 1] Throughput = 0.71823 Mbps | SE = 0.01882 bit/s/Hz
5752[UE 1 | RB 1] Throughput = 1.31240 Mbps | SE = 0.03439 bit/s/Hz
5862[UE 1 | RB 1] Throughput = 1.30367 Mbps | SE = 0.03416 bit/s/Hz
5972[UE 1 | RB 1] Throughput = 0.65581 Mbps | SE = 0.01719 bit/s/Hz
6072[UE 1 | RB 1] Throughput = 1.43794 Mbps | SE = 0.03768 bit/s/Hz
6172[UE 1 | RB 1] Throughput = 0.71792 Mbps | SE = 0.01881 bit/s/Hz
6282[UE 1 | RB 1] Throughput = 1.31032 Mbps | SE = 0.03434 bit/s/Hz
6382[UE 1 | RB 1] Throughput = 1.19246 Mbps | SE = 0.03125 bit/s/Hz
6482[UE 1 | RB 1] Throughput = 0.95867 Mbps | SE = 0.02512 bit/s/Hz
6592[UE 1 | RB 1] Throughput = 0.98443 Mbps | SE = 0.02580 bit/s/Hz
6692[UE 1 | RB 1] Throughput = 1.19666 Mbps | SE = 0.03136 bit/s/Hz
6792[UE 1 | RB 1] Throughput = 0.95787 Mbps | SE = 0.02510 bit/s/Hz
6903[UE 1 | RB 1] Throughput = 0.97634 Mbps | SE = 0.02559 bit/s/Hz
7012[UE 1 | RB 1] Throughput = 1.31286 Mbps | SE = 0.03440 bit/s/Hz
7122[UE 1 | RB 1] Throughput = 0.65329 Mbps | SE = 0.01712 bit/s/Hz
7232[UE 1 | RB 1] Throughput = 1.30529 Mbps | SE = 0.03421 bit/s/Hz
7342[UE 1 | RB 1] Throughput = 1.09211 Mbps | SE = 0.02862 bit/s/Hz
7442[UE 1 | RB 1] Throughput = 1.19730 Mbps | SE = 0.03138 bit/s/Hz
7552[UE 1 | RB 1] Throughput = 1.09162 Mbps | SE = 0.02861 bit/s/Hz
7652[UE 1 | RB 1] Throughput = 0.95757 Mbps | SE = 0.02509 bit/s/Hz
7762[UE 1 | RB 1] Throughput = 1.08667 Mbps | SE = 0.02848 bit/s/Hz
7872[UE 1 | RB 1] Throughput = 1.20155 Mbps | SE = 0.03149 bit/s/Hz
7972[UE 1 | RB 1] Throughput = 0.71755 Mbps | SE = 0.01880 bit/s/Hz
8082[UE 1 | RB 1] Throughput = 1.20139 Mbps | SE = 0.03148 bit/s/Hz
8182[UE 1 | RB 1] Throughput = 1.19565 Mbps | SE = 0.03133 bit/s/Hz
8292[UE 1 | RB 1] Throughput = 0.76417 Mbps | SE = 0.02003 bit/s/Hz
8402[UE 1 | RB 1] Throughput = 1.19789 Mbps | SE = 0.03139 bit/s/Hz
8512[UE 1 | RB 1] Throughput = 1.30754 Mbps | SE = 0.03426 bit/s/Hz
8622[UE 1 | RB 1] Throughput = 0.65378 Mbps | SE = 0.01713 bit/s/Hz
8722[UE 1 | RB 1] Throughput = 1.31698 Mbps | SE = 0.03451 bit/s/Hz
8822[UE 1 | RB 1] Throughput = 1.31506 Mbps | SE = 0.03446 bit/s/Hz
8932[UE 1 | RB 1] Throughput = 1.08964 Mbps | SE = 0.02855 bit/s/Hz
9042[UE 1 | RB 1] Throughput = 0.76242 Mbps | SE = 0.01998 bit/s/Hz
9152[UE 1 | RB 1] Throughput = 1.31001 Mbps | SE = 0.03433 bit/s/Hz
9252[UE 1 | RB 1] Throughput = 0.71850 Mbps | SE = 0.01883 bit/s/Hz
9362[UE 1 | RB 1] Throughput = 1.31160 Mbps | SE = 0.03437 bit/s/Hz
9462[UE 1 | RB 1] Throughput = 1.19551 Mbps | SE = 0.03133 bit/s/Hz
9572[UE 1 | RB 1] Throughput = 0.76356 Mbps | SE = 0.02001 bit/s/Hz
9673[UE 1 | RB 1] Throughput = 1.31274 Mbps | SE = 0.03440 bit/s/Hz
9782[UE 1 | RB 1] Throughput = 0.98198 Mbps | SE = 0.02573 bit/s/Hz
9892[UE 1 | RB 1] Throughput = 1.31029 Mbps | SE = 0.03434 bit/s/Hz
9992[UE 1 | RB 1] Throughput = 0.71767 Mbps | SE = 0.01881 bit/s/Hz
10102[UE 1 | RB 1] Throughput = 1.30931 Mbps | SE = 0.03431 bit/s/Hz
10202[UE 1 | RB 1] Throughput = 0.59732 Mbps | SE = 0.01565 bit/s/Hz
10312[UE 1 | RB 1] Throughput = 1.31128 Mbps | SE = 0.03436 bit/s/Hz
10412[UE 1 | RB 1] Throughput = 1.31375 Mbps | SE = 0.03443 bit/s/Hz
10522[UE 1 | RB 1] Throughput = 0.65451 Mbps | SE = 0.01715 bit/s/Hz
10622[UE 1 | RB 1] Throughput = 0.95850 Mbps | SE = 0.02512 bit/s/Hz
10723[UE 1 | RB 1] Throughput = 1.31573 Mbps | SE = 0.03448 bit/s/Hz
10832[UE 1 | RB 1] Throughput = 1.30982 Mbps | SE = 0.03432 bit/s/Hz
10942[UE 1 | RB 1] Throughput = 0.65310 Mbps | SE = 0.01711 bit/s/Hz
11052[UE 1 | RB 1] Throughput = 1.41741 Mbps | SE = 0.03714 bit/s/Hz
11162[UE 1 | RB 1] Throughput = 1.09095 Mbps | SE = 0.02859 bit/s/Hz
11272[UE 1 | RB 1] Throughput = 0.98106 Mbps | SE = 0.02571 bit/s/Hz
11372[UE 1 | RB 1] Throughput = 1.19684 Mbps | SE = 0.03136 bit/s/Hz
11482[UE 1 | RB 1] Throughput = 0.65352 Mbps | SE = 0.01713 bit/s/Hz
11592[UE 1 | RB 1] Throughput = 1.30758 Mbps | SE = 0.03427 bit/s/Hz
11702[UE 1 | RB 1] Throughput = 0.65331 Mbps | SE = 0.01712 bit/s/Hz
11802[UE 1 | RB 1] Throughput = 1.55683 Mbps | SE = 0.04080 bit/s/Hz
11902[UE 1 | RB 1] Throughput = 1.31729 Mbps | SE = 0.03452 bit/s/Hz
12002[UE 1 | RB 1] Throughput = 0.59906 Mbps | SE = 0.01570 bit/s/Hz
12102[UE 1 | RB 1] Throughput = 1.43801 Mbps | SE = 0.03768 bit/s/Hz
12213[UE 1 | RB 1] Throughput = 0.86948 Mbps | SE = 0.02279 bit/s/Hz
12322[UE 1 | RB 1] Throughput = 1.20208 Mbps | SE = 0.03150 bit/s/Hz
12432[UE 1 | RB 1] Throughput = 0.65328 Mbps | SE = 0.01712 bit/s/Hz
12542[UE 1 | RB 1] Throughput = 1.41966 Mbps | SE = 0.03720 bit/s/Hz
12642[UE 1 | RB 1] Throughput = 1.31641 Mbps | SE = 0.03450 bit/s/Hz
12753[UE 1 | RB 1] Throughput = 0.75539 Mbps | SE = 0.01980 bit/s/Hz
12862[UE 1 | RB 1] Throughput = 1.32062 Mbps | SE = 0.03461 bit/s/Hz
12962[UE 1 | RB 1] Throughput = 0.71880 Mbps | SE = 0.01884 bit/s/Hz
13072[UE 1 | RB 1] Throughput = 0.87154 Mbps | SE = 0.02284 bit/s/Hz
13173[UE 1 | RB 1] Throughput = 1.43511 Mbps | SE = 0.03761 bit/s/Hz
13273[UE 1 | RB 1] Throughput = 0.71773 Mbps | SE = 0.01881 bit/s/Hz
13382[UE 1 | RB 1] Throughput = 1.31007 Mbps | SE = 0.03433 bit/s/Hz
13493[UE 1 | RB 1] Throughput = 1.30634 Mbps | SE = 0.03423 bit/s/Hz
13602[UE 1 | RB 1] Throughput = 0.65541 Mbps | SE = 0.01718 bit/s/Hz
13702[UE 1 | RB 1] Throughput = 1.31770 Mbps | SE = 0.03453 bit/s/Hz
13812[UE 1 | RB 1] Throughput = 1.19936 Mbps | SE = 0.03143 bit/s/Hz
13912[UE 1 | RB 1] Throughput = 0.59812 Mbps | SE = 0.01567 bit/s/Hz
14022[UE 1 | RB 1] Throughput = 1.41553 Mbps | SE = 0.03709 bit/s/Hz
14123[UE 1 | RB 1] Throughput = 1.31734 Mbps | SE = 0.03452 bit/s/Hz
14233[UE 1 | RB 1] Throughput = 0.65265 Mbps | SE = 0.01710 bit/s/Hz
14342[UE 1 | RB 1] Throughput = 1.31118 Mbps | SE = 0.03436 bit/s/Hz
14452[UE 1 | RB 1] Throughput = 1.30850 Mbps | SE = 0.03429 bit/s/Hz
14552[UE 1 | RB 1] Throughput = 0.83816 Mbps | SE = 0.02196 bit/s/Hz
14662[UE 1 | RB 1] Throughput = 0.87497 Mbps | SE = 0.02293 bit/s/Hz
14763[UE 1 | RB 1] Throughput = 1.42984 Mbps | SE = 0.03747 bit/s/Hz
14872[UE 1 | RB 1] Throughput = 0.65574 Mbps | SE = 0.01718 bit/s/Hz
14972[UE 1 | RB 1] Throughput = 1.31566 Mbps | SE = 0.03448 bit/s/Hz
15082[UE 1 | RB 1] Throughput = 1.08989 Mbps | SE = 0.02856 bit/s/Hz
15192[UE 1 | RB 1] Throughput = 0.87217 Mbps | SE = 0.02286 bit/s/Hz
15292[UE 1 | RB 1] Throughput = 1.43613 Mbps | SE = 0.03763 bit/s/Hz
15393[UE 1 | RB 1] Throughput = 0.83787 Mbps | SE = 0.02196 bit/s/Hz
15502[UE 1 | RB 1] Throughput = 1.30793 Mbps | SE = 0.03427 bit/s/Hz
15612[UE 1 | RB 1] Throughput = 0.65479 Mbps | SE = 0.01716 bit/s/Hz
15722[UE 1 | RB 1] Throughput = 1.30862 Mbps | SE = 0.03429 bit/s/Hz
15822[UE 1 | RB 1] Throughput = 0.71796 Mbps | SE = 0.01881 bit/s/Hz
15923[UE 1 | RB 1] Throughput = 1.42823 Mbps | SE = 0.03743 bit/s/Hz
16032[UE 1 | RB 1] Throughput = 0.65864 Mbps | SE = 0.01726 bit/s/Hz
16132[UE 1 | RB 1] Throughput = 1.43765 Mbps | SE = 0.03767 bit/s/Hz
16242[UE 1 | RB 1] Throughput = 0.76092 Mbps | SE = 0.01994 bit/s/Hz
16352[UE 1 | RB 1] Throughput = 1.20033 Mbps | SE = 0.03146 bit/s/Hz
16452[UE 1 | RB 1] Throughput = 1.31682 Mbps | SE = 0.03451 bit/s/Hz
16562[UE 1 | RB 1] Throughput = 1.30743 Mbps | SE = 0.03426 bit/s/Hz
16672[UE 1 | RB 1] Throughput = 0.54501 Mbps | SE = 0.01428 bit/s/Hz
16773[UE 1 | RB 1] Throughput = 1.43351 Mbps | SE = 0.03757 bit/s/Hz
16882[UE 1 | RB 1] Throughput = 0.76397 Mbps | SE = 0.02002 bit/s/Hz
16983[UE 1 | RB 1] Throughput = 1.31758 Mbps | SE = 0.03453 bit/s/Hz
17092[UE 1 | RB 1] Throughput = 1.30875 Mbps | SE = 0.03430 bit/s/Hz
17202[UE 1 | RB 1] Throughput = 0.65379 Mbps | SE = 0.01713 bit/s/Hz
17303[UE 1 | RB 1] Throughput = 1.31633 Mbps | SE = 0.03450 bit/s/Hz
17413[UE 1 | RB 1] Throughput = 1.19848 Mbps | SE = 0.03141 bit/s/Hz
17522[UE 1 | RB 1] Throughput = 0.65595 Mbps | SE = 0.01719 bit/s/Hz
17622[UE 1 | RB 1] Throughput = 1.43409 Mbps | SE = 0.03758 bit/s/Hz
17732[UE 1 | RB 1] Throughput = 1.19844 Mbps | SE = 0.03141 bit/s/Hz
17842[UE 1 | RB 1] Throughput = 0.54644 Mbps | SE = 0.01432 bit/s/Hz
17942[UE 1 | RB 1] Throughput = 1.31474 Mbps | SE = 0.03445 bit/s/Hz
18052[UE 1 | RB 1] Throughput = 1.08916 Mbps | SE = 0.02854 bit/s/Hz
18152[UE 1 | RB 1] Throughput = 1.31781 Mbps | SE = 0.03453 bit/s/Hz
18262[UE 1 | RB 1] Throughput = 0.54482 Mbps | SE = 0.01428 bit/s/Hz
18372[UE 1 | RB 1] Throughput = 1.30839 Mbps | SE = 0.03429 bit/s/Hz
18482[UE 1 | RB 1] Throughput = 1.08871 Mbps | SE = 0.02853 bit/s/Hz
18592[UE 1 | RB 1] Throughput = 1.09083 Mbps | SE = 0.02859 bit/s/Hz
18702[UE 1 | RB 1] Throughput = 1.19687 Mbps | SE = 0.03136 bit/s/Hz
18812[UE 1 | RB 1] Throughput = 0.76231 Mbps | SE = 0.01998 bit/s/Hz
18912[UE 1 | RB 1] Throughput = 1.43779 Mbps | SE = 0.03768 bit/s/Hz
19022[UE 1 | RB 1] Throughput = 1.20025 Mbps | SE = 0.03145 bit/s/Hz
19132[UE 1 | RB 1] Throughput = 0.76290 Mbps | SE = 0.01999 bit/s/Hz
19242[UE 1 | RB 1] Throughput = 1.30725 Mbps | SE = 0.03426 bit/s/Hz
19352[UE 1 | RB 1] Throughput = 0.65381 Mbps | SE = 0.01713 bit/s/Hz
19452[UE 1 | RB 1] Throughput = 1.19619 Mbps | SE = 0.03135 bit/s/Hz
19553[UE 1 | RB 1] Throughput = 1.31545 Mbps | SE = 0.03447 bit/s/Hz
19662[UE 1 | RB 1] Throughput = 0.98289 Mbps | SE = 0.02576 bit/s/Hz
19772[UE 1 | RB 1] Throughput = 0.87186 Mbps | SE = 0.02285 bit/s/Hz
19882[UE 1 | RB 1] Throughput = 1.20091 Mbps | SE = 0.03147 bit/s/Hz
19985[UE 1 | RB 1] Throughput = 0.92960 Mbps | SE = 0.02436 bit/s/Hz
20092[UE 1 | RB 1] Throughput = 1.34217 Mbps | SE = 0.03517 bit/s/Hz
20202[UE 1 | RB 1] Throughput = 0.87376 Mbps | SE = 0.02290 bit/s/Hz
20302[UE 1 | RB 1] Throughput = 1.43355 Mbps | SE = 0.03757 bit/s/Hz
20412[UE 1 | RB 1] Throughput = 0.76482 Mbps | SE = 0.02004 bit/s/Hz
20512[UE 1 | RB 1] Throughput = 1.31752 Mbps | SE = 0.03453 bit/s/Hz
20612[UE 1 | RB 1] Throughput = 0.83846 Mbps | SE = 0.02197 bit/s/Hz
20712[UE 1 | RB 1] Throughput = 0.71688 Mbps | SE = 0.01879 bit/s/Hz
20822[UE 1 | RB 1] Throughput = 1.30863 Mbps | SE = 0.03429 bit/s/Hz
20932[UE 1 | RB 1] Throughput = 1.19831 Mbps | SE = 0.03140 bit/s/Hz
21042[UE 1 | RB 1] Throughput = 0.98195 Mbps | SE = 0.02573 bit/s/Hz
21152[UE 1 | RB 1] Throughput = 1.30771 Mbps | SE = 0.03427 bit/s/Hz
21253[UE 1 | RB 1] Throughput = 0.95358 Mbps | SE = 0.02499 bit/s/Hz
21362[UE 1 | RB 1] Throughput = 0.65502 Mbps | SE = 0.01717 bit/s/Hz
21472[UE 1 | RB 1] Throughput = 1.31181 Mbps | SE = 0.03438 bit/s/Hz
21572[UE 1 | RB 1] Throughput = 1.43664 Mbps | SE = 0.03765 bit/s/Hz
21672[UE 1 | RB 1] Throughput = 0.83692 Mbps | SE = 0.02193 bit/s/Hz
21782[UE 1 | RB 1] Throughput = 1.30765 Mbps | SE = 0.03427 bit/s/Hz
21892[UE 1 | RB 1] Throughput = 0.65485 Mbps | SE = 0.01716 bit/s/Hz
21992[UE 1 | RB 1] Throughput = 1.43804 Mbps | SE = 0.03768 bit/s/Hz
22092[UE 1 | RB 1] Throughput = 0.83784 Mbps | SE = 0.02196 bit/s/Hz
22193[UE 1 | RB 1] Throughput = 0.71723 Mbps | SE = 0.01880 bit/s/Hz
22302[UE 1 | RB 1] Throughput = 1.64080 Mbps | SE = 0.04300 bit/s/Hz
22403[UE 1 | RB 1] Throughput = 0.71613 Mbps | SE = 0.01877 bit/s/Hz
22512[UE 1 | RB 1] Throughput = 1.31056 Mbps | SE = 0.03434 bit/s/Hz
22613[UE 1 | RB 1] Throughput = 0.95626 Mbps | SE = 0.02506 bit/s/Hz
22713[UE 1 | RB 1] Throughput = 0.71882 Mbps | SE = 0.01884 bit/s/Hz
22822[UE 1 | RB 1] Throughput = 1.31214 Mbps | SE = 0.03439 bit/s/Hz
22922[UE 1 | RB 1] Throughput = 1.31598 Mbps | SE = 0.03449 bit/s/Hz
23022[UE 1 | RB 1] Throughput = 0.95791 Mbps | SE = 0.02510 bit/s/Hz
23123[UE 1 | RB 1] Throughput = 1.19480 Mbps | SE = 0.03131 bit/s/Hz
23232[UE 1 | RB 1] Throughput = 0.87502 Mbps | SE = 0.02293 bit/s/Hz
23342[UE 1 | RB 1] Throughput = 0.87040 Mbps | SE = 0.02281 bit/s/Hz
23443[UE 1 | RB 1] Throughput = 1.43618 Mbps | SE = 0.03764 bit/s/Hz
23552[UE 1 | RB 1] Throughput = 0.65560 Mbps | SE = 0.01718 bit/s/Hz
23652[UE 1 | RB 1] Throughput = 1.43542 Mbps | SE = 0.03762 bit/s/Hz
23762[UE 1 | RB 1] Throughput = 0.76301 Mbps | SE = 0.01999 bit/s/Hz
23872[UE 1 | RB 1] Throughput = 1.19779 Mbps | SE = 0.03139 bit/s/Hz
23972[UE 1 | RB 1] Throughput = 1.43763 Mbps | SE = 0.03767 bit/s/Hz
24082[UE 1 | RB 1] Throughput = 0.65381 Mbps | SE = 0.01713 bit/s/Hz
24182[UE 1 | RB 1] Throughput = 1.43775 Mbps | SE = 0.03768 bit/s/Hz
24292[UE 1 | RB 1] Throughput = 0.87223 Mbps | SE = 0.02286 bit/s/Hz
24402[UE 1 | RB 1] Throughput = 0.87194 Mbps | SE = 0.02285 bit/s/Hz
24502[UE 1 | RB 1] Throughput = 1.43637 Mbps | SE = 0.03764 bit/s/Hz
24612[UE 1 | RB 1] Throughput = 1.19968 Mbps | SE = 0.03144 bit/s/Hz
24713[UE 1 | RB 1] Throughput = 0.83747 Mbps | SE = 0.02195 bit/s/Hz
24822[UE 1 | RB 1] Throughput = 0.76429 Mbps | SE = 0.02003 bit/s/Hz
24923[UE 1 | RB 1] Throughput = 1.43392 Mbps | SE = 0.03758 bit/s/Hz
25032[UE 1 | RB 1] Throughput = 1.09077 Mbps | SE = 0.02858 bit/s/Hz
25142[UE 1 | RB 1] Throughput = 0.98260 Mbps | SE = 0.02575 bit/s/Hz
25242[UE 1 | RB 1] Throughput = 1.31695 Mbps | SE = 0.03451 bit/s/Hz
25342[UE 1 | RB 1] Throughput = 0.71858 Mbps | SE = 0.01883 bit/s/Hz
25452[UE 1 | RB 1] Throughput = 1.30619 Mbps | SE = 0.03423 bit/s/Hz
25553[UE 1 | RB 1] Throughput = 0.71836 Mbps | SE = 0.01882 bit/s/Hz
25653[UE 1 | RB 1] Throughput = 1.43715 Mbps | SE = 0.03766 bit/s/Hz
25763[UE 1 | RB 1] Throughput = 0.65377 Mbps | SE = 0.01713 bit/s/Hz
25872[UE 1 | RB 1] Throughput = 1.31108 Mbps | SE = 0.03436 bit/s/Hz
25972[UE 1 | RB 1] Throughput = 1.19755 Mbps | SE = 0.03138 bit/s/Hz
26073[UE 1 | RB 1] Throughput = 0.71789 Mbps | SE = 0.01881 bit/s/Hz
26182[UE 1 | RB 1] Throughput = 1.30902 Mbps | SE = 0.03430 bit/s/Hz
26283[UE 1 | RB 1] Throughput = 0.71805 Mbps | SE = 0.01882 bit/s/Hz
26383[UE 1 | RB 1] Throughput = 1.43578 Mbps | SE = 0.03763 bit/s/Hz
26492[UE 1 | RB 1] Throughput = 1.20246 Mbps | SE = 0.03151 bit/s/Hz
26602[UE 1 | RB 1] Throughput = 0.87002 Mbps | SE = 0.02280 bit/s/Hz
26712[UE 1 | RB 1] Throughput = 1.08996 Mbps | SE = 0.02856 bit/s/Hz
26823[UE 1 | RB 1] Throughput = 1.19733 Mbps | SE = 0.03138 bit/s/Hz
26932[UE 1 | RB 1] Throughput = 1.20099 Mbps | SE = 0.03147 bit/s/Hz
27032[UE 1 | RB 1] Throughput = 0.71900 Mbps | SE = 0.01884 bit/s/Hz
27142[UE 1 | RB 1] Throughput = 1.30942 Mbps | SE = 0.03431 bit/s/Hz
27242[UE 1 | RB 1] Throughput = 0.71682 Mbps | SE = 0.01878 bit/s/Hz
27343[UE 1 | RB 1] Throughput = 1.31604 Mbps | SE = 0.03449 bit/s/Hz
27443[UE 1 | RB 1] Throughput = 1.07816 Mbps | SE = 0.02825 bit/s/Hz
27552[UE 1 | RB 1] Throughput = 1.09243 Mbps | SE = 0.02863 bit/s/Hz
27652[UE 1 | RB 1] Throughput = 0.71854 Mbps | SE = 0.01883 bit/s/Hz
27762[UE 1 | RB 1] Throughput = 1.30904 Mbps | SE = 0.03430 bit/s/Hz
27872[UE 1 | RB 1] Throughput = 1.19663 Mbps | SE = 0.03136 bit/s/Hz
27982[UE 1 | RB 1] Throughput = 0.65547 Mbps | SE = 0.01718 bit/s/Hz
28082[UE 1 | RB 1] Throughput = 1.43680 Mbps | SE = 0.03765 bit/s/Hz
28182[UE 1 | RB 1] Throughput = 0.71899 Mbps | SE = 0.01884 bit/s/Hz
28292[UE 1 | RB 1] Throughput = 1.30621 Mbps | SE = 0.03423 bit/s/Hz
28393[UE 1 | RB 1] Throughput = 0.71747 Mbps | SE = 0.01880 bit/s/Hz
28503[UE 1 | RB 1] Throughput = 1.52335 Mbps | SE = 0.03992 bit/s/Hz
28612[UE 1 | RB 1] Throughput = 0.87458 Mbps | SE = 0.02292 bit/s/Hz
28713[UE 1 | RB 1] Throughput = 1.42871 Mbps | SE = 0.03744 bit/s/Hz
28822[UE 1 | RB 1] Throughput = 0.65760 Mbps | SE = 0.01723 bit/s/Hz
28932[UE 1 | RB 1] Throughput = 1.30861 Mbps | SE = 0.03429 bit/s/Hz
29033[UE 1 | RB 1] Throughput = 0.71635 Mbps | SE = 0.01877 bit/s/Hz
29133[UE 1 | RB 1] Throughput = 1.43749 Mbps | SE = 0.03767 bit/s/Hz
29243[UE 1 | RB 1] Throughput = 0.65410 Mbps | SE = 0.01714 bit/s/Hz
29353[UE 1 | RB 1] Throughput = 1.30736 Mbps | SE = 0.03426 bit/s/Hz
29463[UE 1 | RB 1] Throughput = 0.87087 Mbps | SE = 0.02282 bit/s/Hz
29572[UE 1 | RB 1] Throughput = 1.31098 Mbps | SE = 0.03435 bit/s/Hz
29673[UE 1 | RB 1] Throughput = 0.83716 Mbps | SE = 0.02194 bit/s/Hz
29782[UE 1 | RB 1] Throughput = 1.20170 Mbps | SE = 0.03149 bit/s/Hz
29882[UE 1 | RB 1] Throughput = 0.95636 Mbps | SE = 0.02506 bit/s/Hz
29983[UE 1 | RB 1] Throughput = 1.43693 Mbps | SE = 0.03766 bit/s/Hz
30083[UE 1 | RB 1] Throughput = 0.71853 Mbps | SE = 0.01883 bit/s/Hz
30193[UE 1 | RB 1] Throughput = 1.19778 Mbps | SE = 0.03139 bit/s/Hz
30303[UE 1 | RB 1] Throughput = 0.87264 Mbps | SE = 0.02287 bit/s/Hz
30403[UE 1 | RB 1] Throughput = 1.43636 Mbps | SE = 0.03764 bit/s/Hz
30505[UE 1 | RB 1] Throughput = 0.93663 Mbps | SE = 0.02454 bit/s/Hz
30612[UE 1 | RB 1] Throughput = 1.33861 Mbps | SE = 0.03508 bit/s/Hz
30713[UE 1 | RB 1] Throughput = 0.71764 Mbps | SE = 0.01881 bit/s/Hz
30823[UE 1 | RB 1] Throughput = 0.75906 Mbps | SE = 0.01989 bit/s/Hz
30933[UE 1 | RB 1] Throughput = 1.64411 Mbps | SE = 0.04308 bit/s/Hz
31042[UE 1 | RB 1] Throughput = 0.76429 Mbps | SE = 0.02003 bit/s/Hz
31143[UE 1 | RB 1] Throughput = 1.43236 Mbps | SE = 0.03754 bit/s/Hz
31252[UE 1 | RB 1] Throughput = 0.76564 Mbps | SE = 0.02006 bit/s/Hz
31352[UE 1 | RB 1] Throughput = 1.43614 Mbps | SE = 0.03763 bit/s/Hz
31453[UE 1 | RB 1] Throughput = 0.71716 Mbps | SE = 0.01879 bit/s/Hz
31563[UE 1 | RB 1] Throughput = 0.87132 Mbps | SE = 0.02283 bit/s/Hz
31672[UE 1 | RB 1] Throughput = 1.20253 Mbps | SE = 0.03151 bit/s/Hz
31772[UE 1 | RB 1] Throughput = 1.43616 Mbps | SE = 0.03764 bit/s/Hz
31872[UE 1 | RB 1] Throughput = 0.71882 Mbps | SE = 0.01884 bit/s/Hz
31972[UE 1 | RB 1] Throughput = 0.83880 Mbps | SE = 0.02198 bit/s/Hz
32073[UE 1 | RB 1] Throughput = 1.43672 Mbps | SE = 0.03765 bit/s/Hz
32183[UE 1 | RB 1] Throughput = 0.87068 Mbps | SE = 0.02282 bit/s/Hz
32292[UE 1 | RB 1] Throughput = 1.41958 Mbps | SE = 0.03720 bit/s/Hz
32393[UE 1 | RB 1] Throughput = 0.71806 Mbps | SE = 0.01882 bit/s/Hz
32503[UE 1 | RB 1] Throughput = 1.30667 Mbps | SE = 0.03424 bit/s/Hz
32603[UE 1 | RB 1] Throughput = 0.71885 Mbps | SE = 0.01884 bit/s/Hz
32712[UE 1 | RB 1] Throughput = 1.20039 Mbps | SE = 0.03146 bit/s/Hz
32813[UE 1 | RB 1] Throughput = 1.43717 Mbps | SE = 0.03766 bit/s/Hz
32923[UE 1 | RB 1] Throughput = 0.76070 Mbps | SE = 0.01993 bit/s/Hz
33032[UE 1 | RB 1] Throughput = 1.09324 Mbps | SE = 0.02865 bit/s/Hz
33133[UE 1 | RB 1] Throughput = 1.31548 Mbps | SE = 0.03447 bit/s/Hz
33243[UE 1 | RB 1] Throughput = 1.08959 Mbps | SE = 0.02855 bit/s/Hz
33352[UE 1 | RB 1] Throughput = 0.87244 Mbps | SE = 0.02286 bit/s/Hz
33453[UE 1 | RB 1] Throughput = 1.19721 Mbps | SE = 0.03137 bit/s/Hz
33562[UE 1 | RB 1] Throughput = 0.98292 Mbps | SE = 0.02576 bit/s/Hz
33672[UE 1 | RB 1] Throughput = 1.09113 Mbps | SE = 0.02859 bit/s/Hz
33772[UE 1 | RB 1] Throughput = 0.95666 Mbps | SE = 0.02507 bit/s/Hz
33882[UE 1 | RB 1] Throughput = 1.19819 Mbps | SE = 0.03140 bit/s/Hz
33992[UE 1 | RB 1] Throughput = 0.76209 Mbps | SE = 0.01997 bit/s/Hz
34102[UE 1 | RB 1] Throughput = 1.30931 Mbps | SE = 0.03431 bit/s/Hz
34212[UE 1 | RB 1] Throughput = 0.97975 Mbps | SE = 0.02567 bit/s/Hz
34313[UE 1 | RB 1] Throughput = 1.19658 Mbps | SE = 0.03136 bit/s/Hz
34423[UE 1 | RB 1] Throughput = 1.08877 Mbps | SE = 0.02853 bit/s/Hz
34532[UE 1 | RB 1] Throughput = 0.98323 Mbps | SE = 0.02577 bit/s/Hz
34632[UE 1 | RB 1] Throughput = 1.43686 Mbps | SE = 0.03765 bit/s/Hz
34732[UE 1 | RB 1] Throughput = 0.95838 Mbps | SE = 0.02511 bit/s/Hz
34843[UE 1 | RB 1] Throughput = 0.97644 Mbps | SE = 0.02559 bit/s/Hz
34952[UE 1 | RB 1] Throughput = 1.20293 Mbps | SE = 0.03152 bit/s/Hz
35053[UE 1 | RB 1] Throughput = 1.07781 Mbps | SE = 0.02824 bit/s/Hz
35153[UE 1 | RB 1] Throughput = 0.71857 Mbps | SE = 0.01883 bit/s/Hz
35253[UE 1 | RB 1] Throughput = 1.31661 Mbps | SE = 0.03450 bit/s/Hz
35363[UE 1 | RB 1] Throughput = 0.76290 Mbps | SE = 0.01999 bit/s/Hz
35472[UE 1 | RB 1] Throughput = 1.42115 Mbps | SE = 0.03724 bit/s/Hz
35573[UE 1 | RB 1] Throughput = 0.71726 Mbps | SE = 0.01880 bit/s/Hz
35673[UE 1 | RB 1] Throughput = 1.43745 Mbps | SE = 0.03767 bit/s/Hz
35783[UE 1 | RB 1] Throughput = 0.65285 Mbps | SE = 0.01711 bit/s/Hz
35883[UE 1 | RB 1] Throughput = 1.42786 Mbps | SE = 0.03742 bit/s/Hz
35993[UE 1 | RB 1] Throughput = 0.87915 Mbps | SE = 0.02304 bit/s/Hz
36102[UE 1 | RB 1] Throughput = 1.19974 Mbps | SE = 0.03144 bit/s/Hz
36203[UE 1 | RB 1] Throughput = 0.83768 Mbps | SE = 0.02195 bit/s/Hz
36313[UE 1 | RB 1] Throughput = 1.19814 Mbps | SE = 0.03140 bit/s/Hz
36422[UE 1 | RB 1] Throughput = 1.31059 Mbps | SE = 0.03434 bit/s/Hz
36522[UE 1 | RB 1] Throughput = 0.95819 Mbps | SE = 0.02511 bit/s/Hz
36632[UE 1 | RB 1] Throughput = 1.19719 Mbps | SE = 0.03137 bit/s/Hz
36733[UE 1 | RB 1] Throughput = 0.83837 Mbps | SE = 0.02197 bit/s/Hz
36843[UE 1 | RB 1] Throughput = 1.08899 Mbps | SE = 0.02854 bit/s/Hz
36943[UE 1 | RB 1] Throughput = 0.83823 Mbps | SE = 0.02197 bit/s/Hz
37052[UE 1 | RB 1] Throughput = 1.41928 Mbps | SE = 0.03719 bit/s/Hz
37153[UE 1 | RB 1] Throughput = 0.71654 Mbps | SE = 0.01878 bit/s/Hz
37263[UE 1 | RB 1] Throughput = 1.09125 Mbps | SE = 0.02860 bit/s/Hz
37373[UE 1 | RB 1] Throughput = 1.41494 Mbps | SE = 0.03708 bit/s/Hz
37473[UE 1 | RB 1] Throughput = 0.71849 Mbps | SE = 0.01883 bit/s/Hz
37583[UE 1 | RB 1] Throughput = 1.20062 Mbps | SE = 0.03146 bit/s/Hz
37693[UE 1 | RB 1] Throughput = 1.19746 Mbps | SE = 0.03138 bit/s/Hz
37802[UE 1 | RB 1] Throughput = 0.76421 Mbps | SE = 0.02003 bit/s/Hz
37902[UE 1 | RB 1] Throughput = 1.31816 Mbps | SE = 0.03454 bit/s/Hz
38002[UE 1 | RB 1] Throughput = 0.71904 Mbps | SE = 0.01884 bit/s/Hz
38113[UE 1 | RB 1] Throughput = 1.19724 Mbps | SE = 0.03137 bit/s/Hz
38222[UE 1 | RB 1] Throughput = 1.20001 Mbps | SE = 0.03145 bit/s/Hz
38322[UE 1 | RB 1] Throughput = 1.31688 Mbps | SE = 0.03451 bit/s/Hz
38432[UE 1 | RB 1] Throughput = 0.76278 Mbps | SE = 0.01999 bit/s/Hz
38542[UE 1 | RB 1] Throughput = 1.19812 Mbps | SE = 0.03140 bit/s/Hz
38652[UE 1 | RB 1] Throughput = 1.19890 Mbps | SE = 0.03142 bit/s/Hz
38763[UE 1 | RB 1] Throughput = 0.76163 Mbps | SE = 0.01996 bit/s/Hz
38873[UE 1 | RB 1] Throughput = 1.19771 Mbps | SE = 0.03139 bit/s/Hz
38973[UE 1 | RB 1] Throughput = 0.83882 Mbps | SE = 0.02198 bit/s/Hz
39083[UE 1 | RB 1] Throughput = 1.19860 Mbps | SE = 0.03141 bit/s/Hz
39192[UE 1 | RB 1] Throughput = 0.98438 Mbps | SE = 0.02580 bit/s/Hz
39292[UE 1 | RB 1] Throughput = 1.31531 Mbps | SE = 0.03447 bit/s/Hz
39392[UE 1 | RB 1] Throughput = 0.71851 Mbps | SE = 0.01883 bit/s/Hz
39502[UE 1 | RB 1] Throughput = 1.30929 Mbps | SE = 0.03431 bit/s/Hz
39602[UE 1 | RB 1] Throughput = 0.71887 Mbps | SE = 0.01884 bit/s/Hz
39703[UE 1 | RB 1] Throughput = 1.43422 Mbps | SE = 0.03758 bit/s/Hz
39803[UE 1 | RB 1] Throughput = 1.19652 Mbps | SE = 0.03136 bit/s/Hz
39913[UE 1 | RB 1] Throughput = 0.76358 Mbps | SE = 0.02001 bit/s/Hz
40023[UE 1 | RB 1] Throughput = 1.30656 Mbps | SE = 0.03424 bit/s/Hz
40123[UE 1 | RB 1] Throughput = 0.71781 Mbps | SE = 0.01881 bit/s/Hz
40233[UE 1 | RB 1] Throughput = 1.20186 Mbps | SE = 0.03150 bit/s/Hz
40342[UE 1 | RB 1] Throughput = 1.09104 Mbps | SE = 0.02859 bit/s/Hz
40443[UE 1 | RB 1] Throughput = 0.95622 Mbps | SE = 0.02506 bit/s/Hz
40553[UE 1 | RB 1] Throughput = 1.19791 Mbps | SE = 0.03139 bit/s/Hz
40663[UE 1 | RB 1] Throughput = 0.76342 Mbps | SE = 0.02001 bit/s/Hz
40772[UE 1 | RB 1] Throughput = 1.41798 Mbps | SE = 0.03716 bit/s/Hz
40873[UE 1 | RB 1] Throughput = 1.19320 Mbps | SE = 0.03127 bit/s/Hz
40982[UE 1 | RB 1] Throughput = 0.65600 Mbps | SE = 0.01719 bit/s/Hz
41083[UE 1 | RB 1] Throughput = 1.67650 Mbps | SE = 0.04393 bit/s/Hz
41183[UE 1 | RB 1] Throughput = 0.71633 Mbps | SE = 0.01877 bit/s/Hz
41293[UE 1 | RB 1] Throughput = 0.76392 Mbps | SE = 0.02002 bit/s/Hz
41393[UE 1 | RB 1] Throughput = 1.67699 Mbps | SE = 0.04395 bit/s/Hz
41504[UE 1 | RB 1] Throughput = 0.53956 Mbps | SE = 0.01414 bit/s/Hz
41613[UE 1 | RB 1] Throughput = 1.32213 Mbps | SE = 0.03465 bit/s/Hz
41713[UE 1 | RB 1] Throughput = 1.43451 Mbps | SE = 0.03759 bit/s/Hz
41823[UE 1 | RB 1] Throughput = 0.65510 Mbps | SE = 0.01717 bit/s/Hz
41933[UE 1 | RB 1] Throughput = 1.30636 Mbps | SE = 0.03423 bit/s/Hz
42042[UE 1 | RB 1] Throughput = 1.20089 Mbps | SE = 0.03147 bit/s/Hz
42153[UE 1 | RB 1] Throughput = 0.65330 Mbps | SE = 0.01712 bit/s/Hz
42262[UE 1 | RB 1] Throughput = 1.52671 Mbps | SE = 0.04001 bit/s/Hz
42372[UE 1 | RB 1] Throughput = 0.65348 Mbps | SE = 0.01712 bit/s/Hz
42473[UE 1 | RB 1] Throughput = 1.19710 Mbps | SE = 0.03137 bit/s/Hz
42583[UE 1 | RB 1] Throughput = 1.19892 Mbps | SE = 0.03142 bit/s/Hz
42693[UE 1 | RB 1] Throughput = 0.86942 Mbps | SE = 0.02278 bit/s/Hz
42803[UE 1 | RB 1] Throughput = 0.87202 Mbps | SE = 0.02285 bit/s/Hz
42913[UE 1 | RB 1] Throughput = 1.31035 Mbps | SE = 0.03434 bit/s/Hz
43013[UE 1 | RB 1] Throughput = 1.43781 Mbps | SE = 0.03768 bit/s/Hz
43113[UE 1 | RB 1] Throughput = 0.59688 Mbps | SE = 0.01564 bit/s/Hz
43223[UE 1 | RB 1] Throughput = 1.30825 Mbps | SE = 0.03428 bit/s/Hz
43333[UE 1 | RB 1] Throughput = 1.09082 Mbps | SE = 0.02859 bit/s/Hz
43433[UE 1 | RB 1] Throughput = 0.71881 Mbps | SE = 0.01884 bit/s/Hz
43533[UE 1 | RB 1] Throughput = 1.43768 Mbps | SE = 0.03767 bit/s/Hz
43642[UE 1 | RB 1] Throughput = 0.76480 Mbps | SE = 0.02004 bit/s/Hz
43743[UE 1 | RB 1] Throughput = 1.43525 Mbps | SE = 0.03761 bit/s/Hz
43843[UE 1 | RB 1] Throughput = 0.71785 Mbps | SE = 0.01881 bit/s/Hz
43953[UE 1 | RB 1] Throughput = 1.41813 Mbps | SE = 0.03716 bit/s/Hz
44053[UE 1 | RB 1] Throughput = 0.95402 Mbps | SE = 0.02500 bit/s/Hz
44163[UE 1 | RB 1] Throughput = 0.87612 Mbps | SE = 0.02296 bit/s/Hz
44263[UE 1 | RB 1] Throughput = 1.43507 Mbps | SE = 0.03761 bit/s/Hz
44373[UE 1 | RB 1] Throughput = 0.65310 Mbps | SE = 0.01711 bit/s/Hz
44483[UE 1 | RB 1] Throughput = 1.30439 Mbps | SE = 0.03418 bit/s/Hz
44593[UE 1 | RB 1] Throughput = 0.65722 Mbps | SE = 0.01722 bit/s/Hz
44693[UE 1 | RB 1] Throughput = 1.67731 Mbps | SE = 0.04395 bit/s/Hz
44803[UE 1 | RB 1] Throughput = 0.65273 Mbps | SE = 0.01711 bit/s/Hz
44903[UE 1 | RB 1] Throughput = 1.43524 Mbps | SE = 0.03761 bit/s/Hz
45013[UE 1 | RB 1] Throughput = 0.65514 Mbps | SE = 0.01717 bit/s/Hz
45123[UE 1 | RB 1] Throughput = 1.52711 Mbps | SE = 0.04002 bit/s/Hz
45233[UE 1 | RB 1] Throughput = 0.65392 Mbps | SE = 0.01714 bit/s/Hz
45333[UE 1 | RB 1] Throughput = 1.42679 Mbps | SE = 0.03739 bit/s/Hz
45442[UE 1 | RB 1] Throughput = 0.76868 Mbps | SE = 0.02014 bit/s/Hz
45543[UE 1 | RB 1] Throughput = 0.83629 Mbps | SE = 0.02192 bit/s/Hz
45643[UE 1 | RB 1] Throughput = 1.67510 Mbps | SE = 0.04390 bit/s/Hz
45753[UE 1 | RB 1] Throughput = 0.65593 Mbps | SE = 0.01719 bit/s/Hz
45853[UE 1 | RB 1] Throughput = 1.43686 Mbps | SE = 0.03765 bit/s/Hz
45953[UE 1 | RB 1] Throughput = 0.95735 Mbps | SE = 0.02509 bit/s/Hz
46063[UE 1 | RB 1] Throughput = 1.30603 Mbps | SE = 0.03423 bit/s/Hz
46172[UE 1 | RB 1] Throughput = 0.65623 Mbps | SE = 0.01720 bit/s/Hz
46273[UE 1 | RB 1] Throughput = 1.43587 Mbps | SE = 0.03763 bit/s/Hz
46383[UE 1 | RB 1] Throughput = 1.19664 Mbps | SE = 0.03136 bit/s/Hz
46493[UE 1 | RB 1] Throughput = 0.65455 Mbps | SE = 0.01715 bit/s/Hz
46603[UE 1 | RB 1] Throughput = 1.19869 Mbps | SE = 0.03141 bit/s/Hz
46703[UE 1 | RB 1] Throughput = 1.43481 Mbps | SE = 0.03760 bit/s/Hz
46813[UE 1 | RB 1] Throughput = 0.65456 Mbps | SE = 0.01715 bit/s/Hz
46922[UE 1 | RB 1] Throughput = 1.20028 Mbps | SE = 0.03145 bit/s/Hz
47023[UE 1 | RB 1] Throughput = 1.31435 Mbps | SE = 0.03444 bit/s/Hz
47133[UE 1 | RB 1] Throughput = 0.65207 Mbps | SE = 0.01709 bit/s/Hz
47243[UE 1 | RB 1] Throughput = 1.41855 Mbps | SE = 0.03717 bit/s/Hz
47353[UE 1 | RB 1] Throughput = 0.65312 Mbps | SE = 0.01712 bit/s/Hz
47463[UE 1 | RB 1] Throughput = 1.41978 Mbps | SE = 0.03721 bit/s/Hz
47563[UE 1 | RB 1] Throughput = 1.19039 Mbps | SE = 0.03119 bit/s/Hz
47673[UE 1 | RB 1] Throughput = 0.87542 Mbps | SE = 0.02294 bit/s/Hz
47783[UE 1 | RB 1] Throughput = 1.30783 Mbps | SE = 0.03427 bit/s/Hz
47883[UE 1 | RB 1] Throughput = 0.83803 Mbps | SE = 0.02196 bit/s/Hz
47993[UE 1 | RB 1] Throughput = 1.31037 Mbps | SE = 0.03434 bit/s/Hz
48103[UE 1 | RB 1] Throughput = 0.65437 Mbps | SE = 0.01715 bit/s/Hz
48203[UE 1 | RB 1] Throughput = 1.43752 Mbps | SE = 0.03767 bit/s/Hz
48303[UE 1 | RB 1] Throughput = 0.71795 Mbps | SE = 0.01881 bit/s/Hz
48403[UE 1 | RB 1] Throughput = 1.43715 Mbps | SE = 0.03766 bit/s/Hz
48513[UE 1 | RB 1] Throughput = 0.98302 Mbps | SE = 0.02576 bit/s/Hz
48623[UE 1 | RB 1] Throughput = 1.08820 Mbps | SE = 0.02852 bit/s/Hz
48723[UE 1 | RB 1] Throughput = 0.71731 Mbps | SE = 0.01880 bit/s/Hz
48833[UE 1 | RB 1] Throughput = 1.31020 Mbps | SE = 0.03433 bit/s/Hz
48943[UE 1 | RB 1] Throughput = 1.19853 Mbps | SE = 0.03141 bit/s/Hz
49043[UE 1 | RB 1] Throughput = 0.95745 Mbps | SE = 0.02509 bit/s/Hz
49153[UE 1 | RB 1] Throughput = 0.65368 Mbps | SE = 0.01713 bit/s/Hz
49263[UE 1 | RB 1] Throughput = 1.19627 Mbps | SE = 0.03135 bit/s/Hz
49373[UE 1 | RB 1] Throughput = 1.41953 Mbps | SE = 0.03720 bit/s/Hz
49473[UE 1 | RB 1] Throughput = 0.71860 Mbps | SE = 0.01883 bit/s/Hz
49573[UE 1 | RB 1] Throughput = 1.31708 Mbps | SE = 0.03451 bit/s/Hz
49683[UE 1 | RB 1] Throughput = 0.76152 Mbps | SE = 0.01996 bit/s/Hz
49793[UE 1 | RB 1] Throughput = 1.20333 Mbps | SE = 0.03153 bit/s/Hz
49893[UE 1 | RB 1] Throughput = 1.43639 Mbps | SE = 0.03764 bit/s/Hz
50003[UE 1 | RB 1] Throughput = 0.76267 Mbps | SE = 0.01999 bit/s/Hz
50103[UE 1 | RB 1] Throughput = 1.31807 Mbps | SE = 0.03454 bit/s/Hz
50213[UE 1 | RB 1] Throughput = 1.08777 Mbps | SE = 0.02851 bit/s/Hz
50313[UE 1 | RB 1] Throughput = 0.83810 Mbps | SE = 0.02196 bit/s/Hz
50413[UE 1 | RB 1] Throughput = 1.31762 Mbps | SE = 0.03453 bit/s/Hz
50523[UE 1 | RB 1] Throughput = 0.65397 Mbps | SE = 0.01714 bit/s/Hz
50633[UE 1 | RB 1] Throughput = 1.31155 Mbps | SE = 0.03437 bit/s/Hz
50733[UE 1 | RB 1] Throughput = 1.07705 Mbps | SE = 0.02822 bit/s/Hz
50843[UE 1 | RB 1] Throughput = 0.98120 Mbps | SE = 0.02571 bit/s/Hz
50953[UE 1 | RB 1] Throughput = 1.08857 Mbps | SE = 0.02853 bit/s/Hz
51063[UE 1 | RB 1] Throughput = 1.08945 Mbps | SE = 0.02855 bit/s/Hz
51173[UE 1 | RB 1] Throughput = 1.19795 Mbps | SE = 0.03139 bit/s/Hz
51273[UE 1 | RB 1] Throughput = 0.71782 Mbps | SE = 0.01881 bit/s/Hz
51383[UE 1 | RB 1] Throughput = 1.30628 Mbps | SE = 0.03423 bit/s/Hz
51493[UE 1 | RB 1] Throughput = 1.09437 Mbps | SE = 0.02868 bit/s/Hz
51593[UE 1 | RB 1] Throughput = 1.07533 Mbps | SE = 0.02818 bit/s/Hz
51693[UE 1 | RB 1] Throughput = 0.71735 Mbps | SE = 0.01880 bit/s/Hz
51803[UE 1 | RB 1] Throughput = 1.20392 Mbps | SE = 0.03155 bit/s/Hz
51903[UE 1 | RB 1] Throughput = 1.43175 Mbps | SE = 0.03752 bit/s/Hz
52013[UE 1 | RB 1] Throughput = 0.65488 Mbps | SE = 0.01716 bit/s/Hz
52123[UE 1 | RB 1] Throughput = 1.30902 Mbps | SE = 0.03430 bit/s/Hz
52223[UE 1 | RB 1] Throughput = 0.71501 Mbps | SE = 0.01874 bit/s/Hz
52333[UE 1 | RB 1] Throughput = 1.42264 Mbps | SE = 0.03728 bit/s/Hz
52433[UE 1 | RB 1] Throughput = 1.19809 Mbps | SE = 0.03140 bit/s/Hz
52533[UE 1 | RB 1] Throughput = 0.83842 Mbps | SE = 0.02197 bit/s/Hz
52643[UE 1 | RB 1] Throughput = 1.08957 Mbps | SE = 0.02855 bit/s/Hz
52743[UE 1 | RB 1] Throughput = 0.71780 Mbps | SE = 0.01881 bit/s/Hz
52853[UE 1 | RB 1] Throughput = 1.41780 Mbps | SE = 0.03715 bit/s/Hz
52953[UE 1 | RB 1] Throughput = 0.83633 Mbps | SE = 0.02192 bit/s/Hz
53063[UE 1 | RB 1] Throughput = 1.30929 Mbps | SE = 0.03431 bit/s/Hz
53173[UE 1 | RB 1] Throughput = 0.65558 Mbps | SE = 0.01718 bit/s/Hz
53283[UE 1 | RB 1] Throughput = 1.30584 Mbps | SE = 0.03422 bit/s/Hz
53393[UE 1 | RB 1] Throughput = 1.20009 Mbps | SE = 0.03145 bit/s/Hz
53493[UE 1 | RB 1] Throughput = 1.07384 Mbps | SE = 0.02814 bit/s/Hz
53603[UE 1 | RB 1] Throughput = 1.20140 Mbps | SE = 0.03148 bit/s/Hz
53713[UE 1 | RB 1] Throughput = 0.65010 Mbps | SE = 0.01704 bit/s/Hz
53823[UE 1 | RB 1] Throughput = 1.20888 Mbps | SE = 0.03168 bit/s/Hz
53923[UE 1 | RB 1] Throughput = 1.31145 Mbps | SE = 0.03437 bit/s/Hz
54033[UE 1 | RB 1] Throughput = 1.19725 Mbps | SE = 0.03137 bit/s/Hz
54143[UE 1 | RB 1] Throughput = 0.87594 Mbps | SE = 0.02295 bit/s/Hz
54243[UE 1 | RB 1] Throughput = 0.95701 Mbps | SE = 0.02508 bit/s/Hz
54343[UE 1 | RB 1] Throughput = 1.19742 Mbps | SE = 0.03138 bit/s/Hz
54443[UE 1 | RB 1] Throughput = 0.71805 Mbps | SE = 0.01882 bit/s/Hz
54553[UE 1 | RB 1] Throughput = 1.20255 Mbps | SE = 0.03151 bit/s/Hz
54653[UE 1 | RB 1] Throughput = 1.43508 Mbps | SE = 0.03761 bit/s/Hz
54763[UE 1 | RB 1] Throughput = 0.87106 Mbps | SE = 0.02283 bit/s/Hz
54873[UE 1 | RB 1] Throughput = 1.30900 Mbps | SE = 0.03430 bit/s/Hz
54983[UE 1 | RB 1] Throughput = 0.65420 Mbps | SE = 0.01714 bit/s/Hz
55083[UE 1 | RB 1] Throughput = 1.43696 Mbps | SE = 0.03766 bit/s/Hz
55193[UE 1 | RB 1] Throughput = 0.65391 Mbps | SE = 0.01714 bit/s/Hz
55293[UE 1 | RB 1] Throughput = 1.43694 Mbps | SE = 0.03766 bit/s/Hz
55403[UE 1 | RB 1] Throughput = 1.19751 Mbps | SE = 0.03138 bit/s/Hz
55503[UE 1 | RB 1] Throughput = 0.83872 Mbps | SE = 0.02198 bit/s/Hz
55613[UE 1 | RB 1] Throughput = 1.30801 Mbps | SE = 0.03428 bit/s/Hz
55713[UE 1 | RB 1] Throughput = 0.71844 Mbps | SE = 0.01883 bit/s/Hz
55823[UE 1 | RB 1] Throughput = 1.20076 Mbps | SE = 0.03147 bit/s/Hz
55923[UE 1 | RB 1] Throughput = 1.31188 Mbps | SE = 0.03438 bit/s/Hz
56033[UE 1 | RB 1] Throughput = 0.76534 Mbps | SE = 0.02006 bit/s/Hz
56133[UE 1 | RB 1] Throughput = 1.19735 Mbps | SE = 0.03138 bit/s/Hz
56233[UE 1 | RB 1] Throughput = 0.95712 Mbps | SE = 0.02508 bit/s/Hz
56343[UE 1 | RB 1] Throughput = 1.09227 Mbps | SE = 0.02862 bit/s/Hz
56453[UE 1 | RB 1] Throughput = 1.08840 Mbps | SE = 0.02852 bit/s/Hz
56553[UE 1 | RB 1] Throughput = 0.83792 Mbps | SE = 0.02196 bit/s/Hz
56663[UE 1 | RB 1] Throughput = 1.52868 Mbps | SE = 0.04006 bit/s/Hz
56763[UE 1 | RB 1] Throughput = 0.71875 Mbps | SE = 0.01884 bit/s/Hz
56873[UE 1 | RB 1] Throughput = 1.30804 Mbps | SE = 0.03428 bit/s/Hz
56973[UE 1 | RB 1] Throughput = 0.59913 Mbps | SE = 0.01570 bit/s/Hz
57073[UE 1 | RB 1] Throughput = 1.43634 Mbps | SE = 0.03764 bit/s/Hz
57183[UE 1 | RB 1] Throughput = 1.30344 Mbps | SE = 0.03416 bit/s/Hz
57293[UE 1 | RB 1] Throughput = 0.76408 Mbps | SE = 0.02002 bit/s/Hz
57403[UE 1 | RB 1] Throughput = 1.09389 Mbps | SE = 0.02867 bit/s/Hz
57503[UE 1 | RB 1] Throughput = 1.19583 Mbps | SE = 0.03134 bit/s/Hz
57603[UE 1 | RB 1] Throughput = 1.07749 Mbps | SE = 0.02824 bit/s/Hz
57713[UE 1 | RB 1] Throughput = 0.65437 Mbps | SE = 0.01715 bit/s/Hz
57813[UE 1 | RB 1] Throughput = 1.31758 Mbps | SE = 0.03453 bit/s/Hz
57923[UE 1 | RB 1] Throughput = 1.19888 Mbps | SE = 0.03142 bit/s/Hz
58023[UE 1 | RB 1] Throughput = 0.95139 Mbps | SE = 0.02493 bit/s/Hz
58133[UE 1 | RB 1] Throughput = 1.20715 Mbps | SE = 0.03163 bit/s/Hz
58243[UE 1 | RB 1] Throughput = 0.65435 Mbps | SE = 0.01715 bit/s/Hz
58353[UE 1 | RB 1] Throughput = 1.30815 Mbps | SE = 0.03428 bit/s/Hz
58453[UE 1 | RB 1] Throughput = 1.31573 Mbps | SE = 0.03448 bit/s/Hz
58553[UE 1 | RB 1] Throughput = 0.71686 Mbps | SE = 0.01879 bit/s/Hz
58663[UE 1 | RB 1] Throughput = 1.31294 Mbps | SE = 0.03441 bit/s/Hz
58763[UE 1 | RB 1] Throughput = 0.95787 Mbps | SE = 0.02510 bit/s/Hz
58873[UE 1 | RB 1] Throughput = 0.76008 Mbps | SE = 0.01992 bit/s/Hz
58973[UE 1 | RB 1] Throughput = 1.43707 Mbps | SE = 0.03766 bit/s/Hz
59083[UE 1 | RB 1] Throughput = 1.20050 Mbps | SE = 0.03146 bit/s/Hz
59193[UE 1 | RB 1] Throughput = 0.54524 Mbps | SE = 0.01429 bit/s/Hz
59303[UE 1 | RB 1] Throughput = 1.52829 Mbps | SE = 0.04005 bit/s/Hz
59403[UE 1 | RB 1] Throughput = 0.71293 Mbps | SE = 0.01868 bit/s/Hz
59513[UE 1 | RB 1] Throughput = 1.31287 Mbps | SE = 0.03440 bit/s/Hz
59623[UE 1 | RB 1] Throughput = 0.87012 Mbps | SE = 0.02280 bit/s/Hz
59723[UE 1 | RB 1] Throughput = 1.43768 Mbps | SE = 0.03767 bit/s/Hz
59833[UE 1 | RB 1] Throughput = 0.65372 Mbps | SE = 0.01713 bit/s/Hz
59943[UE 1 | RB 1] Throughput = 1.41484 Mbps | SE = 0.03708 bit/s/Hz
60053[UE 1 | RB 1] Throughput = 0.65486 Mbps | SE = 0.01716 bit/s/Hz
60163[UE 1 | RB 1] Throughput = 1.41940 Mbps | SE = 0.03720 bit/s/Hz
60263[UE 1 | RB 1] Throughput = 0.71894 Mbps | SE = 0.01884 bit/s/Hz
60363[UE 1 | RB 1] Throughput = 1.67503 Mbps | SE = 0.04389 bit/s/Hz
60473[UE 1 | RB 1] Throughput = 0.65295 Mbps | SE = 0.01711 bit/s/Hz
60583[UE 1 | RB 1] Throughput = 1.20181 Mbps | SE = 0.03149 bit/s/Hz
60683[UE 1 | RB 1] Throughput = 0.71793 Mbps | SE = 0.01881 bit/s/Hz
60793[UE 1 | RB 1] Throughput = 1.41771 Mbps | SE = 0.03715 bit/s/Hz
60893[UE 1 | RB 1] Throughput = 0.95818 Mbps | SE = 0.02511 bit/s/Hz
60993[UE 1 | RB 1] Throughput = 1.07764 Mbps | SE = 0.02824 bit/s/Hz
61093[UE 1 | RB 1] Throughput = 1.31573 Mbps | SE = 0.03448 bit/s/Hz
61203[UE 1 | RB 1] Throughput = 0.87267 Mbps | SE = 0.02287 bit/s/Hz
61313[UE 1 | RB 1] Throughput = 1.20004 Mbps | SE = 0.03145 bit/s/Hz
61413[UE 1 | RB 1] Throughput = 0.83763 Mbps | SE = 0.02195 bit/s/Hz
61523[UE 1 | RB 1] Throughput = 1.31042 Mbps | SE = 0.03434 bit/s/Hz
61633[UE 1 | RB 1] Throughput = 0.98132 Mbps | SE = 0.02572 bit/s/Hz
61743[UE 1 | RB 1] Throughput = 0.97907 Mbps | SE = 0.02566 bit/s/Hz
61853[UE 1 | RB 1] Throughput = 1.08952 Mbps | SE = 0.02855 bit/s/Hz
61953[UE 1 | RB 1] Throughput = 0.83837 Mbps | SE = 0.02197 bit/s/Hz
62053[UE 1 | RB 1] Throughput = 1.43716 Mbps | SE = 0.03766 bit/s/Hz
62153[UE 1 | RB 1] Throughput = 0.59913 Mbps | SE = 0.01570 bit/s/Hz
62253[UE 1 | RB 1] Throughput = 1.67521 Mbps | SE = 0.04390 bit/s/Hz
62354[UE 1 | RB 1] Throughput = 0.71428 Mbps | SE = 0.01872 bit/s/Hz
62463[UE 1 | RB 1] Throughput = 1.32011 Mbps | SE = 0.03459 bit/s/Hz
62563[UE 1 | RB 1] Throughput = 0.71903 Mbps | SE = 0.01884 bit/s/Hz
62663[UE 1 | RB 1] Throughput = 1.43426 Mbps | SE = 0.03759 bit/s/Hz
62773[UE 1 | RB 1] Throughput = 0.76493 Mbps | SE = 0.02005 bit/s/Hz
62873[UE 1 | RB 1] Throughput = 1.31631 Mbps | SE = 0.03449 bit/s/Hz
62973[UE 1 | RB 1] Throughput = 0.95705 Mbps | SE = 0.02508 bit/s/Hz
63083[UE 1 | RB 1] Throughput = 1.30913 Mbps | SE = 0.03431 bit/s/Hz
63183[UE 1 | RB 1] Throughput = 0.83670 Mbps | SE = 0.02193 bit/s/Hz
63293[UE 1 | RB 1] Throughput = 1.09163 Mbps | SE = 0.02861 bit/s/Hz
63393[UE 1 | RB 1] Throughput = 1.19441 Mbps | SE = 0.03130 bit/s/Hz
63503[UE 1 | RB 1] Throughput = 0.65501 Mbps | SE = 0.01716 bit/s/Hz
63613[UE 1 | RB 1] Throughput = 1.30890 Mbps | SE = 0.03430 bit/s/Hz
63723[UE 1 | RB 1] Throughput = 1.19508 Mbps | SE = 0.03132 bit/s/Hz
63823[UE 1 | RB 1] Throughput = 0.95708 Mbps | SE = 0.02508 bit/s/Hz
63933[UE 1 | RB 1] Throughput = 0.76670 Mbps | SE = 0.02009 bit/s/Hz
64033[UE 1 | RB 1] Throughput = 1.19687 Mbps | SE = 0.03136 bit/s/Hz
64133[UE 1 | RB 1] Throughput = 1.43679 Mbps | SE = 0.03765 bit/s/Hz
64243[UE 1 | RB 1] Throughput = 0.65453 Mbps | SE = 0.01715 bit/s/Hz
64343[UE 1 | RB 1] Throughput = 1.43535 Mbps | SE = 0.03761 bit/s/Hz
64443[UE 1 | RB 1] Throughput = 0.83884 Mbps | SE = 0.02198 bit/s/Hz
64554[UE 1 | RB 1] Throughput = 1.07959 Mbps | SE = 0.02829 bit/s/Hz
64663[UE 1 | RB 1] Throughput = 1.32277 Mbps | SE = 0.03466 bit/s/Hz
64763[UE 1 | RB 1] Throughput = 0.71894 Mbps | SE = 0.01884 bit/s/Hz
64863[UE 1 | RB 1] Throughput = 1.31783 Mbps | SE = 0.03453 bit/s/Hz
64963[UE 1 | RB 1] Throughput = 0.83866 Mbps | SE = 0.02198 bit/s/Hz
65063[UE 1 | RB 1] Throughput = 1.31305 Mbps | SE = 0.03441 bit/s/Hz
65173[UE 1 | RB 1] Throughput = 0.76356 Mbps | SE = 0.02001 bit/s/Hz
65273[UE 1 | RB 1] Throughput = 1.43792 Mbps | SE = 0.03768 bit/s/Hz
65373[UE 1 | RB 1] Throughput = 0.71871 Mbps | SE = 0.01883 bit/s/Hz
65483[UE 1 | RB 1] Throughput = 1.30685 Mbps | SE = 0.03425 bit/s/Hz
65593[UE 1 | RB 1] Throughput = 1.31062 Mbps | SE = 0.03435 bit/s/Hz
65693[UE 1 | RB 1] Throughput = 0.71675 Mbps | SE = 0.01878 bit/s/Hz
65803[UE 1 | RB 1] Throughput = 1.19810 Mbps | SE = 0.03140 bit/s/Hz
65913[UE 1 | RB 1] Throughput = 1.30960 Mbps | SE = 0.03432 bit/s/Hz
66023[UE 1 | RB 1] Throughput = 0.76272 Mbps | SE = 0.01999 bit/s/Hz
66133[UE 1 | RB 1] Throughput = 1.30605 Mbps | SE = 0.03423 bit/s/Hz
66233[UE 1 | RB 1] Throughput = 0.71804 Mbps | SE = 0.01882 bit/s/Hz
66343[UE 1 | RB 1] Throughput = 1.20136 Mbps | SE = 0.03148 bit/s/Hz
66453[UE 1 | RB 1] Throughput = 1.20041 Mbps | SE = 0.03146 bit/s/Hz
66553[UE 1 | RB 1] Throughput = 0.83877 Mbps | SE = 0.02198 bit/s/Hz
66653[UE 1 | RB 1] Throughput = 1.07636 Mbps | SE = 0.02821 bit/s/Hz
66763[UE 1 | RB 1] Throughput = 1.09190 Mbps | SE = 0.02861 bit/s/Hz
66863[UE 1 | RB 1] Throughput = 1.19421 Mbps | SE = 0.03129 bit/s/Hz
66973[UE 1 | RB 1] Throughput = 1.19950 Mbps | SE = 0.03143 bit/s/Hz
67083[UE 1 | RB 1] Throughput = 0.65329 Mbps | SE = 0.01712 bit/s/Hz
67193[UE 1 | RB 1] Throughput = 1.19811 Mbps | SE = 0.03140 bit/s/Hz
67303[UE 1 | RB 1] Throughput = 1.41971 Mbps | SE = 0.03720 bit/s/Hz
67413[UE 1 | RB 1] Throughput = 0.76274 Mbps | SE = 0.01999 bit/s/Hz
67523[UE 1 | RB 1] Throughput = 1.30736 Mbps | SE = 0.03426 bit/s/Hz
67623[UE 1 | RB 1] Throughput = 0.71874 Mbps | SE = 0.01883 bit/s/Hz
67723[UE 1 | RB 1] Throughput = 1.43540 Mbps | SE = 0.03762 bit/s/Hz
67833[UE 1 | RB 1] Throughput = 0.54602 Mbps | SE = 0.01431 bit/s/Hz
67933[UE 1 | RB 1] Throughput = 1.55469 Mbps | SE = 0.04074 bit/s/Hz
68043[UE 1 | RB 1] Throughput = 0.76222 Mbps | SE = 0.01997 bit/s/Hz
68153[UE 1 | RB 1] Throughput = 1.30680 Mbps | SE = 0.03425 bit/s/Hz
68263[UE 1 | RB 1] Throughput = 0.65385 Mbps | SE = 0.01713 bit/s/Hz
68373[UE 1 | RB 1] Throughput = 1.30792 Mbps | SE = 0.03427 bit/s/Hz
68474[UE 1 | RB 1] Throughput = 0.71584 Mbps | SE = 0.01876 bit/s/Hz
68574[UE 1 | RB 1] Throughput = 1.67373 Mbps | SE = 0.04386 bit/s/Hz
68683[UE 1 | RB 1] Throughput = 0.54956 Mbps | SE = 0.01440 bit/s/Hz
68793[UE 1 | RB 1] Throughput = 1.30795 Mbps | SE = 0.03428 bit/s/Hz
68893[UE 1 | RB 1] Throughput = 1.43771 Mbps | SE = 0.03768 bit/s/Hz
68993[UE 1 | RB 1] Throughput = 0.95853 Mbps | SE = 0.02512 bit/s/Hz
69093[UE 1 | RB 1] Throughput = 0.71821 Mbps | SE = 0.01882 bit/s/Hz
69203[UE 1 | RB 1] Throughput = 1.19789 Mbps | SE = 0.03139 bit/s/Hz
69313[UE 1 | RB 1] Throughput = 0.87186 Mbps | SE = 0.02285 bit/s/Hz
69413[UE 1 | RB 1] Throughput = 1.31819 Mbps | SE = 0.03454 bit/s/Hz
69513[UE 1 | RB 1] Throughput = 1.19322 Mbps | SE = 0.03127 bit/s/Hz
69623[UE 1 | RB 1] Throughput = 0.87302 Mbps | SE = 0.02288 bit/s/Hz
69733[UE 1 | RB 1] Throughput = 1.19767 Mbps | SE = 0.03139 bit/s/Hz
69833[UE 1 | RB 1] Throughput = 0.71828 Mbps | SE = 0.01882 bit/s/Hz
69943[UE 1 | RB 1] Throughput = 1.42195 Mbps | SE = 0.03726 bit/s/Hz
70043[UE 1 | RB 1] Throughput = 0.71780 Mbps | SE = 0.01881 bit/s/Hz
70153[UE 1 | RB 1] Throughput = 1.30738 Mbps | SE = 0.03426 bit/s/Hz
70263[UE 1 | RB 1] Throughput = 1.08569 Mbps | SE = 0.02845 bit/s/Hz
70373[UE 1 | RB 1] Throughput = 1.20322 Mbps | SE = 0.03153 bit/s/Hz
70473[UE 1 | RB 1] Throughput = 1.07843 Mbps | SE = 0.02826 bit/s/Hz
70583[UE 1 | RB 1] Throughput = 1.09094 Mbps | SE = 0.02859 bit/s/Hz
70683[UE 1 | RB 1] Throughput = 0.71831 Mbps | SE = 0.01882 bit/s/Hz
70783[UE 1 | RB 1] Throughput = 1.31498 Mbps | SE = 0.03446 bit/s/Hz
70893[UE 1 | RB 1] Throughput = 0.76284 Mbps | SE = 0.01999 bit/s/Hz
71003[UE 1 | RB 1] Throughput = 1.20271 Mbps | SE = 0.03152 bit/s/Hz
71103[UE 1 | RB 1] Throughput = 1.31762 Mbps | SE = 0.03453 bit/s/Hz
71203[UE 1 | RB 1] Throughput = 0.71890 Mbps | SE = 0.01884 bit/s/Hz
71303[UE 1 | RB 1] Throughput = 1.43766 Mbps | SE = 0.03767 bit/s/Hz
71413[UE 1 | RB 1] Throughput = 1.19487 Mbps | SE = 0.03131 bit/s/Hz
71523[UE 1 | RB 1] Throughput = 0.76433 Mbps | SE = 0.02003 bit/s/Hz
71623[UE 1 | RB 1] Throughput = 1.31461 Mbps | SE = 0.03445 bit/s/Hz
71733[UE 1 | RB 1] Throughput = 0.98188 Mbps | SE = 0.02573 bit/s/Hz
71843[UE 1 | RB 1] Throughput = 0.87149 Mbps | SE = 0.02284 bit/s/Hz
71953[UE 1 | RB 1] Throughput = 1.30881 Mbps | SE = 0.03430 bit/s/Hz
72053[UE 1 | RB 1] Throughput = 0.71900 Mbps | SE = 0.01884 bit/s/Hz
72153[UE 1 | RB 1] Throughput = 1.43771 Mbps | SE = 0.03768 bit/s/Hz
72253[UE 1 | RB 1] Throughput = 0.95661 Mbps | SE = 0.02507 bit/s/Hz
72363[UE 1 | RB 1] Throughput = 1.30898 Mbps | SE = 0.03430 bit/s/Hz
72463[UE 1 | RB 1] Throughput = 0.71865 Mbps | SE = 0.01883 bit/s/Hz
72573[UE 1 | RB 1] Throughput = 0.87378 Mbps | SE = 0.02290 bit/s/Hz
72683[UE 1 | RB 1] Throughput = 1.52629 Mbps | SE = 0.04000 bit/s/Hz
72783[UE 1 | RB 1] Throughput = 0.71657 Mbps | SE = 0.01878 bit/s/Hz
72893[UE 1 | RB 1] Throughput = 1.41682 Mbps | SE = 0.03713 bit/s/Hz
73003[UE 1 | RB 1] Throughput = 0.65480 Mbps | SE = 0.01716 bit/s/Hz
73113[UE 1 | RB 1] Throughput = 1.30752 Mbps | SE = 0.03426 bit/s/Hz
73213[UE 1 | RB 1] Throughput = 0.71667 Mbps | SE = 0.01878 bit/s/Hz
73323[UE 1 | RB 1] Throughput = 1.20066 Mbps | SE = 0.03146 bit/s/Hz
73423[UE 1 | RB 1] Throughput = 1.07757 Mbps | SE = 0.02824 bit/s/Hz
73523[UE 1 | RB 1] Throughput = 1.07668 Mbps | SE = 0.02821 bit/s/Hz
73623[UE 1 | RB 1] Throughput = 1.31650 Mbps | SE = 0.03450 bit/s/Hz
73733[UE 1 | RB 1] Throughput = 0.98545 Mbps | SE = 0.02582 bit/s/Hz
73833[UE 1 | RB 1] Throughput = 0.71827 Mbps | SE = 0.01882 bit/s/Hz
73943[UE 1 | RB 1] Throughput = 1.41766 Mbps | SE = 0.03715 bit/s/Hz
74043[UE 1 | RB 1] Throughput = 0.83767 Mbps | SE = 0.02195 bit/s/Hz
74143[UE 1 | RB 1] Throughput = 1.31713 Mbps | SE = 0.03452 bit/s/Hz
74253[UE 1 | RB 1] Throughput = 0.98342 Mbps | SE = 0.02577 bit/s/Hz
74353[UE 1 | RB 1] Throughput = 1.07239 Mbps | SE = 0.02810 bit/s/Hz
74463[UE 1 | RB 1] Throughput = 1.09388 Mbps | SE = 0.02867 bit/s/Hz
74563[UE 1 | RB 1] Throughput = 1.19484 Mbps | SE = 0.03131 bit/s/Hz
74673[UE 1 | RB 1] Throughput = 0.87370 Mbps | SE = 0.02290 bit/s/Hz
74783[UE 1 | RB 1] Throughput = 1.19847 Mbps | SE = 0.03141 bit/s/Hz
74883[UE 1 | RB 1] Throughput = 1.07635 Mbps | SE = 0.02821 bit/s/Hz
74993[UE 1 | RB 1] Throughput = 0.98046 Mbps | SE = 0.02569 bit/s/Hz
75103[UE 1 | RB 1] Throughput = 1.20122 Mbps | SE = 0.03148 bit/s/Hz
75203[UE 1 | RB 1] Throughput = 0.71756 Mbps | SE = 0.01880 bit/s/Hz
75313[UE 1 | RB 1] Throughput = 1.30647 Mbps | SE = 0.03424 bit/s/Hz
75413[UE 1 | RB 1] Throughput = 1.31800 Mbps | SE = 0.03454 bit/s/Hz
75523[UE 1 | RB 1] Throughput = 0.54436 Mbps | SE = 0.01427 bit/s/Hz
75633[UE 1 | RB 1] Throughput = 1.41957 Mbps | SE = 0.03720 bit/s/Hz
75733[UE 1 | RB 1] Throughput = 0.71856 Mbps | SE = 0.01883 bit/s/Hz
75833[UE 1 | RB 1] Throughput = 1.31671 Mbps | SE = 0.03451 bit/s/Hz
75943[UE 1 | RB 1] Throughput = 1.20034 Mbps | SE = 0.03146 bit/s/Hz
76043[UE 1 | RB 1] Throughput = 0.83705 Mbps | SE = 0.02194 bit/s/Hz
76153[UE 1 | RB 1] Throughput = 1.30844 Mbps | SE = 0.03429 bit/s/Hz
76263[UE 1 | RB 1] Throughput = 0.65284 Mbps | SE = 0.01711 bit/s/Hz
76363[UE 1 | RB 1] Throughput = 1.43808 Mbps | SE = 0.03769 bit/s/Hz
76473[UE 1 | RB 1] Throughput = 1.19908 Mbps | SE = 0.03142 bit/s/Hz
76574[UE 1 | RB 1] Throughput = 0.71457 Mbps | SE = 0.01873 bit/s/Hz
76683[UE 1 | RB 1] Throughput = 1.31650 Mbps | SE = 0.03450 bit/s/Hz
76783[UE 1 | RB 1] Throughput = 0.59879 Mbps | SE = 0.01569 bit/s/Hz
76893[UE 1 | RB 1] Throughput = 1.30913 Mbps | SE = 0.03431 bit/s/Hz
76993[UE 1 | RB 1] Throughput = 1.31810 Mbps | SE = 0.03454 bit/s/Hz
77093[UE 1 | RB 1] Throughput = 0.83680 Mbps | SE = 0.02193 bit/s/Hz
77193[UE 1 | RB 1] Throughput = 0.71723 Mbps | SE = 0.01880 bit/s/Hz
77303[UE 1 | RB 1] Throughput = 1.53126 Mbps | SE = 0.04013 bit/s/Hz
77403[UE 1 | RB 1] Throughput = 0.95826 Mbps | SE = 0.02511 bit/s/Hz
77513[UE 1 | RB 1] Throughput = 1.19799 Mbps | SE = 0.03139 bit/s/Hz
77614[UE 1 | RB 1] Throughput = 0.83588 Mbps | SE = 0.02190 bit/s/Hz
77723[UE 1 | RB 1] Throughput = 1.31092 Mbps | SE = 0.03435 bit/s/Hz
77833[UE 1 | RB 1] Throughput = 0.87214 Mbps | SE = 0.02285 bit/s/Hz
77933[UE 1 | RB 1] Throughput = 0.71733 Mbps | SE = 0.01880 bit/s/Hz
78043[UE 1 | RB 1] Throughput = 1.30834 Mbps | SE = 0.03429 bit/s/Hz
78153[UE 1 | RB 1] Throughput = 1.41561 Mbps | SE = 0.03710 bit/s/Hz
78263[UE 1 | RB 1] Throughput = 0.65592 Mbps | SE = 0.01719 bit/s/Hz
78363[UE 1 | RB 1] Throughput = 1.43128 Mbps | SE = 0.03751 bit/s/Hz
78473[UE 1 | RB 1] Throughput = 0.65562 Mbps | SE = 0.01718 bit/s/Hz
78573[UE 1 | RB 1] Throughput = 1.31761 Mbps | SE = 0.03453 bit/s/Hz
78673[UE 1 | RB 1] Throughput = 0.95694 Mbps | SE = 0.02508 bit/s/Hz
78783[UE 1 | RB 1] Throughput = 1.30695 Mbps | SE = 0.03425 bit/s/Hz
78893[UE 1 | RB 1] Throughput = 1.19862 Mbps | SE = 0.03141 bit/s/Hz
79003[UE 1 | RB 1] Throughput = 0.87098 Mbps | SE = 0.02282 bit/s/Hz
79113[UE 1 | RB 1] Throughput = 1.31035 Mbps | SE = 0.03434 bit/s/Hz
79223[UE 1 | RB 1] Throughput = 0.54358 Mbps | SE = 0.01424 bit/s/Hz
79334[UE 1 | RB 1] Throughput = 1.30302 Mbps | SE = 0.03415 bit/s/Hz
79443[UE 1 | RB 1] Throughput = 0.87658 Mbps | SE = 0.02297 bit/s/Hz
79543[UE 1 | RB 1] Throughput = 1.55445 Mbps | SE = 0.04074 bit/s/Hz
79653[UE 1 | RB 1] Throughput = 0.54459 Mbps | SE = 0.01427 bit/s/Hz
79763[UE 1 | RB 1] Throughput = 1.31067 Mbps | SE = 0.03435 bit/s/Hz
79863[UE 1 | RB 1] Throughput = 1.31375 Mbps | SE = 0.03443 bit/s/Hz
79973[UE 1 | RB 1] Throughput = 0.76263 Mbps | SE = 0.01999 bit/s/Hz
80084[UE 1 | RB 1] Throughput = 1.19566 Mbps | SE = 0.03133 bit/s/Hz
80193[UE 1 | RB 1] Throughput = 0.76665 Mbps | SE = 0.02009 bit/s/Hz
80293[UE 1 | RB 1] Throughput = 1.31615 Mbps | SE = 0.03449 bit/s/Hz
80403[UE 1 | RB 1] Throughput = 1.30655 Mbps | SE = 0.03424 bit/s/Hz
80513[UE 1 | RB 1] Throughput = 0.54582 Mbps | SE = 0.01430 bit/s/Hz
80613[UE 1 | RB 1] Throughput = 1.55629 Mbps | SE = 0.04078 bit/s/Hz
80723[UE 1 | RB 1] Throughput = 0.87131 Mbps | SE = 0.02283 bit/s/Hz
80833[UE 1 | RB 1] Throughput = 1.09059 Mbps | SE = 0.02858 bit/s/Hz
80943[UE 1 | RB 1] Throughput = 1.30902 Mbps | SE = 0.03430 bit/s/Hz
81043[UE 1 | RB 1] Throughput = 0.83848 Mbps | SE = 0.02197 bit/s/Hz
81153[UE 1 | RB 1] Throughput = 0.98056 Mbps | SE = 0.02570 bit/s/Hz
81253[UE 1 | RB 1] Throughput = 1.31527 Mbps | SE = 0.03447 bit/s/Hz
81363[UE 1 | RB 1] Throughput = 0.65546 Mbps | SE = 0.01718 bit/s/Hz
81463[UE 1 | RB 1] Throughput = 1.43371 Mbps | SE = 0.03757 bit/s/Hz
81563[UE 1 | RB 1] Throughput = 0.71850 Mbps | SE = 0.01883 bit/s/Hz
81673[UE 1 | RB 1] Throughput = 1.30662 Mbps | SE = 0.03424 bit/s/Hz
81783[UE 1 | RB 1] Throughput = 1.09260 Mbps | SE = 0.02863 bit/s/Hz
81893[UE 1 | RB 1] Throughput = 1.41655 Mbps | SE = 0.03712 bit/s/Hz
81993[UE 1 | RB 1] Throughput = 0.71822 Mbps | SE = 0.01882 bit/s/Hz
82093[UE 1 | RB 1] Throughput = 0.71721 Mbps | SE = 0.01879 bit/s/Hz
82203[UE 1 | RB 1] Throughput = 1.31143 Mbps | SE = 0.03437 bit/s/Hz
82303[UE 1 | RB 1] Throughput = 1.43738 Mbps | SE = 0.03767 bit/s/Hz
82413[UE 1 | RB 1] Throughput = 0.65258 Mbps | SE = 0.01710 bit/s/Hz
82513[UE 1 | RB 1] Throughput = 1.43653 Mbps | SE = 0.03764 bit/s/Hz
82623[UE 1 | RB 1] Throughput = 0.76591 Mbps | SE = 0.02007 bit/s/Hz
82723[UE 1 | RB 1] Throughput = 1.43244 Mbps | SE = 0.03754 bit/s/Hz
82824[UE 1 | RB 1] Throughput = 0.83660 Mbps | SE = 0.02192 bit/s/Hz
82933[UE 1 | RB 1] Throughput = 1.20265 Mbps | SE = 0.03152 bit/s/Hz
83043[UE 1 | RB 1] Throughput = 0.76151 Mbps | SE = 0.01996 bit/s/Hz
83153[UE 1 | RB 1] Throughput = 1.31137 Mbps | SE = 0.03437 bit/s/Hz
83253[UE 1 | RB 1] Throughput = 0.71627 Mbps | SE = 0.01877 bit/s/Hz
83363[UE 1 | RB 1] Throughput = 1.52905 Mbps | SE = 0.04007 bit/s/Hz
83463[UE 1 | RB 1] Throughput = 0.95792 Mbps | SE = 0.02510 bit/s/Hz
83573[UE 1 | RB 1] Throughput = 0.87135 Mbps | SE = 0.02283 bit/s/Hz
83683[UE 1 | RB 1] Throughput = 0.76281 Mbps | SE = 0.01999 bit/s/Hz
83793[UE 1 | RB 1] Throughput = 1.52920 Mbps | SE = 0.04007 bit/s/Hz
83894[UE 1 | RB 1] Throughput = 1.29977 Mbps | SE = 0.03406 bit/s/Hz
84003[UE 1 | RB 1] Throughput = 0.66142 Mbps | SE = 0.01733 bit/s/Hz
84113[UE 1 | RB 1] Throughput = 1.30732 Mbps | SE = 0.03426 bit/s/Hz
84213[UE 1 | RB 1] Throughput = 0.71690 Mbps | SE = 0.01879 bit/s/Hz
84323[UE 1 | RB 1] Throughput = 1.30830 Mbps | SE = 0.03428 bit/s/Hz
84433[UE 1 | RB 1] Throughput = 1.30904 Mbps | SE = 0.03430 bit/s/Hz
84543[UE 1 | RB 1] Throughput = 0.87461 Mbps | SE = 0.02292 bit/s/Hz
84643[UE 1 | RB 1] Throughput = 0.95553 Mbps | SE = 0.02504 bit/s/Hz
84743[UE 1 | RB 1] Throughput = 0.59796 Mbps | SE = 0.01567 bit/s/Hz
84844[UE 1 | RB 1] Throughput = 1.67481 Mbps | SE = 0.04389 bit/s/Hz
84954[UE 1 | RB 1] Throughput = 0.87168 Mbps | SE = 0.02284 bit/s/Hz
85055[UE 1 | RB 1] Throughput = 1.30503 Mbps | SE = 0.03420 bit/s/Hz
85163[UE 1 | RB 1] Throughput = 0.66154 Mbps | SE = 0.01734 bit/s/Hz
85273[UE 1 | RB 1] Throughput = 1.30845 Mbps | SE = 0.03429 bit/s/Hz
85383[UE 1 | RB 1] Throughput = 0.87186 Mbps | SE = 0.02285 bit/s/Hz
85483[UE 1 | RB 1] Throughput = 1.55570 Mbps | SE = 0.04077 bit/s/Hz
85593[UE 1 | RB 1] Throughput = 0.65450 Mbps | SE = 0.01715 bit/s/Hz
85693[UE 1 | RB 1] Throughput = 1.31758 Mbps | SE = 0.03453 bit/s/Hz
85803[UE 1 | RB 1] Throughput = 1.19924 Mbps | SE = 0.03143 bit/s/Hz
85903[UE 1 | RB 1] Throughput = 0.71778 Mbps | SE = 0.01881 bit/s/Hz
86013[UE 1 | RB 1] Throughput = 1.19826 Mbps | SE = 0.03140 bit/s/Hz
86113[UE 1 | RB 1] Throughput = 1.19781 Mbps | SE = 0.03139 bit/s/Hz
86213[UE 1 | RB 1] Throughput = 0.83822 Mbps | SE = 0.02197 bit/s/Hz
86323[UE 1 | RB 1] Throughput = 1.31230 Mbps | SE = 0.03439 bit/s/Hz
86423[UE 1 | RB 1] Throughput = 0.95670 Mbps | SE = 0.02507 bit/s/Hz
86533[UE 1 | RB 1] Throughput = 0.97920 Mbps | SE = 0.02566 bit/s/Hz
86643[UE 1 | RB 1] Throughput = 1.20028 Mbps | SE = 0.03145 bit/s/Hz
86743[UE 1 | RB 1] Throughput = 0.71875 Mbps | SE = 0.01884 bit/s/Hz
86853[UE 1 | RB 1] Throughput = 1.19803 Mbps | SE = 0.03139 bit/s/Hz
86953[UE 1 | RB 1] Throughput = 0.95705 Mbps | SE = 0.02508 bit/s/Hz
87063[UE 1 | RB 1] Throughput = 1.09220 Mbps | SE = 0.02862 bit/s/Hz
87163[UE 1 | RB 1] Throughput = 1.31740 Mbps | SE = 0.03452 bit/s/Hz
87263[UE 1 | RB 1] Throughput = 1.31753 Mbps | SE = 0.03453 bit/s/Hz
87373[UE 1 | RB 1] Throughput = 0.76224 Mbps | SE = 0.01997 bit/s/Hz
87473[UE 1 | RB 1] Throughput = 0.95853 Mbps | SE = 0.02512 bit/s/Hz
87583[UE 1 | RB 1] Throughput = 1.19747 Mbps | SE = 0.03138 bit/s/Hz
87693[UE 1 | RB 1] Throughput = 1.19860 Mbps | SE = 0.03141 bit/s/Hz
87803[UE 1 | RB 1] Throughput = 0.98357 Mbps | SE = 0.02577 bit/s/Hz
87903[UE 1 | RB 1] Throughput = 0.71888 Mbps | SE = 0.01884 bit/s/Hz
88013[UE 1 | RB 1] Throughput = 1.19557 Mbps | SE = 0.03133 bit/s/Hz
88123[UE 1 | RB 1] Throughput = 1.31083 Mbps | SE = 0.03435 bit/s/Hz
88223[UE 1 | RB 1] Throughput = 0.83655 Mbps | SE = 0.02192 bit/s/Hz
88333[UE 1 | RB 1] Throughput = 1.30596 Mbps | SE = 0.03422 bit/s/Hz
88433[UE 1 | RB 1] Throughput = 0.95866 Mbps | SE = 0.02512 bit/s/Hz
88543[UE 1 | RB 1] Throughput = 1.09178 Mbps | SE = 0.02861 bit/s/Hz
88653[UE 1 | RB 1] Throughput = 1.08854 Mbps | SE = 0.02853 bit/s/Hz
88763[UE 1 | RB 1] Throughput = 1.08960 Mbps | SE = 0.02855 bit/s/Hz
88873[UE 1 | RB 1] Throughput = 1.30673 Mbps | SE = 0.03424 bit/s/Hz
88973[UE 1 | RB 1] Throughput = 0.71830 Mbps | SE = 0.01882 bit/s/Hz
89083[UE 1 | RB 1] Throughput = 1.19855 Mbps | SE = 0.03141 bit/s/Hz
89193[UE 1 | RB 1] Throughput = 0.65399 Mbps | SE = 0.01714 bit/s/Hz
89303[UE 1 | RB 1] Throughput = 1.20016 Mbps | SE = 0.03145 bit/s/Hz
89404[UE 1 | RB 1] Throughput = 1.43288 Mbps | SE = 0.03755 bit/s/Hz
89514[UE 1 | RB 1] Throughput = 0.97984 Mbps | SE = 0.02568 bit/s/Hz
89623[UE 1 | RB 1] Throughput = 1.20259 Mbps | SE = 0.03151 bit/s/Hz
89723[UE 1 | RB 1] Throughput = 0.59868 Mbps | SE = 0.01569 bit/s/Hz
89823[UE 1 | RB 1] Throughput = 1.43672 Mbps | SE = 0.03765 bit/s/Hz
89933[UE 1 | RB 1] Throughput = 1.20240 Mbps | SE = 0.03151 bit/s/Hz
[xApp]: E42 RIC_SUBSCRIPTION_DELETE_REQUEST tx RAN_FUNC_ID 144 RIC_REQ_ID 1 
[xApp]: E42 SUBSCRIPTION DELETE RESPONSE rx
[xApp]: E42 RIC_SUBSCRIPTION_DELETE_REQUEST tx RAN_FUNC_ID 144 RIC_REQ_ID 2 
[xApp]: E42 SUBSCRIPTION DELETE RESPONSE rx
[xApp]: E42 RIC_SUBSCRIPTION_DELETE_REQUEST tx RAN_FUNC_ID 144 RIC_REQ_ID 3 
[xApp]: E42 SUBSCRIPTION DELETE RESPONSE rx
[xApp]: E42 RIC_SUBSCRIPTION_DELETE_REQUEST tx RAN_FUNC_ID 144 RIC_REQ_ID 4 
[xApp]: E42 SUBSCRIPTION DELETE RESPONSE rx
[xApp]: Sucessfully stopped 
Test xApp run SUCCESSFULLY
