[UTIL]: Setting the config -c file to /usr/local/etc/flexric/flexric.conf
[UTIL]: Setting path -p for the shared libraries to /usr/local/lib/flexric/
[xAapp]: Initializing ... 
[xApp]: nearRT-RIC IP Address = 192.168.70.150, PORT = 36422
[E2 AGENT]: Opening plugin from path = /usr/local/lib/flexric/libkpm_sm.so 
[E2 AGENT]: Opening plugin from path = /usr/local/lib/flexric/libmac_sm.so 
[E2 AGENT]: Opening plugin from path = /usr/local/lib/flexric/libpdcp_sm.so 
[E2 AGENT]: Opening plugin from path = /usr/local/lib/flexric/libgtp_sm.so 
[E2 AGENT]: Opening plugin from path = /usr/local/lib/flexric/librc_sm.so 
[E2 AGENT]: Opening plugin from path = /usr/local/lib/flexric/libtc_sm.so 
[E2 AGENT]: Opening plugin from path = /usr/local/lib/flexric/librlc_sm.so 
[E2 AGENT]: Opening plugin from path = /usr/local/lib/flexric/libslice_sm.so 
[NEAR-RIC]: Loading SM ID = 2 with def = ORAN-E2SM-KPM 
[NEAR-RIC]: Loading SM ID = 142 with def = MAC_STATS_V0 
[NEAR-RIC]: Loading SM ID = 144 with def = PDCP_STATS_V0 
[NEAR-RIC]: Loading SM ID = 148 with def = GTP_STATS_V0 
[NEAR-RIC]: Loading SM ID = 3 with def = ORAN-E2SM-RC 
[NEAR-RIC]: Loading SM ID = 146 with def = TC_STATS_V0 
[NEAR-RIC]: Loading SM ID = 143 with def = RLC_STATS_V0 
[NEAR-RIC]: Loading SM ID = 145 with def = SLICE_STATS_V0 
[xApp]: DB filename = /tmp/flexric/xapp_db 
 [xApp]: E42 SETUP-REQUEST tx
[xApp]: E42 SETUP-RESPONSE rx 
[xApp]: xApp ID = 90 
[xApp]: Registered E2 Nodes = 4 
Connected E2 nodes = 4
[xAPP] Registered node 0 ran func id = 2 
 [xAPP] Registered node 0 ran func id = 3 
 [xAPP] Registered node 0 ran func id = 142 
 [xAPP] Registered node 0 ran func id = 143 
 [xAPP] Registered node 0 ran func id = 144 
 [xAPP] Registered node 0 ran func id = 145 
 [xAPP] Registered node 0 ran func id = 146 
 [xAPP] Registered node 0 ran func id = 148 
 [xApp]: E42 RIC SUBSCRIPTION REQUEST tx RAN_FUNC_ID 144 RIC_REQ_ID 1 
[xApp]: SUBSCRIPTION RESPONSE rx
[xApp]: Successfully subscribed to RAN_FUNC_ID 144 
[xAPP] Registered node 1 ran func id = 2 
 [xAPP] Registered node 1 ran func id = 3 
 [xAPP] Registered node 1 ran func id = 142 
 [xAPP] Registered node 1 ran func id = 143 
 [xAPP] Registered node 1 ran func id = 144 
 [xAPP] Registered node 1 ran func id = 145 
 [xAPP] Registered node 1 ran func id = 146 
 [xAPP] Registered node 1 ran func id = 148 
 [xApp]: E42 RIC SUBSCRIPTION REQUEST tx RAN_FUNC_ID 144 RIC_REQ_ID 2 
[xApp]: SUBSCRIPTION RESPONSE rx
[xApp]: Successfully subscribed to RAN_FUNC_ID 144 
[xAPP] Registered node 2 ran func id = 2 
 [xAPP] Registered node 2 ran func id = 3 
 [xAPP] Registered node 2 ran func id = 142 
 [xAPP] Registered node 2 ran func id = 143 
 [xAPP] Registered node 2 ran func id = 144 
 [xAPP] Registered node 2 ran func id = 145 
 [xAPP] Registered node 2 ran func id = 146 
 [xAPP] Registered node 2 ran func id = 148 
 [xApp]: E42 RIC SUBSCRIPTION REQUEST tx RAN_FUNC_ID 144 RIC_REQ_ID 3 
[xApp]: SUBSCRIPTION RESPONSE rx
[xApp]: Successfully subscribed to RAN_FUNC_ID 144 
[xAPP] Registered node 3 ran func id = 2 
 [xAPP] Registered node 3 ran func id = 3 
 [xAPP] Registered node 3 ran func id = 142 
 [xAPP] Registered node 3 ran func id = 143 
 [xAPP] Registered node 3 ran func id = 144 
 [xAPP] Registered node 3 ran func id = 145 
 [xAPP] Registered node 3 ran func id = 146 
 [xAPP] Registered node 3 ran func id = 148 
 [xApp]: E42 RIC SUBSCRIPTION REQUEST tx RAN_FUNC_ID 144 RIC_REQ_ID 4 
[xApp]: SUBSCRIPTION RESPONSE rx
[xApp]: Successfully subscribed to RAN_FUNC_ID 144 
112[UE 1 | RB 1] Throughput = 0.83764 Mbps | SE = 0.02195 bit/s/Hz
212[UE 1 | RB 1] Throughput = 1.07607 Mbps | SE = 0.02820 bit/s/Hz
322[UE 1 | RB 1] Throughput = 1.19913 Mbps | SE = 0.03142 bit/s/Hz
422[UE 1 | RB 1] Throughput = 0.71830 Mbps | SE = 0.01882 bit/s/Hz
532[UE 1 | RB 1] Throughput = 1.41944 Mbps | SE = 0.03720 bit/s/Hz
632[UE 1 | RB 1] Throughput = 1.07612 Mbps | SE = 0.02820 bit/s/Hz
742[UE 1 | RB 1] Throughput = 1.09058 Mbps | SE = 0.02858 bit/s/Hz
852[UE 1 | RB 1] Throughput = 1.20367 Mbps | SE = 0.03154 bit/s/Hz
952[UE 1 | RB 1] Throughput = 0.71849 Mbps | SE = 0.01883 bit/s/Hz
1062[UE 1 | RB 1] Throughput = 1.30491 Mbps | SE = 0.03420 bit/s/Hz
1172[UE 1 | RB 1] Throughput = 0.76463 Mbps | SE = 0.02004 bit/s/Hz
1272[UE 1 | RB 1] Throughput = 1.31759 Mbps | SE = 0.03453 bit/s/Hz
1372[UE 1 | RB 1] Throughput = 0.95530 Mbps | SE = 0.02503 bit/s/Hz
1482[UE 1 | RB 1] Throughput = 1.19884 Mbps | SE = 0.03142 bit/s/Hz
1582[UE 1 | RB 1] Throughput = 0.95572 Mbps | SE = 0.02505 bit/s/Hz
1693[UE 1 | RB 1] Throughput = 1.19688 Mbps | SE = 0.03136 bit/s/Hz
1802[UE 1 | RB 1] Throughput = 0.98325 Mbps | SE = 0.02577 bit/s/Hz
1903[UE 1 | RB 1] Throughput = 1.07544 Mbps | SE = 0.02818 bit/s/Hz
2003[UE 1 | RB 1] Throughput = 0.95773 Mbps | SE = 0.02510 bit/s/Hz
2112[UE 1 | RB 1] Throughput = 1.31157 Mbps | SE = 0.03437 bit/s/Hz
2222[UE 1 | RB 1] Throughput = 0.65439 Mbps | SE = 0.01715 bit/s/Hz
2323[UE 1 | RB 1] Throughput = 1.43255 Mbps | SE = 0.03754 bit/s/Hz
2432[UE 1 | RB 1] Throughput = 1.20181 Mbps | SE = 0.03149 bit/s/Hz
2542[UE 1 | RB 1] Throughput = 0.98078 Mbps | SE = 0.02570 bit/s/Hz
2642[UE 1 | RB 1] Throughput = 0.95831 Mbps | SE = 0.02511 bit/s/Hz
2743[UE 1 | RB 1] Throughput = 1.07567 Mbps | SE = 0.02819 bit/s/Hz
2853[UE 1 | RB 1] Throughput = 0.76264 Mbps | SE = 0.01999 bit/s/Hz
2963[UE 1 | RB 1] Throughput = 1.30498 Mbps | SE = 0.03420 bit/s/Hz
3072[UE 1 | RB 1] Throughput = 1.31216 Mbps | SE = 0.03439 bit/s/Hz
3174[UE 1 | RB 1] Throughput = 0.70853 Mbps | SE = 0.01857 bit/s/Hz
3282[UE 1 | RB 1] Throughput = 1.21705 Mbps | SE = 0.03189 bit/s/Hz
3383[UE 1 | RB 1] Throughput = 0.95196 Mbps | SE = 0.02495 bit/s/Hz
3492[UE 1 | RB 1] Throughput = 1.31763 Mbps | SE = 0.03453 bit/s/Hz
3592[UE 1 | RB 1] Throughput = 0.71887 Mbps | SE = 0.01884 bit/s/Hz
3693[UE 1 | RB 1] Throughput = 1.43078 Mbps | SE = 0.03749 bit/s/Hz
3802[UE 1 | RB 1] Throughput = 0.65676 Mbps | SE = 0.01721 bit/s/Hz
3903[UE 1 | RB 1] Throughput = 1.30748 Mbps | SE = 0.03426 bit/s/Hz
4012[UE 1 | RB 1] Throughput = 1.09666 Mbps | SE = 0.02874 bit/s/Hz
4112[UE 1 | RB 1] Throughput = 0.83716 Mbps | SE = 0.02194 bit/s/Hz
4222[UE 1 | RB 1] Throughput = 1.31124 Mbps | SE = 0.03436 bit/s/Hz
4323[UE 1 | RB 1] Throughput = 1.31156 Mbps | SE = 0.03437 bit/s/Hz
4432[UE 1 | RB 1] Throughput = 0.76390 Mbps | SE = 0.02002 bit/s/Hz
4542[UE 1 | RB 1] Throughput = 1.19764 Mbps | SE = 0.03138 bit/s/Hz
4652[UE 1 | RB 1] Throughput = 0.76233 Mbps | SE = 0.01998 bit/s/Hz
4762[UE 1 | RB 1] Throughput = 1.30919 Mbps | SE = 0.03431 bit/s/Hz
4872[UE 1 | RB 1] Throughput = 1.30481 Mbps | SE = 0.03419 bit/s/Hz
4982[UE 1 | RB 1] Throughput = 0.65612 Mbps | SE = 0.01719 bit/s/Hz
5092[UE 1 | RB 1] Throughput = 1.30905 Mbps | SE = 0.03430 bit/s/Hz
5192[UE 1 | RB 1] Throughput = 0.71765 Mbps | SE = 0.01881 bit/s/Hz
5302[UE 1 | RB 1] Throughput = 1.52182 Mbps | SE = 0.03988 bit/s/Hz
5412[UE 1 | RB 1] Throughput = 0.76573 Mbps | SE = 0.02007 bit/s/Hz
5512[UE 1 | RB 1] Throughput = 1.43614 Mbps | SE = 0.03763 bit/s/Hz
5612[UE 1 | RB 1] Throughput = 0.71719 Mbps | SE = 0.01879 bit/s/Hz
5712[UE 1 | RB 1] Throughput = 1.43786 Mbps | SE = 0.03768 bit/s/Hz
5822[UE 1 | RB 1] Throughput = 0.65560 Mbps | SE = 0.01718 bit/s/Hz
5922[UE 1 | RB 1] Throughput = 1.07529 Mbps | SE = 0.02818 bit/s/Hz
6022[UE 1 | RB 1] Throughput = 1.31817 Mbps | SE = 0.03454 bit/s/Hz
6133[UE 1 | RB 1] Throughput = 1.19053 Mbps | SE = 0.03120 bit/s/Hz
6242[UE 1 | RB 1] Throughput = 0.87665 Mbps | SE = 0.02297 bit/s/Hz
6352[UE 1 | RB 1] Throughput = 1.19976 Mbps | SE = 0.03144 bit/s/Hz
6462[UE 1 | RB 1] Throughput = 0.76190 Mbps | SE = 0.01997 bit/s/Hz
6572[UE 1 | RB 1] Throughput = 1.19818 Mbps | SE = 0.03140 bit/s/Hz
6672[UE 1 | RB 1] Throughput = 0.83863 Mbps | SE = 0.02198 bit/s/Hz
6782[UE 1 | RB 1] Throughput = 1.30968 Mbps | SE = 0.03432 bit/s/Hz
6882[UE 1 | RB 1] Throughput = 1.19676 Mbps | SE = 0.03136 bit/s/Hz
6992[UE 1 | RB 1] Throughput = 1.09042 Mbps | SE = 0.02857 bit/s/Hz
7092[UE 1 | RB 1] Throughput = 1.19792 Mbps | SE = 0.03139 bit/s/Hz
7202[UE 1 | RB 1] Throughput = 0.76185 Mbps | SE = 0.01996 bit/s/Hz
7312[UE 1 | RB 1] Throughput = 0.87483 Mbps | SE = 0.02293 bit/s/Hz
7412[UE 1 | RB 1] Throughput = 1.07660 Mbps | SE = 0.02821 bit/s/Hz
7512[UE 1 | RB 1] Throughput = 1.19744 Mbps | SE = 0.03138 bit/s/Hz
7622[UE 1 | RB 1] Throughput = 1.41971 Mbps | SE = 0.03720 bit/s/Hz
7732[UE 1 | RB 1] Throughput = 0.65282 Mbps | SE = 0.01711 bit/s/Hz
7842[UE 1 | RB 1] Throughput = 1.19861 Mbps | SE = 0.03141 bit/s/Hz
7952[UE 1 | RB 1] Throughput = 1.30938 Mbps | SE = 0.03431 bit/s/Hz
8052[UE 1 | RB 1] Throughput = 0.71745 Mbps | SE = 0.01880 bit/s/Hz
8152[UE 1 | RB 1] Throughput = 1.31465 Mbps | SE = 0.03445 bit/s/Hz
8262[UE 1 | RB 1] Throughput = 0.65522 Mbps | SE = 0.01717 bit/s/Hz
8363[UE 1 | RB 1] Throughput = 1.31196 Mbps | SE = 0.03438 bit/s/Hz
8472[UE 1 | RB 1] Throughput = 1.09348 Mbps | SE = 0.02866 bit/s/Hz
8582[UE 1 | RB 1] Throughput = 0.97880 Mbps | SE = 0.02565 bit/s/Hz
8692[UE 1 | RB 1] Throughput = 1.20194 Mbps | SE = 0.03150 bit/s/Hz
8802[UE 1 | RB 1] Throughput = 1.19583 Mbps | SE = 0.03134 bit/s/Hz
8912[UE 1 | RB 1] Throughput = 1.19795 Mbps | SE = 0.03139 bit/s/Hz
9022[UE 1 | RB 1] Throughput = 0.54539 Mbps | SE = 0.01429 bit/s/Hz
9132[UE 1 | RB 1] Throughput = 1.19621 Mbps | SE = 0.03135 bit/s/Hz
9233[UE 1 | RB 1] Throughput = 1.31755 Mbps | SE = 0.03453 bit/s/Hz
9343[UE 1 | RB 1] Throughput = 1.19550 Mbps | SE = 0.03133 bit/s/Hz
9452[UE 1 | RB 1] Throughput = 0.65778 Mbps | SE = 0.01724 bit/s/Hz
9553[UE 1 | RB 1] Throughput = 1.30350 Mbps | SE = 0.03416 bit/s/Hz
9662[UE 1 | RB 1] Throughput = 1.09752 Mbps | SE = 0.02876 bit/s/Hz
9772[UE 1 | RB 1] Throughput = 0.98456 Mbps | SE = 0.02580 bit/s/Hz
9872[UE 1 | RB 1] Throughput = 1.31421 Mbps | SE = 0.03444 bit/s/Hz
9982[UE 1 | RB 1] Throughput = 0.87383 Mbps | SE = 0.02290 bit/s/Hz
10083[UE 1 | RB 1] Throughput = 0.71469 Mbps | SE = 0.01873 bit/s/Hz
10192[UE 1 | RB 1] Throughput = 1.41842 Mbps | SE = 0.03717 bit/s/Hz
10302[UE 1 | RB 1] Throughput = 1.31224 Mbps | SE = 0.03439 bit/s/Hz
10402[UE 1 | RB 1] Throughput = 0.83575 Mbps | SE = 0.02190 bit/s/Hz
10512[UE 1 | RB 1] Throughput = 1.09149 Mbps | SE = 0.02860 bit/s/Hz
10612[UE 1 | RB 1] Throughput = 0.83731 Mbps | SE = 0.02194 bit/s/Hz
10713[UE 1 | RB 1] Throughput = 1.31273 Mbps | SE = 0.03440 bit/s/Hz
10822[UE 1 | RB 1] Throughput = 1.31239 Mbps | SE = 0.03439 bit/s/Hz
10932[UE 1 | RB 1] Throughput = 0.76379 Mbps | SE = 0.02002 bit/s/Hz
11042[UE 1 | RB 1] Throughput = 1.19969 Mbps | SE = 0.03144 bit/s/Hz
11142[UE 1 | RB 1] Throughput = 0.71790 Mbps | SE = 0.01881 bit/s/Hz
11243[UE 1 | RB 1] Throughput = 1.55436 Mbps | SE = 0.04073 bit/s/Hz
11352[UE 1 | RB 1] Throughput = 0.76454 Mbps | SE = 0.02004 bit/s/Hz
11452[UE 1 | RB 1] Throughput = 1.19718 Mbps | SE = 0.03137 bit/s/Hz
11562[UE 1 | RB 1] Throughput = 1.19969 Mbps | SE = 0.03144 bit/s/Hz
11662[UE 1 | RB 1] Throughput = 0.71880 Mbps | SE = 0.01884 bit/s/Hz
11772[UE 1 | RB 1] Throughput = 1.41657 Mbps | SE = 0.03712 bit/s/Hz
11882[UE 1 | RB 1] Throughput = 0.65403 Mbps | SE = 0.01714 bit/s/Hz
11992[UE 1 | RB 1] Throughput = 1.30784 Mbps | SE = 0.03427 bit/s/Hz
12093[UE 1 | RB 1] Throughput = 1.31197 Mbps | SE = 0.03438 bit/s/Hz
12202[UE 1 | RB 1] Throughput = 0.65525 Mbps | SE = 0.01717 bit/s/Hz
12313[UE 1 | RB 1] Throughput = 1.41381 Mbps | SE = 0.03705 bit/s/Hz
12422[UE 1 | RB 1] Throughput = 0.65407 Mbps | SE = 0.01714 bit/s/Hz
12532[UE 1 | RB 1] Throughput = 1.30712 Mbps | SE = 0.03425 bit/s/Hz
12642[UE 1 | RB 1] Throughput = 0.65645 Mbps | SE = 0.01720 bit/s/Hz
12742[UE 1 | RB 1] Throughput = 1.43328 Mbps | SE = 0.03756 bit/s/Hz
12852[UE 1 | RB 1] Throughput = 1.30777 Mbps | SE = 0.03427 bit/s/Hz
12962[UE 1 | RB 1] Throughput = 0.65479 Mbps | SE = 0.01716 bit/s/Hz
13072[UE 1 | RB 1] Throughput = 1.30781 Mbps | SE = 0.03427 bit/s/Hz
13172[UE 1 | RB 1] Throughput = 1.07537 Mbps | SE = 0.02818 bit/s/Hz
13273[UE 1 | RB 1] Throughput = 1.18928 Mbps | SE = 0.03117 bit/s/Hz
13382[UE 1 | RB 1] Throughput = 0.76953 Mbps | SE = 0.02017 bit/s/Hz
13482[UE 1 | RB 1] Throughput = 1.31486 Mbps | SE = 0.03446 bit/s/Hz
13592[UE 1 | RB 1] Throughput = 0.65458 Mbps | SE = 0.01715 bit/s/Hz
13693[UE 1 | RB 1] Throughput = 1.42764 Mbps | SE = 0.03741 bit/s/Hz
13802[UE 1 | RB 1] Throughput = 1.09707 Mbps | SE = 0.02875 bit/s/Hz
13902[UE 1 | RB 1] Throughput = 1.31690 Mbps | SE = 0.03451 bit/s/Hz
14012[UE 1 | RB 1] Throughput = 0.87271 Mbps | SE = 0.02287 bit/s/Hz
14122[UE 1 | RB 1] Throughput = 0.98123 Mbps | SE = 0.02571 bit/s/Hz
14222[UE 1 | RB 1] Throughput = 1.19701 Mbps | SE = 0.03137 bit/s/Hz
14323[UE 1 | RB 1] Throughput = 0.95506 Mbps | SE = 0.02503 bit/s/Hz
14433[UE 1 | RB 1] Throughput = 1.08990 Mbps | SE = 0.02856 bit/s/Hz
14542[UE 1 | RB 1] Throughput = 1.31081 Mbps | SE = 0.03435 bit/s/Hz
14652[UE 1 | RB 1] Throughput = 0.54540 Mbps | SE = 0.01429 bit/s/Hz
14762[UE 1 | RB 1] Throughput = 1.52792 Mbps | SE = 0.04004 bit/s/Hz
14862[UE 1 | RB 1] Throughput = 0.95796 Mbps | SE = 0.02510 bit/s/Hz
14962[UE 1 | RB 1] Throughput = 0.83535 Mbps | SE = 0.02189 bit/s/Hz
15062[UE 1 | RB 1] Throughput = 1.19817 Mbps | SE = 0.03140 bit/s/Hz
15173[UE 1 | RB 1] Throughput = 1.30673 Mbps | SE = 0.03424 bit/s/Hz
15273[UE 1 | RB 1] Throughput = 0.83786 Mbps | SE = 0.02196 bit/s/Hz
15383[UE 1 | RB 1] Throughput = 1.19946 Mbps | SE = 0.03143 bit/s/Hz
15492[UE 1 | RB 1] Throughput = 0.65708 Mbps | SE = 0.01722 bit/s/Hz
15592[UE 1 | RB 1] Throughput = 1.43224 Mbps | SE = 0.03753 bit/s/Hz
15702[UE 1 | RB 1] Throughput = 0.87217 Mbps | SE = 0.02286 bit/s/Hz
15813[UE 1 | RB 1] Throughput = 0.87001 Mbps | SE = 0.02280 bit/s/Hz
15922[UE 1 | RB 1] Throughput = 1.52831 Mbps | SE = 0.04005 bit/s/Hz
16032[UE 1 | RB 1] Throughput = 0.98238 Mbps | SE = 0.02574 bit/s/Hz
16133[UE 1 | RB 1] Throughput = 1.06419 Mbps | SE = 0.02789 bit/s/Hz
16242[UE 1 | RB 1] Throughput = 0.88080 Mbps | SE = 0.02308 bit/s/Hz
16352[UE 1 | RB 1] Throughput = 1.30700 Mbps | SE = 0.03425 bit/s/Hz
16453[UE 1 | RB 1] Throughput = 0.71455 Mbps | SE = 0.01873 bit/s/Hz
16562[UE 1 | RB 1] Throughput = 1.53513 Mbps | SE = 0.04023 bit/s/Hz
16663[UE 1 | RB 1] Throughput = 0.95277 Mbps | SE = 0.02497 bit/s/Hz
16772[UE 1 | RB 1] Throughput = 0.87599 Mbps | SE = 0.02296 bit/s/Hz
16872[UE 1 | RB 1] Throughput = 1.31684 Mbps | SE = 0.03451 bit/s/Hz
16972[UE 1 | RB 1] Throughput = 0.71844 Mbps | SE = 0.01883 bit/s/Hz
17082[UE 1 | RB 1] Throughput = 1.30884 Mbps | SE = 0.03430 bit/s/Hz
17192[UE 1 | RB 1] Throughput = 0.98106 Mbps | SE = 0.02571 bit/s/Hz
17302[UE 1 | RB 1] Throughput = 0.98167 Mbps | SE = 0.02573 bit/s/Hz
17412[UE 1 | RB 1] Throughput = 1.30534 Mbps | SE = 0.03421 bit/s/Hz
17512[UE 1 | RB 1] Throughput = 0.83825 Mbps | SE = 0.02197 bit/s/Hz
17613[UE 1 | RB 1] Throughput = 1.31096 Mbps | SE = 0.03435 bit/s/Hz
17722[UE 1 | RB 1] Throughput = 0.76718 Mbps | SE = 0.02010 bit/s/Hz
17822[UE 1 | RB 1] Throughput = 0.71811 Mbps | SE = 0.01882 bit/s/Hz
17923[UE 1 | RB 1] Throughput = 1.79174 Mbps | SE = 0.04695 bit/s/Hz
18023[UE 1 | RB 1] Throughput = 0.95848 Mbps | SE = 0.02512 bit/s/Hz
18133[UE 1 | RB 1] Throughput = 0.76172 Mbps | SE = 0.01996 bit/s/Hz
18242[UE 1 | RB 1] Throughput = 1.20396 Mbps | SE = 0.03155 bit/s/Hz
18343[UE 1 | RB 1] Throughput = 1.31468 Mbps | SE = 0.03445 bit/s/Hz
18443[UE 1 | RB 1] Throughput = 0.95847 Mbps | SE = 0.02512 bit/s/Hz
18543[UE 1 | RB 1] Throughput = 0.83655 Mbps | SE = 0.02192 bit/s/Hz
18652[UE 1 | RB 1] Throughput = 1.31621 Mbps | SE = 0.03449 bit/s/Hz
18752[UE 1 | RB 1] Throughput = 0.95760 Mbps | SE = 0.02509 bit/s/Hz
18862[UE 1 | RB 1] Throughput = 1.31019 Mbps | SE = 0.03433 bit/s/Hz
18972[UE 1 | RB 1] Throughput = 0.76318 Mbps | SE = 0.02000 bit/s/Hz
19073[UE 1 | RB 1] Throughput = 1.30953 Mbps | SE = 0.03432 bit/s/Hz
19182[UE 1 | RB 1] Throughput = 0.98489 Mbps | SE = 0.02581 bit/s/Hz
19283[UE 1 | RB 1] Throughput = 0.71505 Mbps | SE = 0.01874 bit/s/Hz
19392[UE 1 | RB 1] Throughput = 0.87536 Mbps | SE = 0.02294 bit/s/Hz
19502[UE 1 | RB 1] Throughput = 1.63698 Mbps | SE = 0.04290 bit/s/Hz
19602[UE 1 | RB 1] Throughput = 0.83678 Mbps | SE = 0.02193 bit/s/Hz
19712[UE 1 | RB 1] Throughput = 1.30629 Mbps | SE = 0.03423 bit/s/Hz
19812[UE 1 | RB 1] Throughput = 0.95850 Mbps | SE = 0.02512 bit/s/Hz
19913[UE 1 | RB 1] Throughput = 0.71825 Mbps | SE = 0.01882 bit/s/Hz
20023[UE 1 | RB 1] Throughput = 1.52603 Mbps | SE = 0.03999 bit/s/Hz
20132[UE 1 | RB 1] Throughput = 1.09207 Mbps | SE = 0.02862 bit/s/Hz
20242[UE 1 | RB 1] Throughput = 1.08878 Mbps | SE = 0.02853 bit/s/Hz
20342[UE 1 | RB 1] Throughput = 0.95711 Mbps | SE = 0.02508 bit/s/Hz
20452[UE 1 | RB 1] Throughput = 0.65450 Mbps | SE = 0.01715 bit/s/Hz
20563[UE 1 | RB 1] Throughput = 1.19590 Mbps | SE = 0.03134 bit/s/Hz
20663[UE 1 | RB 1] Throughput = 1.43613 Mbps | SE = 0.03763 bit/s/Hz
20772[UE 1 | RB 1] Throughput = 1.09261 Mbps | SE = 0.02863 bit/s/Hz
20873[UE 1 | RB 1] Throughput = 0.83801 Mbps | SE = 0.02196 bit/s/Hz
20982[UE 1 | RB 1] Throughput = 1.19917 Mbps | SE = 0.03142 bit/s/Hz
21092[UE 1 | RB 1] Throughput = 1.09174 Mbps | SE = 0.02861 bit/s/Hz
21192[UE 1 | RB 1] Throughput = 1.19768 Mbps | SE = 0.03139 bit/s/Hz
21293[UE 1 | RB 1] Throughput = 0.95596 Mbps | SE = 0.02505 bit/s/Hz
21403[UE 1 | RB 1] Throughput = 1.19899 Mbps | SE = 0.03142 bit/s/Hz
21503[UE 1 | RB 1] Throughput = 0.71821 Mbps | SE = 0.01882 bit/s/Hz
21612[UE 1 | RB 1] Throughput = 1.30909 Mbps | SE = 0.03431 bit/s/Hz
21722[UE 1 | RB 1] Throughput = 1.20010 Mbps | SE = 0.03145 bit/s/Hz
21822[UE 1 | RB 1] Throughput = 0.71854 Mbps | SE = 0.01883 bit/s/Hz
21923[UE 1 | RB 1] Throughput = 0.83542 Mbps | SE = 0.02189 bit/s/Hz
22032[UE 1 | RB 1] Throughput = 1.31416 Mbps | SE = 0.03444 bit/s/Hz
22132[UE 1 | RB 1] Throughput = 0.71822 Mbps | SE = 0.01882 bit/s/Hz
22232[UE 1 | RB 1] Throughput = 1.67660 Mbps | SE = 0.04394 bit/s/Hz
22333[UE 1 | RB 1] Throughput = 0.71803 Mbps | SE = 0.01882 bit/s/Hz
22442[UE 1 | RB 1] Throughput = 1.30979 Mbps | SE = 0.03432 bit/s/Hz
22543[UE 1 | RB 1] Throughput = 0.71782 Mbps | SE = 0.01881 bit/s/Hz
22653[UE 1 | RB 1] Throughput = 1.19790 Mbps | SE = 0.03139 bit/s/Hz
22762[UE 1 | RB 1] Throughput = 1.20029 Mbps | SE = 0.03145 bit/s/Hz
22873[UE 1 | RB 1] Throughput = 0.97778 Mbps | SE = 0.02562 bit/s/Hz
22982[UE 1 | RB 1] Throughput = 1.20285 Mbps | SE = 0.03152 bit/s/Hz
23092[UE 1 | RB 1] Throughput = 0.87005 Mbps | SE = 0.02280 bit/s/Hz
23193[UE 1 | RB 1] Throughput = 1.31670 Mbps | SE = 0.03450 bit/s/Hz
23303[UE 1 | RB 1] Throughput = 0.65403 Mbps | SE = 0.01714 bit/s/Hz
23412[UE 1 | RB 1] Throughput = 1.31181 Mbps | SE = 0.03438 bit/s/Hz
23512[UE 1 | RB 1] Throughput = 0.95583 Mbps | SE = 0.02505 bit/s/Hz
23622[UE 1 | RB 1] Throughput = 1.09211 Mbps | SE = 0.02862 bit/s/Hz
23722[UE 1 | RB 1] Throughput = 1.31682 Mbps | SE = 0.03451 bit/s/Hz
23823[UE 1 | RB 1] Throughput = 0.59790 Mbps | SE = 0.01567 bit/s/Hz
23932[UE 1 | RB 1] Throughput = 1.30992 Mbps | SE = 0.03433 bit/s/Hz
24032[UE 1 | RB 1] Throughput = 0.83778 Mbps | SE = 0.02195 bit/s/Hz
24133[UE 1 | RB 1] Throughput = 1.43085 Mbps | SE = 0.03750 bit/s/Hz
24243[UE 1 | RB 1] Throughput = 0.65612 Mbps | SE = 0.01719 bit/s/Hz
24352[UE 1 | RB 1] Throughput = 1.30889 Mbps | SE = 0.03430 bit/s/Hz
24462[UE 1 | RB 1] Throughput = 1.08986 Mbps | SE = 0.02856 bit/s/Hz
24572[UE 1 | RB 1] Throughput = 1.09057 Mbps | SE = 0.02858 bit/s/Hz
24672[UE 1 | RB 1] Throughput = 0.71829 Mbps | SE = 0.01882 bit/s/Hz
24773[UE 1 | RB 1] Throughput = 1.31532 Mbps | SE = 0.03447 bit/s/Hz
24882[UE 1 | RB 1] Throughput = 1.20015 Mbps | SE = 0.03145 bit/s/Hz
24992[UE 1 | RB 1] Throughput = 1.19885 Mbps | SE = 0.03142 bit/s/Hz
25102[UE 1 | RB 1] Throughput = 0.65313 Mbps | SE = 0.01712 bit/s/Hz
25203[UE 1 | RB 1] Throughput = 1.43680 Mbps | SE = 0.03765 bit/s/Hz
25303[UE 1 | RB 1] Throughput = 0.71862 Mbps | SE = 0.01883 bit/s/Hz
25403[UE 1 | RB 1] Throughput = 1.31640 Mbps | SE = 0.03450 bit/s/Hz
25513[UE 1 | RB 1] Throughput = 1.30889 Mbps | SE = 0.03430 bit/s/Hz
25613[UE 1 | RB 1] Throughput = 0.71858 Mbps | SE = 0.01883 bit/s/Hz
25713[UE 1 | RB 1] Throughput = 1.43670 Mbps | SE = 0.03765 bit/s/Hz
25823[UE 1 | RB 1] Throughput = 0.87144 Mbps | SE = 0.02284 bit/s/Hz
25933[UE 1 | RB 1] Throughput = 1.30708 Mbps | SE = 0.03425 bit/s/Hz
26043[UE 1 | RB 1] Throughput = 0.76294 Mbps | SE = 0.01999 bit/s/Hz
26152[UE 1 | RB 1] Throughput = 1.31338 Mbps | SE = 0.03442 bit/s/Hz
26253[UE 1 | RB 1] Throughput = 0.71693 Mbps | SE = 0.01879 bit/s/Hz
26353[UE 1 | RB 1] Throughput = 0.71801 Mbps | SE = 0.01882 bit/s/Hz
26453[UE 1 | RB 1] Throughput = 1.43554 Mbps | SE = 0.03762 bit/s/Hz
26553[UE 1 | RB 1] Throughput = 1.31642 Mbps | SE = 0.03450 bit/s/Hz
26663[UE 1 | RB 1] Throughput = 0.87518 Mbps | SE = 0.02293 bit/s/Hz
26763[UE 1 | RB 1] Throughput = 1.31733 Mbps | SE = 0.03452 bit/s/Hz
26863[UE 1 | RB 1] Throughput = 0.71780 Mbps | SE = 0.01881 bit/s/Hz
26963[UE 1 | RB 1] Throughput = 1.31667 Mbps | SE = 0.03450 bit/s/Hz
27072[UE 1 | RB 1] Throughput = 1.20364 Mbps | SE = 0.03154 bit/s/Hz
27183[UE 1 | RB 1] Throughput = 1.08615 Mbps | SE = 0.02846 bit/s/Hz
27293[UE 1 | RB 1] Throughput = 0.65527 Mbps | SE = 0.01717 bit/s/Hz
27393[UE 1 | RB 1] Throughput = 1.43756 Mbps | SE = 0.03767 bit/s/Hz
27493[UE 1 | RB 1] Throughput = 0.71871 Mbps | SE = 0.01883 bit/s/Hz
27602[UE 1 | RB 1] Throughput = 1.30914 Mbps | SE = 0.03431 bit/s/Hz
27703[UE 1 | RB 1] Throughput = 0.83839 Mbps | SE = 0.02197 bit/s/Hz
27813[UE 1 | RB 1] Throughput = 1.41308 Mbps | SE = 0.03703 bit/s/Hz
27922[UE 1 | RB 1] Throughput = 0.65522 Mbps | SE = 0.01717 bit/s/Hz
28023[UE 1 | RB 1] Throughput = 1.07598 Mbps | SE = 0.02820 bit/s/Hz
28133[UE 1 | RB 1] Throughput = 1.08807 Mbps | SE = 0.02851 bit/s/Hz
28243[UE 1 | RB 1] Throughput = 1.30882 Mbps | SE = 0.03430 bit/s/Hz
28352[UE 1 | RB 1] Throughput = 1.20284 Mbps | SE = 0.03152 bit/s/Hz
28453[UE 1 | RB 1] Throughput = 0.95617 Mbps | SE = 0.02506 bit/s/Hz
28563[UE 1 | RB 1] Throughput = 0.87236 Mbps | SE = 0.02286 bit/s/Hz
28663[UE 1 | RB 1] Throughput = 0.95863 Mbps | SE = 0.02512 bit/s/Hz
28773[UE 1 | RB 1] Throughput = 1.30548 Mbps | SE = 0.03421 bit/s/Hz
28873[UE 1 | RB 1] Throughput = 0.83645 Mbps | SE = 0.02192 bit/s/Hz
28982[UE 1 | RB 1] Throughput = 1.09474 Mbps | SE = 0.02869 bit/s/Hz
29083[UE 1 | RB 1] Throughput = 1.31634 Mbps | SE = 0.03450 bit/s/Hz
29183[UE 1 | RB 1] Throughput = 0.83713 Mbps | SE = 0.02194 bit/s/Hz
29293[UE 1 | RB 1] Throughput = 1.09227 Mbps | SE = 0.02862 bit/s/Hz
29403[UE 1 | RB 1] Throughput = 1.30642 Mbps | SE = 0.03424 bit/s/Hz
29503[UE 1 | RB 1] Throughput = 0.71852 Mbps | SE = 0.01883 bit/s/Hz
29603[UE 1 | RB 1] Throughput = 1.43673 Mbps | SE = 0.03765 bit/s/Hz
29713[UE 1 | RB 1] Throughput = 0.65348 Mbps | SE = 0.01712 bit/s/Hz
29823[UE 1 | RB 1] Throughput = 1.30656 Mbps | SE = 0.03424 bit/s/Hz
29932[UE 1 | RB 1] Throughput = 1.31213 Mbps | SE = 0.03438 bit/s/Hz
30033[UE 1 | RB 1] Throughput = 0.71669 Mbps | SE = 0.01878 bit/s/Hz
30142[UE 1 | RB 1] Throughput = 1.31069 Mbps | SE = 0.03435 bit/s/Hz
30243[UE 1 | RB 1] Throughput = 0.95682 Mbps | SE = 0.02507 bit/s/Hz
30353[UE 1 | RB 1] Throughput = 0.97914 Mbps | SE = 0.02566 bit/s/Hz
30463[UE 1 | RB 1] Throughput = 1.19289 Mbps | SE = 0.03126 bit/s/Hz
30573[UE 1 | RB 1] Throughput = 1.20436 Mbps | SE = 0.03156 bit/s/Hz
30683[UE 1 | RB 1] Throughput = 0.98165 Mbps | SE = 0.02572 bit/s/Hz
30793[UE 1 | RB 1] Throughput = 0.65437 Mbps | SE = 0.01715 bit/s/Hz
30903[UE 1 | RB 1] Throughput = 1.30713 Mbps | SE = 0.03425 bit/s/Hz
31003[UE 1 | RB 1] Throughput = 0.71678 Mbps | SE = 0.01878 bit/s/Hz
31112[UE 1 | RB 1] Throughput = 1.53259 Mbps | SE = 0.04016 bit/s/Hz
31222[UE 1 | RB 1] Throughput = 0.97964 Mbps | SE = 0.02567 bit/s/Hz
31323[UE 1 | RB 1] Throughput = 1.31506 Mbps | SE = 0.03446 bit/s/Hz
31432[UE 1 | RB 1] Throughput = 0.54675 Mbps | SE = 0.01433 bit/s/Hz
31533[UE 1 | RB 1] Throughput = 1.55147 Mbps | SE = 0.04066 bit/s/Hz
31643[UE 1 | RB 1] Throughput = 0.65412 Mbps | SE = 0.01714 bit/s/Hz
31753[UE 1 | RB 1] Throughput = 1.52445 Mbps | SE = 0.03995 bit/s/Hz
31862[UE 1 | RB 1] Throughput = 1.20093 Mbps | SE = 0.03147 bit/s/Hz
31963[UE 1 | RB 1] Throughput = 0.71682 Mbps | SE = 0.01878 bit/s/Hz
32073[UE 1 | RB 1] Throughput = 1.30837 Mbps | SE = 0.03429 bit/s/Hz
32183[UE 1 | RB 1] Throughput = 0.65322 Mbps | SE = 0.01712 bit/s/Hz
32293[UE 1 | RB 1] Throughput = 1.30905 Mbps | SE = 0.03430 bit/s/Hz
32403[UE 1 | RB 1] Throughput = 0.87171 Mbps | SE = 0.02284 bit/s/Hz
32503[UE 1 | RB 1] Throughput = 1.31158 Mbps | SE = 0.03437 bit/s/Hz
32613[UE 1 | RB 1] Throughput = 1.20374 Mbps | SE = 0.03154 bit/s/Hz
32713[UE 1 | RB 1] Throughput = 0.71670 Mbps | SE = 0.01878 bit/s/Hz
32813[UE 1 | RB 1] Throughput = 1.31711 Mbps | SE = 0.03452 bit/s/Hz
32922[UE 1 | RB 1] Throughput = 0.87608 Mbps | SE = 0.02296 bit/s/Hz
33023[UE 1 | RB 1] Throughput = 1.19809 Mbps | SE = 0.03140 bit/s/Hz
33123[UE 1 | RB 1] Throughput = 0.95612 Mbps | SE = 0.02506 bit/s/Hz
33223[UE 1 | RB 1] Throughput = 1.43766 Mbps | SE = 0.03767 bit/s/Hz
33332[UE 1 | RB 1] Throughput = 0.65596 Mbps | SE = 0.01719 bit/s/Hz
33433[UE 1 | RB 1] Throughput = 1.19545 Mbps | SE = 0.03133 bit/s/Hz
33543[UE 1 | RB 1] Throughput = 0.87279 Mbps | SE = 0.02287 bit/s/Hz
33643[UE 1 | RB 1] Throughput = 1.31765 Mbps | SE = 0.03453 bit/s/Hz
33743[UE 1 | RB 1] Throughput = 1.31637 Mbps | SE = 0.03450 bit/s/Hz
33853[UE 1 | RB 1] Throughput = 0.76291 Mbps | SE = 0.01999 bit/s/Hz
33962[UE 1 | RB 1] Throughput = 1.20097 Mbps | SE = 0.03147 bit/s/Hz
34062[UE 1 | RB 1] Throughput = 1.19790 Mbps | SE = 0.03139 bit/s/Hz
34172[UE 1 | RB 1] Throughput = 1.19847 Mbps | SE = 0.03141 bit/s/Hz
34282[UE 1 | RB 1] Throughput = 0.65435 Mbps | SE = 0.01715 bit/s/Hz
34382[UE 1 | RB 1] Throughput = 1.31779 Mbps | SE = 0.03453 bit/s/Hz
34483[UE 1 | RB 1] Throughput = 0.95006 Mbps | SE = 0.02490 bit/s/Hz
34592[UE 1 | RB 1] Throughput = 1.09832 Mbps | SE = 0.02878 bit/s/Hz
34693[UE 1 | RB 1] Throughput = 0.71615 Mbps | SE = 0.01877 bit/s/Hz
34803[UE 1 | RB 1] Throughput = 1.31084 Mbps | SE = 0.03435 bit/s/Hz
34903[UE 1 | RB 1] Throughput = 0.95866 Mbps | SE = 0.02512 bit/s/Hz
35003[UE 1 | RB 1] Throughput = 1.31779 Mbps | SE = 0.03453 bit/s/Hz
35113[UE 1 | RB 1] Throughput = 1.19885 Mbps | SE = 0.03142 bit/s/Hz
35222[UE 1 | RB 1] Throughput = 0.65547 Mbps | SE = 0.01718 bit/s/Hz
35333[UE 1 | RB 1] Throughput = 1.41145 Mbps | SE = 0.03699 bit/s/Hz
35442[UE 1 | RB 1] Throughput = 0.65438 Mbps | SE = 0.01715 bit/s/Hz
35543[UE 1 | RB 1] Throughput = 1.55713 Mbps | SE = 0.04081 bit/s/Hz
35643[UE 1 | RB 1] Throughput = 0.59880 Mbps | SE = 0.01569 bit/s/Hz
35743[UE 1 | RB 1] Throughput = 1.43378 Mbps | SE = 0.03757 bit/s/Hz
35852[UE 1 | RB 1] Throughput = 1.20297 Mbps | SE = 0.03152 bit/s/Hz
35953[UE 1 | RB 1] Throughput = 0.71634 Mbps | SE = 0.01877 bit/s/Hz
36063[UE 1 | RB 1] Throughput = 0.76246 Mbps | SE = 0.01998 bit/s/Hz
36173[UE 1 | RB 1] Throughput = 1.52507 Mbps | SE = 0.03997 bit/s/Hz
36283[UE 1 | RB 1] Throughput = 1.19908 Mbps | SE = 0.03142 bit/s/Hz
36393[UE 1 | RB 1] Throughput = 0.76404 Mbps | SE = 0.02002 bit/s/Hz
36502[UE 1 | RB 1] Throughput = 1.30875 Mbps | SE = 0.03430 bit/s/Hz
36612[UE 1 | RB 1] Throughput = 1.19993 Mbps | SE = 0.03144 bit/s/Hz
36713[UE 1 | RB 1] Throughput = 0.83684 Mbps | SE = 0.02193 bit/s/Hz
36813[UE 1 | RB 1] Throughput = 0.71804 Mbps | SE = 0.01882 bit/s/Hz
36923[UE 1 | RB 1] Throughput = 1.30463 Mbps | SE = 0.03419 bit/s/Hz
37033[UE 1 | RB 1] Throughput = 1.30777 Mbps | SE = 0.03427 bit/s/Hz
37133[UE 1 | RB 1] Throughput = 0.83762 Mbps | SE = 0.02195 bit/s/Hz
37242[UE 1 | RB 1] Throughput = 1.20518 Mbps | SE = 0.03158 bit/s/Hz
37353[UE 1 | RB 1] Throughput = 0.87091 Mbps | SE = 0.02282 bit/s/Hz
37464[UE 1 | RB 1] Throughput = 0.86342 Mbps | SE = 0.02263 bit/s/Hz
37573[UE 1 | RB 1] Throughput = 1.54001 Mbps | SE = 0.04036 bit/s/Hz
37682[UE 1 | RB 1] Throughput = 0.65488 Mbps | SE = 0.01716 bit/s/Hz
37783[UE 1 | RB 1] Throughput = 1.43541 Mbps | SE = 0.03762 bit/s/Hz
37883[UE 1 | RB 1] Throughput = 0.83714 Mbps | SE = 0.02194 bit/s/Hz
37993[UE 1 | RB 1] Throughput = 1.30729 Mbps | SE = 0.03426 bit/s/Hz
38102[UE 1 | RB 1] Throughput = 0.76539 Mbps | SE = 0.02006 bit/s/Hz
38202[UE 1 | RB 1] Throughput = 0.95789 Mbps | SE = 0.02510 bit/s/Hz
38303[UE 1 | RB 1] Throughput = 1.43567 Mbps | SE = 0.03762 bit/s/Hz
38403[UE 1 | RB 1] Throughput = 0.71826 Mbps | SE = 0.01882 bit/s/Hz
38513[UE 1 | RB 1] Throughput = 1.41797 Mbps | SE = 0.03716 bit/s/Hz
38622[UE 1 | RB 1] Throughput = 1.20040 Mbps | SE = 0.03146 bit/s/Hz
38722[UE 1 | RB 1] Throughput = 0.71826 Mbps | SE = 0.01882 bit/s/Hz
38832[UE 1 | RB 1] Throughput = 1.19844 Mbps | SE = 0.03141 bit/s/Hz
38933[UE 1 | RB 1] Throughput = 0.71607 Mbps | SE = 0.01876 bit/s/Hz
39042[UE 1 | RB 1] Throughput = 1.31310 Mbps | SE = 0.03441 bit/s/Hz
39143[UE 1 | RB 1] Throughput = 1.31489 Mbps | SE = 0.03446 bit/s/Hz
39243[UE 1 | RB 1] Throughput = 0.83707 Mbps | SE = 0.02194 bit/s/Hz
39343[UE 1 | RB 1] Throughput = 0.71823 Mbps | SE = 0.01882 bit/s/Hz
39453[UE 1 | RB 1] Throughput = 1.31207 Mbps | SE = 0.03438 bit/s/Hz
39553[UE 1 | RB 1] Throughput = 0.95761 Mbps | SE = 0.02509 bit/s/Hz
39653[UE 1 | RB 1] Throughput = 1.43405 Mbps | SE = 0.03758 bit/s/Hz
39763[UE 1 | RB 1] Throughput = 0.65596 Mbps | SE = 0.01719 bit/s/Hz
39864[UE 1 | RB 1] Throughput = 1.42436 Mbps | SE = 0.03733 bit/s/Hz
39973[UE 1 | RB 1] Throughput = 1.31986 Mbps | SE = 0.03459 bit/s/Hz
40082[UE 1 | RB 1] Throughput = 0.65468 Mbps | SE = 0.01716 bit/s/Hz
40182[UE 1 | RB 1] Throughput = 1.43732 Mbps | SE = 0.03767 bit/s/Hz
40282[UE 1 | RB 1] Throughput = 0.71896 Mbps | SE = 0.01884 bit/s/Hz
40383[UE 1 | RB 1] Throughput = 1.43488 Mbps | SE = 0.03760 bit/s/Hz
40483[UE 1 | RB 1] Throughput = 0.71895 Mbps | SE = 0.01884 bit/s/Hz
40583[UE 1 | RB 1] Throughput = 1.42960 Mbps | SE = 0.03746 bit/s/Hz
40693[UE 1 | RB 1] Throughput = 0.65671 Mbps | SE = 0.01721 bit/s/Hz
40793[UE 1 | RB 1] Throughput = 1.31609 Mbps | SE = 0.03449 bit/s/Hz
40903[UE 1 | RB 1] Throughput = 0.87210 Mbps | SE = 0.02285 bit/s/Hz
41012[UE 1 | RB 1] Throughput = 1.31206 Mbps | SE = 0.03438 bit/s/Hz
41113[UE 1 | RB 1] Throughput = 0.71777 Mbps | SE = 0.01881 bit/s/Hz
41223[UE 1 | RB 1] Throughput = 1.30774 Mbps | SE = 0.03427 bit/s/Hz
41323[UE 1 | RB 1] Throughput = 0.71573 Mbps | SE = 0.01876 bit/s/Hz
41423[UE 1 | RB 1] Throughput = 1.55722 Mbps | SE = 0.04081 bit/s/Hz
41533[UE 1 | RB 1] Throughput = 0.76658 Mbps | SE = 0.02009 bit/s/Hz
41633[UE 1 | RB 1] Throughput = 1.43587 Mbps | SE = 0.03763 bit/s/Hz
41733[UE 1 | RB 1] Throughput = 0.71824 Mbps | SE = 0.01882 bit/s/Hz
41833[UE 1 | RB 1] Throughput = 1.43772 Mbps | SE = 0.03768 bit/s/Hz
41943[UE 1 | RB 1] Throughput = 0.65330 Mbps | SE = 0.01712 bit/s/Hz
42043[UE 1 | RB 1] Throughput = 0.95805 Mbps | SE = 0.02511 bit/s/Hz
42143[UE 1 | RB 1] Throughput = 1.43587 Mbps | SE = 0.03763 bit/s/Hz
42253[UE 1 | RB 1] Throughput = 1.20169 Mbps | SE = 0.03149 bit/s/Hz
42363[UE 1 | RB 1] Throughput = 0.65386 Mbps | SE = 0.01713 bit/s/Hz
42473[UE 1 | RB 1] Throughput = 1.19770 Mbps | SE = 0.03139 bit/s/Hz
42573[UE 1 | RB 1] Throughput = 1.43637 Mbps | SE = 0.03764 bit/s/Hz
42683[UE 1 | RB 1] Throughput = 1.09037 Mbps | SE = 0.02857 bit/s/Hz
42793[UE 1 | RB 1] Throughput = 0.87438 Mbps | SE = 0.02291 bit/s/Hz
42893[UE 1 | RB 1] Throughput = 1.07442 Mbps | SE = 0.02816 bit/s/Hz
43003[UE 1 | RB 1] Throughput = 1.30513 Mbps | SE = 0.03420 bit/s/Hz
43113[UE 1 | RB 1] Throughput = 0.54569 Mbps | SE = 0.01430 bit/s/Hz
43223[UE 1 | RB 1] Throughput = 1.41513 Mbps | SE = 0.03708 bit/s/Hz
43333[UE 1 | RB 1] Throughput = 0.97952 Mbps | SE = 0.02567 bit/s/Hz
43443[UE 1 | RB 1] Throughput = 0.76545 Mbps | SE = 0.02006 bit/s/Hz
43543[UE 1 | RB 1] Throughput = 1.55221 Mbps | SE = 0.04068 bit/s/Hz
43643[UE 1 | RB 1] Throughput = 0.95726 Mbps | SE = 0.02509 bit/s/Hz
43752[UE 1 | RB 1] Throughput = 1.20741 Mbps | SE = 0.03164 bit/s/Hz
43852[UE 1 | RB 1] Throughput = 0.71890 Mbps | SE = 0.01884 bit/s/Hz
43953[UE 1 | RB 1] Throughput = 1.31623 Mbps | SE = 0.03449 bit/s/Hz
44063[UE 1 | RB 1] Throughput = 1.19756 Mbps | SE = 0.03138 bit/s/Hz
44163[UE 1 | RB 1] Throughput = 0.83817 Mbps | SE = 0.02196 bit/s/Hz
44263[UE 1 | RB 1] Throughput = 1.07775 Mbps | SE = 0.02824 bit/s/Hz
44373[UE 1 | RB 1] Throughput = 1.08927 Mbps | SE = 0.02854 bit/s/Hz
44483[UE 1 | RB 1] Throughput = 1.08913 Mbps | SE = 0.02854 bit/s/Hz
44583[UE 1 | RB 1] Throughput = 0.71836 Mbps | SE = 0.01883 bit/s/Hz
44683[UE 1 | RB 1] Throughput = 1.43779 Mbps | SE = 0.03768 bit/s/Hz
44793[UE 1 | RB 1] Throughput = 0.65336 Mbps | SE = 0.01712 bit/s/Hz
44903[UE 1 | RB 1] Throughput = 1.31041 Mbps | SE = 0.03434 bit/s/Hz
45013[UE 1 | RB 1] Throughput = 1.30824 Mbps | SE = 0.03428 bit/s/Hz
45113[UE 1 | RB 1] Throughput = 0.59910 Mbps | SE = 0.01570 bit/s/Hz
45223[UE 1 | RB 1] Throughput = 1.52518 Mbps | SE = 0.03997 bit/s/Hz
45332[UE 1 | RB 1] Throughput = 1.09170 Mbps | SE = 0.02861 bit/s/Hz
45434[UE 1 | RB 1] Throughput = 1.06742 Mbps | SE = 0.02797 bit/s/Hz
45543[UE 1 | RB 1] Throughput = 0.65794 Mbps | SE = 0.01724 bit/s/Hz
45653[UE 1 | RB 1] Throughput = 1.52664 Mbps | SE = 0.04001 bit/s/Hz
45763[UE 1 | RB 1] Throughput = 0.65220 Mbps | SE = 0.01709 bit/s/Hz
45873[UE 1 | RB 1] Throughput = 1.31055 Mbps | SE = 0.03434 bit/s/Hz
45983[UE 1 | RB 1] Throughput = 1.19523 Mbps | SE = 0.03132 bit/s/Hz
46093[UE 1 | RB 1] Throughput = 0.65528 Mbps | SE = 0.01717 bit/s/Hz
46193[UE 1 | RB 1] Throughput = 1.43732 Mbps | SE = 0.03767 bit/s/Hz
46293[UE 1 | RB 1] Throughput = 0.71763 Mbps | SE = 0.01881 bit/s/Hz
46403[UE 1 | RB 1] Throughput = 1.30672 Mbps | SE = 0.03424 bit/s/Hz
46513[UE 1 | RB 1] Throughput = 0.65514 Mbps | SE = 0.01717 bit/s/Hz
46623[UE 1 | RB 1] Throughput = 1.52277 Mbps | SE = 0.03990 bit/s/Hz
46723[UE 1 | RB 1] Throughput = 0.71856 Mbps | SE = 0.01883 bit/s/Hz
46833[UE 1 | RB 1] Throughput = 1.20021 Mbps | SE = 0.03145 bit/s/Hz
46933[UE 1 | RB 1] Throughput = 1.43742 Mbps | SE = 0.03767 bit/s/Hz
47033[UE 1 | RB 1] Throughput = 0.95724 Mbps | SE = 0.02508 bit/s/Hz
47143[UE 1 | RB 1] Throughput = 0.76530 Mbps | SE = 0.02006 bit/s/Hz
47243[UE 1 | RB 1] Throughput = 1.31468 Mbps | SE = 0.03445 bit/s/Hz
47353[UE 1 | RB 1] Throughput = 0.87126 Mbps | SE = 0.02283 bit/s/Hz
47463[UE 1 | RB 1] Throughput = 0.98363 Mbps | SE = 0.02578 bit/s/Hz
47563[UE 1 | RB 1] Throughput = 0.95769 Mbps | SE = 0.02510 bit/s/Hz
47673[UE 1 | RB 1] Throughput = 1.30472 Mbps | SE = 0.03419 bit/s/Hz
47773[UE 1 | RB 1] Throughput = 0.71728 Mbps | SE = 0.01880 bit/s/Hz
47883[UE 1 | RB 1] Throughput = 1.53252 Mbps | SE = 0.04016 bit/s/Hz
47983[UE 1 | RB 1] Throughput = 1.31562 Mbps | SE = 0.03448 bit/s/Hz
48093[UE 1 | RB 1] Throughput = 0.65259 Mbps | SE = 0.01710 bit/s/Hz
48203[UE 1 | RB 1] Throughput = 1.30667 Mbps | SE = 0.03424 bit/s/Hz
48313[UE 1 | RB 1] Throughput = 0.65451 Mbps | SE = 0.01715 bit/s/Hz
48423[UE 1 | RB 1] Throughput = 1.41543 Mbps | SE = 0.03709 bit/s/Hz
48533[UE 1 | RB 1] Throughput = 1.30771 Mbps | SE = 0.03427 bit/s/Hz
48643[UE 1 | RB 1] Throughput = 0.65266 Mbps | SE = 0.01710 bit/s/Hz
48743[UE 1 | RB 1] Throughput = 1.43640 Mbps | SE = 0.03764 bit/s/Hz
48853[UE 1 | RB 1] Throughput = 0.65547 Mbps | SE = 0.01718 bit/s/Hz
48963[UE 1 | RB 1] Throughput = 1.52710 Mbps | SE = 0.04002 bit/s/Hz
49063[UE 1 | RB 1] Throughput = 0.95837 Mbps | SE = 0.02511 bit/s/Hz
49163[UE 1 | RB 1] Throughput = 0.59762 Mbps | SE = 0.01566 bit/s/Hz
49273[UE 1 | RB 1] Throughput = 1.31088 Mbps | SE = 0.03435 bit/s/Hz
49383[UE 1 | RB 1] Throughput = 1.31004 Mbps | SE = 0.03433 bit/s/Hz
49483[UE 1 | RB 1] Throughput = 0.59913 Mbps | SE = 0.01570 bit/s/Hz
49583[UE 1 | RB 1] Throughput = 1.31470 Mbps | SE = 0.03445 bit/s/Hz
49693[UE 1 | RB 1] Throughput = 1.09020 Mbps | SE = 0.02857 bit/s/Hz
49793[UE 1 | RB 1] Throughput = 0.59850 Mbps | SE = 0.01568 bit/s/Hz
49903[UE 1 | RB 1] Throughput = 1.42210 Mbps | SE = 0.03727 bit/s/Hz
50003[UE 1 | RB 1] Throughput = 1.31632 Mbps | SE = 0.03449 bit/s/Hz
50103[UE 1 | RB 1] Throughput = 0.71736 Mbps | SE = 0.01880 bit/s/Hz
50213[UE 1 | RB 1] Throughput = 1.30804 Mbps | SE = 0.03428 bit/s/Hz
50313[UE 1 | RB 1] Throughput = 0.71900 Mbps | SE = 0.01884 bit/s/Hz
50413[UE 1 | RB 1] Throughput = 1.55758 Mbps | SE = 0.04082 bit/s/Hz
50513[UE 1 | RB 1] Throughput = 0.71840 Mbps | SE = 0.01883 bit/s/Hz
50623[UE 1 | RB 1] Throughput = 0.65278 Mbps | SE = 0.01711 bit/s/Hz
50733[UE 1 | RB 1] Throughput = 1.63586 Mbps | SE = 0.04287 bit/s/Hz
50833[UE 1 | RB 1] Throughput = 1.31712 Mbps | SE = 0.03452 bit/s/Hz
50943[UE 1 | RB 1] Throughput = 0.76420 Mbps | SE = 0.02003 bit/s/Hz
51043[UE 1 | RB 1] Throughput = 1.31753 Mbps | SE = 0.03453 bit/s/Hz
51153[UE 1 | RB 1] Throughput = 0.65402 Mbps | SE = 0.01714 bit/s/Hz
51263[UE 1 | RB 1] Throughput = 1.41621 Mbps | SE = 0.03711 bit/s/Hz
51373[UE 1 | RB 1] Throughput = 0.87229 Mbps | SE = 0.02286 bit/s/Hz
51483[UE 1 | RB 1] Throughput = 1.19780 Mbps | SE = 0.03139 bit/s/Hz
51583[UE 1 | RB 1] Throughput = 0.71824 Mbps | SE = 0.01882 bit/s/Hz
51683[UE 1 | RB 1] Throughput = 1.43558 Mbps | SE = 0.03762 bit/s/Hz
51783[UE 1 | RB 1] Throughput = 1.19615 Mbps | SE = 0.03135 bit/s/Hz
51893[UE 1 | RB 1] Throughput = 1.09328 Mbps | SE = 0.02865 bit/s/Hz
52003[UE 1 | RB 1] Throughput = 0.65417 Mbps | SE = 0.01714 bit/s/Hz
52113[UE 1 | RB 1] Throughput = 1.19996 Mbps | SE = 0.03145 bit/s/Hz
52223[UE 1 | RB 1] Throughput = 1.30292 Mbps | SE = 0.03414 bit/s/Hz
52333[UE 1 | RB 1] Throughput = 0.76542 Mbps | SE = 0.02006 bit/s/Hz
52433[UE 1 | RB 1] Throughput = 0.83823 Mbps | SE = 0.02197 bit/s/Hz
52533[UE 1 | RB 1] Throughput = 1.43051 Mbps | SE = 0.03749 bit/s/Hz
52643[UE 1 | RB 1] Throughput = 0.87316 Mbps | SE = 0.02288 bit/s/Hz
52753[UE 1 | RB 1] Throughput = 1.19950 Mbps | SE = 0.03143 bit/s/Hz
52863[UE 1 | RB 1] Throughput = 1.20187 Mbps | SE = 0.03150 bit/s/Hz
52963[UE 1 | RB 1] Throughput = 0.71663 Mbps | SE = 0.01878 bit/s/Hz
53073[UE 1 | RB 1] Throughput = 1.19744 Mbps | SE = 0.03138 bit/s/Hz
53184[UE 1 | RB 1] Throughput = 1.40990 Mbps | SE = 0.03695 bit/s/Hz
53293[UE 1 | RB 1] Throughput = 0.54765 Mbps | SE = 0.01435 bit/s/Hz
53403[UE 1 | RB 1] Throughput = 1.19892 Mbps | SE = 0.03142 bit/s/Hz
53503[UE 1 | RB 1] Throughput = 1.31646 Mbps | SE = 0.03450 bit/s/Hz
53613[UE 1 | RB 1] Throughput = 1.20101 Mbps | SE = 0.03147 bit/s/Hz
53713[UE 1 | RB 1] Throughput = 1.19646 Mbps | SE = 0.03135 bit/s/Hz
53823[UE 1 | RB 1] Throughput = 0.76181 Mbps | SE = 0.01996 bit/s/Hz
53933[UE 1 | RB 1] Throughput = 1.09231 Mbps | SE = 0.02862 bit/s/Hz
54043[UE 1 | RB 1] Throughput = 1.19744 Mbps | SE = 0.03138 bit/s/Hz
54143[UE 1 | RB 1] Throughput = 0.71667 Mbps | SE = 0.01878 bit/s/Hz
54253[UE 1 | RB 1] Throughput = 1.09536 Mbps | SE = 0.02870 bit/s/Hz
54353[UE 1 | RB 1] Throughput = 1.55383 Mbps | SE = 0.04072 bit/s/Hz
54453[UE 1 | RB 1] Throughput = 0.59589 Mbps | SE = 0.01562 bit/s/Hz
54563[UE 1 | RB 1] Throughput = 1.31733 Mbps | SE = 0.03452 bit/s/Hz
54663[UE 1 | RB 1] Throughput = 1.19349 Mbps | SE = 0.03128 bit/s/Hz
54773[UE 1 | RB 1] Throughput = 0.65440 Mbps | SE = 0.01715 bit/s/Hz
54873[UE 1 | RB 1] Throughput = 1.31737 Mbps | SE = 0.03452 bit/s/Hz
54973[UE 1 | RB 1] Throughput = 1.07615 Mbps | SE = 0.02820 bit/s/Hz
55083[UE 1 | RB 1] Throughput = 1.20252 Mbps | SE = 0.03151 bit/s/Hz
55193[UE 1 | RB 1] Throughput = 1.20077 Mbps | SE = 0.03147 bit/s/Hz
55293[UE 1 | RB 1] Throughput = 0.71591 Mbps | SE = 0.01876 bit/s/Hz
55403[UE 1 | RB 1] Throughput = 1.20176 Mbps | SE = 0.03149 bit/s/Hz
55503[UE 1 | RB 1] Throughput = 0.95586 Mbps | SE = 0.02505 bit/s/Hz
55613[UE 1 | RB 1] Throughput = 1.09019 Mbps | SE = 0.02857 bit/s/Hz
55713[UE 1 | RB 1] Throughput = 1.19652 Mbps | SE = 0.03136 bit/s/Hz
55813[UE 1 | RB 1] Throughput = 1.07798 Mbps | SE = 0.02825 bit/s/Hz
55923[UE 1 | RB 1] Throughput = 0.87577 Mbps | SE = 0.02295 bit/s/Hz
56023[UE 1 | RB 1] Throughput = 1.31305 Mbps | SE = 0.03441 bit/s/Hz
56123[UE 1 | RB 1] Throughput = 0.83768 Mbps | SE = 0.02195 bit/s/Hz
56233[UE 1 | RB 1] Throughput = 1.31102 Mbps | SE = 0.03436 bit/s/Hz
56343[UE 1 | RB 1] Throughput = 0.65345 Mbps | SE = 0.01712 bit/s/Hz
56443[UE 1 | RB 1] Throughput = 1.43647 Mbps | SE = 0.03764 bit/s/Hz
56543[UE 1 | RB 1] Throughput = 0.71890 Mbps | SE = 0.01884 bit/s/Hz
56643[UE 1 | RB 1] Throughput = 1.43580 Mbps | SE = 0.03763 bit/s/Hz
56753[UE 1 | RB 1] Throughput = 0.76427 Mbps | SE = 0.02003 bit/s/Hz
56854[UE 1 | RB 1] Throughput = 1.42979 Mbps | SE = 0.03747 bit/s/Hz
56963[UE 1 | RB 1] Throughput = 0.65726 Mbps | SE = 0.01722 bit/s/Hz
57063[UE 1 | RB 1] Throughput = 1.43580 Mbps | SE = 0.03763 bit/s/Hz
57173[UE 1 | RB 1] Throughput = 0.65605 Mbps | SE = 0.01719 bit/s/Hz
57273[UE 1 | RB 1] Throughput = 1.67381 Mbps | SE = 0.04386 bit/s/Hz
57383[UE 1 | RB 1] Throughput = 0.65281 Mbps | SE = 0.01711 bit/s/Hz
57493[UE 1 | RB 1] Throughput = 1.31212 Mbps | SE = 0.03438 bit/s/Hz
57593[UE 1 | RB 1] Throughput = 0.71747 Mbps | SE = 0.01880 bit/s/Hz
57703[UE 1 | RB 1] Throughput = 1.30546 Mbps | SE = 0.03421 bit/s/Hz
57813[UE 1 | RB 1] Throughput = 1.30547 Mbps | SE = 0.03421 bit/s/Hz
57923[UE 1 | RB 1] Throughput = 0.65601 Mbps | SE = 0.01719 bit/s/Hz
58033[UE 1 | RB 1] Throughput = 1.41673 Mbps | SE = 0.03713 bit/s/Hz
58133[UE 1 | RB 1] Throughput = 0.71868 Mbps | SE = 0.01883 bit/s/Hz
58233[UE 1 | RB 1] Throughput = 1.31736 Mbps | SE = 0.03452 bit/s/Hz
58333[UE 1 | RB 1] Throughput = 0.71848 Mbps | SE = 0.01883 bit/s/Hz
58443[UE 1 | RB 1] Throughput = 1.30593 Mbps | SE = 0.03422 bit/s/Hz
58553[UE 1 | RB 1] Throughput = 1.20067 Mbps | SE = 0.03146 bit/s/Hz
58653[UE 1 | RB 1] Throughput = 0.71803 Mbps | SE = 0.01882 bit/s/Hz
58753[UE 1 | RB 1] Throughput = 1.43755 Mbps | SE = 0.03767 bit/s/Hz
58863[UE 1 | RB 1] Throughput = 1.20068 Mbps | SE = 0.03146 bit/s/Hz
58963[UE 1 | RB 1] Throughput = 0.71791 Mbps | SE = 0.01881 bit/s/Hz
59063[UE 1 | RB 1] Throughput = 1.43735 Mbps | SE = 0.03767 bit/s/Hz
59173[UE 1 | RB 1] Throughput = 0.65434 Mbps | SE = 0.01715 bit/s/Hz
59273[UE 1 | RB 1] Throughput = 1.31719 Mbps | SE = 0.03452 bit/s/Hz
59373[UE 1 | RB 1] Throughput = 0.71777 Mbps | SE = 0.01881 bit/s/Hz
59483[UE 1 | RB 1] Throughput = 1.31355 Mbps | SE = 0.03442 bit/s/Hz
59583[UE 1 | RB 1] Throughput = 1.07799 Mbps | SE = 0.02825 bit/s/Hz
59683[UE 1 | RB 1] Throughput = 1.07635 Mbps | SE = 0.02821 bit/s/Hz
59783[UE 1 | RB 1] Throughput = 0.71786 Mbps | SE = 0.01881 bit/s/Hz
59893[UE 1 | RB 1] Throughput = 1.31030 Mbps | SE = 0.03434 bit/s/Hz
60003[UE 1 | RB 1] Throughput = 1.19903 Mbps | SE = 0.03142 bit/s/Hz
60113[UE 1 | RB 1] Throughput = 0.87122 Mbps | SE = 0.02283 bit/s/Hz
60213[UE 1 | RB 1] Throughput = 1.31694 Mbps | SE = 0.03451 bit/s/Hz
60313[UE 1 | RB 1] Throughput = 0.83833 Mbps | SE = 0.02197 bit/s/Hz
60413[UE 1 | RB 1] Throughput = 0.95860 Mbps | SE = 0.02512 bit/s/Hz
60523[UE 1 | RB 1] Throughput = 1.41425 Mbps | SE = 0.03706 bit/s/Hz
60633[UE 1 | RB 1] Throughput = 0.87337 Mbps | SE = 0.02289 bit/s/Hz
60743[UE 1 | RB 1] Throughput = 1.20055 Mbps | SE = 0.03146 bit/s/Hz
60844[UE 1 | RB 1] Throughput = 1.17979 Mbps | SE = 0.03092 bit/s/Hz
60953[UE 1 | RB 1] Throughput = 1.10461 Mbps | SE = 0.02895 bit/s/Hz
61053[UE 1 | RB 1] Throughput = 0.83598 Mbps | SE = 0.02191 bit/s/Hz
61163[UE 1 | RB 1] Throughput = 0.87202 Mbps | SE = 0.02285 bit/s/Hz
61273[UE 1 | RB 1] Throughput = 1.30692 Mbps | SE = 0.03425 bit/s/Hz
61373[UE 1 | RB 1] Throughput = 0.71854 Mbps | SE = 0.01883 bit/s/Hz
61483[UE 1 | RB 1] Throughput = 1.31407 Mbps | SE = 0.03444 bit/s/Hz
61583[UE 1 | RB 1] Throughput = 1.19428 Mbps | SE = 0.03130 bit/s/Hz
61693[UE 1 | RB 1] Throughput = 0.87131 Mbps | SE = 0.02283 bit/s/Hz
61803[UE 1 | RB 1] Throughput = 1.08886 Mbps | SE = 0.02853 bit/s/Hz
61913[UE 1 | RB 1] Throughput = 1.19948 Mbps | SE = 0.03143 bit/s/Hz
62023[UE 1 | RB 1] Throughput = 1.31034 Mbps | SE = 0.03434 bit/s/Hz
62123[UE 1 | RB 1] Throughput = 0.71783 Mbps | SE = 0.01881 bit/s/Hz
62233[UE 1 | RB 1] Throughput = 1.30865 Mbps | SE = 0.03429 bit/s/Hz
62333[UE 1 | RB 1] Throughput = 0.71809 Mbps | SE = 0.01882 bit/s/Hz
62433[UE 1 | RB 1] Throughput = 1.43458 Mbps | SE = 0.03759 bit/s/Hz
62543[UE 1 | RB 1] Throughput = 0.87403 Mbps | SE = 0.02290 bit/s/Hz
62643[UE 1 | RB 1] Throughput = 1.19499 Mbps | SE = 0.03132 bit/s/Hz
62753[UE 1 | RB 1] Throughput = 1.09221 Mbps | SE = 0.02862 bit/s/Hz
62853[UE 1 | RB 1] Throughput = 0.71741 Mbps | SE = 0.01880 bit/s/Hz
62963[UE 1 | RB 1] Throughput = 1.30977 Mbps | SE = 0.03432 bit/s/Hz
63063[UE 1 | RB 1] Throughput = 0.71674 Mbps | SE = 0.01878 bit/s/Hz
63163[UE 1 | RB 1] Throughput = 1.43785 Mbps | SE = 0.03768 bit/s/Hz
63273[UE 1 | RB 1] Throughput = 0.65411 Mbps | SE = 0.01714 bit/s/Hz
63383[UE 1 | RB 1] Throughput = 1.41757 Mbps | SE = 0.03715 bit/s/Hz
63483[UE 1 | RB 1] Throughput = 0.83535 Mbps | SE = 0.02189 bit/s/Hz
63593[UE 1 | RB 1] Throughput = 1.09348 Mbps | SE = 0.02866 bit/s/Hz
63703[UE 1 | RB 1] Throughput = 1.30621 Mbps | SE = 0.03423 bit/s/Hz
63813[UE 1 | RB 1] Throughput = 1.20137 Mbps | SE = 0.03148 bit/s/Hz
63913[UE 1 | RB 1] Throughput = 0.83854 Mbps | SE = 0.02197 bit/s/Hz
64013[UE 1 | RB 1] Throughput = 1.07617 Mbps | SE = 0.02820 bit/s/Hz
64124[UE 1 | RB 1] Throughput = 1.08219 Mbps | SE = 0.02836 bit/s/Hz
64233[UE 1 | RB 1] Throughput = 0.98868 Mbps | SE = 0.02591 bit/s/Hz
64333[UE 1 | RB 1] Throughput = 0.95647 Mbps | SE = 0.02506 bit/s/Hz
64443[UE 1 | RB 1] Throughput = 1.31245 Mbps | SE = 0.03439 bit/s/Hz
64543[UE 1 | RB 1] Throughput = 0.71801 Mbps | SE = 0.01882 bit/s/Hz
64643[UE 1 | RB 1] Throughput = 1.43494 Mbps | SE = 0.03760 bit/s/Hz
64753[UE 1 | RB 1] Throughput = 1.19970 Mbps | SE = 0.03144 bit/s/Hz
64853[UE 1 | RB 1] Throughput = 0.83616 Mbps | SE = 0.02191 bit/s/Hz
64964[UE 1 | RB 1] Throughput = 1.19462 Mbps | SE = 0.03131 bit/s/Hz
65073[UE 1 | RB 1] Throughput = 0.98450 Mbps | SE = 0.02580 bit/s/Hz
65173[UE 1 | RB 1] Throughput = 1.19818 Mbps | SE = 0.03140 bit/s/Hz
65283[UE 1 | RB 1] Throughput = 0.76475 Mbps | SE = 0.02004 bit/s/Hz
65383[UE 1 | RB 1] Throughput = 1.31720 Mbps | SE = 0.03452 bit/s/Hz
65483[UE 1 | RB 1] Throughput = 0.71806 Mbps | SE = 0.01882 bit/s/Hz
65583[UE 1 | RB 1] Throughput = 1.43661 Mbps | SE = 0.03765 bit/s/Hz
65694[UE 1 | RB 1] Throughput = 0.76073 Mbps | SE = 0.01994 bit/s/Hz
65803[UE 1 | RB 1] Throughput = 1.09396 Mbps | SE = 0.02867 bit/s/Hz
65913[UE 1 | RB 1] Throughput = 1.30319 Mbps | SE = 0.03415 bit/s/Hz
66023[UE 1 | RB 1] Throughput = 0.76649 Mbps | SE = 0.02009 bit/s/Hz
66123[UE 1 | RB 1] Throughput = 1.43717 Mbps | SE = 0.03766 bit/s/Hz
66233[UE 1 | RB 1] Throughput = 0.65259 Mbps | SE = 0.01710 bit/s/Hz
66343[UE 1 | RB 1] Throughput = 1.31001 Mbps | SE = 0.03433 bit/s/Hz
66443[UE 1 | RB 1] Throughput = 1.43575 Mbps | SE = 0.03762 bit/s/Hz
66553[UE 1 | RB 1] Throughput = 0.65464 Mbps | SE = 0.01716 bit/s/Hz
66653[UE 1 | RB 1] Throughput = 0.83706 Mbps | SE = 0.02194 bit/s/Hz
66763[UE 1 | RB 1] Throughput = 0.97827 Mbps | SE = 0.02564 bit/s/Hz
66873[UE 1 | RB 1] Throughput = 1.52845 Mbps | SE = 0.04005 bit/s/Hz
66983[UE 1 | RB 1] Throughput = 0.87248 Mbps | SE = 0.02286 bit/s/Hz
67093[UE 1 | RB 1] Throughput = 1.30840 Mbps | SE = 0.03429 bit/s/Hz
67203[UE 1 | RB 1] Throughput = 1.09214 Mbps | SE = 0.02862 bit/s/Hz
67304[UE 1 | RB 1] Throughput = 0.95064 Mbps | SE = 0.02491 bit/s/Hz
67413[UE 1 | RB 1] Throughput = 1.09509 Mbps | SE = 0.02870 bit/s/Hz
67513[UE 1 | RB 1] Throughput = 0.83718 Mbps | SE = 0.02194 bit/s/Hz
67623[UE 1 | RB 1] Throughput = 1.19936 Mbps | SE = 0.03143 bit/s/Hz
67724[UE 1 | RB 1] Throughput = 0.71498 Mbps | SE = 0.01874 bit/s/Hz
67833[UE 1 | RB 1] Throughput = 1.53334 Mbps | SE = 0.04018 bit/s/Hz
67943[UE 1 | RB 1] Throughput = 1.19998 Mbps | SE = 0.03145 bit/s/Hz
68043[UE 1 | RB 1] Throughput = 0.83678 Mbps | SE = 0.02193 bit/s/Hz
68153[UE 1 | RB 1] Throughput = 1.30974 Mbps | SE = 0.03432 bit/s/Hz
68253[UE 1 | RB 1] Throughput = 0.59709 Mbps | SE = 0.01565 bit/s/Hz
68363[UE 1 | RB 1] Throughput = 1.41921 Mbps | SE = 0.03719 bit/s/Hz
68473[UE 1 | RB 1] Throughput = 0.65329 Mbps | SE = 0.01712 bit/s/Hz
68583[UE 1 | RB 1] Throughput = 1.30920 Mbps | SE = 0.03431 bit/s/Hz
68683[UE 1 | RB 1] Throughput = 0.71870 Mbps | SE = 0.01883 bit/s/Hz
68793[UE 1 | RB 1] Throughput = 1.31115 Mbps | SE = 0.03436 bit/s/Hz
68893[UE 1 | RB 1] Throughput = 1.43474 Mbps | SE = 0.03760 bit/s/Hz
68993[UE 1 | RB 1] Throughput = 0.83708 Mbps | SE = 0.02194 bit/s/Hz
69103[UE 1 | RB 1] Throughput = 1.08777 Mbps | SE = 0.02851 bit/s/Hz
69213[UE 1 | RB 1] Throughput = 0.87205 Mbps | SE = 0.02285 bit/s/Hz
69323[UE 1 | RB 1] Throughput = 1.30882 Mbps | SE = 0.03430 bit/s/Hz
69423[UE 1 | RB 1] Throughput = 0.71757 Mbps | SE = 0.01880 bit/s/Hz
69533[UE 1 | RB 1] Throughput = 1.31066 Mbps | SE = 0.03435 bit/s/Hz
69633[UE 1 | RB 1] Throughput = 0.83839 Mbps | SE = 0.02197 bit/s/Hz
69733[UE 1 | RB 1] Throughput = 1.43391 Mbps | SE = 0.03758 bit/s/Hz
69843[UE 1 | RB 1] Throughput = 0.76329 Mbps | SE = 0.02000 bit/s/Hz
69944[UE 1 | RB 1] Throughput = 1.43522 Mbps | SE = 0.03761 bit/s/Hz
70053[UE 1 | RB 1] Throughput = 0.65924 Mbps | SE = 0.01728 bit/s/Hz
70153[UE 1 | RB 1] Throughput = 1.43181 Mbps | SE = 0.03752 bit/s/Hz
70253[UE 1 | RB 1] Throughput = 0.83865 Mbps | SE = 0.02198 bit/s/Hz
70353[UE 1 | RB 1] Throughput = 1.31686 Mbps | SE = 0.03451 bit/s/Hz
70453[UE 1 | RB 1] Throughput = 0.71739 Mbps | SE = 0.01880 bit/s/Hz
70564[UE 1 | RB 1] Throughput = 1.30574 Mbps | SE = 0.03422 bit/s/Hz
70674[UE 1 | RB 1] Throughput = 0.76318 Mbps | SE = 0.02000 bit/s/Hz
70783[UE 1 | RB 1] Throughput = 1.31400 Mbps | SE = 0.03443 bit/s/Hz
70883[UE 1 | RB 1] Throughput = 1.31309 Mbps | SE = 0.03441 bit/s/Hz
70993[UE 1 | RB 1] Throughput = 0.65489 Mbps | SE = 0.01716 bit/s/Hz
71103[UE 1 | RB 1] Throughput = 1.30510 Mbps | SE = 0.03420 bit/s/Hz
71204[UE 1 | RB 1] Throughput = 1.31485 Mbps | SE = 0.03446 bit/s/Hz
71304[UE 1 | RB 1] Throughput = 0.83778 Mbps | SE = 0.02195 bit/s/Hz
71413[UE 1 | RB 1] Throughput = 1.09354 Mbps | SE = 0.02866 bit/s/Hz
71523[UE 1 | RB 1] Throughput = 0.98054 Mbps | SE = 0.02570 bit/s/Hz
71623[UE 1 | RB 1] Throughput = 1.07832 Mbps | SE = 0.02826 bit/s/Hz
71733[UE 1 | RB 1] Throughput = 1.19752 Mbps | SE = 0.03138 bit/s/Hz
71843[UE 1 | RB 1] Throughput = 1.20032 Mbps | SE = 0.03145 bit/s/Hz
71943[UE 1 | RB 1] Throughput = 0.71840 Mbps | SE = 0.01883 bit/s/Hz
72053[UE 1 | RB 1] Throughput = 0.87152 Mbps | SE = 0.02284 bit/s/Hz
72163[UE 1 | RB 1] Throughput = 1.20104 Mbps | SE = 0.03147 bit/s/Hz
72263[UE 1 | RB 1] Throughput = 1.43275 Mbps | SE = 0.03755 bit/s/Hz
72373[UE 1 | RB 1] Throughput = 0.87325 Mbps | SE = 0.02288 bit/s/Hz
72483[UE 1 | RB 1] Throughput = 1.20007 Mbps | SE = 0.03145 bit/s/Hz
72593[UE 1 | RB 1] Throughput = 0.65412 Mbps | SE = 0.01714 bit/s/Hz
72693[UE 1 | RB 1] Throughput = 1.31771 Mbps | SE = 0.03453 bit/s/Hz
72803[UE 1 | RB 1] Throughput = 1.30856 Mbps | SE = 0.03429 bit/s/Hz
72903[UE 1 | RB 1] Throughput = 0.59681 Mbps | SE = 0.01564 bit/s/Hz
73013[UE 1 | RB 1] Throughput = 1.52856 Mbps | SE = 0.04006 bit/s/Hz
73123[UE 1 | RB 1] Throughput = 0.54631 Mbps | SE = 0.01432 bit/s/Hz
73223[UE 1 | RB 1] Throughput = 1.55177 Mbps | SE = 0.04066 bit/s/Hz
73333[UE 1 | RB 1] Throughput = 0.76422 Mbps | SE = 0.02003 bit/s/Hz
73433[UE 1 | RB 1] Throughput = 1.43745 Mbps | SE = 0.03767 bit/s/Hz
73543[UE 1 | RB 1] Throughput = 0.76024 Mbps | SE = 0.01992 bit/s/Hz
73653[UE 1 | RB 1] Throughput = 1.20364 Mbps | SE = 0.03154 bit/s/Hz
73753[UE 1 | RB 1] Throughput = 0.71902 Mbps | SE = 0.01884 bit/s/Hz
73853[UE 1 | RB 1] Throughput = 1.31280 Mbps | SE = 0.03440 bit/s/Hz
73963[UE 1 | RB 1] Throughput = 1.09085 Mbps | SE = 0.02859 bit/s/Hz
74063[UE 1 | RB 1] Throughput = 1.31655 Mbps | SE = 0.03450 bit/s/Hz
74173[UE 1 | RB 1] Throughput = 0.98391 Mbps | SE = 0.02578 bit/s/Hz
74273[UE 1 | RB 1] Throughput = 0.83392 Mbps | SE = 0.02185 bit/s/Hz
74383[UE 1 | RB 1] Throughput = 1.30950 Mbps | SE = 0.03432 bit/s/Hz
74483[UE 1 | RB 1] Throughput = 1.19625 Mbps | SE = 0.03135 bit/s/Hz
74593[UE 1 | RB 1] Throughput = 0.65520 Mbps | SE = 0.01717 bit/s/Hz
74703[UE 1 | RB 1] Throughput = 1.30989 Mbps | SE = 0.03433 bit/s/Hz
74803[UE 1 | RB 1] Throughput = 0.83647 Mbps | SE = 0.02192 bit/s/Hz
74904[UE 1 | RB 1] Throughput = 0.95658 Mbps | SE = 0.02507 bit/s/Hz
75013[UE 1 | RB 1] Throughput = 1.30966 Mbps | SE = 0.03432 bit/s/Hz
75113[UE 1 | RB 1] Throughput = 1.43801 Mbps | SE = 0.03768 bit/s/Hz
75223[UE 1 | RB 1] Throughput = 0.65365 Mbps | SE = 0.01713 bit/s/Hz
75324[UE 1 | RB 1] Throughput = 1.43418 Mbps | SE = 0.03758 bit/s/Hz
75433[UE 1 | RB 1] Throughput = 0.65694 Mbps | SE = 0.01722 bit/s/Hz
75533[UE 1 | RB 1] Throughput = 1.43285 Mbps | SE = 0.03755 bit/s/Hz
75643[UE 1 | RB 1] Throughput = 1.20461 Mbps | SE = 0.03157 bit/s/Hz
75743[UE 1 | RB 1] Throughput = 0.83714 Mbps | SE = 0.02194 bit/s/Hz
75843[UE 1 | RB 1] Throughput = 0.83739 Mbps | SE = 0.02194 bit/s/Hz
75953[UE 1 | RB 1] Throughput = 1.20157 Mbps | SE = 0.03149 bit/s/Hz
76053[UE 1 | RB 1] Throughput = 0.83849 Mbps | SE = 0.02197 bit/s/Hz
76153[UE 1 | RB 1] Throughput = 1.43244 Mbps | SE = 0.03754 bit/s/Hz
76254[UE 1 | RB 1] Throughput = 0.95482 Mbps | SE = 0.02502 bit/s/Hz
76363[UE 1 | RB 1] Throughput = 1.09456 Mbps | SE = 0.02868 bit/s/Hz
76473[UE 1 | RB 1] Throughput = 0.87554 Mbps | SE = 0.02294 bit/s/Hz
76573[UE 1 | RB 1] Throughput = 0.95430 Mbps | SE = 0.02501 bit/s/Hz
76683[UE 1 | RB 1] Throughput = 1.30607 Mbps | SE = 0.03423 bit/s/Hz
76793[UE 1 | RB 1] Throughput = 1.31167 Mbps | SE = 0.03437 bit/s/Hz
76893[UE 1 | RB 1] Throughput = 0.95621 Mbps | SE = 0.02506 bit/s/Hz
76994[UE 1 | RB 1] Throughput = 0.71727 Mbps | SE = 0.01880 bit/s/Hz
77103[UE 1 | RB 1] Throughput = 1.52764 Mbps | SE = 0.04003 bit/s/Hz
77203[UE 1 | RB 1] Throughput = 0.59888 Mbps | SE = 0.01569 bit/s/Hz
77304[UE 1 | RB 1] Throughput = 1.43640 Mbps | SE = 0.03764 bit/s/Hz
77413[UE 1 | RB 1] Throughput = 1.20430 Mbps | SE = 0.03156 bit/s/Hz
77513[UE 1 | RB 1] Throughput = 0.71746 Mbps | SE = 0.01880 bit/s/Hz
77624[UE 1 | RB 1] Throughput = 0.76016 Mbps | SE = 0.01992 bit/s/Hz
77733[UE 1 | RB 1] Throughput = 1.19965 Mbps | SE = 0.03144 bit/s/Hz
77843[UE 1 | RB 1] Throughput = 1.41832 Mbps | SE = 0.03717 bit/s/Hz
77943[UE 1 | RB 1] Throughput = 0.95805 Mbps | SE = 0.02511 bit/s/Hz
78043[UE 1 | RB 1] Throughput = 1.07796 Mbps | SE = 0.02825 bit/s/Hz
78144[UE 1 | RB 1] Throughput = 0.83752 Mbps | SE = 0.02195 bit/s/Hz
78253[UE 1 | RB 1] Throughput = 1.19989 Mbps | SE = 0.03144 bit/s/Hz
78363[UE 1 | RB 1] Throughput = 1.30760 Mbps | SE = 0.03427 bit/s/Hz
78463[UE 1 | RB 1] Throughput = 0.71850 Mbps | SE = 0.01883 bit/s/Hz
78573[UE 1 | RB 1] Throughput = 1.20309 Mbps | SE = 0.03153 bit/s/Hz
78673[UE 1 | RB 1] Throughput = 1.07448 Mbps | SE = 0.02816 bit/s/Hz
78783[UE 1 | RB 1] Throughput = 1.20185 Mbps | SE = 0.03150 bit/s/Hz
78883[UE 1 | RB 1] Throughput = 1.07585 Mbps | SE = 0.02819 bit/s/Hz
78993[UE 1 | RB 1] Throughput = 1.08969 Mbps | SE = 0.02856 bit/s/Hz
79103[UE 1 | RB 1] Throughput = 0.76215 Mbps | SE = 0.01997 bit/s/Hz
79213[UE 1 | RB 1] Throughput = 1.31110 Mbps | SE = 0.03436 bit/s/Hz
79313[UE 1 | RB 1] Throughput = 0.71893 Mbps | SE = 0.01884 bit/s/Hz
79423[UE 1 | RB 1] Throughput = 1.30621 Mbps | SE = 0.03423 bit/s/Hz
79534[UE 1 | RB 1] Throughput = 0.75978 Mbps | SE = 0.01991 bit/s/Hz
79643[UE 1 | RB 1] Throughput = 1.42102 Mbps | SE = 0.03724 bit/s/Hz
79753[UE 1 | RB 1] Throughput = 0.98315 Mbps | SE = 0.02576 bit/s/Hz
79863[UE 1 | RB 1] Throughput = 1.19836 Mbps | SE = 0.03140 bit/s/Hz
79963[UE 1 | RB 1] Throughput = 0.71652 Mbps | SE = 0.01878 bit/s/Hz
80063[UE 1 | RB 1] Throughput = 1.43743 Mbps | SE = 0.03767 bit/s/Hz
80163[UE 1 | RB 1] Throughput = 0.71844 Mbps | SE = 0.01883 bit/s/Hz
80273[UE 1 | RB 1] Throughput = 1.31159 Mbps | SE = 0.03437 bit/s/Hz
80373[UE 1 | RB 1] Throughput = 0.83875 Mbps | SE = 0.02198 bit/s/Hz
80474[UE 1 | RB 1] Throughput = 1.31236 Mbps | SE = 0.03439 bit/s/Hz
80583[UE 1 | RB 1] Throughput = 1.31252 Mbps | SE = 0.03440 bit/s/Hz
80683[UE 1 | RB 1] Throughput = 0.71806 Mbps | SE = 0.01882 bit/s/Hz
80793[UE 1 | RB 1] Throughput = 1.19826 Mbps | SE = 0.03140 bit/s/Hz
80903[UE 1 | RB 1] Throughput = 1.20219 Mbps | SE = 0.03150 bit/s/Hz
81013[UE 1 | RB 1] Throughput = 0.65187 Mbps | SE = 0.01708 bit/s/Hz
81113[UE 1 | RB 1] Throughput = 1.31470 Mbps | SE = 0.03445 bit/s/Hz
81224[UE 1 | RB 1] Throughput = 1.08722 Mbps | SE = 0.02849 bit/s/Hz
81333[UE 1 | RB 1] Throughput = 1.20267 Mbps | SE = 0.03152 bit/s/Hz
81433[UE 1 | RB 1] Throughput = 0.71821 Mbps | SE = 0.01882 bit/s/Hz
81543[UE 1 | RB 1] Throughput = 1.31234 Mbps | SE = 0.03439 bit/s/Hz
81643[UE 1 | RB 1] Throughput = 0.71844 Mbps | SE = 0.01883 bit/s/Hz
81743[UE 1 | RB 1] Throughput = 1.43768 Mbps | SE = 0.03767 bit/s/Hz
81853[UE 1 | RB 1] Throughput = 0.65452 Mbps | SE = 0.01715 bit/s/Hz
81953[UE 1 | RB 1] Throughput = 0.95387 Mbps | SE = 0.02500 bit/s/Hz
82063[UE 1 | RB 1] Throughput = 1.52743 Mbps | SE = 0.04003 bit/s/Hz
82164[UE 1 | RB 1] Throughput = 0.71718 Mbps | SE = 0.01879 bit/s/Hz
82273[UE 1 | RB 1] Throughput = 1.42362 Mbps | SE = 0.03731 bit/s/Hz
82383[UE 1 | RB 1] Throughput = 0.86898 Mbps | SE = 0.02277 bit/s/Hz
82494[UE 1 | RB 1] Throughput = 1.08639 Mbps | SE = 0.02847 bit/s/Hz
82603[UE 1 | RB 1] Throughput = 0.98320 Mbps | SE = 0.02577 bit/s/Hz
82713[UE 1 | RB 1] Throughput = 1.30920 Mbps | SE = 0.03431 bit/s/Hz
82823[UE 1 | RB 1] Throughput = 1.20040 Mbps | SE = 0.03146 bit/s/Hz
82923[UE 1 | RB 1] Throughput = 0.71640 Mbps | SE = 0.01877 bit/s/Hz
83033[UE 1 | RB 1] Throughput = 1.30871 Mbps | SE = 0.03430 bit/s/Hz
83143[UE 1 | RB 1] Throughput = 1.09084 Mbps | SE = 0.02859 bit/s/Hz
83243[UE 1 | RB 1] Throughput = 0.71698 Mbps | SE = 0.01879 bit/s/Hz
83353[UE 1 | RB 1] Throughput = 1.09162 Mbps | SE = 0.02861 bit/s/Hz
83464[UE 1 | RB 1] Throughput = 1.30094 Mbps | SE = 0.03409 bit/s/Hz
83573[UE 1 | RB 1] Throughput = 1.09596 Mbps | SE = 0.02872 bit/s/Hz
83673[UE 1 | RB 1] Throughput = 0.71824 Mbps | SE = 0.01882 bit/s/Hz
83783[UE 1 | RB 1] Throughput = 1.30649 Mbps | SE = 0.03424 bit/s/Hz
83893[UE 1 | RB 1] Throughput = 1.31123 Mbps | SE = 0.03436 bit/s/Hz
84003[UE 1 | RB 1] Throughput = 0.76338 Mbps | SE = 0.02000 bit/s/Hz
84104[UE 1 | RB 1] Throughput = 1.30481 Mbps | SE = 0.03419 bit/s/Hz
84214[UE 1 | RB 1] Throughput = 0.65560 Mbps | SE = 0.01718 bit/s/Hz
84323[UE 1 | RB 1] Throughput = 1.09177 Mbps | SE = 0.02861 bit/s/Hz
84433[UE 1 | RB 1] Throughput = 1.20109 Mbps | SE = 0.03148 bit/s/Hz
84543[UE 1 | RB 1] Throughput = 1.19754 Mbps | SE = 0.03138 bit/s/Hz
84643[UE 1 | RB 1] Throughput = 1.19426 Mbps | SE = 0.03130 bit/s/Hz
84753[UE 1 | RB 1] Throughput = 0.87449 Mbps | SE = 0.02292 bit/s/Hz
84863[UE 1 | RB 1] Throughput = 1.08969 Mbps | SE = 0.02856 bit/s/Hz
84963[UE 1 | RB 1] Throughput = 1.19482 Mbps | SE = 0.03131 bit/s/Hz
85073[UE 1 | RB 1] Throughput = 1.08951 Mbps | SE = 0.02855 bit/s/Hz
85183[UE 1 | RB 1] Throughput = 0.97978 Mbps | SE = 0.02568 bit/s/Hz
85294[UE 1 | RB 1] Throughput = 0.97995 Mbps | SE = 0.02568 bit/s/Hz
85404[UE 1 | RB 1] Throughput = 0.87104 Mbps | SE = 0.02283 bit/s/Hz
85513[UE 1 | RB 1] Throughput = 1.09057 Mbps | SE = 0.02858 bit/s/Hz
85614[UE 1 | RB 1] Throughput = 1.19780 Mbps | SE = 0.03139 bit/s/Hz
85723[UE 1 | RB 1] Throughput = 1.30921 Mbps | SE = 0.03431 bit/s/Hz
85833[UE 1 | RB 1] Throughput = 1.19783 Mbps | SE = 0.03139 bit/s/Hz
85934[UE 1 | RB 1] Throughput = 0.59856 Mbps | SE = 0.01569 bit/s/Hz
86043[UE 1 | RB 1] Throughput = 1.09133 Mbps | SE = 0.02860 bit/s/Hz
86154[UE 1 | RB 1] Throughput = 1.19580 Mbps | SE = 0.03134 bit/s/Hz
86263[UE 1 | RB 1] Throughput = 1.09079 Mbps | SE = 0.02858 bit/s/Hz
86373[UE 1 | RB 1] Throughput = 0.98181 Mbps | SE = 0.02573 bit/s/Hz
86473[UE 1 | RB 1] Throughput = 1.31657 Mbps | SE = 0.03450 bit/s/Hz
86583[UE 1 | RB 1] Throughput = 0.76276 Mbps | SE = 0.01999 bit/s/Hz
86693[UE 1 | RB 1] Throughput = 0.87454 Mbps | SE = 0.02292 bit/s/Hz
86794[UE 1 | RB 1] Throughput = 1.42974 Mbps | SE = 0.03747 bit/s/Hz
86904[UE 1 | RB 1] Throughput = 1.30749 Mbps | SE = 0.03426 bit/s/Hz
87013[UE 1 | RB 1] Throughput = 0.98486 Mbps | SE = 0.02581 bit/s/Hz
87114[UE 1 | RB 1] Throughput = 0.95125 Mbps | SE = 0.02493 bit/s/Hz
87224[UE 1 | RB 1] Throughput = 0.76142 Mbps | SE = 0.01995 bit/s/Hz
87334[UE 1 | RB 1] Throughput = 1.20486 Mbps | SE = 0.03157 bit/s/Hz
87443[UE 1 | RB 1] Throughput = 1.30954 Mbps | SE = 0.03432 bit/s/Hz
87544[UE 1 | RB 1] Throughput = 0.95515 Mbps | SE = 0.02503 bit/s/Hz
87653[UE 1 | RB 1] Throughput = 0.65595 Mbps | SE = 0.01719 bit/s/Hz
87763[UE 1 | RB 1] Throughput = 1.52551 Mbps | SE = 0.03998 bit/s/Hz
87863[UE 1 | RB 1] Throughput = 0.71764 Mbps | SE = 0.01881 bit/s/Hz
87964[UE 1 | RB 1] Throughput = 1.31698 Mbps | SE = 0.03451 bit/s/Hz
88074[UE 1 | RB 1] Throughput = 1.30310 Mbps | SE = 0.03415 bit/s/Hz
88184[UE 1 | RB 1] Throughput = 0.65587 Mbps | SE = 0.01719 bit/s/Hz
88293[UE 1 | RB 1] Throughput = 1.31315 Mbps | SE = 0.03441 bit/s/Hz
88393[UE 1 | RB 1] Throughput = 1.19759 Mbps | SE = 0.03138 bit/s/Hz
88494[UE 1 | RB 1] Throughput = 0.95535 Mbps | SE = 0.02504 bit/s/Hz
88603[UE 1 | RB 1] Throughput = 0.65464 Mbps | SE = 0.01716 bit/s/Hz
88704[UE 1 | RB 1] Throughput = 1.43491 Mbps | SE = 0.03760 bit/s/Hz
88813[UE 1 | RB 1] Throughput = 0.87466 Mbps | SE = 0.02292 bit/s/Hz
88914[UE 1 | RB 1] Throughput = 1.43252 Mbps | SE = 0.03754 bit/s/Hz
89023[UE 1 | RB 1] Throughput = 0.65650 Mbps | SE = 0.01720 bit/s/Hz
89123[UE 1 | RB 1] Throughput = 1.43534 Mbps | SE = 0.03761 bit/s/Hz
89233[UE 1 | RB 1] Throughput = 0.97883 Mbps | SE = 0.02565 bit/s/Hz
89334[UE 1 | RB 1] Throughput = 1.07642 Mbps | SE = 0.02821 bit/s/Hz
89443[UE 1 | RB 1] Throughput = 1.20039 Mbps | SE = 0.03146 bit/s/Hz
89553[UE 1 | RB 1] Throughput = 0.98260 Mbps | SE = 0.02575 bit/s/Hz
89663[UE 1 | RB 1] Throughput = 1.08805 Mbps | SE = 0.02851 bit/s/Hz
89774[UE 1 | RB 1] Throughput = 0.76174 Mbps | SE = 0.01996 bit/s/Hz
89884[UE 1 | RB 1] Throughput = 1.08890 Mbps | SE = 0.02854 bit/s/Hz
89993[UE 1 | RB 1] Throughput = 1.20161 Mbps | SE = 0.03149 bit/s/Hz
[xApp]: E42 RIC_SUBSCRIPTION_DELETE_REQUEST tx RAN_FUNC_ID 144 RIC_REQ_ID 1 
[xApp]: E42 SUBSCRIPTION DELETE RESPONSE rx
[xApp]: E42 RIC_SUBSCRIPTION_DELETE_REQUEST tx RAN_FUNC_ID 144 RIC_REQ_ID 2 
[xApp]: E42 SUBSCRIPTION DELETE RESPONSE rx
[xApp]: E42 RIC_SUBSCRIPTION_DELETE_REQUEST tx RAN_FUNC_ID 144 RIC_REQ_ID 3 
[xApp]: E42 SUBSCRIPTION DELETE RESPONSE rx
[xApp]: E42 RIC_SUBSCRIPTION_DELETE_REQUEST tx RAN_FUNC_ID 144 RIC_REQ_ID 4 
[xApp]: E42 SUBSCRIPTION DELETE RESPONSE rx
[xApp]: Sucessfully stopped 
Test xApp run SUCCESSFULLY
