[UTIL]: Setting the config -c file to /usr/local/etc/flexric/flexric.conf
[UTIL]: Setting path -p for the shared libraries to /usr/local/lib/flexric/
[xAapp]: Initializing ... 
[xApp]: nearRT-RIC IP Address = 192.168.70.150, PORT = 36422
[E2 AGENT]: Opening plugin from path = /usr/local/lib/flexric/libkpm_sm.so 
[E2 AGENT]: Opening plugin from path = /usr/local/lib/flexric/libmac_sm.so 
[E2 AGENT]: Opening plugin from path = /usr/local/lib/flexric/libpdcp_sm.so 
[E2 AGENT]: Opening plugin from path = /usr/local/lib/flexric/libgtp_sm.so 
[E2 AGENT]: Opening plugin from path = /usr/local/lib/flexric/librc_sm.so 
[E2 AGENT]: Opening plugin from path = /usr/local/lib/flexric/libtc_sm.so 
[E2 AGENT]: Opening plugin from path = /usr/local/lib/flexric/librlc_sm.so 
[E2 AGENT]: Opening plugin from path = /usr/local/lib/flexric/libslice_sm.so 
[NEAR-RIC]: Loading SM ID = 2 with def = ORAN-E2SM-KPM 
[NEAR-RIC]: Loading SM ID = 142 with def = MAC_STATS_V0 
[NEAR-RIC]: Loading SM ID = 144 with def = PDCP_STATS_V0 
[NEAR-RIC]: Loading SM ID = 148 with def = GTP_STATS_V0 
[NEAR-RIC]: Loading SM ID = 3 with def = ORAN-E2SM-RC 
[NEAR-RIC]: Loading SM ID = 146 with def = TC_STATS_V0 
[NEAR-RIC]: Loading SM ID = 143 with def = RLC_STATS_V0 
[NEAR-RIC]: Loading SM ID = 145 with def = SLICE_STATS_V0 
[xApp]: DB filename = /tmp/flexric/xapp_db 
 [xApp]: E42 SETUP-REQUEST tx
[xApp]: E42 SETUP-RESPONSE rx 
[xApp]: xApp ID = 95 
[xApp]: Registered E2 Nodes = 4 
Connected E2 nodes = 4
[xAPP] Registered node 0 ran func id = 2 
 [xAPP] Registered node 0 ran func id = 3 
 [xAPP] Registered node 0 ran func id = 142 
 [xAPP] Registered node 0 ran func id = 143 
 [xAPP] Registered node 0 ran func id = 144 
 [xAPP] Registered node 0 ran func id = 145 
 [xAPP] Registered node 0 ran func id = 146 
 [xAPP] Registered node 0 ran func id = 148 
 [xApp]: E42 RIC SUBSCRIPTION REQUEST tx RAN_FUNC_ID 144 RIC_REQ_ID 1 
[xApp]: SUBSCRIPTION RESPONSE rx
[xApp]: Successfully subscribed to RAN_FUNC_ID 144 
[xAPP] Registered node 1 ran func id = 2 
 [xAPP] Registered node 1 ran func id = 3 
 [xAPP] Registered node 1 ran func id = 142 
 [xAPP] Registered node 1 ran func id = 143 
 [xAPP] Registered node 1 ran func id = 144 
 [xAPP] Registered node 1 ran func id = 145 
 [xAPP] Registered node 1 ran func id = 146 
 [xAPP] Registered node 1 ran func id = 148 
 [xApp]: E42 RIC SUBSCRIPTION REQUEST tx RAN_FUNC_ID 144 RIC_REQ_ID 2 
[xApp]: SUBSCRIPTION RESPONSE rx
[xApp]: Successfully subscribed to RAN_FUNC_ID 144 
[xAPP] Registered node 2 ran func id = 2 
 [xAPP] Registered node 2 ran func id = 3 
 [xAPP] Registered node 2 ran func id = 142 
 [xAPP] Registered node 2 ran func id = 143 
 [xAPP] Registered node 2 ran func id = 144 
 [xAPP] Registered node 2 ran func id = 145 
 [xAPP] Registered node 2 ran func id = 146 
 [xAPP] Registered node 2 ran func id = 148 
 [xApp]: E42 RIC SUBSCRIPTION REQUEST tx RAN_FUNC_ID 144 RIC_REQ_ID 3 
[xApp]: SUBSCRIPTION RESPONSE rx
[xApp]: Successfully subscribed to RAN_FUNC_ID 144 
[xAPP] Registered node 3 ran func id = 2 
 [xAPP] Registered node 3 ran func id = 3 
 [xAPP] Registered node 3 ran func id = 142 
 [xAPP] Registered node 3 ran func id = 143 
 [xAPP] Registered node 3 ran func id = 144 
 [xAPP] Registered node 3 ran func id = 145 
 [xAPP] Registered node 3 ran func id = 146 
 [xAPP] Registered node 3 ran func id = 148 
 [xApp]: E42 RIC SUBSCRIPTION REQUEST tx RAN_FUNC_ID 144 RIC_REQ_ID 4 
[xApp]: SUBSCRIPTION RESPONSE rx
[xApp]: Successfully subscribed to RAN_FUNC_ID 144 
112[UE 1 | RB 1] Throughput = 0.71652 Mbps | SE = 0.01878 bit/s/Hz
222[UE 1 | RB 1] Throughput = 1.30519 Mbps | SE = 0.03420 bit/s/Hz
322[UE 1 | RB 1] Throughput = 1.31779 Mbps | SE = 0.03453 bit/s/Hz
432[UE 1 | RB 1] Throughput = 0.87298 Mbps | SE = 0.02288 bit/s/Hz
542[UE 1 | RB 1] Throughput = 1.20182 Mbps | SE = 0.03149 bit/s/Hz
642[UE 1 | RB 1] Throughput = 0.83752 Mbps | SE = 0.02195 bit/s/Hz
742[UE 1 | RB 1] Throughput = 1.43728 Mbps | SE = 0.03766 bit/s/Hz
852[UE 1 | RB 1] Throughput = 0.65363 Mbps | SE = 0.01713 bit/s/Hz
962[UE 1 | RB 1] Throughput = 1.20039 Mbps | SE = 0.03146 bit/s/Hz
1062[UE 1 | RB 1] Throughput = 0.71837 Mbps | SE = 0.01883 bit/s/Hz
1172[UE 1 | RB 1] Throughput = 1.19904 Mbps | SE = 0.03142 bit/s/Hz
1272[UE 1 | RB 1] Throughput = 1.43415 Mbps | SE = 0.03758 bit/s/Hz
1372[UE 1 | RB 1] Throughput = 0.95574 Mbps | SE = 0.02505 bit/s/Hz
1482[UE 1 | RB 1] Throughput = 1.20286 Mbps | SE = 0.03152 bit/s/Hz
1592[UE 1 | RB 1] Throughput = 0.65461 Mbps | SE = 0.01715 bit/s/Hz
1692[UE 1 | RB 1] Throughput = 1.43494 Mbps | SE = 0.03760 bit/s/Hz
1802[UE 1 | RB 1] Throughput = 1.20104 Mbps | SE = 0.03147 bit/s/Hz
1902[UE 1 | RB 1] Throughput = 0.83870 Mbps | SE = 0.02198 bit/s/Hz
2012[UE 1 | RB 1] Throughput = 1.30543 Mbps | SE = 0.03421 bit/s/Hz
2112[UE 1 | RB 1] Throughput = 0.71883 Mbps | SE = 0.01884 bit/s/Hz
2212[UE 1 | RB 1] Throughput = 0.83618 Mbps | SE = 0.02191 bit/s/Hz
2322[UE 1 | RB 1] Throughput = 1.53143 Mbps | SE = 0.04013 bit/s/Hz
2432[UE 1 | RB 1] Throughput = 0.65446 Mbps | SE = 0.01715 bit/s/Hz
2532[UE 1 | RB 1] Throughput = 1.55486 Mbps | SE = 0.04075 bit/s/Hz
2642[UE 1 | RB 1] Throughput = 0.65252 Mbps | SE = 0.01710 bit/s/Hz
2752[UE 1 | RB 1] Throughput = 1.20261 Mbps | SE = 0.03151 bit/s/Hz
2852[UE 1 | RB 1] Throughput = 1.43710 Mbps | SE = 0.03766 bit/s/Hz
2961[UE 1 | RB 1] Throughput = 0.76480 Mbps | SE = 0.02004 bit/s/Hz
3062[UE 1 | RB 1] Throughput = 1.19436 Mbps | SE = 0.03130 bit/s/Hz
3162[UE 1 | RB 1] Throughput = 0.83783 Mbps | SE = 0.02196 bit/s/Hz
3262[UE 1 | RB 1] Throughput = 1.19646 Mbps | SE = 0.03135 bit/s/Hz
3372[UE 1 | RB 1] Throughput = 1.09077 Mbps | SE = 0.02858 bit/s/Hz
3472[UE 1 | RB 1] Throughput = 1.07663 Mbps | SE = 0.02821 bit/s/Hz
3582[UE 1 | RB 1] Throughput = 1.31109 Mbps | SE = 0.03436 bit/s/Hz
3692[UE 1 | RB 1] Throughput = 0.65392 Mbps | SE = 0.01714 bit/s/Hz
3802[UE 1 | RB 1] Throughput = 1.30851 Mbps | SE = 0.03429 bit/s/Hz
3912[UE 1 | RB 1] Throughput = 0.76025 Mbps | SE = 0.01992 bit/s/Hz
4012[UE 1 | RB 1] Throughput = 1.31759 Mbps | SE = 0.03453 bit/s/Hz
4112[UE 1 | RB 1] Throughput = 0.71797 Mbps | SE = 0.01881 bit/s/Hz
4222[UE 1 | RB 1] Throughput = 1.31147 Mbps | SE = 0.03437 bit/s/Hz
4322[UE 1 | RB 1] Throughput = 1.43548 Mbps | SE = 0.03762 bit/s/Hz
4422[UE 1 | RB 1] Throughput = 0.71867 Mbps | SE = 0.01883 bit/s/Hz
4522[UE 1 | RB 1] Throughput = 0.71845 Mbps | SE = 0.01883 bit/s/Hz
4632[UE 1 | RB 1] Throughput = 1.30717 Mbps | SE = 0.03425 bit/s/Hz
4742[UE 1 | RB 1] Throughput = 1.41659 Mbps | SE = 0.03712 bit/s/Hz
4852[UE 1 | RB 1] Throughput = 0.65535 Mbps | SE = 0.01717 bit/s/Hz
4952[UE 1 | RB 1] Throughput = 1.55681 Mbps | SE = 0.04080 bit/s/Hz
5052[UE 1 | RB 1] Throughput = 0.83885 Mbps | SE = 0.02198 bit/s/Hz
5162[UE 1 | RB 1] Throughput = 1.08782 Mbps | SE = 0.02851 bit/s/Hz
5272[UE 1 | RB 1] Throughput = 1.19860 Mbps | SE = 0.03141 bit/s/Hz
5382[UE 1 | RB 1] Throughput = 0.65374 Mbps | SE = 0.01713 bit/s/Hz
5492[UE 1 | RB 1] Throughput = 1.31167 Mbps | SE = 0.03437 bit/s/Hz
5592[UE 1 | RB 1] Throughput = 1.19699 Mbps | SE = 0.03137 bit/s/Hz
5701[UE 1 | RB 1] Throughput = 0.65524 Mbps | SE = 0.01717 bit/s/Hz
5802[UE 1 | RB 1] Throughput = 1.43687 Mbps | SE = 0.03765 bit/s/Hz
5902[UE 1 | RB 1] Throughput = 1.19824 Mbps | SE = 0.03140 bit/s/Hz
6002[UE 1 | RB 1] Throughput = 0.95745 Mbps | SE = 0.02509 bit/s/Hz
6102[UE 1 | RB 1] Throughput = 0.95796 Mbps | SE = 0.02510 bit/s/Hz
6202[UE 1 | RB 1] Throughput = 1.31798 Mbps | SE = 0.03454 bit/s/Hz
6312[UE 1 | RB 1] Throughput = 0.76365 Mbps | SE = 0.02001 bit/s/Hz
6422[UE 1 | RB 1] Throughput = 1.19363 Mbps | SE = 0.03128 bit/s/Hz
6532[UE 1 | RB 1] Throughput = 1.20494 Mbps | SE = 0.03158 bit/s/Hz
6632[UE 1 | RB 1] Throughput = 0.71816 Mbps | SE = 0.01882 bit/s/Hz
6732[UE 1 | RB 1] Throughput = 1.43789 Mbps | SE = 0.03768 bit/s/Hz
6832[UE 1 | RB 1] Throughput = 0.71654 Mbps | SE = 0.01878 bit/s/Hz
6942[UE 1 | RB 1] Throughput = 1.20012 Mbps | SE = 0.03145 bit/s/Hz
7042[UE 1 | RB 1] Throughput = 1.31723 Mbps | SE = 0.03452 bit/s/Hz
7142[UE 1 | RB 1] Throughput = 0.83878 Mbps | SE = 0.02198 bit/s/Hz
7242[UE 1 | RB 1] Throughput = 1.07598 Mbps | SE = 0.02820 bit/s/Hz
7352[UE 1 | RB 1] Throughput = 1.08991 Mbps | SE = 0.02856 bit/s/Hz
7462[UE 1 | RB 1] Throughput = 1.20191 Mbps | SE = 0.03150 bit/s/Hz
7562[UE 1 | RB 1] Throughput = 0.83801 Mbps | SE = 0.02196 bit/s/Hz
7672[UE 1 | RB 1] Throughput = 0.98245 Mbps | SE = 0.02575 bit/s/Hz
7772[UE 1 | RB 1] Throughput = 1.43593 Mbps | SE = 0.03763 bit/s/Hz
7882[UE 1 | RB 1] Throughput = 0.97947 Mbps | SE = 0.02567 bit/s/Hz
7992[UE 1 | RB 1] Throughput = 0.76455 Mbps | SE = 0.02004 bit/s/Hz
8092[UE 1 | RB 1] Throughput = 1.55478 Mbps | SE = 0.04074 bit/s/Hz
8202[UE 1 | RB 1] Throughput = 0.65496 Mbps | SE = 0.01716 bit/s/Hz
8302[UE 1 | RB 1] Throughput = 1.19827 Mbps | SE = 0.03140 bit/s/Hz
8412[UE 1 | RB 1] Throughput = 1.08698 Mbps | SE = 0.02848 bit/s/Hz
8522[UE 1 | RB 1] Throughput = 1.09065 Mbps | SE = 0.02858 bit/s/Hz
8632[UE 1 | RB 1] Throughput = 1.09007 Mbps | SE = 0.02857 bit/s/Hz
8732[UE 1 | RB 1] Throughput = 1.07625 Mbps | SE = 0.02820 bit/s/Hz
8832[UE 1 | RB 1] Throughput = 1.19470 Mbps | SE = 0.03131 bit/s/Hz
8942[UE 1 | RB 1] Throughput = 0.76436 Mbps | SE = 0.02003 bit/s/Hz
9052[UE 1 | RB 1] Throughput = 1.30793 Mbps | SE = 0.03427 bit/s/Hz
9152[UE 1 | RB 1] Throughput = 0.71829 Mbps | SE = 0.01882 bit/s/Hz
9262[UE 1 | RB 1] Throughput = 1.31085 Mbps | SE = 0.03435 bit/s/Hz
9362[UE 1 | RB 1] Throughput = 1.07820 Mbps | SE = 0.02825 bit/s/Hz
9472[UE 1 | RB 1] Throughput = 1.08561 Mbps | SE = 0.02845 bit/s/Hz
9582[UE 1 | RB 1] Throughput = 1.20446 Mbps | SE = 0.03156 bit/s/Hz
9682[UE 1 | RB 1] Throughput = 0.71661 Mbps | SE = 0.01878 bit/s/Hz
9792[UE 1 | RB 1] Throughput = 1.30913 Mbps | SE = 0.03431 bit/s/Hz
9892[UE 1 | RB 1] Throughput = 1.07586 Mbps | SE = 0.02819 bit/s/Hz
10002[UE 1 | RB 1] Throughput = 1.09014 Mbps | SE = 0.02857 bit/s/Hz
10112[UE 1 | RB 1] Throughput = 0.65474 Mbps | SE = 0.01716 bit/s/Hz
10222[UE 1 | RB 1] Throughput = 1.52626 Mbps | SE = 0.04000 bit/s/Hz
10332[UE 1 | RB 1] Throughput = 0.65368 Mbps | SE = 0.01713 bit/s/Hz
10442[UE 1 | RB 1] Throughput = 1.41500 Mbps | SE = 0.03708 bit/s/Hz
10542[UE 1 | RB 1] Throughput = 0.95708 Mbps | SE = 0.02508 bit/s/Hz
10652[UE 1 | RB 1] Throughput = 1.31285 Mbps | SE = 0.03440 bit/s/Hz
10752[UE 1 | RB 1] Throughput = 0.71811 Mbps | SE = 0.01882 bit/s/Hz
10852[UE 1 | RB 1] Throughput = 0.83806 Mbps | SE = 0.02196 bit/s/Hz
10952[UE 1 | RB 1] Throughput = 1.43778 Mbps | SE = 0.03768 bit/s/Hz
11062[UE 1 | RB 1] Throughput = 1.09168 Mbps | SE = 0.02861 bit/s/Hz
11162[UE 1 | RB 1] Throughput = 1.19688 Mbps | SE = 0.03136 bit/s/Hz
11262[UE 1 | RB 1] Throughput = 0.95433 Mbps | SE = 0.02501 bit/s/Hz
11372[UE 1 | RB 1] Throughput = 0.87433 Mbps | SE = 0.02291 bit/s/Hz
11472[UE 1 | RB 1] Throughput = 1.19659 Mbps | SE = 0.03136 bit/s/Hz
11582[UE 1 | RB 1] Throughput = 1.30755 Mbps | SE = 0.03426 bit/s/Hz
11682[UE 1 | RB 1] Throughput = 0.59778 Mbps | SE = 0.01567 bit/s/Hz
11792[UE 1 | RB 1] Throughput = 1.30912 Mbps | SE = 0.03431 bit/s/Hz
11893[UE 1 | RB 1] Throughput = 0.83491 Mbps | SE = 0.02188 bit/s/Hz
12003[UE 1 | RB 1] Throughput = 1.41534 Mbps | SE = 0.03709 bit/s/Hz
12112[UE 1 | RB 1] Throughput = 0.65783 Mbps | SE = 0.01724 bit/s/Hz
12222[UE 1 | RB 1] Throughput = 1.20069 Mbps | SE = 0.03146 bit/s/Hz
12322[UE 1 | RB 1] Throughput = 1.31734 Mbps | SE = 0.03452 bit/s/Hz
12422[UE 1 | RB 1] Throughput = 0.71804 Mbps | SE = 0.01882 bit/s/Hz
12532[UE 1 | RB 1] Throughput = 1.30699 Mbps | SE = 0.03425 bit/s/Hz
12633[UE 1 | RB 1] Throughput = 0.71148 Mbps | SE = 0.01864 bit/s/Hz
12742[UE 1 | RB 1] Throughput = 1.31894 Mbps | SE = 0.03456 bit/s/Hz
12842[UE 1 | RB 1] Throughput = 1.31565 Mbps | SE = 0.03448 bit/s/Hz
12952[UE 1 | RB 1] Throughput = 1.09394 Mbps | SE = 0.02867 bit/s/Hz
13052[UE 1 | RB 1] Throughput = 0.83828 Mbps | SE = 0.02197 bit/s/Hz
13152[UE 1 | RB 1] Throughput = 1.31746 Mbps | SE = 0.03452 bit/s/Hz
13252[UE 1 | RB 1] Throughput = 0.83484 Mbps | SE = 0.02188 bit/s/Hz
13362[UE 1 | RB 1] Throughput = 1.09087 Mbps | SE = 0.02859 bit/s/Hz
13472[UE 1 | RB 1] Throughput = 1.30977 Mbps | SE = 0.03432 bit/s/Hz
13582[UE 1 | RB 1] Throughput = 0.65450 Mbps | SE = 0.01715 bit/s/Hz
13682[UE 1 | RB 1] Throughput = 1.31645 Mbps | SE = 0.03450 bit/s/Hz
13792[UE 1 | RB 1] Throughput = 1.08952 Mbps | SE = 0.02855 bit/s/Hz
13892[UE 1 | RB 1] Throughput = 0.71899 Mbps | SE = 0.01884 bit/s/Hz
13992[UE 1 | RB 1] Throughput = 1.55263 Mbps | SE = 0.04069 bit/s/Hz
14102[UE 1 | RB 1] Throughput = 1.09338 Mbps | SE = 0.02865 bit/s/Hz
14212[UE 1 | RB 1] Throughput = 0.54574 Mbps | SE = 0.01430 bit/s/Hz
14322[UE 1 | RB 1] Throughput = 1.30880 Mbps | SE = 0.03430 bit/s/Hz
14422[UE 1 | RB 1] Throughput = 1.07517 Mbps | SE = 0.02818 bit/s/Hz
14532[UE 1 | RB 1] Throughput = 0.98020 Mbps | SE = 0.02569 bit/s/Hz
14642[UE 1 | RB 1] Throughput = 1.20047 Mbps | SE = 0.03146 bit/s/Hz
14742[UE 1 | RB 1] Throughput = 1.19748 Mbps | SE = 0.03138 bit/s/Hz
14852[UE 1 | RB 1] Throughput = 0.65430 Mbps | SE = 0.01715 bit/s/Hz
14952[UE 1 | RB 1] Throughput = 1.31692 Mbps | SE = 0.03451 bit/s/Hz
15062[UE 1 | RB 1] Throughput = 1.19886 Mbps | SE = 0.03142 bit/s/Hz
15172[UE 1 | RB 1] Throughput = 0.98143 Mbps | SE = 0.02572 bit/s/Hz
15272[UE 1 | RB 1] Throughput = 0.71823 Mbps | SE = 0.01882 bit/s/Hz
15372[UE 1 | RB 1] Throughput = 1.55526 Mbps | SE = 0.04076 bit/s/Hz
15482[UE 1 | RB 1] Throughput = 0.87162 Mbps | SE = 0.02284 bit/s/Hz
15592[UE 1 | RB 1] Throughput = 1.31143 Mbps | SE = 0.03437 bit/s/Hz
15692[UE 1 | RB 1] Throughput = 0.71773 Mbps | SE = 0.01881 bit/s/Hz
15802[UE 1 | RB 1] Throughput = 1.41318 Mbps | SE = 0.03703 bit/s/Hz
15912[UE 1 | RB 1] Throughput = 0.65434 Mbps | SE = 0.01715 bit/s/Hz
16012[UE 1 | RB 1] Throughput = 1.43683 Mbps | SE = 0.03765 bit/s/Hz
16122[UE 1 | RB 1] Throughput = 0.65442 Mbps | SE = 0.01715 bit/s/Hz
16223[UE 1 | RB 1] Throughput = 1.43011 Mbps | SE = 0.03748 bit/s/Hz
16332[UE 1 | RB 1] Throughput = 1.20152 Mbps | SE = 0.03149 bit/s/Hz
16442[UE 1 | RB 1] Throughput = 0.65470 Mbps | SE = 0.01716 bit/s/Hz
16552[UE 1 | RB 1] Throughput = 1.30630 Mbps | SE = 0.03423 bit/s/Hz
16662[UE 1 | RB 1] Throughput = 1.30979 Mbps | SE = 0.03432 bit/s/Hz
16762[UE 1 | RB 1] Throughput = 0.71786 Mbps | SE = 0.01881 bit/s/Hz
16862[UE 1 | RB 1] Throughput = 1.07788 Mbps | SE = 0.02825 bit/s/Hz
16972[UE 1 | RB 1] Throughput = 1.41872 Mbps | SE = 0.03718 bit/s/Hz
17082[UE 1 | RB 1] Throughput = 0.76285 Mbps | SE = 0.01999 bit/s/Hz
17192[UE 1 | RB 1] Throughput = 1.19944 Mbps | SE = 0.03143 bit/s/Hz
17292[UE 1 | RB 1] Throughput = 0.71867 Mbps | SE = 0.01883 bit/s/Hz
17392[UE 1 | RB 1] Throughput = 1.43679 Mbps | SE = 0.03765 bit/s/Hz
17502[UE 1 | RB 1] Throughput = 1.19913 Mbps | SE = 0.03142 bit/s/Hz
17612[UE 1 | RB 1] Throughput = 0.76437 Mbps | SE = 0.02003 bit/s/Hz
17712[UE 1 | RB 1] Throughput = 1.43425 Mbps | SE = 0.03759 bit/s/Hz
17812[UE 1 | RB 1] Throughput = 0.71605 Mbps | SE = 0.01876 bit/s/Hz
17913[UE 1 | RB 1] Throughput = 0.95632 Mbps | SE = 0.02506 bit/s/Hz
18022[UE 1 | RB 1] Throughput = 1.20608 Mbps | SE = 0.03161 bit/s/Hz
18132[UE 1 | RB 1] Throughput = 0.76265 Mbps | SE = 0.01999 bit/s/Hz
18242[UE 1 | RB 1] Throughput = 1.52499 Mbps | SE = 0.03996 bit/s/Hz
18342[UE 1 | RB 1] Throughput = 0.71882 Mbps | SE = 0.01884 bit/s/Hz
18442[UE 1 | RB 1] Throughput = 0.71855 Mbps | SE = 0.01883 bit/s/Hz
18552[UE 1 | RB 1] Throughput = 1.52878 Mbps | SE = 0.04006 bit/s/Hz
18652[UE 1 | RB 1] Throughput = 0.71601 Mbps | SE = 0.01876 bit/s/Hz
18762[UE 1 | RB 1] Throughput = 1.31115 Mbps | SE = 0.03436 bit/s/Hz
18872[UE 1 | RB 1] Throughput = 1.19315 Mbps | SE = 0.03127 bit/s/Hz
18982[UE 1 | RB 1] Throughput = 1.20411 Mbps | SE = 0.03155 bit/s/Hz
19082[UE 1 | RB 1] Throughput = 0.71867 Mbps | SE = 0.01883 bit/s/Hz
19182[UE 1 | RB 1] Throughput = 0.95766 Mbps | SE = 0.02510 bit/s/Hz
19292[UE 1 | RB 1] Throughput = 1.31005 Mbps | SE = 0.03433 bit/s/Hz
19392[UE 1 | RB 1] Throughput = 1.31744 Mbps | SE = 0.03452 bit/s/Hz
19495[UE 1 | RB 1] Throughput = 0.81377 Mbps | SE = 0.02133 bit/s/Hz
19602[UE 1 | RB 1] Throughput = 0.78541 Mbps | SE = 0.02058 bit/s/Hz
19702[UE 1 | RB 1] Throughput = 1.43498 Mbps | SE = 0.03760 bit/s/Hz
19813[UE 1 | RB 1] Throughput = 1.18924 Mbps | SE = 0.03116 bit/s/Hz
19922[UE 1 | RB 1] Throughput = 1.09917 Mbps | SE = 0.02880 bit/s/Hz
20032[UE 1 | RB 1] Throughput = 0.76319 Mbps | SE = 0.02000 bit/s/Hz
20132[UE 1 | RB 1] Throughput = 1.43649 Mbps | SE = 0.03764 bit/s/Hz
20232[UE 1 | RB 1] Throughput = 1.07593 Mbps | SE = 0.02820 bit/s/Hz
20342[UE 1 | RB 1] Throughput = 0.76459 Mbps | SE = 0.02004 bit/s/Hz
20442[UE 1 | RB 1] Throughput = 1.43784 Mbps | SE = 0.03768 bit/s/Hz
20542[UE 1 | RB 1] Throughput = 0.83625 Mbps | SE = 0.02191 bit/s/Hz
20642[UE 1 | RB 1] Throughput = 1.31720 Mbps | SE = 0.03452 bit/s/Hz
20752[UE 1 | RB 1] Throughput = 0.87292 Mbps | SE = 0.02288 bit/s/Hz
20852[UE 1 | RB 1] Throughput = 0.83782 Mbps | SE = 0.02196 bit/s/Hz
20962[UE 1 | RB 1] Throughput = 1.31340 Mbps | SE = 0.03442 bit/s/Hz
21072[UE 1 | RB 1] Throughput = 1.19674 Mbps | SE = 0.03136 bit/s/Hz
21172[UE 1 | RB 1] Throughput = 0.95608 Mbps | SE = 0.02505 bit/s/Hz
21282[UE 1 | RB 1] Throughput = 0.76278 Mbps | SE = 0.01999 bit/s/Hz
21392[UE 1 | RB 1] Throughput = 1.31012 Mbps | SE = 0.03433 bit/s/Hz
21492[UE 1 | RB 1] Throughput = 0.95826 Mbps | SE = 0.02511 bit/s/Hz
21602[UE 1 | RB 1] Throughput = 1.19764 Mbps | SE = 0.03138 bit/s/Hz
21712[UE 1 | RB 1] Throughput = 1.19756 Mbps | SE = 0.03138 bit/s/Hz
21812[UE 1 | RB 1] Throughput = 0.71776 Mbps | SE = 0.01881 bit/s/Hz
21922[UE 1 | RB 1] Throughput = 1.30575 Mbps | SE = 0.03422 bit/s/Hz
22032[UE 1 | RB 1] Throughput = 0.87392 Mbps | SE = 0.02290 bit/s/Hz
22142[UE 1 | RB 1] Throughput = 1.41922 Mbps | SE = 0.03719 bit/s/Hz
22242[UE 1 | RB 1] Throughput = 0.71816 Mbps | SE = 0.01882 bit/s/Hz
22352[UE 1 | RB 1] Throughput = 0.98222 Mbps | SE = 0.02574 bit/s/Hz
22452[UE 1 | RB 1] Throughput = 1.07600 Mbps | SE = 0.02820 bit/s/Hz
22562[UE 1 | RB 1] Throughput = 1.08867 Mbps | SE = 0.02853 bit/s/Hz
22672[UE 1 | RB 1] Throughput = 1.19555 Mbps | SE = 0.03133 bit/s/Hz
22782[UE 1 | RB 1] Throughput = 1.20288 Mbps | SE = 0.03152 bit/s/Hz
22882[UE 1 | RB 1] Throughput = 0.83791 Mbps | SE = 0.02196 bit/s/Hz
22983[UE 1 | RB 1] Throughput = 1.19147 Mbps | SE = 0.03122 bit/s/Hz
23092[UE 1 | RB 1] Throughput = 0.87652 Mbps | SE = 0.02297 bit/s/Hz
23202[UE 1 | RB 1] Throughput = 1.19826 Mbps | SE = 0.03140 bit/s/Hz
23302[UE 1 | RB 1] Throughput = 1.31659 Mbps | SE = 0.03450 bit/s/Hz
23412[UE 1 | RB 1] Throughput = 1.08908 Mbps | SE = 0.02854 bit/s/Hz
23522[UE 1 | RB 1] Throughput = 0.76456 Mbps | SE = 0.02004 bit/s/Hz
23622[UE 1 | RB 1] Throughput = 0.71662 Mbps | SE = 0.01878 bit/s/Hz
23732[UE 1 | RB 1] Throughput = 1.41378 Mbps | SE = 0.03705 bit/s/Hz
23833[UE 1 | RB 1] Throughput = 0.71790 Mbps | SE = 0.01881 bit/s/Hz
23942[UE 1 | RB 1] Throughput = 1.64205 Mbps | SE = 0.04303 bit/s/Hz
24052[UE 1 | RB 1] Throughput = 0.65374 Mbps | SE = 0.01713 bit/s/Hz
24152[UE 1 | RB 1] Throughput = 1.43758 Mbps | SE = 0.03767 bit/s/Hz
24262[UE 1 | RB 1] Throughput = 0.87327 Mbps | SE = 0.02288 bit/s/Hz
24363[UE 1 | RB 1] Throughput = 1.18994 Mbps | SE = 0.03118 bit/s/Hz
24472[UE 1 | RB 1] Throughput = 1.20484 Mbps | SE = 0.03157 bit/s/Hz
24582[UE 1 | RB 1] Throughput = 1.08862 Mbps | SE = 0.02853 bit/s/Hz
24692[UE 1 | RB 1] Throughput = 0.76213 Mbps | SE = 0.01997 bit/s/Hz
24803[UE 1 | RB 1] Throughput = 1.19422 Mbps | SE = 0.03130 bit/s/Hz
24912[UE 1 | RB 1] Throughput = 0.65629 Mbps | SE = 0.01720 bit/s/Hz
25012[UE 1 | RB 1] Throughput = 1.67444 Mbps | SE = 0.04388 bit/s/Hz
25112[UE 1 | RB 1] Throughput = 0.71806 Mbps | SE = 0.01882 bit/s/Hz
25223[UE 1 | RB 1] Throughput = 1.19399 Mbps | SE = 0.03129 bit/s/Hz
25332[UE 1 | RB 1] Throughput = 1.20466 Mbps | SE = 0.03157 bit/s/Hz
25442[UE 1 | RB 1] Throughput = 1.09188 Mbps | SE = 0.02861 bit/s/Hz
25542[UE 1 | RB 1] Throughput = 0.95742 Mbps | SE = 0.02509 bit/s/Hz
25652[UE 1 | RB 1] Throughput = 1.09024 Mbps | SE = 0.02857 bit/s/Hz
25762[UE 1 | RB 1] Throughput = 1.09165 Mbps | SE = 0.02861 bit/s/Hz
25862[UE 1 | RB 1] Throughput = 0.71797 Mbps | SE = 0.01881 bit/s/Hz
25962[UE 1 | RB 1] Throughput = 1.55678 Mbps | SE = 0.04080 bit/s/Hz
26062[UE 1 | RB 1] Throughput = 0.71791 Mbps | SE = 0.01881 bit/s/Hz
26163[UE 1 | RB 1] Throughput = 0.95415 Mbps | SE = 0.02500 bit/s/Hz
26272[UE 1 | RB 1] Throughput = 1.20625 Mbps | SE = 0.03161 bit/s/Hz
26382[UE 1 | RB 1] Throughput = 1.09040 Mbps | SE = 0.02857 bit/s/Hz
26482[UE 1 | RB 1] Throughput = 1.07832 Mbps | SE = 0.02826 bit/s/Hz
26582[UE 1 | RB 1] Throughput = 0.83631 Mbps | SE = 0.02192 bit/s/Hz
26682[UE 1 | RB 1] Throughput = 1.31527 Mbps | SE = 0.03447 bit/s/Hz
26792[UE 1 | RB 1] Throughput = 1.20360 Mbps | SE = 0.03154 bit/s/Hz
26892[UE 1 | RB 1] Throughput = 0.83558 Mbps | SE = 0.02190 bit/s/Hz
27003[UE 1 | RB 1] Throughput = 1.30498 Mbps | SE = 0.03420 bit/s/Hz
27112[UE 1 | RB 1] Throughput = 0.87622 Mbps | SE = 0.02296 bit/s/Hz
27212[UE 1 | RB 1] Throughput = 1.43382 Mbps | SE = 0.03757 bit/s/Hz
27322[UE 1 | RB 1] Throughput = 0.65482 Mbps | SE = 0.01716 bit/s/Hz
27422[UE 1 | RB 1] Throughput = 1.43527 Mbps | SE = 0.03761 bit/s/Hz
27532[UE 1 | RB 1] Throughput = 0.87312 Mbps | SE = 0.02288 bit/s/Hz
27642[UE 1 | RB 1] Throughput = 1.09313 Mbps | SE = 0.02865 bit/s/Hz
27742[UE 1 | RB 1] Throughput = 0.71610 Mbps | SE = 0.01877 bit/s/Hz
27842[UE 1 | RB 1] Throughput = 1.31791 Mbps | SE = 0.03454 bit/s/Hz
27952[UE 1 | RB 1] Throughput = 1.19708 Mbps | SE = 0.03137 bit/s/Hz
28062[UE 1 | RB 1] Throughput = 0.65566 Mbps | SE = 0.01718 bit/s/Hz
28162[UE 1 | RB 1] Throughput = 1.55311 Mbps | SE = 0.04070 bit/s/Hz
28272[UE 1 | RB 1] Throughput = 1.19996 Mbps | SE = 0.03145 bit/s/Hz
28382[UE 1 | RB 1] Throughput = 0.76349 Mbps | SE = 0.02001 bit/s/Hz
28482[UE 1 | RB 1] Throughput = 0.71695 Mbps | SE = 0.01879 bit/s/Hz
28592[UE 1 | RB 1] Throughput = 1.52893 Mbps | SE = 0.04007 bit/s/Hz
28702[UE 1 | RB 1] Throughput = 1.20156 Mbps | SE = 0.03149 bit/s/Hz
28802[UE 1 | RB 1] Throughput = 0.83473 Mbps | SE = 0.02187 bit/s/Hz
28913[UE 1 | RB 1] Throughput = 1.30342 Mbps | SE = 0.03416 bit/s/Hz
29022[UE 1 | RB 1] Throughput = 0.76433 Mbps | SE = 0.02003 bit/s/Hz
29132[UE 1 | RB 1] Throughput = 1.20098 Mbps | SE = 0.03147 bit/s/Hz
29232[UE 1 | RB 1] Throughput = 0.71665 Mbps | SE = 0.01878 bit/s/Hz
29342[UE 1 | RB 1] Throughput = 1.52611 Mbps | SE = 0.03999 bit/s/Hz
29442[UE 1 | RB 1] Throughput = 0.71877 Mbps | SE = 0.01884 bit/s/Hz
29542[UE 1 | RB 1] Throughput = 1.31754 Mbps | SE = 0.03453 bit/s/Hz
29652[UE 1 | RB 1] Throughput = 0.65702 Mbps | SE = 0.01722 bit/s/Hz
29752[UE 1 | RB 1] Throughput = 1.55391 Mbps | SE = 0.04072 bit/s/Hz
29862[UE 1 | RB 1] Throughput = 0.65544 Mbps | SE = 0.01718 bit/s/Hz
29972[UE 1 | RB 1] Throughput = 1.30693 Mbps | SE = 0.03425 bit/s/Hz
30072[UE 1 | RB 1] Throughput = 1.43368 Mbps | SE = 0.03757 bit/s/Hz
30182[UE 1 | RB 1] Throughput = 0.65347 Mbps | SE = 0.01712 bit/s/Hz
30292[UE 1 | RB 1] Throughput = 1.31012 Mbps | SE = 0.03433 bit/s/Hz
30392[UE 1 | RB 1] Throughput = 0.83803 Mbps | SE = 0.02196 bit/s/Hz
30492[UE 1 | RB 1] Throughput = 1.43537 Mbps | SE = 0.03761 bit/s/Hz
30602[UE 1 | RB 1] Throughput = 0.76251 Mbps | SE = 0.01998 bit/s/Hz
30712[UE 1 | RB 1] Throughput = 1.20100 Mbps | SE = 0.03147 bit/s/Hz
30813[UE 1 | RB 1] Throughput = 0.71503 Mbps | SE = 0.01874 bit/s/Hz
30922[UE 1 | RB 1] Throughput = 1.42360 Mbps | SE = 0.03731 bit/s/Hz
31032[UE 1 | RB 1] Throughput = 1.09181 Mbps | SE = 0.02861 bit/s/Hz
31132[UE 1 | RB 1] Throughput = 0.71800 Mbps | SE = 0.01882 bit/s/Hz
31233[UE 1 | RB 1] Throughput = 1.42473 Mbps | SE = 0.03734 bit/s/Hz
31342[UE 1 | RB 1] Throughput = 0.98627 Mbps | SE = 0.02585 bit/s/Hz
31442[UE 1 | RB 1] Throughput = 1.07762 Mbps | SE = 0.02824 bit/s/Hz
31552[UE 1 | RB 1] Throughput = 1.09114 Mbps | SE = 0.02859 bit/s/Hz
31662[UE 1 | RB 1] Throughput = 1.20001 Mbps | SE = 0.03145 bit/s/Hz
31762[UE 1 | RB 1] Throughput = 0.71677 Mbps | SE = 0.01878 bit/s/Hz
31872[UE 1 | RB 1] Throughput = 1.31267 Mbps | SE = 0.03440 bit/s/Hz
31972[UE 1 | RB 1] Throughput = 0.71755 Mbps | SE = 0.01880 bit/s/Hz
32072[UE 1 | RB 1] Throughput = 1.19633 Mbps | SE = 0.03135 bit/s/Hz
32182[UE 1 | RB 1] Throughput = 1.09055 Mbps | SE = 0.02858 bit/s/Hz
32292[UE 1 | RB 1] Throughput = 0.65355 Mbps | SE = 0.01713 bit/s/Hz
32392[UE 1 | RB 1] Throughput = 1.79401 Mbps | SE = 0.04701 bit/s/Hz
32502[UE 1 | RB 1] Throughput = 0.76251 Mbps | SE = 0.01998 bit/s/Hz
32602[UE 1 | RB 1] Throughput = 1.31774 Mbps | SE = 0.03453 bit/s/Hz
32712[UE 1 | RB 1] Throughput = 0.65427 Mbps | SE = 0.01715 bit/s/Hz
32812[UE 1 | RB 1] Throughput = 1.43667 Mbps | SE = 0.03765 bit/s/Hz
32923[UE 1 | RB 1] Throughput = 1.30521 Mbps | SE = 0.03420 bit/s/Hz
33032[UE 1 | RB 1] Throughput = 0.65734 Mbps | SE = 0.01723 bit/s/Hz
33132[UE 1 | RB 1] Throughput = 1.31417 Mbps | SE = 0.03444 bit/s/Hz
33242[UE 1 | RB 1] Throughput = 0.65390 Mbps | SE = 0.01714 bit/s/Hz
33352[UE 1 | RB 1] Throughput = 1.52653 Mbps | SE = 0.04000 bit/s/Hz
33453[UE 1 | RB 1] Throughput = 1.18743 Mbps | SE = 0.03112 bit/s/Hz
33562[UE 1 | RB 1] Throughput = 0.65847 Mbps | SE = 0.01726 bit/s/Hz
33672[UE 1 | RB 1] Throughput = 1.42031 Mbps | SE = 0.03722 bit/s/Hz
33772[UE 1 | RB 1] Throughput = 0.71825 Mbps | SE = 0.01882 bit/s/Hz
33872[UE 1 | RB 1] Throughput = 1.31677 Mbps | SE = 0.03451 bit/s/Hz
33982[UE 1 | RB 1] Throughput = 0.65468 Mbps | SE = 0.01716 bit/s/Hz
34082[UE 1 | RB 1] Throughput = 1.43725 Mbps | SE = 0.03766 bit/s/Hz
34192[UE 1 | RB 1] Throughput = 1.08826 Mbps | SE = 0.02852 bit/s/Hz
34302[UE 1 | RB 1] Throughput = 1.09045 Mbps | SE = 0.02858 bit/s/Hz
34412[UE 1 | RB 1] Throughput = 0.98315 Mbps | SE = 0.02576 bit/s/Hz
34512[UE 1 | RB 1] Throughput = 1.31435 Mbps | SE = 0.03444 bit/s/Hz
34622[UE 1 | RB 1] Throughput = 0.65367 Mbps | SE = 0.01713 bit/s/Hz
34722[UE 1 | RB 1] Throughput = 1.55790 Mbps | SE = 0.04083 bit/s/Hz
34822[UE 1 | RB 1] Throughput = 0.71683 Mbps | SE = 0.01878 bit/s/Hz
34923[UE 1 | RB 1] Throughput = 0.95734 Mbps | SE = 0.02509 bit/s/Hz
35032[UE 1 | RB 1] Throughput = 1.31266 Mbps | SE = 0.03440 bit/s/Hz
35142[UE 1 | RB 1] Throughput = 1.19973 Mbps | SE = 0.03144 bit/s/Hz
35242[UE 1 | RB 1] Throughput = 0.71831 Mbps | SE = 0.01882 bit/s/Hz
35343[UE 1 | RB 1] Throughput = 0.71580 Mbps | SE = 0.01876 bit/s/Hz
35452[UE 1 | RB 1] Throughput = 1.52875 Mbps | SE = 0.04006 bit/s/Hz
35553[UE 1 | RB 1] Throughput = 0.71523 Mbps | SE = 0.01874 bit/s/Hz
35662[UE 1 | RB 1] Throughput = 1.42629 Mbps | SE = 0.03738 bit/s/Hz
35762[UE 1 | RB 1] Throughput = 0.59766 Mbps | SE = 0.01566 bit/s/Hz
35862[UE 1 | RB 1] Throughput = 1.07717 Mbps | SE = 0.02823 bit/s/Hz
35963[UE 1 | RB 1] Throughput = 1.67246 Mbps | SE = 0.04383 bit/s/Hz
36072[UE 1 | RB 1] Throughput = 0.87687 Mbps | SE = 0.02298 bit/s/Hz
36182[UE 1 | RB 1] Throughput = 1.19766 Mbps | SE = 0.03139 bit/s/Hz
36283[UE 1 | RB 1] Throughput = 0.71491 Mbps | SE = 0.01873 bit/s/Hz
36392[UE 1 | RB 1] Throughput = 1.31474 Mbps | SE = 0.03445 bit/s/Hz
36502[UE 1 | RB 1] Throughput = 1.30648 Mbps | SE = 0.03424 bit/s/Hz
36612[UE 1 | RB 1] Throughput = 0.65493 Mbps | SE = 0.01716 bit/s/Hz
36722[UE 1 | RB 1] Throughput = 1.30606 Mbps | SE = 0.03423 bit/s/Hz
36832[UE 1 | RB 1] Throughput = 1.20005 Mbps | SE = 0.03145 bit/s/Hz
36932[UE 1 | RB 1] Throughput = 0.71696 Mbps | SE = 0.01879 bit/s/Hz
37032[UE 1 | RB 1] Throughput = 1.31774 Mbps | SE = 0.03453 bit/s/Hz
37133[UE 1 | RB 1] Throughput = 0.71570 Mbps | SE = 0.01876 bit/s/Hz
37242[UE 1 | RB 1] Throughput = 1.31763 Mbps | SE = 0.03453 bit/s/Hz
37342[UE 1 | RB 1] Throughput = 1.31556 Mbps | SE = 0.03447 bit/s/Hz
37442[UE 1 | RB 1] Throughput = 0.83758 Mbps | SE = 0.02195 bit/s/Hz
37552[UE 1 | RB 1] Throughput = 0.76366 Mbps | SE = 0.02001 bit/s/Hz
37652[UE 1 | RB 1] Throughput = 1.31679 Mbps | SE = 0.03451 bit/s/Hz
37763[UE 1 | RB 1] Throughput = 0.65170 Mbps | SE = 0.01708 bit/s/Hz
37872[UE 1 | RB 1] Throughput = 1.31390 Mbps | SE = 0.03443 bit/s/Hz
37972[UE 1 | RB 1] Throughput = 1.43140 Mbps | SE = 0.03751 bit/s/Hz
38082[UE 1 | RB 1] Throughput = 0.65683 Mbps | SE = 0.01721 bit/s/Hz
38182[UE 1 | RB 1] Throughput = 1.66965 Mbps | SE = 0.04375 bit/s/Hz
38292[UE 1 | RB 1] Throughput = 0.76451 Mbps | SE = 0.02003 bit/s/Hz
38402[UE 1 | RB 1] Throughput = 1.08639 Mbps | SE = 0.02847 bit/s/Hz
38512[UE 1 | RB 1] Throughput = 1.31239 Mbps | SE = 0.03439 bit/s/Hz
38622[UE 1 | RB 1] Throughput = 0.65399 Mbps | SE = 0.01714 bit/s/Hz
38722[UE 1 | RB 1] Throughput = 1.43535 Mbps | SE = 0.03761 bit/s/Hz
38832[UE 1 | RB 1] Throughput = 1.08960 Mbps | SE = 0.02855 bit/s/Hz
38942[UE 1 | RB 1] Throughput = 0.76178 Mbps | SE = 0.01996 bit/s/Hz
39052[UE 1 | RB 1] Throughput = 1.30754 Mbps | SE = 0.03426 bit/s/Hz
39162[UE 1 | RB 1] Throughput = 1.19904 Mbps | SE = 0.03142 bit/s/Hz
39272[UE 1 | RB 1] Throughput = 0.76331 Mbps | SE = 0.02000 bit/s/Hz
39382[UE 1 | RB 1] Throughput = 1.30761 Mbps | SE = 0.03427 bit/s/Hz
39492[UE 1 | RB 1] Throughput = 0.87341 Mbps | SE = 0.02289 bit/s/Hz
39602[UE 1 | RB 1] Throughput = 1.19696 Mbps | SE = 0.03137 bit/s/Hz
39702[UE 1 | RB 1] Throughput = 0.71889 Mbps | SE = 0.01884 bit/s/Hz
39813[UE 1 | RB 1] Throughput = 1.30069 Mbps | SE = 0.03409 bit/s/Hz
39922[UE 1 | RB 1] Throughput = 1.20121 Mbps | SE = 0.03148 bit/s/Hz
40022[UE 1 | RB 1] Throughput = 0.71787 Mbps | SE = 0.01881 bit/s/Hz
40132[UE 1 | RB 1] Throughput = 1.20058 Mbps | SE = 0.03146 bit/s/Hz
40242[UE 1 | RB 1] Throughput = 0.76179 Mbps | SE = 0.01996 bit/s/Hz
40352[UE 1 | RB 1] Throughput = 1.42085 Mbps | SE = 0.03723 bit/s/Hz
40452[UE 1 | RB 1] Throughput = 1.43432 Mbps | SE = 0.03759 bit/s/Hz
40562[UE 1 | RB 1] Throughput = 0.65282 Mbps | SE = 0.01711 bit/s/Hz
40672[UE 1 | RB 1] Throughput = 1.31218 Mbps | SE = 0.03439 bit/s/Hz
40782[UE 1 | RB 1] Throughput = 0.76053 Mbps | SE = 0.01993 bit/s/Hz
40892[UE 1 | RB 1] Throughput = 1.19950 Mbps | SE = 0.03143 bit/s/Hz
40992[UE 1 | RB 1] Throughput = 0.71744 Mbps | SE = 0.01880 bit/s/Hz
41102[UE 1 | RB 1] Throughput = 1.52959 Mbps | SE = 0.04008 bit/s/Hz
41212[UE 1 | RB 1] Throughput = 1.19926 Mbps | SE = 0.03143 bit/s/Hz
41312[UE 1 | RB 1] Throughput = 0.83797 Mbps | SE = 0.02196 bit/s/Hz
41412[UE 1 | RB 1] Throughput = 1.19535 Mbps | SE = 0.03132 bit/s/Hz
41522[UE 1 | RB 1] Throughput = 0.65509 Mbps | SE = 0.01717 bit/s/Hz
41622[UE 1 | RB 1] Throughput = 1.43617 Mbps | SE = 0.03764 bit/s/Hz
41722[UE 1 | RB 1] Throughput = 0.95869 Mbps | SE = 0.02512 bit/s/Hz
41823[UE 1 | RB 1] Throughput = 1.07613 Mbps | SE = 0.02820 bit/s/Hz
41932[UE 1 | RB 1] Throughput = 0.65568 Mbps | SE = 0.01718 bit/s/Hz
42042[UE 1 | RB 1] Throughput = 1.52714 Mbps | SE = 0.04002 bit/s/Hz
42143[UE 1 | RB 1] Throughput = 0.59603 Mbps | SE = 0.01562 bit/s/Hz
42243[UE 1 | RB 1] Throughput = 1.67548 Mbps | SE = 0.04391 bit/s/Hz
42352[UE 1 | RB 1] Throughput = 1.20502 Mbps | SE = 0.03158 bit/s/Hz
42462[UE 1 | RB 1] Throughput = 0.65272 Mbps | SE = 0.01710 bit/s/Hz
42562[UE 1 | RB 1] Throughput = 0.95870 Mbps | SE = 0.02512 bit/s/Hz
42663[UE 1 | RB 1] Throughput = 1.55433 Mbps | SE = 0.04073 bit/s/Hz
42772[UE 1 | RB 1] Throughput = 0.65614 Mbps | SE = 0.01719 bit/s/Hz
42872[UE 1 | RB 1] Throughput = 1.43772 Mbps | SE = 0.03768 bit/s/Hz
42972[UE 1 | RB 1] Throughput = 0.71877 Mbps | SE = 0.01884 bit/s/Hz
43072[UE 1 | RB 1] Throughput = 1.43755 Mbps | SE = 0.03767 bit/s/Hz
43172[UE 1 | RB 1] Throughput = 0.59878 Mbps | SE = 0.01569 bit/s/Hz
43282[UE 1 | RB 1] Throughput = 1.19737 Mbps | SE = 0.03138 bit/s/Hz
43393[UE 1 | RB 1] Throughput = 1.29942 Mbps | SE = 0.03405 bit/s/Hz
43502[UE 1 | RB 1] Throughput = 0.65838 Mbps | SE = 0.01725 bit/s/Hz
43602[UE 1 | RB 1] Throughput = 1.43686 Mbps | SE = 0.03765 bit/s/Hz
43703[UE 1 | RB 1] Throughput = 0.71442 Mbps | SE = 0.01872 bit/s/Hz
43812[UE 1 | RB 1] Throughput = 1.31846 Mbps | SE = 0.03455 bit/s/Hz
43912[UE 1 | RB 1] Throughput = 1.31528 Mbps | SE = 0.03447 bit/s/Hz
44022[UE 1 | RB 1] Throughput = 1.08951 Mbps | SE = 0.02855 bit/s/Hz
44132[UE 1 | RB 1] Throughput = 0.76360 Mbps | SE = 0.02001 bit/s/Hz
44242[UE 1 | RB 1] Throughput = 1.30795 Mbps | SE = 0.03428 bit/s/Hz
44343[UE 1 | RB 1] Throughput = 1.07279 Mbps | SE = 0.02811 bit/s/Hz
44452[UE 1 | RB 1] Throughput = 0.87578 Mbps | SE = 0.02295 bit/s/Hz
44553[UE 1 | RB 1] Throughput = 0.95473 Mbps | SE = 0.02502 bit/s/Hz
44662[UE 1 | RB 1] Throughput = 1.20247 Mbps | SE = 0.03151 bit/s/Hz
44762[UE 1 | RB 1] Throughput = 0.95683 Mbps | SE = 0.02507 bit/s/Hz
44862[UE 1 | RB 1] Throughput = 1.43643 Mbps | SE = 0.03764 bit/s/Hz
44972[UE 1 | RB 1] Throughput = 1.09161 Mbps | SE = 0.02861 bit/s/Hz
45072[UE 1 | RB 1] Throughput = 0.71825 Mbps | SE = 0.01882 bit/s/Hz
45173[UE 1 | RB 1] Throughput = 1.43557 Mbps | SE = 0.03762 bit/s/Hz
45283[UE 1 | RB 1] Throughput = 0.65355 Mbps | SE = 0.01713 bit/s/Hz
45383[UE 1 | RB 1] Throughput = 1.55674 Mbps | SE = 0.04079 bit/s/Hz
45492[UE 1 | RB 1] Throughput = 0.98246 Mbps | SE = 0.02575 bit/s/Hz
45602[UE 1 | RB 1] Throughput = 0.76498 Mbps | SE = 0.02005 bit/s/Hz
45702[UE 1 | RB 1] Throughput = 1.19388 Mbps | SE = 0.03129 bit/s/Hz
45813[UE 1 | RB 1] Throughput = 1.08863 Mbps | SE = 0.02853 bit/s/Hz
45922[UE 1 | RB 1] Throughput = 1.09343 Mbps | SE = 0.02865 bit/s/Hz
46022[UE 1 | RB 1] Throughput = 0.71738 Mbps | SE = 0.01880 bit/s/Hz
46132[UE 1 | RB 1] Throughput = 1.30999 Mbps | SE = 0.03433 bit/s/Hz
46232[UE 1 | RB 1] Throughput = 1.43705 Mbps | SE = 0.03766 bit/s/Hz
46332[UE 1 | RB 1] Throughput = 0.71857 Mbps | SE = 0.01883 bit/s/Hz
46442[UE 1 | RB 1] Throughput = 1.30761 Mbps | SE = 0.03427 bit/s/Hz
46542[UE 1 | RB 1] Throughput = 0.71846 Mbps | SE = 0.01883 bit/s/Hz
46642[UE 1 | RB 1] Throughput = 1.31798 Mbps | SE = 0.03454 bit/s/Hz
46743[UE 1 | RB 1] Throughput = 0.83575 Mbps | SE = 0.02190 bit/s/Hz
46852[UE 1 | RB 1] Throughput = 1.09588 Mbps | SE = 0.02872 bit/s/Hz
46952[UE 1 | RB 1] Throughput = 1.19437 Mbps | SE = 0.03130 bit/s/Hz
47062[UE 1 | RB 1] Throughput = 0.76292 Mbps | SE = 0.01999 bit/s/Hz
47172[UE 1 | RB 1] Throughput = 1.30708 Mbps | SE = 0.03425 bit/s/Hz
47282[UE 1 | RB 1] Throughput = 1.09217 Mbps | SE = 0.02862 bit/s/Hz
47382[UE 1 | RB 1] Throughput = 1.07491 Mbps | SE = 0.02817 bit/s/Hz
47492[UE 1 | RB 1] Throughput = 1.20047 Mbps | SE = 0.03146 bit/s/Hz
47593[UE 1 | RB 1] Throughput = 0.83452 Mbps | SE = 0.02187 bit/s/Hz
47702[UE 1 | RB 1] Throughput = 0.76686 Mbps | SE = 0.02010 bit/s/Hz
47813[UE 1 | RB 1] Throughput = 1.30213 Mbps | SE = 0.03412 bit/s/Hz
47922[UE 1 | RB 1] Throughput = 1.31116 Mbps | SE = 0.03436 bit/s/Hz
48033[UE 1 | RB 1] Throughput = 0.86894 Mbps | SE = 0.02277 bit/s/Hz
48142[UE 1 | RB 1] Throughput = 0.76404 Mbps | SE = 0.02002 bit/s/Hz
48243[UE 1 | RB 1] Throughput = 1.67434 Mbps | SE = 0.04388 bit/s/Hz
48352[UE 1 | RB 1] Throughput = 0.76603 Mbps | SE = 0.02007 bit/s/Hz
48452[UE 1 | RB 1] Throughput = 1.55566 Mbps | SE = 0.04077 bit/s/Hz
48562[UE 1 | RB 1] Throughput = 0.65455 Mbps | SE = 0.01715 bit/s/Hz
48663[UE 1 | RB 1] Throughput = 1.43189 Mbps | SE = 0.03752 bit/s/Hz
48763[UE 1 | RB 1] Throughput = 0.71847 Mbps | SE = 0.01883 bit/s/Hz
48873[UE 1 | RB 1] Throughput = 1.41580 Mbps | SE = 0.03710 bit/s/Hz
48983[UE 1 | RB 1] Throughput = 0.65262 Mbps | SE = 0.01710 bit/s/Hz
49092[UE 1 | RB 1] Throughput = 1.31566 Mbps | SE = 0.03448 bit/s/Hz
49202[UE 1 | RB 1] Throughput = 1.30812 Mbps | SE = 0.03428 bit/s/Hz
49302[UE 1 | RB 1] Throughput = 0.95729 Mbps | SE = 0.02509 bit/s/Hz
49412[UE 1 | RB 1] Throughput = 0.54536 Mbps | SE = 0.01429 bit/s/Hz
49513[UE 1 | RB 1] Throughput = 1.66805 Mbps | SE = 0.04371 bit/s/Hz
49622[UE 1 | RB 1] Throughput = 0.65659 Mbps | SE = 0.01721 bit/s/Hz
49733[UE 1 | RB 1] Throughput = 1.19259 Mbps | SE = 0.03125 bit/s/Hz
49842[UE 1 | RB 1] Throughput = 1.31408 Mbps | SE = 0.03444 bit/s/Hz
49942[UE 1 | RB 1] Throughput = 0.71812 Mbps | SE = 0.01882 bit/s/Hz
50052[UE 1 | RB 1] Throughput = 1.41491 Mbps | SE = 0.03708 bit/s/Hz
50162[UE 1 | RB 1] Throughput = 0.65513 Mbps | SE = 0.01717 bit/s/Hz
50262[UE 1 | RB 1] Throughput = 0.95768 Mbps | SE = 0.02510 bit/s/Hz
50363[UE 1 | RB 1] Throughput = 1.55492 Mbps | SE = 0.04075 bit/s/Hz
50472[UE 1 | RB 1] Throughput = 0.65524 Mbps | SE = 0.01717 bit/s/Hz
50573[UE 1 | RB 1] Throughput = 0.83644 Mbps | SE = 0.02192 bit/s/Hz
50682[UE 1 | RB 1] Throughput = 1.09285 Mbps | SE = 0.02864 bit/s/Hz
50783[UE 1 | RB 1] Throughput = 1.66626 Mbps | SE = 0.04367 bit/s/Hz
50892[UE 1 | RB 1] Throughput = 0.76724 Mbps | SE = 0.02011 bit/s/Hz
50993[UE 1 | RB 1] Throughput = 1.31369 Mbps | SE = 0.03443 bit/s/Hz
51093[UE 1 | RB 1] Throughput = 1.07748 Mbps | SE = 0.02824 bit/s/Hz
51203[UE 1 | RB 1] Throughput = 1.09088 Mbps | SE = 0.02859 bit/s/Hz
51312[UE 1 | RB 1] Throughput = 0.76392 Mbps | SE = 0.02002 bit/s/Hz
51412[UE 1 | RB 1] Throughput = 1.43636 Mbps | SE = 0.03764 bit/s/Hz
51513[UE 1 | RB 1] Throughput = 0.71835 Mbps | SE = 0.01882 bit/s/Hz
51622[UE 1 | RB 1] Throughput = 1.30854 Mbps | SE = 0.03429 bit/s/Hz
51732[UE 1 | RB 1] Throughput = 1.19853 Mbps | SE = 0.03141 bit/s/Hz
51833[UE 1 | RB 1] Throughput = 0.71852 Mbps | SE = 0.01883 bit/s/Hz
51942[UE 1 | RB 1] Throughput = 1.19872 Mbps | SE = 0.03141 bit/s/Hz
52053[UE 1 | RB 1] Throughput = 1.30643 Mbps | SE = 0.03424 bit/s/Hz
52153[UE 1 | RB 1] Throughput = 0.71901 Mbps | SE = 0.01884 bit/s/Hz
52263[UE 1 | RB 1] Throughput = 1.30798 Mbps | SE = 0.03428 bit/s/Hz
52363[UE 1 | RB 1] Throughput = 0.71889 Mbps | SE = 0.01884 bit/s/Hz
52472[UE 1 | RB 1] Throughput = 1.31190 Mbps | SE = 0.03438 bit/s/Hz
52582[UE 1 | RB 1] Throughput = 0.87154 Mbps | SE = 0.02284 bit/s/Hz
52682[UE 1 | RB 1] Throughput = 1.43595 Mbps | SE = 0.03763 bit/s/Hz
52782[UE 1 | RB 1] Throughput = 0.71900 Mbps | SE = 0.01884 bit/s/Hz
52883[UE 1 | RB 1] Throughput = 1.43405 Mbps | SE = 0.03758 bit/s/Hz
52983[UE 1 | RB 1] Throughput = 0.71798 Mbps | SE = 0.01881 bit/s/Hz
53093[UE 1 | RB 1] Throughput = 1.30669 Mbps | SE = 0.03424 bit/s/Hz
53202[UE 1 | RB 1] Throughput = 0.54707 Mbps | SE = 0.01434 bit/s/Hz
53312[UE 1 | RB 1] Throughput = 1.30558 Mbps | SE = 0.03421 bit/s/Hz
53422[UE 1 | RB 1] Throughput = 1.31130 Mbps | SE = 0.03436 bit/s/Hz
53522[UE 1 | RB 1] Throughput = 1.07716 Mbps | SE = 0.02823 bit/s/Hz
53632[UE 1 | RB 1] Throughput = 0.97848 Mbps | SE = 0.02564 bit/s/Hz
53742[UE 1 | RB 1] Throughput = 1.09127 Mbps | SE = 0.02860 bit/s/Hz
53843[UE 1 | RB 1] Throughput = 0.83481 Mbps | SE = 0.02188 bit/s/Hz
53952[UE 1 | RB 1] Throughput = 1.20475 Mbps | SE = 0.03157 bit/s/Hz
54053[UE 1 | RB 1] Throughput = 0.95593 Mbps | SE = 0.02505 bit/s/Hz
54163[UE 1 | RB 1] Throughput = 1.41516 Mbps | SE = 0.03708 bit/s/Hz
54273[UE 1 | RB 1] Throughput = 0.65421 Mbps | SE = 0.01714 bit/s/Hz
54373[UE 1 | RB 1] Throughput = 1.55739 Mbps | SE = 0.04081 bit/s/Hz
54483[UE 1 | RB 1] Throughput = 0.76207 Mbps | SE = 0.01997 bit/s/Hz
54593[UE 1 | RB 1] Throughput = 1.30870 Mbps | SE = 0.03430 bit/s/Hz
54693[UE 1 | RB 1] Throughput = 0.71882 Mbps | SE = 0.01884 bit/s/Hz
54803[UE 1 | RB 1] Throughput = 0.97787 Mbps | SE = 0.02563 bit/s/Hz
54912[UE 1 | RB 1] Throughput = 0.98450 Mbps | SE = 0.02580 bit/s/Hz
55023[UE 1 | RB 1] Throughput = 1.30280 Mbps | SE = 0.03414 bit/s/Hz
55132[UE 1 | RB 1] Throughput = 1.20421 Mbps | SE = 0.03156 bit/s/Hz
55233[UE 1 | RB 1] Throughput = 0.71662 Mbps | SE = 0.01878 bit/s/Hz
55333[UE 1 | RB 1] Throughput = 1.06876 Mbps | SE = 0.02801 bit/s/Hz
55442[UE 1 | RB 1] Throughput = 1.31932 Mbps | SE = 0.03457 bit/s/Hz
55552[UE 1 | RB 1] Throughput = 0.87349 Mbps | SE = 0.02289 bit/s/Hz
55653[UE 1 | RB 1] Throughput = 1.42113 Mbps | SE = 0.03724 bit/s/Hz
55762[UE 1 | RB 1] Throughput = 0.65959 Mbps | SE = 0.01728 bit/s/Hz
55863[UE 1 | RB 1] Throughput = 1.67587 Mbps | SE = 0.04392 bit/s/Hz
55972[UE 1 | RB 1] Throughput = 0.65444 Mbps | SE = 0.01715 bit/s/Hz
56082[UE 1 | RB 1] Throughput = 1.30798 Mbps | SE = 0.03428 bit/s/Hz
56183[UE 1 | RB 1] Throughput = 0.71447 Mbps | SE = 0.01872 bit/s/Hz
56293[UE 1 | RB 1] Throughput = 1.30574 Mbps | SE = 0.03422 bit/s/Hz
56402[UE 1 | RB 1] Throughput = 1.31561 Mbps | SE = 0.03448 bit/s/Hz
56503[UE 1 | RB 1] Throughput = 0.71834 Mbps | SE = 0.01882 bit/s/Hz
56603[UE 1 | RB 1] Throughput = 0.95398 Mbps | SE = 0.02500 bit/s/Hz
56713[UE 1 | RB 1] Throughput = 1.31413 Mbps | SE = 0.03444 bit/s/Hz
56813[UE 1 | RB 1] Throughput = 0.71642 Mbps | SE = 0.01877 bit/s/Hz
56923[UE 1 | RB 1] Throughput = 1.63849 Mbps | SE = 0.04294 bit/s/Hz
57023[UE 1 | RB 1] Throughput = 0.83732 Mbps | SE = 0.02194 bit/s/Hz
57133[UE 1 | RB 1] Throughput = 1.19988 Mbps | SE = 0.03144 bit/s/Hz
57233[UE 1 | RB 1] Throughput = 1.19656 Mbps | SE = 0.03136 bit/s/Hz
57342[UE 1 | RB 1] Throughput = 0.65671 Mbps | SE = 0.01721 bit/s/Hz
57442[UE 1 | RB 1] Throughput = 1.43497 Mbps | SE = 0.03760 bit/s/Hz
57552[UE 1 | RB 1] Throughput = 0.65398 Mbps | SE = 0.01714 bit/s/Hz
57653[UE 1 | RB 1] Throughput = 1.43643 Mbps | SE = 0.03764 bit/s/Hz
57762[UE 1 | RB 1] Throughput = 0.87524 Mbps | SE = 0.02294 bit/s/Hz
57862[UE 1 | RB 1] Throughput = 0.71900 Mbps | SE = 0.01884 bit/s/Hz
57962[UE 1 | RB 1] Throughput = 1.31346 Mbps | SE = 0.03442 bit/s/Hz
58062[UE 1 | RB 1] Throughput = 0.83875 Mbps | SE = 0.02198 bit/s/Hz
58173[UE 1 | RB 1] Throughput = 1.41445 Mbps | SE = 0.03707 bit/s/Hz
58273[UE 1 | RB 1] Throughput = 0.83782 Mbps | SE = 0.02196 bit/s/Hz
58383[UE 1 | RB 1] Throughput = 1.31006 Mbps | SE = 0.03433 bit/s/Hz
58492[UE 1 | RB 1] Throughput = 1.30770 Mbps | SE = 0.03427 bit/s/Hz
58602[UE 1 | RB 1] Throughput = 0.65452 Mbps | SE = 0.01715 bit/s/Hz
58702[UE 1 | RB 1] Throughput = 1.31777 Mbps | SE = 0.03453 bit/s/Hz
58803[UE 1 | RB 1] Throughput = 0.71764 Mbps | SE = 0.01881 bit/s/Hz
58913[UE 1 | RB 1] Throughput = 1.19765 Mbps | SE = 0.03138 bit/s/Hz
59023[UE 1 | RB 1] Throughput = 0.87168 Mbps | SE = 0.02284 bit/s/Hz
59132[UE 1 | RB 1] Throughput = 1.31065 Mbps | SE = 0.03435 bit/s/Hz
59243[UE 1 | RB 1] Throughput = 1.30124 Mbps | SE = 0.03410 bit/s/Hz
59353[UE 1 | RB 1] Throughput = 0.65459 Mbps | SE = 0.01715 bit/s/Hz
59463[UE 1 | RB 1] Throughput = 1.30821 Mbps | SE = 0.03428 bit/s/Hz
59573[UE 1 | RB 1] Throughput = 1.19983 Mbps | SE = 0.03144 bit/s/Hz
59682[UE 1 | RB 1] Throughput = 0.76502 Mbps | SE = 0.02005 bit/s/Hz
59783[UE 1 | RB 1] Throughput = 1.43295 Mbps | SE = 0.03755 bit/s/Hz
59883[UE 1 | RB 1] Throughput = 0.71818 Mbps | SE = 0.01882 bit/s/Hz
59983[UE 1 | RB 1] Throughput = 0.95832 Mbps | SE = 0.02511 bit/s/Hz
60092[UE 1 | RB 1] Throughput = 1.31018 Mbps | SE = 0.03433 bit/s/Hz
60202[UE 1 | RB 1] Throughput = 0.76388 Mbps | SE = 0.02002 bit/s/Hz
60302[UE 1 | RB 1] Throughput = 1.31803 Mbps | SE = 0.03454 bit/s/Hz
60412[UE 1 | RB 1] Throughput = 1.30804 Mbps | SE = 0.03428 bit/s/Hz
60512[UE 1 | RB 1] Throughput = 0.71720 Mbps | SE = 0.01879 bit/s/Hz
60613[UE 1 | RB 1] Throughput = 1.31409 Mbps | SE = 0.03444 bit/s/Hz
60723[UE 1 | RB 1] Throughput = 0.76465 Mbps | SE = 0.02004 bit/s/Hz
60823[UE 1 | RB 1] Throughput = 1.43726 Mbps | SE = 0.03766 bit/s/Hz
60923[UE 1 | RB 1] Throughput = 0.95814 Mbps | SE = 0.02511 bit/s/Hz
61023[UE 1 | RB 1] Throughput = 1.19383 Mbps | SE = 0.03128 bit/s/Hz
61132[UE 1 | RB 1] Throughput = 0.87571 Mbps | SE = 0.02295 bit/s/Hz
61233[UE 1 | RB 1] Throughput = 1.43356 Mbps | SE = 0.03757 bit/s/Hz
61343[UE 1 | RB 1] Throughput = 0.65352 Mbps | SE = 0.01713 bit/s/Hz
61453[UE 1 | RB 1] Throughput = 1.41988 Mbps | SE = 0.03721 bit/s/Hz
61562[UE 1 | RB 1] Throughput = 1.19896 Mbps | SE = 0.03142 bit/s/Hz
61663[UE 1 | RB 1] Throughput = 0.71844 Mbps | SE = 0.01883 bit/s/Hz
61763[UE 1 | RB 1] Throughput = 1.30889 Mbps | SE = 0.03430 bit/s/Hz
61873[UE 1 | RB 1] Throughput = 0.65730 Mbps | SE = 0.01722 bit/s/Hz
61983[UE 1 | RB 1] Throughput = 1.19986 Mbps | SE = 0.03144 bit/s/Hz
62092[UE 1 | RB 1] Throughput = 1.30869 Mbps | SE = 0.03429 bit/s/Hz
62203[UE 1 | RB 1] Throughput = 0.65217 Mbps | SE = 0.01709 bit/s/Hz
62313[UE 1 | RB 1] Throughput = 1.30933 Mbps | SE = 0.03431 bit/s/Hz
62413[UE 1 | RB 1] Throughput = 0.83839 Mbps | SE = 0.02197 bit/s/Hz
62522[UE 1 | RB 1] Throughput = 1.20047 Mbps | SE = 0.03146 bit/s/Hz
62632[UE 1 | RB 1] Throughput = 1.30648 Mbps | SE = 0.03424 bit/s/Hz
62733[UE 1 | RB 1] Throughput = 1.19705 Mbps | SE = 0.03137 bit/s/Hz
62843[UE 1 | RB 1] Throughput = 0.76202 Mbps | SE = 0.01997 bit/s/Hz
62952[UE 1 | RB 1] Throughput = 1.30932 Mbps | SE = 0.03431 bit/s/Hz
63062[UE 1 | RB 1] Throughput = 0.65468 Mbps | SE = 0.01716 bit/s/Hz
63172[UE 1 | RB 1] Throughput = 1.30904 Mbps | SE = 0.03430 bit/s/Hz
63282[UE 1 | RB 1] Throughput = 1.19601 Mbps | SE = 0.03134 bit/s/Hz
63392[UE 1 | RB 1] Throughput = 0.87198 Mbps | SE = 0.02285 bit/s/Hz
63492[UE 1 | RB 1] Throughput = 1.07832 Mbps | SE = 0.02826 bit/s/Hz
63592[UE 1 | RB 1] Throughput = 1.31804 Mbps | SE = 0.03454 bit/s/Hz
63693[UE 1 | RB 1] Throughput = 0.71770 Mbps | SE = 0.01881 bit/s/Hz
63793[UE 1 | RB 1] Throughput = 1.31694 Mbps | SE = 0.03451 bit/s/Hz
63902[UE 1 | RB 1] Throughput = 0.65509 Mbps | SE = 0.01717 bit/s/Hz
64003[UE 1 | RB 1] Throughput = 1.43637 Mbps | SE = 0.03764 bit/s/Hz
64103[UE 1 | RB 1] Throughput = 1.31788 Mbps | SE = 0.03454 bit/s/Hz
64213[UE 1 | RB 1] Throughput = 0.87060 Mbps | SE = 0.02281 bit/s/Hz
64322[UE 1 | RB 1] Throughput = 1.20298 Mbps | SE = 0.03152 bit/s/Hz
64423[UE 1 | RB 1] Throughput = 0.83501 Mbps | SE = 0.02188 bit/s/Hz
64523[UE 1 | RB 1] Throughput = 1.31746 Mbps | SE = 0.03452 bit/s/Hz
64632[UE 1 | RB 1] Throughput = 0.76508 Mbps | SE = 0.02005 bit/s/Hz
64733[UE 1 | RB 1] Throughput = 1.31569 Mbps | SE = 0.03448 bit/s/Hz
64843[UE 1 | RB 1] Throughput = 0.76161 Mbps | SE = 0.01996 bit/s/Hz
64953[UE 1 | RB 1] Throughput = 1.19965 Mbps | SE = 0.03144 bit/s/Hz
65062[UE 1 | RB 1] Throughput = 1.20095 Mbps | SE = 0.03147 bit/s/Hz
65172[UE 1 | RB 1] Throughput = 0.98267 Mbps | SE = 0.02575 bit/s/Hz
65272[UE 1 | RB 1] Throughput = 1.07593 Mbps | SE = 0.02820 bit/s/Hz
65382[UE 1 | RB 1] Throughput = 0.87321 Mbps | SE = 0.02288 bit/s/Hz
65483[UE 1 | RB 1] Throughput = 1.19187 Mbps | SE = 0.03123 bit/s/Hz
65592[UE 1 | RB 1] Throughput = 1.20386 Mbps | SE = 0.03155 bit/s/Hz
65692[UE 1 | RB 1] Throughput = 1.07674 Mbps | SE = 0.02822 bit/s/Hz
65793[UE 1 | RB 1] Throughput = 0.83834 Mbps | SE = 0.02197 bit/s/Hz
65893[UE 1 | RB 1] Throughput = 1.31380 Mbps | SE = 0.03443 bit/s/Hz
66003[UE 1 | RB 1] Throughput = 0.65349 Mbps | SE = 0.01712 bit/s/Hz
66112[UE 1 | RB 1] Throughput = 1.53188 Mbps | SE = 0.04014 bit/s/Hz
66223[UE 1 | RB 1] Throughput = 0.65172 Mbps | SE = 0.01708 bit/s/Hz
66333[UE 1 | RB 1] Throughput = 1.09089 Mbps | SE = 0.02859 bit/s/Hz
66433[UE 1 | RB 1] Throughput = 0.95612 Mbps | SE = 0.02506 bit/s/Hz
66543[UE 1 | RB 1] Throughput = 1.74864 Mbps | SE = 0.04582 bit/s/Hz
66653[UE 1 | RB 1] Throughput = 0.65184 Mbps | SE = 0.01708 bit/s/Hz
66762[UE 1 | RB 1] Throughput = 1.31203 Mbps | SE = 0.03438 bit/s/Hz
66863[UE 1 | RB 1] Throughput = 0.71800 Mbps | SE = 0.01882 bit/s/Hz
66973[UE 1 | RB 1] Throughput = 1.30423 Mbps | SE = 0.03418 bit/s/Hz
67083[UE 1 | RB 1] Throughput = 1.19962 Mbps | SE = 0.03144 bit/s/Hz
67193[UE 1 | RB 1] Throughput = 1.09079 Mbps | SE = 0.02858 bit/s/Hz
67303[UE 1 | RB 1] Throughput = 0.76309 Mbps | SE = 0.02000 bit/s/Hz
67403[UE 1 | RB 1] Throughput = 0.71793 Mbps | SE = 0.01881 bit/s/Hz
67503[UE 1 | RB 1] Throughput = 1.79151 Mbps | SE = 0.04695 bit/s/Hz
67612[UE 1 | RB 1] Throughput = 0.65687 Mbps | SE = 0.01721 bit/s/Hz
67722[UE 1 | RB 1] Throughput = 1.19857 Mbps | SE = 0.03141 bit/s/Hz
67823[UE 1 | RB 1] Throughput = 0.83592 Mbps | SE = 0.02191 bit/s/Hz
67932[UE 1 | RB 1] Throughput = 1.20319 Mbps | SE = 0.03153 bit/s/Hz
68042[UE 1 | RB 1] Throughput = 1.30617 Mbps | SE = 0.03423 bit/s/Hz
68143[UE 1 | RB 1] Throughput = 1.19576 Mbps | SE = 0.03134 bit/s/Hz
68252[UE 1 | RB 1] Throughput = 0.65602 Mbps | SE = 0.01719 bit/s/Hz
68353[UE 1 | RB 1] Throughput = 1.43349 Mbps | SE = 0.03757 bit/s/Hz
68453[UE 1 | RB 1] Throughput = 0.71840 Mbps | SE = 0.01883 bit/s/Hz
68563[UE 1 | RB 1] Throughput = 1.30844 Mbps | SE = 0.03429 bit/s/Hz
68673[UE 1 | RB 1] Throughput = 1.19750 Mbps | SE = 0.03138 bit/s/Hz
68783[UE 1 | RB 1] Throughput = 0.76226 Mbps | SE = 0.01998 bit/s/Hz
68883[UE 1 | RB 1] Throughput = 0.95674 Mbps | SE = 0.02507 bit/s/Hz
68993[UE 1 | RB 1] Throughput = 1.42024 Mbps | SE = 0.03722 bit/s/Hz
69093[UE 1 | RB 1] Throughput = 0.71892 Mbps | SE = 0.01884 bit/s/Hz
69203[UE 1 | RB 1] Throughput = 1.30949 Mbps | SE = 0.03432 bit/s/Hz
69313[UE 1 | RB 1] Throughput = 0.97939 Mbps | SE = 0.02567 bit/s/Hz
69413[UE 1 | RB 1] Throughput = 0.83857 Mbps | SE = 0.02198 bit/s/Hz
69522[UE 1 | RB 1] Throughput = 1.30985 Mbps | SE = 0.03433 bit/s/Hz
69623[UE 1 | RB 1] Throughput = 1.31457 Mbps | SE = 0.03445 bit/s/Hz
69733[UE 1 | RB 1] Throughput = 0.76270 Mbps | SE = 0.01999 bit/s/Hz
69833[UE 1 | RB 1] Throughput = 1.43750 Mbps | SE = 0.03767 bit/s/Hz
69943[UE 1 | RB 1] Throughput = 0.76296 Mbps | SE = 0.01999 bit/s/Hz
70053[UE 1 | RB 1] Throughput = 1.19543 Mbps | SE = 0.03133 bit/s/Hz
70163[UE 1 | RB 1] Throughput = 0.76454 Mbps | SE = 0.02004 bit/s/Hz
70273[UE 1 | RB 1] Throughput = 1.30559 Mbps | SE = 0.03421 bit/s/Hz
70383[UE 1 | RB 1] Throughput = 1.19894 Mbps | SE = 0.03142 bit/s/Hz
70483[UE 1 | RB 1] Throughput = 0.71895 Mbps | SE = 0.01884 bit/s/Hz
70592[UE 1 | RB 1] Throughput = 1.42164 Mbps | SE = 0.03725 bit/s/Hz
70693[UE 1 | RB 1] Throughput = 0.71753 Mbps | SE = 0.01880 bit/s/Hz
70803[UE 1 | RB 1] Throughput = 1.19820 Mbps | SE = 0.03140 bit/s/Hz
70903[UE 1 | RB 1] Throughput = 1.31139 Mbps | SE = 0.03437 bit/s/Hz
71013[UE 1 | RB 1] Throughput = 0.65668 Mbps | SE = 0.01721 bit/s/Hz
71113[UE 1 | RB 1] Throughput = 1.31734 Mbps | SE = 0.03452 bit/s/Hz
71213[UE 1 | RB 1] Throughput = 0.83696 Mbps | SE = 0.02193 bit/s/Hz
71323[UE 1 | RB 1] Throughput = 1.19874 Mbps | SE = 0.03141 bit/s/Hz
71433[UE 1 | RB 1] Throughput = 1.30798 Mbps | SE = 0.03428 bit/s/Hz
71543[UE 1 | RB 1] Throughput = 0.76348 Mbps | SE = 0.02001 bit/s/Hz
71652[UE 1 | RB 1] Throughput = 1.20207 Mbps | SE = 0.03150 bit/s/Hz
71753[UE 1 | RB 1] Throughput = 1.31406 Mbps | SE = 0.03444 bit/s/Hz
71853[UE 1 | RB 1] Throughput = 0.71364 Mbps | SE = 0.01870 bit/s/Hz
71963[UE 1 | RB 1] Throughput = 1.20529 Mbps | SE = 0.03159 bit/s/Hz
72072[UE 1 | RB 1] Throughput = 1.09311 Mbps | SE = 0.02865 bit/s/Hz
72182[UE 1 | RB 1] Throughput = 1.09157 Mbps | SE = 0.02861 bit/s/Hz
72283[UE 1 | RB 1] Throughput = 1.19498 Mbps | SE = 0.03132 bit/s/Hz
72392[UE 1 | RB 1] Throughput = 0.76342 Mbps | SE = 0.02001 bit/s/Hz
72493[UE 1 | RB 1] Throughput = 1.19778 Mbps | SE = 0.03139 bit/s/Hz
72595[UE 1 | RB 1] Throughput = 0.81579 Mbps | SE = 0.02138 bit/s/Hz
72703[UE 1 | RB 1] Throughput = 1.33818 Mbps | SE = 0.03507 bit/s/Hz
72813[UE 1 | RB 1] Throughput = 0.87167 Mbps | SE = 0.02284 bit/s/Hz
72913[UE 1 | RB 1] Throughput = 1.43682 Mbps | SE = 0.03765 bit/s/Hz
73023[UE 1 | RB 1] Throughput = 0.76391 Mbps | SE = 0.02002 bit/s/Hz
73123[UE 1 | RB 1] Throughput = 1.43789 Mbps | SE = 0.03768 bit/s/Hz
73223[UE 1 | RB 1] Throughput = 0.71802 Mbps | SE = 0.01882 bit/s/Hz
73333[UE 1 | RB 1] Throughput = 1.41732 Mbps | SE = 0.03714 bit/s/Hz
73443[UE 1 | RB 1] Throughput = 0.54388 Mbps | SE = 0.01425 bit/s/Hz
73553[UE 1 | RB 1] Throughput = 1.31210 Mbps | SE = 0.03438 bit/s/Hz
73653[UE 1 | RB 1] Throughput = 1.31748 Mbps | SE = 0.03453 bit/s/Hz
73753[UE 1 | RB 1] Throughput = 0.71712 Mbps | SE = 0.01879 bit/s/Hz
73863[UE 1 | RB 1] Throughput = 1.30732 Mbps | SE = 0.03426 bit/s/Hz
73973[UE 1 | RB 1] Throughput = 1.19878 Mbps | SE = 0.03141 bit/s/Hz
74082[UE 1 | RB 1] Throughput = 0.87444 Mbps | SE = 0.02292 bit/s/Hz
74183[UE 1 | RB 1] Throughput = 0.95457 Mbps | SE = 0.02501 bit/s/Hz
74293[UE 1 | RB 1] Throughput = 1.20187 Mbps | SE = 0.03150 bit/s/Hz
74403[UE 1 | RB 1] Throughput = 0.65393 Mbps | SE = 0.01714 bit/s/Hz
74512[UE 1 | RB 1] Throughput = 1.19948 Mbps | SE = 0.03143 bit/s/Hz
74613[UE 1 | RB 1] Throughput = 1.31405 Mbps | SE = 0.03444 bit/s/Hz
74713[UE 1 | RB 1] Throughput = 0.71781 Mbps | SE = 0.01881 bit/s/Hz
74823[UE 1 | RB 1] Throughput = 1.19905 Mbps | SE = 0.03142 bit/s/Hz
74933[UE 1 | RB 1] Throughput = 1.20151 Mbps | SE = 0.03149 bit/s/Hz
75043[UE 1 | RB 1] Throughput = 1.30599 Mbps | SE = 0.03422 bit/s/Hz
75152[UE 1 | RB 1] Throughput = 0.65571 Mbps | SE = 0.01718 bit/s/Hz
75252[UE 1 | RB 1] Throughput = 1.43736 Mbps | SE = 0.03767 bit/s/Hz
75353[UE 1 | RB 1] Throughput = 0.71701 Mbps | SE = 0.01879 bit/s/Hz
75453[UE 1 | RB 1] Throughput = 1.43591 Mbps | SE = 0.03763 bit/s/Hz
75563[UE 1 | RB 1] Throughput = 0.65376 Mbps | SE = 0.01713 bit/s/Hz
75663[UE 1 | RB 1] Throughput = 1.43643 Mbps | SE = 0.03764 bit/s/Hz
75773[UE 1 | RB 1] Throughput = 1.20113 Mbps | SE = 0.03148 bit/s/Hz
75883[UE 1 | RB 1] Throughput = 0.86951 Mbps | SE = 0.02279 bit/s/Hz
75993[UE 1 | RB 1] Throughput = 1.08914 Mbps | SE = 0.02854 bit/s/Hz
76102[UE 1 | RB 1] Throughput = 0.98493 Mbps | SE = 0.02581 bit/s/Hz
76203[UE 1 | RB 1] Throughput = 0.95442 Mbps | SE = 0.02501 bit/s/Hz
76303[UE 1 | RB 1] Throughput = 1.31343 Mbps | SE = 0.03442 bit/s/Hz
76413[UE 1 | RB 1] Throughput = 1.20337 Mbps | SE = 0.03153 bit/s/Hz
76523[UE 1 | RB 1] Throughput = 0.76114 Mbps | SE = 0.01995 bit/s/Hz
76633[UE 1 | RB 1] Throughput = 1.42254 Mbps | SE = 0.03728 bit/s/Hz
76733[UE 1 | RB 1] Throughput = 0.71892 Mbps | SE = 0.01884 bit/s/Hz
76833[UE 1 | RB 1] Throughput = 1.43640 Mbps | SE = 0.03764 bit/s/Hz
76933[UE 1 | RB 1] Throughput = 0.59873 Mbps | SE = 0.01569 bit/s/Hz
77043[UE 1 | RB 1] Throughput = 1.30693 Mbps | SE = 0.03425 bit/s/Hz
77143[UE 1 | RB 1] Throughput = 0.71769 Mbps | SE = 0.01881 bit/s/Hz
77253[UE 1 | RB 1] Throughput = 1.31047 Mbps | SE = 0.03434 bit/s/Hz
77364[UE 1 | RB 1] Throughput = 1.19033 Mbps | SE = 0.03119 bit/s/Hz
77473[UE 1 | RB 1] Throughput = 1.09841 Mbps | SE = 0.02878 bit/s/Hz
77573[UE 1 | RB 1] Throughput = 0.71740 Mbps | SE = 0.01880 bit/s/Hz
77683[UE 1 | RB 1] Throughput = 1.19697 Mbps | SE = 0.03137 bit/s/Hz
77783[UE 1 | RB 1] Throughput = 1.31770 Mbps | SE = 0.03453 bit/s/Hz
77893[UE 1 | RB 1] Throughput = 0.54709 Mbps | SE = 0.01434 bit/s/Hz
77993[UE 1 | RB 1] Throughput = 1.43555 Mbps | SE = 0.03762 bit/s/Hz
78093[UE 1 | RB 1] Throughput = 0.71697 Mbps | SE = 0.01879 bit/s/Hz
78203[UE 1 | RB 1] Throughput = 0.87135 Mbps | SE = 0.02283 bit/s/Hz
78313[UE 1 | RB 1] Throughput = 1.52846 Mbps | SE = 0.04005 bit/s/Hz
78423[UE 1 | RB 1] Throughput = 1.30436 Mbps | SE = 0.03418 bit/s/Hz
78523[UE 1 | RB 1] Throughput = 0.59735 Mbps | SE = 0.01565 bit/s/Hz
78633[UE 1 | RB 1] Throughput = 1.20291 Mbps | SE = 0.03152 bit/s/Hz
78733[UE 1 | RB 1] Throughput = 1.43424 Mbps | SE = 0.03758 bit/s/Hz
78843[UE 1 | RB 1] Throughput = 0.65578 Mbps | SE = 0.01719 bit/s/Hz
78943[UE 1 | RB 1] Throughput = 1.43740 Mbps | SE = 0.03767 bit/s/Hz
79053[UE 1 | RB 1] Throughput = 0.87362 Mbps | SE = 0.02289 bit/s/Hz
79153[UE 1 | RB 1] Throughput = 1.42916 Mbps | SE = 0.03745 bit/s/Hz
79263[UE 1 | RB 1] Throughput = 0.76464 Mbps | SE = 0.02004 bit/s/Hz
79373[UE 1 | RB 1] Throughput = 1.30939 Mbps | SE = 0.03431 bit/s/Hz
79483[UE 1 | RB 1] Throughput = 1.08759 Mbps | SE = 0.02850 bit/s/Hz
79593[UE 1 | RB 1] Throughput = 0.65468 Mbps | SE = 0.01716 bit/s/Hz
79693[UE 1 | RB 1] Throughput = 1.43799 Mbps | SE = 0.03768 bit/s/Hz
79803[UE 1 | RB 1] Throughput = 0.65206 Mbps | SE = 0.01709 bit/s/Hz
79913[UE 1 | RB 1] Throughput = 1.52884 Mbps | SE = 0.04006 bit/s/Hz
80013[UE 1 | RB 1] Throughput = 0.71821 Mbps | SE = 0.01882 bit/s/Hz
80113[UE 1 | RB 1] Throughput = 0.83764 Mbps | SE = 0.02195 bit/s/Hz
80223[UE 1 | RB 1] Throughput = 1.20287 Mbps | SE = 0.03152 bit/s/Hz
80323[UE 1 | RB 1] Throughput = 0.95521 Mbps | SE = 0.02503 bit/s/Hz
80433[UE 1 | RB 1] Throughput = 1.30970 Mbps | SE = 0.03432 bit/s/Hz
80543[UE 1 | RB 1] Throughput = 1.08899 Mbps | SE = 0.02854 bit/s/Hz
80643[UE 1 | RB 1] Throughput = 1.31377 Mbps | SE = 0.03443 bit/s/Hz
80753[UE 1 | RB 1] Throughput = 0.54642 Mbps | SE = 0.01432 bit/s/Hz
80863[UE 1 | RB 1] Throughput = 1.52611 Mbps | SE = 0.03999 bit/s/Hz
80963[UE 1 | RB 1] Throughput = 0.71742 Mbps | SE = 0.01880 bit/s/Hz
81073[UE 1 | RB 1] Throughput = 1.41984 Mbps | SE = 0.03721 bit/s/Hz
81173[UE 1 | RB 1] Throughput = 0.71824 Mbps | SE = 0.01882 bit/s/Hz
81283[UE 1 | RB 1] Throughput = 1.19772 Mbps | SE = 0.03139 bit/s/Hz
81383[UE 1 | RB 1] Throughput = 1.43703 Mbps | SE = 0.03766 bit/s/Hz
81493[UE 1 | RB 1] Throughput = 0.65488 Mbps | SE = 0.01716 bit/s/Hz
81603[UE 1 | RB 1] Throughput = 1.30927 Mbps | SE = 0.03431 bit/s/Hz
81712[UE 1 | RB 1] Throughput = 0.65484 Mbps | SE = 0.01716 bit/s/Hz
81813[UE 1 | RB 1] Throughput = 1.43534 Mbps | SE = 0.03761 bit/s/Hz
81923[UE 1 | RB 1] Throughput = 1.08845 Mbps | SE = 0.02852 bit/s/Hz
82023[UE 1 | RB 1] Throughput = 0.83365 Mbps | SE = 0.02185 bit/s/Hz
82123[UE 1 | RB 1] Throughput = 1.43705 Mbps | SE = 0.03766 bit/s/Hz
82234[UE 1 | RB 1] Throughput = 0.98006 Mbps | SE = 0.02568 bit/s/Hz
82343[UE 1 | RB 1] Throughput = 1.09650 Mbps | SE = 0.02873 bit/s/Hz
82443[UE 1 | RB 1] Throughput = 0.83793 Mbps | SE = 0.02196 bit/s/Hz
82553[UE 1 | RB 1] Throughput = 1.20068 Mbps | SE = 0.03146 bit/s/Hz
82663[UE 1 | RB 1] Throughput = 1.09158 Mbps | SE = 0.02861 bit/s/Hz
82763[UE 1 | RB 1] Throughput = 0.95584 Mbps | SE = 0.02505 bit/s/Hz
82873[UE 1 | RB 1] Throughput = 1.30811 Mbps | SE = 0.03428 bit/s/Hz
82983[UE 1 | RB 1] Throughput = 0.65412 Mbps | SE = 0.01714 bit/s/Hz
83083[UE 1 | RB 1] Throughput = 1.43309 Mbps | SE = 0.03755 bit/s/Hz
83193[UE 1 | RB 1] Throughput = 1.09413 Mbps | SE = 0.02867 bit/s/Hz
83293[UE 1 | RB 1] Throughput = 0.71798 Mbps | SE = 0.01881 bit/s/Hz
83393[UE 1 | RB 1] Throughput = 1.31130 Mbps | SE = 0.03436 bit/s/Hz
83503[UE 1 | RB 1] Throughput = 0.65614 Mbps | SE = 0.01719 bit/s/Hz
83613[UE 1 | RB 1] Throughput = 1.63752 Mbps | SE = 0.04291 bit/s/Hz
83713[UE 1 | RB 1] Throughput = 0.71858 Mbps | SE = 0.01883 bit/s/Hz
83813[UE 1 | RB 1] Throughput = 1.31579 Mbps | SE = 0.03448 bit/s/Hz
83923[UE 1 | RB 1] Throughput = 1.08907 Mbps | SE = 0.02854 bit/s/Hz
84023[UE 1 | RB 1] Throughput = 0.95774 Mbps | SE = 0.02510 bit/s/Hz
84133[UE 1 | RB 1] Throughput = 0.98234 Mbps | SE = 0.02574 bit/s/Hz
84243[UE 1 | RB 1] Throughput = 0.97800 Mbps | SE = 0.02563 bit/s/Hz
84353[UE 1 | RB 1] Throughput = 1.31013 Mbps | SE = 0.03433 bit/s/Hz
84453[UE 1 | RB 1] Throughput = 0.95835 Mbps | SE = 0.02511 bit/s/Hz
84563[UE 1 | RB 1] Throughput = 1.08914 Mbps | SE = 0.02854 bit/s/Hz
84663[UE 1 | RB 1] Throughput = 1.19573 Mbps | SE = 0.03133 bit/s/Hz
84773[UE 1 | RB 1] Throughput = 0.98406 Mbps | SE = 0.02579 bit/s/Hz
84873[UE 1 | RB 1] Throughput = 0.71628 Mbps | SE = 0.01877 bit/s/Hz
84983[UE 1 | RB 1] Throughput = 1.31045 Mbps | SE = 0.03434 bit/s/Hz
85083[UE 1 | RB 1] Throughput = 1.31278 Mbps | SE = 0.03440 bit/s/Hz
85193[UE 1 | RB 1] Throughput = 0.98673 Mbps | SE = 0.02586 bit/s/Hz
85293[UE 1 | RB 1] Throughput = 0.95692 Mbps | SE = 0.02508 bit/s/Hz
85393[UE 1 | RB 1] Throughput = 1.19742 Mbps | SE = 0.03138 bit/s/Hz
85503[UE 1 | RB 1] Throughput = 1.09049 Mbps | SE = 0.02858 bit/s/Hz
85603[UE 1 | RB 1] Throughput = 0.59783 Mbps | SE = 0.01567 bit/s/Hz
85703[UE 1 | RB 1] Throughput = 1.43482 Mbps | SE = 0.03760 bit/s/Hz
85813[UE 1 | RB 1] Throughput = 1.09316 Mbps | SE = 0.02865 bit/s/Hz
85923[UE 1 | RB 1] Throughput = 1.19573 Mbps | SE = 0.03133 bit/s/Hz
86033[UE 1 | RB 1] Throughput = 0.76599 Mbps | SE = 0.02007 bit/s/Hz
86133[UE 1 | RB 1] Throughput = 1.42831 Mbps | SE = 0.03743 bit/s/Hz
86243[UE 1 | RB 1] Throughput = 0.65449 Mbps | SE = 0.01715 bit/s/Hz
86343[UE 1 | RB 1] Throughput = 0.95639 Mbps | SE = 0.02506 bit/s/Hz
86453[UE 1 | RB 1] Throughput = 1.53343 Mbps | SE = 0.04018 bit/s/Hz
86553[UE 1 | RB 1] Throughput = 0.59806 Mbps | SE = 0.01567 bit/s/Hz
86654[UE 1 | RB 1] Throughput = 1.30840 Mbps | SE = 0.03429 bit/s/Hz
86763[UE 1 | RB 1] Throughput = 1.20932 Mbps | SE = 0.03169 bit/s/Hz
86873[UE 1 | RB 1] Throughput = 0.98090 Mbps | SE = 0.02570 bit/s/Hz
86973[UE 1 | RB 1] Throughput = 1.07387 Mbps | SE = 0.02814 bit/s/Hz
87083[UE 1 | RB 1] Throughput = 1.31184 Mbps | SE = 0.03438 bit/s/Hz
87183[UE 1 | RB 1] Throughput = 0.71764 Mbps | SE = 0.01881 bit/s/Hz
87283[UE 1 | RB 1] Throughput = 1.31728 Mbps | SE = 0.03452 bit/s/Hz
87393[UE 1 | RB 1] Throughput = 0.65371 Mbps | SE = 0.01713 bit/s/Hz
87503[UE 1 | RB 1] Throughput = 1.42198 Mbps | SE = 0.03726 bit/s/Hz
87603[UE 1 | RB 1] Throughput = 0.71779 Mbps | SE = 0.01881 bit/s/Hz
87713[UE 1 | RB 1] Throughput = 1.20101 Mbps | SE = 0.03147 bit/s/Hz
87813[UE 1 | RB 1] Throughput = 1.43487 Mbps | SE = 0.03760 bit/s/Hz
87913[UE 1 | RB 1] Throughput = 0.59902 Mbps | SE = 0.01570 bit/s/Hz
88013[UE 1 | RB 1] Throughput = 0.71524 Mbps | SE = 0.01874 bit/s/Hz
88123[UE 1 | RB 1] Throughput = 1.64052 Mbps | SE = 0.04299 bit/s/Hz
88233[UE 1 | RB 1] Throughput = 1.20021 Mbps | SE = 0.03145 bit/s/Hz
88333[UE 1 | RB 1] Throughput = 0.83494 Mbps | SE = 0.02188 bit/s/Hz
88443[UE 1 | RB 1] Throughput = 1.31257 Mbps | SE = 0.03440 bit/s/Hz
88543[UE 1 | RB 1] Throughput = 0.71768 Mbps | SE = 0.01881 bit/s/Hz
88643[UE 1 | RB 1] Throughput = 1.43624 Mbps | SE = 0.03764 bit/s/Hz
88753[UE 1 | RB 1] Throughput = 0.65599 Mbps | SE = 0.01719 bit/s/Hz
88853[UE 1 | RB 1] Throughput = 1.19432 Mbps | SE = 0.03130 bit/s/Hz
88963[UE 1 | RB 1] Throughput = 1.30680 Mbps | SE = 0.03425 bit/s/Hz
89073[UE 1 | RB 1] Throughput = 0.65443 Mbps | SE = 0.01715 bit/s/Hz
89173[UE 1 | RB 1] Throughput = 1.43761 Mbps | SE = 0.03767 bit/s/Hz
89283[UE 1 | RB 1] Throughput = 1.19936 Mbps | SE = 0.03143 bit/s/Hz
89393[UE 1 | RB 1] Throughput = 0.54509 Mbps | SE = 0.01428 bit/s/Hz
89493[UE 1 | RB 1] Throughput = 1.31723 Mbps | SE = 0.03452 bit/s/Hz
89603[UE 1 | RB 1] Throughput = 1.30881 Mbps | SE = 0.03430 bit/s/Hz
89713[UE 1 | RB 1] Throughput = 0.65233 Mbps | SE = 0.01709 bit/s/Hz
89823[UE 1 | RB 1] Throughput = 1.30497 Mbps | SE = 0.03420 bit/s/Hz
89933[UE 1 | RB 1] Throughput = 1.19703 Mbps | SE = 0.03137 bit/s/Hz
[xApp]: E42 RIC_SUBSCRIPTION_DELETE_REQUEST tx RAN_FUNC_ID 144 RIC_REQ_ID 1 
[xApp]: E42 SUBSCRIPTION DELETE RESPONSE rx
[xApp]: E42 RIC_SUBSCRIPTION_DELETE_REQUEST tx RAN_FUNC_ID 144 RIC_REQ_ID 2 
[xApp]: E42 SUBSCRIPTION DELETE RESPONSE rx
[xApp]: E42 RIC_SUBSCRIPTION_DELETE_REQUEST tx RAN_FUNC_ID 144 RIC_REQ_ID 3 
[xApp]: E42 SUBSCRIPTION DELETE RESPONSE rx
[xApp]: E42 RIC_SUBSCRIPTION_DELETE_REQUEST tx RAN_FUNC_ID 144 RIC_REQ_ID 4 
[xApp]: E42 SUBSCRIPTION DELETE RESPONSE rx
[xApp]: Sucessfully stopped 
Test xApp run SUCCESSFULLY
