[UTIL]: Setting the config -c file to /usr/local/etc/flexric/flexric.conf
[UTIL]: Setting path -p for the shared libraries to /usr/local/lib/flexric/
[xAapp]: Initializing ... 
[xApp]: nearRT-RIC IP Address = 192.168.70.150, PORT = 36422
[E2 AGENT]: Opening plugin from path = /usr/local/lib/flexric/libkpm_sm.so 
[E2 AGENT]: Opening plugin from path = /usr/local/lib/flexric/libmac_sm.so 
[E2 AGENT]: Opening plugin from path = /usr/local/lib/flexric/libpdcp_sm.so 
[E2 AGENT]: Opening plugin from path = /usr/local/lib/flexric/libgtp_sm.so 
[E2 AGENT]: Opening plugin from path = /usr/local/lib/flexric/librc_sm.so 
[E2 AGENT]: Opening plugin from path = /usr/local/lib/flexric/libtc_sm.so 
[E2 AGENT]: Opening plugin from path = /usr/local/lib/flexric/librlc_sm.so 
[E2 AGENT]: Opening plugin from path = /usr/local/lib/flexric/libslice_sm.so 
[NEAR-RIC]: Loading SM ID = 2 with def = ORAN-E2SM-KPM 
[NEAR-RIC]: Loading SM ID = 142 with def = MAC_STATS_V0 
[NEAR-RIC]: Loading SM ID = 144 with def = PDCP_STATS_V0 
[NEAR-RIC]: Loading SM ID = 148 with def = GTP_STATS_V0 
[NEAR-RIC]: Loading SM ID = 3 with def = ORAN-E2SM-RC 
[NEAR-RIC]: Loading SM ID = 146 with def = TC_STATS_V0 
[NEAR-RIC]: Loading SM ID = 143 with def = RLC_STATS_V0 
[NEAR-RIC]: Loading SM ID = 145 with def = SLICE_STATS_V0 
[xApp]: DB filename = /tmp/flexric/xapp_db 
 [xApp]: E42 SETUP-REQUEST tx
[xApp]: E42 SETUP-RESPONSE rx 
[xApp]: xApp ID = 86 
[xApp]: Registered E2 Nodes = 4 
Connected E2 nodes = 4
[xAPP] Registered node 0 ran func id = 2 
 [xAPP] Registered node 0 ran func id = 3 
 [xAPP] Registered node 0 ran func id = 142 
 [xAPP] Registered node 0 ran func id = 143 
 [xAPP] Registered node 0 ran func id = 144 
 [xAPP] Registered node 0 ran func id = 145 
 [xAPP] Registered node 0 ran func id = 146 
 [xAPP] Registered node 0 ran func id = 148 
 [xApp]: E42 RIC SUBSCRIPTION REQUEST tx RAN_FUNC_ID 144 RIC_REQ_ID 1 
[xApp]: SUBSCRIPTION RESPONSE rx
[xApp]: Successfully subscribed to RAN_FUNC_ID 144 
[xAPP] Registered node 1 ran func id = 2 
 [xAPP] Registered node 1 ran func id = 3 
 [xAPP] Registered node 1 ran func id = 142 
 [xAPP] Registered node 1 ran func id = 143 
 [xAPP] Registered node 1 ran func id = 144 
 [xAPP] Registered node 1 ran func id = 145 
 [xAPP] Registered node 1 ran func id = 146 
 [xAPP] Registered node 1 ran func id = 148 
 [xApp]: E42 RIC SUBSCRIPTION REQUEST tx RAN_FUNC_ID 144 RIC_REQ_ID 2 
[xApp]: SUBSCRIPTION RESPONSE rx
[xApp]: Successfully subscribed to RAN_FUNC_ID 144 
[xAPP] Registered node 2 ran func id = 2 
 [xAPP] Registered node 2 ran func id = 3 
 [xAPP] Registered node 2 ran func id = 142 
 [xAPP] Registered node 2 ran func id = 143 
 [xAPP] Registered node 2 ran func id = 144 
 [xAPP] Registered node 2 ran func id = 145 
 [xAPP] Registered node 2 ran func id = 146 
 [xAPP] Registered node 2 ran func id = 148 
 [xApp]: E42 RIC SUBSCRIPTION REQUEST tx RAN_FUNC_ID 144 RIC_REQ_ID 3 
[xApp]: SUBSCRIPTION RESPONSE rx
[xApp]: Successfully subscribed to RAN_FUNC_ID 144 
[xAPP] Registered node 3 ran func id = 2 
 [xAPP] Registered node 3 ran func id = 3 
 [xAPP] Registered node 3 ran func id = 142 
 [xAPP] Registered node 3 ran func id = 143 
 [xAPP] Registered node 3 ran func id = 144 
 [xAPP] Registered node 3 ran func id = 145 
 [xAPP] Registered node 3 ran func id = 146 
 [xAPP] Registered node 3 ran func id = 148 
 [xApp]: E42 RIC SUBSCRIPTION REQUEST tx RAN_FUNC_ID 144 RIC_REQ_ID 4 
[xApp]: SUBSCRIPTION RESPONSE rx
[xApp]: Successfully subscribed to RAN_FUNC_ID 144 
122[UE 1 | RB 1] Throughput = 1.30786 Mbps | SE = 0.03427 bit/s/Hz
232[UE 1 | RB 1] Throughput = 1.19761 Mbps | SE = 0.03138 bit/s/Hz
342[UE 1 | RB 1] Throughput = 0.76408 Mbps | SE = 0.02002 bit/s/Hz
443[UE 1 | RB 1] Throughput = 1.42602 Mbps | SE = 0.03737 bit/s/Hz
552[UE 1 | RB 1] Throughput = 0.65849 Mbps | SE = 0.01726 bit/s/Hz
652[UE 1 | RB 1] Throughput = 1.43628 Mbps | SE = 0.03764 bit/s/Hz
762[UE 1 | RB 1] Throughput = 1.19734 Mbps | SE = 0.03138 bit/s/Hz
872[UE 1 | RB 1] Throughput = 0.76498 Mbps | SE = 0.02005 bit/s/Hz
973[UE 1 | RB 1] Throughput = 1.42107 Mbps | SE = 0.03724 bit/s/Hz
1082[UE 1 | RB 1] Throughput = 0.65992 Mbps | SE = 0.01729 bit/s/Hz
1192[UE 1 | RB 1] Throughput = 1.08731 Mbps | SE = 0.02849 bit/s/Hz
1293[UE 1 | RB 1] Throughput = 1.31574 Mbps | SE = 0.03448 bit/s/Hz
1402[UE 1 | RB 1] Throughput = 0.87419 Mbps | SE = 0.02291 bit/s/Hz
1503[UE 1 | RB 1] Throughput = 1.43471 Mbps | SE = 0.03760 bit/s/Hz
1603[UE 1 | RB 1] Throughput = 0.71536 Mbps | SE = 0.01875 bit/s/Hz
1712[UE 1 | RB 1] Throughput = 1.20815 Mbps | SE = 0.03166 bit/s/Hz
1813[UE 1 | RB 1] Throughput = 0.71628 Mbps | SE = 0.01877 bit/s/Hz
1913[UE 1 | RB 1] Throughput = 1.43469 Mbps | SE = 0.03760 bit/s/Hz
2022[UE 1 | RB 1] Throughput = 0.65738 Mbps | SE = 0.01723 bit/s/Hz
2122[UE 1 | RB 1] Throughput = 1.55445 Mbps | SE = 0.04074 bit/s/Hz
2232[UE 1 | RB 1] Throughput = 0.87329 Mbps | SE = 0.02288 bit/s/Hz
2332[UE 1 | RB 1] Throughput = 1.31623 Mbps | SE = 0.03449 bit/s/Hz
2434[UE 1 | RB 1] Throughput = 0.94153 Mbps | SE = 0.02467 bit/s/Hz
2543[UE 1 | RB 1] Throughput = 0.88422 Mbps | SE = 0.02317 bit/s/Hz
2652[UE 1 | RB 1] Throughput = 1.31165 Mbps | SE = 0.03437 bit/s/Hz
2753[UE 1 | RB 1] Throughput = 0.83162 Mbps | SE = 0.02179 bit/s/Hz
2862[UE 1 | RB 1] Throughput = 1.42977 Mbps | SE = 0.03747 bit/s/Hz
2962[UE 1 | RB 1] Throughput = 0.71899 Mbps | SE = 0.01884 bit/s/Hz
3062[UE 1 | RB 1] Throughput = 1.43521 Mbps | SE = 0.03761 bit/s/Hz
3173[UE 1 | RB 1] Throughput = 0.65041 Mbps | SE = 0.01704 bit/s/Hz
3282[UE 1 | RB 1] Throughput = 1.42098 Mbps | SE = 0.03724 bit/s/Hz
3392[UE 1 | RB 1] Throughput = 0.76431 Mbps | SE = 0.02003 bit/s/Hz
3502[UE 1 | RB 1] Throughput = 1.30923 Mbps | SE = 0.03431 bit/s/Hz
3602[UE 1 | RB 1] Throughput = 0.71834 Mbps | SE = 0.01882 bit/s/Hz
3702[UE 1 | RB 1] Throughput = 1.43639 Mbps | SE = 0.03764 bit/s/Hz
3812[UE 1 | RB 1] Throughput = 0.76267 Mbps | SE = 0.01999 bit/s/Hz
3923[UE 1 | RB 1] Throughput = 1.30432 Mbps | SE = 0.03418 bit/s/Hz
4023[UE 1 | RB 1] Throughput = 0.71831 Mbps | SE = 0.01882 bit/s/Hz
4132[UE 1 | RB 1] Throughput = 1.20223 Mbps | SE = 0.03150 bit/s/Hz
4242[UE 1 | RB 1] Throughput = 1.30526 Mbps | SE = 0.03420 bit/s/Hz
4353[UE 1 | RB 1] Throughput = 0.65256 Mbps | SE = 0.01710 bit/s/Hz
4463[UE 1 | RB 1] Throughput = 1.30727 Mbps | SE = 0.03426 bit/s/Hz
4563[UE 1 | RB 1] Throughput = 0.95302 Mbps | SE = 0.02497 bit/s/Hz
4672[UE 1 | RB 1] Throughput = 1.42845 Mbps | SE = 0.03743 bit/s/Hz
4782[UE 1 | RB 1] Throughput = 0.65330 Mbps | SE = 0.01712 bit/s/Hz
4883[UE 1 | RB 1] Throughput = 1.43647 Mbps | SE = 0.03764 bit/s/Hz
4992[UE 1 | RB 1] Throughput = 0.76445 Mbps | SE = 0.02003 bit/s/Hz
5093[UE 1 | RB 1] Throughput = 1.43284 Mbps | SE = 0.03755 bit/s/Hz
5202[UE 1 | RB 1] Throughput = 0.65557 Mbps | SE = 0.01718 bit/s/Hz
5302[UE 1 | RB 1] Throughput = 1.31732 Mbps | SE = 0.03452 bit/s/Hz
5412[UE 1 | RB 1] Throughput = 1.30668 Mbps | SE = 0.03424 bit/s/Hz
5513[UE 1 | RB 1] Throughput = 0.83565 Mbps | SE = 0.02190 bit/s/Hz
5623[UE 1 | RB 1] Throughput = 1.30932 Mbps | SE = 0.03431 bit/s/Hz
5732[UE 1 | RB 1] Throughput = 0.54667 Mbps | SE = 0.01433 bit/s/Hz
5832[UE 1 | RB 1] Throughput = 1.43690 Mbps | SE = 0.03765 bit/s/Hz
5932[UE 1 | RB 1] Throughput = 0.95812 Mbps | SE = 0.02511 bit/s/Hz
6042[UE 1 | RB 1] Throughput = 1.30875 Mbps | SE = 0.03430 bit/s/Hz
6143[UE 1 | RB 1] Throughput = 0.71607 Mbps | SE = 0.01876 bit/s/Hz
6252[UE 1 | RB 1] Throughput = 1.42210 Mbps | SE = 0.03727 bit/s/Hz
6352[UE 1 | RB 1] Throughput = 0.71776 Mbps | SE = 0.01881 bit/s/Hz
6462[UE 1 | RB 1] Throughput = 1.09094 Mbps | SE = 0.02859 bit/s/Hz
6572[UE 1 | RB 1] Throughput = 0.87090 Mbps | SE = 0.02282 bit/s/Hz
6673[UE 1 | RB 1] Throughput = 1.67510 Mbps | SE = 0.04390 bit/s/Hz
6782[UE 1 | RB 1] Throughput = 0.65427 Mbps | SE = 0.01715 bit/s/Hz
6882[UE 1 | RB 1] Throughput = 1.19836 Mbps | SE = 0.03140 bit/s/Hz
6983[UE 1 | RB 1] Throughput = 1.19411 Mbps | SE = 0.03129 bit/s/Hz
7092[UE 1 | RB 1] Throughput = 0.98334 Mbps | SE = 0.02577 bit/s/Hz
7193[UE 1 | RB 1] Throughput = 1.07647 Mbps | SE = 0.02821 bit/s/Hz
7302[UE 1 | RB 1] Throughput = 0.65524 Mbps | SE = 0.01717 bit/s/Hz
7403[UE 1 | RB 1] Throughput = 1.67384 Mbps | SE = 0.04386 bit/s/Hz
7513[UE 1 | RB 1] Throughput = 1.08813 Mbps | SE = 0.02851 bit/s/Hz
7622[UE 1 | RB 1] Throughput = 0.65545 Mbps | SE = 0.01718 bit/s/Hz
7732[UE 1 | RB 1] Throughput = 1.30932 Mbps | SE = 0.03431 bit/s/Hz
7833[UE 1 | RB 1] Throughput = 1.19518 Mbps | SE = 0.03132 bit/s/Hz
7943[UE 1 | RB 1] Throughput = 0.97972 Mbps | SE = 0.02567 bit/s/Hz
8052[UE 1 | RB 1] Throughput = 1.09137 Mbps | SE = 0.02860 bit/s/Hz
8153[UE 1 | RB 1] Throughput = 1.07518 Mbps | SE = 0.02818 bit/s/Hz
8262[UE 1 | RB 1] Throughput = 1.09411 Mbps | SE = 0.02867 bit/s/Hz
8362[UE 1 | RB 1] Throughput = 0.71786 Mbps | SE = 0.01881 bit/s/Hz
8463[UE 1 | RB 1] Throughput = 1.43595 Mbps | SE = 0.03763 bit/s/Hz
8563[UE 1 | RB 1] Throughput = 0.71742 Mbps | SE = 0.01880 bit/s/Hz
8672[UE 1 | RB 1] Throughput = 1.31472 Mbps | SE = 0.03445 bit/s/Hz
8772[UE 1 | RB 1] Throughput = 0.83696 Mbps | SE = 0.02193 bit/s/Hz
8882[UE 1 | RB 1] Throughput = 1.30707 Mbps | SE = 0.03425 bit/s/Hz
8993[UE 1 | RB 1] Throughput = 0.76194 Mbps | SE = 0.01997 bit/s/Hz
9093[UE 1 | RB 1] Throughput = 1.31795 Mbps | SE = 0.03454 bit/s/Hz
9193[UE 1 | RB 1] Throughput = 1.07807 Mbps | SE = 0.02825 bit/s/Hz
9302[UE 1 | RB 1] Throughput = 0.87310 Mbps | SE = 0.02288 bit/s/Hz
9412[UE 1 | RB 1] Throughput = 1.20051 Mbps | SE = 0.03146 bit/s/Hz
9512[UE 1 | RB 1] Throughput = 1.31669 Mbps | SE = 0.03450 bit/s/Hz
9622[UE 1 | RB 1] Throughput = 0.65369 Mbps | SE = 0.01713 bit/s/Hz
9732[UE 1 | RB 1] Throughput = 1.19841 Mbps | SE = 0.03140 bit/s/Hz
9842[UE 1 | RB 1] Throughput = 1.20152 Mbps | SE = 0.03149 bit/s/Hz
9943[UE 1 | RB 1] Throughput = 1.31203 Mbps | SE = 0.03438 bit/s/Hz
10043[UE 1 | RB 1] Throughput = 0.59839 Mbps | SE = 0.01568 bit/s/Hz
10153[UE 1 | RB 1] Throughput = 1.30923 Mbps | SE = 0.03431 bit/s/Hz
10253[UE 1 | RB 1] Throughput = 0.71801 Mbps | SE = 0.01882 bit/s/Hz
10363[UE 1 | RB 1] Throughput = 1.41185 Mbps | SE = 0.03700 bit/s/Hz
10473[UE 1 | RB 1] Throughput = 1.09371 Mbps | SE = 0.02866 bit/s/Hz
10573[UE 1 | RB 1] Throughput = 0.83550 Mbps | SE = 0.02189 bit/s/Hz
10683[UE 1 | RB 1] Throughput = 1.31096 Mbps | SE = 0.03435 bit/s/Hz
10793[UE 1 | RB 1] Throughput = 1.09017 Mbps | SE = 0.02857 bit/s/Hz
10902[UE 1 | RB 1] Throughput = 0.76459 Mbps | SE = 0.02004 bit/s/Hz
11003[UE 1 | RB 1] Throughput = 1.31301 Mbps | SE = 0.03441 bit/s/Hz
11113[UE 1 | RB 1] Throughput = 1.30605 Mbps | SE = 0.03423 bit/s/Hz
11223[UE 1 | RB 1] Throughput = 0.76072 Mbps | SE = 0.01994 bit/s/Hz
11332[UE 1 | RB 1] Throughput = 1.09620 Mbps | SE = 0.02873 bit/s/Hz
11442[UE 1 | RB 1] Throughput = 1.08972 Mbps | SE = 0.02856 bit/s/Hz
11552[UE 1 | RB 1] Throughput = 1.19965 Mbps | SE = 0.03144 bit/s/Hz
11662[UE 1 | RB 1] Throughput = 0.98071 Mbps | SE = 0.02570 bit/s/Hz
11763[UE 1 | RB 1] Throughput = 0.95433 Mbps | SE = 0.02501 bit/s/Hz
11873[UE 1 | RB 1] Throughput = 1.19473 Mbps | SE = 0.03131 bit/s/Hz
11982[UE 1 | RB 1] Throughput = 0.87891 Mbps | SE = 0.02303 bit/s/Hz
12083[UE 1 | RB 1] Throughput = 1.19363 Mbps | SE = 0.03128 bit/s/Hz
12193[UE 1 | RB 1] Throughput = 0.65346 Mbps | SE = 0.01712 bit/s/Hz
12293[UE 1 | RB 1] Throughput = 1.43524 Mbps | SE = 0.03761 bit/s/Hz
12403[UE 1 | RB 1] Throughput = 1.30774 Mbps | SE = 0.03427 bit/s/Hz
12512[UE 1 | RB 1] Throughput = 1.09239 Mbps | SE = 0.02863 bit/s/Hz
12613[UE 1 | RB 1] Throughput = 0.95669 Mbps | SE = 0.02507 bit/s/Hz
12722[UE 1 | RB 1] Throughput = 1.09363 Mbps | SE = 0.02866 bit/s/Hz
12823[UE 1 | RB 1] Throughput = 0.71507 Mbps | SE = 0.01874 bit/s/Hz
12932[UE 1 | RB 1] Throughput = 1.53132 Mbps | SE = 0.04013 bit/s/Hz
13033[UE 1 | RB 1] Throughput = 0.71803 Mbps | SE = 0.01882 bit/s/Hz
13133[UE 1 | RB 1] Throughput = 1.19588 Mbps | SE = 0.03134 bit/s/Hz
13243[UE 1 | RB 1] Throughput = 1.08993 Mbps | SE = 0.02856 bit/s/Hz
13354[UE 1 | RB 1] Throughput = 1.07298 Mbps | SE = 0.02812 bit/s/Hz
13463[UE 1 | RB 1] Throughput = 0.77520 Mbps | SE = 0.02031 bit/s/Hz
13572[UE 1 | RB 1] Throughput = 1.09054 Mbps | SE = 0.02858 bit/s/Hz
13673[UE 1 | RB 1] Throughput = 1.43299 Mbps | SE = 0.03755 bit/s/Hz
13773[UE 1 | RB 1] Throughput = 0.71610 Mbps | SE = 0.01877 bit/s/Hz
13873[UE 1 | RB 1] Throughput = 1.43594 Mbps | SE = 0.03763 bit/s/Hz
13982[UE 1 | RB 1] Throughput = 0.65992 Mbps | SE = 0.01729 bit/s/Hz
14082[UE 1 | RB 1] Throughput = 1.55678 Mbps | SE = 0.04080 bit/s/Hz
14183[UE 1 | RB 1] Throughput = 0.83810 Mbps | SE = 0.02196 bit/s/Hz
14292[UE 1 | RB 1] Throughput = 0.98207 Mbps | SE = 0.02574 bit/s/Hz
14392[UE 1 | RB 1] Throughput = 0.95742 Mbps | SE = 0.02509 bit/s/Hz
14493[UE 1 | RB 1] Throughput = 1.31581 Mbps | SE = 0.03448 bit/s/Hz
14593[UE 1 | RB 1] Throughput = 1.31577 Mbps | SE = 0.03448 bit/s/Hz
14693[UE 1 | RB 1] Throughput = 0.83887 Mbps | SE = 0.02198 bit/s/Hz
14802[UE 1 | RB 1] Throughput = 1.09559 Mbps | SE = 0.02871 bit/s/Hz
14902[UE 1 | RB 1] Throughput = 0.71803 Mbps | SE = 0.01882 bit/s/Hz
15003[UE 1 | RB 1] Throughput = 1.67274 Mbps | SE = 0.04383 bit/s/Hz
15103[UE 1 | RB 1] Throughput = 0.71456 Mbps | SE = 0.01873 bit/s/Hz
15213[UE 1 | RB 1] Throughput = 1.09353 Mbps | SE = 0.02866 bit/s/Hz
15322[UE 1 | RB 1] Throughput = 0.98571 Mbps | SE = 0.02583 bit/s/Hz
15422[UE 1 | RB 1] Throughput = 1.07682 Mbps | SE = 0.02822 bit/s/Hz
15523[UE 1 | RB 1] Throughput = 1.07658 Mbps | SE = 0.02821 bit/s/Hz
15623[UE 1 | RB 1] Throughput = 1.31523 Mbps | SE = 0.03447 bit/s/Hz
15732[UE 1 | RB 1] Throughput = 0.65740 Mbps | SE = 0.01723 bit/s/Hz
15842[UE 1 | RB 1] Throughput = 1.30744 Mbps | SE = 0.03426 bit/s/Hz
15943[UE 1 | RB 1] Throughput = 0.71526 Mbps | SE = 0.01874 bit/s/Hz
16053[UE 1 | RB 1] Throughput = 1.31059 Mbps | SE = 0.03434 bit/s/Hz
16163[UE 1 | RB 1] Throughput = 1.30553 Mbps | SE = 0.03421 bit/s/Hz
16272[UE 1 | RB 1] Throughput = 0.65492 Mbps | SE = 0.01716 bit/s/Hz
16382[UE 1 | RB 1] Throughput = 1.30870 Mbps | SE = 0.03430 bit/s/Hz
16482[UE 1 | RB 1] Throughput = 1.31799 Mbps | SE = 0.03454 bit/s/Hz
16592[UE 1 | RB 1] Throughput = 0.65395 Mbps | SE = 0.01714 bit/s/Hz
16702[UE 1 | RB 1] Throughput = 1.19742 Mbps | SE = 0.03138 bit/s/Hz
16802[UE 1 | RB 1] Throughput = 0.83878 Mbps | SE = 0.02198 bit/s/Hz
16903[UE 1 | RB 1] Throughput = 1.31585 Mbps | SE = 0.03448 bit/s/Hz
17012[UE 1 | RB 1] Throughput = 1.30918 Mbps | SE = 0.03431 bit/s/Hz
17113[UE 1 | RB 1] Throughput = 0.83782 Mbps | SE = 0.02196 bit/s/Hz
17213[UE 1 | RB 1] Throughput = 1.19821 Mbps | SE = 0.03140 bit/s/Hz
17313[UE 1 | RB 1] Throughput = 0.83595 Mbps | SE = 0.02191 bit/s/Hz
17423[UE 1 | RB 1] Throughput = 1.09177 Mbps | SE = 0.02861 bit/s/Hz
17532[UE 1 | RB 1] Throughput = 1.09202 Mbps | SE = 0.02862 bit/s/Hz
17633[UE 1 | RB 1] Throughput = 1.19748 Mbps | SE = 0.03138 bit/s/Hz
17733[UE 1 | RB 1] Throughput = 1.19747 Mbps | SE = 0.03138 bit/s/Hz
17843[UE 1 | RB 1] Throughput = 0.98091 Mbps | SE = 0.02571 bit/s/Hz
17952[UE 1 | RB 1] Throughput = 1.19987 Mbps | SE = 0.03144 bit/s/Hz
18053[UE 1 | RB 1] Throughput = 0.71705 Mbps | SE = 0.01879 bit/s/Hz
18163[UE 1 | RB 1] Throughput = 1.20028 Mbps | SE = 0.03145 bit/s/Hz
18273[UE 1 | RB 1] Throughput = 1.08935 Mbps | SE = 0.02855 bit/s/Hz
18373[UE 1 | RB 1] Throughput = 1.19726 Mbps | SE = 0.03137 bit/s/Hz
18483[UE 1 | RB 1] Throughput = 1.19451 Mbps | SE = 0.03130 bit/s/Hz
18593[UE 1 | RB 1] Throughput = 0.65414 Mbps | SE = 0.01714 bit/s/Hz
18703[UE 1 | RB 1] Throughput = 1.41704 Mbps | SE = 0.03713 bit/s/Hz
18812[UE 1 | RB 1] Throughput = 0.98413 Mbps | SE = 0.02579 bit/s/Hz
18913[UE 1 | RB 1] Throughput = 0.95417 Mbps | SE = 0.02500 bit/s/Hz
19023[UE 1 | RB 1] Throughput = 0.98212 Mbps | SE = 0.02574 bit/s/Hz
19133[UE 1 | RB 1] Throughput = 1.30877 Mbps | SE = 0.03430 bit/s/Hz
19233[UE 1 | RB 1] Throughput = 0.71709 Mbps | SE = 0.01879 bit/s/Hz
19333[UE 1 | RB 1] Throughput = 1.07575 Mbps | SE = 0.02819 bit/s/Hz
19443[UE 1 | RB 1] Throughput = 1.19885 Mbps | SE = 0.03142 bit/s/Hz
19553[UE 1 | RB 1] Throughput = 1.09199 Mbps | SE = 0.02862 bit/s/Hz
19662[UE 1 | RB 1] Throughput = 1.09308 Mbps | SE = 0.02864 bit/s/Hz
19763[UE 1 | RB 1] Throughput = 0.83830 Mbps | SE = 0.02197 bit/s/Hz
19872[UE 1 | RB 1] Throughput = 1.19941 Mbps | SE = 0.03143 bit/s/Hz
19982[UE 1 | RB 1] Throughput = 1.30875 Mbps | SE = 0.03430 bit/s/Hz
20083[UE 1 | RB 1] Throughput = 0.71593 Mbps | SE = 0.01876 bit/s/Hz
20183[UE 1 | RB 1] Throughput = 1.19674 Mbps | SE = 0.03136 bit/s/Hz
20292[UE 1 | RB 1] Throughput = 1.20542 Mbps | SE = 0.03159 bit/s/Hz
20392[UE 1 | RB 1] Throughput = 0.95719 Mbps | SE = 0.02508 bit/s/Hz
20502[UE 1 | RB 1] Throughput = 1.09096 Mbps | SE = 0.02859 bit/s/Hz
20603[UE 1 | RB 1] Throughput = 0.71396 Mbps | SE = 0.01871 bit/s/Hz
20712[UE 1 | RB 1] Throughput = 1.20440 Mbps | SE = 0.03156 bit/s/Hz
20813[UE 1 | RB 1] Throughput = 1.43551 Mbps | SE = 0.03762 bit/s/Hz
20923[UE 1 | RB 1] Throughput = 0.65363 Mbps | SE = 0.01713 bit/s/Hz
21032[UE 1 | RB 1] Throughput = 1.41806 Mbps | SE = 0.03716 bit/s/Hz
21143[UE 1 | RB 1] Throughput = 0.65250 Mbps | SE = 0.01710 bit/s/Hz
21252[UE 1 | RB 1] Throughput = 1.31005 Mbps | SE = 0.03433 bit/s/Hz
21363[UE 1 | RB 1] Throughput = 1.30536 Mbps | SE = 0.03421 bit/s/Hz
21472[UE 1 | RB 1] Throughput = 0.65475 Mbps | SE = 0.01716 bit/s/Hz
21582[UE 1 | RB 1] Throughput = 1.41739 Mbps | SE = 0.03714 bit/s/Hz
21683[UE 1 | RB 1] Throughput = 0.71768 Mbps | SE = 0.01881 bit/s/Hz
21792[UE 1 | RB 1] Throughput = 1.30870 Mbps | SE = 0.03430 bit/s/Hz
21893[UE 1 | RB 1] Throughput = 0.95458 Mbps | SE = 0.02502 bit/s/Hz
22003[UE 1 | RB 1] Throughput = 0.87295 Mbps | SE = 0.02288 bit/s/Hz
22103[UE 1 | RB 1] Throughput = 1.43633 Mbps | SE = 0.03764 bit/s/Hz
22213[UE 1 | RB 1] Throughput = 1.20189 Mbps | SE = 0.03150 bit/s/Hz
22313[UE 1 | RB 1] Throughput = 0.83641 Mbps | SE = 0.02192 bit/s/Hz
22423[UE 1 | RB 1] Throughput = 1.09238 Mbps | SE = 0.02863 bit/s/Hz
22523[UE 1 | RB 1] Throughput = 1.31464 Mbps | SE = 0.03445 bit/s/Hz
22623[UE 1 | RB 1] Throughput = 0.71845 Mbps | SE = 0.01883 bit/s/Hz
22723[UE 1 | RB 1] Throughput = 1.31708 Mbps | SE = 0.03451 bit/s/Hz
22833[UE 1 | RB 1] Throughput = 0.65426 Mbps | SE = 0.01715 bit/s/Hz
22933[UE 1 | RB 1] Throughput = 1.31675 Mbps | SE = 0.03451 bit/s/Hz
23043[UE 1 | RB 1] Throughput = 1.31093 Mbps | SE = 0.03435 bit/s/Hz
23153[UE 1 | RB 1] Throughput = 0.65451 Mbps | SE = 0.01715 bit/s/Hz
23263[UE 1 | RB 1] Throughput = 1.52403 Mbps | SE = 0.03994 bit/s/Hz
23363[UE 1 | RB 1] Throughput = 0.71896 Mbps | SE = 0.01884 bit/s/Hz
23463[UE 1 | RB 1] Throughput = 1.43748 Mbps | SE = 0.03767 bit/s/Hz
23563[UE 1 | RB 1] Throughput = 0.59809 Mbps | SE = 0.01567 bit/s/Hz
23673[UE 1 | RB 1] Throughput = 1.31051 Mbps | SE = 0.03434 bit/s/Hz
23773[UE 1 | RB 1] Throughput = 0.71626 Mbps | SE = 0.01877 bit/s/Hz
23883[UE 1 | RB 1] Throughput = 1.20003 Mbps | SE = 0.03145 bit/s/Hz
23993[UE 1 | RB 1] Throughput = 1.19972 Mbps | SE = 0.03144 bit/s/Hz
24093[UE 1 | RB 1] Throughput = 1.07742 Mbps | SE = 0.02823 bit/s/Hz
24203[UE 1 | RB 1] Throughput = 0.87324 Mbps | SE = 0.02288 bit/s/Hz
24303[UE 1 | RB 1] Throughput = 1.31752 Mbps | SE = 0.03453 bit/s/Hz
24403[UE 1 | RB 1] Throughput = 0.83600 Mbps | SE = 0.02191 bit/s/Hz
24513[UE 1 | RB 1] Throughput = 1.19982 Mbps | SE = 0.03144 bit/s/Hz
24623[UE 1 | RB 1] Throughput = 1.20006 Mbps | SE = 0.03145 bit/s/Hz
24723[UE 1 | RB 1] Throughput = 1.07831 Mbps | SE = 0.02826 bit/s/Hz
24823[UE 1 | RB 1] Throughput = 0.95737 Mbps | SE = 0.02509 bit/s/Hz
24933[UE 1 | RB 1] Throughput = 1.09145 Mbps | SE = 0.02860 bit/s/Hz
25043[UE 1 | RB 1] Throughput = 1.19836 Mbps | SE = 0.03140 bit/s/Hz
25153[UE 1 | RB 1] Throughput = 0.65467 Mbps | SE = 0.01716 bit/s/Hz
25253[UE 1 | RB 1] Throughput = 1.43121 Mbps | SE = 0.03751 bit/s/Hz
25363[UE 1 | RB 1] Throughput = 0.98412 Mbps | SE = 0.02579 bit/s/Hz
25473[UE 1 | RB 1] Throughput = 0.76119 Mbps | SE = 0.01995 bit/s/Hz
25573[UE 1 | RB 1] Throughput = 1.55722 Mbps | SE = 0.04081 bit/s/Hz
25673[UE 1 | RB 1] Throughput = 0.71875 Mbps | SE = 0.01884 bit/s/Hz
25783[UE 1 | RB 1] Throughput = 0.87302 Mbps | SE = 0.02288 bit/s/Hz
25883[UE 1 | RB 1] Throughput = 1.43555 Mbps | SE = 0.03762 bit/s/Hz
25983[UE 1 | RB 1] Throughput = 0.71891 Mbps | SE = 0.01884 bit/s/Hz
26083[UE 1 | RB 1] Throughput = 1.07716 Mbps | SE = 0.02823 bit/s/Hz
26193[UE 1 | RB 1] Throughput = 1.42193 Mbps | SE = 0.03726 bit/s/Hz
26293[UE 1 | RB 1] Throughput = 1.07789 Mbps | SE = 0.02825 bit/s/Hz
26403[UE 1 | RB 1] Throughput = 0.76307 Mbps | SE = 0.02000 bit/s/Hz
26513[UE 1 | RB 1] Throughput = 1.30318 Mbps | SE = 0.03415 bit/s/Hz
26623[UE 1 | RB 1] Throughput = 1.20189 Mbps | SE = 0.03150 bit/s/Hz
26723[UE 1 | RB 1] Throughput = 0.71892 Mbps | SE = 0.01884 bit/s/Hz
26823[UE 1 | RB 1] Throughput = 1.43591 Mbps | SE = 0.03763 bit/s/Hz
26923[UE 1 | RB 1] Throughput = 0.83872 Mbps | SE = 0.02198 bit/s/Hz
27033[UE 1 | RB 1] Throughput = 1.30681 Mbps | SE = 0.03425 bit/s/Hz
27143[UE 1 | RB 1] Throughput = 1.19890 Mbps | SE = 0.03142 bit/s/Hz
27253[UE 1 | RB 1] Throughput = 0.87321 Mbps | SE = 0.02288 bit/s/Hz
27353[UE 1 | RB 1] Throughput = 1.07799 Mbps | SE = 0.02825 bit/s/Hz
27463[UE 1 | RB 1] Throughput = 0.87112 Mbps | SE = 0.02283 bit/s/Hz
27563[UE 1 | RB 1] Throughput = 1.43703 Mbps | SE = 0.03766 bit/s/Hz
27673[UE 1 | RB 1] Throughput = 0.65269 Mbps | SE = 0.01710 bit/s/Hz
27773[UE 1 | RB 1] Throughput = 1.07821 Mbps | SE = 0.02826 bit/s/Hz
27883[UE 1 | RB 1] Throughput = 0.98350 Mbps | SE = 0.02577 bit/s/Hz
27993[UE 1 | RB 1] Throughput = 1.30836 Mbps | SE = 0.03429 bit/s/Hz
28093[UE 1 | RB 1] Throughput = 1.31383 Mbps | SE = 0.03443 bit/s/Hz
28204[UE 1 | RB 1] Throughput = 0.64847 Mbps | SE = 0.01699 bit/s/Hz
28313[UE 1 | RB 1] Throughput = 1.21228 Mbps | SE = 0.03177 bit/s/Hz
28413[UE 1 | RB 1] Throughput = 1.43643 Mbps | SE = 0.03764 bit/s/Hz
28513[UE 1 | RB 1] Throughput = 0.71690 Mbps | SE = 0.01879 bit/s/Hz
28623[UE 1 | RB 1] Throughput = 1.30779 Mbps | SE = 0.03427 bit/s/Hz
28733[UE 1 | RB 1] Throughput = 0.65493 Mbps | SE = 0.01716 bit/s/Hz
28833[UE 1 | RB 1] Throughput = 1.43489 Mbps | SE = 0.03760 bit/s/Hz
28943[UE 1 | RB 1] Throughput = 0.54582 Mbps | SE = 0.01430 bit/s/Hz
29043[UE 1 | RB 1] Throughput = 1.67506 Mbps | SE = 0.04390 bit/s/Hz
29153[UE 1 | RB 1] Throughput = 1.19578 Mbps | SE = 0.03134 bit/s/Hz
29263[UE 1 | RB 1] Throughput = 0.54645 Mbps | SE = 0.01432 bit/s/Hz
29363[UE 1 | RB 1] Throughput = 1.43531 Mbps | SE = 0.03761 bit/s/Hz
29473[UE 1 | RB 1] Throughput = 0.98047 Mbps | SE = 0.02569 bit/s/Hz
29573[UE 1 | RB 1] Throughput = 0.83429 Mbps | SE = 0.02186 bit/s/Hz
29683[UE 1 | RB 1] Throughput = 1.20293 Mbps | SE = 0.03152 bit/s/Hz
29793[UE 1 | RB 1] Throughput = 1.20063 Mbps | SE = 0.03146 bit/s/Hz
29893[UE 1 | RB 1] Throughput = 1.19391 Mbps | SE = 0.03129 bit/s/Hz
30003[UE 1 | RB 1] Throughput = 0.65409 Mbps | SE = 0.01714 bit/s/Hz
30113[UE 1 | RB 1] Throughput = 1.30655 Mbps | SE = 0.03424 bit/s/Hz
30223[UE 1 | RB 1] Throughput = 1.20021 Mbps | SE = 0.03145 bit/s/Hz
30333[UE 1 | RB 1] Throughput = 0.65464 Mbps | SE = 0.01716 bit/s/Hz
30443[UE 1 | RB 1] Throughput = 1.19887 Mbps | SE = 0.03142 bit/s/Hz
30553[UE 1 | RB 1] Throughput = 1.30883 Mbps | SE = 0.03430 bit/s/Hz
30662[UE 1 | RB 1] Throughput = 1.09332 Mbps | SE = 0.02865 bit/s/Hz
30762[UE 1 | RB 1] Throughput = 1.19797 Mbps | SE = 0.03139 bit/s/Hz
30862[UE 1 | RB 1] Throughput = 0.59919 Mbps | SE = 0.01570 bit/s/Hz
30972[UE 1 | RB 1] Throughput = 1.30640 Mbps | SE = 0.03423 bit/s/Hz
31073[UE 1 | RB 1] Throughput = 1.31419 Mbps | SE = 0.03444 bit/s/Hz
31183[UE 1 | RB 1] Throughput = 0.65492 Mbps | SE = 0.01716 bit/s/Hz
31293[UE 1 | RB 1] Throughput = 1.30575 Mbps | SE = 0.03422 bit/s/Hz
31403[UE 1 | RB 1] Throughput = 1.30923 Mbps | SE = 0.03431 bit/s/Hz
31503[UE 1 | RB 1] Throughput = 0.71850 Mbps | SE = 0.01883 bit/s/Hz
31612[UE 1 | RB 1] Throughput = 1.30946 Mbps | SE = 0.03432 bit/s/Hz
31713[UE 1 | RB 1] Throughput = 0.71777 Mbps | SE = 0.01881 bit/s/Hz
31813[UE 1 | RB 1] Throughput = 1.43805 Mbps | SE = 0.03768 bit/s/Hz
31913[UE 1 | RB 1] Throughput = 0.83666 Mbps | SE = 0.02193 bit/s/Hz
32013[UE 1 | RB 1] Throughput = 0.71665 Mbps | SE = 0.01878 bit/s/Hz
32123[UE 1 | RB 1] Throughput = 1.31353 Mbps | SE = 0.03442 bit/s/Hz
32233[UE 1 | RB 1] Throughput = 1.19944 Mbps | SE = 0.03143 bit/s/Hz
32343[UE 1 | RB 1] Throughput = 0.76252 Mbps | SE = 0.01998 bit/s/Hz
32443[UE 1 | RB 1] Throughput = 1.31577 Mbps | SE = 0.03448 bit/s/Hz
32553[UE 1 | RB 1] Throughput = 1.20068 Mbps | SE = 0.03146 bit/s/Hz
32663[UE 1 | RB 1] Throughput = 1.19636 Mbps | SE = 0.03135 bit/s/Hz
32772[UE 1 | RB 1] Throughput = 0.76522 Mbps | SE = 0.02005 bit/s/Hz
32873[UE 1 | RB 1] Throughput = 1.42851 Mbps | SE = 0.03743 bit/s/Hz
32983[UE 1 | RB 1] Throughput = 0.65418 Mbps | SE = 0.01714 bit/s/Hz
33093[UE 1 | RB 1] Throughput = 1.20231 Mbps | SE = 0.03151 bit/s/Hz
33193[UE 1 | RB 1] Throughput = 0.95608 Mbps | SE = 0.02505 bit/s/Hz
33303[UE 1 | RB 1] Throughput = 1.30705 Mbps | SE = 0.03425 bit/s/Hz
33413[UE 1 | RB 1] Throughput = 0.76322 Mbps | SE = 0.02000 bit/s/Hz
33523[UE 1 | RB 1] Throughput = 1.20018 Mbps | SE = 0.03145 bit/s/Hz
33624[UE 1 | RB 1] Throughput = 0.71054 Mbps | SE = 0.01862 bit/s/Hz
33733[UE 1 | RB 1] Throughput = 1.21068 Mbps | SE = 0.03173 bit/s/Hz
33834[UE 1 | RB 1] Throughput = 1.42514 Mbps | SE = 0.03735 bit/s/Hz
33943[UE 1 | RB 1] Throughput = 1.20859 Mbps | SE = 0.03167 bit/s/Hz
34053[UE 1 | RB 1] Throughput = 0.65406 Mbps | SE = 0.01714 bit/s/Hz
34153[UE 1 | RB 1] Throughput = 1.43077 Mbps | SE = 0.03749 bit/s/Hz
34263[UE 1 | RB 1] Throughput = 0.65530 Mbps | SE = 0.01717 bit/s/Hz
34373[UE 1 | RB 1] Throughput = 1.30977 Mbps | SE = 0.03432 bit/s/Hz
34473[UE 1 | RB 1] Throughput = 0.71850 Mbps | SE = 0.01883 bit/s/Hz
34583[UE 1 | RB 1] Throughput = 1.52853 Mbps | SE = 0.04006 bit/s/Hz
34683[UE 1 | RB 1] Throughput = 0.71827 Mbps | SE = 0.01882 bit/s/Hz
34793[UE 1 | RB 1] Throughput = 1.41286 Mbps | SE = 0.03702 bit/s/Hz
34893[UE 1 | RB 1] Throughput = 0.71895 Mbps | SE = 0.01884 bit/s/Hz
34993[UE 1 | RB 1] Throughput = 1.43792 Mbps | SE = 0.03768 bit/s/Hz
35103[UE 1 | RB 1] Throughput = 0.76565 Mbps | SE = 0.02006 bit/s/Hz
35203[UE 1 | RB 1] Throughput = 1.43406 Mbps | SE = 0.03758 bit/s/Hz
35313[UE 1 | RB 1] Throughput = 0.76231 Mbps | SE = 0.01998 bit/s/Hz
35423[UE 1 | RB 1] Throughput = 1.20018 Mbps | SE = 0.03145 bit/s/Hz
35523[UE 1 | RB 1] Throughput = 0.71798 Mbps | SE = 0.01882 bit/s/Hz
35623[UE 1 | RB 1] Throughput = 1.43782 Mbps | SE = 0.03768 bit/s/Hz
35733[UE 1 | RB 1] Throughput = 1.09152 Mbps | SE = 0.02860 bit/s/Hz
35843[UE 1 | RB 1] Throughput = 1.19659 Mbps | SE = 0.03136 bit/s/Hz
35953[UE 1 | RB 1] Throughput = 0.65534 Mbps | SE = 0.01717 bit/s/Hz
36053[UE 1 | RB 1] Throughput = 1.07464 Mbps | SE = 0.02816 bit/s/Hz
36153[UE 1 | RB 1] Throughput = 1.31632 Mbps | SE = 0.03449 bit/s/Hz
36253[UE 1 | RB 1] Throughput = 1.31390 Mbps | SE = 0.03443 bit/s/Hz
36363[UE 1 | RB 1] Throughput = 0.65728 Mbps | SE = 0.01722 bit/s/Hz
36463[UE 1 | RB 1] Throughput = 1.43591 Mbps | SE = 0.03763 bit/s/Hz
36563[UE 1 | RB 1] Throughput = 0.71854 Mbps | SE = 0.01883 bit/s/Hz
36673[UE 1 | RB 1] Throughput = 1.41299 Mbps | SE = 0.03703 bit/s/Hz
36773[UE 1 | RB 1] Throughput = 0.83769 Mbps | SE = 0.02195 bit/s/Hz
36883[UE 1 | RB 1] Throughput = 1.31591 Mbps | SE = 0.03448 bit/s/Hz
36993[UE 1 | RB 1] Throughput = 0.65096 Mbps | SE = 0.01706 bit/s/Hz
37103[UE 1 | RB 1] Throughput = 1.30880 Mbps | SE = 0.03430 bit/s/Hz
37203[UE 1 | RB 1] Throughput = 0.71670 Mbps | SE = 0.01878 bit/s/Hz
37313[UE 1 | RB 1] Throughput = 1.20365 Mbps | SE = 0.03154 bit/s/Hz
37413[UE 1 | RB 1] Throughput = 1.43231 Mbps | SE = 0.03753 bit/s/Hz
37523[UE 1 | RB 1] Throughput = 0.87464 Mbps | SE = 0.02292 bit/s/Hz
37633[UE 1 | RB 1] Throughput = 1.31088 Mbps | SE = 0.03435 bit/s/Hz
37733[UE 1 | RB 1] Throughput = 0.71869 Mbps | SE = 0.01883 bit/s/Hz
37833[UE 1 | RB 1] Throughput = 1.43672 Mbps | SE = 0.03765 bit/s/Hz
37933[UE 1 | RB 1] Throughput = 0.71885 Mbps | SE = 0.01884 bit/s/Hz
38033[UE 1 | RB 1] Throughput = 1.43238 Mbps | SE = 0.03754 bit/s/Hz
38143[UE 1 | RB 1] Throughput = 0.65469 Mbps | SE = 0.01716 bit/s/Hz
38243[UE 1 | RB 1] Throughput = 1.43738 Mbps | SE = 0.03767 bit/s/Hz
38343[UE 1 | RB 1] Throughput = 0.71844 Mbps | SE = 0.01883 bit/s/Hz
38453[UE 1 | RB 1] Throughput = 1.41742 Mbps | SE = 0.03714 bit/s/Hz
38553[UE 1 | RB 1] Throughput = 0.71784 Mbps | SE = 0.01881 bit/s/Hz
38663[UE 1 | RB 1] Throughput = 1.41740 Mbps | SE = 0.03714 bit/s/Hz
38763[UE 1 | RB 1] Throughput = 0.71741 Mbps | SE = 0.01880 bit/s/Hz
38873[UE 1 | RB 1] Throughput = 1.20332 Mbps | SE = 0.03153 bit/s/Hz
38983[UE 1 | RB 1] Throughput = 0.65364 Mbps | SE = 0.01713 bit/s/Hz
39093[UE 1 | RB 1] Throughput = 1.30661 Mbps | SE = 0.03424 bit/s/Hz
39203[UE 1 | RB 1] Throughput = 1.30839 Mbps | SE = 0.03429 bit/s/Hz
39313[UE 1 | RB 1] Throughput = 0.54415 Mbps | SE = 0.01426 bit/s/Hz
39423[UE 1 | RB 1] Throughput = 1.74422 Mbps | SE = 0.04571 bit/s/Hz
39533[UE 1 | RB 1] Throughput = 0.65520 Mbps | SE = 0.01717 bit/s/Hz
39633[UE 1 | RB 1] Throughput = 1.43624 Mbps | SE = 0.03764 bit/s/Hz
39733[UE 1 | RB 1] Throughput = 0.71867 Mbps | SE = 0.01883 bit/s/Hz
39833[UE 1 | RB 1] Throughput = 1.43720 Mbps | SE = 0.03766 bit/s/Hz
39933[UE 1 | RB 1] Throughput = 0.59848 Mbps | SE = 0.01568 bit/s/Hz
40033[UE 1 | RB 1] Throughput = 1.43762 Mbps | SE = 0.03767 bit/s/Hz
40143[UE 1 | RB 1] Throughput = 0.65548 Mbps | SE = 0.01718 bit/s/Hz
40243[UE 1 | RB 1] Throughput = 1.43633 Mbps | SE = 0.03764 bit/s/Hz
40343[UE 1 | RB 1] Throughput = 0.83868 Mbps | SE = 0.02198 bit/s/Hz
40453[UE 1 | RB 1] Throughput = 1.20194 Mbps | SE = 0.03150 bit/s/Hz
40553[UE 1 | RB 1] Throughput = 1.31561 Mbps | SE = 0.03448 bit/s/Hz
40663[UE 1 | RB 1] Throughput = 0.76310 Mbps | SE = 0.02000 bit/s/Hz
40773[UE 1 | RB 1] Throughput = 1.30926 Mbps | SE = 0.03431 bit/s/Hz
40873[UE 1 | RB 1] Throughput = 0.71773 Mbps | SE = 0.01881 bit/s/Hz
40983[UE 1 | RB 1] Throughput = 1.41718 Mbps | SE = 0.03714 bit/s/Hz
41083[UE 1 | RB 1] Throughput = 0.71769 Mbps | SE = 0.01881 bit/s/Hz
41193[UE 1 | RB 1] Throughput = 1.30587 Mbps | SE = 0.03422 bit/s/Hz
41293[UE 1 | RB 1] Throughput = 0.71814 Mbps | SE = 0.01882 bit/s/Hz
41403[UE 1 | RB 1] Throughput = 1.30786 Mbps | SE = 0.03427 bit/s/Hz
41503[UE 1 | RB 1] Throughput = 0.71604 Mbps | SE = 0.01876 bit/s/Hz
41613[UE 1 | RB 1] Throughput = 1.31142 Mbps | SE = 0.03437 bit/s/Hz
41723[UE 1 | RB 1] Throughput = 1.42006 Mbps | SE = 0.03721 bit/s/Hz
41833[UE 1 | RB 1] Throughput = 0.76271 Mbps | SE = 0.01999 bit/s/Hz
41933[UE 1 | RB 1] Throughput = 1.31456 Mbps | SE = 0.03445 bit/s/Hz
42033[UE 1 | RB 1] Throughput = 0.71686 Mbps | SE = 0.01879 bit/s/Hz
42143[UE 1 | RB 1] Throughput = 1.09400 Mbps | SE = 0.02867 bit/s/Hz
42243[UE 1 | RB 1] Throughput = 1.31686 Mbps | SE = 0.03451 bit/s/Hz
42353[UE 1 | RB 1] Throughput = 1.08660 Mbps | SE = 0.02847 bit/s/Hz
42463[UE 1 | RB 1] Throughput = 0.87353 Mbps | SE = 0.02289 bit/s/Hz
42573[UE 1 | RB 1] Throughput = 1.09434 Mbps | SE = 0.02868 bit/s/Hz
42673[UE 1 | RB 1] Throughput = 0.95441 Mbps | SE = 0.02501 bit/s/Hz
42783[UE 1 | RB 1] Throughput = 1.30805 Mbps | SE = 0.03428 bit/s/Hz
42883[UE 1 | RB 1] Throughput = 0.71854 Mbps | SE = 0.01883 bit/s/Hz
42993[UE 1 | RB 1] Throughput = 1.31170 Mbps | SE = 0.03437 bit/s/Hz
43093[UE 1 | RB 1] Throughput = 0.71902 Mbps | SE = 0.01884 bit/s/Hz
43193[UE 1 | RB 1] Throughput = 1.31562 Mbps | SE = 0.03448 bit/s/Hz
43303[UE 1 | RB 1] Throughput = 1.30355 Mbps | SE = 0.03416 bit/s/Hz
43413[UE 1 | RB 1] Throughput = 0.65521 Mbps | SE = 0.01717 bit/s/Hz
43523[UE 1 | RB 1] Throughput = 1.52399 Mbps | SE = 0.03994 bit/s/Hz
43623[UE 1 | RB 1] Throughput = 0.71903 Mbps | SE = 0.01884 bit/s/Hz
43723[UE 1 | RB 1] Throughput = 1.43739 Mbps | SE = 0.03767 bit/s/Hz
43833[UE 1 | RB 1] Throughput = 0.65525 Mbps | SE = 0.01717 bit/s/Hz
43933[UE 1 | RB 1] Throughput = 1.43614 Mbps | SE = 0.03763 bit/s/Hz
44043[UE 1 | RB 1] Throughput = 0.65096 Mbps | SE = 0.01706 bit/s/Hz
44153[UE 1 | RB 1] Throughput = 1.30780 Mbps | SE = 0.03427 bit/s/Hz
44263[UE 1 | RB 1] Throughput = 1.20535 Mbps | SE = 0.03159 bit/s/Hz
44363[UE 1 | RB 1] Throughput = 1.19569 Mbps | SE = 0.03133 bit/s/Hz
44473[UE 1 | RB 1] Throughput = 0.65449 Mbps | SE = 0.01715 bit/s/Hz
44573[UE 1 | RB 1] Throughput = 0.95751 Mbps | SE = 0.02509 bit/s/Hz
44683[UE 1 | RB 1] Throughput = 1.30443 Mbps | SE = 0.03418 bit/s/Hz
44793[UE 1 | RB 1] Throughput = 1.30919 Mbps | SE = 0.03431 bit/s/Hz
44903[UE 1 | RB 1] Throughput = 0.65461 Mbps | SE = 0.01715 bit/s/Hz
45003[UE 1 | RB 1] Throughput = 1.31501 Mbps | SE = 0.03446 bit/s/Hz
45113[UE 1 | RB 1] Throughput = 0.87310 Mbps | SE = 0.02288 bit/s/Hz
45223[UE 1 | RB 1] Throughput = 1.30821 Mbps | SE = 0.03428 bit/s/Hz
45323[UE 1 | RB 1] Throughput = 0.71861 Mbps | SE = 0.01883 bit/s/Hz
45423[UE 1 | RB 1] Throughput = 1.55130 Mbps | SE = 0.04065 bit/s/Hz
45524[UE 1 | RB 1] Throughput = 0.71522 Mbps | SE = 0.01874 bit/s/Hz
45633[UE 1 | RB 1] Throughput = 1.31324 Mbps | SE = 0.03441 bit/s/Hz
45743[UE 1 | RB 1] Throughput = 0.65660 Mbps | SE = 0.01721 bit/s/Hz
45843[UE 1 | RB 1] Throughput = 1.43462 Mbps | SE = 0.03759 bit/s/Hz
45943[UE 1 | RB 1] Throughput = 0.83797 Mbps | SE = 0.02196 bit/s/Hz
46053[UE 1 | RB 1] Throughput = 1.31130 Mbps | SE = 0.03436 bit/s/Hz
46163[UE 1 | RB 1] Throughput = 1.30532 Mbps | SE = 0.03421 bit/s/Hz
46273[UE 1 | RB 1] Throughput = 0.76215 Mbps | SE = 0.01997 bit/s/Hz
46383[UE 1 | RB 1] Throughput = 0.87258 Mbps | SE = 0.02287 bit/s/Hz
46493[UE 1 | RB 1] Throughput = 1.30737 Mbps | SE = 0.03426 bit/s/Hz
46593[UE 1 | RB 1] Throughput = 1.31767 Mbps | SE = 0.03453 bit/s/Hz
46693[UE 1 | RB 1] Throughput = 0.59855 Mbps | SE = 0.01569 bit/s/Hz
46803[UE 1 | RB 1] Throughput = 1.30977 Mbps | SE = 0.03432 bit/s/Hz
46913[UE 1 | RB 1] Throughput = 0.76117 Mbps | SE = 0.01995 bit/s/Hz
47023[UE 1 | RB 1] Throughput = 1.30966 Mbps | SE = 0.03432 bit/s/Hz
47133[UE 1 | RB 1] Throughput = 1.31077 Mbps | SE = 0.03435 bit/s/Hz
47233[UE 1 | RB 1] Throughput = 0.83744 Mbps | SE = 0.02195 bit/s/Hz
47333[UE 1 | RB 1] Throughput = 0.71810 Mbps | SE = 0.01882 bit/s/Hz
47433[UE 1 | RB 1] Throughput = 1.55709 Mbps | SE = 0.04080 bit/s/Hz
47543[UE 1 | RB 1] Throughput = 0.87465 Mbps | SE = 0.02292 bit/s/Hz
47643[UE 1 | RB 1] Throughput = 0.71618 Mbps | SE = 0.01877 bit/s/Hz
47753[UE 1 | RB 1] Throughput = 1.30694 Mbps | SE = 0.03425 bit/s/Hz
47863[UE 1 | RB 1] Throughput = 1.30688 Mbps | SE = 0.03425 bit/s/Hz
47963[UE 1 | RB 1] Throughput = 0.95746 Mbps | SE = 0.02509 bit/s/Hz
48073[UE 1 | RB 1] Throughput = 0.98162 Mbps | SE = 0.02572 bit/s/Hz
48173[UE 1 | RB 1] Throughput = 1.19575 Mbps | SE = 0.03134 bit/s/Hz
48283[UE 1 | RB 1] Throughput = 1.20208 Mbps | SE = 0.03150 bit/s/Hz
48393[UE 1 | RB 1] Throughput = 0.65108 Mbps | SE = 0.01706 bit/s/Hz
48503[UE 1 | RB 1] Throughput = 1.31360 Mbps | SE = 0.03442 bit/s/Hz
48603[UE 1 | RB 1] Throughput = 1.19391 Mbps | SE = 0.03129 bit/s/Hz
48713[UE 1 | RB 1] Throughput = 0.98224 Mbps | SE = 0.02574 bit/s/Hz
48813[UE 1 | RB 1] Throughput = 1.31350 Mbps | SE = 0.03442 bit/s/Hz
48923[UE 1 | RB 1] Throughput = 0.87338 Mbps | SE = 0.02289 bit/s/Hz
49033[UE 1 | RB 1] Throughput = 1.19911 Mbps | SE = 0.03142 bit/s/Hz
49133[UE 1 | RB 1] Throughput = 0.83640 Mbps | SE = 0.02192 bit/s/Hz
49243[UE 1 | RB 1] Throughput = 1.20190 Mbps | SE = 0.03150 bit/s/Hz
49343[UE 1 | RB 1] Throughput = 1.19794 Mbps | SE = 0.03139 bit/s/Hz
49453[UE 1 | RB 1] Throughput = 0.76486 Mbps | SE = 0.02004 bit/s/Hz
49553[UE 1 | RB 1] Throughput = 0.95671 Mbps | SE = 0.02507 bit/s/Hz
49663[UE 1 | RB 1] Throughput = 1.19873 Mbps | SE = 0.03141 bit/s/Hz
49763[UE 1 | RB 1] Throughput = 0.71844 Mbps | SE = 0.01883 bit/s/Hz
49863[UE 1 | RB 1] Throughput = 1.67654 Mbps | SE = 0.04393 bit/s/Hz
49973[UE 1 | RB 1] Throughput = 0.65460 Mbps | SE = 0.01715 bit/s/Hz
50083[UE 1 | RB 1] Throughput = 1.41592 Mbps | SE = 0.03710 bit/s/Hz
50193[UE 1 | RB 1] Throughput = 0.76419 Mbps | SE = 0.02003 bit/s/Hz
50293[UE 1 | RB 1] Throughput = 1.19640 Mbps | SE = 0.03135 bit/s/Hz
50393[UE 1 | RB 1] Throughput = 1.31667 Mbps | SE = 0.03450 bit/s/Hz
50493[UE 1 | RB 1] Throughput = 0.83698 Mbps | SE = 0.02193 bit/s/Hz
50603[UE 1 | RB 1] Throughput = 1.20311 Mbps | SE = 0.03153 bit/s/Hz
50713[UE 1 | RB 1] Throughput = 0.97981 Mbps | SE = 0.02568 bit/s/Hz
50823[UE 1 | RB 1] Throughput = 1.19750 Mbps | SE = 0.03138 bit/s/Hz
50923[UE 1 | RB 1] Throughput = 0.71819 Mbps | SE = 0.01882 bit/s/Hz
51033[UE 1 | RB 1] Throughput = 1.41558 Mbps | SE = 0.03710 bit/s/Hz
51133[UE 1 | RB 1] Throughput = 0.71785 Mbps | SE = 0.01881 bit/s/Hz
51243[UE 1 | RB 1] Throughput = 0.98149 Mbps | SE = 0.02572 bit/s/Hz
51353[UE 1 | RB 1] Throughput = 1.31056 Mbps | SE = 0.03434 bit/s/Hz
51453[UE 1 | RB 1] Throughput = 1.31717 Mbps | SE = 0.03452 bit/s/Hz
51563[UE 1 | RB 1] Throughput = 0.76484 Mbps | SE = 0.02004 bit/s/Hz
51663[UE 1 | RB 1] Throughput = 1.43445 Mbps | SE = 0.03759 bit/s/Hz
51763[UE 1 | RB 1] Throughput = 0.71887 Mbps | SE = 0.01884 bit/s/Hz
51873[UE 1 | RB 1] Throughput = 0.87190 Mbps | SE = 0.02285 bit/s/Hz
51973[UE 1 | RB 1] Throughput = 1.31522 Mbps | SE = 0.03447 bit/s/Hz
52084[UE 1 | RB 1] Throughput = 1.19156 Mbps | SE = 0.03123 bit/s/Hz
52193[UE 1 | RB 1] Throughput = 0.76958 Mbps | SE = 0.02017 bit/s/Hz
52293[UE 1 | RB 1] Throughput = 1.31637 Mbps | SE = 0.03450 bit/s/Hz
52403[UE 1 | RB 1] Throughput = 1.30517 Mbps | SE = 0.03420 bit/s/Hz
52504[UE 1 | RB 1] Throughput = 0.71633 Mbps | SE = 0.01877 bit/s/Hz
52613[UE 1 | RB 1] Throughput = 1.31720 Mbps | SE = 0.03452 bit/s/Hz
52713[UE 1 | RB 1] Throughput = 0.71680 Mbps | SE = 0.01878 bit/s/Hz
52814[UE 1 | RB 1] Throughput = 1.43266 Mbps | SE = 0.03754 bit/s/Hz
52923[UE 1 | RB 1] Throughput = 0.65528 Mbps | SE = 0.01717 bit/s/Hz
53023[UE 1 | RB 1] Throughput = 1.43804 Mbps | SE = 0.03768 bit/s/Hz
53133[UE 1 | RB 1] Throughput = 0.98029 Mbps | SE = 0.02569 bit/s/Hz
53243[UE 1 | RB 1] Throughput = 1.09000 Mbps | SE = 0.02856 bit/s/Hz
53343[UE 1 | RB 1] Throughput = 0.95815 Mbps | SE = 0.02511 bit/s/Hz
53453[UE 1 | RB 1] Throughput = 1.20091 Mbps | SE = 0.03147 bit/s/Hz
53554[UE 1 | RB 1] Throughput = 1.30691 Mbps | SE = 0.03425 bit/s/Hz
53664[UE 1 | RB 1] Throughput = 0.65097 Mbps | SE = 0.01706 bit/s/Hz
53773[UE 1 | RB 1] Throughput = 1.32453 Mbps | SE = 0.03471 bit/s/Hz
53873[UE 1 | RB 1] Throughput = 0.71849 Mbps | SE = 0.01883 bit/s/Hz
53973[UE 1 | RB 1] Throughput = 1.31800 Mbps | SE = 0.03454 bit/s/Hz
54073[UE 1 | RB 1] Throughput = 1.07842 Mbps | SE = 0.02826 bit/s/Hz
54173[UE 1 | RB 1] Throughput = 0.95689 Mbps | SE = 0.02508 bit/s/Hz
54283[UE 1 | RB 1] Throughput = 1.30927 Mbps | SE = 0.03431 bit/s/Hz
54383[UE 1 | RB 1] Throughput = 0.83882 Mbps | SE = 0.02198 bit/s/Hz
54483[UE 1 | RB 1] Throughput = 0.59715 Mbps | SE = 0.01565 bit/s/Hz
54593[UE 1 | RB 1] Throughput = 1.41971 Mbps | SE = 0.03720 bit/s/Hz
54703[UE 1 | RB 1] Throughput = 1.30869 Mbps | SE = 0.03429 bit/s/Hz
54813[UE 1 | RB 1] Throughput = 1.19624 Mbps | SE = 0.03135 bit/s/Hz
54923[UE 1 | RB 1] Throughput = 0.76422 Mbps | SE = 0.02003 bit/s/Hz
55033[UE 1 | RB 1] Throughput = 1.30668 Mbps | SE = 0.03424 bit/s/Hz
55143[UE 1 | RB 1] Throughput = 0.76375 Mbps | SE = 0.02001 bit/s/Hz
55243[UE 1 | RB 1] Throughput = 1.43600 Mbps | SE = 0.03763 bit/s/Hz
55353[UE 1 | RB 1] Throughput = 0.65408 Mbps | SE = 0.01714 bit/s/Hz
55463[UE 1 | RB 1] Throughput = 1.30799 Mbps | SE = 0.03428 bit/s/Hz
55563[UE 1 | RB 1] Throughput = 1.19616 Mbps | SE = 0.03135 bit/s/Hz
55663[UE 1 | RB 1] Throughput = 0.83869 Mbps | SE = 0.02198 bit/s/Hz
55763[UE 1 | RB 1] Throughput = 1.31432 Mbps | SE = 0.03444 bit/s/Hz
55873[UE 1 | RB 1] Throughput = 0.98415 Mbps | SE = 0.02579 bit/s/Hz
55973[UE 1 | RB 1] Throughput = 0.71610 Mbps | SE = 0.01877 bit/s/Hz
56083[UE 1 | RB 1] Throughput = 1.52561 Mbps | SE = 0.03998 bit/s/Hz
56193[UE 1 | RB 1] Throughput = 0.54512 Mbps | SE = 0.01429 bit/s/Hz
56303[UE 1 | RB 1] Throughput = 1.30679 Mbps | SE = 0.03424 bit/s/Hz
56414[UE 1 | RB 1] Throughput = 1.19701 Mbps | SE = 0.03137 bit/s/Hz
56523[UE 1 | RB 1] Throughput = 1.20175 Mbps | SE = 0.03149 bit/s/Hz
56633[UE 1 | RB 1] Throughput = 1.08989 Mbps | SE = 0.02856 bit/s/Hz
56743[UE 1 | RB 1] Throughput = 0.76247 Mbps | SE = 0.01998 bit/s/Hz
56843[UE 1 | RB 1] Throughput = 1.43489 Mbps | SE = 0.03760 bit/s/Hz
56954[UE 1 | RB 1] Throughput = 0.65247 Mbps | SE = 0.01710 bit/s/Hz
57063[UE 1 | RB 1] Throughput = 1.31680 Mbps | SE = 0.03451 bit/s/Hz
57163[UE 1 | RB 1] Throughput = 0.71664 Mbps | SE = 0.01878 bit/s/Hz
57263[UE 1 | RB 1] Throughput = 1.67506 Mbps | SE = 0.04390 bit/s/Hz
57373[UE 1 | RB 1] Throughput = 0.65445 Mbps | SE = 0.01715 bit/s/Hz
57474[UE 1 | RB 1] Throughput = 0.83619 Mbps | SE = 0.02191 bit/s/Hz
57583[UE 1 | RB 1] Throughput = 1.53072 Mbps | SE = 0.04011 bit/s/Hz
57693[UE 1 | RB 1] Throughput = 0.65505 Mbps | SE = 0.01717 bit/s/Hz
57794[UE 1 | RB 1] Throughput = 1.54786 Mbps | SE = 0.04056 bit/s/Hz
57903[UE 1 | RB 1] Throughput = 0.65519 Mbps | SE = 0.01717 bit/s/Hz
58013[UE 1 | RB 1] Throughput = 1.52582 Mbps | SE = 0.03998 bit/s/Hz
58123[UE 1 | RB 1] Throughput = 0.98325 Mbps | SE = 0.02577 bit/s/Hz
58223[UE 1 | RB 1] Throughput = 1.07711 Mbps | SE = 0.02823 bit/s/Hz
58323[UE 1 | RB 1] Throughput = 0.95860 Mbps | SE = 0.02512 bit/s/Hz
58423[UE 1 | RB 1] Throughput = 0.71847 Mbps | SE = 0.01883 bit/s/Hz
58523[UE 1 | RB 1] Throughput = 1.55646 Mbps | SE = 0.04079 bit/s/Hz
58623[UE 1 | RB 1] Throughput = 0.71880 Mbps | SE = 0.01884 bit/s/Hz
58733[UE 1 | RB 1] Throughput = 1.31044 Mbps | SE = 0.03434 bit/s/Hz
58843[UE 1 | RB 1] Throughput = 0.98155 Mbps | SE = 0.02572 bit/s/Hz
58943[UE 1 | RB 1] Throughput = 0.95811 Mbps | SE = 0.02511 bit/s/Hz
59043[UE 1 | RB 1] Throughput = 1.31366 Mbps | SE = 0.03442 bit/s/Hz
59153[UE 1 | RB 1] Throughput = 0.98216 Mbps | SE = 0.02574 bit/s/Hz
59263[UE 1 | RB 1] Throughput = 0.98115 Mbps | SE = 0.02571 bit/s/Hz
59363[UE 1 | RB 1] Throughput = 1.19717 Mbps | SE = 0.03137 bit/s/Hz
59473[UE 1 | RB 1] Throughput = 0.76271 Mbps | SE = 0.01999 bit/s/Hz
59573[UE 1 | RB 1] Throughput = 1.19804 Mbps | SE = 0.03140 bit/s/Hz
59673[UE 1 | RB 1] Throughput = 0.95712 Mbps | SE = 0.02508 bit/s/Hz
59783[UE 1 | RB 1] Throughput = 1.31092 Mbps | SE = 0.03435 bit/s/Hz
59883[UE 1 | RB 1] Throughput = 1.19774 Mbps | SE = 0.03139 bit/s/Hz
59983[UE 1 | RB 1] Throughput = 0.59802 Mbps | SE = 0.01567 bit/s/Hz
60093[UE 1 | RB 1] Throughput = 1.41842 Mbps | SE = 0.03717 bit/s/Hz
60203[UE 1 | RB 1] Throughput = 1.09046 Mbps | SE = 0.02858 bit/s/Hz
60303[UE 1 | RB 1] Throughput = 0.95520 Mbps | SE = 0.02503 bit/s/Hz
60414[UE 1 | RB 1] Throughput = 1.08788 Mbps | SE = 0.02851 bit/s/Hz
60523[UE 1 | RB 1] Throughput = 1.09339 Mbps | SE = 0.02865 bit/s/Hz
60623[UE 1 | RB 1] Throughput = 1.19651 Mbps | SE = 0.03136 bit/s/Hz
60723[UE 1 | RB 1] Throughput = 0.83878 Mbps | SE = 0.02198 bit/s/Hz
60833[UE 1 | RB 1] Throughput = 1.31298 Mbps | SE = 0.03441 bit/s/Hz
60933[UE 1 | RB 1] Throughput = 0.95598 Mbps | SE = 0.02505 bit/s/Hz
61043[UE 1 | RB 1] Throughput = 0.65451 Mbps | SE = 0.01715 bit/s/Hz
61143[UE 1 | RB 1] Throughput = 1.31277 Mbps | SE = 0.03440 bit/s/Hz
61253[UE 1 | RB 1] Throughput = 1.31254 Mbps | SE = 0.03440 bit/s/Hz
61363[UE 1 | RB 1] Throughput = 0.65461 Mbps | SE = 0.01715 bit/s/Hz
61463[UE 1 | RB 1] Throughput = 1.31688 Mbps | SE = 0.03451 bit/s/Hz
61563[UE 1 | RB 1] Throughput = 1.43659 Mbps | SE = 0.03765 bit/s/Hz
61673[UE 1 | RB 1] Throughput = 0.65462 Mbps | SE = 0.01715 bit/s/Hz
61774[UE 1 | RB 1] Throughput = 1.42315 Mbps | SE = 0.03729 bit/s/Hz
61884[UE 1 | RB 1] Throughput = 0.65550 Mbps | SE = 0.01718 bit/s/Hz
61993[UE 1 | RB 1] Throughput = 1.53153 Mbps | SE = 0.04013 bit/s/Hz
62103[UE 1 | RB 1] Throughput = 0.65411 Mbps | SE = 0.01714 bit/s/Hz
62203[UE 1 | RB 1] Throughput = 1.55621 Mbps | SE = 0.04078 bit/s/Hz
62303[UE 1 | RB 1] Throughput = 0.71878 Mbps | SE = 0.01884 bit/s/Hz
62403[UE 1 | RB 1] Throughput = 1.31774 Mbps | SE = 0.03453 bit/s/Hz
62513[UE 1 | RB 1] Throughput = 0.65409 Mbps | SE = 0.01714 bit/s/Hz
62623[UE 1 | RB 1] Throughput = 1.41762 Mbps | SE = 0.03715 bit/s/Hz
62723[UE 1 | RB 1] Throughput = 0.95853 Mbps | SE = 0.02512 bit/s/Hz
62823[UE 1 | RB 1] Throughput = 1.31590 Mbps | SE = 0.03448 bit/s/Hz
62933[UE 1 | RB 1] Throughput = 0.76436 Mbps | SE = 0.02003 bit/s/Hz
63033[UE 1 | RB 1] Throughput = 1.31267 Mbps | SE = 0.03440 bit/s/Hz
63143[UE 1 | RB 1] Throughput = 0.65625 Mbps | SE = 0.01720 bit/s/Hz
63243[UE 1 | RB 1] Throughput = 1.43331 Mbps | SE = 0.03756 bit/s/Hz
63353[UE 1 | RB 1] Throughput = 0.76300 Mbps | SE = 0.01999 bit/s/Hz
63464[UE 1 | RB 1] Throughput = 1.30511 Mbps | SE = 0.03420 bit/s/Hz
63573[UE 1 | RB 1] Throughput = 1.20053 Mbps | SE = 0.03146 bit/s/Hz
63674[UE 1 | RB 1] Throughput = 1.19586 Mbps | SE = 0.03134 bit/s/Hz
63783[UE 1 | RB 1] Throughput = 0.76444 Mbps | SE = 0.02003 bit/s/Hz
63883[UE 1 | RB 1] Throughput = 0.71818 Mbps | SE = 0.01882 bit/s/Hz
63993[UE 1 | RB 1] Throughput = 1.30931 Mbps | SE = 0.03431 bit/s/Hz
64093[UE 1 | RB 1] Throughput = 1.19769 Mbps | SE = 0.03139 bit/s/Hz
64203[UE 1 | RB 1] Throughput = 1.30770 Mbps | SE = 0.03427 bit/s/Hz
64304[UE 1 | RB 1] Throughput = 0.83619 Mbps | SE = 0.02191 bit/s/Hz
64413[UE 1 | RB 1] Throughput = 1.20162 Mbps | SE = 0.03149 bit/s/Hz
64513[UE 1 | RB 1] Throughput = 0.71846 Mbps | SE = 0.01883 bit/s/Hz
64614[UE 1 | RB 1] Throughput = 1.43525 Mbps | SE = 0.03761 bit/s/Hz
64723[UE 1 | RB 1] Throughput = 0.65581 Mbps | SE = 0.01719 bit/s/Hz
64834[UE 1 | RB 1] Throughput = 1.30334 Mbps | SE = 0.03415 bit/s/Hz
64943[UE 1 | RB 1] Throughput = 0.87474 Mbps | SE = 0.02292 bit/s/Hz
65043[UE 1 | RB 1] Throughput = 1.19744 Mbps | SE = 0.03138 bit/s/Hz
65153[UE 1 | RB 1] Throughput = 1.41648 Mbps | SE = 0.03712 bit/s/Hz
65263[UE 1 | RB 1] Throughput = 0.98188 Mbps | SE = 0.02573 bit/s/Hz
65363[UE 1 | RB 1] Throughput = 0.83881 Mbps | SE = 0.02198 bit/s/Hz
65463[UE 1 | RB 1] Throughput = 1.31560 Mbps | SE = 0.03448 bit/s/Hz
65573[UE 1 | RB 1] Throughput = 0.65305 Mbps | SE = 0.01711 bit/s/Hz
65683[UE 1 | RB 1] Throughput = 1.20403 Mbps | SE = 0.03155 bit/s/Hz
65783[UE 1 | RB 1] Throughput = 1.43647 Mbps | SE = 0.03764 bit/s/Hz
65883[UE 1 | RB 1] Throughput = 0.71778 Mbps | SE = 0.01881 bit/s/Hz
65983[UE 1 | RB 1] Throughput = 1.31812 Mbps | SE = 0.03454 bit/s/Hz
66093[UE 1 | RB 1] Throughput = 0.65193 Mbps | SE = 0.01708 bit/s/Hz
66203[UE 1 | RB 1] Throughput = 1.19928 Mbps | SE = 0.03143 bit/s/Hz
66313[UE 1 | RB 1] Throughput = 1.19707 Mbps | SE = 0.03137 bit/s/Hz
66423[UE 1 | RB 1] Throughput = 0.65483 Mbps | SE = 0.01716 bit/s/Hz
66533[UE 1 | RB 1] Throughput = 1.41571 Mbps | SE = 0.03710 bit/s/Hz
66633[UE 1 | RB 1] Throughput = 1.19810 Mbps | SE = 0.03140 bit/s/Hz
66743[UE 1 | RB 1] Throughput = 1.20210 Mbps | SE = 0.03150 bit/s/Hz
66843[UE 1 | RB 1] Throughput = 0.83735 Mbps | SE = 0.02194 bit/s/Hz
66943[UE 1 | RB 1] Throughput = 1.31583 Mbps | SE = 0.03448 bit/s/Hz
67053[UE 1 | RB 1] Throughput = 0.87255 Mbps | SE = 0.02287 bit/s/Hz
67153[UE 1 | RB 1] Throughput = 0.95803 Mbps | SE = 0.02511 bit/s/Hz
67253[UE 1 | RB 1] Throughput = 1.19806 Mbps | SE = 0.03140 bit/s/Hz
67363[UE 1 | RB 1] Throughput = 1.30738 Mbps | SE = 0.03426 bit/s/Hz
67473[UE 1 | RB 1] Throughput = 0.65567 Mbps | SE = 0.01718 bit/s/Hz
67573[UE 1 | RB 1] Throughput = 0.95780 Mbps | SE = 0.02510 bit/s/Hz
67673[UE 1 | RB 1] Throughput = 1.07722 Mbps | SE = 0.02823 bit/s/Hz
67774[UE 1 | RB 1] Throughput = 1.43311 Mbps | SE = 0.03756 bit/s/Hz
67883[UE 1 | RB 1] Throughput = 1.20047 Mbps | SE = 0.03146 bit/s/Hz
67993[UE 1 | RB 1] Throughput = 0.98015 Mbps | SE = 0.02569 bit/s/Hz
68104[UE 1 | RB 1] Throughput = 0.76192 Mbps | SE = 0.01997 bit/s/Hz
68213[UE 1 | RB 1] Throughput = 1.20289 Mbps | SE = 0.03152 bit/s/Hz
68323[UE 1 | RB 1] Throughput = 1.19884 Mbps | SE = 0.03142 bit/s/Hz
68433[UE 1 | RB 1] Throughput = 1.19716 Mbps | SE = 0.03137 bit/s/Hz
68543[UE 1 | RB 1] Throughput = 0.65388 Mbps | SE = 0.01714 bit/s/Hz
68643[UE 1 | RB 1] Throughput = 1.43399 Mbps | SE = 0.03758 bit/s/Hz
68744[UE 1 | RB 1] Throughput = 0.71811 Mbps | SE = 0.01882 bit/s/Hz
68853[UE 1 | RB 1] Throughput = 1.31176 Mbps | SE = 0.03438 bit/s/Hz
68963[UE 1 | RB 1] Throughput = 0.65399 Mbps | SE = 0.01714 bit/s/Hz
69063[UE 1 | RB 1] Throughput = 1.43399 Mbps | SE = 0.03758 bit/s/Hz
69164[UE 1 | RB 1] Throughput = 1.31687 Mbps | SE = 0.03451 bit/s/Hz
69274[UE 1 | RB 1] Throughput = 0.65383 Mbps | SE = 0.01713 bit/s/Hz
69383[UE 1 | RB 1] Throughput = 1.31381 Mbps | SE = 0.03443 bit/s/Hz
69483[UE 1 | RB 1] Throughput = 0.71807 Mbps | SE = 0.01882 bit/s/Hz
69584[UE 1 | RB 1] Throughput = 1.66936 Mbps | SE = 0.04375 bit/s/Hz
69693[UE 1 | RB 1] Throughput = 0.76572 Mbps | SE = 0.02007 bit/s/Hz
69793[UE 1 | RB 1] Throughput = 0.83690 Mbps | SE = 0.02193 bit/s/Hz
69903[UE 1 | RB 1] Throughput = 1.19989 Mbps | SE = 0.03144 bit/s/Hz
70013[UE 1 | RB 1] Throughput = 1.30680 Mbps | SE = 0.03425 bit/s/Hz
70113[UE 1 | RB 1] Throughput = 1.07680 Mbps | SE = 0.02822 bit/s/Hz
70223[UE 1 | RB 1] Throughput = 0.87367 Mbps | SE = 0.02289 bit/s/Hz
70324[UE 1 | RB 1] Throughput = 0.83575 Mbps | SE = 0.02190 bit/s/Hz
70424[UE 1 | RB 1] Throughput = 1.43520 Mbps | SE = 0.03761 bit/s/Hz
70533[UE 1 | RB 1] Throughput = 0.76536 Mbps | SE = 0.02006 bit/s/Hz
70643[UE 1 | RB 1] Throughput = 1.19756 Mbps | SE = 0.03138 bit/s/Hz
70744[UE 1 | RB 1] Throughput = 1.43544 Mbps | SE = 0.03762 bit/s/Hz
70853[UE 1 | RB 1] Throughput = 0.65621 Mbps | SE = 0.01720 bit/s/Hz
70953[UE 1 | RB 1] Throughput = 1.43461 Mbps | SE = 0.03759 bit/s/Hz
71064[UE 1 | RB 1] Throughput = 0.76079 Mbps | SE = 0.01994 bit/s/Hz
71173[UE 1 | RB 1] Throughput = 1.09220 Mbps | SE = 0.02862 bit/s/Hz
71284[UE 1 | RB 1] Throughput = 1.30475 Mbps | SE = 0.03419 bit/s/Hz
71393[UE 1 | RB 1] Throughput = 1.09443 Mbps | SE = 0.02868 bit/s/Hz
71493[UE 1 | RB 1] Throughput = 0.71882 Mbps | SE = 0.01884 bit/s/Hz
71593[UE 1 | RB 1] Throughput = 1.43391 Mbps | SE = 0.03758 bit/s/Hz
71694[UE 1 | RB 1] Throughput = 0.59858 Mbps | SE = 0.01569 bit/s/Hz
71803[UE 1 | RB 1] Throughput = 1.31183 Mbps | SE = 0.03438 bit/s/Hz
71903[UE 1 | RB 1] Throughput = 1.31771 Mbps | SE = 0.03453 bit/s/Hz
72003[UE 1 | RB 1] Throughput = 0.83858 Mbps | SE = 0.02198 bit/s/Hz
72104[UE 1 | RB 1] Throughput = 1.42967 Mbps | SE = 0.03747 bit/s/Hz
72213[UE 1 | RB 1] Throughput = 0.65660 Mbps | SE = 0.01721 bit/s/Hz
72313[UE 1 | RB 1] Throughput = 1.43715 Mbps | SE = 0.03766 bit/s/Hz
72424[UE 1 | RB 1] Throughput = 0.65295 Mbps | SE = 0.01711 bit/s/Hz
72533[UE 1 | RB 1] Throughput = 1.30921 Mbps | SE = 0.03431 bit/s/Hz
72633[UE 1 | RB 1] Throughput = 0.83875 Mbps | SE = 0.02198 bit/s/Hz
72734[UE 1 | RB 1] Throughput = 1.43677 Mbps | SE = 0.03765 bit/s/Hz
72834[UE 1 | RB 1] Throughput = 0.83874 Mbps | SE = 0.02198 bit/s/Hz
72943[UE 1 | RB 1] Throughput = 1.08997 Mbps | SE = 0.02856 bit/s/Hz
73054[UE 1 | RB 1] Throughput = 0.87053 Mbps | SE = 0.02281 bit/s/Hz
73163[UE 1 | RB 1] Throughput = 1.19985 Mbps | SE = 0.03144 bit/s/Hz
73264[UE 1 | RB 1] Throughput = 0.71445 Mbps | SE = 0.01872 bit/s/Hz
73373[UE 1 | RB 1] Throughput = 1.31756 Mbps | SE = 0.03453 bit/s/Hz
73474[UE 1 | RB 1] Throughput = 1.43378 Mbps | SE = 0.03757 bit/s/Hz
73584[UE 1 | RB 1] Throughput = 0.98042 Mbps | SE = 0.02569 bit/s/Hz
73693[UE 1 | RB 1] Throughput = 0.98446 Mbps | SE = 0.02580 bit/s/Hz
73793[UE 1 | RB 1] Throughput = 0.71703 Mbps | SE = 0.01879 bit/s/Hz
73903[UE 1 | RB 1] Throughput = 1.20152 Mbps | SE = 0.03149 bit/s/Hz
74003[UE 1 | RB 1] Throughput = 1.43524 Mbps | SE = 0.03761 bit/s/Hz
74103[UE 1 | RB 1] Throughput = 0.71902 Mbps | SE = 0.01884 bit/s/Hz
74204[UE 1 | RB 1] Throughput = 1.43457 Mbps | SE = 0.03759 bit/s/Hz
74313[UE 1 | RB 1] Throughput = 0.65583 Mbps | SE = 0.01719 bit/s/Hz
74414[UE 1 | RB 1] Throughput = 1.43342 Mbps | SE = 0.03756 bit/s/Hz
74523[UE 1 | RB 1] Throughput = 0.65541 Mbps | SE = 0.01718 bit/s/Hz
74633[UE 1 | RB 1] Throughput = 1.19867 Mbps | SE = 0.03141 bit/s/Hz
74743[UE 1 | RB 1] Throughput = 1.20076 Mbps | SE = 0.03147 bit/s/Hz
74843[UE 1 | RB 1] Throughput = 1.31686 Mbps | SE = 0.03451 bit/s/Hz
74943[UE 1 | RB 1] Throughput = 1.07554 Mbps | SE = 0.02818 bit/s/Hz
75053[UE 1 | RB 1] Throughput = 1.09273 Mbps | SE = 0.02864 bit/s/Hz
75153[UE 1 | RB 1] Throughput = 0.95681 Mbps | SE = 0.02507 bit/s/Hz
75254[UE 1 | RB 1] Throughput = 1.19499 Mbps | SE = 0.03132 bit/s/Hz
75363[UE 1 | RB 1] Throughput = 0.65511 Mbps | SE = 0.01717 bit/s/Hz
75464[UE 1 | RB 1] Throughput = 1.55094 Mbps | SE = 0.04064 bit/s/Hz
75574[UE 1 | RB 1] Throughput = 0.65511 Mbps | SE = 0.01717 bit/s/Hz
75683[UE 1 | RB 1] Throughput = 1.30854 Mbps | SE = 0.03429 bit/s/Hz
75793[UE 1 | RB 1] Throughput = 0.98128 Mbps | SE = 0.02571 bit/s/Hz
75894[UE 1 | RB 1] Throughput = 1.19632 Mbps | SE = 0.03135 bit/s/Hz
76003[UE 1 | RB 1] Throughput = 0.87368 Mbps | SE = 0.02290 bit/s/Hz
76113[UE 1 | RB 1] Throughput = 1.19754 Mbps | SE = 0.03138 bit/s/Hz
76213[UE 1 | RB 1] Throughput = 0.71858 Mbps | SE = 0.01883 bit/s/Hz
76323[UE 1 | RB 1] Throughput = 1.30825 Mbps | SE = 0.03428 bit/s/Hz
76424[UE 1 | RB 1] Throughput = 0.71451 Mbps | SE = 0.01872 bit/s/Hz
76533[UE 1 | RB 1] Throughput = 1.53415 Mbps | SE = 0.04020 bit/s/Hz
76633[UE 1 | RB 1] Throughput = 1.07817 Mbps | SE = 0.02825 bit/s/Hz
76743[UE 1 | RB 1] Throughput = 0.76217 Mbps | SE = 0.01997 bit/s/Hz
76853[UE 1 | RB 1] Throughput = 1.30877 Mbps | SE = 0.03430 bit/s/Hz
76953[UE 1 | RB 1] Throughput = 0.95807 Mbps | SE = 0.02511 bit/s/Hz
77063[UE 1 | RB 1] Throughput = 1.31080 Mbps | SE = 0.03435 bit/s/Hz
77173[UE 1 | RB 1] Throughput = 1.08812 Mbps | SE = 0.02851 bit/s/Hz
77273[UE 1 | RB 1] Throughput = 0.71903 Mbps | SE = 0.01884 bit/s/Hz
77383[UE 1 | RB 1] Throughput = 1.19567 Mbps | SE = 0.03133 bit/s/Hz
77493[UE 1 | RB 1] Throughput = 0.98247 Mbps | SE = 0.02575 bit/s/Hz
77593[UE 1 | RB 1] Throughput = 1.19741 Mbps | SE = 0.03138 bit/s/Hz
77693[UE 1 | RB 1] Throughput = 1.07831 Mbps | SE = 0.02826 bit/s/Hz
77804[UE 1 | RB 1] Throughput = 1.08592 Mbps | SE = 0.02846 bit/s/Hz
77913[UE 1 | RB 1] Throughput = 0.98436 Mbps | SE = 0.02580 bit/s/Hz
78014[UE 1 | RB 1] Throughput = 1.30635 Mbps | SE = 0.03423 bit/s/Hz
78123[UE 1 | RB 1] Throughput = 0.88000 Mbps | SE = 0.02306 bit/s/Hz
78223[UE 1 | RB 1] Throughput = 0.95564 Mbps | SE = 0.02504 bit/s/Hz
78323[UE 1 | RB 1] Throughput = 0.95841 Mbps | SE = 0.02512 bit/s/Hz
78424[UE 1 | RB 1] Throughput = 1.43643 Mbps | SE = 0.03764 bit/s/Hz
78533[UE 1 | RB 1] Throughput = 0.76477 Mbps | SE = 0.02004 bit/s/Hz
78643[UE 1 | RB 1] Throughput = 1.19763 Mbps | SE = 0.03138 bit/s/Hz
78753[UE 1 | RB 1] Throughput = 0.76206 Mbps | SE = 0.01997 bit/s/Hz
78863[UE 1 | RB 1] Throughput = 1.30777 Mbps | SE = 0.03427 bit/s/Hz
78973[UE 1 | RB 1] Throughput = 0.65453 Mbps | SE = 0.01715 bit/s/Hz
79084[UE 1 | RB 1] Throughput = 1.52083 Mbps | SE = 0.03985 bit/s/Hz
79193[UE 1 | RB 1] Throughput = 1.31246 Mbps | SE = 0.03439 bit/s/Hz
79293[UE 1 | RB 1] Throughput = 0.95697 Mbps | SE = 0.02508 bit/s/Hz
79394[UE 1 | RB 1] Throughput = 0.83216 Mbps | SE = 0.02181 bit/s/Hz
79503[UE 1 | RB 1] Throughput = 1.20652 Mbps | SE = 0.03162 bit/s/Hz
79613[UE 1 | RB 1] Throughput = 1.30967 Mbps | SE = 0.03432 bit/s/Hz
79713[UE 1 | RB 1] Throughput = 0.83783 Mbps | SE = 0.02196 bit/s/Hz
79813[UE 1 | RB 1] Throughput = 1.07761 Mbps | SE = 0.02824 bit/s/Hz
79923[UE 1 | RB 1] Throughput = 0.97997 Mbps | SE = 0.02568 bit/s/Hz
80033[UE 1 | RB 1] Throughput = 1.20032 Mbps | SE = 0.03145 bit/s/Hz
80143[UE 1 | RB 1] Throughput = 0.76166 Mbps | SE = 0.01996 bit/s/Hz
80244[UE 1 | RB 1] Throughput = 1.43676 Mbps | SE = 0.03765 bit/s/Hz
80344[UE 1 | RB 1] Throughput = 0.71786 Mbps | SE = 0.01881 bit/s/Hz
80453[UE 1 | RB 1] Throughput = 1.20283 Mbps | SE = 0.03152 bit/s/Hz
80563[UE 1 | RB 1] Throughput = 1.19876 Mbps | SE = 0.03141 bit/s/Hz
80663[UE 1 | RB 1] Throughput = 1.07634 Mbps | SE = 0.02821 bit/s/Hz
80764[UE 1 | RB 1] Throughput = 0.71798 Mbps | SE = 0.01881 bit/s/Hz
80873[UE 1 | RB 1] Throughput = 1.31274 Mbps | SE = 0.03440 bit/s/Hz
80973[UE 1 | RB 1] Throughput = 1.31787 Mbps | SE = 0.03454 bit/s/Hz
81073[UE 1 | RB 1] Throughput = 0.95827 Mbps | SE = 0.02511 bit/s/Hz
81174[UE 1 | RB 1] Throughput = 0.83342 Mbps | SE = 0.02184 bit/s/Hz
81284[UE 1 | RB 1] Throughput = 1.31183 Mbps | SE = 0.03438 bit/s/Hz
81384[UE 1 | RB 1] Throughput = 0.71816 Mbps | SE = 0.01882 bit/s/Hz
81493[UE 1 | RB 1] Throughput = 1.31250 Mbps | SE = 0.03439 bit/s/Hz
81594[UE 1 | RB 1] Throughput = 0.71544 Mbps | SE = 0.01875 bit/s/Hz
81694[UE 1 | RB 1] Throughput = 1.43802 Mbps | SE = 0.03768 bit/s/Hz
81803[UE 1 | RB 1] Throughput = 0.65569 Mbps | SE = 0.01718 bit/s/Hz
81904[UE 1 | RB 1] Throughput = 1.43382 Mbps | SE = 0.03757 bit/s/Hz
82013[UE 1 | RB 1] Throughput = 0.87420 Mbps | SE = 0.02291 bit/s/Hz
82123[UE 1 | RB 1] Throughput = 0.87282 Mbps | SE = 0.02287 bit/s/Hz
82223[UE 1 | RB 1] Throughput = 1.43518 Mbps | SE = 0.03761 bit/s/Hz
82323[UE 1 | RB 1] Throughput = 0.83834 Mbps | SE = 0.02197 bit/s/Hz
82424[UE 1 | RB 1] Throughput = 1.43674 Mbps | SE = 0.03765 bit/s/Hz
82524[UE 1 | RB 1] Throughput = 0.71565 Mbps | SE = 0.01875 bit/s/Hz
82633[UE 1 | RB 1] Throughput = 1.31435 Mbps | SE = 0.03444 bit/s/Hz
82743[UE 1 | RB 1] Throughput = 1.30742 Mbps | SE = 0.03426 bit/s/Hz
82843[UE 1 | RB 1] Throughput = 0.95824 Mbps | SE = 0.02511 bit/s/Hz
82953[UE 1 | RB 1] Throughput = 0.98122 Mbps | SE = 0.02571 bit/s/Hz
83053[UE 1 | RB 1] Throughput = 0.83854 Mbps | SE = 0.02197 bit/s/Hz
83164[UE 1 | RB 1] Throughput = 1.19301 Mbps | SE = 0.03126 bit/s/Hz
83273[UE 1 | RB 1] Throughput = 1.42625 Mbps | SE = 0.03738 bit/s/Hz
83373[UE 1 | RB 1] Throughput = 0.59813 Mbps | SE = 0.01567 bit/s/Hz
83474[UE 1 | RB 1] Throughput = 1.31613 Mbps | SE = 0.03449 bit/s/Hz
83584[UE 1 | RB 1] Throughput = 0.87157 Mbps | SE = 0.02284 bit/s/Hz
83694[UE 1 | RB 1] Throughput = 1.30605 Mbps | SE = 0.03423 bit/s/Hz
83803[UE 1 | RB 1] Throughput = 0.76344 Mbps | SE = 0.02001 bit/s/Hz
83904[UE 1 | RB 1] Throughput = 1.31705 Mbps | SE = 0.03451 bit/s/Hz
84004[UE 1 | RB 1] Throughput = 0.71846 Mbps | SE = 0.01883 bit/s/Hz
84113[UE 1 | RB 1] Throughput = 1.31190 Mbps | SE = 0.03438 bit/s/Hz
84213[UE 1 | RB 1] Throughput = 1.31823 Mbps | SE = 0.03454 bit/s/Hz
84313[UE 1 | RB 1] Throughput = 0.95672 Mbps | SE = 0.02507 bit/s/Hz
84414[UE 1 | RB 1] Throughput = 0.71818 Mbps | SE = 0.01882 bit/s/Hz
84523[UE 1 | RB 1] Throughput = 1.31007 Mbps | SE = 0.03433 bit/s/Hz
84623[UE 1 | RB 1] Throughput = 1.19835 Mbps | SE = 0.03140 bit/s/Hz
84733[UE 1 | RB 1] Throughput = 0.87263 Mbps | SE = 0.02287 bit/s/Hz
84833[UE 1 | RB 1] Throughput = 1.19711 Mbps | SE = 0.03137 bit/s/Hz
84933[UE 1 | RB 1] Throughput = 0.71875 Mbps | SE = 0.01884 bit/s/Hz
85034[UE 1 | RB 1] Throughput = 1.31490 Mbps | SE = 0.03446 bit/s/Hz
85144[UE 1 | RB 1] Throughput = 1.19795 Mbps | SE = 0.03139 bit/s/Hz
85244[UE 1 | RB 1] Throughput = 0.71872 Mbps | SE = 0.01883 bit/s/Hz
85353[UE 1 | RB 1] Throughput = 1.20114 Mbps | SE = 0.03148 bit/s/Hz
85454[UE 1 | RB 1] Throughput = 1.19802 Mbps | SE = 0.03139 bit/s/Hz
85554[UE 1 | RB 1] Throughput = 0.95484 Mbps | SE = 0.02502 bit/s/Hz
85664[UE 1 | RB 1] Throughput = 0.87464 Mbps | SE = 0.02292 bit/s/Hz
85773[UE 1 | RB 1] Throughput = 1.31055 Mbps | SE = 0.03434 bit/s/Hz
85883[UE 1 | RB 1] Throughput = 1.19845 Mbps | SE = 0.03141 bit/s/Hz
85984[UE 1 | RB 1] Throughput = 0.71401 Mbps | SE = 0.01871 bit/s/Hz
86094[UE 1 | RB 1] Throughput = 1.41879 Mbps | SE = 0.03718 bit/s/Hz
86203[UE 1 | RB 1] Throughput = 0.65573 Mbps | SE = 0.01718 bit/s/Hz
86304[UE 1 | RB 1] Throughput = 1.31495 Mbps | SE = 0.03446 bit/s/Hz
86414[UE 1 | RB 1] Throughput = 1.09107 Mbps | SE = 0.02859 bit/s/Hz
86524[UE 1 | RB 1] Throughput = 0.65307 Mbps | SE = 0.01711 bit/s/Hz
86634[UE 1 | RB 1] Throughput = 1.52532 Mbps | SE = 0.03997 bit/s/Hz
86744[UE 1 | RB 1] Throughput = 0.76091 Mbps | SE = 0.01994 bit/s/Hz
86854[UE 1 | RB 1] Throughput = 1.30952 Mbps | SE = 0.03432 bit/s/Hz
86954[UE 1 | RB 1] Throughput = 0.83875 Mbps | SE = 0.02198 bit/s/Hz
87063[UE 1 | RB 1] Throughput = 0.98251 Mbps | SE = 0.02575 bit/s/Hz
87164[UE 1 | RB 1] Throughput = 1.43608 Mbps | SE = 0.03763 bit/s/Hz
87264[UE 1 | RB 1] Throughput = 0.83817 Mbps | SE = 0.02196 bit/s/Hz
87364[UE 1 | RB 1] Throughput = 1.31528 Mbps | SE = 0.03447 bit/s/Hz
87474[UE 1 | RB 1] Throughput = 0.87408 Mbps | SE = 0.02291 bit/s/Hz
87574[UE 1 | RB 1] Throughput = 1.55773 Mbps | SE = 0.04082 bit/s/Hz
87674[UE 1 | RB 1] Throughput = 0.71458 Mbps | SE = 0.01873 bit/s/Hz
87784[UE 1 | RB 1] Throughput = 1.41574 Mbps | SE = 0.03710 bit/s/Hz
87894[UE 1 | RB 1] Throughput = 0.65810 Mbps | SE = 0.01725 bit/s/Hz
88004[UE 1 | RB 1] Throughput = 1.19835 Mbps | SE = 0.03140 bit/s/Hz
88104[UE 1 | RB 1] Throughput = 1.31742 Mbps | SE = 0.03452 bit/s/Hz
88204[UE 1 | RB 1] Throughput = 1.07668 Mbps | SE = 0.02821 bit/s/Hz
88304[UE 1 | RB 1] Throughput = 0.71886 Mbps | SE = 0.01884 bit/s/Hz
88404[UE 1 | RB 1] Throughput = 1.31824 Mbps | SE = 0.03455 bit/s/Hz
88513[UE 1 | RB 1] Throughput = 1.09259 Mbps | SE = 0.02863 bit/s/Hz
88623[UE 1 | RB 1] Throughput = 0.65439 Mbps | SE = 0.01715 bit/s/Hz
88733[UE 1 | RB 1] Throughput = 1.30721 Mbps | SE = 0.03426 bit/s/Hz
88833[UE 1 | RB 1] Throughput = 1.31755 Mbps | SE = 0.03453 bit/s/Hz
88934[UE 1 | RB 1] Throughput = 1.07784 Mbps | SE = 0.02825 bit/s/Hz
89044[UE 1 | RB 1] Throughput = 0.65210 Mbps | SE = 0.01709 bit/s/Hz
89154[UE 1 | RB 1] Throughput = 1.30823 Mbps | SE = 0.03428 bit/s/Hz
89264[UE 1 | RB 1] Throughput = 1.19949 Mbps | SE = 0.03143 bit/s/Hz
89364[UE 1 | RB 1] Throughput = 0.95546 Mbps | SE = 0.02504 bit/s/Hz
89473[UE 1 | RB 1] Throughput = 0.65663 Mbps | SE = 0.01721 bit/s/Hz
89574[UE 1 | RB 1] Throughput = 1.43379 Mbps | SE = 0.03757 bit/s/Hz
89684[UE 1 | RB 1] Throughput = 1.30755 Mbps | SE = 0.03426 bit/s/Hz
89793[UE 1 | RB 1] Throughput = 0.87486 Mbps | SE = 0.02293 bit/s/Hz
89893[UE 1 | RB 1] Throughput = 0.59884 Mbps | SE = 0.01569 bit/s/Hz
90003[UE 1 | RB 1] Throughput = 1.30701 Mbps | SE = 0.03425 bit/s/Hz
[xApp]: E42 RIC_SUBSCRIPTION_DELETE_REQUEST tx RAN_FUNC_ID 144 RIC_REQ_ID 1 
[xApp]: E42 SUBSCRIPTION DELETE RESPONSE rx
[xApp]: E42 RIC_SUBSCRIPTION_DELETE_REQUEST tx RAN_FUNC_ID 144 RIC_REQ_ID 2 
[xApp]: E42 SUBSCRIPTION DELETE RESPONSE rx
[xApp]: E42 RIC_SUBSCRIPTION_DELETE_REQUEST tx RAN_FUNC_ID 144 RIC_REQ_ID 3 
[xApp]: E42 SUBSCRIPTION DELETE RESPONSE rx
[xApp]: E42 RIC_SUBSCRIPTION_DELETE_REQUEST tx RAN_FUNC_ID 144 RIC_REQ_ID 4 
[xApp]: E42 SUBSCRIPTION DELETE RESPONSE rx
[xApp]: Sucessfully stopped 
Test xApp run SUCCESSFULLY
