[UTIL]: Setting the config -c file to /usr/local/etc/flexric/flexric.conf
[UTIL]: Setting path -p for the shared libraries to /usr/local/lib/flexric/
[xAapp]: Initializing ... 
[xApp]: nearRT-RIC IP Address = 192.168.70.150, PORT = 36422
[E2 AGENT]: Opening plugin from path = /usr/local/lib/flexric/libkpm_sm.so 
[E2 AGENT]: Opening plugin from path = /usr/local/lib/flexric/libmac_sm.so 
[E2 AGENT]: Opening plugin from path = /usr/local/lib/flexric/libpdcp_sm.so 
[E2 AGENT]: Opening plugin from path = /usr/local/lib/flexric/libgtp_sm.so 
[E2 AGENT]: Opening plugin from path = /usr/local/lib/flexric/librc_sm.so 
[E2 AGENT]: Opening plugin from path = /usr/local/lib/flexric/libtc_sm.so 
[E2 AGENT]: Opening plugin from path = /usr/local/lib/flexric/librlc_sm.so 
[E2 AGENT]: Opening plugin from path = /usr/local/lib/flexric/libslice_sm.so 
[NEAR-RIC]: Loading SM ID = 2 with def = ORAN-E2SM-KPM 
[NEAR-RIC]: Loading SM ID = 142 with def = MAC_STATS_V0 
[NEAR-RIC]: Loading SM ID = 144 with def = PDCP_STATS_V0 
[NEAR-RIC]: Loading SM ID = 148 with def = GTP_STATS_V0 
[NEAR-RIC]: Loading SM ID = 3 with def = ORAN-E2SM-RC 
[NEAR-RIC]: Loading SM ID = 146 with def = TC_STATS_V0 
[NEAR-RIC]: Loading SM ID = 143 with def = RLC_STATS_V0 
[NEAR-RIC]: Loading SM ID = 145 with def = SLICE_STATS_V0 
[xApp]: DB filename = /tmp/flexric/xapp_db 
 [xApp]: E42 SETUP-REQUEST tx
[xApp]: E42 SETUP-RESPONSE rx 
[xApp]: xApp ID = 81 
[xApp]: Registered E2 Nodes = 4 
Connected E2 nodes = 4
[xAPP] Registered node 0 ran func id = 2 
 [xAPP] Registered node 0 ran func id = 3 
 [xAPP] Registered node 0 ran func id = 142 
 [xAPP] Registered node 0 ran func id = 143 
 [xAPP] Registered node 0 ran func id = 144 
 [xAPP] Registered node 0 ran func id = 145 
 [xAPP] Registered node 0 ran func id = 146 
 [xAPP] Registered node 0 ran func id = 148 
 [xApp]: E42 RIC SUBSCRIPTION REQUEST tx RAN_FUNC_ID 144 RIC_REQ_ID 1 
[xApp]: SUBSCRIPTION RESPONSE rx
[xApp]: Successfully subscribed to RAN_FUNC_ID 144 
[xAPP] Registered node 1 ran func id = 2 
 [xAPP] Registered node 1 ran func id = 3 
 [xAPP] Registered node 1 ran func id = 142 
 [xAPP] Registered node 1 ran func id = 143 
 [xAPP] Registered node 1 ran func id = 144 
 [xAPP] Registered node 1 ran func id = 145 
 [xAPP] Registered node 1 ran func id = 146 
 [xAPP] Registered node 1 ran func id = 148 
 [xApp]: E42 RIC SUBSCRIPTION REQUEST tx RAN_FUNC_ID 144 RIC_REQ_ID 2 
[xApp]: SUBSCRIPTION RESPONSE rx
[xApp]: Successfully subscribed to RAN_FUNC_ID 144 
[xAPP] Registered node 2 ran func id = 2 
 [xAPP] Registered node 2 ran func id = 3 
 [xAPP] Registered node 2 ran func id = 142 
 [xAPP] Registered node 2 ran func id = 143 
 [xAPP] Registered node 2 ran func id = 144 
 [xAPP] Registered node 2 ran func id = 145 
 [xAPP] Registered node 2 ran func id = 146 
 [xAPP] Registered node 2 ran func id = 148 
 [xApp]: E42 RIC SUBSCRIPTION REQUEST tx RAN_FUNC_ID 144 RIC_REQ_ID 3 
[xApp]: SUBSCRIPTION RESPONSE rx
[xApp]: Successfully subscribed to RAN_FUNC_ID 144 
[xAPP] Registered node 3 ran func id = 2 
 [xAPP] Registered node 3 ran func id = 3 
 [xAPP] Registered node 3 ran func id = 142 
 [xAPP] Registered node 3 ran func id = 143 
 [xAPP] Registered node 3 ran func id = 144 
 [xAPP] Registered node 3 ran func id = 145 
 [xAPP] Registered node 3 ran func id = 146 
 [xAPP] Registered node 3 ran func id = 148 
 [xApp]: E42 RIC SUBSCRIPTION REQUEST tx RAN_FUNC_ID 144 RIC_REQ_ID 4 
[xApp]: SUBSCRIPTION RESPONSE rx
[xApp]: Successfully subscribed to RAN_FUNC_ID 144 
112[UE 1 | RB 1] Throughput = 1.43588 Mbps | SE = 0.03763 bit/s/Hz
212[UE 1 | RB 1] Throughput = 0.71885 Mbps | SE = 0.01884 bit/s/Hz
322[UE 1 | RB 1] Throughput = 1.30905 Mbps | SE = 0.03430 bit/s/Hz
432[UE 1 | RB 1] Throughput = 0.65455 Mbps | SE = 0.01715 bit/s/Hz
542[UE 1 | RB 1] Throughput = 1.30845 Mbps | SE = 0.03429 bit/s/Hz
642[UE 1 | RB 1] Throughput = 0.71743 Mbps | SE = 0.01880 bit/s/Hz
742[UE 1 | RB 1] Throughput = 1.19738 Mbps | SE = 0.03138 bit/s/Hz
852[UE 1 | RB 1] Throughput = 1.41850 Mbps | SE = 0.03717 bit/s/Hz
952[UE 1 | RB 1] Throughput = 0.83800 Mbps | SE = 0.02196 bit/s/Hz
1052[UE 1 | RB 1] Throughput = 1.07687 Mbps | SE = 0.02822 bit/s/Hz
1153[UE 1 | RB 1] Throughput = 1.43249 Mbps | SE = 0.03754 bit/s/Hz
1253[UE 1 | RB 1] Throughput = 0.59852 Mbps | SE = 0.01568 bit/s/Hz
1362[UE 1 | RB 1] Throughput = 1.31340 Mbps | SE = 0.03442 bit/s/Hz
1472[UE 1 | RB 1] Throughput = 0.98244 Mbps | SE = 0.02575 bit/s/Hz
1572[UE 1 | RB 1] Throughput = 1.19516 Mbps | SE = 0.03132 bit/s/Hz
1672[UE 1 | RB 1] Throughput = 0.83756 Mbps | SE = 0.02195 bit/s/Hz
1782[UE 1 | RB 1] Throughput = 1.20178 Mbps | SE = 0.03149 bit/s/Hz
1882[UE 1 | RB 1] Throughput = 0.95732 Mbps | SE = 0.02509 bit/s/Hz
1992[UE 1 | RB 1] Throughput = 1.30694 Mbps | SE = 0.03425 bit/s/Hz
2092[UE 1 | RB 1] Throughput = 0.71888 Mbps | SE = 0.01884 bit/s/Hz
2202[UE 1 | RB 1] Throughput = 1.30830 Mbps | SE = 0.03428 bit/s/Hz
2312[UE 1 | RB 1] Throughput = 1.20041 Mbps | SE = 0.03146 bit/s/Hz
2412[UE 1 | RB 1] Throughput = 0.71894 Mbps | SE = 0.01884 bit/s/Hz
2512[UE 1 | RB 1] Throughput = 0.95777 Mbps | SE = 0.02510 bit/s/Hz
2622[UE 1 | RB 1] Throughput = 1.20143 Mbps | SE = 0.03148 bit/s/Hz
2722[UE 1 | RB 1] Throughput = 1.31545 Mbps | SE = 0.03447 bit/s/Hz
2832[UE 1 | RB 1] Throughput = 0.87327 Mbps | SE = 0.02288 bit/s/Hz
2932[UE 1 | RB 1] Throughput = 0.71890 Mbps | SE = 0.01884 bit/s/Hz
3042[UE 1 | RB 1] Throughput = 1.30682 Mbps | SE = 0.03425 bit/s/Hz
3142[UE 1 | RB 1] Throughput = 1.43702 Mbps | SE = 0.03766 bit/s/Hz
3242[UE 1 | RB 1] Throughput = 0.83628 Mbps | SE = 0.02192 bit/s/Hz
3352[UE 1 | RB 1] Throughput = 0.76320 Mbps | SE = 0.02000 bit/s/Hz
3452[UE 1 | RB 1] Throughput = 0.83710 Mbps | SE = 0.02194 bit/s/Hz
3562[UE 1 | RB 1] Throughput = 1.63856 Mbps | SE = 0.04294 bit/s/Hz
3662[UE 1 | RB 1] Throughput = 0.95681 Mbps | SE = 0.02507 bit/s/Hz
3772[UE 1 | RB 1] Throughput = 0.87373 Mbps | SE = 0.02290 bit/s/Hz
3872[UE 1 | RB 1] Throughput = 1.31644 Mbps | SE = 0.03450 bit/s/Hz
3982[UE 1 | RB 1] Throughput = 0.98197 Mbps | SE = 0.02573 bit/s/Hz
4082[UE 1 | RB 1] Throughput = 0.71824 Mbps | SE = 0.01882 bit/s/Hz
4192[UE 1 | RB 1] Throughput = 1.30500 Mbps | SE = 0.03420 bit/s/Hz
4302[UE 1 | RB 1] Throughput = 1.19753 Mbps | SE = 0.03138 bit/s/Hz
4412[UE 1 | RB 1] Throughput = 1.09302 Mbps | SE = 0.02864 bit/s/Hz
4512[UE 1 | RB 1] Throughput = 1.07645 Mbps | SE = 0.02821 bit/s/Hz
4613[UE 1 | RB 1] Throughput = 1.19602 Mbps | SE = 0.03134 bit/s/Hz
4722[UE 1 | RB 1] Throughput = 0.65599 Mbps | SE = 0.01719 bit/s/Hz
4832[UE 1 | RB 1] Throughput = 1.19795 Mbps | SE = 0.03139 bit/s/Hz
4933[UE 1 | RB 1] Throughput = 0.83595 Mbps | SE = 0.02191 bit/s/Hz
5033[UE 1 | RB 1] Throughput = 1.07660 Mbps | SE = 0.02821 bit/s/Hz
5142[UE 1 | RB 1] Throughput = 1.31305 Mbps | SE = 0.03441 bit/s/Hz
5252[UE 1 | RB 1] Throughput = 1.30829 Mbps | SE = 0.03428 bit/s/Hz
5362[UE 1 | RB 1] Throughput = 0.76186 Mbps | SE = 0.01996 bit/s/Hz
5472[UE 1 | RB 1] Throughput = 1.30584 Mbps | SE = 0.03422 bit/s/Hz
5582[UE 1 | RB 1] Throughput = 1.20257 Mbps | SE = 0.03151 bit/s/Hz
5682[UE 1 | RB 1] Throughput = 1.07488 Mbps | SE = 0.02817 bit/s/Hz
5783[UE 1 | RB 1] Throughput = 0.83728 Mbps | SE = 0.02194 bit/s/Hz
5883[UE 1 | RB 1] Throughput = 1.19584 Mbps | SE = 0.03134 bit/s/Hz
5992[UE 1 | RB 1] Throughput = 0.87393 Mbps | SE = 0.02290 bit/s/Hz
6102[UE 1 | RB 1] Throughput = 1.30710 Mbps | SE = 0.03425 bit/s/Hz
6212[UE 1 | RB 1] Throughput = 0.65399 Mbps | SE = 0.01714 bit/s/Hz
6322[UE 1 | RB 1] Throughput = 1.30768 Mbps | SE = 0.03427 bit/s/Hz
6432[UE 1 | RB 1] Throughput = 1.19756 Mbps | SE = 0.03138 bit/s/Hz
6542[UE 1 | RB 1] Throughput = 0.76291 Mbps | SE = 0.01999 bit/s/Hz
6652[UE 1 | RB 1] Throughput = 1.09190 Mbps | SE = 0.02861 bit/s/Hz
6752[UE 1 | RB 1] Throughput = 1.31634 Mbps | SE = 0.03450 bit/s/Hz
6852[UE 1 | RB 1] Throughput = 1.07707 Mbps | SE = 0.02823 bit/s/Hz
6962[UE 1 | RB 1] Throughput = 0.76398 Mbps | SE = 0.02002 bit/s/Hz
7072[UE 1 | RB 1] Throughput = 1.19928 Mbps | SE = 0.03143 bit/s/Hz
7182[UE 1 | RB 1] Throughput = 1.41354 Mbps | SE = 0.03704 bit/s/Hz
7292[UE 1 | RB 1] Throughput = 0.98396 Mbps | SE = 0.02579 bit/s/Hz
7392[UE 1 | RB 1] Throughput = 0.95845 Mbps | SE = 0.02512 bit/s/Hz
7492[UE 1 | RB 1] Throughput = 1.19833 Mbps | SE = 0.03140 bit/s/Hz
7592[UE 1 | RB 1] Throughput = 0.71813 Mbps | SE = 0.01882 bit/s/Hz
7702[UE 1 | RB 1] Throughput = 1.30779 Mbps | SE = 0.03427 bit/s/Hz
7802[UE 1 | RB 1] Throughput = 0.59890 Mbps | SE = 0.01569 bit/s/Hz
7902[UE 1 | RB 1] Throughput = 1.55340 Mbps | SE = 0.04071 bit/s/Hz
8012[UE 1 | RB 1] Throughput = 1.20052 Mbps | SE = 0.03146 bit/s/Hz
8122[UE 1 | RB 1] Throughput = 0.54388 Mbps | SE = 0.01425 bit/s/Hz
8232[UE 1 | RB 1] Throughput = 1.20146 Mbps | SE = 0.03148 bit/s/Hz
8332[UE 1 | RB 1] Throughput = 1.19779 Mbps | SE = 0.03139 bit/s/Hz
8432[UE 1 | RB 1] Throughput = 1.07692 Mbps | SE = 0.02822 bit/s/Hz
8542[UE 1 | RB 1] Throughput = 1.19899 Mbps | SE = 0.03142 bit/s/Hz
8642[UE 1 | RB 1] Throughput = 0.95860 Mbps | SE = 0.02512 bit/s/Hz
8752[UE 1 | RB 1] Throughput = 1.19949 Mbps | SE = 0.03143 bit/s/Hz
8852[UE 1 | RB 1] Throughput = 0.71853 Mbps | SE = 0.01883 bit/s/Hz
8952[UE 1 | RB 1] Throughput = 1.31815 Mbps | SE = 0.03454 bit/s/Hz
9052[UE 1 | RB 1] Throughput = 1.31803 Mbps | SE = 0.03454 bit/s/Hz
9162[UE 1 | RB 1] Throughput = 0.76267 Mbps | SE = 0.01999 bit/s/Hz
9272[UE 1 | RB 1] Throughput = 0.65419 Mbps | SE = 0.01714 bit/s/Hz
9372[UE 1 | RB 1] Throughput = 1.67448 Mbps | SE = 0.04388 bit/s/Hz
9482[UE 1 | RB 1] Throughput = 1.19999 Mbps | SE = 0.03145 bit/s/Hz
9582[UE 1 | RB 1] Throughput = 0.83797 Mbps | SE = 0.02196 bit/s/Hz
9692[UE 1 | RB 1] Throughput = 1.09263 Mbps | SE = 0.02863 bit/s/Hz
9793[UE 1 | RB 1] Throughput = 0.59508 Mbps | SE = 0.01559 bit/s/Hz
9903[UE 1 | RB 1] Throughput = 1.52669 Mbps | SE = 0.04001 bit/s/Hz
10012[UE 1 | RB 1] Throughput = 0.65623 Mbps | SE = 0.01720 bit/s/Hz
10112[UE 1 | RB 1] Throughput = 1.55736 Mbps | SE = 0.04081 bit/s/Hz
10212[UE 1 | RB 1] Throughput = 0.71747 Mbps | SE = 0.01880 bit/s/Hz
10322[UE 1 | RB 1] Throughput = 1.31136 Mbps | SE = 0.03436 bit/s/Hz
10422[UE 1 | RB 1] Throughput = 0.71846 Mbps | SE = 0.01883 bit/s/Hz
10522[UE 1 | RB 1] Throughput = 1.43788 Mbps | SE = 0.03768 bit/s/Hz
10633[UE 1 | RB 1] Throughput = 0.65211 Mbps | SE = 0.01709 bit/s/Hz
10742[UE 1 | RB 1] Throughput = 1.52800 Mbps | SE = 0.04004 bit/s/Hz
10842[UE 1 | RB 1] Throughput = 0.71832 Mbps | SE = 0.01882 bit/s/Hz
10952[UE 1 | RB 1] Throughput = 1.31019 Mbps | SE = 0.03433 bit/s/Hz
11053[UE 1 | RB 1] Throughput = 0.71418 Mbps | SE = 0.01872 bit/s/Hz
11163[UE 1 | RB 1] Throughput = 1.19805 Mbps | SE = 0.03140 bit/s/Hz
11272[UE 1 | RB 1] Throughput = 1.31500 Mbps | SE = 0.03446 bit/s/Hz
11372[UE 1 | RB 1] Throughput = 0.71725 Mbps | SE = 0.01880 bit/s/Hz
11482[UE 1 | RB 1] Throughput = 1.30884 Mbps | SE = 0.03430 bit/s/Hz
11583[UE 1 | RB 1] Throughput = 0.83555 Mbps | SE = 0.02190 bit/s/Hz
11692[UE 1 | RB 1] Throughput = 1.31110 Mbps | SE = 0.03436 bit/s/Hz
11793[UE 1 | RB 1] Throughput = 0.71730 Mbps | SE = 0.01880 bit/s/Hz
11902[UE 1 | RB 1] Throughput = 1.30966 Mbps | SE = 0.03432 bit/s/Hz
12012[UE 1 | RB 1] Throughput = 1.31087 Mbps | SE = 0.03435 bit/s/Hz
12112[UE 1 | RB 1] Throughput = 0.59766 Mbps | SE = 0.01566 bit/s/Hz
12212[UE 1 | RB 1] Throughput = 1.31819 Mbps | SE = 0.03454 bit/s/Hz
12322[UE 1 | RB 1] Throughput = 1.20058 Mbps | SE = 0.03146 bit/s/Hz
12422[UE 1 | RB 1] Throughput = 1.07779 Mbps | SE = 0.02824 bit/s/Hz
12522[UE 1 | RB 1] Throughput = 0.83775 Mbps | SE = 0.02195 bit/s/Hz
12632[UE 1 | RB 1] Throughput = 1.31022 Mbps | SE = 0.03433 bit/s/Hz
12732[UE 1 | RB 1] Throughput = 0.71717 Mbps | SE = 0.01879 bit/s/Hz
12842[UE 1 | RB 1] Throughput = 1.19929 Mbps | SE = 0.03143 bit/s/Hz
12952[UE 1 | RB 1] Throughput = 1.30850 Mbps | SE = 0.03429 bit/s/Hz
13052[UE 1 | RB 1] Throughput = 0.59915 Mbps | SE = 0.01570 bit/s/Hz
13162[UE 1 | RB 1] Throughput = 1.30679 Mbps | SE = 0.03424 bit/s/Hz
13272[UE 1 | RB 1] Throughput = 1.19836 Mbps | SE = 0.03140 bit/s/Hz
13382[UE 1 | RB 1] Throughput = 0.54594 Mbps | SE = 0.01431 bit/s/Hz
13482[UE 1 | RB 1] Throughput = 1.55489 Mbps | SE = 0.04075 bit/s/Hz
13592[UE 1 | RB 1] Throughput = 1.30762 Mbps | SE = 0.03427 bit/s/Hz
13692[UE 1 | RB 1] Throughput = 0.83869 Mbps | SE = 0.02198 bit/s/Hz
13792[UE 1 | RB 1] Throughput = 0.83879 Mbps | SE = 0.02198 bit/s/Hz
13902[UE 1 | RB 1] Throughput = 1.19815 Mbps | SE = 0.03140 bit/s/Hz
14012[UE 1 | RB 1] Throughput = 1.30839 Mbps | SE = 0.03429 bit/s/Hz
14112[UE 1 | RB 1] Throughput = 0.71814 Mbps | SE = 0.01882 bit/s/Hz
14222[UE 1 | RB 1] Throughput = 1.30879 Mbps | SE = 0.03430 bit/s/Hz
14322[UE 1 | RB 1] Throughput = 0.71803 Mbps | SE = 0.01882 bit/s/Hz
14423[UE 1 | RB 1] Throughput = 1.43664 Mbps | SE = 0.03765 bit/s/Hz
14532[UE 1 | RB 1] Throughput = 0.65567 Mbps | SE = 0.01718 bit/s/Hz
14642[UE 1 | RB 1] Throughput = 1.30439 Mbps | SE = 0.03418 bit/s/Hz
14752[UE 1 | RB 1] Throughput = 1.31165 Mbps | SE = 0.03437 bit/s/Hz
14852[UE 1 | RB 1] Throughput = 0.59916 Mbps | SE = 0.01570 bit/s/Hz
14962[UE 1 | RB 1] Throughput = 1.30429 Mbps | SE = 0.03418 bit/s/Hz
15063[UE 1 | RB 1] Throughput = 1.31330 Mbps | SE = 0.03442 bit/s/Hz
15172[UE 1 | RB 1] Throughput = 0.76590 Mbps | SE = 0.02007 bit/s/Hz
15282[UE 1 | RB 1] Throughput = 1.30463 Mbps | SE = 0.03419 bit/s/Hz
15392[UE 1 | RB 1] Throughput = 0.65419 Mbps | SE = 0.01714 bit/s/Hz
15493[UE 1 | RB 1] Throughput = 1.54641 Mbps | SE = 0.04052 bit/s/Hz
15602[UE 1 | RB 1] Throughput = 0.65752 Mbps | SE = 0.01723 bit/s/Hz
15703[UE 1 | RB 1] Throughput = 1.42798 Mbps | SE = 0.03742 bit/s/Hz
15812[UE 1 | RB 1] Throughput = 0.76972 Mbps | SE = 0.02017 bit/s/Hz
15912[UE 1 | RB 1] Throughput = 1.31415 Mbps | SE = 0.03444 bit/s/Hz
16022[UE 1 | RB 1] Throughput = 0.65392 Mbps | SE = 0.01714 bit/s/Hz
16123[UE 1 | RB 1] Throughput = 1.43007 Mbps | SE = 0.03748 bit/s/Hz
16232[UE 1 | RB 1] Throughput = 1.20677 Mbps | SE = 0.03162 bit/s/Hz
16342[UE 1 | RB 1] Throughput = 0.98136 Mbps | SE = 0.02572 bit/s/Hz
16452[UE 1 | RB 1] Throughput = 1.19794 Mbps | SE = 0.03139 bit/s/Hz
16552[UE 1 | RB 1] Throughput = 0.83801 Mbps | SE = 0.02196 bit/s/Hz
16663[UE 1 | RB 1] Throughput = 1.08075 Mbps | SE = 0.02832 bit/s/Hz
16772[UE 1 | RB 1] Throughput = 0.65847 Mbps | SE = 0.01726 bit/s/Hz
16882[UE 1 | RB 1] Throughput = 1.31032 Mbps | SE = 0.03434 bit/s/Hz
16982[UE 1 | RB 1] Throughput = 1.43677 Mbps | SE = 0.03765 bit/s/Hz
17092[UE 1 | RB 1] Throughput = 0.86995 Mbps | SE = 0.02280 bit/s/Hz
17202[UE 1 | RB 1] Throughput = 1.30736 Mbps | SE = 0.03426 bit/s/Hz
17302[UE 1 | RB 1] Throughput = 0.59895 Mbps | SE = 0.01570 bit/s/Hz
17412[UE 1 | RB 1] Throughput = 1.19980 Mbps | SE = 0.03144 bit/s/Hz
17513[UE 1 | RB 1] Throughput = 1.31470 Mbps | SE = 0.03445 bit/s/Hz
17622[UE 1 | RB 1] Throughput = 0.98286 Mbps | SE = 0.02576 bit/s/Hz
17723[UE 1 | RB 1] Throughput = 1.07591 Mbps | SE = 0.02819 bit/s/Hz
17832[UE 1 | RB 1] Throughput = 0.98209 Mbps | SE = 0.02574 bit/s/Hz
17933[UE 1 | RB 1] Throughput = 1.07730 Mbps | SE = 0.02823 bit/s/Hz
18043[UE 1 | RB 1] Throughput = 1.19796 Mbps | SE = 0.03139 bit/s/Hz
18143[UE 1 | RB 1] Throughput = 1.19838 Mbps | SE = 0.03140 bit/s/Hz
18243[UE 1 | RB 1] Throughput = 0.59651 Mbps | SE = 0.01563 bit/s/Hz
18352[UE 1 | RB 1] Throughput = 1.31410 Mbps | SE = 0.03444 bit/s/Hz
18463[UE 1 | RB 1] Throughput = 1.19420 Mbps | SE = 0.03129 bit/s/Hz
18573[UE 1 | RB 1] Throughput = 0.98239 Mbps | SE = 0.02574 bit/s/Hz
18683[UE 1 | RB 1] Throughput = 1.19831 Mbps | SE = 0.03140 bit/s/Hz
18792[UE 1 | RB 1] Throughput = 0.65539 Mbps | SE = 0.01717 bit/s/Hz
18893[UE 1 | RB 1] Throughput = 1.43462 Mbps | SE = 0.03759 bit/s/Hz
19003[UE 1 | RB 1] Throughput = 0.65352 Mbps | SE = 0.01713 bit/s/Hz
19112[UE 1 | RB 1] Throughput = 1.30917 Mbps | SE = 0.03431 bit/s/Hz
19222[UE 1 | RB 1] Throughput = 1.30758 Mbps | SE = 0.03427 bit/s/Hz
19333[UE 1 | RB 1] Throughput = 0.65234 Mbps | SE = 0.01709 bit/s/Hz
19433[UE 1 | RB 1] Throughput = 1.43534 Mbps | SE = 0.03761 bit/s/Hz
19542[UE 1 | RB 1] Throughput = 0.76513 Mbps | SE = 0.02005 bit/s/Hz
19652[UE 1 | RB 1] Throughput = 1.30956 Mbps | SE = 0.03432 bit/s/Hz
19762[UE 1 | RB 1] Throughput = 1.19830 Mbps | SE = 0.03140 bit/s/Hz
19862[UE 1 | RB 1] Throughput = 0.59886 Mbps | SE = 0.01569 bit/s/Hz
19963[UE 1 | RB 1] Throughput = 1.31081 Mbps | SE = 0.03435 bit/s/Hz
20072[UE 1 | RB 1] Throughput = 1.09543 Mbps | SE = 0.02871 bit/s/Hz
20172[UE 1 | RB 1] Throughput = 1.19699 Mbps | SE = 0.03137 bit/s/Hz
20272[UE 1 | RB 1] Throughput = 0.83888 Mbps | SE = 0.02198 bit/s/Hz
20372[UE 1 | RB 1] Throughput = 1.43752 Mbps | SE = 0.03767 bit/s/Hz
20473[UE 1 | RB 1] Throughput = 0.71892 Mbps | SE = 0.01884 bit/s/Hz
20573[UE 1 | RB 1] Throughput = 1.31755 Mbps | SE = 0.03453 bit/s/Hz
20673[UE 1 | RB 1] Throughput = 0.71342 Mbps | SE = 0.01870 bit/s/Hz
20783[UE 1 | RB 1] Throughput = 1.42453 Mbps | SE = 0.03733 bit/s/Hz
20892[UE 1 | RB 1] Throughput = 0.65540 Mbps | SE = 0.01718 bit/s/Hz
21002[UE 1 | RB 1] Throughput = 1.41917 Mbps | SE = 0.03719 bit/s/Hz
21102[UE 1 | RB 1] Throughput = 0.59770 Mbps | SE = 0.01566 bit/s/Hz
21202[UE 1 | RB 1] Throughput = 1.67696 Mbps | SE = 0.04395 bit/s/Hz
21312[UE 1 | RB 1] Throughput = 0.65463 Mbps | SE = 0.01715 bit/s/Hz
21412[UE 1 | RB 1] Throughput = 1.31711 Mbps | SE = 0.03452 bit/s/Hz
21522[UE 1 | RB 1] Throughput = 0.65400 Mbps | SE = 0.01714 bit/s/Hz
21632[UE 1 | RB 1] Throughput = 1.30630 Mbps | SE = 0.03423 bit/s/Hz
21733[UE 1 | RB 1] Throughput = 1.31634 Mbps | SE = 0.03450 bit/s/Hz
21842[UE 1 | RB 1] Throughput = 1.19996 Mbps | SE = 0.03145 bit/s/Hz
21943[UE 1 | RB 1] Throughput = 0.83821 Mbps | SE = 0.02197 bit/s/Hz
22052[UE 1 | RB 1] Throughput = 1.09031 Mbps | SE = 0.02857 bit/s/Hz
22162[UE 1 | RB 1] Throughput = 1.19992 Mbps | SE = 0.03144 bit/s/Hz
22263[UE 1 | RB 1] Throughput = 0.71638 Mbps | SE = 0.01877 bit/s/Hz
22372[UE 1 | RB 1] Throughput = 1.20112 Mbps | SE = 0.03148 bit/s/Hz
22472[UE 1 | RB 1] Throughput = 0.83872 Mbps | SE = 0.02198 bit/s/Hz
22582[UE 1 | RB 1] Throughput = 1.09125 Mbps | SE = 0.02860 bit/s/Hz
22682[UE 1 | RB 1] Throughput = 1.43585 Mbps | SE = 0.03763 bit/s/Hz
22792[UE 1 | RB 1] Throughput = 0.76310 Mbps | SE = 0.02000 bit/s/Hz
22892[UE 1 | RB 1] Throughput = 1.43677 Mbps | SE = 0.03765 bit/s/Hz
23002[UE 1 | RB 1] Throughput = 0.65562 Mbps | SE = 0.01718 bit/s/Hz
23102[UE 1 | RB 1] Throughput = 1.43331 Mbps | SE = 0.03756 bit/s/Hz
23212[UE 1 | RB 1] Throughput = 0.65364 Mbps | SE = 0.01713 bit/s/Hz
23312[UE 1 | RB 1] Throughput = 1.67749 Mbps | SE = 0.04396 bit/s/Hz
23413[UE 1 | RB 1] Throughput = 0.71562 Mbps | SE = 0.01875 bit/s/Hz
23522[UE 1 | RB 1] Throughput = 1.31367 Mbps | SE = 0.03443 bit/s/Hz
23633[UE 1 | RB 1] Throughput = 0.65300 Mbps | SE = 0.01711 bit/s/Hz
23733[UE 1 | RB 1] Throughput = 1.43689 Mbps | SE = 0.03765 bit/s/Hz
23842[UE 1 | RB 1] Throughput = 0.98311 Mbps | SE = 0.02576 bit/s/Hz
23942[UE 1 | RB 1] Throughput = 0.59873 Mbps | SE = 0.01569 bit/s/Hz
24042[UE 1 | RB 1] Throughput = 1.67719 Mbps | SE = 0.04395 bit/s/Hz
24142[UE 1 | RB 1] Throughput = 0.71888 Mbps | SE = 0.01884 bit/s/Hz
24252[UE 1 | RB 1] Throughput = 1.41629 Mbps | SE = 0.03711 bit/s/Hz
24353[UE 1 | RB 1] Throughput = 0.71745 Mbps | SE = 0.01880 bit/s/Hz
24462[UE 1 | RB 1] Throughput = 1.31333 Mbps | SE = 0.03442 bit/s/Hz
24562[UE 1 | RB 1] Throughput = 1.31612 Mbps | SE = 0.03449 bit/s/Hz
24663[UE 1 | RB 1] Throughput = 0.83746 Mbps | SE = 0.02195 bit/s/Hz
24763[UE 1 | RB 1] Throughput = 1.31671 Mbps | SE = 0.03451 bit/s/Hz
24873[UE 1 | RB 1] Throughput = 0.76291 Mbps | SE = 0.01999 bit/s/Hz
24973[UE 1 | RB 1] Throughput = 1.07692 Mbps | SE = 0.02822 bit/s/Hz
25083[UE 1 | RB 1] Throughput = 1.20030 Mbps | SE = 0.03145 bit/s/Hz
25183[UE 1 | RB 1] Throughput = 1.19766 Mbps | SE = 0.03139 bit/s/Hz
25292[UE 1 | RB 1] Throughput = 0.65448 Mbps | SE = 0.01715 bit/s/Hz
25402[UE 1 | RB 1] Throughput = 1.30881 Mbps | SE = 0.03430 bit/s/Hz
25503[UE 1 | RB 1] Throughput = 0.71796 Mbps | SE = 0.01881 bit/s/Hz
25613[UE 1 | RB 1] Throughput = 1.30572 Mbps | SE = 0.03422 bit/s/Hz
25723[UE 1 | RB 1] Throughput = 1.30863 Mbps | SE = 0.03429 bit/s/Hz
25823[UE 1 | RB 1] Throughput = 0.71530 Mbps | SE = 0.01874 bit/s/Hz
25933[UE 1 | RB 1] Throughput = 1.42294 Mbps | SE = 0.03729 bit/s/Hz
26033[UE 1 | RB 1] Throughput = 0.71893 Mbps | SE = 0.01884 bit/s/Hz
26143[UE 1 | RB 1] Throughput = 1.30793 Mbps | SE = 0.03427 bit/s/Hz
26243[UE 1 | RB 1] Throughput = 0.71855 Mbps | SE = 0.01883 bit/s/Hz
26352[UE 1 | RB 1] Throughput = 1.30901 Mbps | SE = 0.03430 bit/s/Hz
26462[UE 1 | RB 1] Throughput = 0.65365 Mbps | SE = 0.01713 bit/s/Hz
26562[UE 1 | RB 1] Throughput = 1.55741 Mbps | SE = 0.04081 bit/s/Hz
26672[UE 1 | RB 1] Throughput = 0.65373 Mbps | SE = 0.01713 bit/s/Hz
26773[UE 1 | RB 1] Throughput = 1.43745 Mbps | SE = 0.03767 bit/s/Hz
26882[UE 1 | RB 1] Throughput = 0.65541 Mbps | SE = 0.01718 bit/s/Hz
26982[UE 1 | RB 1] Throughput = 1.43679 Mbps | SE = 0.03765 bit/s/Hz
27082[UE 1 | RB 1] Throughput = 0.95735 Mbps | SE = 0.02509 bit/s/Hz
27183[UE 1 | RB 1] Throughput = 1.43743 Mbps | SE = 0.03767 bit/s/Hz
27283[UE 1 | RB 1] Throughput = 0.71804 Mbps | SE = 0.01882 bit/s/Hz
27393[UE 1 | RB 1] Throughput = 1.30861 Mbps | SE = 0.03429 bit/s/Hz
27493[UE 1 | RB 1] Throughput = 0.71882 Mbps | SE = 0.01884 bit/s/Hz
27603[UE 1 | RB 1] Throughput = 1.30168 Mbps | SE = 0.03411 bit/s/Hz
27712[UE 1 | RB 1] Throughput = 0.65779 Mbps | SE = 0.01724 bit/s/Hz
27822[UE 1 | RB 1] Throughput = 1.52832 Mbps | SE = 0.04005 bit/s/Hz
27932[UE 1 | RB 1] Throughput = 0.97788 Mbps | SE = 0.02563 bit/s/Hz
28033[UE 1 | RB 1] Throughput = 1.19731 Mbps | SE = 0.03138 bit/s/Hz
28133[UE 1 | RB 1] Throughput = 0.95857 Mbps | SE = 0.02512 bit/s/Hz
28233[UE 1 | RB 1] Throughput = 1.07080 Mbps | SE = 0.02806 bit/s/Hz
28343[UE 1 | RB 1] Throughput = 1.20542 Mbps | SE = 0.03159 bit/s/Hz
28452[UE 1 | RB 1] Throughput = 0.65444 Mbps | SE = 0.01715 bit/s/Hz
28553[UE 1 | RB 1] Throughput = 1.43565 Mbps | SE = 0.03762 bit/s/Hz
28663[UE 1 | RB 1] Throughput = 1.19393 Mbps | SE = 0.03129 bit/s/Hz
28772[UE 1 | RB 1] Throughput = 0.65758 Mbps | SE = 0.01723 bit/s/Hz
28872[UE 1 | RB 1] Throughput = 1.43716 Mbps | SE = 0.03766 bit/s/Hz
28973[UE 1 | RB 1] Throughput = 0.83813 Mbps | SE = 0.02196 bit/s/Hz
29073[UE 1 | RB 1] Throughput = 0.83841 Mbps | SE = 0.02197 bit/s/Hz
29182[UE 1 | RB 1] Throughput = 1.20105 Mbps | SE = 0.03147 bit/s/Hz
29292[UE 1 | RB 1] Throughput = 1.19838 Mbps | SE = 0.03140 bit/s/Hz
29393[UE 1 | RB 1] Throughput = 0.83501 Mbps | SE = 0.02188 bit/s/Hz
29502[UE 1 | RB 1] Throughput = 1.31388 Mbps | SE = 0.03443 bit/s/Hz
29612[UE 1 | RB 1] Throughput = 1.30630 Mbps | SE = 0.03423 bit/s/Hz
29713[UE 1 | RB 1] Throughput = 0.95747 Mbps | SE = 0.02509 bit/s/Hz
29813[UE 1 | RB 1] Throughput = 0.71771 Mbps | SE = 0.01881 bit/s/Hz
29923[UE 1 | RB 1] Throughput = 1.30863 Mbps | SE = 0.03429 bit/s/Hz
30033[UE 1 | RB 1] Throughput = 0.87236 Mbps | SE = 0.02286 bit/s/Hz
30133[UE 1 | RB 1] Throughput = 1.19720 Mbps | SE = 0.03137 bit/s/Hz
30233[UE 1 | RB 1] Throughput = 1.06948 Mbps | SE = 0.02803 bit/s/Hz
30342[UE 1 | RB 1] Throughput = 1.09986 Mbps | SE = 0.02882 bit/s/Hz
30443[UE 1 | RB 1] Throughput = 1.19607 Mbps | SE = 0.03134 bit/s/Hz
30553[UE 1 | RB 1] Throughput = 0.65323 Mbps | SE = 0.01712 bit/s/Hz
30662[UE 1 | RB 1] Throughput = 1.42035 Mbps | SE = 0.03722 bit/s/Hz
30763[UE 1 | RB 1] Throughput = 0.71724 Mbps | SE = 0.01880 bit/s/Hz
30873[UE 1 | RB 1] Throughput = 0.98150 Mbps | SE = 0.02572 bit/s/Hz
30973[UE 1 | RB 1] Throughput = 1.43555 Mbps | SE = 0.03762 bit/s/Hz
31073[UE 1 | RB 1] Throughput = 0.95811 Mbps | SE = 0.02511 bit/s/Hz
31183[UE 1 | RB 1] Throughput = 1.20015 Mbps | SE = 0.03145 bit/s/Hz
31283[UE 1 | RB 1] Throughput = 1.31790 Mbps | SE = 0.03454 bit/s/Hz
31392[UE 1 | RB 1] Throughput = 0.65514 Mbps | SE = 0.01717 bit/s/Hz
31492[UE 1 | RB 1] Throughput = 1.31786 Mbps | SE = 0.03454 bit/s/Hz
31593[UE 1 | RB 1] Throughput = 1.07679 Mbps | SE = 0.02822 bit/s/Hz
31693[UE 1 | RB 1] Throughput = 0.59759 Mbps | SE = 0.01566 bit/s/Hz
31803[UE 1 | RB 1] Throughput = 1.52942 Mbps | SE = 0.04008 bit/s/Hz
31903[UE 1 | RB 1] Throughput = 0.83766 Mbps | SE = 0.02195 bit/s/Hz
32003[UE 1 | RB 1] Throughput = 1.43295 Mbps | SE = 0.03755 bit/s/Hz
32112[UE 1 | RB 1] Throughput = 0.76635 Mbps | SE = 0.02008 bit/s/Hz
32213[UE 1 | RB 1] Throughput = 1.07705 Mbps | SE = 0.02822 bit/s/Hz
32313[UE 1 | RB 1] Throughput = 1.19720 Mbps | SE = 0.03137 bit/s/Hz
32423[UE 1 | RB 1] Throughput = 1.09103 Mbps | SE = 0.02859 bit/s/Hz
32532[UE 1 | RB 1] Throughput = 0.98134 Mbps | SE = 0.02572 bit/s/Hz
32633[UE 1 | RB 1] Throughput = 0.71727 Mbps | SE = 0.01880 bit/s/Hz
32743[UE 1 | RB 1] Throughput = 1.30973 Mbps | SE = 0.03432 bit/s/Hz
32843[UE 1 | RB 1] Throughput = 1.31410 Mbps | SE = 0.03444 bit/s/Hz
32953[UE 1 | RB 1] Throughput = 1.09048 Mbps | SE = 0.02858 bit/s/Hz
33063[UE 1 | RB 1] Throughput = 0.65405 Mbps | SE = 0.01714 bit/s/Hz
33173[UE 1 | RB 1] Throughput = 1.30348 Mbps | SE = 0.03416 bit/s/Hz
33282[UE 1 | RB 1] Throughput = 1.31530 Mbps | SE = 0.03447 bit/s/Hz
33383[UE 1 | RB 1] Throughput = 0.71619 Mbps | SE = 0.01877 bit/s/Hz
33492[UE 1 | RB 1] Throughput = 1.20141 Mbps | SE = 0.03148 bit/s/Hz
33603[UE 1 | RB 1] Throughput = 1.19416 Mbps | SE = 0.03129 bit/s/Hz
33712[UE 1 | RB 1] Throughput = 0.65615 Mbps | SE = 0.01719 bit/s/Hz
33814[UE 1 | RB 1] Throughput = 1.41863 Mbps | SE = 0.03718 bit/s/Hz
33923[UE 1 | RB 1] Throughput = 1.09845 Mbps | SE = 0.02879 bit/s/Hz
34032[UE 1 | RB 1] Throughput = 0.87554 Mbps | SE = 0.02294 bit/s/Hz
34133[UE 1 | RB 1] Throughput = 1.19211 Mbps | SE = 0.03124 bit/s/Hz
34243[UE 1 | RB 1] Throughput = 1.08787 Mbps | SE = 0.02851 bit/s/Hz
34353[UE 1 | RB 1] Throughput = 1.20200 Mbps | SE = 0.03150 bit/s/Hz
34463[UE 1 | RB 1] Throughput = 1.09086 Mbps | SE = 0.02859 bit/s/Hz
34573[UE 1 | RB 1] Throughput = 0.98093 Mbps | SE = 0.02571 bit/s/Hz
34673[UE 1 | RB 1] Throughput = 0.83766 Mbps | SE = 0.02195 bit/s/Hz
34773[UE 1 | RB 1] Throughput = 1.07825 Mbps | SE = 0.02826 bit/s/Hz
34873[UE 1 | RB 1] Throughput = 1.31810 Mbps | SE = 0.03454 bit/s/Hz
34973[UE 1 | RB 1] Throughput = 0.95822 Mbps | SE = 0.02511 bit/s/Hz
35073[UE 1 | RB 1] Throughput = 0.95659 Mbps | SE = 0.02507 bit/s/Hz
35183[UE 1 | RB 1] Throughput = 0.65659 Mbps | SE = 0.01721 bit/s/Hz
35283[UE 1 | RB 1] Throughput = 1.67759 Mbps | SE = 0.04396 bit/s/Hz
35392[UE 1 | RB 1] Throughput = 1.19950 Mbps | SE = 0.03143 bit/s/Hz
35492[UE 1 | RB 1] Throughput = 0.83871 Mbps | SE = 0.02198 bit/s/Hz
35593[UE 1 | RB 1] Throughput = 1.07837 Mbps | SE = 0.02826 bit/s/Hz
35693[UE 1 | RB 1] Throughput = 1.07649 Mbps | SE = 0.02821 bit/s/Hz
35803[UE 1 | RB 1] Throughput = 1.20038 Mbps | SE = 0.03146 bit/s/Hz
35903[UE 1 | RB 1] Throughput = 0.95728 Mbps | SE = 0.02509 bit/s/Hz
36013[UE 1 | RB 1] Throughput = 0.98004 Mbps | SE = 0.02568 bit/s/Hz
36113[UE 1 | RB 1] Throughput = 1.07829 Mbps | SE = 0.02826 bit/s/Hz
36213[UE 1 | RB 1] Throughput = 1.07785 Mbps | SE = 0.02825 bit/s/Hz
36323[UE 1 | RB 1] Throughput = 1.19929 Mbps | SE = 0.03143 bit/s/Hz
36433[UE 1 | RB 1] Throughput = 0.87200 Mbps | SE = 0.02285 bit/s/Hz
36533[UE 1 | RB 1] Throughput = 0.95815 Mbps | SE = 0.02511 bit/s/Hz
36642[UE 1 | RB 1] Throughput = 1.31102 Mbps | SE = 0.03436 bit/s/Hz
36743[UE 1 | RB 1] Throughput = 1.07508 Mbps | SE = 0.02817 bit/s/Hz
36853[UE 1 | RB 1] Throughput = 1.19687 Mbps | SE = 0.03136 bit/s/Hz
36963[UE 1 | RB 1] Throughput = 0.76214 Mbps | SE = 0.01997 bit/s/Hz
37073[UE 1 | RB 1] Throughput = 1.31248 Mbps | SE = 0.03439 bit/s/Hz
37173[UE 1 | RB 1] Throughput = 0.71591 Mbps | SE = 0.01876 bit/s/Hz
37274[UE 1 | RB 1] Throughput = 1.42590 Mbps | SE = 0.03737 bit/s/Hz
37382[UE 1 | RB 1] Throughput = 0.66161 Mbps | SE = 0.01734 bit/s/Hz
37483[UE 1 | RB 1] Throughput = 1.55512 Mbps | SE = 0.04075 bit/s/Hz
37593[UE 1 | RB 1] Throughput = 0.98052 Mbps | SE = 0.02569 bit/s/Hz
37703[UE 1 | RB 1] Throughput = 0.97843 Mbps | SE = 0.02564 bit/s/Hz
37813[UE 1 | RB 1] Throughput = 1.09244 Mbps | SE = 0.02863 bit/s/Hz
37922[UE 1 | RB 1] Throughput = 1.19981 Mbps | SE = 0.03144 bit/s/Hz
38023[UE 1 | RB 1] Throughput = 0.83560 Mbps | SE = 0.02190 bit/s/Hz
38123[UE 1 | RB 1] Throughput = 1.07797 Mbps | SE = 0.02825 bit/s/Hz
38233[UE 1 | RB 1] Throughput = 1.20180 Mbps | SE = 0.03149 bit/s/Hz
38333[UE 1 | RB 1] Throughput = 0.83628 Mbps | SE = 0.02192 bit/s/Hz
38443[UE 1 | RB 1] Throughput = 1.20030 Mbps | SE = 0.03145 bit/s/Hz
38553[UE 1 | RB 1] Throughput = 0.76397 Mbps | SE = 0.02002 bit/s/Hz
38663[UE 1 | RB 1] Throughput = 1.41589 Mbps | SE = 0.03710 bit/s/Hz
38763[UE 1 | RB 1] Throughput = 1.19676 Mbps | SE = 0.03136 bit/s/Hz
38873[UE 1 | RB 1] Throughput = 1.09067 Mbps | SE = 0.02858 bit/s/Hz
38973[UE 1 | RB 1] Throughput = 0.95717 Mbps | SE = 0.02508 bit/s/Hz
39083[UE 1 | RB 1] Throughput = 0.97967 Mbps | SE = 0.02567 bit/s/Hz
39183[UE 1 | RB 1] Throughput = 1.07662 Mbps | SE = 0.02821 bit/s/Hz
39293[UE 1 | RB 1] Throughput = 1.09356 Mbps | SE = 0.02866 bit/s/Hz
39402[UE 1 | RB 1] Throughput = 1.09216 Mbps | SE = 0.02862 bit/s/Hz
39502[UE 1 | RB 1] Throughput = 0.71845 Mbps | SE = 0.01883 bit/s/Hz
39603[UE 1 | RB 1] Throughput = 1.31690 Mbps | SE = 0.03451 bit/s/Hz
39703[UE 1 | RB 1] Throughput = 1.31427 Mbps | SE = 0.03444 bit/s/Hz
39803[UE 1 | RB 1] Throughput = 0.71886 Mbps | SE = 0.01884 bit/s/Hz
39913[UE 1 | RB 1] Throughput = 1.20094 Mbps | SE = 0.03147 bit/s/Hz
40023[UE 1 | RB 1] Throughput = 1.19646 Mbps | SE = 0.03135 bit/s/Hz
40123[UE 1 | RB 1] Throughput = 0.71836 Mbps | SE = 0.01882 bit/s/Hz
40233[UE 1 | RB 1] Throughput = 1.19908 Mbps | SE = 0.03142 bit/s/Hz
40333[UE 1 | RB 1] Throughput = 1.19733 Mbps | SE = 0.03138 bit/s/Hz
40443[UE 1 | RB 1] Throughput = 1.30874 Mbps | SE = 0.03430 bit/s/Hz
40553[UE 1 | RB 1] Throughput = 0.65322 Mbps | SE = 0.01712 bit/s/Hz
40653[UE 1 | RB 1] Throughput = 1.43712 Mbps | SE = 0.03766 bit/s/Hz
40763[UE 1 | RB 1] Throughput = 1.09373 Mbps | SE = 0.02866 bit/s/Hz
40863[UE 1 | RB 1] Throughput = 0.71893 Mbps | SE = 0.01884 bit/s/Hz
40963[UE 1 | RB 1] Throughput = 1.31717 Mbps | SE = 0.03452 bit/s/Hz
41063[UE 1 | RB 1] Throughput = 0.71874 Mbps | SE = 0.01883 bit/s/Hz
41163[UE 1 | RB 1] Throughput = 1.19005 Mbps | SE = 0.03119 bit/s/Hz
41273[UE 1 | RB 1] Throughput = 0.98822 Mbps | SE = 0.02590 bit/s/Hz
41373[UE 1 | RB 1] Throughput = 1.31600 Mbps | SE = 0.03449 bit/s/Hz
41473[UE 1 | RB 1] Throughput = 0.71880 Mbps | SE = 0.01884 bit/s/Hz
41573[UE 1 | RB 1] Throughput = 1.43728 Mbps | SE = 0.03766 bit/s/Hz
41683[UE 1 | RB 1] Throughput = 1.09056 Mbps | SE = 0.02858 bit/s/Hz
41793[UE 1 | RB 1] Throughput = 0.54436 Mbps | SE = 0.01427 bit/s/Hz
41903[UE 1 | RB 1] Throughput = 1.41386 Mbps | SE = 0.03705 bit/s/Hz
42013[UE 1 | RB 1] Throughput = 1.31074 Mbps | SE = 0.03435 bit/s/Hz
42113[UE 1 | RB 1] Throughput = 1.07779 Mbps | SE = 0.02824 bit/s/Hz
42223[UE 1 | RB 1] Throughput = 0.65364 Mbps | SE = 0.01713 bit/s/Hz
42323[UE 1 | RB 1] Throughput = 1.31773 Mbps | SE = 0.03453 bit/s/Hz
42433[UE 1 | RB 1] Throughput = 1.19724 Mbps | SE = 0.03137 bit/s/Hz
42543[UE 1 | RB 1] Throughput = 0.65464 Mbps | SE = 0.01716 bit/s/Hz
42643[UE 1 | RB 1] Throughput = 1.43771 Mbps | SE = 0.03768 bit/s/Hz
42743[UE 1 | RB 1] Throughput = 0.83701 Mbps | SE = 0.02193 bit/s/Hz
42853[UE 1 | RB 1] Throughput = 1.30813 Mbps | SE = 0.03428 bit/s/Hz
42963[UE 1 | RB 1] Throughput = 0.98196 Mbps | SE = 0.02573 bit/s/Hz
43063[UE 1 | RB 1] Throughput = 1.31803 Mbps | SE = 0.03454 bit/s/Hz
43163[UE 1 | RB 1] Throughput = 0.71403 Mbps | SE = 0.01871 bit/s/Hz
43273[UE 1 | RB 1] Throughput = 1.31755 Mbps | SE = 0.03453 bit/s/Hz
43373[UE 1 | RB 1] Throughput = 0.95401 Mbps | SE = 0.02500 bit/s/Hz
43483[UE 1 | RB 1] Throughput = 0.65653 Mbps | SE = 0.01720 bit/s/Hz
43583[UE 1 | RB 1] Throughput = 1.43462 Mbps | SE = 0.03759 bit/s/Hz
43693[UE 1 | RB 1] Throughput = 1.30543 Mbps | SE = 0.03421 bit/s/Hz
43803[UE 1 | RB 1] Throughput = 0.65402 Mbps | SE = 0.01714 bit/s/Hz
43912[UE 1 | RB 1] Throughput = 1.31333 Mbps | SE = 0.03442 bit/s/Hz
44013[UE 1 | RB 1] Throughput = 0.71615 Mbps | SE = 0.01877 bit/s/Hz
44123[UE 1 | RB 1] Throughput = 1.30879 Mbps | SE = 0.03430 bit/s/Hz
44232[UE 1 | RB 1] Throughput = 0.76436 Mbps | SE = 0.02003 bit/s/Hz
44333[UE 1 | RB 1] Throughput = 1.67076 Mbps | SE = 0.04378 bit/s/Hz
44433[UE 1 | RB 1] Throughput = 0.71834 Mbps | SE = 0.01882 bit/s/Hz
44543[UE 1 | RB 1] Throughput = 1.20235 Mbps | SE = 0.03151 bit/s/Hz
44643[UE 1 | RB 1] Throughput = 0.83477 Mbps | SE = 0.02188 bit/s/Hz
44753[UE 1 | RB 1] Throughput = 1.20125 Mbps | SE = 0.03148 bit/s/Hz
44853[UE 1 | RB 1] Throughput = 1.31755 Mbps | SE = 0.03453 bit/s/Hz
44953[UE 1 | RB 1] Throughput = 0.95541 Mbps | SE = 0.02504 bit/s/Hz
45063[UE 1 | RB 1] Throughput = 0.87610 Mbps | SE = 0.02296 bit/s/Hz
45173[UE 1 | RB 1] Throughput = 1.30314 Mbps | SE = 0.03415 bit/s/Hz
45283[UE 1 | RB 1] Throughput = 0.76355 Mbps | SE = 0.02001 bit/s/Hz
45393[UE 1 | RB 1] Throughput = 1.19960 Mbps | SE = 0.03144 bit/s/Hz
45493[UE 1 | RB 1] Throughput = 0.71770 Mbps | SE = 0.01881 bit/s/Hz
45603[UE 1 | RB 1] Throughput = 1.52906 Mbps | SE = 0.04007 bit/s/Hz
45703[UE 1 | RB 1] Throughput = 0.71690 Mbps | SE = 0.01879 bit/s/Hz
45813[UE 1 | RB 1] Throughput = 1.41507 Mbps | SE = 0.03708 bit/s/Hz
45923[UE 1 | RB 1] Throughput = 0.65432 Mbps | SE = 0.01715 bit/s/Hz
46033[UE 1 | RB 1] Throughput = 1.30744 Mbps | SE = 0.03426 bit/s/Hz
46143[UE 1 | RB 1] Throughput = 1.31081 Mbps | SE = 0.03435 bit/s/Hz
46243[UE 1 | RB 1] Throughput = 1.07580 Mbps | SE = 0.02819 bit/s/Hz
46353[UE 1 | RB 1] Throughput = 0.65394 Mbps | SE = 0.01714 bit/s/Hz
46463[UE 1 | RB 1] Throughput = 1.30995 Mbps | SE = 0.03433 bit/s/Hz
46573[UE 1 | RB 1] Throughput = 1.19688 Mbps | SE = 0.03136 bit/s/Hz
46682[UE 1 | RB 1] Throughput = 1.20285 Mbps | SE = 0.03152 bit/s/Hz
46783[UE 1 | RB 1] Throughput = 0.71778 Mbps | SE = 0.01881 bit/s/Hz
46883[UE 1 | RB 1] Throughput = 1.19635 Mbps | SE = 0.03135 bit/s/Hz
46993[UE 1 | RB 1] Throughput = 0.97900 Mbps | SE = 0.02566 bit/s/Hz
47093[UE 1 | RB 1] Throughput = 1.31784 Mbps | SE = 0.03453 bit/s/Hz
47203[UE 1 | RB 1] Throughput = 0.65436 Mbps | SE = 0.01715 bit/s/Hz
47313[UE 1 | RB 1] Throughput = 1.30993 Mbps | SE = 0.03433 bit/s/Hz
47413[UE 1 | RB 1] Throughput = 1.19583 Mbps | SE = 0.03134 bit/s/Hz
47513[UE 1 | RB 1] Throughput = 0.71898 Mbps | SE = 0.01884 bit/s/Hz
47623[UE 1 | RB 1] Throughput = 1.41861 Mbps | SE = 0.03718 bit/s/Hz
47733[UE 1 | RB 1] Throughput = 0.98077 Mbps | SE = 0.02570 bit/s/Hz
47833[UE 1 | RB 1] Throughput = 1.07785 Mbps | SE = 0.02825 bit/s/Hz
47933[UE 1 | RB 1] Throughput = 1.19829 Mbps | SE = 0.03140 bit/s/Hz
48035[UE 1 | RB 1] Throughput = 0.82339 Mbps | SE = 0.02158 bit/s/Hz
48143[UE 1 | RB 1] Throughput = 1.32273 Mbps | SE = 0.03466 bit/s/Hz
48253[UE 1 | RB 1] Throughput = 0.65582 Mbps | SE = 0.01719 bit/s/Hz
48363[UE 1 | RB 1] Throughput = 1.41789 Mbps | SE = 0.03716 bit/s/Hz
48473[UE 1 | RB 1] Throughput = 0.65360 Mbps | SE = 0.01713 bit/s/Hz
48583[UE 1 | RB 1] Throughput = 1.19973 Mbps | SE = 0.03144 bit/s/Hz
48693[UE 1 | RB 1] Throughput = 1.19746 Mbps | SE = 0.03138 bit/s/Hz
48803[UE 1 | RB 1] Throughput = 1.09123 Mbps | SE = 0.02860 bit/s/Hz
48913[UE 1 | RB 1] Throughput = 1.08931 Mbps | SE = 0.02855 bit/s/Hz
49013[UE 1 | RB 1] Throughput = 0.95734 Mbps | SE = 0.02509 bit/s/Hz
49123[UE 1 | RB 1] Throughput = 1.30737 Mbps | SE = 0.03426 bit/s/Hz
49233[UE 1 | RB 1] Throughput = 0.97904 Mbps | SE = 0.02566 bit/s/Hz
49343[UE 1 | RB 1] Throughput = 0.87360 Mbps | SE = 0.02289 bit/s/Hz
49454[UE 1 | RB 1] Throughput = 1.18755 Mbps | SE = 0.03112 bit/s/Hz
49563[UE 1 | RB 1] Throughput = 1.20150 Mbps | SE = 0.03149 bit/s/Hz
49673[UE 1 | RB 1] Throughput = 0.65805 Mbps | SE = 0.01724 bit/s/Hz
49773[UE 1 | RB 1] Throughput = 1.55479 Mbps | SE = 0.04074 bit/s/Hz
49883[UE 1 | RB 1] Throughput = 0.98043 Mbps | SE = 0.02569 bit/s/Hz
49983[UE 1 | RB 1] Throughput = 0.83777 Mbps | SE = 0.02195 bit/s/Hz
50093[UE 1 | RB 1] Throughput = 1.20083 Mbps | SE = 0.03147 bit/s/Hz
50203[UE 1 | RB 1] Throughput = 1.09039 Mbps | SE = 0.02857 bit/s/Hz
50313[UE 1 | RB 1] Throughput = 0.87283 Mbps | SE = 0.02287 bit/s/Hz
50413[UE 1 | RB 1] Throughput = 1.31700 Mbps | SE = 0.03451 bit/s/Hz
50522[UE 1 | RB 1] Throughput = 1.20059 Mbps | SE = 0.03146 bit/s/Hz
50623[UE 1 | RB 1] Throughput = 0.95642 Mbps | SE = 0.02506 bit/s/Hz
50733[UE 1 | RB 1] Throughput = 0.98069 Mbps | SE = 0.02570 bit/s/Hz
50833[UE 1 | RB 1] Throughput = 1.07552 Mbps | SE = 0.02818 bit/s/Hz
50933[UE 1 | RB 1] Throughput = 1.07796 Mbps | SE = 0.02825 bit/s/Hz
51033[UE 1 | RB 1] Throughput = 0.59911 Mbps | SE = 0.01570 bit/s/Hz
51143[UE 1 | RB 1] Throughput = 1.31226 Mbps | SE = 0.03439 bit/s/Hz
51253[UE 1 | RB 1] Throughput = 1.30315 Mbps | SE = 0.03415 bit/s/Hz
51363[UE 1 | RB 1] Throughput = 0.76397 Mbps | SE = 0.02002 bit/s/Hz
51473[UE 1 | RB 1] Throughput = 1.19856 Mbps | SE = 0.03141 bit/s/Hz
51573[UE 1 | RB 1] Throughput = 1.07776 Mbps | SE = 0.02824 bit/s/Hz
51673[UE 1 | RB 1] Throughput = 0.95842 Mbps | SE = 0.02512 bit/s/Hz
51773[UE 1 | RB 1] Throughput = 1.43710 Mbps | SE = 0.03766 bit/s/Hz
51874[UE 1 | RB 1] Throughput = 0.71286 Mbps | SE = 0.01868 bit/s/Hz
51983[UE 1 | RB 1] Throughput = 1.31737 Mbps | SE = 0.03452 bit/s/Hz
52093[UE 1 | RB 1] Throughput = 1.20200 Mbps | SE = 0.03150 bit/s/Hz
52193[UE 1 | RB 1] Throughput = 0.83763 Mbps | SE = 0.02195 bit/s/Hz
52293[UE 1 | RB 1] Throughput = 1.31791 Mbps | SE = 0.03454 bit/s/Hz
52403[UE 1 | RB 1] Throughput = 0.76368 Mbps | SE = 0.02001 bit/s/Hz
52503[UE 1 | RB 1] Throughput = 0.83670 Mbps | SE = 0.02193 bit/s/Hz
52613[UE 1 | RB 1] Throughput = 1.19937 Mbps | SE = 0.03143 bit/s/Hz
52713[UE 1 | RB 1] Throughput = 0.83858 Mbps | SE = 0.02198 bit/s/Hz
52813[UE 1 | RB 1] Throughput = 1.31771 Mbps | SE = 0.03453 bit/s/Hz
52923[UE 1 | RB 1] Throughput = 1.30756 Mbps | SE = 0.03427 bit/s/Hz
53033[UE 1 | RB 1] Throughput = 0.76258 Mbps | SE = 0.01998 bit/s/Hz
53143[UE 1 | RB 1] Throughput = 1.30813 Mbps | SE = 0.03428 bit/s/Hz
53243[UE 1 | RB 1] Throughput = 1.31448 Mbps | SE = 0.03445 bit/s/Hz
53353[UE 1 | RB 1] Throughput = 0.76405 Mbps | SE = 0.02002 bit/s/Hz
53453[UE 1 | RB 1] Throughput = 1.31424 Mbps | SE = 0.03444 bit/s/Hz
53563[UE 1 | RB 1] Throughput = 0.76326 Mbps | SE = 0.02000 bit/s/Hz
53673[UE 1 | RB 1] Throughput = 1.41937 Mbps | SE = 0.03720 bit/s/Hz
53773[UE 1 | RB 1] Throughput = 0.83867 Mbps | SE = 0.02198 bit/s/Hz
53883[UE 1 | RB 1] Throughput = 0.65442 Mbps | SE = 0.01715 bit/s/Hz
53983[UE 1 | RB 1] Throughput = 1.67667 Mbps | SE = 0.04394 bit/s/Hz
54083[UE 1 | RB 1] Throughput = 0.71852 Mbps | SE = 0.01883 bit/s/Hz
54183[UE 1 | RB 1] Throughput = 1.43669 Mbps | SE = 0.03765 bit/s/Hz
54293[UE 1 | RB 1] Throughput = 0.76427 Mbps | SE = 0.02003 bit/s/Hz
54403[UE 1 | RB 1] Throughput = 1.30380 Mbps | SE = 0.03417 bit/s/Hz
54513[UE 1 | RB 1] Throughput = 0.65550 Mbps | SE = 0.01718 bit/s/Hz
54613[UE 1 | RB 1] Throughput = 1.67192 Mbps | SE = 0.04381 bit/s/Hz
54713[UE 1 | RB 1] Throughput = 0.71859 Mbps | SE = 0.01883 bit/s/Hz
54823[UE 1 | RB 1] Throughput = 0.87488 Mbps | SE = 0.02293 bit/s/Hz
54933[UE 1 | RB 1] Throughput = 1.41375 Mbps | SE = 0.03705 bit/s/Hz
55033[UE 1 | RB 1] Throughput = 0.71793 Mbps | SE = 0.01881 bit/s/Hz
55143[UE 1 | RB 1] Throughput = 0.98066 Mbps | SE = 0.02570 bit/s/Hz
55243[UE 1 | RB 1] Throughput = 0.95767 Mbps | SE = 0.02510 bit/s/Hz
55353[UE 1 | RB 1] Throughput = 1.74044 Mbps | SE = 0.04561 bit/s/Hz
55463[UE 1 | RB 1] Throughput = 0.54689 Mbps | SE = 0.01433 bit/s/Hz
55563[UE 1 | RB 1] Throughput = 1.55677 Mbps | SE = 0.04080 bit/s/Hz
55674[UE 1 | RB 1] Throughput = 0.65054 Mbps | SE = 0.01705 bit/s/Hz
55783[UE 1 | RB 1] Throughput = 1.31695 Mbps | SE = 0.03451 bit/s/Hz
55884[UE 1 | RB 1] Throughput = 1.30458 Mbps | SE = 0.03419 bit/s/Hz
55993[UE 1 | RB 1] Throughput = 0.65998 Mbps | SE = 0.01730 bit/s/Hz
56093[UE 1 | RB 1] Throughput = 1.43799 Mbps | SE = 0.03768 bit/s/Hz
56193[UE 1 | RB 1] Throughput = 0.71818 Mbps | SE = 0.01882 bit/s/Hz
56293[UE 1 | RB 1] Throughput = 1.31807 Mbps | SE = 0.03454 bit/s/Hz
56403[UE 1 | RB 1] Throughput = 1.08837 Mbps | SE = 0.02852 bit/s/Hz
56513[UE 1 | RB 1] Throughput = 0.98200 Mbps | SE = 0.02573 bit/s/Hz
56613[UE 1 | RB 1] Throughput = 1.07134 Mbps | SE = 0.02807 bit/s/Hz
56723[UE 1 | RB 1] Throughput = 1.20381 Mbps | SE = 0.03155 bit/s/Hz
56833[UE 1 | RB 1] Throughput = 0.65430 Mbps | SE = 0.01715 bit/s/Hz
56933[UE 1 | RB 1] Throughput = 1.43607 Mbps | SE = 0.03763 bit/s/Hz
57043[UE 1 | RB 1] Throughput = 0.76459 Mbps | SE = 0.02004 bit/s/Hz
57143[UE 1 | RB 1] Throughput = 1.31788 Mbps | SE = 0.03454 bit/s/Hz
57243[UE 1 | RB 1] Throughput = 1.07654 Mbps | SE = 0.02821 bit/s/Hz
57353[UE 1 | RB 1] Throughput = 0.65414 Mbps | SE = 0.01714 bit/s/Hz
57453[UE 1 | RB 1] Throughput = 1.55671 Mbps | SE = 0.04079 bit/s/Hz
57563[UE 1 | RB 1] Throughput = 1.09011 Mbps | SE = 0.02857 bit/s/Hz
57663[UE 1 | RB 1] Throughput = 0.71844 Mbps | SE = 0.01883 bit/s/Hz
57773[UE 1 | RB 1] Throughput = 1.30812 Mbps | SE = 0.03428 bit/s/Hz
57883[UE 1 | RB 1] Throughput = 1.30687 Mbps | SE = 0.03425 bit/s/Hz
57993[UE 1 | RB 1] Throughput = 0.65494 Mbps | SE = 0.01716 bit/s/Hz
58093[UE 1 | RB 1] Throughput = 1.43593 Mbps | SE = 0.03763 bit/s/Hz
58193[UE 1 | RB 1] Throughput = 0.71767 Mbps | SE = 0.01881 bit/s/Hz
58303[UE 1 | RB 1] Throughput = 1.30760 Mbps | SE = 0.03427 bit/s/Hz
58403[UE 1 | RB 1] Throughput = 0.71852 Mbps | SE = 0.01883 bit/s/Hz
58503[UE 1 | RB 1] Throughput = 1.31552 Mbps | SE = 0.03447 bit/s/Hz
58613[UE 1 | RB 1] Throughput = 1.31224 Mbps | SE = 0.03439 bit/s/Hz
58713[UE 1 | RB 1] Throughput = 0.71896 Mbps | SE = 0.01884 bit/s/Hz
58813[UE 1 | RB 1] Throughput = 1.43690 Mbps | SE = 0.03765 bit/s/Hz
58923[UE 1 | RB 1] Throughput = 0.65405 Mbps | SE = 0.01714 bit/s/Hz
59023[UE 1 | RB 1] Throughput = 1.43613 Mbps | SE = 0.03763 bit/s/Hz
59123[UE 1 | RB 1] Throughput = 0.71685 Mbps | SE = 0.01879 bit/s/Hz
59233[UE 1 | RB 1] Throughput = 1.42070 Mbps | SE = 0.03723 bit/s/Hz
59333[UE 1 | RB 1] Throughput = 0.71831 Mbps | SE = 0.01882 bit/s/Hz
59433[UE 1 | RB 1] Throughput = 1.43709 Mbps | SE = 0.03766 bit/s/Hz
59543[UE 1 | RB 1] Throughput = 0.65583 Mbps | SE = 0.01719 bit/s/Hz
59643[UE 1 | RB 1] Throughput = 1.55458 Mbps | SE = 0.04074 bit/s/Hz
59753[UE 1 | RB 1] Throughput = 0.98312 Mbps | SE = 0.02576 bit/s/Hz
59853[UE 1 | RB 1] Throughput = 0.71699 Mbps | SE = 0.01879 bit/s/Hz
59963[UE 1 | RB 1] Throughput = 1.19737 Mbps | SE = 0.03138 bit/s/Hz
60063[UE 1 | RB 1] Throughput = 1.07757 Mbps | SE = 0.02824 bit/s/Hz
60173[UE 1 | RB 1] Throughput = 1.42200 Mbps | SE = 0.03726 bit/s/Hz
60274[UE 1 | RB 1] Throughput = 0.82870 Mbps | SE = 0.02172 bit/s/Hz
60383[UE 1 | RB 1] Throughput = 1.20827 Mbps | SE = 0.03166 bit/s/Hz
60493[UE 1 | RB 1] Throughput = 0.65511 Mbps | SE = 0.01717 bit/s/Hz
60593[UE 1 | RB 1] Throughput = 1.55741 Mbps | SE = 0.04081 bit/s/Hz
60693[UE 1 | RB 1] Throughput = 0.71834 Mbps | SE = 0.01882 bit/s/Hz
60793[UE 1 | RB 1] Throughput = 1.43785 Mbps | SE = 0.03768 bit/s/Hz
60903[UE 1 | RB 1] Throughput = 0.65249 Mbps | SE = 0.01710 bit/s/Hz
61013[UE 1 | RB 1] Throughput = 1.30987 Mbps | SE = 0.03433 bit/s/Hz
61123[UE 1 | RB 1] Throughput = 1.19753 Mbps | SE = 0.03138 bit/s/Hz
61233[UE 1 | RB 1] Throughput = 0.76314 Mbps | SE = 0.02000 bit/s/Hz
61343[UE 1 | RB 1] Throughput = 1.30851 Mbps | SE = 0.03429 bit/s/Hz
61443[UE 1 | RB 1] Throughput = 0.71719 Mbps | SE = 0.01879 bit/s/Hz
61553[UE 1 | RB 1] Throughput = 1.42041 Mbps | SE = 0.03722 bit/s/Hz
61653[UE 1 | RB 1] Throughput = 0.71663 Mbps | SE = 0.01878 bit/s/Hz
61753[UE 1 | RB 1] Throughput = 1.31779 Mbps | SE = 0.03453 bit/s/Hz
61863[UE 1 | RB 1] Throughput = 0.65560 Mbps | SE = 0.01718 bit/s/Hz
61963[UE 1 | RB 1] Throughput = 1.67598 Mbps | SE = 0.04392 bit/s/Hz
62063[UE 1 | RB 1] Throughput = 0.71878 Mbps | SE = 0.01884 bit/s/Hz
62173[UE 1 | RB 1] Throughput = 1.42036 Mbps | SE = 0.03722 bit/s/Hz
62273[UE 1 | RB 1] Throughput = 0.71811 Mbps | SE = 0.01882 bit/s/Hz
62373[UE 1 | RB 1] Throughput = 1.31715 Mbps | SE = 0.03452 bit/s/Hz
62473[UE 1 | RB 1] Throughput = 0.71878 Mbps | SE = 0.01884 bit/s/Hz
62583[UE 1 | RB 1] Throughput = 1.19942 Mbps | SE = 0.03143 bit/s/Hz
62683[UE 1 | RB 1] Throughput = 1.07828 Mbps | SE = 0.02826 bit/s/Hz
62783[UE 1 | RB 1] Throughput = 1.19798 Mbps | SE = 0.03139 bit/s/Hz
62883[UE 1 | RB 1] Throughput = 0.95713 Mbps | SE = 0.02508 bit/s/Hz
62993[UE 1 | RB 1] Throughput = 0.98283 Mbps | SE = 0.02576 bit/s/Hz
63093[UE 1 | RB 1] Throughput = 1.31493 Mbps | SE = 0.03446 bit/s/Hz
63203[UE 1 | RB 1] Throughput = 1.09201 Mbps | SE = 0.02862 bit/s/Hz
63303[UE 1 | RB 1] Throughput = 0.95795 Mbps | SE = 0.02510 bit/s/Hz
63403[UE 1 | RB 1] Throughput = 1.31637 Mbps | SE = 0.03450 bit/s/Hz
63513[UE 1 | RB 1] Throughput = 0.65452 Mbps | SE = 0.01715 bit/s/Hz
63623[UE 1 | RB 1] Throughput = 1.30864 Mbps | SE = 0.03429 bit/s/Hz
63723[UE 1 | RB 1] Throughput = 0.95553 Mbps | SE = 0.02504 bit/s/Hz
63833[UE 1 | RB 1] Throughput = 1.20263 Mbps | SE = 0.03152 bit/s/Hz
63933[UE 1 | RB 1] Throughput = 0.71818 Mbps | SE = 0.01882 bit/s/Hz
64033[UE 1 | RB 1] Throughput = 1.43205 Mbps | SE = 0.03753 bit/s/Hz
64143[UE 1 | RB 1] Throughput = 0.87388 Mbps | SE = 0.02290 bit/s/Hz
64243[UE 1 | RB 1] Throughput = 0.83751 Mbps | SE = 0.02195 bit/s/Hz
64353[UE 1 | RB 1] Throughput = 1.20100 Mbps | SE = 0.03147 bit/s/Hz
64463[UE 1 | RB 1] Throughput = 1.30717 Mbps | SE = 0.03425 bit/s/Hz
64563[UE 1 | RB 1] Throughput = 0.59800 Mbps | SE = 0.01567 bit/s/Hz
64663[UE 1 | RB 1] Throughput = 1.43643 Mbps | SE = 0.03764 bit/s/Hz
64773[UE 1 | RB 1] Throughput = 0.87391 Mbps | SE = 0.02290 bit/s/Hz
64873[UE 1 | RB 1] Throughput = 1.43726 Mbps | SE = 0.03766 bit/s/Hz
64983[UE 1 | RB 1] Throughput = 0.65337 Mbps | SE = 0.01712 bit/s/Hz
65083[UE 1 | RB 1] Throughput = 1.43677 Mbps | SE = 0.03765 bit/s/Hz
65193[UE 1 | RB 1] Throughput = 0.76394 Mbps | SE = 0.02002 bit/s/Hz
65293[UE 1 | RB 1] Throughput = 1.43432 Mbps | SE = 0.03759 bit/s/Hz
65403[UE 1 | RB 1] Throughput = 1.20232 Mbps | SE = 0.03151 bit/s/Hz
65513[UE 1 | RB 1] Throughput = 0.87149 Mbps | SE = 0.02284 bit/s/Hz
65613[UE 1 | RB 1] Throughput = 1.31823 Mbps | SE = 0.03454 bit/s/Hz
65713[UE 1 | RB 1] Throughput = 0.71818 Mbps | SE = 0.01882 bit/s/Hz
65813[UE 1 | RB 1] Throughput = 1.43594 Mbps | SE = 0.03763 bit/s/Hz
65923[UE 1 | RB 1] Throughput = 0.65554 Mbps | SE = 0.01718 bit/s/Hz
66025[UE 1 | RB 1] Throughput = 1.29306 Mbps | SE = 0.03389 bit/s/Hz
66133[UE 1 | RB 1] Throughput = 0.66333 Mbps | SE = 0.01738 bit/s/Hz
66243[UE 1 | RB 1] Throughput = 1.31315 Mbps | SE = 0.03441 bit/s/Hz
66343[UE 1 | RB 1] Throughput = 1.43534 Mbps | SE = 0.03761 bit/s/Hz
66453[UE 1 | RB 1] Throughput = 0.54459 Mbps | SE = 0.01427 bit/s/Hz
66553[UE 1 | RB 1] Throughput = 1.43418 Mbps | SE = 0.03758 bit/s/Hz
66663[UE 1 | RB 1] Throughput = 1.20163 Mbps | SE = 0.03149 bit/s/Hz
66773[UE 1 | RB 1] Throughput = 0.76404 Mbps | SE = 0.02002 bit/s/Hz
66873[UE 1 | RB 1] Throughput = 0.71645 Mbps | SE = 0.01877 bit/s/Hz
66983[UE 1 | RB 1] Throughput = 1.63519 Mbps | SE = 0.04285 bit/s/Hz
67083[UE 1 | RB 1] Throughput = 0.71887 Mbps | SE = 0.01884 bit/s/Hz
67183[UE 1 | RB 1] Throughput = 1.31741 Mbps | SE = 0.03452 bit/s/Hz
67293[UE 1 | RB 1] Throughput = 0.65518 Mbps | SE = 0.01717 bit/s/Hz
67403[UE 1 | RB 1] Throughput = 1.52610 Mbps | SE = 0.03999 bit/s/Hz
67503[UE 1 | RB 1] Throughput = 0.71871 Mbps | SE = 0.01883 bit/s/Hz
67613[UE 1 | RB 1] Throughput = 1.30587 Mbps | SE = 0.03422 bit/s/Hz
67723[UE 1 | RB 1] Throughput = 0.65365 Mbps | SE = 0.01713 bit/s/Hz
67823[UE 1 | RB 1] Throughput = 1.55532 Mbps | SE = 0.04076 bit/s/Hz
67933[UE 1 | RB 1] Throughput = 0.76278 Mbps | SE = 0.01999 bit/s/Hz
68043[UE 1 | RB 1] Throughput = 1.41839 Mbps | SE = 0.03717 bit/s/Hz
68143[UE 1 | RB 1] Throughput = 0.83879 Mbps | SE = 0.02198 bit/s/Hz
68243[UE 1 | RB 1] Throughput = 1.43667 Mbps | SE = 0.03765 bit/s/Hz
68353[UE 1 | RB 1] Throughput = 0.86931 Mbps | SE = 0.02278 bit/s/Hz
68463[UE 1 | RB 1] Throughput = 0.98144 Mbps | SE = 0.02572 bit/s/Hz
68573[UE 1 | RB 1] Throughput = 1.19900 Mbps | SE = 0.03142 bit/s/Hz
68673[UE 1 | RB 1] Throughput = 0.83883 Mbps | SE = 0.02198 bit/s/Hz
68773[UE 1 | RB 1] Throughput = 1.19836 Mbps | SE = 0.03140 bit/s/Hz
68883[UE 1 | RB 1] Throughput = 1.30670 Mbps | SE = 0.03424 bit/s/Hz
68993[UE 1 | RB 1] Throughput = 0.76291 Mbps | SE = 0.01999 bit/s/Hz
69103[UE 1 | RB 1] Throughput = 1.20066 Mbps | SE = 0.03146 bit/s/Hz
69213[UE 1 | RB 1] Throughput = 1.09001 Mbps | SE = 0.02856 bit/s/Hz
69313[UE 1 | RB 1] Throughput = 0.83820 Mbps | SE = 0.02197 bit/s/Hz
69413[UE 1 | RB 1] Throughput = 1.19797 Mbps | SE = 0.03139 bit/s/Hz
69513[UE 1 | RB 1] Throughput = 1.31821 Mbps | SE = 0.03454 bit/s/Hz
69623[UE 1 | RB 1] Throughput = 0.65511 Mbps | SE = 0.01717 bit/s/Hz
69723[UE 1 | RB 1] Throughput = 1.31561 Mbps | SE = 0.03448 bit/s/Hz
69823[UE 1 | RB 1] Throughput = 1.07784 Mbps | SE = 0.02825 bit/s/Hz
69924[UE 1 | RB 1] Throughput = 0.71598 Mbps | SE = 0.01876 bit/s/Hz
70033[UE 1 | RB 1] Throughput = 1.30973 Mbps | SE = 0.03432 bit/s/Hz
70143[UE 1 | RB 1] Throughput = 1.19925 Mbps | SE = 0.03143 bit/s/Hz
70253[UE 1 | RB 1] Throughput = 0.65457 Mbps | SE = 0.01715 bit/s/Hz
70363[UE 1 | RB 1] Throughput = 1.30648 Mbps | SE = 0.03424 bit/s/Hz
70473[UE 1 | RB 1] Throughput = 1.41732 Mbps | SE = 0.03714 bit/s/Hz
70573[UE 1 | RB 1] Throughput = 0.71891 Mbps | SE = 0.01884 bit/s/Hz
70683[UE 1 | RB 1] Throughput = 1.30867 Mbps | SE = 0.03429 bit/s/Hz
70793[UE 1 | RB 1] Throughput = 0.87156 Mbps | SE = 0.02284 bit/s/Hz
70893[UE 1 | RB 1] Throughput = 0.83808 Mbps | SE = 0.02196 bit/s/Hz
70993[UE 1 | RB 1] Throughput = 1.55767 Mbps | SE = 0.04082 bit/s/Hz
71094[UE 1 | RB 1] Throughput = 0.83561 Mbps | SE = 0.02190 bit/s/Hz
71194[UE 1 | RB 1] Throughput = 1.07726 Mbps | SE = 0.02823 bit/s/Hz
71303[UE 1 | RB 1] Throughput = 1.20574 Mbps | SE = 0.03160 bit/s/Hz
71403[UE 1 | RB 1] Throughput = 1.07409 Mbps | SE = 0.02815 bit/s/Hz
71513[UE 1 | RB 1] Throughput = 0.87469 Mbps | SE = 0.02292 bit/s/Hz
71613[UE 1 | RB 1] Throughput = 1.43598 Mbps | SE = 0.03763 bit/s/Hz
71713[UE 1 | RB 1] Throughput = 0.71755 Mbps | SE = 0.01880 bit/s/Hz
71813[UE 1 | RB 1] Throughput = 0.95790 Mbps | SE = 0.02510 bit/s/Hz
71923[UE 1 | RB 1] Throughput = 0.98292 Mbps | SE = 0.02576 bit/s/Hz
72023[UE 1 | RB 1] Throughput = 1.43730 Mbps | SE = 0.03767 bit/s/Hz
72123[UE 1 | RB 1] Throughput = 0.71822 Mbps | SE = 0.01882 bit/s/Hz
72233[UE 1 | RB 1] Throughput = 1.41868 Mbps | SE = 0.03718 bit/s/Hz
72343[UE 1 | RB 1] Throughput = 1.19725 Mbps | SE = 0.03137 bit/s/Hz
72453[UE 1 | RB 1] Throughput = 0.65411 Mbps | SE = 0.01714 bit/s/Hz
72563[UE 1 | RB 1] Throughput = 1.19747 Mbps | SE = 0.03138 bit/s/Hz
72673[UE 1 | RB 1] Throughput = 1.30890 Mbps | SE = 0.03430 bit/s/Hz
72783[UE 1 | RB 1] Throughput = 0.98361 Mbps | SE = 0.02578 bit/s/Hz
72883[UE 1 | RB 1] Throughput = 1.07310 Mbps | SE = 0.02812 bit/s/Hz
72993[UE 1 | RB 1] Throughput = 0.98232 Mbps | SE = 0.02574 bit/s/Hz
73093[UE 1 | RB 1] Throughput = 1.31631 Mbps | SE = 0.03449 bit/s/Hz
73203[UE 1 | RB 1] Throughput = 0.87220 Mbps | SE = 0.02286 bit/s/Hz
73303[UE 1 | RB 1] Throughput = 0.95806 Mbps | SE = 0.02511 bit/s/Hz
73413[UE 1 | RB 1] Throughput = 1.09091 Mbps | SE = 0.02859 bit/s/Hz
73523[UE 1 | RB 1] Throughput = 1.08933 Mbps | SE = 0.02855 bit/s/Hz
73623[UE 1 | RB 1] Throughput = 1.19578 Mbps | SE = 0.03134 bit/s/Hz
73733[UE 1 | RB 1] Throughput = 0.98198 Mbps | SE = 0.02573 bit/s/Hz
73843[UE 1 | RB 1] Throughput = 0.98035 Mbps | SE = 0.02569 bit/s/Hz
73943[UE 1 | RB 1] Throughput = 0.95660 Mbps | SE = 0.02507 bit/s/Hz
74053[UE 1 | RB 1] Throughput = 1.30805 Mbps | SE = 0.03428 bit/s/Hz
74153[UE 1 | RB 1] Throughput = 0.71869 Mbps | SE = 0.01883 bit/s/Hz
74263[UE 1 | RB 1] Throughput = 1.20191 Mbps | SE = 0.03150 bit/s/Hz
74373[UE 1 | RB 1] Throughput = 1.30326 Mbps | SE = 0.03415 bit/s/Hz
74483[UE 1 | RB 1] Throughput = 1.09462 Mbps | SE = 0.02868 bit/s/Hz
74583[UE 1 | RB 1] Throughput = 1.07831 Mbps | SE = 0.02826 bit/s/Hz
74683[UE 1 | RB 1] Throughput = 0.95860 Mbps | SE = 0.02512 bit/s/Hz
74793[UE 1 | RB 1] Throughput = 0.97900 Mbps | SE = 0.02566 bit/s/Hz
74903[UE 1 | RB 1] Throughput = 1.20253 Mbps | SE = 0.03151 bit/s/Hz
75003[UE 1 | RB 1] Throughput = 0.83487 Mbps | SE = 0.02188 bit/s/Hz
75113[UE 1 | RB 1] Throughput = 1.09172 Mbps | SE = 0.02861 bit/s/Hz
75213[UE 1 | RB 1] Throughput = 1.19732 Mbps | SE = 0.03138 bit/s/Hz
75313[UE 1 | RB 1] Throughput = 1.19816 Mbps | SE = 0.03140 bit/s/Hz
75413[UE 1 | RB 1] Throughput = 0.83841 Mbps | SE = 0.02197 bit/s/Hz
75523[UE 1 | RB 1] Throughput = 1.19945 Mbps | SE = 0.03143 bit/s/Hz
75623[UE 1 | RB 1] Throughput = 0.71744 Mbps | SE = 0.01880 bit/s/Hz
75733[UE 1 | RB 1] Throughput = 1.30804 Mbps | SE = 0.03428 bit/s/Hz
75843[UE 1 | RB 1] Throughput = 0.87039 Mbps | SE = 0.02281 bit/s/Hz
75953[UE 1 | RB 1] Throughput = 1.30837 Mbps | SE = 0.03429 bit/s/Hz
76053[UE 1 | RB 1] Throughput = 0.71848 Mbps | SE = 0.01883 bit/s/Hz
76163[UE 1 | RB 1] Throughput = 1.30901 Mbps | SE = 0.03430 bit/s/Hz
76263[UE 1 | RB 1] Throughput = 0.71776 Mbps | SE = 0.01881 bit/s/Hz
76373[UE 1 | RB 1] Throughput = 1.30683 Mbps | SE = 0.03425 bit/s/Hz
76483[UE 1 | RB 1] Throughput = 1.31029 Mbps | SE = 0.03434 bit/s/Hz
76583[UE 1 | RB 1] Throughput = 0.95592 Mbps | SE = 0.02505 bit/s/Hz
76693[UE 1 | RB 1] Throughput = 0.87312 Mbps | SE = 0.02288 bit/s/Hz
76803[UE 1 | RB 1] Throughput = 1.30818 Mbps | SE = 0.03428 bit/s/Hz
76913[UE 1 | RB 1] Throughput = 0.97931 Mbps | SE = 0.02566 bit/s/Hz
77023[UE 1 | RB 1] Throughput = 1.30940 Mbps | SE = 0.03431 bit/s/Hz
77123[UE 1 | RB 1] Throughput = 0.95717 Mbps | SE = 0.02508 bit/s/Hz
77223[UE 1 | RB 1] Throughput = 0.71877 Mbps | SE = 0.01884 bit/s/Hz
77333[UE 1 | RB 1] Throughput = 1.30931 Mbps | SE = 0.03431 bit/s/Hz
77444[UE 1 | RB 1] Throughput = 0.65155 Mbps | SE = 0.01707 bit/s/Hz
77553[UE 1 | RB 1] Throughput = 1.31161 Mbps | SE = 0.03437 bit/s/Hz
77653[UE 1 | RB 1] Throughput = 1.43564 Mbps | SE = 0.03762 bit/s/Hz
77763[UE 1 | RB 1] Throughput = 0.65360 Mbps | SE = 0.01713 bit/s/Hz
77873[UE 1 | RB 1] Throughput = 1.52599 Mbps | SE = 0.03999 bit/s/Hz
77974[UE 1 | RB 1] Throughput = 1.07468 Mbps | SE = 0.02816 bit/s/Hz
78083[UE 1 | RB 1] Throughput = 0.65495 Mbps | SE = 0.01716 bit/s/Hz
78184[UE 1 | RB 1] Throughput = 1.43396 Mbps | SE = 0.03758 bit/s/Hz
78293[UE 1 | RB 1] Throughput = 1.09210 Mbps | SE = 0.02862 bit/s/Hz
78403[UE 1 | RB 1] Throughput = 0.76498 Mbps | SE = 0.02005 bit/s/Hz
78503[UE 1 | RB 1] Throughput = 1.19670 Mbps | SE = 0.03136 bit/s/Hz
78614[UE 1 | RB 1] Throughput = 1.19526 Mbps | SE = 0.03132 bit/s/Hz
78723[UE 1 | RB 1] Throughput = 0.76372 Mbps | SE = 0.02001 bit/s/Hz
78833[UE 1 | RB 1] Throughput = 1.19802 Mbps | SE = 0.03139 bit/s/Hz
78943[UE 1 | RB 1] Throughput = 0.76360 Mbps | SE = 0.02001 bit/s/Hz
79053[UE 1 | RB 1] Throughput = 1.52615 Mbps | SE = 0.03999 bit/s/Hz
79163[UE 1 | RB 1] Throughput = 0.76310 Mbps | SE = 0.02000 bit/s/Hz
79263[UE 1 | RB 1] Throughput = 1.31708 Mbps | SE = 0.03451 bit/s/Hz
79363[UE 1 | RB 1] Throughput = 1.19592 Mbps | SE = 0.03134 bit/s/Hz
79473[UE 1 | RB 1] Throughput = 0.65513 Mbps | SE = 0.01717 bit/s/Hz
79583[UE 1 | RB 1] Throughput = 1.30724 Mbps | SE = 0.03426 bit/s/Hz
79683[UE 1 | RB 1] Throughput = 1.31808 Mbps | SE = 0.03454 bit/s/Hz
79783[UE 1 | RB 1] Throughput = 0.83852 Mbps | SE = 0.02197 bit/s/Hz
79883[UE 1 | RB 1] Throughput = 0.71891 Mbps | SE = 0.01884 bit/s/Hz
79983[UE 1 | RB 1] Throughput = 1.07824 Mbps | SE = 0.02826 bit/s/Hz
80093[UE 1 | RB 1] Throughput = 1.42016 Mbps | SE = 0.03722 bit/s/Hz
80193[UE 1 | RB 1] Throughput = 0.71879 Mbps | SE = 0.01884 bit/s/Hz
80293[UE 1 | RB 1] Throughput = 1.31577 Mbps | SE = 0.03448 bit/s/Hz
80403[UE 1 | RB 1] Throughput = 1.08974 Mbps | SE = 0.02856 bit/s/Hz
80514[UE 1 | RB 1] Throughput = 1.29990 Mbps | SE = 0.03406 bit/s/Hz
80624[UE 1 | RB 1] Throughput = 0.65440 Mbps | SE = 0.01715 bit/s/Hz
80733[UE 1 | RB 1] Throughput = 1.31624 Mbps | SE = 0.03449 bit/s/Hz
80833[UE 1 | RB 1] Throughput = 1.19554 Mbps | SE = 0.03133 bit/s/Hz
80943[UE 1 | RB 1] Throughput = 0.87175 Mbps | SE = 0.02284 bit/s/Hz
81053[UE 1 | RB 1] Throughput = 1.30809 Mbps | SE = 0.03428 bit/s/Hz
81164[UE 1 | RB 1] Throughput = 0.65123 Mbps | SE = 0.01707 bit/s/Hz
81273[UE 1 | RB 1] Throughput = 1.31222 Mbps | SE = 0.03439 bit/s/Hz
81373[UE 1 | RB 1] Throughput = 1.31640 Mbps | SE = 0.03450 bit/s/Hz
81483[UE 1 | RB 1] Throughput = 0.87098 Mbps | SE = 0.02282 bit/s/Hz
81593[UE 1 | RB 1] Throughput = 1.31006 Mbps | SE = 0.03433 bit/s/Hz
81693[UE 1 | RB 1] Throughput = 0.71755 Mbps | SE = 0.01880 bit/s/Hz
81803[UE 1 | RB 1] Throughput = 1.30776 Mbps | SE = 0.03427 bit/s/Hz
81903[UE 1 | RB 1] Throughput = 0.95796 Mbps | SE = 0.02510 bit/s/Hz
82013[UE 1 | RB 1] Throughput = 0.76417 Mbps | SE = 0.02003 bit/s/Hz
82123[UE 1 | RB 1] Throughput = 1.30880 Mbps | SE = 0.03430 bit/s/Hz
82223[UE 1 | RB 1] Throughput = 0.71736 Mbps | SE = 0.01880 bit/s/Hz
82323[UE 1 | RB 1] Throughput = 1.55773 Mbps | SE = 0.04082 bit/s/Hz
82433[UE 1 | RB 1] Throughput = 1.09007 Mbps | SE = 0.02857 bit/s/Hz
82533[UE 1 | RB 1] Throughput = 0.83888 Mbps | SE = 0.02198 bit/s/Hz
82643[UE 1 | RB 1] Throughput = 1.19823 Mbps | SE = 0.03140 bit/s/Hz
82744[UE 1 | RB 1] Throughput = 0.71385 Mbps | SE = 0.01871 bit/s/Hz
82853[UE 1 | RB 1] Throughput = 1.20935 Mbps | SE = 0.03169 bit/s/Hz
82953[UE 1 | RB 1] Throughput = 1.43402 Mbps | SE = 0.03758 bit/s/Hz
83053[UE 1 | RB 1] Throughput = 0.83799 Mbps | SE = 0.02196 bit/s/Hz
83164[UE 1 | RB 1] Throughput = 1.30325 Mbps | SE = 0.03415 bit/s/Hz
83264[UE 1 | RB 1] Throughput = 0.71745 Mbps | SE = 0.01880 bit/s/Hz
83373[UE 1 | RB 1] Throughput = 1.31519 Mbps | SE = 0.03447 bit/s/Hz
83483[UE 1 | RB 1] Throughput = 0.54474 Mbps | SE = 0.01428 bit/s/Hz
83583[UE 1 | RB 1] Throughput = 1.43799 Mbps | SE = 0.03768 bit/s/Hz
83683[UE 1 | RB 1] Throughput = 1.07631 Mbps | SE = 0.02821 bit/s/Hz
83793[UE 1 | RB 1] Throughput = 0.98305 Mbps | SE = 0.02576 bit/s/Hz
83903[UE 1 | RB 1] Throughput = 1.19532 Mbps | SE = 0.03132 bit/s/Hz
84013[UE 1 | RB 1] Throughput = 0.98261 Mbps | SE = 0.02575 bit/s/Hz
84123[UE 1 | RB 1] Throughput = 1.30484 Mbps | SE = 0.03419 bit/s/Hz
84233[UE 1 | RB 1] Throughput = 0.98303 Mbps | SE = 0.02576 bit/s/Hz
84333[UE 1 | RB 1] Throughput = 1.07708 Mbps | SE = 0.02823 bit/s/Hz
84433[UE 1 | RB 1] Throughput = 0.59837 Mbps | SE = 0.01568 bit/s/Hz
84543[UE 1 | RB 1] Throughput = 1.19828 Mbps | SE = 0.03140 bit/s/Hz
84653[UE 1 | RB 1] Throughput = 1.42068 Mbps | SE = 0.03723 bit/s/Hz
84753[UE 1 | RB 1] Throughput = 0.83713 Mbps | SE = 0.02194 bit/s/Hz
84864[UE 1 | RB 1] Throughput = 1.08354 Mbps | SE = 0.02839 bit/s/Hz
84973[UE 1 | RB 1] Throughput = 0.76625 Mbps | SE = 0.02008 bit/s/Hz
85084[UE 1 | RB 1] Throughput = 1.19427 Mbps | SE = 0.03130 bit/s/Hz
85193[UE 1 | RB 1] Throughput = 1.42303 Mbps | SE = 0.03729 bit/s/Hz
85293[UE 1 | RB 1] Throughput = 1.07798 Mbps | SE = 0.02825 bit/s/Hz
85393[UE 1 | RB 1] Throughput = 0.83884 Mbps | SE = 0.02198 bit/s/Hz
85503[UE 1 | RB 1] Throughput = 1.30762 Mbps | SE = 0.03427 bit/s/Hz
85613[UE 1 | RB 1] Throughput = 0.87216 Mbps | SE = 0.02286 bit/s/Hz
85714[UE 1 | RB 1] Throughput = 1.07433 Mbps | SE = 0.02815 bit/s/Hz
85814[UE 1 | RB 1] Throughput = 1.31400 Mbps | SE = 0.03443 bit/s/Hz
85923[UE 1 | RB 1] Throughput = 0.65654 Mbps | SE = 0.01721 bit/s/Hz
86024[UE 1 | RB 1] Throughput = 1.43657 Mbps | SE = 0.03765 bit/s/Hz
86133[UE 1 | RB 1] Throughput = 0.65549 Mbps | SE = 0.01718 bit/s/Hz
86243[UE 1 | RB 1] Throughput = 1.30567 Mbps | SE = 0.03422 bit/s/Hz
86353[UE 1 | RB 1] Throughput = 0.65455 Mbps | SE = 0.01715 bit/s/Hz
86453[UE 1 | RB 1] Throughput = 1.67696 Mbps | SE = 0.04395 bit/s/Hz
86563[UE 1 | RB 1] Throughput = 0.65285 Mbps | SE = 0.01711 bit/s/Hz
86664[UE 1 | RB 1] Throughput = 1.43551 Mbps | SE = 0.03762 bit/s/Hz
86773[UE 1 | RB 1] Throughput = 0.98469 Mbps | SE = 0.02580 bit/s/Hz
86873[UE 1 | RB 1] Throughput = 0.83693 Mbps | SE = 0.02193 bit/s/Hz
86983[UE 1 | RB 1] Throughput = 1.19825 Mbps | SE = 0.03140 bit/s/Hz
87084[UE 1 | RB 1] Throughput = 1.31694 Mbps | SE = 0.03451 bit/s/Hz
87193[UE 1 | RB 1] Throughput = 1.20092 Mbps | SE = 0.03147 bit/s/Hz
87304[UE 1 | RB 1] Throughput = 0.86922 Mbps | SE = 0.02278 bit/s/Hz
87413[UE 1 | RB 1] Throughput = 0.87467 Mbps | SE = 0.02292 bit/s/Hz
87513[UE 1 | RB 1] Throughput = 1.19775 Mbps | SE = 0.03139 bit/s/Hz
87614[UE 1 | RB 1] Throughput = 1.31096 Mbps | SE = 0.03435 bit/s/Hz
87724[UE 1 | RB 1] Throughput = 0.65519 Mbps | SE = 0.01717 bit/s/Hz
87833[UE 1 | RB 1] Throughput = 1.09236 Mbps | SE = 0.02863 bit/s/Hz
87933[UE 1 | RB 1] Throughput = 1.43762 Mbps | SE = 0.03767 bit/s/Hz
88043[UE 1 | RB 1] Throughput = 0.87181 Mbps | SE = 0.02285 bit/s/Hz
88153[UE 1 | RB 1] Throughput = 1.08944 Mbps | SE = 0.02855 bit/s/Hz
88263[UE 1 | RB 1] Throughput = 1.30755 Mbps | SE = 0.03426 bit/s/Hz
88363[UE 1 | RB 1] Throughput = 0.71833 Mbps | SE = 0.01882 bit/s/Hz
88463[UE 1 | RB 1] Throughput = 1.31734 Mbps | SE = 0.03452 bit/s/Hz
88573[UE 1 | RB 1] Throughput = 0.54535 Mbps | SE = 0.01429 bit/s/Hz
88683[UE 1 | RB 1] Throughput = 1.63332 Mbps | SE = 0.04280 bit/s/Hz
88783[UE 1 | RB 1] Throughput = 0.71836 Mbps | SE = 0.01883 bit/s/Hz
88884[UE 1 | RB 1] Throughput = 0.95638 Mbps | SE = 0.02506 bit/s/Hz
88994[UE 1 | RB 1] Throughput = 1.30641 Mbps | SE = 0.03423 bit/s/Hz
89103[UE 1 | RB 1] Throughput = 1.20182 Mbps | SE = 0.03149 bit/s/Hz
89213[UE 1 | RB 1] Throughput = 1.19927 Mbps | SE = 0.03143 bit/s/Hz
89313[UE 1 | RB 1] Throughput = 0.59883 Mbps | SE = 0.01569 bit/s/Hz
89414[UE 1 | RB 1] Throughput = 1.31658 Mbps | SE = 0.03450 bit/s/Hz
89523[UE 1 | RB 1] Throughput = 1.20212 Mbps | SE = 0.03150 bit/s/Hz
89624[UE 1 | RB 1] Throughput = 0.83499 Mbps | SE = 0.02188 bit/s/Hz
89733[UE 1 | RB 1] Throughput = 1.30930 Mbps | SE = 0.03431 bit/s/Hz
89844[UE 1 | RB 1] Throughput = 1.19595 Mbps | SE = 0.03134 bit/s/Hz
89944[UE 1 | RB 1] Throughput = 0.71702 Mbps | SE = 0.01879 bit/s/Hz
[xApp]: E42 RIC_SUBSCRIPTION_DELETE_REQUEST tx RAN_FUNC_ID 144 RIC_REQ_ID 1 
[xApp]: E42 SUBSCRIPTION DELETE RESPONSE rx
[xApp]: E42 RIC_SUBSCRIPTION_DELETE_REQUEST tx RAN_FUNC_ID 144 RIC_REQ_ID 2 
[xApp]: E42 SUBSCRIPTION DELETE RESPONSE rx
[xApp]: E42 RIC_SUBSCRIPTION_DELETE_REQUEST tx RAN_FUNC_ID 144 RIC_REQ_ID 3 
[xApp]: E42 SUBSCRIPTION DELETE RESPONSE rx
[xApp]: E42 RIC_SUBSCRIPTION_DELETE_REQUEST tx RAN_FUNC_ID 144 RIC_REQ_ID 4 
[xApp]: E42 SUBSCRIPTION DELETE RESPONSE rx
[xApp]: Sucessfully stopped 
Test xApp run SUCCESSFULLY
