[UTIL]: Setting the config -c file to /usr/local/etc/flexric/flexric.conf
[UTIL]: Setting path -p for the shared libraries to /usr/local/lib/flexric/
[xAapp]: Initializing ... 
[xApp]: nearRT-RIC IP Address = 192.168.70.150, PORT = 36422
[E2 AGENT]: Opening plugin from path = /usr/local/lib/flexric/libkpm_sm.so 
[E2 AGENT]: Opening plugin from path = /usr/local/lib/flexric/libmac_sm.so 
[E2 AGENT]: Opening plugin from path = /usr/local/lib/flexric/libpdcp_sm.so 
[E2 AGENT]: Opening plugin from path = /usr/local/lib/flexric/libgtp_sm.so 
[E2 AGENT]: Opening plugin from path = /usr/local/lib/flexric/librc_sm.so 
[E2 AGENT]: Opening plugin from path = /usr/local/lib/flexric/libtc_sm.so 
[E2 AGENT]: Opening plugin from path = /usr/local/lib/flexric/librlc_sm.so 
[E2 AGENT]: Opening plugin from path = /usr/local/lib/flexric/libslice_sm.so 
[NEAR-RIC]: Loading SM ID = 2 with def = ORAN-E2SM-KPM 
[NEAR-RIC]: Loading SM ID = 142 with def = MAC_STATS_V0 
[NEAR-RIC]: Loading SM ID = 144 with def = PDCP_STATS_V0 
[NEAR-RIC]: Loading SM ID = 148 with def = GTP_STATS_V0 
[NEAR-RIC]: Loading SM ID = 3 with def = ORAN-E2SM-RC 
[NEAR-RIC]: Loading SM ID = 146 with def = TC_STATS_V0 
[NEAR-RIC]: Loading SM ID = 143 with def = RLC_STATS_V0 
[NEAR-RIC]: Loading SM ID = 145 with def = SLICE_STATS_V0 
[xApp]: DB filename = /tmp/flexric/xapp_db 
 [xApp]: E42 SETUP-REQUEST tx
[xApp]: E42 SETUP-RESPONSE rx 
[xApp]: xApp ID = 78 
[xApp]: Registered E2 Nodes = 4 
Connected E2 nodes = 4
[xAPP] Registered node 0 ran func id = 2 
 [xAPP] Registered node 0 ran func id = 3 
 [xAPP] Registered node 0 ran func id = 142 
 [xAPP] Registered node 0 ran func id = 143 
 [xAPP] Registered node 0 ran func id = 144 
 [xAPP] Registered node 0 ran func id = 145 
 [xAPP] Registered node 0 ran func id = 146 
 [xAPP] Registered node 0 ran func id = 148 
 [xApp]: E42 RIC SUBSCRIPTION REQUEST tx RAN_FUNC_ID 144 RIC_REQ_ID 1 
[xApp]: SUBSCRIPTION RESPONSE rx
[xApp]: Successfully subscribed to RAN_FUNC_ID 144 
[xAPP] Registered node 1 ran func id = 2 
 [xAPP] Registered node 1 ran func id = 3 
 [xAPP] Registered node 1 ran func id = 142 
 [xAPP] Registered node 1 ran func id = 143 
 [xAPP] Registered node 1 ran func id = 144 
 [xAPP] Registered node 1 ran func id = 145 
 [xAPP] Registered node 1 ran func id = 146 
 [xAPP] Registered node 1 ran func id = 148 
 [xApp]: E42 RIC SUBSCRIPTION REQUEST tx RAN_FUNC_ID 144 RIC_REQ_ID 2 
[xApp]: SUBSCRIPTION RESPONSE rx
[xApp]: Successfully subscribed to RAN_FUNC_ID 144 
[xAPP] Registered node 2 ran func id = 2 
 [xAPP] Registered node 2 ran func id = 3 
 [xAPP] Registered node 2 ran func id = 142 
 [xAPP] Registered node 2 ran func id = 143 
 [xAPP] Registered node 2 ran func id = 144 
 [xAPP] Registered node 2 ran func id = 145 
 [xAPP] Registered node 2 ran func id = 146 
 [xAPP] Registered node 2 ran func id = 148 
 [xApp]: E42 RIC SUBSCRIPTION REQUEST tx RAN_FUNC_ID 144 RIC_REQ_ID 3 
[xApp]: SUBSCRIPTION RESPONSE rx
[xApp]: Successfully subscribed to RAN_FUNC_ID 144 
[xAPP] Registered node 3 ran func id = 2 
 [xAPP] Registered node 3 ran func id = 3 
 [xAPP] Registered node 3 ran func id = 142 
 [xAPP] Registered node 3 ran func id = 143 
 [xAPP] Registered node 3 ran func id = 144 
 [xAPP] Registered node 3 ran func id = 145 
 [xAPP] Registered node 3 ran func id = 146 
 [xAPP] Registered node 3 ran func id = 148 
 [xApp]: E42 RIC SUBSCRIPTION REQUEST tx RAN_FUNC_ID 144 RIC_REQ_ID 4 
[xApp]: SUBSCRIPTION RESPONSE rx
[xApp]: Successfully subscribed to RAN_FUNC_ID 144 
113[UE 1 | RB 1] Throughput = 0.71834 Mbps | SE = 0.01882 bit/s/Hz
223[UE 1 | RB 1] Throughput = 1.30790 Mbps | SE = 0.03427 bit/s/Hz
333[UE 1 | RB 1] Throughput = 1.30711 Mbps | SE = 0.03425 bit/s/Hz
433[UE 1 | RB 1] Throughput = 0.71877 Mbps | SE = 0.01884 bit/s/Hz
533[UE 1 | RB 1] Throughput = 1.31678 Mbps | SE = 0.03451 bit/s/Hz
642[UE 1 | RB 1] Throughput = 0.65495 Mbps | SE = 0.01716 bit/s/Hz
743[UE 1 | RB 1] Throughput = 1.43026 Mbps | SE = 0.03748 bit/s/Hz
853[UE 1 | RB 1] Throughput = 0.98204 Mbps | SE = 0.02573 bit/s/Hz
962[UE 1 | RB 1] Throughput = 0.98464 Mbps | SE = 0.02580 bit/s/Hz
1063[UE 1 | RB 1] Throughput = 1.07545 Mbps | SE = 0.02818 bit/s/Hz
1173[UE 1 | RB 1] Throughput = 1.20012 Mbps | SE = 0.03145 bit/s/Hz
1273[UE 1 | RB 1] Throughput = 1.07834 Mbps | SE = 0.02826 bit/s/Hz
1373[UE 1 | RB 1] Throughput = 0.71798 Mbps | SE = 0.01881 bit/s/Hz
1473[UE 1 | RB 1] Throughput = 1.43684 Mbps | SE = 0.03765 bit/s/Hz
1583[UE 1 | RB 1] Throughput = 0.86727 Mbps | SE = 0.02273 bit/s/Hz
1693[UE 1 | RB 1] Throughput = 1.09436 Mbps | SE = 0.02868 bit/s/Hz
1793[UE 1 | RB 1] Throughput = 1.31649 Mbps | SE = 0.03450 bit/s/Hz
1903[UE 1 | RB 1] Throughput = 0.87412 Mbps | SE = 0.02291 bit/s/Hz
2003[UE 1 | RB 1] Throughput = 1.19332 Mbps | SE = 0.03127 bit/s/Hz
2113[UE 1 | RB 1] Throughput = 1.20259 Mbps | SE = 0.03151 bit/s/Hz
2223[UE 1 | RB 1] Throughput = 0.65377 Mbps | SE = 0.01713 bit/s/Hz
2323[UE 1 | RB 1] Throughput = 1.31795 Mbps | SE = 0.03454 bit/s/Hz
2433[UE 1 | RB 1] Throughput = 1.19782 Mbps | SE = 0.03139 bit/s/Hz
2543[UE 1 | RB 1] Throughput = 0.65103 Mbps | SE = 0.01706 bit/s/Hz
2653[UE 1 | RB 1] Throughput = 1.30982 Mbps | SE = 0.03432 bit/s/Hz
2763[UE 1 | RB 1] Throughput = 1.31126 Mbps | SE = 0.03436 bit/s/Hz
2863[UE 1 | RB 1] Throughput = 0.83793 Mbps | SE = 0.02196 bit/s/Hz
2973[UE 1 | RB 1] Throughput = 1.08755 Mbps | SE = 0.02850 bit/s/Hz
3083[UE 1 | RB 1] Throughput = 1.20273 Mbps | SE = 0.03152 bit/s/Hz
3193[UE 1 | RB 1] Throughput = 1.08697 Mbps | SE = 0.02848 bit/s/Hz
3303[UE 1 | RB 1] Throughput = 0.65499 Mbps | SE = 0.01716 bit/s/Hz
3412[UE 1 | RB 1] Throughput = 1.31044 Mbps | SE = 0.03434 bit/s/Hz
3512[UE 1 | RB 1] Throughput = 0.71818 Mbps | SE = 0.01882 bit/s/Hz
3613[UE 1 | RB 1] Throughput = 1.67677 Mbps | SE = 0.04394 bit/s/Hz
3713[UE 1 | RB 1] Throughput = 0.95806 Mbps | SE = 0.02511 bit/s/Hz
3813[UE 1 | RB 1] Throughput = 1.07805 Mbps | SE = 0.02825 bit/s/Hz
3922[UE 1 | RB 1] Throughput = 0.87298 Mbps | SE = 0.02288 bit/s/Hz
4023[UE 1 | RB 1] Throughput = 1.31700 Mbps | SE = 0.03451 bit/s/Hz
4123[UE 1 | RB 1] Throughput = 0.71630 Mbps | SE = 0.01877 bit/s/Hz
4223[UE 1 | RB 1] Throughput = 1.43378 Mbps | SE = 0.03757 bit/s/Hz
4333[UE 1 | RB 1] Throughput = 0.65583 Mbps | SE = 0.01719 bit/s/Hz
4433[UE 1 | RB 1] Throughput = 1.43555 Mbps | SE = 0.03762 bit/s/Hz
4543[UE 1 | RB 1] Throughput = 1.20328 Mbps | SE = 0.03153 bit/s/Hz
4653[UE 1 | RB 1] Throughput = 0.65384 Mbps | SE = 0.01713 bit/s/Hz
4763[UE 1 | RB 1] Throughput = 1.30764 Mbps | SE = 0.03427 bit/s/Hz
4863[UE 1 | RB 1] Throughput = 1.07502 Mbps | SE = 0.02817 bit/s/Hz
4973[UE 1 | RB 1] Throughput = 1.19821 Mbps | SE = 0.03140 bit/s/Hz
5083[UE 1 | RB 1] Throughput = 0.65482 Mbps | SE = 0.01716 bit/s/Hz
5183[UE 1 | RB 1] Throughput = 1.31507 Mbps | SE = 0.03446 bit/s/Hz
5283[UE 1 | RB 1] Throughput = 1.31642 Mbps | SE = 0.03450 bit/s/Hz
5393[UE 1 | RB 1] Throughput = 0.98567 Mbps | SE = 0.02583 bit/s/Hz
5493[UE 1 | RB 1] Throughput = 0.71629 Mbps | SE = 0.01877 bit/s/Hz
5603[UE 1 | RB 1] Throughput = 1.19953 Mbps | SE = 0.03143 bit/s/Hz
5713[UE 1 | RB 1] Throughput = 0.65538 Mbps | SE = 0.01717 bit/s/Hz
5813[UE 1 | RB 1] Throughput = 1.79446 Mbps | SE = 0.04702 bit/s/Hz
5913[UE 1 | RB 1] Throughput = 0.83711 Mbps | SE = 0.02194 bit/s/Hz
6023[UE 1 | RB 1] Throughput = 1.30982 Mbps | SE = 0.03432 bit/s/Hz
6123[UE 1 | RB 1] Throughput = 0.59797 Mbps | SE = 0.01567 bit/s/Hz
6232[UE 1 | RB 1] Throughput = 1.20517 Mbps | SE = 0.03158 bit/s/Hz
6333[UE 1 | RB 1] Throughput = 1.19198 Mbps | SE = 0.03124 bit/s/Hz
6443[UE 1 | RB 1] Throughput = 1.08993 Mbps | SE = 0.02856 bit/s/Hz
6543[UE 1 | RB 1] Throughput = 0.95719 Mbps | SE = 0.02508 bit/s/Hz
6643[UE 1 | RB 1] Throughput = 1.07680 Mbps | SE = 0.02822 bit/s/Hz
6753[UE 1 | RB 1] Throughput = 1.20354 Mbps | SE = 0.03154 bit/s/Hz
6853[UE 1 | RB 1] Throughput = 0.83720 Mbps | SE = 0.02194 bit/s/Hz
6963[UE 1 | RB 1] Throughput = 1.20144 Mbps | SE = 0.03148 bit/s/Hz
7063[UE 1 | RB 1] Throughput = 1.07147 Mbps | SE = 0.02808 bit/s/Hz
7173[UE 1 | RB 1] Throughput = 0.98296 Mbps | SE = 0.02576 bit/s/Hz
7274[UE 1 | RB 1] Throughput = 0.95312 Mbps | SE = 0.02498 bit/s/Hz
7383[UE 1 | RB 1] Throughput = 1.20891 Mbps | SE = 0.03168 bit/s/Hz
7493[UE 1 | RB 1] Throughput = 1.19500 Mbps | SE = 0.03132 bit/s/Hz
7593[UE 1 | RB 1] Throughput = 0.71658 Mbps | SE = 0.01878 bit/s/Hz
7703[UE 1 | RB 1] Throughput = 1.31398 Mbps | SE = 0.03443 bit/s/Hz
7813[UE 1 | RB 1] Throughput = 1.19535 Mbps | SE = 0.03132 bit/s/Hz
7923[UE 1 | RB 1] Throughput = 0.76465 Mbps | SE = 0.02004 bit/s/Hz
8033[UE 1 | RB 1] Throughput = 1.30651 Mbps | SE = 0.03424 bit/s/Hz
8133[UE 1 | RB 1] Throughput = 0.59857 Mbps | SE = 0.01569 bit/s/Hz
8243[UE 1 | RB 1] Throughput = 1.31031 Mbps | SE = 0.03434 bit/s/Hz
8353[UE 1 | RB 1] Throughput = 1.30264 Mbps | SE = 0.03414 bit/s/Hz
8463[UE 1 | RB 1] Throughput = 0.65637 Mbps | SE = 0.01720 bit/s/Hz
8563[UE 1 | RB 1] Throughput = 1.43547 Mbps | SE = 0.03762 bit/s/Hz
8673[UE 1 | RB 1] Throughput = 0.76240 Mbps | SE = 0.01998 bit/s/Hz
8773[UE 1 | RB 1] Throughput = 1.19402 Mbps | SE = 0.03129 bit/s/Hz
8883[UE 1 | RB 1] Throughput = 1.31255 Mbps | SE = 0.03440 bit/s/Hz
8993[UE 1 | RB 1] Throughput = 0.87206 Mbps | SE = 0.02285 bit/s/Hz
9093[UE 1 | RB 1] Throughput = 0.71586 Mbps | SE = 0.01876 bit/s/Hz
9203[UE 1 | RB 1] Throughput = 1.30617 Mbps | SE = 0.03423 bit/s/Hz
9313[UE 1 | RB 1] Throughput = 1.42251 Mbps | SE = 0.03728 bit/s/Hz
9423[UE 1 | RB 1] Throughput = 0.65181 Mbps | SE = 0.01708 bit/s/Hz
9533[UE 1 | RB 1] Throughput = 1.09259 Mbps | SE = 0.02863 bit/s/Hz
9633[UE 1 | RB 1] Throughput = 1.07829 Mbps | SE = 0.02826 bit/s/Hz
9733[UE 1 | RB 1] Throughput = 1.31483 Mbps | SE = 0.03446 bit/s/Hz
9843[UE 1 | RB 1] Throughput = 1.19586 Mbps | SE = 0.03134 bit/s/Hz
9953[UE 1 | RB 1] Throughput = 0.87407 Mbps | SE = 0.02291 bit/s/Hz
10063[UE 1 | RB 1] Throughput = 1.19935 Mbps | SE = 0.03143 bit/s/Hz
10173[UE 1 | RB 1] Throughput = 1.09082 Mbps | SE = 0.02859 bit/s/Hz
10273[UE 1 | RB 1] Throughput = 0.95743 Mbps | SE = 0.02509 bit/s/Hz
10373[UE 1 | RB 1] Throughput = 1.19735 Mbps | SE = 0.03138 bit/s/Hz
10473[UE 1 | RB 1] Throughput = 0.83689 Mbps | SE = 0.02193 bit/s/Hz
10583[UE 1 | RB 1] Throughput = 1.31030 Mbps | SE = 0.03434 bit/s/Hz
10683[UE 1 | RB 1] Throughput = 0.71857 Mbps | SE = 0.01883 bit/s/Hz
10783[UE 1 | RB 1] Throughput = 1.19798 Mbps | SE = 0.03139 bit/s/Hz
10883[UE 1 | RB 1] Throughput = 0.83820 Mbps | SE = 0.02197 bit/s/Hz
10993[UE 1 | RB 1] Throughput = 1.08943 Mbps | SE = 0.02855 bit/s/Hz
11103[UE 1 | RB 1] Throughput = 1.31163 Mbps | SE = 0.03437 bit/s/Hz
11213[UE 1 | RB 1] Throughput = 1.19703 Mbps | SE = 0.03137 bit/s/Hz
11323[UE 1 | RB 1] Throughput = 0.65351 Mbps | SE = 0.01713 bit/s/Hz
11423[UE 1 | RB 1] Throughput = 1.43667 Mbps | SE = 0.03765 bit/s/Hz
11533[UE 1 | RB 1] Throughput = 0.65309 Mbps | SE = 0.01711 bit/s/Hz
11643[UE 1 | RB 1] Throughput = 1.41978 Mbps | SE = 0.03721 bit/s/Hz
11753[UE 1 | RB 1] Throughput = 1.20055 Mbps | SE = 0.03146 bit/s/Hz
11853[UE 1 | RB 1] Throughput = 0.83819 Mbps | SE = 0.02197 bit/s/Hz
11953[UE 1 | RB 1] Throughput = 1.43359 Mbps | SE = 0.03757 bit/s/Hz
12063[UE 1 | RB 1] Throughput = 0.65358 Mbps | SE = 0.01713 bit/s/Hz
12163[UE 1 | RB 1] Throughput = 1.43692 Mbps | SE = 0.03766 bit/s/Hz
12263[UE 1 | RB 1] Throughput = 0.59880 Mbps | SE = 0.01569 bit/s/Hz
12373[UE 1 | RB 1] Throughput = 1.30474 Mbps | SE = 0.03419 bit/s/Hz
12483[UE 1 | RB 1] Throughput = 0.65587 Mbps | SE = 0.01719 bit/s/Hz
12593[UE 1 | RB 1] Throughput = 1.41775 Mbps | SE = 0.03715 bit/s/Hz
12703[UE 1 | RB 1] Throughput = 1.19517 Mbps | SE = 0.03132 bit/s/Hz
12803[UE 1 | RB 1] Throughput = 1.07508 Mbps | SE = 0.02817 bit/s/Hz
12913[UE 1 | RB 1] Throughput = 0.76542 Mbps | SE = 0.02006 bit/s/Hz
13023[UE 1 | RB 1] Throughput = 1.19759 Mbps | SE = 0.03138 bit/s/Hz
13133[UE 1 | RB 1] Throughput = 1.30826 Mbps | SE = 0.03428 bit/s/Hz
13233[UE 1 | RB 1] Throughput = 0.59862 Mbps | SE = 0.01569 bit/s/Hz
13343[UE 1 | RB 1] Throughput = 1.30864 Mbps | SE = 0.03429 bit/s/Hz
13453[UE 1 | RB 1] Throughput = 1.19848 Mbps | SE = 0.03141 bit/s/Hz
13553[UE 1 | RB 1] Throughput = 0.71891 Mbps | SE = 0.01884 bit/s/Hz
13653[UE 1 | RB 1] Throughput = 1.31405 Mbps | SE = 0.03444 bit/s/Hz
13753[UE 1 | RB 1] Throughput = 0.71901 Mbps | SE = 0.01884 bit/s/Hz
13854[UE 1 | RB 1] Throughput = 1.55521 Mbps | SE = 0.04076 bit/s/Hz
13963[UE 1 | RB 1] Throughput = 0.65887 Mbps | SE = 0.01727 bit/s/Hz
14073[UE 1 | RB 1] Throughput = 1.19474 Mbps | SE = 0.03131 bit/s/Hz
14173[UE 1 | RB 1] Throughput = 1.31723 Mbps | SE = 0.03452 bit/s/Hz
14283[UE 1 | RB 1] Throughput = 0.65529 Mbps | SE = 0.01717 bit/s/Hz
14383[UE 1 | RB 1] Throughput = 1.43732 Mbps | SE = 0.03767 bit/s/Hz
14493[UE 1 | RB 1] Throughput = 0.65285 Mbps | SE = 0.01711 bit/s/Hz
14603[UE 1 | RB 1] Throughput = 1.41393 Mbps | SE = 0.03705 bit/s/Hz
14713[UE 1 | RB 1] Throughput = 1.20359 Mbps | SE = 0.03154 bit/s/Hz
14813[UE 1 | RB 1] Throughput = 1.31648 Mbps | SE = 0.03450 bit/s/Hz
14913[UE 1 | RB 1] Throughput = 0.71852 Mbps | SE = 0.01883 bit/s/Hz
15013[UE 1 | RB 1] Throughput = 0.59860 Mbps | SE = 0.01569 bit/s/Hz
15123[UE 1 | RB 1] Throughput = 1.63710 Mbps | SE = 0.04290 bit/s/Hz
15223[UE 1 | RB 1] Throughput = 0.83874 Mbps | SE = 0.02198 bit/s/Hz
15323[UE 1 | RB 1] Throughput = 1.43531 Mbps | SE = 0.03761 bit/s/Hz
15433[UE 1 | RB 1] Throughput = 0.65532 Mbps | SE = 0.01717 bit/s/Hz
15533[UE 1 | RB 1] Throughput = 1.43710 Mbps | SE = 0.03766 bit/s/Hz
15643[UE 1 | RB 1] Throughput = 0.65332 Mbps | SE = 0.01712 bit/s/Hz
15743[UE 1 | RB 1] Throughput = 1.43415 Mbps | SE = 0.03758 bit/s/Hz
15843[UE 1 | RB 1] Throughput = 0.71809 Mbps | SE = 0.01882 bit/s/Hz
15953[UE 1 | RB 1] Throughput = 1.53194 Mbps | SE = 0.04015 bit/s/Hz
16063[UE 1 | RB 1] Throughput = 0.65448 Mbps | SE = 0.01715 bit/s/Hz
16163[UE 1 | RB 1] Throughput = 1.31394 Mbps | SE = 0.03443 bit/s/Hz
16263[UE 1 | RB 1] Throughput = 0.71774 Mbps | SE = 0.01881 bit/s/Hz
16373[UE 1 | RB 1] Throughput = 1.30596 Mbps | SE = 0.03422 bit/s/Hz
16483[UE 1 | RB 1] Throughput = 1.31598 Mbps | SE = 0.03449 bit/s/Hz
16583[UE 1 | RB 1] Throughput = 0.71903 Mbps | SE = 0.01884 bit/s/Hz
16683[UE 1 | RB 1] Throughput = 1.31657 Mbps | SE = 0.03450 bit/s/Hz
16783[UE 1 | RB 1] Throughput = 0.59843 Mbps | SE = 0.01568 bit/s/Hz
16883[UE 1 | RB 1] Throughput = 1.31561 Mbps | SE = 0.03448 bit/s/Hz
16983[UE 1 | RB 1] Throughput = 1.43616 Mbps | SE = 0.03764 bit/s/Hz
17083[UE 1 | RB 1] Throughput = 0.71849 Mbps | SE = 0.01883 bit/s/Hz
17193[UE 1 | RB 1] Throughput = 1.30776 Mbps | SE = 0.03427 bit/s/Hz
17303[UE 1 | RB 1] Throughput = 0.65560 Mbps | SE = 0.01718 bit/s/Hz
17404[UE 1 | RB 1] Throughput = 1.42331 Mbps | SE = 0.03730 bit/s/Hz
17513[UE 1 | RB 1] Throughput = 1.21125 Mbps | SE = 0.03174 bit/s/Hz
17613[UE 1 | RB 1] Throughput = 0.71830 Mbps | SE = 0.01882 bit/s/Hz
17723[UE 1 | RB 1] Throughput = 1.31024 Mbps | SE = 0.03434 bit/s/Hz
17823[UE 1 | RB 1] Throughput = 0.95861 Mbps | SE = 0.02512 bit/s/Hz
17923[UE 1 | RB 1] Throughput = 0.71535 Mbps | SE = 0.01875 bit/s/Hz
18033[UE 1 | RB 1] Throughput = 1.31221 Mbps | SE = 0.03439 bit/s/Hz
18133[UE 1 | RB 1] Throughput = 0.83722 Mbps | SE = 0.02194 bit/s/Hz
18243[UE 1 | RB 1] Throughput = 1.19655 Mbps | SE = 0.03136 bit/s/Hz
18353[UE 1 | RB 1] Throughput = 1.08910 Mbps | SE = 0.02854 bit/s/Hz
18463[UE 1 | RB 1] Throughput = 1.08962 Mbps | SE = 0.02855 bit/s/Hz
18563[UE 1 | RB 1] Throughput = 1.43431 Mbps | SE = 0.03759 bit/s/Hz
18673[UE 1 | RB 1] Throughput = 0.54751 Mbps | SE = 0.01435 bit/s/Hz
18773[UE 1 | RB 1] Throughput = 1.31806 Mbps | SE = 0.03454 bit/s/Hz
18873[UE 1 | RB 1] Throughput = 0.71741 Mbps | SE = 0.01880 bit/s/Hz
18983[UE 1 | RB 1] Throughput = 1.52629 Mbps | SE = 0.04000 bit/s/Hz
19083[UE 1 | RB 1] Throughput = 0.95709 Mbps | SE = 0.02508 bit/s/Hz
19193[UE 1 | RB 1] Throughput = 1.20380 Mbps | SE = 0.03155 bit/s/Hz
19293[UE 1 | RB 1] Throughput = 0.71778 Mbps | SE = 0.01881 bit/s/Hz
19403[UE 1 | RB 1] Throughput = 1.30144 Mbps | SE = 0.03410 bit/s/Hz
19514[UE 1 | RB 1] Throughput = 1.19358 Mbps | SE = 0.03128 bit/s/Hz
19623[UE 1 | RB 1] Throughput = 1.09737 Mbps | SE = 0.02876 bit/s/Hz
19723[UE 1 | RB 1] Throughput = 0.71776 Mbps | SE = 0.01881 bit/s/Hz
19833[UE 1 | RB 1] Throughput = 1.20067 Mbps | SE = 0.03146 bit/s/Hz
19943[UE 1 | RB 1] Throughput = 1.30637 Mbps | SE = 0.03423 bit/s/Hz
20043[UE 1 | RB 1] Throughput = 0.71885 Mbps | SE = 0.01884 bit/s/Hz
20153[UE 1 | RB 1] Throughput = 1.30933 Mbps | SE = 0.03431 bit/s/Hz
20263[UE 1 | RB 1] Throughput = 0.87070 Mbps | SE = 0.02282 bit/s/Hz
20363[UE 1 | RB 1] Throughput = 0.83626 Mbps | SE = 0.02191 bit/s/Hz
20473[UE 1 | RB 1] Throughput = 1.31256 Mbps | SE = 0.03440 bit/s/Hz
20573[UE 1 | RB 1] Throughput = 1.31620 Mbps | SE = 0.03449 bit/s/Hz
20683[UE 1 | RB 1] Throughput = 0.65470 Mbps | SE = 0.01716 bit/s/Hz
20793[UE 1 | RB 1] Throughput = 1.52268 Mbps | SE = 0.03990 bit/s/Hz
20903[UE 1 | RB 1] Throughput = 0.54440 Mbps | SE = 0.01427 bit/s/Hz
21013[UE 1 | RB 1] Throughput = 1.31258 Mbps | SE = 0.03440 bit/s/Hz
21123[UE 1 | RB 1] Throughput = 1.30152 Mbps | SE = 0.03411 bit/s/Hz
21233[UE 1 | RB 1] Throughput = 0.65610 Mbps | SE = 0.01719 bit/s/Hz
21343[UE 1 | RB 1] Throughput = 1.30706 Mbps | SE = 0.03425 bit/s/Hz
21453[UE 1 | RB 1] Throughput = 1.20127 Mbps | SE = 0.03148 bit/s/Hz
21553[UE 1 | RB 1] Throughput = 0.83745 Mbps | SE = 0.02195 bit/s/Hz
21653[UE 1 | RB 1] Throughput = 1.43552 Mbps | SE = 0.03762 bit/s/Hz
21763[UE 1 | RB 1] Throughput = 0.65389 Mbps | SE = 0.01714 bit/s/Hz
21863[UE 1 | RB 1] Throughput = 1.43422 Mbps | SE = 0.03758 bit/s/Hz
21973[UE 1 | RB 1] Throughput = 0.98286 Mbps | SE = 0.02576 bit/s/Hz
22073[UE 1 | RB 1] Throughput = 1.07655 Mbps | SE = 0.02821 bit/s/Hz
22183[UE 1 | RB 1] Throughput = 0.65420 Mbps | SE = 0.01714 bit/s/Hz
22283[UE 1 | RB 1] Throughput = 0.95772 Mbps | SE = 0.02510 bit/s/Hz
22383[UE 1 | RB 1] Throughput = 1.43538 Mbps | SE = 0.03761 bit/s/Hz
22483[UE 1 | RB 1] Throughput = 0.83787 Mbps | SE = 0.02196 bit/s/Hz
22593[UE 1 | RB 1] Throughput = 1.31367 Mbps | SE = 0.03443 bit/s/Hz
22694[UE 1 | RB 1] Throughput = 0.71388 Mbps | SE = 0.01871 bit/s/Hz
22803[UE 1 | RB 1] Throughput = 1.31383 Mbps | SE = 0.03443 bit/s/Hz
22904[UE 1 | RB 1] Throughput = 0.95189 Mbps | SE = 0.02494 bit/s/Hz
23013[UE 1 | RB 1] Throughput = 1.31741 Mbps | SE = 0.03452 bit/s/Hz
23123[UE 1 | RB 1] Throughput = 0.65182 Mbps | SE = 0.01708 bit/s/Hz
23233[UE 1 | RB 1] Throughput = 1.31078 Mbps | SE = 0.03435 bit/s/Hz
23333[UE 1 | RB 1] Throughput = 1.43122 Mbps | SE = 0.03751 bit/s/Hz
23434[UE 1 | RB 1] Throughput = 0.71807 Mbps | SE = 0.01882 bit/s/Hz
23544[UE 1 | RB 1] Throughput = 0.76179 Mbps | SE = 0.01996 bit/s/Hz
23653[UE 1 | RB 1] Throughput = 1.42375 Mbps | SE = 0.03731 bit/s/Hz
23763[UE 1 | RB 1] Throughput = 1.30882 Mbps | SE = 0.03430 bit/s/Hz
23873[UE 1 | RB 1] Throughput = 0.76387 Mbps | SE = 0.02002 bit/s/Hz
23973[UE 1 | RB 1] Throughput = 1.43491 Mbps | SE = 0.03760 bit/s/Hz
24073[UE 1 | RB 1] Throughput = 0.71847 Mbps | SE = 0.01883 bit/s/Hz
24183[UE 1 | RB 1] Throughput = 1.30774 Mbps | SE = 0.03427 bit/s/Hz
24283[UE 1 | RB 1] Throughput = 0.71875 Mbps | SE = 0.01884 bit/s/Hz
24393[UE 1 | RB 1] Throughput = 1.30933 Mbps | SE = 0.03431 bit/s/Hz
24493[UE 1 | RB 1] Throughput = 0.71708 Mbps | SE = 0.01879 bit/s/Hz
24603[UE 1 | RB 1] Throughput = 1.31128 Mbps | SE = 0.03436 bit/s/Hz
24703[UE 1 | RB 1] Throughput = 1.19815 Mbps | SE = 0.03140 bit/s/Hz
24803[UE 1 | RB 1] Throughput = 0.83736 Mbps | SE = 0.02194 bit/s/Hz
24913[UE 1 | RB 1] Throughput = 1.20117 Mbps | SE = 0.03148 bit/s/Hz
25013[UE 1 | RB 1] Throughput = 1.07745 Mbps | SE = 0.02824 bit/s/Hz
25113[UE 1 | RB 1] Throughput = 1.07454 Mbps | SE = 0.02816 bit/s/Hz
25223[UE 1 | RB 1] Throughput = 1.08853 Mbps | SE = 0.02853 bit/s/Hz
25333[UE 1 | RB 1] Throughput = 1.09274 Mbps | SE = 0.02864 bit/s/Hz
25443[UE 1 | RB 1] Throughput = 0.97879 Mbps | SE = 0.02565 bit/s/Hz
25553[UE 1 | RB 1] Throughput = 1.09289 Mbps | SE = 0.02864 bit/s/Hz
25654[UE 1 | RB 1] Throughput = 1.19079 Mbps | SE = 0.03121 bit/s/Hz
25763[UE 1 | RB 1] Throughput = 1.20525 Mbps | SE = 0.03158 bit/s/Hz
25863[UE 1 | RB 1] Throughput = 0.83665 Mbps | SE = 0.02192 bit/s/Hz
25973[UE 1 | RB 1] Throughput = 1.20070 Mbps | SE = 0.03146 bit/s/Hz
26083[UE 1 | RB 1] Throughput = 0.98353 Mbps | SE = 0.02577 bit/s/Hz
26183[UE 1 | RB 1] Throughput = 0.71474 Mbps | SE = 0.01873 bit/s/Hz
26293[UE 1 | RB 1] Throughput = 1.30890 Mbps | SE = 0.03430 bit/s/Hz
26403[UE 1 | RB 1] Throughput = 1.31014 Mbps | SE = 0.03433 bit/s/Hz
26513[UE 1 | RB 1] Throughput = 0.76154 Mbps | SE = 0.01996 bit/s/Hz
26623[UE 1 | RB 1] Throughput = 0.65493 Mbps | SE = 0.01716 bit/s/Hz
26733[UE 1 | RB 1] Throughput = 1.63205 Mbps | SE = 0.04277 bit/s/Hz
26843[UE 1 | RB 1] Throughput = 0.98293 Mbps | SE = 0.02576 bit/s/Hz
26943[UE 1 | RB 1] Throughput = 1.31712 Mbps | SE = 0.03452 bit/s/Hz
27043[UE 1 | RB 1] Throughput = 0.83725 Mbps | SE = 0.02194 bit/s/Hz
27153[UE 1 | RB 1] Throughput = 1.31191 Mbps | SE = 0.03438 bit/s/Hz
27253[UE 1 | RB 1] Throughput = 0.71284 Mbps | SE = 0.01868 bit/s/Hz
27363[UE 1 | RB 1] Throughput = 1.20344 Mbps | SE = 0.03154 bit/s/Hz
27473[UE 1 | RB 1] Throughput = 1.19535 Mbps | SE = 0.03132 bit/s/Hz
27573[UE 1 | RB 1] Throughput = 0.83875 Mbps | SE = 0.02198 bit/s/Hz
27683[UE 1 | RB 1] Throughput = 0.87224 Mbps | SE = 0.02286 bit/s/Hz
27793[UE 1 | RB 1] Throughput = 1.31013 Mbps | SE = 0.03433 bit/s/Hz
27903[UE 1 | RB 1] Throughput = 0.65363 Mbps | SE = 0.01713 bit/s/Hz
28013[UE 1 | RB 1] Throughput = 1.52561 Mbps | SE = 0.03998 bit/s/Hz
28123[UE 1 | RB 1] Throughput = 0.65459 Mbps | SE = 0.01715 bit/s/Hz
28223[UE 1 | RB 1] Throughput = 1.43753 Mbps | SE = 0.03767 bit/s/Hz
28323[UE 1 | RB 1] Throughput = 0.71664 Mbps | SE = 0.01878 bit/s/Hz
28433[UE 1 | RB 1] Throughput = 1.30767 Mbps | SE = 0.03427 bit/s/Hz
28534[UE 1 | RB 1] Throughput = 1.42391 Mbps | SE = 0.03731 bit/s/Hz
28643[UE 1 | RB 1] Throughput = 0.76864 Mbps | SE = 0.02014 bit/s/Hz
28753[UE 1 | RB 1] Throughput = 1.20091 Mbps | SE = 0.03147 bit/s/Hz
28853[UE 1 | RB 1] Throughput = 0.95722 Mbps | SE = 0.02508 bit/s/Hz
28963[UE 1 | RB 1] Throughput = 0.98130 Mbps | SE = 0.02572 bit/s/Hz
29063[UE 1 | RB 1] Throughput = 0.71775 Mbps | SE = 0.01881 bit/s/Hz
29173[UE 1 | RB 1] Throughput = 1.41875 Mbps | SE = 0.03718 bit/s/Hz
29273[UE 1 | RB 1] Throughput = 0.83806 Mbps | SE = 0.02196 bit/s/Hz
29383[UE 1 | RB 1] Throughput = 1.31048 Mbps | SE = 0.03434 bit/s/Hz
29493[UE 1 | RB 1] Throughput = 1.31020 Mbps | SE = 0.03433 bit/s/Hz
29593[UE 1 | RB 1] Throughput = 0.71649 Mbps | SE = 0.01878 bit/s/Hz
29693[UE 1 | RB 1] Throughput = 1.43689 Mbps | SE = 0.03765 bit/s/Hz
29793[UE 1 | RB 1] Throughput = 0.71678 Mbps | SE = 0.01878 bit/s/Hz
29903[UE 1 | RB 1] Throughput = 1.31036 Mbps | SE = 0.03434 bit/s/Hz
30013[UE 1 | RB 1] Throughput = 0.65236 Mbps | SE = 0.01710 bit/s/Hz
30123[UE 1 | RB 1] Throughput = 1.30902 Mbps | SE = 0.03430 bit/s/Hz
30223[UE 1 | RB 1] Throughput = 1.31773 Mbps | SE = 0.03453 bit/s/Hz
30333[UE 1 | RB 1] Throughput = 0.65539 Mbps | SE = 0.01717 bit/s/Hz
30443[UE 1 | RB 1] Throughput = 1.30776 Mbps | SE = 0.03427 bit/s/Hz
30543[UE 1 | RB 1] Throughput = 0.95795 Mbps | SE = 0.02510 bit/s/Hz
30643[UE 1 | RB 1] Throughput = 1.19754 Mbps | SE = 0.03138 bit/s/Hz
30744[UE 1 | RB 1] Throughput = 1.18988 Mbps | SE = 0.03118 bit/s/Hz
30853[UE 1 | RB 1] Throughput = 0.76975 Mbps | SE = 0.02017 bit/s/Hz
30953[UE 1 | RB 1] Throughput = 1.31781 Mbps | SE = 0.03453 bit/s/Hz
31063[UE 1 | RB 1] Throughput = 0.65354 Mbps | SE = 0.01713 bit/s/Hz
31163[UE 1 | RB 1] Throughput = 1.43587 Mbps | SE = 0.03763 bit/s/Hz
31273[UE 1 | RB 1] Throughput = 1.20152 Mbps | SE = 0.03149 bit/s/Hz
31373[UE 1 | RB 1] Throughput = 0.71716 Mbps | SE = 0.01879 bit/s/Hz
31473[UE 1 | RB 1] Throughput = 1.43687 Mbps | SE = 0.03765 bit/s/Hz
31583[UE 1 | RB 1] Throughput = 0.97925 Mbps | SE = 0.02566 bit/s/Hz
31683[UE 1 | RB 1] Throughput = 1.31761 Mbps | SE = 0.03453 bit/s/Hz
31793[UE 1 | RB 1] Throughput = 0.65376 Mbps | SE = 0.01713 bit/s/Hz
31893[UE 1 | RB 1] Throughput = 1.43772 Mbps | SE = 0.03768 bit/s/Hz
32003[UE 1 | RB 1] Throughput = 0.76519 Mbps | SE = 0.02005 bit/s/Hz
32113[UE 1 | RB 1] Throughput = 1.30549 Mbps | SE = 0.03421 bit/s/Hz
32213[UE 1 | RB 1] Throughput = 0.59913 Mbps | SE = 0.01570 bit/s/Hz
32313[UE 1 | RB 1] Throughput = 1.31783 Mbps | SE = 0.03453 bit/s/Hz
32423[UE 1 | RB 1] Throughput = 1.30779 Mbps | SE = 0.03427 bit/s/Hz
32523[UE 1 | RB 1] Throughput = 0.83600 Mbps | SE = 0.02191 bit/s/Hz
32633[UE 1 | RB 1] Throughput = 1.20598 Mbps | SE = 0.03160 bit/s/Hz
32733[UE 1 | RB 1] Throughput = 0.95789 Mbps | SE = 0.02510 bit/s/Hz
32843[UE 1 | RB 1] Throughput = 1.19510 Mbps | SE = 0.03132 bit/s/Hz
32943[UE 1 | RB 1] Throughput = 0.71765 Mbps | SE = 0.01881 bit/s/Hz
33053[UE 1 | RB 1] Throughput = 1.30832 Mbps | SE = 0.03429 bit/s/Hz
33153[UE 1 | RB 1] Throughput = 0.71789 Mbps | SE = 0.01881 bit/s/Hz
33264[UE 1 | RB 1] Throughput = 1.41499 Mbps | SE = 0.03708 bit/s/Hz
33373[UE 1 | RB 1] Throughput = 0.76448 Mbps | SE = 0.02003 bit/s/Hz
33483[UE 1 | RB 1] Throughput = 1.30751 Mbps | SE = 0.03426 bit/s/Hz
33593[UE 1 | RB 1] Throughput = 1.30859 Mbps | SE = 0.03429 bit/s/Hz
33693[UE 1 | RB 1] Throughput = 0.71900 Mbps | SE = 0.01884 bit/s/Hz
33793[UE 1 | RB 1] Throughput = 1.31712 Mbps | SE = 0.03452 bit/s/Hz
33893[UE 1 | RB 1] Throughput = 0.59833 Mbps | SE = 0.01568 bit/s/Hz
34003[UE 1 | RB 1] Throughput = 1.31006 Mbps | SE = 0.03433 bit/s/Hz
34113[UE 1 | RB 1] Throughput = 1.41936 Mbps | SE = 0.03720 bit/s/Hz
34213[UE 1 | RB 1] Throughput = 0.71792 Mbps | SE = 0.01881 bit/s/Hz
34323[UE 1 | RB 1] Throughput = 1.08695 Mbps | SE = 0.02848 bit/s/Hz
34433[UE 1 | RB 1] Throughput = 1.09078 Mbps | SE = 0.02858 bit/s/Hz
34543[UE 1 | RB 1] Throughput = 0.98160 Mbps | SE = 0.02572 bit/s/Hz
34653[UE 1 | RB 1] Throughput = 1.19812 Mbps | SE = 0.03140 bit/s/Hz
34753[UE 1 | RB 1] Throughput = 1.07793 Mbps | SE = 0.02825 bit/s/Hz
34853[UE 1 | RB 1] Throughput = 1.07804 Mbps | SE = 0.02825 bit/s/Hz
34963[UE 1 | RB 1] Throughput = 0.98042 Mbps | SE = 0.02569 bit/s/Hz
35064[UE 1 | RB 1] Throughput = 0.71511 Mbps | SE = 0.01874 bit/s/Hz
35173[UE 1 | RB 1] Throughput = 1.20642 Mbps | SE = 0.03161 bit/s/Hz
35273[UE 1 | RB 1] Throughput = 1.43492 Mbps | SE = 0.03760 bit/s/Hz
35373[UE 1 | RB 1] Throughput = 0.71779 Mbps | SE = 0.01881 bit/s/Hz
35483[UE 1 | RB 1] Throughput = 1.31071 Mbps | SE = 0.03435 bit/s/Hz
35593[UE 1 | RB 1] Throughput = 1.09071 Mbps | SE = 0.02858 bit/s/Hz
35693[UE 1 | RB 1] Throughput = 0.95489 Mbps | SE = 0.02502 bit/s/Hz
35803[UE 1 | RB 1] Throughput = 0.76384 Mbps | SE = 0.02002 bit/s/Hz
35904[UE 1 | RB 1] Throughput = 1.43344 Mbps | SE = 0.03756 bit/s/Hz
36013[UE 1 | RB 1] Throughput = 1.20183 Mbps | SE = 0.03149 bit/s/Hz
36123[UE 1 | RB 1] Throughput = 0.65504 Mbps | SE = 0.01717 bit/s/Hz
36223[UE 1 | RB 1] Throughput = 1.31774 Mbps | SE = 0.03453 bit/s/Hz
36323[UE 1 | RB 1] Throughput = 1.07802 Mbps | SE = 0.02825 bit/s/Hz
36423[UE 1 | RB 1] Throughput = 1.31813 Mbps | SE = 0.03454 bit/s/Hz
36533[UE 1 | RB 1] Throughput = 0.65429 Mbps | SE = 0.01715 bit/s/Hz
36633[UE 1 | RB 1] Throughput = 1.31598 Mbps | SE = 0.03449 bit/s/Hz
36733[UE 1 | RB 1] Throughput = 1.31556 Mbps | SE = 0.03447 bit/s/Hz
36843[UE 1 | RB 1] Throughput = 0.87206 Mbps | SE = 0.02285 bit/s/Hz
36953[UE 1 | RB 1] Throughput = 1.09294 Mbps | SE = 0.02864 bit/s/Hz
37053[UE 1 | RB 1] Throughput = 1.19527 Mbps | SE = 0.03132 bit/s/Hz
37163[UE 1 | RB 1] Throughput = 1.09225 Mbps | SE = 0.02862 bit/s/Hz
37263[UE 1 | RB 1] Throughput = 0.95505 Mbps | SE = 0.02503 bit/s/Hz
37373[UE 1 | RB 1] Throughput = 0.98280 Mbps | SE = 0.02575 bit/s/Hz
37473[UE 1 | RB 1] Throughput = 1.19638 Mbps | SE = 0.03135 bit/s/Hz
37583[UE 1 | RB 1] Throughput = 1.20113 Mbps | SE = 0.03148 bit/s/Hz
37683[UE 1 | RB 1] Throughput = 0.71703 Mbps | SE = 0.01879 bit/s/Hz
37793[UE 1 | RB 1] Throughput = 1.08865 Mbps | SE = 0.02853 bit/s/Hz
37903[UE 1 | RB 1] Throughput = 1.19958 Mbps | SE = 0.03144 bit/s/Hz
38013[UE 1 | RB 1] Throughput = 1.08969 Mbps | SE = 0.02856 bit/s/Hz
38113[UE 1 | RB 1] Throughput = 1.19820 Mbps | SE = 0.03140 bit/s/Hz
38213[UE 1 | RB 1] Throughput = 0.95837 Mbps | SE = 0.02511 bit/s/Hz
38323[UE 1 | RB 1] Throughput = 0.76257 Mbps | SE = 0.01998 bit/s/Hz
38433[UE 1 | RB 1] Throughput = 1.31279 Mbps | SE = 0.03440 bit/s/Hz
38533[UE 1 | RB 1] Throughput = 0.71738 Mbps | SE = 0.01880 bit/s/Hz
38643[UE 1 | RB 1] Throughput = 1.20057 Mbps | SE = 0.03146 bit/s/Hz
38753[UE 1 | RB 1] Throughput = 1.30508 Mbps | SE = 0.03420 bit/s/Hz
38853[UE 1 | RB 1] Throughput = 0.71647 Mbps | SE = 0.01878 bit/s/Hz
38963[UE 1 | RB 1] Throughput = 1.09148 Mbps | SE = 0.02860 bit/s/Hz
39063[UE 1 | RB 1] Throughput = 1.31746 Mbps | SE = 0.03452 bit/s/Hz
39173[UE 1 | RB 1] Throughput = 1.20033 Mbps | SE = 0.03146 bit/s/Hz
39273[UE 1 | RB 1] Throughput = 0.83695 Mbps | SE = 0.02193 bit/s/Hz
39384[UE 1 | RB 1] Throughput = 0.86782 Mbps | SE = 0.02274 bit/s/Hz
39493[UE 1 | RB 1] Throughput = 1.42103 Mbps | SE = 0.03724 bit/s/Hz
39603[UE 1 | RB 1] Throughput = 1.09156 Mbps | SE = 0.02860 bit/s/Hz
39703[UE 1 | RB 1] Throughput = 0.71834 Mbps | SE = 0.01882 bit/s/Hz
39814[UE 1 | RB 1] Throughput = 1.30483 Mbps | SE = 0.03419 bit/s/Hz
39923[UE 1 | RB 1] Throughput = 1.31248 Mbps | SE = 0.03439 bit/s/Hz
40033[UE 1 | RB 1] Throughput = 0.54469 Mbps | SE = 0.01427 bit/s/Hz
40143[UE 1 | RB 1] Throughput = 1.30948 Mbps | SE = 0.03432 bit/s/Hz
40243[UE 1 | RB 1] Throughput = 1.31757 Mbps | SE = 0.03453 bit/s/Hz
40343[UE 1 | RB 1] Throughput = 0.83673 Mbps | SE = 0.02193 bit/s/Hz
40453[UE 1 | RB 1] Throughput = 1.09211 Mbps | SE = 0.02862 bit/s/Hz
40553[UE 1 | RB 1] Throughput = 0.83617 Mbps | SE = 0.02191 bit/s/Hz
40663[UE 1 | RB 1] Throughput = 1.19690 Mbps | SE = 0.03137 bit/s/Hz
40773[UE 1 | RB 1] Throughput = 1.09065 Mbps | SE = 0.02858 bit/s/Hz
40873[UE 1 | RB 1] Throughput = 1.31695 Mbps | SE = 0.03451 bit/s/Hz
40983[UE 1 | RB 1] Throughput = 0.65483 Mbps | SE = 0.01716 bit/s/Hz
41093[UE 1 | RB 1] Throughput = 1.30909 Mbps | SE = 0.03431 bit/s/Hz
41203[UE 1 | RB 1] Throughput = 1.30600 Mbps | SE = 0.03422 bit/s/Hz
41313[UE 1 | RB 1] Throughput = 0.76177 Mbps | SE = 0.01996 bit/s/Hz
41423[UE 1 | RB 1] Throughput = 1.30754 Mbps | SE = 0.03426 bit/s/Hz
41523[UE 1 | RB 1] Throughput = 0.83827 Mbps | SE = 0.02197 bit/s/Hz
41623[UE 1 | RB 1] Throughput = 0.71865 Mbps | SE = 0.01883 bit/s/Hz
41733[UE 1 | RB 1] Throughput = 1.42202 Mbps | SE = 0.03726 bit/s/Hz
41833[UE 1 | RB 1] Throughput = 0.71708 Mbps | SE = 0.01879 bit/s/Hz
41943[UE 1 | RB 1] Throughput = 1.30921 Mbps | SE = 0.03431 bit/s/Hz
42043[UE 1 | RB 1] Throughput = 1.19608 Mbps | SE = 0.03134 bit/s/Hz
42143[UE 1 | RB 1] Throughput = 0.83873 Mbps | SE = 0.02198 bit/s/Hz
42243[UE 1 | RB 1] Throughput = 1.31781 Mbps | SE = 0.03453 bit/s/Hz
42343[UE 1 | RB 1] Throughput = 0.95865 Mbps | SE = 0.02512 bit/s/Hz
42443[UE 1 | RB 1] Throughput = 1.31782 Mbps | SE = 0.03453 bit/s/Hz
42544[UE 1 | RB 1] Throughput = 0.71715 Mbps | SE = 0.01879 bit/s/Hz
42653[UE 1 | RB 1] Throughput = 1.31339 Mbps | SE = 0.03442 bit/s/Hz
42763[UE 1 | RB 1] Throughput = 1.08931 Mbps | SE = 0.02855 bit/s/Hz
42863[UE 1 | RB 1] Throughput = 1.19651 Mbps | SE = 0.03136 bit/s/Hz
42963[UE 1 | RB 1] Throughput = 0.71843 Mbps | SE = 0.01883 bit/s/Hz
43073[UE 1 | RB 1] Throughput = 1.19940 Mbps | SE = 0.03143 bit/s/Hz
43183[UE 1 | RB 1] Throughput = 0.65489 Mbps | SE = 0.01716 bit/s/Hz
43293[UE 1 | RB 1] Throughput = 1.41610 Mbps | SE = 0.03711 bit/s/Hz
43393[UE 1 | RB 1] Throughput = 0.71857 Mbps | SE = 0.01883 bit/s/Hz
43493[UE 1 | RB 1] Throughput = 1.55736 Mbps | SE = 0.04081 bit/s/Hz
43603[UE 1 | RB 1] Throughput = 0.76339 Mbps | SE = 0.02000 bit/s/Hz
43704[UE 1 | RB 1] Throughput = 1.42702 Mbps | SE = 0.03740 bit/s/Hz
43813[UE 1 | RB 1] Throughput = 0.65796 Mbps | SE = 0.01724 bit/s/Hz
43913[UE 1 | RB 1] Throughput = 1.43673 Mbps | SE = 0.03765 bit/s/Hz
44023[UE 1 | RB 1] Throughput = 0.65385 Mbps | SE = 0.01713 bit/s/Hz
44123[UE 1 | RB 1] Throughput = 1.31511 Mbps | SE = 0.03446 bit/s/Hz
44233[UE 1 | RB 1] Throughput = 1.30694 Mbps | SE = 0.03425 bit/s/Hz
44343[UE 1 | RB 1] Throughput = 0.65480 Mbps | SE = 0.01716 bit/s/Hz
44453[UE 1 | RB 1] Throughput = 1.31005 Mbps | SE = 0.03433 bit/s/Hz
44553[UE 1 | RB 1] Throughput = 1.31792 Mbps | SE = 0.03454 bit/s/Hz
44653[UE 1 | RB 1] Throughput = 0.71672 Mbps | SE = 0.01878 bit/s/Hz
44754[UE 1 | RB 1] Throughput = 0.83703 Mbps | SE = 0.02193 bit/s/Hz
44863[UE 1 | RB 1] Throughput = 1.42289 Mbps | SE = 0.03729 bit/s/Hz
44963[UE 1 | RB 1] Throughput = 1.31815 Mbps | SE = 0.03454 bit/s/Hz
45063[UE 1 | RB 1] Throughput = 0.59913 Mbps | SE = 0.01570 bit/s/Hz
45164[UE 1 | RB 1] Throughput = 1.42806 Mbps | SE = 0.03742 bit/s/Hz
45273[UE 1 | RB 1] Throughput = 0.65645 Mbps | SE = 0.01720 bit/s/Hz
45383[UE 1 | RB 1] Throughput = 1.30994 Mbps | SE = 0.03433 bit/s/Hz
45483[UE 1 | RB 1] Throughput = 1.31730 Mbps | SE = 0.03452 bit/s/Hz
45583[UE 1 | RB 1] Throughput = 0.71903 Mbps | SE = 0.01884 bit/s/Hz
45683[UE 1 | RB 1] Throughput = 1.43608 Mbps | SE = 0.03763 bit/s/Hz
45783[UE 1 | RB 1] Throughput = 0.83797 Mbps | SE = 0.02196 bit/s/Hz
45893[UE 1 | RB 1] Throughput = 1.30974 Mbps | SE = 0.03432 bit/s/Hz
45993[UE 1 | RB 1] Throughput = 0.83716 Mbps | SE = 0.02194 bit/s/Hz
46103[UE 1 | RB 1] Throughput = 1.09033 Mbps | SE = 0.02857 bit/s/Hz
46203[UE 1 | RB 1] Throughput = 1.07789 Mbps | SE = 0.02825 bit/s/Hz
46313[UE 1 | RB 1] Throughput = 1.09108 Mbps | SE = 0.02859 bit/s/Hz
46423[UE 1 | RB 1] Throughput = 1.19921 Mbps | SE = 0.03143 bit/s/Hz
46533[UE 1 | RB 1] Throughput = 0.65365 Mbps | SE = 0.01713 bit/s/Hz
46643[UE 1 | RB 1] Throughput = 1.08919 Mbps | SE = 0.02854 bit/s/Hz
46753[UE 1 | RB 1] Throughput = 1.30991 Mbps | SE = 0.03433 bit/s/Hz
46853[UE 1 | RB 1] Throughput = 0.71763 Mbps | SE = 0.01881 bit/s/Hz
46964[UE 1 | RB 1] Throughput = 1.52168 Mbps | SE = 0.03988 bit/s/Hz
47064[UE 1 | RB 1] Throughput = 0.95714 Mbps | SE = 0.02508 bit/s/Hz
47173[UE 1 | RB 1] Throughput = 0.87407 Mbps | SE = 0.02291 bit/s/Hz
47283[UE 1 | RB 1] Throughput = 1.09218 Mbps | SE = 0.02862 bit/s/Hz
47383[UE 1 | RB 1] Throughput = 0.71615 Mbps | SE = 0.01877 bit/s/Hz
47493[UE 1 | RB 1] Throughput = 1.31176 Mbps | SE = 0.03438 bit/s/Hz
47594[UE 1 | RB 1] Throughput = 1.42333 Mbps | SE = 0.03730 bit/s/Hz
47703[UE 1 | RB 1] Throughput = 0.65991 Mbps | SE = 0.01729 bit/s/Hz
47804[UE 1 | RB 1] Throughput = 1.31254 Mbps | SE = 0.03440 bit/s/Hz
47913[UE 1 | RB 1] Throughput = 0.65401 Mbps | SE = 0.01714 bit/s/Hz
48023[UE 1 | RB 1] Throughput = 1.30745 Mbps | SE = 0.03426 bit/s/Hz
48134[UE 1 | RB 1] Throughput = 1.30689 Mbps | SE = 0.03425 bit/s/Hz
48243[UE 1 | RB 1] Throughput = 1.19976 Mbps | SE = 0.03144 bit/s/Hz
48353[UE 1 | RB 1] Throughput = 0.76365 Mbps | SE = 0.02001 bit/s/Hz
48453[UE 1 | RB 1] Throughput = 1.43703 Mbps | SE = 0.03766 bit/s/Hz
48563[UE 1 | RB 1] Throughput = 0.54428 Mbps | SE = 0.01426 bit/s/Hz
48673[UE 1 | RB 1] Throughput = 1.30678 Mbps | SE = 0.03424 bit/s/Hz
48774[UE 1 | RB 1] Throughput = 1.31632 Mbps | SE = 0.03449 bit/s/Hz
48883[UE 1 | RB 1] Throughput = 1.20088 Mbps | SE = 0.03147 bit/s/Hz
48993[UE 1 | RB 1] Throughput = 0.54477 Mbps | SE = 0.01428 bit/s/Hz
49093[UE 1 | RB 1] Throughput = 1.43703 Mbps | SE = 0.03766 bit/s/Hz
49204[UE 1 | RB 1] Throughput = 1.19766 Mbps | SE = 0.03139 bit/s/Hz
49313[UE 1 | RB 1] Throughput = 0.76426 Mbps | SE = 0.02003 bit/s/Hz
49413[UE 1 | RB 1] Throughput = 1.19793 Mbps | SE = 0.03139 bit/s/Hz
49523[UE 1 | RB 1] Throughput = 1.20237 Mbps | SE = 0.03151 bit/s/Hz
49623[UE 1 | RB 1] Throughput = 0.95555 Mbps | SE = 0.02504 bit/s/Hz
49723[UE 1 | RB 1] Throughput = 0.71871 Mbps | SE = 0.01883 bit/s/Hz
49824[UE 1 | RB 1] Throughput = 1.43545 Mbps | SE = 0.03762 bit/s/Hz
49924[UE 1 | RB 1] Throughput = 0.95435 Mbps | SE = 0.02501 bit/s/Hz
50033[UE 1 | RB 1] Throughput = 1.20528 Mbps | SE = 0.03158 bit/s/Hz
50133[UE 1 | RB 1] Throughput = 0.71865 Mbps | SE = 0.01883 bit/s/Hz
50233[UE 1 | RB 1] Throughput = 1.31794 Mbps | SE = 0.03454 bit/s/Hz
50343[UE 1 | RB 1] Throughput = 1.31137 Mbps | SE = 0.03437 bit/s/Hz
50443[UE 1 | RB 1] Throughput = 0.83554 Mbps | SE = 0.02190 bit/s/Hz
50553[UE 1 | RB 1] Throughput = 0.76338 Mbps | SE = 0.02000 bit/s/Hz
50663[UE 1 | RB 1] Throughput = 1.30871 Mbps | SE = 0.03430 bit/s/Hz
50763[UE 1 | RB 1] Throughput = 1.31569 Mbps | SE = 0.03448 bit/s/Hz
50863[UE 1 | RB 1] Throughput = 0.71899 Mbps | SE = 0.01884 bit/s/Hz
50973[UE 1 | RB 1] Throughput = 1.20081 Mbps | SE = 0.03147 bit/s/Hz
51073[UE 1 | RB 1] Throughput = 1.31715 Mbps | SE = 0.03452 bit/s/Hz
51183[UE 1 | RB 1] Throughput = 0.65464 Mbps | SE = 0.01716 bit/s/Hz
51283[UE 1 | RB 1] Throughput = 1.31692 Mbps | SE = 0.03451 bit/s/Hz
51383[UE 1 | RB 1] Throughput = 0.71892 Mbps | SE = 0.01884 bit/s/Hz
51493[UE 1 | RB 1] Throughput = 1.41825 Mbps | SE = 0.03717 bit/s/Hz
51593[UE 1 | RB 1] Throughput = 0.71772 Mbps | SE = 0.01881 bit/s/Hz
51693[UE 1 | RB 1] Throughput = 1.43580 Mbps | SE = 0.03763 bit/s/Hz
51803[UE 1 | RB 1] Throughput = 0.76307 Mbps | SE = 0.02000 bit/s/Hz
51904[UE 1 | RB 1] Throughput = 1.43607 Mbps | SE = 0.03763 bit/s/Hz
52013[UE 1 | RB 1] Throughput = 1.08996 Mbps | SE = 0.02856 bit/s/Hz
52124[UE 1 | RB 1] Throughput = 0.87055 Mbps | SE = 0.02281 bit/s/Hz
52224[UE 1 | RB 1] Throughput = 1.19775 Mbps | SE = 0.03139 bit/s/Hz
52333[UE 1 | RB 1] Throughput = 0.87630 Mbps | SE = 0.02296 bit/s/Hz
52433[UE 1 | RB 1] Throughput = 1.19503 Mbps | SE = 0.03132 bit/s/Hz
52534[UE 1 | RB 1] Throughput = 0.71191 Mbps | SE = 0.01866 bit/s/Hz
52644[UE 1 | RB 1] Throughput = 1.09616 Mbps | SE = 0.02873 bit/s/Hz
52753[UE 1 | RB 1] Throughput = 1.20350 Mbps | SE = 0.03154 bit/s/Hz
52854[UE 1 | RB 1] Throughput = 1.19437 Mbps | SE = 0.03130 bit/s/Hz
52963[UE 1 | RB 1] Throughput = 1.09183 Mbps | SE = 0.02861 bit/s/Hz
53063[UE 1 | RB 1] Throughput = 1.07801 Mbps | SE = 0.02825 bit/s/Hz
53163[UE 1 | RB 1] Throughput = 0.71892 Mbps | SE = 0.01884 bit/s/Hz
53264[UE 1 | RB 1] Throughput = 1.31646 Mbps | SE = 0.03450 bit/s/Hz
53373[UE 1 | RB 1] Throughput = 1.20081 Mbps | SE = 0.03147 bit/s/Hz
53483[UE 1 | RB 1] Throughput = 1.08951 Mbps | SE = 0.02855 bit/s/Hz
53583[UE 1 | RB 1] Throughput = 1.19695 Mbps | SE = 0.03137 bit/s/Hz
53693[UE 1 | RB 1] Throughput = 0.87193 Mbps | SE = 0.02285 bit/s/Hz
53793[UE 1 | RB 1] Throughput = 0.95821 Mbps | SE = 0.02511 bit/s/Hz
53894[UE 1 | RB 1] Throughput = 1.31385 Mbps | SE = 0.03443 bit/s/Hz
54004[UE 1 | RB 1] Throughput = 1.08837 Mbps | SE = 0.02852 bit/s/Hz
54114[UE 1 | RB 1] Throughput = 1.19959 Mbps | SE = 0.03144 bit/s/Hz
54224[UE 1 | RB 1] Throughput = 0.65123 Mbps | SE = 0.01707 bit/s/Hz
54333[UE 1 | RB 1] Throughput = 1.31756 Mbps | SE = 0.03453 bit/s/Hz
54434[UE 1 | RB 1] Throughput = 0.71528 Mbps | SE = 0.01874 bit/s/Hz
54544[UE 1 | RB 1] Throughput = 1.20044 Mbps | SE = 0.03146 bit/s/Hz
54653[UE 1 | RB 1] Throughput = 0.98195 Mbps | SE = 0.02573 bit/s/Hz
54764[UE 1 | RB 1] Throughput = 1.30456 Mbps | SE = 0.03419 bit/s/Hz
54873[UE 1 | RB 1] Throughput = 1.31134 Mbps | SE = 0.03436 bit/s/Hz
54983[UE 1 | RB 1] Throughput = 0.65431 Mbps | SE = 0.01715 bit/s/Hz
55083[UE 1 | RB 1] Throughput = 1.31612 Mbps | SE = 0.03449 bit/s/Hz
55193[UE 1 | RB 1] Throughput = 0.87157 Mbps | SE = 0.02284 bit/s/Hz
55303[UE 1 | RB 1] Throughput = 1.20017 Mbps | SE = 0.03145 bit/s/Hz
55403[UE 1 | RB 1] Throughput = 1.31817 Mbps | SE = 0.03454 bit/s/Hz
55513[UE 1 | RB 1] Throughput = 0.65275 Mbps | SE = 0.01711 bit/s/Hz
55624[UE 1 | RB 1] Throughput = 1.19763 Mbps | SE = 0.03138 bit/s/Hz
55733[UE 1 | RB 1] Throughput = 1.31055 Mbps | SE = 0.03434 bit/s/Hz
55833[UE 1 | RB 1] Throughput = 0.71815 Mbps | SE = 0.01882 bit/s/Hz
55943[UE 1 | RB 1] Throughput = 0.65365 Mbps | SE = 0.01713 bit/s/Hz
56043[UE 1 | RB 1] Throughput = 1.55767 Mbps | SE = 0.04082 bit/s/Hz
56144[UE 1 | RB 1] Throughput = 1.31436 Mbps | SE = 0.03444 bit/s/Hz
56254[UE 1 | RB 1] Throughput = 0.98126 Mbps | SE = 0.02571 bit/s/Hz
56354[UE 1 | RB 1] Throughput = 1.07826 Mbps | SE = 0.02826 bit/s/Hz
56464[UE 1 | RB 1] Throughput = 1.09039 Mbps | SE = 0.02857 bit/s/Hz
56573[UE 1 | RB 1] Throughput = 0.65539 Mbps | SE = 0.01717 bit/s/Hz
56673[UE 1 | RB 1] Throughput = 1.43677 Mbps | SE = 0.03765 bit/s/Hz
56783[UE 1 | RB 1] Throughput = 0.65383 Mbps | SE = 0.01713 bit/s/Hz
56883[UE 1 | RB 1] Throughput = 1.43584 Mbps | SE = 0.03763 bit/s/Hz
56984[UE 1 | RB 1] Throughput = 0.95806 Mbps | SE = 0.02511 bit/s/Hz
57084[UE 1 | RB 1] Throughput = 1.43352 Mbps | SE = 0.03757 bit/s/Hz
57193[UE 1 | RB 1] Throughput = 0.65661 Mbps | SE = 0.01721 bit/s/Hz
57294[UE 1 | RB 1] Throughput = 1.54895 Mbps | SE = 0.04059 bit/s/Hz
57404[UE 1 | RB 1] Throughput = 0.65574 Mbps | SE = 0.01718 bit/s/Hz
57513[UE 1 | RB 1] Throughput = 1.30999 Mbps | SE = 0.03433 bit/s/Hz
57613[UE 1 | RB 1] Throughput = 0.95776 Mbps | SE = 0.02510 bit/s/Hz
57714[UE 1 | RB 1] Throughput = 1.07734 Mbps | SE = 0.02823 bit/s/Hz
57823[UE 1 | RB 1] Throughput = 1.30880 Mbps | SE = 0.03430 bit/s/Hz
57924[UE 1 | RB 1] Throughput = 0.71853 Mbps | SE = 0.01883 bit/s/Hz
58024[UE 1 | RB 1] Throughput = 0.83872 Mbps | SE = 0.02198 bit/s/Hz
58133[UE 1 | RB 1] Throughput = 1.41900 Mbps | SE = 0.03719 bit/s/Hz
58244[UE 1 | RB 1] Throughput = 0.97845 Mbps | SE = 0.02564 bit/s/Hz
58354[UE 1 | RB 1] Throughput = 0.98074 Mbps | SE = 0.02570 bit/s/Hz
58464[UE 1 | RB 1] Throughput = 1.19681 Mbps | SE = 0.03136 bit/s/Hz
58573[UE 1 | RB 1] Throughput = 1.31139 Mbps | SE = 0.03437 bit/s/Hz
58674[UE 1 | RB 1] Throughput = 0.59710 Mbps | SE = 0.01565 bit/s/Hz
58784[UE 1 | RB 1] Throughput = 1.41693 Mbps | SE = 0.03713 bit/s/Hz
58893[UE 1 | RB 1] Throughput = 0.98492 Mbps | SE = 0.02581 bit/s/Hz
58993[UE 1 | RB 1] Throughput = 1.31732 Mbps | SE = 0.03452 bit/s/Hz
59103[UE 1 | RB 1] Throughput = 0.65244 Mbps | SE = 0.01710 bit/s/Hz
59213[UE 1 | RB 1] Throughput = 1.20157 Mbps | SE = 0.03149 bit/s/Hz
59313[UE 1 | RB 1] Throughput = 0.83736 Mbps | SE = 0.02194 bit/s/Hz
59413[UE 1 | RB 1] Throughput = 1.31703 Mbps | SE = 0.03451 bit/s/Hz
59523[UE 1 | RB 1] Throughput = 1.30838 Mbps | SE = 0.03429 bit/s/Hz
59624[UE 1 | RB 1] Throughput = 0.95507 Mbps | SE = 0.02503 bit/s/Hz
59733[UE 1 | RB 1] Throughput = 0.65544 Mbps | SE = 0.01718 bit/s/Hz
59844[UE 1 | RB 1] Throughput = 1.52145 Mbps | SE = 0.03987 bit/s/Hz
59944[UE 1 | RB 1] Throughput = 0.71770 Mbps | SE = 0.01881 bit/s/Hz
60044[UE 1 | RB 1] Throughput = 0.83765 Mbps | SE = 0.02195 bit/s/Hz
60154[UE 1 | RB 1] Throughput = 1.41313 Mbps | SE = 0.03703 bit/s/Hz
60264[UE 1 | RB 1] Throughput = 1.31554 Mbps | SE = 0.03447 bit/s/Hz
60364[UE 1 | RB 1] Throughput = 0.71808 Mbps | SE = 0.01882 bit/s/Hz
60473[UE 1 | RB 1] Throughput = 1.42099 Mbps | SE = 0.03724 bit/s/Hz
60574[UE 1 | RB 1] Throughput = 0.71756 Mbps | SE = 0.01880 bit/s/Hz
60684[UE 1 | RB 1] Throughput = 1.41294 Mbps | SE = 0.03703 bit/s/Hz
60793[UE 1 | RB 1] Throughput = 0.65621 Mbps | SE = 0.01720 bit/s/Hz
60894[UE 1 | RB 1] Throughput = 1.43653 Mbps | SE = 0.03764 bit/s/Hz
61004[UE 1 | RB 1] Throughput = 0.76149 Mbps | SE = 0.01996 bit/s/Hz
61113[UE 1 | RB 1] Throughput = 1.31000 Mbps | SE = 0.03433 bit/s/Hz
61224[UE 1 | RB 1] Throughput = 0.65249 Mbps | SE = 0.01710 bit/s/Hz
61333[UE 1 | RB 1] Throughput = 1.42016 Mbps | SE = 0.03722 bit/s/Hz
61433[UE 1 | RB 1] Throughput = 1.07839 Mbps | SE = 0.02826 bit/s/Hz
61533[UE 1 | RB 1] Throughput = 0.71856 Mbps | SE = 0.01883 bit/s/Hz
61634[UE 1 | RB 1] Throughput = 1.55012 Mbps | SE = 0.04062 bit/s/Hz
61744[UE 1 | RB 1] Throughput = 0.65420 Mbps | SE = 0.01714 bit/s/Hz
61854[UE 1 | RB 1] Throughput = 1.52845 Mbps | SE = 0.04005 bit/s/Hz
61963[UE 1 | RB 1] Throughput = 0.65445 Mbps | SE = 0.01715 bit/s/Hz
62064[UE 1 | RB 1] Throughput = 1.55230 Mbps | SE = 0.04068 bit/s/Hz
62173[UE 1 | RB 1] Throughput = 0.65701 Mbps | SE = 0.01722 bit/s/Hz
62274[UE 1 | RB 1] Throughput = 1.43358 Mbps | SE = 0.03757 bit/s/Hz
62384[UE 1 | RB 1] Throughput = 0.76195 Mbps | SE = 0.01997 bit/s/Hz
62493[UE 1 | RB 1] Throughput = 0.65541 Mbps | SE = 0.01718 bit/s/Hz
62604[UE 1 | RB 1] Throughput = 1.52335 Mbps | SE = 0.03992 bit/s/Hz
62704[UE 1 | RB 1] Throughput = 1.43534 Mbps | SE = 0.03761 bit/s/Hz
62813[UE 1 | RB 1] Throughput = 0.76482 Mbps | SE = 0.02004 bit/s/Hz
62913[UE 1 | RB 1] Throughput = 0.71879 Mbps | SE = 0.01884 bit/s/Hz
63024[UE 1 | RB 1] Throughput = 1.19703 Mbps | SE = 0.03137 bit/s/Hz
63124[UE 1 | RB 1] Throughput = 1.31640 Mbps | SE = 0.03450 bit/s/Hz
63233[UE 1 | RB 1] Throughput = 1.09315 Mbps | SE = 0.02865 bit/s/Hz
63333[UE 1 | RB 1] Throughput = 1.07817 Mbps | SE = 0.02825 bit/s/Hz
63434[UE 1 | RB 1] Throughput = 1.07559 Mbps | SE = 0.02819 bit/s/Hz
63544[UE 1 | RB 1] Throughput = 0.65356 Mbps | SE = 0.01713 bit/s/Hz
63644[UE 1 | RB 1] Throughput = 1.43730 Mbps | SE = 0.03767 bit/s/Hz
63753[UE 1 | RB 1] Throughput = 1.20101 Mbps | SE = 0.03147 bit/s/Hz
63854[UE 1 | RB 1] Throughput = 1.07692 Mbps | SE = 0.02822 bit/s/Hz
63964[UE 1 | RB 1] Throughput = 0.87113 Mbps | SE = 0.02283 bit/s/Hz
64073[UE 1 | RB 1] Throughput = 1.31158 Mbps | SE = 0.03437 bit/s/Hz
64183[UE 1 | RB 1] Throughput = 0.65290 Mbps | SE = 0.01711 bit/s/Hz
64284[UE 1 | RB 1] Throughput = 0.83834 Mbps | SE = 0.02197 bit/s/Hz
64393[UE 1 | RB 1] Throughput = 1.52750 Mbps | SE = 0.04003 bit/s/Hz
64503[UE 1 | RB 1] Throughput = 1.30654 Mbps | SE = 0.03424 bit/s/Hz
64604[UE 1 | RB 1] Throughput = 0.83565 Mbps | SE = 0.02190 bit/s/Hz
64713[UE 1 | RB 1] Throughput = 0.65647 Mbps | SE = 0.01720 bit/s/Hz
64814[UE 1 | RB 1] Throughput = 1.55489 Mbps | SE = 0.04075 bit/s/Hz
64923[UE 1 | RB 1] Throughput = 1.19980 Mbps | SE = 0.03144 bit/s/Hz
65023[UE 1 | RB 1] Throughput = 0.71901 Mbps | SE = 0.01884 bit/s/Hz
65124[UE 1 | RB 1] Throughput = 1.31631 Mbps | SE = 0.03449 bit/s/Hz
65224[UE 1 | RB 1] Throughput = 1.07767 Mbps | SE = 0.02824 bit/s/Hz
65324[UE 1 | RB 1] Throughput = 1.07653 Mbps | SE = 0.02821 bit/s/Hz
65434[UE 1 | RB 1] Throughput = 0.97666 Mbps | SE = 0.02559 bit/s/Hz
65544[UE 1 | RB 1] Throughput = 1.20584 Mbps | SE = 0.03160 bit/s/Hz
65654[UE 1 | RB 1] Throughput = 0.98005 Mbps | SE = 0.02568 bit/s/Hz
65764[UE 1 | RB 1] Throughput = 0.98172 Mbps | SE = 0.02573 bit/s/Hz
65864[UE 1 | RB 1] Throughput = 1.19719 Mbps | SE = 0.03137 bit/s/Hz
65973[UE 1 | RB 1] Throughput = 0.76392 Mbps | SE = 0.02002 bit/s/Hz
66083[UE 1 | RB 1] Throughput = 1.19958 Mbps | SE = 0.03144 bit/s/Hz
66183[UE 1 | RB 1] Throughput = 1.19672 Mbps | SE = 0.03136 bit/s/Hz
66284[UE 1 | RB 1] Throughput = 0.71635 Mbps | SE = 0.01877 bit/s/Hz
66394[UE 1 | RB 1] Throughput = 1.30525 Mbps | SE = 0.03420 bit/s/Hz
66504[UE 1 | RB 1] Throughput = 1.31028 Mbps | SE = 0.03434 bit/s/Hz
66614[UE 1 | RB 1] Throughput = 0.65470 Mbps | SE = 0.01716 bit/s/Hz
66714[UE 1 | RB 1] Throughput = 1.43114 Mbps | SE = 0.03750 bit/s/Hz
66824[UE 1 | RB 1] Throughput = 1.09005 Mbps | SE = 0.02857 bit/s/Hz
66934[UE 1 | RB 1] Throughput = 0.65641 Mbps | SE = 0.01720 bit/s/Hz
67044[UE 1 | RB 1] Throughput = 1.52087 Mbps | SE = 0.03986 bit/s/Hz
67153[UE 1 | RB 1] Throughput = 1.09483 Mbps | SE = 0.02869 bit/s/Hz
67254[UE 1 | RB 1] Throughput = 0.83615 Mbps | SE = 0.02191 bit/s/Hz
67364[UE 1 | RB 1] Throughput = 0.98086 Mbps | SE = 0.02570 bit/s/Hz
67473[UE 1 | RB 1] Throughput = 0.98181 Mbps | SE = 0.02573 bit/s/Hz
67574[UE 1 | RB 1] Throughput = 1.31698 Mbps | SE = 0.03451 bit/s/Hz
67683[UE 1 | RB 1] Throughput = 1.09207 Mbps | SE = 0.02862 bit/s/Hz
67783[UE 1 | RB 1] Throughput = 0.71886 Mbps | SE = 0.01884 bit/s/Hz
67884[UE 1 | RB 1] Throughput = 1.43415 Mbps | SE = 0.03758 bit/s/Hz
67994[UE 1 | RB 1] Throughput = 0.76168 Mbps | SE = 0.01996 bit/s/Hz
68103[UE 1 | RB 1] Throughput = 1.09299 Mbps | SE = 0.02864 bit/s/Hz
68204[UE 1 | RB 1] Throughput = 1.42932 Mbps | SE = 0.03746 bit/s/Hz
68313[UE 1 | RB 1] Throughput = 1.09480 Mbps | SE = 0.02869 bit/s/Hz
68423[UE 1 | RB 1] Throughput = 0.65459 Mbps | SE = 0.01715 bit/s/Hz
68533[UE 1 | RB 1] Throughput = 1.19861 Mbps | SE = 0.03141 bit/s/Hz
68643[UE 1 | RB 1] Throughput = 1.30737 Mbps | SE = 0.03426 bit/s/Hz
68753[UE 1 | RB 1] Throughput = 1.19818 Mbps | SE = 0.03140 bit/s/Hz
68853[UE 1 | RB 1] Throughput = 0.59840 Mbps | SE = 0.01568 bit/s/Hz
68953[UE 1 | RB 1] Throughput = 1.43785 Mbps | SE = 0.03768 bit/s/Hz
69063[UE 1 | RB 1] Throughput = 0.76296 Mbps | SE = 0.01999 bit/s/Hz
69173[UE 1 | RB 1] Throughput = 1.30865 Mbps | SE = 0.03429 bit/s/Hz
69273[UE 1 | RB 1] Throughput = 0.95740 Mbps | SE = 0.02509 bit/s/Hz
69383[UE 1 | RB 1] Throughput = 1.19857 Mbps | SE = 0.03141 bit/s/Hz
69493[UE 1 | RB 1] Throughput = 0.87249 Mbps | SE = 0.02286 bit/s/Hz
69603[UE 1 | RB 1] Throughput = 1.08819 Mbps | SE = 0.02852 bit/s/Hz
69704[UE 1 | RB 1] Throughput = 1.31624 Mbps | SE = 0.03449 bit/s/Hz
69804[UE 1 | RB 1] Throughput = 1.07824 Mbps | SE = 0.02826 bit/s/Hz
69904[UE 1 | RB 1] Throughput = 0.71884 Mbps | SE = 0.01884 bit/s/Hz
70014[UE 1 | RB 1] Throughput = 1.30838 Mbps | SE = 0.03429 bit/s/Hz
70123[UE 1 | RB 1] Throughput = 1.09143 Mbps | SE = 0.02860 bit/s/Hz
70223[UE 1 | RB 1] Throughput = 1.07754 Mbps | SE = 0.02824 bit/s/Hz
70323[UE 1 | RB 1] Throughput = 0.71892 Mbps | SE = 0.01884 bit/s/Hz
70433[UE 1 | RB 1] Throughput = 1.30873 Mbps | SE = 0.03430 bit/s/Hz
70533[UE 1 | RB 1] Throughput = 0.71831 Mbps | SE = 0.01882 bit/s/Hz
70643[UE 1 | RB 1] Throughput = 1.30689 Mbps | SE = 0.03425 bit/s/Hz
70753[UE 1 | RB 1] Throughput = 1.30919 Mbps | SE = 0.03431 bit/s/Hz
70853[UE 1 | RB 1] Throughput = 0.71863 Mbps | SE = 0.01883 bit/s/Hz
70953[UE 1 | RB 1] Throughput = 1.31802 Mbps | SE = 0.03454 bit/s/Hz
71054[UE 1 | RB 1] Throughput = 0.95751 Mbps | SE = 0.02509 bit/s/Hz
71163[UE 1 | RB 1] Throughput = 1.30912 Mbps | SE = 0.03431 bit/s/Hz
71264[UE 1 | RB 1] Throughput = 0.71778 Mbps | SE = 0.01881 bit/s/Hz
71364[UE 1 | RB 1] Throughput = 1.42881 Mbps | SE = 0.03744 bit/s/Hz
71474[UE 1 | RB 1] Throughput = 0.65796 Mbps | SE = 0.01724 bit/s/Hz
71583[UE 1 | RB 1] Throughput = 1.19994 Mbps | SE = 0.03144 bit/s/Hz
71684[UE 1 | RB 1] Throughput = 1.07592 Mbps | SE = 0.02820 bit/s/Hz
71794[UE 1 | RB 1] Throughput = 1.08925 Mbps | SE = 0.02854 bit/s/Hz
71903[UE 1 | RB 1] Throughput = 0.98166 Mbps | SE = 0.02572 bit/s/Hz
72004[UE 1 | RB 1] Throughput = 0.83586 Mbps | SE = 0.02190 bit/s/Hz
72113[UE 1 | RB 1] Throughput = 1.31243 Mbps | SE = 0.03439 bit/s/Hz
72213[UE 1 | RB 1] Throughput = 1.31755 Mbps | SE = 0.03453 bit/s/Hz
72314[UE 1 | RB 1] Throughput = 0.71852 Mbps | SE = 0.01883 bit/s/Hz
72414[UE 1 | RB 1] Throughput = 1.43617 Mbps | SE = 0.03764 bit/s/Hz
72514[UE 1 | RB 1] Throughput = 0.71791 Mbps | SE = 0.01881 bit/s/Hz
72624[UE 1 | RB 1] Throughput = 1.20132 Mbps | SE = 0.03148 bit/s/Hz
72724[UE 1 | RB 1] Throughput = 0.71896 Mbps | SE = 0.01884 bit/s/Hz
72824[UE 1 | RB 1] Throughput = 1.43717 Mbps | SE = 0.03766 bit/s/Hz
72924[UE 1 | RB 1] Throughput = 1.31707 Mbps | SE = 0.03451 bit/s/Hz
73034[UE 1 | RB 1] Throughput = 0.76274 Mbps | SE = 0.01999 bit/s/Hz
73144[UE 1 | RB 1] Throughput = 1.19920 Mbps | SE = 0.03143 bit/s/Hz
73254[UE 1 | RB 1] Throughput = 1.19800 Mbps | SE = 0.03139 bit/s/Hz
73364[UE 1 | RB 1] Throughput = 0.76074 Mbps | SE = 0.01994 bit/s/Hz
73474[UE 1 | RB 1] Throughput = 0.76558 Mbps | SE = 0.02006 bit/s/Hz
73584[UE 1 | RB 1] Throughput = 1.52540 Mbps | SE = 0.03997 bit/s/Hz
73684[UE 1 | RB 1] Throughput = 0.71742 Mbps | SE = 0.01880 bit/s/Hz
73794[UE 1 | RB 1] Throughput = 1.41891 Mbps | SE = 0.03718 bit/s/Hz
73904[UE 1 | RB 1] Throughput = 0.86976 Mbps | SE = 0.02279 bit/s/Hz
74014[UE 1 | RB 1] Throughput = 1.31014 Mbps | SE = 0.03433 bit/s/Hz
74114[UE 1 | RB 1] Throughput = 0.71826 Mbps | SE = 0.01882 bit/s/Hz
74214[UE 1 | RB 1] Throughput = 1.43643 Mbps | SE = 0.03764 bit/s/Hz
74314[UE 1 | RB 1] Throughput = 0.71763 Mbps | SE = 0.01881 bit/s/Hz
74424[UE 1 | RB 1] Throughput = 1.30912 Mbps | SE = 0.03431 bit/s/Hz
74534[UE 1 | RB 1] Throughput = 1.09146 Mbps | SE = 0.02860 bit/s/Hz
74643[UE 1 | RB 1] Throughput = 0.98211 Mbps | SE = 0.02574 bit/s/Hz
74743[UE 1 | RB 1] Throughput = 1.19838 Mbps | SE = 0.03140 bit/s/Hz
74854[UE 1 | RB 1] Throughput = 0.97956 Mbps | SE = 0.02567 bit/s/Hz
74954[UE 1 | RB 1] Throughput = 0.83854 Mbps | SE = 0.02197 bit/s/Hz
75064[UE 1 | RB 1] Throughput = 1.19913 Mbps | SE = 0.03142 bit/s/Hz
75174[UE 1 | RB 1] Throughput = 1.30712 Mbps | SE = 0.03425 bit/s/Hz
75274[UE 1 | RB 1] Throughput = 0.71796 Mbps | SE = 0.01881 bit/s/Hz
75384[UE 1 | RB 1] Throughput = 1.30868 Mbps | SE = 0.03429 bit/s/Hz
75493[UE 1 | RB 1] Throughput = 1.19962 Mbps | SE = 0.03144 bit/s/Hz
75594[UE 1 | RB 1] Throughput = 0.83824 Mbps | SE = 0.02197 bit/s/Hz
75694[UE 1 | RB 1] Throughput = 1.19828 Mbps | SE = 0.03140 bit/s/Hz
75803[UE 1 | RB 1] Throughput = 1.09045 Mbps | SE = 0.02858 bit/s/Hz
75904[UE 1 | RB 1] Throughput = 0.71849 Mbps | SE = 0.01883 bit/s/Hz
76004[UE 1 | RB 1] Throughput = 1.19591 Mbps | SE = 0.03134 bit/s/Hz
76114[UE 1 | RB 1] Throughput = 0.87285 Mbps | SE = 0.02287 bit/s/Hz
76224[UE 1 | RB 1] Throughput = 1.30543 Mbps | SE = 0.03421 bit/s/Hz
76334[UE 1 | RB 1] Throughput = 1.19838 Mbps | SE = 0.03140 bit/s/Hz
76444[UE 1 | RB 1] Throughput = 0.65421 Mbps | SE = 0.01714 bit/s/Hz
76554[UE 1 | RB 1] Throughput = 1.19851 Mbps | SE = 0.03141 bit/s/Hz
76663[UE 1 | RB 1] Throughput = 1.30944 Mbps | SE = 0.03431 bit/s/Hz
76773[UE 1 | RB 1] Throughput = 1.19988 Mbps | SE = 0.03144 bit/s/Hz
76874[UE 1 | RB 1] Throughput = 0.71735 Mbps | SE = 0.01880 bit/s/Hz
76974[UE 1 | RB 1] Throughput = 1.31655 Mbps | SE = 0.03450 bit/s/Hz
77084[UE 1 | RB 1] Throughput = 0.98029 Mbps | SE = 0.02569 bit/s/Hz
77193[UE 1 | RB 1] Throughput = 0.76416 Mbps | SE = 0.02003 bit/s/Hz
77294[UE 1 | RB 1] Throughput = 1.43749 Mbps | SE = 0.03767 bit/s/Hz
77394[UE 1 | RB 1] Throughput = 0.71699 Mbps | SE = 0.01879 bit/s/Hz
77504[UE 1 | RB 1] Throughput = 1.41435 Mbps | SE = 0.03706 bit/s/Hz
77614[UE 1 | RB 1] Throughput = 1.09219 Mbps | SE = 0.02862 bit/s/Hz
77724[UE 1 | RB 1] Throughput = 0.97930 Mbps | SE = 0.02566 bit/s/Hz
77834[UE 1 | RB 1] Throughput = 0.65440 Mbps | SE = 0.01715 bit/s/Hz
77944[UE 1 | RB 1] Throughput = 1.30725 Mbps | SE = 0.03426 bit/s/Hz
78054[UE 1 | RB 1] Throughput = 1.08756 Mbps | SE = 0.02850 bit/s/Hz
78163[UE 1 | RB 1] Throughput = 1.42152 Mbps | SE = 0.03725 bit/s/Hz
78264[UE 1 | RB 1] Throughput = 0.83752 Mbps | SE = 0.02195 bit/s/Hz
78374[UE 1 | RB 1] Throughput = 1.08682 Mbps | SE = 0.02848 bit/s/Hz
78484[UE 1 | RB 1] Throughput = 1.09212 Mbps | SE = 0.02862 bit/s/Hz
78584[UE 1 | RB 1] Throughput = 1.07854 Mbps | SE = 0.02826 bit/s/Hz
78684[UE 1 | RB 1] Throughput = 0.71889 Mbps | SE = 0.01884 bit/s/Hz
78794[UE 1 | RB 1] Throughput = 1.30846 Mbps | SE = 0.03429 bit/s/Hz
78894[UE 1 | RB 1] Throughput = 0.71845 Mbps | SE = 0.01883 bit/s/Hz
78994[UE 1 | RB 1] Throughput = 1.43663 Mbps | SE = 0.03765 bit/s/Hz
79103[UE 1 | RB 1] Throughput = 0.65554 Mbps | SE = 0.01718 bit/s/Hz
79204[UE 1 | RB 1] Throughput = 1.66097 Mbps | SE = 0.04353 bit/s/Hz
79314[UE 1 | RB 1] Throughput = 1.09903 Mbps | SE = 0.02880 bit/s/Hz
79414[UE 1 | RB 1] Throughput = 0.71847 Mbps | SE = 0.01883 bit/s/Hz
79514[UE 1 | RB 1] Throughput = 1.43654 Mbps | SE = 0.03765 bit/s/Hz
79614[UE 1 | RB 1] Throughput = 0.95801 Mbps | SE = 0.02511 bit/s/Hz
79724[UE 1 | RB 1] Throughput = 0.97952 Mbps | SE = 0.02567 bit/s/Hz
79834[UE 1 | RB 1] Throughput = 1.20113 Mbps | SE = 0.03148 bit/s/Hz
79943[UE 1 | RB 1] Throughput = 0.65456 Mbps | SE = 0.01715 bit/s/Hz
80044[UE 1 | RB 1] Throughput = 1.31483 Mbps | SE = 0.03446 bit/s/Hz
80154[UE 1 | RB 1] Throughput = 1.20039 Mbps | SE = 0.03146 bit/s/Hz
80264[UE 1 | RB 1] Throughput = 1.08872 Mbps | SE = 0.02853 bit/s/Hz
80374[UE 1 | RB 1] Throughput = 1.09045 Mbps | SE = 0.02858 bit/s/Hz
80474[UE 1 | RB 1] Throughput = 0.71857 Mbps | SE = 0.01883 bit/s/Hz
80574[UE 1 | RB 1] Throughput = 1.19733 Mbps | SE = 0.03138 bit/s/Hz
80674[UE 1 | RB 1] Throughput = 1.43590 Mbps | SE = 0.03763 bit/s/Hz
80784[UE 1 | RB 1] Throughput = 0.65415 Mbps | SE = 0.01714 bit/s/Hz
80884[UE 1 | RB 1] Throughput = 1.31628 Mbps | SE = 0.03449 bit/s/Hz
80984[UE 1 | RB 1] Throughput = 0.95680 Mbps | SE = 0.02507 bit/s/Hz
81094[UE 1 | RB 1] Throughput = 1.20116 Mbps | SE = 0.03148 bit/s/Hz
81194[UE 1 | RB 1] Throughput = 0.71763 Mbps | SE = 0.01881 bit/s/Hz
81294[UE 1 | RB 1] Throughput = 1.31566 Mbps | SE = 0.03448 bit/s/Hz
81404[UE 1 | RB 1] Throughput = 1.20319 Mbps | SE = 0.03153 bit/s/Hz
81513[UE 1 | RB 1] Throughput = 0.76484 Mbps | SE = 0.02004 bit/s/Hz
81614[UE 1 | RB 1] Throughput = 1.19641 Mbps | SE = 0.03135 bit/s/Hz
81714[UE 1 | RB 1] Throughput = 0.83845 Mbps | SE = 0.02197 bit/s/Hz
81814[UE 1 | RB 1] Throughput = 1.43541 Mbps | SE = 0.03762 bit/s/Hz
81924[UE 1 | RB 1] Throughput = 1.30686 Mbps | SE = 0.03425 bit/s/Hz
82034[UE 1 | RB 1] Throughput = 0.65453 Mbps | SE = 0.01715 bit/s/Hz
82144[UE 1 | RB 1] Throughput = 1.30605 Mbps | SE = 0.03423 bit/s/Hz
82244[UE 1 | RB 1] Throughput = 1.07643 Mbps | SE = 0.02821 bit/s/Hz
82354[UE 1 | RB 1] Throughput = 0.98503 Mbps | SE = 0.02581 bit/s/Hz
82454[UE 1 | RB 1] Throughput = 0.83830 Mbps | SE = 0.02197 bit/s/Hz
82554[UE 1 | RB 1] Throughput = 1.19790 Mbps | SE = 0.03139 bit/s/Hz
82664[UE 1 | RB 1] Throughput = 1.41749 Mbps | SE = 0.03715 bit/s/Hz
82774[UE 1 | RB 1] Throughput = 0.65412 Mbps | SE = 0.01714 bit/s/Hz
82874[UE 1 | RB 1] Throughput = 1.43246 Mbps | SE = 0.03754 bit/s/Hz
82984[UE 1 | RB 1] Throughput = 0.65514 Mbps | SE = 0.01717 bit/s/Hz
83093[UE 1 | RB 1] Throughput = 1.30993 Mbps | SE = 0.03433 bit/s/Hz
83194[UE 1 | RB 1] Throughput = 1.07760 Mbps | SE = 0.02824 bit/s/Hz
83294[UE 1 | RB 1] Throughput = 1.07854 Mbps | SE = 0.02826 bit/s/Hz
83394[UE 1 | RB 1] Throughput = 0.95870 Mbps | SE = 0.02512 bit/s/Hz
83494[UE 1 | RB 1] Throughput = 0.71826 Mbps | SE = 0.01882 bit/s/Hz
83604[UE 1 | RB 1] Throughput = 1.30798 Mbps | SE = 0.03428 bit/s/Hz
83704[UE 1 | RB 1] Throughput = 1.31466 Mbps | SE = 0.03445 bit/s/Hz
83804[UE 1 | RB 1] Throughput = 0.71878 Mbps | SE = 0.01884 bit/s/Hz
83914[UE 1 | RB 1] Throughput = 1.30896 Mbps | SE = 0.03430 bit/s/Hz
84014[UE 1 | RB 1] Throughput = 0.95749 Mbps | SE = 0.02509 bit/s/Hz
84124[UE 1 | RB 1] Throughput = 0.65458 Mbps | SE = 0.01715 bit/s/Hz
84224[UE 1 | RB 1] Throughput = 1.66960 Mbps | SE = 0.04375 bit/s/Hz
84334[UE 1 | RB 1] Throughput = 0.87439 Mbps | SE = 0.02291 bit/s/Hz
84434[UE 1 | RB 1] Throughput = 1.31595 Mbps | SE = 0.03449 bit/s/Hz
84544[UE 1 | RB 1] Throughput = 0.98170 Mbps | SE = 0.02573 bit/s/Hz
84644[UE 1 | RB 1] Throughput = 1.19639 Mbps | SE = 0.03135 bit/s/Hz
84754[UE 1 | RB 1] Throughput = 0.98483 Mbps | SE = 0.02581 bit/s/Hz
84854[UE 1 | RB 1] Throughput = 0.83834 Mbps | SE = 0.02197 bit/s/Hz
84954[UE 1 | RB 1] Throughput = 1.31662 Mbps | SE = 0.03450 bit/s/Hz
85054[UE 1 | RB 1] Throughput = 0.59742 Mbps | SE = 0.01566 bit/s/Hz
85164[UE 1 | RB 1] Throughput = 1.30930 Mbps | SE = 0.03431 bit/s/Hz
85274[UE 1 | RB 1] Throughput = 1.41969 Mbps | SE = 0.03720 bit/s/Hz
85383[UE 1 | RB 1] Throughput = 0.65507 Mbps | SE = 0.01717 bit/s/Hz
85484[UE 1 | RB 1] Throughput = 1.43422 Mbps | SE = 0.03758 bit/s/Hz
85594[UE 1 | RB 1] Throughput = 0.65452 Mbps | SE = 0.01715 bit/s/Hz
85704[UE 1 | RB 1] Throughput = 1.30673 Mbps | SE = 0.03424 bit/s/Hz
85804[UE 1 | RB 1] Throughput = 1.31444 Mbps | SE = 0.03445 bit/s/Hz
85914[UE 1 | RB 1] Throughput = 0.65522 Mbps | SE = 0.01717 bit/s/Hz
86014[UE 1 | RB 1] Throughput = 1.43395 Mbps | SE = 0.03758 bit/s/Hz
86124[UE 1 | RB 1] Throughput = 0.65505 Mbps | SE = 0.01717 bit/s/Hz
86224[UE 1 | RB 1] Throughput = 1.43524 Mbps | SE = 0.03761 bit/s/Hz
86324[UE 1 | RB 1] Throughput = 0.71819 Mbps | SE = 0.01882 bit/s/Hz
86434[UE 1 | RB 1] Throughput = 1.20183 Mbps | SE = 0.03149 bit/s/Hz
86543[UE 1 | RB 1] Throughput = 1.42002 Mbps | SE = 0.03721 bit/s/Hz
86644[UE 1 | RB 1] Throughput = 0.95566 Mbps | SE = 0.02504 bit/s/Hz
86754[UE 1 | RB 1] Throughput = 0.98170 Mbps | SE = 0.02573 bit/s/Hz
86854[UE 1 | RB 1] Throughput = 1.19523 Mbps | SE = 0.03132 bit/s/Hz
86964[UE 1 | RB 1] Throughput = 0.65503 Mbps | SE = 0.01717 bit/s/Hz
87064[UE 1 | RB 1] Throughput = 1.31636 Mbps | SE = 0.03450 bit/s/Hz
87174[UE 1 | RB 1] Throughput = 1.19884 Mbps | SE = 0.03142 bit/s/Hz
87284[UE 1 | RB 1] Throughput = 0.65207 Mbps | SE = 0.01709 bit/s/Hz
87394[UE 1 | RB 1] Throughput = 1.41723 Mbps | SE = 0.03714 bit/s/Hz
87504[UE 1 | RB 1] Throughput = 1.19996 Mbps | SE = 0.03145 bit/s/Hz
87604[UE 1 | RB 1] Throughput = 1.07511 Mbps | SE = 0.02817 bit/s/Hz
87714[UE 1 | RB 1] Throughput = 0.98306 Mbps | SE = 0.02576 bit/s/Hz
87824[UE 1 | RB 1] Throughput = 1.19922 Mbps | SE = 0.03143 bit/s/Hz
87924[UE 1 | RB 1] Throughput = 0.71887 Mbps | SE = 0.01884 bit/s/Hz
88024[UE 1 | RB 1] Throughput = 0.95510 Mbps | SE = 0.02503 bit/s/Hz
88134[UE 1 | RB 1] Throughput = 1.20517 Mbps | SE = 0.03158 bit/s/Hz
88234[UE 1 | RB 1] Throughput = 1.31748 Mbps | SE = 0.03453 bit/s/Hz
88334[UE 1 | RB 1] Throughput = 0.71579 Mbps | SE = 0.01876 bit/s/Hz
88444[UE 1 | RB 1] Throughput = 1.31072 Mbps | SE = 0.03435 bit/s/Hz
88554[UE 1 | RB 1] Throughput = 1.20071 Mbps | SE = 0.03147 bit/s/Hz
88654[UE 1 | RB 1] Throughput = 0.71684 Mbps | SE = 0.01879 bit/s/Hz
88754[UE 1 | RB 1] Throughput = 1.43763 Mbps | SE = 0.03767 bit/s/Hz
88854[UE 1 | RB 1] Throughput = 0.71796 Mbps | SE = 0.01881 bit/s/Hz
88964[UE 1 | RB 1] Throughput = 1.30868 Mbps | SE = 0.03429 bit/s/Hz
89064[UE 1 | RB 1] Throughput = 0.83769 Mbps | SE = 0.02195 bit/s/Hz
89174[UE 1 | RB 1] Throughput = 1.30976 Mbps | SE = 0.03432 bit/s/Hz
89284[UE 1 | RB 1] Throughput = 0.65388 Mbps | SE = 0.01714 bit/s/Hz
89384[UE 1 | RB 1] Throughput = 1.43511 Mbps | SE = 0.03761 bit/s/Hz
89484[UE 1 | RB 1] Throughput = 0.71876 Mbps | SE = 0.01884 bit/s/Hz
89584[UE 1 | RB 1] Throughput = 1.31586 Mbps | SE = 0.03448 bit/s/Hz
89694[UE 1 | RB 1] Throughput = 1.09384 Mbps | SE = 0.02866 bit/s/Hz
89794[UE 1 | RB 1] Throughput = 0.71710 Mbps | SE = 0.01879 bit/s/Hz
89904[UE 1 | RB 1] Throughput = 1.30898 Mbps | SE = 0.03430 bit/s/Hz
90004[UE 1 | RB 1] Throughput = 1.31384 Mbps | SE = 0.03443 bit/s/Hz
[xApp]: E42 RIC_SUBSCRIPTION_DELETE_REQUEST tx RAN_FUNC_ID 144 RIC_REQ_ID 1 
[xApp]: E42 SUBSCRIPTION DELETE RESPONSE rx
[xApp]: E42 RIC_SUBSCRIPTION_DELETE_REQUEST tx RAN_FUNC_ID 144 RIC_REQ_ID 2 
[xApp]: E42 SUBSCRIPTION DELETE RESPONSE rx
[xApp]: E42 RIC_SUBSCRIPTION_DELETE_REQUEST tx RAN_FUNC_ID 144 RIC_REQ_ID 3 
[xApp]: E42 SUBSCRIPTION DELETE RESPONSE rx
[xApp]: E42 RIC_SUBSCRIPTION_DELETE_REQUEST tx RAN_FUNC_ID 144 RIC_REQ_ID 4 
[xApp]: E42 SUBSCRIPTION DELETE RESPONSE rx
[xApp]: Sucessfully stopped 
Test xApp run SUCCESSFULLY
