[UTIL]: Setting the config -c file to /usr/local/etc/flexric/flexric.conf
[UTIL]: Setting path -p for the shared libraries to /usr/local/lib/flexric/
[xAapp]: Initializing ... 
[xApp]: nearRT-RIC IP Address = 192.168.70.150, PORT = 36422
[E2 AGENT]: Opening plugin from path = /usr/local/lib/flexric/libkpm_sm.so 
[E2 AGENT]: Opening plugin from path = /usr/local/lib/flexric/libmac_sm.so 
[E2 AGENT]: Opening plugin from path = /usr/local/lib/flexric/libpdcp_sm.so 
[E2 AGENT]: Opening plugin from path = /usr/local/lib/flexric/libgtp_sm.so 
[E2 AGENT]: Opening plugin from path = /usr/local/lib/flexric/librc_sm.so 
[E2 AGENT]: Opening plugin from path = /usr/local/lib/flexric/libtc_sm.so 
[E2 AGENT]: Opening plugin from path = /usr/local/lib/flexric/librlc_sm.so 
[E2 AGENT]: Opening plugin from path = /usr/local/lib/flexric/libslice_sm.so 
[NEAR-RIC]: Loading SM ID = 2 with def = ORAN-E2SM-KPM 
[NEAR-RIC]: Loading SM ID = 142 with def = MAC_STATS_V0 
[NEAR-RIC]: Loading SM ID = 144 with def = PDCP_STATS_V0 
[NEAR-RIC]: Loading SM ID = 148 with def = GTP_STATS_V0 
[NEAR-RIC]: Loading SM ID = 3 with def = ORAN-E2SM-RC 
[NEAR-RIC]: Loading SM ID = 146 with def = TC_STATS_V0 
[NEAR-RIC]: Loading SM ID = 143 with def = RLC_STATS_V0 
[NEAR-RIC]: Loading SM ID = 145 with def = SLICE_STATS_V0 
[xApp]: DB filename = /tmp/flexric/xapp_db 
 [xApp]: E42 SETUP-REQUEST tx
[xApp]: E42 SETUP-RESPONSE rx 
[xApp]: xApp ID = 94 
[xApp]: Registered E2 Nodes = 4 
Connected E2 nodes = 4
[xAPP] Registered node 0 ran func id = 2 
 [xAPP] Registered node 0 ran func id = 3 
 [xAPP] Registered node 0 ran func id = 142 
 [xAPP] Registered node 0 ran func id = 143 
 [xAPP] Registered node 0 ran func id = 144 
 [xAPP] Registered node 0 ran func id = 145 
 [xAPP] Registered node 0 ran func id = 146 
 [xAPP] Registered node 0 ran func id = 148 
 [xApp]: E42 RIC SUBSCRIPTION REQUEST tx RAN_FUNC_ID 144 RIC_REQ_ID 1 
[xApp]: SUBSCRIPTION RESPONSE rx
[xApp]: Successfully subscribed to RAN_FUNC_ID 144 
[xAPP] Registered node 1 ran func id = 2 
 [xAPP] Registered node 1 ran func id = 3 
 [xAPP] Registered node 1 ran func id = 142 
 [xAPP] Registered node 1 ran func id = 143 
 [xAPP] Registered node 1 ran func id = 144 
 [xAPP] Registered node 1 ran func id = 145 
 [xAPP] Registered node 1 ran func id = 146 
 [xAPP] Registered node 1 ran func id = 148 
 [xApp]: E42 RIC SUBSCRIPTION REQUEST tx RAN_FUNC_ID 144 RIC_REQ_ID 2 
[xApp]: SUBSCRIPTION RESPONSE rx
[xApp]: Successfully subscribed to RAN_FUNC_ID 144 
[xAPP] Registered node 2 ran func id = 2 
 [xAPP] Registered node 2 ran func id = 3 
 [xAPP] Registered node 2 ran func id = 142 
 [xAPP] Registered node 2 ran func id = 143 
 [xAPP] Registered node 2 ran func id = 144 
 [xAPP] Registered node 2 ran func id = 145 
 [xAPP] Registered node 2 ran func id = 146 
 [xAPP] Registered node 2 ran func id = 148 
 [xApp]: E42 RIC SUBSCRIPTION REQUEST tx RAN_FUNC_ID 144 RIC_REQ_ID 3 
[xApp]: SUBSCRIPTION RESPONSE rx
[xApp]: Successfully subscribed to RAN_FUNC_ID 144 
[xAPP] Registered node 3 ran func id = 2 
 [xAPP] Registered node 3 ran func id = 3 
 [xAPP] Registered node 3 ran func id = 142 
 [xAPP] Registered node 3 ran func id = 143 
 [xAPP] Registered node 3 ran func id = 144 
 [xAPP] Registered node 3 ran func id = 145 
 [xAPP] Registered node 3 ran func id = 146 
 [xAPP] Registered node 3 ran func id = 148 
 [xApp]: E42 RIC SUBSCRIPTION REQUEST tx RAN_FUNC_ID 144 RIC_REQ_ID 4 
[xApp]: SUBSCRIPTION RESPONSE rx
[xApp]: Successfully subscribed to RAN_FUNC_ID 144 
123[UE 1 | RB 1] Throughput = 1.19592 Mbps | SE = 0.03134 bit/s/Hz
233[UE 1 | RB 1] Throughput = 1.09223 Mbps | SE = 0.02862 bit/s/Hz
343[UE 1 | RB 1] Throughput = 1.19763 Mbps | SE = 0.03138 bit/s/Hz
443[UE 1 | RB 1] Throughput = 0.59919 Mbps | SE = 0.01570 bit/s/Hz
543[UE 1 | RB 1] Throughput = 1.43577 Mbps | SE = 0.03762 bit/s/Hz
653[UE 1 | RB 1] Throughput = 1.20249 Mbps | SE = 0.03151 bit/s/Hz
763[UE 1 | RB 1] Throughput = 0.65237 Mbps | SE = 0.01710 bit/s/Hz
873[UE 1 | RB 1] Throughput = 1.19930 Mbps | SE = 0.03143 bit/s/Hz
973[UE 1 | RB 1] Throughput = 0.83674 Mbps | SE = 0.02193 bit/s/Hz
1083[UE 1 | RB 1] Throughput = 1.09582 Mbps | SE = 0.02872 bit/s/Hz
1183[UE 1 | RB 1] Throughput = 1.43641 Mbps | SE = 0.03764 bit/s/Hz
1283[UE 1 | RB 1] Throughput = 0.71900 Mbps | SE = 0.01884 bit/s/Hz
1383[UE 1 | RB 1] Throughput = 1.31309 Mbps | SE = 0.03441 bit/s/Hz
1493[UE 1 | RB 1] Throughput = 1.31030 Mbps | SE = 0.03434 bit/s/Hz
1593[UE 1 | RB 1] Throughput = 0.71903 Mbps | SE = 0.01884 bit/s/Hz
1693[UE 1 | RB 1] Throughput = 1.31746 Mbps | SE = 0.03452 bit/s/Hz
1793[UE 1 | RB 1] Throughput = 0.83674 Mbps | SE = 0.02193 bit/s/Hz
1903[UE 1 | RB 1] Throughput = 0.87448 Mbps | SE = 0.02292 bit/s/Hz
2003[UE 1 | RB 1] Throughput = 1.31761 Mbps | SE = 0.03453 bit/s/Hz
2103[UE 1 | RB 1] Throughput = 1.07481 Mbps | SE = 0.02817 bit/s/Hz
2203[UE 1 | RB 1] Throughput = 1.19835 Mbps | SE = 0.03140 bit/s/Hz
2303[UE 1 | RB 1] Throughput = 1.07797 Mbps | SE = 0.02825 bit/s/Hz
2413[UE 1 | RB 1] Throughput = 1.09116 Mbps | SE = 0.02859 bit/s/Hz
2524[UE 1 | RB 1] Throughput = 0.86834 Mbps | SE = 0.02276 bit/s/Hz
2633[UE 1 | RB 1] Throughput = 0.98353 Mbps | SE = 0.02577 bit/s/Hz
2733[UE 1 | RB 1] Throughput = 0.71885 Mbps | SE = 0.01884 bit/s/Hz
2843[UE 1 | RB 1] Throughput = 1.30969 Mbps | SE = 0.03432 bit/s/Hz
2943[UE 1 | RB 1] Throughput = 1.55247 Mbps | SE = 0.04068 bit/s/Hz
3053[UE 1 | RB 1] Throughput = 0.65433 Mbps | SE = 0.01715 bit/s/Hz
3165[UE 1 | RB 1] Throughput = 1.18392 Mbps | SE = 0.03103 bit/s/Hz
3273[UE 1 | RB 1] Throughput = 1.32352 Mbps | SE = 0.03468 bit/s/Hz
3383[UE 1 | RB 1] Throughput = 0.76378 Mbps | SE = 0.02002 bit/s/Hz
3483[UE 1 | RB 1] Throughput = 1.43795 Mbps | SE = 0.03768 bit/s/Hz
3583[UE 1 | RB 1] Throughput = 0.59893 Mbps | SE = 0.01570 bit/s/Hz
3693[UE 1 | RB 1] Throughput = 1.20302 Mbps | SE = 0.03153 bit/s/Hz
3793[UE 1 | RB 1] Throughput = 1.31421 Mbps | SE = 0.03444 bit/s/Hz
3903[UE 1 | RB 1] Throughput = 0.65461 Mbps | SE = 0.01715 bit/s/Hz
4003[UE 1 | RB 1] Throughput = 1.31404 Mbps | SE = 0.03443 bit/s/Hz
4113[UE 1 | RB 1] Throughput = 1.19841 Mbps | SE = 0.03140 bit/s/Hz
4223[UE 1 | RB 1] Throughput = 0.65456 Mbps | SE = 0.01715 bit/s/Hz
4323[UE 1 | RB 1] Throughput = 1.55388 Mbps | SE = 0.04072 bit/s/Hz
4433[UE 1 | RB 1] Throughput = 0.65465 Mbps | SE = 0.01716 bit/s/Hz
4543[UE 1 | RB 1] Throughput = 1.30609 Mbps | SE = 0.03423 bit/s/Hz
4653[UE 1 | RB 1] Throughput = 1.19789 Mbps | SE = 0.03139 bit/s/Hz
4754[UE 1 | RB 1] Throughput = 0.71702 Mbps | SE = 0.01879 bit/s/Hz
4863[UE 1 | RB 1] Throughput = 1.31086 Mbps | SE = 0.03435 bit/s/Hz
4973[UE 1 | RB 1] Throughput = 1.19638 Mbps | SE = 0.03135 bit/s/Hz
5083[UE 1 | RB 1] Throughput = 0.76532 Mbps | SE = 0.02006 bit/s/Hz
5193[UE 1 | RB 1] Throughput = 1.30954 Mbps | SE = 0.03432 bit/s/Hz
5293[UE 1 | RB 1] Throughput = 0.59657 Mbps | SE = 0.01563 bit/s/Hz
5403[UE 1 | RB 1] Throughput = 1.20218 Mbps | SE = 0.03150 bit/s/Hz
5503[UE 1 | RB 1] Throughput = 1.43544 Mbps | SE = 0.03762 bit/s/Hz
5603[UE 1 | RB 1] Throughput = 0.71867 Mbps | SE = 0.01883 bit/s/Hz
5703[UE 1 | RB 1] Throughput = 1.43779 Mbps | SE = 0.03768 bit/s/Hz
5813[UE 1 | RB 1] Throughput = 1.09274 Mbps | SE = 0.02864 bit/s/Hz
5913[UE 1 | RB 1] Throughput = 0.83751 Mbps | SE = 0.02195 bit/s/Hz
6013[UE 1 | RB 1] Throughput = 1.31669 Mbps | SE = 0.03450 bit/s/Hz
6123[UE 1 | RB 1] Throughput = 1.19817 Mbps | SE = 0.03140 bit/s/Hz
6223[UE 1 | RB 1] Throughput = 0.59787 Mbps | SE = 0.01567 bit/s/Hz
6333[UE 1 | RB 1] Throughput = 1.20284 Mbps | SE = 0.03152 bit/s/Hz
6433[UE 1 | RB 1] Throughput = 1.19662 Mbps | SE = 0.03136 bit/s/Hz
6533[UE 1 | RB 1] Throughput = 0.71862 Mbps | SE = 0.01883 bit/s/Hz
6643[UE 1 | RB 1] Throughput = 1.30819 Mbps | SE = 0.03428 bit/s/Hz
6753[UE 1 | RB 1] Throughput = 0.65288 Mbps | SE = 0.01711 bit/s/Hz
6863[UE 1 | RB 1] Throughput = 1.31299 Mbps | SE = 0.03441 bit/s/Hz
6963[UE 1 | RB 1] Throughput = 1.31590 Mbps | SE = 0.03448 bit/s/Hz
7063[UE 1 | RB 1] Throughput = 0.83655 Mbps | SE = 0.02192 bit/s/Hz
7173[UE 1 | RB 1] Throughput = 0.98397 Mbps | SE = 0.02579 bit/s/Hz
7273[UE 1 | RB 1] Throughput = 1.19632 Mbps | SE = 0.03135 bit/s/Hz
7374[UE 1 | RB 1] Throughput = 1.31150 Mbps | SE = 0.03437 bit/s/Hz
7483[UE 1 | RB 1] Throughput = 0.76540 Mbps | SE = 0.02006 bit/s/Hz
7593[UE 1 | RB 1] Throughput = 1.20035 Mbps | SE = 0.03146 bit/s/Hz
7703[UE 1 | RB 1] Throughput = 1.20129 Mbps | SE = 0.03148 bit/s/Hz
7803[UE 1 | RB 1] Throughput = 1.07394 Mbps | SE = 0.02814 bit/s/Hz
7903[UE 1 | RB 1] Throughput = 1.07610 Mbps | SE = 0.02820 bit/s/Hz
8013[UE 1 | RB 1] Throughput = 0.98058 Mbps | SE = 0.02570 bit/s/Hz
8113[UE 1 | RB 1] Throughput = 0.71903 Mbps | SE = 0.01884 bit/s/Hz
8213[UE 1 | RB 1] Throughput = 1.43761 Mbps | SE = 0.03767 bit/s/Hz
8323[UE 1 | RB 1] Throughput = 1.31453 Mbps | SE = 0.03445 bit/s/Hz
8423[UE 1 | RB 1] Throughput = 0.71851 Mbps | SE = 0.01883 bit/s/Hz
8523[UE 1 | RB 1] Throughput = 1.43266 Mbps | SE = 0.03754 bit/s/Hz
8633[UE 1 | RB 1] Throughput = 0.54655 Mbps | SE = 0.01432 bit/s/Hz
8733[UE 1 | RB 1] Throughput = 1.55476 Mbps | SE = 0.04074 bit/s/Hz
8843[UE 1 | RB 1] Throughput = 0.65344 Mbps | SE = 0.01712 bit/s/Hz
8943[UE 1 | RB 1] Throughput = 1.43647 Mbps | SE = 0.03764 bit/s/Hz
9053[UE 1 | RB 1] Throughput = 0.65444 Mbps | SE = 0.01715 bit/s/Hz
9163[UE 1 | RB 1] Throughput = 1.30861 Mbps | SE = 0.03429 bit/s/Hz
9263[UE 1 | RB 1] Throughput = 1.31688 Mbps | SE = 0.03451 bit/s/Hz
9363[UE 1 | RB 1] Throughput = 0.95872 Mbps | SE = 0.02512 bit/s/Hz
9473[UE 1 | RB 1] Throughput = 1.19944 Mbps | SE = 0.03143 bit/s/Hz
9573[UE 1 | RB 1] Throughput = 0.59734 Mbps | SE = 0.01565 bit/s/Hz
9683[UE 1 | RB 1] Throughput = 0.76349 Mbps | SE = 0.02001 bit/s/Hz
9793[UE 1 | RB 1] Throughput = 1.75205 Mbps | SE = 0.04591 bit/s/Hz
9893[UE 1 | RB 1] Throughput = 0.71806 Mbps | SE = 0.01882 bit/s/Hz
9993[UE 1 | RB 1] Throughput = 1.43432 Mbps | SE = 0.03759 bit/s/Hz
10103[UE 1 | RB 1] Throughput = 0.65213 Mbps | SE = 0.01709 bit/s/Hz
10213[UE 1 | RB 1] Throughput = 1.31128 Mbps | SE = 0.03436 bit/s/Hz
10313[UE 1 | RB 1] Throughput = 0.71751 Mbps | SE = 0.01880 bit/s/Hz
10413[UE 1 | RB 1] Throughput = 1.43641 Mbps | SE = 0.03764 bit/s/Hz
10523[UE 1 | RB 1] Throughput = 0.65468 Mbps | SE = 0.01716 bit/s/Hz
10633[UE 1 | RB 1] Throughput = 1.41538 Mbps | SE = 0.03709 bit/s/Hz
10743[UE 1 | RB 1] Throughput = 0.65334 Mbps | SE = 0.01712 bit/s/Hz
10843[UE 1 | RB 1] Throughput = 1.55652 Mbps | SE = 0.04079 bit/s/Hz
10953[UE 1 | RB 1] Throughput = 1.30911 Mbps | SE = 0.03431 bit/s/Hz
11053[UE 1 | RB 1] Throughput = 0.71886 Mbps | SE = 0.01884 bit/s/Hz
11163[UE 1 | RB 1] Throughput = 1.30662 Mbps | SE = 0.03424 bit/s/Hz
11273[UE 1 | RB 1] Throughput = 0.87219 Mbps | SE = 0.02286 bit/s/Hz
11383[UE 1 | RB 1] Throughput = 1.30687 Mbps | SE = 0.03425 bit/s/Hz
11493[UE 1 | RB 1] Throughput = 0.76466 Mbps | SE = 0.02004 bit/s/Hz
11593[UE 1 | RB 1] Throughput = 0.83759 Mbps | SE = 0.02195 bit/s/Hz
11693[UE 1 | RB 1] Throughput = 1.43398 Mbps | SE = 0.03758 bit/s/Hz
11803[UE 1 | RB 1] Throughput = 1.20150 Mbps | SE = 0.03149 bit/s/Hz
11903[UE 1 | RB 1] Throughput = 0.59901 Mbps | SE = 0.01570 bit/s/Hz
12003[UE 1 | RB 1] Throughput = 1.31504 Mbps | SE = 0.03446 bit/s/Hz
12113[UE 1 | RB 1] Throughput = 1.20116 Mbps | SE = 0.03148 bit/s/Hz
12223[UE 1 | RB 1] Throughput = 1.19953 Mbps | SE = 0.03143 bit/s/Hz
12323[UE 1 | RB 1] Throughput = 0.83540 Mbps | SE = 0.02189 bit/s/Hz
12433[UE 1 | RB 1] Throughput = 1.20267 Mbps | SE = 0.03152 bit/s/Hz
12543[UE 1 | RB 1] Throughput = 0.97979 Mbps | SE = 0.02568 bit/s/Hz
12653[UE 1 | RB 1] Throughput = 0.97749 Mbps | SE = 0.02562 bit/s/Hz
12763[UE 1 | RB 1] Throughput = 1.09367 Mbps | SE = 0.02866 bit/s/Hz
12863[UE 1 | RB 1] Throughput = 1.43620 Mbps | SE = 0.03764 bit/s/Hz
12973[UE 1 | RB 1] Throughput = 0.65418 Mbps | SE = 0.01714 bit/s/Hz
13073[UE 1 | RB 1] Throughput = 1.31748 Mbps | SE = 0.03453 bit/s/Hz
13173[UE 1 | RB 1] Throughput = 0.59833 Mbps | SE = 0.01568 bit/s/Hz
13283[UE 1 | RB 1] Throughput = 1.63351 Mbps | SE = 0.04281 bit/s/Hz
13393[UE 1 | RB 1] Throughput = 0.76447 Mbps | SE = 0.02003 bit/s/Hz
13503[UE 1 | RB 1] Throughput = 1.19791 Mbps | SE = 0.03139 bit/s/Hz
13613[UE 1 | RB 1] Throughput = 1.08886 Mbps | SE = 0.02853 bit/s/Hz
13713[UE 1 | RB 1] Throughput = 1.19780 Mbps | SE = 0.03139 bit/s/Hz
13813[UE 1 | RB 1] Throughput = 0.71851 Mbps | SE = 0.01883 bit/s/Hz
13923[UE 1 | RB 1] Throughput = 1.31031 Mbps | SE = 0.03434 bit/s/Hz
14033[UE 1 | RB 1] Throughput = 0.65268 Mbps | SE = 0.01710 bit/s/Hz
14133[UE 1 | RB 1] Throughput = 1.43633 Mbps | SE = 0.03764 bit/s/Hz
14234[UE 1 | RB 1] Throughput = 0.71680 Mbps | SE = 0.01878 bit/s/Hz
14334[UE 1 | RB 1] Throughput = 1.31670 Mbps | SE = 0.03450 bit/s/Hz
14443[UE 1 | RB 1] Throughput = 1.31607 Mbps | SE = 0.03449 bit/s/Hz
14543[UE 1 | RB 1] Throughput = 0.71771 Mbps | SE = 0.01881 bit/s/Hz
14643[UE 1 | RB 1] Throughput = 1.07704 Mbps | SE = 0.02822 bit/s/Hz
14744[UE 1 | RB 1] Throughput = 1.43332 Mbps | SE = 0.03756 bit/s/Hz
14853[UE 1 | RB 1] Throughput = 0.65891 Mbps | SE = 0.01727 bit/s/Hz
14953[UE 1 | RB 1] Throughput = 1.31738 Mbps | SE = 0.03452 bit/s/Hz
15053[UE 1 | RB 1] Throughput = 1.19451 Mbps | SE = 0.03130 bit/s/Hz
15154[UE 1 | RB 1] Throughput = 0.94866 Mbps | SE = 0.02486 bit/s/Hz
15263[UE 1 | RB 1] Throughput = 1.10411 Mbps | SE = 0.02893 bit/s/Hz
15363[UE 1 | RB 1] Throughput = 0.83629 Mbps | SE = 0.02192 bit/s/Hz
15473[UE 1 | RB 1] Throughput = 1.42001 Mbps | SE = 0.03721 bit/s/Hz
15573[UE 1 | RB 1] Throughput = 0.59699 Mbps | SE = 0.01564 bit/s/Hz
15683[UE 1 | RB 1] Throughput = 1.30533 Mbps | SE = 0.03421 bit/s/Hz
15793[UE 1 | RB 1] Throughput = 0.65344 Mbps | SE = 0.01712 bit/s/Hz
15903[UE 1 | RB 1] Throughput = 1.41798 Mbps | SE = 0.03716 bit/s/Hz
16013[UE 1 | RB 1] Throughput = 1.09061 Mbps | SE = 0.02858 bit/s/Hz
16113[UE 1 | RB 1] Throughput = 1.07844 Mbps | SE = 0.02826 bit/s/Hz
16223[UE 1 | RB 1] Throughput = 1.09179 Mbps | SE = 0.02861 bit/s/Hz
16323[UE 1 | RB 1] Throughput = 1.07587 Mbps | SE = 0.02819 bit/s/Hz
16423[UE 1 | RB 1] Throughput = 1.19706 Mbps | SE = 0.03137 bit/s/Hz
16533[UE 1 | RB 1] Throughput = 0.98119 Mbps | SE = 0.02571 bit/s/Hz
16643[UE 1 | RB 1] Throughput = 1.09139 Mbps | SE = 0.02860 bit/s/Hz
16743[UE 1 | RB 1] Throughput = 0.95739 Mbps | SE = 0.02509 bit/s/Hz
16843[UE 1 | RB 1] Throughput = 1.19806 Mbps | SE = 0.03140 bit/s/Hz
16953[UE 1 | RB 1] Throughput = 1.19761 Mbps | SE = 0.03138 bit/s/Hz
17063[UE 1 | RB 1] Throughput = 0.65510 Mbps | SE = 0.01717 bit/s/Hz
17163[UE 1 | RB 1] Throughput = 1.43570 Mbps | SE = 0.03762 bit/s/Hz
17273[UE 1 | RB 1] Throughput = 1.09331 Mbps | SE = 0.02865 bit/s/Hz
17373[UE 1 | RB 1] Throughput = 0.59863 Mbps | SE = 0.01569 bit/s/Hz
17474[UE 1 | RB 1] Throughput = 1.42586 Mbps | SE = 0.03737 bit/s/Hz
17583[UE 1 | RB 1] Throughput = 1.31550 Mbps | SE = 0.03447 bit/s/Hz
17693[UE 1 | RB 1] Throughput = 0.97816 Mbps | SE = 0.02563 bit/s/Hz
17793[UE 1 | RB 1] Throughput = 0.59918 Mbps | SE = 0.01570 bit/s/Hz
17904[UE 1 | RB 1] Throughput = 1.52106 Mbps | SE = 0.03986 bit/s/Hz
18013[UE 1 | RB 1] Throughput = 0.65546 Mbps | SE = 0.01718 bit/s/Hz
18123[UE 1 | RB 1] Throughput = 1.30951 Mbps | SE = 0.03432 bit/s/Hz
18233[UE 1 | RB 1] Throughput = 0.87316 Mbps | SE = 0.02288 bit/s/Hz
18333[UE 1 | RB 1] Throughput = 0.71694 Mbps | SE = 0.01879 bit/s/Hz
18443[UE 1 | RB 1] Throughput = 1.52694 Mbps | SE = 0.04001 bit/s/Hz
18553[UE 1 | RB 1] Throughput = 1.30808 Mbps | SE = 0.03428 bit/s/Hz
18653[UE 1 | RB 1] Throughput = 0.83555 Mbps | SE = 0.02190 bit/s/Hz
18763[UE 1 | RB 1] Throughput = 0.98406 Mbps | SE = 0.02579 bit/s/Hz
18863[UE 1 | RB 1] Throughput = 1.07688 Mbps | SE = 0.02822 bit/s/Hz
18973[UE 1 | RB 1] Throughput = 0.98410 Mbps | SE = 0.02579 bit/s/Hz
19073[UE 1 | RB 1] Throughput = 1.19555 Mbps | SE = 0.03133 bit/s/Hz
19183[UE 1 | RB 1] Throughput = 1.19842 Mbps | SE = 0.03141 bit/s/Hz
19283[UE 1 | RB 1] Throughput = 0.71864 Mbps | SE = 0.01883 bit/s/Hz
19393[UE 1 | RB 1] Throughput = 0.87177 Mbps | SE = 0.02285 bit/s/Hz
19503[UE 1 | RB 1] Throughput = 1.52400 Mbps | SE = 0.03994 bit/s/Hz
19603[UE 1 | RB 1] Throughput = 0.95602 Mbps | SE = 0.02505 bit/s/Hz
19704[UE 1 | RB 1] Throughput = 0.71460 Mbps | SE = 0.01873 bit/s/Hz
19813[UE 1 | RB 1] Throughput = 1.53882 Mbps | SE = 0.04033 bit/s/Hz
19913[UE 1 | RB 1] Throughput = 0.71826 Mbps | SE = 0.01882 bit/s/Hz
20023[UE 1 | RB 1] Throughput = 1.30955 Mbps | SE = 0.03432 bit/s/Hz
20133[UE 1 | RB 1] Throughput = 1.31050 Mbps | SE = 0.03434 bit/s/Hz
20233[UE 1 | RB 1] Throughput = 0.71831 Mbps | SE = 0.01882 bit/s/Hz
20343[UE 1 | RB 1] Throughput = 1.30288 Mbps | SE = 0.03414 bit/s/Hz
20453[UE 1 | RB 1] Throughput = 0.76351 Mbps | SE = 0.02001 bit/s/Hz
20563[UE 1 | RB 1] Throughput = 1.30876 Mbps | SE = 0.03430 bit/s/Hz
20663[UE 1 | RB 1] Throughput = 1.19455 Mbps | SE = 0.03130 bit/s/Hz
20773[UE 1 | RB 1] Throughput = 0.65445 Mbps | SE = 0.01715 bit/s/Hz
20883[UE 1 | RB 1] Throughput = 1.30736 Mbps | SE = 0.03426 bit/s/Hz
20993[UE 1 | RB 1] Throughput = 0.65538 Mbps | SE = 0.01717 bit/s/Hz
21103[UE 1 | RB 1] Throughput = 1.41139 Mbps | SE = 0.03699 bit/s/Hz
21213[UE 1 | RB 1] Throughput = 1.20056 Mbps | SE = 0.03146 bit/s/Hz
21313[UE 1 | RB 1] Throughput = 0.83689 Mbps | SE = 0.02193 bit/s/Hz
21423[UE 1 | RB 1] Throughput = 1.09171 Mbps | SE = 0.02861 bit/s/Hz
21523[UE 1 | RB 1] Throughput = 1.19614 Mbps | SE = 0.03135 bit/s/Hz
21633[UE 1 | RB 1] Throughput = 0.65411 Mbps | SE = 0.01714 bit/s/Hz
21733[UE 1 | RB 1] Throughput = 1.55686 Mbps | SE = 0.04080 bit/s/Hz
21833[UE 1 | RB 1] Throughput = 1.19646 Mbps | SE = 0.03135 bit/s/Hz
21933[UE 1 | RB 1] Throughput = 0.83880 Mbps | SE = 0.02198 bit/s/Hz
22043[UE 1 | RB 1] Throughput = 0.65535 Mbps | SE = 0.01717 bit/s/Hz
22143[UE 1 | RB 1] Throughput = 1.67776 Mbps | SE = 0.04397 bit/s/Hz
22253[UE 1 | RB 1] Throughput = 0.76129 Mbps | SE = 0.01995 bit/s/Hz
22363[UE 1 | RB 1] Throughput = 1.31059 Mbps | SE = 0.03434 bit/s/Hz
22463[UE 1 | RB 1] Throughput = 0.71867 Mbps | SE = 0.01883 bit/s/Hz
22563[UE 1 | RB 1] Throughput = 1.31690 Mbps | SE = 0.03451 bit/s/Hz
22664[UE 1 | RB 1] Throughput = 1.07613 Mbps | SE = 0.02820 bit/s/Hz
22773[UE 1 | RB 1] Throughput = 1.31079 Mbps | SE = 0.03435 bit/s/Hz
22883[UE 1 | RB 1] Throughput = 0.65426 Mbps | SE = 0.01715 bit/s/Hz
22983[UE 1 | RB 1] Throughput = 1.43647 Mbps | SE = 0.03764 bit/s/Hz
23094[UE 1 | RB 1] Throughput = 0.86523 Mbps | SE = 0.02267 bit/s/Hz
23203[UE 1 | RB 1] Throughput = 0.76802 Mbps | SE = 0.02013 bit/s/Hz
23304[UE 1 | RB 1] Throughput = 1.43097 Mbps | SE = 0.03750 bit/s/Hz
23414[UE 1 | RB 1] Throughput = 0.65451 Mbps | SE = 0.01715 bit/s/Hz
23523[UE 1 | RB 1] Throughput = 1.53189 Mbps | SE = 0.04014 bit/s/Hz
23623[UE 1 | RB 1] Throughput = 1.19626 Mbps | SE = 0.03135 bit/s/Hz
23733[UE 1 | RB 1] Throughput = 0.65472 Mbps | SE = 0.01716 bit/s/Hz
23843[UE 1 | RB 1] Throughput = 1.30798 Mbps | SE = 0.03428 bit/s/Hz
23943[UE 1 | RB 1] Throughput = 0.83576 Mbps | SE = 0.02190 bit/s/Hz
24053[UE 1 | RB 1] Throughput = 1.41884 Mbps | SE = 0.03718 bit/s/Hz
24163[UE 1 | RB 1] Throughput = 0.87243 Mbps | SE = 0.02286 bit/s/Hz
24263[UE 1 | RB 1] Throughput = 1.07656 Mbps | SE = 0.02821 bit/s/Hz
24373[UE 1 | RB 1] Throughput = 1.20050 Mbps | SE = 0.03146 bit/s/Hz
24474[UE 1 | RB 1] Throughput = 0.71423 Mbps | SE = 0.01872 bit/s/Hz
24583[UE 1 | RB 1] Throughput = 1.31384 Mbps | SE = 0.03443 bit/s/Hz
24693[UE 1 | RB 1] Throughput = 1.19839 Mbps | SE = 0.03140 bit/s/Hz
24803[UE 1 | RB 1] Throughput = 1.19911 Mbps | SE = 0.03142 bit/s/Hz
24904[UE 1 | RB 1] Throughput = 0.83431 Mbps | SE = 0.02186 bit/s/Hz
25014[UE 1 | RB 1] Throughput = 0.65508 Mbps | SE = 0.01717 bit/s/Hz
25124[UE 1 | RB 1] Throughput = 1.41548 Mbps | SE = 0.03709 bit/s/Hz
25233[UE 1 | RB 1] Throughput = 1.31099 Mbps | SE = 0.03436 bit/s/Hz
25343[UE 1 | RB 1] Throughput = 0.76333 Mbps | SE = 0.02000 bit/s/Hz
25443[UE 1 | RB 1] Throughput = 1.31799 Mbps | SE = 0.03454 bit/s/Hz
25543[UE 1 | RB 1] Throughput = 0.95721 Mbps | SE = 0.02508 bit/s/Hz
25653[UE 1 | RB 1] Throughput = 1.30884 Mbps | SE = 0.03430 bit/s/Hz
25753[UE 1 | RB 1] Throughput = 0.71903 Mbps | SE = 0.01884 bit/s/Hz
25853[UE 1 | RB 1] Throughput = 0.95815 Mbps | SE = 0.02511 bit/s/Hz
25953[UE 1 | RB 1] Throughput = 1.43680 Mbps | SE = 0.03765 bit/s/Hz
26063[UE 1 | RB 1] Throughput = 0.65308 Mbps | SE = 0.01711 bit/s/Hz
26173[UE 1 | RB 1] Throughput = 1.20138 Mbps | SE = 0.03148 bit/s/Hz
26283[UE 1 | RB 1] Throughput = 1.41321 Mbps | SE = 0.03703 bit/s/Hz
26393[UE 1 | RB 1] Throughput = 0.65508 Mbps | SE = 0.01717 bit/s/Hz
26494[UE 1 | RB 1] Throughput = 1.19393 Mbps | SE = 0.03129 bit/s/Hz
26603[UE 1 | RB 1] Throughput = 1.19972 Mbps | SE = 0.03144 bit/s/Hz
26704[UE 1 | RB 1] Throughput = 0.95777 Mbps | SE = 0.02510 bit/s/Hz
26804[UE 1 | RB 1] Throughput = 1.07832 Mbps | SE = 0.02826 bit/s/Hz
26914[UE 1 | RB 1] Throughput = 1.08917 Mbps | SE = 0.02854 bit/s/Hz
27014[UE 1 | RB 1] Throughput = 0.95852 Mbps | SE = 0.02512 bit/s/Hz
27123[UE 1 | RB 1] Throughput = 1.09171 Mbps | SE = 0.02861 bit/s/Hz
27224[UE 1 | RB 1] Throughput = 1.43419 Mbps | SE = 0.03758 bit/s/Hz
27324[UE 1 | RB 1] Throughput = 0.71776 Mbps | SE = 0.01881 bit/s/Hz
27433[UE 1 | RB 1] Throughput = 1.20463 Mbps | SE = 0.03157 bit/s/Hz
27533[UE 1 | RB 1] Throughput = 0.83772 Mbps | SE = 0.02195 bit/s/Hz
27643[UE 1 | RB 1] Throughput = 1.19811 Mbps | SE = 0.03140 bit/s/Hz
27754[UE 1 | RB 1] Throughput = 1.30539 Mbps | SE = 0.03421 bit/s/Hz
27863[UE 1 | RB 1] Throughput = 0.65551 Mbps | SE = 0.01718 bit/s/Hz
27974[UE 1 | RB 1] Throughput = 1.30488 Mbps | SE = 0.03419 bit/s/Hz
28084[UE 1 | RB 1] Throughput = 1.19703 Mbps | SE = 0.03137 bit/s/Hz
28194[UE 1 | RB 1] Throughput = 0.98001 Mbps | SE = 0.02568 bit/s/Hz
28304[UE 1 | RB 1] Throughput = 0.65397 Mbps | SE = 0.01714 bit/s/Hz
28404[UE 1 | RB 1] Throughput = 1.43444 Mbps | SE = 0.03759 bit/s/Hz
28514[UE 1 | RB 1] Throughput = 1.31060 Mbps | SE = 0.03434 bit/s/Hz
28623[UE 1 | RB 1] Throughput = 0.65508 Mbps | SE = 0.01717 bit/s/Hz
28724[UE 1 | RB 1] Throughput = 1.43145 Mbps | SE = 0.03751 bit/s/Hz
28824[UE 1 | RB 1] Throughput = 0.71877 Mbps | SE = 0.01884 bit/s/Hz
28933[UE 1 | RB 1] Throughput = 1.31482 Mbps | SE = 0.03446 bit/s/Hz
29033[UE 1 | RB 1] Throughput = 0.83792 Mbps | SE = 0.02196 bit/s/Hz
29143[UE 1 | RB 1] Throughput = 1.19938 Mbps | SE = 0.03143 bit/s/Hz
29243[UE 1 | RB 1] Throughput = 0.71872 Mbps | SE = 0.01883 bit/s/Hz
29344[UE 1 | RB 1] Throughput = 1.43515 Mbps | SE = 0.03761 bit/s/Hz
29454[UE 1 | RB 1] Throughput = 0.87067 Mbps | SE = 0.02282 bit/s/Hz
29563[UE 1 | RB 1] Throughput = 1.31007 Mbps | SE = 0.03433 bit/s/Hz
29664[UE 1 | RB 1] Throughput = 0.71739 Mbps | SE = 0.01880 bit/s/Hz
29774[UE 1 | RB 1] Throughput = 1.30795 Mbps | SE = 0.03428 bit/s/Hz
29883[UE 1 | RB 1] Throughput = 1.20018 Mbps | SE = 0.03145 bit/s/Hz
29984[UE 1 | RB 1] Throughput = 0.95701 Mbps | SE = 0.02508 bit/s/Hz
30093[UE 1 | RB 1] Throughput = 1.31071 Mbps | SE = 0.03435 bit/s/Hz
30194[UE 1 | RB 1] Throughput = 0.71743 Mbps | SE = 0.01880 bit/s/Hz
30294[UE 1 | RB 1] Throughput = 0.71618 Mbps | SE = 0.01877 bit/s/Hz
30403[UE 1 | RB 1] Throughput = 1.31422 Mbps | SE = 0.03444 bit/s/Hz
30504[UE 1 | RB 1] Throughput = 1.19522 Mbps | SE = 0.03132 bit/s/Hz
30604[UE 1 | RB 1] Throughput = 1.07324 Mbps | SE = 0.02812 bit/s/Hz
30713[UE 1 | RB 1] Throughput = 1.20735 Mbps | SE = 0.03164 bit/s/Hz
30814[UE 1 | RB 1] Throughput = 0.95711 Mbps | SE = 0.02508 bit/s/Hz
30923[UE 1 | RB 1] Throughput = 0.87189 Mbps | SE = 0.02285 bit/s/Hz
31033[UE 1 | RB 1] Throughput = 1.30995 Mbps | SE = 0.03433 bit/s/Hz
31134[UE 1 | RB 1] Throughput = 0.95544 Mbps | SE = 0.02504 bit/s/Hz
31243[UE 1 | RB 1] Throughput = 1.31158 Mbps | SE = 0.03437 bit/s/Hz
31343[UE 1 | RB 1] Throughput = 0.71756 Mbps | SE = 0.01880 bit/s/Hz
31453[UE 1 | RB 1] Throughput = 1.41594 Mbps | SE = 0.03711 bit/s/Hz
31563[UE 1 | RB 1] Throughput = 0.54540 Mbps | SE = 0.01429 bit/s/Hz
31673[UE 1 | RB 1] Throughput = 1.30837 Mbps | SE = 0.03429 bit/s/Hz
31773[UE 1 | RB 1] Throughput = 1.31561 Mbps | SE = 0.03448 bit/s/Hz
31874[UE 1 | RB 1] Throughput = 0.83524 Mbps | SE = 0.02189 bit/s/Hz
31984[UE 1 | RB 1] Throughput = 1.31127 Mbps | SE = 0.03436 bit/s/Hz
32084[UE 1 | RB 1] Throughput = 0.83808 Mbps | SE = 0.02196 bit/s/Hz
32194[UE 1 | RB 1] Throughput = 1.09002 Mbps | SE = 0.02856 bit/s/Hz
32294[UE 1 | RB 1] Throughput = 0.71862 Mbps | SE = 0.01883 bit/s/Hz
32403[UE 1 | RB 1] Throughput = 1.41837 Mbps | SE = 0.03717 bit/s/Hz
32504[UE 1 | RB 1] Throughput = 0.71309 Mbps | SE = 0.01869 bit/s/Hz
32614[UE 1 | RB 1] Throughput = 1.31621 Mbps | SE = 0.03449 bit/s/Hz
32714[UE 1 | RB 1] Throughput = 0.71786 Mbps | SE = 0.01881 bit/s/Hz
32814[UE 1 | RB 1] Throughput = 1.67707 Mbps | SE = 0.04395 bit/s/Hz
32924[UE 1 | RB 1] Throughput = 0.65430 Mbps | SE = 0.01715 bit/s/Hz
33034[UE 1 | RB 1] Throughput = 1.30837 Mbps | SE = 0.03429 bit/s/Hz
33144[UE 1 | RB 1] Throughput = 0.65332 Mbps | SE = 0.01712 bit/s/Hz
33253[UE 1 | RB 1] Throughput = 1.52747 Mbps | SE = 0.04003 bit/s/Hz
33354[UE 1 | RB 1] Throughput = 0.71666 Mbps | SE = 0.01878 bit/s/Hz
33464[UE 1 | RB 1] Throughput = 1.19775 Mbps | SE = 0.03139 bit/s/Hz
33573[UE 1 | RB 1] Throughput = 1.20501 Mbps | SE = 0.03158 bit/s/Hz
33673[UE 1 | RB 1] Throughput = 0.71798 Mbps | SE = 0.01882 bit/s/Hz
33783[UE 1 | RB 1] Throughput = 1.63442 Mbps | SE = 0.04283 bit/s/Hz
33884[UE 1 | RB 1] Throughput = 0.71739 Mbps | SE = 0.01880 bit/s/Hz
33993[UE 1 | RB 1] Throughput = 1.30991 Mbps | SE = 0.03433 bit/s/Hz
34094[UE 1 | RB 1] Throughput = 0.83813 Mbps | SE = 0.02196 bit/s/Hz
34204[UE 1 | RB 1] Throughput = 1.30496 Mbps | SE = 0.03420 bit/s/Hz
34313[UE 1 | RB 1] Throughput = 0.76449 Mbps | SE = 0.02003 bit/s/Hz
34424[UE 1 | RB 1] Throughput = 1.30225 Mbps | SE = 0.03413 bit/s/Hz
34534[UE 1 | RB 1] Throughput = 0.54507 Mbps | SE = 0.01428 bit/s/Hz
34643[UE 1 | RB 1] Throughput = 1.31145 Mbps | SE = 0.03437 bit/s/Hz
34753[UE 1 | RB 1] Throughput = 1.30751 Mbps | SE = 0.03426 bit/s/Hz
34864[UE 1 | RB 1] Throughput = 0.65272 Mbps | SE = 0.01710 bit/s/Hz
34964[UE 1 | RB 1] Throughput = 1.55582 Mbps | SE = 0.04077 bit/s/Hz
35074[UE 1 | RB 1] Throughput = 0.65511 Mbps | SE = 0.01717 bit/s/Hz
35183[UE 1 | RB 1] Throughput = 1.41717 Mbps | SE = 0.03714 bit/s/Hz
35293[UE 1 | RB 1] Throughput = 1.19896 Mbps | SE = 0.03142 bit/s/Hz
35393[UE 1 | RB 1] Throughput = 0.59885 Mbps | SE = 0.01569 bit/s/Hz
35504[UE 1 | RB 1] Throughput = 1.30528 Mbps | SE = 0.03421 bit/s/Hz
35613[UE 1 | RB 1] Throughput = 1.30920 Mbps | SE = 0.03431 bit/s/Hz
35714[UE 1 | RB 1] Throughput = 0.71872 Mbps | SE = 0.01883 bit/s/Hz
35814[UE 1 | RB 1] Throughput = 0.71890 Mbps | SE = 0.01884 bit/s/Hz
35914[UE 1 | RB 1] Throughput = 1.67659 Mbps | SE = 0.04394 bit/s/Hz
36024[UE 1 | RB 1] Throughput = 0.65276 Mbps | SE = 0.01711 bit/s/Hz
36133[UE 1 | RB 1] Throughput = 1.31055 Mbps | SE = 0.03434 bit/s/Hz
36234[UE 1 | RB 1] Throughput = 0.83733 Mbps | SE = 0.02194 bit/s/Hz
36344[UE 1 | RB 1] Throughput = 1.19795 Mbps | SE = 0.03139 bit/s/Hz
36454[UE 1 | RB 1] Throughput = 1.30919 Mbps | SE = 0.03431 bit/s/Hz
36563[UE 1 | RB 1] Throughput = 0.65678 Mbps | SE = 0.01721 bit/s/Hz
36663[UE 1 | RB 1] Throughput = 1.43366 Mbps | SE = 0.03757 bit/s/Hz
36764[UE 1 | RB 1] Throughput = 1.19622 Mbps | SE = 0.03135 bit/s/Hz
36864[UE 1 | RB 1] Throughput = 0.95683 Mbps | SE = 0.02507 bit/s/Hz
36974[UE 1 | RB 1] Throughput = 0.65429 Mbps | SE = 0.01715 bit/s/Hz
37083[UE 1 | RB 1] Throughput = 1.31179 Mbps | SE = 0.03438 bit/s/Hz
37183[UE 1 | RB 1] Throughput = 1.19653 Mbps | SE = 0.03136 bit/s/Hz
37284[UE 1 | RB 1] Throughput = 0.95631 Mbps | SE = 0.02506 bit/s/Hz
37393[UE 1 | RB 1] Throughput = 1.20075 Mbps | SE = 0.03147 bit/s/Hz
37494[UE 1 | RB 1] Throughput = 1.31699 Mbps | SE = 0.03451 bit/s/Hz
37603[UE 1 | RB 1] Throughput = 0.76328 Mbps | SE = 0.02000 bit/s/Hz
37714[UE 1 | RB 1] Throughput = 1.30038 Mbps | SE = 0.03408 bit/s/Hz
37823[UE 1 | RB 1] Throughput = 0.76705 Mbps | SE = 0.02010 bit/s/Hz
37933[UE 1 | RB 1] Throughput = 1.19856 Mbps | SE = 0.03141 bit/s/Hz
38034[UE 1 | RB 1] Throughput = 0.83733 Mbps | SE = 0.02194 bit/s/Hz
38143[UE 1 | RB 1] Throughput = 1.09372 Mbps | SE = 0.02866 bit/s/Hz
38243[UE 1 | RB 1] Throughput = 1.43595 Mbps | SE = 0.03763 bit/s/Hz
38343[UE 1 | RB 1] Throughput = 0.71892 Mbps | SE = 0.01884 bit/s/Hz
38453[UE 1 | RB 1] Throughput = 1.19766 Mbps | SE = 0.03139 bit/s/Hz
38553[UE 1 | RB 1] Throughput = 0.83860 Mbps | SE = 0.02198 bit/s/Hz
38654[UE 1 | RB 1] Throughput = 1.43285 Mbps | SE = 0.03755 bit/s/Hz
38763[UE 1 | RB 1] Throughput = 0.65686 Mbps | SE = 0.01721 bit/s/Hz
38863[UE 1 | RB 1] Throughput = 1.67468 Mbps | SE = 0.04389 bit/s/Hz
38964[UE 1 | RB 1] Throughput = 0.71769 Mbps | SE = 0.01881 bit/s/Hz
39064[UE 1 | RB 1] Throughput = 1.31779 Mbps | SE = 0.03453 bit/s/Hz
39173[UE 1 | RB 1] Throughput = 0.76400 Mbps | SE = 0.02002 bit/s/Hz
39274[UE 1 | RB 1] Throughput = 0.71849 Mbps | SE = 0.01883 bit/s/Hz
39374[UE 1 | RB 1] Throughput = 1.79636 Mbps | SE = 0.04707 bit/s/Hz
39483[UE 1 | RB 1] Throughput = 0.65416 Mbps | SE = 0.01714 bit/s/Hz
39584[UE 1 | RB 1] Throughput = 1.43742 Mbps | SE = 0.03767 bit/s/Hz
39694[UE 1 | RB 1] Throughput = 0.65360 Mbps | SE = 0.01713 bit/s/Hz
39794[UE 1 | RB 1] Throughput = 1.43745 Mbps | SE = 0.03767 bit/s/Hz
39903[UE 1 | RB 1] Throughput = 1.20314 Mbps | SE = 0.03153 bit/s/Hz
40003[UE 1 | RB 1] Throughput = 0.95707 Mbps | SE = 0.02508 bit/s/Hz
40104[UE 1 | RB 1] Throughput = 1.31497 Mbps | SE = 0.03446 bit/s/Hz
40214[UE 1 | RB 1] Throughput = 0.54419 Mbps | SE = 0.01426 bit/s/Hz
40314[UE 1 | RB 1] Throughput = 0.71840 Mbps | SE = 0.01883 bit/s/Hz
40423[UE 1 | RB 1] Throughput = 1.75013 Mbps | SE = 0.04586 bit/s/Hz
40523[UE 1 | RB 1] Throughput = 0.71853 Mbps | SE = 0.01883 bit/s/Hz
40624[UE 1 | RB 1] Throughput = 1.43384 Mbps | SE = 0.03757 bit/s/Hz
40733[UE 1 | RB 1] Throughput = 0.65524 Mbps | SE = 0.01717 bit/s/Hz
40834[UE 1 | RB 1] Throughput = 1.43462 Mbps | SE = 0.03759 bit/s/Hz
40934[UE 1 | RB 1] Throughput = 0.71783 Mbps | SE = 0.01881 bit/s/Hz
41043[UE 1 | RB 1] Throughput = 1.20432 Mbps | SE = 0.03156 bit/s/Hz
41143[UE 1 | RB 1] Throughput = 1.43568 Mbps | SE = 0.03762 bit/s/Hz
41254[UE 1 | RB 1] Throughput = 0.76158 Mbps | SE = 0.01996 bit/s/Hz
41363[UE 1 | RB 1] Throughput = 1.09196 Mbps | SE = 0.02862 bit/s/Hz
41464[UE 1 | RB 1] Throughput = 1.31617 Mbps | SE = 0.03449 bit/s/Hz
41574[UE 1 | RB 1] Throughput = 0.76063 Mbps | SE = 0.01993 bit/s/Hz
41674[UE 1 | RB 1] Throughput = 1.07557 Mbps | SE = 0.02819 bit/s/Hz
41783[UE 1 | RB 1] Throughput = 1.20513 Mbps | SE = 0.03158 bit/s/Hz
41884[UE 1 | RB 1] Throughput = 1.31695 Mbps | SE = 0.03451 bit/s/Hz
41984[UE 1 | RB 1] Throughput = 0.83694 Mbps | SE = 0.02193 bit/s/Hz
42093[UE 1 | RB 1] Throughput = 0.98518 Mbps | SE = 0.02582 bit/s/Hz
42193[UE 1 | RB 1] Throughput = 1.31733 Mbps | SE = 0.03452 bit/s/Hz
42293[UE 1 | RB 1] Throughput = 0.71894 Mbps | SE = 0.01884 bit/s/Hz
42393[UE 1 | RB 1] Throughput = 1.31807 Mbps | SE = 0.03454 bit/s/Hz
42504[UE 1 | RB 1] Throughput = 0.65274 Mbps | SE = 0.01711 bit/s/Hz
42604[UE 1 | RB 1] Throughput = 1.55616 Mbps | SE = 0.04078 bit/s/Hz
42714[UE 1 | RB 1] Throughput = 0.65457 Mbps | SE = 0.01715 bit/s/Hz
42814[UE 1 | RB 1] Throughput = 1.43444 Mbps | SE = 0.03759 bit/s/Hz
42924[UE 1 | RB 1] Throughput = 1.08470 Mbps | SE = 0.02843 bit/s/Hz
43024[UE 1 | RB 1] Throughput = 1.31628 Mbps | SE = 0.03449 bit/s/Hz
43133[UE 1 | RB 1] Throughput = 0.65923 Mbps | SE = 0.01728 bit/s/Hz
43234[UE 1 | RB 1] Throughput = 1.43689 Mbps | SE = 0.03765 bit/s/Hz
43334[UE 1 | RB 1] Throughput = 0.71591 Mbps | SE = 0.01876 bit/s/Hz
43444[UE 1 | RB 1] Throughput = 1.41896 Mbps | SE = 0.03718 bit/s/Hz
43544[UE 1 | RB 1] Throughput = 0.71774 Mbps | SE = 0.01881 bit/s/Hz
43653[UE 1 | RB 1] Throughput = 0.65757 Mbps | SE = 0.01723 bit/s/Hz
43754[UE 1 | RB 1] Throughput = 1.79317 Mbps | SE = 0.04699 bit/s/Hz
43854[UE 1 | RB 1] Throughput = 0.71713 Mbps | SE = 0.01879 bit/s/Hz
43963[UE 1 | RB 1] Throughput = 1.31218 Mbps | SE = 0.03439 bit/s/Hz
44063[UE 1 | RB 1] Throughput = 1.19822 Mbps | SE = 0.03140 bit/s/Hz
44173[UE 1 | RB 1] Throughput = 0.87229 Mbps | SE = 0.02286 bit/s/Hz
44283[UE 1 | RB 1] Throughput = 1.19772 Mbps | SE = 0.03139 bit/s/Hz
44393[UE 1 | RB 1] Throughput = 0.98036 Mbps | SE = 0.02569 bit/s/Hz
44494[UE 1 | RB 1] Throughput = 1.07708 Mbps | SE = 0.02823 bit/s/Hz
44603[UE 1 | RB 1] Throughput = 1.30938 Mbps | SE = 0.03431 bit/s/Hz
44704[UE 1 | RB 1] Throughput = 0.71707 Mbps | SE = 0.01879 bit/s/Hz
44814[UE 1 | RB 1] Throughput = 1.09006 Mbps | SE = 0.02857 bit/s/Hz
44923[UE 1 | RB 1] Throughput = 1.09195 Mbps | SE = 0.02861 bit/s/Hz
45023[UE 1 | RB 1] Throughput = 1.19725 Mbps | SE = 0.03137 bit/s/Hz
45123[UE 1 | RB 1] Throughput = 0.71893 Mbps | SE = 0.01884 bit/s/Hz
45234[UE 1 | RB 1] Throughput = 1.30403 Mbps | SE = 0.03417 bit/s/Hz
45334[UE 1 | RB 1] Throughput = 0.71763 Mbps | SE = 0.01881 bit/s/Hz
45444[UE 1 | RB 1] Throughput = 1.19924 Mbps | SE = 0.03143 bit/s/Hz
45554[UE 1 | RB 1] Throughput = 1.30607 Mbps | SE = 0.03423 bit/s/Hz
45654[UE 1 | RB 1] Throughput = 0.71854 Mbps | SE = 0.01883 bit/s/Hz
45764[UE 1 | RB 1] Throughput = 1.31057 Mbps | SE = 0.03434 bit/s/Hz
45873[UE 1 | RB 1] Throughput = 1.20171 Mbps | SE = 0.03149 bit/s/Hz
45974[UE 1 | RB 1] Throughput = 0.71751 Mbps | SE = 0.01880 bit/s/Hz
46074[UE 1 | RB 1] Throughput = 0.83831 Mbps | SE = 0.02197 bit/s/Hz
46184[UE 1 | RB 1] Throughput = 1.41346 Mbps | SE = 0.03704 bit/s/Hz
46284[UE 1 | RB 1] Throughput = 1.31699 Mbps | SE = 0.03451 bit/s/Hz
46394[UE 1 | RB 1] Throughput = 0.87470 Mbps | SE = 0.02292 bit/s/Hz
46494[UE 1 | RB 1] Throughput = 1.31333 Mbps | SE = 0.03442 bit/s/Hz
46604[UE 1 | RB 1] Throughput = 0.76560 Mbps | SE = 0.02006 bit/s/Hz
46714[UE 1 | RB 1] Throughput = 1.19799 Mbps | SE = 0.03139 bit/s/Hz
46814[UE 1 | RB 1] Throughput = 1.31545 Mbps | SE = 0.03447 bit/s/Hz
46924[UE 1 | RB 1] Throughput = 0.65547 Mbps | SE = 0.01718 bit/s/Hz
47024[UE 1 | RB 1] Throughput = 1.43792 Mbps | SE = 0.03768 bit/s/Hz
47124[UE 1 | RB 1] Throughput = 0.71875 Mbps | SE = 0.01884 bit/s/Hz
47234[UE 1 | RB 1] Throughput = 1.19743 Mbps | SE = 0.03138 bit/s/Hz
47344[UE 1 | RB 1] Throughput = 1.19996 Mbps | SE = 0.03145 bit/s/Hz
47454[UE 1 | RB 1] Throughput = 0.97921 Mbps | SE = 0.02566 bit/s/Hz
47564[UE 1 | RB 1] Throughput = 1.08982 Mbps | SE = 0.02856 bit/s/Hz
47664[UE 1 | RB 1] Throughput = 0.83638 Mbps | SE = 0.02192 bit/s/Hz
47774[UE 1 | RB 1] Throughput = 0.98415 Mbps | SE = 0.02579 bit/s/Hz
47874[UE 1 | RB 1] Throughput = 1.43335 Mbps | SE = 0.03756 bit/s/Hz
47983[UE 1 | RB 1] Throughput = 0.65621 Mbps | SE = 0.01720 bit/s/Hz
48084[UE 1 | RB 1] Throughput = 0.95593 Mbps | SE = 0.02505 bit/s/Hz
48193[UE 1 | RB 1] Throughput = 1.42156 Mbps | SE = 0.03725 bit/s/Hz
48304[UE 1 | RB 1] Throughput = 1.29550 Mbps | SE = 0.03395 bit/s/Hz
48413[UE 1 | RB 1] Throughput = 0.87861 Mbps | SE = 0.02302 bit/s/Hz
48514[UE 1 | RB 1] Throughput = 1.07762 Mbps | SE = 0.02824 bit/s/Hz
48614[UE 1 | RB 1] Throughput = 0.95815 Mbps | SE = 0.02511 bit/s/Hz
48724[UE 1 | RB 1] Throughput = 1.41473 Mbps | SE = 0.03707 bit/s/Hz
48833[UE 1 | RB 1] Throughput = 0.65569 Mbps | SE = 0.01718 bit/s/Hz
48933[UE 1 | RB 1] Throughput = 1.19727 Mbps | SE = 0.03138 bit/s/Hz
49044[UE 1 | RB 1] Throughput = 1.08739 Mbps | SE = 0.02850 bit/s/Hz
49153[UE 1 | RB 1] Throughput = 0.98353 Mbps | SE = 0.02577 bit/s/Hz
49253[UE 1 | RB 1] Throughput = 0.95747 Mbps | SE = 0.02509 bit/s/Hz
49354[UE 1 | RB 1] Throughput = 1.43617 Mbps | SE = 0.03764 bit/s/Hz
49454[UE 1 | RB 1] Throughput = 0.71813 Mbps | SE = 0.01882 bit/s/Hz
49563[UE 1 | RB 1] Throughput = 1.20288 Mbps | SE = 0.03152 bit/s/Hz
49664[UE 1 | RB 1] Throughput = 1.31507 Mbps | SE = 0.03446 bit/s/Hz
49773[UE 1 | RB 1] Throughput = 0.76425 Mbps | SE = 0.02003 bit/s/Hz
49873[UE 1 | RB 1] Throughput = 1.43676 Mbps | SE = 0.03765 bit/s/Hz
49974[UE 1 | RB 1] Throughput = 0.59882 Mbps | SE = 0.01569 bit/s/Hz
50074[UE 1 | RB 1] Throughput = 1.31700 Mbps | SE = 0.03451 bit/s/Hz
50183[UE 1 | RB 1] Throughput = 1.09177 Mbps | SE = 0.02861 bit/s/Hz
50293[UE 1 | RB 1] Throughput = 0.76281 Mbps | SE = 0.01999 bit/s/Hz
50394[UE 1 | RB 1] Throughput = 1.31598 Mbps | SE = 0.03449 bit/s/Hz
50494[UE 1 | RB 1] Throughput = 0.71834 Mbps | SE = 0.01882 bit/s/Hz
50594[UE 1 | RB 1] Throughput = 1.67533 Mbps | SE = 0.04390 bit/s/Hz
50704[UE 1 | RB 1] Throughput = 0.65177 Mbps | SE = 0.01708 bit/s/Hz
50814[UE 1 | RB 1] Throughput = 1.41922 Mbps | SE = 0.03719 bit/s/Hz
50924[UE 1 | RB 1] Throughput = 0.65466 Mbps | SE = 0.01716 bit/s/Hz
51024[UE 1 | RB 1] Throughput = 1.43448 Mbps | SE = 0.03759 bit/s/Hz
51124[UE 1 | RB 1] Throughput = 1.07770 Mbps | SE = 0.02824 bit/s/Hz
51233[UE 1 | RB 1] Throughput = 0.98530 Mbps | SE = 0.02582 bit/s/Hz
51334[UE 1 | RB 1] Throughput = 1.07644 Mbps | SE = 0.02821 bit/s/Hz
51434[UE 1 | RB 1] Throughput = 1.07500 Mbps | SE = 0.02817 bit/s/Hz
51544[UE 1 | RB 1] Throughput = 1.30666 Mbps | SE = 0.03424 bit/s/Hz
51654[UE 1 | RB 1] Throughput = 0.76588 Mbps | SE = 0.02007 bit/s/Hz
51754[UE 1 | RB 1] Throughput = 1.19016 Mbps | SE = 0.03119 bit/s/Hz
51864[UE 1 | RB 1] Throughput = 1.20524 Mbps | SE = 0.03158 bit/s/Hz
51973[UE 1 | RB 1] Throughput = 0.76403 Mbps | SE = 0.02002 bit/s/Hz
52074[UE 1 | RB 1] Throughput = 1.43346 Mbps | SE = 0.03756 bit/s/Hz
52174[UE 1 | RB 1] Throughput = 0.95664 Mbps | SE = 0.02507 bit/s/Hz
52284[UE 1 | RB 1] Throughput = 1.20017 Mbps | SE = 0.03145 bit/s/Hz
52384[UE 1 | RB 1] Throughput = 0.71708 Mbps | SE = 0.01879 bit/s/Hz
52485[UE 1 | RB 1] Throughput = 0.83331 Mbps | SE = 0.02184 bit/s/Hz
52594[UE 1 | RB 1] Throughput = 1.31951 Mbps | SE = 0.03458 bit/s/Hz
52695[UE 1 | RB 1] Throughput = 0.82864 Mbps | SE = 0.02171 bit/s/Hz
52804[UE 1 | RB 1] Throughput = 1.43440 Mbps | SE = 0.03759 bit/s/Hz
52904[UE 1 | RB 1] Throughput = 0.83864 Mbps | SE = 0.02198 bit/s/Hz
53004[UE 1 | RB 1] Throughput = 1.43385 Mbps | SE = 0.03757 bit/s/Hz
53114[UE 1 | RB 1] Throughput = 0.65495 Mbps | SE = 0.01716 bit/s/Hz
53224[UE 1 | RB 1] Throughput = 1.30619 Mbps | SE = 0.03423 bit/s/Hz
53333[UE 1 | RB 1] Throughput = 1.31129 Mbps | SE = 0.03436 bit/s/Hz
53434[UE 1 | RB 1] Throughput = 0.83672 Mbps | SE = 0.02193 bit/s/Hz
53544[UE 1 | RB 1] Throughput = 0.65448 Mbps | SE = 0.01715 bit/s/Hz
53644[UE 1 | RB 1] Throughput = 1.67659 Mbps | SE = 0.04394 bit/s/Hz
53744[UE 1 | RB 1] Throughput = 0.71680 Mbps | SE = 0.01878 bit/s/Hz
53854[UE 1 | RB 1] Throughput = 1.31324 Mbps | SE = 0.03441 bit/s/Hz
53954[UE 1 | RB 1] Throughput = 0.71839 Mbps | SE = 0.01883 bit/s/Hz
54054[UE 1 | RB 1] Throughput = 1.43295 Mbps | SE = 0.03755 bit/s/Hz
54164[UE 1 | RB 1] Throughput = 0.87388 Mbps | SE = 0.02290 bit/s/Hz
54264[UE 1 | RB 1] Throughput = 1.43736 Mbps | SE = 0.03767 bit/s/Hz
54364[UE 1 | RB 1] Throughput = 0.71815 Mbps | SE = 0.01882 bit/s/Hz
54464[UE 1 | RB 1] Throughput = 0.83854 Mbps | SE = 0.02197 bit/s/Hz
54574[UE 1 | RB 1] Throughput = 1.30961 Mbps | SE = 0.03432 bit/s/Hz
54674[UE 1 | RB 1] Throughput = 0.83824 Mbps | SE = 0.02197 bit/s/Hz
54784[UE 1 | RB 1] Throughput = 1.30890 Mbps | SE = 0.03430 bit/s/Hz
54894[UE 1 | RB 1] Throughput = 0.86961 Mbps | SE = 0.02279 bit/s/Hz
55004[UE 1 | RB 1] Throughput = 1.42003 Mbps | SE = 0.03721 bit/s/Hz
55104[UE 1 | RB 1] Throughput = 0.95576 Mbps | SE = 0.02505 bit/s/Hz
55214[UE 1 | RB 1] Throughput = 0.87275 Mbps | SE = 0.02287 bit/s/Hz
55314[UE 1 | RB 1] Throughput = 1.19805 Mbps | SE = 0.03140 bit/s/Hz
55414[UE 1 | RB 1] Throughput = 1.31389 Mbps | SE = 0.03443 bit/s/Hz
55524[UE 1 | RB 1] Throughput = 0.76424 Mbps | SE = 0.02003 bit/s/Hz
55624[UE 1 | RB 1] Throughput = 1.19634 Mbps | SE = 0.03135 bit/s/Hz
55724[UE 1 | RB 1] Throughput = 0.71883 Mbps | SE = 0.01884 bit/s/Hz
55824[UE 1 | RB 1] Throughput = 1.31657 Mbps | SE = 0.03450 bit/s/Hz
55934[UE 1 | RB 1] Throughput = 1.20512 Mbps | SE = 0.03158 bit/s/Hz
56044[UE 1 | RB 1] Throughput = 0.76306 Mbps | SE = 0.02000 bit/s/Hz
56144[UE 1 | RB 1] Throughput = 1.31426 Mbps | SE = 0.03444 bit/s/Hz
56254[UE 1 | RB 1] Throughput = 1.20012 Mbps | SE = 0.03145 bit/s/Hz
56354[UE 1 | RB 1] Throughput = 1.07848 Mbps | SE = 0.02826 bit/s/Hz
56454[UE 1 | RB 1] Throughput = 0.83790 Mbps | SE = 0.02196 bit/s/Hz
56564[UE 1 | RB 1] Throughput = 1.30896 Mbps | SE = 0.03430 bit/s/Hz
56664[UE 1 | RB 1] Throughput = 0.95480 Mbps | SE = 0.02502 bit/s/Hz
56774[UE 1 | RB 1] Throughput = 0.98558 Mbps | SE = 0.02583 bit/s/Hz
56884[UE 1 | RB 1] Throughput = 1.08573 Mbps | SE = 0.02845 bit/s/Hz
56984[UE 1 | RB 1] Throughput = 0.95846 Mbps | SE = 0.02512 bit/s/Hz
57094[UE 1 | RB 1] Throughput = 1.08935 Mbps | SE = 0.02855 bit/s/Hz
57204[UE 1 | RB 1] Throughput = 1.30898 Mbps | SE = 0.03430 bit/s/Hz
57304[UE 1 | RB 1] Throughput = 0.83673 Mbps | SE = 0.02193 bit/s/Hz
57413[UE 1 | RB 1] Throughput = 0.87628 Mbps | SE = 0.02296 bit/s/Hz
57514[UE 1 | RB 1] Throughput = 1.43653 Mbps | SE = 0.03764 bit/s/Hz
57614[UE 1 | RB 1] Throughput = 0.71648 Mbps | SE = 0.01878 bit/s/Hz
57724[UE 1 | RB 1] Throughput = 1.19699 Mbps | SE = 0.03137 bit/s/Hz
57834[UE 1 | RB 1] Throughput = 1.20193 Mbps | SE = 0.03150 bit/s/Hz
57934[UE 1 | RB 1] Throughput = 1.31197 Mbps | SE = 0.03438 bit/s/Hz
58044[UE 1 | RB 1] Throughput = 0.98651 Mbps | SE = 0.02585 bit/s/Hz
58144[UE 1 | RB 1] Throughput = 0.71442 Mbps | SE = 0.01872 bit/s/Hz
58254[UE 1 | RB 1] Throughput = 1.20568 Mbps | SE = 0.03160 bit/s/Hz
58354[UE 1 | RB 1] Throughput = 1.31631 Mbps | SE = 0.03449 bit/s/Hz
58464[UE 1 | RB 1] Throughput = 0.76201 Mbps | SE = 0.01997 bit/s/Hz
58564[UE 1 | RB 1] Throughput = 1.43376 Mbps | SE = 0.03757 bit/s/Hz
58674[UE 1 | RB 1] Throughput = 0.65690 Mbps | SE = 0.01721 bit/s/Hz
58784[UE 1 | RB 1] Throughput = 1.30370 Mbps | SE = 0.03416 bit/s/Hz
58895[UE 1 | RB 1] Throughput = 0.96704 Mbps | SE = 0.02534 bit/s/Hz
59004[UE 1 | RB 1] Throughput = 0.99373 Mbps | SE = 0.02604 bit/s/Hz
59104[UE 1 | RB 1] Throughput = 1.43717 Mbps | SE = 0.03766 bit/s/Hz
59204[UE 1 | RB 1] Throughput = 0.71859 Mbps | SE = 0.01883 bit/s/Hz
59314[UE 1 | RB 1] Throughput = 1.30647 Mbps | SE = 0.03424 bit/s/Hz
59424[UE 1 | RB 1] Throughput = 1.09100 Mbps | SE = 0.02859 bit/s/Hz
59534[UE 1 | RB 1] Throughput = 0.76417 Mbps | SE = 0.02003 bit/s/Hz
59634[UE 1 | RB 1] Throughput = 1.31277 Mbps | SE = 0.03440 bit/s/Hz
59744[UE 1 | RB 1] Throughput = 1.20208 Mbps | SE = 0.03150 bit/s/Hz
59854[UE 1 | RB 1] Throughput = 0.76406 Mbps | SE = 0.02002 bit/s/Hz
59954[UE 1 | RB 1] Throughput = 1.19627 Mbps | SE = 0.03135 bit/s/Hz
60064[UE 1 | RB 1] Throughput = 1.19376 Mbps | SE = 0.03128 bit/s/Hz
60174[UE 1 | RB 1] Throughput = 0.87518 Mbps | SE = 0.02293 bit/s/Hz
60274[UE 1 | RB 1] Throughput = 0.71841 Mbps | SE = 0.01883 bit/s/Hz
60374[UE 1 | RB 1] Throughput = 1.31578 Mbps | SE = 0.03448 bit/s/Hz
60484[UE 1 | RB 1] Throughput = 1.30636 Mbps | SE = 0.03423 bit/s/Hz
60584[UE 1 | RB 1] Throughput = 0.95757 Mbps | SE = 0.02509 bit/s/Hz
60694[UE 1 | RB 1] Throughput = 1.30963 Mbps | SE = 0.03432 bit/s/Hz
60804[UE 1 | RB 1] Throughput = 0.54560 Mbps | SE = 0.01430 bit/s/Hz
60914[UE 1 | RB 1] Throughput = 1.30790 Mbps | SE = 0.03427 bit/s/Hz
61024[UE 1 | RB 1] Throughput = 1.19969 Mbps | SE = 0.03144 bit/s/Hz
61124[UE 1 | RB 1] Throughput = 0.71848 Mbps | SE = 0.01883 bit/s/Hz
61224[UE 1 | RB 1] Throughput = 1.31762 Mbps | SE = 0.03453 bit/s/Hz
61324[UE 1 | RB 1] Throughput = 1.31278 Mbps | SE = 0.03440 bit/s/Hz
61434[UE 1 | RB 1] Throughput = 0.65695 Mbps | SE = 0.01722 bit/s/Hz
61534[UE 1 | RB 1] Throughput = 1.43749 Mbps | SE = 0.03767 bit/s/Hz
61644[UE 1 | RB 1] Throughput = 0.76309 Mbps | SE = 0.02000 bit/s/Hz
61744[UE 1 | RB 1] Throughput = 1.43301 Mbps | SE = 0.03755 bit/s/Hz
61854[UE 1 | RB 1] Throughput = 0.87165 Mbps | SE = 0.02284 bit/s/Hz
61964[UE 1 | RB 1] Throughput = 1.30913 Mbps | SE = 0.03431 bit/s/Hz
62074[UE 1 | RB 1] Throughput = 0.65558 Mbps | SE = 0.01718 bit/s/Hz
62174[UE 1 | RB 1] Throughput = 1.43640 Mbps | SE = 0.03764 bit/s/Hz
62274[UE 1 | RB 1] Throughput = 0.71894 Mbps | SE = 0.01884 bit/s/Hz
62374[UE 1 | RB 1] Throughput = 1.55428 Mbps | SE = 0.04073 bit/s/Hz
62484[UE 1 | RB 1] Throughput = 0.65268 Mbps | SE = 0.01710 bit/s/Hz
62584[UE 1 | RB 1] Throughput = 1.43606 Mbps | SE = 0.03763 bit/s/Hz
62694[UE 1 | RB 1] Throughput = 0.65648 Mbps | SE = 0.01720 bit/s/Hz
62794[UE 1 | RB 1] Throughput = 1.43512 Mbps | SE = 0.03761 bit/s/Hz
62904[UE 1 | RB 1] Throughput = 1.19692 Mbps | SE = 0.03137 bit/s/Hz
63014[UE 1 | RB 1] Throughput = 0.76261 Mbps | SE = 0.01998 bit/s/Hz
63124[UE 1 | RB 1] Throughput = 1.20202 Mbps | SE = 0.03150 bit/s/Hz
63224[UE 1 | RB 1] Throughput = 0.71602 Mbps | SE = 0.01876 bit/s/Hz
63324[UE 1 | RB 1] Throughput = 1.31759 Mbps | SE = 0.03453 bit/s/Hz
63424[UE 1 | RB 1] Throughput = 0.71852 Mbps | SE = 0.01883 bit/s/Hz
63534[UE 1 | RB 1] Throughput = 1.30687 Mbps | SE = 0.03425 bit/s/Hz
63645[UE 1 | RB 1] Throughput = 1.19300 Mbps | SE = 0.03126 bit/s/Hz
63754[UE 1 | RB 1] Throughput = 1.09861 Mbps | SE = 0.02879 bit/s/Hz
63864[UE 1 | RB 1] Throughput = 1.19709 Mbps | SE = 0.03137 bit/s/Hz
63974[UE 1 | RB 1] Throughput = 0.87301 Mbps | SE = 0.02288 bit/s/Hz
64074[UE 1 | RB 1] Throughput = 1.07607 Mbps | SE = 0.02820 bit/s/Hz
64174[UE 1 | RB 1] Throughput = 0.71890 Mbps | SE = 0.01884 bit/s/Hz
64284[UE 1 | RB 1] Throughput = 1.41373 Mbps | SE = 0.03705 bit/s/Hz
64384[UE 1 | RB 1] Throughput = 1.07702 Mbps | SE = 0.02822 bit/s/Hz
64494[UE 1 | RB 1] Throughput = 0.98715 Mbps | SE = 0.02587 bit/s/Hz
64604[UE 1 | RB 1] Throughput = 1.30562 Mbps | SE = 0.03421 bit/s/Hz
64704[UE 1 | RB 1] Throughput = 1.07750 Mbps | SE = 0.02824 bit/s/Hz
64804[UE 1 | RB 1] Throughput = 0.95646 Mbps | SE = 0.02506 bit/s/Hz
64914[UE 1 | RB 1] Throughput = 1.08862 Mbps | SE = 0.02853 bit/s/Hz
65024[UE 1 | RB 1] Throughput = 0.76557 Mbps | SE = 0.02006 bit/s/Hz
65124[UE 1 | RB 1] Throughput = 1.43316 Mbps | SE = 0.03756 bit/s/Hz
65234[UE 1 | RB 1] Throughput = 0.98584 Mbps | SE = 0.02583 bit/s/Hz
65334[UE 1 | RB 1] Throughput = 1.07783 Mbps | SE = 0.02824 bit/s/Hz
65444[UE 1 | RB 1] Throughput = 1.08648 Mbps | SE = 0.02847 bit/s/Hz
65554[UE 1 | RB 1] Throughput = 0.87494 Mbps | SE = 0.02293 bit/s/Hz
65654[UE 1 | RB 1] Throughput = 1.07493 Mbps | SE = 0.02817 bit/s/Hz
65754[UE 1 | RB 1] Throughput = 1.31519 Mbps | SE = 0.03447 bit/s/Hz
65864[UE 1 | RB 1] Throughput = 1.09158 Mbps | SE = 0.02861 bit/s/Hz
65964[UE 1 | RB 1] Throughput = 0.95871 Mbps | SE = 0.02512 bit/s/Hz
66064[UE 1 | RB 1] Throughput = 1.19629 Mbps | SE = 0.03135 bit/s/Hz
66164[UE 1 | RB 1] Throughput = 1.19696 Mbps | SE = 0.03137 bit/s/Hz
66274[UE 1 | RB 1] Throughput = 0.65505 Mbps | SE = 0.01717 bit/s/Hz
66384[UE 1 | RB 1] Throughput = 1.30876 Mbps | SE = 0.03430 bit/s/Hz
66485[UE 1 | RB 1] Throughput = 0.70830 Mbps | SE = 0.01856 bit/s/Hz
66594[UE 1 | RB 1] Throughput = 1.32464 Mbps | SE = 0.03471 bit/s/Hz
66704[UE 1 | RB 1] Throughput = 1.19589 Mbps | SE = 0.03134 bit/s/Hz
66804[UE 1 | RB 1] Throughput = 0.71819 Mbps | SE = 0.01882 bit/s/Hz
66904[UE 1 | RB 1] Throughput = 1.31491 Mbps | SE = 0.03446 bit/s/Hz
67014[UE 1 | RB 1] Throughput = 1.09439 Mbps | SE = 0.02868 bit/s/Hz
67124[UE 1 | RB 1] Throughput = 1.08976 Mbps | SE = 0.02856 bit/s/Hz
67224[UE 1 | RB 1] Throughput = 0.95817 Mbps | SE = 0.02511 bit/s/Hz
67324[UE 1 | RB 1] Throughput = 1.07506 Mbps | SE = 0.02817 bit/s/Hz
67434[UE 1 | RB 1] Throughput = 0.98603 Mbps | SE = 0.02584 bit/s/Hz
67534[UE 1 | RB 1] Throughput = 0.83279 Mbps | SE = 0.02182 bit/s/Hz
67644[UE 1 | RB 1] Throughput = 1.52725 Mbps | SE = 0.04002 bit/s/Hz
67754[UE 1 | RB 1] Throughput = 1.09416 Mbps | SE = 0.02867 bit/s/Hz
67864[UE 1 | RB 1] Throughput = 0.87312 Mbps | SE = 0.02288 bit/s/Hz
67965[UE 1 | RB 1] Throughput = 1.30444 Mbps | SE = 0.03418 bit/s/Hz
68074[UE 1 | RB 1] Throughput = 0.76894 Mbps | SE = 0.02015 bit/s/Hz
68184[UE 1 | RB 1] Throughput = 1.30777 Mbps | SE = 0.03427 bit/s/Hz
68284[UE 1 | RB 1] Throughput = 0.71690 Mbps | SE = 0.01879 bit/s/Hz
68384[UE 1 | RB 1] Throughput = 1.43405 Mbps | SE = 0.03758 bit/s/Hz
68494[UE 1 | RB 1] Throughput = 0.65771 Mbps | SE = 0.01724 bit/s/Hz
68594[UE 1 | RB 1] Throughput = 1.31712 Mbps | SE = 0.03452 bit/s/Hz
68694[UE 1 | RB 1] Throughput = 1.07643 Mbps | SE = 0.02821 bit/s/Hz
68794[UE 1 | RB 1] Throughput = 1.31379 Mbps | SE = 0.03443 bit/s/Hz
68904[UE 1 | RB 1] Throughput = 0.76621 Mbps | SE = 0.02008 bit/s/Hz
69004[UE 1 | RB 1] Throughput = 0.71824 Mbps | SE = 0.01882 bit/s/Hz
69104[UE 1 | RB 1] Throughput = 1.43637 Mbps | SE = 0.03764 bit/s/Hz
69214[UE 1 | RB 1] Throughput = 1.19801 Mbps | SE = 0.03139 bit/s/Hz
69324[UE 1 | RB 1] Throughput = 1.19603 Mbps | SE = 0.03134 bit/s/Hz
69434[UE 1 | RB 1] Throughput = 0.65606 Mbps | SE = 0.01719 bit/s/Hz
69534[UE 1 | RB 1] Throughput = 1.55242 Mbps | SE = 0.04068 bit/s/Hz
69644[UE 1 | RB 1] Throughput = 0.65574 Mbps | SE = 0.01718 bit/s/Hz
69754[UE 1 | RB 1] Throughput = 1.41661 Mbps | SE = 0.03712 bit/s/Hz
69854[UE 1 | RB 1] Throughput = 0.71769 Mbps | SE = 0.01881 bit/s/Hz
69964[UE 1 | RB 1] Throughput = 1.31087 Mbps | SE = 0.03435 bit/s/Hz
70064[UE 1 | RB 1] Throughput = 0.59768 Mbps | SE = 0.01566 bit/s/Hz
70174[UE 1 | RB 1] Throughput = 1.30801 Mbps | SE = 0.03428 bit/s/Hz
70274[UE 1 | RB 1] Throughput = 1.31581 Mbps | SE = 0.03448 bit/s/Hz
70384[UE 1 | RB 1] Throughput = 0.65314 Mbps | SE = 0.01712 bit/s/Hz
70494[UE 1 | RB 1] Throughput = 1.31170 Mbps | SE = 0.03437 bit/s/Hz
70594[UE 1 | RB 1] Throughput = 0.83625 Mbps | SE = 0.02191 bit/s/Hz
70704[UE 1 | RB 1] Throughput = 1.42001 Mbps | SE = 0.03721 bit/s/Hz
70804[UE 1 | RB 1] Throughput = 0.71675 Mbps | SE = 0.01878 bit/s/Hz
70914[UE 1 | RB 1] Throughput = 1.19960 Mbps | SE = 0.03144 bit/s/Hz
71024[UE 1 | RB 1] Throughput = 1.31099 Mbps | SE = 0.03436 bit/s/Hz
71124[UE 1 | RB 1] Throughput = 0.83863 Mbps | SE = 0.02198 bit/s/Hz
71224[UE 1 | RB 1] Throughput = 0.83653 Mbps | SE = 0.02192 bit/s/Hz
71334[UE 1 | RB 1] Throughput = 1.41985 Mbps | SE = 0.03721 bit/s/Hz
71434[UE 1 | RB 1] Throughput = 1.31275 Mbps | SE = 0.03440 bit/s/Hz
71544[UE 1 | RB 1] Throughput = 0.76470 Mbps | SE = 0.02004 bit/s/Hz
71644[UE 1 | RB 1] Throughput = 1.43534 Mbps | SE = 0.03761 bit/s/Hz
71744[UE 1 | RB 1] Throughput = 0.71754 Mbps | SE = 0.01880 bit/s/Hz
71854[UE 1 | RB 1] Throughput = 0.65669 Mbps | SE = 0.01721 bit/s/Hz
71954[UE 1 | RB 1] Throughput = 1.55292 Mbps | SE = 0.04069 bit/s/Hz
72064[UE 1 | RB 1] Throughput = 1.30827 Mbps | SE = 0.03428 bit/s/Hz
72174[UE 1 | RB 1] Throughput = 0.65370 Mbps | SE = 0.01713 bit/s/Hz
72284[UE 1 | RB 1] Throughput = 1.20280 Mbps | SE = 0.03152 bit/s/Hz
72384[UE 1 | RB 1] Throughput = 1.31799 Mbps | SE = 0.03454 bit/s/Hz
72484[UE 1 | RB 1] Throughput = 0.71826 Mbps | SE = 0.01882 bit/s/Hz
72584[UE 1 | RB 1] Throughput = 1.43799 Mbps | SE = 0.03768 bit/s/Hz
72684[UE 1 | RB 1] Throughput = 0.83705 Mbps | SE = 0.02194 bit/s/Hz
72784[UE 1 | RB 1] Throughput = 1.07529 Mbps | SE = 0.02818 bit/s/Hz
72894[UE 1 | RB 1] Throughput = 1.30912 Mbps | SE = 0.03431 bit/s/Hz
73004[UE 1 | RB 1] Throughput = 0.65580 Mbps | SE = 0.01719 bit/s/Hz
73114[UE 1 | RB 1] Throughput = 1.41377 Mbps | SE = 0.03705 bit/s/Hz
73214[UE 1 | RB 1] Throughput = 0.83712 Mbps | SE = 0.02194 bit/s/Hz
73324[UE 1 | RB 1] Throughput = 1.20069 Mbps | SE = 0.03146 bit/s/Hz
73434[UE 1 | RB 1] Throughput = 1.19986 Mbps | SE = 0.03144 bit/s/Hz
73534[UE 1 | RB 1] Throughput = 0.71749 Mbps | SE = 0.01880 bit/s/Hz
73644[UE 1 | RB 1] Throughput = 1.19911 Mbps | SE = 0.03142 bit/s/Hz
73744[UE 1 | RB 1] Throughput = 0.71838 Mbps | SE = 0.01883 bit/s/Hz
73844[UE 1 | RB 1] Throughput = 1.43517 Mbps | SE = 0.03761 bit/s/Hz
73955[UE 1 | RB 1] Throughput = 1.19531 Mbps | SE = 0.03132 bit/s/Hz
74064[UE 1 | RB 1] Throughput = 0.65485 Mbps | SE = 0.01716 bit/s/Hz
74174[UE 1 | RB 1] Throughput = 1.31470 Mbps | SE = 0.03445 bit/s/Hz
74274[UE 1 | RB 1] Throughput = 1.31716 Mbps | SE = 0.03452 bit/s/Hz
74374[UE 1 | RB 1] Throughput = 0.83807 Mbps | SE = 0.02196 bit/s/Hz
74474[UE 1 | RB 1] Throughput = 0.83819 Mbps | SE = 0.02197 bit/s/Hz
74574[UE 1 | RB 1] Throughput = 1.43419 Mbps | SE = 0.03758 bit/s/Hz
74684[UE 1 | RB 1] Throughput = 0.65586 Mbps | SE = 0.01719 bit/s/Hz
74784[UE 1 | RB 1] Throughput = 1.43376 Mbps | SE = 0.03757 bit/s/Hz
74894[UE 1 | RB 1] Throughput = 0.65462 Mbps | SE = 0.01715 bit/s/Hz
74994[UE 1 | RB 1] Throughput = 1.31645 Mbps | SE = 0.03450 bit/s/Hz
75104[UE 1 | RB 1] Throughput = 1.31280 Mbps | SE = 0.03440 bit/s/Hz
75214[UE 1 | RB 1] Throughput = 0.87179 Mbps | SE = 0.02285 bit/s/Hz
75314[UE 1 | RB 1] Throughput = 1.31447 Mbps | SE = 0.03445 bit/s/Hz
75424[UE 1 | RB 1] Throughput = 0.76342 Mbps | SE = 0.02001 bit/s/Hz
75524[UE 1 | RB 1] Throughput = 1.43405 Mbps | SE = 0.03758 bit/s/Hz
75634[UE 1 | RB 1] Throughput = 0.65615 Mbps | SE = 0.01719 bit/s/Hz
75734[UE 1 | RB 1] Throughput = 1.43341 Mbps | SE = 0.03756 bit/s/Hz
75844[UE 1 | RB 1] Throughput = 0.65517 Mbps | SE = 0.01717 bit/s/Hz
75944[UE 1 | RB 1] Throughput = 1.43719 Mbps | SE = 0.03766 bit/s/Hz
76054[UE 1 | RB 1] Throughput = 1.30737 Mbps | SE = 0.03426 bit/s/Hz
76164[UE 1 | RB 1] Throughput = 0.54582 Mbps | SE = 0.01430 bit/s/Hz
76264[UE 1 | RB 1] Throughput = 1.43444 Mbps | SE = 0.03759 bit/s/Hz
76364[UE 1 | RB 1] Throughput = 1.19518 Mbps | SE = 0.03132 bit/s/Hz
76474[UE 1 | RB 1] Throughput = 1.09209 Mbps | SE = 0.02862 bit/s/Hz
76574[UE 1 | RB 1] Throughput = 0.83680 Mbps | SE = 0.02193 bit/s/Hz
76684[UE 1 | RB 1] Throughput = 1.08728 Mbps | SE = 0.02849 bit/s/Hz
76794[UE 1 | RB 1] Throughput = 0.87427 Mbps | SE = 0.02291 bit/s/Hz
76904[UE 1 | RB 1] Throughput = 1.19737 Mbps | SE = 0.03138 bit/s/Hz
77014[UE 1 | RB 1] Throughput = 1.30625 Mbps | SE = 0.03423 bit/s/Hz
77114[UE 1 | RB 1] Throughput = 0.83884 Mbps | SE = 0.02198 bit/s/Hz
77224[UE 1 | RB 1] Throughput = 1.31300 Mbps | SE = 0.03441 bit/s/Hz
77324[UE 1 | RB 1] Throughput = 0.71799 Mbps | SE = 0.01882 bit/s/Hz
77434[UE 1 | RB 1] Throughput = 1.19530 Mbps | SE = 0.03132 bit/s/Hz
77535[UE 1 | RB 1] Throughput = 0.83603 Mbps | SE = 0.02191 bit/s/Hz
77644[UE 1 | RB 1] Throughput = 1.31732 Mbps | SE = 0.03452 bit/s/Hz
77744[UE 1 | RB 1] Throughput = 0.71892 Mbps | SE = 0.01884 bit/s/Hz
77844[UE 1 | RB 1] Throughput = 1.43712 Mbps | SE = 0.03766 bit/s/Hz
77944[UE 1 | RB 1] Throughput = 0.71768 Mbps | SE = 0.01881 bit/s/Hz
78044[UE 1 | RB 1] Throughput = 1.31727 Mbps | SE = 0.03452 bit/s/Hz
78154[UE 1 | RB 1] Throughput = 1.31014 Mbps | SE = 0.03433 bit/s/Hz
78254[UE 1 | RB 1] Throughput = 0.59556 Mbps | SE = 0.01561 bit/s/Hz
78364[UE 1 | RB 1] Throughput = 1.20168 Mbps | SE = 0.03149 bit/s/Hz
78464[UE 1 | RB 1] Throughput = 0.83769 Mbps | SE = 0.02195 bit/s/Hz
78574[UE 1 | RB 1] Throughput = 1.09216 Mbps | SE = 0.02862 bit/s/Hz
78674[UE 1 | RB 1] Throughput = 1.55379 Mbps | SE = 0.04072 bit/s/Hz
78784[UE 1 | RB 1] Throughput = 0.65334 Mbps | SE = 0.01712 bit/s/Hz
78894[UE 1 | RB 1] Throughput = 1.31178 Mbps | SE = 0.03438 bit/s/Hz
79004[UE 1 | RB 1] Throughput = 1.19792 Mbps | SE = 0.03139 bit/s/Hz
79114[UE 1 | RB 1] Throughput = 0.76248 Mbps | SE = 0.01998 bit/s/Hz
79214[UE 1 | RB 1] Throughput = 1.43769 Mbps | SE = 0.03768 bit/s/Hz
79314[UE 1 | RB 1] Throughput = 0.71766 Mbps | SE = 0.01881 bit/s/Hz
79424[UE 1 | RB 1] Throughput = 1.31102 Mbps | SE = 0.03436 bit/s/Hz
79525[UE 1 | RB 1] Throughput = 0.71506 Mbps | SE = 0.01874 bit/s/Hz
79625[UE 1 | RB 1] Throughput = 1.31411 Mbps | SE = 0.03444 bit/s/Hz
79734[UE 1 | RB 1] Throughput = 1.31169 Mbps | SE = 0.03437 bit/s/Hz
79844[UE 1 | RB 1] Throughput = 0.76306 Mbps | SE = 0.02000 bit/s/Hz
79954[UE 1 | RB 1] Throughput = 1.20027 Mbps | SE = 0.03145 bit/s/Hz
80064[UE 1 | RB 1] Throughput = 1.08732 Mbps | SE = 0.02849 bit/s/Hz
80174[UE 1 | RB 1] Throughput = 0.87664 Mbps | SE = 0.02297 bit/s/Hz
80274[UE 1 | RB 1] Throughput = 1.31650 Mbps | SE = 0.03450 bit/s/Hz
80374[UE 1 | RB 1] Throughput = 1.19719 Mbps | SE = 0.03137 bit/s/Hz
80484[UE 1 | RB 1] Throughput = 0.87426 Mbps | SE = 0.02291 bit/s/Hz
80584[UE 1 | RB 1] Throughput = 1.07602 Mbps | SE = 0.02820 bit/s/Hz
80684[UE 1 | RB 1] Throughput = 0.95641 Mbps | SE = 0.02506 bit/s/Hz
80794[UE 1 | RB 1] Throughput = 1.20187 Mbps | SE = 0.03150 bit/s/Hz
80894[UE 1 | RB 1] Throughput = 0.71762 Mbps | SE = 0.01881 bit/s/Hz
81004[UE 1 | RB 1] Throughput = 1.31032 Mbps | SE = 0.03434 bit/s/Hz
81114[UE 1 | RB 1] Throughput = 0.97900 Mbps | SE = 0.02566 bit/s/Hz
81214[UE 1 | RB 1] Throughput = 1.43560 Mbps | SE = 0.03762 bit/s/Hz
81314[UE 1 | RB 1] Throughput = 0.71853 Mbps | SE = 0.01883 bit/s/Hz
81424[UE 1 | RB 1] Throughput = 1.30966 Mbps | SE = 0.03432 bit/s/Hz
81534[UE 1 | RB 1] Throughput = 0.65360 Mbps | SE = 0.01713 bit/s/Hz
81644[UE 1 | RB 1] Throughput = 1.30773 Mbps | SE = 0.03427 bit/s/Hz
81744[UE 1 | RB 1] Throughput = 0.95763 Mbps | SE = 0.02510 bit/s/Hz
81854[UE 1 | RB 1] Throughput = 1.31130 Mbps | SE = 0.03436 bit/s/Hz
81954[UE 1 | RB 1] Throughput = 0.71604 Mbps | SE = 0.01876 bit/s/Hz
82064[UE 1 | RB 1] Throughput = 1.30874 Mbps | SE = 0.03430 bit/s/Hz
82164[UE 1 | RB 1] Throughput = 0.71624 Mbps | SE = 0.01877 bit/s/Hz
82274[UE 1 | RB 1] Throughput = 1.31239 Mbps | SE = 0.03439 bit/s/Hz
82384[UE 1 | RB 1] Throughput = 0.76068 Mbps | SE = 0.01993 bit/s/Hz
82485[UE 1 | RB 1] Throughput = 1.55371 Mbps | SE = 0.04072 bit/s/Hz
82594[UE 1 | RB 1] Throughput = 1.09122 Mbps | SE = 0.02860 bit/s/Hz
82704[UE 1 | RB 1] Throughput = 0.87536 Mbps | SE = 0.02294 bit/s/Hz
82814[UE 1 | RB 1] Throughput = 1.08862 Mbps | SE = 0.02853 bit/s/Hz
82914[UE 1 | RB 1] Throughput = 1.07710 Mbps | SE = 0.02823 bit/s/Hz
83024[UE 1 | RB 1] Throughput = 1.31387 Mbps | SE = 0.03443 bit/s/Hz
83124[UE 1 | RB 1] Throughput = 0.71836 Mbps | SE = 0.01883 bit/s/Hz
83224[UE 1 | RB 1] Throughput = 1.31519 Mbps | SE = 0.03447 bit/s/Hz
83334[UE 1 | RB 1] Throughput = 0.76160 Mbps | SE = 0.01996 bit/s/Hz
83434[UE 1 | RB 1] Throughput = 0.95770 Mbps | SE = 0.02510 bit/s/Hz
83544[UE 1 | RB 1] Throughput = 1.30819 Mbps | SE = 0.03428 bit/s/Hz
83644[UE 1 | RB 1] Throughput = 1.43730 Mbps | SE = 0.03767 bit/s/Hz
83754[UE 1 | RB 1] Throughput = 0.65405 Mbps | SE = 0.01714 bit/s/Hz
83855[UE 1 | RB 1] Throughput = 0.71633 Mbps | SE = 0.01877 bit/s/Hz
83964[UE 1 | RB 1] Throughput = 1.75341 Mbps | SE = 0.04595 bit/s/Hz
84064[UE 1 | RB 1] Throughput = 0.71875 Mbps | SE = 0.01884 bit/s/Hz
84174[UE 1 | RB 1] Throughput = 0.87047 Mbps | SE = 0.02281 bit/s/Hz
84284[UE 1 | RB 1] Throughput = 1.20064 Mbps | SE = 0.03146 bit/s/Hz
84384[UE 1 | RB 1] Throughput = 1.43362 Mbps | SE = 0.03757 bit/s/Hz
84485[UE 1 | RB 1] Throughput = 0.70976 Mbps | SE = 0.01860 bit/s/Hz
84594[UE 1 | RB 1] Throughput = 1.32499 Mbps | SE = 0.03472 bit/s/Hz
84694[UE 1 | RB 1] Throughput = 0.71831 Mbps | SE = 0.01882 bit/s/Hz
84794[UE 1 | RB 1] Throughput = 1.43723 Mbps | SE = 0.03766 bit/s/Hz
84904[UE 1 | RB 1] Throughput = 0.87461 Mbps | SE = 0.02292 bit/s/Hz
85004[UE 1 | RB 1] Throughput = 1.19614 Mbps | SE = 0.03135 bit/s/Hz
85104[UE 1 | RB 1] Throughput = 0.71847 Mbps | SE = 0.01883 bit/s/Hz
85204[UE 1 | RB 1] Throughput = 1.31406 Mbps | SE = 0.03444 bit/s/Hz
85304[UE 1 | RB 1] Throughput = 0.71879 Mbps | SE = 0.01884 bit/s/Hz
85414[UE 1 | RB 1] Throughput = 1.31001 Mbps | SE = 0.03433 bit/s/Hz
85514[UE 1 | RB 1] Throughput = 1.31400 Mbps | SE = 0.03443 bit/s/Hz
85624[UE 1 | RB 1] Throughput = 0.76461 Mbps | SE = 0.02004 bit/s/Hz
85734[UE 1 | RB 1] Throughput = 1.30784 Mbps | SE = 0.03427 bit/s/Hz
85844[UE 1 | RB 1] Throughput = 1.19840 Mbps | SE = 0.03140 bit/s/Hz
85944[UE 1 | RB 1] Throughput = 1.07510 Mbps | SE = 0.02817 bit/s/Hz
86054[UE 1 | RB 1] Throughput = 0.76771 Mbps | SE = 0.02012 bit/s/Hz
86154[UE 1 | RB 1] Throughput = 1.43346 Mbps | SE = 0.03756 bit/s/Hz
86254[UE 1 | RB 1] Throughput = 0.71849 Mbps | SE = 0.01883 bit/s/Hz
86364[UE 1 | RB 1] Throughput = 1.19913 Mbps | SE = 0.03142 bit/s/Hz
86464[UE 1 | RB 1] Throughput = 0.95762 Mbps | SE = 0.02509 bit/s/Hz
86574[UE 1 | RB 1] Throughput = 1.31051 Mbps | SE = 0.03434 bit/s/Hz
86674[UE 1 | RB 1] Throughput = 0.59846 Mbps | SE = 0.01568 bit/s/Hz
86774[UE 1 | RB 1] Throughput = 1.31474 Mbps | SE = 0.03445 bit/s/Hz
86884[UE 1 | RB 1] Throughput = 1.19975 Mbps | SE = 0.03144 bit/s/Hz
86984[UE 1 | RB 1] Throughput = 0.59829 Mbps | SE = 0.01568 bit/s/Hz
87094[UE 1 | RB 1] Throughput = 1.42003 Mbps | SE = 0.03721 bit/s/Hz
87204[UE 1 | RB 1] Throughput = 1.08990 Mbps | SE = 0.02856 bit/s/Hz
87314[UE 1 | RB 1] Throughput = 0.76112 Mbps | SE = 0.01995 bit/s/Hz
87424[UE 1 | RB 1] Throughput = 1.19687 Mbps | SE = 0.03136 bit/s/Hz
87534[UE 1 | RB 1] Throughput = 1.31145 Mbps | SE = 0.03437 bit/s/Hz
87644[UE 1 | RB 1] Throughput = 0.97900 Mbps | SE = 0.02566 bit/s/Hz
87754[UE 1 | RB 1] Throughput = 0.97915 Mbps | SE = 0.02566 bit/s/Hz
87864[UE 1 | RB 1] Throughput = 1.31310 Mbps | SE = 0.03441 bit/s/Hz
87964[UE 1 | RB 1] Throughput = 0.71561 Mbps | SE = 0.01875 bit/s/Hz
88074[UE 1 | RB 1] Throughput = 1.19957 Mbps | SE = 0.03144 bit/s/Hz
88184[UE 1 | RB 1] Throughput = 1.31020 Mbps | SE = 0.03433 bit/s/Hz
88294[UE 1 | RB 1] Throughput = 0.65411 Mbps | SE = 0.01714 bit/s/Hz
88404[UE 1 | RB 1] Throughput = 1.30792 Mbps | SE = 0.03427 bit/s/Hz
88504[UE 1 | RB 1] Throughput = 0.83887 Mbps | SE = 0.02198 bit/s/Hz
88604[UE 1 | RB 1] Throughput = 1.31047 Mbps | SE = 0.03434 bit/s/Hz
88714[UE 1 | RB 1] Throughput = 1.20350 Mbps | SE = 0.03154 bit/s/Hz
88814[UE 1 | RB 1] Throughput = 0.83729 Mbps | SE = 0.02194 bit/s/Hz
88926[UE 1 | RB 1] Throughput = 1.28718 Mbps | SE = 0.03373 bit/s/Hz
89034[UE 1 | RB 1] Throughput = 0.66444 Mbps | SE = 0.01741 bit/s/Hz
89134[UE 1 | RB 1] Throughput = 0.95730 Mbps | SE = 0.02509 bit/s/Hz
89244[UE 1 | RB 1] Throughput = 1.20003 Mbps | SE = 0.03145 bit/s/Hz
89344[UE 1 | RB 1] Throughput = 0.95565 Mbps | SE = 0.02504 bit/s/Hz
89454[UE 1 | RB 1] Throughput = 1.31145 Mbps | SE = 0.03437 bit/s/Hz
89564[UE 1 | RB 1] Throughput = 1.30915 Mbps | SE = 0.03431 bit/s/Hz
89664[UE 1 | RB 1] Throughput = 0.71745 Mbps | SE = 0.01880 bit/s/Hz
89774[UE 1 | RB 1] Throughput = 1.30769 Mbps | SE = 0.03427 bit/s/Hz
89884[UE 1 | RB 1] Throughput = 0.65493 Mbps | SE = 0.01716 bit/s/Hz
89994[UE 1 | RB 1] Throughput = 1.30137 Mbps | SE = 0.03410 bit/s/Hz
[xApp]: E42 RIC_SUBSCRIPTION_DELETE_REQUEST tx RAN_FUNC_ID 144 RIC_REQ_ID 1 
[xApp]: E42 SUBSCRIPTION DELETE RESPONSE rx
[xApp]: E42 RIC_SUBSCRIPTION_DELETE_REQUEST tx RAN_FUNC_ID 144 RIC_REQ_ID 2 
[xApp]: E42 SUBSCRIPTION DELETE RESPONSE rx
[xApp]: E42 RIC_SUBSCRIPTION_DELETE_REQUEST tx RAN_FUNC_ID 144 RIC_REQ_ID 3 
[xApp]: E42 SUBSCRIPTION DELETE RESPONSE rx
[xApp]: E42 RIC_SUBSCRIPTION_DELETE_REQUEST tx RAN_FUNC_ID 144 RIC_REQ_ID 4 
[xApp]: E42 SUBSCRIPTION DELETE RESPONSE rx
[xApp]: Sucessfully stopped 
Test xApp run SUCCESSFULLY
