[UTIL]: Setting the config -c file to /usr/local/etc/flexric/flexric.conf
[UTIL]: Setting path -p for the shared libraries to /usr/local/lib/flexric/
[xAapp]: Initializing ... 
[xApp]: nearRT-RIC IP Address = 192.168.70.150, PORT = 36422
[E2 AGENT]: Opening plugin from path = /usr/local/lib/flexric/libkpm_sm.so 
[E2 AGENT]: Opening plugin from path = /usr/local/lib/flexric/libmac_sm.so 
[E2 AGENT]: Opening plugin from path = /usr/local/lib/flexric/libpdcp_sm.so 
[E2 AGENT]: Opening plugin from path = /usr/local/lib/flexric/libgtp_sm.so 
[E2 AGENT]: Opening plugin from path = /usr/local/lib/flexric/librc_sm.so 
[E2 AGENT]: Opening plugin from path = /usr/local/lib/flexric/libtc_sm.so 
[E2 AGENT]: Opening plugin from path = /usr/local/lib/flexric/librlc_sm.so 
[E2 AGENT]: Opening plugin from path = /usr/local/lib/flexric/libslice_sm.so 
[NEAR-RIC]: Loading SM ID = 2 with def = ORAN-E2SM-KPM 
[NEAR-RIC]: Loading SM ID = 142 with def = MAC_STATS_V0 
[NEAR-RIC]: Loading SM ID = 144 with def = PDCP_STATS_V0 
[NEAR-RIC]: Loading SM ID = 148 with def = GTP_STATS_V0 
[NEAR-RIC]: Loading SM ID = 3 with def = ORAN-E2SM-RC 
[NEAR-RIC]: Loading SM ID = 146 with def = TC_STATS_V0 
[NEAR-RIC]: Loading SM ID = 143 with def = RLC_STATS_V0 
[NEAR-RIC]: Loading SM ID = 145 with def = SLICE_STATS_V0 
[xApp]: DB filename = /tmp/flexric/xapp_db 
 [xApp]: E42 SETUP-REQUEST tx
[xApp]: E42 SETUP-RESPONSE rx 
[xApp]: xApp ID = 82 
[xApp]: Registered E2 Nodes = 4 
Connected E2 nodes = 4
[xAPP] Registered node 0 ran func id = 2 
 [xAPP] Registered node 0 ran func id = 3 
 [xAPP] Registered node 0 ran func id = 142 
 [xAPP] Registered node 0 ran func id = 143 
 [xAPP] Registered node 0 ran func id = 144 
 [xAPP] Registered node 0 ran func id = 145 
 [xAPP] Registered node 0 ran func id = 146 
 [xAPP] Registered node 0 ran func id = 148 
 [xApp]: E42 RIC SUBSCRIPTION REQUEST tx RAN_FUNC_ID 144 RIC_REQ_ID 1 
[xApp]: SUBSCRIPTION RESPONSE rx
[xApp]: Successfully subscribed to RAN_FUNC_ID 144 
[xAPP] Registered node 1 ran func id = 2 
 [xAPP] Registered node 1 ran func id = 3 
 [xAPP] Registered node 1 ran func id = 142 
 [xAPP] Registered node 1 ran func id = 143 
 [xAPP] Registered node 1 ran func id = 144 
 [xAPP] Registered node 1 ran func id = 145 
 [xAPP] Registered node 1 ran func id = 146 
 [xAPP] Registered node 1 ran func id = 148 
 [xApp]: E42 RIC SUBSCRIPTION REQUEST tx RAN_FUNC_ID 144 RIC_REQ_ID 2 
[xApp]: SUBSCRIPTION RESPONSE rx
[xApp]: Successfully subscribed to RAN_FUNC_ID 144 
[xAPP] Registered node 2 ran func id = 2 
 [xAPP] Registered node 2 ran func id = 3 
 [xAPP] Registered node 2 ran func id = 142 
 [xAPP] Registered node 2 ran func id = 143 
 [xAPP] Registered node 2 ran func id = 144 
 [xAPP] Registered node 2 ran func id = 145 
 [xAPP] Registered node 2 ran func id = 146 
 [xAPP] Registered node 2 ran func id = 148 
 [xApp]: E42 RIC SUBSCRIPTION REQUEST tx RAN_FUNC_ID 144 RIC_REQ_ID 3 
[xApp]: SUBSCRIPTION RESPONSE rx
[xApp]: Successfully subscribed to RAN_FUNC_ID 144 
[xAPP] Registered node 3 ran func id = 2 
 [xAPP] Registered node 3 ran func id = 3 
 [xAPP] Registered node 3 ran func id = 142 
 [xAPP] Registered node 3 ran func id = 143 
 [xAPP] Registered node 3 ran func id = 144 
 [xAPP] Registered node 3 ran func id = 145 
 [xAPP] Registered node 3 ran func id = 146 
 [xAPP] Registered node 3 ran func id = 148 
 [xApp]: E42 RIC SUBSCRIPTION REQUEST tx RAN_FUNC_ID 144 RIC_REQ_ID 4 
[xApp]: SUBSCRIPTION RESPONSE rx
[xApp]: Successfully subscribed to RAN_FUNC_ID 144 
113[UE 1 | RB 1] Throughput = 0.71708 Mbps | SE = 0.01879 bit/s/Hz
222[UE 1 | RB 1] Throughput = 1.20031 Mbps | SE = 0.03145 bit/s/Hz
323[UE 1 | RB 1] Throughput = 1.31093 Mbps | SE = 0.03435 bit/s/Hz
433[UE 1 | RB 1] Throughput = 0.98484 Mbps | SE = 0.02581 bit/s/Hz
543[UE 1 | RB 1] Throughput = 0.54463 Mbps | SE = 0.01427 bit/s/Hz
652[UE 1 | RB 1] Throughput = 1.52636 Mbps | SE = 0.04000 bit/s/Hz
753[UE 1 | RB 1] Throughput = 0.59880 Mbps | SE = 0.01569 bit/s/Hz
853[UE 1 | RB 1] Throughput = 1.43792 Mbps | SE = 0.03768 bit/s/Hz
962[UE 1 | RB 1] Throughput = 1.08982 Mbps | SE = 0.02856 bit/s/Hz
1063[UE 1 | RB 1] Throughput = 1.19597 Mbps | SE = 0.03134 bit/s/Hz
1173[UE 1 | RB 1] Throughput = 1.09006 Mbps | SE = 0.02857 bit/s/Hz
1283[UE 1 | RB 1] Throughput = 0.98028 Mbps | SE = 0.02569 bit/s/Hz
1392[UE 1 | RB 1] Throughput = 0.87380 Mbps | SE = 0.02290 bit/s/Hz
1492[UE 1 | RB 1] Throughput = 1.43667 Mbps | SE = 0.03765 bit/s/Hz
1593[UE 1 | RB 1] Throughput = 0.71799 Mbps | SE = 0.01882 bit/s/Hz
1703[UE 1 | RB 1] Throughput = 1.08996 Mbps | SE = 0.02856 bit/s/Hz
1803[UE 1 | RB 1] Throughput = 1.31678 Mbps | SE = 0.03451 bit/s/Hz
1912[UE 1 | RB 1] Throughput = 0.87339 Mbps | SE = 0.02289 bit/s/Hz
2013[UE 1 | RB 1] Throughput = 1.19719 Mbps | SE = 0.03137 bit/s/Hz
2113[UE 1 | RB 1] Throughput = 1.18846 Mbps | SE = 0.03114 bit/s/Hz
2222[UE 1 | RB 1] Throughput = 0.65969 Mbps | SE = 0.01729 bit/s/Hz
2322[UE 1 | RB 1] Throughput = 1.19730 Mbps | SE = 0.03138 bit/s/Hz
2432[UE 1 | RB 1] Throughput = 1.30769 Mbps | SE = 0.03427 bit/s/Hz
2543[UE 1 | RB 1] Throughput = 0.97989 Mbps | SE = 0.02568 bit/s/Hz
2643[UE 1 | RB 1] Throughput = 1.07797 Mbps | SE = 0.02825 bit/s/Hz
2753[UE 1 | RB 1] Throughput = 1.19851 Mbps | SE = 0.03141 bit/s/Hz
2862[UE 1 | RB 1] Throughput = 0.65488 Mbps | SE = 0.01716 bit/s/Hz
2963[UE 1 | RB 1] Throughput = 1.43451 Mbps | SE = 0.03759 bit/s/Hz
3072[UE 1 | RB 1] Throughput = 0.65445 Mbps | SE = 0.01715 bit/s/Hz
3183[UE 1 | RB 1] Throughput = 1.30676 Mbps | SE = 0.03424 bit/s/Hz
3283[UE 1 | RB 1] Throughput = 0.71867 Mbps | SE = 0.01883 bit/s/Hz
3383[UE 1 | RB 1] Throughput = 1.43696 Mbps | SE = 0.03766 bit/s/Hz
3492[UE 1 | RB 1] Throughput = 0.76443 Mbps | SE = 0.02003 bit/s/Hz
3602[UE 1 | RB 1] Throughput = 1.41638 Mbps | SE = 0.03712 bit/s/Hz
3703[UE 1 | RB 1] Throughput = 0.95496 Mbps | SE = 0.02503 bit/s/Hz
3813[UE 1 | RB 1] Throughput = 1.20127 Mbps | SE = 0.03148 bit/s/Hz
3922[UE 1 | RB 1] Throughput = 0.65438 Mbps | SE = 0.01715 bit/s/Hz
4023[UE 1 | RB 1] Throughput = 1.67456 Mbps | SE = 0.04388 bit/s/Hz
4132[UE 1 | RB 1] Throughput = 0.65681 Mbps | SE = 0.01721 bit/s/Hz
4233[UE 1 | RB 1] Throughput = 1.43141 Mbps | SE = 0.03751 bit/s/Hz
4343[UE 1 | RB 1] Throughput = 0.76224 Mbps | SE = 0.01997 bit/s/Hz
4443[UE 1 | RB 1] Throughput = 1.43779 Mbps | SE = 0.03768 bit/s/Hz
4553[UE 1 | RB 1] Throughput = 0.98130 Mbps | SE = 0.02572 bit/s/Hz
4653[UE 1 | RB 1] Throughput = 1.19651 Mbps | SE = 0.03136 bit/s/Hz
4763[UE 1 | RB 1] Throughput = 0.76179 Mbps | SE = 0.01996 bit/s/Hz
4873[UE 1 | RB 1] Throughput = 1.30994 Mbps | SE = 0.03433 bit/s/Hz
4973[UE 1 | RB 1] Throughput = 0.71546 Mbps | SE = 0.01875 bit/s/Hz
5083[UE 1 | RB 1] Throughput = 1.31280 Mbps | SE = 0.03440 bit/s/Hz
5193[UE 1 | RB 1] Throughput = 1.08992 Mbps | SE = 0.02856 bit/s/Hz
5293[UE 1 | RB 1] Throughput = 0.83719 Mbps | SE = 0.02194 bit/s/Hz
5402[UE 1 | RB 1] Throughput = 1.31212 Mbps | SE = 0.03438 bit/s/Hz
5512[UE 1 | RB 1] Throughput = 0.65339 Mbps | SE = 0.01712 bit/s/Hz
5613[UE 1 | RB 1] Throughput = 1.43621 Mbps | SE = 0.03764 bit/s/Hz
5722[UE 1 | RB 1] Throughput = 1.30937 Mbps | SE = 0.03431 bit/s/Hz
5833[UE 1 | RB 1] Throughput = 0.65262 Mbps | SE = 0.01710 bit/s/Hz
5942[UE 1 | RB 1] Throughput = 1.30989 Mbps | SE = 0.03433 bit/s/Hz
6042[UE 1 | RB 1] Throughput = 0.71858 Mbps | SE = 0.01883 bit/s/Hz
6153[UE 1 | RB 1] Throughput = 1.30624 Mbps | SE = 0.03423 bit/s/Hz
6253[UE 1 | RB 1] Throughput = 1.31511 Mbps | SE = 0.03446 bit/s/Hz
6363[UE 1 | RB 1] Throughput = 0.98030 Mbps | SE = 0.02569 bit/s/Hz
6473[UE 1 | RB 1] Throughput = 0.76293 Mbps | SE = 0.01999 bit/s/Hz
6583[UE 1 | RB 1] Throughput = 1.52212 Mbps | SE = 0.03989 bit/s/Hz
6693[UE 1 | RB 1] Throughput = 0.76488 Mbps | SE = 0.02004 bit/s/Hz
6793[UE 1 | RB 1] Throughput = 1.31775 Mbps | SE = 0.03453 bit/s/Hz
6903[UE 1 | RB 1] Throughput = 0.76289 Mbps | SE = 0.01999 bit/s/Hz
7013[UE 1 | RB 1] Throughput = 1.08874 Mbps | SE = 0.02853 bit/s/Hz
7122[UE 1 | RB 1] Throughput = 1.20088 Mbps | SE = 0.03147 bit/s/Hz
7223[UE 1 | RB 1] Throughput = 0.71591 Mbps | SE = 0.01876 bit/s/Hz
7323[UE 1 | RB 1] Throughput = 1.43766 Mbps | SE = 0.03767 bit/s/Hz
7433[UE 1 | RB 1] Throughput = 0.76397 Mbps | SE = 0.02002 bit/s/Hz
7533[UE 1 | RB 1] Throughput = 1.43646 Mbps | SE = 0.03764 bit/s/Hz
7643[UE 1 | RB 1] Throughput = 0.87183 Mbps | SE = 0.02285 bit/s/Hz
7753[UE 1 | RB 1] Throughput = 1.20006 Mbps | SE = 0.03145 bit/s/Hz
7853[UE 1 | RB 1] Throughput = 0.83832 Mbps | SE = 0.02197 bit/s/Hz
7953[UE 1 | RB 1] Throughput = 1.31472 Mbps | SE = 0.03445 bit/s/Hz
8063[UE 1 | RB 1] Throughput = 1.30914 Mbps | SE = 0.03431 bit/s/Hz
8173[UE 1 | RB 1] Throughput = 0.65490 Mbps | SE = 0.01716 bit/s/Hz
8283[UE 1 | RB 1] Throughput = 1.30679 Mbps | SE = 0.03424 bit/s/Hz
8393[UE 1 | RB 1] Throughput = 0.76249 Mbps | SE = 0.01998 bit/s/Hz
8502[UE 1 | RB 1] Throughput = 1.30989 Mbps | SE = 0.03433 bit/s/Hz
8603[UE 1 | RB 1] Throughput = 1.07398 Mbps | SE = 0.02814 bit/s/Hz
8712[UE 1 | RB 1] Throughput = 1.09430 Mbps | SE = 0.02868 bit/s/Hz
8812[UE 1 | RB 1] Throughput = 1.07819 Mbps | SE = 0.02825 bit/s/Hz
8923[UE 1 | RB 1] Throughput = 0.97845 Mbps | SE = 0.02564 bit/s/Hz
9023[UE 1 | RB 1] Throughput = 0.71809 Mbps | SE = 0.01882 bit/s/Hz
9132[UE 1 | RB 1] Throughput = 1.42137 Mbps | SE = 0.03725 bit/s/Hz
9233[UE 1 | RB 1] Throughput = 1.07651 Mbps | SE = 0.02821 bit/s/Hz
9343[UE 1 | RB 1] Throughput = 0.76112 Mbps | SE = 0.01995 bit/s/Hz
9443[UE 1 | RB 1] Throughput = 1.31707 Mbps | SE = 0.03451 bit/s/Hz
9553[UE 1 | RB 1] Throughput = 1.30894 Mbps | SE = 0.03430 bit/s/Hz
9653[UE 1 | RB 1] Throughput = 0.95844 Mbps | SE = 0.02512 bit/s/Hz
9763[UE 1 | RB 1] Throughput = 0.65429 Mbps | SE = 0.01715 bit/s/Hz
9873[UE 1 | RB 1] Throughput = 1.30846 Mbps | SE = 0.03429 bit/s/Hz
9973[UE 1 | RB 1] Throughput = 0.95830 Mbps | SE = 0.02511 bit/s/Hz
10073[UE 1 | RB 1] Throughput = 1.43710 Mbps | SE = 0.03766 bit/s/Hz
10183[UE 1 | RB 1] Throughput = 0.76292 Mbps | SE = 0.01999 bit/s/Hz
10283[UE 1 | RB 1] Throughput = 1.31746 Mbps | SE = 0.03452 bit/s/Hz
10393[UE 1 | RB 1] Throughput = 1.20071 Mbps | SE = 0.03147 bit/s/Hz
10493[UE 1 | RB 1] Throughput = 0.83762 Mbps | SE = 0.02195 bit/s/Hz
10603[UE 1 | RB 1] Throughput = 1.30331 Mbps | SE = 0.03415 bit/s/Hz
10713[UE 1 | RB 1] Throughput = 0.65625 Mbps | SE = 0.01720 bit/s/Hz
10813[UE 1 | RB 1] Throughput = 1.43710 Mbps | SE = 0.03766 bit/s/Hz
10923[UE 1 | RB 1] Throughput = 0.65330 Mbps | SE = 0.01712 bit/s/Hz
11023[UE 1 | RB 1] Throughput = 1.42987 Mbps | SE = 0.03747 bit/s/Hz
11133[UE 1 | RB 1] Throughput = 1.31256 Mbps | SE = 0.03440 bit/s/Hz
11243[UE 1 | RB 1] Throughput = 0.65393 Mbps | SE = 0.01714 bit/s/Hz
11353[UE 1 | RB 1] Throughput = 1.30764 Mbps | SE = 0.03427 bit/s/Hz
11463[UE 1 | RB 1] Throughput = 0.65352 Mbps | SE = 0.01713 bit/s/Hz
11573[UE 1 | RB 1] Throughput = 1.52758 Mbps | SE = 0.04003 bit/s/Hz
11683[UE 1 | RB 1] Throughput = 0.65279 Mbps | SE = 0.01711 bit/s/Hz
11793[UE 1 | RB 1] Throughput = 1.30849 Mbps | SE = 0.03429 bit/s/Hz
11903[UE 1 | RB 1] Throughput = 1.30554 Mbps | SE = 0.03421 bit/s/Hz
12013[UE 1 | RB 1] Throughput = 0.65579 Mbps | SE = 0.01719 bit/s/Hz
12113[UE 1 | RB 1] Throughput = 1.43510 Mbps | SE = 0.03761 bit/s/Hz
12223[UE 1 | RB 1] Throughput = 0.76413 Mbps | SE = 0.02002 bit/s/Hz
12333[UE 1 | RB 1] Throughput = 1.19750 Mbps | SE = 0.03138 bit/s/Hz
12433[UE 1 | RB 1] Throughput = 1.07678 Mbps | SE = 0.02822 bit/s/Hz
12533[UE 1 | RB 1] Throughput = 1.07831 Mbps | SE = 0.02826 bit/s/Hz
12633[UE 1 | RB 1] Throughput = 1.19759 Mbps | SE = 0.03138 bit/s/Hz
12743[UE 1 | RB 1] Throughput = 0.98094 Mbps | SE = 0.02571 bit/s/Hz
12853[UE 1 | RB 1] Throughput = 0.98060 Mbps | SE = 0.02570 bit/s/Hz
12953[UE 1 | RB 1] Throughput = 1.19749 Mbps | SE = 0.03138 bit/s/Hz
13063[UE 1 | RB 1] Throughput = 0.98004 Mbps | SE = 0.02568 bit/s/Hz
13163[UE 1 | RB 1] Throughput = 1.19259 Mbps | SE = 0.03125 bit/s/Hz
13273[UE 1 | RB 1] Throughput = 1.20725 Mbps | SE = 0.03164 bit/s/Hz
13373[UE 1 | RB 1] Throughput = 1.07847 Mbps | SE = 0.02826 bit/s/Hz
13473[UE 1 | RB 1] Throughput = 0.71713 Mbps | SE = 0.01879 bit/s/Hz
13583[UE 1 | RB 1] Throughput = 1.20047 Mbps | SE = 0.03146 bit/s/Hz
13683[UE 1 | RB 1] Throughput = 0.83767 Mbps | SE = 0.02195 bit/s/Hz
13792[UE 1 | RB 1] Throughput = 1.31178 Mbps | SE = 0.03438 bit/s/Hz
13893[UE 1 | RB 1] Throughput = 1.07511 Mbps | SE = 0.02817 bit/s/Hz
13993[UE 1 | RB 1] Throughput = 0.95469 Mbps | SE = 0.02502 bit/s/Hz
14103[UE 1 | RB 1] Throughput = 1.20361 Mbps | SE = 0.03154 bit/s/Hz
14203[UE 1 | RB 1] Throughput = 1.07797 Mbps | SE = 0.02825 bit/s/Hz
14312[UE 1 | RB 1] Throughput = 1.09250 Mbps | SE = 0.02863 bit/s/Hz
14422[UE 1 | RB 1] Throughput = 1.09032 Mbps | SE = 0.02857 bit/s/Hz
14523[UE 1 | RB 1] Throughput = 1.19664 Mbps | SE = 0.03136 bit/s/Hz
14623[UE 1 | RB 1] Throughput = 0.83810 Mbps | SE = 0.02196 bit/s/Hz
14733[UE 1 | RB 1] Throughput = 1.19638 Mbps | SE = 0.03135 bit/s/Hz
14843[UE 1 | RB 1] Throughput = 1.09086 Mbps | SE = 0.02859 bit/s/Hz
14953[UE 1 | RB 1] Throughput = 0.87163 Mbps | SE = 0.02284 bit/s/Hz
15063[UE 1 | RB 1] Throughput = 1.08953 Mbps | SE = 0.02855 bit/s/Hz
15173[UE 1 | RB 1] Throughput = 0.98137 Mbps | SE = 0.02572 bit/s/Hz
15273[UE 1 | RB 1] Throughput = 1.31716 Mbps | SE = 0.03452 bit/s/Hz
15373[UE 1 | RB 1] Throughput = 0.83853 Mbps | SE = 0.02197 bit/s/Hz
15482[UE 1 | RB 1] Throughput = 1.09178 Mbps | SE = 0.02861 bit/s/Hz
15583[UE 1 | RB 1] Throughput = 0.95554 Mbps | SE = 0.02504 bit/s/Hz
15683[UE 1 | RB 1] Throughput = 1.19704 Mbps | SE = 0.03137 bit/s/Hz
15793[UE 1 | RB 1] Throughput = 1.19987 Mbps | SE = 0.03144 bit/s/Hz
15893[UE 1 | RB 1] Throughput = 0.71881 Mbps | SE = 0.01884 bit/s/Hz
16003[UE 1 | RB 1] Throughput = 1.30694 Mbps | SE = 0.03425 bit/s/Hz
16113[UE 1 | RB 1] Throughput = 1.19926 Mbps | SE = 0.03143 bit/s/Hz
16222[UE 1 | RB 1] Throughput = 0.65519 Mbps | SE = 0.01717 bit/s/Hz
16323[UE 1 | RB 1] Throughput = 1.55580 Mbps | SE = 0.04077 bit/s/Hz
16423[UE 1 | RB 1] Throughput = 0.71701 Mbps | SE = 0.01879 bit/s/Hz
16533[UE 1 | RB 1] Throughput = 1.19864 Mbps | SE = 0.03141 bit/s/Hz
16633[UE 1 | RB 1] Throughput = 1.07830 Mbps | SE = 0.02826 bit/s/Hz
16743[UE 1 | RB 1] Throughput = 0.98270 Mbps | SE = 0.02575 bit/s/Hz
16844[UE 1 | RB 1] Throughput = 1.18211 Mbps | SE = 0.03098 bit/s/Hz
16953[UE 1 | RB 1] Throughput = 0.99121 Mbps | SE = 0.02598 bit/s/Hz
17053[UE 1 | RB 1] Throughput = 1.31522 Mbps | SE = 0.03447 bit/s/Hz
17163[UE 1 | RB 1] Throughput = 0.76564 Mbps | SE = 0.02006 bit/s/Hz
17263[UE 1 | RB 1] Throughput = 1.43664 Mbps | SE = 0.03765 bit/s/Hz
17363[UE 1 | RB 1] Throughput = 0.83714 Mbps | SE = 0.02194 bit/s/Hz
17473[UE 1 | RB 1] Throughput = 0.98030 Mbps | SE = 0.02569 bit/s/Hz
17583[UE 1 | RB 1] Throughput = 1.31133 Mbps | SE = 0.03436 bit/s/Hz
17683[UE 1 | RB 1] Throughput = 0.71687 Mbps | SE = 0.01879 bit/s/Hz
17783[UE 1 | RB 1] Throughput = 1.43725 Mbps | SE = 0.03766 bit/s/Hz
17883[UE 1 | RB 1] Throughput = 0.71874 Mbps | SE = 0.01883 bit/s/Hz
17993[UE 1 | RB 1] Throughput = 1.30877 Mbps | SE = 0.03430 bit/s/Hz
18093[UE 1 | RB 1] Throughput = 0.83870 Mbps | SE = 0.02198 bit/s/Hz
18203[UE 1 | RB 1] Throughput = 1.19815 Mbps | SE = 0.03140 bit/s/Hz
18313[UE 1 | RB 1] Throughput = 1.30754 Mbps | SE = 0.03426 bit/s/Hz
18423[UE 1 | RB 1] Throughput = 0.54605 Mbps | SE = 0.01431 bit/s/Hz
18523[UE 1 | RB 1] Throughput = 1.43620 Mbps | SE = 0.03764 bit/s/Hz
18633[UE 1 | RB 1] Throughput = 1.19901 Mbps | SE = 0.03142 bit/s/Hz
18743[UE 1 | RB 1] Throughput = 0.87125 Mbps | SE = 0.02283 bit/s/Hz
18853[UE 1 | RB 1] Throughput = 1.19651 Mbps | SE = 0.03136 bit/s/Hz
18963[UE 1 | RB 1] Throughput = 0.76462 Mbps | SE = 0.02004 bit/s/Hz
19063[UE 1 | RB 1] Throughput = 1.43508 Mbps | SE = 0.03761 bit/s/Hz
19163[UE 1 | RB 1] Throughput = 0.71863 Mbps | SE = 0.01883 bit/s/Hz
19273[UE 1 | RB 1] Throughput = 1.30880 Mbps | SE = 0.03430 bit/s/Hz
19383[UE 1 | RB 1] Throughput = 1.19910 Mbps | SE = 0.03142 bit/s/Hz
19493[UE 1 | RB 1] Throughput = 0.76359 Mbps | SE = 0.02001 bit/s/Hz
19593[UE 1 | RB 1] Throughput = 1.43732 Mbps | SE = 0.03767 bit/s/Hz
19693[UE 1 | RB 1] Throughput = 0.71849 Mbps | SE = 0.01883 bit/s/Hz
19803[UE 1 | RB 1] Throughput = 0.76283 Mbps | SE = 0.01999 bit/s/Hz
19913[UE 1 | RB 1] Throughput = 1.30650 Mbps | SE = 0.03424 bit/s/Hz
20013[UE 1 | RB 1] Throughput = 1.43736 Mbps | SE = 0.03767 bit/s/Hz
20123[UE 1 | RB 1] Throughput = 0.65364 Mbps | SE = 0.01713 bit/s/Hz
20223[UE 1 | RB 1] Throughput = 1.43608 Mbps | SE = 0.03763 bit/s/Hz
20333[UE 1 | RB 1] Throughput = 1.09235 Mbps | SE = 0.02863 bit/s/Hz
20433[UE 1 | RB 1] Throughput = 1.07619 Mbps | SE = 0.02820 bit/s/Hz
20543[UE 1 | RB 1] Throughput = 0.65554 Mbps | SE = 0.01718 bit/s/Hz
20643[UE 1 | RB 1] Throughput = 1.43405 Mbps | SE = 0.03758 bit/s/Hz
20753[UE 1 | RB 1] Throughput = 1.19715 Mbps | SE = 0.03137 bit/s/Hz
20863[UE 1 | RB 1] Throughput = 0.87457 Mbps | SE = 0.02292 bit/s/Hz
20972[UE 1 | RB 1] Throughput = 0.65474 Mbps | SE = 0.01716 bit/s/Hz
21073[UE 1 | RB 1] Throughput = 1.55368 Mbps | SE = 0.04071 bit/s/Hz
21183[UE 1 | RB 1] Throughput = 1.30851 Mbps | SE = 0.03429 bit/s/Hz
21293[UE 1 | RB 1] Throughput = 0.65252 Mbps | SE = 0.01710 bit/s/Hz
21403[UE 1 | RB 1] Throughput = 1.19867 Mbps | SE = 0.03141 bit/s/Hz
21513[UE 1 | RB 1] Throughput = 1.30702 Mbps | SE = 0.03425 bit/s/Hz
21623[UE 1 | RB 1] Throughput = 0.65418 Mbps | SE = 0.01714 bit/s/Hz
21733[UE 1 | RB 1] Throughput = 1.19770 Mbps | SE = 0.03139 bit/s/Hz
21843[UE 1 | RB 1] Throughput = 1.30737 Mbps | SE = 0.03426 bit/s/Hz
21953[UE 1 | RB 1] Throughput = 0.76251 Mbps | SE = 0.01998 bit/s/Hz
22053[UE 1 | RB 1] Throughput = 1.43624 Mbps | SE = 0.03764 bit/s/Hz
22163[UE 1 | RB 1] Throughput = 0.65468 Mbps | SE = 0.01716 bit/s/Hz
22273[UE 1 | RB 1] Throughput = 1.09012 Mbps | SE = 0.02857 bit/s/Hz
22383[UE 1 | RB 1] Throughput = 1.30940 Mbps | SE = 0.03431 bit/s/Hz
22483[UE 1 | RB 1] Throughput = 0.71874 Mbps | SE = 0.01883 bit/s/Hz
22593[UE 1 | RB 1] Throughput = 1.30476 Mbps | SE = 0.03419 bit/s/Hz
22693[UE 1 | RB 1] Throughput = 1.31692 Mbps | SE = 0.03451 bit/s/Hz
22802[UE 1 | RB 1] Throughput = 0.65625 Mbps | SE = 0.01720 bit/s/Hz
22903[UE 1 | RB 1] Throughput = 0.95772 Mbps | SE = 0.02510 bit/s/Hz
23003[UE 1 | RB 1] Throughput = 1.55113 Mbps | SE = 0.04065 bit/s/Hz
23113[UE 1 | RB 1] Throughput = 0.76273 Mbps | SE = 0.01999 bit/s/Hz
23223[UE 1 | RB 1] Throughput = 1.31118 Mbps | SE = 0.03436 bit/s/Hz
23323[UE 1 | RB 1] Throughput = 0.71805 Mbps | SE = 0.01882 bit/s/Hz
23423[UE 1 | RB 1] Throughput = 1.31569 Mbps | SE = 0.03448 bit/s/Hz
23533[UE 1 | RB 1] Throughput = 0.65544 Mbps | SE = 0.01718 bit/s/Hz
23633[UE 1 | RB 1] Throughput = 1.55709 Mbps | SE = 0.04080 bit/s/Hz
23733[UE 1 | RB 1] Throughput = 1.07719 Mbps | SE = 0.02823 bit/s/Hz
23843[UE 1 | RB 1] Throughput = 1.09015 Mbps | SE = 0.02857 bit/s/Hz
23953[UE 1 | RB 1] Throughput = 1.09013 Mbps | SE = 0.02857 bit/s/Hz
24063[UE 1 | RB 1] Throughput = 0.98133 Mbps | SE = 0.02572 bit/s/Hz
24163[UE 1 | RB 1] Throughput = 0.95594 Mbps | SE = 0.02505 bit/s/Hz
24273[UE 1 | RB 1] Throughput = 1.30411 Mbps | SE = 0.03417 bit/s/Hz
24383[UE 1 | RB 1] Throughput = 0.87542 Mbps | SE = 0.02294 bit/s/Hz
24483[UE 1 | RB 1] Throughput = 1.43447 Mbps | SE = 0.03759 bit/s/Hz
24593[UE 1 | RB 1] Throughput = 0.76445 Mbps | SE = 0.02003 bit/s/Hz
24693[UE 1 | RB 1] Throughput = 1.43799 Mbps | SE = 0.03768 bit/s/Hz
24803[UE 1 | RB 1] Throughput = 0.65460 Mbps | SE = 0.01715 bit/s/Hz
24903[UE 1 | RB 1] Throughput = 0.95440 Mbps | SE = 0.02501 bit/s/Hz
25013[UE 1 | RB 1] Throughput = 1.31347 Mbps | SE = 0.03442 bit/s/Hz
25113[UE 1 | RB 1] Throughput = 1.31540 Mbps | SE = 0.03447 bit/s/Hz
25223[UE 1 | RB 1] Throughput = 0.65455 Mbps | SE = 0.01715 bit/s/Hz
25333[UE 1 | RB 1] Throughput = 1.52543 Mbps | SE = 0.03997 bit/s/Hz
25433[UE 1 | RB 1] Throughput = 0.71744 Mbps | SE = 0.01880 bit/s/Hz
25543[UE 1 | RB 1] Throughput = 0.76135 Mbps | SE = 0.01995 bit/s/Hz
25653[UE 1 | RB 1] Throughput = 1.52852 Mbps | SE = 0.04006 bit/s/Hz
25753[UE 1 | RB 1] Throughput = 0.71803 Mbps | SE = 0.01882 bit/s/Hz
25863[UE 1 | RB 1] Throughput = 1.30814 Mbps | SE = 0.03428 bit/s/Hz
25963[UE 1 | RB 1] Throughput = 0.83807 Mbps | SE = 0.02196 bit/s/Hz
26073[UE 1 | RB 1] Throughput = 1.09008 Mbps | SE = 0.02857 bit/s/Hz
26183[UE 1 | RB 1] Throughput = 1.30615 Mbps | SE = 0.03423 bit/s/Hz
26293[UE 1 | RB 1] Throughput = 0.65423 Mbps | SE = 0.01714 bit/s/Hz
26393[UE 1 | RB 1] Throughput = 1.31741 Mbps | SE = 0.03452 bit/s/Hz
26493[UE 1 | RB 1] Throughput = 1.43713 Mbps | SE = 0.03766 bit/s/Hz
26603[UE 1 | RB 1] Throughput = 0.87215 Mbps | SE = 0.02286 bit/s/Hz
26713[UE 1 | RB 1] Throughput = 1.30679 Mbps | SE = 0.03424 bit/s/Hz
26813[UE 1 | RB 1] Throughput = 0.59865 Mbps | SE = 0.01569 bit/s/Hz
26923[UE 1 | RB 1] Throughput = 1.30825 Mbps | SE = 0.03428 bit/s/Hz
27033[UE 1 | RB 1] Throughput = 0.87189 Mbps | SE = 0.02285 bit/s/Hz
27143[UE 1 | RB 1] Throughput = 1.41656 Mbps | SE = 0.03712 bit/s/Hz
27243[UE 1 | RB 1] Throughput = 0.71841 Mbps | SE = 0.01883 bit/s/Hz
27353[UE 1 | RB 1] Throughput = 1.30669 Mbps | SE = 0.03424 bit/s/Hz
27463[UE 1 | RB 1] Throughput = 0.76411 Mbps | SE = 0.02002 bit/s/Hz
27563[UE 1 | RB 1] Throughput = 1.43478 Mbps | SE = 0.03760 bit/s/Hz
27663[UE 1 | RB 1] Throughput = 0.71903 Mbps | SE = 0.01884 bit/s/Hz
27763[UE 1 | RB 1] Throughput = 1.43776 Mbps | SE = 0.03768 bit/s/Hz
27873[UE 1 | RB 1] Throughput = 1.09384 Mbps | SE = 0.02866 bit/s/Hz
27973[UE 1 | RB 1] Throughput = 0.83865 Mbps | SE = 0.02198 bit/s/Hz
28083[UE 1 | RB 1] Throughput = 0.65296 Mbps | SE = 0.01711 bit/s/Hz
28193[UE 1 | RB 1] Throughput = 1.41813 Mbps | SE = 0.03716 bit/s/Hz
28293[UE 1 | RB 1] Throughput = 1.07717 Mbps | SE = 0.02823 bit/s/Hz
28393[UE 1 | RB 1] Throughput = 1.43805 Mbps | SE = 0.03768 bit/s/Hz
28503[UE 1 | RB 1] Throughput = 0.65267 Mbps | SE = 0.01710 bit/s/Hz
28603[UE 1 | RB 1] Throughput = 1.43749 Mbps | SE = 0.03767 bit/s/Hz
28703[UE 1 | RB 1] Throughput = 0.71892 Mbps | SE = 0.01884 bit/s/Hz
28813[UE 1 | RB 1] Throughput = 1.30788 Mbps | SE = 0.03427 bit/s/Hz
28923[UE 1 | RB 1] Throughput = 0.87285 Mbps | SE = 0.02287 bit/s/Hz
29023[UE 1 | RB 1] Throughput = 1.43706 Mbps | SE = 0.03766 bit/s/Hz
29133[UE 1 | RB 1] Throughput = 0.87166 Mbps | SE = 0.02284 bit/s/Hz
29243[UE 1 | RB 1] Throughput = 0.98167 Mbps | SE = 0.02573 bit/s/Hz
29353[UE 1 | RB 1] Throughput = 1.30623 Mbps | SE = 0.03423 bit/s/Hz
29463[UE 1 | RB 1] Throughput = 0.65402 Mbps | SE = 0.01714 bit/s/Hz
29573[UE 1 | RB 1] Throughput = 1.30899 Mbps | SE = 0.03430 bit/s/Hz
29673[UE 1 | RB 1] Throughput = 0.71872 Mbps | SE = 0.01883 bit/s/Hz
29783[UE 1 | RB 1] Throughput = 1.30613 Mbps | SE = 0.03423 bit/s/Hz
29893[UE 1 | RB 1] Throughput = 1.19994 Mbps | SE = 0.03144 bit/s/Hz
29993[UE 1 | RB 1] Throughput = 0.71895 Mbps | SE = 0.01884 bit/s/Hz
30093[UE 1 | RB 1] Throughput = 0.95731 Mbps | SE = 0.02509 bit/s/Hz
30203[UE 1 | RB 1] Throughput = 1.30993 Mbps | SE = 0.03433 bit/s/Hz
30303[UE 1 | RB 1] Throughput = 1.43352 Mbps | SE = 0.03757 bit/s/Hz
30403[UE 1 | RB 1] Throughput = 0.71835 Mbps | SE = 0.01882 bit/s/Hz
30513[UE 1 | RB 1] Throughput = 1.30957 Mbps | SE = 0.03432 bit/s/Hz
30613[UE 1 | RB 1] Throughput = 0.71403 Mbps | SE = 0.01871 bit/s/Hz
30723[UE 1 | RB 1] Throughput = 1.09552 Mbps | SE = 0.02871 bit/s/Hz
30833[UE 1 | RB 1] Throughput = 1.19647 Mbps | SE = 0.03135 bit/s/Hz
30943[UE 1 | RB 1] Throughput = 1.09060 Mbps | SE = 0.02858 bit/s/Hz
31043[UE 1 | RB 1] Throughput = 1.07771 Mbps | SE = 0.02824 bit/s/Hz
31153[UE 1 | RB 1] Throughput = 0.98185 Mbps | SE = 0.02573 bit/s/Hz
31253[UE 1 | RB 1] Throughput = 1.19735 Mbps | SE = 0.03138 bit/s/Hz
31353[UE 1 | RB 1] Throughput = 1.19780 Mbps | SE = 0.03139 bit/s/Hz
31463[UE 1 | RB 1] Throughput = 0.65436 Mbps | SE = 0.01715 bit/s/Hz
31563[UE 1 | RB 1] Throughput = 1.31808 Mbps | SE = 0.03454 bit/s/Hz
31663[UE 1 | RB 1] Throughput = 0.71820 Mbps | SE = 0.01882 bit/s/Hz
31773[UE 1 | RB 1] Throughput = 1.31032 Mbps | SE = 0.03434 bit/s/Hz
31873[UE 1 | RB 1] Throughput = 1.31585 Mbps | SE = 0.03448 bit/s/Hz
31973[UE 1 | RB 1] Throughput = 0.95603 Mbps | SE = 0.02505 bit/s/Hz
32083[UE 1 | RB 1] Throughput = 1.20474 Mbps | SE = 0.03157 bit/s/Hz
32193[UE 1 | RB 1] Throughput = 1.08902 Mbps | SE = 0.02854 bit/s/Hz
32293[UE 1 | RB 1] Throughput = 1.07830 Mbps | SE = 0.02826 bit/s/Hz
32393[UE 1 | RB 1] Throughput = 0.71865 Mbps | SE = 0.01883 bit/s/Hz
32503[UE 1 | RB 1] Throughput = 1.19899 Mbps | SE = 0.03142 bit/s/Hz
32603[UE 1 | RB 1] Throughput = 1.19582 Mbps | SE = 0.03134 bit/s/Hz
32713[UE 1 | RB 1] Throughput = 0.65518 Mbps | SE = 0.01717 bit/s/Hz
32813[UE 1 | RB 1] Throughput = 1.43454 Mbps | SE = 0.03759 bit/s/Hz
32913[UE 1 | RB 1] Throughput = 0.71792 Mbps | SE = 0.01881 bit/s/Hz
33023[UE 1 | RB 1] Throughput = 1.31257 Mbps | SE = 0.03440 bit/s/Hz
33123[UE 1 | RB 1] Throughput = 1.19234 Mbps | SE = 0.03125 bit/s/Hz
33233[UE 1 | RB 1] Throughput = 0.76362 Mbps | SE = 0.02001 bit/s/Hz
33333[UE 1 | RB 1] Throughput = 1.55472 Mbps | SE = 0.04074 bit/s/Hz
33443[UE 1 | RB 1] Throughput = 0.76546 Mbps | SE = 0.02006 bit/s/Hz
33543[UE 1 | RB 1] Throughput = 1.19496 Mbps | SE = 0.03131 bit/s/Hz
33643[UE 1 | RB 1] Throughput = 1.07838 Mbps | SE = 0.02826 bit/s/Hz
33753[UE 1 | RB 1] Throughput = 1.09024 Mbps | SE = 0.02857 bit/s/Hz
33863[UE 1 | RB 1] Throughput = 1.19873 Mbps | SE = 0.03141 bit/s/Hz
33963[UE 1 | RB 1] Throughput = 1.07839 Mbps | SE = 0.02826 bit/s/Hz
34063[UE 1 | RB 1] Throughput = 1.07816 Mbps | SE = 0.02825 bit/s/Hz
34163[UE 1 | RB 1] Throughput = 0.95628 Mbps | SE = 0.02506 bit/s/Hz
34273[UE 1 | RB 1] Throughput = 1.20242 Mbps | SE = 0.03151 bit/s/Hz
34373[UE 1 | RB 1] Throughput = 0.71600 Mbps | SE = 0.01876 bit/s/Hz
34483[UE 1 | RB 1] Throughput = 1.09328 Mbps | SE = 0.02865 bit/s/Hz
34583[UE 1 | RB 1] Throughput = 1.31282 Mbps | SE = 0.03440 bit/s/Hz
34693[UE 1 | RB 1] Throughput = 0.76495 Mbps | SE = 0.02005 bit/s/Hz
34803[UE 1 | RB 1] Throughput = 1.20105 Mbps | SE = 0.03147 bit/s/Hz
34913[UE 1 | RB 1] Throughput = 1.19721 Mbps | SE = 0.03137 bit/s/Hz
35023[UE 1 | RB 1] Throughput = 0.76031 Mbps | SE = 0.01992 bit/s/Hz
35133[UE 1 | RB 1] Throughput = 1.20104 Mbps | SE = 0.03147 bit/s/Hz
35233[UE 1 | RB 1] Throughput = 1.19791 Mbps | SE = 0.03139 bit/s/Hz
35343[UE 1 | RB 1] Throughput = 0.65357 Mbps | SE = 0.01713 bit/s/Hz
35453[UE 1 | RB 1] Throughput = 1.41870 Mbps | SE = 0.03718 bit/s/Hz
35553[UE 1 | RB 1] Throughput = 1.31495 Mbps | SE = 0.03446 bit/s/Hz
35663[UE 1 | RB 1] Throughput = 0.76251 Mbps | SE = 0.01998 bit/s/Hz
35773[UE 1 | RB 1] Throughput = 1.09053 Mbps | SE = 0.02858 bit/s/Hz
35883[UE 1 | RB 1] Throughput = 1.30681 Mbps | SE = 0.03425 bit/s/Hz
35983[UE 1 | RB 1] Throughput = 0.71856 Mbps | SE = 0.01883 bit/s/Hz
36083[UE 1 | RB 1] Throughput = 0.83865 Mbps | SE = 0.02198 bit/s/Hz
36193[UE 1 | RB 1] Throughput = 1.20124 Mbps | SE = 0.03148 bit/s/Hz
36293[UE 1 | RB 1] Throughput = 1.43524 Mbps | SE = 0.03761 bit/s/Hz
36393[UE 1 | RB 1] Throughput = 0.95824 Mbps | SE = 0.02511 bit/s/Hz
36503[UE 1 | RB 1] Throughput = 1.09138 Mbps | SE = 0.02860 bit/s/Hz
36603[UE 1 | RB 1] Throughput = 1.19390 Mbps | SE = 0.03129 bit/s/Hz
36713[UE 1 | RB 1] Throughput = 0.98335 Mbps | SE = 0.02577 bit/s/Hz
36823[UE 1 | RB 1] Throughput = 0.65253 Mbps | SE = 0.01710 bit/s/Hz
36933[UE 1 | RB 1] Throughput = 1.63780 Mbps | SE = 0.04292 bit/s/Hz
37043[UE 1 | RB 1] Throughput = 0.65515 Mbps | SE = 0.01717 bit/s/Hz
37143[UE 1 | RB 1] Throughput = 1.07624 Mbps | SE = 0.02820 bit/s/Hz
37253[UE 1 | RB 1] Throughput = 1.41740 Mbps | SE = 0.03714 bit/s/Hz
37363[UE 1 | RB 1] Throughput = 0.76385 Mbps | SE = 0.02002 bit/s/Hz
37463[UE 1 | RB 1] Throughput = 1.43643 Mbps | SE = 0.03764 bit/s/Hz
37563[UE 1 | RB 1] Throughput = 0.83660 Mbps | SE = 0.02192 bit/s/Hz
37663[UE 1 | RB 1] Throughput = 0.71815 Mbps | SE = 0.01882 bit/s/Hz
37773[UE 1 | RB 1] Throughput = 1.41879 Mbps | SE = 0.03718 bit/s/Hz
37883[UE 1 | RB 1] Throughput = 0.87389 Mbps | SE = 0.02290 bit/s/Hz
37983[UE 1 | RB 1] Throughput = 1.43597 Mbps | SE = 0.03763 bit/s/Hz
38084[UE 1 | RB 1] Throughput = 0.83364 Mbps | SE = 0.02185 bit/s/Hz
38193[UE 1 | RB 1] Throughput = 1.31444 Mbps | SE = 0.03445 bit/s/Hz
38293[UE 1 | RB 1] Throughput = 0.71771 Mbps | SE = 0.01881 bit/s/Hz
38403[UE 1 | RB 1] Throughput = 1.30852 Mbps | SE = 0.03429 bit/s/Hz
38503[UE 1 | RB 1] Throughput = 0.71902 Mbps | SE = 0.01884 bit/s/Hz
38603[UE 1 | RB 1] Throughput = 1.31734 Mbps | SE = 0.03452 bit/s/Hz
38704[UE 1 | RB 1] Throughput = 1.31214 Mbps | SE = 0.03439 bit/s/Hz
38813[UE 1 | RB 1] Throughput = 0.87629 Mbps | SE = 0.02296 bit/s/Hz
38913[UE 1 | RB 1] Throughput = 1.19495 Mbps | SE = 0.03131 bit/s/Hz
39023[UE 1 | RB 1] Throughput = 0.65531 Mbps | SE = 0.01717 bit/s/Hz
39133[UE 1 | RB 1] Throughput = 1.30689 Mbps | SE = 0.03425 bit/s/Hz
39243[UE 1 | RB 1] Throughput = 1.30188 Mbps | SE = 0.03412 bit/s/Hz
39353[UE 1 | RB 1] Throughput = 0.54672 Mbps | SE = 0.01433 bit/s/Hz
39463[UE 1 | RB 1] Throughput = 1.41728 Mbps | SE = 0.03714 bit/s/Hz
39563[UE 1 | RB 1] Throughput = 0.95675 Mbps | SE = 0.02507 bit/s/Hz
39673[UE 1 | RB 1] Throughput = 1.19719 Mbps | SE = 0.03137 bit/s/Hz
39783[UE 1 | RB 1] Throughput = 0.98385 Mbps | SE = 0.02578 bit/s/Hz
39883[UE 1 | RB 1] Throughput = 1.19534 Mbps | SE = 0.03132 bit/s/Hz
39993[UE 1 | RB 1] Throughput = 0.98299 Mbps | SE = 0.02576 bit/s/Hz
40093[UE 1 | RB 1] Throughput = 0.71692 Mbps | SE = 0.01879 bit/s/Hz
40203[UE 1 | RB 1] Throughput = 1.19906 Mbps | SE = 0.03142 bit/s/Hz
40303[UE 1 | RB 1] Throughput = 1.31606 Mbps | SE = 0.03449 bit/s/Hz
40413[UE 1 | RB 1] Throughput = 0.65531 Mbps | SE = 0.01717 bit/s/Hz
40513[UE 1 | RB 1] Throughput = 1.67709 Mbps | SE = 0.04395 bit/s/Hz
40623[UE 1 | RB 1] Throughput = 0.65403 Mbps | SE = 0.01714 bit/s/Hz
40733[UE 1 | RB 1] Throughput = 1.41624 Mbps | SE = 0.03711 bit/s/Hz
40845[UE 1 | RB 1] Throughput = 0.85791 Mbps | SE = 0.02248 bit/s/Hz
40953[UE 1 | RB 1] Throughput = 1.21748 Mbps | SE = 0.03190 bit/s/Hz
41053[UE 1 | RB 1] Throughput = 0.71803 Mbps | SE = 0.01882 bit/s/Hz
41163[UE 1 | RB 1] Throughput = 1.30987 Mbps | SE = 0.03433 bit/s/Hz
41273[UE 1 | RB 1] Throughput = 0.76357 Mbps | SE = 0.02001 bit/s/Hz
41373[UE 1 | RB 1] Throughput = 1.43244 Mbps | SE = 0.03754 bit/s/Hz
41483[UE 1 | RB 1] Throughput = 1.30890 Mbps | SE = 0.03430 bit/s/Hz
41583[UE 1 | RB 1] Throughput = 0.71735 Mbps | SE = 0.01880 bit/s/Hz
41693[UE 1 | RB 1] Throughput = 0.65653 Mbps | SE = 0.01720 bit/s/Hz
41793[UE 1 | RB 1] Throughput = 1.67453 Mbps | SE = 0.04388 bit/s/Hz
41903[UE 1 | RB 1] Throughput = 0.76235 Mbps | SE = 0.01998 bit/s/Hz
42013[UE 1 | RB 1] Throughput = 1.30575 Mbps | SE = 0.03422 bit/s/Hz
42113[UE 1 | RB 1] Throughput = 0.71876 Mbps | SE = 0.01884 bit/s/Hz
42213[UE 1 | RB 1] Throughput = 1.43710 Mbps | SE = 0.03766 bit/s/Hz
42323[UE 1 | RB 1] Throughput = 0.87462 Mbps | SE = 0.02292 bit/s/Hz
42423[UE 1 | RB 1] Throughput = 1.43442 Mbps | SE = 0.03759 bit/s/Hz
42533[UE 1 | RB 1] Throughput = 0.76548 Mbps | SE = 0.02006 bit/s/Hz
42633[UE 1 | RB 1] Throughput = 1.31504 Mbps | SE = 0.03446 bit/s/Hz
42743[UE 1 | RB 1] Throughput = 0.98087 Mbps | SE = 0.02570 bit/s/Hz
42843[UE 1 | RB 1] Throughput = 0.95861 Mbps | SE = 0.02512 bit/s/Hz
42953[UE 1 | RB 1] Throughput = 1.08661 Mbps | SE = 0.02848 bit/s/Hz
43063[UE 1 | RB 1] Throughput = 1.31060 Mbps | SE = 0.03434 bit/s/Hz
43163[UE 1 | RB 1] Throughput = 0.83865 Mbps | SE = 0.02198 bit/s/Hz
43263[UE 1 | RB 1] Throughput = 0.83762 Mbps | SE = 0.02195 bit/s/Hz
43373[UE 1 | RB 1] Throughput = 1.52729 Mbps | SE = 0.04002 bit/s/Hz
43473[UE 1 | RB 1] Throughput = 0.95713 Mbps | SE = 0.02508 bit/s/Hz
43573[UE 1 | RB 1] Throughput = 0.71900 Mbps | SE = 0.01884 bit/s/Hz
43673[UE 1 | RB 1] Throughput = 0.71880 Mbps | SE = 0.01884 bit/s/Hz
43783[UE 1 | RB 1] Throughput = 1.63568 Mbps | SE = 0.04286 bit/s/Hz
43893[UE 1 | RB 1] Throughput = 1.09057 Mbps | SE = 0.02858 bit/s/Hz
43993[UE 1 | RB 1] Throughput = 1.19358 Mbps | SE = 0.03128 bit/s/Hz
44103[UE 1 | RB 1] Throughput = 1.09198 Mbps | SE = 0.02862 bit/s/Hz
44213[UE 1 | RB 1] Throughput = 0.65361 Mbps | SE = 0.01713 bit/s/Hz
44323[UE 1 | RB 1] Throughput = 1.31151 Mbps | SE = 0.03437 bit/s/Hz
44423[UE 1 | RB 1] Throughput = 0.71776 Mbps | SE = 0.01881 bit/s/Hz
44533[UE 1 | RB 1] Throughput = 1.52586 Mbps | SE = 0.03999 bit/s/Hz
44643[UE 1 | RB 1] Throughput = 0.65228 Mbps | SE = 0.01709 bit/s/Hz
44743[UE 1 | RB 1] Throughput = 1.31642 Mbps | SE = 0.03450 bit/s/Hz
44853[UE 1 | RB 1] Throughput = 1.31328 Mbps | SE = 0.03442 bit/s/Hz
44953[UE 1 | RB 1] Throughput = 0.95814 Mbps | SE = 0.02511 bit/s/Hz
45053[UE 1 | RB 1] Throughput = 0.83789 Mbps | SE = 0.02196 bit/s/Hz
45153[UE 1 | RB 1] Throughput = 1.43262 Mbps | SE = 0.03754 bit/s/Hz
45263[UE 1 | RB 1] Throughput = 0.65399 Mbps | SE = 0.01714 bit/s/Hz
45373[UE 1 | RB 1] Throughput = 1.30789 Mbps | SE = 0.03427 bit/s/Hz
45483[UE 1 | RB 1] Throughput = 0.65446 Mbps | SE = 0.01715 bit/s/Hz
45583[UE 1 | RB 1] Throughput = 1.43667 Mbps | SE = 0.03765 bit/s/Hz
45693[UE 1 | RB 1] Throughput = 1.31299 Mbps | SE = 0.03441 bit/s/Hz
45793[UE 1 | RB 1] Throughput = 0.71709 Mbps | SE = 0.01879 bit/s/Hz
45903[UE 1 | RB 1] Throughput = 1.30927 Mbps | SE = 0.03431 bit/s/Hz
46003[UE 1 | RB 1] Throughput = 0.71562 Mbps | SE = 0.01875 bit/s/Hz
46114[UE 1 | RB 1] Throughput = 1.30443 Mbps | SE = 0.03418 bit/s/Hz
46223[UE 1 | RB 1] Throughput = 1.20140 Mbps | SE = 0.03148 bit/s/Hz
46333[UE 1 | RB 1] Throughput = 0.65557 Mbps | SE = 0.01718 bit/s/Hz
46433[UE 1 | RB 1] Throughput = 1.43214 Mbps | SE = 0.03753 bit/s/Hz
46543[UE 1 | RB 1] Throughput = 1.19967 Mbps | SE = 0.03144 bit/s/Hz
46653[UE 1 | RB 1] Throughput = 0.76429 Mbps | SE = 0.02003 bit/s/Hz
46753[UE 1 | RB 1] Throughput = 1.19786 Mbps | SE = 0.03139 bit/s/Hz
46853[UE 1 | RB 1] Throughput = 0.95781 Mbps | SE = 0.02510 bit/s/Hz
46953[UE 1 | RB 1] Throughput = 0.71886 Mbps | SE = 0.01884 bit/s/Hz
47063[UE 1 | RB 1] Throughput = 1.41919 Mbps | SE = 0.03719 bit/s/Hz
47164[UE 1 | RB 1] Throughput = 1.07195 Mbps | SE = 0.02809 bit/s/Hz
47264[UE 1 | RB 1] Throughput = 0.95851 Mbps | SE = 0.02512 bit/s/Hz
47373[UE 1 | RB 1] Throughput = 1.20523 Mbps | SE = 0.03158 bit/s/Hz
47473[UE 1 | RB 1] Throughput = 1.31567 Mbps | SE = 0.03448 bit/s/Hz
47573[UE 1 | RB 1] Throughput = 0.83836 Mbps | SE = 0.02197 bit/s/Hz
47683[UE 1 | RB 1] Throughput = 0.65263 Mbps | SE = 0.01710 bit/s/Hz
47794[UE 1 | RB 1] Throughput = 1.52483 Mbps | SE = 0.03996 bit/s/Hz
47903[UE 1 | RB 1] Throughput = 1.20344 Mbps | SE = 0.03154 bit/s/Hz
48003[UE 1 | RB 1] Throughput = 0.59810 Mbps | SE = 0.01567 bit/s/Hz
48113[UE 1 | RB 1] Throughput = 1.30708 Mbps | SE = 0.03425 bit/s/Hz
48213[UE 1 | RB 1] Throughput = 0.71852 Mbps | SE = 0.01883 bit/s/Hz
48323[UE 1 | RB 1] Throughput = 1.30752 Mbps | SE = 0.03426 bit/s/Hz
48433[UE 1 | RB 1] Throughput = 1.09098 Mbps | SE = 0.02859 bit/s/Hz
48534[UE 1 | RB 1] Throughput = 1.07396 Mbps | SE = 0.02814 bit/s/Hz
48643[UE 1 | RB 1] Throughput = 1.20394 Mbps | SE = 0.03155 bit/s/Hz
48743[UE 1 | RB 1] Throughput = 0.95760 Mbps | SE = 0.02509 bit/s/Hz
48843[UE 1 | RB 1] Throughput = 1.07819 Mbps | SE = 0.02825 bit/s/Hz
48953[UE 1 | RB 1] Throughput = 0.87125 Mbps | SE = 0.02283 bit/s/Hz
49063[UE 1 | RB 1] Throughput = 1.20070 Mbps | SE = 0.03146 bit/s/Hz
49163[UE 1 | RB 1] Throughput = 1.19528 Mbps | SE = 0.03132 bit/s/Hz
49263[UE 1 | RB 1] Throughput = 0.71847 Mbps | SE = 0.01883 bit/s/Hz
49373[UE 1 | RB 1] Throughput = 1.31197 Mbps | SE = 0.03438 bit/s/Hz
49483[UE 1 | RB 1] Throughput = 1.30619 Mbps | SE = 0.03423 bit/s/Hz
49583[UE 1 | RB 1] Throughput = 0.71841 Mbps | SE = 0.01883 bit/s/Hz
49683[UE 1 | RB 1] Throughput = 0.83717 Mbps | SE = 0.02194 bit/s/Hz
49793[UE 1 | RB 1] Throughput = 1.19795 Mbps | SE = 0.03139 bit/s/Hz
49903[UE 1 | RB 1] Throughput = 1.42176 Mbps | SE = 0.03726 bit/s/Hz
50003[UE 1 | RB 1] Throughput = 0.59817 Mbps | SE = 0.01568 bit/s/Hz
50103[UE 1 | RB 1] Throughput = 1.43518 Mbps | SE = 0.03761 bit/s/Hz
50214[UE 1 | RB 1] Throughput = 1.19488 Mbps | SE = 0.03131 bit/s/Hz
50323[UE 1 | RB 1] Throughput = 0.76559 Mbps | SE = 0.02006 bit/s/Hz
50423[UE 1 | RB 1] Throughput = 1.31778 Mbps | SE = 0.03453 bit/s/Hz
50533[UE 1 | RB 1] Throughput = 0.98151 Mbps | SE = 0.02572 bit/s/Hz
50644[UE 1 | RB 1] Throughput = 1.19198 Mbps | SE = 0.03124 bit/s/Hz
50753[UE 1 | RB 1] Throughput = 0.76607 Mbps | SE = 0.02008 bit/s/Hz
50863[UE 1 | RB 1] Throughput = 1.30552 Mbps | SE = 0.03421 bit/s/Hz
50973[UE 1 | RB 1] Throughput = 0.76521 Mbps | SE = 0.02005 bit/s/Hz
51083[UE 1 | RB 1] Throughput = 1.30650 Mbps | SE = 0.03424 bit/s/Hz
51183[UE 1 | RB 1] Throughput = 0.71878 Mbps | SE = 0.01884 bit/s/Hz
51293[UE 1 | RB 1] Throughput = 1.20019 Mbps | SE = 0.03145 bit/s/Hz
51393[UE 1 | RB 1] Throughput = 1.43786 Mbps | SE = 0.03768 bit/s/Hz
51503[UE 1 | RB 1] Throughput = 0.65297 Mbps | SE = 0.01711 bit/s/Hz
51603[UE 1 | RB 1] Throughput = 1.43467 Mbps | SE = 0.03760 bit/s/Hz
51713[UE 1 | RB 1] Throughput = 0.76374 Mbps | SE = 0.02001 bit/s/Hz
51823[UE 1 | RB 1] Throughput = 1.30843 Mbps | SE = 0.03429 bit/s/Hz
51933[UE 1 | RB 1] Throughput = 1.09171 Mbps | SE = 0.02861 bit/s/Hz
52033[UE 1 | RB 1] Throughput = 0.95845 Mbps | SE = 0.02512 bit/s/Hz
52133[UE 1 | RB 1] Throughput = 1.07710 Mbps | SE = 0.02823 bit/s/Hz
52233[UE 1 | RB 1] Throughput = 1.31658 Mbps | SE = 0.03450 bit/s/Hz
52343[UE 1 | RB 1] Throughput = 0.65536 Mbps | SE = 0.01717 bit/s/Hz
52443[UE 1 | RB 1] Throughput = 1.31198 Mbps | SE = 0.03438 bit/s/Hz
52553[UE 1 | RB 1] Throughput = 0.76397 Mbps | SE = 0.02002 bit/s/Hz
52653[UE 1 | RB 1] Throughput = 1.55501 Mbps | SE = 0.04075 bit/s/Hz
52763[UE 1 | RB 1] Throughput = 0.87176 Mbps | SE = 0.02284 bit/s/Hz
52873[UE 1 | RB 1] Throughput = 0.98209 Mbps | SE = 0.02574 bit/s/Hz
52973[UE 1 | RB 1] Throughput = 1.31752 Mbps | SE = 0.03453 bit/s/Hz
53083[UE 1 | RB 1] Throughput = 0.98327 Mbps | SE = 0.02577 bit/s/Hz
53193[UE 1 | RB 1] Throughput = 1.19875 Mbps | SE = 0.03141 bit/s/Hz
53293[UE 1 | RB 1] Throughput = 0.95663 Mbps | SE = 0.02507 bit/s/Hz
53393[UE 1 | RB 1] Throughput = 0.71752 Mbps | SE = 0.01880 bit/s/Hz
53503[UE 1 | RB 1] Throughput = 1.19928 Mbps | SE = 0.03143 bit/s/Hz
53613[UE 1 | RB 1] Throughput = 1.19888 Mbps | SE = 0.03142 bit/s/Hz
53713[UE 1 | RB 1] Throughput = 0.59877 Mbps | SE = 0.01569 bit/s/Hz
53823[UE 1 | RB 1] Throughput = 1.52683 Mbps | SE = 0.04001 bit/s/Hz
53934[UE 1 | RB 1] Throughput = 0.86724 Mbps | SE = 0.02273 bit/s/Hz
54044[UE 1 | RB 1] Throughput = 1.08749 Mbps | SE = 0.02850 bit/s/Hz
54153[UE 1 | RB 1] Throughput = 1.31567 Mbps | SE = 0.03448 bit/s/Hz
54263[UE 1 | RB 1] Throughput = 0.76440 Mbps | SE = 0.02003 bit/s/Hz
54363[UE 1 | RB 1] Throughput = 1.31788 Mbps | SE = 0.03454 bit/s/Hz
54463[UE 1 | RB 1] Throughput = 0.71613 Mbps | SE = 0.01877 bit/s/Hz
54573[UE 1 | RB 1] Throughput = 1.52768 Mbps | SE = 0.04003 bit/s/Hz
54683[UE 1 | RB 1] Throughput = 1.19991 Mbps | SE = 0.03144 bit/s/Hz
54793[UE 1 | RB 1] Throughput = 0.65396 Mbps | SE = 0.01714 bit/s/Hz
54893[UE 1 | RB 1] Throughput = 1.43362 Mbps | SE = 0.03757 bit/s/Hz
55003[UE 1 | RB 1] Throughput = 0.76303 Mbps | SE = 0.02000 bit/s/Hz
55103[UE 1 | RB 1] Throughput = 0.71791 Mbps | SE = 0.01881 bit/s/Hz
55213[UE 1 | RB 1] Throughput = 1.52778 Mbps | SE = 0.04004 bit/s/Hz
55323[UE 1 | RB 1] Throughput = 0.86983 Mbps | SE = 0.02279 bit/s/Hz
55433[UE 1 | RB 1] Throughput = 1.30806 Mbps | SE = 0.03428 bit/s/Hz
55543[UE 1 | RB 1] Throughput = 1.19933 Mbps | SE = 0.03143 bit/s/Hz
55653[UE 1 | RB 1] Throughput = 0.76383 Mbps | SE = 0.02002 bit/s/Hz
55763[UE 1 | RB 1] Throughput = 1.30733 Mbps | SE = 0.03426 bit/s/Hz
55863[UE 1 | RB 1] Throughput = 0.83747 Mbps | SE = 0.02195 bit/s/Hz
55963[UE 1 | RB 1] Throughput = 1.43585 Mbps | SE = 0.03763 bit/s/Hz
56073[UE 1 | RB 1] Throughput = 0.54526 Mbps | SE = 0.01429 bit/s/Hz
56183[UE 1 | RB 1] Throughput = 1.41834 Mbps | SE = 0.03717 bit/s/Hz
56283[UE 1 | RB 1] Throughput = 1.07798 Mbps | SE = 0.02825 bit/s/Hz
56383[UE 1 | RB 1] Throughput = 0.83759 Mbps | SE = 0.02195 bit/s/Hz
56493[UE 1 | RB 1] Throughput = 1.31096 Mbps | SE = 0.03435 bit/s/Hz
56593[UE 1 | RB 1] Throughput = 1.19583 Mbps | SE = 0.03134 bit/s/Hz
56703[UE 1 | RB 1] Throughput = 0.65427 Mbps | SE = 0.01715 bit/s/Hz
56803[UE 1 | RB 1] Throughput = 1.19811 Mbps | SE = 0.03140 bit/s/Hz
56913[UE 1 | RB 1] Throughput = 1.20078 Mbps | SE = 0.03147 bit/s/Hz
57013[UE 1 | RB 1] Throughput = 0.83696 Mbps | SE = 0.02193 bit/s/Hz
57123[UE 1 | RB 1] Throughput = 1.20077 Mbps | SE = 0.03147 bit/s/Hz
57223[UE 1 | RB 1] Throughput = 0.71748 Mbps | SE = 0.01880 bit/s/Hz
57333[UE 1 | RB 1] Throughput = 1.41740 Mbps | SE = 0.03714 bit/s/Hz
57443[UE 1 | RB 1] Throughput = 1.19717 Mbps | SE = 0.03137 bit/s/Hz
57553[UE 1 | RB 1] Throughput = 0.65492 Mbps | SE = 0.01716 bit/s/Hz
57653[UE 1 | RB 1] Throughput = 1.43749 Mbps | SE = 0.03767 bit/s/Hz
57753[UE 1 | RB 1] Throughput = 1.07797 Mbps | SE = 0.02825 bit/s/Hz
57853[UE 1 | RB 1] Throughput = 0.59905 Mbps | SE = 0.01570 bit/s/Hz
57963[UE 1 | RB 1] Throughput = 1.41533 Mbps | SE = 0.03709 bit/s/Hz
58073[UE 1 | RB 1] Throughput = 1.20080 Mbps | SE = 0.03147 bit/s/Hz
58173[UE 1 | RB 1] Throughput = 1.19378 Mbps | SE = 0.03128 bit/s/Hz
58283[UE 1 | RB 1] Throughput = 0.65517 Mbps | SE = 0.01717 bit/s/Hz
58383[UE 1 | RB 1] Throughput = 1.31770 Mbps | SE = 0.03453 bit/s/Hz
58483[UE 1 | RB 1] Throughput = 0.95822 Mbps | SE = 0.02511 bit/s/Hz
58583[UE 1 | RB 1] Throughput = 1.43782 Mbps | SE = 0.03768 bit/s/Hz
58693[UE 1 | RB 1] Throughput = 0.65318 Mbps | SE = 0.01712 bit/s/Hz
58793[UE 1 | RB 1] Throughput = 1.19771 Mbps | SE = 0.03139 bit/s/Hz
58903[UE 1 | RB 1] Throughput = 1.20128 Mbps | SE = 0.03148 bit/s/Hz
59013[UE 1 | RB 1] Throughput = 0.76280 Mbps | SE = 0.01999 bit/s/Hz
59113[UE 1 | RB 1] Throughput = 1.43595 Mbps | SE = 0.03763 bit/s/Hz
59223[UE 1 | RB 1] Throughput = 0.65472 Mbps | SE = 0.01716 bit/s/Hz
59323[UE 1 | RB 1] Throughput = 1.43621 Mbps | SE = 0.03764 bit/s/Hz
59433[UE 1 | RB 1] Throughput = 1.19808 Mbps | SE = 0.03140 bit/s/Hz
59543[UE 1 | RB 1] Throughput = 0.76374 Mbps | SE = 0.02001 bit/s/Hz
59643[UE 1 | RB 1] Throughput = 1.31490 Mbps | SE = 0.03446 bit/s/Hz
59753[UE 1 | RB 1] Throughput = 0.87308 Mbps | SE = 0.02288 bit/s/Hz
59854[UE 1 | RB 1] Throughput = 0.71494 Mbps | SE = 0.01874 bit/s/Hz
59963[UE 1 | RB 1] Throughput = 1.31272 Mbps | SE = 0.03440 bit/s/Hz
60073[UE 1 | RB 1] Throughput = 1.30712 Mbps | SE = 0.03425 bit/s/Hz
60183[UE 1 | RB 1] Throughput = 0.98229 Mbps | SE = 0.02574 bit/s/Hz
60293[UE 1 | RB 1] Throughput = 1.19716 Mbps | SE = 0.03137 bit/s/Hz
60393[UE 1 | RB 1] Throughput = 0.95769 Mbps | SE = 0.02510 bit/s/Hz
60503[UE 1 | RB 1] Throughput = 0.87290 Mbps | SE = 0.02287 bit/s/Hz
60613[UE 1 | RB 1] Throughput = 1.19690 Mbps | SE = 0.03137 bit/s/Hz
60723[UE 1 | RB 1] Throughput = 1.09150 Mbps | SE = 0.02860 bit/s/Hz
60833[UE 1 | RB 1] Throughput = 1.08854 Mbps | SE = 0.02853 bit/s/Hz
60933[UE 1 | RB 1] Throughput = 1.31648 Mbps | SE = 0.03450 bit/s/Hz
61043[UE 1 | RB 1] Throughput = 0.65517 Mbps | SE = 0.01717 bit/s/Hz
61143[UE 1 | RB 1] Throughput = 1.31738 Mbps | SE = 0.03452 bit/s/Hz
61253[UE 1 | RB 1] Throughput = 1.30867 Mbps | SE = 0.03429 bit/s/Hz
61354[UE 1 | RB 1] Throughput = 0.71505 Mbps | SE = 0.01874 bit/s/Hz
61463[UE 1 | RB 1] Throughput = 1.09314 Mbps | SE = 0.02865 bit/s/Hz
61563[UE 1 | RB 1] Throughput = 0.95833 Mbps | SE = 0.02511 bit/s/Hz
61673[UE 1 | RB 1] Throughput = 1.19815 Mbps | SE = 0.03140 bit/s/Hz
61773[UE 1 | RB 1] Throughput = 1.31632 Mbps | SE = 0.03449 bit/s/Hz
61883[UE 1 | RB 1] Throughput = 0.87392 Mbps | SE = 0.02290 bit/s/Hz
61983[UE 1 | RB 1] Throughput = 0.95763 Mbps | SE = 0.02510 bit/s/Hz
62093[UE 1 | RB 1] Throughput = 1.08930 Mbps | SE = 0.02855 bit/s/Hz
62193[UE 1 | RB 1] Throughput = 1.31761 Mbps | SE = 0.03453 bit/s/Hz
62293[UE 1 | RB 1] Throughput = 0.83789 Mbps | SE = 0.02196 bit/s/Hz
62394[UE 1 | RB 1] Throughput = 0.71875 Mbps | SE = 0.01884 bit/s/Hz
62503[UE 1 | RB 1] Throughput = 1.30814 Mbps | SE = 0.03428 bit/s/Hz
62613[UE 1 | RB 1] Throughput = 1.20114 Mbps | SE = 0.03148 bit/s/Hz
62713[UE 1 | RB 1] Throughput = 0.59825 Mbps | SE = 0.01568 bit/s/Hz
62823[UE 1 | RB 1] Throughput = 1.52605 Mbps | SE = 0.03999 bit/s/Hz
62923[UE 1 | RB 1] Throughput = 1.07850 Mbps | SE = 0.02826 bit/s/Hz
63033[UE 1 | RB 1] Throughput = 0.87057 Mbps | SE = 0.02281 bit/s/Hz
63143[UE 1 | RB 1] Throughput = 1.31203 Mbps | SE = 0.03438 bit/s/Hz
63244[UE 1 | RB 1] Throughput = 0.83455 Mbps | SE = 0.02187 bit/s/Hz
63353[UE 1 | RB 1] Throughput = 1.20319 Mbps | SE = 0.03153 bit/s/Hz
63454[UE 1 | RB 1] Throughput = 0.71337 Mbps | SE = 0.01869 bit/s/Hz
63563[UE 1 | RB 1] Throughput = 1.20288 Mbps | SE = 0.03152 bit/s/Hz
63673[UE 1 | RB 1] Throughput = 1.30790 Mbps | SE = 0.03427 bit/s/Hz
63774[UE 1 | RB 1] Throughput = 0.71832 Mbps | SE = 0.01882 bit/s/Hz
63884[UE 1 | RB 1] Throughput = 1.30574 Mbps | SE = 0.03422 bit/s/Hz
63994[UE 1 | RB 1] Throughput = 1.30834 Mbps | SE = 0.03429 bit/s/Hz
64103[UE 1 | RB 1] Throughput = 0.65510 Mbps | SE = 0.01717 bit/s/Hz
64204[UE 1 | RB 1] Throughput = 1.43331 Mbps | SE = 0.03756 bit/s/Hz
64313[UE 1 | RB 1] Throughput = 0.65501 Mbps | SE = 0.01716 bit/s/Hz
64414[UE 1 | RB 1] Throughput = 1.31699 Mbps | SE = 0.03451 bit/s/Hz
64523[UE 1 | RB 1] Throughput = 0.98126 Mbps | SE = 0.02571 bit/s/Hz
64624[UE 1 | RB 1] Throughput = 1.19772 Mbps | SE = 0.03139 bit/s/Hz
64724[UE 1 | RB 1] Throughput = 0.95854 Mbps | SE = 0.02512 bit/s/Hz
64824[UE 1 | RB 1] Throughput = 1.43482 Mbps | SE = 0.03760 bit/s/Hz
64933[UE 1 | RB 1] Throughput = 0.65626 Mbps | SE = 0.01720 bit/s/Hz
65043[UE 1 | RB 1] Throughput = 1.30762 Mbps | SE = 0.03427 bit/s/Hz
65144[UE 1 | RB 1] Throughput = 1.19592 Mbps | SE = 0.03134 bit/s/Hz
65253[UE 1 | RB 1] Throughput = 0.65474 Mbps | SE = 0.01716 bit/s/Hz
65353[UE 1 | RB 1] Throughput = 1.55695 Mbps | SE = 0.04080 bit/s/Hz
65454[UE 1 | RB 1] Throughput = 0.71804 Mbps | SE = 0.01882 bit/s/Hz
65563[UE 1 | RB 1] Throughput = 1.30850 Mbps | SE = 0.03429 bit/s/Hz
65674[UE 1 | RB 1] Throughput = 0.65162 Mbps | SE = 0.01708 bit/s/Hz
65785[UE 1 | RB 1] Throughput = 1.29022 Mbps | SE = 0.03381 bit/s/Hz
65894[UE 1 | RB 1] Throughput = 1.32761 Mbps | SE = 0.03479 bit/s/Hz
66003[UE 1 | RB 1] Throughput = 0.65513 Mbps | SE = 0.01717 bit/s/Hz
66103[UE 1 | RB 1] Throughput = 1.31698 Mbps | SE = 0.03451 bit/s/Hz
66214[UE 1 | RB 1] Throughput = 0.65322 Mbps | SE = 0.01712 bit/s/Hz
66323[UE 1 | RB 1] Throughput = 1.20272 Mbps | SE = 0.03152 bit/s/Hz
66423[UE 1 | RB 1] Throughput = 1.31522 Mbps | SE = 0.03447 bit/s/Hz
66533[UE 1 | RB 1] Throughput = 1.19995 Mbps | SE = 0.03145 bit/s/Hz
66633[UE 1 | RB 1] Throughput = 1.07834 Mbps | SE = 0.02826 bit/s/Hz
66734[UE 1 | RB 1] Throughput = 1.07540 Mbps | SE = 0.02818 bit/s/Hz
66843[UE 1 | RB 1] Throughput = 0.87318 Mbps | SE = 0.02288 bit/s/Hz
66943[UE 1 | RB 1] Throughput = 1.19767 Mbps | SE = 0.03139 bit/s/Hz
67053[UE 1 | RB 1] Throughput = 1.09054 Mbps | SE = 0.02858 bit/s/Hz
67164[UE 1 | RB 1] Throughput = 0.97804 Mbps | SE = 0.02563 bit/s/Hz
67264[UE 1 | RB 1] Throughput = 1.31738 Mbps | SE = 0.03452 bit/s/Hz
67374[UE 1 | RB 1] Throughput = 0.65406 Mbps | SE = 0.01714 bit/s/Hz
67484[UE 1 | RB 1] Throughput = 1.19781 Mbps | SE = 0.03139 bit/s/Hz
67593[UE 1 | RB 1] Throughput = 1.19949 Mbps | SE = 0.03143 bit/s/Hz
67704[UE 1 | RB 1] Throughput = 1.19557 Mbps | SE = 0.03133 bit/s/Hz
67813[UE 1 | RB 1] Throughput = 0.65670 Mbps | SE = 0.01721 bit/s/Hz
67913[UE 1 | RB 1] Throughput = 1.31645 Mbps | SE = 0.03450 bit/s/Hz
68013[UE 1 | RB 1] Throughput = 0.95868 Mbps | SE = 0.02512 bit/s/Hz
68124[UE 1 | RB 1] Throughput = 1.19653 Mbps | SE = 0.03136 bit/s/Hz
68233[UE 1 | RB 1] Throughput = 1.31143 Mbps | SE = 0.03437 bit/s/Hz
68333[UE 1 | RB 1] Throughput = 0.71755 Mbps | SE = 0.01880 bit/s/Hz
68434[UE 1 | RB 1] Throughput = 1.43584 Mbps | SE = 0.03763 bit/s/Hz
68543[UE 1 | RB 1] Throughput = 0.87267 Mbps | SE = 0.02287 bit/s/Hz
68644[UE 1 | RB 1] Throughput = 0.71657 Mbps | SE = 0.01878 bit/s/Hz
68753[UE 1 | RB 1] Throughput = 1.20178 Mbps | SE = 0.03149 bit/s/Hz
68854[UE 1 | RB 1] Throughput = 1.31480 Mbps | SE = 0.03445 bit/s/Hz
68964[UE 1 | RB 1] Throughput = 0.65329 Mbps | SE = 0.01712 bit/s/Hz
69073[UE 1 | RB 1] Throughput = 1.53105 Mbps | SE = 0.04012 bit/s/Hz
69183[UE 1 | RB 1] Throughput = 0.87167 Mbps | SE = 0.02284 bit/s/Hz
69284[UE 1 | RB 1] Throughput = 0.83456 Mbps | SE = 0.02187 bit/s/Hz
69394[UE 1 | RB 1] Throughput = 1.41815 Mbps | SE = 0.03716 bit/s/Hz
69504[UE 1 | RB 1] Throughput = 0.97980 Mbps | SE = 0.02568 bit/s/Hz
69614[UE 1 | RB 1] Throughput = 0.76137 Mbps | SE = 0.01995 bit/s/Hz
69724[UE 1 | RB 1] Throughput = 1.31246 Mbps | SE = 0.03439 bit/s/Hz
69824[UE 1 | RB 1] Throughput = 1.31499 Mbps | SE = 0.03446 bit/s/Hz
69933[UE 1 | RB 1] Throughput = 0.98418 Mbps | SE = 0.02579 bit/s/Hz
70033[UE 1 | RB 1] Throughput = 1.07775 Mbps | SE = 0.02824 bit/s/Hz
70134[UE 1 | RB 1] Throughput = 0.59863 Mbps | SE = 0.01569 bit/s/Hz
70244[UE 1 | RB 1] Throughput = 1.41648 Mbps | SE = 0.03712 bit/s/Hz
70344[UE 1 | RB 1] Throughput = 1.19619 Mbps | SE = 0.03135 bit/s/Hz
70453[UE 1 | RB 1] Throughput = 0.65533 Mbps | SE = 0.01717 bit/s/Hz
70554[UE 1 | RB 1] Throughput = 1.43654 Mbps | SE = 0.03765 bit/s/Hz
70654[UE 1 | RB 1] Throughput = 0.71903 Mbps | SE = 0.01884 bit/s/Hz
70754[UE 1 | RB 1] Throughput = 1.31039 Mbps | SE = 0.03434 bit/s/Hz
70855[UE 1 | RB 1] Throughput = 1.30952 Mbps | SE = 0.03432 bit/s/Hz
70964[UE 1 | RB 1] Throughput = 0.66147 Mbps | SE = 0.01733 bit/s/Hz
71064[UE 1 | RB 1] Throughput = 1.43636 Mbps | SE = 0.03764 bit/s/Hz
71164[UE 1 | RB 1] Throughput = 1.07719 Mbps | SE = 0.02823 bit/s/Hz
71273[UE 1 | RB 1] Throughput = 1.09433 Mbps | SE = 0.02868 bit/s/Hz
71374[UE 1 | RB 1] Throughput = 1.19493 Mbps | SE = 0.03131 bit/s/Hz
71484[UE 1 | RB 1] Throughput = 0.65345 Mbps | SE = 0.01712 bit/s/Hz
71593[UE 1 | RB 1] Throughput = 1.09354 Mbps | SE = 0.02866 bit/s/Hz
71693[UE 1 | RB 1] Throughput = 1.31750 Mbps | SE = 0.03453 bit/s/Hz
71793[UE 1 | RB 1] Throughput = 0.71836 Mbps | SE = 0.01882 bit/s/Hz
71894[UE 1 | RB 1] Throughput = 1.43587 Mbps | SE = 0.03763 bit/s/Hz
72003[UE 1 | RB 1] Throughput = 1.20019 Mbps | SE = 0.03145 bit/s/Hz
72113[UE 1 | RB 1] Throughput = 0.76243 Mbps | SE = 0.01998 bit/s/Hz
72213[UE 1 | RB 1] Throughput = 1.19761 Mbps | SE = 0.03138 bit/s/Hz
72313[UE 1 | RB 1] Throughput = 0.83885 Mbps | SE = 0.02198 bit/s/Hz
72413[UE 1 | RB 1] Throughput = 1.19808 Mbps | SE = 0.03140 bit/s/Hz
72523[UE 1 | RB 1] Throughput = 1.09357 Mbps | SE = 0.02866 bit/s/Hz
72623[UE 1 | RB 1] Throughput = 1.31291 Mbps | SE = 0.03441 bit/s/Hz
72733[UE 1 | RB 1] Throughput = 0.54491 Mbps | SE = 0.01428 bit/s/Hz
72833[UE 1 | RB 1] Throughput = 1.31816 Mbps | SE = 0.03454 bit/s/Hz
72943[UE 1 | RB 1] Throughput = 1.19971 Mbps | SE = 0.03144 bit/s/Hz
73043[UE 1 | RB 1] Throughput = 1.19666 Mbps | SE = 0.03136 bit/s/Hz
73153[UE 1 | RB 1] Throughput = 0.65432 Mbps | SE = 0.01715 bit/s/Hz
73253[UE 1 | RB 1] Throughput = 1.31784 Mbps | SE = 0.03453 bit/s/Hz
73363[UE 1 | RB 1] Throughput = 1.19901 Mbps | SE = 0.03142 bit/s/Hz
73464[UE 1 | RB 1] Throughput = 1.07690 Mbps | SE = 0.02822 bit/s/Hz
73573[UE 1 | RB 1] Throughput = 0.76372 Mbps | SE = 0.02001 bit/s/Hz
73674[UE 1 | RB 1] Throughput = 1.43458 Mbps | SE = 0.03759 bit/s/Hz
73783[UE 1 | RB 1] Throughput = 0.65549 Mbps | SE = 0.01718 bit/s/Hz
73893[UE 1 | RB 1] Throughput = 1.30587 Mbps | SE = 0.03422 bit/s/Hz
73994[UE 1 | RB 1] Throughput = 1.31679 Mbps | SE = 0.03451 bit/s/Hz
74103[UE 1 | RB 1] Throughput = 0.87177 Mbps | SE = 0.02285 bit/s/Hz
74213[UE 1 | RB 1] Throughput = 0.76331 Mbps | SE = 0.02000 bit/s/Hz
74314[UE 1 | RB 1] Throughput = 1.31503 Mbps | SE = 0.03446 bit/s/Hz
74424[UE 1 | RB 1] Throughput = 1.19421 Mbps | SE = 0.03129 bit/s/Hz
74533[UE 1 | RB 1] Throughput = 1.20736 Mbps | SE = 0.03164 bit/s/Hz
74633[UE 1 | RB 1] Throughput = 0.71901 Mbps | SE = 0.01884 bit/s/Hz
74743[UE 1 | RB 1] Throughput = 1.30514 Mbps | SE = 0.03420 bit/s/Hz
74843[UE 1 | RB 1] Throughput = 0.71849 Mbps | SE = 0.01883 bit/s/Hz
74953[UE 1 | RB 1] Throughput = 1.20095 Mbps | SE = 0.03147 bit/s/Hz
75054[UE 1 | RB 1] Throughput = 0.71568 Mbps | SE = 0.01875 bit/s/Hz
75164[UE 1 | RB 1] Throughput = 1.52717 Mbps | SE = 0.04002 bit/s/Hz
75273[UE 1 | RB 1] Throughput = 0.65438 Mbps | SE = 0.01715 bit/s/Hz
75383[UE 1 | RB 1] Throughput = 1.41785 Mbps | SE = 0.03716 bit/s/Hz
75483[UE 1 | RB 1] Throughput = 0.71889 Mbps | SE = 0.01884 bit/s/Hz
75584[UE 1 | RB 1] Throughput = 1.19528 Mbps | SE = 0.03132 bit/s/Hz
75684[UE 1 | RB 1] Throughput = 1.31752 Mbps | SE = 0.03453 bit/s/Hz
75784[UE 1 | RB 1] Throughput = 1.19817 Mbps | SE = 0.03140 bit/s/Hz
75893[UE 1 | RB 1] Throughput = 0.65565 Mbps | SE = 0.01718 bit/s/Hz
76003[UE 1 | RB 1] Throughput = 1.41610 Mbps | SE = 0.03711 bit/s/Hz
76104[UE 1 | RB 1] Throughput = 0.83736 Mbps | SE = 0.02194 bit/s/Hz
76213[UE 1 | RB 1] Throughput = 1.30806 Mbps | SE = 0.03428 bit/s/Hz
76314[UE 1 | RB 1] Throughput = 0.71832 Mbps | SE = 0.01882 bit/s/Hz
76424[UE 1 | RB 1] Throughput = 1.30504 Mbps | SE = 0.03420 bit/s/Hz
76533[UE 1 | RB 1] Throughput = 1.20187 Mbps | SE = 0.03150 bit/s/Hz
76634[UE 1 | RB 1] Throughput = 0.83767 Mbps | SE = 0.02195 bit/s/Hz
76744[UE 1 | RB 1] Throughput = 1.30312 Mbps | SE = 0.03415 bit/s/Hz
76854[UE 1 | RB 1] Throughput = 0.65340 Mbps | SE = 0.01712 bit/s/Hz
76964[UE 1 | RB 1] Throughput = 1.31216 Mbps | SE = 0.03439 bit/s/Hz
77073[UE 1 | RB 1] Throughput = 1.31008 Mbps | SE = 0.03433 bit/s/Hz
77183[UE 1 | RB 1] Throughput = 0.65322 Mbps | SE = 0.01712 bit/s/Hz
77284[UE 1 | RB 1] Throughput = 1.43683 Mbps | SE = 0.03765 bit/s/Hz
77393[UE 1 | RB 1] Throughput = 0.98168 Mbps | SE = 0.02573 bit/s/Hz
77494[UE 1 | RB 1] Throughput = 1.19524 Mbps | SE = 0.03132 bit/s/Hz
77604[UE 1 | RB 1] Throughput = 0.87183 Mbps | SE = 0.02285 bit/s/Hz
77704[UE 1 | RB 1] Throughput = 0.95506 Mbps | SE = 0.02503 bit/s/Hz
77814[UE 1 | RB 1] Throughput = 1.08767 Mbps | SE = 0.02850 bit/s/Hz
77923[UE 1 | RB 1] Throughput = 0.98746 Mbps | SE = 0.02588 bit/s/Hz
78023[UE 1 | RB 1] Throughput = 1.43802 Mbps | SE = 0.03768 bit/s/Hz
78124[UE 1 | RB 1] Throughput = 1.19578 Mbps | SE = 0.03134 bit/s/Hz
78233[UE 1 | RB 1] Throughput = 0.87353 Mbps | SE = 0.02289 bit/s/Hz
78343[UE 1 | RB 1] Throughput = 0.98005 Mbps | SE = 0.02568 bit/s/Hz
78453[UE 1 | RB 1] Throughput = 1.19984 Mbps | SE = 0.03144 bit/s/Hz
78553[UE 1 | RB 1] Throughput = 0.83752 Mbps | SE = 0.02195 bit/s/Hz
78663[UE 1 | RB 1] Throughput = 1.30969 Mbps | SE = 0.03432 bit/s/Hz
78763[UE 1 | RB 1] Throughput = 0.83808 Mbps | SE = 0.02196 bit/s/Hz
78864[UE 1 | RB 1] Throughput = 1.30984 Mbps | SE = 0.03433 bit/s/Hz
78973[UE 1 | RB 1] Throughput = 0.54736 Mbps | SE = 0.01434 bit/s/Hz
79074[UE 1 | RB 1] Throughput = 1.55752 Mbps | SE = 0.04082 bit/s/Hz
79184[UE 1 | RB 1] Throughput = 0.87122 Mbps | SE = 0.02283 bit/s/Hz
79284[UE 1 | RB 1] Throughput = 0.95681 Mbps | SE = 0.02507 bit/s/Hz
79393[UE 1 | RB 1] Throughput = 1.20171 Mbps | SE = 0.03149 bit/s/Hz
79494[UE 1 | RB 1] Throughput = 0.71565 Mbps | SE = 0.01875 bit/s/Hz
79604[UE 1 | RB 1] Throughput = 1.63701 Mbps | SE = 0.04290 bit/s/Hz
79714[UE 1 | RB 1] Throughput = 0.98235 Mbps | SE = 0.02574 bit/s/Hz
79814[UE 1 | RB 1] Throughput = 0.71792 Mbps | SE = 0.01881 bit/s/Hz
79924[UE 1 | RB 1] Throughput = 1.41832 Mbps | SE = 0.03717 bit/s/Hz
80024[UE 1 | RB 1] Throughput = 0.95488 Mbps | SE = 0.02502 bit/s/Hz
80133[UE 1 | RB 1] Throughput = 0.87577 Mbps | SE = 0.02295 bit/s/Hz
80234[UE 1 | RB 1] Throughput = 1.43197 Mbps | SE = 0.03753 bit/s/Hz
80334[UE 1 | RB 1] Throughput = 0.83602 Mbps | SE = 0.02191 bit/s/Hz
80444[UE 1 | RB 1] Throughput = 1.31346 Mbps | SE = 0.03442 bit/s/Hz
80544[UE 1 | RB 1] Throughput = 0.71765 Mbps | SE = 0.01881 bit/s/Hz
80654[UE 1 | RB 1] Throughput = 1.19950 Mbps | SE = 0.03143 bit/s/Hz
80763[UE 1 | RB 1] Throughput = 0.76552 Mbps | SE = 0.02006 bit/s/Hz
80864[UE 1 | RB 1] Throughput = 1.43198 Mbps | SE = 0.03753 bit/s/Hz
80973[UE 1 | RB 1] Throughput = 1.20439 Mbps | SE = 0.03156 bit/s/Hz
81073[UE 1 | RB 1] Throughput = 0.71829 Mbps | SE = 0.01882 bit/s/Hz
81173[UE 1 | RB 1] Throughput = 1.31796 Mbps | SE = 0.03454 bit/s/Hz
81283[UE 1 | RB 1] Throughput = 1.19965 Mbps | SE = 0.03144 bit/s/Hz
81383[UE 1 | RB 1] Throughput = 0.83762 Mbps | SE = 0.02195 bit/s/Hz
81483[UE 1 | RB 1] Throughput = 1.31755 Mbps | SE = 0.03453 bit/s/Hz
81584[UE 1 | RB 1] Throughput = 0.83709 Mbps | SE = 0.02194 bit/s/Hz
81693[UE 1 | RB 1] Throughput = 1.20055 Mbps | SE = 0.03146 bit/s/Hz
81804[UE 1 | RB 1] Throughput = 0.76037 Mbps | SE = 0.01993 bit/s/Hz
81905[UE 1 | RB 1] Throughput = 0.83210 Mbps | SE = 0.02181 bit/s/Hz
82013[UE 1 | RB 1] Throughput = 1.43121 Mbps | SE = 0.03751 bit/s/Hz
82114[UE 1 | RB 1] Throughput = 0.83744 Mbps | SE = 0.02195 bit/s/Hz
82214[UE 1 | RB 1] Throughput = 1.43716 Mbps | SE = 0.03766 bit/s/Hz
82314[UE 1 | RB 1] Throughput = 0.59682 Mbps | SE = 0.01564 bit/s/Hz
82424[UE 1 | RB 1] Throughput = 1.31079 Mbps | SE = 0.03435 bit/s/Hz
82534[UE 1 | RB 1] Throughput = 1.31062 Mbps | SE = 0.03435 bit/s/Hz
82634[UE 1 | RB 1] Throughput = 1.19241 Mbps | SE = 0.03125 bit/s/Hz
82744[UE 1 | RB 1] Throughput = 0.76607 Mbps | SE = 0.02008 bit/s/Hz
82844[UE 1 | RB 1] Throughput = 1.31682 Mbps | SE = 0.03451 bit/s/Hz
82944[UE 1 | RB 1] Throughput = 0.71892 Mbps | SE = 0.01884 bit/s/Hz
83044[UE 1 | RB 1] Throughput = 1.19788 Mbps | SE = 0.03139 bit/s/Hz
83154[UE 1 | RB 1] Throughput = 1.08989 Mbps | SE = 0.02856 bit/s/Hz
83264[UE 1 | RB 1] Throughput = 1.30463 Mbps | SE = 0.03419 bit/s/Hz
83373[UE 1 | RB 1] Throughput = 0.65603 Mbps | SE = 0.01719 bit/s/Hz
83474[UE 1 | RB 1] Throughput = 1.43623 Mbps | SE = 0.03764 bit/s/Hz
83584[UE 1 | RB 1] Throughput = 0.65240 Mbps | SE = 0.01710 bit/s/Hz
83694[UE 1 | RB 1] Throughput = 1.31045 Mbps | SE = 0.03434 bit/s/Hz
83804[UE 1 | RB 1] Throughput = 1.19906 Mbps | SE = 0.03142 bit/s/Hz
83904[UE 1 | RB 1] Throughput = 0.71425 Mbps | SE = 0.01872 bit/s/Hz
84013[UE 1 | RB 1] Throughput = 1.31733 Mbps | SE = 0.03452 bit/s/Hz
84114[UE 1 | RB 1] Throughput = 0.95714 Mbps | SE = 0.02508 bit/s/Hz
84214[UE 1 | RB 1] Throughput = 0.83808 Mbps | SE = 0.02196 bit/s/Hz
84324[UE 1 | RB 1] Throughput = 1.30782 Mbps | SE = 0.03427 bit/s/Hz
84424[UE 1 | RB 1] Throughput = 0.71712 Mbps | SE = 0.01879 bit/s/Hz
84534[UE 1 | RB 1] Throughput = 1.30873 Mbps | SE = 0.03430 bit/s/Hz
84644[UE 1 | RB 1] Throughput = 1.30691 Mbps | SE = 0.03425 bit/s/Hz
84744[UE 1 | RB 1] Throughput = 0.71854 Mbps | SE = 0.01883 bit/s/Hz
84854[UE 1 | RB 1] Throughput = 1.41984 Mbps | SE = 0.03721 bit/s/Hz
84954[UE 1 | RB 1] Throughput = 0.83713 Mbps | SE = 0.02194 bit/s/Hz
85064[UE 1 | RB 1] Throughput = 1.30717 Mbps | SE = 0.03425 bit/s/Hz
85164[UE 1 | RB 1] Throughput = 0.71868 Mbps | SE = 0.01883 bit/s/Hz
85274[UE 1 | RB 1] Throughput = 1.20092 Mbps | SE = 0.03147 bit/s/Hz
85384[UE 1 | RB 1] Throughput = 1.08870 Mbps | SE = 0.02853 bit/s/Hz
85494[UE 1 | RB 1] Throughput = 1.19845 Mbps | SE = 0.03141 bit/s/Hz
85594[UE 1 | RB 1] Throughput = 0.71864 Mbps | SE = 0.01883 bit/s/Hz
85704[UE 1 | RB 1] Throughput = 1.41479 Mbps | SE = 0.03708 bit/s/Hz
85804[UE 1 | RB 1] Throughput = 0.71893 Mbps | SE = 0.01884 bit/s/Hz
85914[UE 1 | RB 1] Throughput = 1.41958 Mbps | SE = 0.03720 bit/s/Hz
86024[UE 1 | RB 1] Throughput = 0.76141 Mbps | SE = 0.01995 bit/s/Hz
86133[UE 1 | RB 1] Throughput = 1.31300 Mbps | SE = 0.03441 bit/s/Hz
86234[UE 1 | RB 1] Throughput = 0.71570 Mbps | SE = 0.01876 bit/s/Hz
86344[UE 1 | RB 1] Throughput = 1.30562 Mbps | SE = 0.03421 bit/s/Hz
86454[UE 1 | RB 1] Throughput = 0.76512 Mbps | SE = 0.02005 bit/s/Hz
86564[UE 1 | RB 1] Throughput = 1.19745 Mbps | SE = 0.03138 bit/s/Hz
86664[UE 1 | RB 1] Throughput = 1.31569 Mbps | SE = 0.03448 bit/s/Hz
86774[UE 1 | RB 1] Throughput = 0.54440 Mbps | SE = 0.01427 bit/s/Hz
86883[UE 1 | RB 1] Throughput = 1.42306 Mbps | SE = 0.03729 bit/s/Hz
86984[UE 1 | RB 1] Throughput = 0.71773 Mbps | SE = 0.01881 bit/s/Hz
87084[UE 1 | RB 1] Throughput = 1.43779 Mbps | SE = 0.03768 bit/s/Hz
87194[UE 1 | RB 1] Throughput = 1.30758 Mbps | SE = 0.03427 bit/s/Hz
87303[UE 1 | RB 1] Throughput = 0.65430 Mbps | SE = 0.01715 bit/s/Hz
87404[UE 1 | RB 1] Throughput = 1.31574 Mbps | SE = 0.03448 bit/s/Hz
87513[UE 1 | RB 1] Throughput = 0.65462 Mbps | SE = 0.01715 bit/s/Hz
87614[UE 1 | RB 1] Throughput = 1.43647 Mbps | SE = 0.03764 bit/s/Hz
87724[UE 1 | RB 1] Throughput = 1.30710 Mbps | SE = 0.03425 bit/s/Hz
87833[UE 1 | RB 1] Throughput = 0.76405 Mbps | SE = 0.02002 bit/s/Hz
87933[UE 1 | RB 1] Throughput = 0.95822 Mbps | SE = 0.02511 bit/s/Hz
88034[UE 1 | RB 1] Throughput = 0.83698 Mbps | SE = 0.02193 bit/s/Hz
88134[UE 1 | RB 1] Throughput = 1.79728 Mbps | SE = 0.04710 bit/s/Hz
88234[UE 1 | RB 1] Throughput = 0.71877 Mbps | SE = 0.01884 bit/s/Hz
88344[UE 1 | RB 1] Throughput = 1.30938 Mbps | SE = 0.03431 bit/s/Hz
88454[UE 1 | RB 1] Throughput = 0.65244 Mbps | SE = 0.01710 bit/s/Hz
88564[UE 1 | RB 1] Throughput = 1.30951 Mbps | SE = 0.03432 bit/s/Hz
88664[UE 1 | RB 1] Throughput = 0.71834 Mbps | SE = 0.01882 bit/s/Hz
88774[UE 1 | RB 1] Throughput = 1.52658 Mbps | SE = 0.04000 bit/s/Hz
88874[UE 1 | RB 1] Throughput = 0.59806 Mbps | SE = 0.01567 bit/s/Hz
88984[UE 1 | RB 1] Throughput = 1.30760 Mbps | SE = 0.03427 bit/s/Hz
89093[UE 1 | RB 1] Throughput = 1.09244 Mbps | SE = 0.02863 bit/s/Hz
89203[UE 1 | RB 1] Throughput = 0.98050 Mbps | SE = 0.02569 bit/s/Hz
89303[UE 1 | RB 1] Throughput = 0.95844 Mbps | SE = 0.02512 bit/s/Hz
89404[UE 1 | RB 1] Throughput = 1.31695 Mbps | SE = 0.03451 bit/s/Hz
89504[UE 1 | RB 1] Throughput = 0.71810 Mbps | SE = 0.01882 bit/s/Hz
89604[UE 1 | RB 1] Throughput = 1.43785 Mbps | SE = 0.03768 bit/s/Hz
89704[UE 1 | RB 1] Throughput = 0.83851 Mbps | SE = 0.02197 bit/s/Hz
89814[UE 1 | RB 1] Throughput = 1.31037 Mbps | SE = 0.03434 bit/s/Hz
89924[UE 1 | RB 1] Throughput = 1.19786 Mbps | SE = 0.03139 bit/s/Hz
[xApp]: E42 RIC_SUBSCRIPTION_DELETE_REQUEST tx RAN_FUNC_ID 144 RIC_REQ_ID 1 
[xApp]: E42 SUBSCRIPTION DELETE RESPONSE rx
[xApp]: E42 RIC_SUBSCRIPTION_DELETE_REQUEST tx RAN_FUNC_ID 144 RIC_REQ_ID 2 
[xApp]: E42 SUBSCRIPTION DELETE RESPONSE rx
[xApp]: E42 RIC_SUBSCRIPTION_DELETE_REQUEST tx RAN_FUNC_ID 144 RIC_REQ_ID 3 
[xApp]: E42 SUBSCRIPTION DELETE RESPONSE rx
[xApp]: E42 RIC_SUBSCRIPTION_DELETE_REQUEST tx RAN_FUNC_ID 144 RIC_REQ_ID 4 
[xApp]: E42 SUBSCRIPTION DELETE RESPONSE rx
[xApp]: Sucessfully stopped 
Test xApp run SUCCESSFULLY
