[UTIL]: Setting the config -c file to /usr/local/etc/flexric/flexric.conf
[UTIL]: Setting path -p for the shared libraries to /usr/local/lib/flexric/
[xAapp]: Initializing ... 
[xApp]: nearRT-RIC IP Address = 192.168.70.150, PORT = 36422
[E2 AGENT]: Opening plugin from path = /usr/local/lib/flexric/libkpm_sm.so 
[E2 AGENT]: Opening plugin from path = /usr/local/lib/flexric/libmac_sm.so 
[E2 AGENT]: Opening plugin from path = /usr/local/lib/flexric/libpdcp_sm.so 
[E2 AGENT]: Opening plugin from path = /usr/local/lib/flexric/libgtp_sm.so 
[E2 AGENT]: Opening plugin from path = /usr/local/lib/flexric/librc_sm.so 
[E2 AGENT]: Opening plugin from path = /usr/local/lib/flexric/libtc_sm.so 
[E2 AGENT]: Opening plugin from path = /usr/local/lib/flexric/librlc_sm.so 
[E2 AGENT]: Opening plugin from path = /usr/local/lib/flexric/libslice_sm.so 
[NEAR-RIC]: Loading SM ID = 2 with def = ORAN-E2SM-KPM 
[NEAR-RIC]: Loading SM ID = 142 with def = MAC_STATS_V0 
[NEAR-RIC]: Loading SM ID = 144 with def = PDCP_STATS_V0 
[NEAR-RIC]: Loading SM ID = 148 with def = GTP_STATS_V0 
[NEAR-RIC]: Loading SM ID = 3 with def = ORAN-E2SM-RC 
[NEAR-RIC]: Loading SM ID = 146 with def = TC_STATS_V0 
[NEAR-RIC]: Loading SM ID = 143 with def = RLC_STATS_V0 
[NEAR-RIC]: Loading SM ID = 145 with def = SLICE_STATS_V0 
[xApp]: DB filename = /tmp/flexric/xapp_db 
 [xApp]: E42 SETUP-REQUEST tx
[xApp]: E42 SETUP-RESPONSE rx 
[xApp]: xApp ID = 76 
[xApp]: Registered E2 Nodes = 4 
Connected E2 nodes = 4
[xAPP] Registered node 0 ran func id = 2 
 [xAPP] Registered node 0 ran func id = 3 
 [xAPP] Registered node 0 ran func id = 142 
 [xAPP] Registered node 0 ran func id = 143 
 [xAPP] Registered node 0 ran func id = 144 
 [xAPP] Registered node 0 ran func id = 145 
 [xAPP] Registered node 0 ran func id = 146 
 [xAPP] Registered node 0 ran func id = 148 
 [xApp]: E42 RIC SUBSCRIPTION REQUEST tx RAN_FUNC_ID 144 RIC_REQ_ID 1 
[xApp]: SUBSCRIPTION RESPONSE rx
[xApp]: Successfully subscribed to RAN_FUNC_ID 144 
[xAPP] Registered node 1 ran func id = 2 
 [xAPP] Registered node 1 ran func id = 3 
 [xAPP] Registered node 1 ran func id = 142 
 [xAPP] Registered node 1 ran func id = 143 
 [xAPP] Registered node 1 ran func id = 144 
 [xAPP] Registered node 1 ran func id = 145 
 [xAPP] Registered node 1 ran func id = 146 
 [xAPP] Registered node 1 ran func id = 148 
 [xApp]: E42 RIC SUBSCRIPTION REQUEST tx RAN_FUNC_ID 144 RIC_REQ_ID 2 
[xApp]: SUBSCRIPTION RESPONSE rx
[xApp]: Successfully subscribed to RAN_FUNC_ID 144 
[xAPP] Registered node 2 ran func id = 2 
 [xAPP] Registered node 2 ran func id = 3 
 [xAPP] Registered node 2 ran func id = 142 
 [xAPP] Registered node 2 ran func id = 143 
 [xAPP] Registered node 2 ran func id = 144 
 [xAPP] Registered node 2 ran func id = 145 
 [xAPP] Registered node 2 ran func id = 146 
 [xAPP] Registered node 2 ran func id = 148 
 [xApp]: E42 RIC SUBSCRIPTION REQUEST tx RAN_FUNC_ID 144 RIC_REQ_ID 3 
[xApp]: SUBSCRIPTION RESPONSE rx
[xApp]: Successfully subscribed to RAN_FUNC_ID 144 
[xAPP] Registered node 3 ran func id = 2 
 [xAPP] Registered node 3 ran func id = 3 
 [xAPP] Registered node 3 ran func id = 142 
 [xAPP] Registered node 3 ran func id = 143 
 [xAPP] Registered node 3 ran func id = 144 
 [xAPP] Registered node 3 ran func id = 145 
 [xAPP] Registered node 3 ran func id = 146 
 [xAPP] Registered node 3 ran func id = 148 
 [xApp]: E42 RIC SUBSCRIPTION REQUEST tx RAN_FUNC_ID 144 RIC_REQ_ID 4 
[xApp]: SUBSCRIPTION RESPONSE rx
[xApp]: Successfully subscribed to RAN_FUNC_ID 144 
122[UE 1 | RB 1] Throughput = 0.76521 Mbps | SE = 0.02005 bit/s/Hz
232[UE 1 | RB 1] Throughput = 1.41714 Mbps | SE = 0.03714 bit/s/Hz
341[UE 1 | RB 1] Throughput = 0.65523 Mbps | SE = 0.01717 bit/s/Hz
442[UE 1 | RB 1] Throughput = 1.43488 Mbps | SE = 0.03760 bit/s/Hz
542[UE 1 | RB 1] Throughput = 0.71783 Mbps | SE = 0.01881 bit/s/Hz
652[UE 1 | RB 1] Throughput = 1.31133 Mbps | SE = 0.03436 bit/s/Hz
752[UE 1 | RB 1] Throughput = 1.19505 Mbps | SE = 0.03132 bit/s/Hz
852[UE 1 | RB 1] Throughput = 0.95726 Mbps | SE = 0.02509 bit/s/Hz
953[UE 1 | RB 1] Throughput = 0.71368 Mbps | SE = 0.01870 bit/s/Hz
1062[UE 1 | RB 1] Throughput = 1.20814 Mbps | SE = 0.03166 bit/s/Hz
1172[UE 1 | RB 1] Throughput = 1.19653 Mbps | SE = 0.03136 bit/s/Hz
1282[UE 1 | RB 1] Throughput = 1.20233 Mbps | SE = 0.03151 bit/s/Hz
1382[UE 1 | RB 1] Throughput = 0.71829 Mbps | SE = 0.01882 bit/s/Hz
1482[UE 1 | RB 1] Throughput = 1.31763 Mbps | SE = 0.03453 bit/s/Hz
1592[UE 1 | RB 1] Throughput = 1.08673 Mbps | SE = 0.02848 bit/s/Hz
1702[UE 1 | RB 1] Throughput = 1.08559 Mbps | SE = 0.02845 bit/s/Hz
1812[UE 1 | RB 1] Throughput = 0.65756 Mbps | SE = 0.01723 bit/s/Hz
1912[UE 1 | RB 1] Throughput = 1.43739 Mbps | SE = 0.03767 bit/s/Hz
2012[UE 1 | RB 1] Throughput = 1.07533 Mbps | SE = 0.02818 bit/s/Hz
2122[UE 1 | RB 1] Throughput = 1.09404 Mbps | SE = 0.02867 bit/s/Hz
2232[UE 1 | RB 1] Throughput = 0.87047 Mbps | SE = 0.02281 bit/s/Hz
2342[UE 1 | RB 1] Throughput = 1.19968 Mbps | SE = 0.03144 bit/s/Hz
2442[UE 1 | RB 1] Throughput = 1.19391 Mbps | SE = 0.03129 bit/s/Hz
2552[UE 1 | RB 1] Throughput = 0.87205 Mbps | SE = 0.02285 bit/s/Hz
2662[UE 1 | RB 1] Throughput = 1.09239 Mbps | SE = 0.02863 bit/s/Hz
2762[UE 1 | RB 1] Throughput = 1.31680 Mbps | SE = 0.03451 bit/s/Hz
2872[UE 1 | RB 1] Throughput = 0.65248 Mbps | SE = 0.01710 bit/s/Hz
2972[UE 1 | RB 1] Throughput = 1.55486 Mbps | SE = 0.04075 bit/s/Hz
3082[UE 1 | RB 1] Throughput = 0.65559 Mbps | SE = 0.01718 bit/s/Hz
3192[UE 1 | RB 1] Throughput = 1.19922 Mbps | SE = 0.03143 bit/s/Hz
3302[UE 1 | RB 1] Throughput = 1.20008 Mbps | SE = 0.03145 bit/s/Hz
3412[UE 1 | RB 1] Throughput = 1.30760 Mbps | SE = 0.03427 bit/s/Hz
3512[UE 1 | RB 1] Throughput = 0.95815 Mbps | SE = 0.02511 bit/s/Hz
3612[UE 1 | RB 1] Throughput = 0.71845 Mbps | SE = 0.01883 bit/s/Hz
3722[UE 1 | RB 1] Throughput = 1.30613 Mbps | SE = 0.03423 bit/s/Hz
3822[UE 1 | RB 1] Throughput = 0.59669 Mbps | SE = 0.01564 bit/s/Hz
3932[UE 1 | RB 1] Throughput = 1.42446 Mbps | SE = 0.03733 bit/s/Hz
4032[UE 1 | RB 1] Throughput = 1.31503 Mbps | SE = 0.03446 bit/s/Hz
4142[UE 1 | RB 1] Throughput = 1.08750 Mbps | SE = 0.02850 bit/s/Hz
4252[UE 1 | RB 1] Throughput = 0.76516 Mbps | SE = 0.02005 bit/s/Hz
4362[UE 1 | RB 1] Throughput = 1.19548 Mbps | SE = 0.03133 bit/s/Hz
4472[UE 1 | RB 1] Throughput = 1.20241 Mbps | SE = 0.03151 bit/s/Hz
4582[UE 1 | RB 1] Throughput = 0.65326 Mbps | SE = 0.01712 bit/s/Hz
4692[UE 1 | RB 1] Throughput = 1.30880 Mbps | SE = 0.03430 bit/s/Hz
4792[UE 1 | RB 1] Throughput = 0.71722 Mbps | SE = 0.01880 bit/s/Hz
4902[UE 1 | RB 1] Throughput = 1.30496 Mbps | SE = 0.03420 bit/s/Hz
5003[UE 1 | RB 1] Throughput = 1.43188 Mbps | SE = 0.03752 bit/s/Hz
5112[UE 1 | RB 1] Throughput = 0.65702 Mbps | SE = 0.01722 bit/s/Hz
5222[UE 1 | RB 1] Throughput = 1.19655 Mbps | SE = 0.03136 bit/s/Hz
5322[UE 1 | RB 1] Throughput = 1.31753 Mbps | SE = 0.03453 bit/s/Hz
5432[UE 1 | RB 1] Throughput = 1.09107 Mbps | SE = 0.02859 bit/s/Hz
5532[UE 1 | RB 1] Throughput = 0.71762 Mbps | SE = 0.01881 bit/s/Hz
5642[UE 1 | RB 1] Throughput = 1.30409 Mbps | SE = 0.03417 bit/s/Hz
5752[UE 1 | RB 1] Throughput = 1.20636 Mbps | SE = 0.03161 bit/s/Hz
5852[UE 1 | RB 1] Throughput = 0.71847 Mbps | SE = 0.01883 bit/s/Hz
5952[UE 1 | RB 1] Throughput = 1.31723 Mbps | SE = 0.03452 bit/s/Hz
6052[UE 1 | RB 1] Throughput = 0.71675 Mbps | SE = 0.01878 bit/s/Hz
6162[UE 1 | RB 1] Throughput = 1.19633 Mbps | SE = 0.03135 bit/s/Hz
6272[UE 1 | RB 1] Throughput = 1.20596 Mbps | SE = 0.03160 bit/s/Hz
6372[UE 1 | RB 1] Throughput = 1.07729 Mbps | SE = 0.02823 bit/s/Hz
6482[UE 1 | RB 1] Throughput = 0.97527 Mbps | SE = 0.02556 bit/s/Hz
6592[UE 1 | RB 1] Throughput = 1.20506 Mbps | SE = 0.03158 bit/s/Hz
6692[UE 1 | RB 1] Throughput = 0.59842 Mbps | SE = 0.01568 bit/s/Hz
6792[UE 1 | RB 1] Throughput = 1.43722 Mbps | SE = 0.03766 bit/s/Hz
6902[UE 1 | RB 1] Throughput = 1.19875 Mbps | SE = 0.03141 bit/s/Hz
7012[UE 1 | RB 1] Throughput = 0.54447 Mbps | SE = 0.01427 bit/s/Hz
7122[UE 1 | RB 1] Throughput = 1.19985 Mbps | SE = 0.03144 bit/s/Hz
7222[UE 1 | RB 1] Throughput = 1.55570 Mbps | SE = 0.04077 bit/s/Hz
7332[UE 1 | RB 1] Throughput = 0.76477 Mbps | SE = 0.02004 bit/s/Hz
7432[UE 1 | RB 1] Throughput = 1.19629 Mbps | SE = 0.03135 bit/s/Hz
7532[UE 1 | RB 1] Throughput = 0.83782 Mbps | SE = 0.02196 bit/s/Hz
7642[UE 1 | RB 1] Throughput = 1.30869 Mbps | SE = 0.03429 bit/s/Hz
7752[UE 1 | RB 1] Throughput = 0.65367 Mbps | SE = 0.01713 bit/s/Hz
7852[UE 1 | RB 1] Throughput = 1.43794 Mbps | SE = 0.03768 bit/s/Hz
7962[UE 1 | RB 1] Throughput = 1.30899 Mbps | SE = 0.03430 bit/s/Hz
8062[UE 1 | RB 1] Throughput = 0.71895 Mbps | SE = 0.01884 bit/s/Hz
8162[UE 1 | RB 1] Throughput = 0.83837 Mbps | SE = 0.02197 bit/s/Hz
8272[UE 1 | RB 1] Throughput = 1.31028 Mbps | SE = 0.03434 bit/s/Hz
8372[UE 1 | RB 1] Throughput = 0.71614 Mbps | SE = 0.01877 bit/s/Hz
8482[UE 1 | RB 1] Throughput = 1.30958 Mbps | SE = 0.03432 bit/s/Hz
8592[UE 1 | RB 1] Throughput = 1.30782 Mbps | SE = 0.03427 bit/s/Hz
8692[UE 1 | RB 1] Throughput = 0.95832 Mbps | SE = 0.02511 bit/s/Hz
8802[UE 1 | RB 1] Throughput = 0.76303 Mbps | SE = 0.02000 bit/s/Hz
8902[UE 1 | RB 1] Throughput = 1.43720 Mbps | SE = 0.03766 bit/s/Hz
9012[UE 1 | RB 1] Throughput = 0.65387 Mbps | SE = 0.01713 bit/s/Hz
9112[UE 1 | RB 1] Throughput = 1.07744 Mbps | SE = 0.02823 bit/s/Hz
9212[UE 1 | RB 1] Throughput = 1.31820 Mbps | SE = 0.03454 bit/s/Hz
9322[UE 1 | RB 1] Throughput = 1.19909 Mbps | SE = 0.03142 bit/s/Hz
9432[UE 1 | RB 1] Throughput = 1.30954 Mbps | SE = 0.03432 bit/s/Hz
9532[UE 1 | RB 1] Throughput = 0.83593 Mbps | SE = 0.02191 bit/s/Hz
9642[UE 1 | RB 1] Throughput = 1.09113 Mbps | SE = 0.02859 bit/s/Hz
9742[UE 1 | RB 1] Throughput = 0.83753 Mbps | SE = 0.02195 bit/s/Hz
9852[UE 1 | RB 1] Throughput = 1.31055 Mbps | SE = 0.03434 bit/s/Hz
9962[UE 1 | RB 1] Throughput = 1.19731 Mbps | SE = 0.03138 bit/s/Hz
10062[UE 1 | RB 1] Throughput = 0.71822 Mbps | SE = 0.01882 bit/s/Hz
10163[UE 1 | RB 1] Throughput = 1.31104 Mbps | SE = 0.03436 bit/s/Hz
10272[UE 1 | RB 1] Throughput = 0.65697 Mbps | SE = 0.01722 bit/s/Hz
10373[UE 1 | RB 1] Throughput = 1.42196 Mbps | SE = 0.03726 bit/s/Hz
10482[UE 1 | RB 1] Throughput = 1.09870 Mbps | SE = 0.02879 bit/s/Hz
10593[UE 1 | RB 1] Throughput = 1.18933 Mbps | SE = 0.03117 bit/s/Hz
10702[UE 1 | RB 1] Throughput = 0.55098 Mbps | SE = 0.01444 bit/s/Hz
10802[UE 1 | RB 1] Throughput = 1.55439 Mbps | SE = 0.04073 bit/s/Hz
10912[UE 1 | RB 1] Throughput = 0.76356 Mbps | SE = 0.02001 bit/s/Hz
11022[UE 1 | RB 1] Throughput = 1.30821 Mbps | SE = 0.03428 bit/s/Hz
11122[UE 1 | RB 1] Throughput = 0.95678 Mbps | SE = 0.02507 bit/s/Hz
11232[UE 1 | RB 1] Throughput = 1.30966 Mbps | SE = 0.03432 bit/s/Hz
11332[UE 1 | RB 1] Throughput = 0.71705 Mbps | SE = 0.01879 bit/s/Hz
11442[UE 1 | RB 1] Throughput = 1.19897 Mbps | SE = 0.03142 bit/s/Hz
11552[UE 1 | RB 1] Throughput = 1.30552 Mbps | SE = 0.03421 bit/s/Hz
11662[UE 1 | RB 1] Throughput = 0.65395 Mbps | SE = 0.01714 bit/s/Hz
11762[UE 1 | RB 1] Throughput = 1.43778 Mbps | SE = 0.03768 bit/s/Hz
11872[UE 1 | RB 1] Throughput = 0.76535 Mbps | SE = 0.02006 bit/s/Hz
11972[UE 1 | RB 1] Throughput = 1.43601 Mbps | SE = 0.03763 bit/s/Hz
12072[UE 1 | RB 1] Throughput = 0.71876 Mbps | SE = 0.01884 bit/s/Hz
12172[UE 1 | RB 1] Throughput = 0.95851 Mbps | SE = 0.02512 bit/s/Hz
12272[UE 1 | RB 1] Throughput = 1.43768 Mbps | SE = 0.03767 bit/s/Hz
12382[UE 1 | RB 1] Throughput = 0.65508 Mbps | SE = 0.01717 bit/s/Hz
12482[UE 1 | RB 1] Throughput = 1.55076 Mbps | SE = 0.04064 bit/s/Hz
12592[UE 1 | RB 1] Throughput = 1.20580 Mbps | SE = 0.03160 bit/s/Hz
12692[UE 1 | RB 1] Throughput = 0.71618 Mbps | SE = 0.01877 bit/s/Hz
12802[UE 1 | RB 1] Throughput = 1.09047 Mbps | SE = 0.02858 bit/s/Hz
12912[UE 1 | RB 1] Throughput = 1.19710 Mbps | SE = 0.03137 bit/s/Hz
13022[UE 1 | RB 1] Throughput = 0.65409 Mbps | SE = 0.01714 bit/s/Hz
13132[UE 1 | RB 1] Throughput = 1.30794 Mbps | SE = 0.03428 bit/s/Hz
13232[UE 1 | RB 1] Throughput = 0.71833 Mbps | SE = 0.01882 bit/s/Hz
13332[UE 1 | RB 1] Throughput = 1.43517 Mbps | SE = 0.03761 bit/s/Hz
13442[UE 1 | RB 1] Throughput = 1.41930 Mbps | SE = 0.03719 bit/s/Hz
13542[UE 1 | RB 1] Throughput = 0.71708 Mbps | SE = 0.01879 bit/s/Hz
13642[UE 1 | RB 1] Throughput = 0.71867 Mbps | SE = 0.01883 bit/s/Hz
13752[UE 1 | RB 1] Throughput = 1.30955 Mbps | SE = 0.03432 bit/s/Hz
13862[UE 1 | RB 1] Throughput = 0.76209 Mbps | SE = 0.01997 bit/s/Hz
13962[UE 1 | RB 1] Throughput = 1.67565 Mbps | SE = 0.04391 bit/s/Hz
14072[UE 1 | RB 1] Throughput = 0.76351 Mbps | SE = 0.02001 bit/s/Hz
14182[UE 1 | RB 1] Throughput = 1.30861 Mbps | SE = 0.03429 bit/s/Hz
14282[UE 1 | RB 1] Throughput = 0.95687 Mbps | SE = 0.02508 bit/s/Hz
14382[UE 1 | RB 1] Throughput = 1.19809 Mbps | SE = 0.03140 bit/s/Hz
14492[UE 1 | RB 1] Throughput = 0.87484 Mbps | SE = 0.02293 bit/s/Hz
14602[UE 1 | RB 1] Throughput = 1.08714 Mbps | SE = 0.02849 bit/s/Hz
14712[UE 1 | RB 1] Throughput = 1.41948 Mbps | SE = 0.03720 bit/s/Hz
14822[UE 1 | RB 1] Throughput = 0.65162 Mbps | SE = 0.01708 bit/s/Hz
14932[UE 1 | RB 1] Throughput = 1.42230 Mbps | SE = 0.03727 bit/s/Hz
15032[UE 1 | RB 1] Throughput = 0.83869 Mbps | SE = 0.02198 bit/s/Hz
15132[UE 1 | RB 1] Throughput = 0.71651 Mbps | SE = 0.01878 bit/s/Hz
15242[UE 1 | RB 1] Throughput = 1.52483 Mbps | SE = 0.03996 bit/s/Hz
15342[UE 1 | RB 1] Throughput = 0.71854 Mbps | SE = 0.01883 bit/s/Hz
15442[UE 1 | RB 1] Throughput = 1.31799 Mbps | SE = 0.03454 bit/s/Hz
15542[UE 1 | RB 1] Throughput = 1.07655 Mbps | SE = 0.02821 bit/s/Hz
15652[UE 1 | RB 1] Throughput = 1.20250 Mbps | SE = 0.03151 bit/s/Hz
15762[UE 1 | RB 1] Throughput = 0.65270 Mbps | SE = 0.01710 bit/s/Hz
15872[UE 1 | RB 1] Throughput = 1.42060 Mbps | SE = 0.03723 bit/s/Hz
15982[UE 1 | RB 1] Throughput = 0.98088 Mbps | SE = 0.02570 bit/s/Hz
16082[UE 1 | RB 1] Throughput = 1.07618 Mbps | SE = 0.02820 bit/s/Hz
16182[UE 1 | RB 1] Throughput = 0.83642 Mbps | SE = 0.02192 bit/s/Hz
16292[UE 1 | RB 1] Throughput = 1.20266 Mbps | SE = 0.03152 bit/s/Hz
16392[UE 1 | RB 1] Throughput = 1.31734 Mbps | SE = 0.03452 bit/s/Hz
16492[UE 1 | RB 1] Throughput = 0.95803 Mbps | SE = 0.02511 bit/s/Hz
16602[UE 1 | RB 1] Throughput = 0.98176 Mbps | SE = 0.02573 bit/s/Hz
16702[UE 1 | RB 1] Throughput = 0.71746 Mbps | SE = 0.01880 bit/s/Hz
16812[UE 1 | RB 1] Throughput = 0.98081 Mbps | SE = 0.02570 bit/s/Hz
16922[UE 1 | RB 1] Throughput = 1.52783 Mbps | SE = 0.04004 bit/s/Hz
17022[UE 1 | RB 1] Throughput = 0.71826 Mbps | SE = 0.01882 bit/s/Hz
17122[UE 1 | RB 1] Throughput = 0.83865 Mbps | SE = 0.02198 bit/s/Hz
17222[UE 1 | RB 1] Throughput = 1.67541 Mbps | SE = 0.04390 bit/s/Hz
17332[UE 1 | RB 1] Throughput = 1.31170 Mbps | SE = 0.03437 bit/s/Hz
17432[UE 1 | RB 1] Throughput = 0.59682 Mbps | SE = 0.01564 bit/s/Hz
17542[UE 1 | RB 1] Throughput = 1.30951 Mbps | SE = 0.03432 bit/s/Hz
17652[UE 1 | RB 1] Throughput = 0.76390 Mbps | SE = 0.02002 bit/s/Hz
17752[UE 1 | RB 1] Throughput = 1.07765 Mbps | SE = 0.02824 bit/s/Hz
17852[UE 1 | RB 1] Throughput = 1.31588 Mbps | SE = 0.03448 bit/s/Hz
17952[UE 1 | RB 1] Throughput = 0.71834 Mbps | SE = 0.01882 bit/s/Hz
18052[UE 1 | RB 1] Throughput = 1.43789 Mbps | SE = 0.03768 bit/s/Hz
18162[UE 1 | RB 1] Throughput = 0.65554 Mbps | SE = 0.01718 bit/s/Hz
18262[UE 1 | RB 1] Throughput = 1.67711 Mbps | SE = 0.04395 bit/s/Hz
18362[UE 1 | RB 1] Throughput = 0.83818 Mbps | SE = 0.02196 bit/s/Hz
18462[UE 1 | RB 1] Throughput = 1.31329 Mbps | SE = 0.03442 bit/s/Hz
18572[UE 1 | RB 1] Throughput = 0.65390 Mbps | SE = 0.01714 bit/s/Hz
18682[UE 1 | RB 1] Throughput = 1.41891 Mbps | SE = 0.03718 bit/s/Hz
18792[UE 1 | RB 1] Throughput = 0.65432 Mbps | SE = 0.01715 bit/s/Hz
18902[UE 1 | RB 1] Throughput = 1.30714 Mbps | SE = 0.03425 bit/s/Hz
19002[UE 1 | RB 1] Throughput = 1.19763 Mbps | SE = 0.03138 bit/s/Hz
19112[UE 1 | RB 1] Throughput = 0.76256 Mbps | SE = 0.01998 bit/s/Hz
19222[UE 1 | RB 1] Throughput = 1.30663 Mbps | SE = 0.03424 bit/s/Hz
19322[UE 1 | RB 1] Throughput = 1.19687 Mbps | SE = 0.03136 bit/s/Hz
19422[UE 1 | RB 1] Throughput = 0.71880 Mbps | SE = 0.01884 bit/s/Hz
19523[UE 1 | RB 1] Throughput = 1.43361 Mbps | SE = 0.03757 bit/s/Hz
19632[UE 1 | RB 1] Throughput = 0.65535 Mbps | SE = 0.01717 bit/s/Hz
19742[UE 1 | RB 1] Throughput = 1.09094 Mbps | SE = 0.02859 bit/s/Hz
19842[UE 1 | RB 1] Throughput = 1.43710 Mbps | SE = 0.03766 bit/s/Hz
19952[UE 1 | RB 1] Throughput = 1.09205 Mbps | SE = 0.02862 bit/s/Hz
20052[UE 1 | RB 1] Throughput = 0.71892 Mbps | SE = 0.01884 bit/s/Hz
20162[UE 1 | RB 1] Throughput = 1.30814 Mbps | SE = 0.03428 bit/s/Hz
20272[UE 1 | RB 1] Throughput = 1.08647 Mbps | SE = 0.02847 bit/s/Hz
20382[UE 1 | RB 1] Throughput = 1.20011 Mbps | SE = 0.03145 bit/s/Hz
20492[UE 1 | RB 1] Throughput = 0.98135 Mbps | SE = 0.02572 bit/s/Hz
20602[UE 1 | RB 1] Throughput = 0.65426 Mbps | SE = 0.01715 bit/s/Hz
20703[UE 1 | RB 1] Throughput = 1.31070 Mbps | SE = 0.03435 bit/s/Hz
20812[UE 1 | RB 1] Throughput = 1.20378 Mbps | SE = 0.03155 bit/s/Hz
20922[UE 1 | RB 1] Throughput = 1.19877 Mbps | SE = 0.03141 bit/s/Hz
21032[UE 1 | RB 1] Throughput = 1.08873 Mbps | SE = 0.02853 bit/s/Hz
21132[UE 1 | RB 1] Throughput = 0.71898 Mbps | SE = 0.01884 bit/s/Hz
21242[UE 1 | RB 1] Throughput = 1.41475 Mbps | SE = 0.03707 bit/s/Hz
21352[UE 1 | RB 1] Throughput = 0.54597 Mbps | SE = 0.01431 bit/s/Hz
21452[UE 1 | RB 1] Throughput = 1.43197 Mbps | SE = 0.03753 bit/s/Hz
21562[UE 1 | RB 1] Throughput = 1.30720 Mbps | SE = 0.03426 bit/s/Hz
21672[UE 1 | RB 1] Throughput = 0.65514 Mbps | SE = 0.01717 bit/s/Hz
21782[UE 1 | RB 1] Throughput = 1.30624 Mbps | SE = 0.03423 bit/s/Hz
21892[UE 1 | RB 1] Throughput = 0.98143 Mbps | SE = 0.02572 bit/s/Hz
22002[UE 1 | RB 1] Throughput = 0.98224 Mbps | SE = 0.02574 bit/s/Hz
22103[UE 1 | RB 1] Throughput = 1.42678 Mbps | SE = 0.03739 bit/s/Hz
22212[UE 1 | RB 1] Throughput = 0.76695 Mbps | SE = 0.02010 bit/s/Hz
22322[UE 1 | RB 1] Throughput = 1.19715 Mbps | SE = 0.03137 bit/s/Hz
22432[UE 1 | RB 1] Throughput = 0.98187 Mbps | SE = 0.02573 bit/s/Hz
22532[UE 1 | RB 1] Throughput = 1.31803 Mbps | SE = 0.03454 bit/s/Hz
22632[UE 1 | RB 1] Throughput = 0.95767 Mbps | SE = 0.02510 bit/s/Hz
22742[UE 1 | RB 1] Throughput = 0.98120 Mbps | SE = 0.02571 bit/s/Hz
22842[UE 1 | RB 1] Throughput = 0.95868 Mbps | SE = 0.02512 bit/s/Hz
22942[UE 1 | RB 1] Throughput = 1.07684 Mbps | SE = 0.02822 bit/s/Hz
23042[UE 1 | RB 1] Throughput = 1.31800 Mbps | SE = 0.03454 bit/s/Hz
23142[UE 1 | RB 1] Throughput = 0.71877 Mbps | SE = 0.01884 bit/s/Hz
23252[UE 1 | RB 1] Throughput = 1.30901 Mbps | SE = 0.03430 bit/s/Hz
23362[UE 1 | RB 1] Throughput = 0.76316 Mbps | SE = 0.02000 bit/s/Hz
23462[UE 1 | RB 1] Throughput = 1.43535 Mbps | SE = 0.03761 bit/s/Hz
23572[UE 1 | RB 1] Throughput = 0.98169 Mbps | SE = 0.02573 bit/s/Hz
23682[UE 1 | RB 1] Throughput = 0.65455 Mbps | SE = 0.01715 bit/s/Hz
23792[UE 1 | RB 1] Throughput = 1.19887 Mbps | SE = 0.03142 bit/s/Hz
23902[UE 1 | RB 1] Throughput = 1.30725 Mbps | SE = 0.03426 bit/s/Hz
24002[UE 1 | RB 1] Throughput = 1.19657 Mbps | SE = 0.03136 bit/s/Hz
24102[UE 1 | RB 1] Throughput = 0.83770 Mbps | SE = 0.02195 bit/s/Hz
24202[UE 1 | RB 1] Throughput = 0.71820 Mbps | SE = 0.01882 bit/s/Hz
24312[UE 1 | RB 1] Throughput = 1.41794 Mbps | SE = 0.03716 bit/s/Hz
24422[UE 1 | RB 1] Throughput = 1.09150 Mbps | SE = 0.02860 bit/s/Hz
24522[UE 1 | RB 1] Throughput = 0.71844 Mbps | SE = 0.01883 bit/s/Hz
24632[UE 1 | RB 1] Throughput = 1.30979 Mbps | SE = 0.03432 bit/s/Hz
24742[UE 1 | RB 1] Throughput = 1.41527 Mbps | SE = 0.03709 bit/s/Hz
24842[UE 1 | RB 1] Throughput = 0.83827 Mbps | SE = 0.02197 bit/s/Hz
24942[UE 1 | RB 1] Throughput = 0.71841 Mbps | SE = 0.01883 bit/s/Hz
25042[UE 1 | RB 1] Throughput = 1.43525 Mbps | SE = 0.03761 bit/s/Hz
25152[UE 1 | RB 1] Throughput = 1.20191 Mbps | SE = 0.03150 bit/s/Hz
25252[UE 1 | RB 1] Throughput = 1.07810 Mbps | SE = 0.02825 bit/s/Hz
25352[UE 1 | RB 1] Throughput = 0.59857 Mbps | SE = 0.01569 bit/s/Hz
25462[UE 1 | RB 1] Throughput = 1.30605 Mbps | SE = 0.03423 bit/s/Hz
25562[UE 1 | RB 1] Throughput = 1.31816 Mbps | SE = 0.03454 bit/s/Hz
25672[UE 1 | RB 1] Throughput = 0.76290 Mbps | SE = 0.01999 bit/s/Hz
25782[UE 1 | RB 1] Throughput = 1.30960 Mbps | SE = 0.03432 bit/s/Hz
25892[UE 1 | RB 1] Throughput = 0.65374 Mbps | SE = 0.01713 bit/s/Hz
26003[UE 1 | RB 1] Throughput = 1.29965 Mbps | SE = 0.03406 bit/s/Hz
26112[UE 1 | RB 1] Throughput = 1.31294 Mbps | SE = 0.03441 bit/s/Hz
26212[UE 1 | RB 1] Throughput = 0.71797 Mbps | SE = 0.01881 bit/s/Hz
26322[UE 1 | RB 1] Throughput = 1.19922 Mbps | SE = 0.03143 bit/s/Hz
26432[UE 1 | RB 1] Throughput = 1.20216 Mbps | SE = 0.03150 bit/s/Hz
26542[UE 1 | RB 1] Throughput = 1.08788 Mbps | SE = 0.02851 bit/s/Hz
26642[UE 1 | RB 1] Throughput = 0.71721 Mbps | SE = 0.01879 bit/s/Hz
26752[UE 1 | RB 1] Throughput = 1.30899 Mbps | SE = 0.03430 bit/s/Hz
26852[UE 1 | RB 1] Throughput = 0.71848 Mbps | SE = 0.01883 bit/s/Hz
26962[UE 1 | RB 1] Throughput = 1.19805 Mbps | SE = 0.03140 bit/s/Hz
27072[UE 1 | RB 1] Throughput = 1.31029 Mbps | SE = 0.03434 bit/s/Hz
27172[UE 1 | RB 1] Throughput = 0.71674 Mbps | SE = 0.01878 bit/s/Hz
27282[UE 1 | RB 1] Throughput = 1.31124 Mbps | SE = 0.03436 bit/s/Hz
27392[UE 1 | RB 1] Throughput = 0.65472 Mbps | SE = 0.01716 bit/s/Hz
27492[UE 1 | RB 1] Throughput = 1.31619 Mbps | SE = 0.03449 bit/s/Hz
27592[UE 1 | RB 1] Throughput = 1.31503 Mbps | SE = 0.03446 bit/s/Hz
27693[UE 1 | RB 1] Throughput = 0.71728 Mbps | SE = 0.01880 bit/s/Hz
27802[UE 1 | RB 1] Throughput = 1.31073 Mbps | SE = 0.03435 bit/s/Hz
27912[UE 1 | RB 1] Throughput = 1.30861 Mbps | SE = 0.03429 bit/s/Hz
28012[UE 1 | RB 1] Throughput = 0.83785 Mbps | SE = 0.02196 bit/s/Hz
28122[UE 1 | RB 1] Throughput = 0.65423 Mbps | SE = 0.01714 bit/s/Hz
28232[UE 1 | RB 1] Throughput = 1.52843 Mbps | SE = 0.04005 bit/s/Hz
28332[UE 1 | RB 1] Throughput = 0.83573 Mbps | SE = 0.02190 bit/s/Hz
28432[UE 1 | RB 1] Throughput = 1.31721 Mbps | SE = 0.03452 bit/s/Hz
28542[UE 1 | RB 1] Throughput = 1.09187 Mbps | SE = 0.02861 bit/s/Hz
28642[UE 1 | RB 1] Throughput = 0.83757 Mbps | SE = 0.02195 bit/s/Hz
28742[UE 1 | RB 1] Throughput = 1.19808 Mbps | SE = 0.03140 bit/s/Hz
28852[UE 1 | RB 1] Throughput = 1.19860 Mbps | SE = 0.03141 bit/s/Hz
28962[UE 1 | RB 1] Throughput = 0.76417 Mbps | SE = 0.02003 bit/s/Hz
29062[UE 1 | RB 1] Throughput = 1.31585 Mbps | SE = 0.03448 bit/s/Hz
29172[UE 1 | RB 1] Throughput = 0.65491 Mbps | SE = 0.01716 bit/s/Hz
29272[UE 1 | RB 1] Throughput = 1.43804 Mbps | SE = 0.03768 bit/s/Hz
29372[UE 1 | RB 1] Throughput = 0.71790 Mbps | SE = 0.01881 bit/s/Hz
29482[UE 1 | RB 1] Throughput = 1.30862 Mbps | SE = 0.03429 bit/s/Hz
29582[UE 1 | RB 1] Throughput = 0.83664 Mbps | SE = 0.02192 bit/s/Hz
29692[UE 1 | RB 1] Throughput = 1.30962 Mbps | SE = 0.03432 bit/s/Hz
29793[UE 1 | RB 1] Throughput = 1.31469 Mbps | SE = 0.03445 bit/s/Hz
29893[UE 1 | RB 1] Throughput = 0.71819 Mbps | SE = 0.01882 bit/s/Hz
30002[UE 1 | RB 1] Throughput = 1.31255 Mbps | SE = 0.03440 bit/s/Hz
30112[UE 1 | RB 1] Throughput = 1.19975 Mbps | SE = 0.03144 bit/s/Hz
30222[UE 1 | RB 1] Throughput = 0.65396 Mbps | SE = 0.01714 bit/s/Hz
30322[UE 1 | RB 1] Throughput = 1.31655 Mbps | SE = 0.03450 bit/s/Hz
30422[UE 1 | RB 1] Throughput = 0.71814 Mbps | SE = 0.01882 bit/s/Hz
30522[UE 1 | RB 1] Throughput = 1.43560 Mbps | SE = 0.03762 bit/s/Hz
30632[UE 1 | RB 1] Throughput = 1.20080 Mbps | SE = 0.03147 bit/s/Hz
30742[UE 1 | RB 1] Throughput = 0.65371 Mbps | SE = 0.01713 bit/s/Hz
30852[UE 1 | RB 1] Throughput = 1.30821 Mbps | SE = 0.03428 bit/s/Hz
30952[UE 1 | RB 1] Throughput = 1.31721 Mbps | SE = 0.03452 bit/s/Hz
31052[UE 1 | RB 1] Throughput = 0.71819 Mbps | SE = 0.01882 bit/s/Hz
31162[UE 1 | RB 1] Throughput = 1.30727 Mbps | SE = 0.03426 bit/s/Hz
31272[UE 1 | RB 1] Throughput = 0.76304 Mbps | SE = 0.02000 bit/s/Hz
31382[UE 1 | RB 1] Throughput = 1.19871 Mbps | SE = 0.03141 bit/s/Hz
31483[UE 1 | RB 1] Throughput = 1.31456 Mbps | SE = 0.03445 bit/s/Hz
31583[UE 1 | RB 1] Throughput = 0.83715 Mbps | SE = 0.02194 bit/s/Hz
31692[UE 1 | RB 1] Throughput = 0.76628 Mbps | SE = 0.02008 bit/s/Hz
31802[UE 1 | RB 1] Throughput = 1.19719 Mbps | SE = 0.03137 bit/s/Hz
31902[UE 1 | RB 1] Throughput = 1.43693 Mbps | SE = 0.03766 bit/s/Hz
32012[UE 1 | RB 1] Throughput = 0.65542 Mbps | SE = 0.01718 bit/s/Hz
32122[UE 1 | RB 1] Throughput = 1.30820 Mbps | SE = 0.03428 bit/s/Hz
32222[UE 1 | RB 1] Throughput = 1.31799 Mbps | SE = 0.03454 bit/s/Hz
32322[UE 1 | RB 1] Throughput = 0.71704 Mbps | SE = 0.01879 bit/s/Hz
32422[UE 1 | RB 1] Throughput = 1.43801 Mbps | SE = 0.03768 bit/s/Hz
32532[UE 1 | RB 1] Throughput = 0.76324 Mbps | SE = 0.02000 bit/s/Hz
32642[UE 1 | RB 1] Throughput = 0.65341 Mbps | SE = 0.01712 bit/s/Hz
32742[UE 1 | RB 1] Throughput = 1.55678 Mbps | SE = 0.04080 bit/s/Hz
32843[UE 1 | RB 1] Throughput = 0.71660 Mbps | SE = 0.01878 bit/s/Hz
32952[UE 1 | RB 1] Throughput = 1.42376 Mbps | SE = 0.03731 bit/s/Hz
33062[UE 1 | RB 1] Throughput = 1.30678 Mbps | SE = 0.03424 bit/s/Hz
33172[UE 1 | RB 1] Throughput = 0.65320 Mbps | SE = 0.01712 bit/s/Hz
33272[UE 1 | RB 1] Throughput = 1.43765 Mbps | SE = 0.03767 bit/s/Hz
33382[UE 1 | RB 1] Throughput = 0.65545 Mbps | SE = 0.01718 bit/s/Hz
33482[UE 1 | RB 1] Throughput = 1.55650 Mbps | SE = 0.04079 bit/s/Hz
33592[UE 1 | RB 1] Throughput = 0.76349 Mbps | SE = 0.02001 bit/s/Hz
33692[UE 1 | RB 1] Throughput = 1.43575 Mbps | SE = 0.03762 bit/s/Hz
33792[UE 1 | RB 1] Throughput = 0.71870 Mbps | SE = 0.01883 bit/s/Hz
33892[UE 1 | RB 1] Throughput = 1.31737 Mbps | SE = 0.03452 bit/s/Hz
33992[UE 1 | RB 1] Throughput = 0.71894 Mbps | SE = 0.01884 bit/s/Hz
34093[UE 1 | RB 1] Throughput = 1.19572 Mbps | SE = 0.03133 bit/s/Hz
34202[UE 1 | RB 1] Throughput = 0.98220 Mbps | SE = 0.02574 bit/s/Hz
34312[UE 1 | RB 1] Throughput = 1.30781 Mbps | SE = 0.03427 bit/s/Hz
34422[UE 1 | RB 1] Throughput = 0.65432 Mbps | SE = 0.01715 bit/s/Hz
34522[UE 1 | RB 1] Throughput = 1.43739 Mbps | SE = 0.03767 bit/s/Hz
34622[UE 1 | RB 1] Throughput = 0.95726 Mbps | SE = 0.02509 bit/s/Hz
34732[UE 1 | RB 1] Throughput = 1.20018 Mbps | SE = 0.03145 bit/s/Hz
34832[UE 1 | RB 1] Throughput = 0.83887 Mbps | SE = 0.02198 bit/s/Hz
34932[UE 1 | RB 1] Throughput = 1.31788 Mbps | SE = 0.03454 bit/s/Hz
35042[UE 1 | RB 1] Throughput = 0.76264 Mbps | SE = 0.01999 bit/s/Hz
35142[UE 1 | RB 1] Throughput = 1.31625 Mbps | SE = 0.03449 bit/s/Hz
35252[UE 1 | RB 1] Throughput = 1.30667 Mbps | SE = 0.03424 bit/s/Hz
35353[UE 1 | RB 1] Throughput = 0.71874 Mbps | SE = 0.01883 bit/s/Hz
35453[UE 1 | RB 1] Throughput = 1.31646 Mbps | SE = 0.03450 bit/s/Hz
35562[UE 1 | RB 1] Throughput = 1.09312 Mbps | SE = 0.02865 bit/s/Hz
35662[UE 1 | RB 1] Throughput = 1.19575 Mbps | SE = 0.03134 bit/s/Hz
35772[UE 1 | RB 1] Throughput = 0.65507 Mbps | SE = 0.01717 bit/s/Hz
35872[UE 1 | RB 1] Throughput = 1.43588 Mbps | SE = 0.03763 bit/s/Hz
35972[UE 1 | RB 1] Throughput = 0.59885 Mbps | SE = 0.01569 bit/s/Hz
36072[UE 1 | RB 1] Throughput = 1.31810 Mbps | SE = 0.03454 bit/s/Hz
36183[UE 1 | RB 1] Throughput = 1.08869 Mbps | SE = 0.02853 bit/s/Hz
36292[UE 1 | RB 1] Throughput = 0.65593 Mbps | SE = 0.01719 bit/s/Hz
36392[UE 1 | RB 1] Throughput = 1.31417 Mbps | SE = 0.03444 bit/s/Hz
36493[UE 1 | RB 1] Throughput = 1.19359 Mbps | SE = 0.03128 bit/s/Hz
36603[UE 1 | RB 1] Throughput = 1.20260 Mbps | SE = 0.03151 bit/s/Hz
36712[UE 1 | RB 1] Throughput = 1.19867 Mbps | SE = 0.03141 bit/s/Hz
36823[UE 1 | RB 1] Throughput = 0.87134 Mbps | SE = 0.02283 bit/s/Hz
36932[UE 1 | RB 1] Throughput = 0.98423 Mbps | SE = 0.02579 bit/s/Hz
37032[UE 1 | RB 1] Throughput = 0.71730 Mbps | SE = 0.01880 bit/s/Hz
37132[UE 1 | RB 1] Throughput = 1.43808 Mbps | SE = 0.03769 bit/s/Hz
37242[UE 1 | RB 1] Throughput = 1.19699 Mbps | SE = 0.03137 bit/s/Hz
37352[UE 1 | RB 1] Throughput = 0.98085 Mbps | SE = 0.02570 bit/s/Hz
37453[UE 1 | RB 1] Throughput = 1.19704 Mbps | SE = 0.03137 bit/s/Hz
37562[UE 1 | RB 1] Throughput = 1.20069 Mbps | SE = 0.03146 bit/s/Hz
37672[UE 1 | RB 1] Throughput = 0.54425 Mbps | SE = 0.01426 bit/s/Hz
37772[UE 1 | RB 1] Throughput = 1.43758 Mbps | SE = 0.03767 bit/s/Hz
37882[UE 1 | RB 1] Throughput = 1.08947 Mbps | SE = 0.02855 bit/s/Hz
37992[UE 1 | RB 1] Throughput = 1.19965 Mbps | SE = 0.03144 bit/s/Hz
38093[UE 1 | RB 1] Throughput = 0.71705 Mbps | SE = 0.01879 bit/s/Hz
38202[UE 1 | RB 1] Throughput = 0.98358 Mbps | SE = 0.02578 bit/s/Hz
38302[UE 1 | RB 1] Throughput = 1.43717 Mbps | SE = 0.03766 bit/s/Hz
38412[UE 1 | RB 1] Throughput = 0.76290 Mbps | SE = 0.01999 bit/s/Hz
38513[UE 1 | RB 1] Throughput = 1.43409 Mbps | SE = 0.03758 bit/s/Hz
38623[UE 1 | RB 1] Throughput = 1.08806 Mbps | SE = 0.02851 bit/s/Hz
38733[UE 1 | RB 1] Throughput = 1.09133 Mbps | SE = 0.02860 bit/s/Hz
38842[UE 1 | RB 1] Throughput = 0.65603 Mbps | SE = 0.01719 bit/s/Hz
38943[UE 1 | RB 1] Throughput = 1.43239 Mbps | SE = 0.03754 bit/s/Hz
39053[UE 1 | RB 1] Throughput = 0.98023 Mbps | SE = 0.02569 bit/s/Hz
39162[UE 1 | RB 1] Throughput = 1.09250 Mbps | SE = 0.02863 bit/s/Hz
39262[UE 1 | RB 1] Throughput = 0.71772 Mbps | SE = 0.01881 bit/s/Hz
39373[UE 1 | RB 1] Throughput = 1.30640 Mbps | SE = 0.03423 bit/s/Hz
39482[UE 1 | RB 1] Throughput = 1.09141 Mbps | SE = 0.02860 bit/s/Hz
39592[UE 1 | RB 1] Throughput = 1.08915 Mbps | SE = 0.02854 bit/s/Hz
39692[UE 1 | RB 1] Throughput = 1.19833 Mbps | SE = 0.03140 bit/s/Hz
39802[UE 1 | RB 1] Throughput = 0.76289 Mbps | SE = 0.01999 bit/s/Hz
39902[UE 1 | RB 1] Throughput = 1.19710 Mbps | SE = 0.03137 bit/s/Hz
40012[UE 1 | RB 1] Throughput = 1.19843 Mbps | SE = 0.03141 bit/s/Hz
40122[UE 1 | RB 1] Throughput = 0.76326 Mbps | SE = 0.02000 bit/s/Hz
40222[UE 1 | RB 1] Throughput = 1.43748 Mbps | SE = 0.03767 bit/s/Hz
40332[UE 1 | RB 1] Throughput = 0.65330 Mbps | SE = 0.01712 bit/s/Hz
40433[UE 1 | RB 1] Throughput = 1.31713 Mbps | SE = 0.03452 bit/s/Hz
40533[UE 1 | RB 1] Throughput = 1.19838 Mbps | SE = 0.03140 bit/s/Hz
40642[UE 1 | RB 1] Throughput = 1.09466 Mbps | SE = 0.02869 bit/s/Hz
40742[UE 1 | RB 1] Throughput = 1.07792 Mbps | SE = 0.02825 bit/s/Hz
40842[UE 1 | RB 1] Throughput = 0.71753 Mbps | SE = 0.01880 bit/s/Hz
40952[UE 1 | RB 1] Throughput = 1.41524 Mbps | SE = 0.03709 bit/s/Hz
41062[UE 1 | RB 1] Throughput = 0.98123 Mbps | SE = 0.02571 bit/s/Hz
41173[UE 1 | RB 1] Throughput = 0.86956 Mbps | SE = 0.02279 bit/s/Hz
41282[UE 1 | RB 1] Throughput = 1.31394 Mbps | SE = 0.03443 bit/s/Hz
41382[UE 1 | RB 1] Throughput = 0.71697 Mbps | SE = 0.01879 bit/s/Hz
41482[UE 1 | RB 1] Throughput = 1.43808 Mbps | SE = 0.03769 bit/s/Hz
41592[UE 1 | RB 1] Throughput = 0.87166 Mbps | SE = 0.02284 bit/s/Hz
41702[UE 1 | RB 1] Throughput = 1.20050 Mbps | SE = 0.03146 bit/s/Hz
41802[UE 1 | RB 1] Throughput = 1.31339 Mbps | SE = 0.03442 bit/s/Hz
41913[UE 1 | RB 1] Throughput = 0.76199 Mbps | SE = 0.01997 bit/s/Hz
42023[UE 1 | RB 1] Throughput = 1.19819 Mbps | SE = 0.03140 bit/s/Hz
42123[UE 1 | RB 1] Throughput = 0.71903 Mbps | SE = 0.01884 bit/s/Hz
42233[UE 1 | RB 1] Throughput = 1.52076 Mbps | SE = 0.03985 bit/s/Hz
42342[UE 1 | RB 1] Throughput = 0.65754 Mbps | SE = 0.01723 bit/s/Hz
42442[UE 1 | RB 1] Throughput = 1.43802 Mbps | SE = 0.03768 bit/s/Hz
42542[UE 1 | RB 1] Throughput = 0.95666 Mbps | SE = 0.02507 bit/s/Hz
42653[UE 1 | RB 1] Throughput = 1.08357 Mbps | SE = 0.02840 bit/s/Hz
42763[UE 1 | RB 1] Throughput = 1.09408 Mbps | SE = 0.02867 bit/s/Hz
42872[UE 1 | RB 1] Throughput = 1.09224 Mbps | SE = 0.02862 bit/s/Hz
42972[UE 1 | RB 1] Throughput = 0.95775 Mbps | SE = 0.02510 bit/s/Hz
43082[UE 1 | RB 1] Throughput = 1.30927 Mbps | SE = 0.03431 bit/s/Hz
43192[UE 1 | RB 1] Throughput = 0.65278 Mbps | SE = 0.01711 bit/s/Hz
43302[UE 1 | RB 1] Throughput = 1.30804 Mbps | SE = 0.03428 bit/s/Hz
43412[UE 1 | RB 1] Throughput = 1.19985 Mbps | SE = 0.03144 bit/s/Hz
43512[UE 1 | RB 1] Throughput = 0.83715 Mbps | SE = 0.02194 bit/s/Hz
43622[UE 1 | RB 1] Throughput = 0.87221 Mbps | SE = 0.02286 bit/s/Hz
43722[UE 1 | RB 1] Throughput = 1.43771 Mbps | SE = 0.03768 bit/s/Hz
43823[UE 1 | RB 1] Throughput = 1.19099 Mbps | SE = 0.03121 bit/s/Hz
43932[UE 1 | RB 1] Throughput = 1.09490 Mbps | SE = 0.02869 bit/s/Hz
44033[UE 1 | RB 1] Throughput = 0.71785 Mbps | SE = 0.01881 bit/s/Hz
44133[UE 1 | RB 1] Throughput = 0.71704 Mbps | SE = 0.01879 bit/s/Hz
44243[UE 1 | RB 1] Throughput = 1.52886 Mbps | SE = 0.04006 bit/s/Hz
44352[UE 1 | RB 1] Throughput = 1.09085 Mbps | SE = 0.02859 bit/s/Hz
44453[UE 1 | RB 1] Throughput = 0.83820 Mbps | SE = 0.02197 bit/s/Hz
44562[UE 1 | RB 1] Throughput = 1.20041 Mbps | SE = 0.03146 bit/s/Hz
44663[UE 1 | RB 1] Throughput = 1.31623 Mbps | SE = 0.03449 bit/s/Hz
44763[UE 1 | RB 1] Throughput = 0.71896 Mbps | SE = 0.01884 bit/s/Hz
44863[UE 1 | RB 1] Throughput = 1.31424 Mbps | SE = 0.03444 bit/s/Hz
44972[UE 1 | RB 1] Throughput = 0.76575 Mbps | SE = 0.02007 bit/s/Hz
45073[UE 1 | RB 1] Throughput = 1.43608 Mbps | SE = 0.03763 bit/s/Hz
45173[UE 1 | RB 1] Throughput = 0.71872 Mbps | SE = 0.01883 bit/s/Hz
45273[UE 1 | RB 1] Throughput = 1.43738 Mbps | SE = 0.03767 bit/s/Hz
45382[UE 1 | RB 1] Throughput = 0.65464 Mbps | SE = 0.01716 bit/s/Hz
45492[UE 1 | RB 1] Throughput = 1.30710 Mbps | SE = 0.03425 bit/s/Hz
45603[UE 1 | RB 1] Throughput = 1.19771 Mbps | SE = 0.03139 bit/s/Hz
45703[UE 1 | RB 1] Throughput = 0.95688 Mbps | SE = 0.02508 bit/s/Hz
45813[UE 1 | RB 1] Throughput = 1.19916 Mbps | SE = 0.03142 bit/s/Hz
45922[UE 1 | RB 1] Throughput = 0.65469 Mbps | SE = 0.01716 bit/s/Hz
46023[UE 1 | RB 1] Throughput = 1.43761 Mbps | SE = 0.03767 bit/s/Hz
46123[UE 1 | RB 1] Throughput = 1.19665 Mbps | SE = 0.03136 bit/s/Hz
46232[UE 1 | RB 1] Throughput = 1.09109 Mbps | SE = 0.02859 bit/s/Hz
46342[UE 1 | RB 1] Throughput = 0.98157 Mbps | SE = 0.02572 bit/s/Hz
46452[UE 1 | RB 1] Throughput = 0.87152 Mbps | SE = 0.02284 bit/s/Hz
46553[UE 1 | RB 1] Throughput = 1.43394 Mbps | SE = 0.03758 bit/s/Hz
46653[UE 1 | RB 1] Throughput = 0.71806 Mbps | SE = 0.01882 bit/s/Hz
46762[UE 1 | RB 1] Throughput = 1.31210 Mbps | SE = 0.03438 bit/s/Hz
46862[UE 1 | RB 1] Throughput = 0.71836 Mbps | SE = 0.01882 bit/s/Hz
46972[UE 1 | RB 1] Throughput = 1.19890 Mbps | SE = 0.03142 bit/s/Hz
47073[UE 1 | RB 1] Throughput = 1.06789 Mbps | SE = 0.02798 bit/s/Hz
47182[UE 1 | RB 1] Throughput = 0.66077 Mbps | SE = 0.01732 bit/s/Hz
47283[UE 1 | RB 1] Throughput = 1.42417 Mbps | SE = 0.03732 bit/s/Hz
47393[UE 1 | RB 1] Throughput = 1.31369 Mbps | SE = 0.03443 bit/s/Hz
47503[UE 1 | RB 1] Throughput = 1.08758 Mbps | SE = 0.02850 bit/s/Hz
47612[UE 1 | RB 1] Throughput = 0.76588 Mbps | SE = 0.02007 bit/s/Hz
47712[UE 1 | RB 1] Throughput = 1.31757 Mbps | SE = 0.03453 bit/s/Hz
47822[UE 1 | RB 1] Throughput = 0.76391 Mbps | SE = 0.02002 bit/s/Hz
47922[UE 1 | RB 1] Throughput = 1.31729 Mbps | SE = 0.03452 bit/s/Hz
48032[UE 1 | RB 1] Throughput = 1.19706 Mbps | SE = 0.03137 bit/s/Hz
48142[UE 1 | RB 1] Throughput = 0.65526 Mbps | SE = 0.01717 bit/s/Hz
48242[UE 1 | RB 1] Throughput = 1.43518 Mbps | SE = 0.03761 bit/s/Hz
48342[UE 1 | RB 1] Throughput = 0.83839 Mbps | SE = 0.02197 bit/s/Hz
48452[UE 1 | RB 1] Throughput = 1.30723 Mbps | SE = 0.03426 bit/s/Hz
48562[UE 1 | RB 1] Throughput = 0.87242 Mbps | SE = 0.02286 bit/s/Hz
48662[UE 1 | RB 1] Throughput = 0.83868 Mbps | SE = 0.02198 bit/s/Hz
48762[UE 1 | RB 1] Throughput = 1.43768 Mbps | SE = 0.03767 bit/s/Hz
48862[UE 1 | RB 1] Throughput = 0.59897 Mbps | SE = 0.01570 bit/s/Hz
48963[UE 1 | RB 1] Throughput = 1.31523 Mbps | SE = 0.03447 bit/s/Hz
49073[UE 1 | RB 1] Throughput = 1.30819 Mbps | SE = 0.03428 bit/s/Hz
49182[UE 1 | RB 1] Throughput = 0.65575 Mbps | SE = 0.01718 bit/s/Hz
49282[UE 1 | RB 1] Throughput = 1.31641 Mbps | SE = 0.03450 bit/s/Hz
49392[UE 1 | RB 1] Throughput = 0.65401 Mbps | SE = 0.01714 bit/s/Hz
49493[UE 1 | RB 1] Throughput = 1.43527 Mbps | SE = 0.03761 bit/s/Hz
49603[UE 1 | RB 1] Throughput = 1.30583 Mbps | SE = 0.03422 bit/s/Hz
49713[UE 1 | RB 1] Throughput = 1.19811 Mbps | SE = 0.03140 bit/s/Hz
49822[UE 1 | RB 1] Throughput = 0.76432 Mbps | SE = 0.02003 bit/s/Hz
49922[UE 1 | RB 1] Throughput = 0.83884 Mbps | SE = 0.02198 bit/s/Hz
50023[UE 1 | RB 1] Throughput = 1.07718 Mbps | SE = 0.02823 bit/s/Hz
50133[UE 1 | RB 1] Throughput = 1.08921 Mbps | SE = 0.02854 bit/s/Hz
50243[UE 1 | RB 1] Throughput = 1.30693 Mbps | SE = 0.03425 bit/s/Hz
50352[UE 1 | RB 1] Throughput = 1.31242 Mbps | SE = 0.03439 bit/s/Hz
50452[UE 1 | RB 1] Throughput = 0.71811 Mbps | SE = 0.01882 bit/s/Hz
50552[UE 1 | RB 1] Throughput = 0.83867 Mbps | SE = 0.02198 bit/s/Hz
50652[UE 1 | RB 1] Throughput = 1.31721 Mbps | SE = 0.03452 bit/s/Hz
50763[UE 1 | RB 1] Throughput = 1.19431 Mbps | SE = 0.03130 bit/s/Hz
50872[UE 1 | RB 1] Throughput = 0.76630 Mbps | SE = 0.02008 bit/s/Hz
50982[UE 1 | RB 1] Throughput = 1.19920 Mbps | SE = 0.03143 bit/s/Hz
51082[UE 1 | RB 1] Throughput = 1.31798 Mbps | SE = 0.03454 bit/s/Hz
51182[UE 1 | RB 1] Throughput = 0.71899 Mbps | SE = 0.01884 bit/s/Hz
51282[UE 1 | RB 1] Throughput = 1.43679 Mbps | SE = 0.03765 bit/s/Hz
51383[UE 1 | RB 1] Throughput = 0.83583 Mbps | SE = 0.02190 bit/s/Hz
51493[UE 1 | RB 1] Throughput = 1.20005 Mbps | SE = 0.03145 bit/s/Hz
51603[UE 1 | RB 1] Throughput = 0.76218 Mbps | SE = 0.01997 bit/s/Hz
51712[UE 1 | RB 1] Throughput = 1.20210 Mbps | SE = 0.03150 bit/s/Hz
51812[UE 1 | RB 1] Throughput = 1.43554 Mbps | SE = 0.03762 bit/s/Hz
51923[UE 1 | RB 1] Throughput = 0.65287 Mbps | SE = 0.01711 bit/s/Hz
52033[UE 1 | RB 1] Throughput = 1.30825 Mbps | SE = 0.03428 bit/s/Hz
52133[UE 1 | RB 1] Throughput = 0.83857 Mbps | SE = 0.02198 bit/s/Hz
52242[UE 1 | RB 1] Throughput = 1.09136 Mbps | SE = 0.02860 bit/s/Hz
52352[UE 1 | RB 1] Throughput = 1.30980 Mbps | SE = 0.03432 bit/s/Hz
52452[UE 1 | RB 1] Throughput = 1.19833 Mbps | SE = 0.03140 bit/s/Hz
52552[UE 1 | RB 1] Throughput = 0.83746 Mbps | SE = 0.02195 bit/s/Hz
52652[UE 1 | RB 1] Throughput = 1.31699 Mbps | SE = 0.03451 bit/s/Hz
52762[UE 1 | RB 1] Throughput = 0.65440 Mbps | SE = 0.01715 bit/s/Hz
52863[UE 1 | RB 1] Throughput = 1.31166 Mbps | SE = 0.03437 bit/s/Hz
52972[UE 1 | RB 1] Throughput = 0.65701 Mbps | SE = 0.01722 bit/s/Hz
53073[UE 1 | RB 1] Throughput = 1.55343 Mbps | SE = 0.04071 bit/s/Hz
53182[UE 1 | RB 1] Throughput = 1.09175 Mbps | SE = 0.02861 bit/s/Hz
53282[UE 1 | RB 1] Throughput = 0.95838 Mbps | SE = 0.02511 bit/s/Hz
53382[UE 1 | RB 1] Throughput = 1.31692 Mbps | SE = 0.03451 bit/s/Hz
53492[UE 1 | RB 1] Throughput = 0.76292 Mbps | SE = 0.01999 bit/s/Hz
53592[UE 1 | RB 1] Throughput = 1.43710 Mbps | SE = 0.03766 bit/s/Hz
53702[UE 1 | RB 1] Throughput = 0.65367 Mbps | SE = 0.01713 bit/s/Hz
53803[UE 1 | RB 1] Throughput = 1.43761 Mbps | SE = 0.03767 bit/s/Hz
53913[UE 1 | RB 1] Throughput = 0.87122 Mbps | SE = 0.02283 bit/s/Hz
54022[UE 1 | RB 1] Throughput = 0.87383 Mbps | SE = 0.02290 bit/s/Hz
54122[UE 1 | RB 1] Throughput = 1.43575 Mbps | SE = 0.03762 bit/s/Hz
54232[UE 1 | RB 1] Throughput = 1.19820 Mbps | SE = 0.03140 bit/s/Hz
54333[UE 1 | RB 1] Throughput = 0.95734 Mbps | SE = 0.02509 bit/s/Hz
54443[UE 1 | RB 1] Throughput = 0.98062 Mbps | SE = 0.02570 bit/s/Hz
54543[UE 1 | RB 1] Throughput = 0.95842 Mbps | SE = 0.02512 bit/s/Hz
54653[UE 1 | RB 1] Throughput = 1.30724 Mbps | SE = 0.03426 bit/s/Hz
54762[UE 1 | RB 1] Throughput = 0.98213 Mbps | SE = 0.02574 bit/s/Hz
54872[UE 1 | RB 1] Throughput = 0.87233 Mbps | SE = 0.02286 bit/s/Hz
54983[UE 1 | RB 1] Throughput = 0.86949 Mbps | SE = 0.02279 bit/s/Hz
55092[UE 1 | RB 1] Throughput = 1.31096 Mbps | SE = 0.03435 bit/s/Hz
55192[UE 1 | RB 1] Throughput = 1.31695 Mbps | SE = 0.03451 bit/s/Hz
55293[UE 1 | RB 1] Throughput = 0.83803 Mbps | SE = 0.02196 bit/s/Hz
55393[UE 1 | RB 1] Throughput = 1.07829 Mbps | SE = 0.02826 bit/s/Hz
55502[UE 1 | RB 1] Throughput = 1.30919 Mbps | SE = 0.03431 bit/s/Hz
55602[UE 1 | RB 1] Throughput = 0.71826 Mbps | SE = 0.01882 bit/s/Hz
55703[UE 1 | RB 1] Throughput = 0.83706 Mbps | SE = 0.02194 bit/s/Hz
55812[UE 1 | RB 1] Throughput = 1.31240 Mbps | SE = 0.03439 bit/s/Hz
55912[UE 1 | RB 1] Throughput = 1.43633 Mbps | SE = 0.03764 bit/s/Hz
56013[UE 1 | RB 1] Throughput = 0.71804 Mbps | SE = 0.01882 bit/s/Hz
56113[UE 1 | RB 1] Throughput = 1.31742 Mbps | SE = 0.03452 bit/s/Hz
56223[UE 1 | RB 1] Throughput = 1.08852 Mbps | SE = 0.02853 bit/s/Hz
56323[UE 1 | RB 1] Throughput = 0.83849 Mbps | SE = 0.02197 bit/s/Hz
56433[UE 1 | RB 1] Throughput = 0.65233 Mbps | SE = 0.01709 bit/s/Hz
56542[UE 1 | RB 1] Throughput = 1.53423 Mbps | SE = 0.04021 bit/s/Hz
56643[UE 1 | RB 1] Throughput = 0.83721 Mbps | SE = 0.02194 bit/s/Hz
56743[UE 1 | RB 1] Throughput = 1.43794 Mbps | SE = 0.03768 bit/s/Hz
56843[UE 1 | RB 1] Throughput = 0.71773 Mbps | SE = 0.01881 bit/s/Hz
56943[UE 1 | RB 1] Throughput = 1.43672 Mbps | SE = 0.03765 bit/s/Hz
57052[UE 1 | RB 1] Throughput = 0.65636 Mbps | SE = 0.01720 bit/s/Hz
57152[UE 1 | RB 1] Throughput = 0.95848 Mbps | SE = 0.02512 bit/s/Hz
57262[UE 1 | RB 1] Throughput = 1.30851 Mbps | SE = 0.03429 bit/s/Hz
57363[UE 1 | RB 1] Throughput = 1.19470 Mbps | SE = 0.03131 bit/s/Hz
57472[UE 1 | RB 1] Throughput = 1.20115 Mbps | SE = 0.03148 bit/s/Hz
57573[UE 1 | RB 1] Throughput = 0.95589 Mbps | SE = 0.02505 bit/s/Hz
57683[UE 1 | RB 1] Throughput = 1.08614 Mbps | SE = 0.02846 bit/s/Hz
57792[UE 1 | RB 1] Throughput = 1.20563 Mbps | SE = 0.03159 bit/s/Hz
57892[UE 1 | RB 1] Throughput = 0.83749 Mbps | SE = 0.02195 bit/s/Hz
57993[UE 1 | RB 1] Throughput = 1.31707 Mbps | SE = 0.03451 bit/s/Hz
58093[UE 1 | RB 1] Throughput = 0.71455 Mbps | SE = 0.01872 bit/s/Hz
58203[UE 1 | RB 1] Throughput = 1.31411 Mbps | SE = 0.03444 bit/s/Hz
58313[UE 1 | RB 1] Throughput = 1.09089 Mbps | SE = 0.02859 bit/s/Hz
58413[UE 1 | RB 1] Throughput = 1.19595 Mbps | SE = 0.03134 bit/s/Hz
58522[UE 1 | RB 1] Throughput = 0.65499 Mbps | SE = 0.01716 bit/s/Hz
58623[UE 1 | RB 1] Throughput = 1.31727 Mbps | SE = 0.03452 bit/s/Hz
58732[UE 1 | RB 1] Throughput = 1.31006 Mbps | SE = 0.03433 bit/s/Hz
58833[UE 1 | RB 1] Throughput = 0.59804 Mbps | SE = 0.01567 bit/s/Hz
58933[UE 1 | RB 1] Throughput = 1.43729 Mbps | SE = 0.03766 bit/s/Hz
59033[UE 1 | RB 1] Throughput = 0.71903 Mbps | SE = 0.01884 bit/s/Hz
59142[UE 1 | RB 1] Throughput = 1.41838 Mbps | SE = 0.03717 bit/s/Hz
59243[UE 1 | RB 1] Throughput = 0.71738 Mbps | SE = 0.01880 bit/s/Hz
59343[UE 1 | RB 1] Throughput = 0.83741 Mbps | SE = 0.02194 bit/s/Hz
59453[UE 1 | RB 1] Throughput = 1.19995 Mbps | SE = 0.03145 bit/s/Hz
59553[UE 1 | RB 1] Throughput = 1.31516 Mbps | SE = 0.03446 bit/s/Hz
59663[UE 1 | RB 1] Throughput = 1.19922 Mbps | SE = 0.03143 bit/s/Hz
59773[UE 1 | RB 1] Throughput = 0.65484 Mbps | SE = 0.01716 bit/s/Hz
59873[UE 1 | RB 1] Throughput = 0.95847 Mbps | SE = 0.02512 bit/s/Hz
59973[UE 1 | RB 1] Throughput = 1.55666 Mbps | SE = 0.04079 bit/s/Hz
60083[UE 1 | RB 1] Throughput = 1.19744 Mbps | SE = 0.03138 bit/s/Hz
60193[UE 1 | RB 1] Throughput = 0.65418 Mbps | SE = 0.01714 bit/s/Hz
60293[UE 1 | RB 1] Throughput = 1.31347 Mbps | SE = 0.03442 bit/s/Hz
60403[UE 1 | RB 1] Throughput = 1.20319 Mbps | SE = 0.03153 bit/s/Hz
60512[UE 1 | RB 1] Throughput = 0.98290 Mbps | SE = 0.02576 bit/s/Hz
60612[UE 1 | RB 1] Throughput = 0.95803 Mbps | SE = 0.02511 bit/s/Hz
60713[UE 1 | RB 1] Throughput = 0.71834 Mbps | SE = 0.01882 bit/s/Hz
60823[UE 1 | RB 1] Throughput = 1.19675 Mbps | SE = 0.03136 bit/s/Hz
60923[UE 1 | RB 1] Throughput = 1.43093 Mbps | SE = 0.03750 bit/s/Hz
61033[UE 1 | RB 1] Throughput = 1.20493 Mbps | SE = 0.03158 bit/s/Hz
61143[UE 1 | RB 1] Throughput = 0.76249 Mbps | SE = 0.01998 bit/s/Hz
61243[UE 1 | RB 1] Throughput = 0.95866 Mbps | SE = 0.02512 bit/s/Hz
61353[UE 1 | RB 1] Throughput = 1.30920 Mbps | SE = 0.03431 bit/s/Hz
61453[UE 1 | RB 1] Throughput = 0.71836 Mbps | SE = 0.01882 bit/s/Hz
61562[UE 1 | RB 1] Throughput = 1.30982 Mbps | SE = 0.03432 bit/s/Hz
61672[UE 1 | RB 1] Throughput = 0.87084 Mbps | SE = 0.02282 bit/s/Hz
61773[UE 1 | RB 1] Throughput = 0.95627 Mbps | SE = 0.02506 bit/s/Hz
61882[UE 1 | RB 1] Throughput = 1.31067 Mbps | SE = 0.03435 bit/s/Hz
61983[UE 1 | RB 1] Throughput = 1.07737 Mbps | SE = 0.02823 bit/s/Hz
62084[UE 1 | RB 1] Throughput = 1.18706 Mbps | SE = 0.03111 bit/s/Hz
62192[UE 1 | RB 1] Throughput = 0.76992 Mbps | SE = 0.02018 bit/s/Hz
62302[UE 1 | RB 1] Throughput = 1.31040 Mbps | SE = 0.03434 bit/s/Hz
62403[UE 1 | RB 1] Throughput = 0.71707 Mbps | SE = 0.01879 bit/s/Hz
62503[UE 1 | RB 1] Throughput = 1.43414 Mbps | SE = 0.03758 bit/s/Hz
62612[UE 1 | RB 1] Throughput = 1.09271 Mbps | SE = 0.02864 bit/s/Hz
62713[UE 1 | RB 1] Throughput = 0.71681 Mbps | SE = 0.01878 bit/s/Hz
62823[UE 1 | RB 1] Throughput = 1.19924 Mbps | SE = 0.03143 bit/s/Hz
62923[UE 1 | RB 1] Throughput = 1.31595 Mbps | SE = 0.03449 bit/s/Hz
63033[UE 1 | RB 1] Throughput = 0.87351 Mbps | SE = 0.02289 bit/s/Hz
63142[UE 1 | RB 1] Throughput = 1.20000 Mbps | SE = 0.03145 bit/s/Hz
63243[UE 1 | RB 1] Throughput = 1.19747 Mbps | SE = 0.03138 bit/s/Hz
63343[UE 1 | RB 1] Throughput = 0.71866 Mbps | SE = 0.01883 bit/s/Hz
63453[UE 1 | RB 1] Throughput = 1.30647 Mbps | SE = 0.03424 bit/s/Hz
63553[UE 1 | RB 1] Throughput = 0.71860 Mbps | SE = 0.01883 bit/s/Hz
63653[UE 1 | RB 1] Throughput = 1.31334 Mbps | SE = 0.03442 bit/s/Hz
63763[UE 1 | RB 1] Throughput = 0.76429 Mbps | SE = 0.02003 bit/s/Hz
63873[UE 1 | RB 1] Throughput = 1.20027 Mbps | SE = 0.03145 bit/s/Hz
63983[UE 1 | RB 1] Throughput = 1.30657 Mbps | SE = 0.03424 bit/s/Hz
64093[UE 1 | RB 1] Throughput = 0.86770 Mbps | SE = 0.02274 bit/s/Hz
64203[UE 1 | RB 1] Throughput = 1.31302 Mbps | SE = 0.03441 bit/s/Hz
64313[UE 1 | RB 1] Throughput = 0.65498 Mbps | SE = 0.01716 bit/s/Hz
64413[UE 1 | RB 1] Throughput = 1.43677 Mbps | SE = 0.03765 bit/s/Hz
64513[UE 1 | RB 1] Throughput = 0.71886 Mbps | SE = 0.01884 bit/s/Hz
64622[UE 1 | RB 1] Throughput = 1.20083 Mbps | SE = 0.03147 bit/s/Hz
64723[UE 1 | RB 1] Throughput = 1.19594 Mbps | SE = 0.03134 bit/s/Hz
64823[UE 1 | RB 1] Throughput = 1.07032 Mbps | SE = 0.02805 bit/s/Hz
64933[UE 1 | RB 1] Throughput = 1.20756 Mbps | SE = 0.03164 bit/s/Hz
65043[UE 1 | RB 1] Throughput = 1.08883 Mbps | SE = 0.02853 bit/s/Hz
65143[UE 1 | RB 1] Throughput = 1.19378 Mbps | SE = 0.03128 bit/s/Hz
65253[UE 1 | RB 1] Throughput = 0.65442 Mbps | SE = 0.01715 bit/s/Hz
65363[UE 1 | RB 1] Throughput = 1.41811 Mbps | SE = 0.03716 bit/s/Hz
65473[UE 1 | RB 1] Throughput = 0.65362 Mbps | SE = 0.01713 bit/s/Hz
65573[UE 1 | RB 1] Throughput = 1.31795 Mbps | SE = 0.03454 bit/s/Hz
65682[UE 1 | RB 1] Throughput = 1.09325 Mbps | SE = 0.02865 bit/s/Hz
65783[UE 1 | RB 1] Throughput = 1.31392 Mbps | SE = 0.03443 bit/s/Hz
65893[UE 1 | RB 1] Throughput = 0.76336 Mbps | SE = 0.02000 bit/s/Hz
66003[UE 1 | RB 1] Throughput = 1.19831 Mbps | SE = 0.03140 bit/s/Hz
66113[UE 1 | RB 1] Throughput = 0.76275 Mbps | SE = 0.01999 bit/s/Hz
66213[UE 1 | RB 1] Throughput = 1.43728 Mbps | SE = 0.03766 bit/s/Hz
66313[UE 1 | RB 1] Throughput = 0.71768 Mbps | SE = 0.01881 bit/s/Hz
66423[UE 1 | RB 1] Throughput = 1.20136 Mbps | SE = 0.03148 bit/s/Hz
66533[UE 1 | RB 1] Throughput = 1.41661 Mbps | SE = 0.03712 bit/s/Hz
66642[UE 1 | RB 1] Throughput = 0.76405 Mbps | SE = 0.02002 bit/s/Hz
66743[UE 1 | RB 1] Throughput = 1.31349 Mbps | SE = 0.03442 bit/s/Hz
66843[UE 1 | RB 1] Throughput = 0.59791 Mbps | SE = 0.01567 bit/s/Hz
66953[UE 1 | RB 1] Throughput = 1.31069 Mbps | SE = 0.03435 bit/s/Hz
67053[UE 1 | RB 1] Throughput = 0.95670 Mbps | SE = 0.02507 bit/s/Hz
67153[UE 1 | RB 1] Throughput = 1.43631 Mbps | SE = 0.03764 bit/s/Hz
67263[UE 1 | RB 1] Throughput = 0.76211 Mbps | SE = 0.01997 bit/s/Hz
67373[UE 1 | RB 1] Throughput = 0.98222 Mbps | SE = 0.02574 bit/s/Hz
67483[UE 1 | RB 1] Throughput = 1.20122 Mbps | SE = 0.03148 bit/s/Hz
67583[UE 1 | RB 1] Throughput = 0.83708 Mbps | SE = 0.02194 bit/s/Hz
67684[UE 1 | RB 1] Throughput = 1.42561 Mbps | SE = 0.03736 bit/s/Hz
67793[UE 1 | RB 1] Throughput = 1.09796 Mbps | SE = 0.02877 bit/s/Hz
67903[UE 1 | RB 1] Throughput = 0.87263 Mbps | SE = 0.02287 bit/s/Hz
68003[UE 1 | RB 1] Throughput = 1.19803 Mbps | SE = 0.03139 bit/s/Hz
68113[UE 1 | RB 1] Throughput = 1.09116 Mbps | SE = 0.02859 bit/s/Hz
68223[UE 1 | RB 1] Throughput = 1.19734 Mbps | SE = 0.03138 bit/s/Hz
68333[UE 1 | RB 1] Throughput = 0.65421 Mbps | SE = 0.01714 bit/s/Hz
68433[UE 1 | RB 1] Throughput = 1.31758 Mbps | SE = 0.03453 bit/s/Hz
68533[UE 1 | RB 1] Throughput = 1.19799 Mbps | SE = 0.03139 bit/s/Hz
68633[UE 1 | RB 1] Throughput = 0.59801 Mbps | SE = 0.01567 bit/s/Hz
68743[UE 1 | RB 1] Throughput = 1.20086 Mbps | SE = 0.03147 bit/s/Hz
68853[UE 1 | RB 1] Throughput = 1.30881 Mbps | SE = 0.03430 bit/s/Hz
68953[UE 1 | RB 1] Throughput = 1.19284 Mbps | SE = 0.03126 bit/s/Hz
69063[UE 1 | RB 1] Throughput = 0.76575 Mbps | SE = 0.02007 bit/s/Hz
69163[UE 1 | RB 1] Throughput = 0.83831 Mbps | SE = 0.02197 bit/s/Hz
69272[UE 1 | RB 1] Throughput = 1.20018 Mbps | SE = 0.03145 bit/s/Hz
69373[UE 1 | RB 1] Throughput = 1.31715 Mbps | SE = 0.03452 bit/s/Hz
69473[UE 1 | RB 1] Throughput = 1.31680 Mbps | SE = 0.03451 bit/s/Hz
69583[UE 1 | RB 1] Throughput = 1.08542 Mbps | SE = 0.02844 bit/s/Hz
69693[UE 1 | RB 1] Throughput = 0.76465 Mbps | SE = 0.02004 bit/s/Hz
69793[UE 1 | RB 1] Throughput = 1.19606 Mbps | SE = 0.03134 bit/s/Hz
69903[UE 1 | RB 1] Throughput = 0.87179 Mbps | SE = 0.02285 bit/s/Hz
70013[UE 1 | RB 1] Throughput = 1.09146 Mbps | SE = 0.02860 bit/s/Hz
70113[UE 1 | RB 1] Throughput = 1.43392 Mbps | SE = 0.03758 bit/s/Hz
70223[UE 1 | RB 1] Throughput = 0.87213 Mbps | SE = 0.02285 bit/s/Hz
70333[UE 1 | RB 1] Throughput = 1.09057 Mbps | SE = 0.02858 bit/s/Hz
70433[UE 1 | RB 1] Throughput = 0.71828 Mbps | SE = 0.01882 bit/s/Hz
70543[UE 1 | RB 1] Throughput = 1.30950 Mbps | SE = 0.03432 bit/s/Hz
70653[UE 1 | RB 1] Throughput = 1.30674 Mbps | SE = 0.03424 bit/s/Hz
70763[UE 1 | RB 1] Throughput = 0.65417 Mbps | SE = 0.01714 bit/s/Hz
70863[UE 1 | RB 1] Throughput = 1.31462 Mbps | SE = 0.03445 bit/s/Hz
70973[UE 1 | RB 1] Throughput = 0.65493 Mbps | SE = 0.01716 bit/s/Hz
71083[UE 1 | RB 1] Throughput = 1.52557 Mbps | SE = 0.03998 bit/s/Hz
71183[UE 1 | RB 1] Throughput = 1.19700 Mbps | SE = 0.03137 bit/s/Hz
71293[UE 1 | RB 1] Throughput = 0.76351 Mbps | SE = 0.02001 bit/s/Hz
71393[UE 1 | RB 1] Throughput = 1.43580 Mbps | SE = 0.03763 bit/s/Hz
71493[UE 1 | RB 1] Throughput = 0.95712 Mbps | SE = 0.02508 bit/s/Hz
71593[UE 1 | RB 1] Throughput = 0.83788 Mbps | SE = 0.02196 bit/s/Hz
71703[UE 1 | RB 1] Throughput = 1.20287 Mbps | SE = 0.03152 bit/s/Hz
71803[UE 1 | RB 1] Throughput = 1.31770 Mbps | SE = 0.03453 bit/s/Hz
71903[UE 1 | RB 1] Throughput = 0.71862 Mbps | SE = 0.01883 bit/s/Hz
72013[UE 1 | RB 1] Throughput = 1.09250 Mbps | SE = 0.02863 bit/s/Hz
72113[UE 1 | RB 1] Throughput = 1.43058 Mbps | SE = 0.03749 bit/s/Hz
72213[UE 1 | RB 1] Throughput = 0.59755 Mbps | SE = 0.01566 bit/s/Hz
72323[UE 1 | RB 1] Throughput = 1.09301 Mbps | SE = 0.02864 bit/s/Hz
72433[UE 1 | RB 1] Throughput = 1.09171 Mbps | SE = 0.02861 bit/s/Hz
72533[UE 1 | RB 1] Throughput = 1.43651 Mbps | SE = 0.03764 bit/s/Hz
72643[UE 1 | RB 1] Throughput = 0.65457 Mbps | SE = 0.01715 bit/s/Hz
72743[UE 1 | RB 1] Throughput = 1.07538 Mbps | SE = 0.02818 bit/s/Hz
72853[UE 1 | RB 1] Throughput = 1.20040 Mbps | SE = 0.03146 bit/s/Hz
72953[UE 1 | RB 1] Throughput = 1.31654 Mbps | SE = 0.03450 bit/s/Hz
73053[UE 1 | RB 1] Throughput = 0.71781 Mbps | SE = 0.01881 bit/s/Hz
73163[UE 1 | RB 1] Throughput = 1.31072 Mbps | SE = 0.03435 bit/s/Hz
73273[UE 1 | RB 1] Throughput = 0.65367 Mbps | SE = 0.01713 bit/s/Hz
73383[UE 1 | RB 1] Throughput = 1.20111 Mbps | SE = 0.03148 bit/s/Hz
73483[UE 1 | RB 1] Throughput = 1.31711 Mbps | SE = 0.03452 bit/s/Hz
73583[UE 1 | RB 1] Throughput = 0.95866 Mbps | SE = 0.02512 bit/s/Hz
73683[UE 1 | RB 1] Throughput = 1.07047 Mbps | SE = 0.02805 bit/s/Hz
73793[UE 1 | RB 1] Throughput = 1.31821 Mbps | SE = 0.03454 bit/s/Hz
73893[UE 1 | RB 1] Throughput = 0.83781 Mbps | SE = 0.02196 bit/s/Hz
74003[UE 1 | RB 1] Throughput = 1.19755 Mbps | SE = 0.03138 bit/s/Hz
74103[UE 1 | RB 1] Throughput = 0.71725 Mbps | SE = 0.01880 bit/s/Hz
74213[UE 1 | RB 1] Throughput = 1.31141 Mbps | SE = 0.03437 bit/s/Hz
74313[UE 1 | RB 1] Throughput = 0.71870 Mbps | SE = 0.01883 bit/s/Hz
74413[UE 1 | RB 1] Throughput = 1.19755 Mbps | SE = 0.03138 bit/s/Hz
74523[UE 1 | RB 1] Throughput = 0.98310 Mbps | SE = 0.02576 bit/s/Hz
74623[UE 1 | RB 1] Throughput = 1.43620 Mbps | SE = 0.03764 bit/s/Hz
74725[UE 1 | RB 1] Throughput = 1.17187 Mbps | SE = 0.03071 bit/s/Hz
74833[UE 1 | RB 1] Throughput = 0.77866 Mbps | SE = 0.02041 bit/s/Hz
74933[UE 1 | RB 1] Throughput = 1.43715 Mbps | SE = 0.03766 bit/s/Hz
75033[UE 1 | RB 1] Throughput = 0.71896 Mbps | SE = 0.01884 bit/s/Hz
75143[UE 1 | RB 1] Throughput = 1.19883 Mbps | SE = 0.03142 bit/s/Hz
75243[UE 1 | RB 1] Throughput = 1.19713 Mbps | SE = 0.03137 bit/s/Hz
75343[UE 1 | RB 1] Throughput = 0.71831 Mbps | SE = 0.01882 bit/s/Hz
75453[UE 1 | RB 1] Throughput = 1.19765 Mbps | SE = 0.03138 bit/s/Hz
75553[UE 1 | RB 1] Throughput = 1.31709 Mbps | SE = 0.03452 bit/s/Hz
75663[UE 1 | RB 1] Throughput = 0.65419 Mbps | SE = 0.01714 bit/s/Hz
75773[UE 1 | RB 1] Throughput = 1.30641 Mbps | SE = 0.03423 bit/s/Hz
75883[UE 1 | RB 1] Throughput = 0.76415 Mbps | SE = 0.02002 bit/s/Hz
75983[UE 1 | RB 1] Throughput = 1.55198 Mbps | SE = 0.04067 bit/s/Hz
76093[UE 1 | RB 1] Throughput = 0.65752 Mbps | SE = 0.01723 bit/s/Hz
76193[UE 1 | RB 1] Throughput = 1.43663 Mbps | SE = 0.03765 bit/s/Hz
76293[UE 1 | RB 1] Throughput = 0.71633 Mbps | SE = 0.01877 bit/s/Hz
76394[UE 1 | RB 1] Throughput = 0.95290 Mbps | SE = 0.02497 bit/s/Hz
76503[UE 1 | RB 1] Throughput = 1.31909 Mbps | SE = 0.03457 bit/s/Hz
76603[UE 1 | RB 1] Throughput = 1.43614 Mbps | SE = 0.03763 bit/s/Hz
76703[UE 1 | RB 1] Throughput = 0.59903 Mbps | SE = 0.01570 bit/s/Hz
76803[UE 1 | RB 1] Throughput = 1.43725 Mbps | SE = 0.03766 bit/s/Hz
76913[UE 1 | RB 1] Throughput = 0.65405 Mbps | SE = 0.01714 bit/s/Hz
77022[UE 1 | RB 1] Throughput = 1.31134 Mbps | SE = 0.03436 bit/s/Hz
77123[UE 1 | RB 1] Throughput = 0.83767 Mbps | SE = 0.02195 bit/s/Hz
77223[UE 1 | RB 1] Throughput = 1.19678 Mbps | SE = 0.03136 bit/s/Hz
77323[UE 1 | RB 1] Throughput = 1.43749 Mbps | SE = 0.03767 bit/s/Hz
77433[UE 1 | RB 1] Throughput = 0.65303 Mbps | SE = 0.01711 bit/s/Hz
77533[UE 1 | RB 1] Throughput = 1.31807 Mbps | SE = 0.03454 bit/s/Hz
77633[UE 1 | RB 1] Throughput = 0.95345 Mbps | SE = 0.02499 bit/s/Hz
77743[UE 1 | RB 1] Throughput = 1.31425 Mbps | SE = 0.03444 bit/s/Hz
77853[UE 1 | RB 1] Throughput = 0.65452 Mbps | SE = 0.01715 bit/s/Hz
77953[UE 1 | RB 1] Throughput = 1.31494 Mbps | SE = 0.03446 bit/s/Hz
78063[UE 1 | RB 1] Throughput = 1.31123 Mbps | SE = 0.03436 bit/s/Hz
78163[UE 1 | RB 1] Throughput = 0.71838 Mbps | SE = 0.01883 bit/s/Hz
78273[UE 1 | RB 1] Throughput = 1.41544 Mbps | SE = 0.03709 bit/s/Hz
78383[UE 1 | RB 1] Throughput = 0.65472 Mbps | SE = 0.01716 bit/s/Hz
78483[UE 1 | RB 1] Throughput = 1.43540 Mbps | SE = 0.03762 bit/s/Hz
78583[UE 1 | RB 1] Throughput = 0.71643 Mbps | SE = 0.01877 bit/s/Hz
78693[UE 1 | RB 1] Throughput = 1.20269 Mbps | SE = 0.03152 bit/s/Hz
78793[UE 1 | RB 1] Throughput = 0.71792 Mbps | SE = 0.01881 bit/s/Hz
78903[UE 1 | RB 1] Throughput = 1.30765 Mbps | SE = 0.03427 bit/s/Hz
79003[UE 1 | RB 1] Throughput = 0.83806 Mbps | SE = 0.02196 bit/s/Hz
79113[UE 1 | RB 1] Throughput = 1.31013 Mbps | SE = 0.03433 bit/s/Hz
79213[UE 1 | RB 1] Throughput = 1.31400 Mbps | SE = 0.03443 bit/s/Hz
79324[UE 1 | RB 1] Throughput = 0.76016 Mbps | SE = 0.01992 bit/s/Hz
79433[UE 1 | RB 1] Throughput = 1.31324 Mbps | SE = 0.03441 bit/s/Hz
79543[UE 1 | RB 1] Throughput = 0.98093 Mbps | SE = 0.02571 bit/s/Hz
79643[UE 1 | RB 1] Throughput = 1.07795 Mbps | SE = 0.02825 bit/s/Hz
79743[UE 1 | RB 1] Throughput = 0.95769 Mbps | SE = 0.02510 bit/s/Hz
79853[UE 1 | RB 1] Throughput = 1.19934 Mbps | SE = 0.03143 bit/s/Hz
79963[UE 1 | RB 1] Throughput = 0.65625 Mbps | SE = 0.01720 bit/s/Hz
80063[UE 1 | RB 1] Throughput = 1.31560 Mbps | SE = 0.03448 bit/s/Hz
80163[UE 1 | RB 1] Throughput = 1.43479 Mbps | SE = 0.03760 bit/s/Hz
80273[UE 1 | RB 1] Throughput = 0.76551 Mbps | SE = 0.02006 bit/s/Hz
80373[UE 1 | RB 1] Throughput = 1.19447 Mbps | SE = 0.03130 bit/s/Hz
80473[UE 1 | RB 1] Throughput = 1.31679 Mbps | SE = 0.03451 bit/s/Hz
80583[UE 1 | RB 1] Throughput = 0.76342 Mbps | SE = 0.02001 bit/s/Hz
80693[UE 1 | RB 1] Throughput = 0.87294 Mbps | SE = 0.02288 bit/s/Hz
80793[UE 1 | RB 1] Throughput = 1.31594 Mbps | SE = 0.03448 bit/s/Hz
80903[UE 1 | RB 1] Throughput = 1.19743 Mbps | SE = 0.03138 bit/s/Hz
81013[UE 1 | RB 1] Throughput = 0.65507 Mbps | SE = 0.01717 bit/s/Hz
81123[UE 1 | RB 1] Throughput = 1.30950 Mbps | SE = 0.03432 bit/s/Hz
81223[UE 1 | RB 1] Throughput = 1.19422 Mbps | SE = 0.03130 bit/s/Hz
81333[UE 1 | RB 1] Throughput = 1.19764 Mbps | SE = 0.03138 bit/s/Hz
81443[UE 1 | RB 1] Throughput = 0.65388 Mbps | SE = 0.01714 bit/s/Hz
81553[UE 1 | RB 1] Throughput = 1.08978 Mbps | SE = 0.02856 bit/s/Hz
81663[UE 1 | RB 1] Throughput = 1.19651 Mbps | SE = 0.03136 bit/s/Hz
81773[UE 1 | RB 1] Throughput = 1.42049 Mbps | SE = 0.03722 bit/s/Hz
81883[UE 1 | RB 1] Throughput = 0.65288 Mbps | SE = 0.01711 bit/s/Hz
81983[UE 1 | RB 1] Throughput = 1.43591 Mbps | SE = 0.03763 bit/s/Hz
82094[UE 1 | RB 1] Throughput = 0.65092 Mbps | SE = 0.01706 bit/s/Hz
82203[UE 1 | RB 1] Throughput = 1.31595 Mbps | SE = 0.03448 bit/s/Hz
82303[UE 1 | RB 1] Throughput = 1.07750 Mbps | SE = 0.02824 bit/s/Hz
82413[UE 1 | RB 1] Throughput = 1.19636 Mbps | SE = 0.03135 bit/s/Hz
82523[UE 1 | RB 1] Throughput = 0.65245 Mbps | SE = 0.01710 bit/s/Hz
82633[UE 1 | RB 1] Throughput = 1.31330 Mbps | SE = 0.03442 bit/s/Hz
82733[UE 1 | RB 1] Throughput = 1.19626 Mbps | SE = 0.03135 bit/s/Hz
82843[UE 1 | RB 1] Throughput = 0.76263 Mbps | SE = 0.01999 bit/s/Hz
82943[UE 1 | RB 1] Throughput = 1.43789 Mbps | SE = 0.03768 bit/s/Hz
83043[UE 1 | RB 1] Throughput = 0.71833 Mbps | SE = 0.01882 bit/s/Hz
83153[UE 1 | RB 1] Throughput = 1.41794 Mbps | SE = 0.03716 bit/s/Hz
83263[UE 1 | RB 1] Throughput = 0.65469 Mbps | SE = 0.01716 bit/s/Hz
83363[UE 1 | RB 1] Throughput = 1.31723 Mbps | SE = 0.03452 bit/s/Hz
83473[UE 1 | RB 1] Throughput = 1.30800 Mbps | SE = 0.03428 bit/s/Hz
83573[UE 1 | RB 1] Throughput = 0.71819 Mbps | SE = 0.01882 bit/s/Hz
83683[UE 1 | RB 1] Throughput = 1.20033 Mbps | SE = 0.03146 bit/s/Hz
83783[UE 1 | RB 1] Throughput = 0.71885 Mbps | SE = 0.01884 bit/s/Hz
83893[UE 1 | RB 1] Throughput = 1.30795 Mbps | SE = 0.03428 bit/s/Hz
83993[UE 1 | RB 1] Throughput = 1.19672 Mbps | SE = 0.03136 bit/s/Hz
84103[UE 1 | RB 1] Throughput = 1.19530 Mbps | SE = 0.03132 bit/s/Hz
84214[UE 1 | RB 1] Throughput = 0.75845 Mbps | SE = 0.01988 bit/s/Hz
84323[UE 1 | RB 1] Throughput = 1.31643 Mbps | SE = 0.03450 bit/s/Hz
84433[UE 1 | RB 1] Throughput = 1.08848 Mbps | SE = 0.02852 bit/s/Hz
84533[UE 1 | RB 1] Throughput = 0.71785 Mbps | SE = 0.01881 bit/s/Hz
84643[UE 1 | RB 1] Throughput = 1.30902 Mbps | SE = 0.03430 bit/s/Hz
84753[UE 1 | RB 1] Throughput = 1.19617 Mbps | SE = 0.03135 bit/s/Hz
84863[UE 1 | RB 1] Throughput = 0.65660 Mbps | SE = 0.01721 bit/s/Hz
84963[UE 1 | RB 1] Throughput = 1.43289 Mbps | SE = 0.03755 bit/s/Hz
85073[UE 1 | RB 1] Throughput = 0.65426 Mbps | SE = 0.01715 bit/s/Hz
85183[UE 1 | RB 1] Throughput = 1.31344 Mbps | SE = 0.03442 bit/s/Hz
85283[UE 1 | RB 1] Throughput = 0.83779 Mbps | SE = 0.02195 bit/s/Hz
85383[UE 1 | RB 1] Throughput = 1.43785 Mbps | SE = 0.03768 bit/s/Hz
85483[UE 1 | RB 1] Throughput = 0.71778 Mbps | SE = 0.01881 bit/s/Hz
85593[UE 1 | RB 1] Throughput = 1.30840 Mbps | SE = 0.03429 bit/s/Hz
85703[UE 1 | RB 1] Throughput = 1.31004 Mbps | SE = 0.03433 bit/s/Hz
85803[UE 1 | RB 1] Throughput = 0.59799 Mbps | SE = 0.01567 bit/s/Hz
85903[UE 1 | RB 1] Throughput = 1.43464 Mbps | SE = 0.03760 bit/s/Hz
86003[UE 1 | RB 1] Throughput = 1.07622 Mbps | SE = 0.02820 bit/s/Hz
86113[UE 1 | RB 1] Throughput = 1.09071 Mbps | SE = 0.02858 bit/s/Hz
86223[UE 1 | RB 1] Throughput = 0.98261 Mbps | SE = 0.02575 bit/s/Hz
86323[UE 1 | RB 1] Throughput = 1.07549 Mbps | SE = 0.02818 bit/s/Hz
86433[UE 1 | RB 1] Throughput = 0.87354 Mbps | SE = 0.02289 bit/s/Hz
86533[UE 1 | RB 1] Throughput = 1.31711 Mbps | SE = 0.03452 bit/s/Hz
86643[UE 1 | RB 1] Throughput = 1.19823 Mbps | SE = 0.03140 bit/s/Hz
86753[UE 1 | RB 1] Throughput = 0.65466 Mbps | SE = 0.01716 bit/s/Hz
86863[UE 1 | RB 1] Throughput = 1.31029 Mbps | SE = 0.03434 bit/s/Hz
86963[UE 1 | RB 1] Throughput = 0.71593 Mbps | SE = 0.01876 bit/s/Hz
87073[UE 1 | RB 1] Throughput = 1.30875 Mbps | SE = 0.03430 bit/s/Hz
87183[UE 1 | RB 1] Throughput = 1.30855 Mbps | SE = 0.03429 bit/s/Hz
87283[UE 1 | RB 1] Throughput = 0.71714 Mbps | SE = 0.01879 bit/s/Hz
87393[UE 1 | RB 1] Throughput = 1.31171 Mbps | SE = 0.03437 bit/s/Hz
87493[UE 1 | RB 1] Throughput = 0.71854 Mbps | SE = 0.01883 bit/s/Hz
87603[UE 1 | RB 1] Throughput = 1.08988 Mbps | SE = 0.02856 bit/s/Hz
87703[UE 1 | RB 1] Throughput = 1.43352 Mbps | SE = 0.03757 bit/s/Hz
87813[UE 1 | RB 1] Throughput = 0.65412 Mbps | SE = 0.01714 bit/s/Hz
87913[UE 1 | RB 1] Throughput = 1.43804 Mbps | SE = 0.03768 bit/s/Hz
88023[UE 1 | RB 1] Throughput = 0.76230 Mbps | SE = 0.01998 bit/s/Hz
88133[UE 1 | RB 1] Throughput = 1.30621 Mbps | SE = 0.03423 bit/s/Hz
88243[UE 1 | RB 1] Throughput = 0.87307 Mbps | SE = 0.02288 bit/s/Hz
88353[UE 1 | RB 1] Throughput = 1.30710 Mbps | SE = 0.03425 bit/s/Hz
88463[UE 1 | RB 1] Throughput = 0.87222 Mbps | SE = 0.02286 bit/s/Hz
88563[UE 1 | RB 1] Throughput = 1.31659 Mbps | SE = 0.03450 bit/s/Hz
88674[UE 1 | RB 1] Throughput = 0.65086 Mbps | SE = 0.01706 bit/s/Hz
88783[UE 1 | RB 1] Throughput = 1.53181 Mbps | SE = 0.04014 bit/s/Hz
88883[UE 1 | RB 1] Throughput = 0.95837 Mbps | SE = 0.02511 bit/s/Hz
88993[UE 1 | RB 1] Throughput = 1.20106 Mbps | SE = 0.03147 bit/s/Hz
89093[UE 1 | RB 1] Throughput = 0.71738 Mbps | SE = 0.01880 bit/s/Hz
89193[UE 1 | RB 1] Throughput = 1.31599 Mbps | SE = 0.03449 bit/s/Hz
89303[UE 1 | RB 1] Throughput = 0.76509 Mbps | SE = 0.02005 bit/s/Hz
89403[UE 1 | RB 1] Throughput = 1.43147 Mbps | SE = 0.03751 bit/s/Hz
89513[UE 1 | RB 1] Throughput = 1.20247 Mbps | SE = 0.03151 bit/s/Hz
89613[UE 1 | RB 1] Throughput = 0.71879 Mbps | SE = 0.01884 bit/s/Hz
89713[UE 1 | RB 1] Throughput = 1.31810 Mbps | SE = 0.03454 bit/s/Hz
89813[UE 1 | RB 1] Throughput = 0.71813 Mbps | SE = 0.01882 bit/s/Hz
89913[UE 1 | RB 1] Throughput = 0.95792 Mbps | SE = 0.02510 bit/s/Hz
[xApp]: E42 RIC_SUBSCRIPTION_DELETE_REQUEST tx RAN_FUNC_ID 144 RIC_REQ_ID 1 
[xApp]: E42 SUBSCRIPTION DELETE RESPONSE rx
[xApp]: E42 RIC_SUBSCRIPTION_DELETE_REQUEST tx RAN_FUNC_ID 144 RIC_REQ_ID 2 
[xApp]: E42 SUBSCRIPTION DELETE RESPONSE rx
[xApp]: E42 RIC_SUBSCRIPTION_DELETE_REQUEST tx RAN_FUNC_ID 144 RIC_REQ_ID 3 
[xApp]: E42 SUBSCRIPTION DELETE RESPONSE rx
[xApp]: E42 RIC_SUBSCRIPTION_DELETE_REQUEST tx RAN_FUNC_ID 144 RIC_REQ_ID 4 
[xApp]: E42 SUBSCRIPTION DELETE RESPONSE rx
[xApp]: Sucessfully stopped 
Test xApp run SUCCESSFULLY
