[UTIL]: Setting the config -c file to /usr/local/etc/flexric/flexric.conf
[UTIL]: Setting path -p for the shared libraries to /usr/local/lib/flexric/
[xAapp]: Initializing ... 
[xApp]: nearRT-RIC IP Address = 192.168.70.150, PORT = 36422
[E2 AGENT]: Opening plugin from path = /usr/local/lib/flexric/libkpm_sm.so 
[E2 AGENT]: Opening plugin from path = /usr/local/lib/flexric/libmac_sm.so 
[E2 AGENT]: Opening plugin from path = /usr/local/lib/flexric/libpdcp_sm.so 
[E2 AGENT]: Opening plugin from path = /usr/local/lib/flexric/libgtp_sm.so 
[E2 AGENT]: Opening plugin from path = /usr/local/lib/flexric/librc_sm.so 
[E2 AGENT]: Opening plugin from path = /usr/local/lib/flexric/libtc_sm.so 
[E2 AGENT]: Opening plugin from path = /usr/local/lib/flexric/librlc_sm.so 
[E2 AGENT]: Opening plugin from path = /usr/local/lib/flexric/libslice_sm.so 
[NEAR-RIC]: Loading SM ID = 2 with def = ORAN-E2SM-KPM 
[NEAR-RIC]: Loading SM ID = 142 with def = MAC_STATS_V0 
[NEAR-RIC]: Loading SM ID = 144 with def = PDCP_STATS_V0 
[NEAR-RIC]: Loading SM ID = 148 with def = GTP_STATS_V0 
[NEAR-RIC]: Loading SM ID = 3 with def = ORAN-E2SM-RC 
[NEAR-RIC]: Loading SM ID = 146 with def = TC_STATS_V0 
[NEAR-RIC]: Loading SM ID = 143 with def = RLC_STATS_V0 
[NEAR-RIC]: Loading SM ID = 145 with def = SLICE_STATS_V0 
[xApp]: DB filename = /tmp/flexric/xapp_db 
 [xApp]: E42 SETUP-REQUEST tx
[xApp]: E42 SETUP-RESPONSE rx 
[xApp]: xApp ID = 88 
[xApp]: Registered E2 Nodes = 4 
Connected E2 nodes = 4
[xAPP] Registered node 0 ran func id = 2 
 [xAPP] Registered node 0 ran func id = 3 
 [xAPP] Registered node 0 ran func id = 142 
 [xAPP] Registered node 0 ran func id = 143 
 [xAPP] Registered node 0 ran func id = 144 
 [xAPP] Registered node 0 ran func id = 145 
 [xAPP] Registered node 0 ran func id = 146 
 [xAPP] Registered node 0 ran func id = 148 
 [xApp]: E42 RIC SUBSCRIPTION REQUEST tx RAN_FUNC_ID 144 RIC_REQ_ID 1 
[xApp]: SUBSCRIPTION RESPONSE rx
[xApp]: Successfully subscribed to RAN_FUNC_ID 144 
[xAPP] Registered node 1 ran func id = 2 
 [xAPP] Registered node 1 ran func id = 3 
 [xAPP] Registered node 1 ran func id = 142 
 [xAPP] Registered node 1 ran func id = 143 
 [xAPP] Registered node 1 ran func id = 144 
 [xAPP] Registered node 1 ran func id = 145 
 [xAPP] Registered node 1 ran func id = 146 
 [xAPP] Registered node 1 ran func id = 148 
 [xApp]: E42 RIC SUBSCRIPTION REQUEST tx RAN_FUNC_ID 144 RIC_REQ_ID 2 
[xApp]: SUBSCRIPTION RESPONSE rx
[xApp]: Successfully subscribed to RAN_FUNC_ID 144 
[xAPP] Registered node 2 ran func id = 2 
 [xAPP] Registered node 2 ran func id = 3 
 [xAPP] Registered node 2 ran func id = 142 
 [xAPP] Registered node 2 ran func id = 143 
 [xAPP] Registered node 2 ran func id = 144 
 [xAPP] Registered node 2 ran func id = 145 
 [xAPP] Registered node 2 ran func id = 146 
 [xAPP] Registered node 2 ran func id = 148 
 [xApp]: E42 RIC SUBSCRIPTION REQUEST tx RAN_FUNC_ID 144 RIC_REQ_ID 3 
[xApp]: SUBSCRIPTION RESPONSE rx
[xApp]: Successfully subscribed to RAN_FUNC_ID 144 
[xAPP] Registered node 3 ran func id = 2 
 [xAPP] Registered node 3 ran func id = 3 
 [xAPP] Registered node 3 ran func id = 142 
 [xAPP] Registered node 3 ran func id = 143 
 [xAPP] Registered node 3 ran func id = 144 
 [xAPP] Registered node 3 ran func id = 145 
 [xAPP] Registered node 3 ran func id = 146 
 [xAPP] Registered node 3 ran func id = 148 
 [xApp]: E42 RIC SUBSCRIPTION REQUEST tx RAN_FUNC_ID 144 RIC_REQ_ID 4 
[xApp]: SUBSCRIPTION RESPONSE rx
[xApp]: Successfully subscribed to RAN_FUNC_ID 144 
123[UE 1 | RB 1] Throughput = 0.76178 Mbps | SE = 0.01996 bit/s/Hz
232[UE 1 | RB 1] Throughput = 0.65486 Mbps | SE = 0.01716 bit/s/Hz
333[UE 1 | RB 1] Throughput = 1.79047 Mbps | SE = 0.04692 bit/s/Hz
442[UE 1 | RB 1] Throughput = 0.76426 Mbps | SE = 0.02003 bit/s/Hz
552[UE 1 | RB 1] Throughput = 1.20206 Mbps | SE = 0.03150 bit/s/Hz
652[UE 1 | RB 1] Throughput = 0.71857 Mbps | SE = 0.01883 bit/s/Hz
762[UE 1 | RB 1] Throughput = 1.30699 Mbps | SE = 0.03425 bit/s/Hz
862[UE 1 | RB 1] Throughput = 1.19647 Mbps | SE = 0.03135 bit/s/Hz
972[UE 1 | RB 1] Throughput = 0.87313 Mbps | SE = 0.02288 bit/s/Hz
1072[UE 1 | RB 1] Throughput = 1.43772 Mbps | SE = 0.03768 bit/s/Hz
1182[UE 1 | RB 1] Throughput = 1.09036 Mbps | SE = 0.02857 bit/s/Hz
1282[UE 1 | RB 1] Throughput = 0.83680 Mbps | SE = 0.02193 bit/s/Hz
1383[UE 1 | RB 1] Throughput = 1.43408 Mbps | SE = 0.03758 bit/s/Hz
1492[UE 1 | RB 1] Throughput = 0.65654 Mbps | SE = 0.01721 bit/s/Hz
1592[UE 1 | RB 1] Throughput = 1.19699 Mbps | SE = 0.03137 bit/s/Hz
1692[UE 1 | RB 1] Throughput = 1.19678 Mbps | SE = 0.03136 bit/s/Hz
1802[UE 1 | RB 1] Throughput = 0.54561 Mbps | SE = 0.01430 bit/s/Hz
1902[UE 1 | RB 1] Throughput = 1.55577 Mbps | SE = 0.04077 bit/s/Hz
2002[UE 1 | RB 1] Throughput = 1.31775 Mbps | SE = 0.03453 bit/s/Hz
2103[UE 1 | RB 1] Throughput = 0.83762 Mbps | SE = 0.02195 bit/s/Hz
2213[UE 1 | RB 1] Throughput = 0.97856 Mbps | SE = 0.02564 bit/s/Hz
2322[UE 1 | RB 1] Throughput = 0.98482 Mbps | SE = 0.02581 bit/s/Hz
2432[UE 1 | RB 1] Throughput = 0.98014 Mbps | SE = 0.02569 bit/s/Hz
2542[UE 1 | RB 1] Throughput = 1.30606 Mbps | SE = 0.03423 bit/s/Hz
2652[UE 1 | RB 1] Throughput = 1.20077 Mbps | SE = 0.03147 bit/s/Hz
2752[UE 1 | RB 1] Throughput = 1.07732 Mbps | SE = 0.02823 bit/s/Hz
2862[UE 1 | RB 1] Throughput = 0.87196 Mbps | SE = 0.02285 bit/s/Hz
2972[UE 1 | RB 1] Throughput = 1.19867 Mbps | SE = 0.03141 bit/s/Hz
3083[UE 1 | RB 1] Throughput = 1.08437 Mbps | SE = 0.02842 bit/s/Hz
3183[UE 1 | RB 1] Throughput = 0.71868 Mbps | SE = 0.01883 bit/s/Hz
3292[UE 1 | RB 1] Throughput = 1.31375 Mbps | SE = 0.03443 bit/s/Hz
3393[UE 1 | RB 1] Throughput = 0.71699 Mbps | SE = 0.01879 bit/s/Hz
3502[UE 1 | RB 1] Throughput = 1.42027 Mbps | SE = 0.03722 bit/s/Hz
3603[UE 1 | RB 1] Throughput = 0.95403 Mbps | SE = 0.02500 bit/s/Hz
3712[UE 1 | RB 1] Throughput = 1.20317 Mbps | SE = 0.03153 bit/s/Hz
3822[UE 1 | RB 1] Throughput = 0.87282 Mbps | SE = 0.02287 bit/s/Hz
3922[UE 1 | RB 1] Throughput = 1.31447 Mbps | SE = 0.03445 bit/s/Hz
4033[UE 1 | RB 1] Throughput = 0.65009 Mbps | SE = 0.01704 bit/s/Hz
4142[UE 1 | RB 1] Throughput = 1.31482 Mbps | SE = 0.03446 bit/s/Hz
4243[UE 1 | RB 1] Throughput = 1.07661 Mbps | SE = 0.02821 bit/s/Hz
4352[UE 1 | RB 1] Throughput = 1.20123 Mbps | SE = 0.03148 bit/s/Hz
4462[UE 1 | RB 1] Throughput = 1.08848 Mbps | SE = 0.02852 bit/s/Hz
4573[UE 1 | RB 1] Throughput = 0.76188 Mbps | SE = 0.01997 bit/s/Hz
4683[UE 1 | RB 1] Throughput = 1.30814 Mbps | SE = 0.03428 bit/s/Hz
4792[UE 1 | RB 1] Throughput = 1.09240 Mbps | SE = 0.02863 bit/s/Hz
4902[UE 1 | RB 1] Throughput = 0.87042 Mbps | SE = 0.02281 bit/s/Hz
5013[UE 1 | RB 1] Throughput = 1.19649 Mbps | SE = 0.03135 bit/s/Hz
5122[UE 1 | RB 1] Throughput = 0.98187 Mbps | SE = 0.02573 bit/s/Hz
5223[UE 1 | RB 1] Throughput = 1.43382 Mbps | SE = 0.03757 bit/s/Hz
5332[UE 1 | RB 1] Throughput = 0.54621 Mbps | SE = 0.01431 bit/s/Hz
5433[UE 1 | RB 1] Throughput = 1.43402 Mbps | SE = 0.03758 bit/s/Hz
5542[UE 1 | RB 1] Throughput = 1.20207 Mbps | SE = 0.03150 bit/s/Hz
5643[UE 1 | RB 1] Throughput = 0.83742 Mbps | SE = 0.02195 bit/s/Hz
5752[UE 1 | RB 1] Throughput = 1.19886 Mbps | SE = 0.03142 bit/s/Hz
5863[UE 1 | RB 1] Throughput = 1.08865 Mbps | SE = 0.02853 bit/s/Hz
5972[UE 1 | RB 1] Throughput = 0.87279 Mbps | SE = 0.02287 bit/s/Hz
6073[UE 1 | RB 1] Throughput = 0.83659 Mbps | SE = 0.02192 bit/s/Hz
6182[UE 1 | RB 1] Throughput = 1.31086 Mbps | SE = 0.03435 bit/s/Hz
6282[UE 1 | RB 1] Throughput = 0.95872 Mbps | SE = 0.02512 bit/s/Hz
6393[UE 1 | RB 1] Throughput = 1.19669 Mbps | SE = 0.03136 bit/s/Hz
6493[UE 1 | RB 1] Throughput = 1.31616 Mbps | SE = 0.03449 bit/s/Hz
6602[UE 1 | RB 1] Throughput = 0.76683 Mbps | SE = 0.02010 bit/s/Hz
6702[UE 1 | RB 1] Throughput = 1.19536 Mbps | SE = 0.03133 bit/s/Hz
6802[UE 1 | RB 1] Throughput = 1.07839 Mbps | SE = 0.02826 bit/s/Hz
6915[UE 1 | RB 1] Throughput = 1.27206 Mbps | SE = 0.03333 bit/s/Hz
7022[UE 1 | RB 1] Throughput = 0.67272 Mbps | SE = 0.01763 bit/s/Hz
7123[UE 1 | RB 1] Throughput = 0.83594 Mbps | SE = 0.02191 bit/s/Hz
7223[UE 1 | RB 1] Throughput = 1.43477 Mbps | SE = 0.03760 bit/s/Hz
7333[UE 1 | RB 1] Throughput = 1.09168 Mbps | SE = 0.02861 bit/s/Hz
7442[UE 1 | RB 1] Throughput = 1.20152 Mbps | SE = 0.03149 bit/s/Hz
7543[UE 1 | RB 1] Throughput = 0.83647 Mbps | SE = 0.02192 bit/s/Hz
7653[UE 1 | RB 1] Throughput = 1.19855 Mbps | SE = 0.03141 bit/s/Hz
7753[UE 1 | RB 1] Throughput = 0.95784 Mbps | SE = 0.02510 bit/s/Hz
7853[UE 1 | RB 1] Throughput = 1.19409 Mbps | SE = 0.03129 bit/s/Hz
7963[UE 1 | RB 1] Throughput = 0.87607 Mbps | SE = 0.02296 bit/s/Hz
8072[UE 1 | RB 1] Throughput = 1.30862 Mbps | SE = 0.03429 bit/s/Hz
8173[UE 1 | RB 1] Throughput = 0.71723 Mbps | SE = 0.01880 bit/s/Hz
8283[UE 1 | RB 1] Throughput = 1.30549 Mbps | SE = 0.03421 bit/s/Hz
8393[UE 1 | RB 1] Throughput = 0.76374 Mbps | SE = 0.02001 bit/s/Hz
8503[UE 1 | RB 1] Throughput = 1.19661 Mbps | SE = 0.03136 bit/s/Hz
8612[UE 1 | RB 1] Throughput = 1.42180 Mbps | SE = 0.03726 bit/s/Hz
8713[UE 1 | RB 1] Throughput = 0.71767 Mbps | SE = 0.01881 bit/s/Hz
8813[UE 1 | RB 1] Throughput = 0.71715 Mbps | SE = 0.01879 bit/s/Hz
8923[UE 1 | RB 1] Throughput = 1.31091 Mbps | SE = 0.03435 bit/s/Hz
9024[UE 1 | RB 1] Throughput = 1.30270 Mbps | SE = 0.03414 bit/s/Hz
9133[UE 1 | RB 1] Throughput = 1.20934 Mbps | SE = 0.03169 bit/s/Hz
9233[UE 1 | RB 1] Throughput = 0.83400 Mbps | SE = 0.02186 bit/s/Hz
9343[UE 1 | RB 1] Throughput = 0.65829 Mbps | SE = 0.01725 bit/s/Hz
9452[UE 1 | RB 1] Throughput = 1.30874 Mbps | SE = 0.03430 bit/s/Hz
9552[UE 1 | RB 1] Throughput = 1.43769 Mbps | SE = 0.03768 bit/s/Hz
9653[UE 1 | RB 1] Throughput = 0.95357 Mbps | SE = 0.02499 bit/s/Hz
9763[UE 1 | RB 1] Throughput = 1.20399 Mbps | SE = 0.03155 bit/s/Hz
9863[UE 1 | RB 1] Throughput = 0.83773 Mbps | SE = 0.02195 bit/s/Hz
9973[UE 1 | RB 1] Throughput = 1.19962 Mbps | SE = 0.03144 bit/s/Hz
10073[UE 1 | RB 1] Throughput = 0.71687 Mbps | SE = 0.01879 bit/s/Hz
10182[UE 1 | RB 1] Throughput = 1.42190 Mbps | SE = 0.03726 bit/s/Hz
10293[UE 1 | RB 1] Throughput = 0.65259 Mbps | SE = 0.01710 bit/s/Hz
10403[UE 1 | RB 1] Throughput = 1.30702 Mbps | SE = 0.03425 bit/s/Hz
10513[UE 1 | RB 1] Throughput = 1.19969 Mbps | SE = 0.03144 bit/s/Hz
10622[UE 1 | RB 1] Throughput = 1.20043 Mbps | SE = 0.03146 bit/s/Hz
10732[UE 1 | RB 1] Throughput = 0.54466 Mbps | SE = 0.01427 bit/s/Hz
10832[UE 1 | RB 1] Throughput = 1.43739 Mbps | SE = 0.03767 bit/s/Hz
10932[UE 1 | RB 1] Throughput = 1.31705 Mbps | SE = 0.03451 bit/s/Hz
11033[UE 1 | RB 1] Throughput = 0.71640 Mbps | SE = 0.01877 bit/s/Hz
11142[UE 1 | RB 1] Throughput = 1.31216 Mbps | SE = 0.03439 bit/s/Hz
11253[UE 1 | RB 1] Throughput = 0.65256 Mbps | SE = 0.01710 bit/s/Hz
11362[UE 1 | RB 1] Throughput = 1.31026 Mbps | SE = 0.03434 bit/s/Hz
11463[UE 1 | RB 1] Throughput = 0.71745 Mbps | SE = 0.01880 bit/s/Hz
11563[UE 1 | RB 1] Throughput = 1.43544 Mbps | SE = 0.03762 bit/s/Hz
11673[UE 1 | RB 1] Throughput = 1.20032 Mbps | SE = 0.03145 bit/s/Hz
11782[UE 1 | RB 1] Throughput = 1.20098 Mbps | SE = 0.03147 bit/s/Hz
11883[UE 1 | RB 1] Throughput = 0.83542 Mbps | SE = 0.02189 bit/s/Hz
11993[UE 1 | RB 1] Throughput = 0.87384 Mbps | SE = 0.02290 bit/s/Hz
12102[UE 1 | RB 1] Throughput = 1.31187 Mbps | SE = 0.03438 bit/s/Hz
12203[UE 1 | RB 1] Throughput = 1.19072 Mbps | SE = 0.03120 bit/s/Hz
12303[UE 1 | RB 1] Throughput = 0.83758 Mbps | SE = 0.02195 bit/s/Hz
12412[UE 1 | RB 1] Throughput = 0.65691 Mbps | SE = 0.01721 bit/s/Hz
12513[UE 1 | RB 1] Throughput = 1.43266 Mbps | SE = 0.03754 bit/s/Hz
12622[UE 1 | RB 1] Throughput = 1.31086 Mbps | SE = 0.03435 bit/s/Hz
12723[UE 1 | RB 1] Throughput = 0.95803 Mbps | SE = 0.02511 bit/s/Hz
12833[UE 1 | RB 1] Throughput = 0.97989 Mbps | SE = 0.02568 bit/s/Hz
12943[UE 1 | RB 1] Throughput = 1.30799 Mbps | SE = 0.03428 bit/s/Hz
13052[UE 1 | RB 1] Throughput = 0.65471 Mbps | SE = 0.01716 bit/s/Hz
13162[UE 1 | RB 1] Throughput = 1.30740 Mbps | SE = 0.03426 bit/s/Hz
13263[UE 1 | RB 1] Throughput = 0.71362 Mbps | SE = 0.01870 bit/s/Hz
13372[UE 1 | RB 1] Throughput = 1.20634 Mbps | SE = 0.03161 bit/s/Hz
13473[UE 1 | RB 1] Throughput = 0.83442 Mbps | SE = 0.02187 bit/s/Hz
13583[UE 1 | RB 1] Throughput = 1.42028 Mbps | SE = 0.03722 bit/s/Hz
13683[UE 1 | RB 1] Throughput = 0.71743 Mbps | SE = 0.01880 bit/s/Hz
13793[UE 1 | RB 1] Throughput = 1.30264 Mbps | SE = 0.03414 bit/s/Hz
13903[UE 1 | RB 1] Throughput = 1.20585 Mbps | SE = 0.03160 bit/s/Hz
14012[UE 1 | RB 1] Throughput = 1.20066 Mbps | SE = 0.03146 bit/s/Hz
14112[UE 1 | RB 1] Throughput = 0.83831 Mbps | SE = 0.02197 bit/s/Hz
14213[UE 1 | RB 1] Throughput = 0.71755 Mbps | SE = 0.01880 bit/s/Hz
14313[UE 1 | RB 1] Throughput = 1.43748 Mbps | SE = 0.03767 bit/s/Hz
14423[UE 1 | RB 1] Throughput = 1.19790 Mbps | SE = 0.03139 bit/s/Hz
14533[UE 1 | RB 1] Throughput = 0.76270 Mbps | SE = 0.01999 bit/s/Hz
14633[UE 1 | RB 1] Throughput = 1.43782 Mbps | SE = 0.03768 bit/s/Hz
14743[UE 1 | RB 1] Throughput = 0.65451 Mbps | SE = 0.01715 bit/s/Hz
14853[UE 1 | RB 1] Throughput = 1.52635 Mbps | SE = 0.04000 bit/s/Hz
14962[UE 1 | RB 1] Throughput = 0.65387 Mbps | SE = 0.01713 bit/s/Hz
15073[UE 1 | RB 1] Throughput = 1.30632 Mbps | SE = 0.03423 bit/s/Hz
15182[UE 1 | RB 1] Throughput = 1.09266 Mbps | SE = 0.02863 bit/s/Hz
15282[UE 1 | RB 1] Throughput = 0.95675 Mbps | SE = 0.02507 bit/s/Hz
15392[UE 1 | RB 1] Throughput = 1.09091 Mbps | SE = 0.02859 bit/s/Hz
15493[UE 1 | RB 1] Throughput = 1.30726 Mbps | SE = 0.03426 bit/s/Hz
15602[UE 1 | RB 1] Throughput = 0.76849 Mbps | SE = 0.02014 bit/s/Hz
15703[UE 1 | RB 1] Throughput = 1.31396 Mbps | SE = 0.03443 bit/s/Hz
15813[UE 1 | RB 1] Throughput = 0.54474 Mbps | SE = 0.01428 bit/s/Hz
15922[UE 1 | RB 1] Throughput = 1.30938 Mbps | SE = 0.03431 bit/s/Hz
16023[UE 1 | RB 1] Throughput = 1.43488 Mbps | SE = 0.03760 bit/s/Hz
16132[UE 1 | RB 1] Throughput = 0.98403 Mbps | SE = 0.02579 bit/s/Hz
16233[UE 1 | RB 1] Throughput = 1.07587 Mbps | SE = 0.02819 bit/s/Hz
16342[UE 1 | RB 1] Throughput = 0.87251 Mbps | SE = 0.02286 bit/s/Hz
16443[UE 1 | RB 1] Throughput = 1.43618 Mbps | SE = 0.03764 bit/s/Hz
16543[UE 1 | RB 1] Throughput = 0.83839 Mbps | SE = 0.02197 bit/s/Hz
16653[UE 1 | RB 1] Throughput = 0.76333 Mbps | SE = 0.02000 bit/s/Hz
16753[UE 1 | RB 1] Throughput = 1.31779 Mbps | SE = 0.03453 bit/s/Hz
16862[UE 1 | RB 1] Throughput = 1.30834 Mbps | SE = 0.03429 bit/s/Hz
16973[UE 1 | RB 1] Throughput = 0.65166 Mbps | SE = 0.01708 bit/s/Hz
17073[UE 1 | RB 1] Throughput = 1.43110 Mbps | SE = 0.03750 bit/s/Hz
17183[UE 1 | RB 1] Throughput = 1.20520 Mbps | SE = 0.03158 bit/s/Hz
17283[UE 1 | RB 1] Throughput = 0.83772 Mbps | SE = 0.02195 bit/s/Hz
17383[UE 1 | RB 1] Throughput = 0.71861 Mbps | SE = 0.01883 bit/s/Hz
17483[UE 1 | RB 1] Throughput = 1.43578 Mbps | SE = 0.03763 bit/s/Hz
17593[UE 1 | RB 1] Throughput = 0.65665 Mbps | SE = 0.01721 bit/s/Hz
17693[UE 1 | RB 1] Throughput = 1.55618 Mbps | SE = 0.04078 bit/s/Hz
17793[UE 1 | RB 1] Throughput = 1.31721 Mbps | SE = 0.03452 bit/s/Hz
17903[UE 1 | RB 1] Throughput = 0.65291 Mbps | SE = 0.01711 bit/s/Hz
18013[UE 1 | RB 1] Throughput = 1.30731 Mbps | SE = 0.03426 bit/s/Hz
18113[UE 1 | RB 1] Throughput = 0.71874 Mbps | SE = 0.01883 bit/s/Hz
18213[UE 1 | RB 1] Throughput = 1.43656 Mbps | SE = 0.03765 bit/s/Hz
18323[UE 1 | RB 1] Throughput = 0.65641 Mbps | SE = 0.01720 bit/s/Hz
18423[UE 1 | RB 1] Throughput = 1.43439 Mbps | SE = 0.03759 bit/s/Hz
18533[UE 1 | RB 1] Throughput = 1.19908 Mbps | SE = 0.03142 bit/s/Hz
18633[UE 1 | RB 1] Throughput = 0.83864 Mbps | SE = 0.02198 bit/s/Hz
18733[UE 1 | RB 1] Throughput = 0.71845 Mbps | SE = 0.01883 bit/s/Hz
18843[UE 1 | RB 1] Throughput = 1.30661 Mbps | SE = 0.03424 bit/s/Hz
18953[UE 1 | RB 1] Throughput = 1.31161 Mbps | SE = 0.03437 bit/s/Hz
19053[UE 1 | RB 1] Throughput = 0.71577 Mbps | SE = 0.01876 bit/s/Hz
19163[UE 1 | RB 1] Throughput = 1.41502 Mbps | SE = 0.03708 bit/s/Hz
19273[UE 1 | RB 1] Throughput = 1.09267 Mbps | SE = 0.02863 bit/s/Hz
19373[UE 1 | RB 1] Throughput = 0.95609 Mbps | SE = 0.02505 bit/s/Hz
19483[UE 1 | RB 1] Throughput = 0.65622 Mbps | SE = 0.01720 bit/s/Hz
19583[UE 1 | RB 1] Throughput = 1.67612 Mbps | SE = 0.04392 bit/s/Hz
19693[UE 1 | RB 1] Throughput = 0.65501 Mbps | SE = 0.01716 bit/s/Hz
19793[UE 1 | RB 1] Throughput = 1.31604 Mbps | SE = 0.03449 bit/s/Hz
19893[UE 1 | RB 1] Throughput = 0.71810 Mbps | SE = 0.01882 bit/s/Hz
20003[UE 1 | RB 1] Throughput = 1.30804 Mbps | SE = 0.03428 bit/s/Hz
20112[UE 1 | RB 1] Throughput = 1.20115 Mbps | SE = 0.03148 bit/s/Hz
20222[UE 1 | RB 1] Throughput = 0.76349 Mbps | SE = 0.02001 bit/s/Hz
20322[UE 1 | RB 1] Throughput = 1.31687 Mbps | SE = 0.03451 bit/s/Hz
20433[UE 1 | RB 1] Throughput = 1.19701 Mbps | SE = 0.03137 bit/s/Hz
20533[UE 1 | RB 1] Throughput = 1.07819 Mbps | SE = 0.02825 bit/s/Hz
20643[UE 1 | RB 1] Throughput = 1.19577 Mbps | SE = 0.03134 bit/s/Hz
20743[UE 1 | RB 1] Throughput = 0.71813 Mbps | SE = 0.01882 bit/s/Hz
20853[UE 1 | RB 1] Throughput = 1.31026 Mbps | SE = 0.03434 bit/s/Hz
20953[UE 1 | RB 1] Throughput = 1.07786 Mbps | SE = 0.02825 bit/s/Hz
21062[UE 1 | RB 1] Throughput = 0.87455 Mbps | SE = 0.02292 bit/s/Hz
21163[UE 1 | RB 1] Throughput = 1.19579 Mbps | SE = 0.03134 bit/s/Hz
21263[UE 1 | RB 1] Throughput = 0.83750 Mbps | SE = 0.02195 bit/s/Hz
21373[UE 1 | RB 1] Throughput = 1.30929 Mbps | SE = 0.03431 bit/s/Hz
21473[UE 1 | RB 1] Throughput = 0.71710 Mbps | SE = 0.01879 bit/s/Hz
21583[UE 1 | RB 1] Throughput = 1.30830 Mbps | SE = 0.03428 bit/s/Hz
21693[UE 1 | RB 1] Throughput = 0.76302 Mbps | SE = 0.02000 bit/s/Hz
21803[UE 1 | RB 1] Throughput = 1.30776 Mbps | SE = 0.03427 bit/s/Hz
21913[UE 1 | RB 1] Throughput = 1.09055 Mbps | SE = 0.02858 bit/s/Hz
22013[UE 1 | RB 1] Throughput = 0.71894 Mbps | SE = 0.01884 bit/s/Hz
22113[UE 1 | RB 1] Throughput = 1.43785 Mbps | SE = 0.03768 bit/s/Hz
22213[UE 1 | RB 1] Throughput = 1.07789 Mbps | SE = 0.02825 bit/s/Hz
22313[UE 1 | RB 1] Throughput = 0.95786 Mbps | SE = 0.02510 bit/s/Hz
22423[UE 1 | RB 1] Throughput = 1.30660 Mbps | SE = 0.03424 bit/s/Hz
22523[UE 1 | RB 1] Throughput = 0.71904 Mbps | SE = 0.01884 bit/s/Hz
22633[UE 1 | RB 1] Throughput = 1.30859 Mbps | SE = 0.03429 bit/s/Hz
22733[UE 1 | RB 1] Throughput = 0.83695 Mbps | SE = 0.02193 bit/s/Hz
22843[UE 1 | RB 1] Throughput = 1.20370 Mbps | SE = 0.03154 bit/s/Hz
22943[UE 1 | RB 1] Throughput = 0.71566 Mbps | SE = 0.01875 bit/s/Hz
23053[UE 1 | RB 1] Throughput = 1.19994 Mbps | SE = 0.03144 bit/s/Hz
23163[UE 1 | RB 1] Throughput = 0.87295 Mbps | SE = 0.02288 bit/s/Hz
23273[UE 1 | RB 1] Throughput = 1.41728 Mbps | SE = 0.03714 bit/s/Hz
23373[UE 1 | RB 1] Throughput = 0.71651 Mbps | SE = 0.01878 bit/s/Hz
23483[UE 1 | RB 1] Throughput = 1.30825 Mbps | SE = 0.03428 bit/s/Hz
23593[UE 1 | RB 1] Throughput = 1.41989 Mbps | SE = 0.03721 bit/s/Hz
23693[UE 1 | RB 1] Throughput = 0.71755 Mbps | SE = 0.01880 bit/s/Hz
23803[UE 1 | RB 1] Throughput = 1.20058 Mbps | SE = 0.03146 bit/s/Hz
23903[UE 1 | RB 1] Throughput = 0.71898 Mbps | SE = 0.01884 bit/s/Hz
24013[UE 1 | RB 1] Throughput = 1.30527 Mbps | SE = 0.03421 bit/s/Hz
24113[UE 1 | RB 1] Throughput = 0.83800 Mbps | SE = 0.02196 bit/s/Hz
24223[UE 1 | RB 1] Throughput = 1.30899 Mbps | SE = 0.03430 bit/s/Hz
24323[UE 1 | RB 1] Throughput = 1.07699 Mbps | SE = 0.02822 bit/s/Hz
24433[UE 1 | RB 1] Throughput = 0.98179 Mbps | SE = 0.02573 bit/s/Hz
24533[UE 1 | RB 1] Throughput = 1.31736 Mbps | SE = 0.03452 bit/s/Hz
24643[UE 1 | RB 1] Throughput = 0.65351 Mbps | SE = 0.01713 bit/s/Hz
24753[UE 1 | RB 1] Throughput = 1.30610 Mbps | SE = 0.03423 bit/s/Hz
24853[UE 1 | RB 1] Throughput = 0.71861 Mbps | SE = 0.01883 bit/s/Hz
24963[UE 1 | RB 1] Throughput = 1.41991 Mbps | SE = 0.03721 bit/s/Hz
25063[UE 1 | RB 1] Throughput = 0.71844 Mbps | SE = 0.01883 bit/s/Hz
25173[UE 1 | RB 1] Throughput = 1.30825 Mbps | SE = 0.03428 bit/s/Hz
25283[UE 1 | RB 1] Throughput = 1.30483 Mbps | SE = 0.03419 bit/s/Hz
25393[UE 1 | RB 1] Throughput = 0.76430 Mbps | SE = 0.02003 bit/s/Hz
25493[UE 1 | RB 1] Throughput = 1.43643 Mbps | SE = 0.03764 bit/s/Hz
25603[UE 1 | RB 1] Throughput = 0.65533 Mbps | SE = 0.01717 bit/s/Hz
25703[UE 1 | RB 1] Throughput = 1.31560 Mbps | SE = 0.03448 bit/s/Hz
25813[UE 1 | RB 1] Throughput = 1.09119 Mbps | SE = 0.02860 bit/s/Hz
25913[UE 1 | RB 1] Throughput = 0.83757 Mbps | SE = 0.02195 bit/s/Hz
26023[UE 1 | RB 1] Throughput = 1.31025 Mbps | SE = 0.03434 bit/s/Hz
26123[UE 1 | RB 1] Throughput = 0.71767 Mbps | SE = 0.01881 bit/s/Hz
26233[UE 1 | RB 1] Throughput = 1.30899 Mbps | SE = 0.03430 bit/s/Hz
26343[UE 1 | RB 1] Throughput = 1.30600 Mbps | SE = 0.03422 bit/s/Hz
26443[UE 1 | RB 1] Throughput = 0.71864 Mbps | SE = 0.01883 bit/s/Hz
26543[UE 1 | RB 1] Throughput = 1.43528 Mbps | SE = 0.03761 bit/s/Hz
26653[UE 1 | RB 1] Throughput = 0.65341 Mbps | SE = 0.01712 bit/s/Hz
26763[UE 1 | RB 1] Throughput = 1.31042 Mbps | SE = 0.03434 bit/s/Hz
26873[UE 1 | RB 1] Throughput = 1.19770 Mbps | SE = 0.03139 bit/s/Hz
26983[UE 1 | RB 1] Throughput = 0.76406 Mbps | SE = 0.02002 bit/s/Hz
27093[UE 1 | RB 1] Throughput = 1.30644 Mbps | SE = 0.03424 bit/s/Hz
27193[UE 1 | RB 1] Throughput = 0.71788 Mbps | SE = 0.01881 bit/s/Hz
27293[UE 1 | RB 1] Throughput = 0.95563 Mbps | SE = 0.02504 bit/s/Hz
27403[UE 1 | RB 1] Throughput = 1.42150 Mbps | SE = 0.03725 bit/s/Hz
27513[UE 1 | RB 1] Throughput = 1.20036 Mbps | SE = 0.03146 bit/s/Hz
27613[UE 1 | RB 1] Throughput = 0.83712 Mbps | SE = 0.02194 bit/s/Hz
27723[UE 1 | RB 1] Throughput = 0.65432 Mbps | SE = 0.01715 bit/s/Hz
27823[UE 1 | RB 1] Throughput = 1.43583 Mbps | SE = 0.03763 bit/s/Hz
27932[UE 1 | RB 1] Throughput = 1.42168 Mbps | SE = 0.03726 bit/s/Hz
28033[UE 1 | RB 1] Throughput = 0.71590 Mbps | SE = 0.01876 bit/s/Hz
28143[UE 1 | RB 1] Throughput = 1.19963 Mbps | SE = 0.03144 bit/s/Hz
28253[UE 1 | RB 1] Throughput = 0.65397 Mbps | SE = 0.01714 bit/s/Hz
28353[UE 1 | RB 1] Throughput = 1.43560 Mbps | SE = 0.03762 bit/s/Hz
28453[UE 1 | RB 1] Throughput = 0.71863 Mbps | SE = 0.01883 bit/s/Hz
28553[UE 1 | RB 1] Throughput = 1.31667 Mbps | SE = 0.03450 bit/s/Hz
28653[UE 1 | RB 1] Throughput = 1.07694 Mbps | SE = 0.02822 bit/s/Hz
28763[UE 1 | RB 1] Throughput = 1.19755 Mbps | SE = 0.03138 bit/s/Hz
28873[UE 1 | RB 1] Throughput = 0.98438 Mbps | SE = 0.02580 bit/s/Hz
28973[UE 1 | RB 1] Throughput = 1.19724 Mbps | SE = 0.03137 bit/s/Hz
29073[UE 1 | RB 1] Throughput = 0.83832 Mbps | SE = 0.02197 bit/s/Hz
29173[UE 1 | RB 1] Throughput = 1.19780 Mbps | SE = 0.03139 bit/s/Hz
29283[UE 1 | RB 1] Throughput = 1.30809 Mbps | SE = 0.03428 bit/s/Hz
29383[UE 1 | RB 1] Throughput = 0.71823 Mbps | SE = 0.01882 bit/s/Hz
29493[UE 1 | RB 1] Throughput = 1.20043 Mbps | SE = 0.03146 bit/s/Hz
29603[UE 1 | RB 1] Throughput = 1.19784 Mbps | SE = 0.03139 bit/s/Hz
29712[UE 1 | RB 1] Throughput = 0.65654 Mbps | SE = 0.01721 bit/s/Hz
29813[UE 1 | RB 1] Throughput = 1.31367 Mbps | SE = 0.03443 bit/s/Hz
29923[UE 1 | RB 1] Throughput = 1.30720 Mbps | SE = 0.03426 bit/s/Hz
30023[UE 1 | RB 1] Throughput = 0.59726 Mbps | SE = 0.01565 bit/s/Hz
30133[UE 1 | RB 1] Throughput = 1.19924 Mbps | SE = 0.03143 bit/s/Hz
30243[UE 1 | RB 1] Throughput = 1.30962 Mbps | SE = 0.03432 bit/s/Hz
30353[UE 1 | RB 1] Throughput = 0.87235 Mbps | SE = 0.02286 bit/s/Hz
30453[UE 1 | RB 1] Throughput = 1.19521 Mbps | SE = 0.03132 bit/s/Hz
30563[UE 1 | RB 1] Throughput = 0.87305 Mbps | SE = 0.02288 bit/s/Hz
30663[UE 1 | RB 1] Throughput = 1.43498 Mbps | SE = 0.03760 bit/s/Hz
30773[UE 1 | RB 1] Throughput = 0.65490 Mbps | SE = 0.01716 bit/s/Hz
30883[UE 1 | RB 1] Throughput = 1.30985 Mbps | SE = 0.03433 bit/s/Hz
30983[UE 1 | RB 1] Throughput = 0.71857 Mbps | SE = 0.01883 bit/s/Hz
31083[UE 1 | RB 1] Throughput = 1.31663 Mbps | SE = 0.03450 bit/s/Hz
31193[UE 1 | RB 1] Throughput = 1.30898 Mbps | SE = 0.03430 bit/s/Hz
31293[UE 1 | RB 1] Throughput = 0.71728 Mbps | SE = 0.01880 bit/s/Hz
31403[UE 1 | RB 1] Throughput = 1.19923 Mbps | SE = 0.03143 bit/s/Hz
31503[UE 1 | RB 1] Throughput = 0.71694 Mbps | SE = 0.01879 bit/s/Hz
31613[UE 1 | RB 1] Throughput = 1.31096 Mbps | SE = 0.03435 bit/s/Hz
31713[UE 1 | RB 1] Throughput = 0.71862 Mbps | SE = 0.01883 bit/s/Hz
31813[UE 1 | RB 1] Throughput = 1.43537 Mbps | SE = 0.03761 bit/s/Hz
31923[UE 1 | RB 1] Throughput = 1.09471 Mbps | SE = 0.02869 bit/s/Hz
32023[UE 1 | RB 1] Throughput = 1.19303 Mbps | SE = 0.03126 bit/s/Hz
32133[UE 1 | RB 1] Throughput = 0.87034 Mbps | SE = 0.02281 bit/s/Hz
32243[UE 1 | RB 1] Throughput = 1.31222 Mbps | SE = 0.03439 bit/s/Hz
32353[UE 1 | RB 1] Throughput = 0.87164 Mbps | SE = 0.02284 bit/s/Hz
32463[UE 1 | RB 1] Throughput = 1.30663 Mbps | SE = 0.03424 bit/s/Hz
32563[UE 1 | RB 1] Throughput = 0.71792 Mbps | SE = 0.01881 bit/s/Hz
32673[UE 1 | RB 1] Throughput = 1.30349 Mbps | SE = 0.03416 bit/s/Hz
32783[UE 1 | RB 1] Throughput = 0.65705 Mbps | SE = 0.01722 bit/s/Hz
32883[UE 1 | RB 1] Throughput = 1.43398 Mbps | SE = 0.03758 bit/s/Hz
32993[UE 1 | RB 1] Throughput = 0.65548 Mbps | SE = 0.01718 bit/s/Hz
33103[UE 1 | RB 1] Throughput = 1.52483 Mbps | SE = 0.03996 bit/s/Hz
33213[UE 1 | RB 1] Throughput = 1.19877 Mbps | SE = 0.03141 bit/s/Hz
33323[UE 1 | RB 1] Throughput = 0.97929 Mbps | SE = 0.02566 bit/s/Hz
33433[UE 1 | RB 1] Throughput = 0.87274 Mbps | SE = 0.02287 bit/s/Hz
33543[UE 1 | RB 1] Throughput = 1.19988 Mbps | SE = 0.03144 bit/s/Hz
33643[UE 1 | RB 1] Throughput = 1.31604 Mbps | SE = 0.03449 bit/s/Hz
33753[UE 1 | RB 1] Throughput = 0.54469 Mbps | SE = 0.01427 bit/s/Hz
33853[UE 1 | RB 1] Throughput = 1.43697 Mbps | SE = 0.03766 bit/s/Hz
33953[UE 1 | RB 1] Throughput = 0.71894 Mbps | SE = 0.01884 bit/s/Hz
34063[UE 1 | RB 1] Throughput = 1.30829 Mbps | SE = 0.03428 bit/s/Hz
34163[UE 1 | RB 1] Throughput = 0.71858 Mbps | SE = 0.01883 bit/s/Hz
34273[UE 1 | RB 1] Throughput = 1.41816 Mbps | SE = 0.03716 bit/s/Hz
34373[UE 1 | RB 1] Throughput = 0.71814 Mbps | SE = 0.01882 bit/s/Hz
34483[UE 1 | RB 1] Throughput = 1.30838 Mbps | SE = 0.03429 bit/s/Hz
34593[UE 1 | RB 1] Throughput = 1.30812 Mbps | SE = 0.03428 bit/s/Hz
34693[UE 1 | RB 1] Throughput = 0.95620 Mbps | SE = 0.02506 bit/s/Hz
34803[UE 1 | RB 1] Throughput = 1.08654 Mbps | SE = 0.02847 bit/s/Hz
34913[UE 1 | RB 1] Throughput = 0.65729 Mbps | SE = 0.01722 bit/s/Hz
35023[UE 1 | RB 1] Throughput = 1.19942 Mbps | SE = 0.03143 bit/s/Hz
35123[UE 1 | RB 1] Throughput = 1.19604 Mbps | SE = 0.03134 bit/s/Hz
35223[UE 1 | RB 1] Throughput = 1.31473 Mbps | SE = 0.03445 bit/s/Hz
35323[UE 1 | RB 1] Throughput = 0.59837 Mbps | SE = 0.01568 bit/s/Hz
35433[UE 1 | RB 1] Throughput = 1.30682 Mbps | SE = 0.03425 bit/s/Hz
35543[UE 1 | RB 1] Throughput = 1.30886 Mbps | SE = 0.03430 bit/s/Hz
35643[UE 1 | RB 1] Throughput = 0.59709 Mbps | SE = 0.01565 bit/s/Hz
35744[UE 1 | RB 1] Throughput = 1.31451 Mbps | SE = 0.03445 bit/s/Hz
35853[UE 1 | RB 1] Throughput = 1.09673 Mbps | SE = 0.02874 bit/s/Hz
35953[UE 1 | RB 1] Throughput = 0.83871 Mbps | SE = 0.02198 bit/s/Hz
36063[UE 1 | RB 1] Throughput = 1.20012 Mbps | SE = 0.03145 bit/s/Hz
36163[UE 1 | RB 1] Throughput = 1.31591 Mbps | SE = 0.03448 bit/s/Hz
36263[UE 1 | RB 1] Throughput = 0.71817 Mbps | SE = 0.01882 bit/s/Hz
36373[UE 1 | RB 1] Throughput = 1.31056 Mbps | SE = 0.03434 bit/s/Hz
36483[UE 1 | RB 1] Throughput = 1.19952 Mbps | SE = 0.03143 bit/s/Hz
36584[UE 1 | RB 1] Throughput = 0.71279 Mbps | SE = 0.01868 bit/s/Hz
36684[UE 1 | RB 1] Throughput = 0.83617 Mbps | SE = 0.02191 bit/s/Hz
36793[UE 1 | RB 1] Throughput = 1.10054 Mbps | SE = 0.02884 bit/s/Hz
36893[UE 1 | RB 1] Throughput = 1.43228 Mbps | SE = 0.03753 bit/s/Hz
36994[UE 1 | RB 1] Throughput = 1.07529 Mbps | SE = 0.02818 bit/s/Hz
37103[UE 1 | RB 1] Throughput = 0.98512 Mbps | SE = 0.02582 bit/s/Hz
37213[UE 1 | RB 1] Throughput = 1.30773 Mbps | SE = 0.03427 bit/s/Hz
37323[UE 1 | RB 1] Throughput = 0.65481 Mbps | SE = 0.01716 bit/s/Hz
37423[UE 1 | RB 1] Throughput = 1.43713 Mbps | SE = 0.03766 bit/s/Hz
37523[UE 1 | RB 1] Throughput = 0.71785 Mbps | SE = 0.01881 bit/s/Hz
37623[UE 1 | RB 1] Throughput = 1.43748 Mbps | SE = 0.03767 bit/s/Hz
37723[UE 1 | RB 1] Throughput = 0.71834 Mbps | SE = 0.01882 bit/s/Hz
37833[UE 1 | RB 1] Throughput = 1.31236 Mbps | SE = 0.03439 bit/s/Hz
37933[UE 1 | RB 1] Throughput = 1.19634 Mbps | SE = 0.03135 bit/s/Hz
38034[UE 1 | RB 1] Throughput = 0.83279 Mbps | SE = 0.02182 bit/s/Hz
38143[UE 1 | RB 1] Throughput = 0.65700 Mbps | SE = 0.01722 bit/s/Hz
38253[UE 1 | RB 1] Throughput = 1.52931 Mbps | SE = 0.04008 bit/s/Hz
38353[UE 1 | RB 1] Throughput = 0.71853 Mbps | SE = 0.01883 bit/s/Hz
38463[UE 1 | RB 1] Throughput = 1.30326 Mbps | SE = 0.03415 bit/s/Hz
38573[UE 1 | RB 1] Throughput = 0.87261 Mbps | SE = 0.02287 bit/s/Hz
38683[UE 1 | RB 1] Throughput = 1.09041 Mbps | SE = 0.02857 bit/s/Hz
38793[UE 1 | RB 1] Throughput = 1.52843 Mbps | SE = 0.04005 bit/s/Hz
38903[UE 1 | RB 1] Throughput = 0.76155 Mbps | SE = 0.01996 bit/s/Hz
39013[UE 1 | RB 1] Throughput = 1.19883 Mbps | SE = 0.03142 bit/s/Hz
39113[UE 1 | RB 1] Throughput = 1.07335 Mbps | SE = 0.02813 bit/s/Hz
39223[UE 1 | RB 1] Throughput = 1.09270 Mbps | SE = 0.02863 bit/s/Hz
39323[UE 1 | RB 1] Throughput = 0.95849 Mbps | SE = 0.02512 bit/s/Hz
39423[UE 1 | RB 1] Throughput = 1.19662 Mbps | SE = 0.03136 bit/s/Hz
39533[UE 1 | RB 1] Throughput = 1.08783 Mbps | SE = 0.02851 bit/s/Hz
39643[UE 1 | RB 1] Throughput = 1.09375 Mbps | SE = 0.02866 bit/s/Hz
39743[UE 1 | RB 1] Throughput = 0.71824 Mbps | SE = 0.01882 bit/s/Hz
39853[UE 1 | RB 1] Throughput = 1.19988 Mbps | SE = 0.03144 bit/s/Hz
39953[UE 1 | RB 1] Throughput = 1.31671 Mbps | SE = 0.03451 bit/s/Hz
40053[UE 1 | RB 1] Throughput = 0.83815 Mbps | SE = 0.02196 bit/s/Hz
40163[UE 1 | RB 1] Throughput = 1.30681 Mbps | SE = 0.03425 bit/s/Hz
40273[UE 1 | RB 1] Throughput = 0.65545 Mbps | SE = 0.01718 bit/s/Hz
40373[UE 1 | RB 1] Throughput = 1.31544 Mbps | SE = 0.03447 bit/s/Hz
40483[UE 1 | RB 1] Throughput = 0.87541 Mbps | SE = 0.02294 bit/s/Hz
40583[UE 1 | RB 1] Throughput = 1.43656 Mbps | SE = 0.03765 bit/s/Hz
40683[UE 1 | RB 1] Throughput = 0.71476 Mbps | SE = 0.01873 bit/s/Hz
40793[UE 1 | RB 1] Throughput = 1.31338 Mbps | SE = 0.03442 bit/s/Hz
40903[UE 1 | RB 1] Throughput = 0.65221 Mbps | SE = 0.01709 bit/s/Hz
41013[UE 1 | RB 1] Throughput = 1.31020 Mbps | SE = 0.03433 bit/s/Hz
41113[UE 1 | RB 1] Throughput = 1.31696 Mbps | SE = 0.03451 bit/s/Hz
41223[UE 1 | RB 1] Throughput = 0.54389 Mbps | SE = 0.01425 bit/s/Hz
41333[UE 1 | RB 1] Throughput = 1.52650 Mbps | SE = 0.04000 bit/s/Hz
41443[UE 1 | RB 1] Throughput = 0.76288 Mbps | SE = 0.01999 bit/s/Hz
41553[UE 1 | RB 1] Throughput = 1.30619 Mbps | SE = 0.03423 bit/s/Hz
41663[UE 1 | RB 1] Throughput = 0.65519 Mbps | SE = 0.01717 bit/s/Hz
41773[UE 1 | RB 1] Throughput = 1.30574 Mbps | SE = 0.03422 bit/s/Hz
41873[UE 1 | RB 1] Throughput = 1.19534 Mbps | SE = 0.03132 bit/s/Hz
41983[UE 1 | RB 1] Throughput = 1.09372 Mbps | SE = 0.02866 bit/s/Hz
42083[UE 1 | RB 1] Throughput = 1.31525 Mbps | SE = 0.03447 bit/s/Hz
42193[UE 1 | RB 1] Throughput = 0.65447 Mbps | SE = 0.01715 bit/s/Hz
42293[UE 1 | RB 1] Throughput = 1.55638 Mbps | SE = 0.04079 bit/s/Hz
42393[UE 1 | RB 1] Throughput = 0.71887 Mbps | SE = 0.01884 bit/s/Hz
42503[UE 1 | RB 1] Throughput = 1.30619 Mbps | SE = 0.03423 bit/s/Hz
42613[UE 1 | RB 1] Throughput = 0.65307 Mbps | SE = 0.01711 bit/s/Hz
42723[UE 1 | RB 1] Throughput = 1.53111 Mbps | SE = 0.04012 bit/s/Hz
42823[UE 1 | RB 1] Throughput = 0.71856 Mbps | SE = 0.01883 bit/s/Hz
42933[UE 1 | RB 1] Throughput = 0.87178 Mbps | SE = 0.02285 bit/s/Hz
43033[UE 1 | RB 1] Throughput = 1.67597 Mbps | SE = 0.04392 bit/s/Hz
43134[UE 1 | RB 1] Throughput = 0.59399 Mbps | SE = 0.01557 bit/s/Hz
43243[UE 1 | RB 1] Throughput = 1.20830 Mbps | SE = 0.03166 bit/s/Hz
43343[UE 1 | RB 1] Throughput = 0.95559 Mbps | SE = 0.02504 bit/s/Hz
43453[UE 1 | RB 1] Throughput = 1.09227 Mbps | SE = 0.02862 bit/s/Hz
43553[UE 1 | RB 1] Throughput = 1.19219 Mbps | SE = 0.03124 bit/s/Hz
43653[UE 1 | RB 1] Throughput = 1.31807 Mbps | SE = 0.03454 bit/s/Hz
43764[UE 1 | RB 1] Throughput = 0.54436 Mbps | SE = 0.01427 bit/s/Hz
43873[UE 1 | RB 1] Throughput = 1.20457 Mbps | SE = 0.03157 bit/s/Hz
43973[UE 1 | RB 1] Throughput = 1.31782 Mbps | SE = 0.03453 bit/s/Hz
44073[UE 1 | RB 1] Throughput = 0.71647 Mbps | SE = 0.01878 bit/s/Hz
44183[UE 1 | RB 1] Throughput = 1.53055 Mbps | SE = 0.04011 bit/s/Hz
44283[UE 1 | RB 1] Throughput = 0.71707 Mbps | SE = 0.01879 bit/s/Hz
44393[UE 1 | RB 1] Throughput = 1.41987 Mbps | SE = 0.03721 bit/s/Hz
44493[UE 1 | RB 1] Throughput = 0.59894 Mbps | SE = 0.01570 bit/s/Hz
44604[UE 1 | RB 1] Throughput = 1.51773 Mbps | SE = 0.03977 bit/s/Hz
44713[UE 1 | RB 1] Throughput = 0.54618 Mbps | SE = 0.01431 bit/s/Hz
44823[UE 1 | RB 1] Throughput = 1.42265 Mbps | SE = 0.03728 bit/s/Hz
44923[UE 1 | RB 1] Throughput = 0.71594 Mbps | SE = 0.01876 bit/s/Hz
45033[UE 1 | RB 1] Throughput = 1.31121 Mbps | SE = 0.03436 bit/s/Hz
45133[UE 1 | RB 1] Throughput = 0.71856 Mbps | SE = 0.01883 bit/s/Hz
45233[UE 1 | RB 1] Throughput = 1.43570 Mbps | SE = 0.03762 bit/s/Hz
45333[UE 1 | RB 1] Throughput = 0.71618 Mbps | SE = 0.01877 bit/s/Hz
45443[UE 1 | RB 1] Throughput = 1.31678 Mbps | SE = 0.03451 bit/s/Hz
45543[UE 1 | RB 1] Throughput = 1.19591 Mbps | SE = 0.03134 bit/s/Hz
45643[UE 1 | RB 1] Throughput = 0.95663 Mbps | SE = 0.02507 bit/s/Hz
45743[UE 1 | RB 1] Throughput = 1.07823 Mbps | SE = 0.02826 bit/s/Hz
45853[UE 1 | RB 1] Throughput = 0.97871 Mbps | SE = 0.02565 bit/s/Hz
45963[UE 1 | RB 1] Throughput = 1.20421 Mbps | SE = 0.03156 bit/s/Hz
46063[UE 1 | RB 1] Throughput = 1.31487 Mbps | SE = 0.03446 bit/s/Hz
46173[UE 1 | RB 1] Throughput = 0.76380 Mbps | SE = 0.02002 bit/s/Hz
46273[UE 1 | RB 1] Throughput = 1.31464 Mbps | SE = 0.03445 bit/s/Hz
46384[UE 1 | RB 1] Throughput = 0.75833 Mbps | SE = 0.01987 bit/s/Hz
46493[UE 1 | RB 1] Throughput = 1.31910 Mbps | SE = 0.03457 bit/s/Hz
46593[UE 1 | RB 1] Throughput = 0.71761 Mbps | SE = 0.01881 bit/s/Hz
46703[UE 1 | RB 1] Throughput = 1.20015 Mbps | SE = 0.03145 bit/s/Hz
46804[UE 1 | RB 1] Throughput = 1.30995 Mbps | SE = 0.03433 bit/s/Hz
46913[UE 1 | RB 1] Throughput = 0.65517 Mbps | SE = 0.01717 bit/s/Hz
47013[UE 1 | RB 1] Throughput = 1.43700 Mbps | SE = 0.03766 bit/s/Hz
47123[UE 1 | RB 1] Throughput = 0.76299 Mbps | SE = 0.01999 bit/s/Hz
47234[UE 1 | RB 1] Throughput = 1.30404 Mbps | SE = 0.03417 bit/s/Hz
47343[UE 1 | RB 1] Throughput = 1.20427 Mbps | SE = 0.03156 bit/s/Hz
47453[UE 1 | RB 1] Throughput = 1.19841 Mbps | SE = 0.03140 bit/s/Hz
47563[UE 1 | RB 1] Throughput = 0.76385 Mbps | SE = 0.02002 bit/s/Hz
47663[UE 1 | RB 1] Throughput = 1.43358 Mbps | SE = 0.03757 bit/s/Hz
47763[UE 1 | RB 1] Throughput = 0.59886 Mbps | SE = 0.01569 bit/s/Hz
47863[UE 1 | RB 1] Throughput = 1.31638 Mbps | SE = 0.03450 bit/s/Hz
47973[UE 1 | RB 1] Throughput = 1.20181 Mbps | SE = 0.03149 bit/s/Hz
48083[UE 1 | RB 1] Throughput = 0.65429 Mbps | SE = 0.01715 bit/s/Hz
48183[UE 1 | RB 1] Throughput = 1.43448 Mbps | SE = 0.03759 bit/s/Hz
48283[UE 1 | RB 1] Throughput = 0.95684 Mbps | SE = 0.02507 bit/s/Hz
48393[UE 1 | RB 1] Throughput = 0.98298 Mbps | SE = 0.02576 bit/s/Hz
48503[UE 1 | RB 1] Throughput = 0.87185 Mbps | SE = 0.02285 bit/s/Hz
48613[UE 1 | RB 1] Throughput = 1.30678 Mbps | SE = 0.03424 bit/s/Hz
48713[UE 1 | RB 1] Throughput = 0.71755 Mbps | SE = 0.01880 bit/s/Hz
48823[UE 1 | RB 1] Throughput = 1.31029 Mbps | SE = 0.03434 bit/s/Hz
48933[UE 1 | RB 1] Throughput = 1.19778 Mbps | SE = 0.03139 bit/s/Hz
49044[UE 1 | RB 1] Throughput = 1.19329 Mbps | SE = 0.03127 bit/s/Hz
49153[UE 1 | RB 1] Throughput = 0.76588 Mbps | SE = 0.02007 bit/s/Hz
49263[UE 1 | RB 1] Throughput = 1.20000 Mbps | SE = 0.03145 bit/s/Hz
49363[UE 1 | RB 1] Throughput = 1.31645 Mbps | SE = 0.03450 bit/s/Hz
49473[UE 1 | RB 1] Throughput = 1.09083 Mbps | SE = 0.02859 bit/s/Hz
49573[UE 1 | RB 1] Throughput = 0.71884 Mbps | SE = 0.01884 bit/s/Hz
49683[UE 1 | RB 1] Throughput = 1.08992 Mbps | SE = 0.02856 bit/s/Hz
49783[UE 1 | RB 1] Throughput = 1.31719 Mbps | SE = 0.03452 bit/s/Hz
49883[UE 1 | RB 1] Throughput = 1.07717 Mbps | SE = 0.02823 bit/s/Hz
49993[UE 1 | RB 1] Throughput = 0.98225 Mbps | SE = 0.02574 bit/s/Hz
50103[UE 1 | RB 1] Throughput = 0.65378 Mbps | SE = 0.01713 bit/s/Hz
50203[UE 1 | RB 1] Throughput = 1.43743 Mbps | SE = 0.03767 bit/s/Hz
50313[UE 1 | RB 1] Throughput = 1.19875 Mbps | SE = 0.03141 bit/s/Hz
50423[UE 1 | RB 1] Throughput = 0.87217 Mbps | SE = 0.02286 bit/s/Hz
50523[UE 1 | RB 1] Throughput = 1.31249 Mbps | SE = 0.03439 bit/s/Hz
50633[UE 1 | RB 1] Throughput = 0.98053 Mbps | SE = 0.02570 bit/s/Hz
50743[UE 1 | RB 1] Throughput = 0.87427 Mbps | SE = 0.02291 bit/s/Hz
50843[UE 1 | RB 1] Throughput = 1.43594 Mbps | SE = 0.03763 bit/s/Hz
50953[UE 1 | RB 1] Throughput = 0.65600 Mbps | SE = 0.01719 bit/s/Hz
51053[UE 1 | RB 1] Throughput = 1.31748 Mbps | SE = 0.03453 bit/s/Hz
51153[UE 1 | RB 1] Throughput = 0.95805 Mbps | SE = 0.02511 bit/s/Hz
51254[UE 1 | RB 1] Throughput = 1.42878 Mbps | SE = 0.03744 bit/s/Hz
51363[UE 1 | RB 1] Throughput = 0.65545 Mbps | SE = 0.01718 bit/s/Hz
51473[UE 1 | RB 1] Throughput = 1.30827 Mbps | SE = 0.03428 bit/s/Hz
51583[UE 1 | RB 1] Throughput = 0.54495 Mbps | SE = 0.01428 bit/s/Hz
51683[UE 1 | RB 1] Throughput = 1.43650 Mbps | SE = 0.03764 bit/s/Hz
51793[UE 1 | RB 1] Throughput = 1.09300 Mbps | SE = 0.02864 bit/s/Hz
51893[UE 1 | RB 1] Throughput = 0.95412 Mbps | SE = 0.02500 bit/s/Hz
52003[UE 1 | RB 1] Throughput = 1.42156 Mbps | SE = 0.03725 bit/s/Hz
52103[UE 1 | RB 1] Throughput = 0.95690 Mbps | SE = 0.02508 bit/s/Hz
52213[UE 1 | RB 1] Throughput = 0.76376 Mbps | SE = 0.02001 bit/s/Hz
52313[UE 1 | RB 1] Throughput = 1.31791 Mbps | SE = 0.03454 bit/s/Hz
52414[UE 1 | RB 1] Throughput = 1.30695 Mbps | SE = 0.03425 bit/s/Hz
52523[UE 1 | RB 1] Throughput = 0.65737 Mbps | SE = 0.01723 bit/s/Hz
52633[UE 1 | RB 1] Throughput = 1.30889 Mbps | SE = 0.03430 bit/s/Hz
52733[UE 1 | RB 1] Throughput = 0.71882 Mbps | SE = 0.01884 bit/s/Hz
52843[UE 1 | RB 1] Throughput = 1.30801 Mbps | SE = 0.03428 bit/s/Hz
52953[UE 1 | RB 1] Throughput = 0.76231 Mbps | SE = 0.01998 bit/s/Hz
53063[UE 1 | RB 1] Throughput = 1.20216 Mbps | SE = 0.03150 bit/s/Hz
53163[UE 1 | RB 1] Throughput = 1.31727 Mbps | SE = 0.03452 bit/s/Hz
53263[UE 1 | RB 1] Throughput = 1.19373 Mbps | SE = 0.03128 bit/s/Hz
53364[UE 1 | RB 1] Throughput = 0.71411 Mbps | SE = 0.01871 bit/s/Hz
53473[UE 1 | RB 1] Throughput = 0.87903 Mbps | SE = 0.02304 bit/s/Hz
53573[UE 1 | RB 1] Throughput = 1.43545 Mbps | SE = 0.03762 bit/s/Hz
53673[UE 1 | RB 1] Throughput = 0.95639 Mbps | SE = 0.02506 bit/s/Hz
53783[UE 1 | RB 1] Throughput = 1.31407 Mbps | SE = 0.03444 bit/s/Hz
53883[UE 1 | RB 1] Throughput = 1.07479 Mbps | SE = 0.02817 bit/s/Hz
53993[UE 1 | RB 1] Throughput = 0.98204 Mbps | SE = 0.02573 bit/s/Hz
54093[UE 1 | RB 1] Throughput = 0.71857 Mbps | SE = 0.01883 bit/s/Hz
54203[UE 1 | RB 1] Throughput = 1.52932 Mbps | SE = 0.04008 bit/s/Hz
54303[UE 1 | RB 1] Throughput = 0.71810 Mbps | SE = 0.01882 bit/s/Hz
54403[UE 1 | RB 1] Throughput = 1.43700 Mbps | SE = 0.03766 bit/s/Hz
54513[UE 1 | RB 1] Throughput = 0.54412 Mbps | SE = 0.01426 bit/s/Hz
54623[UE 1 | RB 1] Throughput = 1.52479 Mbps | SE = 0.03996 bit/s/Hz
54733[UE 1 | RB 1] Throughput = 0.86971 Mbps | SE = 0.02279 bit/s/Hz
54834[UE 1 | RB 1] Throughput = 0.71760 Mbps | SE = 0.01880 bit/s/Hz
54943[UE 1 | RB 1] Throughput = 1.41790 Mbps | SE = 0.03716 bit/s/Hz
55053[UE 1 | RB 1] Throughput = 1.09278 Mbps | SE = 0.02864 bit/s/Hz
55153[UE 1 | RB 1] Throughput = 0.71790 Mbps | SE = 0.01881 bit/s/Hz
55253[UE 1 | RB 1] Throughput = 1.55576 Mbps | SE = 0.04077 bit/s/Hz
55354[UE 1 | RB 1] Throughput = 0.95803 Mbps | SE = 0.02511 bit/s/Hz
55463[UE 1 | RB 1] Throughput = 1.09077 Mbps | SE = 0.02858 bit/s/Hz
55573[UE 1 | RB 1] Throughput = 1.20094 Mbps | SE = 0.03147 bit/s/Hz
55673[UE 1 | RB 1] Throughput = 0.83816 Mbps | SE = 0.02196 bit/s/Hz
55773[UE 1 | RB 1] Throughput = 0.71811 Mbps | SE = 0.01882 bit/s/Hz
55874[UE 1 | RB 1] Throughput = 1.54695 Mbps | SE = 0.04054 bit/s/Hz
55983[UE 1 | RB 1] Throughput = 0.65987 Mbps | SE = 0.01729 bit/s/Hz
56083[UE 1 | RB 1] Throughput = 1.67640 Mbps | SE = 0.04393 bit/s/Hz
56183[UE 1 | RB 1] Throughput = 0.71811 Mbps | SE = 0.01882 bit/s/Hz
56293[UE 1 | RB 1] Throughput = 1.30796 Mbps | SE = 0.03428 bit/s/Hz
56403[UE 1 | RB 1] Throughput = 0.76293 Mbps | SE = 0.01999 bit/s/Hz
56513[UE 1 | RB 1] Throughput = 1.19664 Mbps | SE = 0.03136 bit/s/Hz
56623[UE 1 | RB 1] Throughput = 1.20040 Mbps | SE = 0.03146 bit/s/Hz
56725[UE 1 | RB 1] Throughput = 0.70733 Mbps | SE = 0.01854 bit/s/Hz
56833[UE 1 | RB 1] Throughput = 1.43517 Mbps | SE = 0.03761 bit/s/Hz
56943[UE 1 | RB 1] Throughput = 1.09131 Mbps | SE = 0.02860 bit/s/Hz
57053[UE 1 | RB 1] Throughput = 0.98225 Mbps | SE = 0.02574 bit/s/Hz
57153[UE 1 | RB 1] Throughput = 1.19661 Mbps | SE = 0.03136 bit/s/Hz
57263[UE 1 | RB 1] Throughput = 0.76301 Mbps | SE = 0.02000 bit/s/Hz
57363[UE 1 | RB 1] Throughput = 1.43394 Mbps | SE = 0.03758 bit/s/Hz
57473[UE 1 | RB 1] Throughput = 1.19808 Mbps | SE = 0.03140 bit/s/Hz
57583[UE 1 | RB 1] Throughput = 0.65420 Mbps | SE = 0.01714 bit/s/Hz
57693[UE 1 | RB 1] Throughput = 1.41919 Mbps | SE = 0.03719 bit/s/Hz
57803[UE 1 | RB 1] Throughput = 0.65336 Mbps | SE = 0.01712 bit/s/Hz
57903[UE 1 | RB 1] Throughput = 1.43672 Mbps | SE = 0.03765 bit/s/Hz
58013[UE 1 | RB 1] Throughput = 0.65449 Mbps | SE = 0.01715 bit/s/Hz
58123[UE 1 | RB 1] Throughput = 1.31047 Mbps | SE = 0.03434 bit/s/Hz
58223[UE 1 | RB 1] Throughput = 0.95490 Mbps | SE = 0.02502 bit/s/Hz
58333[UE 1 | RB 1] Throughput = 1.19855 Mbps | SE = 0.03141 bit/s/Hz
58433[UE 1 | RB 1] Throughput = 0.83814 Mbps | SE = 0.02196 bit/s/Hz
58543[UE 1 | RB 1] Throughput = 1.09014 Mbps | SE = 0.02857 bit/s/Hz
58643[UE 1 | RB 1] Throughput = 0.83834 Mbps | SE = 0.02197 bit/s/Hz
58753[UE 1 | RB 1] Throughput = 1.41776 Mbps | SE = 0.03715 bit/s/Hz
58853[UE 1 | RB 1] Throughput = 0.83754 Mbps | SE = 0.02195 bit/s/Hz
58963[UE 1 | RB 1] Throughput = 1.20005 Mbps | SE = 0.03145 bit/s/Hz
59064[UE 1 | RB 1] Throughput = 1.31117 Mbps | SE = 0.03436 bit/s/Hz
59173[UE 1 | RB 1] Throughput = 0.87518 Mbps | SE = 0.02293 bit/s/Hz
59283[UE 1 | RB 1] Throughput = 1.31011 Mbps | SE = 0.03433 bit/s/Hz
59383[UE 1 | RB 1] Throughput = 0.71901 Mbps | SE = 0.01884 bit/s/Hz
59483[UE 1 | RB 1] Throughput = 1.43281 Mbps | SE = 0.03755 bit/s/Hz
59593[UE 1 | RB 1] Throughput = 0.65543 Mbps | SE = 0.01718 bit/s/Hz
59693[UE 1 | RB 1] Throughput = 1.43707 Mbps | SE = 0.03766 bit/s/Hz
59793[UE 1 | RB 1] Throughput = 0.71874 Mbps | SE = 0.01883 bit/s/Hz
59893[UE 1 | RB 1] Throughput = 1.19572 Mbps | SE = 0.03133 bit/s/Hz
60003[UE 1 | RB 1] Throughput = 1.42354 Mbps | SE = 0.03730 bit/s/Hz
60103[UE 1 | RB 1] Throughput = 0.71832 Mbps | SE = 0.01882 bit/s/Hz
60213[UE 1 | RB 1] Throughput = 1.30718 Mbps | SE = 0.03426 bit/s/Hz
60323[UE 1 | RB 1] Throughput = 0.65414 Mbps | SE = 0.01714 bit/s/Hz
60433[UE 1 | RB 1] Throughput = 1.30918 Mbps | SE = 0.03431 bit/s/Hz
60533[UE 1 | RB 1] Throughput = 1.31309 Mbps | SE = 0.03441 bit/s/Hz
60643[UE 1 | RB 1] Throughput = 0.76378 Mbps | SE = 0.02002 bit/s/Hz
60753[UE 1 | RB 1] Throughput = 1.08838 Mbps | SE = 0.02852 bit/s/Hz
60854[UE 1 | RB 1] Throughput = 1.19247 Mbps | SE = 0.03125 bit/s/Hz
60954[UE 1 | RB 1] Throughput = 0.71722 Mbps | SE = 0.01880 bit/s/Hz
61063[UE 1 | RB 1] Throughput = 1.31665 Mbps | SE = 0.03450 bit/s/Hz
61163[UE 1 | RB 1] Throughput = 1.31686 Mbps | SE = 0.03451 bit/s/Hz
61263[UE 1 | RB 1] Throughput = 0.71795 Mbps | SE = 0.01881 bit/s/Hz
61364[UE 1 | RB 1] Throughput = 1.43127 Mbps | SE = 0.03751 bit/s/Hz
61473[UE 1 | RB 1] Throughput = 0.65668 Mbps | SE = 0.01721 bit/s/Hz
61574[UE 1 | RB 1] Throughput = 1.42575 Mbps | SE = 0.03736 bit/s/Hz
61683[UE 1 | RB 1] Throughput = 0.55047 Mbps | SE = 0.01443 bit/s/Hz
61784[UE 1 | RB 1] Throughput = 1.54395 Mbps | SE = 0.04046 bit/s/Hz
61893[UE 1 | RB 1] Throughput = 0.65649 Mbps | SE = 0.01720 bit/s/Hz
62003[UE 1 | RB 1] Throughput = 1.31044 Mbps | SE = 0.03434 bit/s/Hz
62113[UE 1 | RB 1] Throughput = 1.20034 Mbps | SE = 0.03146 bit/s/Hz
62213[UE 1 | RB 1] Throughput = 1.19706 Mbps | SE = 0.03137 bit/s/Hz
62323[UE 1 | RB 1] Throughput = 0.76181 Mbps | SE = 0.01996 bit/s/Hz
62424[UE 1 | RB 1] Throughput = 1.07468 Mbps | SE = 0.02816 bit/s/Hz
62533[UE 1 | RB 1] Throughput = 1.31017 Mbps | SE = 0.03433 bit/s/Hz
62644[UE 1 | RB 1] Throughput = 1.30530 Mbps | SE = 0.03421 bit/s/Hz
62753[UE 1 | RB 1] Throughput = 0.65487 Mbps | SE = 0.01716 bit/s/Hz
62864[UE 1 | RB 1] Throughput = 0.97885 Mbps | SE = 0.02565 bit/s/Hz
62973[UE 1 | RB 1] Throughput = 1.09341 Mbps | SE = 0.02865 bit/s/Hz
63083[UE 1 | RB 1] Throughput = 1.30400 Mbps | SE = 0.03417 bit/s/Hz
63193[UE 1 | RB 1] Throughput = 0.65501 Mbps | SE = 0.01716 bit/s/Hz
63293[UE 1 | RB 1] Throughput = 1.67531 Mbps | SE = 0.04390 bit/s/Hz
63404[UE 1 | RB 1] Throughput = 0.65175 Mbps | SE = 0.01708 bit/s/Hz
63513[UE 1 | RB 1] Throughput = 1.31340 Mbps | SE = 0.03442 bit/s/Hz
63613[UE 1 | RB 1] Throughput = 0.71882 Mbps | SE = 0.01884 bit/s/Hz
63714[UE 1 | RB 1] Throughput = 1.43329 Mbps | SE = 0.03756 bit/s/Hz
63823[UE 1 | RB 1] Throughput = 1.30786 Mbps | SE = 0.03427 bit/s/Hz
63924[UE 1 | RB 1] Throughput = 0.71785 Mbps | SE = 0.01881 bit/s/Hz
64033[UE 1 | RB 1] Throughput = 1.31135 Mbps | SE = 0.03436 bit/s/Hz
64134[UE 1 | RB 1] Throughput = 0.71756 Mbps | SE = 0.01880 bit/s/Hz
64243[UE 1 | RB 1] Throughput = 1.30864 Mbps | SE = 0.03429 bit/s/Hz
64344[UE 1 | RB 1] Throughput = 0.71816 Mbps | SE = 0.01882 bit/s/Hz
64444[UE 1 | RB 1] Throughput = 1.43682 Mbps | SE = 0.03765 bit/s/Hz
64554[UE 1 | RB 1] Throughput = 0.76333 Mbps | SE = 0.02000 bit/s/Hz
64664[UE 1 | RB 1] Throughput = 1.30455 Mbps | SE = 0.03419 bit/s/Hz
64774[UE 1 | RB 1] Throughput = 0.98176 Mbps | SE = 0.02573 bit/s/Hz
64883[UE 1 | RB 1] Throughput = 1.30931 Mbps | SE = 0.03431 bit/s/Hz
64993[UE 1 | RB 1] Throughput = 0.65509 Mbps | SE = 0.01717 bit/s/Hz
65103[UE 1 | RB 1] Throughput = 1.30727 Mbps | SE = 0.03426 bit/s/Hz
65203[UE 1 | RB 1] Throughput = 0.71854 Mbps | SE = 0.01883 bit/s/Hz
65313[UE 1 | RB 1] Throughput = 1.30815 Mbps | SE = 0.03428 bit/s/Hz
65423[UE 1 | RB 1] Throughput = 1.30821 Mbps | SE = 0.03428 bit/s/Hz
65534[UE 1 | RB 1] Throughput = 0.65031 Mbps | SE = 0.01704 bit/s/Hz
65643[UE 1 | RB 1] Throughput = 1.31302 Mbps | SE = 0.03441 bit/s/Hz
65753[UE 1 | RB 1] Throughput = 1.19730 Mbps | SE = 0.03138 bit/s/Hz
65853[UE 1 | RB 1] Throughput = 0.71854 Mbps | SE = 0.01883 bit/s/Hz
65963[UE 1 | RB 1] Throughput = 1.31000 Mbps | SE = 0.03433 bit/s/Hz
66063[UE 1 | RB 1] Throughput = 0.71734 Mbps | SE = 0.01880 bit/s/Hz
66163[UE 1 | RB 1] Throughput = 1.43725 Mbps | SE = 0.03766 bit/s/Hz
66273[UE 1 | RB 1] Throughput = 1.20101 Mbps | SE = 0.03147 bit/s/Hz
66373[UE 1 | RB 1] Throughput = 0.71883 Mbps | SE = 0.01884 bit/s/Hz
66483[UE 1 | RB 1] Throughput = 1.30919 Mbps | SE = 0.03431 bit/s/Hz
66593[UE 1 | RB 1] Throughput = 0.54496 Mbps | SE = 0.01428 bit/s/Hz
66703[UE 1 | RB 1] Throughput = 1.30611 Mbps | SE = 0.03423 bit/s/Hz
66803[UE 1 | RB 1] Throughput = 1.43489 Mbps | SE = 0.03760 bit/s/Hz
66913[UE 1 | RB 1] Throughput = 0.65477 Mbps | SE = 0.01716 bit/s/Hz
67013[UE 1 | RB 1] Throughput = 1.43598 Mbps | SE = 0.03763 bit/s/Hz
67123[UE 1 | RB 1] Throughput = 0.65391 Mbps | SE = 0.01714 bit/s/Hz
67223[UE 1 | RB 1] Throughput = 1.55657 Mbps | SE = 0.04079 bit/s/Hz
67324[UE 1 | RB 1] Throughput = 0.71721 Mbps | SE = 0.01879 bit/s/Hz
67433[UE 1 | RB 1] Throughput = 1.20443 Mbps | SE = 0.03156 bit/s/Hz
67533[UE 1 | RB 1] Throughput = 1.31532 Mbps | SE = 0.03447 bit/s/Hz
67644[UE 1 | RB 1] Throughput = 0.54211 Mbps | SE = 0.01421 bit/s/Hz
67754[UE 1 | RB 1] Throughput = 1.31112 Mbps | SE = 0.03436 bit/s/Hz
67854[UE 1 | RB 1] Throughput = 1.43650 Mbps | SE = 0.03764 bit/s/Hz
67964[UE 1 | RB 1] Throughput = 0.54475 Mbps | SE = 0.01428 bit/s/Hz
68074[UE 1 | RB 1] Throughput = 1.30823 Mbps | SE = 0.03428 bit/s/Hz
68184[UE 1 | RB 1] Throughput = 1.29650 Mbps | SE = 0.03398 bit/s/Hz
68293[UE 1 | RB 1] Throughput = 0.88195 Mbps | SE = 0.02311 bit/s/Hz
68403[UE 1 | RB 1] Throughput = 1.08857 Mbps | SE = 0.02853 bit/s/Hz
68504[UE 1 | RB 1] Throughput = 1.19138 Mbps | SE = 0.03122 bit/s/Hz
68613[UE 1 | RB 1] Throughput = 0.65695 Mbps | SE = 0.01722 bit/s/Hz
68713[UE 1 | RB 1] Throughput = 1.31652 Mbps | SE = 0.03450 bit/s/Hz
68824[UE 1 | RB 1] Throughput = 1.19746 Mbps | SE = 0.03138 bit/s/Hz
68924[UE 1 | RB 1] Throughput = 0.71760 Mbps | SE = 0.01880 bit/s/Hz
69033[UE 1 | RB 1] Throughput = 1.31328 Mbps | SE = 0.03442 bit/s/Hz
69133[UE 1 | RB 1] Throughput = 1.31724 Mbps | SE = 0.03452 bit/s/Hz
69234[UE 1 | RB 1] Throughput = 0.59740 Mbps | SE = 0.01566 bit/s/Hz
69343[UE 1 | RB 1] Throughput = 1.31188 Mbps | SE = 0.03438 bit/s/Hz
69443[UE 1 | RB 1] Throughput = 0.71862 Mbps | SE = 0.01883 bit/s/Hz
69544[UE 1 | RB 1] Throughput = 1.43481 Mbps | SE = 0.03760 bit/s/Hz
69653[UE 1 | RB 1] Throughput = 0.65640 Mbps | SE = 0.01720 bit/s/Hz
69763[UE 1 | RB 1] Throughput = 1.41131 Mbps | SE = 0.03698 bit/s/Hz
69864[UE 1 | RB 1] Throughput = 1.31343 Mbps | SE = 0.03442 bit/s/Hz
69973[UE 1 | RB 1] Throughput = 0.76735 Mbps | SE = 0.02011 bit/s/Hz
70073[UE 1 | RB 1] Throughput = 0.83854 Mbps | SE = 0.02197 bit/s/Hz
70174[UE 1 | RB 1] Throughput = 1.43325 Mbps | SE = 0.03756 bit/s/Hz
70284[UE 1 | RB 1] Throughput = 0.86837 Mbps | SE = 0.02276 bit/s/Hz
70393[UE 1 | RB 1] Throughput = 1.31606 Mbps | SE = 0.03449 bit/s/Hz
70494[UE 1 | RB 1] Throughput = 0.71657 Mbps | SE = 0.01878 bit/s/Hz
70603[UE 1 | RB 1] Throughput = 1.41708 Mbps | SE = 0.03714 bit/s/Hz
70714[UE 1 | RB 1] Throughput = 1.19621 Mbps | SE = 0.03135 bit/s/Hz
70814[UE 1 | RB 1] Throughput = 0.71834 Mbps | SE = 0.01882 bit/s/Hz
70924[UE 1 | RB 1] Throughput = 1.19845 Mbps | SE = 0.03141 bit/s/Hz
71033[UE 1 | RB 1] Throughput = 1.09670 Mbps | SE = 0.02874 bit/s/Hz
71133[UE 1 | RB 1] Throughput = 0.95674 Mbps | SE = 0.02507 bit/s/Hz
71233[UE 1 | RB 1] Throughput = 1.31742 Mbps | SE = 0.03452 bit/s/Hz
71333[UE 1 | RB 1] Throughput = 0.71874 Mbps | SE = 0.01883 bit/s/Hz
71443[UE 1 | RB 1] Throughput = 1.19924 Mbps | SE = 0.03143 bit/s/Hz
71544[UE 1 | RB 1] Throughput = 0.83516 Mbps | SE = 0.02189 bit/s/Hz
71653[UE 1 | RB 1] Throughput = 1.20348 Mbps | SE = 0.03154 bit/s/Hz
71764[UE 1 | RB 1] Throughput = 1.19079 Mbps | SE = 0.03121 bit/s/Hz
71873[UE 1 | RB 1] Throughput = 0.65723 Mbps | SE = 0.01722 bit/s/Hz
71983[UE 1 | RB 1] Throughput = 1.41491 Mbps | SE = 0.03708 bit/s/Hz
72084[UE 1 | RB 1] Throughput = 1.31730 Mbps | SE = 0.03452 bit/s/Hz
72193[UE 1 | RB 1] Throughput = 0.87300 Mbps | SE = 0.02288 bit/s/Hz
72303[UE 1 | RB 1] Throughput = 0.98044 Mbps | SE = 0.02569 bit/s/Hz
72404[UE 1 | RB 1] Throughput = 1.07600 Mbps | SE = 0.02820 bit/s/Hz
72504[UE 1 | RB 1] Throughput = 1.31813 Mbps | SE = 0.03454 bit/s/Hz
72604[UE 1 | RB 1] Throughput = 0.83816 Mbps | SE = 0.02196 bit/s/Hz
72714[UE 1 | RB 1] Throughput = 1.20012 Mbps | SE = 0.03145 bit/s/Hz
72814[UE 1 | RB 1] Throughput = 0.71872 Mbps | SE = 0.01883 bit/s/Hz
72924[UE 1 | RB 1] Throughput = 1.30549 Mbps | SE = 0.03421 bit/s/Hz
73033[UE 1 | RB 1] Throughput = 1.31360 Mbps | SE = 0.03442 bit/s/Hz
73133[UE 1 | RB 1] Throughput = 0.71896 Mbps | SE = 0.01884 bit/s/Hz
73244[UE 1 | RB 1] Throughput = 1.19446 Mbps | SE = 0.03130 bit/s/Hz
73354[UE 1 | RB 1] Throughput = 0.75936 Mbps | SE = 0.01990 bit/s/Hz
73464[UE 1 | RB 1] Throughput = 1.20418 Mbps | SE = 0.03156 bit/s/Hz
73564[UE 1 | RB 1] Throughput = 1.31807 Mbps | SE = 0.03454 bit/s/Hz
73673[UE 1 | RB 1] Throughput = 0.98137 Mbps | SE = 0.02572 bit/s/Hz
73773[UE 1 | RB 1] Throughput = 1.07823 Mbps | SE = 0.02826 bit/s/Hz
73883[UE 1 | RB 1] Throughput = 0.65421 Mbps | SE = 0.01714 bit/s/Hz
73983[UE 1 | RB 1] Throughput = 1.55741 Mbps | SE = 0.04081 bit/s/Hz
74084[UE 1 | RB 1] Throughput = 0.95765 Mbps | SE = 0.02510 bit/s/Hz
74184[UE 1 | RB 1] Throughput = 0.83801 Mbps | SE = 0.02196 bit/s/Hz
74284[UE 1 | RB 1] Throughput = 1.55781 Mbps | SE = 0.04082 bit/s/Hz
74393[UE 1 | RB 1] Throughput = 0.54675 Mbps | SE = 0.01433 bit/s/Hz
74493[UE 1 | RB 1] Throughput = 1.43495 Mbps | SE = 0.03760 bit/s/Hz
74594[UE 1 | RB 1] Throughput = 1.07634 Mbps | SE = 0.02821 bit/s/Hz
74694[UE 1 | RB 1] Throughput = 1.19244 Mbps | SE = 0.03125 bit/s/Hz
74803[UE 1 | RB 1] Throughput = 0.65939 Mbps | SE = 0.01728 bit/s/Hz
74904[UE 1 | RB 1] Throughput = 1.53898 Mbps | SE = 0.04033 bit/s/Hz
75004[UE 1 | RB 1] Throughput = 0.71872 Mbps | SE = 0.01883 bit/s/Hz
75114[UE 1 | RB 1] Throughput = 1.31312 Mbps | SE = 0.03441 bit/s/Hz
75223[UE 1 | RB 1] Throughput = 1.09635 Mbps | SE = 0.02873 bit/s/Hz
75323[UE 1 | RB 1] Throughput = 1.07776 Mbps | SE = 0.02824 bit/s/Hz
75424[UE 1 | RB 1] Throughput = 0.83605 Mbps | SE = 0.02191 bit/s/Hz
75533[UE 1 | RB 1] Throughput = 1.09293 Mbps | SE = 0.02864 bit/s/Hz
75634[UE 1 | RB 1] Throughput = 1.43627 Mbps | SE = 0.03764 bit/s/Hz
75734[UE 1 | RB 1] Throughput = 0.71810 Mbps | SE = 0.01882 bit/s/Hz
75844[UE 1 | RB 1] Throughput = 0.86903 Mbps | SE = 0.02277 bit/s/Hz
75953[UE 1 | RB 1] Throughput = 1.20604 Mbps | SE = 0.03160 bit/s/Hz
76053[UE 1 | RB 1] Throughput = 1.19671 Mbps | SE = 0.03136 bit/s/Hz
76163[UE 1 | RB 1] Throughput = 1.30790 Mbps | SE = 0.03427 bit/s/Hz
76263[UE 1 | RB 1] Throughput = 0.71872 Mbps | SE = 0.01883 bit/s/Hz
76364[UE 1 | RB 1] Throughput = 1.43328 Mbps | SE = 0.03756 bit/s/Hz
76473[UE 1 | RB 1] Throughput = 0.65549 Mbps | SE = 0.01718 bit/s/Hz
76584[UE 1 | RB 1] Throughput = 1.19446 Mbps | SE = 0.03130 bit/s/Hz
76693[UE 1 | RB 1] Throughput = 1.09530 Mbps | SE = 0.02870 bit/s/Hz
76804[UE 1 | RB 1] Throughput = 0.65029 Mbps | SE = 0.01704 bit/s/Hz
76913[UE 1 | RB 1] Throughput = 1.31090 Mbps | SE = 0.03435 bit/s/Hz
77014[UE 1 | RB 1] Throughput = 1.31757 Mbps | SE = 0.03453 bit/s/Hz
77123[UE 1 | RB 1] Throughput = 1.19988 Mbps | SE = 0.03144 bit/s/Hz
77224[UE 1 | RB 1] Throughput = 0.95735 Mbps | SE = 0.02509 bit/s/Hz
77324[UE 1 | RB 1] Throughput = 0.83724 Mbps | SE = 0.02194 bit/s/Hz
77434[UE 1 | RB 1] Throughput = 1.30887 Mbps | SE = 0.03430 bit/s/Hz
77544[UE 1 | RB 1] Throughput = 0.98017 Mbps | SE = 0.02569 bit/s/Hz
77653[UE 1 | RB 1] Throughput = 1.09248 Mbps | SE = 0.02863 bit/s/Hz
77763[UE 1 | RB 1] Throughput = 0.76190 Mbps | SE = 0.01997 bit/s/Hz
77864[UE 1 | RB 1] Throughput = 1.31419 Mbps | SE = 0.03444 bit/s/Hz
77973[UE 1 | RB 1] Throughput = 1.20144 Mbps | SE = 0.03148 bit/s/Hz
78074[UE 1 | RB 1] Throughput = 0.71873 Mbps | SE = 0.01883 bit/s/Hz
78184[UE 1 | RB 1] Throughput = 1.41597 Mbps | SE = 0.03711 bit/s/Hz
78284[UE 1 | RB 1] Throughput = 1.07801 Mbps | SE = 0.02825 bit/s/Hz
78384[UE 1 | RB 1] Throughput = 0.71846 Mbps | SE = 0.01883 bit/s/Hz
78484[UE 1 | RB 1] Throughput = 1.19798 Mbps | SE = 0.03139 bit/s/Hz
78594[UE 1 | RB 1] Throughput = 0.87020 Mbps | SE = 0.02280 bit/s/Hz
78704[UE 1 | RB 1] Throughput = 1.52948 Mbps | SE = 0.04008 bit/s/Hz
78804[UE 1 | RB 1] Throughput = 0.59774 Mbps | SE = 0.01566 bit/s/Hz
78904[UE 1 | RB 1] Throughput = 1.43703 Mbps | SE = 0.03766 bit/s/Hz
79014[UE 1 | RB 1] Throughput = 0.65412 Mbps | SE = 0.01714 bit/s/Hz
79124[UE 1 | RB 1] Throughput = 1.20053 Mbps | SE = 0.03146 bit/s/Hz
79233[UE 1 | RB 1] Throughput = 1.09405 Mbps | SE = 0.02867 bit/s/Hz
79333[UE 1 | RB 1] Throughput = 1.43469 Mbps | SE = 0.03760 bit/s/Hz
79434[UE 1 | RB 1] Throughput = 0.59804 Mbps | SE = 0.01567 bit/s/Hz
79534[UE 1 | RB 1] Throughput = 1.31677 Mbps | SE = 0.03451 bit/s/Hz
79643[UE 1 | RB 1] Throughput = 1.31075 Mbps | SE = 0.03435 bit/s/Hz
79744[UE 1 | RB 1] Throughput = 0.71765 Mbps | SE = 0.01881 bit/s/Hz
79853[UE 1 | RB 1] Throughput = 1.31263 Mbps | SE = 0.03440 bit/s/Hz
79953[UE 1 | RB 1] Throughput = 0.83679 Mbps | SE = 0.02193 bit/s/Hz
80054[UE 1 | RB 1] Throughput = 1.07724 Mbps | SE = 0.02823 bit/s/Hz
80164[UE 1 | RB 1] Throughput = 1.19603 Mbps | SE = 0.03134 bit/s/Hz
80273[UE 1 | RB 1] Throughput = 0.98527 Mbps | SE = 0.02582 bit/s/Hz
80383[UE 1 | RB 1] Throughput = 1.30583 Mbps | SE = 0.03422 bit/s/Hz
80483[UE 1 | RB 1] Throughput = 0.71811 Mbps | SE = 0.01882 bit/s/Hz
80593[UE 1 | RB 1] Throughput = 1.19988 Mbps | SE = 0.03144 bit/s/Hz
80694[UE 1 | RB 1] Throughput = 0.71744 Mbps | SE = 0.01880 bit/s/Hz
80804[UE 1 | RB 1] Throughput = 1.19790 Mbps | SE = 0.03139 bit/s/Hz
80913[UE 1 | RB 1] Throughput = 1.20242 Mbps | SE = 0.03151 bit/s/Hz
81014[UE 1 | RB 1] Throughput = 1.31175 Mbps | SE = 0.03437 bit/s/Hz
81124[UE 1 | RB 1] Throughput = 0.76349 Mbps | SE = 0.02001 bit/s/Hz
81233[UE 1 | RB 1] Throughput = 1.42345 Mbps | SE = 0.03730 bit/s/Hz
81334[UE 1 | RB 1] Throughput = 0.83340 Mbps | SE = 0.02184 bit/s/Hz
81443[UE 1 | RB 1] Throughput = 1.31281 Mbps | SE = 0.03440 bit/s/Hz
81543[UE 1 | RB 1] Throughput = 0.71741 Mbps | SE = 0.01880 bit/s/Hz
81644[UE 1 | RB 1] Throughput = 0.71841 Mbps | SE = 0.01883 bit/s/Hz
81753[UE 1 | RB 1] Throughput = 1.30827 Mbps | SE = 0.03428 bit/s/Hz
81864[UE 1 | RB 1] Throughput = 1.19626 Mbps | SE = 0.03135 bit/s/Hz
81973[UE 1 | RB 1] Throughput = 1.09293 Mbps | SE = 0.02864 bit/s/Hz
82084[UE 1 | RB 1] Throughput = 1.30440 Mbps | SE = 0.03418 bit/s/Hz
82193[UE 1 | RB 1] Throughput = 0.54609 Mbps | SE = 0.01431 bit/s/Hz
82303[UE 1 | RB 1] Throughput = 1.30667 Mbps | SE = 0.03424 bit/s/Hz
82404[UE 1 | RB 1] Throughput = 1.31338 Mbps | SE = 0.03442 bit/s/Hz
82504[UE 1 | RB 1] Throughput = 0.59884 Mbps | SE = 0.01569 bit/s/Hz
82604[UE 1 | RB 1] Throughput = 1.31740 Mbps | SE = 0.03452 bit/s/Hz
82713[UE 1 | RB 1] Throughput = 1.20450 Mbps | SE = 0.03156 bit/s/Hz
82814[UE 1 | RB 1] Throughput = 1.19459 Mbps | SE = 0.03130 bit/s/Hz
82923[UE 1 | RB 1] Throughput = 0.76468 Mbps | SE = 0.02004 bit/s/Hz
83023[UE 1 | RB 1] Throughput = 0.71829 Mbps | SE = 0.01882 bit/s/Hz
83124[UE 1 | RB 1] Throughput = 1.67650 Mbps | SE = 0.04393 bit/s/Hz
83234[UE 1 | RB 1] Throughput = 0.65127 Mbps | SE = 0.01707 bit/s/Hz
83344[UE 1 | RB 1] Throughput = 1.51919 Mbps | SE = 0.03981 bit/s/Hz
83454[UE 1 | RB 1] Throughput = 0.65808 Mbps | SE = 0.01725 bit/s/Hz
83564[UE 1 | RB 1] Throughput = 1.30761 Mbps | SE = 0.03427 bit/s/Hz
83664[UE 1 | RB 1] Throughput = 0.83645 Mbps | SE = 0.02192 bit/s/Hz
83774[UE 1 | RB 1] Throughput = 0.98137 Mbps | SE = 0.02572 bit/s/Hz
83884[UE 1 | RB 1] Throughput = 1.20094 Mbps | SE = 0.03147 bit/s/Hz
83984[UE 1 | RB 1] Throughput = 1.43639 Mbps | SE = 0.03764 bit/s/Hz
84084[UE 1 | RB 1] Throughput = 0.95597 Mbps | SE = 0.02505 bit/s/Hz
84193[UE 1 | RB 1] Throughput = 0.65677 Mbps | SE = 0.01721 bit/s/Hz
84294[UE 1 | RB 1] Throughput = 1.55565 Mbps | SE = 0.04077 bit/s/Hz
84404[UE 1 | RB 1] Throughput = 0.65233 Mbps | SE = 0.01709 bit/s/Hz
84513[UE 1 | RB 1] Throughput = 1.53187 Mbps | SE = 0.04014 bit/s/Hz
84614[UE 1 | RB 1] Throughput = 0.71695 Mbps | SE = 0.01879 bit/s/Hz
84724[UE 1 | RB 1] Throughput = 0.87168 Mbps | SE = 0.02284 bit/s/Hz
84824[UE 1 | RB 1] Throughput = 1.31669 Mbps | SE = 0.03450 bit/s/Hz
84934[UE 1 | RB 1] Throughput = 1.30977 Mbps | SE = 0.03432 bit/s/Hz
85044[UE 1 | RB 1] Throughput = 0.65258 Mbps | SE = 0.01710 bit/s/Hz
85153[UE 1 | RB 1] Throughput = 1.42073 Mbps | SE = 0.03723 bit/s/Hz
85253[UE 1 | RB 1] Throughput = 0.71895 Mbps | SE = 0.01884 bit/s/Hz
85354[UE 1 | RB 1] Throughput = 1.43429 Mbps | SE = 0.03759 bit/s/Hz
85464[UE 1 | RB 1] Throughput = 0.54544 Mbps | SE = 0.01429 bit/s/Hz
85564[UE 1 | RB 1] Throughput = 1.55444 Mbps | SE = 0.04073 bit/s/Hz
85664[UE 1 | RB 1] Throughput = 0.95680 Mbps | SE = 0.02507 bit/s/Hz
85774[UE 1 | RB 1] Throughput = 1.31203 Mbps | SE = 0.03438 bit/s/Hz
85874[UE 1 | RB 1] Throughput = 0.71637 Mbps | SE = 0.01877 bit/s/Hz
85974[UE 1 | RB 1] Throughput = 0.71824 Mbps | SE = 0.01882 bit/s/Hz
86084[UE 1 | RB 1] Throughput = 1.31083 Mbps | SE = 0.03435 bit/s/Hz
86193[UE 1 | RB 1] Throughput = 1.42086 Mbps | SE = 0.03723 bit/s/Hz
86294[UE 1 | RB 1] Throughput = 0.95672 Mbps | SE = 0.02507 bit/s/Hz
86404[UE 1 | RB 1] Throughput = 0.87166 Mbps | SE = 0.02284 bit/s/Hz
86504[UE 1 | RB 1] Throughput = 1.43484 Mbps | SE = 0.03760 bit/s/Hz
86614[UE 1 | RB 1] Throughput = 0.65465 Mbps | SE = 0.01716 bit/s/Hz
86714[UE 1 | RB 1] Throughput = 1.31569 Mbps | SE = 0.03448 bit/s/Hz
86824[UE 1 | RB 1] Throughput = 1.08976 Mbps | SE = 0.02856 bit/s/Hz
86933[UE 1 | RB 1] Throughput = 1.09283 Mbps | SE = 0.02864 bit/s/Hz
87043[UE 1 | RB 1] Throughput = 1.20080 Mbps | SE = 0.03147 bit/s/Hz
87144[UE 1 | RB 1] Throughput = 0.95589 Mbps | SE = 0.02505 bit/s/Hz
87244[UE 1 | RB 1] Throughput = 0.83819 Mbps | SE = 0.02197 bit/s/Hz
87344[UE 1 | RB 1] Throughput = 1.19838 Mbps | SE = 0.03140 bit/s/Hz
87453[UE 1 | RB 1] Throughput = 1.20076 Mbps | SE = 0.03147 bit/s/Hz
87554[UE 1 | RB 1] Throughput = 0.71783 Mbps | SE = 0.01881 bit/s/Hz
87664[UE 1 | RB 1] Throughput = 1.41445 Mbps | SE = 0.03707 bit/s/Hz
87764[UE 1 | RB 1] Throughput = 0.71771 Mbps | SE = 0.01881 bit/s/Hz
87864[UE 1 | RB 1] Throughput = 1.43627 Mbps | SE = 0.03764 bit/s/Hz
87974[UE 1 | RB 1] Throughput = 1.09377 Mbps | SE = 0.02866 bit/s/Hz
88084[UE 1 | RB 1] Throughput = 0.65312 Mbps | SE = 0.01712 bit/s/Hz
88194[UE 1 | RB 1] Throughput = 1.41556 Mbps | SE = 0.03710 bit/s/Hz
88303[UE 1 | RB 1] Throughput = 0.87419 Mbps | SE = 0.02291 bit/s/Hz
88414[UE 1 | RB 1] Throughput = 1.41453 Mbps | SE = 0.03707 bit/s/Hz
88524[UE 1 | RB 1] Throughput = 0.76268 Mbps | SE = 0.01999 bit/s/Hz
88624[UE 1 | RB 1] Throughput = 0.83661 Mbps | SE = 0.02192 bit/s/Hz
88733[UE 1 | RB 1] Throughput = 1.20491 Mbps | SE = 0.03158 bit/s/Hz
88834[UE 1 | RB 1] Throughput = 1.31203 Mbps | SE = 0.03438 bit/s/Hz
88944[UE 1 | RB 1] Throughput = 1.20033 Mbps | SE = 0.03146 bit/s/Hz
89044[UE 1 | RB 1] Throughput = 0.83712 Mbps | SE = 0.02194 bit/s/Hz
89154[UE 1 | RB 1] Throughput = 0.86978 Mbps | SE = 0.02279 bit/s/Hz
89266[UE 1 | RB 1] Throughput = 1.39555 Mbps | SE = 0.03657 bit/s/Hz
89373[UE 1 | RB 1] Throughput = 0.77820 Mbps | SE = 0.02039 bit/s/Hz
89473[UE 1 | RB 1] Throughput = 1.31792 Mbps | SE = 0.03454 bit/s/Hz
89583[UE 1 | RB 1] Throughput = 1.08940 Mbps | SE = 0.02855 bit/s/Hz
89684[UE 1 | RB 1] Throughput = 0.71673 Mbps | SE = 0.01878 bit/s/Hz
89794[UE 1 | RB 1] Throughput = 1.41810 Mbps | SE = 0.03716 bit/s/Hz
89904[UE 1 | RB 1] Throughput = 0.65373 Mbps | SE = 0.01713 bit/s/Hz
[xApp]: E42 RIC_SUBSCRIPTION_DELETE_REQUEST tx RAN_FUNC_ID 144 RIC_REQ_ID 1 
[xApp]: E42 SUBSCRIPTION DELETE RESPONSE rx
[xApp]: E42 RIC_SUBSCRIPTION_DELETE_REQUEST tx RAN_FUNC_ID 144 RIC_REQ_ID 2 
[xApp]: E42 SUBSCRIPTION DELETE RESPONSE rx
[xApp]: E42 RIC_SUBSCRIPTION_DELETE_REQUEST tx RAN_FUNC_ID 144 RIC_REQ_ID 3 
[xApp]: E42 SUBSCRIPTION DELETE RESPONSE rx
[xApp]: E42 RIC_SUBSCRIPTION_DELETE_REQUEST tx RAN_FUNC_ID 144 RIC_REQ_ID 4 
[xApp]: E42 SUBSCRIPTION DELETE RESPONSE rx
[xApp]: Sucessfully stopped 
Test xApp run SUCCESSFULLY
