------------------------------------------------------------
Server listening on UDP port 5001
UDP buffer size:  208 KByte (default)
------------------------------------------------------------
[  1] local 12.1.1.1 port 5001 connected with 12.1.1.40 port 48979
[  2] local 12.1.1.1 port 5001 connected with 12.1.1.35 port 45159
[  3] local 12.1.1.1 port 5001 connected with 12.1.1.41 port 41133
[  4] local 12.1.1.1 port 5001 connected with 12.1.1.32 port 39947
[  5] local 12.1.1.1 port 5001 connected with 12.1.1.39 port 52178
[  6] local 12.1.1.1 port 5001 connected with 12.1.1.38 port 41739
[  7] local 12.1.1.1 port 5001 connected with 12.1.1.36 port 50990
[  8] local 12.1.1.1 port 5001 connected with 12.1.1.34 port 46513
[  9] local 12.1.1.1 port 5001 connected with 12.1.1.37 port 50535
[ 10] local 12.1.1.1 port 5001 connected with 12.1.1.33 port 58522
[ ID] Interval       Transfer     Bandwidth        Jitter   Lost/Total Datagrams
[  1] 0.0000-1.0000 sec  84.7 KBytes   694 Kbits/sec  12.992 ms 808/867 (93%)
[  3] 0.0000-1.0000 sec  84.7 KBytes   694 Kbits/sec  13.206 ms 814/873 (93%)
[  6] 0.0000-1.0000 sec  84.7 KBytes   694 Kbits/sec  13.288 ms 828/887 (93%)
[  5] 0.0000-1.0000 sec  86.1 KBytes   706 Kbits/sec  12.793 ms 805/865 (93%)
[  9] 0.0000-1.0000 sec  84.7 KBytes   694 Kbits/sec  12.377 ms 809/868 (93%)
[  2] 0.0000-1.0000 sec  86.1 KBytes   706 Kbits/sec  34.260 ms 103315/103375 (1e+02%)
[  4] 0.0000-1.0000 sec  87.6 KBytes   717 Kbits/sec  20.362 ms 100970/101031 (1e+02%)
[  7] 0.0000-1.0000 sec  84.7 KBytes   694 Kbits/sec  17.223 ms 99354/99413 (1e+02%)
[  8] 0.0000-1.0000 sec  83.3 KBytes   682 Kbits/sec  17.894 ms 100273/100331 (1e+02%)
[ 10] 0.0000-1.0000 sec  77.5 KBytes   635 Kbits/sec  22.011 ms 98514/98568 (1e+02%)
[  1] 1.0000-2.0000 sec  84.7 KBytes   694 Kbits/sec  13.731 ms 0/59 (0%)
[  3] 1.0000-2.0000 sec  84.7 KBytes   694 Kbits/sec  13.511 ms 0/59 (0%)
[  5] 1.0000-2.0000 sec  84.7 KBytes   694 Kbits/sec  13.173 ms 0/59 (0%)
[  6] 1.0000-2.0000 sec  84.7 KBytes   694 Kbits/sec  14.136 ms 0/59 (0%)
[  2] 1.0000-2.0000 sec  86.1 KBytes   706 Kbits/sec  21.306 ms 7655/7715 (99%)
[  9] 1.0000-2.0000 sec  84.7 KBytes   694 Kbits/sec  13.292 ms 0/59 (0%)
[  7] 1.0000-2.0000 sec  76.1 KBytes   623 Kbits/sec  20.160 ms 6420/6473 (99%)
[  4] 1.0000-2.0000 sec  83.3 KBytes   682 Kbits/sec  13.996 ms 6397/6455 (99%)
[  8] 1.0000-2.0000 sec  84.7 KBytes   694 Kbits/sec  38.051 ms 14442/14501 (1e+02%)
[ 10] 1.0000-2.0000 sec  93.3 KBytes   764 Kbits/sec  23.018 ms 14411/14476 (1e+02%)
[  1] 2.0000-3.0000 sec  86.1 KBytes   706 Kbits/sec  19.145 ms 3755/3815 (98%)
[  3] 2.0000-3.0000 sec  84.7 KBytes   694 Kbits/sec  14.136 ms 0/59 (0%)
[  5] 2.0000-3.0000 sec  84.7 KBytes   694 Kbits/sec  12.190 ms 741/800 (93%)
[  6] 2.0000-3.0000 sec  84.7 KBytes   694 Kbits/sec   9.469 ms 2724/2783 (98%)
[  2] 2.0000-3.0000 sec  84.7 KBytes   694 Kbits/sec  19.783 ms 7029/7088 (99%)
[  9] 2.0000-3.0000 sec  84.7 KBytes   694 Kbits/sec  11.372 ms 1153/1212 (95%)
[  4] 2.0000-3.0000 sec  86.1 KBytes   706 Kbits/sec  29.313 ms 14652/14712 (1e+02%)
[  7] 2.0000-3.0000 sec  93.3 KBytes   764 Kbits/sec  28.289 ms 14873/14938 (1e+02%)
[  8] 2.0000-3.0000 sec  84.7 KBytes   694 Kbits/sec  21.412 ms 6834/6893 (99%)
[ 10] 2.0000-3.0000 sec  84.7 KBytes   694 Kbits/sec  19.310 ms 6908/6967 (99%)
[  2] 3.0000-4.0000 sec  76.1 KBytes   623 Kbits/sec  17.038 ms 7557/7610 (99%)
[  4] 3.0000-4.0000 sec  73.2 KBytes   600 Kbits/sec  25.866 ms 6790/6841 (99%)
[  1] 3.0000-4.0000 sec  84.7 KBytes   694 Kbits/sec  24.317 ms 7177/7236 (99%)
[  8] 3.0000-4.0000 sec  73.2 KBytes   600 Kbits/sec  17.485 ms 6814/6865 (99%)
[  3] 3.0000-4.0000 sec  84.7 KBytes   694 Kbits/sec  20.647 ms 10446/10505 (99%)
[ 10] 3.0000-4.0000 sec  74.6 KBytes   612 Kbits/sec  18.016 ms 7659/7711 (99%)
[  5] 3.0000-4.0000 sec  84.7 KBytes   694 Kbits/sec  17.245 ms 6858/6917 (99%)
[  6] 3.0000-4.0000 sec  76.1 KBytes   623 Kbits/sec  22.724 ms 4707/4760 (99%)
[  9] 3.0000-4.0000 sec  84.7 KBytes   694 Kbits/sec  33.873 ms 11590/11649 (99%)
[  7] 3.0000-4.0000 sec  84.7 KBytes   694 Kbits/sec  21.526 ms 7803/7862 (99%)
[  1] 4.0000-5.0000 sec  84.7 KBytes   694 Kbits/sec  36.581 ms 11856/11915 (1e+02%)
[  4] 4.0000-5.0000 sec  83.3 KBytes   682 Kbits/sec  19.211 ms 4398/4456 (99%)
[  2] 4.0000-5.0000 sec  79.0 KBytes   647 Kbits/sec  21.717 ms 6768/6823 (99%)
[  3] 4.0000-5.0000 sec  86.1 KBytes   706 Kbits/sec  16.372 ms 6734/6794 (99%)
[  7] 4.0000-5.0000 sec  76.1 KBytes   623 Kbits/sec  18.920 ms 7081/7134 (99%)
[  5] 4.0000-5.0000 sec  84.7 KBytes   694 Kbits/sec  23.023 ms 11731/11790 (99%)
[  6] 4.0000-5.0000 sec  94.7 KBytes   776 Kbits/sec  21.884 ms 14331/14397 (1e+02%)
[  8] 4.0000-5.0000 sec  84.7 KBytes   694 Kbits/sec  28.445 ms 11546/11605 (99%)
[  9] 4.0000-5.0000 sec  84.7 KBytes   694 Kbits/sec  24.703 ms 8581/8640 (99%)
[ 10] 4.0000-5.0000 sec  86.1 KBytes   706 Kbits/sec  16.302 ms 6818/6878 (99%)
[  3] 5.0000-6.0000 sec  73.2 KBytes   600 Kbits/sec  25.797 ms 12625/12676 (1e+02%)
[  6] 5.0000-6.0000 sec  73.2 KBytes   600 Kbits/sec  21.847 ms 8545/8596 (99%)
[  2] 5.0000-6.0000 sec  90.4 KBytes   741 Kbits/sec  17.677 ms 11485/11548 (99%)
[  9] 5.0000-6.0000 sec  73.2 KBytes   600 Kbits/sec  18.963 ms 4904/4955 (99%)
[  4] 5.0000-6.0000 sec  87.6 KBytes   717 Kbits/sec  28.624 ms 15338/15399 (1e+02%)
[  7] 5.0000-6.0000 sec  84.7 KBytes   694 Kbits/sec  15.469 ms 7816/7875 (99%)
[  1] 5.0000-6.0000 sec  84.7 KBytes   694 Kbits/sec  25.899 ms 7527/7586 (99%)
[  8] 5.0000-6.0000 sec  84.7 KBytes   694 Kbits/sec  22.210 ms 6883/6942 (99%)
[ 10] 5.0000-6.0000 sec  84.7 KBytes   694 Kbits/sec  16.437 ms 11422/11481 (99%)
[  5] 5.0000-6.0000 sec  84.7 KBytes   694 Kbits/sec  17.389 ms 9003/9062 (99%)
[  2] 6.0000-7.0000 sec  73.2 KBytes   600 Kbits/sec  18.053 ms 8608/8659 (99%)
[  3] 6.0000-7.0000 sec  84.7 KBytes   694 Kbits/sec  20.035 ms 8291/8350 (99%)
[  7] 6.0000-7.0000 sec  73.2 KBytes   600 Kbits/sec  26.672 ms 12074/12125 (1e+02%)
[  8] 6.0000-7.0000 sec  66.0 KBytes   541 Kbits/sec  27.191 ms 4700/4746 (99%)
[  6] 6.0000-7.0000 sec  84.7 KBytes   694 Kbits/sec  16.926 ms 8277/8336 (99%)
[  1] 6.0000-7.0000 sec  84.7 KBytes   694 Kbits/sec  20.020 ms 9375/9434 (99%)
[ 10] 6.0000-7.0000 sec  73.2 KBytes   600 Kbits/sec  18.038 ms 8732/8783 (99%)
[  5] 6.0000-7.0000 sec  86.1 KBytes   706 Kbits/sec  15.523 ms 8095/8155 (99%)
[  4] 6.0000-7.0000 sec  84.7 KBytes   694 Kbits/sec  17.339 ms 7334/7393 (99%)
[  9] 6.0000-7.0000 sec  97.6 KBytes   800 Kbits/sec  29.787 ms 15888/15956 (1e+02%)
[  1] 7.0000-8.0000 sec  76.1 KBytes   623 Kbits/sec  19.277 ms 8193/8246 (99%)
[  3] 7.0000-8.0000 sec  84.7 KBytes   694 Kbits/sec  17.891 ms 9194/9253 (99%)
[  5] 7.0000-8.0000 sec  67.5 KBytes   553 Kbits/sec  22.159 ms 7832/7879 (99%)
[  9] 7.0000-8.0000 sec  74.6 KBytes   612 Kbits/sec  25.766 ms 9158/9210 (99%)
[  6] 7.0000-8.0000 sec  84.7 KBytes   694 Kbits/sec  18.126 ms 9756/9815 (99%)
[  2] 7.0000-8.0000 sec  86.1 KBytes   706 Kbits/sec  23.689 ms 12792/12852 (1e+02%)
[  4] 7.0000-8.0000 sec  74.6 KBytes   612 Kbits/sec  20.751 ms 7782/7834 (99%)
[  7] 7.0000-8.0000 sec  84.7 KBytes   694 Kbits/sec  21.716 ms 7743/7802 (99%)
[  8] 7.0000-8.0000 sec  94.7 KBytes   776 Kbits/sec  23.753 ms 15250/15316 (1e+02%)
[ 10] 7.0000-8.0000 sec  84.7 KBytes   694 Kbits/sec  16.859 ms 7575/7634 (99%)
[  1] 8.0000-9.0000 sec  84.7 KBytes   694 Kbits/sec  15.413 ms 7984/8043 (99%)
[  2] 8.0000-9.0000 sec  74.6 KBytes   612 Kbits/sec  21.965 ms 7471/7523 (99%)
[  3] 8.0000-9.0000 sec  77.5 KBytes   635 Kbits/sec  19.627 ms 6879/6933 (99%)
[  5] 8.0000-9.0000 sec  91.9 KBytes   753 Kbits/sec  27.624 ms 15395/15459 (1e+02%)
[  4] 8.0000-9.0000 sec  73.2 KBytes   600 Kbits/sec  18.389 ms 8655/8706 (99%)
[  6] 8.0000-9.0000 sec  76.1 KBytes   623 Kbits/sec  15.501 ms 6603/6656 (99%)
[  9] 8.0000-9.0000 sec  84.7 KBytes   694 Kbits/sec  17.145 ms 6217/6276 (99%)
[  8] 8.0000-9.0000 sec  73.2 KBytes   600 Kbits/sec  20.281 ms 8295/8346 (99%)
[  7] 8.0000-9.0000 sec  84.7 KBytes   694 Kbits/sec  25.368 ms 12233/12292 (1e+02%)
[ 10] 8.0000-9.0000 sec  77.5 KBytes   635 Kbits/sec  20.252 ms 8781/8835 (99%)
[  3] 9.0000-10.0000 sec  94.7 KBytes   776 Kbits/sec  33.683 ms 15673/15739 (1e+02%)
[  4] 9.0000-10.0000 sec  97.6 KBytes   800 Kbits/sec  21.591 ms 11147/11215 (99%)
[  2] 9.0000-10.0000 sec  94.7 KBytes   776 Kbits/sec  18.875 ms 11160/11226 (99%)
[  1] 9.0000-10.0000 sec  94.7 KBytes   776 Kbits/sec  25.718 ms 15245/15311 (1e+02%)
[  8] 9.0000-10.0000 sec  96.2 KBytes   788 Kbits/sec  12.224 ms 6484/6551 (99%)
[  7] 9.0000-10.0000 sec  84.7 KBytes   694 Kbits/sec  16.187 ms 6482/6541 (99%)
[  5] 9.0000-10.0000 sec  84.7 KBytes   694 Kbits/sec  16.731 ms 5073/5132 (99%)
[ 10] 9.0000-10.0000 sec  91.9 KBytes   753 Kbits/sec  23.925 ms 14832/14896 (1e+02%)
[  6] 9.0000-10.0000 sec   106 KBytes   870 Kbits/sec  15.631 ms 15280/15354 (1e+02%)
[  9] 9.0000-10.0000 sec  94.7 KBytes   776 Kbits/sec  21.547 ms 12391/12457 (99%)
[  1] 10.0000-11.0000 sec  74.6 KBytes   612 Kbits/sec  25.098 ms 7446/7498 (99%)
[  3] 10.0000-11.0000 sec  81.8 KBytes   670 Kbits/sec  22.548 ms 8337/8394 (99%)
[  8] 10.0000-11.0000 sec  76.1 KBytes   623 Kbits/sec  23.561 ms 8754/8807 (99%)
[  5] 10.0000-11.0000 sec  86.1 KBytes   706 Kbits/sec  31.846 ms 15863/15923 (1e+02%)
[  2] 10.0000-11.0000 sec  84.7 KBytes   694 Kbits/sec  19.553 ms 7255/7314 (99%)
[  6] 10.0000-11.0000 sec  73.2 KBytes   600 Kbits/sec  21.040 ms 8656/8707 (99%)
[  4] 10.0000-11.0000 sec  84.7 KBytes   694 Kbits/sec  18.116 ms 7282/7341 (99%)
[  9] 10.0000-11.0000 sec  76.1 KBytes   623 Kbits/sec  20.353 ms 8570/8623 (99%)
[  7] 10.0000-11.0000 sec  84.7 KBytes   694 Kbits/sec  18.473 ms 8428/8487 (99%)
[ 10] 10.0000-11.0000 sec  86.1 KBytes   706 Kbits/sec  18.980 ms 7373/7433 (99%)
[  2] 11.0000-12.0000 sec  76.1 KBytes   623 Kbits/sec  18.603 ms 8004/8057 (99%)
[  3] 11.0000-12.0000 sec  76.1 KBytes   623 Kbits/sec  23.256 ms 7951/8004 (99%)
[  1] 11.0000-12.0000 sec  73.2 KBytes   600 Kbits/sec  26.394 ms 9212/9263 (99%)
[  7] 11.0000-12.0000 sec  76.1 KBytes   623 Kbits/sec  18.264 ms 7380/7433 (99%)
[  5] 11.0000-12.0000 sec  73.2 KBytes   600 Kbits/sec  18.079 ms 5460/5511 (99%)
[  8] 11.0000-12.0000 sec  83.3 KBytes   682 Kbits/sec  44.010 ms 15123/15181 (1e+02%)
[  6] 11.0000-12.0000 sec  76.1 KBytes   623 Kbits/sec  22.855 ms 7989/8042 (99%)
[ 10] 11.0000-12.0000 sec  74.6 KBytes   612 Kbits/sec  20.984 ms 8161/8213 (99%)
[  9] 11.0000-12.0000 sec  73.2 KBytes   600 Kbits/sec  39.567 ms 12565/12616 (1e+02%)
[  4] 11.0000-12.0000 sec  73.2 KBytes   600 Kbits/sec  17.931 ms 8288/8339 (99%)
[  2] 12.0000-13.0000 sec  73.2 KBytes   600 Kbits/sec  17.230 ms 7130/7181 (99%)
[  1] 12.0000-13.0000 sec  70.3 KBytes   576 Kbits/sec  21.489 ms 4528/4577 (99%)
[  3] 12.0000-13.0000 sec  73.2 KBytes   600 Kbits/sec  17.779 ms 7748/7799 (99%)
[  7] 12.0000-13.0000 sec  73.2 KBytes   600 Kbits/sec  16.256 ms 8173/8224 (99%)
[  6] 12.0000-13.0000 sec  73.2 KBytes   600 Kbits/sec  17.370 ms 7469/7520 (99%)
[ 10] 12.0000-13.0000 sec  74.6 KBytes   612 Kbits/sec  33.561 ms 10844/10896 (1e+02%)
[  5] 12.0000-13.0000 sec  84.7 KBytes   694 Kbits/sec  14.833 ms 6695/6754 (99%)
[  4] 12.0000-13.0000 sec  84.7 KBytes   694 Kbits/sec  14.341 ms 11503/11562 (99%)
[  8] 12.0000-13.0000 sec  84.7 KBytes   694 Kbits/sec  24.623 ms 6308/6367 (99%)
[  9] 12.0000-13.0000 sec  84.7 KBytes   694 Kbits/sec  23.742 ms 6176/6235 (99%)
[  2] 13.0000-14.0000 sec  74.6 KBytes   612 Kbits/sec  18.315 ms 7449/7501 (99%)
[  7] 13.0000-14.0000 sec  67.5 KBytes   553 Kbits/sec  25.047 ms 6208/6255 (99%)
[  4] 13.0000-14.0000 sec  63.2 KBytes   517 Kbits/sec  24.389 ms 6288/6332 (99%)
[  1] 13.0000-14.0000 sec  91.9 KBytes   753 Kbits/sec  28.491 ms 13171/13235 (1e+02%)
[  8] 13.0000-14.0000 sec  63.2 KBytes   517 Kbits/sec  22.497 ms 7722/7766 (99%)
[  3] 13.0000-14.0000 sec  84.7 KBytes   694 Kbits/sec  24.140 ms 10252/10311 (99%)
[ 10] 13.0000-14.0000 sec  74.6 KBytes   612 Kbits/sec  28.890 ms 6564/6616 (99%)
[  5] 13.0000-14.0000 sec  64.6 KBytes   529 Kbits/sec  25.489 ms 6053/6098 (99%)
[  9] 13.0000-14.0000 sec  74.6 KBytes   612 Kbits/sec  18.459 ms 4066/4118 (99%)
[  6] 13.0000-14.0000 sec  84.7 KBytes   694 Kbits/sec  16.127 ms 6189/6248 (99%)
[  2] 14.0000-15.0000 sec  70.3 KBytes   576 Kbits/sec  19.052 ms 6606/6655 (99%)
[  1] 14.0000-15.0000 sec  73.2 KBytes   600 Kbits/sec  26.931 ms 7041/7092 (99%)
[  3] 14.0000-15.0000 sec  74.6 KBytes   612 Kbits/sec  23.581 ms 6954/7006 (99%)
[  6] 14.0000-15.0000 sec  66.0 KBytes   541 Kbits/sec  20.697 ms 7383/7429 (99%)
[  5] 14.0000-15.0000 sec  83.3 KBytes   682 Kbits/sec  17.478 ms 10770/10828 (99%)
[  7] 14.0000-15.0000 sec  81.8 KBytes   670 Kbits/sec  23.407 ms 12340/12397 (1e+02%)
[  8] 14.0000-15.0000 sec  74.6 KBytes   612 Kbits/sec  18.511 ms 4559/4611 (99%)
[ 10] 14.0000-15.0000 sec  73.2 KBytes   600 Kbits/sec  25.963 ms 8536/8587 (99%)
[  4] 14.0000-15.0000 sec  84.7 KBytes   694 Kbits/sec  24.686 ms 12281/12340 (1e+02%)
[  9] 14.0000-15.0000 sec  73.2 KBytes   600 Kbits/sec  14.426 ms 6293/6344 (99%)
[  2] 15.0000-16.0000 sec  86.1 KBytes   706 Kbits/sec  34.436 ms 15851/15911 (1e+02%)
[  3] 15.0000-16.0000 sec  73.2 KBytes   600 Kbits/sec  23.066 ms 7885/7936 (99%)
[  4] 15.0000-16.0000 sec  77.5 KBytes   635 Kbits/sec  27.287 ms 7033/7087 (99%)
[  6] 15.0000-16.0000 sec  81.8 KBytes   670 Kbits/sec  20.418 ms 11998/12055 (1e+02%)
[  7] 15.0000-16.0000 sec  84.7 KBytes   694 Kbits/sec  18.914 ms 8372/8431 (99%)
[  1] 15.0000-16.0000 sec  84.7 KBytes   694 Kbits/sec  21.279 ms 8442/8501 (99%)
[  8] 15.0000-16.0000 sec  84.7 KBytes   694 Kbits/sec  18.416 ms 8390/8449 (99%)
[ 10] 15.0000-16.0000 sec  83.3 KBytes   682 Kbits/sec  19.029 ms 7408/7466 (99%)
[  5] 15.0000-16.0000 sec  84.7 KBytes   694 Kbits/sec  17.493 ms 6914/6973 (99%)
[  9] 15.0000-16.0000 sec  86.1 KBytes   706 Kbits/sec  31.337 ms 15350/15410 (1e+02%)
[  1] 16.0000-17.0000 sec  73.2 KBytes   600 Kbits/sec  22.287 ms 7094/7145 (99%)
[  7] 16.0000-17.0000 sec  79.0 KBytes   647 Kbits/sec  19.530 ms 7171/7226 (99%)
[  2] 16.0000-17.0000 sec  94.7 KBytes   776 Kbits/sec  18.650 ms 9500/9566 (99%)
[  4] 16.0000-17.0000 sec  89.0 KBytes   729 Kbits/sec  35.250 ms 13094/13156 (1e+02%)
[  3] 16.0000-17.0000 sec  86.1 KBytes   706 Kbits/sec  18.399 ms 7298/7358 (99%)
[  8] 16.0000-17.0000 sec  90.4 KBytes   741 Kbits/sec  20.525 ms 12290/12353 (99%)
[  5] 16.0000-17.0000 sec  76.1 KBytes   623 Kbits/sec  16.739 ms 8386/8439 (99%)
[  9] 16.0000-17.0000 sec  74.6 KBytes   612 Kbits/sec  28.517 ms 7399/7451 (99%)
[ 10] 16.0000-17.0000 sec  91.9 KBytes   753 Kbits/sec  26.389 ms 12773/12837 (1e+02%)
[  6] 16.0000-17.0000 sec  86.1 KBytes   706 Kbits/sec  17.499 ms 7185/7245 (99%)
[  1] 17.0000-18.0000 sec  76.1 KBytes   623 Kbits/sec  19.093 ms 8635/8688 (99%)
[  7] 17.0000-18.0000 sec  79.0 KBytes   647 Kbits/sec  51.005 ms 15925/15980 (1e+02%)
[  5] 17.0000-18.0000 sec  63.2 KBytes   517 Kbits/sec  23.995 ms 7645/7689 (99%)
[  3] 17.0000-18.0000 sec  76.1 KBytes   623 Kbits/sec  30.021 ms 12740/12793 (1e+02%)
[  9] 17.0000-18.0000 sec  73.2 KBytes   600 Kbits/sec  19.226 ms 4884/4935 (99%)
[  6] 17.0000-18.0000 sec  73.2 KBytes   600 Kbits/sec  15.815 ms 8570/8621 (99%)
[  2] 17.0000-18.0000 sec  73.2 KBytes   600 Kbits/sec  21.955 ms 7665/7716 (99%)
[  4] 17.0000-18.0000 sec  76.1 KBytes   623 Kbits/sec  30.592 ms 6971/7024 (99%)
[  8] 17.0000-18.0000 sec  71.8 KBytes   588 Kbits/sec  19.035 ms 7691/7741 (99%)
[ 10] 17.0000-18.0000 sec  73.2 KBytes   600 Kbits/sec  24.395 ms 8492/8543 (99%)
[  2] 18.0000-19.0000 sec  64.6 KBytes   529 Kbits/sec  19.675 ms 7051/7096 (99%)
[  1] 18.0000-19.0000 sec  74.6 KBytes   612 Kbits/sec  17.686 ms 7710/7762 (99%)
[  7] 18.0000-19.0000 sec  74.6 KBytes   612 Kbits/sec  34.570 ms 7393/7445 (99%)
[  3] 18.0000-19.0000 sec  71.8 KBytes   588 Kbits/sec  29.715 ms 8898/8948 (99%)
[ 10] 18.0000-19.0000 sec  63.2 KBytes   517 Kbits/sec  17.977 ms 4111/4155 (99%)
[  5] 18.0000-19.0000 sec  86.1 KBytes   706 Kbits/sec  20.400 ms 12333/12393 (1e+02%)
[  8] 18.0000-19.0000 sec  73.2 KBytes   600 Kbits/sec  19.220 ms 6365/6416 (99%)
[  4] 18.0000-19.0000 sec  73.2 KBytes   600 Kbits/sec  24.320 ms 7064/7115 (99%)
[  9] 18.0000-19.0000 sec  71.8 KBytes   588 Kbits/sec  19.484 ms 7721/7771 (99%)
[  6] 18.0000-19.0000 sec  76.1 KBytes   623 Kbits/sec  17.680 ms 7689/7742 (99%)
[  1] 19.0000-20.0000 sec  73.2 KBytes   600 Kbits/sec  17.744 ms 8683/8734 (99%)
[  3] 19.0000-20.0000 sec  76.1 KBytes   623 Kbits/sec  22.386 ms 6999/7052 (99%)
[  2] 19.0000-20.0000 sec  74.6 KBytes   612 Kbits/sec  17.997 ms 6057/6109 (99%)
[  9] 19.0000-20.0000 sec  73.2 KBytes   600 Kbits/sec  48.940 ms 15701/15752 (1e+02%)
[  5] 19.0000-20.0000 sec  76.1 KBytes   623 Kbits/sec  20.426 ms 8697/8750 (99%)
[  4] 19.0000-20.0000 sec  63.2 KBytes   517 Kbits/sec  27.808 ms 5745/5789 (99%)
[  8] 19.0000-20.0000 sec  67.5 KBytes   553 Kbits/sec  19.454 ms 6975/7022 (99%)
[  6] 19.0000-20.0000 sec  73.2 KBytes   600 Kbits/sec  17.002 ms 8705/8756 (99%)
[  7] 19.0000-20.0000 sec  73.2 KBytes   600 Kbits/sec  31.553 ms 5751/5802 (99%)
[ 10] 19.0000-20.0000 sec  76.1 KBytes   623 Kbits/sec  19.277 ms 6144/6197 (99%)
[  1] 20.0000-21.0000 sec  76.1 KBytes   623 Kbits/sec  16.248 ms 7024/7077 (99%)
[  3] 20.0000-21.0000 sec  73.2 KBytes   600 Kbits/sec  21.015 ms 7193/7244 (99%)
[  2] 20.0000-21.0000 sec  73.2 KBytes   600 Kbits/sec  18.525 ms 6581/6632 (99%)
[  8] 20.0000-21.0000 sec  68.9 KBytes   564 Kbits/sec  20.040 ms 5478/5526 (99%)
[  4] 20.0000-21.0000 sec  74.6 KBytes   612 Kbits/sec  18.440 ms 3733/3785 (99%)
[  5] 20.0000-21.0000 sec  73.2 KBytes   600 Kbits/sec  16.656 ms 6971/7022 (99%)
[  6] 20.0000-21.0000 sec  64.6 KBytes   529 Kbits/sec  15.948 ms 7071/7116 (99%)
[ 10] 20.0000-21.0000 sec  68.9 KBytes   564 Kbits/sec  20.522 ms 5458/5506 (99%)
[  7] 20.0000-21.0000 sec  76.1 KBytes   623 Kbits/sec  27.220 ms 7123/7176 (99%)
[  9] 20.0000-21.0000 sec  84.7 KBytes   694 Kbits/sec  33.487 ms 7399/7458 (99%)
[  3] 21.0000-22.0000 sec  76.1 KBytes   623 Kbits/sec  19.680 ms 8300/8353 (99%)
[  1] 21.0000-22.0000 sec  73.2 KBytes   600 Kbits/sec  26.591 ms 12460/12511 (1e+02%)
[  2] 21.0000-22.0000 sec  74.6 KBytes   612 Kbits/sec  30.767 ms 11760/11812 (1e+02%)
[  5] 21.0000-22.0000 sec  74.6 KBytes   612 Kbits/sec  18.577 ms 7518/7570 (99%)
[  4] 21.0000-22.0000 sec  73.2 KBytes   600 Kbits/sec  18.074 ms 7201/7252 (99%)
[  8] 21.0000-22.0000 sec  74.6 KBytes   612 Kbits/sec  20.312 ms 8271/8323 (99%)
[  6] 21.0000-22.0000 sec  84.7 KBytes   694 Kbits/sec  38.545 ms 15721/15780 (1e+02%)
[  7] 21.0000-22.0000 sec  73.2 KBytes   600 Kbits/sec  26.405 ms 6984/7035 (99%)
[ 10] 21.0000-22.0000 sec  80.4 KBytes   659 Kbits/sec  19.785 ms 11573/11629 (1e+02%)
[  9] 21.0000-22.0000 sec  76.1 KBytes   623 Kbits/sec  27.398 ms 8457/8510 (99%)
[  3] 22.0000-23.0000 sec  71.8 KBytes   588 Kbits/sec  19.612 ms 7083/7133 (99%)
[  5] 22.0000-23.0000 sec  73.2 KBytes   600 Kbits/sec  17.183 ms 8355/8406 (99%)
[  7] 22.0000-23.0000 sec  63.2 KBytes   517 Kbits/sec  29.925 ms 7956/8000 (99%)
[  6] 22.0000-23.0000 sec  74.6 KBytes   612 Kbits/sec  23.992 ms 7683/7735 (99%)
[  1] 22.0000-23.0000 sec  84.7 KBytes   694 Kbits/sec  17.115 ms 6785/6844 (99%)
[  2] 22.0000-23.0000 sec  73.2 KBytes   600 Kbits/sec  29.740 ms 6719/6770 (99%)
[  4] 22.0000-23.0000 sec  68.9 KBytes   564 Kbits/sec  25.020 ms 8095/8143 (99%)
[  9] 22.0000-23.0000 sec  73.2 KBytes   600 Kbits/sec  18.588 ms 6627/6678 (99%)
[  8] 22.0000-23.0000 sec  77.5 KBytes   635 Kbits/sec  37.379 ms 14489/14543 (1e+02%)
[ 10] 22.0000-23.0000 sec  73.2 KBytes   600 Kbits/sec  19.515 ms 6760/6811 (99%)
[  6] 23.0000-24.0000 sec  76.1 KBytes   623 Kbits/sec  25.854 ms 4859/4912 (99%)
[  2] 23.0000-24.0000 sec  86.1 KBytes   706 Kbits/sec  17.578 ms 7709/7769 (99%)
[  4] 23.0000-24.0000 sec  93.3 KBytes   764 Kbits/sec  25.533 ms 13376/13441 (1e+02%)
[  8] 23.0000-24.0000 sec  84.7 KBytes   694 Kbits/sec  23.381 ms 6650/6709 (99%)
[  3] 23.0000-24.0000 sec  86.1 KBytes   706 Kbits/sec  24.528 ms 11530/11590 (99%)
[  9] 23.0000-24.0000 sec  74.6 KBytes   612 Kbits/sec  14.500 ms 4461/4513 (99%)
[  7] 23.0000-24.0000 sec  96.2 KBytes   788 Kbits/sec  31.766 ms 11379/11446 (99%)
[  5] 23.0000-24.0000 sec  86.1 KBytes   706 Kbits/sec  21.274 ms 11155/11215 (99%)
[ 10] 23.0000-24.0000 sec  84.7 KBytes   694 Kbits/sec  19.952 ms 11146/11205 (99%)
[  1] 23.0000-24.0000 sec  76.1 KBytes   623 Kbits/sec  16.537 ms 6702/6755 (99%)
[  2] 24.0000-25.0000 sec  84.7 KBytes   694 Kbits/sec  16.712 ms 6952/7011 (99%)
[  6] 24.0000-25.0000 sec  71.8 KBytes   588 Kbits/sec  19.084 ms 7026/7076 (99%)
[  5] 24.0000-25.0000 sec  63.2 KBytes   517 Kbits/sec  18.127 ms 6943/6987 (99%)
[  4] 24.0000-25.0000 sec  84.7 KBytes   694 Kbits/sec  21.066 ms 8079/8138 (99%)
[  9] 24.0000-25.0000 sec  64.6 KBytes   529 Kbits/sec  17.958 ms 7361/7406 (99%)
[  8] 24.0000-25.0000 sec  87.6 KBytes   717 Kbits/sec  19.070 ms 8371/8432 (99%)
[  7] 24.0000-25.0000 sec  83.3 KBytes   682 Kbits/sec  25.995 ms 7026/7084 (99%)
[  1] 24.0000-25.0000 sec  73.2 KBytes   600 Kbits/sec  21.315 ms 11476/11527 (1e+02%)
[  3] 24.0000-25.0000 sec  74.6 KBytes   612 Kbits/sec  24.162 ms 7927/7979 (99%)
[ 10] 24.0000-25.0000 sec  84.7 KBytes   694 Kbits/sec  17.946 ms 6940/6999 (99%)
[  2] 25.0000-26.0000 sec  84.7 KBytes   694 Kbits/sec  14.130 ms 9370/9429 (99%)
[  6] 25.0000-26.0000 sec  86.1 KBytes   706 Kbits/sec  45.114 ms 14016/14076 (1e+02%)
[  7] 25.0000-26.0000 sec  84.7 KBytes   694 Kbits/sec  19.973 ms 8968/9027 (99%)
[  5] 25.0000-26.0000 sec  84.7 KBytes   694 Kbits/sec  16.213 ms 7690/7749 (99%)
[ 10] 25.0000-26.0000 sec  84.7 KBytes   694 Kbits/sec  16.056 ms 9039/9098 (99%)
[  1] 25.0000-26.0000 sec  84.7 KBytes   694 Kbits/sec  16.826 ms 6289/6348 (99%)
[  3] 25.0000-26.0000 sec  84.7 KBytes   694 Kbits/sec  16.312 ms 6444/6503 (99%)
[  9] 25.0000-26.0000 sec  93.3 KBytes   764 Kbits/sec  23.525 ms 14092/14157 (1e+02%)
[  4] 25.0000-26.0000 sec  93.3 KBytes   764 Kbits/sec  16.628 ms 7957/8022 (99%)
[  8] 25.0000-26.0000 sec  90.4 KBytes   741 Kbits/sec  18.843 ms 7981/8044 (99%)
[  1] 26.0000-27.0000 sec  76.1 KBytes   623 Kbits/sec  15.205 ms 8223/8276 (99%)
[  2] 26.0000-27.0000 sec  84.7 KBytes   694 Kbits/sec  33.854 ms 16344/16403 (1e+02%)
[  4] 26.0000-27.0000 sec  76.1 KBytes   623 Kbits/sec  24.797 ms 12894/12947 (1e+02%)
[  3] 26.0000-27.0000 sec  73.2 KBytes   600 Kbits/sec  16.028 ms 7005/7056 (99%)
[  7] 26.0000-27.0000 sec  84.7 KBytes   694 Kbits/sec  17.684 ms 7759/7818 (99%)
[  8] 26.0000-27.0000 sec  73.2 KBytes   600 Kbits/sec  21.233 ms 8860/8911 (99%)
[  6] 26.0000-27.0000 sec  81.8 KBytes   670 Kbits/sec  30.680 ms 7708/7765 (99%)
[  5] 26.0000-27.0000 sec  86.1 KBytes   706 Kbits/sec  38.124 ms 14487/14547 (1e+02%)
[ 10] 26.0000-27.0000 sec  86.1 KBytes   706 Kbits/sec  40.312 ms 16890/16950 (1e+02%)
[  9] 26.0000-27.0000 sec  86.1 KBytes   706 Kbits/sec  19.163 ms 7458/7518 (99%)
[  2] 27.0000-28.0000 sec  84.7 KBytes   694 Kbits/sec  24.783 ms 8365/8424 (99%)
[  7] 27.0000-28.0000 sec  86.1 KBytes   706 Kbits/sec  22.605 ms 13466/13526 (1e+02%)
[  8] 27.0000-28.0000 sec  91.9 KBytes   753 Kbits/sec  28.980 ms 17636/17700 (1e+02%)
[  5] 27.0000-28.0000 sec  73.2 KBytes   600 Kbits/sec  33.855 ms 8176/8227 (99%)
[  1] 27.0000-28.0000 sec  73.2 KBytes   600 Kbits/sec  14.930 ms 7393/7444 (99%)
[  3] 27.0000-28.0000 sec  79.0 KBytes   647 Kbits/sec  21.687 ms 8570/8625 (99%)
[ 10] 27.0000-28.0000 sec  84.7 KBytes   694 Kbits/sec  27.916 ms 8579/8638 (99%)
[  9] 27.0000-28.0000 sec  76.1 KBytes   623 Kbits/sec  19.440 ms 8525/8578 (99%)
[  4] 27.0000-28.0000 sec  93.3 KBytes   764 Kbits/sec  17.558 ms 9784/9849 (99%)
[  6] 27.0000-28.0000 sec  86.1 KBytes   706 Kbits/sec  17.049 ms 4850/4910 (99%)
[  2] 28.0000-29.0000 sec  97.6 KBytes   800 Kbits/sec  14.549 ms 9514/9582 (99%)
[  1] 28.0000-29.0000 sec  74.6 KBytes   612 Kbits/sec  25.889 ms 12714/12766 (1e+02%)
[  4] 28.0000-29.0000 sec  96.2 KBytes   788 Kbits/sec  29.177 ms 15203/15270 (1e+02%)
[  3] 28.0000-29.0000 sec  63.2 KBytes   517 Kbits/sec  26.200 ms 7440/7484 (99%)
[  7] 28.0000-29.0000 sec  93.3 KBytes   764 Kbits/sec  16.439 ms 9593/9658 (99%)
[  8] 28.0000-29.0000 sec  96.2 KBytes   788 Kbits/sec  36.950 ms 12409/12476 (99%)
[  6] 28.0000-29.0000 sec  63.2 KBytes   517 Kbits/sec  18.763 ms 7212/7256 (99%)
[  5] 28.0000-29.0000 sec  77.5 KBytes   635 Kbits/sec  27.953 ms 7782/7836 (99%)
[  9] 28.0000-29.0000 sec  73.2 KBytes   600 Kbits/sec  19.117 ms 7416/7467 (99%)
[ 10] 28.0000-29.0000 sec   105 KBytes   858 Kbits/sec  14.872 ms 8773/8846 (99%)
[  3] 29.0000-30.0000 sec  91.9 KBytes   753 Kbits/sec  16.577 ms 12156/12220 (99%)
[  6] 29.0000-30.0000 sec  86.1 KBytes   706 Kbits/sec  34.204 ms 15596/15656 (1e+02%)
[  8] 29.0000-30.0000 sec  83.3 KBytes   682 Kbits/sec  24.981 ms 7314/7372 (99%)
[  5] 29.0000-30.0000 sec  79.0 KBytes   647 Kbits/sec  18.620 ms 4560/4615 (99%)
[  1] 29.0000-30.0000 sec  94.7 KBytes   776 Kbits/sec  13.481 ms 8202/8268 (99%)
[  9] 29.0000-30.0000 sec  84.7 KBytes   694 Kbits/sec  16.309 ms 11721/11780 (99%)
[  2] 29.0000-30.0000 sec  94.7 KBytes   776 Kbits/sec  31.838 ms 15438/15504 (1e+02%)
[  4] 29.0000-30.0000 sec  86.1 KBytes   706 Kbits/sec  23.296 ms 8320/8380 (99%)
[  7] 29.0000-30.0000 sec  97.6 KBytes   800 Kbits/sec  17.871 ms 11986/12054 (99%)
[ 10] 29.0000-30.0000 sec  84.7 KBytes   694 Kbits/sec  41.730 ms 15664/15723 (1e+02%)
[  3] 30.0000-31.0000 sec  86.1 KBytes   706 Kbits/sec  47.863 ms 14678/14738 (1e+02%)
[  5] 30.0000-31.0000 sec  90.4 KBytes   741 Kbits/sec  26.227 ms 14601/14664 (1e+02%)
[  2] 30.0000-31.0000 sec  53.1 KBytes   435 Kbits/sec  19.579 ms 0/37 (0%)
[  4] 30.0000-31.0000 sec  64.6 KBytes   529 Kbits/sec  25.357 ms 7228/7273 (99%)
[  1] 30.0000-31.0000 sec  77.5 KBytes   635 Kbits/sec  18.217 ms 6526/6580 (99%)
[  9] 30.0000-31.0000 sec  84.7 KBytes   694 Kbits/sec  16.217 ms 7915/7974 (99%)
[  7] 30.0000-31.0000 sec  63.2 KBytes   517 Kbits/sec  20.911 ms 7062/7106 (99%)
[  8] 30.0000-31.0000 sec  74.6 KBytes   612 Kbits/sec  25.609 ms 8304/8356 (99%)
[  6] 30.0000-31.0000 sec  94.7 KBytes   776 Kbits/sec  18.058 ms 6736/6802 (99%)
[ 10] 30.0000-31.0000 sec  64.6 KBytes   529 Kbits/sec  28.863 ms 4930/4975 (99%)
[  2] 31.0000-32.0000 sec  94.7 KBytes   776 Kbits/sec  23.980 ms 15203/15269 (1e+02%)
[  1] 31.0000-32.0000 sec  83.3 KBytes   682 Kbits/sec  35.923 ms 16177/16235 (1e+02%)
[  4] 31.0000-32.0000 sec  74.6 KBytes   612 Kbits/sec  23.088 ms 4592/4644 (99%)
[  3] 31.0000-32.0000 sec  83.3 KBytes   682 Kbits/sec  38.769 ms 8532/8590 (99%)
[  9] 31.0000-32.0000 sec  76.1 KBytes   623 Kbits/sec  17.759 ms 8239/8292 (99%)
[  8] 31.0000-32.0000 sec  86.1 KBytes   706 Kbits/sec  16.819 ms 7008/7068 (99%)
[  7] 31.0000-32.0000 sec  84.7 KBytes   694 Kbits/sec  15.862 ms 8101/8160 (99%)
[  6] 31.0000-32.0000 sec  73.2 KBytes   600 Kbits/sec  21.913 ms 9519/9570 (99%)
[  5] 31.0000-32.0000 sec  81.8 KBytes   670 Kbits/sec  21.974 ms 5804/5861 (99%)
[ 10] 31.0000-32.0000 sec  86.1 KBytes   706 Kbits/sec  15.090 ms 7005/7065 (99%)
[  5] 32.0000-33.0000 sec  66.0 KBytes   541 Kbits/sec  18.522 ms 7102/7148 (99%)
[  8] 32.0000-33.0000 sec  74.6 KBytes   612 Kbits/sec  25.411 ms 8202/8254 (99%)
[  2] 32.0000-33.0000 sec  77.5 KBytes   635 Kbits/sec  22.840 ms 4741/4795 (99%)
[  1] 32.0000-33.0000 sec  73.2 KBytes   600 Kbits/sec  30.379 ms 7335/7386 (99%)
[  4] 32.0000-33.0000 sec  94.7 KBytes   776 Kbits/sec  25.701 ms 15255/15321 (1e+02%)
[  3] 32.0000-33.0000 sec  76.1 KBytes   623 Kbits/sec  21.503 ms 4491/4544 (99%)
[  9] 32.0000-33.0000 sec  71.8 KBytes   588 Kbits/sec  19.205 ms 6985/7035 (99%)
[  7] 32.0000-33.0000 sec  86.1 KBytes   706 Kbits/sec  38.484 ms 15244/15304 (1e+02%)
[  6] 32.0000-33.0000 sec  76.1 KBytes   623 Kbits/sec  20.594 ms 6962/7015 (99%)
[ 10] 32.0000-33.0000 sec  80.4 KBytes   659 Kbits/sec  18.804 ms 6880/6936 (99%)
[  5] 33.0000-34.0000 sec  76.1 KBytes   623 Kbits/sec  55.596 ms 14774/14827 (1e+02%)
[  1] 33.0000-34.0000 sec  74.6 KBytes   612 Kbits/sec  13.474 ms 4254/4306 (99%)
[  4] 33.0000-34.0000 sec  73.2 KBytes   600 Kbits/sec  23.980 ms 8020/8071 (99%)
[  2] 33.0000-34.0000 sec  73.2 KBytes   600 Kbits/sec  25.933 ms 6951/7002 (99%)
[  3] 33.0000-34.0000 sec  73.2 KBytes   600 Kbits/sec  16.226 ms 7053/7104 (99%)
[  9] 33.0000-34.0000 sec  76.1 KBytes   623 Kbits/sec  20.199 ms 11449/11502 (1e+02%)
[  7] 33.0000-34.0000 sec  74.6 KBytes   612 Kbits/sec  39.646 ms 8215/8267 (99%)
[  8] 33.0000-34.0000 sec  77.5 KBytes   635 Kbits/sec  22.778 ms 7101/7155 (99%)
[  6] 33.0000-34.0000 sec  73.2 KBytes   600 Kbits/sec  19.205 ms 11063/11114 (1e+02%)
[ 10] 33.0000-34.0000 sec  73.2 KBytes   600 Kbits/sec  21.258 ms 8125/8176 (99%)
[  5] 34.0000-35.0000 sec  60.3 KBytes   494 Kbits/sec  21.851 ms 0/42 (0%)
[  2] 34.0000-35.0000 sec   105 KBytes   858 Kbits/sec  17.684 ms 16752/16825 (1e+02%)
[  4] 34.0000-35.0000 sec  97.6 KBytes   800 Kbits/sec  13.914 ms 7986/8054 (99%)
[  1] 34.0000-35.0000 sec  64.6 KBytes   529 Kbits/sec  21.359 ms 6624/6669 (99%)
[  8] 34.0000-35.0000 sec   102 KBytes   835 Kbits/sec  20.793 ms 16503/16574 (1e+02%)
[  7] 34.0000-35.0000 sec  94.7 KBytes   776 Kbits/sec  17.650 ms 8610/8676 (99%)
[  3] 34.0000-35.0000 sec  64.6 KBytes   529 Kbits/sec  20.324 ms 6539/6584 (99%)
[  9] 34.0000-35.0000 sec  63.2 KBytes   517 Kbits/sec  27.299 ms 6913/6957 (99%)
[ 10] 34.0000-35.0000 sec   100 KBytes   823 Kbits/sec  14.728 ms 13355/13425 (99%)
[  6] 34.0000-35.0000 sec  64.6 KBytes   529 Kbits/sec  33.984 ms 8301/8346 (99%)
[  1] 35.0000-36.0000 sec  73.2 KBytes   600 Kbits/sec  17.597 ms 9179/9230 (99%)
[  3] 35.0000-36.0000 sec  73.2 KBytes   600 Kbits/sec  25.831 ms 12794/12845 (1e+02%)
[  9] 35.0000-36.0000 sec  73.2 KBytes   600 Kbits/sec  60.357 ms 13613/13664 (1e+02%)
[  6] 35.0000-36.0000 sec  74.6 KBytes   612 Kbits/sec  27.817 ms 8316/8368 (99%)
[  4] 35.0000-36.0000 sec  93.3 KBytes   764 Kbits/sec  16.089 ms 11928/11993 (99%)
[  7] 35.0000-36.0000 sec  91.9 KBytes   753 Kbits/sec  18.059 ms 7241/7305 (99%)
[  5] 35.0000-36.0000 sec  86.1 KBytes   706 Kbits/sec  46.478 ms 17155/17215 (1e+02%)
[ 10] 35.0000-36.0000 sec  97.6 KBytes   800 Kbits/sec  25.964 ms 15487/15555 (1e+02%)
[  8] 35.0000-36.0000 sec  94.7 KBytes   776 Kbits/sec  16.181 ms 8797/8863 (99%)
[  2] 35.0000-36.0000 sec  96.2 KBytes   788 Kbits/sec  14.958 ms 7259/7326 (99%)
[  1] 36.0000-37.0000 sec  76.1 KBytes   623 Kbits/sec  20.902 ms 8433/8486 (99%)
[  3] 36.0000-37.0000 sec  84.7 KBytes   694 Kbits/sec  18.646 ms 8556/8615 (99%)
[  2] 36.0000-37.0000 sec  73.2 KBytes   600 Kbits/sec  17.121 ms 8412/8463 (99%)
[  9] 36.0000-37.0000 sec  84.7 KBytes   694 Kbits/sec  32.871 ms 8207/8266 (99%)
[  4] 36.0000-37.0000 sec  74.6 KBytes   612 Kbits/sec  19.477 ms 6678/6730 (99%)
[  6] 36.0000-37.0000 sec  84.7 KBytes   694 Kbits/sec  21.320 ms 8579/8638 (99%)
[  8] 36.0000-37.0000 sec  74.6 KBytes   612 Kbits/sec  28.013 ms 11374/11426 (1e+02%)
[  7] 36.0000-37.0000 sec  77.5 KBytes   635 Kbits/sec  27.558 ms 12798/12852 (1e+02%)
[  5] 36.0000-37.0000 sec  84.7 KBytes   694 Kbits/sec  29.423 ms 8359/8418 (99%)
[ 10] 36.0000-37.0000 sec  73.2 KBytes   600 Kbits/sec  19.411 ms 4547/4598 (99%)
[  1] 37.0000-38.0000 sec  84.7 KBytes   694 Kbits/sec  33.995 ms 16752/16811 (1e+02%)
[  3] 37.0000-38.0000 sec  73.2 KBytes   600 Kbits/sec  18.140 ms 8841/8892 (99%)
[  2] 37.0000-38.0000 sec  66.0 KBytes   541 Kbits/sec  26.607 ms 6846/6892 (99%)
[  6] 37.0000-38.0000 sec  73.2 KBytes   600 Kbits/sec  34.911 ms 12680/12731 (1e+02%)
[  5] 37.0000-38.0000 sec  74.6 KBytes   612 Kbits/sec  25.920 ms 8491/8543 (99%)
[  4] 37.0000-38.0000 sec  73.2 KBytes   600 Kbits/sec  23.490 ms 11807/11858 (1e+02%)
[  7] 37.0000-38.0000 sec  76.1 KBytes   623 Kbits/sec  21.717 ms 7333/7386 (99%)
[  8] 37.0000-38.0000 sec  73.2 KBytes   600 Kbits/sec  30.000 ms 7198/7249 (99%)
[ 10] 37.0000-38.0000 sec  74.6 KBytes   612 Kbits/sec  18.598 ms 7114/7166 (99%)
[  9] 37.0000-38.0000 sec  84.7 KBytes   694 Kbits/sec  23.747 ms 8639/8698 (99%)
[  2] 38.0000-39.0000 sec  94.7 KBytes   776 Kbits/sec  19.672 ms 14903/14969 (1e+02%)
[  5] 38.0000-39.0000 sec  73.2 KBytes   600 Kbits/sec  21.763 ms 7433/7484 (99%)
[  1] 38.0000-39.0000 sec  84.7 KBytes   694 Kbits/sec  21.144 ms 7068/7127 (99%)
[  4] 38.0000-39.0000 sec  84.7 KBytes   694 Kbits/sec  16.021 ms 6852/6911 (99%)
[  3] 38.0000-39.0000 sec  80.4 KBytes   659 Kbits/sec  18.185 ms 7420/7476 (99%)
[  8] 38.0000-39.0000 sec  86.1 KBytes   706 Kbits/sec  17.024 ms 7691/7751 (99%)
[  9] 38.0000-39.0000 sec  77.5 KBytes   635 Kbits/sec  15.430 ms 7234/7288 (99%)
[  7] 38.0000-39.0000 sec  83.3 KBytes   682 Kbits/sec  14.425 ms 7373/7431 (99%)
[ 10] 38.0000-39.0000 sec  84.7 KBytes   694 Kbits/sec  31.768 ms 15309/15368 (1e+02%)
[  6] 38.0000-39.0000 sec  84.7 KBytes   694 Kbits/sec  23.396 ms 7097/7156 (99%)
[  3] 39.0000-40.0000 sec  89.0 KBytes   729 Kbits/sec  37.365 ms 17100/17162 (1e+02%)
[  1] 39.0000-40.0000 sec  73.2 KBytes   600 Kbits/sec  15.309 ms 5113/5164 (99%)
[  4] 39.0000-40.0000 sec  74.6 KBytes   612 Kbits/sec  19.338 ms 8741/8793 (99%)
[  6] 39.0000-40.0000 sec  86.1 KBytes   706 Kbits/sec  35.222 ms 13755/13815 (1e+02%)
[  8] 39.0000-40.0000 sec  73.2 KBytes   600 Kbits/sec  19.772 ms 7534/7585 (99%)
[  5] 39.0000-40.0000 sec  94.7 KBytes   776 Kbits/sec  16.025 ms 8957/9023 (99%)
[  7] 39.0000-40.0000 sec  76.1 KBytes   623 Kbits/sec  17.365 ms 7728/7781 (99%)
[  2] 39.0000-40.0000 sec  73.2 KBytes   600 Kbits/sec  19.939 ms 5039/5090 (99%)
[ 10] 39.0000-40.0000 sec  73.2 KBytes   600 Kbits/sec  31.112 ms 6684/6735 (99%)
[  9] 39.0000-40.0000 sec  93.3 KBytes   764 Kbits/sec  14.387 ms 9199/9264 (99%)
[  1] 40.0000-41.0000 sec  96.2 KBytes   788 Kbits/sec  25.878 ms 18133/18200 (1e+02%)
[  2] 40.0000-41.0000 sec  73.2 KBytes   600 Kbits/sec  17.921 ms 6714/6765 (99%)
[  8] 40.0000-41.0000 sec  74.6 KBytes   612 Kbits/sec  35.187 ms 12032/12084 (1e+02%)
[  4] 40.0000-41.0000 sec  73.2 KBytes   600 Kbits/sec  28.090 ms 11064/11115 (1e+02%)
[  3] 40.0000-41.0000 sec  84.7 KBytes   694 Kbits/sec  24.822 ms 9510/9569 (99%)
[  9] 40.0000-41.0000 sec  66.0 KBytes   541 Kbits/sec  24.029 ms 8593/8639 (99%)
[  7] 40.0000-41.0000 sec  67.5 KBytes   553 Kbits/sec  20.217 ms 6649/6696 (99%)
[  6] 40.0000-41.0000 sec  84.7 KBytes   694 Kbits/sec  25.308 ms 8184/8243 (99%)
[ 10] 40.0000-41.0000 sec  74.6 KBytes   612 Kbits/sec  18.969 ms 4387/4439 (99%)
[  5] 40.0000-41.0000 sec  87.6 KBytes   717 Kbits/sec  21.272 ms 14204/14265 (1e+02%)
[  1] 41.0000-42.0000 sec  73.2 KBytes   600 Kbits/sec  21.332 ms 7080/7131 (99%)
[  3] 41.0000-42.0000 sec  76.1 KBytes   623 Kbits/sec  21.292 ms 7077/7130 (99%)
[  2] 41.0000-42.0000 sec  87.6 KBytes   717 Kbits/sec  20.037 ms 11770/11831 (99%)
[  6] 41.0000-42.0000 sec  74.6 KBytes   612 Kbits/sec  22.216 ms 8012/8064 (99%)
[  4] 41.0000-42.0000 sec  84.7 KBytes   694 Kbits/sec  21.512 ms 7035/7094 (99%)
[  8] 41.0000-42.0000 sec  84.7 KBytes   694 Kbits/sec  24.092 ms 6430/6489 (99%)
[  5] 41.0000-42.0000 sec  73.2 KBytes   600 Kbits/sec  20.484 ms 7091/7142 (99%)
[  7] 41.0000-42.0000 sec  90.4 KBytes   741 Kbits/sec  21.087 ms 11769/11832 (99%)
[ 10] 41.0000-42.0000 sec  86.1 KBytes   706 Kbits/sec  20.659 ms 10659/10719 (99%)
[  9] 41.0000-42.0000 sec  94.7 KBytes   776 Kbits/sec  21.849 ms 16115/16181 (1e+02%)
[  1] 42.0000-43.0000 sec  76.1 KBytes   623 Kbits/sec  20.839 ms 7278/7331 (99%)
[  3] 42.0000-43.0000 sec  73.2 KBytes   600 Kbits/sec  21.742 ms 8622/8673 (99%)
[  2] 42.0000-43.0000 sec  84.7 KBytes   694 Kbits/sec  16.628 ms 7105/7164 (99%)
[  6] 42.0000-43.0000 sec  73.2 KBytes   600 Kbits/sec  21.214 ms 7238/7289 (99%)
[  5] 42.0000-43.0000 sec  74.6 KBytes   612 Kbits/sec  29.357 ms 12040/12092 (1e+02%)
[  4] 42.0000-43.0000 sec  86.1 KBytes   706 Kbits/sec  16.050 ms 6965/7025 (99%)
[  8] 42.0000-43.0000 sec  84.7 KBytes   694 Kbits/sec  17.460 ms 6927/6986 (99%)
[ 10] 42.0000-43.0000 sec  84.7 KBytes   694 Kbits/sec  17.844 ms 8081/8140 (99%)
[  7] 42.0000-43.0000 sec  86.1 KBytes   706 Kbits/sec  14.566 ms 7112/7172 (99%)
[  9] 42.0000-43.0000 sec  73.2 KBytes   600 Kbits/sec  14.499 ms 4607/4658 (99%)
[  5] 43.0000-44.0000 sec  79.0 KBytes   647 Kbits/sec  22.590 ms 7070/7125 (99%)
[  1] 43.0000-44.0000 sec  84.7 KBytes   694 Kbits/sec  24.019 ms 12041/12100 (1e+02%)
[  2] 43.0000-44.0000 sec  84.7 KBytes   694 Kbits/sec  36.308 ms 13750/13809 (1e+02%)
[  3] 43.0000-44.0000 sec  84.7 KBytes   694 Kbits/sec  28.741 ms 12027/12086 (1e+02%)
[  9] 43.0000-44.0000 sec  74.6 KBytes   612 Kbits/sec  16.443 ms 7091/7143 (99%)
[  8] 43.0000-44.0000 sec  86.1 KBytes   706 Kbits/sec  19.747 ms 10830/10890 (99%)
[  6] 43.0000-44.0000 sec  84.7 KBytes   694 Kbits/sec  18.227 ms 8546/8605 (99%)
[  7] 43.0000-44.0000 sec  84.7 KBytes   694 Kbits/sec  30.073 ms 13800/13859 (1e+02%)
[ 10] 43.0000-44.0000 sec  84.7 KBytes   694 Kbits/sec  16.752 ms 6660/6719 (99%)
[  4] 43.0000-44.0000 sec  84.7 KBytes   694 Kbits/sec  14.974 ms 7460/7519 (99%)
[  2] 44.0000-45.0000 sec  73.2 KBytes   600 Kbits/sec  32.644 ms 6424/6475 (99%)
[  4] 44.0000-45.0000 sec  63.2 KBytes   517 Kbits/sec  14.659 ms 6229/6273 (99%)
[  3] 44.0000-45.0000 sec  76.1 KBytes   623 Kbits/sec  27.115 ms 7593/7646 (99%)
[  1] 44.0000-45.0000 sec  73.2 KBytes   600 Kbits/sec  21.202 ms 7545/7596 (99%)
[  8] 44.0000-45.0000 sec  71.8 KBytes   588 Kbits/sec  19.050 ms 6258/6308 (99%)
[  7] 44.0000-45.0000 sec  74.6 KBytes   612 Kbits/sec  26.075 ms 6369/6421 (99%)
[  9] 44.0000-45.0000 sec  74.6 KBytes   612 Kbits/sec  35.853 ms 13847/13899 (1e+02%)
[  6] 44.0000-45.0000 sec  76.1 KBytes   623 Kbits/sec  18.320 ms 7861/7914 (99%)
[ 10] 44.0000-45.0000 sec  73.2 KBytes   600 Kbits/sec  15.485 ms 7169/7220 (99%)
[  5] 44.0000-45.0000 sec  79.0 KBytes   647 Kbits/sec  18.247 ms 8741/8796 (99%)
[  2] 45.0000-46.0000 sec  86.1 KBytes   706 Kbits/sec  21.934 ms 8366/8426 (99%)
[  4] 45.0000-46.0000 sec  96.2 KBytes   788 Kbits/sec  21.127 ms 14878/14945 (1e+02%)
[  1] 45.0000-46.0000 sec  84.7 KBytes   694 Kbits/sec  31.741 ms 12725/12784 (1e+02%)
[  8] 45.0000-46.0000 sec  86.1 KBytes   706 Kbits/sec  16.378 ms 7899/7959 (99%)
[  3] 45.0000-46.0000 sec  84.7 KBytes   694 Kbits/sec  19.842 ms 8587/8646 (99%)
[  7] 45.0000-46.0000 sec  84.7 KBytes   694 Kbits/sec  20.445 ms 8380/8439 (99%)
[  9] 45.0000-46.0000 sec  84.7 KBytes   694 Kbits/sec  17.986 ms 7702/7761 (99%)
[ 10] 45.0000-46.0000 sec  83.3 KBytes   682 Kbits/sec  35.509 ms 15047/15105 (1e+02%)
[  6] 45.0000-46.0000 sec  74.6 KBytes   612 Kbits/sec  23.863 ms 8193/8245 (99%)
[  5] 45.0000-46.0000 sec  84.7 KBytes   694 Kbits/sec  17.600 ms 8882/8941 (99%)
[  2] 46.0000-47.0000 sec  74.6 KBytes   612 Kbits/sec  24.146 ms 7519/7571 (99%)
[  5] 46.0000-47.0000 sec  74.6 KBytes   612 Kbits/sec  16.094 ms 7603/7655 (99%)
[  1] 46.0000-47.0000 sec  84.7 KBytes   694 Kbits/sec  19.374 ms 7206/7265 (99%)
[  7] 46.0000-47.0000 sec  73.2 KBytes   600 Kbits/sec  20.799 ms 7404/7455 (99%)
[  3] 46.0000-47.0000 sec  84.7 KBytes   694 Kbits/sec  17.221 ms 7523/7582 (99%)
[  9] 46.0000-47.0000 sec  84.7 KBytes   694 Kbits/sec  16.699 ms 8550/8609 (99%)
[  6] 46.0000-47.0000 sec  94.7 KBytes   776 Kbits/sec  14.580 ms 12614/12680 (99%)
[  8] 46.0000-47.0000 sec  76.1 KBytes   623 Kbits/sec  17.383 ms 7024/7077 (99%)
[  4] 46.0000-47.0000 sec  86.1 KBytes   706 Kbits/sec  19.045 ms 8691/8751 (99%)
[ 10] 46.0000-47.0000 sec  84.7 KBytes   694 Kbits/sec  27.977 ms 7738/7797 (99%)
[  5] 47.0000-48.0000 sec  94.7 KBytes   776 Kbits/sec  23.447 ms 15733/15799 (1e+02%)
[  6] 47.0000-48.0000 sec  76.1 KBytes   623 Kbits/sec  19.802 ms 7112/7165 (99%)
[  2] 47.0000-48.0000 sec  84.7 KBytes   694 Kbits/sec  17.993 ms 8750/8809 (99%)
[  1] 47.0000-48.0000 sec  97.6 KBytes   800 Kbits/sec  13.698 ms 8415/8483 (99%)
[  4] 47.0000-48.0000 sec  73.2 KBytes   600 Kbits/sec  16.456 ms 7610/7661 (99%)
[  3] 47.0000-48.0000 sec  94.7 KBytes   776 Kbits/sec  16.221 ms 12206/12272 (99%)
[  9] 47.0000-48.0000 sec  96.2 KBytes   788 Kbits/sec  25.184 ms 15835/15902 (1e+02%)
[  8] 47.0000-48.0000 sec  74.6 KBytes   612 Kbits/sec  22.797 ms 9393/9445 (99%)
[  7] 47.0000-48.0000 sec  84.7 KBytes   694 Kbits/sec  17.087 ms 8777/8836 (99%)
[ 10] 47.0000-48.0000 sec  74.6 KBytes   612 Kbits/sec  23.160 ms 8448/8500 (99%)
[  8] 48.0000-48.9524 sec  64.6 KBytes   556 Kbits/sec  45.675 ms 12611/12656 (1e+02%)
[  8] 0.0000-48.9524 sec  3.85 MBytes   660 Kbits/sec  45.675 ms 532273/535020 (99%)
[  5] 48.0000-49.0000 sec  87.6 KBytes   717 Kbits/sec  25.592 ms 6772/6833 (99%)
[  2] 48.0000-49.0000 sec  80.4 KBytes   659 Kbits/sec  18.062 ms 7183/7239 (99%)
[  1] 48.0000-49.0000 sec  74.6 KBytes   612 Kbits/sec  20.302 ms 7027/7079 (99%)
[  2] 0.0000-49.1027 sec  3.89 MBytes   664 Kbits/sec  33.188 ms 532268/535040 (99%)
[  4] 48.0000-49.0000 sec  84.7 KBytes   694 Kbits/sec  14.606 ms 8674/8733 (99%)
[  3] 48.0000-49.0000 sec  81.8 KBytes   670 Kbits/sec  17.751 ms 8300/8357 (99%)
[  6] 48.0000-49.0000 sec   103 KBytes   847 Kbits/sec  15.921 ms 13255/13327 (99%)
[ 11] local 12.1.1.1 port 5001 connected with 12.1.1.34 port 46513
[  7] 48.0000-49.0000 sec  76.1 KBytes   623 Kbits/sec  15.044 ms 7205/7258 (99%)
[ 11] 0.0000-0.0000 sec  2.87 KBytes  -nan bits/sec   0.009 ms 535041/535043 (1e+02%)
[  7] 0.0000-49.0883 sec  3.88 MBytes   663 Kbits/sec  27.488 ms 532271/535037 (99%)
[ 10] 48.0000-49.0000 sec  84.7 KBytes   694 Kbits/sec  18.103 ms 7410/7469 (99%)
[ 12] local 12.1.1.1 port 5001 connected with 12.1.1.35 port 45159
[ 12] 0.0000-0.0000 sec  2.87 KBytes  -nan bits/sec   0.002 ms 535049/535051 (1e+02%)
[ 13] local 12.1.1.1 port 5001 connected with 12.1.1.36 port 50990
[  9] 48.0000-49.0000 sec  94.7 KBytes   776 Kbits/sec  16.461 ms 6885/6951 (99%)
[ 13] 0.0000-0.0000 sec  2.87 KBytes  -nan bits/sec   0.002 ms 535051/535053 (1e+02%)
[  4] 49.0000-49.3141 sec  12.9 KBytes   337 Kbits/sec  21.492 ms 920/929 (99%)
[  4] 0.0000-49.3141 sec  3.90 MBytes   663 Kbits/sec  21.492 ms 532267/535047 (99%)
[ 14] local 12.1.1.1 port 5001 connected with 12.1.1.32 port 39947
[ 15] local 12.1.1.1 port 5001 connected with 12.1.1.34 port 46513
[ 14] 0.0000-0.0002 sec  2.87 KBytes   109 Mbits/sec   0.013 ms 535058/535060 (1e+02%)
[ 15] 0.0000-0.0002 sec  2.87 KBytes   113 Mbits/sec   0.013 ms 535055/535057 (1e+02%)
[ 10] 49.0000-49.3241 sec  15.8 KBytes   399 Kbits/sec  24.665 ms 372/383 (97%)
[ 10] 0.0000-49.3241 sec  3.90 MBytes   663 Kbits/sec  24.665 ms 532287/535067 (99%)
[ 16] local 12.1.1.1 port 5001 connected with 12.1.1.35 port 45159
[ 16] 0.0000-0.0002 sec  2.87 KBytes   137 Mbits/sec   0.011 ms 535063/535065 (1e+02%)
[ 17] local 12.1.1.1 port 5001 connected with 12.1.1.36 port 50990
[ 17] 0.0000-0.0000 sec  2.87 KBytes  -nan bits/sec   0.003 ms 535066/535068 (1e+02%)
[ 18] local 12.1.1.1 port 5001 connected with 12.1.1.33 port 58522
[ 18] 0.0000-0.0000 sec  2.87 KBytes  -nan bits/sec   0.003 ms 535078/535080 (1e+02%)
[ 19] local 12.1.1.1 port 5001 connected with 12.1.1.32 port 39947
[ 19] 0.0000-0.0000 sec  2.87 KBytes  -nan bits/sec   0.003 ms 535069/535071 (1e+02%)
[ 20] local 12.1.1.1 port 5001 connected with 12.1.1.33 port 58522
[ 21] local 12.1.1.1 port 5001 connected with 12.1.1.35 port 45159
[ 21] 0.0000-0.0000 sec  2.87 KBytes  -nan bits/sec   0.004 ms 535078/535080 (1e+02%)
[ 22] local 12.1.1.1 port 5001 connected with 12.1.1.34 port 46513
[ 22] 0.0000-0.0000 sec  2.87 KBytes  -nan bits/sec   0.006 ms 535082/535084 (1e+02%)
[ 23] local 12.1.1.1 port 5001 connected with 12.1.1.36 port 50990
[ 23] 0.0000-0.0000 sec  2.87 KBytes  -nan bits/sec   0.007 ms 535080/535082 (1e+02%)
[ 20] 0.0000-0.1241 sec  2.87 KBytes   189 Kbits/sec   7.757 ms 535092/535094 (1e+02%)
[ 24] local 12.1.1.1 port 5001 connected with 12.1.1.32 port 39947
[ 25] local 12.1.1.1 port 5001 connected with 12.1.1.34 port 46513
[ 24] 0.0000-0.0038 sec  2.87 KBytes  6.27 Mbits/sec   0.234 ms 535082/535084 (1e+02%)
[ 25] 0.0000-0.0000 sec  2.87 KBytes  -nan bits/sec   0.002 ms 535097/535099 (1e+02%)
[ 26] local 12.1.1.1 port 5001 connected with 12.1.1.36 port 50990
[ 26] 0.0000-0.0000 sec  2.87 KBytes  -nan bits/sec   0.007 ms 535093/535095 (1e+02%)
[ 27] local 12.1.1.1 port 5001 connected with 12.1.1.35 port 45159
[ 27] 0.0000-0.0000 sec  2.87 KBytes  -nan bits/sec   0.013 ms 535102/535104 (1e+02%)
[  1] 49.0000-50.0000 sec  74.6 KBytes   612 Kbits/sec  21.579 ms 8624/8676 (99%)
[ 28] local 12.1.1.1 port 5001 connected with 12.1.1.33 port 58522
[  3] 49.0000-50.0000 sec  79.0 KBytes   647 Kbits/sec  20.614 ms 11706/11761 (1e+02%)
[ 28] 0.0000-0.0000 sec  2.87 KBytes  -nan bits/sec   0.003 ms 535107/535109 (1e+02%)
[ 29] local 12.1.1.1 port 5001 connected with 12.1.1.32 port 39947
[ 29] 0.0000-0.0063 sec  2.87 KBytes  3.75 Mbits/sec   0.392 ms 535123/535125 (1e+02%)
[  6] 49.0000-50.0000 sec  76.1 KBytes   623 Kbits/sec  15.522 ms 7439/7492 (99%)
[ 30] local 12.1.1.1 port 5001 connected with 12.1.1.34 port 46513
[ 30] 0.0000-0.0000 sec  2.87 KBytes  0.000 bits/sec   0.001 ms 535112/535114 (1e+02%)
[  5] 49.0000-50.0000 sec  83.3 KBytes   682 Kbits/sec  34.816 ms 11725/11783 (1e+02%)
[ 31] local 12.1.1.1 port 5001 connected with 12.1.1.36 port 50990
[ 31] 0.0000-0.0000 sec  2.87 KBytes  -nan bits/sec   0.007 ms 535105/535107 (1e+02%)
[  9] 49.0000-50.0000 sec  76.1 KBytes   623 Kbits/sec  16.991 ms 7088/7141 (99%)
[ 32] local 12.1.1.1 port 5001 connected with 12.1.1.35 port 45159
[ 32] 0.0000-0.0000 sec  2.87 KBytes  -nan bits/sec   0.006 ms 535118/535120 (1e+02%)
[ 33] local 12.1.1.1 port 5001 connected with 12.1.1.33 port 58522
[ 33] 0.0000-0.0000 sec  2.87 KBytes  -nan bits/sec   0.002 ms 535122/535124 (1e+02%)
[ 34] local 12.1.1.1 port 5001 connected with 12.1.1.32 port 39947
[ 35] local 12.1.1.1 port 5001 connected with 12.1.1.34 port 46513
[ 34] 0.0000-0.0057 sec  2.87 KBytes  4.11 Mbits/sec   0.358 ms 535138/535140 (1e+02%)
[ 36] local 12.1.1.1 port 5001 connected with 12.1.1.36 port 50990
[ 37] local 12.1.1.1 port 5001 connected with 12.1.1.33 port 58522
[ 36] 0.0000-0.0076 sec  2.87 KBytes  3.11 Mbits/sec   0.472 ms 535152/535154 (1e+02%)
[ 37] 0.0000-0.0000 sec  2.87 KBytes  -nan bits/sec   0.002 ms 535133/535135 (1e+02%)
[ 38] local 12.1.1.1 port 5001 connected with 12.1.1.35 port 45159
[ 38] 0.0000-0.0000 sec  2.87 KBytes  -nan bits/sec   0.002 ms 535132/535134 (1e+02%)
[ 35] 0.0000-0.1261 sec  2.87 KBytes   187 Kbits/sec   7.879 ms 535168/535170 (1e+02%)
[ 39] local 12.1.1.1 port 5001 connected with 12.1.1.36 port 50990
[ 40] local 12.1.1.1 port 5001 connected with 12.1.1.32 port 39947
[ 41] local 12.1.1.1 port 5001 connected with 12.1.1.34 port 46513
[ 40] 0.0000-0.0046 sec  2.87 KBytes  5.08 Mbits/sec   0.289 ms 535153/535155 (1e+02%)
[ 41] 0.0000-0.0000 sec  2.87 KBytes  -nan bits/sec   0.002 ms 535183/535185 (1e+02%)
[ 39] 0.0000-0.1636 sec  2.87 KBytes   144 Kbits/sec  10.224 ms 535165/535167 (1e+02%)
[ 42] local 12.1.1.1 port 5001 connected with 12.1.1.33 port 35891
[ 43] local 12.1.1.1 port 5001 connected with 12.1.1.35 port 33027
