------------------------------------------------------------
Server listening on UDP port 5001
UDP buffer size:  208 KByte (default)
------------------------------------------------------------
[  1] local 12.1.1.1 port 5001 connected with 12.1.1.35 port 49311
[  2] local 12.1.1.1 port 5001 connected with 12.1.1.33 port 54079
[  3] local 12.1.1.1 port 5001 connected with 12.1.1.39 port 41456
[  4] local 12.1.1.1 port 5001 connected with 12.1.1.32 port 57923
[  5] local 12.1.1.1 port 5001 connected with 12.1.1.41 port 48830
[  6] local 12.1.1.1 port 5001 connected with 12.1.1.34 port 40436
[  7] local 12.1.1.1 port 5001 connected with 12.1.1.40 port 43393
[  8] local 12.1.1.1 port 5001 connected with 12.1.1.36 port 41570
[  9] local 12.1.1.1 port 5001 connected with 12.1.1.38 port 38672
[ 10] local 12.1.1.1 port 5001 connected with 12.1.1.37 port 57597
[ ID] Interval       Transfer     Bandwidth        Jitter   Lost/Total Datagrams
[  2] 0.0000-1.0000 sec  73.2 KBytes   600 Kbits/sec  14.119 ms 14637/14688 (1e+02%)
[  3] 0.0000-1.0000 sec  84.7 KBytes   694 Kbits/sec  13.776 ms 13442/13501 (1e+02%)
[  5] 0.0000-1.0000 sec  86.1 KBytes   706 Kbits/sec  13.472 ms 13444/13504 (1e+02%)
[  6] 0.0000-1.0000 sec  73.2 KBytes   600 Kbits/sec  13.567 ms 14636/14687 (1e+02%)
[  7] 0.0000-1.0000 sec  84.7 KBytes   694 Kbits/sec  13.858 ms 13514/13573 (1e+02%)
[  1] 0.0000-1.0000 sec  84.7 KBytes   694 Kbits/sec  14.093 ms 14634/14693 (1e+02%)
[  9] 0.0000-1.0000 sec  84.7 KBytes   694 Kbits/sec  14.198 ms 13488/13547 (1e+02%)
[  4] 0.0000-1.0000 sec  84.7 KBytes   694 Kbits/sec  13.557 ms 14634/14693 (1e+02%)
[ 10] 0.0000-1.0000 sec  84.7 KBytes   694 Kbits/sec  13.370 ms 13494/13553 (1e+02%)
[  8] 0.0000-1.0000 sec  84.7 KBytes   694 Kbits/sec  14.673 ms 14621/14680 (1e+02%)
[  4] 1.0000-2.0000 sec  66.0 KBytes   541 Kbits/sec  21.868 ms 0/46 (0%)
[  1] 1.0000-2.0000 sec  76.1 KBytes   623 Kbits/sec  15.227 ms 0/53 (0%)
[  8] 1.0000-2.0000 sec  64.6 KBytes   529 Kbits/sec  15.637 ms 0/45 (0%)
[  3] 1.0000-2.0000 sec  84.7 KBytes   694 Kbits/sec  14.583 ms 0/59 (0%)
[  2] 1.0000-2.0000 sec  84.7 KBytes   694 Kbits/sec  15.547 ms 0/59 (0%)
[  5] 1.0000-2.0000 sec  84.7 KBytes   694 Kbits/sec  14.583 ms 0/59 (0%)
[  7] 1.0000-2.0000 sec  86.1 KBytes   706 Kbits/sec  13.843 ms 0/60 (0%)
[  6] 1.0000-2.0000 sec  84.7 KBytes   694 Kbits/sec  15.268 ms 0/59 (0%)
[  9] 1.0000-2.0000 sec  86.1 KBytes   706 Kbits/sec  14.167 ms 0/60 (0%)
[ 10] 1.0000-2.0000 sec  84.7 KBytes   694 Kbits/sec  14.553 ms 0/59 (0%)
[  2] 2.0000-3.0000 sec  74.6 KBytes   612 Kbits/sec  13.936 ms 0/52 (0%)
[  1] 2.0000-3.0000 sec  74.6 KBytes   612 Kbits/sec  14.209 ms 0/52 (0%)
[  9] 2.0000-3.0000 sec  76.1 KBytes   623 Kbits/sec  15.366 ms 0/53 (0%)
[  5] 2.0000-3.0000 sec  83.3 KBytes   682 Kbits/sec  12.279 ms 0/58 (0%)
[  3] 2.0000-3.0000 sec  87.6 KBytes   717 Kbits/sec  12.038 ms 0/61 (0%)
[  4] 2.0000-3.0000 sec  81.8 KBytes   670 Kbits/sec  15.271 ms 0/57 (0%)
[  8] 2.0000-3.0000 sec  84.7 KBytes   694 Kbits/sec  15.089 ms 0/59 (0%)
[  7] 2.0000-3.0000 sec  84.7 KBytes   694 Kbits/sec  12.805 ms 0/59 (0%)
[ 10] 2.0000-3.0000 sec  84.7 KBytes   694 Kbits/sec  12.722 ms 0/59 (0%)
[  6] 2.0000-3.0000 sec  77.5 KBytes   635 Kbits/sec  14.008 ms 0/54 (0%)
[  1] 3.0000-4.0000 sec  73.2 KBytes   600 Kbits/sec  15.617 ms 0/51 (0%)
[  2] 3.0000-4.0000 sec  74.6 KBytes   612 Kbits/sec  15.015 ms 0/52 (0%)
[  3] 3.0000-4.0000 sec  73.2 KBytes   600 Kbits/sec  16.502 ms 0/51 (0%)
[  4] 3.0000-4.0000 sec  76.1 KBytes   623 Kbits/sec  17.246 ms 0/53 (0%)
[  5] 3.0000-4.0000 sec  73.2 KBytes   600 Kbits/sec  16.519 ms 0/51 (0%)
[  7] 3.0000-4.0000 sec  74.6 KBytes   612 Kbits/sec  16.451 ms 0/52 (0%)
[  6] 3.0000-4.0000 sec  73.2 KBytes   600 Kbits/sec  14.771 ms 0/51 (0%)
[  8] 3.0000-4.0000 sec  74.6 KBytes   612 Kbits/sec  13.789 ms 0/52 (0%)
[  9] 3.0000-4.0000 sec  81.8 KBytes   670 Kbits/sec  16.759 ms 0/57 (0%)
[ 10] 3.0000-4.0000 sec  74.6 KBytes   612 Kbits/sec  17.343 ms 0/52 (0%)
[  1] 4.0000-5.0000 sec  73.2 KBytes   600 Kbits/sec  14.346 ms 0/51 (0%)
[  2] 4.0000-5.0000 sec  76.1 KBytes   623 Kbits/sec  15.283 ms 0/53 (0%)
[  6] 4.0000-5.0000 sec  74.6 KBytes   612 Kbits/sec  15.577 ms 0/52 (0%)
[  4] 4.0000-5.0000 sec  70.3 KBytes   576 Kbits/sec  16.745 ms 0/49 (0%)
[  3] 4.0000-5.0000 sec  73.2 KBytes   600 Kbits/sec  16.918 ms 0/51 (0%)
[  8] 4.0000-5.0000 sec  74.6 KBytes   612 Kbits/sec  15.395 ms 0/52 (0%)
[  5] 4.0000-5.0000 sec  74.6 KBytes   612 Kbits/sec  16.620 ms 0/52 (0%)
[  7] 4.0000-5.0000 sec  73.2 KBytes   600 Kbits/sec  16.381 ms 0/51 (0%)
[  9] 4.0000-5.0000 sec  76.1 KBytes   623 Kbits/sec  16.887 ms 0/53 (0%)
[ 10] 4.0000-5.0000 sec  71.8 KBytes   588 Kbits/sec  16.974 ms 0/50 (0%)
[  6] 5.0000-6.0000 sec  76.1 KBytes   623 Kbits/sec  21.435 ms 0/53 (0%)
[  7] 5.0000-6.0000 sec  68.9 KBytes   564 Kbits/sec  21.214 ms 0/48 (0%)
[  2] 5.0000-6.0000 sec  84.7 KBytes   694 Kbits/sec  15.030 ms 0/59 (0%)
[  1] 5.0000-6.0000 sec  84.7 KBytes   694 Kbits/sec  15.006 ms 0/59 (0%)
[ 10] 5.0000-6.0000 sec  64.6 KBytes   529 Kbits/sec  15.326 ms 0/45 (0%)
[  3] 5.0000-6.0000 sec  76.1 KBytes   623 Kbits/sec  15.731 ms 0/53 (0%)
[  4] 5.0000-6.0000 sec  84.7 KBytes   694 Kbits/sec  15.522 ms 0/59 (0%)
[  5] 5.0000-6.0000 sec  73.2 KBytes   600 Kbits/sec  15.456 ms 0/51 (0%)
[  8] 5.0000-6.0000 sec  84.7 KBytes   694 Kbits/sec  14.239 ms 0/59 (0%)
[  9] 5.0000-6.0000 sec  73.2 KBytes   600 Kbits/sec  15.324 ms 0/51 (0%)
[  5] 6.0000-7.0000 sec  74.6 KBytes   612 Kbits/sec  14.012 ms 0/52 (0%)
[  3] 6.0000-7.0000 sec  73.2 KBytes   600 Kbits/sec  13.563 ms 0/51 (0%)
[  1] 6.0000-7.0000 sec  76.1 KBytes   623 Kbits/sec  15.749 ms 0/53 (0%)
[  2] 6.0000-7.0000 sec  73.2 KBytes   600 Kbits/sec  15.133 ms 0/51 (0%)
[  7] 6.0000-7.0000 sec  79.0 KBytes   647 Kbits/sec  14.191 ms 0/55 (0%)
[  4] 6.0000-7.0000 sec  76.1 KBytes   623 Kbits/sec  15.844 ms 0/53 (0%)
[  9] 6.0000-7.0000 sec  76.1 KBytes   623 Kbits/sec  13.323 ms 0/53 (0%)
[  6] 6.0000-7.0000 sec  81.8 KBytes   670 Kbits/sec  15.465 ms 0/57 (0%)
[ 10] 6.0000-7.0000 sec  84.7 KBytes   694 Kbits/sec  13.850 ms 0/59 (0%)
[  8] 6.0000-7.0000 sec  76.1 KBytes   623 Kbits/sec  14.617 ms 0/53 (0%)
[  3] 7.0000-8.0000 sec  74.6 KBytes   612 Kbits/sec  17.730 ms 0/52 (0%)
[  1] 7.0000-8.0000 sec  86.1 KBytes   706 Kbits/sec  13.633 ms 0/60 (0%)
[  5] 7.0000-8.0000 sec  73.2 KBytes   600 Kbits/sec  17.298 ms 0/51 (0%)
[  7] 7.0000-8.0000 sec  77.5 KBytes   635 Kbits/sec  16.287 ms 0/54 (0%)
[  2] 7.0000-8.0000 sec  84.7 KBytes   694 Kbits/sec  13.915 ms 0/59 (0%)
[  4] 7.0000-8.0000 sec  84.7 KBytes   694 Kbits/sec  14.785 ms 0/59 (0%)
[  6] 7.0000-8.0000 sec  86.1 KBytes   706 Kbits/sec  13.517 ms 0/60 (0%)
[ 10] 7.0000-8.0000 sec  74.6 KBytes   612 Kbits/sec  17.061 ms 0/52 (0%)
[  9] 7.0000-8.0000 sec  73.2 KBytes   600 Kbits/sec  16.117 ms 0/51 (0%)
[  8] 7.0000-8.0000 sec  84.7 KBytes   694 Kbits/sec  13.761 ms 0/59 (0%)
[  1] 8.0000-9.0000 sec  73.2 KBytes   600 Kbits/sec  13.302 ms 0/51 (0%)
[  3] 8.0000-9.0000 sec  76.1 KBytes   623 Kbits/sec  21.039 ms 0/53 (0%)
[  2] 8.0000-9.0000 sec  76.1 KBytes   623 Kbits/sec  13.535 ms 0/53 (0%)
[  4] 8.0000-9.0000 sec  73.2 KBytes   600 Kbits/sec  14.632 ms 0/51 (0%)
[  6] 8.0000-9.0000 sec  74.6 KBytes   612 Kbits/sec  14.391 ms 0/52 (0%)
[  8] 8.0000-9.0000 sec  73.2 KBytes   600 Kbits/sec  14.331 ms 0/51 (0%)
[  7] 8.0000-9.0000 sec  84.7 KBytes   694 Kbits/sec  14.371 ms 0/59 (0%)
[  5] 8.0000-9.0000 sec  84.7 KBytes   694 Kbits/sec  14.641 ms 0/59 (0%)
[  9] 8.0000-9.0000 sec  84.7 KBytes   694 Kbits/sec  13.885 ms 0/59 (0%)
[ 10] 8.0000-9.0000 sec  84.7 KBytes   694 Kbits/sec  14.586 ms 0/59 (0%)
[  2] 9.0000-10.0000 sec  73.2 KBytes   600 Kbits/sec  14.302 ms 0/51 (0%)
[  6] 9.0000-10.0000 sec  73.2 KBytes   600 Kbits/sec  14.174 ms 0/51 (0%)
[  3] 9.0000-10.0000 sec  81.8 KBytes   670 Kbits/sec  14.795 ms 0/57 (0%)
[  7] 9.0000-10.0000 sec  71.8 KBytes   588 Kbits/sec  14.937 ms 0/50 (0%)
[  1] 9.0000-10.0000 sec  84.7 KBytes   694 Kbits/sec  14.411 ms 0/59 (0%)
[  5] 9.0000-10.0000 sec  77.5 KBytes   635 Kbits/sec  13.263 ms 0/54 (0%)
[  4] 9.0000-10.0000 sec  84.7 KBytes   694 Kbits/sec  14.384 ms 0/59 (0%)
[  9] 9.0000-10.0000 sec  74.6 KBytes   612 Kbits/sec  14.935 ms 0/52 (0%)
[ 10] 9.0000-10.0000 sec  73.2 KBytes   600 Kbits/sec  15.459 ms 0/51 (0%)
[  8] 9.0000-10.0000 sec  84.7 KBytes   694 Kbits/sec  13.815 ms 0/59 (0%)
[  2] 10.0000-11.0000 sec  86.1 KBytes   706 Kbits/sec  21.278 ms 0/60 (0%)
[  3] 10.0000-11.0000 sec  76.1 KBytes   623 Kbits/sec  15.435 ms 0/53 (0%)
[  6] 10.0000-11.0000 sec  84.7 KBytes   694 Kbits/sec  13.451 ms 0/59 (0%)
[  5] 10.0000-11.0000 sec  71.8 KBytes   588 Kbits/sec  15.851 ms 0/50 (0%)
[  7] 10.0000-11.0000 sec  74.6 KBytes   612 Kbits/sec  15.928 ms 0/52 (0%)
[  1] 10.0000-11.0000 sec  84.7 KBytes   694 Kbits/sec  13.416 ms 0/59 (0%)
[  9] 10.0000-11.0000 sec  73.2 KBytes   600 Kbits/sec  15.121 ms 0/51 (0%)
[  4] 10.0000-11.0000 sec  84.7 KBytes   694 Kbits/sec  14.053 ms 0/59 (0%)
[ 10] 10.0000-11.0000 sec  77.5 KBytes   635 Kbits/sec  14.712 ms 0/54 (0%)
[  8] 10.0000-11.0000 sec  84.7 KBytes   694 Kbits/sec  13.432 ms 0/59 (0%)
[  1] 11.0000-12.0000 sec  74.6 KBytes   612 Kbits/sec  14.038 ms 0/52 (0%)
[  4] 11.0000-12.0000 sec  77.5 KBytes   635 Kbits/sec  13.071 ms 0/54 (0%)
[  2] 11.0000-12.0000 sec  83.3 KBytes   682 Kbits/sec  13.662 ms 0/58 (0%)
[  6] 11.0000-12.0000 sec  84.7 KBytes   694 Kbits/sec  13.255 ms 0/59 (0%)
[  8] 11.0000-12.0000 sec  74.6 KBytes   612 Kbits/sec  13.903 ms 0/52 (0%)
[  3] 11.0000-12.0000 sec  84.7 KBytes   694 Kbits/sec  15.199 ms 0/59 (0%)
[  5] 11.0000-12.0000 sec  84.7 KBytes   694 Kbits/sec  15.495 ms 0/59 (0%)
[  7] 11.0000-12.0000 sec  84.7 KBytes   694 Kbits/sec  14.927 ms 0/59 (0%)
[ 10] 11.0000-12.0000 sec  84.7 KBytes   694 Kbits/sec  14.628 ms 0/59 (0%)
[  9] 11.0000-12.0000 sec  84.7 KBytes   694 Kbits/sec  14.615 ms 0/59 (0%)
[  1] 12.0000-13.0000 sec  86.1 KBytes   706 Kbits/sec  12.830 ms 0/60 (0%)
[  4] 12.0000-13.0000 sec  84.7 KBytes   694 Kbits/sec  13.646 ms 0/59 (0%)
[  2] 12.0000-13.0000 sec  84.7 KBytes   694 Kbits/sec  13.310 ms 0/59 (0%)
[  3] 12.0000-13.0000 sec  73.2 KBytes   600 Kbits/sec  14.939 ms 0/51 (0%)
[  5] 12.0000-13.0000 sec  76.1 KBytes   623 Kbits/sec  15.096 ms 0/53 (0%)
[  6] 12.0000-13.0000 sec  84.7 KBytes   694 Kbits/sec  13.788 ms 0/59 (0%)
[  8] 12.0000-13.0000 sec  86.1 KBytes   706 Kbits/sec  13.385 ms 0/60 (0%)
[  7] 12.0000-13.0000 sec  73.2 KBytes   600 Kbits/sec  14.724 ms 0/51 (0%)
[  9] 12.0000-13.0000 sec  76.1 KBytes   623 Kbits/sec  14.482 ms 0/53 (0%)
[ 10] 12.0000-13.0000 sec  73.2 KBytes   600 Kbits/sec  14.387 ms 0/51 (0%)
[  2] 13.0000-14.0000 sec  76.1 KBytes   623 Kbits/sec  16.217 ms 0/53 (0%)
[  1] 13.0000-14.0000 sec  73.2 KBytes   600 Kbits/sec  15.027 ms 0/51 (0%)
[  3] 13.0000-14.0000 sec  84.7 KBytes   694 Kbits/sec  13.673 ms 0/59 (0%)
[  4] 13.0000-14.0000 sec  73.2 KBytes   600 Kbits/sec  16.091 ms 0/51 (0%)
[  5] 13.0000-14.0000 sec  86.1 KBytes   706 Kbits/sec  13.073 ms 0/60 (0%)
[  6] 13.0000-14.0000 sec  76.1 KBytes   623 Kbits/sec  17.357 ms 0/53 (0%)
[  7] 13.0000-14.0000 sec  84.7 KBytes   694 Kbits/sec  13.144 ms 0/59 (0%)
[  9] 13.0000-14.0000 sec  84.7 KBytes   694 Kbits/sec  15.028 ms 0/59 (0%)
[  8] 13.0000-14.0000 sec  73.2 KBytes   600 Kbits/sec  17.287 ms 0/51 (0%)
[ 10] 13.0000-14.0000 sec  84.7 KBytes   694 Kbits/sec  14.297 ms 0/59 (0%)
[  2] 14.0000-15.0000 sec  74.6 KBytes   612 Kbits/sec  22.268 ms 0/52 (0%)
[  6] 14.0000-15.0000 sec  73.2 KBytes   600 Kbits/sec  13.771 ms 0/51 (0%)
[  3] 14.0000-15.0000 sec  76.1 KBytes   623 Kbits/sec  15.006 ms 0/53 (0%)
[  1] 14.0000-15.0000 sec  84.7 KBytes   694 Kbits/sec  13.776 ms 0/59 (0%)
[  5] 14.0000-15.0000 sec  73.2 KBytes   600 Kbits/sec  14.797 ms 0/51 (0%)
[  7] 14.0000-15.0000 sec  74.6 KBytes   612 Kbits/sec  15.733 ms 0/52 (0%)
[  4] 14.0000-15.0000 sec  84.7 KBytes   694 Kbits/sec  13.781 ms 0/59 (0%)
[  9] 14.0000-15.0000 sec  73.2 KBytes   600 Kbits/sec  16.045 ms 0/51 (0%)
[ 10] 14.0000-15.0000 sec  74.6 KBytes   612 Kbits/sec  15.848 ms 0/52 (0%)
[  8] 14.0000-15.0000 sec  84.7 KBytes   694 Kbits/sec  14.574 ms 0/59 (0%)
[  1] 15.0000-16.0000 sec  74.6 KBytes   612 Kbits/sec  14.908 ms 0/52 (0%)
[  2] 15.0000-16.0000 sec  83.3 KBytes   682 Kbits/sec  15.107 ms 0/58 (0%)
[  4] 15.0000-16.0000 sec  74.6 KBytes   612 Kbits/sec  14.736 ms 0/52 (0%)
[  6] 15.0000-16.0000 sec  84.7 KBytes   694 Kbits/sec  14.421 ms 0/59 (0%)
[  5] 15.0000-16.0000 sec  74.6 KBytes   612 Kbits/sec  16.407 ms 0/52 (0%)
[  3] 15.0000-16.0000 sec  73.2 KBytes   600 Kbits/sec  16.613 ms 0/51 (0%)
[  8] 15.0000-16.0000 sec  76.1 KBytes   623 Kbits/sec  14.344 ms 0/53 (0%)
[  7] 15.0000-16.0000 sec  73.2 KBytes   600 Kbits/sec  16.615 ms 0/51 (0%)
[  9] 15.0000-16.0000 sec  76.1 KBytes   623 Kbits/sec  16.019 ms 0/53 (0%)
[ 10] 15.0000-16.0000 sec  73.2 KBytes   600 Kbits/sec  15.844 ms 0/51 (0%)
[  1] 16.0000-17.0000 sec  73.2 KBytes   600 Kbits/sec  14.748 ms 0/51 (0%)
[  2] 16.0000-17.0000 sec  76.1 KBytes   623 Kbits/sec  14.699 ms 0/53 (0%)
[  4] 16.0000-17.0000 sec  73.2 KBytes   600 Kbits/sec  14.719 ms 0/51 (0%)
[  6] 16.0000-17.0000 sec  74.6 KBytes   612 Kbits/sec  15.367 ms 0/52 (0%)
[  8] 16.0000-17.0000 sec  73.2 KBytes   600 Kbits/sec  14.349 ms 0/51 (0%)
[  5] 16.0000-17.0000 sec  84.7 KBytes   694 Kbits/sec  13.394 ms 0/59 (0%)
[  3] 16.0000-17.0000 sec  84.7 KBytes   694 Kbits/sec  13.715 ms 0/59 (0%)
[  9] 16.0000-17.0000 sec  81.8 KBytes   670 Kbits/sec  13.193 ms 0/57 (0%)
[  7] 16.0000-17.0000 sec  89.0 KBytes   729 Kbits/sec  13.412 ms 0/62 (0%)
[ 10] 16.0000-17.0000 sec  86.1 KBytes   706 Kbits/sec  13.033 ms 0/60 (0%)
[  2] 17.0000-18.0000 sec  73.2 KBytes   600 Kbits/sec  14.583 ms 0/51 (0%)
[  4] 17.0000-18.0000 sec  76.1 KBytes   623 Kbits/sec  15.347 ms 0/53 (0%)
[  5] 17.0000-18.0000 sec  74.6 KBytes   612 Kbits/sec  21.345 ms 0/52 (0%)
[  7] 17.0000-18.0000 sec  73.2 KBytes   600 Kbits/sec  13.095 ms 0/51 (0%)
[  6] 17.0000-18.0000 sec  73.2 KBytes   600 Kbits/sec  15.423 ms 0/51 (0%)
[  8] 17.0000-18.0000 sec  74.6 KBytes   612 Kbits/sec  15.799 ms 0/52 (0%)
[  3] 17.0000-18.0000 sec  84.7 KBytes   694 Kbits/sec  13.932 ms 0/59 (0%)
[  1] 17.0000-18.0000 sec  84.7 KBytes   694 Kbits/sec  16.135 ms 0/59 (0%)
[  9] 17.0000-18.0000 sec  84.7 KBytes   694 Kbits/sec  13.759 ms 0/59 (0%)
[ 10] 17.0000-18.0000 sec  84.7 KBytes   694 Kbits/sec  13.749 ms 0/59 (0%)
[  1] 18.0000-19.0000 sec  76.1 KBytes   623 Kbits/sec  14.801 ms 0/53 (0%)
[  3] 18.0000-19.0000 sec  76.1 KBytes   623 Kbits/sec  14.811 ms 0/53 (0%)
[  4] 18.0000-19.0000 sec  84.7 KBytes   694 Kbits/sec  14.844 ms 0/59 (0%)
[  2] 18.0000-19.0000 sec  84.7 KBytes   694 Kbits/sec  14.435 ms 0/59 (0%)
[  5] 18.0000-19.0000 sec  83.3 KBytes   682 Kbits/sec  14.327 ms 0/58 (0%)
[  6] 18.0000-19.0000 sec  86.1 KBytes   706 Kbits/sec  14.528 ms 0/60 (0%)
[  9] 18.0000-19.0000 sec  76.1 KBytes   623 Kbits/sec  14.062 ms 0/53 (0%)
[  8] 18.0000-19.0000 sec  86.1 KBytes   706 Kbits/sec  13.907 ms 0/60 (0%)
[  7] 18.0000-19.0000 sec  84.7 KBytes   694 Kbits/sec  13.865 ms 0/59 (0%)
[ 10] 18.0000-19.0000 sec  74.6 KBytes   612 Kbits/sec  14.325 ms 0/52 (0%)
[  3] 19.0000-20.0000 sec  73.2 KBytes   600 Kbits/sec  14.412 ms 0/51 (0%)
[  1] 19.0000-20.0000 sec  84.7 KBytes   694 Kbits/sec  13.439 ms 0/59 (0%)
[  5] 19.0000-20.0000 sec  76.1 KBytes   623 Kbits/sec  14.433 ms 0/53 (0%)
[  2] 19.0000-20.0000 sec  84.7 KBytes   694 Kbits/sec  13.095 ms 0/59 (0%)
[  4] 19.0000-20.0000 sec  84.7 KBytes   694 Kbits/sec  13.318 ms 0/59 (0%)
[  9] 19.0000-20.0000 sec  71.8 KBytes   588 Kbits/sec  15.966 ms 0/50 (0%)
[  7] 19.0000-20.0000 sec  76.1 KBytes   623 Kbits/sec  14.313 ms 0/53 (0%)
[  6] 19.0000-20.0000 sec  84.7 KBytes   694 Kbits/sec  13.420 ms 0/59 (0%)
[  8] 19.0000-20.0000 sec  84.7 KBytes   694 Kbits/sec  13.390 ms 0/59 (0%)
[ 10] 19.0000-20.0000 sec  73.2 KBytes   600 Kbits/sec  14.748 ms 0/51 (0%)
[  1] 20.0000-21.0000 sec  73.2 KBytes   600 Kbits/sec  16.447 ms 0/51 (0%)
[  2] 20.0000-21.0000 sec  76.1 KBytes   623 Kbits/sec  15.441 ms 0/53 (0%)
[  5] 20.0000-21.0000 sec  84.7 KBytes   694 Kbits/sec  13.586 ms 0/59 (0%)
[  3] 20.0000-21.0000 sec  84.7 KBytes   694 Kbits/sec  13.601 ms 0/59 (0%)
[  4] 20.0000-21.0000 sec  73.2 KBytes   600 Kbits/sec  15.833 ms 0/51 (0%)
[  6] 20.0000-21.0000 sec  74.6 KBytes   612 Kbits/sec  15.274 ms 0/52 (0%)
[  9] 20.0000-21.0000 sec  86.1 KBytes   706 Kbits/sec  13.788 ms 0/60 (0%)
[  7] 20.0000-21.0000 sec  84.7 KBytes   694 Kbits/sec  13.331 ms 0/59 (0%)
[ 10] 20.0000-21.0000 sec  84.7 KBytes   694 Kbits/sec  13.298 ms 0/59 (0%)
[  8] 20.0000-21.0000 sec  73.2 KBytes   600 Kbits/sec  15.367 ms 0/51 (0%)
[  1] 21.0000-22.0000 sec  76.1 KBytes   623 Kbits/sec  14.434 ms 0/53 (0%)
[  2] 21.0000-22.0000 sec  73.2 KBytes   600 Kbits/sec  13.944 ms 0/51 (0%)
[  4] 21.0000-22.0000 sec  76.1 KBytes   623 Kbits/sec  14.796 ms 0/53 (0%)
[  7] 21.0000-22.0000 sec  74.6 KBytes   612 Kbits/sec  22.390 ms 0/52 (0%)
[  6] 21.0000-22.0000 sec  71.8 KBytes   588 Kbits/sec  15.382 ms 0/50 (0%)
[  8] 21.0000-22.0000 sec  74.6 KBytes   612 Kbits/sec  15.498 ms 0/52 (0%)
[  3] 21.0000-22.0000 sec  86.1 KBytes   706 Kbits/sec  14.127 ms 0/60 (0%)
[  5] 21.0000-22.0000 sec  84.7 KBytes   694 Kbits/sec  14.682 ms 0/59 (0%)
[  9] 21.0000-22.0000 sec  84.7 KBytes   694 Kbits/sec  14.891 ms 0/59 (0%)
[ 10] 21.0000-22.0000 sec  84.7 KBytes   694 Kbits/sec  14.664 ms 0/59 (0%)
[  1] 22.0000-23.0000 sec  84.7 KBytes   694 Kbits/sec  15.181 ms 0/59 (0%)
[  3] 22.0000-23.0000 sec  74.6 KBytes   612 Kbits/sec  14.801 ms 0/52 (0%)
[  4] 22.0000-23.0000 sec  84.7 KBytes   694 Kbits/sec  14.845 ms 0/59 (0%)
[  2] 22.0000-23.0000 sec  84.7 KBytes   694 Kbits/sec  14.783 ms 0/59 (0%)
[  5] 22.0000-23.0000 sec  73.2 KBytes   600 Kbits/sec  14.615 ms 0/51 (0%)
[  6] 22.0000-23.0000 sec  86.1 KBytes   706 Kbits/sec  14.296 ms 0/60 (0%)
[  8] 22.0000-23.0000 sec  84.7 KBytes   694 Kbits/sec  15.294 ms 0/59 (0%)
[  9] 22.0000-23.0000 sec  76.1 KBytes   623 Kbits/sec  14.655 ms 0/53 (0%)
[  7] 22.0000-23.0000 sec  83.3 KBytes   682 Kbits/sec  14.379 ms 0/58 (0%)
[ 10] 22.0000-23.0000 sec  76.1 KBytes   623 Kbits/sec  14.941 ms 0/53 (0%)
[  3] 23.0000-24.0000 sec  63.2 KBytes   517 Kbits/sec  17.736 ms 0/44 (0%)
[  4] 23.0000-24.0000 sec  76.1 KBytes   623 Kbits/sec  14.289 ms 0/53 (0%)
[  5] 23.0000-24.0000 sec  61.7 KBytes   506 Kbits/sec  18.150 ms 0/43 (0%)
[  1] 23.0000-24.0000 sec  84.7 KBytes   694 Kbits/sec  14.353 ms 0/59 (0%)
[  8] 23.0000-24.0000 sec  76.1 KBytes   623 Kbits/sec  21.869 ms 0/53 (0%)
[  9] 23.0000-24.0000 sec  63.2 KBytes   517 Kbits/sec  17.366 ms 0/44 (0%)
[  2] 23.0000-24.0000 sec  84.7 KBytes   694 Kbits/sec  13.867 ms 0/59 (0%)
[  7] 23.0000-24.0000 sec  63.2 KBytes   517 Kbits/sec  16.947 ms 0/44 (0%)
[  6] 23.0000-24.0000 sec  83.3 KBytes   682 Kbits/sec  14.782 ms 0/58 (0%)
[ 10] 23.0000-24.0000 sec  64.6 KBytes   529 Kbits/sec  17.181 ms 0/45 (0%)
[  1] 24.0000-25.0000 sec  73.2 KBytes   600 Kbits/sec  14.536 ms 0/51 (0%)
[  2] 24.0000-25.0000 sec  74.6 KBytes   612 Kbits/sec  14.703 ms 0/52 (0%)
[  5] 24.0000-25.0000 sec  64.6 KBytes   529 Kbits/sec  16.481 ms 0/45 (0%)
[  6] 24.0000-25.0000 sec  73.2 KBytes   600 Kbits/sec  15.155 ms 0/51 (0%)
[  4] 24.0000-25.0000 sec  84.7 KBytes   694 Kbits/sec  14.542 ms 0/59 (0%)
[  8] 24.0000-25.0000 sec  83.3 KBytes   682 Kbits/sec  13.809 ms 0/58 (0%)
[  7] 24.0000-25.0000 sec  63.2 KBytes   517 Kbits/sec  17.689 ms 0/44 (0%)
[ 10] 24.0000-25.0000 sec  63.2 KBytes   517 Kbits/sec  16.820 ms 0/44 (0%)
[  3] 24.0000-25.0000 sec  73.2 KBytes   600 Kbits/sec  16.549 ms 0/51 (0%)
[  9] 24.0000-25.0000 sec  73.2 KBytes   600 Kbits/sec  16.188 ms 0/51 (0%)
[  3] 25.0000-26.0000 sec  66.0 KBytes   541 Kbits/sec  22.928 ms 0/46 (0%)
[  1] 25.0000-26.0000 sec  86.1 KBytes   706 Kbits/sec  13.574 ms 0/60 (0%)
[  2] 25.0000-26.0000 sec  86.1 KBytes   706 Kbits/sec  13.397 ms 0/60 (0%)
[  7] 25.0000-26.0000 sec  77.5 KBytes   635 Kbits/sec  14.922 ms 0/54 (0%)
[  6] 25.0000-26.0000 sec  84.7 KBytes   694 Kbits/sec  14.383 ms 0/59 (0%)
[  4] 25.0000-26.0000 sec  84.7 KBytes   694 Kbits/sec  14.338 ms 0/59 (0%)
[ 10] 25.0000-26.0000 sec  73.2 KBytes   600 Kbits/sec  15.007 ms 0/51 (0%)
[  8] 25.0000-26.0000 sec  84.7 KBytes   694 Kbits/sec  14.033 ms 0/59 (0%)
[  5] 25.0000-26.0000 sec  84.7 KBytes   694 Kbits/sec  14.697 ms 0/59 (0%)
[  9] 25.0000-26.0000 sec  76.1 KBytes   623 Kbits/sec  14.810 ms 0/53 (0%)
[  2] 26.0000-27.0000 sec  73.2 KBytes   600 Kbits/sec  13.992 ms 0/51 (0%)
[  3] 26.0000-27.0000 sec  73.2 KBytes   600 Kbits/sec  15.475 ms 0/51 (0%)
[  5] 26.0000-27.0000 sec  63.2 KBytes   517 Kbits/sec  15.199 ms 0/44 (0%)
[  4] 26.0000-27.0000 sec  73.2 KBytes   600 Kbits/sec  14.459 ms 0/51 (0%)
[  1] 26.0000-27.0000 sec  81.8 KBytes   670 Kbits/sec  14.756 ms 0/57 (0%)
[  7] 26.0000-27.0000 sec  73.2 KBytes   600 Kbits/sec  14.844 ms 0/51 (0%)
[ 10] 26.0000-27.0000 sec  74.6 KBytes   612 Kbits/sec  15.307 ms 0/52 (0%)
[  6] 26.0000-27.0000 sec  84.7 KBytes   694 Kbits/sec  14.691 ms 0/59 (0%)
[  8] 26.0000-27.0000 sec  84.7 KBytes   694 Kbits/sec  14.337 ms 0/59 (0%)
[  9] 26.0000-27.0000 sec  73.2 KBytes   600 Kbits/sec  14.803 ms 0/51 (0%)
[  1] 27.0000-28.0000 sec  84.7 KBytes   694 Kbits/sec  12.650 ms 0/59 (0%)
[  2] 27.0000-28.0000 sec  96.2 KBytes   788 Kbits/sec  12.711 ms 0/67 (0%)
[  3] 27.0000-28.0000 sec  64.6 KBytes   529 Kbits/sec  18.486 ms 0/45 (0%)
[  6] 27.0000-28.0000 sec  86.1 KBytes   706 Kbits/sec  12.707 ms 0/60 (0%)
[  4] 27.0000-28.0000 sec  97.6 KBytes   800 Kbits/sec  12.735 ms 0/68 (0%)
[  5] 27.0000-28.0000 sec  63.2 KBytes   517 Kbits/sec  18.875 ms 0/44 (0%)
[  8] 27.0000-28.0000 sec  84.7 KBytes   694 Kbits/sec  12.389 ms 0/59 (0%)
[  9] 27.0000-28.0000 sec  54.6 KBytes   447 Kbits/sec  18.999 ms 0/38 (0%)
[  7] 27.0000-28.0000 sec  63.2 KBytes   517 Kbits/sec  18.694 ms 0/44 (0%)
[ 10] 27.0000-28.0000 sec  64.6 KBytes   529 Kbits/sec  18.403 ms 0/45 (0%)
[  4] 28.0000-29.0000 sec  73.2 KBytes   600 Kbits/sec  14.259 ms 0/51 (0%)
[  5] 28.0000-29.0000 sec  76.1 KBytes   623 Kbits/sec  14.959 ms 0/53 (0%)
[  3] 28.0000-29.0000 sec  73.2 KBytes   600 Kbits/sec  14.979 ms 0/51 (0%)
[  1] 28.0000-29.0000 sec  86.1 KBytes   706 Kbits/sec  13.741 ms 0/60 (0%)
[  2] 28.0000-29.0000 sec  84.7 KBytes   694 Kbits/sec  14.895 ms 0/59 (0%)
[  9] 28.0000-29.0000 sec  73.2 KBytes   600 Kbits/sec  14.811 ms 0/51 (0%)
[  7] 28.0000-29.0000 sec  74.6 KBytes   612 Kbits/sec  15.567 ms 0/52 (0%)
[  6] 28.0000-29.0000 sec  84.7 KBytes   694 Kbits/sec  15.243 ms 0/59 (0%)
[ 10] 28.0000-29.0000 sec  73.2 KBytes   600 Kbits/sec  15.371 ms 0/51 (0%)
[  8] 28.0000-29.0000 sec  84.7 KBytes   694 Kbits/sec  14.838 ms 0/59 (0%)
[  2] 29.0000-30.0000 sec  73.2 KBytes   600 Kbits/sec  13.777 ms 0/51 (0%)
[  5] 29.0000-30.0000 sec  76.1 KBytes   623 Kbits/sec  13.908 ms 0/53 (0%)
[  4] 29.0000-30.0000 sec  84.7 KBytes   694 Kbits/sec  13.462 ms 0/59 (0%)
[  7] 29.0000-30.0000 sec  73.2 KBytes   600 Kbits/sec  14.721 ms 0/51 (0%)
[  8] 29.0000-30.0000 sec  76.1 KBytes   623 Kbits/sec  13.898 ms 0/53 (0%)
[  1] 29.0000-30.0000 sec  84.7 KBytes   694 Kbits/sec  13.749 ms 0/59 (0%)
[  3] 29.0000-30.0000 sec  84.7 KBytes   694 Kbits/sec  14.183 ms 0/59 (0%)
[  9] 29.0000-30.0000 sec  83.3 KBytes   682 Kbits/sec  15.119 ms 0/58 (0%)
[  6] 29.0000-30.0000 sec  84.7 KBytes   694 Kbits/sec  14.971 ms 0/59 (0%)
[ 10] 29.0000-30.0000 sec  84.7 KBytes   694 Kbits/sec  14.808 ms 0/59 (0%)
[  1] 30.0000-31.0000 sec  64.6 KBytes   529 Kbits/sec  24.813 ms 0/45 (0%)
[  2] 30.0000-31.0000 sec  76.1 KBytes   623 Kbits/sec  14.486 ms 0/53 (0%)
[  3] 30.0000-31.0000 sec  63.2 KBytes   517 Kbits/sec  15.952 ms 0/44 (0%)
[  4] 30.0000-31.0000 sec  74.6 KBytes   612 Kbits/sec  16.302 ms 0/52 (0%)
[  8] 30.0000-31.0000 sec  73.2 KBytes   600 Kbits/sec  16.157 ms 0/51 (0%)
[  5] 30.0000-31.0000 sec  73.2 KBytes   600 Kbits/sec  15.835 ms 0/51 (0%)
[  7] 30.0000-31.0000 sec  74.6 KBytes   612 Kbits/sec  16.776 ms 0/52 (0%)
[  6] 30.0000-31.0000 sec  76.1 KBytes   623 Kbits/sec  15.802 ms 0/53 (0%)
[ 10] 30.0000-31.0000 sec  64.6 KBytes   529 Kbits/sec  15.535 ms 0/45 (0%)
[  9] 30.0000-31.0000 sec  73.2 KBytes   600 Kbits/sec  16.069 ms 0/51 (0%)
[  2] 31.0000-32.0000 sec  74.6 KBytes   612 Kbits/sec  24.596 ms 0/52 (0%)
[  4] 31.0000-32.0000 sec  73.2 KBytes   600 Kbits/sec  15.204 ms 0/51 (0%)
[  3] 31.0000-32.0000 sec  74.6 KBytes   612 Kbits/sec  15.795 ms 0/52 (0%)
[  1] 31.0000-32.0000 sec  83.3 KBytes   682 Kbits/sec  14.991 ms 0/58 (0%)
[  5] 31.0000-32.0000 sec  74.6 KBytes   612 Kbits/sec  15.479 ms 0/52 (0%)
[  9] 31.0000-32.0000 sec  64.6 KBytes   529 Kbits/sec  14.735 ms 0/45 (0%)
[  6] 31.0000-32.0000 sec  73.2 KBytes   600 Kbits/sec  15.290 ms 0/51 (0%)
[  7] 31.0000-32.0000 sec  73.2 KBytes   600 Kbits/sec  15.717 ms 0/51 (0%)
[ 10] 31.0000-32.0000 sec  74.6 KBytes   612 Kbits/sec  15.605 ms 0/52 (0%)
[  8] 31.0000-32.0000 sec  84.7 KBytes   694 Kbits/sec  16.329 ms 0/59 (0%)
[  1] 32.0000-33.0000 sec  76.1 KBytes   623 Kbits/sec  13.530 ms 0/53 (0%)
[  3] 32.0000-33.0000 sec  76.1 KBytes   623 Kbits/sec  22.389 ms 0/53 (0%)
[  2] 32.0000-33.0000 sec  83.3 KBytes   682 Kbits/sec  14.368 ms 0/58 (0%)
[  6] 32.0000-33.0000 sec  74.6 KBytes   612 Kbits/sec  14.057 ms 0/52 (0%)
[  5] 32.0000-33.0000 sec  73.2 KBytes   600 Kbits/sec  14.613 ms 0/51 (0%)
[  7] 32.0000-33.0000 sec  77.5 KBytes   635 Kbits/sec  14.120 ms 0/54 (0%)
[  4] 32.0000-33.0000 sec  86.1 KBytes   706 Kbits/sec  13.447 ms 0/60 (0%)
[  8] 32.0000-33.0000 sec  76.1 KBytes   623 Kbits/sec  13.829 ms 0/53 (0%)
[ 10] 32.0000-33.0000 sec  73.2 KBytes   600 Kbits/sec  22.769 ms 0/51 (0%)
[  9] 32.0000-33.0000 sec  84.7 KBytes   694 Kbits/sec  15.109 ms 0/59 (0%)
[  2] 33.0000-34.0000 sec  86.1 KBytes   706 Kbits/sec  21.052 ms 0/60 (0%)
[  4] 33.0000-34.0000 sec  84.7 KBytes   694 Kbits/sec  12.701 ms 0/59 (0%)
[  3] 33.0000-34.0000 sec  83.3 KBytes   682 Kbits/sec  14.556 ms 0/58 (0%)
[  1] 33.0000-34.0000 sec  94.7 KBytes   776 Kbits/sec  12.816 ms 0/66 (0%)
[  9] 33.0000-34.0000 sec  76.1 KBytes   623 Kbits/sec  14.399 ms 0/53 (0%)
[  5] 33.0000-34.0000 sec  86.1 KBytes   706 Kbits/sec  13.969 ms 0/60 (0%)
[  7] 33.0000-34.0000 sec  84.7 KBytes   694 Kbits/sec  14.293 ms 0/59 (0%)
[  6] 33.0000-34.0000 sec  94.7 KBytes   776 Kbits/sec  12.772 ms 0/66 (0%)
[ 10] 33.0000-34.0000 sec  83.3 KBytes   682 Kbits/sec  14.103 ms 0/58 (0%)
[  8] 33.0000-34.0000 sec  93.3 KBytes   764 Kbits/sec  13.903 ms 0/65 (0%)
[  3] 34.0000-35.0000 sec  76.1 KBytes   623 Kbits/sec  14.987 ms 0/53 (0%)
[  1] 34.0000-35.0000 sec  84.7 KBytes   694 Kbits/sec  12.335 ms 0/59 (0%)
[  2] 34.0000-35.0000 sec  94.7 KBytes   776 Kbits/sec  13.178 ms 0/66 (0%)
[  5] 34.0000-35.0000 sec  74.6 KBytes   612 Kbits/sec  15.863 ms 0/52 (0%)
[  6] 34.0000-35.0000 sec  84.7 KBytes   694 Kbits/sec  12.367 ms 0/59 (0%)
[  4] 34.0000-35.0000 sec  96.2 KBytes   788 Kbits/sec  12.593 ms 0/67 (0%)
[  7] 34.0000-35.0000 sec  73.2 KBytes   600 Kbits/sec  14.865 ms 0/51 (0%)
[ 10] 34.0000-35.0000 sec  74.6 KBytes   612 Kbits/sec  15.177 ms 0/52 (0%)
[  8] 34.0000-35.0000 sec  84.7 KBytes   694 Kbits/sec  12.746 ms 0/59 (0%)
[  9] 34.0000-35.0000 sec  84.7 KBytes   694 Kbits/sec  14.834 ms 0/59 (0%)
[  2] 35.0000-36.0000 sec  76.1 KBytes   623 Kbits/sec  20.700 ms 0/53 (0%)
[  4] 35.0000-36.0000 sec  73.2 KBytes   600 Kbits/sec  13.782 ms 0/51 (0%)
[  3] 35.0000-36.0000 sec  73.2 KBytes   600 Kbits/sec  16.301 ms 0/51 (0%)
[  9] 35.0000-36.0000 sec  63.2 KBytes   517 Kbits/sec  16.679 ms 0/44 (0%)
[  1] 35.0000-36.0000 sec  84.7 KBytes   694 Kbits/sec  13.501 ms 0/59 (0%)
[  5] 35.0000-36.0000 sec  73.2 KBytes   600 Kbits/sec  16.763 ms 0/51 (0%)
[  7] 35.0000-36.0000 sec  74.6 KBytes   612 Kbits/sec  16.104 ms 0/52 (0%)
[  6] 35.0000-36.0000 sec  84.7 KBytes   694 Kbits/sec  13.809 ms 0/59 (0%)
[ 10] 35.0000-36.0000 sec  73.2 KBytes   600 Kbits/sec  15.841 ms 0/51 (0%)
[  8] 35.0000-36.0000 sec  86.1 KBytes   706 Kbits/sec  13.888 ms 0/60 (0%)
[  1] 36.0000-37.0000 sec  74.6 KBytes   612 Kbits/sec  14.451 ms 0/52 (0%)
[  3] 36.0000-37.0000 sec  84.7 KBytes   694 Kbits/sec  13.988 ms 0/59 (0%)
[  2] 36.0000-37.0000 sec  81.8 KBytes   670 Kbits/sec  15.329 ms 0/57 (0%)
[  6] 36.0000-37.0000 sec  76.1 KBytes   623 Kbits/sec  13.973 ms 0/53 (0%)
[  9] 36.0000-37.0000 sec  84.7 KBytes   694 Kbits/sec  14.587 ms 0/59 (0%)
[  5] 36.0000-37.0000 sec  84.7 KBytes   694 Kbits/sec  14.817 ms 0/59 (0%)
[  4] 36.0000-37.0000 sec  84.7 KBytes   694 Kbits/sec  14.601 ms 0/59 (0%)
[  7] 36.0000-37.0000 sec  84.7 KBytes   694 Kbits/sec  14.487 ms 0/59 (0%)
[  8] 36.0000-37.0000 sec  76.1 KBytes   623 Kbits/sec  14.995 ms 0/53 (0%)
[ 10] 36.0000-37.0000 sec  84.7 KBytes   694 Kbits/sec  14.477 ms 0/59 (0%)
[  1] 37.0000-38.0000 sec  73.2 KBytes   600 Kbits/sec  15.473 ms 0/51 (0%)
[  5] 37.0000-38.0000 sec  64.6 KBytes   529 Kbits/sec  17.384 ms 0/45 (0%)
[  2] 37.0000-38.0000 sec  77.5 KBytes   635 Kbits/sec  15.330 ms 0/54 (0%)
[  4] 37.0000-38.0000 sec  76.1 KBytes   623 Kbits/sec  15.208 ms 0/53 (0%)
[  7] 37.0000-38.0000 sec  64.6 KBytes   529 Kbits/sec  16.642 ms 0/45 (0%)
[  8] 37.0000-38.0000 sec  73.2 KBytes   600 Kbits/sec  14.545 ms 0/51 (0%)
[  3] 37.0000-38.0000 sec  71.8 KBytes   588 Kbits/sec  16.687 ms 0/50 (0%)
[  6] 37.0000-38.0000 sec  81.8 KBytes   670 Kbits/sec  14.831 ms 0/57 (0%)
[  9] 37.0000-38.0000 sec  76.1 KBytes   623 Kbits/sec  14.447 ms 0/53 (0%)
[ 10] 37.0000-38.0000 sec  56.0 KBytes   459 Kbits/sec  17.639 ms 0/39 (0%)
[  3] 38.0000-39.0000 sec  64.6 KBytes   529 Kbits/sec  15.964 ms 0/45 (0%)
[  4] 38.0000-39.0000 sec  74.6 KBytes   612 Kbits/sec  22.350 ms 0/52 (0%)
[  1] 38.0000-39.0000 sec  86.1 KBytes   706 Kbits/sec  14.109 ms 0/60 (0%)
[  6] 38.0000-39.0000 sec  76.1 KBytes   623 Kbits/sec  14.322 ms 0/53 (0%)
[  9] 38.0000-39.0000 sec  60.3 KBytes   494 Kbits/sec  17.068 ms 0/42 (0%)
[  5] 38.0000-39.0000 sec  76.1 KBytes   623 Kbits/sec  15.698 ms 0/53 (0%)
[  2] 38.0000-39.0000 sec  84.7 KBytes   694 Kbits/sec  14.044 ms 0/59 (0%)
[  7] 38.0000-39.0000 sec  71.8 KBytes   588 Kbits/sec  16.563 ms 0/50 (0%)
[  8] 38.0000-39.0000 sec  84.7 KBytes   694 Kbits/sec  13.673 ms 0/59 (0%)
[ 10] 38.0000-39.0000 sec  83.3 KBytes   682 Kbits/sec  15.421 ms 1/59 (1.7%)
[  1] 39.0000-40.0000 sec  84.7 KBytes   694 Kbits/sec  12.926 ms 0/59 (0%)
[  4] 39.0000-40.0000 sec  94.7 KBytes   776 Kbits/sec  13.651 ms 0/66 (0%)
[  2] 39.0000-40.0000 sec  84.7 KBytes   694 Kbits/sec  12.812 ms 0/59 (0%)
[  5] 39.0000-40.0000 sec  73.2 KBytes   600 Kbits/sec  14.390 ms 0/51 (0%)
[  7] 39.0000-40.0000 sec  76.1 KBytes   623 Kbits/sec  15.127 ms 0/53 (0%)
[  6] 39.0000-40.0000 sec  93.3 KBytes   764 Kbits/sec  13.272 ms 0/65 (0%)
[  3] 39.0000-40.0000 sec  84.7 KBytes   694 Kbits/sec  14.288 ms 0/59 (0%)
[  8] 39.0000-40.0000 sec  96.2 KBytes   788 Kbits/sec  12.212 ms 0/67 (0%)
[ 10] 39.0000-40.0000 sec  74.6 KBytes   612 Kbits/sec  14.636 ms 0/52 (0%)
[  9] 39.0000-40.0000 sec  86.1 KBytes   706 Kbits/sec  14.381 ms 0/60 (0%)
[  1] 40.0000-41.0000 sec  84.7 KBytes   694 Kbits/sec  14.475 ms 0/59 (0%)
[  2] 40.0000-41.0000 sec  84.7 KBytes   694 Kbits/sec  14.476 ms 0/59 (0%)
[  7] 40.0000-41.0000 sec  74.6 KBytes   612 Kbits/sec  22.226 ms 0/52 (0%)
[  3] 40.0000-41.0000 sec  76.1 KBytes   623 Kbits/sec  13.662 ms 0/53 (0%)
[  4] 40.0000-41.0000 sec  84.7 KBytes   694 Kbits/sec  14.985 ms 0/59 (0%)
[  8] 40.0000-41.0000 sec  73.2 KBytes   600 Kbits/sec  14.410 ms 0/51 (0%)
[ 10] 40.0000-41.0000 sec  76.1 KBytes   623 Kbits/sec  20.461 ms 0/53 (0%)
[  9] 40.0000-41.0000 sec  76.1 KBytes   623 Kbits/sec  14.158 ms 0/53 (0%)
[  5] 40.0000-41.0000 sec  84.7 KBytes   694 Kbits/sec  13.783 ms 0/59 (0%)
[  6] 40.0000-41.0000 sec  84.7 KBytes   694 Kbits/sec  14.874 ms 0/59 (0%)
[  4] 41.0000-42.0000 sec  76.1 KBytes   623 Kbits/sec  22.220 ms 0/53 (0%)
[  5] 41.0000-42.0000 sec  63.2 KBytes   517 Kbits/sec  15.771 ms 0/44 (0%)
[  7] 41.0000-42.0000 sec  74.6 KBytes   612 Kbits/sec  16.115 ms 0/52 (0%)
[  1] 41.0000-42.0000 sec  84.7 KBytes   694 Kbits/sec  14.909 ms 0/59 (0%)
[  6] 41.0000-42.0000 sec  76.1 KBytes   623 Kbits/sec  15.145 ms 0/53 (0%)
[  3] 41.0000-42.0000 sec  73.2 KBytes   600 Kbits/sec  15.644 ms 0/51 (0%)
[  2] 41.0000-42.0000 sec  86.1 KBytes   706 Kbits/sec  14.745 ms 0/60 (0%)
[ 10] 41.0000-42.0000 sec  73.2 KBytes   600 Kbits/sec  16.327 ms 0/51 (0%)
[  8] 41.0000-42.0000 sec  86.1 KBytes   706 Kbits/sec  13.895 ms 0/60 (0%)
[  9] 41.0000-42.0000 sec  73.2 KBytes   600 Kbits/sec  15.977 ms 0/51 (0%)
[  1] 42.0000-43.0000 sec  76.1 KBytes   623 Kbits/sec  14.816 ms 0/53 (0%)
[  3] 42.0000-43.0000 sec  63.2 KBytes   517 Kbits/sec  16.975 ms 0/44 (0%)
[  6] 42.0000-43.0000 sec  73.2 KBytes   600 Kbits/sec  15.052 ms 0/51 (0%)
[  2] 42.0000-43.0000 sec  74.6 KBytes   612 Kbits/sec  14.989 ms 0/52 (0%)
[  9] 42.0000-43.0000 sec  63.2 KBytes   517 Kbits/sec  16.189 ms 0/44 (0%)
[  5] 42.0000-43.0000 sec  74.6 KBytes   612 Kbits/sec  17.019 ms 0/52 (0%)
[  4] 42.0000-43.0000 sec  81.8 KBytes   670 Kbits/sec  15.326 ms 0/57 (0%)
[  8] 42.0000-43.0000 sec  74.6 KBytes   612 Kbits/sec  14.630 ms 0/52 (0%)
[  7] 42.0000-43.0000 sec  73.2 KBytes   600 Kbits/sec  15.781 ms 0/51 (0%)
[ 10] 42.0000-43.0000 sec  73.2 KBytes   600 Kbits/sec  16.461 ms 0/51 (0%)
[  3] 43.0000-44.0000 sec  74.6 KBytes   612 Kbits/sec  18.151 ms 0/52 (0%)
[  1] 43.0000-44.0000 sec  71.8 KBytes   588 Kbits/sec  18.259 ms 0/50 (0%)
[  6] 43.0000-44.0000 sec  76.1 KBytes   623 Kbits/sec  16.935 ms 0/53 (0%)
[  2] 43.0000-44.0000 sec  73.2 KBytes   600 Kbits/sec  16.695 ms 0/51 (0%)
[  9] 43.0000-44.0000 sec  74.6 KBytes   612 Kbits/sec  17.704 ms 0/52 (0%)
[  4] 43.0000-44.0000 sec  77.5 KBytes   635 Kbits/sec  16.661 ms 0/54 (0%)
[  5] 43.0000-44.0000 sec  73.2 KBytes   600 Kbits/sec  17.811 ms 0/51 (0%)
[  7] 43.0000-44.0000 sec  74.6 KBytes   612 Kbits/sec  16.653 ms 0/52 (0%)
[  8] 43.0000-44.0000 sec  73.2 KBytes   600 Kbits/sec  16.916 ms 0/51 (0%)
[ 10] 43.0000-44.0000 sec  76.1 KBytes   623 Kbits/sec  15.838 ms 0/53 (0%)
[  1] 44.0000-45.0000 sec  77.5 KBytes   635 Kbits/sec  14.199 ms 0/54 (0%)
[  2] 44.0000-45.0000 sec  74.6 KBytes   612 Kbits/sec  15.396 ms 0/52 (0%)
[  7] 44.0000-45.0000 sec  76.1 KBytes   623 Kbits/sec  22.051 ms 0/53 (0%)
[  3] 44.0000-45.0000 sec  84.7 KBytes   694 Kbits/sec  14.825 ms 0/59 (0%)
[  4] 44.0000-45.0000 sec  73.2 KBytes   600 Kbits/sec  14.260 ms 0/51 (0%)
[  8] 44.0000-45.0000 sec  74.6 KBytes   612 Kbits/sec  14.830 ms 0/52 (0%)
[ 10] 44.0000-45.0000 sec  73.2 KBytes   600 Kbits/sec  13.930 ms 0/51 (0%)
[  6] 44.0000-45.0000 sec  81.8 KBytes   670 Kbits/sec  15.090 ms 0/57 (0%)
[  9] 44.0000-45.0000 sec  86.1 KBytes   706 Kbits/sec  14.187 ms 0/60 (0%)
[  5] 44.0000-45.0000 sec  84.7 KBytes   694 Kbits/sec  15.624 ms 0/59 (0%)
[  5] 45.0000-46.0000 sec  64.6 KBytes   529 Kbits/sec  16.611 ms 0/45 (0%)
[  1] 45.0000-46.0000 sec  84.7 KBytes   694 Kbits/sec  13.409 ms 0/59 (0%)
[  7] 45.0000-46.0000 sec  73.2 KBytes   600 Kbits/sec  16.141 ms 0/51 (0%)
[  2] 45.0000-46.0000 sec  84.7 KBytes   694 Kbits/sec  14.628 ms 0/59 (0%)
[  3] 45.0000-46.0000 sec  73.2 KBytes   600 Kbits/sec  16.448 ms 0/51 (0%)
[  4] 45.0000-46.0000 sec  84.7 KBytes   694 Kbits/sec  13.762 ms 0/59 (0%)
[ 10] 45.0000-46.0000 sec  74.6 KBytes   612 Kbits/sec  15.606 ms 0/52 (0%)
[  8] 45.0000-46.0000 sec  84.7 KBytes   694 Kbits/sec  14.818 ms 0/59 (0%)
[  9] 45.0000-46.0000 sec  73.2 KBytes   600 Kbits/sec  15.097 ms 0/51 (0%)
[  6] 45.0000-46.0000 sec  84.7 KBytes   694 Kbits/sec  15.205 ms 0/59 (0%)
[  5] 46.0000-47.0000 sec  86.1 KBytes   706 Kbits/sec  12.306 ms 0/60 (0%)
[  6] 46.0000-47.0000 sec  64.6 KBytes   529 Kbits/sec  14.731 ms 0/45 (0%)
[  3] 46.0000-47.0000 sec  86.1 KBytes   706 Kbits/sec  12.857 ms 0/60 (0%)
[  1] 46.0000-47.0000 sec  74.6 KBytes   612 Kbits/sec  16.197 ms 0/52 (0%)
[  2] 46.0000-47.0000 sec  73.2 KBytes   600 Kbits/sec  16.587 ms 0/51 (0%)
[  4] 46.0000-47.0000 sec  73.2 KBytes   600 Kbits/sec  15.547 ms 0/51 (0%)
[  9] 46.0000-47.0000 sec  84.7 KBytes   694 Kbits/sec  12.673 ms 0/59 (0%)
[  7] 46.0000-47.0000 sec  94.7 KBytes   776 Kbits/sec  12.787 ms 0/66 (0%)
[  8] 46.0000-47.0000 sec  73.2 KBytes   600 Kbits/sec  16.393 ms 0/51 (0%)
[ 10] 46.0000-47.0000 sec  94.7 KBytes   776 Kbits/sec  12.835 ms 0/66 (0%)
[  3] 47.0000-48.0000 sec  64.6 KBytes   529 Kbits/sec  16.627 ms 0/45 (0%)
[  2] 47.0000-48.0000 sec  74.6 KBytes   612 Kbits/sec  13.598 ms 0/52 (0%)
[  1] 47.0000-48.0000 sec  76.1 KBytes   623 Kbits/sec  13.369 ms 0/53 (0%)
[  9] 47.0000-48.0000 sec  63.2 KBytes   517 Kbits/sec  17.683 ms 0/44 (0%)
[  5] 47.0000-48.0000 sec  74.6 KBytes   612 Kbits/sec  17.365 ms 0/52 (0%)
[  4] 47.0000-48.0000 sec  73.2 KBytes   600 Kbits/sec  14.528 ms 0/51 (0%)
[  6] 47.0000-48.0000 sec  83.3 KBytes   682 Kbits/sec  15.023 ms 0/58 (0%)
[  7] 47.0000-48.0000 sec  63.2 KBytes   517 Kbits/sec  17.197 ms 0/44 (0%)
[  8] 47.0000-48.0000 sec  77.5 KBytes   635 Kbits/sec  13.361 ms 0/54 (0%)
[ 10] 47.0000-48.0000 sec  63.2 KBytes   517 Kbits/sec  17.586 ms 0/44 (0%)
[  1] 48.0000-49.0000 sec  73.2 KBytes   600 Kbits/sec  14.296 ms 0/51 (0%)
[  2] 48.0000-49.0000 sec  74.6 KBytes   612 Kbits/sec  13.610 ms 0/52 (0%)
[  4] 48.0000-49.0000 sec  74.6 KBytes   612 Kbits/sec  14.183 ms 0/52 (0%)
[  5] 48.0000-49.0000 sec  84.7 KBytes   694 Kbits/sec  13.288 ms 0/59 (0%)
[  8] 48.0000-49.0000 sec  71.8 KBytes   588 Kbits/sec  14.332 ms 0/50 (0%)
[  7] 48.0000-49.0000 sec  84.7 KBytes   694 Kbits/sec  13.073 ms 0/59 (0%)
[  6] 48.0000-49.0000 sec  76.1 KBytes   623 Kbits/sec  13.875 ms 0/53 (0%)
[  3] 48.0000-49.0000 sec  96.2 KBytes   788 Kbits/sec  13.461 ms 0/67 (0%)
[ 10] 48.0000-49.0000 sec  86.1 KBytes   706 Kbits/sec  13.067 ms 0/60 (0%)
[  9] 48.0000-49.0000 sec  96.2 KBytes   788 Kbits/sec  14.082 ms 0/67 (0%)
[  3] 49.0000-50.0000 sec  73.2 KBytes   600 Kbits/sec  13.287 ms 0/51 (0%)
[  1] 49.0000-50.0000 sec  81.8 KBytes   670 Kbits/sec  15.873 ms 0/57 (0%)
[  5] 49.0000-50.0000 sec  84.7 KBytes   694 Kbits/sec  13.815 ms 0/59 (0%)
[  2] 49.0000-50.0000 sec  83.3 KBytes   682 Kbits/sec  16.055 ms 0/58 (0%)
[  9] 49.0000-50.0000 sec  73.2 KBytes   600 Kbits/sec  14.206 ms 0/51 (0%)
[  6] 49.0000-50.0000 sec  76.1 KBytes   623 Kbits/sec  14.050 ms 1/54 (1.9%)
[  7] 49.0000-50.0000 sec  84.7 KBytes   694 Kbits/sec  13.838 ms 0/59 (0%)
[  4] 49.0000-50.0000 sec  83.3 KBytes   682 Kbits/sec  16.293 ms 0/58 (0%)
[  8] 49.0000-50.0000 sec  84.7 KBytes   694 Kbits/sec  15.963 ms 0/59 (0%)
[ 10] 49.0000-50.0000 sec  84.7 KBytes   694 Kbits/sec  13.751 ms 0/59 (0%)
[  1] 50.0000-51.0000 sec  86.1 KBytes   706 Kbits/sec  12.290 ms 0/60 (0%)
[  2] 50.0000-51.0000 sec  86.1 KBytes   706 Kbits/sec  12.070 ms 0/60 (0%)
[  6] 50.0000-51.0000 sec  84.7 KBytes   694 Kbits/sec  11.900 ms 0/59 (0%)
[  4] 50.0000-51.0000 sec  84.7 KBytes   694 Kbits/sec  12.117 ms 0/59 (0%)
[  3] 50.0000-51.0000 sec  84.7 KBytes   694 Kbits/sec  13.158 ms 0/59 (0%)
[  8] 50.0000-51.0000 sec  84.7 KBytes   694 Kbits/sec  12.323 ms 0/59 (0%)
[  9] 50.0000-51.0000 sec  84.7 KBytes   694 Kbits/sec  14.082 ms 0/59 (0%)
[  5] 50.0000-51.0000 sec  86.1 KBytes   706 Kbits/sec  12.633 ms 0/60 (0%)
[  7] 50.0000-51.0000 sec  86.1 KBytes   706 Kbits/sec  12.850 ms 0/60 (0%)
[ 10] 50.0000-51.0000 sec  84.7 KBytes   694 Kbits/sec  13.196 ms 0/59 (0%)
[  3] 51.0000-52.0000 sec  76.1 KBytes   623 Kbits/sec  15.138 ms 0/53 (0%)
[  1] 51.0000-52.0000 sec  96.2 KBytes   788 Kbits/sec  13.311 ms 0/67 (0%)
[  2] 51.0000-52.0000 sec  94.7 KBytes   776 Kbits/sec  12.994 ms 0/66 (0%)
[  6] 51.0000-52.0000 sec  96.2 KBytes   788 Kbits/sec  13.283 ms 0/67 (0%)
[  9] 51.0000-52.0000 sec  77.5 KBytes   635 Kbits/sec  15.953 ms 0/54 (0%)
[  4] 51.0000-52.0000 sec  94.7 KBytes   776 Kbits/sec  12.837 ms 0/66 (0%)
[  5] 51.0000-52.0000 sec  73.2 KBytes   600 Kbits/sec  15.615 ms 0/51 (0%)
[  8] 51.0000-52.0000 sec  97.6 KBytes   800 Kbits/sec  12.981 ms 0/68 (0%)
[  7] 51.0000-52.0000 sec  74.6 KBytes   612 Kbits/sec  16.872 ms 0/52 (0%)
[ 10] 51.0000-52.0000 sec  74.6 KBytes   612 Kbits/sec  16.938 ms 0/52 (0%)
[  4] 52.0000-53.0000 sec  63.2 KBytes   517 Kbits/sec  16.179 ms 0/44 (0%)
[  5] 52.0000-53.0000 sec  63.2 KBytes   517 Kbits/sec  15.237 ms 0/44 (0%)
[  1] 52.0000-53.0000 sec  73.2 KBytes   600 Kbits/sec  16.107 ms 0/51 (0%)
[  2] 52.0000-53.0000 sec  74.6 KBytes   612 Kbits/sec  17.219 ms 0/52 (0%)
[  3] 52.0000-53.0000 sec  73.2 KBytes   600 Kbits/sec  14.120 ms 0/51 (0%)
[ 10] 52.0000-53.0000 sec  64.6 KBytes   529 Kbits/sec  16.711 ms 0/45 (0%)
[  6] 52.0000-53.0000 sec  73.2 KBytes   600 Kbits/sec  16.585 ms 0/51 (0%)
[  9] 52.0000-53.0000 sec  73.2 KBytes   600 Kbits/sec  15.718 ms 0/51 (0%)
[  8] 52.0000-53.0000 sec  73.2 KBytes   600 Kbits/sec  16.636 ms 0/51 (0%)
[  7] 52.0000-53.0000 sec  73.2 KBytes   600 Kbits/sec  16.843 ms 0/51 (0%)
[  2] 53.0000-54.0000 sec  70.3 KBytes   576 Kbits/sec  14.666 ms 0/49 (0%)
[  4] 53.0000-54.0000 sec  84.7 KBytes   694 Kbits/sec  13.431 ms 0/59 (0%)
[  3] 53.0000-54.0000 sec  74.6 KBytes   612 Kbits/sec  15.190 ms 0/52 (0%)
[  9] 53.0000-54.0000 sec  74.6 KBytes   612 Kbits/sec  14.697 ms 0/52 (0%)
[  1] 53.0000-54.0000 sec  84.7 KBytes   694 Kbits/sec  13.068 ms 0/59 (0%)
[  7] 53.0000-54.0000 sec  76.1 KBytes   623 Kbits/sec  15.161 ms 0/53 (0%)
[  5] 53.0000-54.0000 sec  84.7 KBytes   694 Kbits/sec  14.416 ms 0/59 (0%)
[  6] 53.0000-54.0000 sec  86.1 KBytes   706 Kbits/sec  12.776 ms 0/60 (0%)
[ 10] 53.0000-54.0000 sec  81.8 KBytes   670 Kbits/sec  15.297 ms 0/57 (0%)
[  8] 53.0000-54.0000 sec  84.7 KBytes   694 Kbits/sec  13.872 ms 0/59 (0%)
[  1] 54.0000-55.0000 sec  76.1 KBytes   623 Kbits/sec  13.661 ms 0/53 (0%)
[  2] 54.0000-55.0000 sec  86.1 KBytes   706 Kbits/sec  14.327 ms 0/60 (0%)
[  6] 54.0000-55.0000 sec  74.6 KBytes   612 Kbits/sec  14.638 ms 0/52 (0%)
[  3] 54.0000-55.0000 sec  76.1 KBytes   623 Kbits/sec  14.870 ms 0/53 (0%)
[  4] 54.0000-55.0000 sec  84.7 KBytes   694 Kbits/sec  14.864 ms 0/59 (0%)
[  5] 54.0000-55.0000 sec  74.6 KBytes   612 Kbits/sec  14.968 ms 0/52 (0%)
[  8] 54.0000-55.0000 sec  76.1 KBytes   623 Kbits/sec  14.423 ms 0/53 (0%)
[  9] 54.0000-55.0000 sec  73.2 KBytes   600 Kbits/sec  14.393 ms 0/51 (0%)
[  7] 54.0000-55.0000 sec  73.2 KBytes   600 Kbits/sec  13.944 ms 0/51 (0%)
[ 10] 54.0000-55.0000 sec  76.1 KBytes   623 Kbits/sec  14.729 ms 0/53 (0%)
[  1] 55.0000-56.0000 sec  84.7 KBytes   694 Kbits/sec  14.022 ms 0/59 (0%)
[  3] 55.0000-56.0000 sec  73.2 KBytes   600 Kbits/sec  15.178 ms 0/51 (0%)
[  2] 55.0000-56.0000 sec  84.7 KBytes   694 Kbits/sec  14.374 ms 0/59 (0%)
[  6] 55.0000-56.0000 sec  84.7 KBytes   694 Kbits/sec  14.328 ms 0/59 (0%)
[  9] 55.0000-56.0000 sec  74.6 KBytes   612 Kbits/sec  15.707 ms 0/52 (0%)
[  5] 55.0000-56.0000 sec  73.2 KBytes   600 Kbits/sec  15.987 ms 0/51 (0%)
[  7] 55.0000-56.0000 sec  76.1 KBytes   623 Kbits/sec  14.849 ms 0/53 (0%)
[  4] 55.0000-56.0000 sec  86.1 KBytes   706 Kbits/sec  14.131 ms 0/60 (0%)
[  8] 55.0000-56.0000 sec  84.7 KBytes   694 Kbits/sec  14.663 ms 0/59 (0%)
[ 10] 55.0000-56.0000 sec  73.2 KBytes   600 Kbits/sec  15.378 ms 0/51 (0%)
[  1] 56.0000-57.0000 sec  84.7 KBytes   694 Kbits/sec  14.143 ms 0/59 (0%)
[  2] 56.0000-57.0000 sec  84.7 KBytes   694 Kbits/sec  14.519 ms 0/59 (0%)
[  6] 56.0000-57.0000 sec  84.7 KBytes   694 Kbits/sec  13.745 ms 0/59 (0%)
[  3] 56.0000-57.0000 sec  84.7 KBytes   694 Kbits/sec  14.716 ms 0/59 (0%)
[  9] 56.0000-57.0000 sec  86.1 KBytes   706 Kbits/sec  13.844 ms 0/60 (0%)
[  5] 56.0000-57.0000 sec  84.7 KBytes   694 Kbits/sec  15.256 ms 0/59 (0%)
[  4] 56.0000-57.0000 sec  84.7 KBytes   694 Kbits/sec  13.656 ms 0/59 (0%)
[  7] 56.0000-57.0000 sec  84.7 KBytes   694 Kbits/sec  13.734 ms 0/59 (0%)
[  8] 56.0000-57.0000 sec  84.7 KBytes   694 Kbits/sec  13.609 ms 0/59 (0%)
[ 10] 56.0000-57.0000 sec  84.7 KBytes   694 Kbits/sec  13.976 ms 0/59 (0%)
[  1] 57.0000-58.0000 sec  74.6 KBytes   612 Kbits/sec  21.106 ms 0/52 (0%)
[  4] 57.0000-58.0000 sec  74.6 KBytes   612 Kbits/sec  14.003 ms 0/52 (0%)
[  8] 57.0000-58.0000 sec  76.1 KBytes   623 Kbits/sec  19.867 ms 0/53 (0%)
[  3] 57.0000-58.0000 sec  86.1 KBytes   706 Kbits/sec  12.979 ms 0/60 (0%)
[  6] 57.0000-58.0000 sec  86.1 KBytes   706 Kbits/sec  13.062 ms 0/60 (0%)
[  2] 57.0000-58.0000 sec  84.7 KBytes   694 Kbits/sec  13.975 ms 0/59 (0%)
[  9] 57.0000-58.0000 sec  84.7 KBytes   694 Kbits/sec  13.649 ms 0/59 (0%)
[  5] 57.0000-58.0000 sec  86.1 KBytes   706 Kbits/sec  13.066 ms 0/60 (0%)
[  7] 57.0000-58.0000 sec  84.7 KBytes   694 Kbits/sec  14.883 ms 0/59 (0%)
[ 10] 57.0000-58.0000 sec  84.7 KBytes   694 Kbits/sec  14.681 ms 0/59 (0%)
[  2] 58.0000-59.0000 sec  76.1 KBytes   623 Kbits/sec  14.094 ms 0/53 (0%)
[  1] 58.0000-59.0000 sec  83.3 KBytes   682 Kbits/sec  13.445 ms 0/58 (0%)
[  5] 58.0000-59.0000 sec  76.1 KBytes   623 Kbits/sec  13.058 ms 0/53 (0%)
[  6] 58.0000-59.0000 sec  73.2 KBytes   600 Kbits/sec  13.398 ms 0/51 (0%)
[  7] 58.0000-59.0000 sec  73.2 KBytes   600 Kbits/sec  12.807 ms 0/51 (0%)
[  4] 58.0000-59.0000 sec  84.7 KBytes   694 Kbits/sec  14.983 ms 0/59 (0%)
[  3] 58.0000-59.0000 sec  84.7 KBytes   694 Kbits/sec  12.671 ms 0/59 (0%)
[  9] 58.0000-59.0000 sec  84.7 KBytes   694 Kbits/sec  13.265 ms 0/59 (0%)
[  8] 58.0000-59.0000 sec  83.3 KBytes   682 Kbits/sec  14.167 ms 0/58 (0%)
[ 10] 58.0000-59.0000 sec  84.7 KBytes   694 Kbits/sec  12.682 ms 0/59 (0%)
[  1] 59.0000-60.0000 sec  76.1 KBytes   623 Kbits/sec  16.872 ms 0/53 (0%)
[  1] 0.0000-60.0738 sec  4.70 MBytes   656 Kbits/sec  22.850 ms 14634/17986 (81%)
[  3] 59.0000-60.0000 sec  84.7 KBytes   694 Kbits/sec  13.055 ms 0/59 (0%)
[  6] 59.0000-60.0000 sec  74.6 KBytes   612 Kbits/sec  17.374 ms 0/52 (0%)
[  3] 0.0000-60.0671 sec  4.52 MBytes   632 Kbits/sec  21.442 ms 13442/16669 (81%)
[  2] 59.0000-60.0000 sec  73.2 KBytes   600 Kbits/sec  17.518 ms 0/51 (0%)
[  9] 59.0000-60.0000 sec  84.7 KBytes   694 Kbits/sec  13.835 ms 0/59 (0%)
[  6] 0.0000-60.0647 sec  4.69 MBytes   656 Kbits/sec  22.654 ms 14637/17986 (81%)
[  2] 0.0000-60.1022 sec  4.70 MBytes   655 Kbits/sec  25.508 ms 14637/17987 (81%)
[  9] 0.0000-60.0135 sec  4.52 MBytes   632 Kbits/sec  19.968 ms 13488/16713 (81%)
[  4] 59.0000-60.0000 sec  73.2 KBytes   600 Kbits/sec  17.600 ms 0/51 (0%)
[  5] 59.0000-60.0000 sec  93.3 KBytes   764 Kbits/sec  13.959 ms 0/65 (0%)
[  4] 0.0000-60.1098 sec  4.69 MBytes   655 Kbits/sec  24.690 ms 14634/17982 (81%)
[  5] 0.0000-60.0989 sec  4.52 MBytes   631 Kbits/sec  22.190 ms 13444/16668 (81%)
[  8] 59.0000-60.0000 sec  74.6 KBytes   612 Kbits/sec  16.703 ms 0/52 (0%)
[  7] 59.0000-60.0000 sec  96.2 KBytes   788 Kbits/sec  14.054 ms 0/67 (0%)
[  8] 0.0000-60.0682 sec  4.70 MBytes   657 Kbits/sec  21.728 ms 14621/17975 (81%)
[  7] 0.0000-60.0763 sec  4.52 MBytes   632 Kbits/sec  19.695 ms 13514/16741 (81%)
[ 10] 59.0000-60.0000 sec  84.7 KBytes   694 Kbits/sec  14.258 ms 0/59 (0%)
[ 10] 0.0000-60.0621 sec  4.52 MBytes   631 Kbits/sec  21.869 ms 13495/16717 (81%)
