[UTIL]: Setting the config -c file to /usr/local/etc/flexric/flexric.conf
[UTIL]: Setting path -p for the shared libraries to /usr/local/lib/flexric/
[xAapp]: Initializing ... 
[xApp]: nearRT-RIC IP Address = 192.168.70.150, PORT = 36422
[E2 AGENT]: Opening plugin from path = /usr/local/lib/flexric/libkpm_sm.so 
[E2 AGENT]: Opening plugin from path = /usr/local/lib/flexric/libmac_sm.so 
[E2 AGENT]: Opening plugin from path = /usr/local/lib/flexric/libpdcp_sm.so 
[E2 AGENT]: Opening plugin from path = /usr/local/lib/flexric/libgtp_sm.so 
[E2 AGENT]: Opening plugin from path = /usr/local/lib/flexric/librc_sm.so 
[E2 AGENT]: Opening plugin from path = /usr/local/lib/flexric/libtc_sm.so 
[E2 AGENT]: Opening plugin from path = /usr/local/lib/flexric/librlc_sm.so 
[E2 AGENT]: Opening plugin from path = /usr/local/lib/flexric/libslice_sm.so 
[NEAR-RIC]: Loading SM ID = 2 with def = ORAN-E2SM-KPM 
[NEAR-RIC]: Loading SM ID = 142 with def = MAC_STATS_V0 
[NEAR-RIC]: Loading SM ID = 144 with def = PDCP_STATS_V0 
[NEAR-RIC]: Loading SM ID = 148 with def = GTP_STATS_V0 
[NEAR-RIC]: Loading SM ID = 3 with def = ORAN-E2SM-RC 
[NEAR-RIC]: Loading SM ID = 146 with def = TC_STATS_V0 
[NEAR-RIC]: Loading SM ID = 143 with def = RLC_STATS_V0 
[NEAR-RIC]: Loading SM ID = 145 with def = SLICE_STATS_V0 
[xApp]: DB filename = /tmp/flexric/xapp_db 
 [xApp]: E42 SETUP-REQUEST tx
[xApp]: E42 SETUP-RESPONSE rx 
[xApp]: xApp ID = 10 
[xApp]: Registered E2 Nodes = 3 
Connected E2 nodes = 3
[xAPP] Registered node 0 ran func id = 2 
 [xAPP] Registered node 0 ran func id = 3 
 [xAPP] Registered node 0 ran func id = 142 
 [xAPP] Registered node 0 ran func id = 143 
 [xAPP] Registered node 0 ran func id = 144 
 [xAPP] Registered node 0 ran func id = 145 
 [xAPP] Registered node 0 ran func id = 146 
 [xAPP] Registered node 0 ran func id = 148 
 [xApp]: E42 RIC SUBSCRIPTION REQUEST tx RAN_FUNC_ID 144 RIC_REQ_ID 1 
[xApp]: SUBSCRIPTION RESPONSE rx
[xApp]: Successfully subscribed to RAN_FUNC_ID 144 
[xAPP] Registered node 1 ran func id = 2 
 [xAPP] Registered node 1 ran func id = 3 
 [xAPP] Registered node 1 ran func id = 142 
 [xAPP] Registered node 1 ran func id = 143 
 [xAPP] Registered node 1 ran func id = 144 
 [xAPP] Registered node 1 ran func id = 145 
 [xAPP] Registered node 1 ran func id = 146 
 [xAPP] Registered node 1 ran func id = 148 
 [xApp]: E42 RIC SUBSCRIPTION REQUEST tx RAN_FUNC_ID 144 RIC_REQ_ID 2 
[xApp]: SUBSCRIPTION RESPONSE rx
[xApp]: Successfully subscribed to RAN_FUNC_ID 144 
[xAPP] Registered node 2 ran func id = 2 
 [xAPP] Registered node 2 ran func id = 3 
 [xAPP] Registered node 2 ran func id = 142 
 [xAPP] Registered node 2 ran func id = 143 
 [xAPP] Registered node 2 ran func id = 144 
 [xAPP] Registered node 2 ran func id = 145 
 [xAPP] Registered node 2 ran func id = 146 
 [xAPP] Registered node 2 ran func id = 148 
 [xApp]: E42 RIC SUBSCRIPTION REQUEST tx RAN_FUNC_ID 144 RIC_REQ_ID 3 
[xApp]: SUBSCRIPTION RESPONSE rx
[xApp]: Successfully subscribed to RAN_FUNC_ID 144 
113[UE 1 | RB 1] Throughput = 1.07593 Mbps
223[UE 1 | RB 1] Throughput = 1.19960 Mbps
333[UE 1 | RB 1] Throughput = 1.08788 Mbps
433[UE 1 | RB 1] Throughput = 1.07791 Mbps
543[UE 1 | RB 1] Throughput = 1.09061 Mbps
643[UE 1 | RB 1] Throughput = 1.07811 Mbps
743[UE 1 | RB 1] Throughput = 0.83826 Mbps
853[UE 1 | RB 1] Throughput = 0.98315 Mbps
953[UE 1 | RB 1] Throughput = 1.19592 Mbps
1063[UE 1 | RB 1] Throughput = 1.09073 Mbps
1164[UE 1 | RB 1] Throughput = 0.94963 Mbps
1264[UE 1 | RB 1] Throughput = 1.31113 Mbps
1373[UE 1 | RB 1] Throughput = 0.99254 Mbps
1483[UE 1 | RB 1] Throughput = 0.98025 Mbps
1583[UE 1 | RB 1] Throughput = 1.07715 Mbps
1693[UE 1 | RB 1] Throughput = 0.98200 Mbps
1793[UE 1 | RB 1] Throughput = 1.19829 Mbps
1893[UE 1 | RB 1] Throughput = 1.19806 Mbps
1993[UE 1 | RB 1] Throughput = 0.59866 Mbps
2103[UE 1 | RB 1] Throughput = 1.20045 Mbps
2203[UE 1 | RB 1] Throughput = 1.19715 Mbps
2303[UE 1 | RB 1] Throughput = 1.19498 Mbps
2414[UE 1 | RB 1] Throughput = 0.97932 Mbps
2523[UE 1 | RB 1] Throughput = 1.09118 Mbps
2633[UE 1 | RB 1] Throughput = 1.09515 Mbps
2734[UE 1 | RB 1] Throughput = 0.83131 Mbps
2843[UE 1 | RB 1] Throughput = 1.09296 Mbps
2953[UE 1 | RB 1] Throughput = 1.31068 Mbps
3063[UE 1 | RB 1] Throughput = 1.19805 Mbps
3173[UE 1 | RB 1] Throughput = 0.97997 Mbps
3273[UE 1 | RB 1] Throughput = 1.19672 Mbps
3383[UE 1 | RB 1] Throughput = 0.98302 Mbps
3483[UE 1 | RB 1] Throughput = 0.83699 Mbps
3593[UE 1 | RB 1] Throughput = 1.20016 Mbps
3693[UE 1 | RB 1] Throughput = 0.95699 Mbps
3804[UE 1 | RB 1] Throughput = 1.08725 Mbps
3913[UE 1 | RB 1] Throughput = 1.20103 Mbps
4013[UE 1 | RB 1] Throughput = 1.19769 Mbps
4123[UE 1 | RB 1] Throughput = 0.54476 Mbps
4233[UE 1 | RB 1] Throughput = 1.20145 Mbps
4333[UE 1 | RB 1] Throughput = 1.43661 Mbps
4433[UE 1 | RB 1] Throughput = 0.59851 Mbps
4543[UE 1 | RB 1] Throughput = 1.09125 Mbps
4643[UE 1 | RB 1] Throughput = 1.19767 Mbps
4745[UE 1 | RB 1] Throughput = 1.29673 Mbps
4853[UE 1 | RB 1] Throughput = 1.10489 Mbps
4954[UE 1 | RB 1] Throughput = 1.07175 Mbps
5063[UE 1 | RB 1] Throughput = 0.65678 Mbps
5173[UE 1 | RB 1] Throughput = 1.09036 Mbps
5274[UE 1 | RB 1] Throughput = 1.19303 Mbps
5374[UE 1 | RB 1] Throughput = 1.42938 Mbps
5483[UE 1 | RB 1] Throughput = 0.88164 Mbps
5593[UE 1 | RB 1] Throughput = 1.09147 Mbps
5703[UE 1 | RB 1] Throughput = 1.19352 Mbps
5813[UE 1 | RB 1] Throughput = 0.65369 Mbps
5914[UE 1 | RB 1] Throughput = 1.19536 Mbps
6024[UE 1 | RB 1] Throughput = 1.30574 Mbps
6134[UE 1 | RB 1] Throughput = 0.76417 Mbps
6243[UE 1 | RB 1] Throughput = 1.09333 Mbps
6343[UE 1 | RB 1] Throughput = 1.07662 Mbps
6454[UE 1 | RB 1] Throughput = 1.19537 Mbps
6554[UE 1 | RB 1] Throughput = 1.31012 Mbps
6663[UE 1 | RB 1] Throughput = 0.66193 Mbps
6763[UE 1 | RB 1] Throughput = 1.19307 Mbps
6873[UE 1 | RB 1] Throughput = 1.19732 Mbps
6984[UE 1 | RB 1] Throughput = 0.97800 Mbps
7093[UE 1 | RB 1] Throughput = 0.87298 Mbps
7194[UE 1 | RB 1] Throughput = 1.31537 Mbps
7303[UE 1 | RB 1] Throughput = 1.20180 Mbps
7413[UE 1 | RB 1] Throughput = 0.98086 Mbps
7523[UE 1 | RB 1] Throughput = 1.09253 Mbps
7623[UE 1 | RB 1] Throughput = 1.19446 Mbps
7733[UE 1 | RB 1] Throughput = 1.08985 Mbps
7833[UE 1 | RB 1] Throughput = 0.95752 Mbps
7934[UE 1 | RB 1] Throughput = 1.06804 Mbps
8043[UE 1 | RB 1] Throughput = 0.87929 Mbps
8153[UE 1 | RB 1] Throughput = 1.30861 Mbps
8264[UE 1 | RB 1] Throughput = 0.97853 Mbps
8374[UE 1 | RB 1] Throughput = 0.98130 Mbps
8484[UE 1 | RB 1] Throughput = 1.19312 Mbps
8593[UE 1 | RB 1] Throughput = 1.20709 Mbps
8693[UE 1 | RB 1] Throughput = 0.71730 Mbps
8794[UE 1 | RB 1] Throughput = 1.19727 Mbps
8894[UE 1 | RB 1] Throughput = 0.71773 Mbps
8994[UE 1 | RB 1] Throughput = 1.31549 Mbps
9094[UE 1 | RB 1] Throughput = 1.31631 Mbps
9203[UE 1 | RB 1] Throughput = 0.65805 Mbps
9313[UE 1 | RB 1] Throughput = 1.41489 Mbps
9423[UE 1 | RB 1] Throughput = 0.98080 Mbps
9524[UE 1 | RB 1] Throughput = 1.19102 Mbps
9634[UE 1 | RB 1] Throughput = 0.76511 Mbps
9743[UE 1 | RB 1] Throughput = 1.20176 Mbps
9844[UE 1 | RB 1] Throughput = 0.83600 Mbps
9954[UE 1 | RB 1] Throughput = 1.19678 Mbps
10063[UE 1 | RB 1] Throughput = 1.20406 Mbps
10164[UE 1 | RB 1] Throughput = 0.59553 Mbps
10273[UE 1 | RB 1] Throughput = 1.31418 Mbps
10374[UE 1 | RB 1] Throughput = 1.31228 Mbps
10483[UE 1 | RB 1] Throughput = 1.20348 Mbps
10584[UE 1 | RB 1] Throughput = 0.59849 Mbps
10684[UE 1 | RB 1] Throughput = 1.43692 Mbps
10784[UE 1 | RB 1] Throughput = 0.71854 Mbps
10884[UE 1 | RB 1] Throughput = 1.43484 Mbps
10994[UE 1 | RB 1] Throughput = 1.08832 Mbps
11105[UE 1 | RB 1] Throughput = 0.75536 Mbps
11214[UE 1 | RB 1] Throughput = 1.32179 Mbps
11324[UE 1 | RB 1] Throughput = 0.65410 Mbps
11433[UE 1 | RB 1] Throughput = 1.42032 Mbps
11534[UE 1 | RB 1] Throughput = 0.95761 Mbps
11643[UE 1 | RB 1] Throughput = 1.31183 Mbps
11744[UE 1 | RB 1] Throughput = 0.71574 Mbps
11854[UE 1 | RB 1] Throughput = 1.30820 Mbps
11964[UE 1 | RB 1] Throughput = 1.09001 Mbps
12074[UE 1 | RB 1] Throughput = 1.19825 Mbps
12174[UE 1 | RB 1] Throughput = 0.71852 Mbps
12284[UE 1 | RB 1] Throughput = 1.41452 Mbps
12384[UE 1 | RB 1] Throughput = 0.95416 Mbps
12494[UE 1 | RB 1] Throughput = 0.65641 Mbps
12604[UE 1 | RB 1] Throughput = 1.30500 Mbps
12714[UE 1 | RB 1] Throughput = 1.20178 Mbps
12814[UE 1 | RB 1] Throughput = 0.71866 Mbps
12924[UE 1 | RB 1] Throughput = 1.19321 Mbps
13034[UE 1 | RB 1] Throughput = 1.09449 Mbps
13144[UE 1 | RB 1] Throughput = 1.09137 Mbps
13244[UE 1 | RB 1] Throughput = 0.95413 Mbps
13354[UE 1 | RB 1] Throughput = 1.31260 Mbps
13464[UE 1 | RB 1] Throughput = 0.65352 Mbps
13564[UE 1 | RB 1] Throughput = 1.55781 Mbps
13675[UE 1 | RB 1] Throughput = 1.07087 Mbps
13785[UE 1 | RB 1] Throughput = 0.87678 Mbps
13894[UE 1 | RB 1] Throughput = 1.09934 Mbps
13994[UE 1 | RB 1] Throughput = 1.19083 Mbps
14104[UE 1 | RB 1] Throughput = 1.09879 Mbps
14204[UE 1 | RB 1] Throughput = 0.95838 Mbps
14314[UE 1 | RB 1] Throughput = 1.08608 Mbps
14423[UE 1 | RB 1] Throughput = 1.09378 Mbps
14524[UE 1 | RB 1] Throughput = 1.19026 Mbps
14634[UE 1 | RB 1] Throughput = 1.09324 Mbps
14734[UE 1 | RB 1] Throughput = 0.95692 Mbps
14843[UE 1 | RB 1] Throughput = 0.98642 Mbps
14944[UE 1 | RB 1] Throughput = 1.07293 Mbps
15053[UE 1 | RB 1] Throughput = 1.09367 Mbps
15154[UE 1 | RB 1] Throughput = 1.31044 Mbps
15264[UE 1 | RB 1] Throughput = 1.09128 Mbps
15374[UE 1 | RB 1] Throughput = 0.98119 Mbps
15474[UE 1 | RB 1] Throughput = 1.07818 Mbps
15574[UE 1 | RB 1] Throughput = 1.19005 Mbps
15684[UE 1 | RB 1] Throughput = 0.65760 Mbps
15784[UE 1 | RB 1] Throughput = 1.19671 Mbps
15894[UE 1 | RB 1] Throughput = 0.97977 Mbps
16004[UE 1 | RB 1] Throughput = 1.31019 Mbps
16104[UE 1 | RB 1] Throughput = 1.19420 Mbps
16214[UE 1 | RB 1] Throughput = 1.09222 Mbps
16314[UE 1 | RB 1] Throughput = 0.59601 Mbps
16424[UE 1 | RB 1] Throughput = 0.76733 Mbps
16524[UE 1 | RB 1] Throughput = 1.43745 Mbps
16634[UE 1 | RB 1] Throughput = 1.09079 Mbps
16736[UE 1 | RB 1] Throughput = 1.17441 Mbps
16844[UE 1 | RB 1] Throughput = 1.10870 Mbps
16944[UE 1 | RB 1] Throughput = 0.95467 Mbps
17054[UE 1 | RB 1] Throughput = 1.09016 Mbps
17154[UE 1 | RB 1] Throughput = 1.07856 Mbps
17264[UE 1 | RB 1] Throughput = 1.08962 Mbps
17364[UE 1 | RB 1] Throughput = 0.95639 Mbps
17474[UE 1 | RB 1] Throughput = 1.09520 Mbps
17574[UE 1 | RB 1] Throughput = 1.43138 Mbps
17684[UE 1 | RB 1] Throughput = 0.98672 Mbps
17794[UE 1 | RB 1] Throughput = 0.76242 Mbps
17894[UE 1 | RB 1] Throughput = 1.19628 Mbps
17994[UE 1 | RB 1] Throughput = 0.95686 Mbps
18104[UE 1 | RB 1] Throughput = 1.09185 Mbps
18204[UE 1 | RB 1] Throughput = 1.19227 Mbps
18314[UE 1 | RB 1] Throughput = 1.09194 Mbps
18424[UE 1 | RB 1] Throughput = 1.08961 Mbps
18534[UE 1 | RB 1] Throughput = 1.09045 Mbps
18644[UE 1 | RB 1] Throughput = 0.76132 Mbps
18754[UE 1 | RB 1] Throughput = 1.08947 Mbps
18864[UE 1 | RB 1] Throughput = 1.08897 Mbps
18975[UE 1 | RB 1] Throughput = 1.40342 Mbps
19084[UE 1 | RB 1] Throughput = 0.98932 Mbps
19194[UE 1 | RB 1] Throughput = 0.87177 Mbps
19294[UE 1 | RB 1] Throughput = 1.31799 Mbps
19396[UE 1 | RB 1] Throughput = 1.18057 Mbps
19504[UE 1 | RB 1] Throughput = 0.99508 Mbps
19604[UE 1 | RB 1] Throughput = 1.19317 Mbps
19705[UE 1 | RB 1] Throughput = 1.07712 Mbps
19806[UE 1 | RB 1] Throughput = 0.94827 Mbps
19914[UE 1 | RB 1] Throughput = 0.88412 Mbps
20024[UE 1 | RB 1] Throughput = 1.19898 Mbps
20134[UE 1 | RB 1] Throughput = 1.09148 Mbps
20235[UE 1 | RB 1] Throughput = 1.18024 Mbps
20344[UE 1 | RB 1] Throughput = 0.66280 Mbps
20444[UE 1 | RB 1] Throughput = 1.19275 Mbps
20556[UE 1 | RB 1] Throughput = 1.18012 Mbps
20664[UE 1 | RB 1] Throughput = 1.00074 Mbps
20764[UE 1 | RB 1] Throughput = 1.07774 Mbps
20874[UE 1 | RB 1] Throughput = 1.30375 Mbps
20975[UE 1 | RB 1] Throughput = 1.07471 Mbps
21084[UE 1 | RB 1] Throughput = 0.54721 Mbps
21184[UE 1 | RB 1] Throughput = 1.43282 Mbps
21285[UE 1 | RB 1] Throughput = 0.59743 Mbps
21387[UE 1 | RB 1] Throughput = 1.41249 Mbps
21494[UE 1 | RB 1] Throughput = 1.23047 Mbps
21594[UE 1 | RB 1] Throughput = 1.19451 Mbps
21704[UE 1 | RB 1] Throughput = 0.98100 Mbps
21814[UE 1 | RB 1] Throughput = 0.98083 Mbps
21915[UE 1 | RB 1] Throughput = 1.06725 Mbps
22025[UE 1 | RB 1] Throughput = 0.98506 Mbps
22125[UE 1 | RB 1] Throughput = 0.95662 Mbps
22234[UE 1 | RB 1] Throughput = 1.20890 Mbps
22334[UE 1 | RB 1] Throughput = 1.19509 Mbps
22434[UE 1 | RB 1] Throughput = 0.83757 Mbps
22545[UE 1 | RB 1] Throughput = 1.30374 Mbps
22645[UE 1 | RB 1] Throughput = 1.07694 Mbps
22745[UE 1 | RB 1] Throughput = 1.07424 Mbps
22845[UE 1 | RB 1] Throughput = 1.19698 Mbps
22954[UE 1 | RB 1] Throughput = 0.98889 Mbps
23064[UE 1 | RB 1] Throughput = 0.98142 Mbps
23165[UE 1 | RB 1] Throughput = 0.83239 Mbps
23275[UE 1 | RB 1] Throughput = 0.97722 Mbps
23386[UE 1 | RB 1] Throughput = 1.08726 Mbps
23494[UE 1 | RB 1] Throughput = 1.43631 Mbps
23594[UE 1 | RB 1] Throughput = 0.71852 Mbps
23694[UE 1 | RB 1] Throughput = 1.31532 Mbps
23805[UE 1 | RB 1] Throughput = 1.08506 Mbps
23914[UE 1 | RB 1] Throughput = 1.09481 Mbps
24014[UE 1 | RB 1] Throughput = 0.95716 Mbps
24115[UE 1 | RB 1] Throughput = 1.07131 Mbps
24215[UE 1 | RB 1] Throughput = 1.19275 Mbps
24324[UE 1 | RB 1] Throughput = 0.66073 Mbps
24424[UE 1 | RB 1] Throughput = 1.43590 Mbps
24535[UE 1 | RB 1] Throughput = 1.19675 Mbps
24635[UE 1 | RB 1] Throughput = 0.83834 Mbps
24744[UE 1 | RB 1] Throughput = 0.98771 Mbps
24845[UE 1 | RB 1] Throughput = 1.19113 Mbps
24956[UE 1 | RB 1] Throughput = 1.18432 Mbps
25064[UE 1 | RB 1] Throughput = 1.10847 Mbps
25164[UE 1 | RB 1] Throughput = 0.71880 Mbps
25264[UE 1 | RB 1] Throughput = 1.19710 Mbps
25364[UE 1 | RB 1] Throughput = 1.31292 Mbps
25466[UE 1 | RB 1] Throughput = 0.71097 Mbps
25566[UE 1 | RB 1] Throughput = 1.19646 Mbps
25674[UE 1 | RB 1] Throughput = 0.77253 Mbps
25775[UE 1 | RB 1] Throughput = 1.54279 Mbps
25884[UE 1 | RB 1] Throughput = 1.10003 Mbps
25994[UE 1 | RB 1] Throughput = 0.87025 Mbps
26105[UE 1 | RB 1] Throughput = 1.19608 Mbps
26214[UE 1 | RB 1] Throughput = 0.76637 Mbps
26314[UE 1 | RB 1] Throughput = 0.95790 Mbps
26415[UE 1 | RB 1] Throughput = 1.43171 Mbps
26524[UE 1 | RB 1] Throughput = 1.09774 Mbps
26626[UE 1 | RB 1] Throughput = 1.29065 Mbps
26734[UE 1 | RB 1] Throughput = 0.55410 Mbps
26835[UE 1 | RB 1] Throughput = 1.43057 Mbps
26935[UE 1 | RB 1] Throughput = 1.19775 Mbps
27044[UE 1 | RB 1] Throughput = 0.87377 Mbps
27145[UE 1 | RB 1] Throughput = 1.07577 Mbps
27245[UE 1 | RB 1] Throughput = 1.07833 Mbps
27345[UE 1 | RB 1] Throughput = 0.83694 Mbps
27455[UE 1 | RB 1] Throughput = 1.09338 Mbps
27555[UE 1 | RB 1] Throughput = 1.30547 Mbps
27656[UE 1 | RB 1] Throughput = 1.19730 Mbps
27764[UE 1 | RB 1] Throughput = 0.99280 Mbps
27865[UE 1 | RB 1] Throughput = 1.19173 Mbps
27975[UE 1 | RB 1] Throughput = 0.76251 Mbps
28084[UE 1 | RB 1] Throughput = 0.54735 Mbps
28184[UE 1 | RB 1] Throughput = 1.79753 Mbps
28286[UE 1 | RB 1] Throughput = 1.30118 Mbps
28396[UE 1 | RB 1] Throughput = 0.65414 Mbps
28505[UE 1 | RB 1] Throughput = 1.31779 Mbps
28605[UE 1 | RB 1] Throughput = 1.07546 Mbps
28715[UE 1 | RB 1] Throughput = 1.20223 Mbps
28815[UE 1 | RB 1] Throughput = 0.95807 Mbps
28925[UE 1 | RB 1] Throughput = 1.19492 Mbps
29035[UE 1 | RB 1] Throughput = 0.54678 Mbps
29145[UE 1 | RB 1] Throughput = 1.08865 Mbps
29245[UE 1 | RB 1] Throughput = 1.31638 Mbps
29355[UE 1 | RB 1] Throughput = 1.09197 Mbps
29455[UE 1 | RB 1] Throughput = 1.19771 Mbps
29565[UE 1 | RB 1] Throughput = 0.97644 Mbps
29675[UE 1 | RB 1] Throughput = 1.09303 Mbps
29775[UE 1 | RB 1] Throughput = 0.95216 Mbps
29876[UE 1 | RB 1] Throughput = 0.59667 Mbps
29985[UE 1 | RB 1] Throughput = 1.75897 Mbps
30095[UE 1 | RB 1] Throughput = 0.87023 Mbps
30205[UE 1 | RB 1] Throughput = 1.20104 Mbps
30305[UE 1 | RB 1] Throughput = 0.59757 Mbps
30415[UE 1 | RB 1] Throughput = 1.30830 Mbps
30525[UE 1 | RB 1] Throughput = 1.19926 Mbps
30625[UE 1 | RB 1] Throughput = 0.59887 Mbps
30725[UE 1 | RB 1] Throughput = 1.43702 Mbps
30834[UE 1 | RB 1] Throughput = 0.98478 Mbps
30934[UE 1 | RB 1] Throughput = 1.31817 Mbps
31035[UE 1 | RB 1] Throughput = 1.19183 Mbps
31137[UE 1 | RB 1] Throughput = 0.70784 Mbps
31246[UE 1 | RB 1] Throughput = 1.09524 Mbps
31356[UE 1 | RB 1] Throughput = 1.31136 Mbps
31465[UE 1 | RB 1] Throughput = 1.09877 Mbps
31565[UE 1 | RB 1] Throughput = 1.07848 Mbps
31675[UE 1 | RB 1] Throughput = 0.97836 Mbps
31784[UE 1 | RB 1] Throughput = 0.87820 Mbps
31885[UE 1 | RB 1] Throughput = 0.95446 Mbps
31995[UE 1 | RB 1] Throughput = 1.30726 Mbps
32095[UE 1 | RB 1] Throughput = 1.19656 Mbps
32205[UE 1 | RB 1] Throughput = 1.09141 Mbps
32305[UE 1 | RB 1] Throughput = 0.71643 Mbps
32415[UE 1 | RB 1] Throughput = 1.19975 Mbps
32515[UE 1 | RB 1] Throughput = 1.19808 Mbps
32625[UE 1 | RB 1] Throughput = 0.98174 Mbps
32735[UE 1 | RB 1] Throughput = 1.19741 Mbps
32845[UE 1 | RB 1] Throughput = 0.65481 Mbps
32955[UE 1 | RB 1] Throughput = 1.30721 Mbps
33065[UE 1 | RB 1] Throughput = 1.08976 Mbps
33165[UE 1 | RB 1] Throughput = 1.07757 Mbps
33265[UE 1 | RB 1] Throughput = 1.07824 Mbps
33365[UE 1 | RB 1] Throughput = 0.83726 Mbps
33475[UE 1 | RB 1] Throughput = 1.09088 Mbps
33584[UE 1 | RB 1] Throughput = 1.09511 Mbps
33685[UE 1 | RB 1] Throughput = 1.30845 Mbps
33785[UE 1 | RB 1] Throughput = 1.19787 Mbps
33885[UE 1 | RB 1] Throughput = 0.95864 Mbps
33985[UE 1 | RB 1] Throughput = 1.07716 Mbps
34095[UE 1 | RB 1] Throughput = 1.09305 Mbps
34195[UE 1 | RB 1] Throughput = 0.95669 Mbps
34304[UE 1 | RB 1] Throughput = 1.09647 Mbps
34405[UE 1 | RB 1] Throughput = 1.07444 Mbps
34505[UE 1 | RB 1] Throughput = 0.95099 Mbps
34615[UE 1 | RB 1] Throughput = 1.09750 Mbps
34715[UE 1 | RB 1] Throughput = 1.19533 Mbps
34825[UE 1 | RB 1] Throughput = 0.98147 Mbps
34935[UE 1 | RB 1] Throughput = 1.20200 Mbps
35035[UE 1 | RB 1] Throughput = 0.71888 Mbps
35135[UE 1 | RB 1] Throughput = 1.31729 Mbps
35235[UE 1 | RB 1] Throughput = 1.07526 Mbps
35345[UE 1 | RB 1] Throughput = 0.87156 Mbps
35446[UE 1 | RB 1] Throughput = 1.18836 Mbps
35555[UE 1 | RB 1] Throughput = 0.99078 Mbps
35656[UE 1 | RB 1] Throughput = 1.06551 Mbps
35765[UE 1 | RB 1] Throughput = 1.31869 Mbps
35865[UE 1 | RB 1] Throughput = 0.95836 Mbps
35965[UE 1 | RB 1] Throughput = 0.95710 Mbps
36075[UE 1 | RB 1] Throughput = 0.98019 Mbps
36185[UE 1 | RB 1] Throughput = 1.09487 Mbps
36285[UE 1 | RB 1] Throughput = 1.19225 Mbps
36385[UE 1 | RB 1] Throughput = 1.07787 Mbps
36495[UE 1 | RB 1] Throughput = 1.09053 Mbps
36595[UE 1 | RB 1] Throughput = 1.19719 Mbps
36695[UE 1 | RB 1] Throughput = 0.59889 Mbps
36796[UE 1 | RB 1] Throughput = 1.31266 Mbps
36905[UE 1 | RB 1] Throughput = 1.21015 Mbps
37005[UE 1 | RB 1] Throughput = 1.07506 Mbps
37105[UE 1 | RB 1] Throughput = 1.07779 Mbps
37205[UE 1 | RB 1] Throughput = 1.19572 Mbps
37315[UE 1 | RB 1] Throughput = 0.87293 Mbps
37415[UE 1 | RB 1] Throughput = 0.95549 Mbps
37525[UE 1 | RB 1] Throughput = 1.20198 Mbps
37625[UE 1 | RB 1] Throughput = 1.19652 Mbps
37736[UE 1 | RB 1] Throughput = 0.65157 Mbps
37836[UE 1 | RB 1] Throughput = 1.31813 Mbps
37945[UE 1 | RB 1] Throughput = 1.20066 Mbps
38055[UE 1 | RB 1] Throughput = 1.20436 Mbps
38156[UE 1 | RB 1] Throughput = 0.71211 Mbps
38265[UE 1 | RB 1] Throughput = 1.31386 Mbps
38375[UE 1 | RB 1] Throughput = 1.09033 Mbps
38485[UE 1 | RB 1] Throughput = 0.76326 Mbps
38595[UE 1 | RB 1] Throughput = 1.30901 Mbps
38705[UE 1 | RB 1] Throughput = 1.08834 Mbps
38805[UE 1 | RB 1] Throughput = 0.83807 Mbps
38906[UE 1 | RB 1] Throughput = 1.31241 Mbps
39015[UE 1 | RB 1] Throughput = 0.65691 Mbps
39115[UE 1 | RB 1] Throughput = 1.43175 Mbps
39225[UE 1 | RB 1] Throughput = 0.76644 Mbps
39326[UE 1 | RB 1] Throughput = 1.19057 Mbps
39436[UE 1 | RB 1] Throughput = 1.19899 Mbps
39545[UE 1 | RB 1] Throughput = 1.31378 Mbps
39646[UE 1 | RB 1] Throughput = 0.71517 Mbps
39755[UE 1 | RB 1] Throughput = 1.30815 Mbps
39865[UE 1 | RB 1] Throughput = 0.65511 Mbps
39965[UE 1 | RB 1] Throughput = 1.43765 Mbps
40075[UE 1 | RB 1] Throughput = 0.65285 Mbps
40185[UE 1 | RB 1] Throughput = 1.20030 Mbps
40295[UE 1 | RB 1] Throughput = 1.31460 Mbps
40395[UE 1 | RB 1] Throughput = 0.71554 Mbps
40506[UE 1 | RB 1] Throughput = 1.19224 Mbps
40616[UE 1 | RB 1] Throughput = 1.19539 Mbps
40725[UE 1 | RB 1] Throughput = 1.20653 Mbps
40835[UE 1 | RB 1] Throughput = 1.20012 Mbps
40945[UE 1 | RB 1] Throughput = 0.76364 Mbps
41045[UE 1 | RB 1] Throughput = 1.19434 Mbps
41156[UE 1 | RB 1] Throughput = 1.19012 Mbps
41265[UE 1 | RB 1] Throughput = 0.65848 Mbps
41375[UE 1 | RB 1] Throughput = 1.30366 Mbps
41485[UE 1 | RB 1] Throughput = 0.65409 Mbps
41595[UE 1 | RB 1] Throughput = 1.20065 Mbps
41705[UE 1 | RB 1] Throughput = 1.31280 Mbps
41805[UE 1 | RB 1] Throughput = 1.31565 Mbps
41906[UE 1 | RB 1] Throughput = 1.07080 Mbps
42016[UE 1 | RB 1] Throughput = 0.76345 Mbps
42125[UE 1 | RB 1] Throughput = 1.20292 Mbps
42236[UE 1 | RB 1] Throughput = 1.30098 Mbps
42345[UE 1 | RB 1] Throughput = 0.98702 Mbps
42445[UE 1 | RB 1] Throughput = 0.95504 Mbps
42545[UE 1 | RB 1] Throughput = 0.95830 Mbps
42655[UE 1 | RB 1] Throughput = 1.08918 Mbps
42755[UE 1 | RB 1] Throughput = 1.19751 Mbps
42866[UE 1 | RB 1] Throughput = 1.08902 Mbps
42975[UE 1 | RB 1] Throughput = 0.87407 Mbps
43085[UE 1 | RB 1] Throughput = 1.30583 Mbps
43195[UE 1 | RB 1] Throughput = 1.08879 Mbps
43296[UE 1 | RB 1] Throughput = 0.71753 Mbps
43406[UE 1 | RB 1] Throughput = 1.30629 Mbps
43515[UE 1 | RB 1] Throughput = 0.65598 Mbps
43626[UE 1 | RB 1] Throughput = 0.97607 Mbps
43736[UE 1 | RB 1] Throughput = 1.20053 Mbps
43846[UE 1 | RB 1] Throughput = 1.08745 Mbps
43956[UE 1 | RB 1] Throughput = 1.20007 Mbps
44065[UE 1 | RB 1] Throughput = 1.20750 Mbps
44165[UE 1 | RB 1] Throughput = 1.31312 Mbps
44265[UE 1 | RB 1] Throughput = 0.71819 Mbps
44366[UE 1 | RB 1] Throughput = 1.19398 Mbps
44466[UE 1 | RB 1] Throughput = 0.83740 Mbps
44576[UE 1 | RB 1] Throughput = 1.09257 Mbps
44685[UE 1 | RB 1] Throughput = 1.09212 Mbps
44786[UE 1 | RB 1] Throughput = 1.19367 Mbps
44895[UE 1 | RB 1] Throughput = 0.98348 Mbps
45006[UE 1 | RB 1] Throughput = 1.08819 Mbps
45115[UE 1 | RB 1] Throughput = 1.09386 Mbps
45216[UE 1 | RB 1] Throughput = 1.31146 Mbps
45326[UE 1 | RB 1] Throughput = 0.87032 Mbps
45436[UE 1 | RB 1] Throughput = 1.09175 Mbps
45536[UE 1 | RB 1] Throughput = 1.07809 Mbps
45637[UE 1 | RB 1] Throughput = 1.06529 Mbps
45745[UE 1 | RB 1] Throughput = 0.99542 Mbps
45846[UE 1 | RB 1] Throughput = 0.95210 Mbps
45956[UE 1 | RB 1] Throughput = 1.31112 Mbps
46056[UE 1 | RB 1] Throughput = 1.18806 Mbps
46166[UE 1 | RB 1] Throughput = 1.09842 Mbps
46266[UE 1 | RB 1] Throughput = 0.71649 Mbps
46375[UE 1 | RB 1] Throughput = 1.20251 Mbps
46476[UE 1 | RB 1] Throughput = 1.19711 Mbps
46576[UE 1 | RB 1] Throughput = 0.95159 Mbps
46686[UE 1 | RB 1] Throughput = 1.09597 Mbps
46786[UE 1 | RB 1] Throughput = 0.83819 Mbps
46886[UE 1 | RB 1] Throughput = 1.19601 Mbps
46996[UE 1 | RB 1] Throughput = 0.87528 Mbps
47106[UE 1 | RB 1] Throughput = 1.30493 Mbps
47206[UE 1 | RB 1] Throughput = 1.31663 Mbps
47316[UE 1 | RB 1] Throughput = 0.65532 Mbps
47425[UE 1 | RB 1] Throughput = 1.31194 Mbps
47526[UE 1 | RB 1] Throughput = 1.19067 Mbps
47636[UE 1 | RB 1] Throughput = 0.76422 Mbps
47736[UE 1 | RB 1] Throughput = 1.43791 Mbps
47847[UE 1 | RB 1] Throughput = 1.08022 Mbps
47956[UE 1 | RB 1] Throughput = 0.87958 Mbps
48066[UE 1 | RB 1] Throughput = 0.97909 Mbps
48175[UE 1 | RB 1] Throughput = 1.09382 Mbps
48276[UE 1 | RB 1] Throughput = 1.31022 Mbps
48386[UE 1 | RB 1] Throughput = 0.65399 Mbps
48495[UE 1 | RB 1] Throughput = 1.31214 Mbps
48595[UE 1 | RB 1] Throughput = 1.19745 Mbps
48706[UE 1 | RB 1] Throughput = 1.19434 Mbps
48816[UE 1 | RB 1] Throughput = 0.65388 Mbps
48926[UE 1 | RB 1] Throughput = 1.09207 Mbps
49026[UE 1 | RB 1] Throughput = 1.43626 Mbps
49135[UE 1 | RB 1] Throughput = 0.65690 Mbps
49236[UE 1 | RB 1] Throughput = 1.42920 Mbps
49336[UE 1 | RB 1] Throughput = 0.71397 Mbps
49446[UE 1 | RB 1] Throughput = 1.20716 Mbps
49546[UE 1 | RB 1] Throughput = 1.31507 Mbps
49646[UE 1 | RB 1] Throughput = 0.59820 Mbps
49747[UE 1 | RB 1] Throughput = 1.19015 Mbps
49856[UE 1 | RB 1] Throughput = 1.31164 Mbps
49966[UE 1 | RB 1] Throughput = 1.09747 Mbps
50076[UE 1 | RB 1] Throughput = 0.65408 Mbps
50177[UE 1 | RB 1] Throughput = 1.41778 Mbps
50286[UE 1 | RB 1] Throughput = 1.21281 Mbps
50386[UE 1 | RB 1] Throughput = 0.83661 Mbps
50498[UE 1 | RB 1] Throughput = 1.28722 Mbps
50606[UE 1 | RB 1] Throughput = 0.66609 Mbps
50716[UE 1 | RB 1] Throughput = 1.30829 Mbps
50826[UE 1 | RB 1] Throughput = 1.19879 Mbps
50926[UE 1 | RB 1] Throughput = 0.59801 Mbps
51036[UE 1 | RB 1] Throughput = 1.30702 Mbps
51136[UE 1 | RB 1] Throughput = 1.31754 Mbps
51236[UE 1 | RB 1] Throughput = 0.83875 Mbps
51346[UE 1 | RB 1] Throughput = 1.20169 Mbps
51446[UE 1 | RB 1] Throughput = 0.83549 Mbps
51556[UE 1 | RB 1] Throughput = 1.19914 Mbps
51656[UE 1 | RB 1] Throughput = 0.71904 Mbps
51756[UE 1 | RB 1] Throughput = 1.67436 Mbps
51857[UE 1 | RB 1] Throughput = 0.95274 Mbps
51966[UE 1 | RB 1] Throughput = 1.09765 Mbps
52076[UE 1 | RB 1] Throughput = 0.87296 Mbps
52185[UE 1 | RB 1] Throughput = 1.09308 Mbps
52286[UE 1 | RB 1] Throughput = 1.19273 Mbps
52386[UE 1 | RB 1] Throughput = 1.19557 Mbps
52496[UE 1 | RB 1] Throughput = 0.87441 Mbps
52596[UE 1 | RB 1] Throughput = 1.07617 Mbps
52706[UE 1 | RB 1] Throughput = 1.08971 Mbps
52806[UE 1 | RB 1] Throughput = 0.95687 Mbps
52906[UE 1 | RB 1] Throughput = 1.19637 Mbps
53008[UE 1 | RB 1] Throughput = 1.06388 Mbps
53116[UE 1 | RB 1] Throughput = 0.66398 Mbps
53226[UE 1 | RB 1] Throughput = 1.52438 Mbps
53326[UE 1 | RB 1] Throughput = 0.95615 Mbps
53435[UE 1 | RB 1] Throughput = 1.20652 Mbps
53536[UE 1 | RB 1] Throughput = 0.95384 Mbps
53646[UE 1 | RB 1] Throughput = 1.09187 Mbps
53746[UE 1 | RB 1] Throughput = 1.07615 Mbps
53846[UE 1 | RB 1] Throughput = 0.95652 Mbps
53956[UE 1 | RB 1] Throughput = 1.08874 Mbps
54066[UE 1 | RB 1] Throughput = 1.09215 Mbps
54176[UE 1 | RB 1] Throughput = 1.08999 Mbps
54276[UE 1 | RB 1] Throughput = 1.07770 Mbps
54386[UE 1 | RB 1] Throughput = 0.87293 Mbps
54496[UE 1 | RB 1] Throughput = 1.19752 Mbps
54606[UE 1 | RB 1] Throughput = 1.09057 Mbps
54706[UE 1 | RB 1] Throughput = 1.07734 Mbps
54806[UE 1 | RB 1] Throughput = 1.31637 Mbps
54916[UE 1 | RB 1] Throughput = 0.54483 Mbps
55016[UE 1 | RB 1] Throughput = 1.43791 Mbps
55126[UE 1 | RB 1] Throughput = 1.20314 Mbps
55226[UE 1 | RB 1] Throughput = 0.95295 Mbps
55336[UE 1 | RB 1] Throughput = 0.98445 Mbps
55436[UE 1 | RB 1] Throughput = 1.07590 Mbps
55546[UE 1 | RB 1] Throughput = 0.98375 Mbps
55649[UE 1 | RB 1] Throughput = 1.04779 Mbps
55756[UE 1 | RB 1] Throughput = 1.00547 Mbps
55866[UE 1 | RB 1] Throughput = 1.19717 Mbps
55976[UE 1 | RB 1] Throughput = 0.65578 Mbps
56077[UE 1 | RB 1] Throughput = 1.41287 Mbps
56186[UE 1 | RB 1] Throughput = 1.21380 Mbps
56296[UE 1 | RB 1] Throughput = 1.20231 Mbps
56396[UE 1 | RB 1] Throughput = 0.71887 Mbps
56497[UE 1 | RB 1] Throughput = 1.06769 Mbps
56607[UE 1 | RB 1] Throughput = 1.19446 Mbps
56716[UE 1 | RB 1] Throughput = 1.20985 Mbps
56816[UE 1 | RB 1] Throughput = 1.19827 Mbps
56926[UE 1 | RB 1] Throughput = 0.65429 Mbps
57026[UE 1 | RB 1] Throughput = 1.19674 Mbps
57136[UE 1 | RB 1] Throughput = 1.09305 Mbps
57236[UE 1 | RB 1] Throughput = 0.59756 Mbps
57347[UE 1 | RB 1] Throughput = 1.51781 Mbps
57456[UE 1 | RB 1] Throughput = 1.09369 Mbps
57566[UE 1 | RB 1] Throughput = 0.97877 Mbps
57667[UE 1 | RB 1] Throughput = 1.31258 Mbps
57776[UE 1 | RB 1] Throughput = 1.09772 Mbps
57876[UE 1 | RB 1] Throughput = 0.95825 Mbps
57976[UE 1 | RB 1] Throughput = 0.95458 Mbps
58087[UE 1 | RB 1] Throughput = 1.19013 Mbps
58197[UE 1 | RB 1] Throughput = 0.98411 Mbps
58306[UE 1 | RB 1] Throughput = 1.20766 Mbps
58407[UE 1 | RB 1] Throughput = 1.07179 Mbps
58517[UE 1 | RB 1] Throughput = 0.87186 Mbps
58626[UE 1 | RB 1] Throughput = 1.31255 Mbps
58736[UE 1 | RB 1] Throughput = 0.87070 Mbps
58846[UE 1 | RB 1] Throughput = 0.87388 Mbps
58947[UE 1 | RB 1] Throughput = 1.30878 Mbps
59056[UE 1 | RB 1] Throughput = 1.20652 Mbps
59156[UE 1 | RB 1] Throughput = 0.71860 Mbps
59256[UE 1 | RB 1] Throughput = 1.31642 Mbps
59357[UE 1 | RB 1] Throughput = 0.95424 Mbps
59467[UE 1 | RB 1] Throughput = 1.08784 Mbps
59577[UE 1 | RB 1] Throughput = 0.97418 Mbps
59686[UE 1 | RB 1] Throughput = 1.32367 Mbps
59787[UE 1 | RB 1] Throughput = 0.95218 Mbps
59896[UE 1 | RB 1] Throughput = 0.98580 Mbps
60006[UE 1 | RB 1] Throughput = 1.19993 Mbps
60106[UE 1 | RB 1] Throughput = 0.71859 Mbps
60216[UE 1 | RB 1] Throughput = 1.19859 Mbps
60316[UE 1 | RB 1] Throughput = 1.19668 Mbps
60426[UE 1 | RB 1] Throughput = 1.09027 Mbps
60526[UE 1 | RB 1] Throughput = 1.19732 Mbps
60627[UE 1 | RB 1] Throughput = 1.19047 Mbps
60736[UE 1 | RB 1] Throughput = 0.87667 Mbps
60846[UE 1 | RB 1] Throughput = 0.76184 Mbps
60947[UE 1 | RB 1] Throughput = 1.31288 Mbps
61056[UE 1 | RB 1] Throughput = 1.20728 Mbps
61156[UE 1 | RB 1] Throughput = 1.19518 Mbps
61258[UE 1 | RB 1] Throughput = 0.58706 Mbps
61366[UE 1 | RB 1] Throughput = 1.10992 Mbps
61476[UE 1 | RB 1] Throughput = 1.19633 Mbps
61577[UE 1 | RB 1] Throughput = 1.19650 Mbps
61686[UE 1 | RB 1] Throughput = 0.98671 Mbps
61788[UE 1 | RB 1] Throughput = 1.17153 Mbps
61896[UE 1 | RB 1] Throughput = 0.99679 Mbps
61997[UE 1 | RB 1] Throughput = 0.95521 Mbps
62099[UE 1 | RB 1] Throughput = 1.16980 Mbps
62207[UE 1 | RB 1] Throughput = 1.11722 Mbps
62307[UE 1 | RB 1] Throughput = 0.95872 Mbps
62416[UE 1 | RB 1] Throughput = 1.09016 Mbps
62517[UE 1 | RB 1] Throughput = 1.07531 Mbps
62627[UE 1 | RB 1] Throughput = 0.87298 Mbps
62737[UE 1 | RB 1] Throughput = 1.41602 Mbps
62846[UE 1 | RB 1] Throughput = 1.09086 Mbps
62947[UE 1 | RB 1] Throughput = 1.07528 Mbps
63047[UE 1 | RB 1] Throughput = 0.95779 Mbps
63156[UE 1 | RB 1] Throughput = 1.09844 Mbps
63256[UE 1 | RB 1] Throughput = 1.19706 Mbps
63367[UE 1 | RB 1] Throughput = 1.08291 Mbps
63476[UE 1 | RB 1] Throughput = 0.76443 Mbps
63586[UE 1 | RB 1] Throughput = 1.09056 Mbps
63687[UE 1 | RB 1] Throughput = 1.07661 Mbps
63797[UE 1 | RB 1] Throughput = 1.08974 Mbps
63897[UE 1 | RB 1] Throughput = 1.19777 Mbps
64007[UE 1 | RB 1] Throughput = 0.65356 Mbps
64117[UE 1 | RB 1] Throughput = 1.29688 Mbps
64227[UE 1 | RB 1] Throughput = 1.09764 Mbps
64336[UE 1 | RB 1] Throughput = 1.09439 Mbps
64436[UE 1 | RB 1] Throughput = 1.19595 Mbps
64539[UE 1 | RB 1] Throughput = 0.70371 Mbps
64647[UE 1 | RB 1] Throughput = 1.22015 Mbps
64748[UE 1 | RB 1] Throughput = 1.30395 Mbps
64856[UE 1 | RB 1] Throughput = 1.21421 Mbps
64956[UE 1 | RB 1] Throughput = 0.71827 Mbps
65056[UE 1 | RB 1] Throughput = 1.31645 Mbps
65166[UE 1 | RB 1] Throughput = 0.65590 Mbps
65267[UE 1 | RB 1] Throughput = 1.43182 Mbps
65367[UE 1 | RB 1] Throughput = 0.83716 Mbps
65476[UE 1 | RB 1] Throughput = 1.31354 Mbps
65586[UE 1 | RB 1] Throughput = 0.76095 Mbps
65687[UE 1 | RB 1] Throughput = 1.43431 Mbps
65796[UE 1 | RB 1] Throughput = 0.65799 Mbps
65908[UE 1 | RB 1] Throughput = 1.28133 Mbps
66016[UE 1 | RB 1] Throughput = 1.33137 Mbps
66126[UE 1 | RB 1] Throughput = 0.65454 Mbps
66226[UE 1 | RB 1] Throughput = 1.43650 Mbps
66327[UE 1 | RB 1] Throughput = 0.71628 Mbps
66436[UE 1 | RB 1] Throughput = 1.31671 Mbps
66537[UE 1 | RB 1] Throughput = 0.95082 Mbps
66637[UE 1 | RB 1] Throughput = 0.83666 Mbps
66747[UE 1 | RB 1] Throughput = 1.30792 Mbps
66856[UE 1 | RB 1] Throughput = 0.65803 Mbps
66957[UE 1 | RB 1] Throughput = 1.43295 Mbps
67057[UE 1 | RB 1] Throughput = 0.83708 Mbps
67166[UE 1 | RB 1] Throughput = 1.31127 Mbps
67267[UE 1 | RB 1] Throughput = 1.31570 Mbps
67377[UE 1 | RB 1] Throughput = 0.97974 Mbps
67486[UE 1 | RB 1] Throughput = 0.65679 Mbps
67586[UE 1 | RB 1] Throughput = 1.43656 Mbps
67687[UE 1 | RB 1] Throughput = 0.71698 Mbps
67796[UE 1 | RB 1] Throughput = 1.30819 Mbps
67906[UE 1 | RB 1] Throughput = 1.30706 Mbps
68007[UE 1 | RB 1] Throughput = 0.71806 Mbps
68116[UE 1 | RB 1] Throughput = 1.30952 Mbps
68219[UE 1 | RB 1] Throughput = 0.70449 Mbps
68327[UE 1 | RB 1] Throughput = 1.33162 Mbps
68427[UE 1 | RB 1] Throughput = 0.71882 Mbps
68527[UE 1 | RB 1] Throughput = 1.43274 Mbps
68627[UE 1 | RB 1] Throughput = 0.71826 Mbps
68737[UE 1 | RB 1] Throughput = 1.30764 Mbps
68847[UE 1 | RB 1] Throughput = 1.20274 Mbps
68947[UE 1 | RB 1] Throughput = 0.71706 Mbps
69057[UE 1 | RB 1] Throughput = 1.30876 Mbps
69157[UE 1 | RB 1] Throughput = 0.71744 Mbps
69267[UE 1 | RB 1] Throughput = 1.30845 Mbps
69377[UE 1 | RB 1] Throughput = 1.31007 Mbps
69487[UE 1 | RB 1] Throughput = 0.97871 Mbps
69587[UE 1 | RB 1] Throughput = 1.07755 Mbps
69697[UE 1 | RB 1] Throughput = 0.76428 Mbps
69797[UE 1 | RB 1] Throughput = 1.43728 Mbps
69907[UE 1 | RB 1] Throughput = 0.65379 Mbps
70007[UE 1 | RB 1] Throughput = 1.43603 Mbps
70117[UE 1 | RB 1] Throughput = 0.98040 Mbps
70227[UE 1 | RB 1] Throughput = 0.98109 Mbps
70327[UE 1 | RB 1] Throughput = 1.07408 Mbps
70428[UE 1 | RB 1] Throughput = 1.30701 Mbps
70537[UE 1 | RB 1] Throughput = 1.10293 Mbps
70647[UE 1 | RB 1] Throughput = 1.08613 Mbps
70757[UE 1 | RB 1] Throughput = 0.98385 Mbps
70857[UE 1 | RB 1] Throughput = 1.07706 Mbps
70957[UE 1 | RB 1] Throughput = 0.71780 Mbps
71067[UE 1 | RB 1] Throughput = 1.31019 Mbps
71177[UE 1 | RB 1] Throughput = 1.30546 Mbps
71287[UE 1 | RB 1] Throughput = 0.65374 Mbps
71387[UE 1 | RB 1] Throughput = 1.43775 Mbps
71487[UE 1 | RB 1] Throughput = 0.71574 Mbps
71597[UE 1 | RB 1] Throughput = 1.31353 Mbps
71707[UE 1 | RB 1] Throughput = 1.20015 Mbps
71807[UE 1 | RB 1] Throughput = 0.59874 Mbps
71917[UE 1 | RB 1] Throughput = 1.19949 Mbps
72017[UE 1 | RB 1] Throughput = 1.19657 Mbps
72117[UE 1 | RB 1] Throughput = 1.31430 Mbps
72227[UE 1 | RB 1] Throughput = 0.65448 Mbps
72338[UE 1 | RB 1] Throughput = 1.19005 Mbps
72447[UE 1 | RB 1] Throughput = 1.21061 Mbps
72547[UE 1 | RB 1] Throughput = 0.59889 Mbps
72647[UE 1 | RB 1] Throughput = 1.43468 Mbps
72757[UE 1 | RB 1] Throughput = 1.30746 Mbps
72867[UE 1 | RB 1] Throughput = 0.54470 Mbps
72968[UE 1 | RB 1] Throughput = 1.30383 Mbps
73077[UE 1 | RB 1] Throughput = 1.21493 Mbps
73177[UE 1 | RB 1] Throughput = 0.71797 Mbps
73287[UE 1 | RB 1] Throughput = 1.20032 Mbps
73387[UE 1 | RB 1] Throughput = 1.31595 Mbps
73487[UE 1 | RB 1] Throughput = 1.19747 Mbps
73597[UE 1 | RB 1] Throughput = 0.76329 Mbps
73697[UE 1 | RB 1] Throughput = 1.43346 Mbps
73797[UE 1 | RB 1] Throughput = 0.59844 Mbps
73907[UE 1 | RB 1] Throughput = 1.31256 Mbps
74007[UE 1 | RB 1] Throughput = 0.95399 Mbps
74117[UE 1 | RB 1] Throughput = 1.30994 Mbps
74227[UE 1 | RB 1] Throughput = 0.65337 Mbps
74337[UE 1 | RB 1] Throughput = 1.30691 Mbps
74447[UE 1 | RB 1] Throughput = 0.65594 Mbps
74547[UE 1 | RB 1] Throughput = 1.43372 Mbps
74657[UE 1 | RB 1] Throughput = 1.19865 Mbps
74757[UE 1 | RB 1] Throughput = 0.71805 Mbps
74867[UE 1 | RB 1] Throughput = 1.19789 Mbps
74967[UE 1 | RB 1] Throughput = 1.31457 Mbps
75078[UE 1 | RB 1] Throughput = 0.65319 Mbps
75187[UE 1 | RB 1] Throughput = 1.53174 Mbps
75297[UE 1 | RB 1] Throughput = 0.98172 Mbps
75398[UE 1 | RB 1] Throughput = 0.83323 Mbps
75507[UE 1 | RB 1] Throughput = 1.09355 Mbps
75618[UE 1 | RB 1] Throughput = 1.19472 Mbps
75727[UE 1 | RB 1] Throughput = 1.09451 Mbps
75827[UE 1 | RB 1] Throughput = 0.71808 Mbps
75938[UE 1 | RB 1] Throughput = 1.18753 Mbps
76048[UE 1 | RB 1] Throughput = 1.20318 Mbps
76148[UE 1 | RB 1] Throughput = 1.19674 Mbps
76249[UE 1 | RB 1] Throughput = 1.30258 Mbps
76358[UE 1 | RB 1] Throughput = 0.88436 Mbps
76467[UE 1 | RB 1] Throughput = 1.09352 Mbps
76568[UE 1 | RB 1] Throughput = 1.18628 Mbps
76677[UE 1 | RB 1] Throughput = 0.88131 Mbps
76777[UE 1 | RB 1] Throughput = 1.31503 Mbps
76887[UE 1 | RB 1] Throughput = 0.86878 Mbps
76997[UE 1 | RB 1] Throughput = 1.09362 Mbps
77097[UE 1 | RB 1] Throughput = 1.07672 Mbps
77207[UE 1 | RB 1] Throughput = 1.09179 Mbps
77317[UE 1 | RB 1] Throughput = 0.87202 Mbps
77417[UE 1 | RB 1] Throughput = 1.31529 Mbps
77517[UE 1 | RB 1] Throughput = 1.19646 Mbps
77628[UE 1 | RB 1] Throughput = 0.86999 Mbps
77737[UE 1 | RB 1] Throughput = 0.98186 Mbps
77848[UE 1 | RB 1] Throughput = 1.18974 Mbps
77957[UE 1 | RB 1] Throughput = 1.21163 Mbps
78057[UE 1 | RB 1] Throughput = 0.71771 Mbps
78157[UE 1 | RB 1] Throughput = 1.19538 Mbps
78268[UE 1 | RB 1] Throughput = 1.08349 Mbps
78368[UE 1 | RB 1] Throughput = 1.07833 Mbps
78477[UE 1 | RB 1] Throughput = 1.09923 Mbps
78578[UE 1 | RB 1] Throughput = 0.95155 Mbps
78678[UE 1 | RB 1] Throughput = 0.59857 Mbps
78788[UE 1 | RB 1] Throughput = 1.51946 Mbps
78897[UE 1 | RB 1] Throughput = 0.99203 Mbps
79007[UE 1 | RB 1] Throughput = 1.19504 Mbps
79117[UE 1 | RB 1] Throughput = 0.98222 Mbps
79218[UE 1 | RB 1] Throughput = 0.71658 Mbps
79328[UE 1 | RB 1] Throughput = 1.41561 Mbps
79428[UE 1 | RB 1] Throughput = 1.07473 Mbps
79538[UE 1 | RB 1] Throughput = 0.87080 Mbps
79648[UE 1 | RB 1] Throughput = 1.31202 Mbps
79749[UE 1 | RB 1] Throughput = 1.06884 Mbps
79857[UE 1 | RB 1] Throughput = 0.77295 Mbps
79959[UE 1 | RB 1] Throughput = 1.29143 Mbps
80067[UE 1 | RB 1] Throughput = 1.22072 Mbps
80167[UE 1 | RB 1] Throughput = 1.19655 Mbps
80268[UE 1 | RB 1] Throughput = 0.83708 Mbps
80377[UE 1 | RB 1] Throughput = 1.31266 Mbps
80477[UE 1 | RB 1] Throughput = 0.71889 Mbps
80590[UE 1 | RB 1] Throughput = 1.06000 Mbps
80697[UE 1 | RB 1] Throughput = 1.11853 Mbps
80797[UE 1 | RB 1] Throughput = 1.19622 Mbps
80899[UE 1 | RB 1] Throughput = 1.06655 Mbps
81007[UE 1 | RB 1] Throughput = 1.21225 Mbps
81108[UE 1 | RB 1] Throughput = 0.83705 Mbps
81218[UE 1 | RB 1] Throughput = 1.08988 Mbps
81328[UE 1 | RB 1] Throughput = 1.19542 Mbps
81428[UE 1 | RB 1] Throughput = 0.59810 Mbps
81539[UE 1 | RB 1] Throughput = 1.19131 Mbps
81647[UE 1 | RB 1] Throughput = 1.32208 Mbps
81748[UE 1 | RB 1] Throughput = 0.95526 Mbps
81857[UE 1 | RB 1] Throughput = 1.20278 Mbps
81959[UE 1 | RB 1] Throughput = 1.06511 Mbps
82068[UE 1 | RB 1] Throughput = 0.65973 Mbps
82177[UE 1 | RB 1] Throughput = 1.30950 Mbps
82278[UE 1 | RB 1] Throughput = 1.07365 Mbps
82387[UE 1 | RB 1] Throughput = 1.09572 Mbps
82497[UE 1 | RB 1] Throughput = 1.09063 Mbps
82597[UE 1 | RB 1] Throughput = 0.59766 Mbps
82698[UE 1 | RB 1] Throughput = 1.43641 Mbps
82798[UE 1 | RB 1] Throughput = 0.83581 Mbps
82907[UE 1 | RB 1] Throughput = 1.31212 Mbps
83018[UE 1 | RB 1] Throughput = 1.08938 Mbps
83127[UE 1 | RB 1] Throughput = 1.08958 Mbps
83240[UE 1 | RB 1] Throughput = 1.16653 Mbps
83347[UE 1 | RB 1] Throughput = 1.12043 Mbps
83448[UE 1 | RB 1] Throughput = 0.71625 Mbps
83549[UE 1 | RB 1] Throughput = 1.19052 Mbps
83658[UE 1 | RB 1] Throughput = 1.09931 Mbps
83758[UE 1 | RB 1] Throughput = 1.19818 Mbps
83868[UE 1 | RB 1] Throughput = 1.19715 Mbps
83977[UE 1 | RB 1] Throughput = 0.76570 Mbps
84077[UE 1 | RB 1] Throughput = 1.19689 Mbps
84178[UE 1 | RB 1] Throughput = 0.83600 Mbps
84288[UE 1 | RB 1] Throughput = 1.19897 Mbps
84388[UE 1 | RB 1] Throughput = 1.19546 Mbps
84498[UE 1 | RB 1] Throughput = 1.19869 Mbps
84608[UE 1 | RB 1] Throughput = 0.65551 Mbps
84708[UE 1 | RB 1] Throughput = 1.19664 Mbps
84808[UE 1 | RB 1] Throughput = 1.43762 Mbps
84908[UE 1 | RB 1] Throughput = 0.71875 Mbps
85008[UE 1 | RB 1] Throughput = 1.19733 Mbps
85117[UE 1 | RB 1] Throughput = 1.20701 Mbps
85218[UE 1 | RB 1] Throughput = 0.59631 Mbps
85318[UE 1 | RB 1] Throughput = 1.31046 Mbps
85419[UE 1 | RB 1] Throughput = 1.18603 Mbps
85528[UE 1 | RB 1] Throughput = 1.21174 Mbps
85628[UE 1 | RB 1] Throughput = 0.83792 Mbps
85728[UE 1 | RB 1] Throughput = 1.07678 Mbps
85838[UE 1 | RB 1] Throughput = 1.20087 Mbps
85938[UE 1 | RB 1] Throughput = 0.95559 Mbps
86048[UE 1 | RB 1] Throughput = 0.87442 Mbps
86158[UE 1 | RB 1] Throughput = 1.19821 Mbps
86268[UE 1 | RB 1] Throughput = 0.98202 Mbps
86368[UE 1 | RB 1] Throughput = 1.31698 Mbps
86468[UE 1 | RB 1] Throughput = 0.59770 Mbps
86579[UE 1 | RB 1] Throughput = 1.19036 Mbps
86688[UE 1 | RB 1] Throughput = 1.20954 Mbps
86788[UE 1 | RB 1] Throughput = 1.07403 Mbps
86898[UE 1 | RB 1] Throughput = 1.09473 Mbps
86998[UE 1 | RB 1] Throughput = 1.31637 Mbps
87108[UE 1 | RB 1] Throughput = 0.54601 Mbps
87208[UE 1 | RB 1] Throughput = 1.42953 Mbps
87318[UE 1 | RB 1] Throughput = 0.65702 Mbps
87428[UE 1 | RB 1] Throughput = 1.19674 Mbps
87538[UE 1 | RB 1] Throughput = 1.20259 Mbps
87638[UE 1 | RB 1] Throughput = 1.31540 Mbps
87738[UE 1 | RB 1] Throughput = 0.59883 Mbps
87838[UE 1 | RB 1] Throughput = 1.31791 Mbps
87938[UE 1 | RB 1] Throughput = 1.31667 Mbps
88049[UE 1 | RB 1] Throughput = 0.96980 Mbps
88158[UE 1 | RB 1] Throughput = 0.66141 Mbps
88268[UE 1 | RB 1] Throughput = 1.41869 Mbps
88370[UE 1 | RB 1] Throughput = 0.70579 Mbps
88478[UE 1 | RB 1] Throughput = 1.33053 Mbps
88588[UE 1 | RB 1] Throughput = 1.19701 Mbps
88699[UE 1 | RB 1] Throughput = 1.07991 Mbps
88808[UE 1 | RB 1] Throughput = 1.20779 Mbps
88918[UE 1 | RB 1] Throughput = 0.97849 Mbps
89028[UE 1 | RB 1] Throughput = 1.19977 Mbps
89137[UE 1 | RB 1] Throughput = 0.87562 Mbps
89248[UE 1 | RB 1] Throughput = 0.21746 Mbps
89358[UE 1 | RB 1] Throughput = 1.85083 Mbps
89458[UE 1 | RB 1] Throughput = 1.31546 Mbps
89568[UE 1 | RB 1] Throughput = 1.08790 Mbps
89668[UE 1 | RB 1] Throughput = 0.83735 Mbps
89778[UE 1 | RB 1] Throughput = 1.20238 Mbps
89878[UE 1 | RB 1] Throughput = 0.83880 Mbps
89988[UE 1 | RB 1] Throughput = 1.30792 Mbps
[xApp]: E42 RIC_SUBSCRIPTION_DELETE_REQUEST tx RAN_FUNC_ID 144 RIC_REQ_ID 1 
[xApp]: E42 SUBSCRIPTION DELETE RESPONSE rx
[xApp]: E42 RIC_SUBSCRIPTION_DELETE_REQUEST tx RAN_FUNC_ID 144 RIC_REQ_ID 2 
[xApp]: E42 SUBSCRIPTION DELETE RESPONSE rx
[xApp]: E42 RIC_SUBSCRIPTION_DELETE_REQUEST tx RAN_FUNC_ID 144 RIC_REQ_ID 3 
[xApp]: E42 SUBSCRIPTION DELETE RESPONSE rx
[xApp]: Sucessfully stopped 
Test xApp run SUCCESSFULLY
