[UTIL]: Setting the config -c file to /usr/local/etc/flexric/flexric.conf
[UTIL]: Setting path -p for the shared libraries to /usr/local/lib/flexric/
[xAapp]: Initializing ... 
[xApp]: nearRT-RIC IP Address = 192.168.70.150, PORT = 36422
[E2 AGENT]: Opening plugin from path = /usr/local/lib/flexric/libkpm_sm.so 
[E2 AGENT]: Opening plugin from path = /usr/local/lib/flexric/libmac_sm.so 
[E2 AGENT]: Opening plugin from path = /usr/local/lib/flexric/libpdcp_sm.so 
[E2 AGENT]: Opening plugin from path = /usr/local/lib/flexric/libgtp_sm.so 
[E2 AGENT]: Opening plugin from path = /usr/local/lib/flexric/librc_sm.so 
[E2 AGENT]: Opening plugin from path = /usr/local/lib/flexric/libtc_sm.so 
[E2 AGENT]: Opening plugin from path = /usr/local/lib/flexric/librlc_sm.so 
[E2 AGENT]: Opening plugin from path = /usr/local/lib/flexric/libslice_sm.so 
[NEAR-RIC]: Loading SM ID = 2 with def = ORAN-E2SM-KPM 
[NEAR-RIC]: Loading SM ID = 142 with def = MAC_STATS_V0 
[NEAR-RIC]: Loading SM ID = 144 with def = PDCP_STATS_V0 
[NEAR-RIC]: Loading SM ID = 148 with def = GTP_STATS_V0 
[NEAR-RIC]: Loading SM ID = 3 with def = ORAN-E2SM-RC 
[NEAR-RIC]: Loading SM ID = 146 with def = TC_STATS_V0 
[NEAR-RIC]: Loading SM ID = 143 with def = RLC_STATS_V0 
[NEAR-RIC]: Loading SM ID = 145 with def = SLICE_STATS_V0 
[xApp]: DB filename = /tmp/flexric/xapp_db 
 [xApp]: E42 SETUP-REQUEST tx
[xApp]: E42 SETUP-RESPONSE rx 
[xApp]: xApp ID = 7 
[xApp]: Registered E2 Nodes = 3 
Connected E2 nodes = 3
[xAPP] Registered node 0 ran func id = 2 
 [xAPP] Registered node 0 ran func id = 3 
 [xAPP] Registered node 0 ran func id = 142 
 [xAPP] Registered node 0 ran func id = 143 
 [xAPP] Registered node 0 ran func id = 144 
 [xAPP] Registered node 0 ran func id = 145 
 [xAPP] Registered node 0 ran func id = 146 
 [xAPP] Registered node 0 ran func id = 148 
 [xApp]: E42 RIC SUBSCRIPTION REQUEST tx RAN_FUNC_ID 144 RIC_REQ_ID 1 
[xApp]: SUBSCRIPTION RESPONSE rx
[xApp]: Successfully subscribed to RAN_FUNC_ID 144 
[xAPP] Registered node 1 ran func id = 2 
 [xAPP] Registered node 1 ran func id = 3 
 [xAPP] Registered node 1 ran func id = 142 
 [xAPP] Registered node 1 ran func id = 143 
 [xAPP] Registered node 1 ran func id = 144 
 [xAPP] Registered node 1 ran func id = 145 
 [xAPP] Registered node 1 ran func id = 146 
 [xAPP] Registered node 1 ran func id = 148 
 [xApp]: E42 RIC SUBSCRIPTION REQUEST tx RAN_FUNC_ID 144 RIC_REQ_ID 2 
[xApp]: SUBSCRIPTION RESPONSE rx
[xApp]: Successfully subscribed to RAN_FUNC_ID 144 
[xAPP] Registered node 2 ran func id = 2 
 [xAPP] Registered node 2 ran func id = 3 
 [xAPP] Registered node 2 ran func id = 142 
 [xAPP] Registered node 2 ran func id = 143 
 [xAPP] Registered node 2 ran func id = 144 
 [xAPP] Registered node 2 ran func id = 145 
 [xAPP] Registered node 2 ran func id = 146 
 [xAPP] Registered node 2 ran func id = 148 
 [xApp]: E42 RIC SUBSCRIPTION REQUEST tx RAN_FUNC_ID 144 RIC_REQ_ID 3 
[xApp]: SUBSCRIPTION RESPONSE rx
[xApp]: Successfully subscribed to RAN_FUNC_ID 144 
123[UE 1 | RB 1] Throughput = 1.20121 Mbps
223[UE 1 | RB 1] Throughput = 1.31754 Mbps
333[UE 1 | RB 1] Throughput = 1.09003 Mbps
443[UE 1 | RB 1] Throughput = 1.08901 Mbps
553[UE 1 | RB 1] Throughput = 0.87194 Mbps
663[UE 1 | RB 1] Throughput = 0.98068 Mbps
763[UE 1 | RB 1] Throughput = 1.31810 Mbps
863[UE 1 | RB 1] Throughput = 0.71844 Mbps
973[UE 1 | RB 1] Throughput = 1.20254 Mbps
1073[UE 1 | RB 1] Throughput = 0.83582 Mbps
1183[UE 1 | RB 1] Throughput = 1.20214 Mbps
1283[UE 1 | RB 1] Throughput = 1.19418 Mbps
1383[UE 1 | RB 1] Throughput = 0.83808 Mbps
1483[UE 1 | RB 1] Throughput = 1.43524 Mbps
1593[UE 1 | RB 1] Throughput = 0.87383 Mbps
1703[UE 1 | RB 1] Throughput = 1.08825 Mbps
1813[UE 1 | RB 1] Throughput = 0.98405 Mbps
1913[UE 1 | RB 1] Throughput = 1.31595 Mbps
2013[UE 1 | RB 1] Throughput = 0.59890 Mbps
2123[UE 1 | RB 1] Throughput = 1.52632 Mbps
2223[UE 1 | RB 1] Throughput = 0.71619 Mbps
2333[UE 1 | RB 1] Throughput = 1.20246 Mbps
2433[UE 1 | RB 1] Throughput = 1.31627 Mbps
2543[UE 1 | RB 1] Throughput = 0.87199 Mbps
2643[UE 1 | RB 1] Throughput = 0.83768 Mbps
2753[UE 1 | RB 1] Throughput = 1.20264 Mbps
2853[UE 1 | RB 1] Throughput = 0.83387 Mbps
2963[UE 1 | RB 1] Throughput = 1.31554 Mbps
3084[UE 1 | RB 1] Throughput = 0.69236 Mbps
4088[UE 1 | RB 1] Throughput = 0.02386 Mbps
4193[UE 1 | RB 1] Throughput = 11.45030 Mbps
4303[UE 1 | RB 1] Throughput = 1.30243 Mbps
4413[UE 1 | RB 1] Throughput = 0.76342 Mbps
4513[UE 1 | RB 1] Throughput = 1.31544 Mbps
4623[UE 1 | RB 1] Throughput = 0.65645 Mbps
4723[UE 1 | RB 1] Throughput = 1.55140 Mbps
4823[UE 1 | RB 1] Throughput = 0.95796 Mbps
4933[UE 1 | RB 1] Throughput = 1.09195 Mbps
5033[UE 1 | RB 1] Throughput = 1.07621 Mbps
5143[UE 1 | RB 1] Throughput = 1.09039 Mbps
5253[UE 1 | RB 1] Throughput = 1.09544 Mbps
5353[UE 1 | RB 1] Throughput = 1.07503 Mbps
5453[UE 1 | RB 1] Throughput = 1.07516 Mbps
5563[UE 1 | RB 1] Throughput = 0.21828 Mbps
5673[UE 1 | RB 1] Throughput = 1.74576 Mbps
5773[UE 1 | RB 1] Throughput = 1.19424 Mbps
5883[UE 1 | RB 1] Throughput = 1.09190 Mbps
5993[UE 1 | RB 1] Throughput = 1.09198 Mbps
6093[UE 1 | RB 1] Throughput = 1.19529 Mbps
6203[UE 1 | RB 1] Throughput = 0.65337 Mbps
6303[UE 1 | RB 1] Throughput = 1.43608 Mbps
6403[UE 1 | RB 1] Throughput = 1.31704 Mbps
6513[UE 1 | RB 1] Throughput = 0.54546 Mbps
6623[UE 1 | RB 1] Throughput = 1.30708 Mbps
6733[UE 1 | RB 1] Throughput = 1.08910 Mbps
6843[UE 1 | RB 1] Throughput = 0.65496 Mbps
6953[UE 1 | RB 1] Throughput = 1.63375 Mbps
7053[UE 1 | RB 1] Throughput = 0.71743 Mbps
7164[UE 1 | RB 1] Throughput = 1.30466 Mbps
7273[UE 1 | RB 1] Throughput = 0.87324 Mbps
7383[UE 1 | RB 1] Throughput = 1.30710 Mbps
7493[UE 1 | RB 1] Throughput = 1.08977 Mbps
7603[UE 1 | RB 1] Throughput = 0.65451 Mbps
7703[UE 1 | RB 1] Throughput = 1.31813 Mbps
7803[UE 1 | RB 1] Throughput = 0.83725 Mbps
7913[UE 1 | RB 1] Throughput = 1.09170 Mbps
8013[UE 1 | RB 1] Throughput = 1.43782 Mbps
8113[UE 1 | RB 1] Throughput = 0.59863 Mbps
8223[UE 1 | RB 1] Throughput = 1.30546 Mbps
8333[UE 1 | RB 1] Throughput = 0.98064 Mbps
8433[UE 1 | RB 1] Throughput = 1.31817 Mbps
8533[UE 1 | RB 1] Throughput = 0.59883 Mbps
8644[UE 1 | RB 1] Throughput = 1.08810 Mbps
8753[UE 1 | RB 1] Throughput = 1.20112 Mbps
8863[UE 1 | RB 1] Throughput = 1.30623 Mbps
8973[UE 1 | RB 1] Throughput = 0.65627 Mbps
9073[UE 1 | RB 1] Throughput = 1.43289 Mbps
9173[UE 1 | RB 1] Throughput = 0.71881 Mbps
9283[UE 1 | RB 1] Throughput = 1.19796 Mbps
9393[UE 1 | RB 1] Throughput = 1.30717 Mbps
9503[UE 1 | RB 1] Throughput = 0.76446 Mbps
9604[UE 1 | RB 1] Throughput = 1.31296 Mbps
9713[UE 1 | RB 1] Throughput = 1.20099 Mbps
9813[UE 1 | RB 1] Throughput = 0.83847 Mbps
9913[UE 1 | RB 1] Throughput = 0.71899 Mbps
10013[UE 1 | RB 1] Throughput = 1.43746 Mbps
10123[UE 1 | RB 1] Throughput = 1.30849 Mbps
10234[UE 1 | RB 1] Throughput = 0.65225 Mbps
10344[UE 1 | RB 1] Throughput = 1.19926 Mbps
10453[UE 1 | RB 1] Throughput = 1.20153 Mbps
10553[UE 1 | RB 1] Throughput = 0.71811 Mbps
10663[UE 1 | RB 1] Throughput = 1.30790 Mbps
10763[UE 1 | RB 1] Throughput = 1.31708 Mbps
10873[UE 1 | RB 1] Throughput = 0.76303 Mbps
10974[UE 1 | RB 1] Throughput = 1.07664 Mbps
11074[UE 1 | RB 1] Throughput = 1.43782 Mbps
11184[UE 1 | RB 1] Throughput = 0.65345 Mbps
11293[UE 1 | RB 1] Throughput = 1.31305 Mbps
11393[UE 1 | RB 1] Throughput = 0.83565 Mbps
11494[UE 1 | RB 1] Throughput = 1.07583 Mbps
11603[UE 1 | RB 1] Throughput = 1.20292 Mbps
11713[UE 1 | RB 1] Throughput = 1.30763 Mbps
11823[UE 1 | RB 1] Throughput = 1.09166 Mbps
11924[UE 1 | RB 1] Throughput = 0.59647 Mbps
12024[UE 1 | RB 1] Throughput = 1.19777 Mbps
12133[UE 1 | RB 1] Throughput = 1.20135 Mbps
12234[UE 1 | RB 1] Throughput = 0.71625 Mbps
12344[UE 1 | RB 1] Throughput = 1.41828 Mbps
12444[UE 1 | RB 1] Throughput = 1.19295 Mbps
12553[UE 1 | RB 1] Throughput = 0.98598 Mbps
12663[UE 1 | RB 1] Throughput = 0.97984 Mbps
12773[UE 1 | RB 1] Throughput = 1.09232 Mbps
12873[UE 1 | RB 1] Throughput = 1.19635 Mbps
12973[UE 1 | RB 1] Throughput = 0.71830 Mbps
13074[UE 1 | RB 1] Throughput = 1.43574 Mbps
13183[UE 1 | RB 1] Throughput = 1.20041 Mbps
13284[UE 1 | RB 1] Throughput = 0.59880 Mbps
13393[UE 1 | RB 1] Throughput = 1.09235 Mbps
13504[UE 1 | RB 1] Throughput = 1.30202 Mbps
13604[UE 1 | RB 1] Throughput = 0.71353 Mbps
13713[UE 1 | RB 1] Throughput = 1.31984 Mbps
13814[UE 1 | RB 1] Throughput = 0.83787 Mbps
13914[UE 1 | RB 1] Throughput = 1.31631 Mbps
14023[UE 1 | RB 1] Throughput = 0.98338 Mbps
14123[UE 1 | RB 1] Throughput = 0.83860 Mbps
14224[UE 1 | RB 1] Throughput = 1.31473 Mbps
14334[UE 1 | RB 1] Throughput = 1.19851 Mbps
14444[UE 1 | RB 1] Throughput = 1.09019 Mbps
14553[UE 1 | RB 1] Throughput = 0.87286 Mbps
14653[UE 1 | RB 1] Throughput = 1.43730 Mbps
14763[UE 1 | RB 1] Throughput = 0.87190 Mbps
14875[UE 1 | RB 1] Throughput = 0.85822 Mbps
14983[UE 1 | RB 1] Throughput = 1.21729 Mbps
15084[UE 1 | RB 1] Throughput = 1.31621 Mbps
15194[UE 1 | RB 1] Throughput = 0.76237 Mbps
15294[UE 1 | RB 1] Throughput = 1.19811 Mbps
15403[UE 1 | RB 1] Throughput = 1.30954 Mbps
15504[UE 1 | RB 1] Throughput = 0.71808 Mbps
15604[UE 1 | RB 1] Throughput = 1.43728 Mbps
15704[UE 1 | RB 1] Throughput = 0.71777 Mbps
15814[UE 1 | RB 1] Throughput = 1.20048 Mbps
15914[UE 1 | RB 1] Throughput = 0.71740 Mbps
16023[UE 1 | RB 1] Throughput = 1.20241 Mbps
16124[UE 1 | RB 1] Throughput = 0.47823 Mbps
16234[UE 1 | RB 1] Throughput = 1.85140 Mbps
16334[UE 1 | RB 1] Throughput = 0.83750 Mbps
16444[UE 1 | RB 1] Throughput = 1.09325 Mbps
16544[UE 1 | RB 1] Throughput = 1.31633 Mbps
16654[UE 1 | RB 1] Throughput = 1.08821 Mbps
16754[UE 1 | RB 1] Throughput = 0.95664 Mbps
16864[UE 1 | RB 1] Throughput = 1.09421 Mbps
16964[UE 1 | RB 1] Throughput = 0.83575 Mbps
17074[UE 1 | RB 1] Throughput = 1.30756 Mbps
17174[UE 1 | RB 1] Throughput = 0.71793 Mbps
17284[UE 1 | RB 1] Throughput = 1.20126 Mbps
17384[UE 1 | RB 1] Throughput = 1.07802 Mbps
17494[UE 1 | RB 1] Throughput = 0.87142 Mbps
17604[UE 1 | RB 1] Throughput = 1.08827 Mbps
17713[UE 1 | RB 1] Throughput = 1.20397 Mbps
17814[UE 1 | RB 1] Throughput = 1.31748 Mbps
17914[UE 1 | RB 1] Throughput = 0.59672 Mbps
18014[UE 1 | RB 1] Throughput = 1.31824 Mbps
18124[UE 1 | RB 1] Throughput = 1.31257 Mbps
18224[UE 1 | RB 1] Throughput = 0.71511 Mbps
18334[UE 1 | RB 1] Throughput = 1.19905 Mbps
18434[UE 1 | RB 1] Throughput = 0.83846 Mbps
18544[UE 1 | RB 1] Throughput = 1.20045 Mbps
18644[UE 1 | RB 1] Throughput = 1.19823 Mbps
18744[UE 1 | RB 1] Throughput = 0.71901 Mbps
18854[UE 1 | RB 1] Throughput = 1.42110 Mbps
18954[UE 1 | RB 1] Throughput = 1.19530 Mbps
19054[UE 1 | RB 1] Throughput = 0.59894 Mbps
19154[UE 1 | RB 1] Throughput = 1.31659 Mbps
19264[UE 1 | RB 1] Throughput = 1.31073 Mbps
19364[UE 1 | RB 1] Throughput = 0.95831 Mbps
19464[UE 1 | RB 1] Throughput = 1.07483 Mbps
19564[UE 1 | RB 1] Throughput = 0.95728 Mbps
19674[UE 1 | RB 1] Throughput = 0.98112 Mbps
19784[UE 1 | RB 1] Throughput = 1.19772 Mbps
19894[UE 1 | RB 1] Throughput = 0.54529 Mbps
20004[UE 1 | RB 1] Throughput = 1.19995 Mbps
20104[UE 1 | RB 1] Throughput = 1.31525 Mbps
20204[UE 1 | RB 1] Throughput = 1.31613 Mbps
20314[UE 1 | RB 1] Throughput = 0.76535 Mbps
20414[UE 1 | RB 1] Throughput = 1.43697 Mbps
20514[UE 1 | RB 1] Throughput = 0.71858 Mbps
20614[UE 1 | RB 1] Throughput = 1.43462 Mbps
20724[UE 1 | RB 1] Throughput = 0.65406 Mbps
20834[UE 1 | RB 1] Throughput = 1.08826 Mbps
20934[UE 1 | RB 1] Throughput = 1.31803 Mbps
21044[UE 1 | RB 1] Throughput = 0.98324 Mbps
21144[UE 1 | RB 1] Throughput = 1.43316 Mbps
21254[UE 1 | RB 1] Throughput = 0.65685 Mbps
21354[UE 1 | RB 1] Throughput = 1.31422 Mbps
21464[UE 1 | RB 1] Throughput = 0.98154 Mbps
21574[UE 1 | RB 1] Throughput = 0.98245 Mbps
21674[UE 1 | RB 1] Throughput = 0.71725 Mbps
21784[UE 1 | RB 1] Throughput = 1.31148 Mbps
21884[UE 1 | RB 1] Throughput = 1.31159 Mbps
21994[UE 1 | RB 1] Throughput = 0.98084 Mbps
25145[UE 1 | RB 1] Throughput = 0.03423 Mbps
25254[UE 1 | RB 1] Throughput = 30.83897 Mbps
25354[UE 1 | RB 1] Throughput = 1.31779 Mbps
25464[UE 1 | RB 1] Throughput = 0.98171 Mbps
25574[UE 1 | RB 1] Throughput = 0.98039 Mbps
25684[UE 1 | RB 1] Throughput = 1.08820 Mbps
25794[UE 1 | RB 1] Throughput = 1.09236 Mbps
25894[UE 1 | RB 1] Throughput = 1.19539 Mbps
26004[UE 1 | RB 1] Throughput = 1.08960 Mbps
26104[UE 1 | RB 1] Throughput = 0.59835 Mbps
26214[UE 1 | RB 1] Throughput = 1.30983 Mbps
26324[UE 1 | RB 1] Throughput = 1.19691 Mbps
26434[UE 1 | RB 1] Throughput = 1.09188 Mbps
26534[UE 1 | RB 1] Throughput = 0.71856 Mbps
26634[UE 1 | RB 1] Throughput = 1.31795 Mbps
26744[UE 1 | RB 1] Throughput = 0.87118 Mbps
26845[UE 1 | RB 1] Throughput = 0.71617 Mbps
26954[UE 1 | RB 1] Throughput = 1.52977 Mbps
27054[UE 1 | RB 1] Throughput = 0.83786 Mbps
27155[UE 1 | RB 1] Throughput = 1.43517 Mbps
27265[UE 1 | RB 1] Throughput = 1.09071 Mbps
27374[UE 1 | RB 1] Throughput = 0.76424 Mbps
27475[UE 1 | RB 1] Throughput = 1.07611 Mbps
27584[UE 1 | RB 1] Throughput = 0.98370 Mbps
27684[UE 1 | RB 1] Throughput = 1.19754 Mbps
27794[UE 1 | RB 1] Throughput = 1.09330 Mbps
27894[UE 1 | RB 1] Throughput = 1.31198 Mbps
28004[UE 1 | RB 1] Throughput = 0.97966 Mbps
28115[UE 1 | RB 1] Throughput = 0.97885 Mbps
28224[UE 1 | RB 1] Throughput = 1.20045 Mbps
28334[UE 1 | RB 1] Throughput = 0.98221 Mbps
28444[UE 1 | RB 1] Throughput = 0.98141 Mbps
28545[UE 1 | RB 1] Throughput = 1.31358 Mbps
28645[UE 1 | RB 1] Throughput = 0.83884 Mbps
28755[UE 1 | RB 1] Throughput = 0.97882 Mbps
28864[UE 1 | RB 1] Throughput = 1.20076 Mbps
28965[UE 1 | RB 1] Throughput = 1.19723 Mbps
29065[UE 1 | RB 1] Throughput = 1.19754 Mbps
29174[UE 1 | RB 1] Throughput = 0.98227 Mbps
29275[UE 1 | RB 1] Throughput = 1.07811 Mbps
29384[UE 1 | RB 1] Throughput = 0.98238 Mbps
29484[UE 1 | RB 1] Throughput = 1.19713 Mbps
29584[UE 1 | RB 1] Throughput = 0.95780 Mbps
29694[UE 1 | RB 1] Throughput = 1.09033 Mbps
29804[UE 1 | RB 1] Throughput = 1.09082 Mbps
29914[UE 1 | RB 1] Throughput = 1.08729 Mbps
30015[UE 1 | RB 1] Throughput = 0.95734 Mbps
30125[UE 1 | RB 1] Throughput = 1.08952 Mbps
30235[UE 1 | RB 1] Throughput = 1.19861 Mbps
30344[UE 1 | RB 1] Throughput = 0.87345 Mbps
30454[UE 1 | RB 1] Throughput = 1.09065 Mbps
30555[UE 1 | RB 1] Throughput = 0.83662 Mbps
30655[UE 1 | RB 1] Throughput = 1.19741 Mbps
30755[UE 1 | RB 1] Throughput = 1.19836 Mbps
30864[UE 1 | RB 1] Throughput = 1.20033 Mbps
30975[UE 1 | RB 1] Throughput = 0.97838 Mbps
31085[UE 1 | RB 1] Throughput = 0.98181 Mbps
31185[UE 1 | RB 1] Throughput = 1.07724 Mbps
31295[UE 1 | RB 1] Throughput = 1.09081 Mbps
31404[UE 1 | RB 1] Throughput = 1.08982 Mbps
31505[UE 1 | RB 1] Throughput = 0.83683 Mbps
31615[UE 1 | RB 1] Throughput = 1.30742 Mbps
31724[UE 1 | RB 1] Throughput = 1.09170 Mbps
31825[UE 1 | RB 1] Throughput = 0.59822 Mbps
31934[UE 1 | RB 1] Throughput = 1.20085 Mbps
32035[UE 1 | RB 1] Throughput = 1.31516 Mbps
32145[UE 1 | RB 1] Throughput = 1.08951 Mbps
32255[UE 1 | RB 1] Throughput = 1.08807 Mbps
32365[UE 1 | RB 1] Throughput = 0.97994 Mbps
32465[UE 1 | RB 1] Throughput = 0.95828 Mbps
32575[UE 1 | RB 1] Throughput = 1.20186 Mbps
32685[UE 1 | RB 1] Throughput = 1.08835 Mbps
32785[UE 1 | RB 1] Throughput = 0.95642 Mbps
32894[UE 1 | RB 1] Throughput = 1.20383 Mbps
32995[UE 1 | RB 1] Throughput = 1.19744 Mbps
33095[UE 1 | RB 1] Throughput = 0.95834 Mbps
33195[UE 1 | RB 1] Throughput = 0.95756 Mbps
33305[UE 1 | RB 1] Throughput = 1.19799 Mbps
33414[UE 1 | RB 1] Throughput = 1.09181 Mbps
33515[UE 1 | RB 1] Throughput = 0.95689 Mbps
33625[UE 1 | RB 1] Throughput = 1.19982 Mbps
33725[UE 1 | RB 1] Throughput = 1.07643 Mbps
33835[UE 1 | RB 1] Throughput = 0.76331 Mbps
33944[UE 1 | RB 1] Throughput = 1.31078 Mbps
34044[UE 1 | RB 1] Throughput = 1.07804 Mbps
34154[UE 1 | RB 1] Throughput = 0.65361 Mbps
34264[UE 1 | RB 1] Throughput = 1.19992 Mbps
34365[UE 1 | RB 1] Throughput = 1.42867 Mbps
34475[UE 1 | RB 1] Throughput = 1.08780 Mbps
34584[UE 1 | RB 1] Throughput = 0.87703 Mbps
34685[UE 1 | RB 1] Throughput = 1.31417 Mbps
34794[UE 1 | RB 1] Throughput = 0.54724 Mbps
34894[UE 1 | RB 1] Throughput = 1.19530 Mbps
34995[UE 1 | RB 1] Throughput = 1.31444 Mbps
35104[UE 1 | RB 1] Throughput = 0.98313 Mbps
35205[UE 1 | RB 1] Throughput = 1.07552 Mbps
35315[UE 1 | RB 1] Throughput = 0.87137 Mbps
35425[UE 1 | RB 1] Throughput = 1.19775 Mbps
35535[UE 1 | RB 1] Throughput = 1.09068 Mbps
35644[UE 1 | RB 1] Throughput = 1.20111 Mbps
35754[UE 1 | RB 1] Throughput = 0.98054 Mbps
35855[UE 1 | RB 1] Throughput = 1.19470 Mbps
35965[UE 1 | RB 1] Throughput = 0.65412 Mbps
36074[UE 1 | RB 1] Throughput = 1.31025 Mbps
36175[UE 1 | RB 1] Throughput = 1.43545 Mbps
36275[UE 1 | RB 1] Throughput = 0.71776 Mbps
36375[UE 1 | RB 1] Throughput = 1.19766 Mbps
36475[UE 1 | RB 1] Throughput = 0.71724 Mbps
36585[UE 1 | RB 1] Throughput = 1.31049 Mbps
37755[UE 1 | RB 1] Throughput = 0.10243 Mbps
37865[UE 1 | RB 1] Throughput = 11.23640 Mbps
37975[UE 1 | RB 1] Throughput = 1.09051 Mbps
38075[UE 1 | RB 1] Throughput = 1.18735 Mbps
38185[UE 1 | RB 1] Throughput = 0.87390 Mbps
38295[UE 1 | RB 1] Throughput = 1.20263 Mbps
38395[UE 1 | RB 1] Throughput = 1.31655 Mbps
38495[UE 1 | RB 1] Throughput = 0.71834 Mbps
38595[UE 1 | RB 1] Throughput = 1.19732 Mbps
38705[UE 1 | RB 1] Throughput = 1.09335 Mbps
38805[UE 1 | RB 1] Throughput = 1.19618 Mbps
38905[UE 1 | RB 1] Throughput = 0.71796 Mbps
39015[UE 1 | RB 1] Throughput = 0.98183 Mbps
39125[UE 1 | RB 1] Throughput = 1.19880 Mbps
39235[UE 1 | RB 1] Throughput = 1.30735 Mbps
39345[UE 1 | RB 1] Throughput = 0.98009 Mbps
39445[UE 1 | RB 1] Throughput = 0.95402 Mbps
39555[UE 1 | RB 1] Throughput = 1.31354 Mbps
39655[UE 1 | RB 1] Throughput = 1.19687 Mbps
39765[UE 1 | RB 1] Throughput = 0.76307 Mbps
39865[UE 1 | RB 1] Throughput = 1.31683 Mbps
39965[UE 1 | RB 1] Throughput = 0.71718 Mbps
40075[UE 1 | RB 1] Throughput = 1.09562 Mbps
40175[UE 1 | RB 1] Throughput = 1.07813 Mbps
40275[UE 1 | RB 1] Throughput = 1.19579 Mbps
40385[UE 1 | RB 1] Throughput = 1.30545 Mbps
40485[UE 1 | RB 1] Throughput = 1.07559 Mbps
40595[UE 1 | RB 1] Throughput = 0.98588 Mbps
40695[UE 1 | RB 1] Throughput = 0.95745 Mbps
40795[UE 1 | RB 1] Throughput = 0.83849 Mbps
40895[UE 1 | RB 1] Throughput = 0.95871 Mbps
40995[UE 1 | RB 1] Throughput = 1.31419 Mbps
41105[UE 1 | RB 1] Throughput = 1.19892 Mbps
41205[UE 1 | RB 1] Throughput = 1.19830 Mbps
41315[UE 1 | RB 1] Throughput = 0.65361 Mbps
41425[UE 1 | RB 1] Throughput = 1.19899 Mbps
42555[UE 1 | RB 1] Throughput = 0.11666 Mbps
42665[UE 1 | RB 1] Throughput = 10.88524 Mbps
42765[UE 1 | RB 1] Throughput = 1.31599 Mbps
42875[UE 1 | RB 1] Throughput = 0.65668 Mbps
42975[UE 1 | RB 1] Throughput = 1.43743 Mbps
43075[UE 1 | RB 1] Throughput = 0.83836 Mbps
43185[UE 1 | RB 1] Throughput = 1.08883 Mbps
43285[UE 1 | RB 1] Throughput = 0.83731 Mbps
43395[UE 1 | RB 1] Throughput = 1.30861 Mbps
43495[UE 1 | RB 1] Throughput = 0.95752 Mbps
43605[UE 1 | RB 1] Throughput = 1.30607 Mbps
43715[UE 1 | RB 1] Throughput = 1.20116 Mbps
43815[UE 1 | RB 1] Throughput = 0.71786 Mbps
43915[UE 1 | RB 1] Throughput = 1.43664 Mbps
44025[UE 1 | RB 1] Throughput = 0.54497 Mbps
44135[UE 1 | RB 1] Throughput = 1.19768 Mbps
44245[UE 1 | RB 1] Throughput = 1.19894 Mbps
44355[UE 1 | RB 1] Throughput = 1.09263 Mbps
44455[UE 1 | RB 1] Throughput = 1.07797 Mbps
44555[UE 1 | RB 1] Throughput = 1.07745 Mbps
44655[UE 1 | RB 1] Throughput = 1.19742 Mbps
44766[UE 1 | RB 1] Throughput = 0.65185 Mbps
44875[UE 1 | RB 1] Throughput = 1.31167 Mbps
44975[UE 1 | RB 1] Throughput = 1.31690 Mbps
45075[UE 1 | RB 1] Throughput = 0.83813 Mbps
45185[UE 1 | RB 1] Throughput = 1.20100 Mbps
45285[UE 1 | RB 1] Throughput = 1.19793 Mbps
45385[UE 1 | RB 1] Throughput = 0.71890 Mbps
45495[UE 1 | RB 1] Throughput = 1.08920 Mbps
45605[UE 1 | RB 1] Throughput = 0.76362 Mbps
45705[UE 1 | RB 1] Throughput = 1.55442 Mbps
45815[UE 1 | RB 1] Throughput = 1.20512 Mbps
45915[UE 1 | RB 1] Throughput = 0.59548 Mbps
46025[UE 1 | RB 1] Throughput = 1.19987 Mbps
46135[UE 1 | RB 1] Throughput = 1.30818 Mbps
46235[UE 1 | RB 1] Throughput = 0.71747 Mbps
46335[UE 1 | RB 1] Throughput = 1.43722 Mbps
46445[UE 1 | RB 1] Throughput = 0.65429 Mbps
46545[UE 1 | RB 1] Throughput = 1.43786 Mbps
46655[UE 1 | RB 1] Throughput = 1.08939 Mbps
46755[UE 1 | RB 1] Throughput = 0.71873 Mbps
46865[UE 1 | RB 1] Throughput = 1.30827 Mbps
46966[UE 1 | RB 1] Throughput = 0.83747 Mbps
47075[UE 1 | RB 1] Throughput = 1.09219 Mbps
47175[UE 1 | RB 1] Throughput = 1.19750 Mbps
47307[UE 1 | RB 1] Throughput = 0.72857 Mbps
48378[UE 1 | RB 1] Throughput = 0.05592 Mbps
48486[UE 1 | RB 1] Throughput = 11.82811 Mbps
48595[UE 1 | RB 1] Throughput = 0.65581 Mbps
48696[UE 1 | RB 1] Throughput = 1.43788 Mbps
48805[UE 1 | RB 1] Throughput = 1.19893 Mbps
48915[UE 1 | RB 1] Throughput = 0.98234 Mbps
49015[UE 1 | RB 1] Throughput = 0.71876 Mbps
49116[UE 1 | RB 1] Throughput = 1.31173 Mbps
49216[UE 1 | RB 1] Throughput = 1.19793 Mbps
49326[UE 1 | RB 1] Throughput = 1.09227 Mbps
49426[UE 1 | RB 1] Throughput = 0.59899 Mbps
49526[UE 1 | RB 1] Throughput = 1.31483 Mbps
49635[UE 1 | RB 1] Throughput = 0.87735 Mbps
49735[UE 1 | RB 1] Throughput = 1.19405 Mbps
49836[UE 1 | RB 1] Throughput = 1.31781 Mbps
49936[UE 1 | RB 1] Throughput = 1.19744 Mbps
50036[UE 1 | RB 1] Throughput = 0.00000 Mbps
50146[UE 1 | RB 1] Throughput = 1.85408 Mbps
50255[UE 1 | RB 1] Throughput = 1.19922 Mbps
50356[UE 1 | RB 1] Throughput = 0.71824 Mbps
50466[UE 1 | RB 1] Throughput = 1.19765 Mbps
50575[UE 1 | RB 1] Throughput = 1.09209 Mbps
50675[UE 1 | RB 1] Throughput = 1.19689 Mbps
50786[UE 1 | RB 1] Throughput = 0.76092 Mbps
50886[UE 1 | RB 1] Throughput = 1.31501 Mbps
50996[UE 1 | RB 1] Throughput = 0.76454 Mbps
51106[UE 1 | RB 1] Throughput = 1.41122 Mbps
51216[UE 1 | RB 1] Throughput = 1.09245 Mbps
51326[UE 1 | RB 1] Throughput = 0.65493 Mbps
51426[UE 1 | RB 1] Throughput = 1.31481 Mbps
51536[UE 1 | RB 1] Throughput = 0.76367 Mbps
51646[UE 1 | RB 1] Throughput = 1.19994 Mbps
51756[UE 1 | RB 1] Throughput = 1.19483 Mbps
51856[UE 1 | RB 1] Throughput = 1.43802 Mbps
51965[UE 1 | RB 1] Throughput = 0.54722 Mbps
52066[UE 1 | RB 1] Throughput = 1.31106 Mbps
52166[UE 1 | RB 1] Throughput = 1.31750 Mbps
52276[UE 1 | RB 1] Throughput = 0.65542 Mbps
52386[UE 1 | RB 1] Throughput = 1.30394 Mbps
52496[UE 1 | RB 1] Throughput = 1.19950 Mbps
52606[UE 1 | RB 1] Throughput = 0.87399 Mbps
52716[UE 1 | RB 1] Throughput = 1.19792 Mbps
52816[UE 1 | RB 1] Throughput = 1.19607 Mbps
52926[UE 1 | RB 1] Throughput = 0.65246 Mbps
53026[UE 1 | RB 1] Throughput = 1.19836 Mbps
53135[UE 1 | RB 1] Throughput = 1.31340 Mbps
53236[UE 1 | RB 1] Throughput = 0.71645 Mbps
53346[UE 1 | RB 1] Throughput = 1.19594 Mbps
53455[UE 1 | RB 1] Throughput = 1.09585 Mbps
53556[UE 1 | RB 1] Throughput = 1.19264 Mbps
53666[UE 1 | RB 1] Throughput = 1.09092 Mbps
53776[UE 1 | RB 1] Throughput = 1.09166 Mbps
53876[UE 1 | RB 1] Throughput = 0.95794 Mbps
53987[UE 1 | RB 1] Throughput = 1.18763 Mbps
54096[UE 1 | RB 1] Throughput = 0.65870 Mbps
54196[UE 1 | RB 1] Throughput = 1.19788 Mbps
54306[UE 1 | RB 1] Throughput = 1.09187 Mbps
54406[UE 1 | RB 1] Throughput = 1.19827 Mbps
54506[UE 1 | RB 1] Throughput = 1.07825 Mbps
54606[UE 1 | RB 1] Throughput = 1.19532 Mbps
54716[UE 1 | RB 1] Throughput = 1.08663 Mbps
54826[UE 1 | RB 1] Throughput = 0.98633 Mbps
54926[UE 1 | RB 1] Throughput = 1.07436 Mbps
55036[UE 1 | RB 1] Throughput = 0.98129 Mbps
55136[UE 1 | RB 1] Throughput = 1.31665 Mbps
55246[UE 1 | RB 1] Throughput = 0.65427 Mbps
55346[UE 1 | RB 1] Throughput = 1.19557 Mbps
55456[UE 1 | RB 1] Throughput = 1.20191 Mbps
55556[UE 1 | RB 1] Throughput = 1.07534 Mbps
55666[UE 1 | RB 1] Throughput = 1.09253 Mbps
55766[UE 1 | RB 1] Throughput = 1.07657 Mbps
55876[UE 1 | RB 1] Throughput = 0.97977 Mbps
55976[UE 1 | RB 1] Throughput = 1.07699 Mbps
56076[UE 1 | RB 1] Throughput = 1.07763 Mbps
56186[UE 1 | RB 1] Throughput = 1.08968 Mbps
56296[UE 1 | RB 1] Throughput = 1.09486 Mbps
56396[UE 1 | RB 1] Throughput = 0.95293 Mbps
56506[UE 1 | RB 1] Throughput = 1.20116 Mbps
56616[UE 1 | RB 1] Throughput = 1.19912 Mbps
56716[UE 1 | RB 1] Throughput = 0.59910 Mbps
56816[UE 1 | RB 1] Throughput = 1.31800 Mbps
56916[UE 1 | RB 1] Throughput = 1.07627 Mbps
57026[UE 1 | RB 1] Throughput = 1.09224 Mbps
57126[UE 1 | RB 1] Throughput = 1.19772 Mbps
57226[UE 1 | RB 1] Throughput = 0.59866 Mbps
57326[UE 1 | RB 1] Throughput = 1.31720 Mbps
57426[UE 1 | RB 1] Throughput = 1.31634 Mbps
57536[UE 1 | RB 1] Throughput = 0.87492 Mbps
57636[UE 1 | RB 1] Throughput = 1.07775 Mbps
57736[UE 1 | RB 1] Throughput = 1.07574 Mbps
57836[UE 1 | RB 1] Throughput = 1.07828 Mbps
57946[UE 1 | RB 1] Throughput = 0.87642 Mbps
58046[UE 1 | RB 1] Throughput = 1.30945 Mbps
58146[UE 1 | RB 1] Throughput = 1.19838 Mbps
58256[UE 1 | RB 1] Throughput = 0.97898 Mbps
58357[UE 1 | RB 1] Throughput = 0.95770 Mbps
58466[UE 1 | RB 1] Throughput = 0.98143 Mbps
58576[UE 1 | RB 1] Throughput = 0.98298 Mbps
58686[UE 1 | RB 1] Throughput = 1.41974 Mbps
58786[UE 1 | RB 1] Throughput = 0.71811 Mbps
58886[UE 1 | RB 1] Throughput = 1.19418 Mbps
58996[UE 1 | RB 1] Throughput = 1.30949 Mbps
59106[UE 1 | RB 1] Throughput = 0.65451 Mbps
59216[UE 1 | RB 1] Throughput = 1.19689 Mbps
59326[UE 1 | RB 1] Throughput = 1.19799 Mbps
59426[UE 1 | RB 1] Throughput = 1.31727 Mbps
59526[UE 1 | RB 1] Throughput = 0.71831 Mbps
59636[UE 1 | RB 1] Throughput = 1.31376 Mbps
59736[UE 1 | RB 1] Throughput = 0.71625 Mbps
59837[UE 1 | RB 1] Throughput = 0.47810 Mbps
59946[UE 1 | RB 1] Throughput = 1.75075 Mbps
60056[UE 1 | RB 1] Throughput = 0.98030 Mbps
60166[UE 1 | RB 1] Throughput = 0.98102 Mbps
60266[UE 1 | RB 1] Throughput = 1.19834 Mbps
60366[UE 1 | RB 1] Throughput = 1.31431 Mbps
60476[UE 1 | RB 1] Throughput = 0.65535 Mbps
60586[UE 1 | RB 1] Throughput = 1.30656 Mbps
60696[UE 1 | RB 1] Throughput = 1.30999 Mbps
60796[UE 1 | RB 1] Throughput = 0.71745 Mbps
60906[UE 1 | RB 1] Throughput = 1.19690 Mbps
61016[UE 1 | RB 1] Throughput = 1.19828 Mbps
61126[UE 1 | RB 1] Throughput = 0.65613 Mbps
61226[UE 1 | RB 1] Throughput = 1.43439 Mbps
61326[UE 1 | RB 1] Throughput = 0.59747 Mbps
61426[UE 1 | RB 1] Throughput = 1.43792 Mbps
61527[UE 1 | RB 1] Throughput = 1.07779 Mbps
61636[UE 1 | RB 1] Throughput = 1.09355 Mbps
61746[UE 1 | RB 1] Throughput = 1.30870 Mbps
61846[UE 1 | RB 1] Throughput = 0.59765 Mbps
61956[UE 1 | RB 1] Throughput = 1.09036 Mbps
62056[UE 1 | RB 1] Throughput = 0.83777 Mbps
62166[UE 1 | RB 1] Throughput = 1.30793 Mbps
62266[UE 1 | RB 1] Throughput = 1.19833 Mbps
62376[UE 1 | RB 1] Throughput = 1.20168 Mbps
62477[UE 1 | RB 1] Throughput = 0.71489 Mbps
62587[UE 1 | RB 1] Throughput = 1.19831 Mbps
62696[UE 1 | RB 1] Throughput = 1.20007 Mbps
62806[UE 1 | RB 1] Throughput = 1.19862 Mbps
62906[UE 1 | RB 1] Throughput = 0.95809 Mbps
63016[UE 1 | RB 1] Throughput = 0.98497 Mbps
63116[UE 1 | RB 1] Throughput = 1.07464 Mbps
63226[UE 1 | RB 1] Throughput = 1.09012 Mbps
63336[UE 1 | RB 1] Throughput = 1.09138 Mbps
63446[UE 1 | RB 1] Throughput = 0.86957 Mbps
63556[UE 1 | RB 1] Throughput = 1.41842 Mbps
63656[UE 1 | RB 1] Throughput = 0.83649 Mbps
63766[UE 1 | RB 1] Throughput = 1.09118 Mbps
63867[UE 1 | RB 1] Throughput = 0.95520 Mbps
63977[UE 1 | RB 1] Throughput = 1.09047 Mbps
64087[UE 1 | RB 1] Throughput = 1.19828 Mbps
64187[UE 1 | RB 1] Throughput = 0.71844 Mbps
64287[UE 1 | RB 1] Throughput = 1.31283 Mbps
64396[UE 1 | RB 1] Throughput = 1.09648 Mbps
64496[UE 1 | RB 1] Throughput = 1.19672 Mbps
64597[UE 1 | RB 1] Throughput = 0.71801 Mbps
64706[UE 1 | RB 1] Throughput = 1.31155 Mbps
64816[UE 1 | RB 1] Throughput = 1.19744 Mbps
64917[UE 1 | RB 1] Throughput = 0.71744 Mbps
65017[UE 1 | RB 1] Throughput = 1.31796 Mbps
65127[UE 1 | RB 1] Throughput = 0.97763 Mbps
65237[UE 1 | RB 1] Throughput = 0.87465 Mbps
65346[UE 1 | RB 1] Throughput = 1.09077 Mbps
65456[UE 1 | RB 1] Throughput = 1.30654 Mbps
65567[UE 1 | RB 1] Throughput = 0.97893 Mbps
65676[UE 1 | RB 1] Throughput = 1.31109 Mbps
65776[UE 1 | RB 1] Throughput = 0.71830 Mbps
65876[UE 1 | RB 1] Throughput = 1.43756 Mbps
65986[UE 1 | RB 1] Throughput = 0.65485 Mbps
66096[UE 1 | RB 1] Throughput = 1.30758 Mbps
66197[UE 1 | RB 1] Throughput = 0.59742 Mbps
66297[UE 1 | RB 1] Throughput = 1.43796 Mbps
66407[UE 1 | RB 1] Throughput = 1.19851 Mbps
66516[UE 1 | RB 1] Throughput = 1.09258 Mbps
66617[UE 1 | RB 1] Throughput = 0.95506 Mbps
66726[UE 1 | RB 1] Throughput = 0.54565 Mbps
66836[UE 1 | RB 1] Throughput = 1.52635 Mbps
66937[UE 1 | RB 1] Throughput = 1.19495 Mbps
67046[UE 1 | RB 1] Throughput = 1.09135 Mbps
67146[UE 1 | RB 1] Throughput = 0.95822 Mbps
67247[UE 1 | RB 1] Throughput = 1.19216 Mbps
67356[UE 1 | RB 1] Throughput = 0.65671 Mbps
67467[UE 1 | RB 1] Throughput = 1.30692 Mbps
67577[UE 1 | RB 1] Throughput = 1.30745 Mbps
67687[UE 1 | RB 1] Throughput = 0.65360 Mbps
67787[UE 1 | RB 1] Throughput = 1.31767 Mbps
67896[UE 1 | RB 1] Throughput = 1.20083 Mbps
67997[UE 1 | RB 1] Throughput = 0.83479 Mbps
68107[UE 1 | RB 1] Throughput = 1.30796 Mbps
68207[UE 1 | RB 1] Throughput = 0.59883 Mbps
68317[UE 1 | RB 1] Throughput = 1.42023 Mbps
68417[UE 1 | RB 1] Throughput = 0.71814 Mbps
68527[UE 1 | RB 1] Throughput = 1.30432 Mbps
68637[UE 1 | RB 1] Throughput = 0.76553 Mbps
68746[UE 1 | RB 1] Throughput = 1.31006 Mbps
68846[UE 1 | RB 1] Throughput = 1.31694 Mbps
68947[UE 1 | RB 1] Throughput = 0.71746 Mbps
69056[UE 1 | RB 1] Throughput = 1.30865 Mbps
69166[UE 1 | RB 1] Throughput = 0.65389 Mbps
69266[UE 1 | RB 1] Throughput = 1.43795 Mbps
69367[UE 1 | RB 1] Throughput = 0.71771 Mbps
69476[UE 1 | RB 1] Throughput = 1.31122 Mbps
69576[UE 1 | RB 1] Throughput = 0.83798 Mbps
69676[UE 1 | RB 1] Throughput = 1.31799 Mbps
69786[UE 1 | RB 1] Throughput = 1.30710 Mbps
69887[UE 1 | RB 1] Throughput = 0.71580 Mbps
69996[UE 1 | RB 1] Throughput = 1.31389 Mbps
70107[UE 1 | RB 1] Throughput = 0.65058 Mbps
70207[UE 1 | RB 1] Throughput = 1.55608 Mbps
70307[UE 1 | RB 1] Throughput = 0.47891 Mbps
70417[UE 1 | RB 1] Throughput = 1.41904 Mbps
70527[UE 1 | RB 1] Throughput = 1.19613 Mbps
70637[UE 1 | RB 1] Throughput = 0.87128 Mbps
70747[UE 1 | RB 1] Throughput = 1.42319 Mbps
70856[UE 1 | RB 1] Throughput = 0.98171 Mbps
70957[UE 1 | RB 1] Throughput = 1.07667 Mbps
71057[UE 1 | RB 1] Throughput = 0.71688 Mbps
71167[UE 1 | RB 1] Throughput = 0.87172 Mbps
71267[UE 1 | RB 1] Throughput = 1.07309 Mbps
71377[UE 1 | RB 1] Throughput = 1.64575 Mbps
71477[UE 1 | RB 1] Throughput = 0.71841 Mbps
71587[UE 1 | RB 1] Throughput = 1.19963 Mbps
71687[UE 1 | RB 1] Throughput = 1.19826 Mbps
71787[UE 1 | RB 1] Throughput = 0.71650 Mbps
71897[UE 1 | RB 1] Throughput = 1.09291 Mbps
72007[UE 1 | RB 1] Throughput = 1.19905 Mbps
72107[UE 1 | RB 1] Throughput = 1.07676 Mbps
72207[UE 1 | RB 1] Throughput = 0.83873 Mbps
72316[UE 1 | RB 1] Throughput = 1.31097 Mbps
72417[UE 1 | RB 1] Throughput = 1.31317 Mbps
72517[UE 1 | RB 1] Throughput = 0.59778 Mbps
72627[UE 1 | RB 1] Throughput = 1.31140 Mbps
72727[UE 1 | RB 1] Throughput = 1.19618 Mbps
72837[UE 1 | RB 1] Throughput = 1.09221 Mbps
72947[UE 1 | RB 1] Throughput = 0.76278 Mbps
73047[UE 1 | RB 1] Throughput = 1.31724 Mbps
73156[UE 1 | RB 1] Throughput = 1.20178 Mbps
73257[UE 1 | RB 1] Throughput = 0.71570 Mbps
73367[UE 1 | RB 1] Throughput = 1.30542 Mbps
73467[UE 1 | RB 1] Throughput = 1.19551 Mbps
73577[UE 1 | RB 1] Throughput = 0.65817 Mbps
73677[UE 1 | RB 1] Throughput = 1.31358 Mbps
73777[UE 1 | RB 1] Throughput = 1.07711 Mbps
73877[UE 1 | RB 1] Throughput = 0.83796 Mbps
73977[UE 1 | RB 1] Throughput = 1.43710 Mbps
74087[UE 1 | RB 1] Throughput = 0.65588 Mbps
74187[UE 1 | RB 1] Throughput = 1.31342 Mbps
74297[UE 1 | RB 1] Throughput = 1.09076 Mbps
74397[UE 1 | RB 1] Throughput = 1.19769 Mbps
74497[UE 1 | RB 1] Throughput = 1.07836 Mbps
74607[UE 1 | RB 1] Throughput = 0.87534 Mbps
74707[UE 1 | RB 1] Throughput = 1.07450 Mbps
74817[UE 1 | RB 1] Throughput = 1.09279 Mbps
74917[UE 1 | RB 1] Throughput = 1.31669 Mbps
75017[UE 1 | RB 1] Throughput = 0.71662 Mbps
75127[UE 1 | RB 1] Throughput = 1.20236 Mbps
75227[UE 1 | RB 1] Throughput = 1.07600 Mbps
75327[UE 1 | RB 1] Throughput = 1.07626 Mbps
75437[UE 1 | RB 1] Throughput = 1.20095 Mbps
75547[UE 1 | RB 1] Throughput = 0.98204 Mbps
75647[UE 1 | RB 1] Throughput = 1.19756 Mbps
75757[UE 1 | RB 1] Throughput = 1.08634 Mbps
75867[UE 1 | RB 1] Throughput = 1.08939 Mbps
75977[UE 1 | RB 1] Throughput = 0.65588 Mbps
76077[UE 1 | RB 1] Throughput = 1.31442 Mbps
76177[UE 1 | RB 1] Throughput = 1.07813 Mbps
76287[UE 1 | RB 1] Throughput = 0.98328 Mbps
76387[UE 1 | RB 1] Throughput = 0.83495 Mbps
76497[UE 1 | RB 1] Throughput = 1.30774 Mbps
76608[UE 1 | RB 1] Throughput = 0.97898 Mbps
76717[UE 1 | RB 1] Throughput = 1.20035 Mbps
76827[UE 1 | RB 1] Throughput = 1.09507 Mbps
76927[UE 1 | RB 1] Throughput = 1.19581 Mbps
77037[UE 1 | RB 1] Throughput = 0.97752 Mbps
77147[UE 1 | RB 1] Throughput = 0.98145 Mbps
77257[UE 1 | RB 1] Throughput = 1.09082 Mbps
77357[UE 1 | RB 1] Throughput = 1.19727 Mbps
77467[UE 1 | RB 1] Throughput = 1.19488 Mbps
77577[UE 1 | RB 1] Throughput = 0.87348 Mbps
77687[UE 1 | RB 1] Throughput = 1.09003 Mbps
77787[UE 1 | RB 1] Throughput = 1.07737 Mbps
77897[UE 1 | RB 1] Throughput = 0.98162 Mbps
77997[UE 1 | RB 1] Throughput = 1.31542 Mbps
78107[UE 1 | RB 1] Throughput = 0.87242 Mbps
78208[UE 1 | RB 1] Throughput = 1.07619 Mbps
78317[UE 1 | RB 1] Throughput = 1.20321 Mbps
78417[UE 1 | RB 1] Throughput = 0.95828 Mbps
78517[UE 1 | RB 1] Throughput = 0.95558 Mbps
78628[UE 1 | RB 1] Throughput = 0.87103 Mbps
78728[UE 1 | RB 1] Throughput = 1.31699 Mbps
78837[UE 1 | RB 1] Throughput = 1.09610 Mbps
78937[UE 1 | RB 1] Throughput = 0.95763 Mbps
79037[UE 1 | RB 1] Throughput = 1.19787 Mbps
79147[UE 1 | RB 1] Throughput = 0.98022 Mbps
79247[UE 1 | RB 1] Throughput = 1.19523 Mbps
79347[UE 1 | RB 1] Throughput = 1.07768 Mbps
79457[UE 1 | RB 1] Throughput = 1.20270 Mbps
79557[UE 1 | RB 1] Throughput = 1.07633 Mbps
79667[UE 1 | RB 1] Throughput = 0.98349 Mbps
79767[UE 1 | RB 1] Throughput = 0.71772 Mbps
80828[UE 1 | RB 1] Throughput = 0.00000 Mbps
80937[UE 1 | RB 1] Throughput = 11.41281 Mbps
81037[UE 1 | RB 1] Throughput = 1.19763 Mbps
81137[UE 1 | RB 1] Throughput = 1.19596 Mbps
81247[UE 1 | RB 1] Throughput = 1.09056 Mbps
81357[UE 1 | RB 1] Throughput = 1.09026 Mbps
81457[UE 1 | RB 1] Throughput = 1.19670 Mbps
81567[UE 1 | RB 1] Throughput = 0.98464 Mbps
81668[UE 1 | RB 1] Throughput = 0.95245 Mbps
81777[UE 1 | RB 1] Throughput = 1.09383 Mbps
81877[UE 1 | RB 1] Throughput = 1.07704 Mbps
81977[UE 1 | RB 1] Throughput = 0.83801 Mbps
82087[UE 1 | RB 1] Throughput = 1.30723 Mbps
82735[UE 1 | RB 1] Throughput = 0.05554 Mbps
82838[UE 1 | RB 1] Throughput = 7.57205 Mbps
82947[UE 1 | RB 1] Throughput = 0.98200 Mbps
83057[UE 1 | RB 1] Throughput = 0.98196 Mbps
83167[UE 1 | RB 1] Throughput = 0.98098 Mbps
83268[UE 1 | RB 1] Throughput = 1.19514 Mbps
83368[UE 1 | RB 1] Throughput = 1.19542 Mbps
83478[UE 1 | RB 1] Throughput = 1.09119 Mbps
83588[UE 1 | RB 1] Throughput = 0.98028 Mbps
83688[UE 1 | RB 1] Throughput = 1.07686 Mbps
83797[UE 1 | RB 1] Throughput = 0.98734 Mbps
83898[UE 1 | RB 1] Throughput = 0.95292 Mbps
84007[UE 1 | RB 1] Throughput = 1.09287 Mbps
84108[UE 1 | RB 1] Throughput = 1.07497 Mbps
84208[UE 1 | RB 1] Throughput = 1.19834 Mbps
84318[UE 1 | RB 1] Throughput = 1.08965 Mbps
84418[UE 1 | RB 1] Throughput = 1.07494 Mbps
84528[UE 1 | RB 1] Throughput = 0.98240 Mbps
84628[UE 1 | RB 1] Throughput = 1.19817 Mbps
84738[UE 1 | RB 1] Throughput = 0.98142 Mbps
84848[UE 1 | RB 1] Throughput = 0.87152 Mbps
84957[UE 1 | RB 1] Throughput = 1.30993 Mbps
85058[UE 1 | RB 1] Throughput = 0.95607 Mbps
85158[UE 1 | RB 1] Throughput = 1.07820 Mbps
86269[UE 1 | RB 1] Throughput = 0.09703 Mbps
86378[UE 1 | RB 1] Throughput = 11.26254 Mbps
86488[UE 1 | RB 1] Throughput = 0.76188 Mbps
86598[UE 1 | RB 1] Throughput = 1.09260 Mbps
86698[UE 1 | RB 1] Throughput = 1.19840 Mbps
86808[UE 1 | RB 1] Throughput = 1.09096 Mbps
86908[UE 1 | RB 1] Throughput = 0.95787 Mbps
87008[UE 1 | RB 1] Throughput = 1.07569 Mbps
87118[UE 1 | RB 1] Throughput = 1.30874 Mbps
87218[UE 1 | RB 1] Throughput = 0.59782 Mbps
87328[UE 1 | RB 1] Throughput = 1.20282 Mbps
87438[UE 1 | RB 1] Throughput = 1.19464 Mbps
87538[UE 1 | RB 1] Throughput = 1.07842 Mbps
87648[UE 1 | RB 1] Throughput = 1.20005 Mbps
87757[UE 1 | RB 1] Throughput = 1.09639 Mbps
87858[UE 1 | RB 1] Throughput = 0.83410 Mbps
87968[UE 1 | RB 1] Throughput = 1.09085 Mbps
88068[UE 1 | RB 1] Throughput = 0.83765 Mbps
88177[UE 1 | RB 1] Throughput = 1.09172 Mbps
88277[UE 1 | RB 1] Throughput = 1.43775 Mbps
88378[UE 1 | RB 1] Throughput = 0.71662 Mbps
88488[UE 1 | RB 1] Throughput = 1.20144 Mbps
88602[UE 1 | RB 1] Throughput = 1.14805 Mbps
88707[UE 1 | RB 1] Throughput = 0.68519 Mbps
88807[UE 1 | RB 1] Throughput = 1.31680 Mbps
88908[UE 1 | RB 1] Throughput = 1.19557 Mbps
89018[UE 1 | RB 1] Throughput = 0.98062 Mbps
89128[UE 1 | RB 1] Throughput = 0.98061 Mbps
89228[UE 1 | RB 1] Throughput = 1.43795 Mbps
89328[UE 1 | RB 1] Throughput = 0.71861 Mbps
89428[UE 1 | RB 1] Throughput = 1.19585 Mbps
89528[UE 1 | RB 1] Throughput = 0.95804 Mbps
89638[UE 1 | RB 1] Throughput = 1.09295 Mbps
89738[UE 1 | RB 1] Throughput = 1.43374 Mbps
89847[UE 1 | RB 1] Throughput = 0.87534 Mbps
89948[UE 1 | RB 1] Throughput = 0.71831 Mbps
[xApp]: E42 RIC_SUBSCRIPTION_DELETE_REQUEST tx RAN_FUNC_ID 144 RIC_REQ_ID 1 
[xApp]: E42 SUBSCRIPTION DELETE RESPONSE rx
[xApp]: E42 RIC_SUBSCRIPTION_DELETE_REQUEST tx RAN_FUNC_ID 144 RIC_REQ_ID 2 
[xApp]: E42 SUBSCRIPTION DELETE RESPONSE rx
[xApp]: E42 RIC_SUBSCRIPTION_DELETE_REQUEST tx RAN_FUNC_ID 144 RIC_REQ_ID 3 
[xApp]: E42 SUBSCRIPTION DELETE RESPONSE rx
[xApp]: Sucessfully stopped 
Test xApp run SUCCESSFULLY
