[UTIL]: Setting the config -c file to /usr/local/etc/flexric/flexric.conf
[UTIL]: Setting path -p for the shared libraries to /usr/local/lib/flexric/
[xAapp]: Initializing ... 
[xApp]: nearRT-RIC IP Address = 192.168.70.150, PORT = 36422
[E2 AGENT]: Opening plugin from path = /usr/local/lib/flexric/libkpm_sm.so 
[E2 AGENT]: Opening plugin from path = /usr/local/lib/flexric/libmac_sm.so 
[E2 AGENT]: Opening plugin from path = /usr/local/lib/flexric/libpdcp_sm.so 
[E2 AGENT]: Opening plugin from path = /usr/local/lib/flexric/libgtp_sm.so 
[E2 AGENT]: Opening plugin from path = /usr/local/lib/flexric/librc_sm.so 
[E2 AGENT]: Opening plugin from path = /usr/local/lib/flexric/libtc_sm.so 
[E2 AGENT]: Opening plugin from path = /usr/local/lib/flexric/librlc_sm.so 
[E2 AGENT]: Opening plugin from path = /usr/local/lib/flexric/libslice_sm.so 
[NEAR-RIC]: Loading SM ID = 2 with def = ORAN-E2SM-KPM 
[NEAR-RIC]: Loading SM ID = 142 with def = MAC_STATS_V0 
[NEAR-RIC]: Loading SM ID = 144 with def = PDCP_STATS_V0 
[NEAR-RIC]: Loading SM ID = 148 with def = GTP_STATS_V0 
[NEAR-RIC]: Loading SM ID = 3 with def = ORAN-E2SM-RC 
[NEAR-RIC]: Loading SM ID = 146 with def = TC_STATS_V0 
[NEAR-RIC]: Loading SM ID = 143 with def = RLC_STATS_V0 
[NEAR-RIC]: Loading SM ID = 145 with def = SLICE_STATS_V0 
[xApp]: DB filename = /tmp/flexric/xapp_db 
 [xApp]: E42 SETUP-REQUEST tx
[xApp]: E42 SETUP-RESPONSE rx 
[xApp]: xApp ID = 13 
[xApp]: Registered E2 Nodes = 3 
Connected E2 nodes = 3
[xAPP] Registered node 0 ran func id = 2 
 [xAPP] Registered node 0 ran func id = 3 
 [xAPP] Registered node 0 ran func id = 142 
 [xAPP] Registered node 0 ran func id = 143 
 [xAPP] Registered node 0 ran func id = 144 
 [xAPP] Registered node 0 ran func id = 145 
 [xAPP] Registered node 0 ran func id = 146 
 [xAPP] Registered node 0 ran func id = 148 
 [xApp]: E42 RIC SUBSCRIPTION REQUEST tx RAN_FUNC_ID 144 RIC_REQ_ID 1 
[xApp]: SUBSCRIPTION RESPONSE rx
[xApp]: Successfully subscribed to RAN_FUNC_ID 144 
[xAPP] Registered node 1 ran func id = 2 
 [xAPP] Registered node 1 ran func id = 3 
 [xAPP] Registered node 1 ran func id = 142 
 [xAPP] Registered node 1 ran func id = 143 
 [xAPP] Registered node 1 ran func id = 144 
 [xAPP] Registered node 1 ran func id = 145 
 [xAPP] Registered node 1 ran func id = 146 
 [xAPP] Registered node 1 ran func id = 148 
 [xApp]: E42 RIC SUBSCRIPTION REQUEST tx RAN_FUNC_ID 144 RIC_REQ_ID 2 
[xApp]: SUBSCRIPTION RESPONSE rx
[xApp]: Successfully subscribed to RAN_FUNC_ID 144 
[xAPP] Registered node 2 ran func id = 2 
 [xAPP] Registered node 2 ran func id = 3 
 [xAPP] Registered node 2 ran func id = 142 
 [xAPP] Registered node 2 ran func id = 143 
 [xAPP] Registered node 2 ran func id = 144 
 [xAPP] Registered node 2 ran func id = 145 
 [xAPP] Registered node 2 ran func id = 146 
 [xAPP] Registered node 2 ran func id = 148 
 [xApp]: E42 RIC SUBSCRIPTION REQUEST tx RAN_FUNC_ID 144 RIC_REQ_ID 3 
[xApp]: SUBSCRIPTION RESPONSE rx
[xApp]: Successfully subscribed to RAN_FUNC_ID 144 
113[UE 1 | RB 1] Throughput = 1.07323 Mbps
223[UE 1 | RB 1] Throughput = 0.98197 Mbps
333[UE 1 | RB 1] Throughput = 1.09118 Mbps
433[UE 1 | RB 1] Throughput = 1.07479 Mbps
543[UE 1 | RB 1] Throughput = 1.19759 Mbps
653[UE 1 | RB 1] Throughput = 1.09216 Mbps
753[UE 1 | RB 1] Throughput = 0.59920 Mbps
853[UE 1 | RB 1] Throughput = 1.31703 Mbps
963[UE 1 | RB 1] Throughput = 1.19643 Mbps
1064[UE 1 | RB 1] Throughput = 1.06287 Mbps
1173[UE 1 | RB 1] Throughput = 1.10484 Mbps
1273[UE 1 | RB 1] Throughput = 1.07453 Mbps
1383[UE 1 | RB 1] Throughput = 0.98493 Mbps
1493[UE 1 | RB 1] Throughput = 1.08815 Mbps
1603[UE 1 | RB 1] Throughput = 1.19719 Mbps
1713[UE 1 | RB 1] Throughput = 1.09126 Mbps
1823[UE 1 | RB 1] Throughput = 0.98226 Mbps
1923[UE 1 | RB 1] Throughput = 0.83667 Mbps
2033[UE 1 | RB 1] Throughput = 0.98215 Mbps
2133[UE 1 | RB 1] Throughput = 1.31569 Mbps
2233[UE 1 | RB 1] Throughput = 1.19662 Mbps
2343[UE 1 | RB 1] Throughput = 1.09273 Mbps
2443[UE 1 | RB 1] Throughput = 0.59620 Mbps
2553[UE 1 | RB 1] Throughput = 1.09699 Mbps
2653[UE 1 | RB 1] Throughput = 1.31307 Mbps
2764[UE 1 | RB 1] Throughput = 0.75750 Mbps
2873[UE 1 | RB 1] Throughput = 1.53734 Mbps
2973[UE 1 | RB 1] Throughput = 0.83712 Mbps
3083[UE 1 | RB 1] Throughput = 1.30899 Mbps
3183[UE 1 | RB 1] Throughput = 0.71890 Mbps
3293[UE 1 | RB 1] Throughput = 1.08701 Mbps
3403[UE 1 | RB 1] Throughput = 1.20075 Mbps
3503[UE 1 | RB 1] Throughput = 0.71880 Mbps
3603[UE 1 | RB 1] Throughput = 1.55060 Mbps
3713[UE 1 | RB 1] Throughput = 1.09564 Mbps
3813[UE 1 | RB 1] Throughput = 0.95728 Mbps
3923[UE 1 | RB 1] Throughput = 0.98033 Mbps
4023[UE 1 | RB 1] Throughput = 1.07718 Mbps
4133[UE 1 | RB 1] Throughput = 0.98500 Mbps
4233[UE 1 | RB 1] Throughput = 1.43785 Mbps
4333[UE 1 | RB 1] Throughput = 0.71537 Mbps
4443[UE 1 | RB 1] Throughput = 1.19795 Mbps
4543[UE 1 | RB 1] Throughput = 0.95856 Mbps
4653[UE 1 | RB 1] Throughput = 1.20100 Mbps
4753[UE 1 | RB 1] Throughput = 1.07542 Mbps
9951[UE 1 | RB 1] Throughput = 0.02075 Mbps
10053[UE 1 | RB 1] Throughput = 54.12349 Mbps
10153[UE 1 | RB 1] Throughput = 1.31556 Mbps
10254[UE 1 | RB 1] Throughput = 0.83782 Mbps
10363[UE 1 | RB 1] Throughput = 0.98349 Mbps
10464[UE 1 | RB 1] Throughput = 1.67094 Mbps
10573[UE 1 | RB 1] Throughput = 0.65667 Mbps
10683[UE 1 | RB 1] Throughput = 1.30384 Mbps
10784[UE 1 | RB 1] Throughput = 1.30943 Mbps
10893[UE 1 | RB 1] Throughput = 0.65910 Mbps
10994[UE 1 | RB 1] Throughput = 1.31404 Mbps
11103[UE 1 | RB 1] Throughput = 1.20013 Mbps
11213[UE 1 | RB 1] Throughput = 0.65566 Mbps
11323[UE 1 | RB 1] Throughput = 1.19623 Mbps
11423[UE 1 | RB 1] Throughput = 1.19591 Mbps
11534[UE 1 | RB 1] Throughput = 0.76179 Mbps
11634[UE 1 | RB 1] Throughput = 1.43763 Mbps
11734[UE 1 | RB 1] Throughput = 0.71894 Mbps
11843[UE 1 | RB 1] Throughput = 1.20045 Mbps
11943[UE 1 | RB 1] Throughput = 1.31746 Mbps
12044[UE 1 | RB 1] Throughput = 0.59767 Mbps
12154[UE 1 | RB 1] Throughput = 1.30708 Mbps
12264[UE 1 | RB 1] Throughput = 1.19998 Mbps
12373[UE 1 | RB 1] Throughput = 1.09287 Mbps
12483[UE 1 | RB 1] Throughput = 1.19799 Mbps
12584[UE 1 | RB 1] Throughput = 0.83627 Mbps
13664[UE 1 | RB 1] Throughput = 0.00000 Mbps
13773[UE 1 | RB 1] Throughput = 11.49140 Mbps
13883[UE 1 | RB 1] Throughput = 0.54594 Mbps
13984[UE 1 | RB 1] Throughput = 1.78455 Mbps
14094[UE 1 | RB 1] Throughput = 1.09185 Mbps
14194[UE 1 | RB 1] Throughput = 1.31741 Mbps
14303[UE 1 | RB 1] Throughput = 0.65721 Mbps
14403[UE 1 | RB 1] Throughput = 1.31280 Mbps
14504[UE 1 | RB 1] Throughput = 0.83859 Mbps
14604[UE 1 | RB 1] Throughput = 1.43735 Mbps
14704[UE 1 | RB 1] Throughput = 0.71884 Mbps
14804[UE 1 | RB 1] Throughput = 1.31765 Mbps
14914[UE 1 | RB 1] Throughput = 1.19944 Mbps
15024[UE 1 | RB 1] Throughput = 0.76263 Mbps
15124[UE 1 | RB 1] Throughput = 1.43570 Mbps
15233[UE 1 | RB 1] Throughput = 0.87376 Mbps
15334[UE 1 | RB 1] Throughput = 0.95791 Mbps
15434[UE 1 | RB 1] Throughput = 1.31755 Mbps
15544[UE 1 | RB 1] Throughput = 0.76283 Mbps
15653[UE 1 | RB 1] Throughput = 1.19906 Mbps
15763[UE 1 | RB 1] Throughput = 1.30815 Mbps
15864[UE 1 | RB 1] Throughput = 0.59810 Mbps
15974[UE 1 | RB 1] Throughput = 1.30764 Mbps
16074[UE 1 | RB 1] Throughput = 1.19775 Mbps
16174[UE 1 | RB 1] Throughput = 0.71647 Mbps
16284[UE 1 | RB 1] Throughput = 1.20349 Mbps
16394[UE 1 | RB 1] Throughput = 1.08692 Mbps
17440[UE 1 | RB 1] Throughput = 0.00000 Mbps
17544[UE 1 | RB 1] Throughput = 12.07409 Mbps
17644[UE 1 | RB 1] Throughput = 0.71580 Mbps
17754[UE 1 | RB 1] Throughput = 1.09040 Mbps
17864[UE 1 | RB 1] Throughput = 1.31019 Mbps
17974[UE 1 | RB 1] Throughput = 0.98140 Mbps
18074[UE 1 | RB 1] Throughput = 1.31252 Mbps
18174[UE 1 | RB 1] Throughput = 0.71900 Mbps
18284[UE 1 | RB 1] Throughput = 1.20153 Mbps
18394[UE 1 | RB 1] Throughput = 1.19750 Mbps
18494[UE 1 | RB 1] Throughput = 0.83659 Mbps
18604[UE 1 | RB 1] Throughput = 1.20138 Mbps
18714[UE 1 | RB 1] Throughput = 0.98235 Mbps
18814[UE 1 | RB 1] Throughput = 1.31558 Mbps
18924[UE 1 | RB 1] Throughput = 0.87293 Mbps
19024[UE 1 | RB 1] Throughput = 0.83823 Mbps
19134[UE 1 | RB 1] Throughput = 1.20043 Mbps
19234[UE 1 | RB 1] Throughput = 0.71685 Mbps
19334[UE 1 | RB 1] Throughput = 1.43784 Mbps
19434[UE 1 | RB 1] Throughput = 1.31807 Mbps
19544[UE 1 | RB 1] Throughput = 0.65486 Mbps
19644[UE 1 | RB 1] Throughput = 1.31704 Mbps
19754[UE 1 | RB 1] Throughput = 1.20126 Mbps
19854[UE 1 | RB 1] Throughput = 0.59732 Mbps
19954[UE 1 | RB 1] Throughput = 1.43753 Mbps
20064[UE 1 | RB 1] Throughput = 1.19712 Mbps
20164[UE 1 | RB 1] Throughput = 0.71776 Mbps
20315[UE 1 | RB 1] Throughput = 0.71633 Mbps
20424[UE 1 | RB 1] Throughput = 1.75614 Mbps
20524[UE 1 | RB 1] Throughput = 1.19671 Mbps
20634[UE 1 | RB 1] Throughput = 0.54614 Mbps
20734[UE 1 | RB 1] Throughput = 1.19773 Mbps
20844[UE 1 | RB 1] Throughput = 1.08947 Mbps
20944[UE 1 | RB 1] Throughput = 1.19435 Mbps
21054[UE 1 | RB 1] Throughput = 1.20011 Mbps
21154[UE 1 | RB 1] Throughput = 0.71867 Mbps
21264[UE 1 | RB 1] Throughput = 1.30504 Mbps
21374[UE 1 | RB 1] Throughput = 1.31164 Mbps
21484[UE 1 | RB 1] Throughput = 0.65309 Mbps
21594[UE 1 | RB 1] Throughput = 1.30579 Mbps
22688[UE 1 | RB 1] Throughput = 0.06573 Mbps
22794[UE 1 | RB 1] Throughput = 11.55969 Mbps
22894[UE 1 | RB 1] Throughput = 1.07603 Mbps
23004[UE 1 | RB 1] Throughput = 0.87647 Mbps
23104[UE 1 | RB 1] Throughput = 1.19644 Mbps
23204[UE 1 | RB 1] Throughput = 1.07661 Mbps
23314[UE 1 | RB 1] Throughput = 0.87148 Mbps
23424[UE 1 | RB 1] Throughput = 1.19549 Mbps
23534[UE 1 | RB 1] Throughput = 1.08837 Mbps
23644[UE 1 | RB 1] Throughput = 1.09595 Mbps
23744[UE 1 | RB 1] Throughput = 1.30967 Mbps
23854[UE 1 | RB 1] Throughput = 0.65630 Mbps
23954[UE 1 | RB 1] Throughput = 1.19657 Mbps
24054[UE 1 | RB 1] Throughput = 0.71784 Mbps
24154[UE 1 | RB 1] Throughput = 1.31724 Mbps
24254[UE 1 | RB 1] Throughput = 1.31734 Mbps
24364[UE 1 | RB 1] Throughput = 0.65457 Mbps
24474[UE 1 | RB 1] Throughput = 1.30635 Mbps
24574[UE 1 | RB 1] Throughput = 1.43772 Mbps
24674[UE 1 | RB 1] Throughput = 0.59888 Mbps
24784[UE 1 | RB 1] Throughput = 1.09657 Mbps
24884[UE 1 | RB 1] Throughput = 1.07118 Mbps
24995[UE 1 | RB 1] Throughput = 1.19606 Mbps
25104[UE 1 | RB 1] Throughput = 1.31175 Mbps
25204[UE 1 | RB 1] Throughput = 0.59815 Mbps
25314[UE 1 | RB 1] Throughput = 1.20219 Mbps
25414[UE 1 | RB 1] Throughput = 0.59718 Mbps
25524[UE 1 | RB 1] Throughput = 1.74462 Mbps
25624[UE 1 | RB 1] Throughput = 0.71899 Mbps
25734[UE 1 | RB 1] Throughput = 1.31047 Mbps
25834[UE 1 | RB 1] Throughput = 0.71650 Mbps
25944[UE 1 | RB 1] Throughput = 1.19852 Mbps
26054[UE 1 | RB 1] Throughput = 0.98204 Mbps
26154[UE 1 | RB 1] Throughput = 1.43717 Mbps
26254[UE 1 | RB 1] Throughput = 0.59857 Mbps
26364[UE 1 | RB 1] Throughput = 1.20047 Mbps
26474[UE 1 | RB 1] Throughput = 1.19786 Mbps
26574[UE 1 | RB 1] Throughput = 1.31745 Mbps
26674[UE 1 | RB 1] Throughput = 0.59766 Mbps
26784[UE 1 | RB 1] Throughput = 1.09303 Mbps
26884[UE 1 | RB 1] Throughput = 1.19689 Mbps
26984[UE 1 | RB 1] Throughput = 1.19808 Mbps
27085[UE 1 | RB 1] Throughput = 1.07577 Mbps
27194[UE 1 | RB 1] Throughput = 1.09596 Mbps
27294[UE 1 | RB 1] Throughput = 0.71576 Mbps
27404[UE 1 | RB 1] Throughput = 1.52472 Mbps
27514[UE 1 | RB 1] Throughput = 1.08984 Mbps
27624[UE 1 | RB 1] Throughput = 0.65409 Mbps
27734[UE 1 | RB 1] Throughput = 1.19856 Mbps
27834[UE 1 | RB 1] Throughput = 1.19775 Mbps
27944[UE 1 | RB 1] Throughput = 1.08969 Mbps
28055[UE 1 | RB 1] Throughput = 0.97835 Mbps
28164[UE 1 | RB 1] Throughput = 1.20502 Mbps
28265[UE 1 | RB 1] Throughput = 0.95156 Mbps
28374[UE 1 | RB 1] Throughput = 1.09217 Mbps
28475[UE 1 | RB 1] Throughput = 0.71715 Mbps
28584[UE 1 | RB 1] Throughput = 1.31654 Mbps
28684[UE 1 | RB 1] Throughput = 1.19470 Mbps
28784[UE 1 | RB 1] Throughput = 0.71849 Mbps
28894[UE 1 | RB 1] Throughput = 1.08847 Mbps
29004[UE 1 | RB 1] Throughput = 1.19741 Mbps
29105[UE 1 | RB 1] Throughput = 1.43600 Mbps
29215[UE 1 | RB 1] Throughput = 0.65407 Mbps
30304[UE 1 | RB 1] Throughput = 0.04398 Mbps
30404[UE 1 | RB 1] Throughput = 12.57302 Mbps
30504[UE 1 | RB 1] Throughput = 0.59906 Mbps
30614[UE 1 | RB 1] Throughput = 1.30730 Mbps
30715[UE 1 | RB 1] Throughput = 1.07573 Mbps
30824[UE 1 | RB 1] Throughput = 1.09258 Mbps
30934[UE 1 | RB 1] Throughput = 0.65433 Mbps
31044[UE 1 | RB 1] Throughput = 1.41490 Mbps
31154[UE 1 | RB 1] Throughput = 1.30736 Mbps
31255[UE 1 | RB 1] Throughput = 0.83711 Mbps
31364[UE 1 | RB 1] Throughput = 1.09122 Mbps
31474[UE 1 | RB 1] Throughput = 1.09044 Mbps
31574[UE 1 | RB 1] Throughput = 1.07824 Mbps
31685[UE 1 | RB 1] Throughput = 1.08674 Mbps
31795[UE 1 | RB 1] Throughput = 1.19960 Mbps
31895[UE 1 | RB 1] Throughput = 0.71753 Mbps
32004[UE 1 | RB 1] Throughput = 1.20474 Mbps
32105[UE 1 | RB 1] Throughput = 1.31209 Mbps
32214[UE 1 | RB 1] Throughput = 0.54712 Mbps
32314[UE 1 | RB 1] Throughput = 1.19724 Mbps
32415[UE 1 | RB 1] Throughput = 1.43304 Mbps
32515[UE 1 | RB 1] Throughput = 0.71881 Mbps
32624[UE 1 | RB 1] Throughput = 1.20035 Mbps
32725[UE 1 | RB 1] Throughput = 0.71808 Mbps
32834[UE 1 | RB 1] Throughput = 1.30898 Mbps
32935[UE 1 | RB 1] Throughput = 1.43781 Mbps
33674[UE 1 | RB 1] Throughput = 0.00000 Mbps
33775[UE 1 | RB 1] Throughput = 8.45235 Mbps
33885[UE 1 | RB 1] Throughput = 1.31127 Mbps
33985[UE 1 | RB 1] Throughput = 1.19513 Mbps
34095[UE 1 | RB 1] Throughput = 0.65497 Mbps
34205[UE 1 | RB 1] Throughput = 1.30739 Mbps
34305[UE 1 | RB 1] Throughput = 1.19532 Mbps
34415[UE 1 | RB 1] Throughput = 0.87306 Mbps
34515[UE 1 | RB 1] Throughput = 1.19687 Mbps
34625[UE 1 | RB 1] Throughput = 0.87067 Mbps
34735[UE 1 | RB 1] Throughput = 1.31067 Mbps
34845[UE 1 | RB 1] Throughput = 0.76310 Mbps
34945[UE 1 | RB 1] Throughput = 1.31609 Mbps
35045[UE 1 | RB 1] Throughput = 1.07636 Mbps
35155[UE 1 | RB 1] Throughput = 1.09198 Mbps
35265[UE 1 | RB 1] Throughput = 1.19057 Mbps
35375[UE 1 | RB 1] Throughput = 0.65647 Mbps
35485[UE 1 | RB 1] Throughput = 1.30858 Mbps
35595[UE 1 | RB 1] Throughput = 1.30909 Mbps
35705[UE 1 | RB 1] Throughput = 1.08646 Mbps
35815[UE 1 | RB 1] Throughput = 0.65395 Mbps
35915[UE 1 | RB 1] Throughput = 1.31615 Mbps
36025[UE 1 | RB 1] Throughput = 1.19738 Mbps
36135[UE 1 | RB 1] Throughput = 1.09343 Mbps
36245[UE 1 | RB 1] Throughput = 0.76346 Mbps
36345[UE 1 | RB 1] Throughput = 1.07833 Mbps
36455[UE 1 | RB 1] Throughput = 1.08925 Mbps
36555[UE 1 | RB 1] Throughput = 1.31535 Mbps
36655[UE 1 | RB 1] Throughput = 0.83794 Mbps
36765[UE 1 | RB 1] Throughput = 1.09259 Mbps
36875[UE 1 | RB 1] Throughput = 1.08766 Mbps
36985[UE 1 | RB 1] Throughput = 1.09266 Mbps
37085[UE 1 | RB 1] Throughput = 1.31577 Mbps
37185[UE 1 | RB 1] Throughput = 0.71847 Mbps
37286[UE 1 | RB 1] Throughput = 1.42343 Mbps
37395[UE 1 | RB 1] Throughput = 0.98456 Mbps
37505[UE 1 | RB 1] Throughput = 0.98285 Mbps
37615[UE 1 | RB 1] Throughput = 1.09397 Mbps
37715[UE 1 | RB 1] Throughput = 1.19308 Mbps
37815[UE 1 | RB 1] Throughput = 0.95719 Mbps
37926[UE 1 | RB 1] Throughput = 0.97168 Mbps
38034[UE 1 | RB 1] Throughput = 0.99781 Mbps
38135[UE 1 | RB 1] Throughput = 1.31228 Mbps
38235[UE 1 | RB 1] Throughput = 0.71875 Mbps
38335[UE 1 | RB 1] Throughput = 1.31750 Mbps
38445[UE 1 | RB 1] Throughput = 0.76250 Mbps
38545[UE 1 | RB 1] Throughput = 0.59784 Mbps
38655[UE 1 | RB 1] Throughput = 1.74521 Mbps
38765[UE 1 | RB 1] Throughput = 1.19676 Mbps
38875[UE 1 | RB 1] Throughput = 0.87494 Mbps
38975[UE 1 | RB 1] Throughput = 1.31638 Mbps
39085[UE 1 | RB 1] Throughput = 1.08942 Mbps
39195[UE 1 | RB 1] Throughput = 0.65553 Mbps
39295[UE 1 | RB 1] Throughput = 1.43646 Mbps
39395[UE 1 | RB 1] Throughput = 0.83807 Mbps
39495[UE 1 | RB 1] Throughput = 0.71858 Mbps
39595[UE 1 | RB 1] Throughput = 1.67221 Mbps
39705[UE 1 | RB 1] Throughput = 0.65556 Mbps
39815[UE 1 | RB 1] Throughput = 1.30890 Mbps
39915[UE 1 | RB 1] Throughput = 1.31322 Mbps
40025[UE 1 | RB 1] Throughput = 0.54586 Mbps
40135[UE 1 | RB 1] Throughput = 1.30827 Mbps
40245[UE 1 | RB 1] Throughput = 1.19881 Mbps
40355[UE 1 | RB 1] Throughput = 1.19643 Mbps
40455[UE 1 | RB 1] Throughput = 0.59860 Mbps
40555[UE 1 | RB 1] Throughput = 1.43634 Mbps
40665[UE 1 | RB 1] Throughput = 1.19997 Mbps
40765[UE 1 | RB 1] Throughput = 0.59832 Mbps
40875[UE 1 | RB 1] Throughput = 1.20117 Mbps
40975[UE 1 | RB 1] Throughput = 1.19430 Mbps
41085[UE 1 | RB 1] Throughput = 1.20542 Mbps
41185[UE 1 | RB 1] Throughput = 0.83852 Mbps
41285[UE 1 | RB 1] Throughput = 0.83315 Mbps
41395[UE 1 | RB 1] Throughput = 1.31001 Mbps
41495[UE 1 | RB 1] Throughput = 1.07828 Mbps
41596[UE 1 | RB 1] Throughput = 1.31291 Mbps
41705[UE 1 | RB 1] Throughput = 0.65680 Mbps
41805[UE 1 | RB 1] Throughput = 1.31531 Mbps
41905[UE 1 | RB 1] Throughput = 1.31808 Mbps
42015[UE 1 | RB 1] Throughput = 0.76315 Mbps
42115[UE 1 | RB 1] Throughput = 1.31649 Mbps
42225[UE 1 | RB 1] Throughput = 0.76383 Mbps
42335[UE 1 | RB 1] Throughput = 1.30542 Mbps
42445[UE 1 | RB 1] Throughput = 0.65468 Mbps
42555[UE 1 | RB 1] Throughput = 1.30950 Mbps
42655[UE 1 | RB 1] Throughput = 1.43524 Mbps
42765[UE 1 | RB 1] Throughput = 0.54414 Mbps
42876[UE 1 | RB 1] Throughput = 1.08781 Mbps
42985[UE 1 | RB 1] Throughput = 1.20018 Mbps
43095[UE 1 | RB 1] Throughput = 1.30981 Mbps
43195[UE 1 | RB 1] Throughput = 1.19792 Mbps
43295[UE 1 | RB 1] Throughput = 0.47930 Mbps
43405[UE 1 | RB 1] Throughput = 1.30884 Mbps
43505[UE 1 | RB 1] Throughput = 1.31490 Mbps
43615[UE 1 | RB 1] Throughput = 0.65442 Mbps
43725[UE 1 | RB 1] Throughput = 1.19857 Mbps
43825[UE 1 | RB 1] Throughput = 1.43722 Mbps
43925[UE 1 | RB 1] Throughput = 0.71845 Mbps
44035[UE 1 | RB 1] Throughput = 1.30812 Mbps
44145[UE 1 | RB 1] Throughput = 0.65437 Mbps
44255[UE 1 | RB 1] Throughput = 1.30764 Mbps
44365[UE 1 | RB 1] Throughput = 1.20001 Mbps
44465[UE 1 | RB 1] Throughput = 0.59860 Mbps
44565[UE 1 | RB 1] Throughput = 1.31767 Mbps
44675[UE 1 | RB 1] Throughput = 1.30689 Mbps
44775[UE 1 | RB 1] Throughput = 0.71735 Mbps
44885[UE 1 | RB 1] Throughput = 1.30937 Mbps
44985[UE 1 | RB 1] Throughput = 0.71742 Mbps
45096[UE 1 | RB 1] Throughput = 1.19640 Mbps
45205[UE 1 | RB 1] Throughput = 1.20366 Mbps
45305[UE 1 | RB 1] Throughput = 0.71808 Mbps
45405[UE 1 | RB 1] Throughput = 1.31782 Mbps
45515[UE 1 | RB 1] Throughput = 1.19743 Mbps
45625[UE 1 | RB 1] Throughput = 1.20192 Mbps
45736[UE 1 | RB 1] Throughput = 0.54064 Mbps
45845[UE 1 | RB 1] Throughput = 1.31631 Mbps
45945[UE 1 | RB 1] Throughput = 1.19826 Mbps
46055[UE 1 | RB 1] Throughput = 1.08766 Mbps
46155[UE 1 | RB 1] Throughput = 1.19754 Mbps
46256[UE 1 | RB 1] Throughput = 0.71854 Mbps
46365[UE 1 | RB 1] Throughput = 1.20232 Mbps
46465[UE 1 | RB 1] Throughput = 1.31746 Mbps
46575[UE 1 | RB 1] Throughput = 0.65298 Mbps
46676[UE 1 | RB 1] Throughput = 1.43132 Mbps
46786[UE 1 | RB 1] Throughput = 0.65528 Mbps
46886[UE 1 | RB 1] Throughput = 1.43416 Mbps
46995[UE 1 | RB 1] Throughput = 0.87504 Mbps
47096[UE 1 | RB 1] Throughput = 1.43289 Mbps
47205[UE 1 | RB 1] Throughput = 0.87653 Mbps
47306[UE 1 | RB 1] Throughput = 0.95323 Mbps
47415[UE 1 | RB 1] Throughput = 1.31092 Mbps
48483[UE 1 | RB 1] Throughput = 0.05613 Mbps
48586[UE 1 | RB 1] Throughput = 11.41178 Mbps
48695[UE 1 | RB 1] Throughput = 1.31264 Mbps
48796[UE 1 | RB 1] Throughput = 0.71186 Mbps
48906[UE 1 | RB 1] Throughput = 1.20547 Mbps
49006[UE 1 | RB 1] Throughput = 1.31791 Mbps
49106[UE 1 | RB 1] Throughput = 0.71860 Mbps
49215[UE 1 | RB 1] Throughput = 1.09346 Mbps
49315[UE 1 | RB 1] Throughput = 1.31761 Mbps
49416[UE 1 | RB 1] Throughput = 0.71749 Mbps
49526[UE 1 | RB 1] Throughput = 1.19860 Mbps
49636[UE 1 | RB 1] Throughput = 1.19707 Mbps
49745[UE 1 | RB 1] Throughput = 0.87425 Mbps
49855[UE 1 | RB 1] Throughput = 1.30858 Mbps
49955[UE 1 | RB 1] Throughput = 0.71820 Mbps
50065[UE 1 | RB 1] Throughput = 1.30988 Mbps
50165[UE 1 | RB 1] Throughput = 0.71744 Mbps
50266[UE 1 | RB 1] Throughput = 1.31575 Mbps
50375[UE 1 | RB 1] Throughput = 1.20205 Mbps
50476[UE 1 | RB 1] Throughput = 1.19426 Mbps
51205[UE 1 | RB 1] Throughput = 0.00000 Mbps
51306[UE 1 | RB 1] Throughput = 8.58666 Mbps
51406[UE 1 | RB 1] Throughput = 1.07823 Mbps
51506[UE 1 | RB 1] Throughput = 1.07676 Mbps
51615[UE 1 | RB 1] Throughput = 1.20238 Mbps
51716[UE 1 | RB 1] Throughput = 0.83750 Mbps
51826[UE 1 | RB 1] Throughput = 0.97954 Mbps
51926[UE 1 | RB 1] Throughput = 1.31753 Mbps
52036[UE 1 | RB 1] Throughput = 0.98195 Mbps
52136[UE 1 | RB 1] Throughput = 1.19405 Mbps
52246[UE 1 | RB 1] Throughput = 1.09300 Mbps
52356[UE 1 | RB 1] Throughput = 1.08925 Mbps
52456[UE 1 | RB 1] Throughput = 1.07792 Mbps
52556[UE 1 | RB 1] Throughput = 0.71839 Mbps
52666[UE 1 | RB 1] Throughput = 1.30821 Mbps
52776[UE 1 | RB 1] Throughput = 1.09018 Mbps
52876[UE 1 | RB 1] Throughput = 1.07789 Mbps
52976[UE 1 | RB 1] Throughput = 1.19735 Mbps
53086[UE 1 | RB 1] Throughput = 0.87305 Mbps
53196[UE 1 | RB 1] Throughput = 1.08932 Mbps
53296[UE 1 | RB 1] Throughput = 0.83748 Mbps
53406[UE 1 | RB 1] Throughput = 1.09145 Mbps
53506[UE 1 | RB 1] Throughput = 1.43649 Mbps
53606[UE 1 | RB 1] Throughput = 0.71809 Mbps
53716[UE 1 | RB 1] Throughput = 1.30780 Mbps
53826[UE 1 | RB 1] Throughput = 0.65390 Mbps
53926[UE 1 | RB 1] Throughput = 1.07721 Mbps
54036[UE 1 | RB 1] Throughput = 1.19996 Mbps
54146[UE 1 | RB 1] Throughput = 1.19778 Mbps
54256[UE 1 | RB 1] Throughput = 1.19955 Mbps
54356[UE 1 | RB 1] Throughput = 0.71886 Mbps
54456[UE 1 | RB 1] Throughput = 1.31766 Mbps
54566[UE 1 | RB 1] Throughput = 1.08938 Mbps
54666[UE 1 | RB 1] Throughput = 1.19686 Mbps
54776[UE 1 | RB 1] Throughput = 0.76192 Mbps
54876[UE 1 | RB 1] Throughput = 1.07724 Mbps
54977[UE 1 | RB 1] Throughput = 1.07420 Mbps
55086[UE 1 | RB 1] Throughput = 1.09600 Mbps
55196[UE 1 | RB 1] Throughput = 1.30468 Mbps
55306[UE 1 | RB 1] Throughput = 0.87604 Mbps
55406[UE 1 | RB 1] Throughput = 1.19407 Mbps
55506[UE 1 | RB 1] Throughput = 0.71832 Mbps
55616[UE 1 | RB 1] Throughput = 1.19806 Mbps
55716[UE 1 | RB 1] Throughput = 1.43697 Mbps
55816[UE 1 | RB 1] Throughput = 0.71741 Mbps
55926[UE 1 | RB 1] Throughput = 1.20216 Mbps
56036[UE 1 | RB 1] Throughput = 0.65516 Mbps
56145[UE 1 | RB 1] Throughput = 1.31029 Mbps
56246[UE 1 | RB 1] Throughput = 1.31561 Mbps
56358[UE 1 | RB 1] Throughput = 1.17640 Mbps
56466[UE 1 | RB 1] Throughput = 0.77529 Mbps
56576[UE 1 | RB 1] Throughput = 1.19769 Mbps
56686[UE 1 | RB 1] Throughput = 1.20130 Mbps
56786[UE 1 | RB 1] Throughput = 0.83867 Mbps
56886[UE 1 | RB 1] Throughput = 1.07369 Mbps
56996[UE 1 | RB 1] Throughput = 1.30765 Mbps
57106[UE 1 | RB 1] Throughput = 0.65589 Mbps
57216[UE 1 | RB 1] Throughput = 1.08837 Mbps
57316[UE 1 | RB 1] Throughput = 1.31503 Mbps
57426[UE 1 | RB 1] Throughput = 1.20300 Mbps
57526[UE 1 | RB 1] Throughput = 1.07593 Mbps
57636[UE 1 | RB 1] Throughput = 0.76243 Mbps
57746[UE 1 | RB 1] Throughput = 1.19676 Mbps
57856[UE 1 | RB 1] Throughput = 1.19701 Mbps
57966[UE 1 | RB 1] Throughput = 1.20402 Mbps
58076[UE 1 | RB 1] Throughput = 0.54446 Mbps
58176[UE 1 | RB 1] Throughput = 1.43616 Mbps
58276[UE 1 | RB 1] Throughput = 0.71638 Mbps
58386[UE 1 | RB 1] Throughput = 1.31153 Mbps
58496[UE 1 | RB 1] Throughput = 1.19756 Mbps
58606[UE 1 | RB 1] Throughput = 1.09266 Mbps
58706[UE 1 | RB 1] Throughput = 0.95424 Mbps
58817[UE 1 | RB 1] Throughput = 0.86827 Mbps
58926[UE 1 | RB 1] Throughput = 1.20726 Mbps
59026[UE 1 | RB 1] Throughput = 1.19708 Mbps
59126[UE 1 | RB 1] Throughput = 1.07533 Mbps
59236[UE 1 | RB 1] Throughput = 0.98096 Mbps
59346[UE 1 | RB 1] Throughput = 1.08979 Mbps
59446[UE 1 | RB 1] Throughput = 1.07626 Mbps
59556[UE 1 | RB 1] Throughput = 1.09020 Mbps
59666[UE 1 | RB 1] Throughput = 0.76331 Mbps
59766[UE 1 | RB 1] Throughput = 1.19666 Mbps
59876[UE 1 | RB 1] Throughput = 1.09170 Mbps
59986[UE 1 | RB 1] Throughput = 1.20168 Mbps
60086[UE 1 | RB 1] Throughput = 1.31389 Mbps
61156[UE 1 | RB 1] Throughput = 0.00000 Mbps
61256[UE 1 | RB 1] Throughput = 12.06090 Mbps
61366[UE 1 | RB 1] Throughput = 1.30742 Mbps
61466[UE 1 | RB 1] Throughput = 1.19235 Mbps
61576[UE 1 | RB 1] Throughput = 0.98538 Mbps
61676[UE 1 | RB 1] Throughput = 0.95480 Mbps
61786[UE 1 | RB 1] Throughput = 1.09111 Mbps
61886[UE 1 | RB 1] Throughput = 1.07677 Mbps
61996[UE 1 | RB 1] Throughput = 0.98103 Mbps
62106[UE 1 | RB 1] Throughput = 1.31003 Mbps
62206[UE 1 | RB 1] Throughput = 0.83775 Mbps
62306[UE 1 | RB 1] Throughput = 1.07683 Mbps
62416[UE 1 | RB 1] Throughput = 0.87323 Mbps
62547[UE 1 | RB 1] Throughput = 1.09638 Mbps
62656[UE 1 | RB 1] Throughput = 1.31840 Mbps
62766[UE 1 | RB 1] Throughput = 1.19958 Mbps
62866[UE 1 | RB 1] Throughput = 0.95763 Mbps
62966[UE 1 | RB 1] Throughput = 1.07732 Mbps
63076[UE 1 | RB 1] Throughput = 1.09122 Mbps
63186[UE 1 | RB 1] Throughput = 0.97938 Mbps
63287[UE 1 | RB 1] Throughput = 1.07675 Mbps
63396[UE 1 | RB 1] Throughput = 0.98342 Mbps
63506[UE 1 | RB 1] Throughput = 1.08952 Mbps
63606[UE 1 | RB 1] Throughput = 0.95810 Mbps
63716[UE 1 | RB 1] Throughput = 1.08986 Mbps
63816[UE 1 | RB 1] Throughput = 1.19721 Mbps
63926[UE 1 | RB 1] Throughput = 1.09053 Mbps
64037[UE 1 | RB 1] Throughput = 0.86915 Mbps
64146[UE 1 | RB 1] Throughput = 1.20021 Mbps
64247[UE 1 | RB 1] Throughput = 1.31686 Mbps
64356[UE 1 | RB 1] Throughput = 0.54626 Mbps
64466[UE 1 | RB 1] Throughput = 1.19618 Mbps
64567[UE 1 | RB 1] Throughput = 1.19668 Mbps
64676[UE 1 | RB 1] Throughput = 1.09217 Mbps
64777[UE 1 | RB 1] Throughput = 1.19414 Mbps
64886[UE 1 | RB 1] Throughput = 0.76496 Mbps
64996[UE 1 | RB 1] Throughput = 1.19796 Mbps
65106[UE 1 | RB 1] Throughput = 0.76330 Mbps
65206[UE 1 | RB 1] Throughput = 1.19785 Mbps
65317[UE 1 | RB 1] Throughput = 1.19603 Mbps
65426[UE 1 | RB 1] Throughput = 1.30805 Mbps
65527[UE 1 | RB 1] Throughput = 0.71760 Mbps
65637[UE 1 | RB 1] Throughput = 1.19942 Mbps
65746[UE 1 | RB 1] Throughput = 1.09072 Mbps
65847[UE 1 | RB 1] Throughput = 1.19573 Mbps
65957[UE 1 | RB 1] Throughput = 0.65447 Mbps
66057[UE 1 | RB 1] Throughput = 1.43584 Mbps
66166[UE 1 | RB 1] Throughput = 1.20372 Mbps
66267[UE 1 | RB 1] Throughput = 0.95463 Mbps
66376[UE 1 | RB 1] Throughput = 0.54728 Mbps
66477[UE 1 | RB 1] Throughput = 1.66327 Mbps
66587[UE 1 | RB 1] Throughput = 0.98382 Mbps
66687[UE 1 | RB 1] Throughput = 1.07620 Mbps
66797[UE 1 | RB 1] Throughput = 1.09130 Mbps
66907[UE 1 | RB 1] Throughput = 1.19939 Mbps
67016[UE 1 | RB 1] Throughput = 1.20010 Mbps
67117[UE 1 | RB 1] Throughput = 0.59746 Mbps
67226[UE 1 | RB 1] Throughput = 1.30957 Mbps
67588[UE 1 | RB 1] Throughput = 0.33190 Mbps
67697[UE 1 | RB 1] Throughput = 3.29823 Mbps
67806[UE 1 | RB 1] Throughput = 1.19962 Mbps
67907[UE 1 | RB 1] Throughput = 1.19503 Mbps
68017[UE 1 | RB 1] Throughput = 0.98070 Mbps
68117[UE 1 | RB 1] Throughput = 1.07814 Mbps
68227[UE 1 | RB 1] Throughput = 1.09079 Mbps
68337[UE 1 | RB 1] Throughput = 0.65403 Mbps
68437[UE 1 | RB 1] Throughput = 1.19584 Mbps
68546[UE 1 | RB 1] Throughput = 1.31232 Mbps
68648[UE 1 | RB 1] Throughput = 1.06168 Mbps
68756[UE 1 | RB 1] Throughput = 1.21451 Mbps
68857[UE 1 | RB 1] Throughput = 0.95702 Mbps
68957[UE 1 | RB 1] Throughput = 1.07793 Mbps
69057[UE 1 | RB 1] Throughput = 0.83759 Mbps
69167[UE 1 | RB 1] Throughput = 1.20080 Mbps
69267[UE 1 | RB 1] Throughput = 1.19812 Mbps
69377[UE 1 | RB 1] Throughput = 0.87206 Mbps
69477[UE 1 | RB 1] Throughput = 0.95748 Mbps
69587[UE 1 | RB 1] Throughput = 1.30949 Mbps
69687[UE 1 | RB 1] Throughput = 0.71717 Mbps
69797[UE 1 | RB 1] Throughput = 1.08490 Mbps
69907[UE 1 | RB 1] Throughput = 1.20380 Mbps
70007[UE 1 | RB 1] Throughput = 1.43766 Mbps
70117[UE 1 | RB 1] Throughput = 0.65357 Mbps
70227[UE 1 | RB 1] Throughput = 1.52685 Mbps
70327[UE 1 | RB 1] Throughput = 0.71892 Mbps
70437[UE 1 | RB 1] Throughput = 1.08839 Mbps
70547[UE 1 | RB 1] Throughput = 1.30764 Mbps
70647[UE 1 | RB 1] Throughput = 0.83577 Mbps
70757[UE 1 | RB 1] Throughput = 0.98619 Mbps
70857[UE 1 | RB 1] Throughput = 1.43722 Mbps
70957[UE 1 | RB 1] Throughput = 0.83668 Mbps
71067[UE 1 | RB 1] Throughput = 1.09252 Mbps
71167[UE 1 | RB 1] Throughput = 1.19639 Mbps
71276[UE 1 | RB 1] Throughput = 0.65570 Mbps
71377[UE 1 | RB 1] Throughput = 1.55461 Mbps
71477[UE 1 | RB 1] Throughput = 0.59739 Mbps
71587[UE 1 | RB 1] Throughput = 1.30691 Mbps
71697[UE 1 | RB 1] Throughput = 1.20305 Mbps
71807[UE 1 | RB 1] Throughput = 1.19872 Mbps
71907[UE 1 | RB 1] Throughput = 0.83682 Mbps
72007[UE 1 | RB 1] Throughput = 0.83828 Mbps
72117[UE 1 | RB 1] Throughput = 1.09170 Mbps
72227[UE 1 | RB 1] Throughput = 1.19844 Mbps
72337[UE 1 | RB 1] Throughput = 1.30573 Mbps
72446[UE 1 | RB 1] Throughput = 0.65522 Mbps
72547[UE 1 | RB 1] Throughput = 1.19379 Mbps
72657[UE 1 | RB 1] Throughput = 1.08495 Mbps
72767[UE 1 | RB 1] Throughput = 1.19734 Mbps
72877[UE 1 | RB 1] Throughput = 1.09468 Mbps
72977[UE 1 | RB 1] Throughput = 0.95779 Mbps
73087[UE 1 | RB 1] Throughput = 1.20043 Mbps
73197[UE 1 | RB 1] Throughput = 1.09087 Mbps
73307[UE 1 | RB 1] Throughput = 0.87188 Mbps
73407[UE 1 | RB 1] Throughput = 1.07793 Mbps
73507[UE 1 | RB 1] Throughput = 1.31798 Mbps
73607[UE 1 | RB 1] Throughput = 0.71880 Mbps
73707[UE 1 | RB 1] Throughput = 1.43574 Mbps
73817[UE 1 | RB 1] Throughput = 1.08930 Mbps
73917[UE 1 | RB 1] Throughput = 0.59803 Mbps
74027[UE 1 | RB 1] Throughput = 1.52964 Mbps
74137[UE 1 | RB 1] Throughput = 0.87252 Mbps
74237[UE 1 | RB 1] Throughput = 0.83716 Mbps
74347[UE 1 | RB 1] Throughput = 1.19796 Mbps
74457[UE 1 | RB 1] Throughput = 1.08915 Mbps
74567[UE 1 | RB 1] Throughput = 1.08888 Mbps
74677[UE 1 | RB 1] Throughput = 1.09266 Mbps
74787[UE 1 | RB 1] Throughput = 1.19883 Mbps
74887[UE 1 | RB 1] Throughput = 0.83412 Mbps
74997[UE 1 | RB 1] Throughput = 1.20059 Mbps
75097[UE 1 | RB 1] Throughput = 0.59870 Mbps
75207[UE 1 | RB 1] Throughput = 1.30870 Mbps
75307[UE 1 | RB 1] Throughput = 1.31338 Mbps
75417[UE 1 | RB 1] Throughput = 1.09187 Mbps
75517[UE 1 | RB 1] Throughput = 0.83872 Mbps
75627[UE 1 | RB 1] Throughput = 1.20299 Mbps
75727[UE 1 | RB 1] Throughput = 0.71871 Mbps
75827[UE 1 | RB 1] Throughput = 1.43504 Mbps
75927[UE 1 | RB 1] Throughput = 1.19778 Mbps
76037[UE 1 | RB 1] Throughput = 1.09048 Mbps
76137[UE 1 | RB 1] Throughput = 0.59768 Mbps
76237[UE 1 | RB 1] Throughput = 1.31796 Mbps
76347[UE 1 | RB 1] Throughput = 1.20122 Mbps
76447[UE 1 | RB 1] Throughput = 0.59813 Mbps
76547[UE 1 | RB 1] Throughput = 1.31740 Mbps
76657[UE 1 | RB 1] Throughput = 1.19708 Mbps
76767[UE 1 | RB 1] Throughput = 0.98162 Mbps
76877[UE 1 | RB 1] Throughput = 0.87395 Mbps
76977[UE 1 | RB 1] Throughput = 1.31397 Mbps
77087[UE 1 | RB 1] Throughput = 1.08989 Mbps
77197[UE 1 | RB 1] Throughput = 1.09336 Mbps
77307[UE 1 | RB 1] Throughput = 1.19589 Mbps
77417[UE 1 | RB 1] Throughput = 0.87326 Mbps
77527[UE 1 | RB 1] Throughput = 1.20120 Mbps
77627[UE 1 | RB 1] Throughput = 1.06973 Mbps
77737[UE 1 | RB 1] Throughput = 1.09357 Mbps
77837[UE 1 | RB 1] Throughput = 0.83660 Mbps
77947[UE 1 | RB 1] Throughput = 1.20070 Mbps
78047[UE 1 | RB 1] Throughput = 1.19804 Mbps
78147[UE 1 | RB 1] Throughput = 0.95825 Mbps
78257[UE 1 | RB 1] Throughput = 0.54292 Mbps
78367[UE 1 | RB 1] Throughput = 1.20599 Mbps
78477[UE 1 | RB 1] Throughput = 1.41435 Mbps
78577[UE 1 | RB 1] Throughput = 0.95533 Mbps
78687[UE 1 | RB 1] Throughput = 1.20248 Mbps
78787[UE 1 | RB 1] Throughput = 1.19557 Mbps
78897[UE 1 | RB 1] Throughput = 0.65651 Mbps
78997[UE 1 | RB 1] Throughput = 1.18876 Mbps
79107[UE 1 | RB 1] Throughput = 1.09108 Mbps
79218[UE 1 | RB 1] Throughput = 1.19508 Mbps
79327[UE 1 | RB 1] Throughput = 0.98339 Mbps
79437[UE 1 | RB 1] Throughput = 1.09308 Mbps
79537[UE 1 | RB 1] Throughput = 1.31262 Mbps
79647[UE 1 | RB 1] Throughput = 1.09275 Mbps
79747[UE 1 | RB 1] Throughput = 0.71799 Mbps
79847[UE 1 | RB 1] Throughput = 1.19713 Mbps
79957[UE 1 | RB 1] Throughput = 1.19656 Mbps
80067[UE 1 | RB 1] Throughput = 1.09456 Mbps
80167[UE 1 | RB 1] Throughput = 0.83589 Mbps
80268[UE 1 | RB 1] Throughput = 0.95537 Mbps
80377[UE 1 | RB 1] Throughput = 1.30975 Mbps
80488[UE 1 | RB 1] Throughput = 0.65172 Mbps
80597[UE 1 | RB 1] Throughput = 1.31321 Mbps
80697[UE 1 | RB 1] Throughput = 1.31750 Mbps
80807[UE 1 | RB 1] Throughput = 0.98230 Mbps
80907[UE 1 | RB 1] Throughput = 1.19598 Mbps
81017[UE 1 | RB 1] Throughput = 0.87038 Mbps
81118[UE 1 | RB 1] Throughput = 1.31278 Mbps
81228[UE 1 | RB 1] Throughput = 0.65516 Mbps
81328[UE 1 | RB 1] Throughput = 1.31802 Mbps
81437[UE 1 | RB 1] Throughput = 1.09140 Mbps
81548[UE 1 | RB 1] Throughput = 1.19717 Mbps
81658[UE 1 | RB 1] Throughput = 1.08933 Mbps
81767[UE 1 | RB 1] Throughput = 0.87286 Mbps
81877[UE 1 | RB 1] Throughput = 1.09056 Mbps
81988[UE 1 | RB 1] Throughput = 1.19566 Mbps
82098[UE 1 | RB 1] Throughput = 0.65277 Mbps
82207[UE 1 | RB 1] Throughput = 0.98392 Mbps
82307[UE 1 | RB 1] Throughput = 1.43807 Mbps
82407[UE 1 | RB 1] Throughput = 0.83875 Mbps
82507[UE 1 | RB 1] Throughput = 1.07772 Mbps
82607[UE 1 | RB 1] Throughput = 1.43798 Mbps
82717[UE 1 | RB 1] Throughput = 1.19793 Mbps
82827[UE 1 | RB 1] Throughput = 0.65597 Mbps
82927[UE 1 | RB 1] Throughput = 1.19426 Mbps
83037[UE 1 | RB 1] Throughput = 1.09249 Mbps
83137[UE 1 | RB 1] Throughput = 1.31707 Mbps
83238[UE 1 | RB 1] Throughput = 0.71627 Mbps
83388[UE 1 | RB 1] Throughput = 0.87640 Mbps
84451[UE 1 | RB 1] Throughput = 0.06762 Mbps
84557[UE 1 | RB 1] Throughput = 11.53645 Mbps
84658[UE 1 | RB 1] Throughput = 0.71708 Mbps
84768[UE 1 | RB 1] Throughput = 1.19516 Mbps
84877[UE 1 | RB 1] Throughput = 1.31497 Mbps
84977[UE 1 | RB 1] Throughput = 0.71805 Mbps
85078[UE 1 | RB 1] Throughput = 1.43445 Mbps
85188[UE 1 | RB 1] Throughput = 0.65364 Mbps
85298[UE 1 | RB 1] Throughput = 1.30911 Mbps
85398[UE 1 | RB 1] Throughput = 1.31485 Mbps
85507[UE 1 | RB 1] Throughput = 0.65569 Mbps
85608[UE 1 | RB 1] Throughput = 1.31523 Mbps
85718[UE 1 | RB 1] Throughput = 1.09017 Mbps
88581[UE 1 | RB 1] Throughput = 0.00000 Mbps
88688[UE 1 | RB 1] Throughput = 29.75151 Mbps
88788[UE 1 | RB 1] Throughput = 0.95376 Mbps
88888[UE 1 | RB 1] Throughput = 1.31727 Mbps
88997[UE 1 | RB 1] Throughput = 1.09732 Mbps
89098[UE 1 | RB 1] Throughput = 1.19378 Mbps
89208[UE 1 | RB 1] Throughput = 0.87061 Mbps
89318[UE 1 | RB 1] Throughput = 1.09180 Mbps
89428[UE 1 | RB 1] Throughput = 1.08917 Mbps
89528[UE 1 | RB 1] Throughput = 1.31578 Mbps
89628[UE 1 | RB 1] Throughput = 0.71692 Mbps
89738[UE 1 | RB 1] Throughput = 1.20391 Mbps
89838[UE 1 | RB 1] Throughput = 0.71728 Mbps
89948[UE 1 | RB 1] Throughput = 1.20137 Mbps
[xApp]: E42 RIC_SUBSCRIPTION_DELETE_REQUEST tx RAN_FUNC_ID 144 RIC_REQ_ID 1 
90980[UE 1 | RB 1] Throughput = 0.05804 Mbps
[xApp]: E42 SUBSCRIPTION DELETE RESPONSE rx
[xApp]: E42 RIC_SUBSCRIPTION_DELETE_REQUEST tx RAN_FUNC_ID 144 RIC_REQ_ID 2 
[xApp]: E42 SUBSCRIPTION DELETE RESPONSE rx
[xApp]: E42 RIC_SUBSCRIPTION_DELETE_REQUEST tx RAN_FUNC_ID 144 RIC_REQ_ID 3 
[xApp]: E42 SUBSCRIPTION DELETE RESPONSE rx
[xApp]: Sucessfully stopped 
Test xApp run SUCCESSFULLY
