[UTIL]: Setting the config -c file to /usr/local/etc/flexric/flexric.conf
[UTIL]: Setting path -p for the shared libraries to /usr/local/lib/flexric/
[xAapp]: Initializing ... 
[xApp]: nearRT-RIC IP Address = 192.168.70.150, PORT = 36422
[E2 AGENT]: Opening plugin from path = /usr/local/lib/flexric/libkpm_sm.so 
[E2 AGENT]: Opening plugin from path = /usr/local/lib/flexric/libmac_sm.so 
[E2 AGENT]: Opening plugin from path = /usr/local/lib/flexric/libpdcp_sm.so 
[E2 AGENT]: Opening plugin from path = /usr/local/lib/flexric/libgtp_sm.so 
[E2 AGENT]: Opening plugin from path = /usr/local/lib/flexric/librc_sm.so 
[E2 AGENT]: Opening plugin from path = /usr/local/lib/flexric/libtc_sm.so 
[E2 AGENT]: Opening plugin from path = /usr/local/lib/flexric/librlc_sm.so 
[E2 AGENT]: Opening plugin from path = /usr/local/lib/flexric/libslice_sm.so 
[NEAR-RIC]: Loading SM ID = 2 with def = ORAN-E2SM-KPM 
[NEAR-RIC]: Loading SM ID = 142 with def = MAC_STATS_V0 
[NEAR-RIC]: Loading SM ID = 144 with def = PDCP_STATS_V0 
[NEAR-RIC]: Loading SM ID = 148 with def = GTP_STATS_V0 
[NEAR-RIC]: Loading SM ID = 3 with def = ORAN-E2SM-RC 
[NEAR-RIC]: Loading SM ID = 146 with def = TC_STATS_V0 
[NEAR-RIC]: Loading SM ID = 143 with def = RLC_STATS_V0 
[NEAR-RIC]: Loading SM ID = 145 with def = SLICE_STATS_V0 
[xApp]: DB filename = /tmp/flexric/xapp_db 
 [xApp]: E42 SETUP-REQUEST tx
[xApp]: E42 SETUP-RESPONSE rx 
[xApp]: xApp ID = 11 
[xApp]: Registered E2 Nodes = 3 
Connected E2 nodes = 3
[xAPP] Registered node 0 ran func id = 2 
 [xAPP] Registered node 0 ran func id = 3 
 [xAPP] Registered node 0 ran func id = 142 
 [xAPP] Registered node 0 ran func id = 143 
 [xAPP] Registered node 0 ran func id = 144 
 [xAPP] Registered node 0 ran func id = 145 
 [xAPP] Registered node 0 ran func id = 146 
 [xAPP] Registered node 0 ran func id = 148 
 [xApp]: E42 RIC SUBSCRIPTION REQUEST tx RAN_FUNC_ID 144 RIC_REQ_ID 1 
[xApp]: SUBSCRIPTION RESPONSE rx
[xApp]: Successfully subscribed to RAN_FUNC_ID 144 
[xAPP] Registered node 1 ran func id = 2 
 [xAPP] Registered node 1 ran func id = 3 
 [xAPP] Registered node 1 ran func id = 142 
 [xAPP] Registered node 1 ran func id = 143 
 [xAPP] Registered node 1 ran func id = 144 
 [xAPP] Registered node 1 ran func id = 145 
 [xAPP] Registered node 1 ran func id = 146 
 [xAPP] Registered node 1 ran func id = 148 
 [xApp]: E42 RIC SUBSCRIPTION REQUEST tx RAN_FUNC_ID 144 RIC_REQ_ID 2 
[xApp]: SUBSCRIPTION RESPONSE rx
[xApp]: Successfully subscribed to RAN_FUNC_ID 144 
[xAPP] Registered node 2 ran func id = 2 
 [xAPP] Registered node 2 ran func id = 3 
 [xAPP] Registered node 2 ran func id = 142 
 [xAPP] Registered node 2 ran func id = 143 
 [xAPP] Registered node 2 ran func id = 144 
 [xAPP] Registered node 2 ran func id = 145 
 [xAPP] Registered node 2 ran func id = 146 
 [xAPP] Registered node 2 ran func id = 148 
 [xApp]: E42 RIC SUBSCRIPTION REQUEST tx RAN_FUNC_ID 144 RIC_REQ_ID 3 
[xApp]: SUBSCRIPTION RESPONSE rx
[xApp]: Successfully subscribed to RAN_FUNC_ID 144 
1122[UE 1 | RB 1] Throughput = 0.06483 Mbps
1223[UE 1 | RB 1] Throughput = 12.08387 Mbps
1333[UE 1 | RB 1] Throughput = 1.30907 Mbps
1443[UE 1 | RB 1] Throughput = 0.87311 Mbps
1543[UE 1 | RB 1] Throughput = 0.95691 Mbps
1653[UE 1 | RB 1] Throughput = 1.19766 Mbps
1763[UE 1 | RB 1] Throughput = 0.76376 Mbps
1863[UE 1 | RB 1] Throughput = 1.31522 Mbps
1963[UE 1 | RB 1] Throughput = 1.07734 Mbps
2073[UE 1 | RB 1] Throughput = 0.98194 Mbps
2173[UE 1 | RB 1] Throughput = 1.19838 Mbps
2283[UE 1 | RB 1] Throughput = 1.08811 Mbps
2393[UE 1 | RB 1] Throughput = 0.97850 Mbps
2503[UE 1 | RB 1] Throughput = 0.98157 Mbps
2613[UE 1 | RB 1] Throughput = 1.20156 Mbps
2713[UE 1 | RB 1] Throughput = 0.71648 Mbps
2813[UE 1 | RB 1] Throughput = 1.31787 Mbps
2923[UE 1 | RB 1] Throughput = 1.30760 Mbps
3033[UE 1 | RB 1] Throughput = 0.65418 Mbps
3133[UE 1 | RB 1] Throughput = 1.43634 Mbps
3243[UE 1 | RB 1] Throughput = 1.20258 Mbps
3353[UE 1 | RB 1] Throughput = 0.76294 Mbps
3453[UE 1 | RB 1] Throughput = 1.31723 Mbps
3563[UE 1 | RB 1] Throughput = 1.08935 Mbps
3663[UE 1 | RB 1] Throughput = 0.83754 Mbps
3766[UE 1 | RB 1] Throughput = 1.28327 Mbps
3873[UE 1 | RB 1] Throughput = 0.78425 Mbps
3973[UE 1 | RB 1] Throughput = 1.31811 Mbps
4073[UE 1 | RB 1] Throughput = 0.95716 Mbps
4183[UE 1 | RB 1] Throughput = 0.87076 Mbps
4293[UE 1 | RB 1] Throughput = 1.30801 Mbps
4403[UE 1 | RB 1] Throughput = 1.08969 Mbps
4513[UE 1 | RB 1] Throughput = 1.19632 Mbps
4623[UE 1 | RB 1] Throughput = 0.76388 Mbps
5795[UE 1 | RB 1] Throughput = 0.11251 Mbps
5903[UE 1 | RB 1] Throughput = 11.47005 Mbps
6003[UE 1 | RB 1] Throughput = 1.19780 Mbps
6113[UE 1 | RB 1] Throughput = 0.65501 Mbps
6213[UE 1 | RB 1] Throughput = 1.19729 Mbps
6323[UE 1 | RB 1] Throughput = 1.09358 Mbps
6423[UE 1 | RB 1] Throughput = 1.19360 Mbps
6533[UE 1 | RB 1] Throughput = 1.09238 Mbps
6633[UE 1 | RB 1] Throughput = 1.19404 Mbps
6733[UE 1 | RB 1] Throughput = 0.95826 Mbps
6833[UE 1 | RB 1] Throughput = 0.95858 Mbps
6943[UE 1 | RB 1] Throughput = 1.20016 Mbps
7053[UE 1 | RB 1] Throughput = 1.19911 Mbps
7153[UE 1 | RB 1] Throughput = 0.71763 Mbps
7253[UE 1 | RB 1] Throughput = 1.19664 Mbps
7363[UE 1 | RB 1] Throughput = 1.31045 Mbps
7473[UE 1 | RB 1] Throughput = 0.65250 Mbps
7583[UE 1 | RB 1] Throughput = 1.20208 Mbps
7683[UE 1 | RB 1] Throughput = 1.07507 Mbps
7793[UE 1 | RB 1] Throughput = 1.30961 Mbps
7894[UE 1 | RB 1] Throughput = 0.59663 Mbps
8003[UE 1 | RB 1] Throughput = 1.31102 Mbps
8104[UE 1 | RB 1] Throughput = 0.95681 Mbps
8213[UE 1 | RB 1] Throughput = 1.20064 Mbps
8323[UE 1 | RB 1] Throughput = 0.87220 Mbps
8423[UE 1 | RB 1] Throughput = 1.19791 Mbps
8533[UE 1 | RB 1] Throughput = 1.20308 Mbps
8633[UE 1 | RB 1] Throughput = 1.07341 Mbps
8743[UE 1 | RB 1] Throughput = 0.76264 Mbps
8843[UE 1 | RB 1] Throughput = 1.19790 Mbps
8953[UE 1 | RB 1] Throughput = 1.20081 Mbps
9054[UE 1 | RB 1] Throughput = 1.30915 Mbps
9164[UE 1 | RB 1] Throughput = 0.65501 Mbps
9273[UE 1 | RB 1] Throughput = 1.31169 Mbps
9373[UE 1 | RB 1] Throughput = 0.95709 Mbps
9483[UE 1 | RB 1] Throughput = 0.98289 Mbps
9583[UE 1 | RB 1] Throughput = 1.19732 Mbps
9683[UE 1 | RB 1] Throughput = 1.07775 Mbps
9793[UE 1 | RB 1] Throughput = 1.19791 Mbps
9904[UE 1 | RB 1] Throughput = 0.87027 Mbps
10013[UE 1 | RB 1] Throughput = 1.09069 Mbps
10123[UE 1 | RB 1] Throughput = 1.09080 Mbps
10223[UE 1 | RB 1] Throughput = 1.31752 Mbps
10333[UE 1 | RB 1] Throughput = 0.76240 Mbps
10433[UE 1 | RB 1] Throughput = 1.31699 Mbps
10543[UE 1 | RB 1] Throughput = 1.19865 Mbps
10653[UE 1 | RB 1] Throughput = 0.76317 Mbps
10763[UE 1 | RB 1] Throughput = 1.30807 Mbps
10864[UE 1 | RB 1] Throughput = 0.59809 Mbps
10973[UE 1 | RB 1] Throughput = 1.30792 Mbps
11083[UE 1 | RB 1] Throughput = 1.19889 Mbps
11183[UE 1 | RB 1] Throughput = 0.71859 Mbps
11284[UE 1 | RB 1] Throughput = 1.19759 Mbps
11393[UE 1 | RB 1] Throughput = 1.30863 Mbps
11494[UE 1 | RB 1] Throughput = 0.71748 Mbps
11603[UE 1 | RB 1] Throughput = 1.09557 Mbps
11703[UE 1 | RB 1] Throughput = 1.31349 Mbps
11804[UE 1 | RB 1] Throughput = 0.71633 Mbps
11913[UE 1 | RB 1] Throughput = 1.09224 Mbps
12014[UE 1 | RB 1] Throughput = 1.31608 Mbps
12123[UE 1 | RB 1] Throughput = 1.20060 Mbps
12224[UE 1 | RB 1] Throughput = 0.71619 Mbps
12324[UE 1 | RB 1] Throughput = 1.19666 Mbps
12433[UE 1 | RB 1] Throughput = 1.20685 Mbps
12533[UE 1 | RB 1] Throughput = 1.07801 Mbps
12633[UE 1 | RB 1] Throughput = 1.07637 Mbps
12734[UE 1 | RB 1] Throughput = 0.95812 Mbps
12834[UE 1 | RB 1] Throughput = 1.07854 Mbps
12943[UE 1 | RB 1] Throughput = 0.98492 Mbps
13043[UE 1 | RB 1] Throughput = 1.31554 Mbps
13143[UE 1 | RB 1] Throughput = 0.95715 Mbps
13243[UE 1 | RB 1] Throughput = 0.71874 Mbps
13344[UE 1 | RB 1] Throughput = 1.43725 Mbps
13445[UE 1 | RB 1] Throughput = 0.59063 Mbps
13554[UE 1 | RB 1] Throughput = 1.43274 Mbps
13664[UE 1 | RB 1] Throughput = 1.19606 Mbps
13773[UE 1 | RB 1] Throughput = 0.65645 Mbps
13874[UE 1 | RB 1] Throughput = 1.43017 Mbps
13984[UE 1 | RB 1] Throughput = 1.20350 Mbps
14084[UE 1 | RB 1] Throughput = 0.71765 Mbps
14184[UE 1 | RB 1] Throughput = 1.43733 Mbps
14284[UE 1 | RB 1] Throughput = 0.71865 Mbps
14393[UE 1 | RB 1] Throughput = 1.20374 Mbps
14494[UE 1 | RB 1] Throughput = 0.95548 Mbps
14594[UE 1 | RB 1] Throughput = 1.43726 Mbps
14704[UE 1 | RB 1] Throughput = 0.65506 Mbps
14814[UE 1 | RB 1] Throughput = 1.19684 Mbps
14923[UE 1 | RB 1] Throughput = 0.98236 Mbps
15034[UE 1 | RB 1] Throughput = 1.30235 Mbps
15144[UE 1 | RB 1] Throughput = 0.65524 Mbps
15254[UE 1 | RB 1] Throughput = 1.19776 Mbps
15364[UE 1 | RB 1] Throughput = 1.08989 Mbps
15474[UE 1 | RB 1] Throughput = 1.19781 Mbps
15584[UE 1 | RB 1] Throughput = 1.30475 Mbps
15693[UE 1 | RB 1] Throughput = 0.65659 Mbps
15794[UE 1 | RB 1] Throughput = 1.31459 Mbps
15904[UE 1 | RB 1] Throughput = 1.19275 Mbps
16014[UE 1 | RB 1] Throughput = 0.65613 Mbps
16114[UE 1 | RB 1] Throughput = 1.31372 Mbps
16224[UE 1 | RB 1] Throughput = 1.31386 Mbps
16324[UE 1 | RB 1] Throughput = 0.71893 Mbps
16424[UE 1 | RB 1] Throughput = 1.31376 Mbps
16524[UE 1 | RB 1] Throughput = 0.59881 Mbps
16624[UE 1 | RB 1] Throughput = 1.43631 Mbps
16734[UE 1 | RB 1] Throughput = 0.65630 Mbps
16844[UE 1 | RB 1] Throughput = 1.63543 Mbps
16944[UE 1 | RB 1] Throughput = 0.59777 Mbps
17044[UE 1 | RB 1] Throughput = 1.31648 Mbps
17144[UE 1 | RB 1] Throughput = 1.19747 Mbps
17254[UE 1 | RB 1] Throughput = 0.87533 Mbps
17354[UE 1 | RB 1] Throughput = 1.43339 Mbps
17464[UE 1 | RB 1] Throughput = 0.65525 Mbps
17564[UE 1 | RB 1] Throughput = 1.43244 Mbps
17664[UE 1 | RB 1] Throughput = 0.71783 Mbps
17774[UE 1 | RB 1] Throughput = 1.30960 Mbps
17884[UE 1 | RB 1] Throughput = 1.08912 Mbps
17994[UE 1 | RB 1] Throughput = 1.20205 Mbps
18094[UE 1 | RB 1] Throughput = 0.71600 Mbps
18204[UE 1 | RB 1] Throughput = 1.31442 Mbps
18305[UE 1 | RB 1] Throughput = 0.71049 Mbps
18414[UE 1 | RB 1] Throughput = 1.20985 Mbps
18514[UE 1 | RB 1] Throughput = 1.07562 Mbps
18614[UE 1 | RB 1] Throughput = 1.07691 Mbps
18724[UE 1 | RB 1] Throughput = 1.20193 Mbps
18824[UE 1 | RB 1] Throughput = 0.71608 Mbps
18934[UE 1 | RB 1] Throughput = 1.30615 Mbps
19044[UE 1 | RB 1] Throughput = 1.20025 Mbps
19154[UE 1 | RB 1] Throughput = 0.65690 Mbps
19254[UE 1 | RB 1] Throughput = 1.31452 Mbps
19364[UE 1 | RB 1] Throughput = 1.31000 Mbps
19464[UE 1 | RB 1] Throughput = 0.71722 Mbps
19574[UE 1 | RB 1] Throughput = 1.30750 Mbps
19674[UE 1 | RB 1] Throughput = 0.59780 Mbps
19784[UE 1 | RB 1] Throughput = 1.20108 Mbps
19884[UE 1 | RB 1] Throughput = 1.43341 Mbps
19984[UE 1 | RB 1] Throughput = 0.71883 Mbps
20094[UE 1 | RB 1] Throughput = 1.31197 Mbps
20194[UE 1 | RB 1] Throughput = 0.71834 Mbps
20304[UE 1 | RB 1] Throughput = 1.52592 Mbps
20414[UE 1 | RB 1] Throughput = 0.76302 Mbps
20514[UE 1 | RB 1] Throughput = 1.19736 Mbps
20614[UE 1 | RB 1] Throughput = 1.31354 Mbps
20724[UE 1 | RB 1] Throughput = 0.87626 Mbps
20824[UE 1 | RB 1] Throughput = 0.83818 Mbps
20924[UE 1 | RB 1] Throughput = 1.43511 Mbps
21024[UE 1 | RB 1] Throughput = 0.71803 Mbps
21133[UE 1 | RB 1] Throughput = 1.31633 Mbps
21234[UE 1 | RB 1] Throughput = 0.71608 Mbps
21334[UE 1 | RB 1] Throughput = 1.43409 Mbps
21434[UE 1 | RB 1] Throughput = 0.71824 Mbps
22092[UE 1 | RB 1] Throughput = 0.09112 Mbps
22198[UE 1 | RB 1] Throughput = 7.20835 Mbps
22304[UE 1 | RB 1] Throughput = 1.35559 Mbps
22414[UE 1 | RB 1] Throughput = 0.76454 Mbps
22514[UE 1 | RB 1] Throughput = 1.31761 Mbps
22614[UE 1 | RB 1] Throughput = 0.71750 Mbps
22714[UE 1 | RB 1] Throughput = 1.31775 Mbps
22814[UE 1 | RB 1] Throughput = 1.19646 Mbps
22924[UE 1 | RB 1] Throughput = 0.76590 Mbps
23025[UE 1 | RB 1] Throughput = 1.19234 Mbps
23135[UE 1 | RB 1] Throughput = 1.30698 Mbps
23244[UE 1 | RB 1] Throughput = 0.65677 Mbps
23345[UE 1 | RB 1] Throughput = 1.43024 Mbps
23454[UE 1 | RB 1] Throughput = 0.65760 Mbps
23554[UE 1 | RB 1] Throughput = 1.43391 Mbps
23654[UE 1 | RB 1] Throughput = 0.71723 Mbps
23755[UE 1 | RB 1] Throughput = 1.43461 Mbps
23864[UE 1 | RB 1] Throughput = 1.20363 Mbps
23974[UE 1 | RB 1] Throughput = 0.65415 Mbps
24084[UE 1 | RB 1] Throughput = 1.30527 Mbps
24184[UE 1 | RB 1] Throughput = 1.31655 Mbps
24294[UE 1 | RB 1] Throughput = 0.87422 Mbps
24394[UE 1 | RB 1] Throughput = 0.95762 Mbps
24494[UE 1 | RB 1] Throughput = 1.19791 Mbps
24604[UE 1 | RB 1] Throughput = 1.31159 Mbps
24704[UE 1 | RB 1] Throughput = 0.71633 Mbps
24804[UE 1 | RB 1] Throughput = 1.19804 Mbps
24914[UE 1 | RB 1] Throughput = 0.87118 Mbps
25014[UE 1 | RB 1] Throughput = 1.31779 Mbps
25114[UE 1 | RB 1] Throughput = 1.19797 Mbps
25214[UE 1 | RB 1] Throughput = 0.59914 Mbps
25315[UE 1 | RB 1] Throughput = 1.31713 Mbps
25424[UE 1 | RB 1] Throughput = 1.09307 Mbps
25534[UE 1 | RB 1] Throughput = 1.08909 Mbps
25634[UE 1 | RB 1] Throughput = 0.83673 Mbps
25744[UE 1 | RB 1] Throughput = 0.98247 Mbps
25854[UE 1 | RB 1] Throughput = 0.87259 Mbps
25964[UE 1 | RB 1] Throughput = 1.52456 Mbps
26064[UE 1 | RB 1] Throughput = 1.19470 Mbps
26174[UE 1 | RB 1] Throughput = 1.09219 Mbps
26274[UE 1 | RB 1] Throughput = 0.95752 Mbps
26384[UE 1 | RB 1] Throughput = 1.09031 Mbps
26484[UE 1 | RB 1] Throughput = 1.19760 Mbps
26594[UE 1 | RB 1] Throughput = 0.65320 Mbps
26704[UE 1 | RB 1] Throughput = 1.19793 Mbps
26814[UE 1 | RB 1] Throughput = 0.76357 Mbps
26924[UE 1 | RB 1] Throughput = 1.63276 Mbps
27034[UE 1 | RB 1] Throughput = 0.87278 Mbps
27134[UE 1 | RB 1] Throughput = 1.07845 Mbps
27244[UE 1 | RB 1] Throughput = 0.98109 Mbps
27344[UE 1 | RB 1] Throughput = 1.31603 Mbps
27454[UE 1 | RB 1] Throughput = 0.65424 Mbps
27554[UE 1 | RB 1] Throughput = 1.43656 Mbps
27664[UE 1 | RB 1] Throughput = 0.98120 Mbps
27765[UE 1 | RB 1] Throughput = 1.31478 Mbps
27875[UE 1 | RB 1] Throughput = 0.76165 Mbps
27984[UE 1 | RB 1] Throughput = 1.20164 Mbps
29091[UE 1 | RB 1] Throughput = 0.04330 Mbps
29195[UE 1 | RB 1] Throughput = 11.88294 Mbps
29304[UE 1 | RB 1] Throughput = 1.20621 Mbps
29415[UE 1 | RB 1] Throughput = 0.65310 Mbps
29525[UE 1 | RB 1] Throughput = 1.19899 Mbps
29634[UE 1 | RB 1] Throughput = 1.41712 Mbps
29735[UE 1 | RB 1] Throughput = 1.19765 Mbps
29844[UE 1 | RB 1] Throughput = 0.76361 Mbps
29954[UE 1 | RB 1] Throughput = 0.76198 Mbps
30064[UE 1 | RB 1] Throughput = 1.53016 Mbps
30165[UE 1 | RB 1] Throughput = 0.71449 Mbps
30274[UE 1 | RB 1] Throughput = 1.20292 Mbps
30375[UE 1 | RB 1] Throughput = 1.42398 Mbps
30485[UE 1 | RB 1] Throughput = 0.65367 Mbps
30595[UE 1 | RB 1] Throughput = 1.20595 Mbps
30695[UE 1 | RB 1] Throughput = 0.71706 Mbps
30805[UE 1 | RB 1] Throughput = 1.52796 Mbps
30914[UE 1 | RB 1] Throughput = 0.54630 Mbps
31015[UE 1 | RB 1] Throughput = 1.42637 Mbps
31125[UE 1 | RB 1] Throughput = 1.09516 Mbps
31235[UE 1 | RB 1] Throughput = 1.30799 Mbps
31335[UE 1 | RB 1] Throughput = 0.59790 Mbps
31435[UE 1 | RB 1] Throughput = 1.43781 Mbps
31545[UE 1 | RB 1] Throughput = 1.20170 Mbps
31655[UE 1 | RB 1] Throughput = 0.65311 Mbps
31755[UE 1 | RB 1] Throughput = 1.19820 Mbps
31855[UE 1 | RB 1] Throughput = 1.31424 Mbps
31965[UE 1 | RB 1] Throughput = 0.76335 Mbps
32065[UE 1 | RB 1] Throughput = 1.43669 Mbps
32175[UE 1 | RB 1] Throughput = 0.65510 Mbps
32275[UE 1 | RB 1] Throughput = 1.43485 Mbps
32385[UE 1 | RB 1] Throughput = 0.65452 Mbps
32495[UE 1 | RB 1] Throughput = 1.41896 Mbps
32595[UE 1 | RB 1] Throughput = 1.19822 Mbps
32705[UE 1 | RB 1] Throughput = 0.97890 Mbps
32805[UE 1 | RB 1] Throughput = 1.07708 Mbps
32915[UE 1 | RB 1] Throughput = 0.98105 Mbps
33025[UE 1 | RB 1] Throughput = 1.20025 Mbps
33135[UE 1 | RB 1] Throughput = 1.09122 Mbps
33235[UE 1 | RB 1] Throughput = 0.95686 Mbps
33345[UE 1 | RB 1] Throughput = 0.98114 Mbps
33446[UE 1 | RB 1] Throughput = 1.18650 Mbps
33555[UE 1 | RB 1] Throughput = 0.87910 Mbps
33665[UE 1 | RB 1] Throughput = 1.08783 Mbps
33775[UE 1 | RB 1] Throughput = 1.20030 Mbps
33885[UE 1 | RB 1] Throughput = 1.08988 Mbps
33985[UE 1 | RB 1] Throughput = 1.19820 Mbps
34085[UE 1 | RB 1] Throughput = 0.71889 Mbps
34185[UE 1 | RB 1] Throughput = 1.31447 Mbps
34295[UE 1 | RB 1] Throughput = 1.09040 Mbps
34395[UE 1 | RB 1] Throughput = 1.07852 Mbps
34495[UE 1 | RB 1] Throughput = 1.07640 Mbps
34605[UE 1 | RB 1] Throughput = 1.20035 Mbps
34715[UE 1 | RB 1] Throughput = 1.09053 Mbps
34815[UE 1 | RB 1] Throughput = 0.59840 Mbps
34925[UE 1 | RB 1] Throughput = 1.20252 Mbps
35025[UE 1 | RB 1] Throughput = 1.31671 Mbps
35135[UE 1 | RB 1] Throughput = 1.08517 Mbps
35245[UE 1 | RB 1] Throughput = 0.76472 Mbps
35345[UE 1 | RB 1] Throughput = 1.31769 Mbps
35455[UE 1 | RB 1] Throughput = 0.98179 Mbps
35555[UE 1 | RB 1] Throughput = 1.07717 Mbps
35655[UE 1 | RB 1] Throughput = 1.07684 Mbps
35765[UE 1 | RB 1] Throughput = 1.20274 Mbps
35865[UE 1 | RB 1] Throughput = 1.07850 Mbps
35965[UE 1 | RB 1] Throughput = 0.71763 Mbps
36065[UE 1 | RB 1] Throughput = 1.19759 Mbps
36165[UE 1 | RB 1] Throughput = 1.07673 Mbps
36275[UE 1 | RB 1] Throughput = 1.19713 Mbps
36385[UE 1 | RB 1] Throughput = 1.20035 Mbps
36495[UE 1 | RB 1] Throughput = 0.65252 Mbps
36605[UE 1 | RB 1] Throughput = 1.20399 Mbps
36705[UE 1 | RB 1] Throughput = 0.83664 Mbps
36805[UE 1 | RB 1] Throughput = 1.31637 Mbps
36915[UE 1 | RB 1] Throughput = 1.08809 Mbps
37025[UE 1 | RB 1] Throughput = 1.31147 Mbps
37125[UE 1 | RB 1] Throughput = 0.59875 Mbps
37226[UE 1 | RB 1] Throughput = 1.30915 Mbps
37335[UE 1 | RB 1] Throughput = 1.09722 Mbps
37445[UE 1 | RB 1] Throughput = 0.98241 Mbps
37545[UE 1 | RB 1] Throughput = 1.31754 Mbps
37645[UE 1 | RB 1] Throughput = 0.71871 Mbps
37745[UE 1 | RB 1] Throughput = 1.31581 Mbps
37845[UE 1 | RB 1] Throughput = 1.07530 Mbps
37955[UE 1 | RB 1] Throughput = 1.20206 Mbps
38055[UE 1 | RB 1] Throughput = 0.71865 Mbps
38155[UE 1 | RB 1] Throughput = 1.31616 Mbps
38265[UE 1 | RB 1] Throughput = 0.76515 Mbps
38365[UE 1 | RB 1] Throughput = 1.19509 Mbps
38475[UE 1 | RB 1] Throughput = 1.30259 Mbps
38585[UE 1 | RB 1] Throughput = 0.65775 Mbps
38685[UE 1 | RB 1] Throughput = 1.30827 Mbps
38795[UE 1 | RB 1] Throughput = 0.98216 Mbps
38905[UE 1 | RB 1] Throughput = 0.98355 Mbps
39005[UE 1 | RB 1] Throughput = 1.31632 Mbps
39105[UE 1 | RB 1] Throughput = 1.19771 Mbps
39205[UE 1 | RB 1] Throughput = 0.83700 Mbps
39305[UE 1 | RB 1] Throughput = 1.07840 Mbps
39415[UE 1 | RB 1] Throughput = 0.98338 Mbps
39515[UE 1 | RB 1] Throughput = 1.31599 Mbps
39625[UE 1 | RB 1] Throughput = 1.20459 Mbps
39725[UE 1 | RB 1] Throughput = 0.95859 Mbps
39825[UE 1 | RB 1] Throughput = 1.07401 Mbps
39935[UE 1 | RB 1] Throughput = 0.98139 Mbps
40035[UE 1 | RB 1] Throughput = 1.07748 Mbps
40145[UE 1 | RB 1] Throughput = 1.09184 Mbps
41253[UE 1 | RB 1] Throughput = 0.04325 Mbps
41355[UE 1 | RB 1] Throughput = 11.99235 Mbps
41455[UE 1 | RB 1] Throughput = 1.19749 Mbps
41565[UE 1 | RB 1] Throughput = 1.08890 Mbps
41675[UE 1 | RB 1] Throughput = 1.20205 Mbps
41775[UE 1 | RB 1] Throughput = 0.83810 Mbps
41875[UE 1 | RB 1] Throughput = 1.31662 Mbps
41975[UE 1 | RB 1] Throughput = 0.71670 Mbps
42075[UE 1 | RB 1] Throughput = 1.43762 Mbps
42185[UE 1 | RB 1] Throughput = 0.65609 Mbps
42285[UE 1 | RB 1] Throughput = 1.55584 Mbps
42395[UE 1 | RB 1] Throughput = 0.65284 Mbps
42693[UE 1 | RB 1] Throughput = 0.44349 Mbps
42795[UE 1 | RB 1] Throughput = 3.26858 Mbps
42895[UE 1 | RB 1] Throughput = 0.71837 Mbps
43005[UE 1 | RB 1] Throughput = 1.30821 Mbps
43105[UE 1 | RB 1] Throughput = 0.71904 Mbps
43205[UE 1 | RB 1] Throughput = 1.31598 Mbps
43315[UE 1 | RB 1] Throughput = 1.19924 Mbps
43425[UE 1 | RB 1] Throughput = 0.65361 Mbps
43536[UE 1 | RB 1] Throughput = 1.30583 Mbps
43646[UE 1 | RB 1] Throughput = 1.30681 Mbps
43755[UE 1 | RB 1] Throughput = 0.87296 Mbps
43855[UE 1 | RB 1] Throughput = 1.19833 Mbps
43965[UE 1 | RB 1] Throughput = 1.20085 Mbps
44075[UE 1 | RB 1] Throughput = 0.87175 Mbps
44175[UE 1 | RB 1] Throughput = 1.07590 Mbps
44285[UE 1 | RB 1] Throughput = 1.09016 Mbps
44395[UE 1 | RB 1] Throughput = 1.20113 Mbps
44495[UE 1 | RB 1] Throughput = 0.95549 Mbps
44596[UE 1 | RB 1] Throughput = 0.95733 Mbps
44705[UE 1 | RB 1] Throughput = 1.09263 Mbps
44805[UE 1 | RB 1] Throughput = 1.07657 Mbps
44915[UE 1 | RB 1] Throughput = 1.19844 Mbps
45025[UE 1 | RB 1] Throughput = 0.65489 Mbps
45135[UE 1 | RB 1] Throughput = 1.19853 Mbps
45235[UE 1 | RB 1] Throughput = 1.07747 Mbps
45335[UE 1 | RB 1] Throughput = 1.31637 Mbps
45445[UE 1 | RB 1] Throughput = 1.09229 Mbps
45545[UE 1 | RB 1] Throughput = 0.71770 Mbps
45655[UE 1 | RB 1] Throughput = 0.76287 Mbps
45755[UE 1 | RB 1] Throughput = 1.55691 Mbps
45865[UE 1 | RB 1] Throughput = 0.87283 Mbps
45965[UE 1 | RB 1] Throughput = 1.43455 Mbps
46075[UE 1 | RB 1] Throughput = 0.98174 Mbps
46176[UE 1 | RB 1] Throughput = 0.71659 Mbps
46286[UE 1 | RB 1] Throughput = 1.41793 Mbps
49255[UE 1 | RB 1] Throughput = 0.02018 Mbps
49355[UE 1 | RB 1] Throughput = 32.06151 Mbps
49466[UE 1 | RB 1] Throughput = 1.08539 Mbps
49575[UE 1 | RB 1] Throughput = 0.76574 Mbps
49676[UE 1 | RB 1] Throughput = 0.95818 Mbps
49776[UE 1 | RB 1] Throughput = 1.19830 Mbps
49876[UE 1 | RB 1] Throughput = 1.19718 Mbps
49976[UE 1 | RB 1] Throughput = 0.95446 Mbps
50086[UE 1 | RB 1] Throughput = 1.09430 Mbps
50186[UE 1 | RB 1] Throughput = 1.31442 Mbps
50295[UE 1 | RB 1] Throughput = 0.76569 Mbps
50396[UE 1 | RB 1] Throughput = 1.19378 Mbps
50506[UE 1 | RB 1] Throughput = 0.87244 Mbps
50616[UE 1 | RB 1] Throughput = 1.19749 Mbps
50726[UE 1 | RB 1] Throughput = 0.98149 Mbps
50835[UE 1 | RB 1] Throughput = 1.20360 Mbps
50935[UE 1 | RB 1] Throughput = 0.83725 Mbps
51036[UE 1 | RB 1] Throughput = 1.31341 Mbps
51146[UE 1 | RB 1] Throughput = 1.08746 Mbps
51256[UE 1 | RB 1] Throughput = 0.65575 Mbps
51366[UE 1 | RB 1] Throughput = 1.52518 Mbps
51466[UE 1 | RB 1] Throughput = 1.19288 Mbps
51566[UE 1 | RB 1] Throughput = 0.59845 Mbps
51676[UE 1 | RB 1] Throughput = 1.31226 Mbps
51786[UE 1 | RB 1] Throughput = 1.20006 Mbps
51896[UE 1 | RB 1] Throughput = 1.19928 Mbps
52006[UE 1 | RB 1] Throughput = 0.86945 Mbps
52106[UE 1 | RB 1] Throughput = 0.71828 Mbps
52206[UE 1 | RB 1] Throughput = 1.43700 Mbps
52316[UE 1 | RB 1] Throughput = 0.65424 Mbps
52426[UE 1 | RB 1] Throughput = 1.30864 Mbps
52536[UE 1 | RB 1] Throughput = 1.20156 Mbps
52636[UE 1 | RB 1] Throughput = 1.31427 Mbps
52746[UE 1 | RB 1] Throughput = 0.65396 Mbps
52856[UE 1 | RB 1] Throughput = 1.20001 Mbps
52956[UE 1 | RB 1] Throughput = 1.19472 Mbps
53066[UE 1 | RB 1] Throughput = 0.65594 Mbps
53166[UE 1 | RB 1] Throughput = 1.66886 Mbps
53266[UE 1 | RB 1] Throughput = 0.59850 Mbps
53376[UE 1 | RB 1] Throughput = 1.20046 Mbps
53486[UE 1 | RB 1] Throughput = 1.19480 Mbps
53596[UE 1 | RB 1] Throughput = 1.20345 Mbps
53696[UE 1 | RB 1] Throughput = 0.71903 Mbps
53806[UE 1 | RB 1] Throughput = 1.30691 Mbps
53906[UE 1 | RB 1] Throughput = 0.95865 Mbps
54016[UE 1 | RB 1] Throughput = 0.87315 Mbps
54126[UE 1 | RB 1] Throughput = 1.30876 Mbps
54226[UE 1 | RB 1] Throughput = 1.31296 Mbps
54336[UE 1 | RB 1] Throughput = 0.87296 Mbps
54436[UE 1 | RB 1] Throughput = 0.83859 Mbps
54536[UE 1 | RB 1] Throughput = 1.43785 Mbps
54646[UE 1 | RB 1] Throughput = 1.08463 Mbps
54756[UE 1 | RB 1] Throughput = 0.65773 Mbps
54866[UE 1 | RB 1] Throughput = 1.30482 Mbps
54967[UE 1 | RB 1] Throughput = 0.83068 Mbps
55076[UE 1 | RB 1] Throughput = 0.99051 Mbps
55176[UE 1 | RB 1] Throughput = 1.31578 Mbps
55286[UE 1 | RB 1] Throughput = 1.19502 Mbps
55386[UE 1 | RB 1] Throughput = 0.59866 Mbps
56486[UE 1 | RB 1] Throughput = 0.09812 Mbps
56586[UE 1 | RB 1] Throughput = 11.92319 Mbps
56686[UE 1 | RB 1] Throughput = 1.43495 Mbps
56796[UE 1 | RB 1] Throughput = 0.65597 Mbps
56906[UE 1 | RB 1] Throughput = 1.30613 Mbps
57006[UE 1 | RB 1] Throughput = 0.59825 Mbps
57106[UE 1 | RB 1] Throughput = 1.43778 Mbps
57216[UE 1 | RB 1] Throughput = 1.31209 Mbps
60389[UE 1 | RB 1] Throughput = 0.02266 Mbps
60496[UE 1 | RB 1] Throughput = 31.68547 Mbps
60606[UE 1 | RB 1] Throughput = 0.87246 Mbps
60716[UE 1 | RB 1] Throughput = 1.31114 Mbps
60826[UE 1 | RB 1] Throughput = 1.19640 Mbps
60936[UE 1 | RB 1] Throughput = 0.65347 Mbps
61036[UE 1 | RB 1] Throughput = 1.19687 Mbps
61146[UE 1 | RB 1] Throughput = 1.08966 Mbps
61256[UE 1 | RB 1] Throughput = 1.19924 Mbps
61366[UE 1 | RB 1] Throughput = 1.20112 Mbps
61466[UE 1 | RB 1] Throughput = 0.71856 Mbps
61567[UE 1 | RB 1] Throughput = 1.19345 Mbps
61676[UE 1 | RB 1] Throughput = 1.31169 Mbps
61777[UE 1 | RB 1] Throughput = 0.71592 Mbps
61887[UE 1 | RB 1] Throughput = 1.19876 Mbps
61996[UE 1 | RB 1] Throughput = 0.98446 Mbps
62096[UE 1 | RB 1] Throughput = 1.19677 Mbps
62196[UE 1 | RB 1] Throughput = 1.07784 Mbps
62306[UE 1 | RB 1] Throughput = 1.08906 Mbps
62416[UE 1 | RB 1] Throughput = 1.08876 Mbps
62527[UE 1 | RB 1] Throughput = 1.19788 Mbps
62627[UE 1 | RB 1] Throughput = 0.95828 Mbps
62736[UE 1 | RB 1] Throughput = 1.09162 Mbps
62846[UE 1 | RB 1] Throughput = 1.09102 Mbps
62947[UE 1 | RB 1] Throughput = 0.83583 Mbps
63047[UE 1 | RB 1] Throughput = 0.95728 Mbps
63156[UE 1 | RB 1] Throughput = 1.20705 Mbps
63256[UE 1 | RB 1] Throughput = 1.07477 Mbps
63356[UE 1 | RB 1] Throughput = 1.07734 Mbps
63457[UE 1 | RB 1] Throughput = 1.07643 Mbps
63557[UE 1 | RB 1] Throughput = 1.19762 Mbps
63667[UE 1 | RB 1] Throughput = 0.87152 Mbps
63777[UE 1 | RB 1] Throughput = 1.08990 Mbps
63886[UE 1 | RB 1] Throughput = 1.09044 Mbps
63996[UE 1 | RB 1] Throughput = 1.19957 Mbps
64106[UE 1 | RB 1] Throughput = 1.08923 Mbps
64207[UE 1 | RB 1] Throughput = 0.59856 Mbps
64316[UE 1 | RB 1] Throughput = 1.52617 Mbps
64426[UE 1 | RB 1] Throughput = 0.98026 Mbps
64536[UE 1 | RB 1] Throughput = 1.09103 Mbps
64636[UE 1 | RB 1] Throughput = 0.95744 Mbps
64746[UE 1 | RB 1] Throughput = 1.30737 Mbps
64847[UE 1 | RB 1] Throughput = 0.71632 Mbps
64956[UE 1 | RB 1] Throughput = 1.09477 Mbps
65056[UE 1 | RB 1] Throughput = 1.31758 Mbps
65156[UE 1 | RB 1] Throughput = 0.59886 Mbps
65266[UE 1 | RB 1] Throughput = 1.30732 Mbps
65367[UE 1 | RB 1] Throughput = 1.07245 Mbps
65477[UE 1 | RB 1] Throughput = 1.09261 Mbps
65586[UE 1 | RB 1] Throughput = 0.87393 Mbps
65686[UE 1 | RB 1] Throughput = 1.31715 Mbps
65787[UE 1 | RB 1] Throughput = 0.83731 Mbps
65887[UE 1 | RB 1] Throughput = 1.19564 Mbps
65997[UE 1 | RB 1] Throughput = 1.09265 Mbps
66107[UE 1 | RB 1] Throughput = 1.19401 Mbps
66217[UE 1 | RB 1] Throughput = 1.09232 Mbps
66326[UE 1 | RB 1] Throughput = 0.98276 Mbps
66436[UE 1 | RB 1] Throughput = 1.19848 Mbps
66546[UE 1 | RB 1] Throughput = 0.65485 Mbps
66667[UE 1 | RB 1] Throughput = 1.08831 Mbps
69734[UE 1 | RB 1] Throughput = 0.00391 Mbps
69837[UE 1 | RB 1] Throughput = 32.70455 Mbps
69937[UE 1 | RB 1] Throughput = 1.55748 Mbps
70047[UE 1 | RB 1] Throughput = 0.87241 Mbps
70157[UE 1 | RB 1] Throughput = 1.19799 Mbps
70257[UE 1 | RB 1] Throughput = 1.07628 Mbps
70357[UE 1 | RB 1] Throughput = 1.07826 Mbps
70467[UE 1 | RB 1] Throughput = 1.09156 Mbps
70567[UE 1 | RB 1] Throughput = 1.19713 Mbps
70667[UE 1 | RB 1] Throughput = 1.07848 Mbps
70777[UE 1 | RB 1] Throughput = 0.97601 Mbps
70887[UE 1 | RB 1] Throughput = 0.98506 Mbps
70987[UE 1 | RB 1] Throughput = 1.07720 Mbps
71097[UE 1 | RB 1] Throughput = 1.20073 Mbps
71197[UE 1 | RB 1] Throughput = 0.71849 Mbps
71307[UE 1 | RB 1] Throughput = 1.09084 Mbps
71407[UE 1 | RB 1] Throughput = 1.31198 Mbps
71517[UE 1 | RB 1] Throughput = 0.98491 Mbps
71617[UE 1 | RB 1] Throughput = 1.07183 Mbps
71727[UE 1 | RB 1] Throughput = 1.20472 Mbps
71827[UE 1 | RB 1] Throughput = 0.71826 Mbps
71927[UE 1 | RB 1] Throughput = 1.43587 Mbps
72037[UE 1 | RB 1] Throughput = 0.65518 Mbps
72137[UE 1 | RB 1] Throughput = 1.31579 Mbps
72237[UE 1 | RB 1] Throughput = 1.07842 Mbps
72337[UE 1 | RB 1] Throughput = 1.19762 Mbps
72547[UE 1 | RB 1] Throughput = 0.45538 Mbps
72657[UE 1 | RB 1] Throughput = 1.53125 Mbps
72767[UE 1 | RB 1] Throughput = 1.63420 Mbps
72877[UE 1 | RB 1] Throughput = 1.31106 Mbps
72977[UE 1 | RB 1] Throughput = 0.71760 Mbps
73077[UE 1 | RB 1] Throughput = 1.43598 Mbps
73187[UE 1 | RB 1] Throughput = 0.87251 Mbps
73287[UE 1 | RB 1] Throughput = 0.95746 Mbps
73397[UE 1 | RB 1] Throughput = 1.19862 Mbps
73497[UE 1 | RB 1] Throughput = 1.31607 Mbps
73607[UE 1 | RB 1] Throughput = 0.98186 Mbps
73717[UE 1 | RB 1] Throughput = 1.09133 Mbps
73817[UE 1 | RB 1] Throughput = 0.71783 Mbps
73927[UE 1 | RB 1] Throughput = 1.20254 Mbps
74027[UE 1 | RB 1] Throughput = 1.07439 Mbps
74127[UE 1 | RB 1] Throughput = 1.31773 Mbps
74227[UE 1 | RB 1] Throughput = 0.71889 Mbps
74327[UE 1 | RB 1] Throughput = 1.31702 Mbps
74427[UE 1 | RB 1] Throughput = 1.19723 Mbps
74527[UE 1 | RB 1] Throughput = 0.59879 Mbps
74637[UE 1 | RB 1] Throughput = 1.31339 Mbps
74737[UE 1 | RB 1] Throughput = 1.19376 Mbps
74837[UE 1 | RB 1] Throughput = 0.71884 Mbps
74947[UE 1 | RB 1] Throughput = 1.09328 Mbps
75047[UE 1 | RB 1] Throughput = 1.19616 Mbps
75157[UE 1 | RB 1] Throughput = 1.19586 Mbps
75257[UE 1 | RB 1] Throughput = 0.71859 Mbps
75367[UE 1 | RB 1] Throughput = 1.31067 Mbps
75467[UE 1 | RB 1] Throughput = 0.71874 Mbps
75577[UE 1 | RB 1] Throughput = 1.41361 Mbps
75687[UE 1 | RB 1] Throughput = 1.08983 Mbps
75797[UE 1 | RB 1] Throughput = 1.09058 Mbps
75907[UE 1 | RB 1] Throughput = 1.20141 Mbps
76017[UE 1 | RB 1] Throughput = 0.54283 Mbps
76127[UE 1 | RB 1] Throughput = 1.20095 Mbps
76237[UE 1 | RB 1] Throughput = 1.19790 Mbps
76337[UE 1 | RB 1] Throughput = 1.19710 Mbps
76437[UE 1 | RB 1] Throughput = 1.07745 Mbps
76547[UE 1 | RB 1] Throughput = 0.65571 Mbps
76647[UE 1 | RB 1] Throughput = 1.31704 Mbps
76747[UE 1 | RB 1] Throughput = 1.19676 Mbps
76857[UE 1 | RB 1] Throughput = 0.87436 Mbps
76957[UE 1 | RB 1] Throughput = 1.19698 Mbps
77067[UE 1 | RB 1] Throughput = 1.30322 Mbps
77167[UE 1 | RB 1] Throughput = 1.07786 Mbps
77277[UE 1 | RB 1] Throughput = 0.98109 Mbps
77377[UE 1 | RB 1] Throughput = 0.95866 Mbps
77477[UE 1 | RB 1] Throughput = 1.07730 Mbps
77588[UE 1 | RB 1] Throughput = 0.65054 Mbps
78630[UE 1 | RB 1] Throughput = 0.04601 Mbps
78737[UE 1 | RB 1] Throughput = 11.36442 Mbps
78847[UE 1 | RB 1] Throughput = 1.08944 Mbps
78957[UE 1 | RB 1] Throughput = 1.20010 Mbps
79067[UE 1 | RB 1] Throughput = 0.97972 Mbps
79177[UE 1 | RB 1] Throughput = 1.08722 Mbps
79287[UE 1 | RB 1] Throughput = 1.09248 Mbps
79387[UE 1 | RB 1] Throughput = 0.95684 Mbps
79497[UE 1 | RB 1] Throughput = 0.98219 Mbps
79597[UE 1 | RB 1] Throughput = 1.31744 Mbps
79697[UE 1 | RB 1] Throughput = 1.19727 Mbps
79807[UE 1 | RB 1] Throughput = 0.98122 Mbps
79917[UE 1 | RB 1] Throughput = 0.65274 Mbps
80027[UE 1 | RB 1] Throughput = 1.41744 Mbps
80127[UE 1 | RB 1] Throughput = 1.19670 Mbps
80227[UE 1 | RB 1] Throughput = 0.71867 Mbps
80328[UE 1 | RB 1] Throughput = 1.31774 Mbps
80437[UE 1 | RB 1] Throughput = 1.20210 Mbps
80547[UE 1 | RB 1] Throughput = 0.65433 Mbps
80647[UE 1 | RB 1] Throughput = 1.31744 Mbps
80747[UE 1 | RB 1] Throughput = 0.71725 Mbps
80847[UE 1 | RB 1] Throughput = 1.19806 Mbps
80957[UE 1 | RB 1] Throughput = 1.09520 Mbps
81057[UE 1 | RB 1] Throughput = 1.31609 Mbps
81157[UE 1 | RB 1] Throughput = 0.95581 Mbps
81257[UE 1 | RB 1] Throughput = 1.07739 Mbps
81367[UE 1 | RB 1] Throughput = 1.20083 Mbps
81477[UE 1 | RB 1] Throughput = 1.09068 Mbps
81590[UE 1 | RB 1] Throughput = 0.84529 Mbps
81697[UE 1 | RB 1] Throughput = 1.35144 Mbps
81797[UE 1 | RB 1] Throughput = 0.71750 Mbps
81897[UE 1 | RB 1] Throughput = 1.07640 Mbps
81997[UE 1 | RB 1] Throughput = 1.19631 Mbps
82107[UE 1 | RB 1] Throughput = 0.98170 Mbps
82218[UE 1 | RB 1] Throughput = 1.08776 Mbps
82327[UE 1 | RB 1] Throughput = 1.30906 Mbps
82437[UE 1 | RB 1] Throughput = 0.87350 Mbps
82537[UE 1 | RB 1] Throughput = 0.83679 Mbps
82647[UE 1 | RB 1] Throughput = 1.19985 Mbps
82758[UE 1 | RB 1] Throughput = 1.08546 Mbps
82868[UE 1 | RB 1] Throughput = 0.98161 Mbps
82977[UE 1 | RB 1] Throughput = 1.09248 Mbps
83087[UE 1 | RB 1] Throughput = 1.19831 Mbps
83187[UE 1 | RB 1] Throughput = 1.07669 Mbps
86121[UE 1 | RB 1] Throughput = 0.02042 Mbps
86228[UE 1 | RB 1] Throughput = 29.79382 Mbps
86328[UE 1 | RB 1] Throughput = 1.43508 Mbps
86438[UE 1 | RB 1] Throughput = 1.09174 Mbps
86538[UE 1 | RB 1] Throughput = 0.59787 Mbps
86638[UE 1 | RB 1] Throughput = 1.43700 Mbps
86748[UE 1 | RB 1] Throughput = 0.98357 Mbps
86858[UE 1 | RB 1] Throughput = 1.19800 Mbps
86968[UE 1 | RB 1] Throughput = 0.98121 Mbps
87077[UE 1 | RB 1] Throughput = 1.09089 Mbps
87178[UE 1 | RB 1] Throughput = 1.19569 Mbps
87278[UE 1 | RB 1] Throughput = 0.83823 Mbps
87378[UE 1 | RB 1] Throughput = 1.31560 Mbps
87488[UE 1 | RB 1] Throughput = 1.09001 Mbps
87598[UE 1 | RB 1] Throughput = 0.65516 Mbps
87698[UE 1 | RB 1] Throughput = 1.31343 Mbps
87808[UE 1 | RB 1] Throughput = 0.87180 Mbps
87908[UE 1 | RB 1] Throughput = 1.19712 Mbps
88018[UE 1 | RB 1] Throughput = 0.98330 Mbps
88299[UE 1 | RB 1] Throughput = 0.25584 Mbps
88408[UE 1 | RB 1] Throughput = 3.29044 Mbps
88517[UE 1 | RB 1] Throughput = 1.31488 Mbps
88618[UE 1 | RB 1] Throughput = 0.71593 Mbps
88728[UE 1 | RB 1] Throughput = 1.30964 Mbps
88828[UE 1 | RB 1] Throughput = 0.71621 Mbps
88938[UE 1 | RB 1] Throughput = 1.20288 Mbps
89048[UE 1 | RB 1] Throughput = 1.30668 Mbps
89157[UE 1 | RB 1] Throughput = 0.65513 Mbps
89258[UE 1 | RB 1] Throughput = 1.43375 Mbps
89368[UE 1 | RB 1] Throughput = 0.76256 Mbps
89468[UE 1 | RB 1] Throughput = 1.55602 Mbps
89568[UE 1 | RB 1] Throughput = 0.71829 Mbps
89668[UE 1 | RB 1] Throughput = 1.31317 Mbps
89778[UE 1 | RB 1] Throughput = 0.76644 Mbps
89888[UE 1 | RB 1] Throughput = 1.30417 Mbps
89998[UE 1 | RB 1] Throughput = 1.20181 Mbps
[xApp]: E42 RIC_SUBSCRIPTION_DELETE_REQUEST tx RAN_FUNC_ID 144 RIC_REQ_ID 1 
[xApp]: E42 SUBSCRIPTION DELETE RESPONSE rx
[xApp]: E42 RIC_SUBSCRIPTION_DELETE_REQUEST tx RAN_FUNC_ID 144 RIC_REQ_ID 2 
[xApp]: E42 SUBSCRIPTION DELETE RESPONSE rx
[xApp]: E42 RIC_SUBSCRIPTION_DELETE_REQUEST tx RAN_FUNC_ID 144 RIC_REQ_ID 3 
[xApp]: E42 SUBSCRIPTION DELETE RESPONSE rx
[xApp]: Sucessfully stopped 
Test xApp run SUCCESSFULLY
