[UTIL]: Setting the config -c file to /usr/local/etc/flexric/flexric.conf
[UTIL]: Setting path -p for the shared libraries to /usr/local/lib/flexric/
[xAapp]: Initializing ... 
[xApp]: nearRT-RIC IP Address = 192.168.70.150, PORT = 36422
[E2 AGENT]: Opening plugin from path = /usr/local/lib/flexric/libkpm_sm.so 
[E2 AGENT]: Opening plugin from path = /usr/local/lib/flexric/libmac_sm.so 
[E2 AGENT]: Opening plugin from path = /usr/local/lib/flexric/libpdcp_sm.so 
[E2 AGENT]: Opening plugin from path = /usr/local/lib/flexric/libgtp_sm.so 
[E2 AGENT]: Opening plugin from path = /usr/local/lib/flexric/librc_sm.so 
[E2 AGENT]: Opening plugin from path = /usr/local/lib/flexric/libtc_sm.so 
[E2 AGENT]: Opening plugin from path = /usr/local/lib/flexric/librlc_sm.so 
[E2 AGENT]: Opening plugin from path = /usr/local/lib/flexric/libslice_sm.so 
[NEAR-RIC]: Loading SM ID = 2 with def = ORAN-E2SM-KPM 
[NEAR-RIC]: Loading SM ID = 142 with def = MAC_STATS_V0 
[NEAR-RIC]: Loading SM ID = 144 with def = PDCP_STATS_V0 
[NEAR-RIC]: Loading SM ID = 148 with def = GTP_STATS_V0 
[NEAR-RIC]: Loading SM ID = 3 with def = ORAN-E2SM-RC 
[NEAR-RIC]: Loading SM ID = 146 with def = TC_STATS_V0 
[NEAR-RIC]: Loading SM ID = 143 with def = RLC_STATS_V0 
[NEAR-RIC]: Loading SM ID = 145 with def = SLICE_STATS_V0 
[xApp]: DB filename = /tmp/flexric/xapp_db 
 [xApp]: E42 SETUP-REQUEST tx
[xApp]: E42 SETUP-RESPONSE rx 
[xApp]: xApp ID = 9 
[xApp]: Registered E2 Nodes = 3 
Connected E2 nodes = 3
[xAPP] Registered node 0 ran func id = 2 
 [xAPP] Registered node 0 ran func id = 3 
 [xAPP] Registered node 0 ran func id = 142 
 [xAPP] Registered node 0 ran func id = 143 
 [xAPP] Registered node 0 ran func id = 144 
 [xAPP] Registered node 0 ran func id = 145 
 [xAPP] Registered node 0 ran func id = 146 
 [xAPP] Registered node 0 ran func id = 148 
 [xApp]: E42 RIC SUBSCRIPTION REQUEST tx RAN_FUNC_ID 144 RIC_REQ_ID 1 
[xApp]: SUBSCRIPTION RESPONSE rx
[xApp]: Successfully subscribed to RAN_FUNC_ID 144 
[xAPP] Registered node 1 ran func id = 2 
 [xAPP] Registered node 1 ran func id = 3 
 [xAPP] Registered node 1 ran func id = 142 
 [xAPP] Registered node 1 ran func id = 143 
 [xAPP] Registered node 1 ran func id = 144 
 [xAPP] Registered node 1 ran func id = 145 
 [xAPP] Registered node 1 ran func id = 146 
 [xAPP] Registered node 1 ran func id = 148 
 [xApp]: E42 RIC SUBSCRIPTION REQUEST tx RAN_FUNC_ID 144 RIC_REQ_ID 2 
[xApp]: SUBSCRIPTION RESPONSE rx
[xApp]: Successfully subscribed to RAN_FUNC_ID 144 
[xAPP] Registered node 2 ran func id = 2 
 [xAPP] Registered node 2 ran func id = 3 
 [xAPP] Registered node 2 ran func id = 142 
 [xAPP] Registered node 2 ran func id = 143 
 [xAPP] Registered node 2 ran func id = 144 
 [xAPP] Registered node 2 ran func id = 145 
 [xAPP] Registered node 2 ran func id = 146 
 [xAPP] Registered node 2 ran func id = 148 
 [xApp]: E42 RIC SUBSCRIPTION REQUEST tx RAN_FUNC_ID 144 RIC_REQ_ID 3 
[xApp]: SUBSCRIPTION RESPONSE rx
[xApp]: Successfully subscribed to RAN_FUNC_ID 144 
113[UE 1 | RB 1] Throughput = 1.07478 Mbps
223[UE 1 | RB 1] Throughput = 1.08904 Mbps
333[UE 1 | RB 1] Throughput = 1.08330 Mbps
442[UE 1 | RB 1] Throughput = 1.20883 Mbps
542[UE 1 | RB 1] Throughput = 1.07731 Mbps
643[UE 1 | RB 1] Throughput = 0.83617 Mbps
753[UE 1 | RB 1] Throughput = 0.65531 Mbps
853[UE 1 | RB 1] Throughput = 1.55431 Mbps
962[UE 1 | RB 1] Throughput = 0.98461 Mbps
1062[UE 1 | RB 1] Throughput = 0.59888 Mbps
1163[UE 1 | RB 1] Throughput = 1.31540 Mbps
1263[UE 1 | RB 1] Throughput = 1.43804 Mbps
1364[UE 1 | RB 1] Throughput = 1.06606 Mbps
1473[UE 1 | RB 1] Throughput = 1.20991 Mbps
1583[UE 1 | RB 1] Throughput = 1.08703 Mbps
1693[UE 1 | RB 1] Throughput = 0.65485 Mbps
1802[UE 1 | RB 1] Throughput = 1.20106 Mbps
1913[UE 1 | RB 1] Throughput = 1.19641 Mbps
2013[UE 1 | RB 1] Throughput = 1.18912 Mbps
2123[UE 1 | RB 1] Throughput = 0.65876 Mbps
2233[UE 1 | RB 1] Throughput = 1.41029 Mbps
2343[UE 1 | RB 1] Throughput = 0.98424 Mbps
2453[UE 1 | RB 1] Throughput = 1.08812 Mbps
2563[UE 1 | RB 1] Throughput = 0.87131 Mbps
2673[UE 1 | RB 1] Throughput = 0.98289 Mbps
2773[UE 1 | RB 1] Throughput = 1.43730 Mbps
2883[UE 1 | RB 1] Throughput = 1.08913 Mbps
2983[UE 1 | RB 1] Throughput = 1.19651 Mbps
3094[UE 1 | RB 1] Throughput = 1.08082 Mbps
3203[UE 1 | RB 1] Throughput = 1.09917 Mbps
3313[UE 1 | RB 1] Throughput = 0.98223 Mbps
3423[UE 1 | RB 1] Throughput = 0.86888 Mbps
3533[UE 1 | RB 1] Throughput = 1.09057 Mbps
3633[UE 1 | RB 1] Throughput = 1.07506 Mbps
3734[UE 1 | RB 1] Throughput = 0.83137 Mbps
3843[UE 1 | RB 1] Throughput = 1.21234 Mbps
3953[UE 1 | RB 1] Throughput = 1.19724 Mbps
4063[UE 1 | RB 1] Throughput = 0.98159 Mbps
4164[UE 1 | RB 1] Throughput = 1.18869 Mbps
4273[UE 1 | RB 1] Throughput = 0.98588 Mbps
4384[UE 1 | RB 1] Throughput = 1.07449 Mbps
4493[UE 1 | RB 1] Throughput = 1.09986 Mbps
4603[UE 1 | RB 1] Throughput = 0.98845 Mbps
4713[UE 1 | RB 1] Throughput = 1.19788 Mbps
4824[UE 1 | RB 1] Throughput = 1.07716 Mbps
4932[UE 1 | RB 1] Throughput = 0.99397 Mbps
5033[UE 1 | RB 1] Throughput = 0.95597 Mbps
5143[UE 1 | RB 1] Throughput = 1.08910 Mbps
5243[UE 1 | RB 1] Throughput = 0.95381 Mbps
5354[UE 1 | RB 1] Throughput = 0.97263 Mbps
5463[UE 1 | RB 1] Throughput = 1.32381 Mbps
5563[UE 1 | RB 1] Throughput = 1.07656 Mbps
5673[UE 1 | RB 1] Throughput = 1.19643 Mbps
5774[UE 1 | RB 1] Throughput = 0.71246 Mbps
5883[UE 1 | RB 1] Throughput = 1.20474 Mbps
5993[UE 1 | RB 1] Throughput = 1.20799 Mbps
6093[UE 1 | RB 1] Throughput = 1.07040 Mbps
6203[UE 1 | RB 1] Throughput = 0.97914 Mbps
6303[UE 1 | RB 1] Throughput = 1.19790 Mbps
6404[UE 1 | RB 1] Throughput = 1.19737 Mbps
6513[UE 1 | RB 1] Throughput = 0.76785 Mbps
6623[UE 1 | RB 1] Throughput = 1.31017 Mbps
6723[UE 1 | RB 1] Throughput = 0.71620 Mbps
6833[UE 1 | RB 1] Throughput = 1.20017 Mbps
6933[UE 1 | RB 1] Throughput = 0.95433 Mbps
7043[UE 1 | RB 1] Throughput = 0.98656 Mbps
7143[UE 1 | RB 1] Throughput = 1.31573 Mbps
7243[UE 1 | RB 1] Throughput = 1.07624 Mbps
7353[UE 1 | RB 1] Throughput = 1.08918 Mbps
7464[UE 1 | RB 1] Throughput = 0.97604 Mbps
7573[UE 1 | RB 1] Throughput = 1.20454 Mbps
7683[UE 1 | RB 1] Throughput = 0.97837 Mbps
7793[UE 1 | RB 1] Throughput = 1.09206 Mbps
7903[UE 1 | RB 1] Throughput = 0.87089 Mbps
8013[UE 1 | RB 1] Throughput = 1.09097 Mbps
8114[UE 1 | RB 1] Throughput = 1.30852 Mbps
8223[UE 1 | RB 1] Throughput = 0.98839 Mbps
8323[UE 1 | RB 1] Throughput = 0.95557 Mbps
8433[UE 1 | RB 1] Throughput = 1.20208 Mbps
8534[UE 1 | RB 1] Throughput = 1.18864 Mbps
8644[UE 1 | RB 1] Throughput = 0.98002 Mbps
8753[UE 1 | RB 1] Throughput = 0.65734 Mbps
8863[UE 1 | RB 1] Throughput = 1.52447 Mbps
8973[UE 1 | RB 1] Throughput = 0.87267 Mbps
9073[UE 1 | RB 1] Throughput = 1.19798 Mbps
9183[UE 1 | RB 1] Throughput = 1.09028 Mbps
9283[UE 1 | RB 1] Throughput = 1.07804 Mbps
9383[UE 1 | RB 1] Throughput = 1.19470 Mbps
9484[UE 1 | RB 1] Throughput = 1.06773 Mbps
9592[UE 1 | RB 1] Throughput = 0.99688 Mbps
9693[UE 1 | RB 1] Throughput = 0.71599 Mbps
9795[UE 1 | RB 1] Throughput = 1.28894 Mbps
9903[UE 1 | RB 1] Throughput = 1.22421 Mbps
10013[UE 1 | RB 1] Throughput = 0.65462 Mbps
10113[UE 1 | RB 1] Throughput = 1.43467 Mbps
10213[UE 1 | RB 1] Throughput = 0.71892 Mbps
10323[UE 1 | RB 1] Throughput = 1.19601 Mbps
10423[UE 1 | RB 1] Throughput = 1.43558 Mbps
10533[UE 1 | RB 1] Throughput = 1.09204 Mbps
10633[UE 1 | RB 1] Throughput = 0.95545 Mbps
10743[UE 1 | RB 1] Throughput = 1.20040 Mbps
10844[UE 1 | RB 1] Throughput = 0.71558 Mbps
10953[UE 1 | RB 1] Throughput = 1.20484 Mbps
11063[UE 1 | RB 1] Throughput = 0.98179 Mbps
11163[UE 1 | RB 1] Throughput = 0.95585 Mbps
11263[UE 1 | RB 1] Throughput = 1.43732 Mbps
11375[UE 1 | RB 1] Throughput = 0.96860 Mbps
11483[UE 1 | RB 1] Throughput = 1.10462 Mbps
11583[UE 1 | RB 1] Throughput = 0.71825 Mbps
11693[UE 1 | RB 1] Throughput = 0.98225 Mbps
11794[UE 1 | RB 1] Throughput = 1.30031 Mbps
11904[UE 1 | RB 1] Throughput = 1.20888 Mbps
12013[UE 1 | RB 1] Throughput = 0.98224 Mbps
12123[UE 1 | RB 1] Throughput = 0.98023 Mbps
12233[UE 1 | RB 1] Throughput = 1.20296 Mbps
12343[UE 1 | RB 1] Throughput = 0.97571 Mbps
12453[UE 1 | RB 1] Throughput = 1.09406 Mbps
12553[UE 1 | RB 1] Throughput = 1.07705 Mbps
12653[UE 1 | RB 1] Throughput = 0.83795 Mbps
12763[UE 1 | RB 1] Throughput = 1.19758 Mbps
12873[UE 1 | RB 1] Throughput = 1.20139 Mbps
12973[UE 1 | RB 1] Throughput = 1.07745 Mbps
13074[UE 1 | RB 1] Throughput = 1.07464 Mbps
13183[UE 1 | RB 1] Throughput = 0.98187 Mbps
13293[UE 1 | RB 1] Throughput = 1.20706 Mbps
13393[UE 1 | RB 1] Throughput = 1.07568 Mbps
13493[UE 1 | RB 1] Throughput = 0.95734 Mbps
13593[UE 1 | RB 1] Throughput = 1.19496 Mbps
13703[UE 1 | RB 1] Throughput = 1.09201 Mbps
13804[UE 1 | RB 1] Throughput = 1.18995 Mbps
13914[UE 1 | RB 1] Throughput = 0.98258 Mbps
14014[UE 1 | RB 1] Throughput = 1.07688 Mbps
14123[UE 1 | RB 1] Throughput = 0.65672 Mbps
14234[UE 1 | RB 1] Throughput = 1.30079 Mbps
14344[UE 1 | RB 1] Throughput = 1.08713 Mbps
14454[UE 1 | RB 1] Throughput = 0.98177 Mbps
14563[UE 1 | RB 1] Throughput = 1.09376 Mbps
14674[UE 1 | RB 1] Throughput = 1.30510 Mbps
14783[UE 1 | RB 1] Throughput = 1.09057 Mbps
14893[UE 1 | RB 1] Throughput = 1.09133 Mbps
15004[UE 1 | RB 1] Throughput = 0.97781 Mbps
15113[UE 1 | RB 1] Throughput = 0.98170 Mbps
15224[UE 1 | RB 1] Throughput = 0.97901 Mbps
15333[UE 1 | RB 1] Throughput = 1.09327 Mbps
15443[UE 1 | RB 1] Throughput = 0.97965 Mbps
15555[UE 1 | RB 1] Throughput = 1.29117 Mbps
15663[UE 1 | RB 1] Throughput = 1.21228 Mbps
15764[UE 1 | RB 1] Throughput = 0.83652 Mbps
15864[UE 1 | RB 1] Throughput = 1.07066 Mbps
15973[UE 1 | RB 1] Throughput = 1.09940 Mbps
16083[UE 1 | RB 1] Throughput = 1.09098 Mbps
16183[UE 1 | RB 1] Throughput = 1.19785 Mbps
16294[UE 1 | RB 1] Throughput = 0.65142 Mbps
16395[UE 1 | RB 1] Throughput = 1.30507 Mbps
16503[UE 1 | RB 1] Throughput = 1.10507 Mbps
16603[UE 1 | RB 1] Throughput = 1.19592 Mbps
16703[UE 1 | RB 1] Throughput = 0.83885 Mbps
16804[UE 1 | RB 1] Throughput = 1.07454 Mbps
16913[UE 1 | RB 1] Throughput = 1.09734 Mbps
17013[UE 1 | RB 1] Throughput = 1.07332 Mbps
17123[UE 1 | RB 1] Throughput = 1.19995 Mbps
17233[UE 1 | RB 1] Throughput = 1.08925 Mbps
17333[UE 1 | RB 1] Throughput = 0.71867 Mbps
17444[UE 1 | RB 1] Throughput = 1.08817 Mbps
17544[UE 1 | RB 1] Throughput = 1.43316 Mbps
17653[UE 1 | RB 1] Throughput = 1.09767 Mbps
17753[UE 1 | RB 1] Throughput = 0.59783 Mbps
17853[UE 1 | RB 1] Throughput = 1.07729 Mbps
17963[UE 1 | RB 1] Throughput = 1.41598 Mbps
18064[UE 1 | RB 1] Throughput = 1.19582 Mbps
18175[UE 1 | RB 1] Throughput = 0.97142 Mbps
18283[UE 1 | RB 1] Throughput = 0.77128 Mbps
18393[UE 1 | RB 1] Throughput = 1.20025 Mbps
18494[UE 1 | RB 1] Throughput = 1.07294 Mbps
18594[UE 1 | RB 1] Throughput = 0.95855 Mbps
18694[UE 1 | RB 1] Throughput = 1.31567 Mbps
18803[UE 1 | RB 1] Throughput = 1.09868 Mbps
18903[UE 1 | RB 1] Throughput = 1.07702 Mbps
19003[UE 1 | RB 1] Throughput = 0.71708 Mbps
19104[UE 1 | RB 1] Throughput = 1.19384 Mbps
19214[UE 1 | RB 1] Throughput = 1.09182 Mbps
19314[UE 1 | RB 1] Throughput = 1.19109 Mbps
19424[UE 1 | RB 1] Throughput = 0.87226 Mbps
19534[UE 1 | RB 1] Throughput = 1.30933 Mbps
19644[UE 1 | RB 1] Throughput = 0.86847 Mbps
19754[UE 1 | RB 1] Throughput = 1.30824 Mbps
19864[UE 1 | RB 1] Throughput = 0.76661 Mbps
19964[UE 1 | RB 1] Throughput = 1.43659 Mbps
20064[UE 1 | RB 1] Throughput = 0.71773 Mbps
20165[UE 1 | RB 1] Throughput = 1.30114 Mbps
20274[UE 1 | RB 1] Throughput = 0.99608 Mbps
20384[UE 1 | RB 1] Throughput = 1.08858 Mbps
20484[UE 1 | RB 1] Throughput = 0.83650 Mbps
20593[UE 1 | RB 1] Throughput = 1.42455 Mbps
20693[UE 1 | RB 1] Throughput = 0.95850 Mbps
20793[UE 1 | RB 1] Throughput = 1.19768 Mbps
20894[UE 1 | RB 1] Throughput = 0.83533 Mbps
21004[UE 1 | RB 1] Throughput = 1.09120 Mbps
21113[UE 1 | RB 1] Throughput = 0.98379 Mbps
21214[UE 1 | RB 1] Throughput = 1.07587 Mbps
21323[UE 1 | RB 1] Throughput = 0.98267 Mbps
21423[UE 1 | RB 1] Throughput = 1.19822 Mbps
21534[UE 1 | RB 1] Throughput = 1.08490 Mbps
21634[UE 1 | RB 1] Throughput = 0.95830 Mbps
21734[UE 1 | RB 1] Throughput = 1.19829 Mbps
21844[UE 1 | RB 1] Throughput = 1.20203 Mbps
21944[UE 1 | RB 1] Throughput = 1.07701 Mbps
22053[UE 1 | RB 1] Throughput = 1.09362 Mbps
22153[UE 1 | RB 1] Throughput = 0.95657 Mbps
22253[UE 1 | RB 1] Throughput = 1.07844 Mbps
22363[UE 1 | RB 1] Throughput = 0.98231 Mbps
22464[UE 1 | RB 1] Throughput = 0.95115 Mbps
22573[UE 1 | RB 1] Throughput = 1.20539 Mbps
22674[UE 1 | RB 1] Throughput = 0.95651 Mbps
22784[UE 1 | RB 1] Throughput = 1.30745 Mbps
22893[UE 1 | RB 1] Throughput = 1.09439 Mbps
22994[UE 1 | RB 1] Throughput = 1.07258 Mbps
23094[UE 1 | RB 1] Throughput = 1.07244 Mbps
23204[UE 1 | RB 1] Throughput = 0.98353 Mbps
23313[UE 1 | RB 1] Throughput = 1.09458 Mbps
23424[UE 1 | RB 1] Throughput = 1.08792 Mbps
23524[UE 1 | RB 1] Throughput = 1.07537 Mbps
23634[UE 1 | RB 1] Throughput = 0.87419 Mbps
23734[UE 1 | RB 1] Throughput = 0.83761 Mbps
23844[UE 1 | RB 1] Throughput = 1.30904 Mbps
23944[UE 1 | RB 1] Throughput = 1.19397 Mbps
24053[UE 1 | RB 1] Throughput = 0.87695 Mbps
24154[UE 1 | RB 1] Throughput = 1.19402 Mbps
24255[UE 1 | RB 1] Throughput = 0.94840 Mbps
24364[UE 1 | RB 1] Throughput = 1.20421 Mbps
24474[UE 1 | RB 1] Throughput = 0.87463 Mbps
24575[UE 1 | RB 1] Throughput = 1.06894 Mbps
24684[UE 1 | RB 1] Throughput = 1.20687 Mbps
24794[UE 1 | RB 1] Throughput = 1.20291 Mbps
24904[UE 1 | RB 1] Throughput = 1.08883 Mbps
25014[UE 1 | RB 1] Throughput = 1.08928 Mbps
25124[UE 1 | RB 1] Throughput = 0.76171 Mbps
25234[UE 1 | RB 1] Throughput = 1.19549 Mbps
25344[UE 1 | RB 1] Throughput = 0.87166 Mbps
25454[UE 1 | RB 1] Throughput = 1.19722 Mbps
25563[UE 1 | RB 1] Throughput = 1.20490 Mbps
25664[UE 1 | RB 1] Throughput = 0.95835 Mbps
25764[UE 1 | RB 1] Throughput = 1.19393 Mbps
25874[UE 1 | RB 1] Throughput = 0.76417 Mbps
25983[UE 1 | RB 1] Throughput = 1.41892 Mbps
26084[UE 1 | RB 1] Throughput = 0.71786 Mbps
26184[UE 1 | RB 1] Throughput = 1.19638 Mbps
26294[UE 1 | RB 1] Throughput = 1.08997 Mbps
26394[UE 1 | RB 1] Throughput = 1.19622 Mbps
26504[UE 1 | RB 1] Throughput = 1.09235 Mbps
26604[UE 1 | RB 1] Throughput = 1.19606 Mbps
26704[UE 1 | RB 1] Throughput = 0.83554 Mbps
26804[UE 1 | RB 1] Throughput = 1.19742 Mbps
26914[UE 1 | RB 1] Throughput = 1.20508 Mbps
27015[UE 1 | RB 1] Throughput = 0.59305 Mbps
27124[UE 1 | RB 1] Throughput = 1.09946 Mbps
27224[UE 1 | RB 1] Throughput = 1.31813 Mbps
27324[UE 1 | RB 1] Throughput = 0.95642 Mbps
27434[UE 1 | RB 1] Throughput = 1.20308 Mbps
27534[UE 1 | RB 1] Throughput = 0.71367 Mbps
27634[UE 1 | RB 1] Throughput = 1.31623 Mbps
27744[UE 1 | RB 1] Throughput = 1.09633 Mbps
27845[UE 1 | RB 1] Throughput = 1.30003 Mbps
27954[UE 1 | RB 1] Throughput = 0.88064 Mbps
28064[UE 1 | RB 1] Throughput = 1.09364 Mbps
28164[UE 1 | RB 1] Throughput = 1.19641 Mbps
28265[UE 1 | RB 1] Throughput = 0.59503 Mbps
28374[UE 1 | RB 1] Throughput = 1.31366 Mbps
28485[UE 1 | RB 1] Throughput = 1.29774 Mbps
28594[UE 1 | RB 1] Throughput = 0.98533 Mbps
28695[UE 1 | RB 1] Throughput = 0.95291 Mbps
28804[UE 1 | RB 1] Throughput = 0.76892 Mbps
28904[UE 1 | RB 1] Throughput = 1.19379 Mbps
29014[UE 1 | RB 1] Throughput = 1.09472 Mbps
29114[UE 1 | RB 1] Throughput = 1.19262 Mbps
29224[UE 1 | RB 1] Throughput = 0.87095 Mbps
29334[UE 1 | RB 1] Throughput = 1.09283 Mbps
29435[UE 1 | RB 1] Throughput = 1.18468 Mbps
29544[UE 1 | RB 1] Throughput = 1.32254 Mbps
29654[UE 1 | RB 1] Throughput = 0.98221 Mbps
29754[UE 1 | RB 1] Throughput = 0.95567 Mbps
29864[UE 1 | RB 1] Throughput = 0.98034 Mbps
29965[UE 1 | RB 1] Throughput = 1.18770 Mbps
30075[UE 1 | RB 1] Throughput = 1.31151 Mbps
30184[UE 1 | RB 1] Throughput = 0.54593 Mbps
30294[UE 1 | RB 1] Throughput = 1.09081 Mbps
30404[UE 1 | RB 1] Throughput = 0.87074 Mbps
30514[UE 1 | RB 1] Throughput = 1.53399 Mbps
30614[UE 1 | RB 1] Throughput = 1.19521 Mbps
30725[UE 1 | RB 1] Throughput = 0.97499 Mbps
30826[UE 1 | RB 1] Throughput = 1.06873 Mbps
30934[UE 1 | RB 1] Throughput = 0.88427 Mbps
31046[UE 1 | RB 1] Throughput = 1.07394 Mbps
31154[UE 1 | RB 1] Throughput = 1.32110 Mbps
31265[UE 1 | RB 1] Throughput = 0.97177 Mbps
31374[UE 1 | RB 1] Throughput = 0.88038 Mbps
31474[UE 1 | RB 1] Throughput = 1.07650 Mbps
31584[UE 1 | RB 1] Throughput = 1.30946 Mbps
31694[UE 1 | RB 1] Throughput = 1.09178 Mbps
31794[UE 1 | RB 1] Throughput = 1.07584 Mbps
31895[UE 1 | RB 1] Throughput = 1.07418 Mbps
32004[UE 1 | RB 1] Throughput = 1.09480 Mbps
32115[UE 1 | RB 1] Throughput = 0.97636 Mbps
32224[UE 1 | RB 1] Throughput = 0.98464 Mbps
32334[UE 1 | RB 1] Throughput = 1.30826 Mbps
32434[UE 1 | RB 1] Throughput = 0.95662 Mbps
32544[UE 1 | RB 1] Throughput = 0.97934 Mbps
32645[UE 1 | RB 1] Throughput = 1.07763 Mbps
32754[UE 1 | RB 1] Throughput = 0.87302 Mbps
32864[UE 1 | RB 1] Throughput = 1.09533 Mbps
32964[UE 1 | RB 1] Throughput = 1.07303 Mbps
33065[UE 1 | RB 1] Throughput = 1.30583 Mbps
33175[UE 1 | RB 1] Throughput = 0.98635 Mbps
33285[UE 1 | RB 1] Throughput = 1.08782 Mbps
33385[UE 1 | RB 1] Throughput = 0.95837 Mbps
33495[UE 1 | RB 1] Throughput = 0.98241 Mbps
33604[UE 1 | RB 1] Throughput = 1.20184 Mbps
33704[UE 1 | RB 1] Throughput = 1.19688 Mbps
33805[UE 1 | RB 1] Throughput = 0.83791 Mbps
33905[UE 1 | RB 1] Throughput = 1.43508 Mbps
34014[UE 1 | RB 1] Throughput = 0.65544 Mbps
34115[UE 1 | RB 1] Throughput = 1.43358 Mbps
34225[UE 1 | RB 1] Throughput = 0.98196 Mbps
34335[UE 1 | RB 1] Throughput = 0.97971 Mbps
34435[UE 1 | RB 1] Throughput = 1.31749 Mbps
34544[UE 1 | RB 1] Throughput = 0.54698 Mbps
34654[UE 1 | RB 1] Throughput = 1.30936 Mbps
34754[UE 1 | RB 1] Throughput = 0.83675 Mbps
34864[UE 1 | RB 1] Throughput = 1.41494 Mbps
34974[UE 1 | RB 1] Throughput = 1.20032 Mbps
35074[UE 1 | RB 1] Throughput = 1.07799 Mbps
35184[UE 1 | RB 1] Throughput = 1.08839 Mbps
35294[UE 1 | RB 1] Throughput = 0.98195 Mbps
35395[UE 1 | RB 1] Throughput = 1.07322 Mbps
35496[UE 1 | RB 1] Throughput = 1.06857 Mbps
35606[UE 1 | RB 1] Throughput = 1.08654 Mbps
35715[UE 1 | RB 1] Throughput = 1.09905 Mbps
35824[UE 1 | RB 1] Throughput = 1.09517 Mbps
35934[UE 1 | RB 1] Throughput = 0.87666 Mbps
36037[UE 1 | RB 1] Throughput = 1.04586 Mbps
36145[UE 1 | RB 1] Throughput = 1.11007 Mbps
36256[UE 1 | RB 1] Throughput = 0.97176 Mbps
36365[UE 1 | RB 1] Throughput = 0.99002 Mbps
36467[UE 1 | RB 1] Throughput = 1.41468 Mbps
36575[UE 1 | RB 1] Throughput = 0.88713 Mbps
36675[UE 1 | RB 1] Throughput = 0.95468 Mbps
36785[UE 1 | RB 1] Throughput = 1.30943 Mbps
36894[UE 1 | RB 1] Throughput = 0.98433 Mbps
36995[UE 1 | RB 1] Throughput = 1.07230 Mbps
37104[UE 1 | RB 1] Throughput = 1.09585 Mbps
37205[UE 1 | RB 1] Throughput = 1.18797 Mbps
37314[UE 1 | RB 1] Throughput = 0.87764 Mbps
37415[UE 1 | RB 1] Throughput = 1.07299 Mbps
37524[UE 1 | RB 1] Throughput = 1.09625 Mbps
37625[UE 1 | RB 1] Throughput = 1.19201 Mbps
37725[UE 1 | RB 1] Throughput = 0.95853 Mbps
37825[UE 1 | RB 1] Throughput = 1.07416 Mbps
37935[UE 1 | RB 1] Throughput = 1.09247 Mbps
38045[UE 1 | RB 1] Throughput = 0.87223 Mbps
38146[UE 1 | RB 1] Throughput = 1.06490 Mbps
38255[UE 1 | RB 1] Throughput = 1.10466 Mbps
38365[UE 1 | RB 1] Throughput = 1.08169 Mbps
38475[UE 1 | RB 1] Throughput = 1.20476 Mbps
38584[UE 1 | RB 1] Throughput = 0.98385 Mbps
38685[UE 1 | RB 1] Throughput = 1.31696 Mbps
38785[UE 1 | RB 1] Throughput = 0.95800 Mbps
38894[UE 1 | RB 1] Throughput = 0.87371 Mbps
38995[UE 1 | RB 1] Throughput = 0.95666 Mbps
39095[UE 1 | RB 1] Throughput = 1.43683 Mbps
39195[UE 1 | RB 1] Throughput = 1.07476 Mbps
39295[UE 1 | RB 1] Throughput = 1.19677 Mbps
39405[UE 1 | RB 1] Throughput = 0.98343 Mbps
39514[UE 1 | RB 1] Throughput = 0.87445 Mbps
39615[UE 1 | RB 1] Throughput = 1.19687 Mbps
39725[UE 1 | RB 1] Throughput = 1.19920 Mbps
39825[UE 1 | RB 1] Throughput = 0.83799 Mbps
39935[UE 1 | RB 1] Throughput = 0.87166 Mbps
40045[UE 1 | RB 1] Throughput = 1.08993 Mbps
40154[UE 1 | RB 1] Throughput = 1.09267 Mbps
40255[UE 1 | RB 1] Throughput = 1.43095 Mbps
40364[UE 1 | RB 1] Throughput = 0.87588 Mbps
40465[UE 1 | RB 1] Throughput = 0.83241 Mbps
40574[UE 1 | RB 1] Throughput = 1.31462 Mbps
40675[UE 1 | RB 1] Throughput = 0.95487 Mbps
40784[UE 1 | RB 1] Throughput = 0.54652 Mbps
40885[UE 1 | RB 1] Throughput = 1.66893 Mbps
40995[UE 1 | RB 1] Throughput = 1.09358 Mbps
41095[UE 1 | RB 1] Throughput = 1.31260 Mbps
41195[UE 1 | RB 1] Throughput = 0.71755 Mbps
41304[UE 1 | RB 1] Throughput = 1.31643 Mbps
41405[UE 1 | RB 1] Throughput = 0.95341 Mbps
41515[UE 1 | RB 1] Throughput = 0.87365 Mbps
41615[UE 1 | RB 1] Throughput = 1.31469 Mbps
41725[UE 1 | RB 1] Throughput = 0.98186 Mbps
41835[UE 1 | RB 1] Throughput = 1.30756 Mbps
41945[UE 1 | RB 1] Throughput = 0.87353 Mbps
42055[UE 1 | RB 1] Throughput = 1.19617 Mbps
42155[UE 1 | RB 1] Throughput = 0.83787 Mbps
42255[UE 1 | RB 1] Throughput = 1.07685 Mbps
42355[UE 1 | RB 1] Throughput = 1.31773 Mbps
42465[UE 1 | RB 1] Throughput = 0.87504 Mbps
42565[UE 1 | RB 1] Throughput = 1.07679 Mbps
42665[UE 1 | RB 1] Throughput = 0.95668 Mbps
42775[UE 1 | RB 1] Throughput = 1.19720 Mbps
42885[UE 1 | RB 1] Throughput = 1.09441 Mbps
42985[UE 1 | RB 1] Throughput = 1.19743 Mbps
43095[UE 1 | RB 1] Throughput = 0.76034 Mbps
43205[UE 1 | RB 1] Throughput = 1.31159 Mbps
43315[UE 1 | RB 1] Throughput = 1.19724 Mbps
43425[UE 1 | RB 1] Throughput = 0.65211 Mbps
43535[UE 1 | RB 1] Throughput = 1.30908 Mbps
43635[UE 1 | RB 1] Throughput = 1.31308 Mbps
43745[UE 1 | RB 1] Throughput = 0.87509 Mbps
43845[UE 1 | RB 1] Throughput = 0.71615 Mbps
43946[UE 1 | RB 1] Throughput = 1.31396 Mbps
44056[UE 1 | RB 1] Throughput = 1.29881 Mbps
44165[UE 1 | RB 1] Throughput = 0.66373 Mbps
44265[UE 1 | RB 1] Throughput = 1.43491 Mbps
44375[UE 1 | RB 1] Throughput = 0.65373 Mbps
44485[UE 1 | RB 1] Throughput = 1.19889 Mbps
44585[UE 1 | RB 1] Throughput = 1.19639 Mbps
44695[UE 1 | RB 1] Throughput = 0.87127 Mbps
44805[UE 1 | RB 1] Throughput = 1.30901 Mbps
44915[UE 1 | RB 1] Throughput = 1.20189 Mbps
45015[UE 1 | RB 1] Throughput = 0.59907 Mbps
45125[UE 1 | RB 1] Throughput = 1.19820 Mbps
45225[UE 1 | RB 1] Throughput = 1.43520 Mbps
45325[UE 1 | RB 1] Throughput = 0.71851 Mbps
45425[UE 1 | RB 1] Throughput = 1.31754 Mbps
45535[UE 1 | RB 1] Throughput = 1.19446 Mbps
45645[UE 1 | RB 1] Throughput = 0.76672 Mbps
45745[UE 1 | RB 1] Throughput = 1.31816 Mbps
45845[UE 1 | RB 1] Throughput = 0.71623 Mbps
45955[UE 1 | RB 1] Throughput = 1.30687 Mbps
46065[UE 1 | RB 1] Throughput = 0.54639 Mbps
46165[UE 1 | RB 1] Throughput = 1.31436 Mbps
46277[UE 1 | RB 1] Throughput = 1.39432 Mbps
46386[UE 1 | RB 1] Throughput = 1.10210 Mbps
46495[UE 1 | RB 1] Throughput = 1.20541 Mbps
46596[UE 1 | RB 1] Throughput = 0.59475 Mbps
46706[UE 1 | RB 1] Throughput = 1.19968 Mbps
46815[UE 1 | RB 1] Throughput = 1.30900 Mbps
46916[UE 1 | RB 1] Throughput = 0.83826 Mbps
47016[UE 1 | RB 1] Throughput = 1.07010 Mbps
47126[UE 1 | RB 1] Throughput = 1.08785 Mbps
47235[UE 1 | RB 1] Throughput = 1.10570 Mbps
47336[UE 1 | RB 1] Throughput = 1.18848 Mbps
47445[UE 1 | RB 1] Throughput = 0.65589 Mbps
47555[UE 1 | RB 1] Throughput = 1.31278 Mbps
47656[UE 1 | RB 1] Throughput = 1.06901 Mbps
47765[UE 1 | RB 1] Throughput = 0.54759 Mbps
47875[UE 1 | RB 1] Throughput = 1.74113 Mbps
47985[UE 1 | RB 1] Throughput = 1.08756 Mbps
48086[UE 1 | RB 1] Throughput = 0.95365 Mbps
48195[UE 1 | RB 1] Throughput = 1.09986 Mbps
48295[UE 1 | RB 1] Throughput = 0.71711 Mbps
48396[UE 1 | RB 1] Throughput = 1.30306 Mbps
48506[UE 1 | RB 1] Throughput = 1.09746 Mbps
48606[UE 1 | RB 1] Throughput = 1.07760 Mbps
48715[UE 1 | RB 1] Throughput = 1.09482 Mbps
48825[UE 1 | RB 1] Throughput = 0.98051 Mbps
48925[UE 1 | RB 1] Throughput = 1.31696 Mbps
49027[UE 1 | RB 1] Throughput = 0.93773 Mbps
49136[UE 1 | RB 1] Throughput = 0.99092 Mbps
49245[UE 1 | RB 1] Throughput = 1.21082 Mbps
49345[UE 1 | RB 1] Throughput = 1.07785 Mbps
49455[UE 1 | RB 1] Throughput = 0.97896 Mbps
49565[UE 1 | RB 1] Throughput = 1.09468 Mbps
49665[UE 1 | RB 1] Throughput = 0.95814 Mbps
49765[UE 1 | RB 1] Throughput = 1.07716 Mbps
49866[UE 1 | RB 1] Throughput = 1.18924 Mbps
49975[UE 1 | RB 1] Throughput = 0.98887 Mbps
50075[UE 1 | RB 1] Throughput = 1.07818 Mbps
50186[UE 1 | RB 1] Throughput = 1.19149 Mbps
50295[UE 1 | RB 1] Throughput = 0.76459 Mbps
50396[UE 1 | RB 1] Throughput = 1.07455 Mbps
50505[UE 1 | RB 1] Throughput = 1.20175 Mbps
50606[UE 1 | RB 1] Throughput = 1.19674 Mbps
50715[UE 1 | RB 1] Throughput = 1.20094 Mbps
50815[UE 1 | RB 1] Throughput = 0.71866 Mbps
50916[UE 1 | RB 1] Throughput = 1.19682 Mbps
51025[UE 1 | RB 1] Throughput = 1.20337 Mbps
51125[UE 1 | RB 1] Throughput = 0.83767 Mbps
51235[UE 1 | RB 1] Throughput = 1.08852 Mbps
51335[UE 1 | RB 1] Throughput = 1.19753 Mbps
51445[UE 1 | RB 1] Throughput = 1.09287 Mbps
51546[UE 1 | RB 1] Throughput = 1.18836 Mbps
51656[UE 1 | RB 1] Throughput = 0.98265 Mbps
51756[UE 1 | RB 1] Throughput = 0.83843 Mbps
51865[UE 1 | RB 1] Throughput = 0.87342 Mbps
51966[UE 1 | RB 1] Throughput = 1.19726 Mbps
52066[UE 1 | RB 1] Throughput = 1.43241 Mbps
52166[UE 1 | RB 1] Throughput = 0.71902 Mbps
52275[UE 1 | RB 1] Throughput = 1.31790 Mbps
52375[UE 1 | RB 1] Throughput = 0.95770 Mbps
52485[UE 1 | RB 1] Throughput = 1.19732 Mbps
52595[UE 1 | RB 1] Throughput = 1.09140 Mbps
52705[UE 1 | RB 1] Throughput = 0.76282 Mbps
52806[UE 1 | RB 1] Throughput = 1.31079 Mbps
52915[UE 1 | RB 1] Throughput = 0.65442 Mbps
53016[UE 1 | RB 1] Throughput = 1.31721 Mbps
53116[UE 1 | RB 1] Throughput = 1.31345 Mbps
53225[UE 1 | RB 1] Throughput = 1.20644 Mbps
53326[UE 1 | RB 1] Throughput = 0.71535 Mbps
53427[UE 1 | RB 1] Throughput = 1.05962 Mbps
53535[UE 1 | RB 1] Throughput = 1.33830 Mbps
53635[UE 1 | RB 1] Throughput = 0.59640 Mbps
53736[UE 1 | RB 1] Throughput = 1.31531 Mbps
53845[UE 1 | RB 1] Throughput = 1.20498 Mbps
53946[UE 1 | RB 1] Throughput = 0.71553 Mbps
54055[UE 1 | RB 1] Throughput = 1.31507 Mbps
54156[UE 1 | RB 1] Throughput = 0.83254 Mbps
54266[UE 1 | RB 1] Throughput = 1.41706 Mbps
54375[UE 1 | RB 1] Throughput = 1.09154 Mbps
54485[UE 1 | RB 1] Throughput = 0.87405 Mbps
54595[UE 1 | RB 1] Throughput = 0.76001 Mbps
54705[UE 1 | RB 1] Throughput = 1.20288 Mbps
54815[UE 1 | RB 1] Throughput = 1.30770 Mbps
54915[UE 1 | RB 1] Throughput = 0.83651 Mbps
55017[UE 1 | RB 1] Throughput = 1.17556 Mbps
55125[UE 1 | RB 1] Throughput = 0.99640 Mbps
55226[UE 1 | RB 1] Throughput = 1.31585 Mbps
55327[UE 1 | RB 1] Throughput = 1.06911 Mbps
55436[UE 1 | RB 1] Throughput = 0.65945 Mbps
55536[UE 1 | RB 1] Throughput = 1.31608 Mbps
55645[UE 1 | RB 1] Throughput = 1.31720 Mbps
55745[UE 1 | RB 1] Throughput = 0.71567 Mbps
55855[UE 1 | RB 1] Throughput = 1.19994 Mbps
55957[UE 1 | RB 1] Throughput = 1.28999 Mbps
56066[UE 1 | RB 1] Throughput = 0.88393 Mbps
56175[UE 1 | RB 1] Throughput = 1.09487 Mbps
56276[UE 1 | RB 1] Throughput = 0.95470 Mbps
56386[UE 1 | RB 1] Throughput = 1.30988 Mbps
56496[UE 1 | RB 1] Throughput = 0.65326 Mbps
56596[UE 1 | RB 1] Throughput = 1.43694 Mbps
56705[UE 1 | RB 1] Throughput = 1.20189 Mbps
56815[UE 1 | RB 1] Throughput = 0.76321 Mbps
56916[UE 1 | RB 1] Throughput = 1.07419 Mbps
57026[UE 1 | RB 1] Throughput = 0.97926 Mbps
57126[UE 1 | RB 1] Throughput = 1.31691 Mbps
57236[UE 1 | RB 1] Throughput = 1.20280 Mbps
57336[UE 1 | RB 1] Throughput = 0.83734 Mbps
57445[UE 1 | RB 1] Throughput = 1.31528 Mbps
57556[UE 1 | RB 1] Throughput = 0.65110 Mbps
57665[UE 1 | RB 1] Throughput = 1.30905 Mbps
57766[UE 1 | RB 1] Throughput = 0.71793 Mbps
57866[UE 1 | RB 1] Throughput = 1.43457 Mbps
57975[UE 1 | RB 1] Throughput = 0.65590 Mbps
58075[UE 1 | RB 1] Throughput = 1.43782 Mbps
58176[UE 1 | RB 1] Throughput = 1.31150 Mbps
58286[UE 1 | RB 1] Throughput = 0.65504 Mbps
58395[UE 1 | RB 1] Throughput = 1.09476 Mbps
58496[UE 1 | RB 1] Throughput = 1.55099 Mbps
58596[UE 1 | RB 1] Throughput = 0.71618 Mbps
58706[UE 1 | RB 1] Throughput = 1.20353 Mbps
58816[UE 1 | RB 1] Throughput = 0.75943 Mbps
58925[UE 1 | RB 1] Throughput = 1.20405 Mbps
59036[UE 1 | RB 1] Throughput = 1.30333 Mbps
59136[UE 1 | RB 1] Throughput = 0.71743 Mbps
59245[UE 1 | RB 1] Throughput = 1.31470 Mbps
59346[UE 1 | RB 1] Throughput = 0.71833 Mbps
59446[UE 1 | RB 1] Throughput = 1.43719 Mbps
59556[UE 1 | RB 1] Throughput = 1.19840 Mbps
59656[UE 1 | RB 1] Throughput = 0.83858 Mbps
59756[UE 1 | RB 1] Throughput = 1.07200 Mbps
59866[UE 1 | RB 1] Throughput = 0.87742 Mbps
59966[UE 1 | RB 1] Throughput = 1.31592 Mbps
60066[UE 1 | RB 1] Throughput = 0.71880 Mbps
60166[UE 1 | RB 1] Throughput = 1.43494 Mbps
60266[UE 1 | RB 1] Throughput = 1.07740 Mbps
60376[UE 1 | RB 1] Throughput = 1.09133 Mbps
60486[UE 1 | RB 1] Throughput = 1.09259 Mbps
60586[UE 1 | RB 1] Throughput = 0.83413 Mbps
60696[UE 1 | RB 1] Throughput = 1.30632 Mbps
60806[UE 1 | RB 1] Throughput = 0.98397 Mbps
60916[UE 1 | RB 1] Throughput = 1.19664 Mbps
61026[UE 1 | RB 1] Throughput = 0.76532 Mbps
61126[UE 1 | RB 1] Throughput = 1.43630 Mbps
61236[UE 1 | RB 1] Throughput = 0.86972 Mbps
61346[UE 1 | RB 1] Throughput = 0.98291 Mbps
61446[UE 1 | RB 1] Throughput = 1.31532 Mbps
61556[UE 1 | RB 1] Throughput = 1.09153 Mbps
61656[UE 1 | RB 1] Throughput = 0.95834 Mbps
61766[UE 1 | RB 1] Throughput = 1.09056 Mbps
61876[UE 1 | RB 1] Throughput = 1.08711 Mbps
61986[UE 1 | RB 1] Throughput = 0.98256 Mbps
62087[UE 1 | RB 1] Throughput = 1.18282 Mbps
62196[UE 1 | RB 1] Throughput = 0.99179 Mbps
62296[UE 1 | RB 1] Throughput = 0.95741 Mbps
62406[UE 1 | RB 1] Throughput = 0.97989 Mbps
62518[UE 1 | RB 1] Throughput = 1.28614 Mbps
62626[UE 1 | RB 1] Throughput = 0.99514 Mbps
62736[UE 1 | RB 1] Throughput = 0.98318 Mbps
62836[UE 1 | RB 1] Throughput = 1.19811 Mbps
62936[UE 1 | RB 1] Throughput = 0.95234 Mbps
63046[UE 1 | RB 1] Throughput = 0.98664 Mbps
63146[UE 1 | RB 1] Throughput = 1.43421 Mbps
63256[UE 1 | RB 1] Throughput = 0.87129 Mbps
63366[UE 1 | RB 1] Throughput = 0.87402 Mbps
63466[UE 1 | RB 1] Throughput = 1.31802 Mbps
63566[UE 1 | RB 1] Throughput = 0.83880 Mbps
63677[UE 1 | RB 1] Throughput = 1.39751 Mbps
63786[UE 1 | RB 1] Throughput = 1.10001 Mbps
63887[UE 1 | RB 1] Throughput = 0.95434 Mbps
63996[UE 1 | RB 1] Throughput = 0.87450 Mbps
64097[UE 1 | RB 1] Throughput = 1.30302 Mbps
64206[UE 1 | RB 1] Throughput = 0.99078 Mbps
64316[UE 1 | RB 1] Throughput = 1.20218 Mbps
64417[UE 1 | RB 1] Throughput = 0.71509 Mbps
64526[UE 1 | RB 1] Throughput = 1.42020 Mbps
64637[UE 1 | RB 1] Throughput = 0.97331 Mbps
64746[UE 1 | RB 1] Throughput = 1.20530 Mbps
64847[UE 1 | RB 1] Throughput = 0.59769 Mbps
64958[UE 1 | RB 1] Throughput = 1.29511 Mbps
65067[UE 1 | RB 1] Throughput = 1.10041 Mbps
65176[UE 1 | RB 1] Throughput = 0.98777 Mbps
65276[UE 1 | RB 1] Throughput = 1.07627 Mbps
65386[UE 1 | RB 1] Throughput = 1.30659 Mbps
65486[UE 1 | RB 1] Throughput = 0.95555 Mbps
65596[UE 1 | RB 1] Throughput = 0.98500 Mbps
65706[UE 1 | RB 1] Throughput = 1.19932 Mbps
65806[UE 1 | RB 1] Throughput = 1.07726 Mbps
65906[UE 1 | RB 1] Throughput = 1.07349 Mbps
66017[UE 1 | RB 1] Throughput = 0.87045 Mbps
66126[UE 1 | RB 1] Throughput = 1.20204 Mbps
66237[UE 1 | RB 1] Throughput = 1.08541 Mbps
66337[UE 1 | RB 1] Throughput = 1.07739 Mbps
66447[UE 1 | RB 1] Throughput = 0.87272 Mbps
66557[UE 1 | RB 1] Throughput = 0.98075 Mbps
66666[UE 1 | RB 1] Throughput = 1.41931 Mbps
66767[UE 1 | RB 1] Throughput = 0.95389 Mbps
66876[UE 1 | RB 1] Throughput = 0.98538 Mbps
66977[UE 1 | RB 1] Throughput = 0.95667 Mbps
67086[UE 1 | RB 1] Throughput = 1.20473 Mbps
67187[UE 1 | RB 1] Throughput = 1.06384 Mbps
67296[UE 1 | RB 1] Throughput = 1.10082 Mbps
67406[UE 1 | RB 1] Throughput = 1.19862 Mbps
67507[UE 1 | RB 1] Throughput = 0.59422 Mbps
67616[UE 1 | RB 1] Throughput = 1.20516 Mbps
67727[UE 1 | RB 1] Throughput = 1.30449 Mbps
67838[UE 1 | RB 1] Throughput = 0.64870 Mbps
67946[UE 1 | RB 1] Throughput = 1.43620 Mbps
68046[UE 1 | RB 1] Throughput = 1.07786 Mbps
68147[UE 1 | RB 1] Throughput = 1.07045 Mbps
68256[UE 1 | RB 1] Throughput = 0.87630 Mbps
68356[UE 1 | RB 1] Throughput = 1.19532 Mbps
68466[UE 1 | RB 1] Throughput = 1.09721 Mbps
68567[UE 1 | RB 1] Throughput = 1.06656 Mbps
68676[UE 1 | RB 1] Throughput = 1.09630 Mbps
68776[UE 1 | RB 1] Throughput = 1.19767 Mbps
68886[UE 1 | RB 1] Throughput = 0.98234 Mbps
68986[UE 1 | RB 1] Throughput = 1.07626 Mbps
69097[UE 1 | RB 1] Throughput = 0.97168 Mbps
69206[UE 1 | RB 1] Throughput = 1.09918 Mbps
69306[UE 1 | RB 1] Throughput = 0.83693 Mbps
69416[UE 1 | RB 1] Throughput = 1.30858 Mbps
69526[UE 1 | RB 1] Throughput = 1.08860 Mbps
69636[UE 1 | RB 1] Throughput = 0.76642 Mbps
69736[UE 1 | RB 1] Throughput = 1.55552 Mbps
69836[UE 1 | RB 1] Throughput = 0.59843 Mbps
69946[UE 1 | RB 1] Throughput = 1.09112 Mbps
70046[UE 1 | RB 1] Throughput = 1.31388 Mbps
70156[UE 1 | RB 1] Throughput = 1.20186 Mbps
70256[UE 1 | RB 1] Throughput = 0.59770 Mbps
70367[UE 1 | RB 1] Throughput = 1.30417 Mbps
70476[UE 1 | RB 1] Throughput = 1.08992 Mbps
70587[UE 1 | RB 1] Throughput = 1.08888 Mbps
70696[UE 1 | RB 1] Throughput = 0.98354 Mbps
70806[UE 1 | RB 1] Throughput = 1.30844 Mbps
70916[UE 1 | RB 1] Throughput = 0.97972 Mbps
71026[UE 1 | RB 1] Throughput = 1.19685 Mbps
71136[UE 1 | RB 1] Throughput = 0.65563 Mbps
71246[UE 1 | RB 1] Throughput = 1.30425 Mbps
71356[UE 1 | RB 1] Throughput = 0.98252 Mbps
71456[UE 1 | RB 1] Throughput = 1.31823 Mbps
71557[UE 1 | RB 1] Throughput = 0.95308 Mbps
71666[UE 1 | RB 1] Throughput = 0.98482 Mbps
71767[UE 1 | RB 1] Throughput = 1.07139 Mbps
71876[UE 1 | RB 1] Throughput = 1.09482 Mbps
71986[UE 1 | RB 1] Throughput = 1.09338 Mbps
72086[UE 1 | RB 1] Throughput = 1.19670 Mbps
72186[UE 1 | RB 1] Throughput = 0.95540 Mbps
72298[UE 1 | RB 1] Throughput = 1.07703 Mbps
72408[UE 1 | RB 1] Throughput = 0.98150 Mbps
72516[UE 1 | RB 1] Throughput = 1.10130 Mbps
72617[UE 1 | RB 1] Throughput = 0.95598 Mbps
72727[UE 1 | RB 1] Throughput = 1.09094 Mbps
72827[UE 1 | RB 1] Throughput = 1.07501 Mbps
72936[UE 1 | RB 1] Throughput = 1.32005 Mbps
73038[UE 1 | RB 1] Throughput = 0.93988 Mbps
73147[UE 1 | RB 1] Throughput = 1.10177 Mbps
73256[UE 1 | RB 1] Throughput = 0.76642 Mbps
73356[UE 1 | RB 1] Throughput = 1.31356 Mbps
73456[UE 1 | RB 1] Throughput = 1.07815 Mbps
73558[UE 1 | RB 1] Throughput = 0.94607 Mbps
73667[UE 1 | RB 1] Throughput = 0.99091 Mbps
73776[UE 1 | RB 1] Throughput = 1.09102 Mbps
73886[UE 1 | RB 1] Throughput = 1.19810 Mbps
73987[UE 1 | RB 1] Throughput = 1.19515 Mbps
74087[UE 1 | RB 1] Throughput = 0.71871 Mbps
74197[UE 1 | RB 1] Throughput = 1.20099 Mbps
74306[UE 1 | RB 1] Throughput = 1.31116 Mbps
74407[UE 1 | RB 1] Throughput = 0.71550 Mbps
74516[UE 1 | RB 1] Throughput = 1.31270 Mbps
74616[UE 1 | RB 1] Throughput = 1.07753 Mbps
74716[UE 1 | RB 1] Throughput = 1.19785 Mbps
74817[UE 1 | RB 1] Throughput = 0.83668 Mbps
74927[UE 1 | RB 1] Throughput = 1.09048 Mbps
75027[UE 1 | RB 1] Throughput = 1.07433 Mbps
75137[UE 1 | RB 1] Throughput = 1.09134 Mbps
75246[UE 1 | RB 1] Throughput = 0.98560 Mbps
75347[UE 1 | RB 1] Throughput = 1.19234 Mbps
75457[UE 1 | RB 1] Throughput = 1.08898 Mbps
75557[UE 1 | RB 1] Throughput = 0.71708 Mbps
75666[UE 1 | RB 1] Throughput = 1.20667 Mbps
75768[UE 1 | RB 1] Throughput = 1.17863 Mbps
75868[UE 1 | RB 1] Throughput = 0.71582 Mbps
75977[UE 1 | RB 1] Throughput = 1.43385 Mbps
76087[UE 1 | RB 1] Throughput = 1.09404 Mbps
76198[UE 1 | RB 1] Throughput = 1.07499 Mbps
76306[UE 1 | RB 1] Throughput = 1.10756 Mbps
76407[UE 1 | RB 1] Throughput = 0.71260 Mbps
76517[UE 1 | RB 1] Throughput = 0.65514 Mbps
76617[UE 1 | RB 1] Throughput = 1.54924 Mbps
76726[UE 1 | RB 1] Throughput = 1.20934 Mbps
76837[UE 1 | RB 1] Throughput = 1.19814 Mbps
76937[UE 1 | RB 1] Throughput = 1.19815 Mbps
77037[UE 1 | RB 1] Throughput = 0.95217 Mbps
77147[UE 1 | RB 1] Throughput = 0.87674 Mbps
77257[UE 1 | RB 1] Throughput = 1.08683 Mbps
77367[UE 1 | RB 1] Throughput = 1.09286 Mbps
77467[UE 1 | RB 1] Throughput = 1.07355 Mbps
77577[UE 1 | RB 1] Throughput = 1.19916 Mbps
77687[UE 1 | RB 1] Throughput = 1.09086 Mbps
77787[UE 1 | RB 1] Throughput = 0.71776 Mbps
77887[UE 1 | RB 1] Throughput = 1.07745 Mbps
77996[UE 1 | RB 1] Throughput = 1.09485 Mbps
78097[UE 1 | RB 1] Throughput = 0.95259 Mbps
78207[UE 1 | RB 1] Throughput = 1.41806 Mbps
78316[UE 1 | RB 1] Throughput = 1.09558 Mbps
78417[UE 1 | RB 1] Throughput = 1.07576 Mbps
78517[UE 1 | RB 1] Throughput = 0.71750 Mbps
78627[UE 1 | RB 1] Throughput = 1.09148 Mbps
78727[UE 1 | RB 1] Throughput = 1.31397 Mbps
78827[UE 1 | RB 1] Throughput = 0.83816 Mbps
78937[UE 1 | RB 1] Throughput = 1.20083 Mbps
79047[UE 1 | RB 1] Throughput = 0.87129 Mbps
79157[UE 1 | RB 1] Throughput = 1.09229 Mbps
79257[UE 1 | RB 1] Throughput = 1.19564 Mbps
79367[UE 1 | RB 1] Throughput = 1.20040 Mbps
79467[UE 1 | RB 1] Throughput = 1.19751 Mbps
79567[UE 1 | RB 1] Throughput = 0.71740 Mbps
79668[UE 1 | RB 1] Throughput = 1.19047 Mbps
79777[UE 1 | RB 1] Throughput = 1.09573 Mbps
79880[UE 1 | RB 1] Throughput = 1.04747 Mbps
79987[UE 1 | RB 1] Throughput = 1.12151 Mbps
80087[UE 1 | RB 1] Throughput = 1.07642 Mbps
80197[UE 1 | RB 1] Throughput = 0.98465 Mbps
80297[UE 1 | RB 1] Throughput = 0.95539 Mbps
80397[UE 1 | RB 1] Throughput = 1.19521 Mbps
80507[UE 1 | RB 1] Throughput = 1.09240 Mbps
80617[UE 1 | RB 1] Throughput = 1.09076 Mbps
80717[UE 1 | RB 1] Throughput = 1.31790 Mbps
80817[UE 1 | RB 1] Throughput = 0.83803 Mbps
80927[UE 1 | RB 1] Throughput = 1.19860 Mbps
81027[UE 1 | RB 1] Throughput = 0.95492 Mbps
81137[UE 1 | RB 1] Throughput = 0.98482 Mbps
81237[UE 1 | RB 1] Throughput = 1.19774 Mbps
81346[UE 1 | RB 1] Throughput = 0.98376 Mbps
81447[UE 1 | RB 1] Throughput = 1.07288 Mbps
81557[UE 1 | RB 1] Throughput = 1.30497 Mbps
81657[UE 1 | RB 1] Throughput = 0.71703 Mbps
81768[UE 1 | RB 1] Throughput = 1.08897 Mbps
81877[UE 1 | RB 1] Throughput = 1.09766 Mbps
81977[UE 1 | RB 1] Throughput = 1.19588 Mbps
82077[UE 1 | RB 1] Throughput = 0.95842 Mbps
82187[UE 1 | RB 1] Throughput = 0.98282 Mbps
82297[UE 1 | RB 1] Throughput = 1.08909 Mbps
82397[UE 1 | RB 1] Throughput = 1.07693 Mbps
82497[UE 1 | RB 1] Throughput = 1.07736 Mbps
82607[UE 1 | RB 1] Throughput = 1.08989 Mbps
82717[UE 1 | RB 1] Throughput = 1.09102 Mbps
82817[UE 1 | RB 1] Throughput = 1.07856 Mbps
82917[UE 1 | RB 1] Throughput = 1.07425 Mbps
83027[UE 1 | RB 1] Throughput = 1.20396 Mbps
83137[UE 1 | RB 1] Throughput = 0.75738 Mbps
83247[UE 1 | RB 1] Throughput = 1.20446 Mbps
83357[UE 1 | RB 1] Throughput = 1.08960 Mbps
83457[UE 1 | RB 1] Throughput = 1.19610 Mbps
83567[UE 1 | RB 1] Throughput = 0.87555 Mbps
83667[UE 1 | RB 1] Throughput = 1.07660 Mbps
83777[UE 1 | RB 1] Throughput = 1.08945 Mbps
83877[UE 1 | RB 1] Throughput = 1.19322 Mbps
83979[UE 1 | RB 1] Throughput = 0.23625 Mbps
84087[UE 1 | RB 1] Throughput = 1.88515 Mbps
84197[UE 1 | RB 1] Throughput = 1.19722 Mbps
84297[UE 1 | RB 1] Throughput = 0.71796 Mbps
84407[UE 1 | RB 1] Throughput = 1.30937 Mbps
84507[UE 1 | RB 1] Throughput = 1.19632 Mbps
84607[UE 1 | RB 1] Throughput = 0.59668 Mbps
84717[UE 1 | RB 1] Throughput = 1.31190 Mbps
84827[UE 1 | RB 1] Throughput = 0.65140 Mbps
84937[UE 1 | RB 1] Throughput = 1.41993 Mbps
85038[UE 1 | RB 1] Throughput = 1.30031 Mbps
85147[UE 1 | RB 1] Throughput = 0.66407 Mbps
85247[UE 1 | RB 1] Throughput = 1.43125 Mbps
85357[UE 1 | RB 1] Throughput = 1.08709 Mbps
85467[UE 1 | RB 1] Throughput = 1.09018 Mbps
85577[UE 1 | RB 1] Throughput = 0.65520 Mbps
85677[UE 1 | RB 1] Throughput = 1.31560 Mbps
85788[UE 1 | RB 1] Throughput = 1.08741 Mbps
85898[UE 1 | RB 1] Throughput = 0.76205 Mbps
85998[UE 1 | RB 1] Throughput = 1.43753 Mbps
86107[UE 1 | RB 1] Throughput = 0.76436 Mbps
86217[UE 1 | RB 1] Throughput = 1.42299 Mbps
86327[UE 1 | RB 1] Throughput = 1.09278 Mbps
86427[UE 1 | RB 1] Throughput = 0.95470 Mbps
86529[UE 1 | RB 1] Throughput = 1.05402 Mbps
86637[UE 1 | RB 1] Throughput = 1.22421 Mbps
86747[UE 1 | RB 1] Throughput = 0.65639 Mbps
86847[UE 1 | RB 1] Throughput = 1.42793 Mbps
86957[UE 1 | RB 1] Throughput = 1.19862 Mbps
87057[UE 1 | RB 1] Throughput = 0.95795 Mbps
87158[UE 1 | RB 1] Throughput = 0.95062 Mbps
87267[UE 1 | RB 1] Throughput = 0.99185 Mbps
87367[UE 1 | RB 1] Throughput = 0.95391 Mbps
87468[UE 1 | RB 1] Throughput = 1.07333 Mbps
87577[UE 1 | RB 1] Throughput = 1.20477 Mbps
87678[UE 1 | RB 1] Throughput = 1.19485 Mbps
87778[UE 1 | RB 1] Throughput = 0.95469 Mbps
87888[UE 1 | RB 1] Throughput = 1.20349 Mbps
87998[UE 1 | RB 1] Throughput = 0.97958 Mbps
88107[UE 1 | RB 1] Throughput = 1.09577 Mbps
88207[UE 1 | RB 1] Throughput = 1.31442 Mbps
88308[UE 1 | RB 1] Throughput = 0.95565 Mbps
88417[UE 1 | RB 1] Throughput = 0.98362 Mbps
88517[UE 1 | RB 1] Throughput = 1.07761 Mbps
88628[UE 1 | RB 1] Throughput = 0.97841 Mbps
88739[UE 1 | RB 1] Throughput = 1.08046 Mbps
88848[UE 1 | RB 1] Throughput = 1.20809 Mbps
88958[UE 1 | RB 1] Throughput = 0.98148 Mbps
89067[UE 1 | RB 1] Throughput = 0.98264 Mbps
89177[UE 1 | RB 1] Throughput = 0.98494 Mbps
89277[UE 1 | RB 1] Throughput = 1.31120 Mbps
89387[UE 1 | RB 1] Throughput = 0.76391 Mbps
89487[UE 1 | RB 1] Throughput = 1.43723 Mbps
89597[UE 1 | RB 1] Throughput = 0.65326 Mbps
89707[UE 1 | RB 1] Throughput = 1.30714 Mbps
89808[UE 1 | RB 1] Throughput = 1.07346 Mbps
89917[UE 1 | RB 1] Throughput = 0.98386 Mbps
[xApp]: E42 RIC_SUBSCRIPTION_DELETE_REQUEST tx RAN_FUNC_ID 144 RIC_REQ_ID 1 
[xApp]: E42 SUBSCRIPTION DELETE RESPONSE rx
[xApp]: E42 RIC_SUBSCRIPTION_DELETE_REQUEST tx RAN_FUNC_ID 144 RIC_REQ_ID 2 
[xApp]: E42 SUBSCRIPTION DELETE RESPONSE rx
[xApp]: E42 RIC_SUBSCRIPTION_DELETE_REQUEST tx RAN_FUNC_ID 144 RIC_REQ_ID 3 
[xApp]: E42 SUBSCRIPTION DELETE RESPONSE rx
[xApp]: Sucessfully stopped 
Test xApp run SUCCESSFULLY
