[UTIL]: Setting the config -c file to /usr/local/etc/flexric/flexric.conf
[UTIL]: Setting path -p for the shared libraries to /usr/local/lib/flexric/
[xAapp]: Initializing ... 
[xApp]: nearRT-RIC IP Address = 192.168.70.150, PORT = 36422
[E2 AGENT]: Opening plugin from path = /usr/local/lib/flexric/libkpm_sm.so 
[E2 AGENT]: Opening plugin from path = /usr/local/lib/flexric/libmac_sm.so 
[E2 AGENT]: Opening plugin from path = /usr/local/lib/flexric/libpdcp_sm.so 
[E2 AGENT]: Opening plugin from path = /usr/local/lib/flexric/libgtp_sm.so 
[E2 AGENT]: Opening plugin from path = /usr/local/lib/flexric/librc_sm.so 
[E2 AGENT]: Opening plugin from path = /usr/local/lib/flexric/libtc_sm.so 
[E2 AGENT]: Opening plugin from path = /usr/local/lib/flexric/librlc_sm.so 
[E2 AGENT]: Opening plugin from path = /usr/local/lib/flexric/libslice_sm.so 
[NEAR-RIC]: Loading SM ID = 2 with def = ORAN-E2SM-KPM 
[NEAR-RIC]: Loading SM ID = 142 with def = MAC_STATS_V0 
[NEAR-RIC]: Loading SM ID = 144 with def = PDCP_STATS_V0 
[NEAR-RIC]: Loading SM ID = 148 with def = GTP_STATS_V0 
[NEAR-RIC]: Loading SM ID = 3 with def = ORAN-E2SM-RC 
[NEAR-RIC]: Loading SM ID = 146 with def = TC_STATS_V0 
[NEAR-RIC]: Loading SM ID = 143 with def = RLC_STATS_V0 
[NEAR-RIC]: Loading SM ID = 145 with def = SLICE_STATS_V0 
[xApp]: DB filename = /tmp/flexric/xapp_db 
 [xApp]: E42 SETUP-REQUEST tx
[xApp]: E42 SETUP-RESPONSE rx 
[xApp]: xApp ID = 7 
[xApp]: Registered E2 Nodes = 3 
Connected E2 nodes = 3
[xAPP] Registered node 0 ran func id = 2 
 [xAPP] Registered node 0 ran func id = 3 
 [xAPP] Registered node 0 ran func id = 142 
 [xAPP] Registered node 0 ran func id = 143 
 [xAPP] Registered node 0 ran func id = 144 
 [xAPP] Registered node 0 ran func id = 145 
 [xAPP] Registered node 0 ran func id = 146 
 [xAPP] Registered node 0 ran func id = 148 
 [xApp]: E42 RIC SUBSCRIPTION REQUEST tx RAN_FUNC_ID 144 RIC_REQ_ID 1 
[xApp]: SUBSCRIPTION RESPONSE rx
[xApp]: Successfully subscribed to RAN_FUNC_ID 144 
[xAPP] Registered node 1 ran func id = 2 
 [xAPP] Registered node 1 ran func id = 3 
 [xAPP] Registered node 1 ran func id = 142 
 [xAPP] Registered node 1 ran func id = 143 
 [xAPP] Registered node 1 ran func id = 144 
 [xAPP] Registered node 1 ran func id = 145 
 [xAPP] Registered node 1 ran func id = 146 
 [xAPP] Registered node 1 ran func id = 148 
 [xApp]: E42 RIC SUBSCRIPTION REQUEST tx RAN_FUNC_ID 144 RIC_REQ_ID 2 
[xApp]: SUBSCRIPTION RESPONSE rx
[xApp]: Successfully subscribed to RAN_FUNC_ID 144 
[xAPP] Registered node 2 ran func id = 2 
 [xAPP] Registered node 2 ran func id = 3 
 [xAPP] Registered node 2 ran func id = 142 
 [xAPP] Registered node 2 ran func id = 143 
 [xAPP] Registered node 2 ran func id = 144 
 [xAPP] Registered node 2 ran func id = 145 
 [xAPP] Registered node 2 ran func id = 146 
 [xAPP] Registered node 2 ran func id = 148 
 [xApp]: E42 RIC SUBSCRIPTION REQUEST tx RAN_FUNC_ID 144 RIC_REQ_ID 3 
[xApp]: SUBSCRIPTION RESPONSE rx
[xApp]: Successfully subscribed to RAN_FUNC_ID 144 
123[UE 1 | RB 1] Throughput = 1.26282 Mbps
232[UE 1 | RB 1] Throughput = 1.09191 Mbps
343[UE 1 | RB 1] Throughput = 0.86944 Mbps
452[UE 1 | RB 1] Throughput = 1.09431 Mbps
552[UE 1 | RB 1] Throughput = 1.19657 Mbps
653[UE 1 | RB 1] Throughput = 0.95624 Mbps
753[UE 1 | RB 1] Throughput = 1.19836 Mbps
853[UE 1 | RB 1] Throughput = 1.19613 Mbps
962[UE 1 | RB 1] Throughput = 0.87521 Mbps
1072[UE 1 | RB 1] Throughput = 0.87160 Mbps
1172[UE 1 | RB 1] Throughput = 1.31778 Mbps
1273[UE 1 | RB 1] Throughput = 1.19557 Mbps
1382[UE 1 | RB 1] Throughput = 0.98281 Mbps
1493[UE 1 | RB 1] Throughput = 0.86980 Mbps
1603[UE 1 | RB 1] Throughput = 1.19881 Mbps
1712[UE 1 | RB 1] Throughput = 0.98220 Mbps
1813[UE 1 | RB 1] Throughput = 1.31388 Mbps
1913[UE 1 | RB 1] Throughput = 0.83844 Mbps
2013[UE 1 | RB 1] Throughput = 1.31745 Mbps
2123[UE 1 | RB 1] Throughput = 1.09278 Mbps
2223[UE 1 | RB 1] Throughput = 0.59638 Mbps
2332[UE 1 | RB 1] Throughput = 1.31388 Mbps
2433[UE 1 | RB 1] Throughput = 1.31579 Mbps
2533[UE 1 | RB 1] Throughput = 0.71711 Mbps
2642[UE 1 | RB 1] Throughput = 1.09399 Mbps
2743[UE 1 | RB 1] Throughput = 1.31384 Mbps
2852[UE 1 | RB 1] Throughput = 0.98414 Mbps
2953[UE 1 | RB 1] Throughput = 1.19536 Mbps
3053[UE 1 | RB 1] Throughput = 0.71885 Mbps
3163[UE 1 | RB 1] Throughput = 0.54194 Mbps
6272[UE 1 | RB 1] Throughput = 0.01927 Mbps
6373[UE 1 | RB 1] Throughput = 34.06198 Mbps
6483[UE 1 | RB 1] Throughput = 1.19768 Mbps
6593[UE 1 | RB 1] Throughput = 1.09508 Mbps
7615[UE 1 | RB 1] Throughput = 0.01173 Mbps
7723[UE 1 | RB 1] Throughput = 10.72676 Mbps
7823[UE 1 | RB 1] Throughput = 0.95675 Mbps
7933[UE 1 | RB 1] Throughput = 1.31209 Mbps
8043[UE 1 | RB 1] Throughput = 0.65276 Mbps
8143[UE 1 | RB 1] Throughput = 1.67531 Mbps
8243[UE 1 | RB 1] Throughput = 0.71846 Mbps
8353[UE 1 | RB 1] Throughput = 1.19950 Mbps
8463[UE 1 | RB 1] Throughput = 1.30711 Mbps
8573[UE 1 | RB 1] Throughput = 0.98092 Mbps
8683[UE 1 | RB 1] Throughput = 0.98319 Mbps
8783[UE 1 | RB 1] Throughput = 1.07422 Mbps
8893[UE 1 | RB 1] Throughput = 0.76241 Mbps
9003[UE 1 | RB 1] Throughput = 1.52781 Mbps
9103[UE 1 | RB 1] Throughput = 0.71755 Mbps
9213[UE 1 | RB 1] Throughput = 1.20070 Mbps
9323[UE 1 | RB 1] Throughput = 1.30555 Mbps
9433[UE 1 | RB 1] Throughput = 0.65671 Mbps
9533[UE 1 | RB 1] Throughput = 1.31206 Mbps
9633[UE 1 | RB 1] Throughput = 0.71798 Mbps
9743[UE 1 | RB 1] Throughput = 1.20255 Mbps
9843[UE 1 | RB 1] Throughput = 1.31588 Mbps
11136[UE 1 | RB 1] Throughput = 0.05561 Mbps
11243[UE 1 | RB 1] Throughput = 13.31941 Mbps
11353[UE 1 | RB 1] Throughput = 0.98156 Mbps
11453[UE 1 | RB 1] Throughput = 1.19688 Mbps
11563[UE 1 | RB 1] Throughput = 0.98429 Mbps
11663[UE 1 | RB 1] Throughput = 0.95557 Mbps
11773[UE 1 | RB 1] Throughput = 1.30494 Mbps
11873[UE 1 | RB 1] Throughput = 0.71852 Mbps
11974[UE 1 | RB 1] Throughput = 1.31465 Mbps
12083[UE 1 | RB 1] Throughput = 1.20213 Mbps
12193[UE 1 | RB 1] Throughput = 0.65410 Mbps
12293[UE 1 | RB 1] Throughput = 1.43531 Mbps
12403[UE 1 | RB 1] Throughput = 1.20280 Mbps
12503[UE 1 | RB 1] Throughput = 0.71796 Mbps
12603[UE 1 | RB 1] Throughput = 1.19829 Mbps
12713[UE 1 | RB 1] Throughput = 1.08822 Mbps
12823[UE 1 | RB 1] Throughput = 1.08894 Mbps
12933[UE 1 | RB 1] Throughput = 1.19926 Mbps
13034[UE 1 | RB 1] Throughput = 0.83645 Mbps
13134[UE 1 | RB 1] Throughput = 0.71837 Mbps
13234[UE 1 | RB 1] Throughput = 1.31581 Mbps
13343[UE 1 | RB 1] Throughput = 1.42438 Mbps
13453[UE 1 | RB 1] Throughput = 0.65273 Mbps
13563[UE 1 | RB 1] Throughput = 1.09104 Mbps
13673[UE 1 | RB 1] Throughput = 1.19763 Mbps
13774[UE 1 | RB 1] Throughput = 1.31380 Mbps
13883[UE 1 | RB 1] Throughput = 1.09280 Mbps
13993[UE 1 | RB 1] Throughput = 1.09015 Mbps
14094[UE 1 | RB 1] Throughput = 0.71650 Mbps
14194[UE 1 | RB 1] Throughput = 1.19793 Mbps
14414[UE 1 | RB 1] Throughput = 0.21719 Mbps
14523[UE 1 | RB 1] Throughput = 2.53045 Mbps
14623[UE 1 | RB 1] Throughput = 1.31788 Mbps
14723[UE 1 | RB 1] Throughput = 1.31688 Mbps
14833[UE 1 | RB 1] Throughput = 0.54443 Mbps
14943[UE 1 | RB 1] Throughput = 1.19937 Mbps
15053[UE 1 | RB 1] Throughput = 1.30592 Mbps
15165[UE 1 | RB 1] Throughput = 1.07488 Mbps
15273[UE 1 | RB 1] Throughput = 1.21717 Mbps
15383[UE 1 | RB 1] Throughput = 0.65428 Mbps
15483[UE 1 | RB 1] Throughput = 1.43613 Mbps
15583[UE 1 | RB 1] Throughput = 0.71836 Mbps
15693[UE 1 | RB 1] Throughput = 1.20167 Mbps
15793[UE 1 | RB 1] Throughput = 1.31638 Mbps
15893[UE 1 | RB 1] Throughput = 0.71819 Mbps
16003[UE 1 | RB 1] Throughput = 1.19923 Mbps
16113[UE 1 | RB 1] Throughput = 1.09182 Mbps
16213[UE 1 | RB 1] Throughput = 0.95719 Mbps
16313[UE 1 | RB 1] Throughput = 1.31588 Mbps
16423[UE 1 | RB 1] Throughput = 0.98238 Mbps
16523[UE 1 | RB 1] Throughput = 1.19522 Mbps
16624[UE 1 | RB 1] Throughput = 0.71620 Mbps
16733[UE 1 | RB 1] Throughput = 1.20576 Mbps
16833[UE 1 | RB 1] Throughput = 1.07627 Mbps
16943[UE 1 | RB 1] Throughput = 1.30876 Mbps
17044[UE 1 | RB 1] Throughput = 0.71670 Mbps
17153[UE 1 | RB 1] Throughput = 1.31124 Mbps
17263[UE 1 | RB 1] Throughput = 0.76344 Mbps
17364[UE 1 | RB 1] Throughput = 1.43142 Mbps
17473[UE 1 | RB 1] Throughput = 0.54595 Mbps
17583[UE 1 | RB 1] Throughput = 1.30796 Mbps
17683[UE 1 | RB 1] Throughput = 1.43778 Mbps
17783[UE 1 | RB 1] Throughput = 0.71826 Mbps
17884[UE 1 | RB 1] Throughput = 1.43167 Mbps
17993[UE 1 | RB 1] Throughput = 0.65814 Mbps
18093[UE 1 | RB 1] Throughput = 1.31334 Mbps
18194[UE 1 | RB 1] Throughput = 1.07660 Mbps
18303[UE 1 | RB 1] Throughput = 0.76424 Mbps
18404[UE 1 | RB 1] Throughput = 1.31349 Mbps
18513[UE 1 | RB 1] Throughput = 1.20419 Mbps
18614[UE 1 | RB 1] Throughput = 0.71578 Mbps
18724[UE 1 | RB 1] Throughput = 1.19972 Mbps
18825[UE 1 | RB 1] Throughput = 1.18373 Mbps
18933[UE 1 | RB 1] Throughput = 1.21392 Mbps
19034[UE 1 | RB 1] Throughput = 0.71767 Mbps
19144[UE 1 | RB 1] Throughput = 1.30720 Mbps
19253[UE 1 | RB 1] Throughput = 1.09365 Mbps
19363[UE 1 | RB 1] Throughput = 0.76393 Mbps
19463[UE 1 | RB 1] Throughput = 1.55167 Mbps
19563[UE 1 | RB 1] Throughput = 0.71898 Mbps
19663[UE 1 | RB 1] Throughput = 1.43781 Mbps
19763[UE 1 | RB 1] Throughput = 0.59907 Mbps
19864[UE 1 | RB 1] Throughput = 1.31570 Mbps
19973[UE 1 | RB 1] Throughput = 1.20257 Mbps
20073[UE 1 | RB 1] Throughput = 0.71879 Mbps
20174[UE 1 | RB 1] Throughput = 1.43195 Mbps
20284[UE 1 | RB 1] Throughput = 0.65282 Mbps
31489[UE 1 | RB 1] Throughput = 0.01069 Mbps
31594[UE 1 | RB 1] Throughput = 114.22362 Mbps
31704[UE 1 | RB 1] Throughput = 1.09174 Mbps
31804[UE 1 | RB 1] Throughput = 1.19687 Mbps
31914[UE 1 | RB 1] Throughput = 1.19739 Mbps
32014[UE 1 | RB 1] Throughput = 0.59862 Mbps
32124[UE 1 | RB 1] Throughput = 1.30999 Mbps
32234[UE 1 | RB 1] Throughput = 1.19887 Mbps
32334[UE 1 | RB 1] Throughput = 0.95741 Mbps
32434[UE 1 | RB 1] Throughput = 0.95705 Mbps
32544[UE 1 | RB 1] Throughput = 1.09329 Mbps
32644[UE 1 | RB 1] Throughput = 1.07601 Mbps
32744[UE 1 | RB 1] Throughput = 1.07807 Mbps
32844[UE 1 | RB 1] Throughput = 1.07812 Mbps
32944[UE 1 | RB 1] Throughput = 0.83846 Mbps
33055[UE 1 | RB 1] Throughput = 1.19721 Mbps
33164[UE 1 | RB 1] Throughput = 1.31272 Mbps
33264[UE 1 | RB 1] Throughput = 0.71904 Mbps
33364[UE 1 | RB 1] Throughput = 1.31556 Mbps
33464[UE 1 | RB 1] Throughput = 0.71814 Mbps
33574[UE 1 | RB 1] Throughput = 1.41766 Mbps
33674[UE 1 | RB 1] Throughput = 0.95699 Mbps
33784[UE 1 | RB 1] Throughput = 0.87277 Mbps
33884[UE 1 | RB 1] Throughput = 1.31667 Mbps
33994[UE 1 | RB 1] Throughput = 1.20161 Mbps
34094[UE 1 | RB 1] Throughput = 0.71771 Mbps
34204[UE 1 | RB 1] Throughput = 1.30591 Mbps
34314[UE 1 | RB 1] Throughput = 0.54519 Mbps
34415[UE 1 | RB 1] Throughput = 1.67239 Mbps
34515[UE 1 | RB 1] Throughput = 0.95837 Mbps
34624[UE 1 | RB 1] Throughput = 1.20556 Mbps
34724[UE 1 | RB 1] Throughput = 0.71703 Mbps
34824[UE 1 | RB 1] Throughput = 1.19775 Mbps
34924[UE 1 | RB 1] Throughput = 1.31794 Mbps
35024[UE 1 | RB 1] Throughput = 1.07805 Mbps
35134[UE 1 | RB 1] Throughput = 0.54502 Mbps
35245[UE 1 | RB 1] Throughput = 1.19657 Mbps
35354[UE 1 | RB 1] Throughput = 1.30950 Mbps
35464[UE 1 | RB 1] Throughput = 1.20036 Mbps
35565[UE 1 | RB 1] Throughput = 0.83466 Mbps
35674[UE 1 | RB 1] Throughput = 1.20663 Mbps
35784[UE 1 | RB 1] Throughput = 1.19504 Mbps
35884[UE 1 | RB 1] Throughput = 0.71843 Mbps
35994[UE 1 | RB 1] Throughput = 1.19885 Mbps
36095[UE 1 | RB 1] Throughput = 1.07322 Mbps
36204[UE 1 | RB 1] Throughput = 1.20237 Mbps
36305[UE 1 | RB 1] Throughput = 0.71875 Mbps
36415[UE 1 | RB 1] Throughput = 1.19537 Mbps
36525[UE 1 | RB 1] Throughput = 1.30742 Mbps
36635[UE 1 | RB 1] Throughput = 0.87125 Mbps
36744[UE 1 | RB 1] Throughput = 1.20358 Mbps
36845[UE 1 | RB 1] Throughput = 0.71770 Mbps
36955[UE 1 | RB 1] Throughput = 1.19674 Mbps
37155[UE 1 | RB 1] Throughput = 0.29856 Mbps
40258[UE 1 | RB 1] Throughput = 0.03476 Mbps
40364[UE 1 | RB 1] Throughput = 32.64659 Mbps
40464[UE 1 | RB 1] Throughput = 0.95813 Mbps
40565[UE 1 | RB 1] Throughput = 1.19609 Mbps
40674[UE 1 | RB 1] Throughput = 1.09245 Mbps
40784[UE 1 | RB 1] Throughput = 1.08904 Mbps
40894[UE 1 | RB 1] Throughput = 1.08878 Mbps
41004[UE 1 | RB 1] Throughput = 1.09142 Mbps
41105[UE 1 | RB 1] Throughput = 0.95607 Mbps
41215[UE 1 | RB 1] Throughput = 1.08744 Mbps
41315[UE 1 | RB 1] Throughput = 1.19821 Mbps
41415[UE 1 | RB 1] Throughput = 0.71900 Mbps
41515[UE 1 | RB 1] Throughput = 1.31720 Mbps
41615[UE 1 | RB 1] Throughput = 0.95723 Mbps
41725[UE 1 | RB 1] Throughput = 1.19946 Mbps
41835[UE 1 | RB 1] Throughput = 1.09045 Mbps
41935[UE 1 | RB 1] Throughput = 1.19427 Mbps
42044[UE 1 | RB 1] Throughput = 0.76766 Mbps
42145[UE 1 | RB 1] Throughput = 1.19715 Mbps
43393[UE 1 | RB 1] Throughput = 0.02880 Mbps
45123[UE 1 | RB 1] Throughput = 0.06926 Mbps
45225[UE 1 | RB 1] Throughput = 30.69985 Mbps
45335[UE 1 | RB 1] Throughput = 1.19652 Mbps
45445[UE 1 | RB 1] Throughput = 1.20036 Mbps
45545[UE 1 | RB 1] Throughput = 0.95719 Mbps
45655[UE 1 | RB 1] Throughput = 1.09580 Mbps
45755[UE 1 | RB 1] Throughput = 0.83356 Mbps
45865[UE 1 | RB 1] Throughput = 1.09127 Mbps
45975[UE 1 | RB 1] Throughput = 1.30647 Mbps
46075[UE 1 | RB 1] Throughput = 0.71755 Mbps
46185[UE 1 | RB 1] Throughput = 1.20305 Mbps
46285[UE 1 | RB 1] Throughput = 1.31565 Mbps
46395[UE 1 | RB 1] Throughput = 1.09119 Mbps
46495[UE 1 | RB 1] Throughput = 0.71769 Mbps
46595[UE 1 | RB 1] Throughput = 1.31581 Mbps
46705[UE 1 | RB 1] Throughput = 1.09400 Mbps
46805[UE 1 | RB 1] Throughput = 0.83384 Mbps
46915[UE 1 | RB 1] Throughput = 1.20468 Mbps
47015[UE 1 | RB 1] Throughput = 1.19502 Mbps
47125[UE 1 | RB 1] Throughput = 0.76059 Mbps
47235[UE 1 | RB 1] Throughput = 1.20250 Mbps
47335[UE 1 | RB 1] Throughput = 0.71815 Mbps
47445[UE 1 | RB 1] Throughput = 1.30748 Mbps
47546[UE 1 | RB 1] Throughput = 0.83525 Mbps
48641[UE 1 | RB 1] Throughput = 0.09843 Mbps
48745[UE 1 | RB 1] Throughput = 11.79129 Mbps
48845[UE 1 | RB 1] Throughput = 0.71814 Mbps
48955[UE 1 | RB 1] Throughput = 1.30945 Mbps
49055[UE 1 | RB 1] Throughput = 0.71784 Mbps
49155[UE 1 | RB 1] Throughput = 1.07615 Mbps
49265[UE 1 | RB 1] Throughput = 1.30992 Mbps
49375[UE 1 | RB 1] Throughput = 1.08788 Mbps
49485[UE 1 | RB 1] Throughput = 1.09516 Mbps
49585[UE 1 | RB 1] Throughput = 0.95451 Mbps
49695[UE 1 | RB 1] Throughput = 1.20241 Mbps
49795[UE 1 | RB 1] Throughput = 1.19649 Mbps
51010[UE 1 | RB 1] Throughput = 0.00987 Mbps
51115[UE 1 | RB 1] Throughput = 13.17759 Mbps
51215[UE 1 | RB 1] Throughput = 0.95743 Mbps
51325[UE 1 | RB 1] Throughput = 1.19824 Mbps
51435[UE 1 | RB 1] Throughput = 0.98082 Mbps
51535[UE 1 | RB 1] Throughput = 0.95671 Mbps
51636[UE 1 | RB 1] Throughput = 1.31518 Mbps
51745[UE 1 | RB 1] Throughput = 0.98307 Mbps
51846[UE 1 | RB 1] Throughput = 0.71772 Mbps
51955[UE 1 | RB 1] Throughput = 1.20542 Mbps
52055[UE 1 | RB 1] Throughput = 1.43081 Mbps
52166[UE 1 | RB 1] Throughput = 0.54383 Mbps
52266[UE 1 | RB 1] Throughput = 1.43385 Mbps
52376[UE 1 | RB 1] Throughput = 1.20121 Mbps
52485[UE 1 | RB 1] Throughput = 0.87490 Mbps
52736[UE 1 | RB 1] Throughput = 0.09568 Mbps
52845[UE 1 | RB 1] Throughput = 3.39413 Mbps
52945[UE 1 | RB 1] Throughput = 0.83706 Mbps
53055[UE 1 | RB 1] Throughput = 1.09180 Mbps
53165[UE 1 | RB 1] Throughput = 1.19671 Mbps
53275[UE 1 | RB 1] Throughput = 1.20080 Mbps
53376[UE 1 | RB 1] Throughput = 0.59562 Mbps
53485[UE 1 | RB 1] Throughput = 0.98517 Mbps
53585[UE 1 | RB 1] Throughput = 1.67500 Mbps
53695[UE 1 | RB 1] Throughput = 0.65454 Mbps
53795[UE 1 | RB 1] Throughput = 1.31724 Mbps
53896[UE 1 | RB 1] Throughput = 1.07547 Mbps
53996[UE 1 | RB 1] Throughput = 0.71652 Mbps
54105[UE 1 | RB 1] Throughput = 1.20513 Mbps
54205[UE 1 | RB 1] Throughput = 1.43794 Mbps
54306[UE 1 | RB 1] Throughput = 0.71644 Mbps
54415[UE 1 | RB 1] Throughput = 1.31042 Mbps
54516[UE 1 | RB 1] Throughput = 0.95541 Mbps
54625[UE 1 | RB 1] Throughput = 0.98446 Mbps
54736[UE 1 | RB 1] Throughput = 1.19443 Mbps
54845[UE 1 | RB 1] Throughput = 0.76394 Mbps
54955[UE 1 | RB 1] Throughput = 1.30975 Mbps
55407[UE 1 | RB 1] Throughput = 0.15907 Mbps
55516[UE 1 | RB 1] Throughput = 4.63790 Mbps
55625[UE 1 | RB 1] Throughput = 1.42140 Mbps
55726[UE 1 | RB 1] Throughput = 0.83234 Mbps
55836[UE 1 | RB 1] Throughput = 1.20452 Mbps
55945[UE 1 | RB 1] Throughput = 0.76596 Mbps
56046[UE 1 | RB 1] Throughput = 1.43087 Mbps
56146[UE 1 | RB 1] Throughput = 0.71803 Mbps
56246[UE 1 | RB 1] Throughput = 0.95547 Mbps
56356[UE 1 | RB 1] Throughput = 1.41985 Mbps
56466[UE 1 | RB 1] Throughput = 0.65401 Mbps
56576[UE 1 | RB 1] Throughput = 1.30908 Mbps
56686[UE 1 | RB 1] Throughput = 1.30514 Mbps
56796[UE 1 | RB 1] Throughput = 1.20138 Mbps
56906[UE 1 | RB 1] Throughput = 0.76083 Mbps
57015[UE 1 | RB 1] Throughput = 1.31179 Mbps
57116[UE 1 | RB 1] Throughput = 1.07640 Mbps
57226[UE 1 | RB 1] Throughput = 0.98126 Mbps
57335[UE 1 | RB 1] Throughput = 0.87490 Mbps
57436[UE 1 | RB 1] Throughput = 1.19098 Mbps
57546[UE 1 | RB 1] Throughput = 0.98070 Mbps
57655[UE 1 | RB 1] Throughput = 1.31257 Mbps
57755[UE 1 | RB 1] Throughput = 0.71809 Mbps
58207[UE 1 | RB 1] Throughput = 0.13270 Mbps
58315[UE 1 | RB 1] Throughput = 5.08903 Mbps
58416[UE 1 | RB 1] Throughput = 1.07462 Mbps
58516[UE 1 | RB 1] Throughput = 1.31807 Mbps
58625[UE 1 | RB 1] Throughput = 0.65539 Mbps
58726[UE 1 | RB 1] Throughput = 1.43251 Mbps
58826[UE 1 | RB 1] Throughput = 1.19669 Mbps
58936[UE 1 | RB 1] Throughput = 0.65452 Mbps
59046[UE 1 | RB 1] Throughput = 1.19872 Mbps
59156[UE 1 | RB 1] Throughput = 1.30862 Mbps
59256[UE 1 | RB 1] Throughput = 0.95671 Mbps
59366[UE 1 | RB 1] Throughput = 1.09117 Mbps
59466[UE 1 | RB 1] Throughput = 1.19045 Mbps
59577[UE 1 | RB 1] Throughput = 1.08211 Mbps
59686[UE 1 | RB 1] Throughput = 0.99341 Mbps
59787[UE 1 | RB 1] Throughput = 0.71011 Mbps
59896[UE 1 | RB 1] Throughput = 1.31959 Mbps
59996[UE 1 | RB 1] Throughput = 0.83870 Mbps
60106[UE 1 | RB 1] Throughput = 1.09272 Mbps
60206[UE 1 | RB 1] Throughput = 1.31720 Mbps
60315[UE 1 | RB 1] Throughput = 1.09192 Mbps
60416[UE 1 | RB 1] Throughput = 1.19247 Mbps
60526[UE 1 | RB 1] Throughput = 0.98119 Mbps
60626[UE 1 | RB 1] Throughput = 0.23913 Mbps
60736[UE 1 | RB 1] Throughput = 1.74869 Mbps
60846[UE 1 | RB 1] Throughput = 0.87115 Mbps
60946[UE 1 | RB 1] Throughput = 1.19787 Mbps
61056[UE 1 | RB 1] Throughput = 1.08991 Mbps
61156[UE 1 | RB 1] Throughput = 1.07830 Mbps
61256[UE 1 | RB 1] Throughput = 1.31476 Mbps
61366[UE 1 | RB 1] Throughput = 0.98291 Mbps
61466[UE 1 | RB 1] Throughput = 1.19684 Mbps
61566[UE 1 | RB 1] Throughput = 0.59783 Mbps
61676[UE 1 | RB 1] Throughput = 1.31225 Mbps
61776[UE 1 | RB 1] Throughput = 0.71827 Mbps
61886[UE 1 | RB 1] Throughput = 1.20158 Mbps
61986[UE 1 | RB 1] Throughput = 1.19664 Mbps
62086[UE 1 | RB 1] Throughput = 1.19619 Mbps
62196[UE 1 | RB 1] Throughput = 1.19938 Mbps
62306[UE 1 | RB 1] Throughput = 0.98056 Mbps
62406[UE 1 | RB 1] Throughput = 0.71887 Mbps
62506[UE 1 | RB 1] Throughput = 1.31631 Mbps
62616[UE 1 | RB 1] Throughput = 0.87165 Mbps
62716[UE 1 | RB 1] Throughput = 1.07750 Mbps
62816[UE 1 | RB 1] Throughput = 1.19810 Mbps
62916[UE 1 | RB 1] Throughput = 1.07701 Mbps
63026[UE 1 | RB 1] Throughput = 1.09545 Mbps
63126[UE 1 | RB 1] Throughput = 0.95678 Mbps
63236[UE 1 | RB 1] Throughput = 0.76234 Mbps
63336[UE 1 | RB 1] Throughput = 1.67764 Mbps
63436[UE 1 | RB 1] Throughput = 1.07731 Mbps
63536[UE 1 | RB 1] Throughput = 0.83825 Mbps
63636[UE 1 | RB 1] Throughput = 1.31773 Mbps
63746[UE 1 | RB 1] Throughput = 0.98150 Mbps
63846[UE 1 | RB 1] Throughput = 1.07715 Mbps
63956[UE 1 | RB 1] Throughput = 0.98048 Mbps
64066[UE 1 | RB 1] Throughput = 1.09042 Mbps
64166[UE 1 | RB 1] Throughput = 0.95843 Mbps
64266[UE 1 | RB 1] Throughput = 1.19403 Mbps
64376[UE 1 | RB 1] Throughput = 1.19948 Mbps
64486[UE 1 | RB 1] Throughput = 0.65606 Mbps
64586[UE 1 | RB 1] Throughput = 1.19414 Mbps
64696[UE 1 | RB 1] Throughput = 1.31256 Mbps
64796[UE 1 | RB 1] Throughput = 0.95313 Mbps
64906[UE 1 | RB 1] Throughput = 1.09387 Mbps
65006[UE 1 | RB 1] Throughput = 1.19759 Mbps
65106[UE 1 | RB 1] Throughput = 0.71695 Mbps
65216[UE 1 | RB 1] Throughput = 0.98116 Mbps
65316[UE 1 | RB 1] Throughput = 1.31749 Mbps
65416[UE 1 | RB 1] Throughput = 1.31804 Mbps
65526[UE 1 | RB 1] Throughput = 0.54542 Mbps
65627[UE 1 | RB 1] Throughput = 1.43354 Mbps
65736[UE 1 | RB 1] Throughput = 0.87455 Mbps
65836[UE 1 | RB 1] Throughput = 1.31730 Mbps
65946[UE 1 | RB 1] Throughput = 0.87207 Mbps
66046[UE 1 | RB 1] Throughput = 1.19589 Mbps
66146[UE 1 | RB 1] Throughput = 1.07736 Mbps
66256[UE 1 | RB 1] Throughput = 0.98409 Mbps
66356[UE 1 | RB 1] Throughput = 1.31619 Mbps
66456[UE 1 | RB 1] Throughput = 1.19542 Mbps
66567[UE 1 | RB 1] Throughput = 0.76110 Mbps
66676[UE 1 | RB 1] Throughput = 1.09349 Mbps
66786[UE 1 | RB 1] Throughput = 1.30490 Mbps
66896[UE 1 | RB 1] Throughput = 0.98378 Mbps
67006[UE 1 | RB 1] Throughput = 1.08920 Mbps
67116[UE 1 | RB 1] Throughput = 0.87267 Mbps
67216[UE 1 | RB 1] Throughput = 1.31480 Mbps
67317[UE 1 | RB 1] Throughput = 0.71713 Mbps
67426[UE 1 | RB 1] Throughput = 1.09112 Mbps
67537[UE 1 | RB 1] Throughput = 1.30554 Mbps
67646[UE 1 | RB 1] Throughput = 0.65505 Mbps
67746[UE 1 | RB 1] Throughput = 1.31600 Mbps
67847[UE 1 | RB 1] Throughput = 1.31746 Mbps
67956[UE 1 | RB 1] Throughput = 0.87457 Mbps
68066[UE 1 | RB 1] Throughput = 0.87286 Mbps
68166[UE 1 | RB 1] Throughput = 1.31452 Mbps
68266[UE 1 | RB 1] Throughput = 1.31820 Mbps
68366[UE 1 | RB 1] Throughput = 0.71767 Mbps
68476[UE 1 | RB 1] Throughput = 1.31049 Mbps
68576[UE 1 | RB 1] Throughput = 0.71745 Mbps
68686[UE 1 | RB 1] Throughput = 1.09031 Mbps
68786[UE 1 | RB 1] Throughput = 1.31773 Mbps
68896[UE 1 | RB 1] Throughput = 1.09040 Mbps
69006[UE 1 | RB 1] Throughput = 1.19845 Mbps
69116[UE 1 | RB 1] Throughput = 0.65327 Mbps
69226[UE 1 | RB 1] Throughput = 1.30651 Mbps
69336[UE 1 | RB 1] Throughput = 1.08897 Mbps
69437[UE 1 | RB 1] Throughput = 0.71874 Mbps
72642[UE 1 | RB 1] Throughput = 0.03738 Mbps
72746[UE 1 | RB 1] Throughput = 32.98645 Mbps
72847[UE 1 | RB 1] Throughput = 1.31381 Mbps
72956[UE 1 | RB 1] Throughput = 1.20138 Mbps
73057[UE 1 | RB 1] Throughput = 0.71621 Mbps
73166[UE 1 | RB 1] Throughput = 1.20176 Mbps
73276[UE 1 | RB 1] Throughput = 1.31141 Mbps
73377[UE 1 | RB 1] Throughput = 0.83366 Mbps
73487[UE 1 | RB 1] Throughput = 0.87260 Mbps
73597[UE 1 | RB 1] Throughput = 1.08894 Mbps
73697[UE 1 | RB 1] Throughput = 1.31824 Mbps
73807[UE 1 | RB 1] Throughput = 0.65416 Mbps
73916[UE 1 | RB 1] Throughput = 1.31232 Mbps
74017[UE 1 | RB 1] Throughput = 1.19091 Mbps
74127[UE 1 | RB 1] Throughput = 1.09162 Mbps
74237[UE 1 | RB 1] Throughput = 1.19772 Mbps
74346[UE 1 | RB 1] Throughput = 0.76516 Mbps
74447[UE 1 | RB 1] Throughput = 1.43305 Mbps
74557[UE 1 | RB 1] Throughput = 0.98162 Mbps
74667[UE 1 | RB 1] Throughput = 1.08888 Mbps
74776[UE 1 | RB 1] Throughput = 0.98274 Mbps
74876[UE 1 | RB 1] Throughput = 1.19725 Mbps
74987[UE 1 | RB 1] Throughput = 0.76066 Mbps
75097[UE 1 | RB 1] Throughput = 1.30770 Mbps
75197[UE 1 | RB 1] Throughput = 0.95706 Mbps
75307[UE 1 | RB 1] Throughput = 0.98129 Mbps
75417[UE 1 | RB 1] Throughput = 1.09107 Mbps
75517[UE 1 | RB 1] Throughput = 1.31716 Mbps
75626[UE 1 | RB 1] Throughput = 0.87422 Mbps
75727[UE 1 | RB 1] Throughput = 1.31440 Mbps
75827[UE 1 | RB 1] Throughput = 0.59917 Mbps
75936[UE 1 | RB 1] Throughput = 1.20051 Mbps
76037[UE 1 | RB 1] Throughput = 1.31507 Mbps
77187[UE 1 | RB 1] Throughput = 0.06250 Mbps
77296[UE 1 | RB 1] Throughput = 11.73268 Mbps
77397[UE 1 | RB 1] Throughput = 0.71595 Mbps
77507[UE 1 | RB 1] Throughput = 1.09200 Mbps
77617[UE 1 | RB 1] Throughput = 1.08793 Mbps
77717[UE 1 | RB 1] Throughput = 1.31286 Mbps
77827[UE 1 | RB 1] Throughput = 0.65511 Mbps
77937[UE 1 | RB 1] Throughput = 1.20050 Mbps
78047[UE 1 | RB 1] Throughput = 1.19223 Mbps
78157[UE 1 | RB 1] Throughput = 1.20178 Mbps
78267[UE 1 | RB 1] Throughput = 0.76331 Mbps
78367[UE 1 | RB 1] Throughput = 1.31683 Mbps
78477[UE 1 | RB 1] Throughput = 1.20179 Mbps
78577[UE 1 | RB 1] Throughput = 0.83647 Mbps
78687[UE 1 | RB 1] Throughput = 1.30815 Mbps
78787[UE 1 | RB 1] Throughput = 0.71898 Mbps
78897[UE 1 | RB 1] Throughput = 1.19744 Mbps
79007[UE 1 | RB 1] Throughput = 1.19940 Mbps
79117[UE 1 | RB 1] Throughput = 1.08872 Mbps
79227[UE 1 | RB 1] Throughput = 0.87063 Mbps
79327[UE 1 | RB 1] Throughput = 1.31495 Mbps
79437[UE 1 | RB 1] Throughput = 1.09409 Mbps
79547[UE 1 | RB 1] Throughput = 0.76317 Mbps
79647[UE 1 | RB 1] Throughput = 1.43345 Mbps
79757[UE 1 | RB 1] Throughput = 0.98343 Mbps
79867[UE 1 | RB 1] Throughput = 0.65374 Mbps
79967[UE 1 | RB 1] Throughput = 1.31803 Mbps
80067[UE 1 | RB 1] Throughput = 1.07406 Mbps
80177[UE 1 | RB 1] Throughput = 1.31091 Mbps
80287[UE 1 | RB 1] Throughput = 0.65211 Mbps
80387[UE 1 | RB 1] Throughput = 1.31819 Mbps
80497[UE 1 | RB 1] Throughput = 0.65510 Mbps
80618[UE 1 | RB 1] Throughput = 0.00000 Mbps
80727[UE 1 | RB 1] Throughput = 2.52737 Mbps
80827[UE 1 | RB 1] Throughput = 1.31326 Mbps
80937[UE 1 | RB 1] Throughput = 1.19930 Mbps
81047[UE 1 | RB 1] Throughput = 0.54450 Mbps
81147[UE 1 | RB 1] Throughput = 1.31783 Mbps
81247[UE 1 | RB 1] Throughput = 1.31792 Mbps
81357[UE 1 | RB 1] Throughput = 0.76500 Mbps
81457[UE 1 | RB 1] Throughput = 1.31198 Mbps
81567[UE 1 | RB 1] Throughput = 1.20266 Mbps
81677[UE 1 | RB 1] Throughput = 0.65463 Mbps
81777[UE 1 | RB 1] Throughput = 1.43239 Mbps
81887[UE 1 | RB 1] Throughput = 0.65495 Mbps
81987[UE 1 | RB 1] Throughput = 1.43481 Mbps
82097[UE 1 | RB 1] Throughput = 0.65486 Mbps
82197[UE 1 | RB 1] Throughput = 1.43706 Mbps
82307[UE 1 | RB 1] Throughput = 1.30716 Mbps
82417[UE 1 | RB 1] Throughput = 0.54509 Mbps
82517[UE 1 | RB 1] Throughput = 1.31663 Mbps
82627[UE 1 | RB 1] Throughput = 1.09185 Mbps
82727[UE 1 | RB 1] Throughput = 0.83536 Mbps
82837[UE 1 | RB 1] Throughput = 1.19958 Mbps
82947[UE 1 | RB 1] Throughput = 1.08944 Mbps
83047[UE 1 | RB 1] Throughput = 1.19826 Mbps
83157[UE 1 | RB 1] Throughput = 1.20182 Mbps
83257[UE 1 | RB 1] Throughput = 0.83632 Mbps
83357[UE 1 | RB 1] Throughput = 1.19738 Mbps
83457[UE 1 | RB 1] Throughput = 1.19839 Mbps
83557[UE 1 | RB 1] Throughput = 0.71893 Mbps
83657[UE 1 | RB 1] Throughput = 1.19663 Mbps
83767[UE 1 | RB 1] Throughput = 1.31320 Mbps
83867[UE 1 | RB 1] Throughput = 0.71630 Mbps
83977[UE 1 | RB 1] Throughput = 1.30931 Mbps
84158[UE 1 | RB 1] Throughput = 0.66191 Mbps
84267[UE 1 | RB 1] Throughput = 1.65161 Mbps
84377[UE 1 | RB 1] Throughput = 0.97997 Mbps
84477[UE 1 | RB 1] Throughput = 1.19515 Mbps
84577[UE 1 | RB 1] Throughput = 0.95805 Mbps
84688[UE 1 | RB 1] Throughput = 1.19702 Mbps
84798[UE 1 | RB 1] Throughput = 0.65399 Mbps
84898[UE 1 | RB 1] Throughput = 1.31602 Mbps
85007[UE 1 | RB 1] Throughput = 1.20344 Mbps
85107[UE 1 | RB 1] Throughput = 1.07701 Mbps
85207[UE 1 | RB 1] Throughput = 1.07800 Mbps
85317[UE 1 | RB 1] Throughput = 0.76558 Mbps
85417[UE 1 | RB 1] Throughput = 1.19367 Mbps
85527[UE 1 | RB 1] Throughput = 1.31105 Mbps
85628[UE 1 | RB 1] Throughput = 0.71540 Mbps
85737[UE 1 | RB 1] Throughput = 1.31533 Mbps
85837[UE 1 | RB 1] Throughput = 0.95452 Mbps
85937[UE 1 | RB 1] Throughput = 0.83818 Mbps
86047[UE 1 | RB 1] Throughput = 1.20028 Mbps
86157[UE 1 | RB 1] Throughput = 1.19910 Mbps
86267[UE 1 | RB 1] Throughput = 1.09188 Mbps
87363[UE 1 | RB 1] Throughput = 0.00000 Mbps
87467[UE 1 | RB 1] Throughput = 12.21235 Mbps
87577[UE 1 | RB 1] Throughput = 1.19602 Mbps
87687[UE 1 | RB 1] Throughput = 0.87149 Mbps
87797[UE 1 | RB 1] Throughput = 1.20207 Mbps
87897[UE 1 | RB 1] Throughput = 1.19565 Mbps
88007[UE 1 | RB 1] Throughput = 0.98166 Mbps
88107[UE 1 | RB 1] Throughput = 1.19681 Mbps
88218[UE 1 | RB 1] Throughput = 0.97724 Mbps
88327[UE 1 | RB 1] Throughput = 0.98461 Mbps
88427[UE 1 | RB 1] Throughput = 1.31550 Mbps
88537[UE 1 | RB 1] Throughput = 0.65492 Mbps
88638[UE 1 | RB 1] Throughput = 1.31122 Mbps
88747[UE 1 | RB 1] Throughput = 1.09486 Mbps
88857[UE 1 | RB 1] Throughput = 0.98102 Mbps
88957[UE 1 | RB 1] Throughput = 1.43640 Mbps
89652[UE 1 | RB 1] Throughput = 0.10343 Mbps
89757[UE 1 | RB 1] Throughput = 7.21390 Mbps
89857[UE 1 | RB 1] Throughput = 1.31413 Mbps
89958[UE 1 | RB 1] Throughput = 0.71859 Mbps
[xApp]: E42 RIC_SUBSCRIPTION_DELETE_REQUEST tx RAN_FUNC_ID 144 RIC_REQ_ID 1 
[xApp]: E42 SUBSCRIPTION DELETE RESPONSE rx
[xApp]: E42 RIC_SUBSCRIPTION_DELETE_REQUEST tx RAN_FUNC_ID 144 RIC_REQ_ID 2 
[xApp]: E42 SUBSCRIPTION DELETE RESPONSE rx
[xApp]: E42 RIC_SUBSCRIPTION_DELETE_REQUEST tx RAN_FUNC_ID 144 RIC_REQ_ID 3 
[xApp]: E42 SUBSCRIPTION DELETE RESPONSE rx
[xApp]: Sucessfully stopped 
Test xApp run SUCCESSFULLY
