[UTIL]: Setting the config -c file to /usr/local/etc/flexric/flexric.conf
[UTIL]: Setting path -p for the shared libraries to /usr/local/lib/flexric/
[xAapp]: Initializing ... 
[xApp]: nearRT-RIC IP Address = 192.168.70.150, PORT = 36422
[E2 AGENT]: Opening plugin from path = /usr/local/lib/flexric/libkpm_sm.so 
[E2 AGENT]: Opening plugin from path = /usr/local/lib/flexric/libmac_sm.so 
[E2 AGENT]: Opening plugin from path = /usr/local/lib/flexric/libpdcp_sm.so 
[E2 AGENT]: Opening plugin from path = /usr/local/lib/flexric/libgtp_sm.so 
[E2 AGENT]: Opening plugin from path = /usr/local/lib/flexric/librc_sm.so 
[E2 AGENT]: Opening plugin from path = /usr/local/lib/flexric/libtc_sm.so 
[E2 AGENT]: Opening plugin from path = /usr/local/lib/flexric/librlc_sm.so 
[E2 AGENT]: Opening plugin from path = /usr/local/lib/flexric/libslice_sm.so 
[NEAR-RIC]: Loading SM ID = 2 with def = ORAN-E2SM-KPM 
[NEAR-RIC]: Loading SM ID = 142 with def = MAC_STATS_V0 
[NEAR-RIC]: Loading SM ID = 144 with def = PDCP_STATS_V0 
[NEAR-RIC]: Loading SM ID = 148 with def = GTP_STATS_V0 
[NEAR-RIC]: Loading SM ID = 3 with def = ORAN-E2SM-RC 
[NEAR-RIC]: Loading SM ID = 146 with def = TC_STATS_V0 
[NEAR-RIC]: Loading SM ID = 143 with def = RLC_STATS_V0 
[NEAR-RIC]: Loading SM ID = 145 with def = SLICE_STATS_V0 
[xApp]: DB filename = /tmp/flexric/xapp_db 
 [xApp]: E42 SETUP-REQUEST tx
[xApp]: E42 SETUP-RESPONSE rx 
[xApp]: xApp ID = 15 
[xApp]: Registered E2 Nodes = 3 
Connected E2 nodes = 3
[xAPP] Registered node 0 ran func id = 2 
 [xAPP] Registered node 0 ran func id = 3 
 [xAPP] Registered node 0 ran func id = 142 
 [xAPP] Registered node 0 ran func id = 143 
 [xAPP] Registered node 0 ran func id = 144 
 [xAPP] Registered node 0 ran func id = 145 
 [xAPP] Registered node 0 ran func id = 146 
 [xAPP] Registered node 0 ran func id = 148 
 [xApp]: E42 RIC SUBSCRIPTION REQUEST tx RAN_FUNC_ID 144 RIC_REQ_ID 1 
[xApp]: SUBSCRIPTION RESPONSE rx
[xApp]: Successfully subscribed to RAN_FUNC_ID 144 
[xAPP] Registered node 1 ran func id = 2 
 [xAPP] Registered node 1 ran func id = 3 
 [xAPP] Registered node 1 ran func id = 142 
 [xAPP] Registered node 1 ran func id = 143 
 [xAPP] Registered node 1 ran func id = 144 
 [xAPP] Registered node 1 ran func id = 145 
 [xAPP] Registered node 1 ran func id = 146 
 [xAPP] Registered node 1 ran func id = 148 
 [xApp]: E42 RIC SUBSCRIPTION REQUEST tx RAN_FUNC_ID 144 RIC_REQ_ID 2 
[xApp]: SUBSCRIPTION RESPONSE rx
[xApp]: Successfully subscribed to RAN_FUNC_ID 144 
[xAPP] Registered node 2 ran func id = 2 
 [xAPP] Registered node 2 ran func id = 3 
 [xAPP] Registered node 2 ran func id = 142 
 [xAPP] Registered node 2 ran func id = 143 
 [xAPP] Registered node 2 ran func id = 144 
 [xAPP] Registered node 2 ran func id = 145 
 [xAPP] Registered node 2 ran func id = 146 
 [xAPP] Registered node 2 ran func id = 148 
 [xApp]: E42 RIC SUBSCRIPTION REQUEST tx RAN_FUNC_ID 144 RIC_REQ_ID 3 
[xApp]: SUBSCRIPTION RESPONSE rx
[xApp]: Successfully subscribed to RAN_FUNC_ID 144 
113[UE 1 | RB 1] Throughput = 1.07406 Mbps
213[UE 1 | RB 1] Throughput = 0.71847 Mbps
323[UE 1 | RB 1] Throughput = 1.31378 Mbps
423[UE 1 | RB 1] Throughput = 1.07554 Mbps
535[UE 1 | RB 1] Throughput = 1.07125 Mbps
643[UE 1 | RB 1] Throughput = 1.10775 Mbps
753[UE 1 | RB 1] Throughput = 0.87030 Mbps
863[UE 1 | RB 1] Throughput = 1.19521 Mbps
974[UE 1 | RB 1] Throughput = 0.87152 Mbps
1083[UE 1 | RB 1] Throughput = 1.42254 Mbps
1183[UE 1 | RB 1] Throughput = 0.47754 Mbps
1293[UE 1 | RB 1] Throughput = 1.64172 Mbps
1393[UE 1 | RB 1] Throughput = 0.95382 Mbps
1503[UE 1 | RB 1] Throughput = 0.54763 Mbps
1603[UE 1 | RB 1] Throughput = 1.55737 Mbps
1704[UE 1 | RB 1] Throughput = 1.30748 Mbps
1813[UE 1 | RB 1] Throughput = 0.65872 Mbps
1913[UE 1 | RB 1] Throughput = 1.43336 Mbps
2023[UE 1 | RB 1] Throughput = 1.19913 Mbps
2123[UE 1 | RB 1] Throughput = 0.83772 Mbps
2233[UE 1 | RB 1] Throughput = 1.09065 Mbps
2343[UE 1 | RB 1] Throughput = 1.19948 Mbps
2443[UE 1 | RB 1] Throughput = 0.83635 Mbps
2553[UE 1 | RB 1] Throughput = 1.20228 Mbps
2653[UE 1 | RB 1] Throughput = 1.07797 Mbps
2763[UE 1 | RB 1] Throughput = 0.97932 Mbps
2873[UE 1 | RB 1] Throughput = 0.98302 Mbps
2973[UE 1 | RB 1] Throughput = 1.07755 Mbps
3073[UE 1 | RB 1] Throughput = 1.31197 Mbps
3183[UE 1 | RB 1] Throughput = 1.08910 Mbps
3293[UE 1 | RB 1] Throughput = 0.65402 Mbps
3403[UE 1 | RB 1] Throughput = 1.09191 Mbps
3513[UE 1 | RB 1] Throughput = 1.08988 Mbps
3613[UE 1 | RB 1] Throughput = 1.43687 Mbps
3723[UE 1 | RB 1] Throughput = 0.65220 Mbps
3833[UE 1 | RB 1] Throughput = 1.31285 Mbps
3933[UE 1 | RB 1] Throughput = 1.31414 Mbps
4043[UE 1 | RB 1] Throughput = 0.65540 Mbps
4144[UE 1 | RB 1] Throughput = 1.31183 Mbps
4253[UE 1 | RB 1] Throughput = 1.20070 Mbps
4354[UE 1 | RB 1] Throughput = 0.71740 Mbps
4465[UE 1 | RB 1] Throughput = 1.29316 Mbps
4573[UE 1 | RB 1] Throughput = 0.66362 Mbps
4674[UE 1 | RB 1] Throughput = 1.31223 Mbps
4783[UE 1 | RB 1] Throughput = 1.31031 Mbps
4893[UE 1 | RB 1] Throughput = 0.76231 Mbps
5003[UE 1 | RB 1] Throughput = 1.19712 Mbps
5113[UE 1 | RB 1] Throughput = 1.19869 Mbps
5223[UE 1 | RB 1] Throughput = 0.76607 Mbps
5323[UE 1 | RB 1] Throughput = 1.43709 Mbps
5423[UE 1 | RB 1] Throughput = 0.71700 Mbps
5533[UE 1 | RB 1] Throughput = 1.19941 Mbps
5633[UE 1 | RB 1] Throughput = 1.31504 Mbps
5743[UE 1 | RB 1] Throughput = 0.65464 Mbps
5853[UE 1 | RB 1] Throughput = 1.30675 Mbps
5953[UE 1 | RB 1] Throughput = 1.31696 Mbps
6064[UE 1 | RB 1] Throughput = 0.97963 Mbps
6173[UE 1 | RB 1] Throughput = 1.20203 Mbps
6273[UE 1 | RB 1] Throughput = 0.83785 Mbps
6383[UE 1 | RB 1] Throughput = 1.30630 Mbps
6493[UE 1 | RB 1] Throughput = 0.65387 Mbps
6603[UE 1 | RB 1] Throughput = 1.30880 Mbps
6703[UE 1 | RB 1] Throughput = 0.59907 Mbps
6813[UE 1 | RB 1] Throughput = 1.30917 Mbps
6913[UE 1 | RB 1] Throughput = 1.43601 Mbps
7013[UE 1 | RB 1] Throughput = 0.71881 Mbps
7123[UE 1 | RB 1] Throughput = 1.31093 Mbps
7224[UE 1 | RB 1] Throughput = 0.71351 Mbps
7324[UE 1 | RB 1] Throughput = 1.43763 Mbps
7433[UE 1 | RB 1] Throughput = 0.65572 Mbps
7534[UE 1 | RB 1] Throughput = 1.31759 Mbps
7643[UE 1 | RB 1] Throughput = 1.19873 Mbps
7753[UE 1 | RB 1] Throughput = 1.19927 Mbps
7863[UE 1 | RB 1] Throughput = 0.76320 Mbps
7973[UE 1 | RB 1] Throughput = 0.65531 Mbps
8074[UE 1 | RB 1] Throughput = 1.54892 Mbps
8184[UE 1 | RB 1] Throughput = 1.19920 Mbps
8293[UE 1 | RB 1] Throughput = 1.20312 Mbps
8393[UE 1 | RB 1] Throughput = 0.83823 Mbps
8493[UE 1 | RB 1] Throughput = 1.07664 Mbps
8594[UE 1 | RB 1] Throughput = 1.19603 Mbps
8703[UE 1 | RB 1] Throughput = 0.54686 Mbps
8804[UE 1 | RB 1] Throughput = 1.42952 Mbps
8913[UE 1 | RB 1] Throughput = 1.31066 Mbps
9014[UE 1 | RB 1] Throughput = 1.19457 Mbps
9123[UE 1 | RB 1] Throughput = 0.65559 Mbps
9233[UE 1 | RB 1] Throughput = 1.20321 Mbps
9334[UE 1 | RB 1] Throughput = 1.18993 Mbps
9444[UE 1 | RB 1] Throughput = 1.09028 Mbps
9544[UE 1 | RB 1] Throughput = 1.07714 Mbps
9644[UE 1 | RB 1] Throughput = 0.59864 Mbps
9744[UE 1 | RB 1] Throughput = 1.43720 Mbps
9853[UE 1 | RB 1] Throughput = 1.20722 Mbps
9953[UE 1 | RB 1] Throughput = 0.59854 Mbps
10054[UE 1 | RB 1] Throughput = 1.43167 Mbps
10164[UE 1 | RB 1] Throughput = 0.98201 Mbps
10264[UE 1 | RB 1] Throughput = 1.31369 Mbps
10374[UE 1 | RB 1] Throughput = 0.54629 Mbps
10474[UE 1 | RB 1] Throughput = 1.43616 Mbps
10584[UE 1 | RB 1] Throughput = 1.08654 Mbps
10694[UE 1 | RB 1] Throughput = 1.09242 Mbps
10794[UE 1 | RB 1] Throughput = 0.71770 Mbps
10904[UE 1 | RB 1] Throughput = 1.19813 Mbps
11014[UE 1 | RB 1] Throughput = 1.20000 Mbps
11124[UE 1 | RB 1] Throughput = 0.97912 Mbps
11224[UE 1 | RB 1] Throughput = 0.95692 Mbps
11334[UE 1 | RB 1] Throughput = 1.41773 Mbps
11444[UE 1 | RB 1] Throughput = 1.09383 Mbps
11544[UE 1 | RB 1] Throughput = 0.83651 Mbps
11653[UE 1 | RB 1] Throughput = 0.98393 Mbps
11754[UE 1 | RB 1] Throughput = 1.31192 Mbps
11854[UE 1 | RB 1] Throughput = 0.71803 Mbps
11964[UE 1 | RB 1] Throughput = 0.87428 Mbps
12074[UE 1 | RB 1] Throughput = 0.76301 Mbps
12184[UE 1 | RB 1] Throughput = 1.74284 Mbps
12293[UE 1 | RB 1] Throughput = 0.87319 Mbps
12394[UE 1 | RB 1] Throughput = 1.31070 Mbps
12504[UE 1 | RB 1] Throughput = 0.98202 Mbps
12614[UE 1 | RB 1] Throughput = 1.20075 Mbps
12714[UE 1 | RB 1] Throughput = 1.07782 Mbps
12814[UE 1 | RB 1] Throughput = 0.95724 Mbps
12924[UE 1 | RB 1] Throughput = 1.08894 Mbps
13034[UE 1 | RB 1] Throughput = 1.31106 Mbps
13134[UE 1 | RB 1] Throughput = 0.71879 Mbps
13234[UE 1 | RB 1] Throughput = 1.19395 Mbps
13334[UE 1 | RB 1] Throughput = 1.07743 Mbps
13444[UE 1 | RB 1] Throughput = 0.98551 Mbps
13544[UE 1 | RB 1] Throughput = 1.19524 Mbps
13654[UE 1 | RB 1] Throughput = 1.20046 Mbps
13764[UE 1 | RB 1] Throughput = 0.97924 Mbps
13864[UE 1 | RB 1] Throughput = 1.19706 Mbps
13964[UE 1 | RB 1] Throughput = 0.59813 Mbps
14074[UE 1 | RB 1] Throughput = 1.31041 Mbps
14184[UE 1 | RB 1] Throughput = 1.08874 Mbps
14284[UE 1 | RB 1] Throughput = 1.31684 Mbps
14384[UE 1 | RB 1] Throughput = 0.71813 Mbps
14494[UE 1 | RB 1] Throughput = 0.98499 Mbps
14594[UE 1 | RB 1] Throughput = 1.19794 Mbps
14694[UE 1 | RB 1] Throughput = 0.95730 Mbps
14804[UE 1 | RB 1] Throughput = 1.30661 Mbps
14904[UE 1 | RB 1] Throughput = 1.19755 Mbps
15004[UE 1 | RB 1] Throughput = 0.71777 Mbps
15114[UE 1 | RB 1] Throughput = 1.09534 Mbps
15214[UE 1 | RB 1] Throughput = 1.31404 Mbps
15314[UE 1 | RB 1] Throughput = 0.95729 Mbps
15424[UE 1 | RB 1] Throughput = 0.98265 Mbps
15524[UE 1 | RB 1] Throughput = 0.83688 Mbps
15624[UE 1 | RB 1] Throughput = 1.19727 Mbps
15724[UE 1 | RB 1] Throughput = 1.19454 Mbps
15834[UE 1 | RB 1] Throughput = 1.20537 Mbps
15934[UE 1 | RB 1] Throughput = 0.59640 Mbps
16044[UE 1 | RB 1] Throughput = 1.31339 Mbps
16144[UE 1 | RB 1] Throughput = 1.31687 Mbps
16244[UE 1 | RB 1] Throughput = 0.71814 Mbps
16344[UE 1 | RB 1] Throughput = 1.31774 Mbps
16454[UE 1 | RB 1] Throughput = 1.19877 Mbps
16564[UE 1 | RB 1] Throughput = 0.76388 Mbps
16664[UE 1 | RB 1] Throughput = 1.31824 Mbps
16764[UE 1 | RB 1] Throughput = 0.71575 Mbps
16874[UE 1 | RB 1] Throughput = 1.20148 Mbps
16974[UE 1 | RB 1] Throughput = 1.31762 Mbps
17084[UE 1 | RB 1] Throughput = 0.97920 Mbps
17184[UE 1 | RB 1] Throughput = 0.35938 Mbps
17294[UE 1 | RB 1] Throughput = 1.64185 Mbps
17394[UE 1 | RB 1] Throughput = 1.07636 Mbps
17494[UE 1 | RB 1] Throughput = 0.71766 Mbps
17594[UE 1 | RB 1] Throughput = 1.19493 Mbps
17704[UE 1 | RB 1] Throughput = 1.19911 Mbps
17813[UE 1 | RB 1] Throughput = 1.31750 Mbps
17914[UE 1 | RB 1] Throughput = 0.71550 Mbps
18014[UE 1 | RB 1] Throughput = 1.43499 Mbps
18124[UE 1 | RB 1] Throughput = 0.98252 Mbps
18224[UE 1 | RB 1] Throughput = 0.23950 Mbps
18334[UE 1 | RB 1] Throughput = 1.41777 Mbps
18434[UE 1 | RB 1] Throughput = 1.43799 Mbps
18544[UE 1 | RB 1] Throughput = 0.65387 Mbps
18644[UE 1 | RB 1] Throughput = 1.31688 Mbps
18744[UE 1 | RB 1] Throughput = 1.31709 Mbps
18844[UE 1 | RB 1] Throughput = 1.07823 Mbps
18944[UE 1 | RB 1] Throughput = 0.83813 Mbps
19054[UE 1 | RB 1] Throughput = 1.30511 Mbps
19155[UE 1 | RB 1] Throughput = 0.71816 Mbps
19264[UE 1 | RB 1] Throughput = 1.31305 Mbps
19364[UE 1 | RB 1] Throughput = 1.19704 Mbps
19474[UE 1 | RB 1] Throughput = 0.87411 Mbps
19584[UE 1 | RB 1] Throughput = 0.87311 Mbps
19684[UE 1 | RB 1] Throughput = 1.43204 Mbps
19795[UE 1 | RB 1] Throughput = 1.19342 Mbps
19904[UE 1 | RB 1] Throughput = 0.65732 Mbps
20004[UE 1 | RB 1] Throughput = 1.43597 Mbps
20104[UE 1 | RB 1] Throughput = 0.71866 Mbps
20204[UE 1 | RB 1] Throughput = 1.31770 Mbps
20305[UE 1 | RB 1] Throughput = 0.71469 Mbps
20414[UE 1 | RB 1] Throughput = 1.31272 Mbps
20524[UE 1 | RB 1] Throughput = 1.08988 Mbps
20634[UE 1 | RB 1] Throughput = 1.08959 Mbps
20735[UE 1 | RB 1] Throughput = 1.19436 Mbps
20845[UE 1 | RB 1] Throughput = 0.76271 Mbps
20954[UE 1 | RB 1] Throughput = 1.09320 Mbps
21064[UE 1 | RB 1] Throughput = 1.20150 Mbps
21164[UE 1 | RB 1] Throughput = 0.83638 Mbps
21264[UE 1 | RB 1] Throughput = 1.19820 Mbps
21374[UE 1 | RB 1] Throughput = 1.08909 Mbps
21475[UE 1 | RB 1] Throughput = 1.19514 Mbps
21584[UE 1 | RB 1] Throughput = 1.09387 Mbps
21684[UE 1 | RB 1] Throughput = 1.19582 Mbps
21785[UE 1 | RB 1] Throughput = 0.59750 Mbps
21895[UE 1 | RB 1] Throughput = 1.19897 Mbps
22004[UE 1 | RB 1] Throughput = 1.19918 Mbps
22114[UE 1 | RB 1] Throughput = 1.20147 Mbps
22214[UE 1 | RB 1] Throughput = 0.59882 Mbps
22314[UE 1 | RB 1] Throughput = 1.43709 Mbps
22424[UE 1 | RB 1] Throughput = 1.08949 Mbps
22534[UE 1 | RB 1] Throughput = 1.20297 Mbps
22634[UE 1 | RB 1] Throughput = 0.83671 Mbps
22744[UE 1 | RB 1] Throughput = 1.30570 Mbps
22854[UE 1 | RB 1] Throughput = 0.65307 Mbps
22955[UE 1 | RB 1] Throughput = 1.19625 Mbps
23055[UE 1 | RB 1] Throughput = 1.31790 Mbps
23164[UE 1 | RB 1] Throughput = 0.87732 Mbps
23264[UE 1 | RB 1] Throughput = 1.07340 Mbps
23374[UE 1 | RB 1] Throughput = 0.87421 Mbps
23474[UE 1 | RB 1] Throughput = 1.31501 Mbps
23574[UE 1 | RB 1] Throughput = 1.19585 Mbps
23685[UE 1 | RB 1] Throughput = 0.54452 Mbps
23795[UE 1 | RB 1] Throughput = 1.63388 Mbps
23895[UE 1 | RB 1] Throughput = 0.83828 Mbps
24005[UE 1 | RB 1] Throughput = 1.30357 Mbps
24115[UE 1 | RB 1] Throughput = 0.98174 Mbps
24225[UE 1 | RB 1] Throughput = 0.98162 Mbps
24334[UE 1 | RB 1] Throughput = 1.09137 Mbps
24435[UE 1 | RB 1] Throughput = 1.19808 Mbps
24545[UE 1 | RB 1] Throughput = 0.76272 Mbps
24645[UE 1 | RB 1] Throughput = 1.31666 Mbps
24745[UE 1 | RB 1] Throughput = 0.71826 Mbps
24855[UE 1 | RB 1] Throughput = 1.30920 Mbps
24955[UE 1 | RB 1] Throughput = 1.19651 Mbps
25065[UE 1 | RB 1] Throughput = 0.76304 Mbps
25165[UE 1 | RB 1] Throughput = 1.43361 Mbps
25274[UE 1 | RB 1] Throughput = 0.98799 Mbps
25374[UE 1 | RB 1] Throughput = 1.07658 Mbps
25474[UE 1 | RB 1] Throughput = 0.71869 Mbps
25574[UE 1 | RB 1] Throughput = 1.31702 Mbps
25675[UE 1 | RB 1] Throughput = 1.07768 Mbps
25785[UE 1 | RB 1] Throughput = 1.08798 Mbps
25894[UE 1 | RB 1] Throughput = 0.87405 Mbps
25995[UE 1 | RB 1] Throughput = 0.83794 Mbps
26105[UE 1 | RB 1] Throughput = 1.63064 Mbps
26214[UE 1 | RB 1] Throughput = 1.09453 Mbps
26314[UE 1 | RB 1] Throughput = 0.83878 Mbps
26415[UE 1 | RB 1] Throughput = 0.59726 Mbps
26525[UE 1 | RB 1] Throughput = 1.52324 Mbps
26625[UE 1 | RB 1] Throughput = 1.07779 Mbps
26735[UE 1 | RB 1] Throughput = 1.09139 Mbps
26845[UE 1 | RB 1] Throughput = 1.08941 Mbps
26954[UE 1 | RB 1] Throughput = 1.09297 Mbps
27055[UE 1 | RB 1] Throughput = 1.19156 Mbps
27165[UE 1 | RB 1] Throughput = 0.65411 Mbps
27265[UE 1 | RB 1] Throughput = 1.43756 Mbps
27374[UE 1 | RB 1] Throughput = 0.76476 Mbps
27485[UE 1 | RB 1] Throughput = 0.65192 Mbps
27595[UE 1 | RB 1] Throughput = 1.63658 Mbps
27705[UE 1 | RB 1] Throughput = 1.19524 Mbps
27805[UE 1 | RB 1] Throughput = 0.59882 Mbps
27914[UE 1 | RB 1] Throughput = 1.20378 Mbps
28015[UE 1 | RB 1] Throughput = 1.31604 Mbps
28125[UE 1 | RB 1] Throughput = 1.19775 Mbps
28234[UE 1 | RB 1] Throughput = 0.65523 Mbps
28334[UE 1 | RB 1] Throughput = 1.31767 Mbps
28435[UE 1 | RB 1] Throughput = 0.95618 Mbps
28535[UE 1 | RB 1] Throughput = 1.31716 Mbps
28645[UE 1 | RB 1] Throughput = 1.19847 Mbps
28745[UE 1 | RB 1] Throughput = 0.71878 Mbps
28855[UE 1 | RB 1] Throughput = 1.09085 Mbps
28955[UE 1 | RB 1] Throughput = 1.07716 Mbps
29065[UE 1 | RB 1] Throughput = 0.98342 Mbps
29165[UE 1 | RB 1] Throughput = 1.19530 Mbps
29274[UE 1 | RB 1] Throughput = 0.98360 Mbps
29375[UE 1 | RB 1] Throughput = 1.31638 Mbps
29475[UE 1 | RB 1] Throughput = 0.71876 Mbps
29584[UE 1 | RB 1] Throughput = 1.20265 Mbps
29685[UE 1 | RB 1] Throughput = 1.43395 Mbps
29785[UE 1 | RB 1] Throughput = 0.71708 Mbps
29895[UE 1 | RB 1] Throughput = 1.30586 Mbps
30005[UE 1 | RB 1] Throughput = 0.54576 Mbps
30105[UE 1 | RB 1] Throughput = 1.43241 Mbps
30215[UE 1 | RB 1] Throughput = 0.87363 Mbps
30315[UE 1 | RB 1] Throughput = 0.95688 Mbps
30425[UE 1 | RB 1] Throughput = 1.30867 Mbps
30535[UE 1 | RB 1] Throughput = 1.30577 Mbps
30645[UE 1 | RB 1] Throughput = 0.65559 Mbps
30745[UE 1 | RB 1] Throughput = 1.43485 Mbps
30845[UE 1 | RB 1] Throughput = 0.71789 Mbps
30955[UE 1 | RB 1] Throughput = 1.30985 Mbps
31055[UE 1 | RB 1] Throughput = 0.71845 Mbps
31165[UE 1 | RB 1] Throughput = 1.30845 Mbps
31265[UE 1 | RB 1] Throughput = 1.31811 Mbps
31375[UE 1 | RB 1] Throughput = 0.76281 Mbps
31485[UE 1 | RB 1] Throughput = 1.20080 Mbps
31585[UE 1 | RB 1] Throughput = 1.19633 Mbps
31685[UE 1 | RB 1] Throughput = 0.59914 Mbps
31795[UE 1 | RB 1] Throughput = 1.30384 Mbps
31905[UE 1 | RB 1] Throughput = 1.31120 Mbps
32014[UE 1 | RB 1] Throughput = 1.09331 Mbps
32115[UE 1 | RB 1] Throughput = 0.83644 Mbps
32215[UE 1 | RB 1] Throughput = 0.71759 Mbps
32325[UE 1 | RB 1] Throughput = 1.31008 Mbps
32425[UE 1 | RB 1] Throughput = 1.31823 Mbps
32525[UE 1 | RB 1] Throughput = 0.83736 Mbps
32625[UE 1 | RB 1] Throughput = 0.83859 Mbps
32725[UE 1 | RB 1] Throughput = 0.83791 Mbps
32825[UE 1 | RB 1] Throughput = 1.55304 Mbps
32925[UE 1 | RB 1] Throughput = 0.71819 Mbps
33035[UE 1 | RB 1] Throughput = 1.31165 Mbps
33145[UE 1 | RB 1] Throughput = 1.31220 Mbps
33245[UE 1 | RB 1] Throughput = 0.71703 Mbps
33355[UE 1 | RB 1] Throughput = 0.76330 Mbps
33455[UE 1 | RB 1] Throughput = 1.55524 Mbps
33555[UE 1 | RB 1] Throughput = 1.07748 Mbps
33665[UE 1 | RB 1] Throughput = 0.98312 Mbps
33775[UE 1 | RB 1] Throughput = 0.98069 Mbps
33885[UE 1 | RB 1] Throughput = 0.97941 Mbps
33995[UE 1 | RB 1] Throughput = 0.98035 Mbps
34106[UE 1 | RB 1] Throughput = 0.86698 Mbps
34215[UE 1 | RB 1] Throughput = 1.64355 Mbps
34325[UE 1 | RB 1] Throughput = 0.87394 Mbps
34425[UE 1 | RB 1] Throughput = 1.43723 Mbps
34525[UE 1 | RB 1] Throughput = 0.71718 Mbps
34625[UE 1 | RB 1] Throughput = 1.31629 Mbps
34735[UE 1 | RB 1] Throughput = 1.08936 Mbps
34845[UE 1 | RB 1] Throughput = 1.20127 Mbps
34945[UE 1 | RB 1] Throughput = 0.83702 Mbps
35055[UE 1 | RB 1] Throughput = 1.20187 Mbps
35155[UE 1 | RB 1] Throughput = 0.71625 Mbps
35265[UE 1 | RB 1] Throughput = 1.20210 Mbps
35365[UE 1 | RB 1] Throughput = 1.31548 Mbps
35475[UE 1 | RB 1] Throughput = 1.09142 Mbps
35575[UE 1 | RB 1] Throughput = 0.95787 Mbps
35675[UE 1 | RB 1] Throughput = 1.07647 Mbps
35785[UE 1 | RB 1] Throughput = 0.87033 Mbps
35895[UE 1 | RB 1] Throughput = 1.20196 Mbps
35995[UE 1 | RB 1] Throughput = 0.95822 Mbps
36095[UE 1 | RB 1] Throughput = 1.31711 Mbps
36195[UE 1 | RB 1] Throughput = 0.83872 Mbps
36305[UE 1 | RB 1] Throughput = 1.09082 Mbps
36405[UE 1 | RB 1] Throughput = 1.31469 Mbps
36515[UE 1 | RB 1] Throughput = 0.98454 Mbps
36615[UE 1 | RB 1] Throughput = 1.07793 Mbps
36715[UE 1 | RB 1] Throughput = 0.95658 Mbps
36825[UE 1 | RB 1] Throughput = 0.97744 Mbps
36926[UE 1 | RB 1] Throughput = 1.07613 Mbps
37035[UE 1 | RB 1] Throughput = 1.20515 Mbps
37135[UE 1 | RB 1] Throughput = 1.19762 Mbps
37245[UE 1 | RB 1] Throughput = 0.97910 Mbps
37346[UE 1 | RB 1] Throughput = 1.07486 Mbps
37455[UE 1 | RB 1] Throughput = 1.09503 Mbps
37555[UE 1 | RB 1] Throughput = 1.07702 Mbps
37665[UE 1 | RB 1] Throughput = 1.08972 Mbps
37775[UE 1 | RB 1] Throughput = 0.87350 Mbps
37875[UE 1 | RB 1] Throughput = 1.43705 Mbps
37985[UE 1 | RB 1] Throughput = 0.86998 Mbps
38095[UE 1 | RB 1] Throughput = 0.87380 Mbps
38195[UE 1 | RB 1] Throughput = 1.31434 Mbps
38305[UE 1 | RB 1] Throughput = 0.87235 Mbps
38415[UE 1 | RB 1] Throughput = 1.19958 Mbps
38525[UE 1 | RB 1] Throughput = 0.86764 Mbps
38635[UE 1 | RB 1] Throughput = 1.20054 Mbps
38746[UE 1 | RB 1] Throughput = 1.30414 Mbps
38846[UE 1 | RB 1] Throughput = 0.71799 Mbps
38946[UE 1 | RB 1] Throughput = 1.19755 Mbps
39046[UE 1 | RB 1] Throughput = 1.19751 Mbps
39155[UE 1 | RB 1] Throughput = 1.09916 Mbps
39255[UE 1 | RB 1] Throughput = 0.71645 Mbps
39355[UE 1 | RB 1] Throughput = 1.31734 Mbps
39455[UE 1 | RB 1] Throughput = 1.19708 Mbps
39566[UE 1 | RB 1] Throughput = 1.08564 Mbps
39675[UE 1 | RB 1] Throughput = 0.87604 Mbps
39775[UE 1 | RB 1] Throughput = 0.59802 Mbps
39886[UE 1 | RB 1] Throughput = 1.52210 Mbps
39995[UE 1 | RB 1] Throughput = 0.98563 Mbps
40095[UE 1 | RB 1] Throughput = 1.19553 Mbps
40196[UE 1 | RB 1] Throughput = 1.19613 Mbps
40307[UE 1 | RB 1] Throughput = 1.07585 Mbps
40415[UE 1 | RB 1] Throughput = 1.10808 Mbps
40515[UE 1 | RB 1] Throughput = 0.95808 Mbps
40615[UE 1 | RB 1] Throughput = 1.19497 Mbps
40726[UE 1 | RB 1] Throughput = 0.97829 Mbps
40826[UE 1 | RB 1] Throughput = 0.59863 Mbps
40936[UE 1 | RB 1] Throughput = 1.41488 Mbps
41045[UE 1 | RB 1] Throughput = 0.87479 Mbps
41146[UE 1 | RB 1] Throughput = 1.31531 Mbps
41246[UE 1 | RB 1] Throughput = 1.07733 Mbps
41355[UE 1 | RB 1] Throughput = 0.98699 Mbps
41456[UE 1 | RB 1] Throughput = 1.19142 Mbps
41565[UE 1 | RB 1] Throughput = 1.20353 Mbps
41675[UE 1 | RB 1] Throughput = 0.98095 Mbps
41775[UE 1 | RB 1] Throughput = 0.59707 Mbps
41886[UE 1 | RB 1] Throughput = 1.30586 Mbps
41995[UE 1 | RB 1] Throughput = 1.09101 Mbps
42105[UE 1 | RB 1] Throughput = 1.30838 Mbps
42215[UE 1 | RB 1] Throughput = 0.65524 Mbps
42315[UE 1 | RB 1] Throughput = 1.43689 Mbps
42415[UE 1 | RB 1] Throughput = 0.71834 Mbps
42515[UE 1 | RB 1] Throughput = 1.31546 Mbps
42625[UE 1 | RB 1] Throughput = 1.20062 Mbps
42725[UE 1 | RB 1] Throughput = 0.83848 Mbps
42826[UE 1 | RB 1] Throughput = 1.07435 Mbps
42926[UE 1 | RB 1] Throughput = 1.31819 Mbps
43035[UE 1 | RB 1] Throughput = 1.09523 Mbps
43145[UE 1 | RB 1] Throughput = 0.65294 Mbps
43245[UE 1 | RB 1] Throughput = 1.43910 Mbps
43346[UE 1 | RB 1] Throughput = 0.71754 Mbps
43455[UE 1 | RB 1] Throughput = 1.20150 Mbps
43565[UE 1 | RB 1] Throughput = 1.20086 Mbps
43665[UE 1 | RB 1] Throughput = 0.95845 Mbps
43766[UE 1 | RB 1] Throughput = 1.19215 Mbps
43875[UE 1 | RB 1] Throughput = 0.65553 Mbps
43975[UE 1 | RB 1] Throughput = 1.43700 Mbps
44086[UE 1 | RB 1] Throughput = 1.19704 Mbps
44186[UE 1 | RB 1] Throughput = 0.71805 Mbps
44295[UE 1 | RB 1] Throughput = 1.31238 Mbps
44396[UE 1 | RB 1] Throughput = 0.95708 Mbps
44496[UE 1 | RB 1] Throughput = 1.07688 Mbps
44606[UE 1 | RB 1] Throughput = 1.09054 Mbps
44706[UE 1 | RB 1] Throughput = 1.07759 Mbps
44806[UE 1 | RB 1] Throughput = 0.71763 Mbps
44916[UE 1 | RB 1] Throughput = 1.20095 Mbps
45026[UE 1 | RB 1] Throughput = 1.30767 Mbps
45126[UE 1 | RB 1] Throughput = 0.71650 Mbps
45236[UE 1 | RB 1] Throughput = 1.19624 Mbps
45346[UE 1 | RB 1] Throughput = 0.87428 Mbps
45456[UE 1 | RB 1] Throughput = 1.20105 Mbps
45556[UE 1 | RB 1] Throughput = 1.31813 Mbps
45666[UE 1 | RB 1] Throughput = 1.19798 Mbps
45775[UE 1 | RB 1] Throughput = 0.76448 Mbps
45875[UE 1 | RB 1] Throughput = 0.71793 Mbps
45986[UE 1 | RB 1] Throughput = 1.30521 Mbps
46095[UE 1 | RB 1] Throughput = 1.20231 Mbps
46195[UE 1 | RB 1] Throughput = 0.59845 Mbps
46296[UE 1 | RB 1] Throughput = 1.55315 Mbps
46406[UE 1 | RB 1] Throughput = 0.97957 Mbps
46516[UE 1 | RB 1] Throughput = 1.19958 Mbps
46626[UE 1 | RB 1] Throughput = 1.19747 Mbps
46735[UE 1 | RB 1] Throughput = 0.65639 Mbps
46836[UE 1 | RB 1] Throughput = 1.43508 Mbps
46946[UE 1 | RB 1] Throughput = 1.19536 Mbps
47055[UE 1 | RB 1] Throughput = 0.76553 Mbps
47156[UE 1 | RB 1] Throughput = 1.19517 Mbps
47256[UE 1 | RB 1] Throughput = 1.31666 Mbps
47366[UE 1 | RB 1] Throughput = 0.76266 Mbps
47476[UE 1 | RB 1] Throughput = 1.30631 Mbps
47585[UE 1 | RB 1] Throughput = 1.09470 Mbps
47685[UE 1 | RB 1] Throughput = 0.59852 Mbps
47786[UE 1 | RB 1] Throughput = 1.19602 Mbps
47896[UE 1 | RB 1] Throughput = 1.19772 Mbps
48005[UE 1 | RB 1] Throughput = 1.31175 Mbps
48106[UE 1 | RB 1] Throughput = 0.71739 Mbps
48206[UE 1 | RB 1] Throughput = 1.19736 Mbps
48306[UE 1 | RB 1] Throughput = 1.31769 Mbps
48416[UE 1 | RB 1] Throughput = 0.76231 Mbps
48526[UE 1 | RB 1] Throughput = 1.09222 Mbps
48636[UE 1 | RB 1] Throughput = 1.30393 Mbps
48745[UE 1 | RB 1] Throughput = 0.65581 Mbps
48846[UE 1 | RB 1] Throughput = 1.31734 Mbps
48955[UE 1 | RB 1] Throughput = 0.87237 Mbps
49056[UE 1 | RB 1] Throughput = 1.31169 Mbps
49156[UE 1 | RB 1] Throughput = 0.71764 Mbps
49256[UE 1 | RB 1] Throughput = 1.43682 Mbps
49366[UE 1 | RB 1] Throughput = 1.09233 Mbps
49466[UE 1 | RB 1] Throughput = 0.59900 Mbps
49576[UE 1 | RB 1] Throughput = 1.31133 Mbps
49676[UE 1 | RB 1] Throughput = 1.31377 Mbps
49786[UE 1 | RB 1] Throughput = 0.76191 Mbps
49896[UE 1 | RB 1] Throughput = 1.19815 Mbps
49996[UE 1 | RB 1] Throughput = 1.31792 Mbps
50106[UE 1 | RB 1] Throughput = 1.09081 Mbps
50216[UE 1 | RB 1] Throughput = 0.76510 Mbps
50316[UE 1 | RB 1] Throughput = 1.19122 Mbps
50426[UE 1 | RB 1] Throughput = 1.09047 Mbps
50536[UE 1 | RB 1] Throughput = 1.20255 Mbps
50636[UE 1 | RB 1] Throughput = 0.71806 Mbps
50736[UE 1 | RB 1] Throughput = 1.31632 Mbps
50846[UE 1 | RB 1] Throughput = 1.20079 Mbps
50946[UE 1 | RB 1] Throughput = 0.71676 Mbps
51056[UE 1 | RB 1] Throughput = 1.30829 Mbps
51166[UE 1 | RB 1] Throughput = 0.65516 Mbps
51276[UE 1 | RB 1] Throughput = 1.41717 Mbps
51376[UE 1 | RB 1] Throughput = 1.19815 Mbps
51486[UE 1 | RB 1] Throughput = 1.08879 Mbps
51586[UE 1 | RB 1] Throughput = 0.83823 Mbps
51696[UE 1 | RB 1] Throughput = 1.30837 Mbps
51796[UE 1 | RB 1] Throughput = 0.71694 Mbps
51906[UE 1 | RB 1] Throughput = 1.09269 Mbps
52006[UE 1 | RB 1] Throughput = 1.19507 Mbps
52106[UE 1 | RB 1] Throughput = 1.19775 Mbps
52216[UE 1 | RB 1] Throughput = 0.97946 Mbps
52326[UE 1 | RB 1] Throughput = 0.87295 Mbps
52426[UE 1 | RB 1] Throughput = 1.19689 Mbps
52536[UE 1 | RB 1] Throughput = 1.08840 Mbps
52646[UE 1 | RB 1] Throughput = 1.09151 Mbps
52756[UE 1 | RB 1] Throughput = 0.86839 Mbps
52866[UE 1 | RB 1] Throughput = 1.31472 Mbps
52966[UE 1 | RB 1] Throughput = 0.95648 Mbps
53076[UE 1 | RB 1] Throughput = 1.20153 Mbps
53176[UE 1 | RB 1] Throughput = 0.71702 Mbps
53286[UE 1 | RB 1] Throughput = 1.52507 Mbps
53396[UE 1 | RB 1] Throughput = 0.54574 Mbps
53496[UE 1 | RB 1] Throughput = 1.31819 Mbps
53596[UE 1 | RB 1] Throughput = 1.07235 Mbps
53707[UE 1 | RB 1] Throughput = 1.19567 Mbps
53816[UE 1 | RB 1] Throughput = 0.76724 Mbps
53926[UE 1 | RB 1] Throughput = 1.19983 Mbps
54027[UE 1 | RB 1] Throughput = 1.31007 Mbps
54136[UE 1 | RB 1] Throughput = 0.98518 Mbps
54246[UE 1 | RB 1] Throughput = 1.08608 Mbps
54356[UE 1 | RB 1] Throughput = 0.98342 Mbps
54466[UE 1 | RB 1] Throughput = 0.87326 Mbps
54566[UE 1 | RB 1] Throughput = 1.31703 Mbps
54666[UE 1 | RB 1] Throughput = 1.19750 Mbps
54776[UE 1 | RB 1] Throughput = 0.76303 Mbps
54876[UE 1 | RB 1] Throughput = 1.19794 Mbps
54977[UE 1 | RB 1] Throughput = 1.30732 Mbps
55086[UE 1 | RB 1] Throughput = 1.09974 Mbps
55186[UE 1 | RB 1] Throughput = 0.83772 Mbps
55286[UE 1 | RB 1] Throughput = 1.19327 Mbps
55396[UE 1 | RB 1] Throughput = 1.20159 Mbps
55496[UE 1 | RB 1] Throughput = 0.83824 Mbps
55596[UE 1 | RB 1] Throughput = 1.07853 Mbps
55696[UE 1 | RB 1] Throughput = 1.19792 Mbps
55806[UE 1 | RB 1] Throughput = 0.65331 Mbps
55916[UE 1 | RB 1] Throughput = 1.20174 Mbps
56026[UE 1 | RB 1] Throughput = 1.19949 Mbps
56136[UE 1 | RB 1] Throughput = 1.19524 Mbps
56246[UE 1 | RB 1] Throughput = 0.76231 Mbps
56356[UE 1 | RB 1] Throughput = 1.30855 Mbps
56456[UE 1 | RB 1] Throughput = 1.19646 Mbps
56566[UE 1 | RB 1] Throughput = 0.65368 Mbps
56677[UE 1 | RB 1] Throughput = 1.19446 Mbps
56786[UE 1 | RB 1] Throughput = 1.31140 Mbps
56896[UE 1 | RB 1] Throughput = 1.09150 Mbps
56997[UE 1 | RB 1] Throughput = 0.95411 Mbps
57106[UE 1 | RB 1] Throughput = 0.98140 Mbps
57207[UE 1 | RB 1] Throughput = 0.71667 Mbps
57316[UE 1 | RB 1] Throughput = 1.64136 Mbps
57426[UE 1 | RB 1] Throughput = 0.65372 Mbps
57536[UE 1 | RB 1] Throughput = 1.30488 Mbps
57646[UE 1 | RB 1] Throughput = 1.19837 Mbps
57756[UE 1 | RB 1] Throughput = 1.09046 Mbps
57857[UE 1 | RB 1] Throughput = 0.83669 Mbps
57966[UE 1 | RB 1] Throughput = 1.20393 Mbps
58067[UE 1 | RB 1] Throughput = 0.71521 Mbps
58167[UE 1 | RB 1] Throughput = 1.31770 Mbps
58277[UE 1 | RB 1] Throughput = 1.19976 Mbps
58386[UE 1 | RB 1] Throughput = 1.09543 Mbps
58486[UE 1 | RB 1] Throughput = 0.95710 Mbps
58586[UE 1 | RB 1] Throughput = 1.07654 Mbps
58686[UE 1 | RB 1] Throughput = 1.19666 Mbps
58796[UE 1 | RB 1] Throughput = 0.76468 Mbps
58906[UE 1 | RB 1] Throughput = 1.30687 Mbps
59007[UE 1 | RB 1] Throughput = 0.95403 Mbps
59116[UE 1 | RB 1] Throughput = 0.76643 Mbps
59217[UE 1 | RB 1] Throughput = 1.31271 Mbps
59326[UE 1 | RB 1] Throughput = 1.31324 Mbps
59427[UE 1 | RB 1] Throughput = 0.59466 Mbps
59536[UE 1 | RB 1] Throughput = 1.20277 Mbps
59637[UE 1 | RB 1] Throughput = 1.31631 Mbps
59747[UE 1 | RB 1] Throughput = 0.54409 Mbps
59856[UE 1 | RB 1] Throughput = 1.42077 Mbps
59966[UE 1 | RB 1] Throughput = 1.09315 Mbps
60066[UE 1 | RB 1] Throughput = 1.19443 Mbps
60176[UE 1 | RB 1] Throughput = 0.87254 Mbps
60276[UE 1 | RB 1] Throughput = 1.31653 Mbps
60376[UE 1 | RB 1] Throughput = 0.95801 Mbps
60487[UE 1 | RB 1] Throughput = 1.08796 Mbps
60596[UE 1 | RB 1] Throughput = 1.09047 Mbps
60697[UE 1 | RB 1] Throughput = 1.07713 Mbps
60807[UE 1 | RB 1] Throughput = 1.08825 Mbps
60917[UE 1 | RB 1] Throughput = 1.20039 Mbps
61027[UE 1 | RB 1] Throughput = 0.65304 Mbps
61127[UE 1 | RB 1] Throughput = 1.19663 Mbps
61236[UE 1 | RB 1] Throughput = 1.20378 Mbps
61336[UE 1 | RB 1] Throughput = 1.19773 Mbps
61436[UE 1 | RB 1] Throughput = 0.59891 Mbps
61547[UE 1 | RB 1] Throughput = 1.30541 Mbps
61647[UE 1 | RB 1] Throughput = 1.31481 Mbps
61757[UE 1 | RB 1] Throughput = 0.87275 Mbps
61867[UE 1 | RB 1] Throughput = 1.30782 Mbps
61976[UE 1 | RB 1] Throughput = 0.54600 Mbps
62076[UE 1 | RB 1] Throughput = 1.31688 Mbps
62177[UE 1 | RB 1] Throughput = 1.31758 Mbps
62287[UE 1 | RB 1] Throughput = 0.65297 Mbps
62396[UE 1 | RB 1] Throughput = 1.30976 Mbps
62506[UE 1 | RB 1] Throughput = 1.19957 Mbps
62607[UE 1 | RB 1] Throughput = 0.71660 Mbps
62716[UE 1 | RB 1] Throughput = 1.20109 Mbps
62817[UE 1 | RB 1] Throughput = 1.31570 Mbps
62927[UE 1 | RB 1] Throughput = 0.76132 Mbps
63037[UE 1 | RB 1] Throughput = 1.20125 Mbps
63147[UE 1 | RB 1] Throughput = 1.19811 Mbps
63247[UE 1 | RB 1] Throughput = 0.71760 Mbps
63357[UE 1 | RB 1] Throughput = 1.20147 Mbps
63457[UE 1 | RB 1] Throughput = 1.43802 Mbps
63567[UE 1 | RB 1] Throughput = 0.54398 Mbps
63676[UE 1 | RB 1] Throughput = 1.31035 Mbps
63776[UE 1 | RB 1] Throughput = 1.31734 Mbps
63886[UE 1 | RB 1] Throughput = 0.87229 Mbps
63987[UE 1 | RB 1] Throughput = 1.07329 Mbps
64097[UE 1 | RB 1] Throughput = 1.08961 Mbps
64207[UE 1 | RB 1] Throughput = 1.20123 Mbps
64317[UE 1 | RB 1] Throughput = 0.76155 Mbps
64417[UE 1 | RB 1] Throughput = 1.43485 Mbps
64527[UE 1 | RB 1] Throughput = 0.65450 Mbps
64627[UE 1 | RB 1] Throughput = 1.43630 Mbps
64727[UE 1 | RB 1] Throughput = 0.71867 Mbps
64827[UE 1 | RB 1] Throughput = 1.31749 Mbps
64927[UE 1 | RB 1] Throughput = 1.19806 Mbps
65037[UE 1 | RB 1] Throughput = 0.65723 Mbps
65147[UE 1 | RB 1] Throughput = 1.30579 Mbps
65247[UE 1 | RB 1] Throughput = 1.31462 Mbps
65357[UE 1 | RB 1] Throughput = 0.65430 Mbps
65457[UE 1 | RB 1] Throughput = 1.19733 Mbps
65567[UE 1 | RB 1] Throughput = 1.30915 Mbps
65677[UE 1 | RB 1] Throughput = 0.87095 Mbps
65787[UE 1 | RB 1] Throughput = 1.19818 Mbps
65887[UE 1 | RB 1] Throughput = 0.83772 Mbps
65997[UE 1 | RB 1] Throughput = 1.09353 Mbps
66097[UE 1 | RB 1] Throughput = 1.31749 Mbps
66197[UE 1 | RB 1] Throughput = 1.07763 Mbps
66297[UE 1 | RB 1] Throughput = 0.83848 Mbps
66397[UE 1 | RB 1] Throughput = 1.07856 Mbps
66507[UE 1 | RB 1] Throughput = 1.08990 Mbps
66617[UE 1 | RB 1] Throughput = 1.30615 Mbps
66717[UE 1 | RB 1] Throughput = 0.71832 Mbps
66817[UE 1 | RB 1] Throughput = 1.31713 Mbps
66927[UE 1 | RB 1] Throughput = 0.65404 Mbps
67037[UE 1 | RB 1] Throughput = 1.63387 Mbps
67147[UE 1 | RB 1] Throughput = 0.65275 Mbps
67257[UE 1 | RB 1] Throughput = 1.30808 Mbps
67367[UE 1 | RB 1] Throughput = 0.98048 Mbps
67477[UE 1 | RB 1] Throughput = 1.20431 Mbps
67577[UE 1 | RB 1] Throughput = 0.71677 Mbps
67677[UE 1 | RB 1] Throughput = 1.31765 Mbps
67777[UE 1 | RB 1] Throughput = 1.19743 Mbps
67887[UE 1 | RB 1] Throughput = 1.08822 Mbps
67997[UE 1 | RB 1] Throughput = 0.65497 Mbps
68097[UE 1 | RB 1] Throughput = 1.31675 Mbps
68207[UE 1 | RB 1] Throughput = 1.09236 Mbps
68307[UE 1 | RB 1] Throughput = 1.31566 Mbps
68417[UE 1 | RB 1] Throughput = 0.65125 Mbps
68527[UE 1 | RB 1] Throughput = 1.31160 Mbps
68637[UE 1 | RB 1] Throughput = 0.76413 Mbps
68737[UE 1 | RB 1] Throughput = 1.19224 Mbps
68847[UE 1 | RB 1] Throughput = 1.09375 Mbps
68957[UE 1 | RB 1] Throughput = 1.19848 Mbps
69057[UE 1 | RB 1] Throughput = 1.31648 Mbps
69157[UE 1 | RB 1] Throughput = 0.59852 Mbps
69267[UE 1 | RB 1] Throughput = 1.20017 Mbps
69377[UE 1 | RB 1] Throughput = 1.19979 Mbps
69477[UE 1 | RB 1] Throughput = 1.07781 Mbps
69587[UE 1 | RB 1] Throughput = 1.09012 Mbps
69687[UE 1 | RB 1] Throughput = 0.83720 Mbps
69787[UE 1 | RB 1] Throughput = 1.19700 Mbps
69887[UE 1 | RB 1] Throughput = 1.19747 Mbps
69997[UE 1 | RB 1] Throughput = 0.98143 Mbps
70107[UE 1 | RB 1] Throughput = 0.87404 Mbps
70207[UE 1 | RB 1] Throughput = 1.31765 Mbps
70317[UE 1 | RB 1] Throughput = 1.08947 Mbps
70417[UE 1 | RB 1] Throughput = 1.19640 Mbps
70527[UE 1 | RB 1] Throughput = 0.98034 Mbps
70628[UE 1 | RB 1] Throughput = 0.83400 Mbps
70737[UE 1 | RB 1] Throughput = 1.20617 Mbps
70847[UE 1 | RB 1] Throughput = 1.19799 Mbps
70947[UE 1 | RB 1] Throughput = 0.71814 Mbps
71047[UE 1 | RB 1] Throughput = 1.19683 Mbps
71157[UE 1 | RB 1] Throughput = 1.09066 Mbps
71257[UE 1 | RB 1] Throughput = 1.19759 Mbps
71367[UE 1 | RB 1] Throughput = 1.19899 Mbps
71477[UE 1 | RB 1] Throughput = 0.97900 Mbps
71587[UE 1 | RB 1] Throughput = 0.87350 Mbps
71687[UE 1 | RB 1] Throughput = 1.19569 Mbps
71787[UE 1 | RB 1] Throughput = 0.95855 Mbps
71897[UE 1 | RB 1] Throughput = 0.87198 Mbps
71997[UE 1 | RB 1] Throughput = 1.31766 Mbps
72097[UE 1 | RB 1] Throughput = 0.83786 Mbps
72207[UE 1 | RB 1] Throughput = 1.30999 Mbps
72317[UE 1 | RB 1] Throughput = 0.98128 Mbps
72427[UE 1 | RB 1] Throughput = 0.76445 Mbps
72527[UE 1 | RB 1] Throughput = 1.31524 Mbps
72628[UE 1 | RB 1] Throughput = 1.07253 Mbps
72737[UE 1 | RB 1] Throughput = 1.20530 Mbps
72847[UE 1 | RB 1] Throughput = 0.98134 Mbps
72947[UE 1 | RB 1] Throughput = 1.19418 Mbps
73057[UE 1 | RB 1] Throughput = 0.98142 Mbps
73157[UE 1 | RB 1] Throughput = 0.59886 Mbps
73257[UE 1 | RB 1] Throughput = 1.55688 Mbps
73367[UE 1 | RB 1] Throughput = 1.20133 Mbps
73467[UE 1 | RB 1] Throughput = 1.07745 Mbps
73567[UE 1 | RB 1] Throughput = 1.07690 Mbps
73677[UE 1 | RB 1] Throughput = 1.09129 Mbps
73787[UE 1 | RB 1] Throughput = 1.20105 Mbps
73887[UE 1 | RB 1] Throughput = 0.59724 Mbps
73987[UE 1 | RB 1] Throughput = 1.43643 Mbps
74097[UE 1 | RB 1] Throughput = 0.87345 Mbps
74207[UE 1 | RB 1] Throughput = 0.97940 Mbps
74317[UE 1 | RB 1] Throughput = 1.20043 Mbps
74417[UE 1 | RB 1] Throughput = 0.83749 Mbps
74527[UE 1 | RB 1] Throughput = 1.19962 Mbps
74637[UE 1 | RB 1] Throughput = 1.20157 Mbps
74737[UE 1 | RB 1] Throughput = 0.71767 Mbps
74837[UE 1 | RB 1] Throughput = 1.31531 Mbps
74947[UE 1 | RB 1] Throughput = 1.08951 Mbps
75047[UE 1 | RB 1] Throughput = 1.31279 Mbps
75157[UE 1 | RB 1] Throughput = 0.65715 Mbps
75258[UE 1 | RB 1] Throughput = 1.42489 Mbps
75367[UE 1 | RB 1] Throughput = 0.76639 Mbps
75477[UE 1 | RB 1] Throughput = 1.31035 Mbps
75587[UE 1 | RB 1] Throughput = 0.97698 Mbps
75697[UE 1 | RB 1] Throughput = 1.09253 Mbps
75808[UE 1 | RB 1] Throughput = 1.19089 Mbps
75917[UE 1 | RB 1] Throughput = 0.87620 Mbps
76017[UE 1 | RB 1] Throughput = 1.19769 Mbps
76117[UE 1 | RB 1] Throughput = 0.95823 Mbps
76227[UE 1 | RB 1] Throughput = 1.19833 Mbps
76337[UE 1 | RB 1] Throughput = 0.98207 Mbps
76437[UE 1 | RB 1] Throughput = 1.07577 Mbps
76547[UE 1 | RB 1] Throughput = 1.09112 Mbps
76657[UE 1 | RB 1] Throughput = 1.08942 Mbps
76757[UE 1 | RB 1] Throughput = 0.83861 Mbps
76857[UE 1 | RB 1] Throughput = 1.19750 Mbps
76967[UE 1 | RB 1] Throughput = 1.08988 Mbps
77077[UE 1 | RB 1] Throughput = 1.20276 Mbps
77177[UE 1 | RB 1] Throughput = 1.19498 Mbps
77287[UE 1 | RB 1] Throughput = 0.65375 Mbps
77387[UE 1 | RB 1] Throughput = 1.19541 Mbps
77497[UE 1 | RB 1] Throughput = 1.19948 Mbps
77597[UE 1 | RB 1] Throughput = 1.07756 Mbps
77698[UE 1 | RB 1] Throughput = 1.07488 Mbps
77807[UE 1 | RB 1] Throughput = 0.98431 Mbps
77907[UE 1 | RB 1] Throughput = 1.19781 Mbps
78017[UE 1 | RB 1] Throughput = 0.76261 Mbps
78127[UE 1 | RB 1] Throughput = 1.20067 Mbps
78227[UE 1 | RB 1] Throughput = 1.31438 Mbps
78328[UE 1 | RB 1] Throughput = 0.83650 Mbps
78438[UE 1 | RB 1] Throughput = 1.31062 Mbps
78547[UE 1 | RB 1] Throughput = 1.09477 Mbps
78647[UE 1 | RB 1] Throughput = 0.83764 Mbps
78747[UE 1 | RB 1] Throughput = 1.31390 Mbps
78857[UE 1 | RB 1] Throughput = 0.65377 Mbps
78967[UE 1 | RB 1] Throughput = 1.30937 Mbps
79067[UE 1 | RB 1] Throughput = 0.71776 Mbps
79167[UE 1 | RB 1] Throughput = 1.43786 Mbps
79278[UE 1 | RB 1] Throughput = 1.19615 Mbps
79387[UE 1 | RB 1] Throughput = 0.65575 Mbps
79487[UE 1 | RB 1] Throughput = 1.43705 Mbps
79587[UE 1 | RB 1] Throughput = 1.19777 Mbps
79697[UE 1 | RB 1] Throughput = 0.65342 Mbps
79808[UE 1 | RB 1] Throughput = 1.19772 Mbps
79917[UE 1 | RB 1] Throughput = 1.30894 Mbps
80018[UE 1 | RB 1] Throughput = 0.59824 Mbps
80118[UE 1 | RB 1] Throughput = 1.19798 Mbps
80227[UE 1 | RB 1] Throughput = 1.31149 Mbps
80328[UE 1 | RB 1] Throughput = 1.19535 Mbps
80437[UE 1 | RB 1] Throughput = 0.65393 Mbps
80548[UE 1 | RB 1] Throughput = 1.19640 Mbps
80658[UE 1 | RB 1] Throughput = 1.19904 Mbps
80758[UE 1 | RB 1] Throughput = 1.19704 Mbps
80867[UE 1 | RB 1] Throughput = 0.87696 Mbps
80967[UE 1 | RB 1] Throughput = 0.95477 Mbps
81068[UE 1 | RB 1] Throughput = 0.95555 Mbps
81178[UE 1 | RB 1] Throughput = 1.20077 Mbps
81278[UE 1 | RB 1] Throughput = 1.07571 Mbps
81387[UE 1 | RB 1] Throughput = 1.20370 Mbps
81497[UE 1 | RB 1] Throughput = 1.20098 Mbps
81598[UE 1 | RB 1] Throughput = 0.83408 Mbps
81708[UE 1 | RB 1] Throughput = 1.30733 Mbps
81817[UE 1 | RB 1] Throughput = 0.65660 Mbps
81917[UE 1 | RB 1] Throughput = 1.43512 Mbps
82017[UE 1 | RB 1] Throughput = 0.71872 Mbps
82117[UE 1 | RB 1] Throughput = 1.31790 Mbps
82218[UE 1 | RB 1] Throughput = 0.71699 Mbps
82318[UE 1 | RB 1] Throughput = 1.43743 Mbps
82418[UE 1 | RB 1] Throughput = 1.19773 Mbps
82528[UE 1 | RB 1] Throughput = 0.98347 Mbps
82628[UE 1 | RB 1] Throughput = 0.71594 Mbps
82728[UE 1 | RB 1] Throughput = 1.07810 Mbps
82837[UE 1 | RB 1] Throughput = 1.09539 Mbps
82938[UE 1 | RB 1] Throughput = 1.42946 Mbps
83048[UE 1 | RB 1] Throughput = 0.98262 Mbps
83158[UE 1 | RB 1] Throughput = 0.97741 Mbps
83268[UE 1 | RB 1] Throughput = 1.09254 Mbps
83378[UE 1 | RB 1] Throughput = 1.08996 Mbps
83488[UE 1 | RB 1] Throughput = 1.30792 Mbps
83588[UE 1 | RB 1] Throughput = 0.59910 Mbps
83698[UE 1 | RB 1] Throughput = 1.41466 Mbps
83807[UE 1 | RB 1] Throughput = 0.98387 Mbps
83908[UE 1 | RB 1] Throughput = 1.07743 Mbps
84008[UE 1 | RB 1] Throughput = 0.71755 Mbps
84118[UE 1 | RB 1] Throughput = 1.52801 Mbps
84218[UE 1 | RB 1] Throughput = 0.83802 Mbps
84318[UE 1 | RB 1] Throughput = 1.07688 Mbps
84418[UE 1 | RB 1] Throughput = 1.07492 Mbps
84528[UE 1 | RB 1] Throughput = 1.09404 Mbps
84628[UE 1 | RB 1] Throughput = 1.07753 Mbps
84738[UE 1 | RB 1] Throughput = 0.98203 Mbps
84838[UE 1 | RB 1] Throughput = 1.07728 Mbps
84938[UE 1 | RB 1] Throughput = 1.07729 Mbps
85048[UE 1 | RB 1] Throughput = 0.87115 Mbps
85158[UE 1 | RB 1] Throughput = 1.08918 Mbps
85268[UE 1 | RB 1] Throughput = 1.41234 Mbps
85378[UE 1 | RB 1] Throughput = 0.98389 Mbps
85488[UE 1 | RB 1] Throughput = 0.98074 Mbps
85598[UE 1 | RB 1] Throughput = 1.09015 Mbps
85707[UE 1 | RB 1] Throughput = 1.20275 Mbps
85818[UE 1 | RB 1] Throughput = 0.65050 Mbps
85928[UE 1 | RB 1] Throughput = 1.30804 Mbps
86028[UE 1 | RB 1] Throughput = 1.31659 Mbps
86137[UE 1 | RB 1] Throughput = 0.65681 Mbps
86238[UE 1 | RB 1] Throughput = 1.42865 Mbps
86348[UE 1 | RB 1] Throughput = 1.20020 Mbps
86458[UE 1 | RB 1] Throughput = 0.65355 Mbps
86568[UE 1 | RB 1] Throughput = 1.19820 Mbps
86678[UE 1 | RB 1] Throughput = 1.20067 Mbps
86778[UE 1 | RB 1] Throughput = 0.71768 Mbps
86878[UE 1 | RB 1] Throughput = 1.43689 Mbps
86988[UE 1 | RB 1] Throughput = 1.19964 Mbps
87088[UE 1 | RB 1] Throughput = 0.95709 Mbps
87198[UE 1 | RB 1] Throughput = 1.09057 Mbps
87308[UE 1 | RB 1] Throughput = 0.54479 Mbps
87408[UE 1 | RB 1] Throughput = 1.31469 Mbps
87518[UE 1 | RB 1] Throughput = 1.09314 Mbps
87618[UE 1 | RB 1] Throughput = 1.19553 Mbps
87728[UE 1 | RB 1] Throughput = 1.20204 Mbps
87838[UE 1 | RB 1] Throughput = 0.65249 Mbps
87948[UE 1 | RB 1] Throughput = 1.41439 Mbps
88058[UE 1 | RB 1] Throughput = 0.65727 Mbps
88158[UE 1 | RB 1] Throughput = 1.19688 Mbps
88258[UE 1 | RB 1] Throughput = 0.83818 Mbps
88358[UE 1 | RB 1] Throughput = 1.07708 Mbps
88458[UE 1 | RB 1] Throughput = 1.19718 Mbps
88568[UE 1 | RB 1] Throughput = 0.76487 Mbps
88668[UE 1 | RB 1] Throughput = 1.55720 Mbps
88768[UE 1 | RB 1] Throughput = 1.31354 Mbps
88878[UE 1 | RB 1] Throughput = 0.87381 Mbps
88978[UE 1 | RB 1] Throughput = 1.19554 Mbps
89088[UE 1 | RB 1] Throughput = 1.19758 Mbps
89198[UE 1 | RB 1] Throughput = 1.08842 Mbps
89308[UE 1 | RB 1] Throughput = 1.09515 Mbps
89408[UE 1 | RB 1] Throughput = 0.71829 Mbps
89508[UE 1 | RB 1] Throughput = 1.19397 Mbps
89618[UE 1 | RB 1] Throughput = 1.09294 Mbps
89728[UE 1 | RB 1] Throughput = 1.08988 Mbps
89838[UE 1 | RB 1] Throughput = 0.98006 Mbps
89938[UE 1 | RB 1] Throughput = 1.31345 Mbps
[xApp]: E42 RIC_SUBSCRIPTION_DELETE_REQUEST tx RAN_FUNC_ID 144 RIC_REQ_ID 1 
[xApp]: E42 SUBSCRIPTION DELETE RESPONSE rx
[xApp]: E42 RIC_SUBSCRIPTION_DELETE_REQUEST tx RAN_FUNC_ID 144 RIC_REQ_ID 2 
[xApp]: E42 SUBSCRIPTION DELETE RESPONSE rx
[xApp]: E42 RIC_SUBSCRIPTION_DELETE_REQUEST tx RAN_FUNC_ID 144 RIC_REQ_ID 3 
[xApp]: E42 SUBSCRIPTION DELETE RESPONSE rx
[xApp]: Sucessfully stopped 
Test xApp run SUCCESSFULLY
