[UTIL]: Setting the config -c file to /usr/local/etc/flexric/flexric.conf
[UTIL]: Setting path -p for the shared libraries to /usr/local/lib/flexric/
[xAapp]: Initializing ... 
[xApp]: nearRT-RIC IP Address = 192.168.70.150, PORT = 36422
[E2 AGENT]: Opening plugin from path = /usr/local/lib/flexric/libkpm_sm.so 
[E2 AGENT]: Opening plugin from path = /usr/local/lib/flexric/libmac_sm.so 
[E2 AGENT]: Opening plugin from path = /usr/local/lib/flexric/libpdcp_sm.so 
[E2 AGENT]: Opening plugin from path = /usr/local/lib/flexric/libgtp_sm.so 
[E2 AGENT]: Opening plugin from path = /usr/local/lib/flexric/librc_sm.so 
[E2 AGENT]: Opening plugin from path = /usr/local/lib/flexric/libtc_sm.so 
[E2 AGENT]: Opening plugin from path = /usr/local/lib/flexric/librlc_sm.so 
[E2 AGENT]: Opening plugin from path = /usr/local/lib/flexric/libslice_sm.so 
[NEAR-RIC]: Loading SM ID = 2 with def = ORAN-E2SM-KPM 
[NEAR-RIC]: Loading SM ID = 142 with def = MAC_STATS_V0 
[NEAR-RIC]: Loading SM ID = 144 with def = PDCP_STATS_V0 
[NEAR-RIC]: Loading SM ID = 148 with def = GTP_STATS_V0 
[NEAR-RIC]: Loading SM ID = 3 with def = ORAN-E2SM-RC 
[NEAR-RIC]: Loading SM ID = 146 with def = TC_STATS_V0 
[NEAR-RIC]: Loading SM ID = 143 with def = RLC_STATS_V0 
[NEAR-RIC]: Loading SM ID = 145 with def = SLICE_STATS_V0 
[xApp]: DB filename = /tmp/flexric/xapp_db 
 [xApp]: E42 SETUP-REQUEST tx
[xApp]: E42 SETUP-RESPONSE rx 
[xApp]: xApp ID = 14 
[xApp]: Registered E2 Nodes = 3 
Connected E2 nodes = 3
[xAPP] Registered node 0 ran func id = 2 
 [xAPP] Registered node 0 ran func id = 3 
 [xAPP] Registered node 0 ran func id = 142 
 [xAPP] Registered node 0 ran func id = 143 
 [xAPP] Registered node 0 ran func id = 144 
 [xAPP] Registered node 0 ran func id = 145 
 [xAPP] Registered node 0 ran func id = 146 
 [xAPP] Registered node 0 ran func id = 148 
 [xApp]: E42 RIC SUBSCRIPTION REQUEST tx RAN_FUNC_ID 144 RIC_REQ_ID 1 
[xApp]: SUBSCRIPTION RESPONSE rx
[xApp]: Successfully subscribed to RAN_FUNC_ID 144 
[xAPP] Registered node 1 ran func id = 2 
 [xAPP] Registered node 1 ran func id = 3 
 [xAPP] Registered node 1 ran func id = 142 
 [xAPP] Registered node 1 ran func id = 143 
 [xAPP] Registered node 1 ran func id = 144 
 [xAPP] Registered node 1 ran func id = 145 
 [xAPP] Registered node 1 ran func id = 146 
 [xAPP] Registered node 1 ran func id = 148 
 [xApp]: E42 RIC SUBSCRIPTION REQUEST tx RAN_FUNC_ID 144 RIC_REQ_ID 2 
[xApp]: SUBSCRIPTION RESPONSE rx
[xApp]: Successfully subscribed to RAN_FUNC_ID 144 
[xAPP] Registered node 2 ran func id = 2 
 [xAPP] Registered node 2 ran func id = 3 
 [xAPP] Registered node 2 ran func id = 142 
 [xAPP] Registered node 2 ran func id = 143 
 [xAPP] Registered node 2 ran func id = 144 
 [xAPP] Registered node 2 ran func id = 145 
 [xAPP] Registered node 2 ran func id = 146 
 [xAPP] Registered node 2 ran func id = 148 
 [xApp]: E42 RIC SUBSCRIPTION REQUEST tx RAN_FUNC_ID 144 RIC_REQ_ID 3 
[xApp]: SUBSCRIPTION RESPONSE rx
[xApp]: Successfully subscribed to RAN_FUNC_ID 144 
123[UE 1 | RB 1] Throughput = 1.30650 Mbps
233[UE 1 | RB 1] Throughput = 1.19985 Mbps
333[UE 1 | RB 1] Throughput = 0.71894 Mbps
433[UE 1 | RB 1] Throughput = 0.71869 Mbps
533[UE 1 | RB 1] Throughput = 0.95804 Mbps
643[UE 1 | RB 1] Throughput = 1.63598 Mbps
743[UE 1 | RB 1] Throughput = 1.07820 Mbps
853[UE 1 | RB 1] Throughput = 0.76433 Mbps
953[UE 1 | RB 1] Throughput = 1.19272 Mbps
1063[UE 1 | RB 1] Throughput = 0.98255 Mbps
1163[UE 1 | RB 1] Throughput = 1.31717 Mbps
1273[UE 1 | RB 1] Throughput = 0.98401 Mbps
1373[UE 1 | RB 1] Throughput = 1.19793 Mbps
1473[UE 1 | RB 1] Throughput = 0.71880 Mbps
1573[UE 1 | RB 1] Throughput = 1.31771 Mbps
1673[UE 1 | RB 1] Throughput = 0.83834 Mbps
1773[UE 1 | RB 1] Throughput = 1.43796 Mbps
1873[UE 1 | RB 1] Throughput = 0.71546 Mbps
1983[UE 1 | RB 1] Throughput = 1.20721 Mbps
2083[UE 1 | RB 1] Throughput = 1.31295 Mbps
2193[UE 1 | RB 1] Throughput = 1.08758 Mbps
2303[UE 1 | RB 1] Throughput = 0.87329 Mbps
2403[UE 1 | RB 1] Throughput = 0.83771 Mbps
2513[UE 1 | RB 1] Throughput = 1.31152 Mbps
2613[UE 1 | RB 1] Throughput = 1.07672 Mbps
2713[UE 1 | RB 1] Throughput = 0.71884 Mbps
2813[UE 1 | RB 1] Throughput = 1.43640 Mbps
2923[UE 1 | RB 1] Throughput = 0.76503 Mbps
3023[UE 1 | RB 1] Throughput = 1.31316 Mbps
3133[UE 1 | RB 1] Throughput = 1.20221 Mbps
3233[UE 1 | RB 1] Throughput = 0.83765 Mbps
3333[UE 1 | RB 1] Throughput = 1.19715 Mbps
3443[UE 1 | RB 1] Throughput = 1.08774 Mbps
3544[UE 1 | RB 1] Throughput = 0.83586 Mbps
3653[UE 1 | RB 1] Throughput = 1.20742 Mbps
3753[UE 1 | RB 1] Throughput = 0.83582 Mbps
3863[UE 1 | RB 1] Throughput = 1.41895 Mbps
3963[UE 1 | RB 1] Throughput = 1.07275 Mbps
4073[UE 1 | RB 1] Throughput = 1.09104 Mbps
4183[UE 1 | RB 1] Throughput = 0.76251 Mbps
4293[UE 1 | RB 1] Throughput = 1.19927 Mbps
4403[UE 1 | RB 1] Throughput = 1.30581 Mbps
4504[UE 1 | RB 1] Throughput = 0.71703 Mbps
4613[UE 1 | RB 1] Throughput = 1.20225 Mbps
4723[UE 1 | RB 1] Throughput = 0.65361 Mbps
4833[UE 1 | RB 1] Throughput = 1.42068 Mbps
4933[UE 1 | RB 1] Throughput = 0.71568 Mbps
5043[UE 1 | RB 1] Throughput = 1.30762 Mbps
5153[UE 1 | RB 1] Throughput = 1.30821 Mbps
5263[UE 1 | RB 1] Throughput = 0.98182 Mbps
5363[UE 1 | RB 1] Throughput = 0.71772 Mbps
5463[UE 1 | RB 1] Throughput = 1.43796 Mbps
5574[UE 1 | RB 1] Throughput = 0.65262 Mbps
5683[UE 1 | RB 1] Throughput = 1.30906 Mbps
5793[UE 1 | RB 1] Throughput = 1.20138 Mbps
5893[UE 1 | RB 1] Throughput = 1.31638 Mbps
6003[UE 1 | RB 1] Throughput = 0.76124 Mbps
6113[UE 1 | RB 1] Throughput = 1.30870 Mbps
6214[UE 1 | RB 1] Throughput = 0.71645 Mbps
6323[UE 1 | RB 1] Throughput = 1.20665 Mbps
6423[UE 1 | RB 1] Throughput = 1.07404 Mbps
6533[UE 1 | RB 1] Throughput = 0.87202 Mbps
6643[UE 1 | RB 1] Throughput = 1.41739 Mbps
6753[UE 1 | RB 1] Throughput = 0.65467 Mbps
6863[UE 1 | RB 1] Throughput = 1.30901 Mbps
6973[UE 1 | RB 1] Throughput = 1.19552 Mbps
7083[UE 1 | RB 1] Throughput = 1.08989 Mbps
7193[UE 1 | RB 1] Throughput = 1.09278 Mbps
7293[UE 1 | RB 1] Throughput = 0.71478 Mbps
7403[UE 1 | RB 1] Throughput = 1.08900 Mbps
7513[UE 1 | RB 1] Throughput = 1.09006 Mbps
7623[UE 1 | RB 1] Throughput = 1.30640 Mbps
7733[UE 1 | RB 1] Throughput = 1.20050 Mbps
7833[UE 1 | RB 1] Throughput = 0.59917 Mbps
7943[UE 1 | RB 1] Throughput = 1.19780 Mbps
8043[UE 1 | RB 1] Throughput = 1.07796 Mbps
8153[UE 1 | RB 1] Throughput = 0.65492 Mbps
8253[UE 1 | RB 1] Throughput = 1.43732 Mbps
8363[UE 1 | RB 1] Throughput = 1.08956 Mbps
8464[UE 1 | RB 1] Throughput = 1.43378 Mbps
8573[UE 1 | RB 1] Throughput = 0.98182 Mbps
8683[UE 1 | RB 1] Throughput = 0.98262 Mbps
8793[UE 1 | RB 1] Throughput = 1.19591 Mbps
8894[UE 1 | RB 1] Throughput = 0.59806 Mbps
9003[UE 1 | RB 1] Throughput = 1.20303 Mbps
9104[UE 1 | RB 1] Throughput = 1.30970 Mbps
9214[UE 1 | RB 1] Throughput = 1.19967 Mbps
9324[UE 1 | RB 1] Throughput = 0.87191 Mbps
9434[UE 1 | RB 1] Throughput = 1.30805 Mbps
9544[UE 1 | RB 1] Throughput = 0.54495 Mbps
9644[UE 1 | RB 1] Throughput = 1.31755 Mbps
9753[UE 1 | RB 1] Throughput = 1.20158 Mbps
9854[UE 1 | RB 1] Throughput = 0.83700 Mbps
9954[UE 1 | RB 1] Throughput = 1.07753 Mbps
10063[UE 1 | RB 1] Throughput = 1.20191 Mbps
10163[UE 1 | RB 1] Throughput = 1.19777 Mbps
10273[UE 1 | RB 1] Throughput = 1.08921 Mbps
10374[UE 1 | RB 1] Throughput = 0.95655 Mbps
10483[UE 1 | RB 1] Throughput = 1.20071 Mbps
10593[UE 1 | RB 1] Throughput = 1.08877 Mbps
10703[UE 1 | RB 1] Throughput = 1.09242 Mbps
10804[UE 1 | RB 1] Throughput = 0.83544 Mbps
10913[UE 1 | RB 1] Throughput = 1.20230 Mbps
11014[UE 1 | RB 1] Throughput = 0.83609 Mbps
11124[UE 1 | RB 1] Throughput = 0.86867 Mbps
11234[UE 1 | RB 1] Throughput = 1.30937 Mbps
11343[UE 1 | RB 1] Throughput = 1.09270 Mbps
11443[UE 1 | RB 1] Throughput = 1.19796 Mbps
11544[UE 1 | RB 1] Throughput = 0.71753 Mbps
11644[UE 1 | RB 1] Throughput = 1.43212 Mbps
11754[UE 1 | RB 1] Throughput = 1.09435 Mbps
11863[UE 1 | RB 1] Throughput = 1.20077 Mbps
11974[UE 1 | RB 1] Throughput = 0.97910 Mbps
12084[UE 1 | RB 1] Throughput = 0.65370 Mbps
12193[UE 1 | RB 1] Throughput = 1.09314 Mbps
12293[UE 1 | RB 1] Throughput = 1.19470 Mbps
12403[UE 1 | RB 1] Throughput = 1.30733 Mbps
12513[UE 1 | RB 1] Throughput = 0.65434 Mbps
12613[UE 1 | RB 1] Throughput = 1.43758 Mbps
12714[UE 1 | RB 1] Throughput = 1.07687 Mbps
12824[UE 1 | RB 1] Throughput = 0.76213 Mbps
12924[UE 1 | RB 1] Throughput = 1.19775 Mbps
13024[UE 1 | RB 1] Throughput = 1.19729 Mbps
13134[UE 1 | RB 1] Throughput = 1.19979 Mbps
13244[UE 1 | RB 1] Throughput = 1.08708 Mbps
13354[UE 1 | RB 1] Throughput = 0.98072 Mbps
13464[UE 1 | RB 1] Throughput = 0.87208 Mbps
13574[UE 1 | RB 1] Throughput = 1.19960 Mbps
13674[UE 1 | RB 1] Throughput = 1.07777 Mbps
13774[UE 1 | RB 1] Throughput = 1.07793 Mbps
13874[UE 1 | RB 1] Throughput = 1.19445 Mbps
13984[UE 1 | RB 1] Throughput = 0.98509 Mbps
14084[UE 1 | RB 1] Throughput = 1.07506 Mbps
14184[UE 1 | RB 1] Throughput = 0.71882 Mbps
14294[UE 1 | RB 1] Throughput = 1.42142 Mbps
14394[UE 1 | RB 1] Throughput = 0.71814 Mbps
14494[UE 1 | RB 1] Throughput = 1.31436 Mbps
14604[UE 1 | RB 1] Throughput = 1.09005 Mbps
14704[UE 1 | RB 1] Throughput = 1.07584 Mbps
14814[UE 1 | RB 1] Throughput = 0.98656 Mbps
14914[UE 1 | RB 1] Throughput = 1.31820 Mbps
15014[UE 1 | RB 1] Throughput = 0.71801 Mbps
15124[UE 1 | RB 1] Throughput = 1.08851 Mbps
15234[UE 1 | RB 1] Throughput = 1.19973 Mbps
15334[UE 1 | RB 1] Throughput = 0.71585 Mbps
15444[UE 1 | RB 1] Throughput = 1.20075 Mbps
15544[UE 1 | RB 1] Throughput = 1.19513 Mbps
15654[UE 1 | RB 1] Throughput = 1.20428 Mbps
15754[UE 1 | RB 1] Throughput = 0.83738 Mbps
15854[UE 1 | RB 1] Throughput = 1.31806 Mbps
15964[UE 1 | RB 1] Throughput = 0.65512 Mbps
16064[UE 1 | RB 1] Throughput = 1.31581 Mbps
16164[UE 1 | RB 1] Throughput = 1.19612 Mbps
16274[UE 1 | RB 1] Throughput = 1.09090 Mbps
16374[UE 1 | RB 1] Throughput = 1.07644 Mbps
16474[UE 1 | RB 1] Throughput = 1.07692 Mbps
16584[UE 1 | RB 1] Throughput = 1.20208 Mbps
16684[UE 1 | RB 1] Throughput = 0.59679 Mbps
16794[UE 1 | RB 1] Throughput = 1.20322 Mbps
16894[UE 1 | RB 1] Throughput = 1.19542 Mbps
17004[UE 1 | RB 1] Throughput = 0.98139 Mbps
17104[UE 1 | RB 1] Throughput = 1.07790 Mbps
17214[UE 1 | RB 1] Throughput = 1.20070 Mbps
17324[UE 1 | RB 1] Throughput = 1.08666 Mbps
17434[UE 1 | RB 1] Throughput = 1.19849 Mbps
17544[UE 1 | RB 1] Throughput = 0.76410 Mbps
17644[UE 1 | RB 1] Throughput = 1.31473 Mbps
17744[UE 1 | RB 1] Throughput = 0.95702 Mbps
17844[UE 1 | RB 1] Throughput = 1.19834 Mbps
17954[UE 1 | RB 1] Throughput = 0.65455 Mbps
18064[UE 1 | RB 1] Throughput = 1.19706 Mbps
18174[UE 1 | RB 1] Throughput = 1.31120 Mbps
18284[UE 1 | RB 1] Throughput = 0.65458 Mbps
18384[UE 1 | RB 1] Throughput = 1.19663 Mbps
18484[UE 1 | RB 1] Throughput = 1.19737 Mbps
18594[UE 1 | RB 1] Throughput = 1.31136 Mbps
18704[UE 1 | RB 1] Throughput = 1.08817 Mbps
18804[UE 1 | RB 1] Throughput = 0.83620 Mbps
18914[UE 1 | RB 1] Throughput = 1.09053 Mbps
19014[UE 1 | RB 1] Throughput = 0.95668 Mbps
19124[UE 1 | RB 1] Throughput = 1.08972 Mbps
19234[UE 1 | RB 1] Throughput = 1.19923 Mbps
19334[UE 1 | RB 1] Throughput = 1.07499 Mbps
19444[UE 1 | RB 1] Throughput = 0.87372 Mbps
19544[UE 1 | RB 1] Throughput = 1.19833 Mbps
19654[UE 1 | RB 1] Throughput = 1.19934 Mbps
19754[UE 1 | RB 1] Throughput = 1.19582 Mbps
19864[UE 1 | RB 1] Throughput = 0.65303 Mbps
19974[UE 1 | RB 1] Throughput = 1.09526 Mbps
20074[UE 1 | RB 1] Throughput = 1.31181 Mbps
20184[UE 1 | RB 1] Throughput = 1.09587 Mbps
20284[UE 1 | RB 1] Throughput = 0.83853 Mbps
20384[UE 1 | RB 1] Throughput = 1.30992 Mbps
20494[UE 1 | RB 1] Throughput = 0.87339 Mbps
20594[UE 1 | RB 1] Throughput = 1.19787 Mbps
20704[UE 1 | RB 1] Throughput = 1.09412 Mbps
20804[UE 1 | RB 1] Throughput = 0.95261 Mbps
20914[UE 1 | RB 1] Throughput = 1.20081 Mbps
21024[UE 1 | RB 1] Throughput = 1.20008 Mbps
21124[UE 1 | RB 1] Throughput = 0.59916 Mbps
21234[UE 1 | RB 1] Throughput = 1.08914 Mbps
21344[UE 1 | RB 1] Throughput = 1.08953 Mbps
21444[UE 1 | RB 1] Throughput = 1.43261 Mbps
21554[UE 1 | RB 1] Throughput = 0.98509 Mbps
21654[UE 1 | RB 1] Throughput = 0.95740 Mbps
21764[UE 1 | RB 1] Throughput = 0.98088 Mbps
21864[UE 1 | RB 1] Throughput = 1.19755 Mbps
21965[UE 1 | RB 1] Throughput = 0.82734 Mbps
22074[UE 1 | RB 1] Throughput = 1.10485 Mbps
22174[UE 1 | RB 1] Throughput = 1.19647 Mbps
22274[UE 1 | RB 1] Throughput = 1.07824 Mbps
22374[UE 1 | RB 1] Throughput = 1.31782 Mbps
22474[UE 1 | RB 1] Throughput = 0.59803 Mbps
22584[UE 1 | RB 1] Throughput = 1.20137 Mbps
22684[UE 1 | RB 1] Throughput = 1.07846 Mbps
22785[UE 1 | RB 1] Throughput = 1.43187 Mbps
22894[UE 1 | RB 1] Throughput = 0.54829 Mbps
22994[UE 1 | RB 1] Throughput = 1.31235 Mbps
23104[UE 1 | RB 1] Throughput = 1.20054 Mbps
23204[UE 1 | RB 1] Throughput = 0.47917 Mbps
23304[UE 1 | RB 1] Throughput = 1.55703 Mbps
23404[UE 1 | RB 1] Throughput = 1.31702 Mbps
23504[UE 1 | RB 1] Throughput = 0.71815 Mbps
23605[UE 1 | RB 1] Throughput = 1.19634 Mbps
23715[UE 1 | RB 1] Throughput = 0.97994 Mbps
23825[UE 1 | RB 1] Throughput = 1.30743 Mbps
23934[UE 1 | RB 1] Throughput = 0.87716 Mbps
24034[UE 1 | RB 1] Throughput = 1.31334 Mbps
24135[UE 1 | RB 1] Throughput = 0.59655 Mbps
24244[UE 1 | RB 1] Throughput = 1.31132 Mbps
24354[UE 1 | RB 1] Throughput = 0.65324 Mbps
24464[UE 1 | RB 1] Throughput = 1.52553 Mbps
24575[UE 1 | RB 1] Throughput = 1.19617 Mbps
24685[UE 1 | RB 1] Throughput = 1.19979 Mbps
24794[UE 1 | RB 1] Throughput = 0.65402 Mbps
24904[UE 1 | RB 1] Throughput = 1.31130 Mbps
25004[UE 1 | RB 1] Throughput = 1.19565 Mbps
25114[UE 1 | RB 1] Throughput = 0.87167 Mbps
25215[UE 1 | RB 1] Throughput = 1.07642 Mbps
25324[UE 1 | RB 1] Throughput = 1.20542 Mbps
25424[UE 1 | RB 1] Throughput = 0.95532 Mbps
25525[UE 1 | RB 1] Throughput = 0.71576 Mbps
25635[UE 1 | RB 1] Throughput = 1.30735 Mbps
25744[UE 1 | RB 1] Throughput = 1.31069 Mbps
25854[UE 1 | RB 1] Throughput = 0.65404 Mbps
25954[UE 1 | RB 1] Throughput = 1.31807 Mbps
26055[UE 1 | RB 1] Throughput = 1.19594 Mbps
26155[UE 1 | RB 1] Throughput = 1.07796 Mbps
26264[UE 1 | RB 1] Throughput = 0.76390 Mbps
26365[UE 1 | RB 1] Throughput = 1.19744 Mbps
26474[UE 1 | RB 1] Throughput = 1.09103 Mbps
26575[UE 1 | RB 1] Throughput = 1.19538 Mbps
26685[UE 1 | RB 1] Throughput = 1.19781 Mbps
26785[UE 1 | RB 1] Throughput = 0.83831 Mbps
26894[UE 1 | RB 1] Throughput = 1.20364 Mbps
26994[UE 1 | RB 1] Throughput = 0.95778 Mbps
27104[UE 1 | RB 1] Throughput = 1.09210 Mbps
27204[UE 1 | RB 1] Throughput = 1.19533 Mbps
27304[UE 1 | RB 1] Throughput = 0.71852 Mbps
27414[UE 1 | RB 1] Throughput = 1.31016 Mbps
27515[UE 1 | RB 1] Throughput = 1.19478 Mbps
27615[UE 1 | RB 1] Throughput = 0.59909 Mbps
27725[UE 1 | RB 1] Throughput = 1.19746 Mbps
27835[UE 1 | RB 1] Throughput = 1.30619 Mbps
27935[UE 1 | RB 1] Throughput = 0.71857 Mbps
28045[UE 1 | RB 1] Throughput = 1.20102 Mbps
28155[UE 1 | RB 1] Throughput = 0.97895 Mbps
28264[UE 1 | RB 1] Throughput = 1.20287 Mbps
28365[UE 1 | RB 1] Throughput = 1.31185 Mbps
28474[UE 1 | RB 1] Throughput = 0.65576 Mbps
28584[UE 1 | RB 1] Throughput = 1.20121 Mbps
28684[UE 1 | RB 1] Throughput = 1.31798 Mbps
28784[UE 1 | RB 1] Throughput = 0.71739 Mbps
28894[UE 1 | RB 1] Throughput = 1.19879 Mbps
29004[UE 1 | RB 1] Throughput = 1.19910 Mbps
29105[UE 1 | RB 1] Throughput = 0.83731 Mbps
29214[UE 1 | RB 1] Throughput = 1.09096 Mbps
29315[UE 1 | RB 1] Throughput = 1.31216 Mbps
29415[UE 1 | RB 1] Throughput = 0.95603 Mbps
29525[UE 1 | RB 1] Throughput = 1.09214 Mbps
29635[UE 1 | RB 1] Throughput = 1.19944 Mbps
29745[UE 1 | RB 1] Throughput = 0.54484 Mbps
29845[UE 1 | RB 1] Throughput = 1.43735 Mbps
29954[UE 1 | RB 1] Throughput = 1.09401 Mbps
30054[UE 1 | RB 1] Throughput = 0.95726 Mbps
30156[UE 1 | RB 1] Throughput = 1.17660 Mbps
30265[UE 1 | RB 1] Throughput = 1.10608 Mbps
30375[UE 1 | RB 1] Throughput = 0.65301 Mbps
30485[UE 1 | RB 1] Throughput = 1.30669 Mbps
30595[UE 1 | RB 1] Throughput = 1.30893 Mbps
30695[UE 1 | RB 1] Throughput = 0.71670 Mbps
30805[UE 1 | RB 1] Throughput = 1.30469 Mbps
30915[UE 1 | RB 1] Throughput = 1.20476 Mbps
31024[UE 1 | RB 1] Throughput = 0.76408 Mbps
31125[UE 1 | RB 1] Throughput = 1.07673 Mbps
31225[UE 1 | RB 1] Throughput = 0.83797 Mbps
31325[UE 1 | RB 1] Throughput = 1.55613 Mbps
31435[UE 1 | RB 1] Throughput = 0.87248 Mbps
31545[UE 1 | RB 1] Throughput = 1.08947 Mbps
31645[UE 1 | RB 1] Throughput = 0.71871 Mbps
31745[UE 1 | RB 1] Throughput = 1.31810 Mbps
31855[UE 1 | RB 1] Throughput = 1.30875 Mbps
31964[UE 1 | RB 1] Throughput = 1.09275 Mbps
32065[UE 1 | RB 1] Throughput = 0.83590 Mbps
32175[UE 1 | RB 1] Throughput = 1.30664 Mbps
32285[UE 1 | RB 1] Throughput = 0.65427 Mbps
32385[UE 1 | RB 1] Throughput = 1.31650 Mbps
32495[UE 1 | RB 1] Throughput = 1.08951 Mbps
32595[UE 1 | RB 1] Throughput = 0.71818 Mbps
32704[UE 1 | RB 1] Throughput = 1.20444 Mbps
32805[UE 1 | RB 1] Throughput = 1.31073 Mbps
32915[UE 1 | RB 1] Throughput = 1.19903 Mbps
33025[UE 1 | RB 1] Throughput = 0.76156 Mbps
33125[UE 1 | RB 1] Throughput = 1.07662 Mbps
33235[UE 1 | RB 1] Throughput = 1.20035 Mbps
33335[UE 1 | RB 1] Throughput = 1.31737 Mbps
33445[UE 1 | RB 1] Throughput = 0.76287 Mbps
33545[UE 1 | RB 1] Throughput = 1.19786 Mbps
33645[UE 1 | RB 1] Throughput = 0.95690 Mbps
33755[UE 1 | RB 1] Throughput = 1.31521 Mbps
33855[UE 1 | RB 1] Throughput = 0.71847 Mbps
33965[UE 1 | RB 1] Throughput = 1.19624 Mbps
34065[UE 1 | RB 1] Throughput = 1.31295 Mbps
34175[UE 1 | RB 1] Throughput = 0.65455 Mbps
34285[UE 1 | RB 1] Throughput = 1.20330 Mbps
34385[UE 1 | RB 1] Throughput = 0.71747 Mbps
34485[UE 1 | RB 1] Throughput = 1.55601 Mbps
34585[UE 1 | RB 1] Throughput = 1.07843 Mbps
34695[UE 1 | RB 1] Throughput = 0.76307 Mbps
34805[UE 1 | RB 1] Throughput = 1.20189 Mbps
34905[UE 1 | RB 1] Throughput = 1.43716 Mbps
35005[UE 1 | RB 1] Throughput = 0.71677 Mbps
35105[UE 1 | RB 1] Throughput = 1.43574 Mbps
35215[UE 1 | RB 1] Throughput = 0.54602 Mbps
35315[UE 1 | RB 1] Throughput = 1.19711 Mbps
35425[UE 1 | RB 1] Throughput = 1.09040 Mbps
35525[UE 1 | RB 1] Throughput = 1.31740 Mbps
35625[UE 1 | RB 1] Throughput = 1.07758 Mbps
35725[UE 1 | RB 1] Throughput = 1.07647 Mbps
35835[UE 1 | RB 1] Throughput = 0.98435 Mbps
35935[UE 1 | RB 1] Throughput = 1.19794 Mbps
36035[UE 1 | RB 1] Throughput = 0.71881 Mbps
36145[UE 1 | RB 1] Throughput = 1.19746 Mbps
36255[UE 1 | RB 1] Throughput = 1.30756 Mbps
36365[UE 1 | RB 1] Throughput = 0.65294 Mbps
36475[UE 1 | RB 1] Throughput = 1.19884 Mbps
36585[UE 1 | RB 1] Throughput = 1.09016 Mbps
36685[UE 1 | RB 1] Throughput = 1.31671 Mbps
36795[UE 1 | RB 1] Throughput = 0.65268 Mbps
36905[UE 1 | RB 1] Throughput = 1.31109 Mbps
37015[UE 1 | RB 1] Throughput = 1.09035 Mbps
37125[UE 1 | RB 1] Throughput = 0.98204 Mbps
37235[UE 1 | RB 1] Throughput = 1.30281 Mbps
37345[UE 1 | RB 1] Throughput = 0.76485 Mbps
37445[UE 1 | RB 1] Throughput = 1.31528 Mbps
37545[UE 1 | RB 1] Throughput = 0.59910 Mbps
37655[UE 1 | RB 1] Throughput = 1.31157 Mbps
37755[UE 1 | RB 1] Throughput = 1.43656 Mbps
37855[UE 1 | RB 1] Throughput = 0.71734 Mbps
37965[UE 1 | RB 1] Throughput = 1.31122 Mbps
38065[UE 1 | RB 1] Throughput = 0.71493 Mbps
38175[UE 1 | RB 1] Throughput = 1.19932 Mbps
38275[UE 1 | RB 1] Throughput = 1.31582 Mbps
38385[UE 1 | RB 1] Throughput = 1.09259 Mbps
38495[UE 1 | RB 1] Throughput = 0.65191 Mbps
38605[UE 1 | RB 1] Throughput = 1.09250 Mbps
38715[UE 1 | RB 1] Throughput = 1.20000 Mbps
38815[UE 1 | RB 1] Throughput = 1.19360 Mbps
38925[UE 1 | RB 1] Throughput = 0.87594 Mbps
39025[UE 1 | RB 1] Throughput = 1.31241 Mbps
39135[UE 1 | RB 1] Throughput = 0.87016 Mbps
39245[UE 1 | RB 1] Throughput = 1.20189 Mbps
39355[UE 1 | RB 1] Throughput = 1.31145 Mbps
39455[UE 1 | RB 1] Throughput = 0.71703 Mbps
39565[UE 1 | RB 1] Throughput = 0.76110 Mbps
39665[UE 1 | RB 1] Throughput = 1.19766 Mbps
39775[UE 1 | RB 1] Throughput = 1.30893 Mbps
39885[UE 1 | RB 1] Throughput = 0.87320 Mbps
39985[UE 1 | RB 1] Throughput = 1.19787 Mbps
40095[UE 1 | RB 1] Throughput = 1.09179 Mbps
40195[UE 1 | RB 1] Throughput = 0.83671 Mbps
40295[UE 1 | RB 1] Throughput = 1.43779 Mbps
40405[UE 1 | RB 1] Throughput = 0.97936 Mbps
40515[UE 1 | RB 1] Throughput = 1.19851 Mbps
40615[UE 1 | RB 1] Throughput = 0.95570 Mbps
40725[UE 1 | RB 1] Throughput = 1.31644 Mbps
40825[UE 1 | RB 1] Throughput = 0.59757 Mbps
40925[UE 1 | RB 1] Throughput = 1.19823 Mbps
41025[UE 1 | RB 1] Throughput = 1.19296 Mbps
41135[UE 1 | RB 1] Throughput = 1.09128 Mbps
41235[UE 1 | RB 1] Throughput = 0.95669 Mbps
41345[UE 1 | RB 1] Throughput = 1.08943 Mbps
41455[UE 1 | RB 1] Throughput = 0.98082 Mbps
41566[UE 1 | RB 1] Throughput = 1.30604 Mbps
41675[UE 1 | RB 1] Throughput = 0.65436 Mbps
41785[UE 1 | RB 1] Throughput = 1.31302 Mbps
41885[UE 1 | RB 1] Throughput = 1.31422 Mbps
41995[UE 1 | RB 1] Throughput = 0.65329 Mbps
42105[UE 1 | RB 1] Throughput = 1.19983 Mbps
42215[UE 1 | RB 1] Throughput = 1.20167 Mbps
42315[UE 1 | RB 1] Throughput = 0.71640 Mbps
42425[UE 1 | RB 1] Throughput = 1.30619 Mbps
42535[UE 1 | RB 1] Throughput = 1.19921 Mbps
42635[UE 1 | RB 1] Throughput = 1.19768 Mbps
42736[UE 1 | RB 1] Throughput = 0.83723 Mbps
42845[UE 1 | RB 1] Throughput = 1.09061 Mbps
42956[UE 1 | RB 1] Throughput = 1.19755 Mbps
43065[UE 1 | RB 1] Throughput = 1.19962 Mbps
43166[UE 1 | RB 1] Throughput = 0.95649 Mbps
43275[UE 1 | RB 1] Throughput = 1.09155 Mbps
43385[UE 1 | RB 1] Throughput = 1.09053 Mbps
43486[UE 1 | RB 1] Throughput = 0.71751 Mbps
43595[UE 1 | RB 1] Throughput = 1.19988 Mbps
43705[UE 1 | RB 1] Throughput = 1.19953 Mbps
43805[UE 1 | RB 1] Throughput = 0.59913 Mbps
43905[UE 1 | RB 1] Throughput = 1.43768 Mbps
44015[UE 1 | RB 1] Throughput = 0.65454 Mbps
44115[UE 1 | RB 1] Throughput = 1.67546 Mbps
44216[UE 1 | RB 1] Throughput = 0.59765 Mbps
44325[UE 1 | RB 1] Throughput = 1.20024 Mbps
44435[UE 1 | RB 1] Throughput = 1.19963 Mbps
44536[UE 1 | RB 1] Throughput = 0.71765 Mbps
44645[UE 1 | RB 1] Throughput = 1.41767 Mbps
44755[UE 1 | RB 1] Throughput = 1.09296 Mbps
44856[UE 1 | RB 1] Throughput = 1.19228 Mbps
44956[UE 1 | RB 1] Throughput = 0.59914 Mbps
45066[UE 1 | RB 1] Throughput = 1.08931 Mbps
45175[UE 1 | RB 1] Throughput = 1.19998 Mbps
45285[UE 1 | RB 1] Throughput = 0.98183 Mbps
45386[UE 1 | RB 1] Throughput = 1.31335 Mbps
45495[UE 1 | RB 1] Throughput = 0.76399 Mbps
45606[UE 1 | RB 1] Throughput = 1.08692 Mbps
45715[UE 1 | RB 1] Throughput = 1.31195 Mbps
45816[UE 1 | RB 1] Throughput = 1.31447 Mbps
45925[UE 1 | RB 1] Throughput = 0.65445 Mbps
46035[UE 1 | RB 1] Throughput = 1.20058 Mbps
46136[UE 1 | RB 1] Throughput = 1.31557 Mbps
46245[UE 1 | RB 1] Throughput = 1.09209 Mbps
46345[UE 1 | RB 1] Throughput = 0.59790 Mbps
46446[UE 1 | RB 1] Throughput = 1.31507 Mbps
46555[UE 1 | RB 1] Throughput = 1.09164 Mbps
46665[UE 1 | RB 1] Throughput = 0.98065 Mbps
46775[UE 1 | RB 1] Throughput = 0.98112 Mbps
46876[UE 1 | RB 1] Throughput = 1.19521 Mbps
46986[UE 1 | RB 1] Throughput = 0.87099 Mbps
47095[UE 1 | RB 1] Throughput = 1.31213 Mbps
47195[UE 1 | RB 1] Throughput = 1.19656 Mbps
47305[UE 1 | RB 1] Throughput = 0.65515 Mbps
47405[UE 1 | RB 1] Throughput = 1.43524 Mbps
47515[UE 1 | RB 1] Throughput = 1.20055 Mbps
47615[UE 1 | RB 1] Throughput = 0.83803 Mbps
47715[UE 1 | RB 1] Throughput = 0.71821 Mbps
47826[UE 1 | RB 1] Throughput = 1.30551 Mbps
47935[UE 1 | RB 1] Throughput = 1.31298 Mbps
48035[UE 1 | RB 1] Throughput = 0.71715 Mbps
48145[UE 1 | RB 1] Throughput = 1.19856 Mbps
48256[UE 1 | RB 1] Throughput = 1.19700 Mbps
48366[UE 1 | RB 1] Throughput = 0.76242 Mbps
48476[UE 1 | RB 1] Throughput = 1.08756 Mbps
48586[UE 1 | RB 1] Throughput = 1.30893 Mbps
48686[UE 1 | RB 1] Throughput = 1.19778 Mbps
48795[UE 1 | RB 1] Throughput = 0.76410 Mbps
48896[UE 1 | RB 1] Throughput = 1.19671 Mbps
48996[UE 1 | RB 1] Throughput = 1.31673 Mbps
49105[UE 1 | RB 1] Throughput = 0.65621 Mbps
49206[UE 1 | RB 1] Throughput = 1.31515 Mbps
49316[UE 1 | RB 1] Throughput = 1.30506 Mbps
49425[UE 1 | RB 1] Throughput = 0.54634 Mbps
49536[UE 1 | RB 1] Throughput = 1.19393 Mbps
49645[UE 1 | RB 1] Throughput = 1.31148 Mbps
49756[UE 1 | RB 1] Throughput = 1.08872 Mbps
49856[UE 1 | RB 1] Throughput = 0.95828 Mbps
49965[UE 1 | RB 1] Throughput = 1.09168 Mbps
50066[UE 1 | RB 1] Throughput = 1.19472 Mbps
50166[UE 1 | RB 1] Throughput = 1.07848 Mbps
50275[UE 1 | RB 1] Throughput = 0.87287 Mbps
50376[UE 1 | RB 1] Throughput = 1.31606 Mbps
50476[UE 1 | RB 1] Throughput = 0.83556 Mbps
50586[UE 1 | RB 1] Throughput = 1.09302 Mbps
50686[UE 1 | RB 1] Throughput = 1.19665 Mbps
50796[UE 1 | RB 1] Throughput = 0.76350 Mbps
50906[UE 1 | RB 1] Throughput = 1.19901 Mbps
51016[UE 1 | RB 1] Throughput = 1.08878 Mbps
51126[UE 1 | RB 1] Throughput = 1.19821 Mbps
51235[UE 1 | RB 1] Throughput = 1.20198 Mbps
51345[UE 1 | RB 1] Throughput = 0.76303 Mbps
51446[UE 1 | RB 1] Throughput = 1.31476 Mbps
51546[UE 1 | RB 1] Throughput = 0.83792 Mbps
51656[UE 1 | RB 1] Throughput = 1.08632 Mbps
51766[UE 1 | RB 1] Throughput = 1.20325 Mbps
51876[UE 1 | RB 1] Throughput = 1.08731 Mbps
51986[UE 1 | RB 1] Throughput = 1.08907 Mbps
52096[UE 1 | RB 1] Throughput = 1.19903 Mbps
52196[UE 1 | RB 1] Throughput = 0.71864 Mbps
52306[UE 1 | RB 1] Throughput = 1.30779 Mbps
52416[UE 1 | RB 1] Throughput = 0.65205 Mbps
52526[UE 1 | RB 1] Throughput = 1.31216 Mbps
52626[UE 1 | RB 1] Throughput = 0.71799 Mbps
52736[UE 1 | RB 1] Throughput = 1.31035 Mbps
52836[UE 1 | RB 1] Throughput = 1.19596 Mbps
52946[UE 1 | RB 1] Throughput = 1.09140 Mbps
53046[UE 1 | RB 1] Throughput = 1.19681 Mbps
53146[UE 1 | RB 1] Throughput = 0.83818 Mbps
53246[UE 1 | RB 1] Throughput = 1.31816 Mbps
53356[UE 1 | RB 1] Throughput = 0.65174 Mbps
53466[UE 1 | RB 1] Throughput = 1.31274 Mbps
53566[UE 1 | RB 1] Throughput = 0.83874 Mbps
53666[UE 1 | RB 1] Throughput = 1.31749 Mbps
53776[UE 1 | RB 1] Throughput = 1.19759 Mbps
53876[UE 1 | RB 1] Throughput = 0.83703 Mbps
53986[UE 1 | RB 1] Throughput = 0.54441 Mbps
54096[UE 1 | RB 1] Throughput = 1.52630 Mbps
54196[UE 1 | RB 1] Throughput = 1.19771 Mbps
54306[UE 1 | RB 1] Throughput = 1.19938 Mbps
54406[UE 1 | RB 1] Throughput = 0.59864 Mbps
54516[UE 1 | RB 1] Throughput = 1.30920 Mbps
54616[UE 1 | RB 1] Throughput = 1.31637 Mbps
54726[UE 1 | RB 1] Throughput = 0.65559 Mbps
54826[UE 1 | RB 1] Throughput = 1.43583 Mbps
54926[UE 1 | RB 1] Throughput = 1.19612 Mbps
55036[UE 1 | RB 1] Throughput = 0.76619 Mbps
55136[UE 1 | RB 1] Throughput = 1.31162 Mbps
55236[UE 1 | RB 1] Throughput = 0.83770 Mbps
55346[UE 1 | RB 1] Throughput = 1.30795 Mbps
55446[UE 1 | RB 1] Throughput = 0.71740 Mbps
55556[UE 1 | RB 1] Throughput = 1.31269 Mbps
55666[UE 1 | RB 1] Throughput = 0.65495 Mbps
55766[UE 1 | RB 1] Throughput = 1.43551 Mbps
55866[UE 1 | RB 1] Throughput = 0.71787 Mbps
55976[UE 1 | RB 1] Throughput = 1.31139 Mbps
56076[UE 1 | RB 1] Throughput = 1.19678 Mbps
56176[UE 1 | RB 1] Throughput = 1.07561 Mbps
56286[UE 1 | RB 1] Throughput = 0.98283 Mbps
56386[UE 1 | RB 1] Throughput = 1.07369 Mbps
56496[UE 1 | RB 1] Throughput = 0.54421 Mbps
56606[UE 1 | RB 1] Throughput = 1.52895 Mbps
56716[UE 1 | RB 1] Throughput = 0.76743 Mbps
56816[UE 1 | RB 1] Throughput = 1.43388 Mbps
56916[UE 1 | RB 1] Throughput = 1.07424 Mbps
57016[UE 1 | RB 1] Throughput = 0.95826 Mbps
57126[UE 1 | RB 1] Throughput = 1.08962 Mbps
57226[UE 1 | RB 1] Throughput = 1.19823 Mbps
57336[UE 1 | RB 1] Throughput = 0.76417 Mbps
57447[UE 1 | RB 1] Throughput = 1.19334 Mbps
57556[UE 1 | RB 1] Throughput = 1.20146 Mbps
57656[UE 1 | RB 1] Throughput = 1.07758 Mbps
57756[UE 1 | RB 1] Throughput = 0.83835 Mbps
57867[UE 1 | RB 1] Throughput = 1.19605 Mbps
57976[UE 1 | RB 1] Throughput = 1.09509 Mbps
58076[UE 1 | RB 1] Throughput = 1.31456 Mbps
58177[UE 1 | RB 1] Throughput = 0.71740 Mbps
58286[UE 1 | RB 1] Throughput = 1.09313 Mbps
58396[UE 1 | RB 1] Throughput = 1.09263 Mbps
58496[UE 1 | RB 1] Throughput = 1.31095 Mbps
58606[UE 1 | RB 1] Throughput = 0.87331 Mbps
58706[UE 1 | RB 1] Throughput = 1.19784 Mbps
58816[UE 1 | RB 1] Throughput = 1.08842 Mbps
58916[UE 1 | RB 1] Throughput = 1.19809 Mbps
59026[UE 1 | RB 1] Throughput = 0.76324 Mbps
59126[UE 1 | RB 1] Throughput = 1.31600 Mbps
59236[UE 1 | RB 1] Throughput = 1.09030 Mbps
59336[UE 1 | RB 1] Throughput = 0.95837 Mbps
59446[UE 1 | RB 1] Throughput = 0.87670 Mbps
59546[UE 1 | RB 1] Throughput = 1.31102 Mbps
59656[UE 1 | RB 1] Throughput = 1.20225 Mbps
59756[UE 1 | RB 1] Throughput = 0.71534 Mbps
59866[UE 1 | RB 1] Throughput = 1.19813 Mbps
59976[UE 1 | RB 1] Throughput = 1.30960 Mbps
60076[UE 1 | RB 1] Throughput = 0.59825 Mbps
60186[UE 1 | RB 1] Throughput = 1.31272 Mbps
60286[UE 1 | RB 1] Throughput = 1.31742 Mbps
60386[UE 1 | RB 1] Throughput = 0.71897 Mbps
60486[UE 1 | RB 1] Throughput = 1.43713 Mbps
60586[UE 1 | RB 1] Throughput = 0.71859 Mbps
60696[UE 1 | RB 1] Throughput = 1.08743 Mbps
60796[UE 1 | RB 1] Throughput = 1.31792 Mbps
60906[UE 1 | RB 1] Throughput = 0.65410 Mbps
61006[UE 1 | RB 1] Throughput = 1.31736 Mbps
61116[UE 1 | RB 1] Throughput = 1.30794 Mbps
61226[UE 1 | RB 1] Throughput = 0.98221 Mbps
61336[UE 1 | RB 1] Throughput = 0.65247 Mbps
61446[UE 1 | RB 1] Throughput = 1.30812 Mbps
61547[UE 1 | RB 1] Throughput = 0.95423 Mbps
61656[UE 1 | RB 1] Throughput = 1.31170 Mbps
61766[UE 1 | RB 1] Throughput = 1.20284 Mbps
61866[UE 1 | RB 1] Throughput = 0.71613 Mbps
61976[UE 1 | RB 1] Throughput = 1.20016 Mbps
62077[UE 1 | RB 1] Throughput = 1.19314 Mbps
62186[UE 1 | RB 1] Throughput = 0.54654 Mbps
62287[UE 1 | RB 1] Throughput = 1.43358 Mbps
62387[UE 1 | RB 1] Throughput = 1.07811 Mbps
62496[UE 1 | RB 1] Throughput = 1.20200 Mbps
62606[UE 1 | RB 1] Throughput = 0.65399 Mbps
62706[UE 1 | RB 1] Throughput = 1.43802 Mbps
62816[UE 1 | RB 1] Throughput = 1.30581 Mbps
62926[UE 1 | RB 1] Throughput = 0.54543 Mbps
63026[UE 1 | RB 1] Throughput = 1.43707 Mbps
63136[UE 1 | RB 1] Throughput = 0.87176 Mbps
63237[UE 1 | RB 1] Throughput = 1.19628 Mbps
63337[UE 1 | RB 1] Throughput = 1.30611 Mbps
63446[UE 1 | RB 1] Throughput = 0.66139 Mbps
63546[UE 1 | RB 1] Throughput = 1.43459 Mbps
63657[UE 1 | RB 1] Throughput = 1.08789 Mbps
63766[UE 1 | RB 1] Throughput = 0.65529 Mbps
63867[UE 1 | RB 1] Throughput = 1.43395 Mbps
63977[UE 1 | RB 1] Throughput = 0.76329 Mbps
64087[UE 1 | RB 1] Throughput = 1.19564 Mbps
64197[UE 1 | RB 1] Throughput = 1.19903 Mbps
64307[UE 1 | RB 1] Throughput = 1.19998 Mbps
64416[UE 1 | RB 1] Throughput = 1.09048 Mbps
64517[UE 1 | RB 1] Throughput = 0.71721 Mbps
64627[UE 1 | RB 1] Throughput = 1.30787 Mbps
64727[UE 1 | RB 1] Throughput = 0.71850 Mbps
64836[UE 1 | RB 1] Throughput = 1.20134 Mbps
64937[UE 1 | RB 1] Throughput = 1.43590 Mbps
65046[UE 1 | RB 1] Throughput = 0.54552 Mbps
65156[UE 1 | RB 1] Throughput = 1.30736 Mbps
65257[UE 1 | RB 1] Throughput = 0.71778 Mbps
65366[UE 1 | RB 1] Throughput = 1.41969 Mbps
65476[UE 1 | RB 1] Throughput = 1.20208 Mbps
65577[UE 1 | RB 1] Throughput = 0.59606 Mbps
65686[UE 1 | RB 1] Throughput = 1.20140 Mbps
65796[UE 1 | RB 1] Throughput = 1.19960 Mbps
65897[UE 1 | RB 1] Throughput = 1.07336 Mbps
66007[UE 1 | RB 1] Throughput = 1.30632 Mbps
66107[UE 1 | RB 1] Throughput = 0.71831 Mbps
66216[UE 1 | RB 1] Throughput = 1.20235 Mbps
66326[UE 1 | RB 1] Throughput = 1.19937 Mbps
66426[UE 1 | RB 1] Throughput = 0.71867 Mbps
66527[UE 1 | RB 1] Throughput = 1.19612 Mbps
66637[UE 1 | RB 1] Throughput = 1.09075 Mbps
66737[UE 1 | RB 1] Throughput = 1.31654 Mbps
66847[UE 1 | RB 1] Throughput = 0.97519 Mbps
66957[UE 1 | RB 1] Throughput = 0.65707 Mbps
67067[UE 1 | RB 1] Throughput = 1.19789 Mbps
67167[UE 1 | RB 1] Throughput = 1.19814 Mbps
67277[UE 1 | RB 1] Throughput = 1.09081 Mbps
67387[UE 1 | RB 1] Throughput = 1.08974 Mbps
67496[UE 1 | RB 1] Throughput = 1.30830 Mbps
67606[UE 1 | RB 1] Throughput = 0.54529 Mbps
67716[UE 1 | RB 1] Throughput = 1.19844 Mbps
67817[UE 1 | RB 1] Throughput = 1.31457 Mbps
67926[UE 1 | RB 1] Throughput = 1.09141 Mbps
68036[UE 1 | RB 1] Throughput = 1.09183 Mbps
68136[UE 1 | RB 1] Throughput = 0.71829 Mbps
68247[UE 1 | RB 1] Throughput = 1.19629 Mbps
68347[UE 1 | RB 1] Throughput = 1.31068 Mbps
68447[UE 1 | RB 1] Throughput = 0.71854 Mbps
68557[UE 1 | RB 1] Throughput = 1.31117 Mbps
68657[UE 1 | RB 1] Throughput = 0.71900 Mbps
68757[UE 1 | RB 1] Throughput = 1.43295 Mbps
68867[UE 1 | RB 1] Throughput = 1.09522 Mbps
68967[UE 1 | RB 1] Throughput = 0.71673 Mbps
69070[UE 1 | RB 1] Throughput = 1.27786 Mbps
69177[UE 1 | RB 1] Throughput = 1.23537 Mbps
69277[UE 1 | RB 1] Throughput = 0.83839 Mbps
69387[UE 1 | RB 1] Throughput = 1.19259 Mbps
69497[UE 1 | RB 1] Throughput = 1.20656 Mbps
69597[UE 1 | RB 1] Throughput = 0.59878 Mbps
69706[UE 1 | RB 1] Throughput = 1.31191 Mbps
69807[UE 1 | RB 1] Throughput = 1.07143 Mbps
69907[UE 1 | RB 1] Throughput = 0.95834 Mbps
70017[UE 1 | RB 1] Throughput = 1.08960 Mbps
70127[UE 1 | RB 1] Throughput = 1.09051 Mbps
70227[UE 1 | RB 1] Throughput = 1.19839 Mbps
70327[UE 1 | RB 1] Throughput = 0.83838 Mbps
70437[UE 1 | RB 1] Throughput = 1.20212 Mbps
70537[UE 1 | RB 1] Throughput = 1.19686 Mbps
70646[UE 1 | RB 1] Throughput = 1.09253 Mbps
70747[UE 1 | RB 1] Throughput = 1.07231 Mbps
70847[UE 1 | RB 1] Throughput = 0.83888 Mbps
70957[UE 1 | RB 1] Throughput = 1.08986 Mbps
71057[UE 1 | RB 1] Throughput = 1.07804 Mbps
71167[UE 1 | RB 1] Throughput = 1.20190 Mbps
71267[UE 1 | RB 1] Throughput = 1.19840 Mbps
71367[UE 1 | RB 1] Throughput = 0.95533 Mbps
71467[UE 1 | RB 1] Throughput = 1.19783 Mbps
71577[UE 1 | RB 1] Throughput = 0.98304 Mbps
71677[UE 1 | RB 1] Throughput = 1.07785 Mbps
71777[UE 1 | RB 1] Throughput = 0.71874 Mbps
71877[UE 1 | RB 1] Throughput = 1.19610 Mbps
71977[UE 1 | RB 1] Throughput = 1.07581 Mbps
72077[UE 1 | RB 1] Throughput = 1.19840 Mbps
72178[UE 1 | RB 1] Throughput = 1.19121 Mbps
72287[UE 1 | RB 1] Throughput = 0.88147 Mbps
72388[UE 1 | RB 1] Throughput = 0.94609 Mbps
72497[UE 1 | RB 1] Throughput = 1.20983 Mbps
72597[UE 1 | RB 1] Throughput = 0.95834 Mbps
72697[UE 1 | RB 1] Throughput = 1.31815 Mbps
72807[UE 1 | RB 1] Throughput = 0.65437 Mbps
72907[UE 1 | RB 1] Throughput = 1.43745 Mbps
73017[UE 1 | RB 1] Throughput = 0.76212 Mbps
73127[UE 1 | RB 1] Throughput = 1.42141 Mbps
73237[UE 1 | RB 1] Throughput = 0.87180 Mbps
73337[UE 1 | RB 1] Throughput = 1.19471 Mbps
73437[UE 1 | RB 1] Throughput = 1.07774 Mbps
73547[UE 1 | RB 1] Throughput = 0.87507 Mbps
73647[UE 1 | RB 1] Throughput = 1.19497 Mbps
73748[UE 1 | RB 1] Throughput = 1.19016 Mbps
73857[UE 1 | RB 1] Throughput = 0.87378 Mbps
73967[UE 1 | RB 1] Throughput = 1.09169 Mbps
74077[UE 1 | RB 1] Throughput = 1.08961 Mbps
74187[UE 1 | RB 1] Throughput = 1.09051 Mbps
74297[UE 1 | RB 1] Throughput = 1.19729 Mbps
74397[UE 1 | RB 1] Throughput = 0.95797 Mbps
74497[UE 1 | RB 1] Throughput = 1.07734 Mbps
74598[UE 1 | RB 1] Throughput = 0.95595 Mbps
74707[UE 1 | RB 1] Throughput = 1.09539 Mbps
74807[UE 1 | RB 1] Throughput = 1.31456 Mbps
74917[UE 1 | RB 1] Throughput = 1.09182 Mbps
75027[UE 1 | RB 1] Throughput = 1.09212 Mbps
75127[UE 1 | RB 1] Throughput = 0.95797 Mbps
75227[UE 1 | RB 1] Throughput = 0.83839 Mbps
75327[UE 1 | RB 1] Throughput = 1.31476 Mbps
75427[UE 1 | RB 1] Throughput = 1.19652 Mbps
75537[UE 1 | RB 1] Throughput = 0.87410 Mbps
75637[UE 1 | RB 1] Throughput = 1.19816 Mbps
75747[UE 1 | RB 1] Throughput = 0.98022 Mbps
75857[UE 1 | RB 1] Throughput = 0.97959 Mbps
75967[UE 1 | RB 1] Throughput = 0.97942 Mbps
76077[UE 1 | RB 1] Throughput = 0.76338 Mbps
76177[UE 1 | RB 1] Throughput = 0.95837 Mbps
76277[UE 1 | RB 1] Throughput = 1.79310 Mbps
76387[UE 1 | RB 1] Throughput = 0.98396 Mbps
76487[UE 1 | RB 1] Throughput = 1.07698 Mbps
76587[UE 1 | RB 1] Throughput = 1.19834 Mbps
76697[UE 1 | RB 1] Throughput = 0.76244 Mbps
76797[UE 1 | RB 1] Throughput = 1.19817 Mbps
76897[UE 1 | RB 1] Throughput = 1.19736 Mbps
77007[UE 1 | RB 1] Throughput = 1.20259 Mbps
77110[UE 1 | RB 1] Throughput = 0.58244 Mbps
77217[UE 1 | RB 1] Throughput = 1.11729 Mbps
77317[UE 1 | RB 1] Throughput = 1.31585 Mbps
77427[UE 1 | RB 1] Throughput = 1.20085 Mbps
77537[UE 1 | RB 1] Throughput = 0.76299 Mbps
77637[UE 1 | RB 1] Throughput = 1.19805 Mbps
77737[UE 1 | RB 1] Throughput = 1.07528 Mbps
77847[UE 1 | RB 1] Throughput = 1.09233 Mbps
77957[UE 1 | RB 1] Throughput = 1.09003 Mbps
78067[UE 1 | RB 1] Throughput = 1.08867 Mbps
78167[UE 1 | RB 1] Throughput = 1.19772 Mbps
78277[UE 1 | RB 1] Throughput = 0.65323 Mbps
78377[UE 1 | RB 1] Throughput = 1.31653 Mbps
78487[UE 1 | RB 1] Throughput = 1.08991 Mbps
78597[UE 1 | RB 1] Throughput = 1.08950 Mbps
78697[UE 1 | RB 1] Throughput = 1.07719 Mbps
78807[UE 1 | RB 1] Throughput = 0.87256 Mbps
78917[UE 1 | RB 1] Throughput = 1.30630 Mbps
79027[UE 1 | RB 1] Throughput = 0.65302 Mbps
79137[UE 1 | RB 1] Throughput = 1.31419 Mbps
79237[UE 1 | RB 1] Throughput = 0.95454 Mbps
79347[UE 1 | RB 1] Throughput = 1.30993 Mbps
79457[UE 1 | RB 1] Throughput = 1.09179 Mbps
79557[UE 1 | RB 1] Throughput = 0.71791 Mbps
79657[UE 1 | RB 1] Throughput = 1.43231 Mbps
79767[UE 1 | RB 1] Throughput = 1.19981 Mbps
79877[UE 1 | RB 1] Throughput = 0.65348 Mbps
79987[UE 1 | RB 1] Throughput = 1.42128 Mbps
80087[UE 1 | RB 1] Throughput = 0.71801 Mbps
80187[UE 1 | RB 1] Throughput = 1.19514 Mbps
80297[UE 1 | RB 1] Throughput = 1.19871 Mbps
80407[UE 1 | RB 1] Throughput = 0.76234 Mbps
80517[UE 1 | RB 1] Throughput = 1.08891 Mbps
80628[UE 1 | RB 1] Throughput = 1.30521 Mbps
80738[UE 1 | RB 1] Throughput = 0.97934 Mbps
80848[UE 1 | RB 1] Throughput = 0.87370 Mbps
80957[UE 1 | RB 1] Throughput = 1.30884 Mbps
81057[UE 1 | RB 1] Throughput = 1.07762 Mbps
81157[UE 1 | RB 1] Throughput = 1.07829 Mbps
81268[UE 1 | RB 1] Throughput = 0.98037 Mbps
81368[UE 1 | RB 1] Throughput = 1.31728 Mbps
81477[UE 1 | RB 1] Throughput = 0.65464 Mbps
81587[UE 1 | RB 1] Throughput = 1.30917 Mbps
81688[UE 1 | RB 1] Throughput = 1.19257 Mbps
81797[UE 1 | RB 1] Throughput = 1.09422 Mbps
81898[UE 1 | RB 1] Throughput = 0.71669 Mbps
82007[UE 1 | RB 1] Throughput = 1.42181 Mbps
82107[UE 1 | RB 1] Throughput = 0.83868 Mbps
82208[UE 1 | RB 1] Throughput = 1.19309 Mbps
82318[UE 1 | RB 1] Throughput = 0.97996 Mbps
82427[UE 1 | RB 1] Throughput = 0.98387 Mbps
82528[UE 1 | RB 1] Throughput = 1.31590 Mbps
82628[UE 1 | RB 1] Throughput = 0.71904 Mbps
82738[UE 1 | RB 1] Throughput = 1.52337 Mbps
82847[UE 1 | RB 1] Throughput = 0.65468 Mbps
82948[UE 1 | RB 1] Throughput = 1.31703 Mbps
83057[UE 1 | RB 1] Throughput = 1.19985 Mbps
83158[UE 1 | RB 1] Throughput = 0.59608 Mbps
83267[UE 1 | RB 1] Throughput = 1.20553 Mbps
83367[UE 1 | RB 1] Throughput = 1.19682 Mbps
83468[UE 1 | RB 1] Throughput = 1.19608 Mbps
83578[UE 1 | RB 1] Throughput = 0.98105 Mbps
83687[UE 1 | RB 1] Throughput = 0.87275 Mbps
83788[UE 1 | RB 1] Throughput = 1.43621 Mbps
83888[UE 1 | RB 1] Throughput = 0.71867 Mbps
83997[UE 1 | RB 1] Throughput = 1.09049 Mbps
84098[UE 1 | RB 1] Throughput = 1.31456 Mbps
84208[UE 1 | RB 1] Throughput = 0.65478 Mbps
84308[UE 1 | RB 1] Throughput = 1.31699 Mbps
84408[UE 1 | RB 1] Throughput = 1.19488 Mbps
84518[UE 1 | RB 1] Throughput = 1.20075 Mbps
84628[UE 1 | RB 1] Throughput = 0.65446 Mbps
84738[UE 1 | RB 1] Throughput = 1.08810 Mbps
84838[UE 1 | RB 1] Throughput = 1.43406 Mbps
84948[UE 1 | RB 1] Throughput = 0.76628 Mbps
85048[UE 1 | RB 1] Throughput = 1.31665 Mbps
85157[UE 1 | RB 1] Throughput = 1.20095 Mbps
85258[UE 1 | RB 1] Throughput = 0.83665 Mbps
85368[UE 1 | RB 1] Throughput = 1.19991 Mbps
85468[UE 1 | RB 1] Throughput = 0.71803 Mbps
85568[UE 1 | RB 1] Throughput = 1.43781 Mbps
85668[UE 1 | RB 1] Throughput = 1.07839 Mbps
85768[UE 1 | RB 1] Throughput = 0.71793 Mbps
85878[UE 1 | RB 1] Throughput = 1.30830 Mbps
85988[UE 1 | RB 1] Throughput = 1.19847 Mbps
86098[UE 1 | RB 1] Throughput = 0.65429 Mbps
86207[UE 1 | RB 1] Throughput = 1.30995 Mbps
86308[UE 1 | RB 1] Throughput = 1.31349 Mbps
86418[UE 1 | RB 1] Throughput = 0.65345 Mbps
86528[UE 1 | RB 1] Throughput = 1.20091 Mbps
86628[UE 1 | RB 1] Throughput = 1.31379 Mbps
86738[UE 1 | RB 1] Throughput = 0.76444 Mbps
86838[UE 1 | RB 1] Throughput = 1.31291 Mbps
86948[UE 1 | RB 1] Throughput = 1.20394 Mbps
87048[UE 1 | RB 1] Throughput = 0.83736 Mbps
87158[UE 1 | RB 1] Throughput = 0.97951 Mbps
87268[UE 1 | RB 1] Throughput = 1.20027 Mbps
87368[UE 1 | RB 1] Throughput = 1.07703 Mbps
87478[UE 1 | RB 1] Throughput = 1.09163 Mbps
87578[UE 1 | RB 1] Throughput = 1.19399 Mbps
87688[UE 1 | RB 1] Throughput = 0.65456 Mbps
87798[UE 1 | RB 1] Throughput = 1.30812 Mbps
87908[UE 1 | RB 1] Throughput = 1.19865 Mbps
88008[UE 1 | RB 1] Throughput = 0.59827 Mbps
88118[UE 1 | RB 1] Throughput = 1.31159 Mbps
88228[UE 1 | RB 1] Throughput = 0.97959 Mbps
88328[UE 1 | RB 1] Throughput = 1.19529 Mbps
88428[UE 1 | RB 1] Throughput = 1.19824 Mbps
88538[UE 1 | RB 1] Throughput = 0.65320 Mbps
88648[UE 1 | RB 1] Throughput = 1.31231 Mbps
88748[UE 1 | RB 1] Throughput = 1.31198 Mbps
88858[UE 1 | RB 1] Throughput = 0.76424 Mbps
88958[UE 1 | RB 1] Throughput = 1.31579 Mbps
89068[UE 1 | RB 1] Throughput = 0.87017 Mbps
89178[UE 1 | RB 1] Throughput = 1.19929 Mbps
89288[UE 1 | RB 1] Throughput = 1.20185 Mbps
89388[UE 1 | RB 1] Throughput = 0.83828 Mbps
89498[UE 1 | RB 1] Throughput = 1.19649 Mbps
89608[UE 1 | RB 1] Throughput = 1.20099 Mbps
89708[UE 1 | RB 1] Throughput = 0.71762 Mbps
89818[UE 1 | RB 1] Throughput = 1.19739 Mbps
89918[UE 1 | RB 1] Throughput = 1.19589 Mbps
[xApp]: E42 RIC_SUBSCRIPTION_DELETE_REQUEST tx RAN_FUNC_ID 144 RIC_REQ_ID 1 
[xApp]: E42 SUBSCRIPTION DELETE RESPONSE rx
[xApp]: E42 RIC_SUBSCRIPTION_DELETE_REQUEST tx RAN_FUNC_ID 144 RIC_REQ_ID 2 
[xApp]: E42 SUBSCRIPTION DELETE RESPONSE rx
[xApp]: E42 RIC_SUBSCRIPTION_DELETE_REQUEST tx RAN_FUNC_ID 144 RIC_REQ_ID 3 
[xApp]: E42 SUBSCRIPTION DELETE RESPONSE rx
[xApp]: Sucessfully stopped 
Test xApp run SUCCESSFULLY
