[UTIL]: Setting the config -c file to /usr/local/etc/flexric/flexric.conf
[UTIL]: Setting path -p for the shared libraries to /usr/local/lib/flexric/
[xAapp]: Initializing ... 
[xApp]: nearRT-RIC IP Address = 192.168.70.150, PORT = 36422
[E2 AGENT]: Opening plugin from path = /usr/local/lib/flexric/libkpm_sm.so 
[E2 AGENT]: Opening plugin from path = /usr/local/lib/flexric/libmac_sm.so 
[E2 AGENT]: Opening plugin from path = /usr/local/lib/flexric/libpdcp_sm.so 
[E2 AGENT]: Opening plugin from path = /usr/local/lib/flexric/libgtp_sm.so 
[E2 AGENT]: Opening plugin from path = /usr/local/lib/flexric/librc_sm.so 
[E2 AGENT]: Opening plugin from path = /usr/local/lib/flexric/libtc_sm.so 
[E2 AGENT]: Opening plugin from path = /usr/local/lib/flexric/librlc_sm.so 
[E2 AGENT]: Opening plugin from path = /usr/local/lib/flexric/libslice_sm.so 
[NEAR-RIC]: Loading SM ID = 2 with def = ORAN-E2SM-KPM 
[NEAR-RIC]: Loading SM ID = 142 with def = MAC_STATS_V0 
[NEAR-RIC]: Loading SM ID = 144 with def = PDCP_STATS_V0 
[NEAR-RIC]: Loading SM ID = 148 with def = GTP_STATS_V0 
[NEAR-RIC]: Loading SM ID = 3 with def = ORAN-E2SM-RC 
[NEAR-RIC]: Loading SM ID = 146 with def = TC_STATS_V0 
[NEAR-RIC]: Loading SM ID = 143 with def = RLC_STATS_V0 
[NEAR-RIC]: Loading SM ID = 145 with def = SLICE_STATS_V0 
[xApp]: DB filename = /tmp/flexric/xapp_db 
 [xApp]: E42 SETUP-REQUEST tx
[xApp]: E42 SETUP-RESPONSE rx 
[xApp]: xApp ID = 11 
[xApp]: Registered E2 Nodes = 3 
Connected E2 nodes = 3
[xAPP] Registered node 0 ran func id = 2 
 [xAPP] Registered node 0 ran func id = 3 
 [xAPP] Registered node 0 ran func id = 142 
 [xAPP] Registered node 0 ran func id = 143 
 [xAPP] Registered node 0 ran func id = 144 
 [xAPP] Registered node 0 ran func id = 145 
 [xAPP] Registered node 0 ran func id = 146 
 [xAPP] Registered node 0 ran func id = 148 
 [xApp]: E42 RIC SUBSCRIPTION REQUEST tx RAN_FUNC_ID 144 RIC_REQ_ID 1 
[xApp]: SUBSCRIPTION RESPONSE rx
[xApp]: Successfully subscribed to RAN_FUNC_ID 144 
[xAPP] Registered node 1 ran func id = 2 
 [xAPP] Registered node 1 ran func id = 3 
 [xAPP] Registered node 1 ran func id = 142 
 [xAPP] Registered node 1 ran func id = 143 
 [xAPP] Registered node 1 ran func id = 144 
 [xAPP] Registered node 1 ran func id = 145 
 [xAPP] Registered node 1 ran func id = 146 
 [xAPP] Registered node 1 ran func id = 148 
 [xApp]: E42 RIC SUBSCRIPTION REQUEST tx RAN_FUNC_ID 144 RIC_REQ_ID 2 
[xApp]: SUBSCRIPTION RESPONSE rx
[xApp]: Successfully subscribed to RAN_FUNC_ID 144 
[xAPP] Registered node 2 ran func id = 2 
 [xAPP] Registered node 2 ran func id = 3 
 [xAPP] Registered node 2 ran func id = 142 
 [xAPP] Registered node 2 ran func id = 143 
 [xAPP] Registered node 2 ran func id = 144 
 [xAPP] Registered node 2 ran func id = 145 
 [xAPP] Registered node 2 ran func id = 146 
 [xAPP] Registered node 2 ran func id = 148 
 [xApp]: E42 RIC SUBSCRIPTION REQUEST tx RAN_FUNC_ID 144 RIC_REQ_ID 3 
[xApp]: SUBSCRIPTION RESPONSE rx
[xApp]: Successfully subscribed to RAN_FUNC_ID 144 
113[UE 1 | RB 1] Throughput = 1.07656 Mbps
214[UE 1 | RB 1] Throughput = 1.07551 Mbps
314[UE 1 | RB 1] Throughput = 0.95581 Mbps
423[UE 1 | RB 1] Throughput = 1.31440 Mbps
533[UE 1 | RB 1] Throughput = 0.87159 Mbps
634[UE 1 | RB 1] Throughput = 1.31449 Mbps
734[UE 1 | RB 1] Throughput = 0.83718 Mbps
844[UE 1 | RB 1] Throughput = 1.09163 Mbps
954[UE 1 | RB 1] Throughput = 0.87212 Mbps
1054[UE 1 | RB 1] Throughput = 1.31792 Mbps
1163[UE 1 | RB 1] Throughput = 1.19988 Mbps
1274[UE 1 | RB 1] Throughput = 0.76053 Mbps
1374[UE 1 | RB 1] Throughput = 1.19820 Mbps
1484[UE 1 | RB 1] Throughput = 1.20121 Mbps
1594[UE 1 | RB 1] Throughput = 0.76266 Mbps
1745[UE 1 | RB 1] Throughput = 0.87253 Mbps
2749[UE 1 | RB 1] Throughput = 0.02386 Mbps
2854[UE 1 | RB 1] Throughput = 11.46158 Mbps
2963[UE 1 | RB 1] Throughput = 1.20314 Mbps
3063[UE 1 | RB 1] Throughput = 1.07596 Mbps
3164[UE 1 | RB 1] Throughput = 0.71740 Mbps
3273[UE 1 | RB 1] Throughput = 1.20355 Mbps
3374[UE 1 | RB 1] Throughput = 1.42359 Mbps
3483[UE 1 | RB 1] Throughput = 0.65816 Mbps
3583[UE 1 | RB 1] Throughput = 1.31702 Mbps
3693[UE 1 | RB 1] Throughput = 1.30950 Mbps
3794[UE 1 | RB 1] Throughput = 0.59753 Mbps
3894[UE 1 | RB 1] Throughput = 1.31709 Mbps
4004[UE 1 | RB 1] Throughput = 0.98001 Mbps
4114[UE 1 | RB 1] Throughput = 0.98120 Mbps
4782[UE 1 | RB 1] Throughput = 0.08962 Mbps
4884[UE 1 | RB 1] Throughput = 7.66572 Mbps
4994[UE 1 | RB 1] Throughput = 1.19873 Mbps
5104[UE 1 | RB 1] Throughput = 0.87243 Mbps
5204[UE 1 | RB 1] Throughput = 1.43713 Mbps
5304[UE 1 | RB 1] Throughput = 0.71860 Mbps
5404[UE 1 | RB 1] Throughput = 1.19483 Mbps
5514[UE 1 | RB 1] Throughput = 1.20176 Mbps
5624[UE 1 | RB 1] Throughput = 1.08998 Mbps
5724[UE 1 | RB 1] Throughput = 0.71887 Mbps
5834[UE 1 | RB 1] Throughput = 1.20047 Mbps
5934[UE 1 | RB 1] Throughput = 1.19509 Mbps
6044[UE 1 | RB 1] Throughput = 0.76335 Mbps
6144[UE 1 | RB 1] Throughput = 1.31679 Mbps
6254[UE 1 | RB 1] Throughput = 0.98141 Mbps
6364[UE 1 | RB 1] Throughput = 1.09085 Mbps
6464[UE 1 | RB 1] Throughput = 1.31280 Mbps
7806[UE 1 | RB 1] Throughput = 0.06251 Mbps
7914[UE 1 | RB 1] Throughput = 13.12754 Mbps
8014[UE 1 | RB 1] Throughput = 1.31466 Mbps
8124[UE 1 | RB 1] Throughput = 0.98436 Mbps
8224[UE 1 | RB 1] Throughput = 1.19705 Mbps
8324[UE 1 | RB 1] Throughput = 1.19771 Mbps
8424[UE 1 | RB 1] Throughput = 0.71718 Mbps
8534[UE 1 | RB 1] Throughput = 1.09195 Mbps
8645[UE 1 | RB 1] Throughput = 1.18197 Mbps
8965[UE 1 | RB 1] Throughput = 0.33718 Mbps
9074[UE 1 | RB 1] Throughput = 3.18577 Mbps
9184[UE 1 | RB 1] Throughput = 0.98549 Mbps
9284[UE 1 | RB 1] Throughput = 1.31657 Mbps
9384[UE 1 | RB 1] Throughput = 0.59883 Mbps
9494[UE 1 | RB 1] Throughput = 1.20201 Mbps
9594[UE 1 | RB 1] Throughput = 1.19551 Mbps
9704[UE 1 | RB 1] Throughput = 1.19459 Mbps
9814[UE 1 | RB 1] Throughput = 1.30895 Mbps
9924[UE 1 | RB 1] Throughput = 0.54403 Mbps
10034[UE 1 | RB 1] Throughput = 1.30865 Mbps
10144[UE 1 | RB 1] Throughput = 1.19831 Mbps
10254[UE 1 | RB 1] Throughput = 1.20347 Mbps
10354[UE 1 | RB 1] Throughput = 0.71616 Mbps
10464[UE 1 | RB 1] Throughput = 1.19909 Mbps
10565[UE 1 | RB 1] Throughput = 1.19005 Mbps
10674[UE 1 | RB 1] Throughput = 1.09868 Mbps
10774[UE 1 | RB 1] Throughput = 0.71623 Mbps
10884[UE 1 | RB 1] Throughput = 1.08987 Mbps
10984[UE 1 | RB 1] Throughput = 1.31775 Mbps
11084[UE 1 | RB 1] Throughput = 0.71804 Mbps
11194[UE 1 | RB 1] Throughput = 1.09103 Mbps
11304[UE 1 | RB 1] Throughput = 1.30807 Mbps
11414[UE 1 | RB 1] Throughput = 0.54499 Mbps
11514[UE 1 | RB 1] Throughput = 1.79728 Mbps
11614[UE 1 | RB 1] Throughput = 0.71716 Mbps
11724[UE 1 | RB 1] Throughput = 1.09048 Mbps
11834[UE 1 | RB 1] Throughput = 1.20059 Mbps
11944[UE 1 | RB 1] Throughput = 1.20056 Mbps
12044[UE 1 | RB 1] Throughput = 0.83611 Mbps
12154[UE 1 | RB 1] Throughput = 1.08960 Mbps
12254[UE 1 | RB 1] Throughput = 1.31638 Mbps
12364[UE 1 | RB 1] Throughput = 0.65262 Mbps
12474[UE 1 | RB 1] Throughput = 1.20018 Mbps
12584[UE 1 | RB 1] Throughput = 0.98316 Mbps
12684[UE 1 | RB 1] Throughput = 1.31401 Mbps
12794[UE 1 | RB 1] Throughput = 1.20117 Mbps
12894[UE 1 | RB 1] Throughput = 0.71885 Mbps
12994[UE 1 | RB 1] Throughput = 1.43545 Mbps
13094[UE 1 | RB 1] Throughput = 1.07806 Mbps
13204[UE 1 | RB 1] Throughput = 0.76350 Mbps
13314[UE 1 | RB 1] Throughput = 1.09041 Mbps
13414[UE 1 | RB 1] Throughput = 1.31728 Mbps
13524[UE 1 | RB 1] Throughput = 0.65298 Mbps
13634[UE 1 | RB 1] Throughput = 1.30833 Mbps
13734[UE 1 | RB 1] Throughput = 1.31791 Mbps
13834[UE 1 | RB 1] Throughput = 0.83650 Mbps
13944[UE 1 | RB 1] Throughput = 1.31224 Mbps
14054[UE 1 | RB 1] Throughput = 0.65224 Mbps
14154[UE 1 | RB 1] Throughput = 1.43712 Mbps
14264[UE 1 | RB 1] Throughput = 1.09029 Mbps
14365[UE 1 | RB 1] Throughput = 0.71618 Mbps
14474[UE 1 | RB 1] Throughput = 1.31153 Mbps
14574[UE 1 | RB 1] Throughput = 0.83846 Mbps
14675[UE 1 | RB 1] Throughput = 1.19696 Mbps
14784[UE 1 | RB 1] Throughput = 0.98461 Mbps
14884[UE 1 | RB 1] Throughput = 1.31698 Mbps
14994[UE 1 | RB 1] Throughput = 0.97912 Mbps
15094[UE 1 | RB 1] Throughput = 0.95775 Mbps
15204[UE 1 | RB 1] Throughput = 0.76380 Mbps
15314[UE 1 | RB 1] Throughput = 1.41575 Mbps
15414[UE 1 | RB 1] Throughput = 1.19706 Mbps
15515[UE 1 | RB 1] Throughput = 1.19649 Mbps
15624[UE 1 | RB 1] Throughput = 0.87427 Mbps
15725[UE 1 | RB 1] Throughput = 0.95465 Mbps
18814[UE 1 | RB 1] Throughput = 0.00000 Mbps
18914[UE 1 | RB 1] Throughput = 34.10610 Mbps
19015[UE 1 | RB 1] Throughput = 0.71771 Mbps
19124[UE 1 | RB 1] Throughput = 1.09109 Mbps
19225[UE 1 | RB 1] Throughput = 0.59857 Mbps
19325[UE 1 | RB 1] Throughput = 1.67768 Mbps
19425[UE 1 | RB 1] Throughput = 1.19772 Mbps
19534[UE 1 | RB 1] Throughput = 1.20108 Mbps
19634[UE 1 | RB 1] Throughput = 0.83788 Mbps
19735[UE 1 | RB 1] Throughput = 1.19773 Mbps
19845[UE 1 | RB 1] Throughput = 1.08951 Mbps
19954[UE 1 | RB 1] Throughput = 1.09060 Mbps
20055[UE 1 | RB 1] Throughput = 0.71788 Mbps
20164[UE 1 | RB 1] Throughput = 1.31075 Mbps
20264[UE 1 | RB 1] Throughput = 0.95710 Mbps
20374[UE 1 | RB 1] Throughput = 0.98040 Mbps
20475[UE 1 | RB 1] Throughput = 1.31453 Mbps
20585[UE 1 | RB 1] Throughput = 0.65452 Mbps
20685[UE 1 | RB 1] Throughput = 1.43392 Mbps
20794[UE 1 | RB 1] Throughput = 1.09423 Mbps
20895[UE 1 | RB 1] Throughput = 1.19513 Mbps
20995[UE 1 | RB 1] Throughput = 0.95756 Mbps
21104[UE 1 | RB 1] Throughput = 1.20315 Mbps
21214[UE 1 | RB 1] Throughput = 0.76365 Mbps
21315[UE 1 | RB 1] Throughput = 1.31359 Mbps
21425[UE 1 | RB 1] Throughput = 0.87127 Mbps
21525[UE 1 | RB 1] Throughput = 1.07814 Mbps
21634[UE 1 | RB 1] Throughput = 1.20246 Mbps
21734[UE 1 | RB 1] Throughput = 1.07775 Mbps
21835[UE 1 | RB 1] Throughput = 1.19465 Mbps
21944[UE 1 | RB 1] Throughput = 1.09144 Mbps
22045[UE 1 | RB 1] Throughput = 0.71847 Mbps
22145[UE 1 | RB 1] Throughput = 1.19675 Mbps
22254[UE 1 | RB 1] Throughput = 1.09175 Mbps
22355[UE 1 | RB 1] Throughput = 1.07548 Mbps
22465[UE 1 | RB 1] Throughput = 1.19861 Mbps
23616[UE 1 | RB 1] Throughput = 0.06246 Mbps
23724[UE 1 | RB 1] Throughput = 11.25414 Mbps
23825[UE 1 | RB 1] Throughput = 1.54961 Mbps
23935[UE 1 | RB 1] Throughput = 1.08984 Mbps
24045[UE 1 | RB 1] Throughput = 0.98289 Mbps
24145[UE 1 | RB 1] Throughput = 1.19743 Mbps
24245[UE 1 | RB 1] Throughput = 0.59870 Mbps
24355[UE 1 | RB 1] Throughput = 1.30991 Mbps
24455[UE 1 | RB 1] Throughput = 1.31665 Mbps
24565[UE 1 | RB 1] Throughput = 0.76253 Mbps
24675[UE 1 | RB 1] Throughput = 1.19924 Mbps
24785[UE 1 | RB 1] Throughput = 1.19373 Mbps
24885[UE 1 | RB 1] Throughput = 1.07757 Mbps
24995[UE 1 | RB 1] Throughput = 0.76518 Mbps
25095[UE 1 | RB 1] Throughput = 1.19836 Mbps
25205[UE 1 | RB 1] Throughput = 1.19982 Mbps
25305[UE 1 | RB 1] Throughput = 1.19497 Mbps
25415[UE 1 | RB 1] Throughput = 0.65459 Mbps
25515[UE 1 | RB 1] Throughput = 1.31592 Mbps
25625[UE 1 | RB 1] Throughput = 1.09081 Mbps
25735[UE 1 | RB 1] Throughput = 1.19937 Mbps
25835[UE 1 | RB 1] Throughput = 0.59693 Mbps
25945[UE 1 | RB 1] Throughput = 1.20030 Mbps
26055[UE 1 | RB 1] Throughput = 1.19896 Mbps
26155[UE 1 | RB 1] Throughput = 1.31600 Mbps
26255[UE 1 | RB 1] Throughput = 0.59698 Mbps
26365[UE 1 | RB 1] Throughput = 1.20291 Mbps
26475[UE 1 | RB 1] Throughput = 1.30986 Mbps
26575[UE 1 | RB 1] Throughput = 0.71898 Mbps
26675[UE 1 | RB 1] Throughput = 1.31713 Mbps
26775[UE 1 | RB 1] Throughput = 0.71795 Mbps
26885[UE 1 | RB 1] Throughput = 1.30605 Mbps
26985[UE 1 | RB 1] Throughput = 1.31791 Mbps
28094[UE 1 | RB 1] Throughput = 0.05404 Mbps
28195[UE 1 | RB 1] Throughput = 11.76113 Mbps
28305[UE 1 | RB 1] Throughput = 1.19896 Mbps
28405[UE 1 | RB 1] Throughput = 1.31574 Mbps
28515[UE 1 | RB 1] Throughput = 0.76528 Mbps
28625[UE 1 | RB 1] Throughput = 1.30669 Mbps
28725[UE 1 | RB 1] Throughput = 1.19566 Mbps
28835[UE 1 | RB 1] Throughput = 0.76260 Mbps
28945[UE 1 | RB 1] Throughput = 1.09187 Mbps
29045[UE 1 | RB 1] Throughput = 1.31038 Mbps
29145[UE 1 | RB 1] Throughput = 0.83824 Mbps
29255[UE 1 | RB 1] Throughput = 1.09264 Mbps
29355[UE 1 | RB 1] Throughput = 1.19838 Mbps
29455[UE 1 | RB 1] Throughput = 0.71834 Mbps
29565[UE 1 | RB 1] Throughput = 1.30660 Mbps
29675[UE 1 | RB 1] Throughput = 1.20303 Mbps
29775[UE 1 | RB 1] Throughput = 0.83829 Mbps
29875[UE 1 | RB 1] Throughput = 1.07442 Mbps
29985[UE 1 | RB 1] Throughput = 1.20314 Mbps
30085[UE 1 | RB 1] Throughput = 0.71672 Mbps
30195[UE 1 | RB 1] Throughput = 1.41684 Mbps
30840[UE 1 | RB 1] Throughput = 0.00000 Mbps
30945[UE 1 | RB 1] Throughput = 7.50201 Mbps
31055[UE 1 | RB 1] Throughput = 1.09134 Mbps
31155[UE 1 | RB 1] Throughput = 1.31808 Mbps
31255[UE 1 | RB 1] Throughput = 0.71757 Mbps
31355[UE 1 | RB 1] Throughput = 1.31700 Mbps
31465[UE 1 | RB 1] Throughput = 1.09408 Mbps
31565[UE 1 | RB 1] Throughput = 0.83820 Mbps
31665[UE 1 | RB 1] Throughput = 1.31258 Mbps
31775[UE 1 | RB 1] Throughput = 0.54523 Mbps
31876[UE 1 | RB 1] Throughput = 1.31567 Mbps
31985[UE 1 | RB 1] Throughput = 1.09240 Mbps
32085[UE 1 | RB 1] Throughput = 1.07802 Mbps
32185[UE 1 | RB 1] Throughput = 1.31799 Mbps
32285[UE 1 | RB 1] Throughput = 0.71830 Mbps
32395[UE 1 | RB 1] Throughput = 1.20082 Mbps
32495[UE 1 | RB 1] Throughput = 0.83849 Mbps
32595[UE 1 | RB 1] Throughput = 1.07826 Mbps
32705[UE 1 | RB 1] Throughput = 1.20042 Mbps
32805[UE 1 | RB 1] Throughput = 1.19634 Mbps
32915[UE 1 | RB 1] Throughput = 1.09031 Mbps
33025[UE 1 | RB 1] Throughput = 1.20366 Mbps
33126[UE 1 | RB 1] Throughput = 1.06954 Mbps
33235[UE 1 | RB 1] Throughput = 0.65636 Mbps
33335[UE 1 | RB 1] Throughput = 1.31808 Mbps
33435[UE 1 | RB 1] Throughput = 1.31482 Mbps
33535[UE 1 | RB 1] Throughput = 0.83792 Mbps
33645[UE 1 | RB 1] Throughput = 1.31171 Mbps
33755[UE 1 | RB 1] Throughput = 0.54539 Mbps
33855[UE 1 | RB 1] Throughput = 1.43603 Mbps
33955[UE 1 | RB 1] Throughput = 1.19820 Mbps
34055[UE 1 | RB 1] Throughput = 0.83677 Mbps
34155[UE 1 | RB 1] Throughput = 1.19839 Mbps
34265[UE 1 | RB 1] Throughput = 0.65418 Mbps
34365[UE 1 | RB 1] Throughput = 1.19727 Mbps
34475[UE 1 | RB 1] Throughput = 1.30724 Mbps
34585[UE 1 | RB 1] Throughput = 1.20205 Mbps
34686[UE 1 | RB 1] Throughput = 0.71509 Mbps
34795[UE 1 | RB 1] Throughput = 1.31219 Mbps
34895[UE 1 | RB 1] Throughput = 1.07619 Mbps
35005[UE 1 | RB 1] Throughput = 1.08954 Mbps
35115[UE 1 | RB 1] Throughput = 1.08916 Mbps
35216[UE 1 | RB 1] Throughput = 0.35911 Mbps
35325[UE 1 | RB 1] Throughput = 1.64021 Mbps
35425[UE 1 | RB 1] Throughput = 1.19573 Mbps
35525[UE 1 | RB 1] Throughput = 0.83863 Mbps
35626[UE 1 | RB 1] Throughput = 1.31648 Mbps
35735[UE 1 | RB 1] Throughput = 0.65513 Mbps
35836[UE 1 | RB 1] Throughput = 1.31583 Mbps
35945[UE 1 | RB 1] Throughput = 1.20144 Mbps
36045[UE 1 | RB 1] Throughput = 1.19577 Mbps
36146[UE 1 | RB 1] Throughput = 0.71494 Mbps
36255[UE 1 | RB 1] Throughput = 1.20783 Mbps
36356[UE 1 | RB 1] Throughput = 0.71611 Mbps
36456[UE 1 | RB 1] Throughput = 1.07756 Mbps
36566[UE 1 | RB 1] Throughput = 1.19655 Mbps
36675[UE 1 | RB 1] Throughput = 0.98440 Mbps
36775[UE 1 | RB 1] Throughput = 1.31782 Mbps
36875[UE 1 | RB 1] Throughput = 0.71885 Mbps
36975[UE 1 | RB 1] Throughput = 1.43756 Mbps
37076[UE 1 | RB 1] Throughput = 1.31586 Mbps
37176[UE 1 | RB 1] Throughput = 0.71892 Mbps
37286[UE 1 | RB 1] Throughput = 1.20022 Mbps
37386[UE 1 | RB 1] Throughput = 0.59641 Mbps
37495[UE 1 | RB 1] Throughput = 1.20693 Mbps
37595[UE 1 | RB 1] Throughput = 1.31690 Mbps
37695[UE 1 | RB 1] Throughput = 1.31690 Mbps
37805[UE 1 | RB 1] Throughput = 0.65351 Mbps
37905[UE 1 | RB 1] Throughput = 1.31813 Mbps
38006[UE 1 | RB 1] Throughput = 1.07465 Mbps
38115[UE 1 | RB 1] Throughput = 0.76643 Mbps
38216[UE 1 | RB 1] Throughput = 1.18988 Mbps
38325[UE 1 | RB 1] Throughput = 1.20388 Mbps
38436[UE 1 | RB 1] Throughput = 0.97786 Mbps
38546[UE 1 | RB 1] Throughput = 0.98215 Mbps
38646[UE 1 | RB 1] Throughput = 1.31640 Mbps
38755[UE 1 | RB 1] Throughput = 1.20137 Mbps
38865[UE 1 | RB 1] Throughput = 1.08962 Mbps
38966[UE 1 | RB 1] Throughput = 0.71497 Mbps
39066[UE 1 | RB 1] Throughput = 1.31586 Mbps
39176[UE 1 | RB 1] Throughput = 0.65757 Mbps
39286[UE 1 | RB 1] Throughput = 1.30756 Mbps
39386[UE 1 | RB 1] Throughput = 1.31702 Mbps
39495[UE 1 | RB 1] Throughput = 0.76573 Mbps
39595[UE 1 | RB 1] Throughput = 1.19492 Mbps
39696[UE 1 | RB 1] Throughput = 1.19772 Mbps
39796[UE 1 | RB 1] Throughput = 0.95705 Mbps
39906[UE 1 | RB 1] Throughput = 1.30770 Mbps
40016[UE 1 | RB 1] Throughput = 0.65447 Mbps
40116[UE 1 | RB 1] Throughput = 1.31544 Mbps
40226[UE 1 | RB 1] Throughput = 0.54569 Mbps
40336[UE 1 | RB 1] Throughput = 1.52599 Mbps
40436[UE 1 | RB 1] Throughput = 0.71791 Mbps
40536[UE 1 | RB 1] Throughput = 1.43801 Mbps
40646[UE 1 | RB 1] Throughput = 1.19510 Mbps
40755[UE 1 | RB 1] Throughput = 0.54810 Mbps
40866[UE 1 | RB 1] Throughput = 1.30484 Mbps
40966[UE 1 | RB 1] Throughput = 1.43497 Mbps
41066[UE 1 | RB 1] Throughput = 0.71643 Mbps
41176[UE 1 | RB 1] Throughput = 1.20330 Mbps
41276[UE 1 | RB 1] Throughput = 0.83526 Mbps
41386[UE 1 | RB 1] Throughput = 1.20276 Mbps
41486[UE 1 | RB 1] Throughput = 1.31788 Mbps
41586[UE 1 | RB 1] Throughput = 0.71879 Mbps
41686[UE 1 | RB 1] Throughput = 1.43647 Mbps
41796[UE 1 | RB 1] Throughput = 0.54645 Mbps
41896[UE 1 | RB 1] Throughput = 1.31603 Mbps
42005[UE 1 | RB 1] Throughput = 1.20064 Mbps
42106[UE 1 | RB 1] Throughput = 1.31026 Mbps
42215[UE 1 | RB 1] Throughput = 0.76714 Mbps
42326[UE 1 | RB 1] Throughput = 1.19638 Mbps
42426[UE 1 | RB 1] Throughput = 0.71852 Mbps
42526[UE 1 | RB 1] Throughput = 1.43477 Mbps
42626[UE 1 | RB 1] Throughput = 0.71743 Mbps
42726[UE 1 | RB 1] Throughput = 1.31725 Mbps
42835[UE 1 | RB 1] Throughput = 1.20702 Mbps
42946[UE 1 | RB 1] Throughput = 0.65266 Mbps
43055[UE 1 | RB 1] Throughput = 1.19986 Mbps
43156[UE 1 | RB 1] Throughput = 1.31482 Mbps
43256[UE 1 | RB 1] Throughput = 1.31715 Mbps
43356[UE 1 | RB 1] Throughput = 0.71902 Mbps
43466[UE 1 | RB 1] Throughput = 1.08743 Mbps
43576[UE 1 | RB 1] Throughput = 0.98308 Mbps
43676[UE 1 | RB 1] Throughput = 1.42882 Mbps
43837[UE 1 | RB 1] Throughput = 0.00000 Mbps
43946[UE 1 | RB 1] Throughput = 2.53688 Mbps
44056[UE 1 | RB 1] Throughput = 1.20127 Mbps
44156[UE 1 | RB 1] Throughput = 0.71740 Mbps
44266[UE 1 | RB 1] Throughput = 1.20033 Mbps
44366[UE 1 | RB 1] Throughput = 0.71780 Mbps
44476[UE 1 | RB 1] Throughput = 1.41728 Mbps
44586[UE 1 | RB 1] Throughput = 0.98131 Mbps
44686[UE 1 | RB 1] Throughput = 1.19659 Mbps
44786[UE 1 | RB 1] Throughput = 1.19610 Mbps
44886[UE 1 | RB 1] Throughput = 0.71771 Mbps
44996[UE 1 | RB 1] Throughput = 1.31099 Mbps
45096[UE 1 | RB 1] Throughput = 0.71794 Mbps
45196[UE 1 | RB 1] Throughput = 1.31583 Mbps
45306[UE 1 | RB 1] Throughput = 1.20296 Mbps
45416[UE 1 | RB 1] Throughput = 1.08921 Mbps
45516[UE 1 | RB 1] Throughput = 0.83736 Mbps
45626[UE 1 | RB 1] Throughput = 1.09234 Mbps
45736[UE 1 | RB 1] Throughput = 1.30594 Mbps
45836[UE 1 | RB 1] Throughput = 0.71881 Mbps
45946[UE 1 | RB 1] Throughput = 1.30813 Mbps
46046[UE 1 | RB 1] Throughput = 0.71885 Mbps
46156[UE 1 | RB 1] Throughput = 1.19984 Mbps
46327[UE 1 | RB 1] Throughput = 0.35025 Mbps
46436[UE 1 | RB 1] Throughput = 2.19411 Mbps
46536[UE 1 | RB 1] Throughput = 1.31703 Mbps
46636[UE 1 | RB 1] Throughput = 0.71887 Mbps
46736[UE 1 | RB 1] Throughput = 1.19695 Mbps
46846[UE 1 | RB 1] Throughput = 1.09439 Mbps
46946[UE 1 | RB 1] Throughput = 0.95558 Mbps
47056[UE 1 | RB 1] Throughput = 1.19968 Mbps
47156[UE 1 | RB 1] Throughput = 1.07597 Mbps
47266[UE 1 | RB 1] Throughput = 1.09476 Mbps
47366[UE 1 | RB 1] Throughput = 1.19373 Mbps
47466[UE 1 | RB 1] Throughput = 0.71874 Mbps
47576[UE 1 | RB 1] Throughput = 1.20092 Mbps
47686[UE 1 | RB 1] Throughput = 1.08941 Mbps
48767[UE 1 | RB 1] Throughput = 0.05540 Mbps
48876[UE 1 | RB 1] Throughput = 11.00752 Mbps
48986[UE 1 | RB 1] Throughput = 1.30769 Mbps
49096[UE 1 | RB 1] Throughput = 0.65471 Mbps
49207[UE 1 | RB 1] Throughput = 1.30224 Mbps
49316[UE 1 | RB 1] Throughput = 1.31382 Mbps
49426[UE 1 | RB 1] Throughput = 0.65304 Mbps
49536[UE 1 | RB 1] Throughput = 1.19831 Mbps
49646[UE 1 | RB 1] Throughput = 1.30789 Mbps
49756[UE 1 | RB 1] Throughput = 0.65443 Mbps
49856[UE 1 | RB 1] Throughput = 1.31671 Mbps
49956[UE 1 | RB 1] Throughput = 1.31561 Mbps
50066[UE 1 | RB 1] Throughput = 0.76220 Mbps
50167[UE 1 | RB 1] Throughput = 0.71682 Mbps
50276[UE 1 | RB 1] Throughput = 1.31314 Mbps
50376[UE 1 | RB 1] Throughput = 1.43291 Mbps
50486[UE 1 | RB 1] Throughput = 0.65406 Mbps
50596[UE 1 | RB 1] Throughput = 1.31160 Mbps
50696[UE 1 | RB 1] Throughput = 0.71844 Mbps
50806[UE 1 | RB 1] Throughput = 1.30587 Mbps
50907[UE 1 | RB 1] Throughput = 1.31040 Mbps
51016[UE 1 | RB 1] Throughput = 0.65716 Mbps
51116[UE 1 | RB 1] Throughput = 1.43690 Mbps
51227[UE 1 | RB 1] Throughput = 1.19579 Mbps
51336[UE 1 | RB 1] Throughput = 0.76665 Mbps
51446[UE 1 | RB 1] Throughput = 1.30644 Mbps
52735[UE 1 | RB 1] Throughput = 0.05578 Mbps
52836[UE 1 | RB 1] Throughput = 13.96750 Mbps
52946[UE 1 | RB 1] Throughput = 0.65396 Mbps
53056[UE 1 | RB 1] Throughput = 1.30733 Mbps
53167[UE 1 | RB 1] Throughput = 1.30498 Mbps
53267[UE 1 | RB 1] Throughput = 0.71561 Mbps
53377[UE 1 | RB 1] Throughput = 1.31359 Mbps
53486[UE 1 | RB 1] Throughput = 1.09153 Mbps
53587[UE 1 | RB 1] Throughput = 0.95684 Mbps
53687[UE 1 | RB 1] Throughput = 1.07518 Mbps
53796[UE 1 | RB 1] Throughput = 1.20351 Mbps
53906[UE 1 | RB 1] Throughput = 0.65392 Mbps
54007[UE 1 | RB 1] Throughput = 1.31522 Mbps
54116[UE 1 | RB 1] Throughput = 0.87581 Mbps
54216[UE 1 | RB 1] Throughput = 1.19518 Mbps
54316[UE 1 | RB 1] Throughput = 1.19621 Mbps
54427[UE 1 | RB 1] Throughput = 0.87080 Mbps
54537[UE 1 | RB 1] Throughput = 1.09015 Mbps
54646[UE 1 | RB 1] Throughput = 1.30777 Mbps
54756[UE 1 | RB 1] Throughput = 0.98179 Mbps
55489[UE 1 | RB 1] Throughput = 0.04905 Mbps
55597[UE 1 | RB 1] Throughput = 8.05436 Mbps
55697[UE 1 | RB 1] Throughput = 1.07805 Mbps
55797[UE 1 | RB 1] Throughput = 0.95860 Mbps
55897[UE 1 | RB 1] Throughput = 1.31674 Mbps
55997[UE 1 | RB 1] Throughput = 0.71827 Mbps
56107[UE 1 | RB 1] Throughput = 1.09064 Mbps
56216[UE 1 | RB 1] Throughput = 1.20116 Mbps
56327[UE 1 | RB 1] Throughput = 1.08761 Mbps
56427[UE 1 | RB 1] Throughput = 1.31613 Mbps
56536[UE 1 | RB 1] Throughput = 0.65529 Mbps
56646[UE 1 | RB 1] Throughput = 1.19942 Mbps
56746[UE 1 | RB 1] Throughput = 1.31758 Mbps
56856[UE 1 | RB 1] Throughput = 0.65405 Mbps
56966[UE 1 | RB 1] Throughput = 1.30607 Mbps
57067[UE 1 | RB 1] Throughput = 1.31620 Mbps
57167[UE 1 | RB 1] Throughput = 0.83835 Mbps
57277[UE 1 | RB 1] Throughput = 1.20041 Mbps
57377[UE 1 | RB 1] Throughput = 1.07644 Mbps
57486[UE 1 | RB 1] Throughput = 0.65498 Mbps
57596[UE 1 | RB 1] Throughput = 1.09246 Mbps
57696[UE 1 | RB 1] Throughput = 1.43545 Mbps
57797[UE 1 | RB 1] Throughput = 1.19659 Mbps
57906[UE 1 | RB 1] Throughput = 0.65454 Mbps
58007[UE 1 | RB 1] Throughput = 1.31600 Mbps
58116[UE 1 | RB 1] Throughput = 0.65439 Mbps
58217[UE 1 | RB 1] Throughput = 1.43515 Mbps
58326[UE 1 | RB 1] Throughput = 1.20146 Mbps
58427[UE 1 | RB 1] Throughput = 0.71777 Mbps
58536[UE 1 | RB 1] Throughput = 1.09098 Mbps
58636[UE 1 | RB 1] Throughput = 1.43759 Mbps
58737[UE 1 | RB 1] Throughput = 0.71793 Mbps
58837[UE 1 | RB 1] Throughput = 1.43239 Mbps
58947[UE 1 | RB 1] Throughput = 0.98275 Mbps
59057[UE 1 | RB 1] Throughput = 1.19979 Mbps
59157[UE 1 | RB 1] Throughput = 0.83540 Mbps
59267[UE 1 | RB 1] Throughput = 1.30767 Mbps
59376[UE 1 | RB 1] Throughput = 0.87828 Mbps
59477[UE 1 | RB 1] Throughput = 0.71551 Mbps
59586[UE 1 | RB 1] Throughput = 1.31055 Mbps
59696[UE 1 | RB 1] Throughput = 1.19736 Mbps
59796[UE 1 | RB 1] Throughput = 0.71882 Mbps
59897[UE 1 | RB 1] Throughput = 1.43604 Mbps
60006[UE 1 | RB 1] Throughput = 1.19998 Mbps
60117[UE 1 | RB 1] Throughput = 0.65205 Mbps
60217[UE 1 | RB 1] Throughput = 1.31620 Mbps
60327[UE 1 | RB 1] Throughput = 1.20204 Mbps
60427[UE 1 | RB 1] Throughput = 0.71852 Mbps
60536[UE 1 | RB 1] Throughput = 1.30979 Mbps
60637[UE 1 | RB 1] Throughput = 1.19649 Mbps
60737[UE 1 | RB 1] Throughput = 0.59780 Mbps
60846[UE 1 | RB 1] Throughput = 1.31170 Mbps
60947[UE 1 | RB 1] Throughput = 1.19681 Mbps
61057[UE 1 | RB 1] Throughput = 0.76253 Mbps
61167[UE 1 | RB 1] Throughput = 0.98046 Mbps
61267[UE 1 | RB 1] Throughput = 1.43518 Mbps
61377[UE 1 | RB 1] Throughput = 1.20046 Mbps
61486[UE 1 | RB 1] Throughput = 0.65451 Mbps
61587[UE 1 | RB 1] Throughput = 1.43538 Mbps
61687[UE 1 | RB 1] Throughput = 0.95755 Mbps
61787[UE 1 | RB 1] Throughput = 0.95798 Mbps
61897[UE 1 | RB 1] Throughput = 1.08611 Mbps
62007[UE 1 | RB 1] Throughput = 1.09205 Mbps
62117[UE 1 | RB 1] Throughput = 1.19890 Mbps
62217[UE 1 | RB 1] Throughput = 0.71852 Mbps
62317[UE 1 | RB 1] Throughput = 1.43799 Mbps
62427[UE 1 | RB 1] Throughput = 1.19630 Mbps
62537[UE 1 | RB 1] Throughput = 0.65574 Mbps
62647[UE 1 | RB 1] Throughput = 1.19946 Mbps
62757[UE 1 | RB 1] Throughput = 1.30726 Mbps
62857[UE 1 | RB 1] Throughput = 0.71730 Mbps
62967[UE 1 | RB 1] Throughput = 1.19828 Mbps
63077[UE 1 | RB 1] Throughput = 1.20174 Mbps
63187[UE 1 | RB 1] Throughput = 1.19889 Mbps
63297[UE 1 | RB 1] Throughput = 0.54432 Mbps
63407[UE 1 | RB 1] Throughput = 1.19762 Mbps
63517[UE 1 | RB 1] Throughput = 1.30419 Mbps
63627[UE 1 | RB 1] Throughput = 1.20250 Mbps
63727[UE 1 | RB 1] Throughput = 0.71881 Mbps
63827[UE 1 | RB 1] Throughput = 1.31611 Mbps
63927[UE 1 | RB 1] Throughput = 0.83685 Mbps
64027[UE 1 | RB 1] Throughput = 1.19835 Mbps
64127[UE 1 | RB 1] Throughput = 1.19836 Mbps
64237[UE 1 | RB 1] Throughput = 0.65410 Mbps
64347[UE 1 | RB 1] Throughput = 1.30873 Mbps
64447[UE 1 | RB 1] Throughput = 0.95848 Mbps
64557[UE 1 | RB 1] Throughput = 1.20071 Mbps
64657[UE 1 | RB 1] Throughput = 1.19766 Mbps
64757[UE 1 | RB 1] Throughput = 0.71684 Mbps
64857[UE 1 | RB 1] Throughput = 1.43773 Mbps
64967[UE 1 | RB 1] Throughput = 1.08843 Mbps
65077[UE 1 | RB 1] Throughput = 1.09149 Mbps
65187[UE 1 | RB 1] Throughput = 0.76317 Mbps
65287[UE 1 | RB 1] Throughput = 1.31453 Mbps
65397[UE 1 | RB 1] Throughput = 1.09173 Mbps
65497[UE 1 | RB 1] Throughput = 0.71826 Mbps
65597[UE 1 | RB 1] Throughput = 1.19592 Mbps
65707[UE 1 | RB 1] Throughput = 1.31124 Mbps
65807[UE 1 | RB 1] Throughput = 0.95841 Mbps
65917[UE 1 | RB 1] Throughput = 1.08634 Mbps
66027[UE 1 | RB 1] Throughput = 1.09167 Mbps
66127[UE 1 | RB 1] Throughput = 0.71846 Mbps
66237[UE 1 | RB 1] Throughput = 1.41603 Mbps
66347[UE 1 | RB 1] Throughput = 0.98251 Mbps
66447[UE 1 | RB 1] Throughput = 1.07692 Mbps
66557[UE 1 | RB 1] Throughput = 1.08937 Mbps
66657[UE 1 | RB 1] Throughput = 0.83741 Mbps
66767[UE 1 | RB 1] Throughput = 1.09272 Mbps
66867[UE 1 | RB 1] Throughput = 1.19693 Mbps
66967[UE 1 | RB 1] Throughput = 0.95842 Mbps
67067[UE 1 | RB 1] Throughput = 1.07590 Mbps
67177[UE 1 | RB 1] Throughput = 1.19934 Mbps
67287[UE 1 | RB 1] Throughput = 1.20156 Mbps
67397[UE 1 | RB 1] Throughput = 0.65282 Mbps
67507[UE 1 | RB 1] Throughput = 1.41655 Mbps
67607[UE 1 | RB 1] Throughput = 0.83795 Mbps
67717[UE 1 | RB 1] Throughput = 1.09099 Mbps
67817[UE 1 | RB 1] Throughput = 1.43575 Mbps
70723[UE 1 | RB 1] Throughput = 0.00000 Mbps
70827[UE 1 | RB 1] Throughput = 30.26842 Mbps
70937[UE 1 | RB 1] Throughput = 1.19765 Mbps
71037[UE 1 | RB 1] Throughput = 1.43723 Mbps
71138[UE 1 | RB 1] Throughput = 0.59825 Mbps
71247[UE 1 | RB 1] Throughput = 1.09219 Mbps
71347[UE 1 | RB 1] Throughput = 1.19622 Mbps
71457[UE 1 | RB 1] Throughput = 1.09116 Mbps
71557[UE 1 | RB 1] Throughput = 1.19805 Mbps
71667[UE 1 | RB 1] Throughput = 0.21806 Mbps
71777[UE 1 | RB 1] Throughput = 1.85132 Mbps
71877[UE 1 | RB 1] Throughput = 1.07791 Mbps
71977[UE 1 | RB 1] Throughput = 0.95757 Mbps
72087[UE 1 | RB 1] Throughput = 1.09046 Mbps
72197[UE 1 | RB 1] Throughput = 1.19889 Mbps
72297[UE 1 | RB 1] Throughput = 1.07719 Mbps
72398[UE 1 | RB 1] Throughput = 1.19774 Mbps
72507[UE 1 | RB 1] Throughput = 0.98071 Mbps
72618[UE 1 | RB 1] Throughput = 0.97980 Mbps
72727[UE 1 | RB 1] Throughput = 1.20253 Mbps
72828[UE 1 | RB 1] Throughput = 0.83471 Mbps
72938[UE 1 | RB 1] Throughput = 0.87198 Mbps
73048[UE 1 | RB 1] Throughput = 1.30846 Mbps
73148[UE 1 | RB 1] Throughput = 1.19622 Mbps
73257[UE 1 | RB 1] Throughput = 1.09411 Mbps
73358[UE 1 | RB 1] Throughput = 0.83535 Mbps
73467[UE 1 | RB 1] Throughput = 1.20089 Mbps
73568[UE 1 | RB 1] Throughput = 0.83799 Mbps
73668[UE 1 | RB 1] Throughput = 1.07744 Mbps
73778[UE 1 | RB 1] Throughput = 1.08994 Mbps
73888[UE 1 | RB 1] Throughput = 1.30592 Mbps
73997[UE 1 | RB 1] Throughput = 0.76545 Mbps
74098[UE 1 | RB 1] Throughput = 1.31515 Mbps
74198[UE 1 | RB 1] Throughput = 0.71826 Mbps
74307[UE 1 | RB 1] Throughput = 1.31172 Mbps
74408[UE 1 | RB 1] Throughput = 0.95672 Mbps
74508[UE 1 | RB 1] Throughput = 1.31592 Mbps
74618[UE 1 | RB 1] Throughput = 0.76352 Mbps
74728[UE 1 | RB 1] Throughput = 1.19772 Mbps
74838[UE 1 | RB 1] Throughput = 1.08905 Mbps
74938[UE 1 | RB 1] Throughput = 1.07845 Mbps
75048[UE 1 | RB 1] Throughput = 1.09001 Mbps
75158[UE 1 | RB 1] Throughput = 1.19563 Mbps
75267[UE 1 | RB 1] Throughput = 1.20426 Mbps
75367[UE 1 | RB 1] Throughput = 0.83769 Mbps
75468[UE 1 | RB 1] Throughput = 0.71824 Mbps
75577[UE 1 | RB 1] Throughput = 1.30989 Mbps
75678[UE 1 | RB 1] Throughput = 0.83712 Mbps
75788[UE 1 | RB 1] Throughput = 1.30693 Mbps
75897[UE 1 | RB 1] Throughput = 1.20060 Mbps
75997[UE 1 | RB 1] Throughput = 0.71883 Mbps
76098[UE 1 | RB 1] Throughput = 1.31682 Mbps
76208[UE 1 | RB 1] Throughput = 1.30470 Mbps
76317[UE 1 | RB 1] Throughput = 0.76463 Mbps
76417[UE 1 | RB 1] Throughput = 0.83882 Mbps
76518[UE 1 | RB 1] Throughput = 1.31419 Mbps
76627[UE 1 | RB 1] Throughput = 0.76493 Mbps
76728[UE 1 | RB 1] Throughput = 1.42534 Mbps
76838[UE 1 | RB 1] Throughput = 1.09565 Mbps
76948[UE 1 | RB 1] Throughput = 1.19815 Mbps
77058[UE 1 | RB 1] Throughput = 0.65399 Mbps
77168[UE 1 | RB 1] Throughput = 1.19727 Mbps
77278[UE 1 | RB 1] Throughput = 1.19862 Mbps
77388[UE 1 | RB 1] Throughput = 1.19739 Mbps
77498[UE 1 | RB 1] Throughput = 1.09204 Mbps
77608[UE 1 | RB 1] Throughput = 0.65348 Mbps
77708[UE 1 | RB 1] Throughput = 1.31445 Mbps
77818[UE 1 | RB 1] Throughput = 1.09198 Mbps
77918[UE 1 | RB 1] Throughput = 1.31762 Mbps
78028[UE 1 | RB 1] Throughput = 0.76117 Mbps
78137[UE 1 | RB 1] Throughput = 1.09526 Mbps
78238[UE 1 | RB 1] Throughput = 1.19542 Mbps
78338[UE 1 | RB 1] Throughput = 0.83683 Mbps
78448[UE 1 | RB 1] Throughput = 1.30932 Mbps
78558[UE 1 | RB 1] Throughput = 1.08953 Mbps
78658[UE 1 | RB 1] Throughput = 0.95693 Mbps
78768[UE 1 | RB 1] Throughput = 1.30919 Mbps
78868[UE 1 | RB 1] Throughput = 0.71661 Mbps
78978[UE 1 | RB 1] Throughput = 1.20104 Mbps
79088[UE 1 | RB 1] Throughput = 1.08827 Mbps
79198[UE 1 | RB 1] Throughput = 1.08856 Mbps
79308[UE 1 | RB 1] Throughput = 1.19925 Mbps
79417[UE 1 | RB 1] Throughput = 0.76700 Mbps
79518[UE 1 | RB 1] Throughput = 1.31001 Mbps
79628[UE 1 | RB 1] Throughput = 1.20062 Mbps
79728[UE 1 | RB 1] Throughput = 0.83743 Mbps
79828[UE 1 | RB 1] Throughput = 0.71855 Mbps
79938[UE 1 | RB 1] Throughput = 1.31030 Mbps
80038[UE 1 | RB 1] Throughput = 1.19698 Mbps
80148[UE 1 | RB 1] Throughput = 0.76087 Mbps
80258[UE 1 | RB 1] Throughput = 1.09493 Mbps
80358[UE 1 | RB 1] Throughput = 1.31762 Mbps
80458[UE 1 | RB 1] Throughput = 0.71702 Mbps
80599[UE 1 | RB 1] Throughput = 0.93655 Mbps
81666[UE 1 | RB 1] Throughput = 0.13472 Mbps
81768[UE 1 | RB 1] Throughput = 11.45167 Mbps
81868[UE 1 | RB 1] Throughput = 0.71663 Mbps
81968[UE 1 | RB 1] Throughput = 1.43452 Mbps
82078[UE 1 | RB 1] Throughput = 0.76435 Mbps
82188[UE 1 | RB 1] Throughput = 1.31016 Mbps
82288[UE 1 | RB 1] Throughput = 0.71585 Mbps
82398[UE 1 | RB 1] Throughput = 1.30764 Mbps
82508[UE 1 | RB 1] Throughput = 1.31310 Mbps
82608[UE 1 | RB 1] Throughput = 0.59641 Mbps
82718[UE 1 | RB 1] Throughput = 1.31185 Mbps
82818[UE 1 | RB 1] Throughput = 1.31260 Mbps
82928[UE 1 | RB 1] Throughput = 0.65395 Mbps
83038[UE 1 | RB 1] Throughput = 1.30967 Mbps
83148[UE 1 | RB 1] Throughput = 1.20265 Mbps
83248[UE 1 | RB 1] Throughput = 0.83732 Mbps
83358[UE 1 | RB 1] Throughput = 1.30469 Mbps
83458[UE 1 | RB 1] Throughput = 0.71780 Mbps
83558[UE 1 | RB 1] Throughput = 1.31763 Mbps
83658[UE 1 | RB 1] Throughput = 0.71837 Mbps
83768[UE 1 | RB 1] Throughput = 1.20030 Mbps
83868[UE 1 | RB 1] Throughput = 1.31729 Mbps
83978[UE 1 | RB 1] Throughput = 0.65453 Mbps
84088[UE 1 | RB 1] Throughput = 1.20153 Mbps
84188[UE 1 | RB 1] Throughput = 1.19408 Mbps
85251[UE 1 | RB 1] Throughput = 0.04511 Mbps
85358[UE 1 | RB 1] Throughput = 11.25792 Mbps
85468[UE 1 | RB 1] Throughput = 0.76477 Mbps
85568[UE 1 | RB 1] Throughput = 1.43630 Mbps
85678[UE 1 | RB 1] Throughput = 0.65370 Mbps
85778[UE 1 | RB 1] Throughput = 1.43439 Mbps
85888[UE 1 | RB 1] Throughput = 1.31187 Mbps
85988[UE 1 | RB 1] Throughput = 0.71899 Mbps
86088[UE 1 | RB 1] Throughput = 1.19672 Mbps
86198[UE 1 | RB 1] Throughput = 0.98034 Mbps
86298[UE 1 | RB 1] Throughput = 0.83856 Mbps
86398[UE 1 | RB 1] Throughput = 1.19659 Mbps
86498[UE 1 | RB 1] Throughput = 1.31815 Mbps
86608[UE 1 | RB 1] Throughput = 1.20182 Mbps
86718[UE 1 | RB 1] Throughput = 1.08580 Mbps
86828[UE 1 | RB 1] Throughput = 0.54647 Mbps
86938[UE 1 | RB 1] Throughput = 1.31091 Mbps
87038[UE 1 | RB 1] Throughput = 1.31074 Mbps
87148[UE 1 | RB 1] Throughput = 0.87312 Mbps
87258[UE 1 | RB 1] Throughput = 1.09125 Mbps
87358[UE 1 | RB 1] Throughput = 1.07850 Mbps
87458[UE 1 | RB 1] Throughput = 1.31560 Mbps
87558[UE 1 | RB 1] Throughput = 0.83887 Mbps
87668[UE 1 | RB 1] Throughput = 0.98085 Mbps
87768[UE 1 | RB 1] Throughput = 1.31612 Mbps
87879[UE 1 | RB 1] Throughput = 0.65219 Mbps
87988[UE 1 | RB 1] Throughput = 1.30859 Mbps
88089[UE 1 | RB 1] Throughput = 1.31717 Mbps
88198[UE 1 | RB 1] Throughput = 0.76493 Mbps
88298[UE 1 | RB 1] Throughput = 1.31468 Mbps
88408[UE 1 | RB 1] Throughput = 1.09092 Mbps
88519[UE 1 | RB 1] Throughput = 0.76111 Mbps
88628[UE 1 | RB 1] Throughput = 1.09161 Mbps
88728[UE 1 | RB 1] Throughput = 1.19744 Mbps
88839[UE 1 | RB 1] Throughput = 1.08778 Mbps
88948[UE 1 | RB 1] Throughput = 1.20360 Mbps
89048[UE 1 | RB 1] Throughput = 1.07657 Mbps
89148[UE 1 | RB 1] Throughput = 0.95718 Mbps
89259[UE 1 | RB 1] Throughput = 1.08770 Mbps
89368[UE 1 | RB 1] Throughput = 1.09328 Mbps
89478[UE 1 | RB 1] Throughput = 1.08880 Mbps
89578[UE 1 | RB 1] Throughput = 0.71895 Mbps
89679[UE 1 | RB 1] Throughput = 1.43306 Mbps
89788[UE 1 | RB 1] Throughput = 1.09162 Mbps
89889[UE 1 | RB 1] Throughput = 1.07644 Mbps
89998[UE 1 | RB 1] Throughput = 1.09171 Mbps
[xApp]: E42 RIC_SUBSCRIPTION_DELETE_REQUEST tx RAN_FUNC_ID 144 RIC_REQ_ID 1 
[xApp]: E42 SUBSCRIPTION DELETE RESPONSE rx
[xApp]: E42 RIC_SUBSCRIPTION_DELETE_REQUEST tx RAN_FUNC_ID 144 RIC_REQ_ID 2 
[xApp]: E42 SUBSCRIPTION DELETE RESPONSE rx
[xApp]: E42 RIC_SUBSCRIPTION_DELETE_REQUEST tx RAN_FUNC_ID 144 RIC_REQ_ID 3 
[xApp]: E42 SUBSCRIPTION DELETE RESPONSE rx
[xApp]: Sucessfully stopped 
Test xApp run SUCCESSFULLY
