[UTIL]: Setting the config -c file to /usr/local/etc/flexric/flexric.conf
[UTIL]: Setting path -p for the shared libraries to /usr/local/lib/flexric/
[xAapp]: Initializing ... 
[xApp]: nearRT-RIC IP Address = 192.168.70.150, PORT = 36422
[E2 AGENT]: Opening plugin from path = /usr/local/lib/flexric/libkpm_sm.so 
[E2 AGENT]: Opening plugin from path = /usr/local/lib/flexric/libmac_sm.so 
[E2 AGENT]: Opening plugin from path = /usr/local/lib/flexric/libpdcp_sm.so 
[E2 AGENT]: Opening plugin from path = /usr/local/lib/flexric/libgtp_sm.so 
[E2 AGENT]: Opening plugin from path = /usr/local/lib/flexric/librc_sm.so 
[E2 AGENT]: Opening plugin from path = /usr/local/lib/flexric/libtc_sm.so 
[E2 AGENT]: Opening plugin from path = /usr/local/lib/flexric/librlc_sm.so 
[E2 AGENT]: Opening plugin from path = /usr/local/lib/flexric/libslice_sm.so 
[NEAR-RIC]: Loading SM ID = 2 with def = ORAN-E2SM-KPM 
[NEAR-RIC]: Loading SM ID = 142 with def = MAC_STATS_V0 
[NEAR-RIC]: Loading SM ID = 144 with def = PDCP_STATS_V0 
[NEAR-RIC]: Loading SM ID = 148 with def = GTP_STATS_V0 
[NEAR-RIC]: Loading SM ID = 3 with def = ORAN-E2SM-RC 
[NEAR-RIC]: Loading SM ID = 146 with def = TC_STATS_V0 
[NEAR-RIC]: Loading SM ID = 143 with def = RLC_STATS_V0 
[NEAR-RIC]: Loading SM ID = 145 with def = SLICE_STATS_V0 
[xApp]: DB filename = /tmp/flexric/xapp_db 
 [xApp]: E42 SETUP-REQUEST tx
[xApp]: E42 SETUP-RESPONSE rx 
[xApp]: xApp ID = 17 
[xApp]: Registered E2 Nodes = 3 
Connected E2 nodes = 3
[xAPP] Registered node 0 ran func id = 2 
 [xAPP] Registered node 0 ran func id = 3 
 [xAPP] Registered node 0 ran func id = 142 
 [xAPP] Registered node 0 ran func id = 143 
 [xAPP] Registered node 0 ran func id = 144 
 [xAPP] Registered node 0 ran func id = 145 
 [xAPP] Registered node 0 ran func id = 146 
 [xAPP] Registered node 0 ran func id = 148 
 [xApp]: E42 RIC SUBSCRIPTION REQUEST tx RAN_FUNC_ID 144 RIC_REQ_ID 1 
[xApp]: SUBSCRIPTION RESPONSE rx
[xApp]: Successfully subscribed to RAN_FUNC_ID 144 
[xAPP] Registered node 1 ran func id = 2 
 [xAPP] Registered node 1 ran func id = 3 
 [xAPP] Registered node 1 ran func id = 142 
 [xAPP] Registered node 1 ran func id = 143 
 [xAPP] Registered node 1 ran func id = 144 
 [xAPP] Registered node 1 ran func id = 145 
 [xAPP] Registered node 1 ran func id = 146 
 [xAPP] Registered node 1 ran func id = 148 
 [xApp]: E42 RIC SUBSCRIPTION REQUEST tx RAN_FUNC_ID 144 RIC_REQ_ID 2 
[xApp]: SUBSCRIPTION RESPONSE rx
[xApp]: Successfully subscribed to RAN_FUNC_ID 144 
[xAPP] Registered node 2 ran func id = 2 
 [xAPP] Registered node 2 ran func id = 3 
 [xAPP] Registered node 2 ran func id = 142 
 [xAPP] Registered node 2 ran func id = 143 
 [xAPP] Registered node 2 ran func id = 144 
 [xAPP] Registered node 2 ran func id = 145 
 [xAPP] Registered node 2 ran func id = 146 
 [xAPP] Registered node 2 ran func id = 148 
 [xApp]: E42 RIC SUBSCRIPTION REQUEST tx RAN_FUNC_ID 144 RIC_REQ_ID 3 
[xApp]: SUBSCRIPTION RESPONSE rx
[xApp]: Successfully subscribed to RAN_FUNC_ID 144 
113[UE 1 | RB 1] Throughput = 1.43044 Mbps
223[UE 1 | RB 1] Throughput = 0.98228 Mbps
323[UE 1 | RB 1] Throughput = 1.07664 Mbps
433[UE 1 | RB 1] Throughput = 1.09129 Mbps
543[UE 1 | RB 1] Throughput = 1.09008 Mbps
653[UE 1 | RB 1] Throughput = 0.97762 Mbps
763[UE 1 | RB 1] Throughput = 1.09377 Mbps
873[UE 1 | RB 1] Throughput = 0.98050 Mbps
973[UE 1 | RB 1] Throughput = 0.71864 Mbps
1073[UE 1 | RB 1] Throughput = 1.43474 Mbps
1173[UE 1 | RB 1] Throughput = 1.31761 Mbps
1273[UE 1 | RB 1] Throughput = 0.71883 Mbps
1373[UE 1 | RB 1] Throughput = 1.19720 Mbps
1483[UE 1 | RB 1] Throughput = 1.09074 Mbps
1583[UE 1 | RB 1] Throughput = 1.19823 Mbps
1693[UE 1 | RB 1] Throughput = 0.76522 Mbps
1793[UE 1 | RB 1] Throughput = 0.95504 Mbps
1903[UE 1 | RB 1] Throughput = 1.41728 Mbps
2013[UE 1 | RB 1] Throughput = 0.76512 Mbps
2113[UE 1 | RB 1] Throughput = 1.19643 Mbps
2213[UE 1 | RB 1] Throughput = 1.31482 Mbps
2313[UE 1 | RB 1] Throughput = 0.83813 Mbps
2423[UE 1 | RB 1] Throughput = 1.09151 Mbps
2523[UE 1 | RB 1] Throughput = 0.83834 Mbps
2624[UE 1 | RB 1] Throughput = 1.42371 Mbps
2733[UE 1 | RB 1] Throughput = 1.10166 Mbps
2833[UE 1 | RB 1] Throughput = 0.71836 Mbps
2943[UE 1 | RB 1] Throughput = 1.19777 Mbps
3053[UE 1 | RB 1] Throughput = 1.20009 Mbps
3153[UE 1 | RB 1] Throughput = 0.95616 Mbps
3263[UE 1 | RB 1] Throughput = 1.20064 Mbps
3363[UE 1 | RB 1] Throughput = 0.71880 Mbps
3463[UE 1 | RB 1] Throughput = 1.19650 Mbps
3573[UE 1 | RB 1] Throughput = 1.30842 Mbps
3673[UE 1 | RB 1] Throughput = 0.95800 Mbps
3773[UE 1 | RB 1] Throughput = 1.07740 Mbps
3883[UE 1 | RB 1] Throughput = 1.08918 Mbps
3983[UE 1 | RB 1] Throughput = 1.07751 Mbps
4093[UE 1 | RB 1] Throughput = 1.09167 Mbps
4193[UE 1 | RB 1] Throughput = 0.71876 Mbps
4303[UE 1 | RB 1] Throughput = 1.08665 Mbps
4413[UE 1 | RB 1] Throughput = 1.31072 Mbps
4523[UE 1 | RB 1] Throughput = 1.08989 Mbps
4633[UE 1 | RB 1] Throughput = 0.98336 Mbps
4733[UE 1 | RB 1] Throughput = 1.19799 Mbps
4833[UE 1 | RB 1] Throughput = 0.83495 Mbps
4943[UE 1 | RB 1] Throughput = 1.19874 Mbps
5053[UE 1 | RB 1] Throughput = 1.09196 Mbps
5163[UE 1 | RB 1] Throughput = 1.09290 Mbps
5264[UE 1 | RB 1] Throughput = 0.71300 Mbps
5373[UE 1 | RB 1] Throughput = 1.52860 Mbps
5473[UE 1 | RB 1] Throughput = 0.83779 Mbps
5583[UE 1 | RB 1] Throughput = 0.98000 Mbps
5693[UE 1 | RB 1] Throughput = 1.20352 Mbps
5793[UE 1 | RB 1] Throughput = 1.07712 Mbps
5903[UE 1 | RB 1] Throughput = 1.08971 Mbps
6003[UE 1 | RB 1] Throughput = 0.59855 Mbps
6103[UE 1 | RB 1] Throughput = 1.79394 Mbps
6213[UE 1 | RB 1] Throughput = 0.65519 Mbps
6324[UE 1 | RB 1] Throughput = 0.54110 Mbps
6433[UE 1 | RB 1] Throughput = 1.75498 Mbps
6533[UE 1 | RB 1] Throughput = 0.95619 Mbps
6643[UE 1 | RB 1] Throughput = 1.09242 Mbps
6743[UE 1 | RB 1] Throughput = 1.19759 Mbps
6843[UE 1 | RB 1] Throughput = 1.31625 Mbps
6953[UE 1 | RB 1] Throughput = 0.54487 Mbps
7054[UE 1 | RB 1] Throughput = 1.31508 Mbps
7163[UE 1 | RB 1] Throughput = 1.20200 Mbps
7274[UE 1 | RB 1] Throughput = 1.08629 Mbps
7383[UE 1 | RB 1] Throughput = 0.87412 Mbps
7493[UE 1 | RB 1] Throughput = 1.09281 Mbps
7593[UE 1 | RB 1] Throughput = 1.31269 Mbps
7703[UE 1 | RB 1] Throughput = 0.98170 Mbps
7813[UE 1 | RB 1] Throughput = 1.09002 Mbps
7923[UE 1 | RB 1] Throughput = 0.76308 Mbps
8023[UE 1 | RB 1] Throughput = 1.19609 Mbps
8133[UE 1 | RB 1] Throughput = 1.20266 Mbps
8234[UE 1 | RB 1] Throughput = 1.18972 Mbps
8343[UE 1 | RB 1] Throughput = 0.65636 Mbps
8443[UE 1 | RB 1] Throughput = 1.19558 Mbps
8553[UE 1 | RB 1] Throughput = 1.30589 Mbps
8663[UE 1 | RB 1] Throughput = 0.98416 Mbps
8763[UE 1 | RB 1] Throughput = 0.95659 Mbps
8873[UE 1 | RB 1] Throughput = 1.09041 Mbps
8973[UE 1 | RB 1] Throughput = 1.19683 Mbps
9073[UE 1 | RB 1] Throughput = 0.83790 Mbps
9174[UE 1 | RB 1] Throughput = 1.31504 Mbps
9284[UE 1 | RB 1] Throughput = 0.97931 Mbps
9393[UE 1 | RB 1] Throughput = 1.20446 Mbps
9493[UE 1 | RB 1] Throughput = 0.95846 Mbps
9593[UE 1 | RB 1] Throughput = 1.07725 Mbps
9703[UE 1 | RB 1] Throughput = 1.09353 Mbps
9804[UE 1 | RB 1] Throughput = 1.07338 Mbps
9904[UE 1 | RB 1] Throughput = 0.71806 Mbps
10013[UE 1 | RB 1] Throughput = 1.20028 Mbps
10123[UE 1 | RB 1] Throughput = 1.30839 Mbps
10233[UE 1 | RB 1] Throughput = 0.65400 Mbps
10333[UE 1 | RB 1] Throughput = 1.31757 Mbps
10443[UE 1 | RB 1] Throughput = 1.09175 Mbps
10543[UE 1 | RB 1] Throughput = 1.19496 Mbps
10654[UE 1 | RB 1] Throughput = 1.19682 Mbps
10764[UE 1 | RB 1] Throughput = 0.98104 Mbps
10864[UE 1 | RB 1] Throughput = 0.83875 Mbps
10964[UE 1 | RB 1] Throughput = 1.07815 Mbps
11073[UE 1 | RB 1] Throughput = 1.20299 Mbps
11173[UE 1 | RB 1] Throughput = 0.71703 Mbps
11274[UE 1 | RB 1] Throughput = 1.31653 Mbps
11374[UE 1 | RB 1] Throughput = 1.19788 Mbps
11474[UE 1 | RB 1] Throughput = 1.07830 Mbps
11583[UE 1 | RB 1] Throughput = 1.20065 Mbps
11684[UE 1 | RB 1] Throughput = 0.71806 Mbps
11784[UE 1 | RB 1] Throughput = 1.31554 Mbps
11893[UE 1 | RB 1] Throughput = 1.20533 Mbps
11993[UE 1 | RB 1] Throughput = 0.71663 Mbps
12103[UE 1 | RB 1] Throughput = 1.19847 Mbps
12213[UE 1 | RB 1] Throughput = 0.65426 Mbps
12313[UE 1 | RB 1] Throughput = 1.43808 Mbps
12414[UE 1 | RB 1] Throughput = 0.83669 Mbps
12526[UE 1 | RB 1] Throughput = 1.17435 Mbps
12633[UE 1 | RB 1] Throughput = 1.22505 Mbps
12734[UE 1 | RB 1] Throughput = 0.71748 Mbps
12844[UE 1 | RB 1] Throughput = 1.19960 Mbps
12953[UE 1 | RB 1] Throughput = 1.30961 Mbps
13053[UE 1 | RB 1] Throughput = 0.71864 Mbps
13154[UE 1 | RB 1] Throughput = 0.71690 Mbps
13264[UE 1 | RB 1] Throughput = 1.63637 Mbps
13373[UE 1 | RB 1] Throughput = 0.98377 Mbps
13474[UE 1 | RB 1] Throughput = 1.19377 Mbps
13574[UE 1 | RB 1] Throughput = 0.71853 Mbps
13684[UE 1 | RB 1] Throughput = 1.19899 Mbps
13794[UE 1 | RB 1] Throughput = 1.19974 Mbps
13904[UE 1 | RB 1] Throughput = 0.97992 Mbps
14014[UE 1 | RB 1] Throughput = 1.08929 Mbps
14124[UE 1 | RB 1] Throughput = 1.19855 Mbps
14224[UE 1 | RB 1] Throughput = 1.07502 Mbps
14333[UE 1 | RB 1] Throughput = 1.09402 Mbps
14434[UE 1 | RB 1] Throughput = 0.59814 Mbps
14534[UE 1 | RB 1] Throughput = 1.43796 Mbps
14634[UE 1 | RB 1] Throughput = 0.71692 Mbps
14744[UE 1 | RB 1] Throughput = 1.41697 Mbps
14844[UE 1 | RB 1] Throughput = 0.71554 Mbps
14953[UE 1 | RB 1] Throughput = 1.32001 Mbps
15054[UE 1 | RB 1] Throughput = 1.31273 Mbps
15154[UE 1 | RB 1] Throughput = 0.71691 Mbps
15264[UE 1 | RB 1] Throughput = 1.30979 Mbps
15364[UE 1 | RB 1] Throughput = 0.71871 Mbps
15464[UE 1 | RB 1] Throughput = 1.43581 Mbps
15574[UE 1 | RB 1] Throughput = 1.20259 Mbps
15684[UE 1 | RB 1] Throughput = 0.65293 Mbps
15794[UE 1 | RB 1] Throughput = 1.30743 Mbps
15894[UE 1 | RB 1] Throughput = 0.71898 Mbps
16004[UE 1 | RB 1] Throughput = 1.20021 Mbps
16104[UE 1 | RB 1] Throughput = 1.31107 Mbps
16214[UE 1 | RB 1] Throughput = 0.76394 Mbps
16314[UE 1 | RB 1] Throughput = 1.43595 Mbps
16424[UE 1 | RB 1] Throughput = 0.65329 Mbps
16534[UE 1 | RB 1] Throughput = 1.31093 Mbps
16644[UE 1 | RB 1] Throughput = 1.09099 Mbps
16744[UE 1 | RB 1] Throughput = 1.07466 Mbps
16854[UE 1 | RB 1] Throughput = 1.09251 Mbps
16954[UE 1 | RB 1] Throughput = 1.19787 Mbps
17054[UE 1 | RB 1] Throughput = 0.71903 Mbps
17164[UE 1 | RB 1] Throughput = 1.09074 Mbps
17264[UE 1 | RB 1] Throughput = 1.30970 Mbps
17374[UE 1 | RB 1] Throughput = 1.20205 Mbps
17484[UE 1 | RB 1] Throughput = 1.08828 Mbps
17594[UE 1 | RB 1] Throughput = 0.65517 Mbps
17694[UE 1 | RB 1] Throughput = 1.31411 Mbps
17804[UE 1 | RB 1] Throughput = 1.30783 Mbps
17904[UE 1 | RB 1] Throughput = 0.71889 Mbps
18005[UE 1 | RB 1] Throughput = 1.31422 Mbps
18114[UE 1 | RB 1] Throughput = 0.65709 Mbps
18214[UE 1 | RB 1] Throughput = 1.31470 Mbps
18324[UE 1 | RB 1] Throughput = 1.20067 Mbps
18424[UE 1 | RB 1] Throughput = 1.07572 Mbps
18524[UE 1 | RB 1] Throughput = 0.71870 Mbps
18634[UE 1 | RB 1] Throughput = 1.20302 Mbps
18734[UE 1 | RB 1] Throughput = 0.95582 Mbps
18844[UE 1 | RB 1] Throughput = 1.08814 Mbps
18954[UE 1 | RB 1] Throughput = 1.30933 Mbps
19054[UE 1 | RB 1] Throughput = 1.07840 Mbps
19154[UE 1 | RB 1] Throughput = 0.95773 Mbps
19265[UE 1 | RB 1] Throughput = 1.19575 Mbps
19374[UE 1 | RB 1] Throughput = 0.76928 Mbps
19474[UE 1 | RB 1] Throughput = 1.19100 Mbps
19574[UE 1 | RB 1] Throughput = 1.19696 Mbps
19684[UE 1 | RB 1] Throughput = 0.54567 Mbps
19784[UE 1 | RB 1] Throughput = 1.67664 Mbps
19894[UE 1 | RB 1] Throughput = 0.65630 Mbps
19994[UE 1 | RB 1] Throughput = 1.31176 Mbps
20094[UE 1 | RB 1] Throughput = 1.43791 Mbps
20204[UE 1 | RB 1] Throughput = 0.98168 Mbps
20314[UE 1 | RB 1] Throughput = 0.65314 Mbps
20424[UE 1 | RB 1] Throughput = 1.19616 Mbps
20534[UE 1 | RB 1] Throughput = 1.31003 Mbps
20644[UE 1 | RB 1] Throughput = 1.19758 Mbps
20754[UE 1 | RB 1] Throughput = 0.65497 Mbps
20854[UE 1 | RB 1] Throughput = 1.19796 Mbps
20964[UE 1 | RB 1] Throughput = 0.97814 Mbps
21064[UE 1 | RB 1] Throughput = 1.31763 Mbps
21175[UE 1 | RB 1] Throughput = 1.08830 Mbps
21284[UE 1 | RB 1] Throughput = 1.19872 Mbps
21385[UE 1 | RB 1] Throughput = 0.83757 Mbps
21494[UE 1 | RB 1] Throughput = 0.65689 Mbps
21595[UE 1 | RB 1] Throughput = 1.66953 Mbps
21704[UE 1 | RB 1] Throughput = 0.87352 Mbps
21805[UE 1 | RB 1] Throughput = 1.19622 Mbps
21914[UE 1 | RB 1] Throughput = 1.09407 Mbps
22014[UE 1 | RB 1] Throughput = 0.71793 Mbps
22114[UE 1 | RB 1] Throughput = 1.31712 Mbps
22224[UE 1 | RB 1] Throughput = 0.87187 Mbps
22334[UE 1 | RB 1] Throughput = 1.19969 Mbps
22434[UE 1 | RB 1] Throughput = 1.19737 Mbps
22535[UE 1 | RB 1] Throughput = 1.19423 Mbps
22644[UE 1 | RB 1] Throughput = 0.54607 Mbps
22744[UE 1 | RB 1] Throughput = 1.67623 Mbps
22844[UE 1 | RB 1] Throughput = 0.71863 Mbps
22954[UE 1 | RB 1] Throughput = 1.31220 Mbps
23054[UE 1 | RB 1] Throughput = 0.71809 Mbps
23154[UE 1 | RB 1] Throughput = 1.31671 Mbps
23264[UE 1 | RB 1] Throughput = 1.08786 Mbps
23374[UE 1 | RB 1] Throughput = 0.54522 Mbps
23484[UE 1 | RB 1] Throughput = 1.52644 Mbps
23584[UE 1 | RB 1] Throughput = 0.83800 Mbps
23695[UE 1 | RB 1] Throughput = 1.19652 Mbps
23804[UE 1 | RB 1] Throughput = 1.30892 Mbps
23915[UE 1 | RB 1] Throughput = 0.87023 Mbps
24025[UE 1 | RB 1] Throughput = 1.19884 Mbps
24134[UE 1 | RB 1] Throughput = 1.09292 Mbps
24244[UE 1 | RB 1] Throughput = 0.98010 Mbps
24354[UE 1 | RB 1] Throughput = 1.08981 Mbps
24465[UE 1 | RB 1] Throughput = 0.86907 Mbps
24565[UE 1 | RB 1] Throughput = 1.31790 Mbps
24674[UE 1 | RB 1] Throughput = 1.09231 Mbps
24774[UE 1 | RB 1] Throughput = 0.83708 Mbps
24885[UE 1 | RB 1] Throughput = 1.30647 Mbps
24994[UE 1 | RB 1] Throughput = 0.65711 Mbps
25094[UE 1 | RB 1] Throughput = 1.43684 Mbps
25194[UE 1 | RB 1] Throughput = 1.31528 Mbps
25304[UE 1 | RB 1] Throughput = 0.54562 Mbps
25404[UE 1 | RB 1] Throughput = 1.43728 Mbps
25505[UE 1 | RB 1] Throughput = 1.19364 Mbps
25614[UE 1 | RB 1] Throughput = 0.76536 Mbps
25724[UE 1 | RB 1] Throughput = 1.08898 Mbps
25834[UE 1 | RB 1] Throughput = 0.54503 Mbps
25934[UE 1 | RB 1] Throughput = 1.91503 Mbps
26045[UE 1 | RB 1] Throughput = 0.65162 Mbps
26154[UE 1 | RB 1] Throughput = 1.42620 Mbps
26255[UE 1 | RB 1] Throughput = 1.18896 Mbps
26365[UE 1 | RB 1] Throughput = 1.08923 Mbps
26474[UE 1 | RB 1] Throughput = 0.54679 Mbps
26584[UE 1 | RB 1] Throughput = 1.08829 Mbps
26694[UE 1 | RB 1] Throughput = 1.30863 Mbps
26805[UE 1 | RB 1] Throughput = 1.08691 Mbps
26914[UE 1 | RB 1] Throughput = 1.20220 Mbps
27014[UE 1 | RB 1] Throughput = 0.83746 Mbps
27125[UE 1 | RB 1] Throughput = 1.08729 Mbps
27234[UE 1 | RB 1] Throughput = 1.20152 Mbps
27334[UE 1 | RB 1] Throughput = 0.83863 Mbps
27434[UE 1 | RB 1] Throughput = 1.19806 Mbps
27544[UE 1 | RB 1] Throughput = 1.09129 Mbps
27644[UE 1 | RB 1] Throughput = 1.31624 Mbps
27744[UE 1 | RB 1] Throughput = 0.95770 Mbps
27845[UE 1 | RB 1] Throughput = 0.95717 Mbps
27945[UE 1 | RB 1] Throughput = 0.95808 Mbps
28054[UE 1 | RB 1] Throughput = 1.20343 Mbps
28154[UE 1 | RB 1] Throughput = 1.07675 Mbps
28255[UE 1 | RB 1] Throughput = 0.95658 Mbps
28364[UE 1 | RB 1] Throughput = 1.20113 Mbps
28465[UE 1 | RB 1] Throughput = 1.07235 Mbps
28574[UE 1 | RB 1] Throughput = 1.09357 Mbps
28684[UE 1 | RB 1] Throughput = 0.98199 Mbps
28784[UE 1 | RB 1] Throughput = 1.19672 Mbps
28885[UE 1 | RB 1] Throughput = 0.71808 Mbps
28995[UE 1 | RB 1] Throughput = 1.30770 Mbps
29095[UE 1 | RB 1] Throughput = 0.83880 Mbps
29195[UE 1 | RB 1] Throughput = 1.19835 Mbps
29304[UE 1 | RB 1] Throughput = 1.09099 Mbps
29414[UE 1 | RB 1] Throughput = 1.30752 Mbps
29514[UE 1 | RB 1] Throughput = 0.83859 Mbps
29615[UE 1 | RB 1] Throughput = 1.07787 Mbps
29715[UE 1 | RB 1] Throughput = 0.83814 Mbps
29824[UE 1 | RB 1] Throughput = 1.20287 Mbps
29925[UE 1 | RB 1] Throughput = 1.31185 Mbps
30025[UE 1 | RB 1] Throughput = 0.95449 Mbps
30135[UE 1 | RB 1] Throughput = 1.09392 Mbps
30235[UE 1 | RB 1] Throughput = 0.35938 Mbps
30344[UE 1 | RB 1] Throughput = 1.64074 Mbps
30444[UE 1 | RB 1] Throughput = 1.31536 Mbps
30555[UE 1 | RB 1] Throughput = 0.54406 Mbps
30664[UE 1 | RB 1] Throughput = 1.31043 Mbps
30765[UE 1 | RB 1] Throughput = 1.07580 Mbps
30865[UE 1 | RB 1] Throughput = 1.07619 Mbps
30975[UE 1 | RB 1] Throughput = 1.09034 Mbps
31084[UE 1 | RB 1] Throughput = 1.31154 Mbps
31195[UE 1 | RB 1] Throughput = 0.86890 Mbps
31295[UE 1 | RB 1] Throughput = 1.19794 Mbps
31405[UE 1 | RB 1] Throughput = 1.08951 Mbps
31505[UE 1 | RB 1] Throughput = 0.23923 Mbps
31615[UE 1 | RB 1] Throughput = 1.63667 Mbps
31724[UE 1 | RB 1] Throughput = 1.20325 Mbps
31825[UE 1 | RB 1] Throughput = 1.07139 Mbps
31935[UE 1 | RB 1] Throughput = 0.97962 Mbps
32045[UE 1 | RB 1] Throughput = 1.31417 Mbps
32155[UE 1 | RB 1] Throughput = 0.65227 Mbps
32255[UE 1 | RB 1] Throughput = 1.43740 Mbps
32365[UE 1 | RB 1] Throughput = 1.09038 Mbps
32475[UE 1 | RB 1] Throughput = 0.65429 Mbps
32575[UE 1 | RB 1] Throughput = 1.31511 Mbps
32685[UE 1 | RB 1] Throughput = 0.54599 Mbps
32794[UE 1 | RB 1] Throughput = 1.64031 Mbps
32895[UE 1 | RB 1] Throughput = 1.19397 Mbps
33005[UE 1 | RB 1] Throughput = 0.86772 Mbps
33115[UE 1 | RB 1] Throughput = 0.76553 Mbps
33225[UE 1 | RB 1] Throughput = 1.19780 Mbps
33325[UE 1 | RB 1] Throughput = 1.31539 Mbps
33434[UE 1 | RB 1] Throughput = 0.87538 Mbps
33535[UE 1 | RB 1] Throughput = 1.31210 Mbps
33645[UE 1 | RB 1] Throughput = 1.08848 Mbps
33755[UE 1 | RB 1] Throughput = 0.98332 Mbps
33855[UE 1 | RB 1] Throughput = 1.07749 Mbps
33955[UE 1 | RB 1] Throughput = 0.95452 Mbps
34065[UE 1 | RB 1] Throughput = 1.09584 Mbps
34165[UE 1 | RB 1] Throughput = 1.31478 Mbps
34275[UE 1 | RB 1] Throughput = 0.65456 Mbps
34375[UE 1 | RB 1] Throughput = 1.31700 Mbps
34475[UE 1 | RB 1] Throughput = 1.19373 Mbps
34585[UE 1 | RB 1] Throughput = 1.09477 Mbps
34685[UE 1 | RB 1] Throughput = 1.19461 Mbps
34785[UE 1 | RB 1] Throughput = 0.71762 Mbps
34895[UE 1 | RB 1] Throughput = 0.98378 Mbps
35005[UE 1 | RB 1] Throughput = 1.30737 Mbps
35115[UE 1 | RB 1] Throughput = 1.19816 Mbps
35215[UE 1 | RB 1] Throughput = 0.59810 Mbps
35325[UE 1 | RB 1] Throughput = 1.20253 Mbps
35425[UE 1 | RB 1] Throughput = 1.19662 Mbps
35525[UE 1 | RB 1] Throughput = 1.07471 Mbps
35635[UE 1 | RB 1] Throughput = 1.09271 Mbps
35745[UE 1 | RB 1] Throughput = 1.20058 Mbps
35845[UE 1 | RB 1] Throughput = 0.71690 Mbps
35955[UE 1 | RB 1] Throughput = 1.31050 Mbps
36055[UE 1 | RB 1] Throughput = 0.95783 Mbps
36155[UE 1 | RB 1] Throughput = 1.07768 Mbps
36265[UE 1 | RB 1] Throughput = 1.20091 Mbps
36365[UE 1 | RB 1] Throughput = 0.71786 Mbps
36475[UE 1 | RB 1] Throughput = 1.30575 Mbps
36575[UE 1 | RB 1] Throughput = 0.71811 Mbps
36685[UE 1 | RB 1] Throughput = 1.31103 Mbps
36785[UE 1 | RB 1] Throughput = 1.31552 Mbps
36895[UE 1 | RB 1] Throughput = 0.87248 Mbps
37005[UE 1 | RB 1] Throughput = 0.97989 Mbps
37115[UE 1 | RB 1] Throughput = 1.30706 Mbps
37215[UE 1 | RB 1] Throughput = 0.71868 Mbps
37316[UE 1 | RB 1] Throughput = 1.19050 Mbps
37425[UE 1 | RB 1] Throughput = 1.31898 Mbps
37525[UE 1 | RB 1] Throughput = 0.71792 Mbps
37625[UE 1 | RB 1] Throughput = 1.43512 Mbps
37735[UE 1 | RB 1] Throughput = 0.65344 Mbps
37835[UE 1 | RB 1] Throughput = 1.31799 Mbps
37945[UE 1 | RB 1] Throughput = 1.09164 Mbps
38055[UE 1 | RB 1] Throughput = 1.19373 Mbps
38165[UE 1 | RB 1] Throughput = 0.76752 Mbps
38265[UE 1 | RB 1] Throughput = 1.43573 Mbps
38365[UE 1 | RB 1] Throughput = 0.71688 Mbps
38475[UE 1 | RB 1] Throughput = 1.19774 Mbps
38585[UE 1 | RB 1] Throughput = 1.30587 Mbps
38695[UE 1 | RB 1] Throughput = 0.65336 Mbps
38805[UE 1 | RB 1] Throughput = 1.30856 Mbps
38905[UE 1 | RB 1] Throughput = 0.71838 Mbps
39005[UE 1 | RB 1] Throughput = 1.43641 Mbps
39115[UE 1 | RB 1] Throughput = 1.20116 Mbps
39225[UE 1 | RB 1] Throughput = 0.65365 Mbps
39325[UE 1 | RB 1] Throughput = 1.31436 Mbps
39435[UE 1 | RB 1] Throughput = 0.76512 Mbps
39545[UE 1 | RB 1] Throughput = 1.19543 Mbps
39655[UE 1 | RB 1] Throughput = 1.20060 Mbps
39756[UE 1 | RB 1] Throughput = 0.71551 Mbps
39865[UE 1 | RB 1] Throughput = 1.31320 Mbps
39975[UE 1 | RB 1] Throughput = 1.30871 Mbps
40085[UE 1 | RB 1] Throughput = 0.65212 Mbps
40195[UE 1 | RB 1] Throughput = 1.30635 Mbps
40305[UE 1 | RB 1] Throughput = 1.19935 Mbps
40405[UE 1 | RB 1] Throughput = 0.95753 Mbps
40515[UE 1 | RB 1] Throughput = 1.09414 Mbps
40615[UE 1 | RB 1] Throughput = 0.71509 Mbps
40726[UE 1 | RB 1] Throughput = 1.30692 Mbps
40835[UE 1 | RB 1] Throughput = 1.31270 Mbps
40945[UE 1 | RB 1] Throughput = 0.65414 Mbps
41045[UE 1 | RB 1] Throughput = 1.43114 Mbps
41155[UE 1 | RB 1] Throughput = 1.19949 Mbps
41265[UE 1 | RB 1] Throughput = 0.65433 Mbps
41375[UE 1 | RB 1] Throughput = 1.20035 Mbps
41485[UE 1 | RB 1] Throughput = 0.97958 Mbps
41585[UE 1 | RB 1] Throughput = 1.43563 Mbps
41695[UE 1 | RB 1] Throughput = 0.65607 Mbps
41805[UE 1 | RB 1] Throughput = 1.19573 Mbps
41915[UE 1 | RB 1] Throughput = 1.30905 Mbps
42015[UE 1 | RB 1] Throughput = 0.71776 Mbps
42125[UE 1 | RB 1] Throughput = 1.19647 Mbps
42235[UE 1 | RB 1] Throughput = 0.98251 Mbps
42345[UE 1 | RB 1] Throughput = 1.08763 Mbps
42445[UE 1 | RB 1] Throughput = 0.59883 Mbps
42555[UE 1 | RB 1] Throughput = 1.63841 Mbps
42655[UE 1 | RB 1] Throughput = 1.07797 Mbps
42755[UE 1 | RB 1] Throughput = 0.71861 Mbps
42855[UE 1 | RB 1] Throughput = 1.31810 Mbps
42965[UE 1 | RB 1] Throughput = 1.08980 Mbps
43065[UE 1 | RB 1] Throughput = 1.07640 Mbps
43175[UE 1 | RB 1] Throughput = 0.54467 Mbps
43285[UE 1 | RB 1] Throughput = 1.74490 Mbps
43386[UE 1 | RB 1] Throughput = 0.83690 Mbps
43495[UE 1 | RB 1] Throughput = 1.20068 Mbps
43605[UE 1 | RB 1] Throughput = 1.08988 Mbps
43705[UE 1 | RB 1] Throughput = 0.71889 Mbps
43815[UE 1 | RB 1] Throughput = 1.09005 Mbps
43916[UE 1 | RB 1] Throughput = 1.19321 Mbps
44025[UE 1 | RB 1] Throughput = 0.76542 Mbps
44125[UE 1 | RB 1] Throughput = 1.19809 Mbps
44235[UE 1 | RB 1] Throughput = 0.76213 Mbps
44336[UE 1 | RB 1] Throughput = 1.07684 Mbps
44445[UE 1 | RB 1] Throughput = 0.87416 Mbps
44546[UE 1 | RB 1] Throughput = 2.02882 Mbps
44655[UE 1 | RB 1] Throughput = 1.20127 Mbps
44755[UE 1 | RB 1] Throughput = 0.59864 Mbps
44865[UE 1 | RB 1] Throughput = 1.20476 Mbps
44965[UE 1 | RB 1] Throughput = 1.19719 Mbps
45065[UE 1 | RB 1] Throughput = 0.83677 Mbps
45175[UE 1 | RB 1] Throughput = 1.19593 Mbps
45285[UE 1 | RB 1] Throughput = 1.09062 Mbps
45395[UE 1 | RB 1] Throughput = 0.87193 Mbps
45496[UE 1 | RB 1] Throughput = 1.07641 Mbps
45605[UE 1 | RB 1] Throughput = 1.30956 Mbps
45715[UE 1 | RB 1] Throughput = 0.76470 Mbps
45816[UE 1 | RB 1] Throughput = 1.19226 Mbps
45916[UE 1 | RB 1] Throughput = 1.43775 Mbps
46026[UE 1 | RB 1] Throughput = 0.65338 Mbps
46126[UE 1 | RB 1] Throughput = 1.31816 Mbps
46226[UE 1 | RB 1] Throughput = 1.07819 Mbps
46336[UE 1 | RB 1] Throughput = 0.21813 Mbps
46436[UE 1 | RB 1] Throughput = 1.91740 Mbps
46545[UE 1 | RB 1] Throughput = 1.09059 Mbps
46646[UE 1 | RB 1] Throughput = 1.31667 Mbps
46746[UE 1 | RB 1] Throughput = 0.83789 Mbps
46855[UE 1 | RB 1] Throughput = 1.09437 Mbps
46955[UE 1 | RB 1] Throughput = 1.19557 Mbps
47065[UE 1 | RB 1] Throughput = 0.98184 Mbps
47166[UE 1 | RB 1] Throughput = 1.07359 Mbps
47275[UE 1 | RB 1] Throughput = 0.76535 Mbps
47385[UE 1 | RB 1] Throughput = 1.20098 Mbps
47486[UE 1 | RB 1] Throughput = 1.43158 Mbps
47586[UE 1 | RB 1] Throughput = 0.71872 Mbps
47696[UE 1 | RB 1] Throughput = 1.19925 Mbps
47796[UE 1 | RB 1] Throughput = 1.07574 Mbps
47906[UE 1 | RB 1] Throughput = 0.87303 Mbps
48015[UE 1 | RB 1] Throughput = 1.20132 Mbps
48116[UE 1 | RB 1] Throughput = 0.83493 Mbps
48216[UE 1 | RB 1] Throughput = 1.19784 Mbps
48326[UE 1 | RB 1] Throughput = 1.08963 Mbps
48436[UE 1 | RB 1] Throughput = 1.30694 Mbps
48536[UE 1 | RB 1] Throughput = 0.71819 Mbps
48636[UE 1 | RB 1] Throughput = 1.43759 Mbps
48746[UE 1 | RB 1] Throughput = 0.65635 Mbps
48856[UE 1 | RB 1] Throughput = 1.30707 Mbps
48956[UE 1 | RB 1] Throughput = 1.31774 Mbps
49065[UE 1 | RB 1] Throughput = 0.98265 Mbps
49166[UE 1 | RB 1] Throughput = 0.59774 Mbps
49276[UE 1 | RB 1] Throughput = 1.19987 Mbps
49376[UE 1 | RB 1] Throughput = 1.31604 Mbps
49476[UE 1 | RB 1] Throughput = 1.19777 Mbps
49576[UE 1 | RB 1] Throughput = 0.83787 Mbps
49676[UE 1 | RB 1] Throughput = 1.07650 Mbps
49776[UE 1 | RB 1] Throughput = 1.19724 Mbps
49885[UE 1 | RB 1] Throughput = 1.20630 Mbps
49986[UE 1 | RB 1] Throughput = 0.71416 Mbps
50096[UE 1 | RB 1] Throughput = 1.20271 Mbps
50205[UE 1 | RB 1] Throughput = 1.20106 Mbps
50306[UE 1 | RB 1] Throughput = 0.71661 Mbps
50416[UE 1 | RB 1] Throughput = 1.09019 Mbps
50526[UE 1 | RB 1] Throughput = 1.30798 Mbps
50626[UE 1 | RB 1] Throughput = 0.71741 Mbps
50735[UE 1 | RB 1] Throughput = 1.20409 Mbps
50836[UE 1 | RB 1] Throughput = 1.42793 Mbps
50946[UE 1 | RB 1] Throughput = 0.98438 Mbps
51046[UE 1 | RB 1] Throughput = 0.59634 Mbps
51156[UE 1 | RB 1] Throughput = 1.31398 Mbps
51265[UE 1 | RB 1] Throughput = 0.98228 Mbps
51366[UE 1 | RB 1] Throughput = 1.19402 Mbps
51466[UE 1 | RB 1] Throughput = 0.95783 Mbps
51566[UE 1 | RB 1] Throughput = 1.31283 Mbps
51675[UE 1 | RB 1] Throughput = 1.20718 Mbps
51785[UE 1 | RB 1] Throughput = 0.54468 Mbps
51886[UE 1 | RB 1] Throughput = 1.42821 Mbps
51996[UE 1 | RB 1] Throughput = 1.09582 Mbps
52096[UE 1 | RB 1] Throughput = 1.19576 Mbps
52196[UE 1 | RB 1] Throughput = 0.71642 Mbps
52296[UE 1 | RB 1] Throughput = 0.71903 Mbps
52406[UE 1 | RB 1] Throughput = 1.30549 Mbps
52516[UE 1 | RB 1] Throughput = 1.09378 Mbps
52626[UE 1 | RB 1] Throughput = 1.20003 Mbps
52726[UE 1 | RB 1] Throughput = 1.19643 Mbps
52826[UE 1 | RB 1] Throughput = 0.83584 Mbps
52936[UE 1 | RB 1] Throughput = 1.31094 Mbps
53046[UE 1 | RB 1] Throughput = 0.98050 Mbps
53146[UE 1 | RB 1] Throughput = 1.07647 Mbps
53256[UE 1 | RB 1] Throughput = 1.19908 Mbps
53366[UE 1 | RB 1] Throughput = 0.98278 Mbps
53476[UE 1 | RB 1] Throughput = 1.09122 Mbps
53576[UE 1 | RB 1] Throughput = 1.07284 Mbps
53686[UE 1 | RB 1] Throughput = 0.98247 Mbps
53796[UE 1 | RB 1] Throughput = 1.08982 Mbps
53906[UE 1 | RB 1] Throughput = 1.19989 Mbps
54006[UE 1 | RB 1] Throughput = 0.71703 Mbps
54116[UE 1 | RB 1] Throughput = 1.19506 Mbps
54226[UE 1 | RB 1] Throughput = 0.76600 Mbps
54326[UE 1 | RB 1] Throughput = 1.31169 Mbps
54436[UE 1 | RB 1] Throughput = 1.20212 Mbps
54536[UE 1 | RB 1] Throughput = 0.71660 Mbps
54646[UE 1 | RB 1] Throughput = 1.30907 Mbps
54756[UE 1 | RB 1] Throughput = 1.30842 Mbps
54866[UE 1 | RB 1] Throughput = 0.65731 Mbps
54966[UE 1 | RB 1] Throughput = 1.18908 Mbps
55076[UE 1 | RB 1] Throughput = 1.19705 Mbps
55186[UE 1 | RB 1] Throughput = 0.87355 Mbps
55286[UE 1 | RB 1] Throughput = 1.19715 Mbps
55386[UE 1 | RB 1] Throughput = 0.83808 Mbps
55496[UE 1 | RB 1] Throughput = 1.30949 Mbps
55606[UE 1 | RB 1] Throughput = 1.30793 Mbps
55716[UE 1 | RB 1] Throughput = 0.65573 Mbps
55816[UE 1 | RB 1] Throughput = 1.43125 Mbps
55926[UE 1 | RB 1] Throughput = 1.20111 Mbps
56026[UE 1 | RB 1] Throughput = 0.59736 Mbps
56136[UE 1 | RB 1] Throughput = 1.41763 Mbps
56236[UE 1 | RB 1] Throughput = 0.71834 Mbps
56336[UE 1 | RB 1] Throughput = 1.19775 Mbps
56446[UE 1 | RB 1] Throughput = 1.20630 Mbps
56556[UE 1 | RB 1] Throughput = 1.09011 Mbps
56656[UE 1 | RB 1] Throughput = 0.71744 Mbps
56756[UE 1 | RB 1] Throughput = 1.43626 Mbps
56866[UE 1 | RB 1] Throughput = 0.87448 Mbps
56966[UE 1 | RB 1] Throughput = 1.19609 Mbps
57066[UE 1 | RB 1] Throughput = 0.71894 Mbps
57176[UE 1 | RB 1] Throughput = 1.41684 Mbps
57276[UE 1 | RB 1] Throughput = 0.71831 Mbps
57376[UE 1 | RB 1] Throughput = 1.31758 Mbps
57476[UE 1 | RB 1] Throughput = 1.31817 Mbps
57586[UE 1 | RB 1] Throughput = 0.65241 Mbps
57696[UE 1 | RB 1] Throughput = 1.20224 Mbps
57796[UE 1 | RB 1] Throughput = 1.31494 Mbps
57906[UE 1 | RB 1] Throughput = 0.65461 Mbps
58006[UE 1 | RB 1] Throughput = 1.43489 Mbps
58107[UE 1 | RB 1] Throughput = 0.95369 Mbps
58216[UE 1 | RB 1] Throughput = 0.87449 Mbps
58316[UE 1 | RB 1] Throughput = 1.19787 Mbps
58426[UE 1 | RB 1] Throughput = 1.19750 Mbps
58526[UE 1 | RB 1] Throughput = 1.19754 Mbps
58636[UE 1 | RB 1] Throughput = 0.76576 Mbps
58736[UE 1 | RB 1] Throughput = 1.19390 Mbps
58846[UE 1 | RB 1] Throughput = 1.08945 Mbps
58956[UE 1 | RB 1] Throughput = 0.98016 Mbps
59066[UE 1 | RB 1] Throughput = 1.08980 Mbps
59167[UE 1 | RB 1] Throughput = 1.19520 Mbps
59276[UE 1 | RB 1] Throughput = 1.20124 Mbps
59386[UE 1 | RB 1] Throughput = 1.09388 Mbps
59486[UE 1 | RB 1] Throughput = 0.71705 Mbps
59586[UE 1 | RB 1] Throughput = 1.19699 Mbps
59686[UE 1 | RB 1] Throughput = 1.31596 Mbps
59796[UE 1 | RB 1] Throughput = 0.87314 Mbps
59907[UE 1 | RB 1] Throughput = 0.97696 Mbps
60016[UE 1 | RB 1] Throughput = 1.09321 Mbps
60126[UE 1 | RB 1] Throughput = 1.19813 Mbps
60226[UE 1 | RB 1] Throughput = 1.19832 Mbps
60326[UE 1 | RB 1] Throughput = 0.59866 Mbps
60437[UE 1 | RB 1] Throughput = 1.19631 Mbps
60546[UE 1 | RB 1] Throughput = 1.20271 Mbps
60656[UE 1 | RB 1] Throughput = 1.19841 Mbps
60766[UE 1 | RB 1] Throughput = 0.98013 Mbps
60866[UE 1 | RB 1] Throughput = 1.19824 Mbps
60967[UE 1 | RB 1] Throughput = 0.71710 Mbps
61067[UE 1 | RB 1] Throughput = 1.31617 Mbps
61167[UE 1 | RB 1] Throughput = 0.71887 Mbps
61276[UE 1 | RB 1] Throughput = 1.31269 Mbps
61377[UE 1 | RB 1] Throughput = 0.71679 Mbps
61477[UE 1 | RB 1] Throughput = 1.43808 Mbps
61577[UE 1 | RB 1] Throughput = 1.19328 Mbps
61680[UE 1 | RB 1] Throughput = 0.69835 Mbps
61786[UE 1 | RB 1] Throughput = 1.12680 Mbps
61896[UE 1 | RB 1] Throughput = 1.19817 Mbps
62006[UE 1 | RB 1] Throughput = 1.30914 Mbps
62106[UE 1 | RB 1] Throughput = 0.83769 Mbps
62216[UE 1 | RB 1] Throughput = 0.98289 Mbps
62326[UE 1 | RB 1] Throughput = 0.97965 Mbps
62437[UE 1 | RB 1] Throughput = 1.41181 Mbps
62548[UE 1 | RB 1] Throughput = 0.64369 Mbps
62656[UE 1 | RB 1] Throughput = 1.33178 Mbps
62757[UE 1 | RB 1] Throughput = 1.31321 Mbps
62866[UE 1 | RB 1] Throughput = 0.87315 Mbps
62977[UE 1 | RB 1] Throughput = 0.97707 Mbps
63086[UE 1 | RB 1] Throughput = 0.76661 Mbps
63186[UE 1 | RB 1] Throughput = 1.31670 Mbps
63297[UE 1 | RB 1] Throughput = 0.97884 Mbps
63407[UE 1 | RB 1] Throughput = 1.19707 Mbps
63516[UE 1 | RB 1] Throughput = 1.09381 Mbps
63616[UE 1 | RB 1] Throughput = 1.31616 Mbps
63728[UE 1 | RB 1] Throughput = 1.07281 Mbps
63837[UE 1 | RB 1] Throughput = 0.99417 Mbps
63937[UE 1 | RB 1] Throughput = 0.59872 Mbps
64046[UE 1 | RB 1] Throughput = 1.09161 Mbps
64156[UE 1 | RB 1] Throughput = 1.31031 Mbps
64257[UE 1 | RB 1] Throughput = 1.19380 Mbps
64357[UE 1 | RB 1] Throughput = 0.95824 Mbps
64466[UE 1 | RB 1] Throughput = 1.09244 Mbps
64566[UE 1 | RB 1] Throughput = 1.31742 Mbps
64666[UE 1 | RB 1] Throughput = 0.71859 Mbps
64767[UE 1 | RB 1] Throughput = 1.43375 Mbps
64876[UE 1 | RB 1] Throughput = 0.65517 Mbps
64977[UE 1 | RB 1] Throughput = 1.31763 Mbps
65077[UE 1 | RB 1] Throughput = 0.71847 Mbps
65177[UE 1 | RB 1] Throughput = 1.43643 Mbps
65286[UE 1 | RB 1] Throughput = 1.20292 Mbps
65396[UE 1 | RB 1] Throughput = 0.76245 Mbps
65497[UE 1 | RB 1] Throughput = 1.43547 Mbps
65606[UE 1 | RB 1] Throughput = 0.65510 Mbps
65706[UE 1 | RB 1] Throughput = 1.43534 Mbps
65817[UE 1 | RB 1] Throughput = 0.65341 Mbps
65926[UE 1 | RB 1] Throughput = 1.30925 Mbps
66027[UE 1 | RB 1] Throughput = 1.31607 Mbps
66127[UE 1 | RB 1] Throughput = 0.59882 Mbps
66237[UE 1 | RB 1] Throughput = 1.19910 Mbps
66346[UE 1 | RB 1] Throughput = 1.20040 Mbps
66446[UE 1 | RB 1] Throughput = 0.71842 Mbps
66556[UE 1 | RB 1] Throughput = 1.19960 Mbps
66657[UE 1 | RB 1] Throughput = 1.19370 Mbps
66767[UE 1 | RB 1] Throughput = 1.19947 Mbps
66876[UE 1 | RB 1] Throughput = 0.98279 Mbps
66977[UE 1 | RB 1] Throughput = 1.19517 Mbps
67087[UE 1 | RB 1] Throughput = 1.19662 Mbps
67197[UE 1 | RB 1] Throughput = 0.54557 Mbps
67306[UE 1 | RB 1] Throughput = 1.31141 Mbps
67407[UE 1 | RB 1] Throughput = 1.30640 Mbps
67517[UE 1 | RB 1] Throughput = 0.65618 Mbps
67626[UE 1 | RB 1] Throughput = 1.20173 Mbps
67727[UE 1 | RB 1] Throughput = 1.31320 Mbps
67837[UE 1 | RB 1] Throughput = 0.76463 Mbps
67947[UE 1 | RB 1] Throughput = 1.30801 Mbps
68047[UE 1 | RB 1] Throughput = 1.19828 Mbps
68157[UE 1 | RB 1] Throughput = 0.87038 Mbps
68257[UE 1 | RB 1] Throughput = 1.19815 Mbps
68367[UE 1 | RB 1] Throughput = 0.98205 Mbps
68476[UE 1 | RB 1] Throughput = 0.98083 Mbps
68577[UE 1 | RB 1] Throughput = 1.07454 Mbps
68687[UE 1 | RB 1] Throughput = 1.19781 Mbps
68797[UE 1 | RB 1] Throughput = 1.19853 Mbps
68907[UE 1 | RB 1] Throughput = 0.87350 Mbps
69017[UE 1 | RB 1] Throughput = 1.08976 Mbps
69117[UE 1 | RB 1] Throughput = 1.07655 Mbps
69217[UE 1 | RB 1] Throughput = 0.95693 Mbps
69317[UE 1 | RB 1] Throughput = 1.43743 Mbps
69427[UE 1 | RB 1] Throughput = 0.65390 Mbps
69537[UE 1 | RB 1] Throughput = 0.97913 Mbps
69647[UE 1 | RB 1] Throughput = 1.31019 Mbps
69747[UE 1 | RB 1] Throughput = 1.31771 Mbps
69847[UE 1 | RB 1] Throughput = 0.71783 Mbps
69957[UE 1 | RB 1] Throughput = 1.20484 Mbps
70057[UE 1 | RB 1] Throughput = 1.19812 Mbps
70166[UE 1 | RB 1] Throughput = 0.76351 Mbps
70267[UE 1 | RB 1] Throughput = 1.31483 Mbps
70377[UE 1 | RB 1] Throughput = 0.98056 Mbps
70487[UE 1 | RB 1] Throughput = 0.98166 Mbps
70587[UE 1 | RB 1] Throughput = 1.31720 Mbps
70687[UE 1 | RB 1] Throughput = 1.07691 Mbps
70787[UE 1 | RB 1] Throughput = 0.71886 Mbps
70896[UE 1 | RB 1] Throughput = 1.20384 Mbps
70997[UE 1 | RB 1] Throughput = 1.31219 Mbps
71097[UE 1 | RB 1] Throughput = 0.71903 Mbps
71207[UE 1 | RB 1] Throughput = 1.30886 Mbps
71307[UE 1 | RB 1] Throughput = 1.19658 Mbps
71407[UE 1 | RB 1] Throughput = 0.83834 Mbps
71507[UE 1 | RB 1] Throughput = 1.07842 Mbps
71617[UE 1 | RB 1] Throughput = 0.76070 Mbps
71727[UE 1 | RB 1] Throughput = 1.52718 Mbps
71827[UE 1 | RB 1] Throughput = 0.59896 Mbps
71927[UE 1 | RB 1] Throughput = 0.59838 Mbps
72037[UE 1 | RB 1] Throughput = 1.86033 Mbps
72147[UE 1 | RB 1] Throughput = 1.08723 Mbps
72257[UE 1 | RB 1] Throughput = 0.98035 Mbps
72367[UE 1 | RB 1] Throughput = 1.08997 Mbps
72477[UE 1 | RB 1] Throughput = 1.08847 Mbps
72587[UE 1 | RB 1] Throughput = 0.98170 Mbps
72687[UE 1 | RB 1] Throughput = 1.07809 Mbps
72797[UE 1 | RB 1] Throughput = 0.87303 Mbps
72897[UE 1 | RB 1] Throughput = 1.31362 Mbps
73007[UE 1 | RB 1] Throughput = 1.20358 Mbps
73107[UE 1 | RB 1] Throughput = 1.07111 Mbps
73217[UE 1 | RB 1] Throughput = 0.98733 Mbps
73317[UE 1 | RB 1] Throughput = 1.19068 Mbps
73427[UE 1 | RB 1] Throughput = 0.65541 Mbps
73527[UE 1 | RB 1] Throughput = 1.43462 Mbps
73627[UE 1 | RB 1] Throughput = 1.07518 Mbps
73737[UE 1 | RB 1] Throughput = 1.09203 Mbps
73837[UE 1 | RB 1] Throughput = 0.59802 Mbps
73947[UE 1 | RB 1] Throughput = 1.20420 Mbps
74047[UE 1 | RB 1] Throughput = 1.19545 Mbps
74157[UE 1 | RB 1] Throughput = 1.09298 Mbps
74257[UE 1 | RB 1] Throughput = 1.31364 Mbps
74367[UE 1 | RB 1] Throughput = 0.98121 Mbps
74467[UE 1 | RB 1] Throughput = 0.83781 Mbps
74577[UE 1 | RB 1] Throughput = 0.98116 Mbps
74677[UE 1 | RB 1] Throughput = 1.19597 Mbps
74788[UE 1 | RB 1] Throughput = 1.08706 Mbps
74897[UE 1 | RB 1] Throughput = 1.31110 Mbps
75007[UE 1 | RB 1] Throughput = 0.65246 Mbps
75107[UE 1 | RB 1] Throughput = 1.07855 Mbps
75207[UE 1 | RB 1] Throughput = 1.31817 Mbps
75317[UE 1 | RB 1] Throughput = 1.20298 Mbps
75427[UE 1 | RB 1] Throughput = 1.09182 Mbps
75527[UE 1 | RB 1] Throughput = 0.95812 Mbps
75627[UE 1 | RB 1] Throughput = 0.95530 Mbps
75727[UE 1 | RB 1] Throughput = 1.31529 Mbps
75837[UE 1 | RB 1] Throughput = 0.98721 Mbps
75937[UE 1 | RB 1] Throughput = 0.83853 Mbps
76037[UE 1 | RB 1] Throughput = 1.19393 Mbps
76147[UE 1 | RB 1] Throughput = 1.08829 Mbps
76247[UE 1 | RB 1] Throughput = 1.19710 Mbps
76357[UE 1 | RB 1] Throughput = 0.76562 Mbps
76467[UE 1 | RB 1] Throughput = 1.30726 Mbps
76567[UE 1 | RB 1] Throughput = 0.95502 Mbps
76677[UE 1 | RB 1] Throughput = 1.20249 Mbps
76777[UE 1 | RB 1] Throughput = 1.07690 Mbps
76877[UE 1 | RB 1] Throughput = 0.59850 Mbps
76977[UE 1 | RB 1] Throughput = 1.31428 Mbps
77087[UE 1 | RB 1] Throughput = 1.09487 Mbps
77188[UE 1 | RB 1] Throughput = 1.19014 Mbps
77297[UE 1 | RB 1] Throughput = 0.98259 Mbps
77407[UE 1 | RB 1] Throughput = 1.19777 Mbps
77517[UE 1 | RB 1] Throughput = 0.98347 Mbps
77617[UE 1 | RB 1] Throughput = 1.31717 Mbps
77727[UE 1 | RB 1] Throughput = 0.54431 Mbps
77837[UE 1 | RB 1] Throughput = 1.30788 Mbps
77937[UE 1 | RB 1] Throughput = 1.19836 Mbps
78037[UE 1 | RB 1] Throughput = 0.95807 Mbps
78147[UE 1 | RB 1] Throughput = 1.20202 Mbps
78247[UE 1 | RB 1] Throughput = 0.83462 Mbps
78357[UE 1 | RB 1] Throughput = 0.98145 Mbps
78467[UE 1 | RB 1] Throughput = 1.20323 Mbps
78567[UE 1 | RB 1] Throughput = 1.43587 Mbps
78667[UE 1 | RB 1] Throughput = 0.59691 Mbps
78777[UE 1 | RB 1] Throughput = 1.09067 Mbps
78887[UE 1 | RB 1] Throughput = 1.30888 Mbps
78987[UE 1 | RB 1] Throughput = 1.19662 Mbps
79097[UE 1 | RB 1] Throughput = 0.76265 Mbps
79207[UE 1 | RB 1] Throughput = 1.30933 Mbps
79317[UE 1 | RB 1] Throughput = 0.65307 Mbps
79417[UE 1 | RB 1] Throughput = 1.31682 Mbps
79527[UE 1 | RB 1] Throughput = 1.09261 Mbps
79628[UE 1 | RB 1] Throughput = 1.31213 Mbps
79737[UE 1 | RB 1] Throughput = 0.65601 Mbps
79847[UE 1 | RB 1] Throughput = 1.42018 Mbps
79947[UE 1 | RB 1] Throughput = 0.71565 Mbps
80057[UE 1 | RB 1] Throughput = 1.09093 Mbps
80158[UE 1 | RB 1] Throughput = 1.31198 Mbps
80268[UE 1 | RB 1] Throughput = 1.08920 Mbps
80377[UE 1 | RB 1] Throughput = 1.20170 Mbps
80487[UE 1 | RB 1] Throughput = 0.65370 Mbps
80588[UE 1 | RB 1] Throughput = 1.19585 Mbps
80688[UE 1 | RB 1] Throughput = 1.31753 Mbps
80797[UE 1 | RB 1] Throughput = 1.09169 Mbps
80898[UE 1 | RB 1] Throughput = 0.83793 Mbps
81007[UE 1 | RB 1] Throughput = 1.31270 Mbps
81107[UE 1 | RB 1] Throughput = 0.59688 Mbps
81217[UE 1 | RB 1] Throughput = 1.30808 Mbps
81327[UE 1 | RB 1] Throughput = 1.09485 Mbps
81427[UE 1 | RB 1] Throughput = 1.07464 Mbps
81537[UE 1 | RB 1] Throughput = 1.19946 Mbps
81638[UE 1 | RB 1] Throughput = 0.83561 Mbps
81747[UE 1 | RB 1] Throughput = 1.31093 Mbps
81848[UE 1 | RB 1] Throughput = 0.71614 Mbps
81957[UE 1 | RB 1] Throughput = 1.31106 Mbps
82067[UE 1 | RB 1] Throughput = 0.65471 Mbps
82167[UE 1 | RB 1] Throughput = 1.43690 Mbps
82267[UE 1 | RB 1] Throughput = 0.95837 Mbps
82367[UE 1 | RB 1] Throughput = 1.07708 Mbps
82468[UE 1 | RB 1] Throughput = 0.71771 Mbps
82568[UE 1 | RB 1] Throughput = 1.55758 Mbps
82668[UE 1 | RB 1] Throughput = 0.95731 Mbps
82777[UE 1 | RB 1] Throughput = 1.31206 Mbps
82888[UE 1 | RB 1] Throughput = 0.97916 Mbps
82997[UE 1 | RB 1] Throughput = 1.09018 Mbps
83107[UE 1 | RB 1] Throughput = 0.65500 Mbps
83207[UE 1 | RB 1] Throughput = 1.19751 Mbps
83308[UE 1 | RB 1] Throughput = 1.19539 Mbps
83408[UE 1 | RB 1] Throughput = 0.95826 Mbps
83517[UE 1 | RB 1] Throughput = 1.19953 Mbps
83618[UE 1 | RB 1] Throughput = 1.07816 Mbps
83718[UE 1 | RB 1] Throughput = 1.07828 Mbps
83818[UE 1 | RB 1] Throughput = 1.19820 Mbps
83918[UE 1 | RB 1] Throughput = 0.83849 Mbps
84027[UE 1 | RB 1] Throughput = 1.09220 Mbps
84127[UE 1 | RB 1] Throughput = 0.71798 Mbps
84237[UE 1 | RB 1] Throughput = 1.41934 Mbps
84337[UE 1 | RB 1] Throughput = 1.31624 Mbps
84447[UE 1 | RB 1] Throughput = 0.54479 Mbps
84548[UE 1 | RB 1] Throughput = 1.43026 Mbps
84657[UE 1 | RB 1] Throughput = 0.87650 Mbps
84758[UE 1 | RB 1] Throughput = 1.31328 Mbps
84868[UE 1 | RB 1] Throughput = 1.19890 Mbps
84978[UE 1 | RB 1] Throughput = 0.98074 Mbps
85078[UE 1 | RB 1] Throughput = 0.71755 Mbps
85178[UE 1 | RB 1] Throughput = 1.43772 Mbps
85288[UE 1 | RB 1] Throughput = 1.09249 Mbps
85398[UE 1 | RB 1] Throughput = 0.65299 Mbps
85498[UE 1 | RB 1] Throughput = 1.31629 Mbps
85608[UE 1 | RB 1] Throughput = 1.30654 Mbps
85708[UE 1 | RB 1] Throughput = 0.59917 Mbps
85818[UE 1 | RB 1] Throughput = 1.30992 Mbps
85918[UE 1 | RB 1] Throughput = 1.07583 Mbps
86028[UE 1 | RB 1] Throughput = 1.19985 Mbps
86138[UE 1 | RB 1] Throughput = 0.76284 Mbps
86247[UE 1 | RB 1] Throughput = 1.20241 Mbps
86348[UE 1 | RB 1] Throughput = 0.71755 Mbps
86448[UE 1 | RB 1] Throughput = 1.43763 Mbps
86557[UE 1 | RB 1] Throughput = 1.20115 Mbps
86658[UE 1 | RB 1] Throughput = 0.83580 Mbps
86758[UE 1 | RB 1] Throughput = 0.71895 Mbps
86867[UE 1 | RB 1] Throughput = 1.31228 Mbps
86968[UE 1 | RB 1] Throughput = 1.43308 Mbps
87078[UE 1 | RB 1] Throughput = 0.65354 Mbps
87188[UE 1 | RB 1] Throughput = 1.30729 Mbps
87298[UE 1 | RB 1] Throughput = 0.65451 Mbps
87398[UE 1 | RB 1] Throughput = 1.67682 Mbps
87508[UE 1 | RB 1] Throughput = 0.65281 Mbps
87608[UE 1 | RB 1] Throughput = 1.42911 Mbps
87718[UE 1 | RB 1] Throughput = 1.09846 Mbps
87818[UE 1 | RB 1] Throughput = 0.95834 Mbps
87918[UE 1 | RB 1] Throughput = 1.19629 Mbps
88018[UE 1 | RB 1] Throughput = 0.71842 Mbps
88128[UE 1 | RB 1] Throughput = 1.09143 Mbps
88228[UE 1 | RB 1] Throughput = 1.19754 Mbps
88328[UE 1 | RB 1] Throughput = 1.31724 Mbps
88428[UE 1 | RB 1] Throughput = 0.71698 Mbps
88538[UE 1 | RB 1] Throughput = 1.20117 Mbps
88638[UE 1 | RB 1] Throughput = 1.31800 Mbps
88748[UE 1 | RB 1] Throughput = 0.87129 Mbps
88848[UE 1 | RB 1] Throughput = 1.31782 Mbps
88948[UE 1 | RB 1] Throughput = 0.71850 Mbps
89058[UE 1 | RB 1] Throughput = 1.30936 Mbps
89158[UE 1 | RB 1] Throughput = 0.71862 Mbps
89267[UE 1 | RB 1] Throughput = 1.20286 Mbps
89368[UE 1 | RB 1] Throughput = 1.30640 Mbps
89478[UE 1 | RB 1] Throughput = 0.98577 Mbps
89588[UE 1 | RB 1] Throughput = 0.98111 Mbps
89688[UE 1 | RB 1] Throughput = 1.31799 Mbps
89788[UE 1 | RB 1] Throughput = 0.59898 Mbps
89898[UE 1 | RB 1] Throughput = 1.08559 Mbps
[xApp]: E42 RIC_SUBSCRIPTION_DELETE_REQUEST tx RAN_FUNC_ID 144 RIC_REQ_ID 1 
90008[UE 1 | RB 1] Throughput = 1.19780 Mbps
[xApp]: E42 SUBSCRIPTION DELETE RESPONSE rx
[xApp]: E42 RIC_SUBSCRIPTION_DELETE_REQUEST tx RAN_FUNC_ID 144 RIC_REQ_ID 2 
[xApp]: E42 SUBSCRIPTION DELETE RESPONSE rx
[xApp]: E42 RIC_SUBSCRIPTION_DELETE_REQUEST tx RAN_FUNC_ID 144 RIC_REQ_ID 3 
[xApp]: E42 SUBSCRIPTION DELETE RESPONSE rx
[xApp]: Sucessfully stopped 
Test xApp run SUCCESSFULLY
