[UTIL]: Setting the config -c file to /usr/local/etc/flexric/flexric.conf
[UTIL]: Setting path -p for the shared libraries to /usr/local/lib/flexric/
[xAapp]: Initializing ... 
[xApp]: nearRT-RIC IP Address = 192.168.70.150, PORT = 36422
[E2 AGENT]: Opening plugin from path = /usr/local/lib/flexric/libkpm_sm.so 
[E2 AGENT]: Opening plugin from path = /usr/local/lib/flexric/libmac_sm.so 
[E2 AGENT]: Opening plugin from path = /usr/local/lib/flexric/libpdcp_sm.so 
[E2 AGENT]: Opening plugin from path = /usr/local/lib/flexric/libgtp_sm.so 
[E2 AGENT]: Opening plugin from path = /usr/local/lib/flexric/librc_sm.so 
[E2 AGENT]: Opening plugin from path = /usr/local/lib/flexric/libtc_sm.so 
[E2 AGENT]: Opening plugin from path = /usr/local/lib/flexric/librlc_sm.so 
[E2 AGENT]: Opening plugin from path = /usr/local/lib/flexric/libslice_sm.so 
[NEAR-RIC]: Loading SM ID = 2 with def = ORAN-E2SM-KPM 
[NEAR-RIC]: Loading SM ID = 142 with def = MAC_STATS_V0 
[NEAR-RIC]: Loading SM ID = 144 with def = PDCP_STATS_V0 
[NEAR-RIC]: Loading SM ID = 148 with def = GTP_STATS_V0 
[NEAR-RIC]: Loading SM ID = 3 with def = ORAN-E2SM-RC 
[NEAR-RIC]: Loading SM ID = 146 with def = TC_STATS_V0 
[NEAR-RIC]: Loading SM ID = 143 with def = RLC_STATS_V0 
[NEAR-RIC]: Loading SM ID = 145 with def = SLICE_STATS_V0 
[xApp]: DB filename = /tmp/flexric/xapp_db 
 [xApp]: E42 SETUP-REQUEST tx
[xApp]: E42 SETUP-RESPONSE rx 
[xApp]: xApp ID = 15 
[xApp]: Registered E2 Nodes = 3 
Connected E2 nodes = 3
[xAPP] Registered node 0 ran func id = 2 
 [xAPP] Registered node 0 ran func id = 3 
 [xAPP] Registered node 0 ran func id = 142 
 [xAPP] Registered node 0 ran func id = 143 
 [xAPP] Registered node 0 ran func id = 144 
 [xAPP] Registered node 0 ran func id = 145 
 [xAPP] Registered node 0 ran func id = 146 
 [xAPP] Registered node 0 ran func id = 148 
 [xApp]: E42 RIC SUBSCRIPTION REQUEST tx RAN_FUNC_ID 144 RIC_REQ_ID 1 
[xApp]: SUBSCRIPTION RESPONSE rx
[xApp]: Successfully subscribed to RAN_FUNC_ID 144 
[xAPP] Registered node 1 ran func id = 2 
 [xAPP] Registered node 1 ran func id = 3 
 [xAPP] Registered node 1 ran func id = 142 
 [xAPP] Registered node 1 ran func id = 143 
 [xAPP] Registered node 1 ran func id = 144 
 [xAPP] Registered node 1 ran func id = 145 
 [xAPP] Registered node 1 ran func id = 146 
 [xAPP] Registered node 1 ran func id = 148 
 [xApp]: E42 RIC SUBSCRIPTION REQUEST tx RAN_FUNC_ID 144 RIC_REQ_ID 2 
[xApp]: SUBSCRIPTION RESPONSE rx
[xApp]: Successfully subscribed to RAN_FUNC_ID 144 
[xAPP] Registered node 2 ran func id = 2 
 [xAPP] Registered node 2 ran func id = 3 
 [xAPP] Registered node 2 ran func id = 142 
 [xAPP] Registered node 2 ran func id = 143 
 [xAPP] Registered node 2 ran func id = 144 
 [xAPP] Registered node 2 ran func id = 145 
 [xAPP] Registered node 2 ran func id = 146 
 [xAPP] Registered node 2 ran func id = 148 
 [xApp]: E42 RIC SUBSCRIPTION REQUEST tx RAN_FUNC_ID 144 RIC_REQ_ID 3 
[xApp]: SUBSCRIPTION RESPONSE rx
[xApp]: Successfully subscribed to RAN_FUNC_ID 144 
123[UE 1 | RB 1] Throughput = 1.19512 Mbps
224[UE 1 | RB 1] Throughput = 0.83816 Mbps
333[UE 1 | RB 1] Throughput = 1.31120 Mbps
443[UE 1 | RB 1] Throughput = 0.65322 Mbps
543[UE 1 | RB 1] Throughput = 1.43728 Mbps
644[UE 1 | RB 1] Throughput = 0.83658 Mbps
754[UE 1 | RB 1] Throughput = 0.98141 Mbps
863[UE 1 | RB 1] Throughput = 1.31145 Mbps
964[UE 1 | RB 1] Throughput = 0.71361 Mbps
1073[UE 1 | RB 1] Throughput = 1.20450 Mbps
1174[UE 1 | RB 1] Throughput = 1.19631 Mbps
1283[UE 1 | RB 1] Throughput = 0.87217 Mbps
1393[UE 1 | RB 1] Throughput = 1.30873 Mbps
1503[UE 1 | RB 1] Throughput = 0.98281 Mbps
1603[UE 1 | RB 1] Throughput = 1.07629 Mbps
1703[UE 1 | RB 1] Throughput = 1.19792 Mbps
1813[UE 1 | RB 1] Throughput = 0.00000 Mbps
1913[UE 1 | RB 1] Throughput = 1.91596 Mbps
2013[UE 1 | RB 1] Throughput = 1.31763 Mbps
2114[UE 1 | RB 1] Throughput = 1.07641 Mbps
2223[UE 1 | RB 1] Throughput = 1.09084 Mbps
2333[UE 1 | RB 1] Throughput = 0.98318 Mbps
2443[UE 1 | RB 1] Throughput = 1.09048 Mbps
2543[UE 1 | RB 1] Throughput = 1.31501 Mbps
2643[UE 1 | RB 1] Throughput = 0.83823 Mbps
2753[UE 1 | RB 1] Throughput = 1.09116 Mbps
2853[UE 1 | RB 1] Throughput = 1.31587 Mbps
2964[UE 1 | RB 1] Throughput = 0.65285 Mbps
3074[UE 1 | RB 1] Throughput = 1.19538 Mbps
3184[UE 1 | RB 1] Throughput = 1.20007 Mbps
3293[UE 1 | RB 1] Throughput = 0.65474 Mbps
3403[UE 1 | RB 1] Throughput = 1.19824 Mbps
3513[UE 1 | RB 1] Throughput = 1.30893 Mbps
3614[UE 1 | RB 1] Throughput = 1.07615 Mbps
3714[UE 1 | RB 1] Throughput = 1.19631 Mbps
3824[UE 1 | RB 1] Throughput = 0.87104 Mbps
3934[UE 1 | RB 1] Throughput = 1.09121 Mbps
4043[UE 1 | RB 1] Throughput = 1.31139 Mbps
4144[UE 1 | RB 1] Throughput = 0.83285 Mbps
4254[UE 1 | RB 1] Throughput = 0.98473 Mbps
4363[UE 1 | RB 1] Throughput = 1.09137 Mbps
4464[UE 1 | RB 1] Throughput = 1.07355 Mbps
4573[UE 1 | RB 1] Throughput = 1.09359 Mbps
4674[UE 1 | RB 1] Throughput = 1.07694 Mbps
4774[UE 1 | RB 1] Throughput = 0.95830 Mbps
4884[UE 1 | RB 1] Throughput = 1.08945 Mbps
4993[UE 1 | RB 1] Throughput = 1.09282 Mbps
5093[UE 1 | RB 1] Throughput = 1.19581 Mbps
5194[UE 1 | RB 1] Throughput = 1.07824 Mbps
5304[UE 1 | RB 1] Throughput = 0.97954 Mbps
5414[UE 1 | RB 1] Throughput = 1.19960 Mbps
5523[UE 1 | RB 1] Throughput = 0.87308 Mbps
5624[UE 1 | RB 1] Throughput = 1.31252 Mbps
5733[UE 1 | RB 1] Throughput = 1.09212 Mbps
5834[UE 1 | RB 1] Throughput = 0.95770 Mbps
5944[UE 1 | RB 1] Throughput = 1.08941 Mbps
6044[UE 1 | RB 1] Throughput = 1.19484 Mbps
6144[UE 1 | RB 1] Throughput = 0.71899 Mbps
6254[UE 1 | RB 1] Throughput = 1.41717 Mbps
6364[UE 1 | RB 1] Throughput = 0.54534 Mbps
6464[UE 1 | RB 1] Throughput = 1.31773 Mbps
6574[UE 1 | RB 1] Throughput = 1.09126 Mbps
6684[UE 1 | RB 1] Throughput = 1.19912 Mbps
6784[UE 1 | RB 1] Throughput = 1.07626 Mbps
6894[UE 1 | RB 1] Throughput = 0.98151 Mbps
7004[UE 1 | RB 1] Throughput = 0.97846 Mbps
7114[UE 1 | RB 1] Throughput = 1.20198 Mbps
7214[UE 1 | RB 1] Throughput = 0.59634 Mbps
7323[UE 1 | RB 1] Throughput = 1.64172 Mbps
7424[UE 1 | RB 1] Throughput = 0.83671 Mbps
8544[UE 1 | RB 1] Throughput = 0.06419 Mbps
8654[UE 1 | RB 1] Throughput = 11.22475 Mbps
8764[UE 1 | RB 1] Throughput = 1.08977 Mbps
8874[UE 1 | RB 1] Throughput = 1.19968 Mbps
8974[UE 1 | RB 1] Throughput = 0.71690 Mbps
9084[UE 1 | RB 1] Throughput = 1.31387 Mbps
9184[UE 1 | RB 1] Throughput = 1.07467 Mbps
9284[UE 1 | RB 1] Throughput = 1.07513 Mbps
9393[UE 1 | RB 1] Throughput = 0.32905 Mbps
9494[UE 1 | RB 1] Throughput = 1.55314 Mbps
9594[UE 1 | RB 1] Throughput = 1.43657 Mbps
9704[UE 1 | RB 1] Throughput = 1.19900 Mbps
9804[UE 1 | RB 1] Throughput = 0.59862 Mbps
9904[UE 1 | RB 1] Throughput = 1.31787 Mbps
10004[UE 1 | RB 1] Throughput = 1.19814 Mbps
10114[UE 1 | RB 1] Throughput = 1.19790 Mbps
10214[UE 1 | RB 1] Throughput = 0.95812 Mbps
10324[UE 1 | RB 1] Throughput = 1.09099 Mbps
10424[UE 1 | RB 1] Throughput = 0.59785 Mbps
10534[UE 1 | RB 1] Throughput = 1.30880 Mbps
10644[UE 1 | RB 1] Throughput = 1.08946 Mbps
10744[UE 1 | RB 1] Throughput = 1.19680 Mbps
10844[UE 1 | RB 1] Throughput = 0.83853 Mbps
10954[UE 1 | RB 1] Throughput = 1.31190 Mbps
11054[UE 1 | RB 1] Throughput = 1.07753 Mbps
11164[UE 1 | RB 1] Throughput = 0.65269 Mbps
11264[UE 1 | RB 1] Throughput = 1.43791 Mbps
11374[UE 1 | RB 1] Throughput = 1.20235 Mbps
11474[UE 1 | RB 1] Throughput = 0.71819 Mbps
11574[UE 1 | RB 1] Throughput = 1.19658 Mbps
11684[UE 1 | RB 1] Throughput = 1.19970 Mbps
11794[UE 1 | RB 1] Throughput = 1.19555 Mbps
11894[UE 1 | RB 1] Throughput = 0.83849 Mbps
11994[UE 1 | RB 1] Throughput = 1.07815 Mbps
12104[UE 1 | RB 1] Throughput = 1.20003 Mbps
12204[UE 1 | RB 1] Throughput = 0.71783 Mbps
12314[UE 1 | RB 1] Throughput = 1.20176 Mbps
12424[UE 1 | RB 1] Throughput = 1.08937 Mbps
12524[UE 1 | RB 1] Throughput = 1.31613 Mbps
12624[UE 1 | RB 1] Throughput = 0.59882 Mbps
12734[UE 1 | RB 1] Throughput = 1.31063 Mbps
12834[UE 1 | RB 1] Throughput = 0.71742 Mbps
12935[UE 1 | RB 1] Throughput = 1.31104 Mbps
13044[UE 1 | RB 1] Throughput = 1.20798 Mbps
13144[UE 1 | RB 1] Throughput = 1.07172 Mbps
13254[UE 1 | RB 1] Throughput = 1.09422 Mbps
13354[UE 1 | RB 1] Throughput = 0.71898 Mbps
13454[UE 1 | RB 1] Throughput = 1.31367 Mbps
13564[UE 1 | RB 1] Throughput = 1.08995 Mbps
13674[UE 1 | RB 1] Throughput = 1.08965 Mbps
13784[UE 1 | RB 1] Throughput = 0.98092 Mbps
13884[UE 1 | RB 1] Throughput = 0.83887 Mbps
13994[UE 1 | RB 1] Throughput = 1.09218 Mbps
14094[UE 1 | RB 1] Throughput = 1.19822 Mbps
14204[UE 1 | RB 1] Throughput = 1.09150 Mbps
14304[UE 1 | RB 1] Throughput = 1.07350 Mbps
14414[UE 1 | RB 1] Throughput = 1.09348 Mbps
14514[UE 1 | RB 1] Throughput = 1.07778 Mbps
14614[UE 1 | RB 1] Throughput = 1.07587 Mbps
14724[UE 1 | RB 1] Throughput = 1.19904 Mbps
14824[UE 1 | RB 1] Throughput = 1.19710 Mbps
14924[UE 1 | RB 1] Throughput = 0.83825 Mbps
15024[UE 1 | RB 1] Throughput = 1.07721 Mbps
15134[UE 1 | RB 1] Throughput = 1.30704 Mbps
15235[UE 1 | RB 1] Throughput = 0.59842 Mbps
15344[UE 1 | RB 1] Throughput = 1.20585 Mbps
15444[UE 1 | RB 1] Throughput = 1.19786 Mbps
15544[UE 1 | RB 1] Throughput = 1.19665 Mbps
15644[UE 1 | RB 1] Throughput = 0.95613 Mbps
15754[UE 1 | RB 1] Throughput = 1.09105 Mbps
15864[UE 1 | RB 1] Throughput = 1.08902 Mbps
15964[UE 1 | RB 1] Throughput = 1.07836 Mbps
16074[UE 1 | RB 1] Throughput = 1.08904 Mbps
16184[UE 1 | RB 1] Throughput = 0.87248 Mbps
16294[UE 1 | RB 1] Throughput = 1.20098 Mbps
16394[UE 1 | RB 1] Throughput = 1.07619 Mbps
16494[UE 1 | RB 1] Throughput = 1.19755 Mbps
16604[UE 1 | RB 1] Throughput = 0.65358 Mbps
16704[UE 1 | RB 1] Throughput = 1.19835 Mbps
16804[UE 1 | RB 1] Throughput = 1.19686 Mbps
16914[UE 1 | RB 1] Throughput = 1.09182 Mbps
17024[UE 1 | RB 1] Throughput = 1.08725 Mbps
17124[UE 1 | RB 1] Throughput = 1.19760 Mbps
17225[UE 1 | RB 1] Throughput = 1.07484 Mbps
17334[UE 1 | RB 1] Throughput = 0.87614 Mbps
17434[UE 1 | RB 1] Throughput = 1.07631 Mbps
17544[UE 1 | RB 1] Throughput = 1.19784 Mbps
17654[UE 1 | RB 1] Throughput = 0.98106 Mbps
17754[UE 1 | RB 1] Throughput = 1.19788 Mbps
17854[UE 1 | RB 1] Throughput = 0.71871 Mbps
17964[UE 1 | RB 1] Throughput = 1.31140 Mbps
18074[UE 1 | RB 1] Throughput = 0.65371 Mbps
18184[UE 1 | RB 1] Throughput = 1.30918 Mbps
18284[UE 1 | RB 1] Throughput = 1.19478 Mbps
18384[UE 1 | RB 1] Throughput = 1.31740 Mbps
18484[UE 1 | RB 1] Throughput = 0.71853 Mbps
18594[UE 1 | RB 1] Throughput = 1.19913 Mbps
18704[UE 1 | RB 1] Throughput = 1.19986 Mbps
18814[UE 1 | RB 1] Throughput = 0.76253 Mbps
18924[UE 1 | RB 1] Throughput = 1.09121 Mbps
19024[UE 1 | RB 1] Throughput = 0.71740 Mbps
19124[UE 1 | RB 1] Throughput = 1.55594 Mbps
19234[UE 1 | RB 1] Throughput = 0.98165 Mbps
19344[UE 1 | RB 1] Throughput = 0.98230 Mbps
22433[UE 1 | RB 1] Throughput = 0.00000 Mbps
22534[UE 1 | RB 1] Throughput = 33.79423 Mbps
22635[UE 1 | RB 1] Throughput = 0.59852 Mbps
23776[UE 1 | RB 1] Throughput = 0.10499 Mbps
23885[UE 1 | RB 1] Throughput = 11.43627 Mbps
23994[UE 1 | RB 1] Throughput = 0.87611 Mbps
24095[UE 1 | RB 1] Throughput = 1.18740 Mbps
24204[UE 1 | RB 1] Throughput = 1.09942 Mbps
24305[UE 1 | RB 1] Throughput = 1.31177 Mbps
24414[UE 1 | RB 1] Throughput = 0.54666 Mbps
24515[UE 1 | RB 1] Throughput = 1.55190 Mbps
24625[UE 1 | RB 1] Throughput = 1.19906 Mbps
24735[UE 1 | RB 1] Throughput = 0.76375 Mbps
24835[UE 1 | RB 1] Throughput = 1.31719 Mbps
24935[UE 1 | RB 1] Throughput = 0.83706 Mbps
25045[UE 1 | RB 1] Throughput = 1.31196 Mbps
25145[UE 1 | RB 1] Throughput = 0.71585 Mbps
25255[UE 1 | RB 1] Throughput = 1.20205 Mbps
25355[UE 1 | RB 1] Throughput = 1.31661 Mbps
25464[UE 1 | RB 1] Throughput = 0.76491 Mbps
25574[UE 1 | RB 1] Throughput = 1.30817 Mbps
25675[UE 1 | RB 1] Throughput = 0.71774 Mbps
25775[UE 1 | RB 1] Throughput = 1.31393 Mbps
25885[UE 1 | RB 1] Throughput = 0.97983 Mbps
25995[UE 1 | RB 1] Throughput = 1.08976 Mbps
26105[UE 1 | RB 1] Throughput = 1.30917 Mbps
26215[UE 1 | RB 1] Throughput = 0.54589 Mbps
26315[UE 1 | RB 1] Throughput = 1.19363 Mbps
26425[UE 1 | RB 1] Throughput = 1.09191 Mbps
26525[UE 1 | RB 1] Throughput = 1.31804 Mbps
26625[UE 1 | RB 1] Throughput = 0.71687 Mbps
26735[UE 1 | RB 1] Throughput = 1.42278 Mbps
26835[UE 1 | RB 1] Throughput = 0.71869 Mbps
26935[UE 1 | RB 1] Throughput = 1.43689 Mbps
27035[UE 1 | RB 1] Throughput = 0.71599 Mbps
27145[UE 1 | RB 1] Throughput = 1.31110 Mbps
27245[UE 1 | RB 1] Throughput = 1.19484 Mbps
27355[UE 1 | RB 1] Throughput = 0.76308 Mbps
27465[UE 1 | RB 1] Throughput = 1.31048 Mbps
27565[UE 1 | RB 1] Throughput = 0.71803 Mbps
27665[UE 1 | RB 1] Throughput = 1.31609 Mbps
27775[UE 1 | RB 1] Throughput = 1.20330 Mbps
27875[UE 1 | RB 1] Throughput = 0.83680 Mbps
27975[UE 1 | RB 1] Throughput = 0.71783 Mbps
28075[UE 1 | RB 1] Throughput = 1.67768 Mbps
28175[UE 1 | RB 1] Throughput = 0.71873 Mbps
28275[UE 1 | RB 1] Throughput = 1.07627 Mbps
28385[UE 1 | RB 1] Throughput = 0.98581 Mbps
28485[UE 1 | RB 1] Throughput = 1.43378 Mbps
28595[UE 1 | RB 1] Throughput = 0.65470 Mbps
28705[UE 1 | RB 1] Throughput = 1.30541 Mbps
28815[UE 1 | RB 1] Throughput = 0.76300 Mbps
28915[UE 1 | RB 1] Throughput = 1.31823 Mbps
29015[UE 1 | RB 1] Throughput = 1.31363 Mbps
29125[UE 1 | RB 1] Throughput = 0.87244 Mbps
29235[UE 1 | RB 1] Throughput = 1.31222 Mbps
29345[UE 1 | RB 1] Throughput = 0.65230 Mbps
29445[UE 1 | RB 1] Throughput = 1.31625 Mbps
29555[UE 1 | RB 1] Throughput = 1.31111 Mbps
29665[UE 1 | RB 1] Throughput = 0.65079 Mbps
29775[UE 1 | RB 1] Throughput = 1.20349 Mbps
29875[UE 1 | RB 1] Throughput = 1.43217 Mbps
29975[UE 1 | RB 1] Throughput = 0.71750 Mbps
30085[UE 1 | RB 1] Throughput = 1.31321 Mbps
30185[UE 1 | RB 1] Throughput = 0.59785 Mbps
30285[UE 1 | RB 1] Throughput = 1.43740 Mbps
30385[UE 1 | RB 1] Throughput = 0.83868 Mbps
31456[UE 1 | RB 1] Throughput = 0.06715 Mbps
33505[UE 1 | RB 1] Throughput = 0.17547 Mbps
33605[UE 1 | RB 1] Throughput = 30.22070 Mbps
33715[UE 1 | RB 1] Throughput = 1.09123 Mbps
33815[UE 1 | RB 1] Throughput = 0.95843 Mbps
33915[UE 1 | RB 1] Throughput = 1.07480 Mbps
34025[UE 1 | RB 1] Throughput = 1.09068 Mbps
34126[UE 1 | RB 1] Throughput = 1.31351 Mbps
34235[UE 1 | RB 1] Throughput = 0.76615 Mbps
34345[UE 1 | RB 1] Throughput = 1.30527 Mbps
34445[UE 1 | RB 1] Throughput = 0.71860 Mbps
34555[UE 1 | RB 1] Throughput = 1.19848 Mbps
34665[UE 1 | RB 1] Throughput = 1.08990 Mbps
34765[UE 1 | RB 1] Throughput = 0.83788 Mbps
34876[UE 1 | RB 1] Throughput = 1.08543 Mbps
36193[UE 1 | RB 1] Throughput = 0.10007 Mbps
36295[UE 1 | RB 1] Throughput = 13.84227 Mbps
36396[UE 1 | RB 1] Throughput = 0.95720 Mbps
36505[UE 1 | RB 1] Throughput = 0.98247 Mbps
36606[UE 1 | RB 1] Throughput = 1.07409 Mbps
36715[UE 1 | RB 1] Throughput = 1.20300 Mbps
36825[UE 1 | RB 1] Throughput = 1.30839 Mbps
36926[UE 1 | RB 1] Throughput = 0.59504 Mbps
37035[UE 1 | RB 1] Throughput = 1.09585 Mbps
37135[UE 1 | RB 1] Throughput = 1.19725 Mbps
37236[UE 1 | RB 1] Throughput = 1.31562 Mbps
37346[UE 1 | RB 1] Throughput = 0.87213 Mbps
37636[UE 1 | RB 1] Throughput = 0.20599 Mbps
37746[UE 1 | RB 1] Throughput = 3.40402 Mbps
37846[UE 1 | RB 1] Throughput = 1.07805 Mbps
37955[UE 1 | RB 1] Throughput = 0.98193 Mbps
38055[UE 1 | RB 1] Throughput = 1.19833 Mbps
38156[UE 1 | RB 1] Throughput = 1.19675 Mbps
38265[UE 1 | RB 1] Throughput = 0.98217 Mbps
38365[UE 1 | RB 1] Throughput = 1.19774 Mbps
38475[UE 1 | RB 1] Throughput = 0.65473 Mbps
38576[UE 1 | RB 1] Throughput = 1.31169 Mbps
38685[UE 1 | RB 1] Throughput = 1.09399 Mbps
38786[UE 1 | RB 1] Throughput = 1.19310 Mbps
38886[UE 1 | RB 1] Throughput = 0.83641 Mbps
38995[UE 1 | RB 1] Throughput = 1.20605 Mbps
39096[UE 1 | RB 1] Throughput = 0.71603 Mbps
39205[UE 1 | RB 1] Throughput = 1.31143 Mbps
39306[UE 1 | RB 1] Throughput = 1.31620 Mbps
39416[UE 1 | RB 1] Throughput = 0.87217 Mbps
39516[UE 1 | RB 1] Throughput = 0.83881 Mbps
39616[UE 1 | RB 1] Throughput = 1.19788 Mbps
39726[UE 1 | RB 1] Throughput = 1.08977 Mbps
39835[UE 1 | RB 1] Throughput = 1.09076 Mbps
39945[UE 1 | RB 1] Throughput = 0.98087 Mbps
40045[UE 1 | RB 1] Throughput = 1.31737 Mbps
40155[UE 1 | RB 1] Throughput = 0.98120 Mbps
40256[UE 1 | RB 1] Throughput = 0.95445 Mbps
40365[UE 1 | RB 1] Throughput = 1.20189 Mbps
40475[UE 1 | RB 1] Throughput = 1.08961 Mbps
40576[UE 1 | RB 1] Throughput = 1.19731 Mbps
40685[UE 1 | RB 1] Throughput = 0.98145 Mbps
40795[UE 1 | RB 1] Throughput = 0.87325 Mbps
40895[UE 1 | RB 1] Throughput = 1.19735 Mbps
40995[UE 1 | RB 1] Throughput = 1.19839 Mbps
41105[UE 1 | RB 1] Throughput = 0.98032 Mbps
41215[UE 1 | RB 1] Throughput = 1.09049 Mbps
41315[UE 1 | RB 1] Throughput = 1.07701 Mbps
41425[UE 1 | RB 1] Throughput = 0.98266 Mbps
41526[UE 1 | RB 1] Throughput = 1.07388 Mbps
41636[UE 1 | RB 1] Throughput = 0.87035 Mbps
41746[UE 1 | RB 1] Throughput = 1.20077 Mbps
41855[UE 1 | RB 1] Throughput = 0.98108 Mbps
41955[UE 1 | RB 1] Throughput = 1.19809 Mbps
42056[UE 1 | RB 1] Throughput = 1.07784 Mbps
42166[UE 1 | RB 1] Throughput = 1.08764 Mbps
42275[UE 1 | RB 1] Throughput = 1.09272 Mbps
42386[UE 1 | RB 1] Throughput = 1.08797 Mbps
42486[UE 1 | RB 1] Throughput = 1.19508 Mbps
42595[UE 1 | RB 1] Throughput = 0.87447 Mbps
42695[UE 1 | RB 1] Throughput = 1.07851 Mbps
42806[UE 1 | RB 1] Throughput = 0.97869 Mbps
42906[UE 1 | RB 1] Throughput = 1.19705 Mbps
43015[UE 1 | RB 1] Throughput = 0.87574 Mbps
43116[UE 1 | RB 1] Throughput = 1.43215 Mbps
43226[UE 1 | RB 1] Throughput = 1.08849 Mbps
43336[UE 1 | RB 1] Throughput = 1.08924 Mbps
43436[UE 1 | RB 1] Throughput = 0.71862 Mbps
43546[UE 1 | RB 1] Throughput = 1.20219 Mbps
43646[UE 1 | RB 1] Throughput = 0.83617 Mbps
43755[UE 1 | RB 1] Throughput = 1.31260 Mbps
43856[UE 1 | RB 1] Throughput = 1.07595 Mbps
43966[UE 1 | RB 1] Throughput = 0.97766 Mbps
44076[UE 1 | RB 1] Throughput = 1.20347 Mbps
44185[UE 1 | RB 1] Throughput = 1.19863 Mbps
44286[UE 1 | RB 1] Throughput = 0.59682 Mbps
44396[UE 1 | RB 1] Throughput = 1.20003 Mbps
44496[UE 1 | RB 1] Throughput = 1.19692 Mbps
44596[UE 1 | RB 1] Throughput = 1.07543 Mbps
44706[UE 1 | RB 1] Throughput = 0.98376 Mbps
44806[UE 1 | RB 1] Throughput = 0.95609 Mbps
44916[UE 1 | RB 1] Throughput = 1.19927 Mbps
45026[UE 1 | RB 1] Throughput = 0.76366 Mbps
45136[UE 1 | RB 1] Throughput = 1.31072 Mbps
45237[UE 1 | RB 1] Throughput = 1.18679 Mbps
45346[UE 1 | RB 1] Throughput = 1.09433 Mbps
45446[UE 1 | RB 1] Throughput = 1.19785 Mbps
45546[UE 1 | RB 1] Throughput = 0.71745 Mbps
45656[UE 1 | RB 1] Throughput = 1.09219 Mbps
45766[UE 1 | RB 1] Throughput = 1.20010 Mbps
45876[UE 1 | RB 1] Throughput = 1.09085 Mbps
45976[UE 1 | RB 1] Throughput = 1.07710 Mbps
46076[UE 1 | RB 1] Throughput = 0.47842 Mbps
46186[UE 1 | RB 1] Throughput = 1.74135 Mbps
46296[UE 1 | RB 1] Throughput = 0.98231 Mbps
46396[UE 1 | RB 1] Throughput = 1.07631 Mbps
46506[UE 1 | RB 1] Throughput = 1.09535 Mbps
46606[UE 1 | RB 1] Throughput = 1.07229 Mbps
46706[UE 1 | RB 1] Throughput = 0.95803 Mbps
46816[UE 1 | RB 1] Throughput = 1.20149 Mbps
46916[UE 1 | RB 1] Throughput = 0.95832 Mbps
47016[UE 1 | RB 1] Throughput = 1.19317 Mbps
47126[UE 1 | RB 1] Throughput = 0.98367 Mbps
47226[UE 1 | RB 1] Throughput = 0.95830 Mbps
47326[UE 1 | RB 1] Throughput = 1.07810 Mbps
47436[UE 1 | RB 1] Throughput = 1.09218 Mbps
47536[UE 1 | RB 1] Throughput = 1.19619 Mbps
47646[UE 1 | RB 1] Throughput = 0.87080 Mbps
47756[UE 1 | RB 1] Throughput = 0.76457 Mbps
47856[UE 1 | RB 1] Throughput = 1.31316 Mbps
47966[UE 1 | RB 1] Throughput = 1.09501 Mbps
48066[UE 1 | RB 1] Throughput = 1.19390 Mbps
48166[UE 1 | RB 1] Throughput = 1.07781 Mbps
48276[UE 1 | RB 1] Throughput = 0.98024 Mbps
48376[UE 1 | RB 1] Throughput = 0.95804 Mbps
48486[UE 1 | RB 1] Throughput = 1.19868 Mbps
48596[UE 1 | RB 1] Throughput = 1.09341 Mbps
48696[UE 1 | RB 1] Throughput = 1.31396 Mbps
48806[UE 1 | RB 1] Throughput = 0.65248 Mbps
48906[UE 1 | RB 1] Throughput = 1.31802 Mbps
49016[UE 1 | RB 1] Throughput = 1.09336 Mbps
49116[UE 1 | RB 1] Throughput = 0.95640 Mbps
49226[UE 1 | RB 1] Throughput = 1.19971 Mbps
49336[UE 1 | RB 1] Throughput = 1.19684 Mbps
49446[UE 1 | RB 1] Throughput = 1.09589 Mbps
49546[UE 1 | RB 1] Throughput = 0.59561 Mbps
49646[UE 1 | RB 1] Throughput = 1.31677 Mbps
49756[UE 1 | RB 1] Throughput = 1.19780 Mbps
49857[UE 1 | RB 1] Throughput = 0.71764 Mbps
49966[UE 1 | RB 1] Throughput = 1.20497 Mbps
50066[UE 1 | RB 1] Throughput = 1.19446 Mbps
50176[UE 1 | RB 1] Throughput = 1.19924 Mbps
50276[UE 1 | RB 1] Throughput = 0.71755 Mbps
50386[UE 1 | RB 1] Throughput = 1.19952 Mbps
50486[UE 1 | RB 1] Throughput = 1.19792 Mbps
50596[UE 1 | RB 1] Throughput = 0.87274 Mbps
50696[UE 1 | RB 1] Throughput = 1.07817 Mbps
50796[UE 1 | RB 1] Throughput = 0.71803 Mbps
50906[UE 1 | RB 1] Throughput = 1.41767 Mbps
51007[UE 1 | RB 1] Throughput = 1.07271 Mbps
51116[UE 1 | RB 1] Throughput = 0.98663 Mbps
51216[UE 1 | RB 1] Throughput = 1.19589 Mbps
51326[UE 1 | RB 1] Throughput = 0.87353 Mbps
52386[UE 1 | RB 1] Throughput = 0.06786 Mbps
52486[UE 1 | RB 1] Throughput = 11.81630 Mbps
52586[UE 1 | RB 1] Throughput = 1.07807 Mbps
52686[UE 1 | RB 1] Throughput = 0.95648 Mbps
52796[UE 1 | RB 1] Throughput = 1.20326 Mbps
52896[UE 1 | RB 1] Throughput = 1.07581 Mbps
52996[UE 1 | RB 1] Throughput = 1.07777 Mbps
53096[UE 1 | RB 1] Throughput = 1.19810 Mbps
53196[UE 1 | RB 1] Throughput = 0.71903 Mbps
53309[UE 1 | RB 1] Throughput = 1.17357 Mbps
53416[UE 1 | RB 1] Throughput = 1.22711 Mbps
53516[UE 1 | RB 1] Throughput = 1.07791 Mbps
53617[UE 1 | RB 1] Throughput = 0.95393 Mbps
53726[UE 1 | RB 1] Throughput = 1.20095 Mbps
53836[UE 1 | RB 1] Throughput = 1.09237 Mbps
53936[UE 1 | RB 1] Throughput = 0.59765 Mbps
54046[UE 1 | RB 1] Throughput = 1.19766 Mbps
54157[UE 1 | RB 1] Throughput = 1.19719 Mbps
54266[UE 1 | RB 1] Throughput = 1.09030 Mbps
54366[UE 1 | RB 1] Throughput = 1.31754 Mbps
54476[UE 1 | RB 1] Throughput = 0.54503 Mbps
54587[UE 1 | RB 1] Throughput = 1.08466 Mbps
54696[UE 1 | RB 1] Throughput = 1.20599 Mbps
54797[UE 1 | RB 1] Throughput = 1.19493 Mbps
54906[UE 1 | RB 1] Throughput = 1.30858 Mbps
55016[UE 1 | RB 1] Throughput = 0.65504 Mbps
55117[UE 1 | RB 1] Throughput = 1.31400 Mbps
55226[UE 1 | RB 1] Throughput = 1.09253 Mbps
55326[UE 1 | RB 1] Throughput = 0.59788 Mbps
55426[UE 1 | RB 1] Throughput = 1.55657 Mbps
55537[UE 1 | RB 1] Throughput = 0.87038 Mbps
55646[UE 1 | RB 1] Throughput = 1.20176 Mbps
55756[UE 1 | RB 1] Throughput = 1.08827 Mbps
55866[UE 1 | RB 1] Throughput = 1.09041 Mbps
55967[UE 1 | RB 1] Throughput = 0.95693 Mbps
56067[UE 1 | RB 1] Throughput = 1.31806 Mbps
56177[UE 1 | RB 1] Throughput = 0.98061 Mbps
56277[UE 1 | RB 1] Throughput = 1.19815 Mbps
56377[UE 1 | RB 1] Throughput = 0.95835 Mbps
56486[UE 1 | RB 1] Throughput = 0.98448 Mbps
56587[UE 1 | RB 1] Throughput = 1.31295 Mbps
56697[UE 1 | RB 1] Throughput = 0.65401 Mbps
56806[UE 1 | RB 1] Throughput = 1.31040 Mbps
56916[UE 1 | RB 1] Throughput = 0.97873 Mbps
57016[UE 1 | RB 1] Throughput = 1.07837 Mbps
57126[UE 1 | RB 1] Throughput = 1.09064 Mbps
57227[UE 1 | RB 1] Throughput = 1.19427 Mbps
57337[UE 1 | RB 1] Throughput = 1.09141 Mbps
57446[UE 1 | RB 1] Throughput = 0.87240 Mbps
57556[UE 1 | RB 1] Throughput = 1.20143 Mbps
57656[UE 1 | RB 1] Throughput = 0.59703 Mbps
57757[UE 1 | RB 1] Throughput = 1.19702 Mbps
57866[UE 1 | RB 1] Throughput = 1.09424 Mbps
57966[UE 1 | RB 1] Throughput = 1.31407 Mbps
58076[UE 1 | RB 1] Throughput = 1.09314 Mbps
58176[UE 1 | RB 1] Throughput = 0.95578 Mbps
58277[UE 1 | RB 1] Throughput = 1.19581 Mbps
58377[UE 1 | RB 1] Throughput = 1.19598 Mbps
58487[UE 1 | RB 1] Throughput = 0.87356 Mbps
58587[UE 1 | RB 1] Throughput = 1.19634 Mbps
58687[UE 1 | RB 1] Throughput = 0.83864 Mbps
58796[UE 1 | RB 1] Throughput = 0.87369 Mbps
58897[UE 1 | RB 1] Throughput = 1.43644 Mbps
58997[UE 1 | RB 1] Throughput = 1.07504 Mbps
59107[UE 1 | RB 1] Throughput = 0.98234 Mbps
59207[UE 1 | RB 1] Throughput = 0.95800 Mbps
59317[UE 1 | RB 1] Throughput = 1.30881 Mbps
59417[UE 1 | RB 1] Throughput = 1.07636 Mbps
59526[UE 1 | RB 1] Throughput = 1.09327 Mbps
59636[UE 1 | RB 1] Throughput = 1.19924 Mbps
59736[UE 1 | RB 1] Throughput = 0.59916 Mbps
59836[UE 1 | RB 1] Throughput = 1.31716 Mbps
59946[UE 1 | RB 1] Throughput = 0.98284 Mbps
60046[UE 1 | RB 1] Throughput = 1.19684 Mbps
60147[UE 1 | RB 1] Throughput = 1.18862 Mbps
60256[UE 1 | RB 1] Throughput = 0.98670 Mbps
60367[UE 1 | RB 1] Throughput = 0.97668 Mbps
60477[UE 1 | RB 1] Throughput = 1.09052 Mbps
60577[UE 1 | RB 1] Throughput = 1.19836 Mbps
60687[UE 1 | RB 1] Throughput = 1.08820 Mbps
60787[UE 1 | RB 1] Throughput = 0.71849 Mbps
60897[UE 1 | RB 1] Throughput = 0.98510 Mbps
60997[UE 1 | RB 1] Throughput = 1.19704 Mbps
61097[UE 1 | RB 1] Throughput = 1.19439 Mbps
62243[UE 1 | RB 1] Throughput = 0.05228 Mbps
62347[UE 1 | RB 1] Throughput = 12.47539 Mbps
62447[UE 1 | RB 1] Throughput = 0.59892 Mbps
62547[UE 1 | RB 1] Throughput = 1.19665 Mbps
62657[UE 1 | RB 1] Throughput = 1.20343 Mbps
62757[UE 1 | RB 1] Throughput = 1.07788 Mbps
62857[UE 1 | RB 1] Throughput = 1.19510 Mbps
62957[UE 1 | RB 1] Throughput = 1.19769 Mbps
63067[UE 1 | RB 1] Throughput = 0.65608 Mbps
63167[UE 1 | RB 1] Throughput = 1.31763 Mbps
63267[UE 1 | RB 1] Throughput = 0.95275 Mbps
63377[UE 1 | RB 1] Throughput = 1.09328 Mbps
63487[UE 1 | RB 1] Throughput = 1.09111 Mbps
63587[UE 1 | RB 1] Throughput = 1.07691 Mbps
63697[UE 1 | RB 1] Throughput = 1.08708 Mbps
63797[UE 1 | RB 1] Throughput = 1.07855 Mbps
63897[UE 1 | RB 1] Throughput = 0.95673 Mbps
64007[UE 1 | RB 1] Throughput = 1.20502 Mbps
64107[UE 1 | RB 1] Throughput = 1.07525 Mbps
64207[UE 1 | RB 1] Throughput = 1.07827 Mbps
64317[UE 1 | RB 1] Throughput = 1.20025 Mbps
64427[UE 1 | RB 1] Throughput = 0.98062 Mbps
64527[UE 1 | RB 1] Throughput = 0.95618 Mbps
64637[UE 1 | RB 1] Throughput = 1.20317 Mbps
64737[UE 1 | RB 1] Throughput = 1.07139 Mbps
64847[UE 1 | RB 1] Throughput = 0.98401 Mbps
64957[UE 1 | RB 1] Throughput = 0.97991 Mbps
65057[UE 1 | RB 1] Throughput = 1.19672 Mbps
65167[UE 1 | RB 1] Throughput = 0.76626 Mbps
65267[UE 1 | RB 1] Throughput = 1.31009 Mbps
65377[UE 1 | RB 1] Throughput = 0.87209 Mbps
65487[UE 1 | RB 1] Throughput = 1.19926 Mbps
65597[UE 1 | RB 1] Throughput = 0.65348 Mbps
65707[UE 1 | RB 1] Throughput = 0.98122 Mbps
65817[UE 1 | RB 1] Throughput = 1.63166 Mbps
65927[UE 1 | RB 1] Throughput = 0.98196 Mbps
66027[UE 1 | RB 1] Throughput = 1.31413 Mbps
66137[UE 1 | RB 1] Throughput = 0.87597 Mbps
66237[UE 1 | RB 1] Throughput = 1.07753 Mbps
66337[UE 1 | RB 1] Throughput = 1.19649 Mbps
66437[UE 1 | RB 1] Throughput = 0.83714 Mbps
66547[UE 1 | RB 1] Throughput = 1.20178 Mbps
66647[UE 1 | RB 1] Throughput = 1.31392 Mbps
66757[UE 1 | RB 1] Throughput = 0.98179 Mbps
66867[UE 1 | RB 1] Throughput = 0.98104 Mbps
66977[UE 1 | RB 1] Throughput = 0.97970 Mbps
67087[UE 1 | RB 1] Throughput = 0.87396 Mbps
67187[UE 1 | RB 1] Throughput = 1.43295 Mbps
67297[UE 1 | RB 1] Throughput = 0.98336 Mbps
67397[UE 1 | RB 1] Throughput = 0.95869 Mbps
67497[UE 1 | RB 1] Throughput = 1.19640 Mbps
67597[UE 1 | RB 1] Throughput = 1.07740 Mbps
67697[UE 1 | RB 1] Throughput = 0.83849 Mbps
67807[UE 1 | RB 1] Throughput = 1.30668 Mbps
67917[UE 1 | RB 1] Throughput = 0.76495 Mbps
68017[UE 1 | RB 1] Throughput = 1.43375 Mbps
68127[UE 1 | RB 1] Throughput = 1.19548 Mbps
68237[UE 1 | RB 1] Throughput = 0.87423 Mbps
68347[UE 1 | RB 1] Throughput = 0.76440 Mbps
68447[UE 1 | RB 1] Throughput = 1.31350 Mbps
68547[UE 1 | RB 1] Throughput = 1.07665 Mbps
68658[UE 1 | RB 1] Throughput = 1.08877 Mbps
68767[UE 1 | RB 1] Throughput = 0.98291 Mbps
68867[UE 1 | RB 1] Throughput = 0.59811 Mbps
68977[UE 1 | RB 1] Throughput = 1.63539 Mbps
69087[UE 1 | RB 1] Throughput = 1.20094 Mbps
69187[UE 1 | RB 1] Throughput = 0.71793 Mbps
69288[UE 1 | RB 1] Throughput = 1.31440 Mbps
69397[UE 1 | RB 1] Throughput = 1.20128 Mbps
69507[UE 1 | RB 1] Throughput = 0.65649 Mbps
69607[UE 1 | RB 1] Throughput = 0.95547 Mbps
69707[UE 1 | RB 1] Throughput = 1.31720 Mbps
69808[UE 1 | RB 1] Throughput = 1.31406 Mbps
69917[UE 1 | RB 1] Throughput = 0.98377 Mbps
70017[UE 1 | RB 1] Throughput = 1.07574 Mbps
70127[UE 1 | RB 1] Throughput = 0.87442 Mbps
70227[UE 1 | RB 1] Throughput = 1.19584 Mbps
70337[UE 1 | RB 1] Throughput = 1.08858 Mbps
70447[UE 1 | RB 1] Throughput = 1.30649 Mbps
70548[UE 1 | RB 1] Throughput = 0.59870 Mbps
70657[UE 1 | RB 1] Throughput = 1.20143 Mbps
70757[UE 1 | RB 1] Throughput = 0.95821 Mbps
70867[UE 1 | RB 1] Throughput = 1.19787 Mbps
70977[UE 1 | RB 1] Throughput = 1.20069 Mbps
71077[UE 1 | RB 1] Throughput = 1.07787 Mbps
72227[UE 1 | RB 1] Throughput = 0.06253 Mbps
72327[UE 1 | RB 1] Throughput = 12.21135 Mbps
72428[UE 1 | RB 1] Throughput = 1.31525 Mbps
72537[UE 1 | RB 1] Throughput = 0.87477 Mbps
72647[UE 1 | RB 1] Throughput = 1.08974 Mbps
72747[UE 1 | RB 1] Throughput = 1.31438 Mbps
72857[UE 1 | RB 1] Throughput = 0.98190 Mbps
72967[UE 1 | RB 1] Throughput = 1.08694 Mbps
73077[UE 1 | RB 1] Throughput = 1.19863 Mbps
73177[UE 1 | RB 1] Throughput = 1.07834 Mbps
73287[UE 1 | RB 1] Throughput = 0.98461 Mbps
73388[UE 1 | RB 1] Throughput = 0.95364 Mbps
73497[UE 1 | RB 1] Throughput = 0.98335 Mbps
73598[UE 1 | RB 1] Throughput = 1.19174 Mbps
73707[UE 1 | RB 1] Throughput = 0.98491 Mbps
73818[UE 1 | RB 1] Throughput = 0.97725 Mbps
73927[UE 1 | RB 1] Throughput = 1.20215 Mbps
74028[UE 1 | RB 1] Throughput = 1.19641 Mbps
74138[UE 1 | RB 1] Throughput = 1.19807 Mbps
74247[UE 1 | RB 1] Throughput = 0.65481 Mbps
74357[UE 1 | RB 1] Throughput = 1.30892 Mbps
74457[UE 1 | RB 1] Throughput = 1.19582 Mbps
74568[UE 1 | RB 1] Throughput = 0.87019 Mbps
74677[UE 1 | RB 1] Throughput = 0.98349 Mbps
74778[UE 1 | RB 1] Throughput = 1.19376 Mbps
74888[UE 1 | RB 1] Throughput = 1.08955 Mbps
74997[UE 1 | RB 1] Throughput = 1.30940 Mbps
75107[UE 1 | RB 1] Throughput = 0.87263 Mbps
75217[UE 1 | RB 1] Throughput = 1.19935 Mbps
75327[UE 1 | RB 1] Throughput = 0.87183 Mbps
75437[UE 1 | RB 1] Throughput = 0.97987 Mbps
75547[UE 1 | RB 1] Throughput = 1.31225 Mbps
75648[UE 1 | RB 1] Throughput = 0.95246 Mbps
75748[UE 1 | RB 1] Throughput = 1.31786 Mbps
75848[UE 1 | RB 1] Throughput = 0.83812 Mbps
75957[UE 1 | RB 1] Throughput = 1.09137 Mbps
76058[UE 1 | RB 1] Throughput = 0.83823 Mbps
76168[UE 1 | RB 1] Throughput = 1.30739 Mbps
76278[UE 1 | RB 1] Throughput = 0.98011 Mbps
76387[UE 1 | RB 1] Throughput = 1.20158 Mbps
76497[UE 1 | RB 1] Throughput = 0.98094 Mbps
76597[UE 1 | RB 1] Throughput = 1.19700 Mbps
76698[UE 1 | RB 1] Throughput = 0.71713 Mbps
76798[UE 1 | RB 1] Throughput = 1.31616 Mbps
76907[UE 1 | RB 1] Throughput = 1.20285 Mbps
77008[UE 1 | RB 1] Throughput = 0.59784 Mbps
77117[UE 1 | RB 1] Throughput = 1.20038 Mbps
77217[UE 1 | RB 1] Throughput = 1.31817 Mbps
77317[UE 1 | RB 1] Throughput = 1.19777 Mbps
77427[UE 1 | RB 1] Throughput = 0.65426 Mbps
77528[UE 1 | RB 1] Throughput = 1.31116 Mbps
77638[UE 1 | RB 1] Throughput = 1.20190 Mbps
77738[UE 1 | RB 1] Throughput = 0.95755 Mbps
77838[UE 1 | RB 1] Throughput = 0.95727 Mbps
77938[UE 1 | RB 1] Throughput = 1.31790 Mbps
78047[UE 1 | RB 1] Throughput = 1.09419 Mbps
78148[UE 1 | RB 1] Throughput = 0.71606 Mbps
78248[UE 1 | RB 1] Throughput = 1.07705 Mbps
78357[UE 1 | RB 1] Throughput = 1.20496 Mbps
78457[UE 1 | RB 1] Throughput = 0.35941 Mbps
78558[UE 1 | RB 1] Throughput = 1.67625 Mbps
78658[UE 1 | RB 1] Throughput = 1.31803 Mbps
78758[UE 1 | RB 1] Throughput = 0.83844 Mbps
79908[UE 1 | RB 1] Throughput = 0.06251 Mbps
80017[UE 1 | RB 1] Throughput = 11.69171 Mbps
80118[UE 1 | RB 1] Throughput = 1.19323 Mbps
80228[UE 1 | RB 1] Throughput = 1.19524 Mbps
80338[UE 1 | RB 1] Throughput = 0.65408 Mbps
80447[UE 1 | RB 1] Throughput = 1.20561 Mbps
80548[UE 1 | RB 1] Throughput = 1.19736 Mbps
80648[UE 1 | RB 1] Throughput = 1.19549 Mbps
80748[UE 1 | RB 1] Throughput = 0.95824 Mbps
80848[UE 1 | RB 1] Throughput = 1.19783 Mbps
80958[UE 1 | RB 1] Throughput = 0.65433 Mbps
81068[UE 1 | RB 1] Throughput = 1.30842 Mbps
81168[UE 1 | RB 1] Throughput = 1.19533 Mbps
81278[UE 1 | RB 1] Throughput = 0.98410 Mbps
81378[UE 1 | RB 1] Throughput = 0.95604 Mbps
81488[UE 1 | RB 1] Throughput = 1.08959 Mbps
81598[UE 1 | RB 1] Throughput = 0.21792 Mbps
81708[UE 1 | RB 1] Throughput = 1.85175 Mbps
81818[UE 1 | RB 1] Throughput = 1.30798 Mbps
81918[UE 1 | RB 1] Throughput = 0.71791 Mbps
82028[UE 1 | RB 1] Throughput = 1.30971 Mbps
82138[UE 1 | RB 1] Throughput = 0.65127 Mbps
82238[UE 1 | RB 1] Throughput = 1.31413 Mbps
82348[UE 1 | RB 1] Throughput = 1.20631 Mbps
82448[UE 1 | RB 1] Throughput = 1.19433 Mbps
82558[UE 1 | RB 1] Throughput = 0.87306 Mbps
82658[UE 1 | RB 1] Throughput = 1.07783 Mbps
82758[UE 1 | RB 1] Throughput = 1.19575 Mbps
82868[UE 1 | RB 1] Throughput = 0.65571 Mbps
82968[UE 1 | RB 1] Throughput = 1.43339 Mbps
83078[UE 1 | RB 1] Throughput = 1.19985 Mbps
83178[UE 1 | RB 1] Throughput = 0.83879 Mbps
83288[UE 1 | RB 1] Throughput = 1.30675 Mbps
83388[UE 1 | RB 1] Throughput = 0.71790 Mbps
83498[UE 1 | RB 1] Throughput = 1.31262 Mbps
83598[UE 1 | RB 1] Throughput = 0.71677 Mbps
83708[UE 1 | RB 1] Throughput = 1.19913 Mbps
83818[UE 1 | RB 1] Throughput = 1.30907 Mbps
83918[UE 1 | RB 1] Throughput = 0.71833 Mbps
84018[UE 1 | RB 1] Throughput = 1.31699 Mbps
84128[UE 1 | RB 1] Throughput = 1.19843 Mbps
84238[UE 1 | RB 1] Throughput = 0.54478 Mbps
84348[UE 1 | RB 1] Throughput = 1.30804 Mbps
84448[UE 1 | RB 1] Throughput = 1.31581 Mbps
84558[UE 1 | RB 1] Throughput = 0.65560 Mbps
84658[UE 1 | RB 1] Throughput = 1.43761 Mbps
84758[UE 1 | RB 1] Throughput = 0.71877 Mbps
84868[UE 1 | RB 1] Throughput = 1.31153 Mbps
84968[UE 1 | RB 1] Throughput = 1.31126 Mbps
85068[UE 1 | RB 1] Throughput = 0.83789 Mbps
85178[UE 1 | RB 1] Throughput = 1.19810 Mbps
85288[UE 1 | RB 1] Throughput = 0.76543 Mbps
85388[UE 1 | RB 1] Throughput = 1.31715 Mbps
85498[UE 1 | RB 1] Throughput = 1.19837 Mbps
85608[UE 1 | RB 1] Throughput = 0.76289 Mbps
85708[UE 1 | RB 1] Throughput = 1.31407 Mbps
85818[UE 1 | RB 1] Throughput = 1.20091 Mbps
85918[UE 1 | RB 1] Throughput = 0.83618 Mbps
86028[UE 1 | RB 1] Throughput = 1.19930 Mbps
86138[UE 1 | RB 1] Throughput = 0.65426 Mbps
86238[UE 1 | RB 1] Throughput = 1.43528 Mbps
86348[UE 1 | RB 1] Throughput = 0.65436 Mbps
86458[UE 1 | RB 1] Throughput = 1.19969 Mbps
86568[UE 1 | RB 1] Throughput = 1.30760 Mbps
86668[UE 1 | RB 1] Throughput = 1.31770 Mbps
86778[UE 1 | RB 1] Throughput = 0.65488 Mbps
86878[UE 1 | RB 1] Throughput = 1.31581 Mbps
86988[UE 1 | RB 1] Throughput = 0.65392 Mbps
87088[UE 1 | RB 1] Throughput = 1.43771 Mbps
87188[UE 1 | RB 1] Throughput = 1.19730 Mbps
87298[UE 1 | RB 1] Throughput = 0.65525 Mbps
87408[UE 1 | RB 1] Throughput = 1.30606 Mbps
87518[UE 1 | RB 1] Throughput = 1.31080 Mbps
87618[UE 1 | RB 1] Throughput = 0.71743 Mbps
87718[UE 1 | RB 1] Throughput = 1.43643 Mbps
87818[UE 1 | RB 1] Throughput = 0.59913 Mbps
87928[UE 1 | RB 1] Throughput = 1.30680 Mbps
88038[UE 1 | RB 1] Throughput = 1.31190 Mbps
88138[UE 1 | RB 1] Throughput = 0.59769 Mbps
88238[UE 1 | RB 1] Throughput = 1.43408 Mbps
88348[UE 1 | RB 1] Throughput = 1.08953 Mbps
88458[UE 1 | RB 1] Throughput = 0.65321 Mbps
88568[UE 1 | RB 1] Throughput = 1.19901 Mbps
88669[UE 1 | RB 1] Throughput = 1.31311 Mbps
88778[UE 1 | RB 1] Throughput = 0.76443 Mbps
88878[UE 1 | RB 1] Throughput = 1.31749 Mbps
88989[UE 1 | RB 1] Throughput = 0.97932 Mbps
89098[UE 1 | RB 1] Throughput = 1.31086 Mbps
89199[UE 1 | RB 1] Throughput = 0.71758 Mbps
89299[UE 1 | RB 1] Throughput = 1.43789 Mbps
89409[UE 1 | RB 1] Throughput = 0.65317 Mbps
89518[UE 1 | RB 1] Throughput = 1.31299 Mbps
89628[UE 1 | RB 1] Throughput = 1.30596 Mbps
89728[UE 1 | RB 1] Throughput = 0.71781 Mbps
89838[UE 1 | RB 1] Throughput = 1.30840 Mbps
89939[UE 1 | RB 1] Throughput = 0.71791 Mbps
[xApp]: E42 RIC_SUBSCRIPTION_DELETE_REQUEST tx RAN_FUNC_ID 144 RIC_REQ_ID 1 
[xApp]: E42 SUBSCRIPTION DELETE RESPONSE rx
[xApp]: E42 RIC_SUBSCRIPTION_DELETE_REQUEST tx RAN_FUNC_ID 144 RIC_REQ_ID 2 
[xApp]: E42 SUBSCRIPTION DELETE RESPONSE rx
[xApp]: E42 RIC_SUBSCRIPTION_DELETE_REQUEST tx RAN_FUNC_ID 144 RIC_REQ_ID 3 
[xApp]: E42 SUBSCRIPTION DELETE RESPONSE rx
[xApp]: Sucessfully stopped 
Test xApp run SUCCESSFULLY
