[UTIL]: Setting the config -c file to /usr/local/etc/flexric/flexric.conf
[UTIL]: Setting path -p for the shared libraries to /usr/local/lib/flexric/
[xAapp]: Initializing ... 
[xApp]: nearRT-RIC IP Address = 192.168.70.150, PORT = 36422
[E2 AGENT]: Opening plugin from path = /usr/local/lib/flexric/libkpm_sm.so 
[E2 AGENT]: Opening plugin from path = /usr/local/lib/flexric/libmac_sm.so 
[E2 AGENT]: Opening plugin from path = /usr/local/lib/flexric/libpdcp_sm.so 
[E2 AGENT]: Opening plugin from path = /usr/local/lib/flexric/libgtp_sm.so 
[E2 AGENT]: Opening plugin from path = /usr/local/lib/flexric/librc_sm.so 
[E2 AGENT]: Opening plugin from path = /usr/local/lib/flexric/libtc_sm.so 
[E2 AGENT]: Opening plugin from path = /usr/local/lib/flexric/librlc_sm.so 
[E2 AGENT]: Opening plugin from path = /usr/local/lib/flexric/libslice_sm.so 
[NEAR-RIC]: Loading SM ID = 2 with def = ORAN-E2SM-KPM 
[NEAR-RIC]: Loading SM ID = 142 with def = MAC_STATS_V0 
[NEAR-RIC]: Loading SM ID = 144 with def = PDCP_STATS_V0 
[NEAR-RIC]: Loading SM ID = 148 with def = GTP_STATS_V0 
[NEAR-RIC]: Loading SM ID = 3 with def = ORAN-E2SM-RC 
[NEAR-RIC]: Loading SM ID = 146 with def = TC_STATS_V0 
[NEAR-RIC]: Loading SM ID = 143 with def = RLC_STATS_V0 
[NEAR-RIC]: Loading SM ID = 145 with def = SLICE_STATS_V0 
[xApp]: DB filename = /tmp/flexric/xapp_db 
 [xApp]: E42 SETUP-REQUEST tx
[xApp]: E42 SETUP-RESPONSE rx 
[xApp]: xApp ID = 11 
[xApp]: Registered E2 Nodes = 3 
Connected E2 nodes = 3
[xAPP] Registered node 0 ran func id = 2 
 [xAPP] Registered node 0 ran func id = 3 
 [xAPP] Registered node 0 ran func id = 142 
 [xAPP] Registered node 0 ran func id = 143 
 [xAPP] Registered node 0 ran func id = 144 
 [xAPP] Registered node 0 ran func id = 145 
 [xAPP] Registered node 0 ran func id = 146 
 [xAPP] Registered node 0 ran func id = 148 
 [xApp]: E42 RIC SUBSCRIPTION REQUEST tx RAN_FUNC_ID 144 RIC_REQ_ID 1 
[xApp]: SUBSCRIPTION RESPONSE rx
[xApp]: Successfully subscribed to RAN_FUNC_ID 144 
[xAPP] Registered node 1 ran func id = 2 
 [xAPP] Registered node 1 ran func id = 3 
 [xAPP] Registered node 1 ran func id = 142 
 [xAPP] Registered node 1 ran func id = 143 
 [xAPP] Registered node 1 ran func id = 144 
 [xAPP] Registered node 1 ran func id = 145 
 [xAPP] Registered node 1 ran func id = 146 
 [xAPP] Registered node 1 ran func id = 148 
 [xApp]: E42 RIC SUBSCRIPTION REQUEST tx RAN_FUNC_ID 144 RIC_REQ_ID 2 
[xApp]: SUBSCRIPTION RESPONSE rx
[xApp]: Successfully subscribed to RAN_FUNC_ID 144 
[xAPP] Registered node 2 ran func id = 2 
 [xAPP] Registered node 2 ran func id = 3 
 [xAPP] Registered node 2 ran func id = 142 
 [xAPP] Registered node 2 ran func id = 143 
 [xAPP] Registered node 2 ran func id = 144 
 [xAPP] Registered node 2 ran func id = 145 
 [xAPP] Registered node 2 ran func id = 146 
 [xAPP] Registered node 2 ran func id = 148 
 [xApp]: E42 RIC SUBSCRIPTION REQUEST tx RAN_FUNC_ID 144 RIC_REQ_ID 3 
[xApp]: SUBSCRIPTION RESPONSE rx
[xApp]: Successfully subscribed to RAN_FUNC_ID 144 
123[UE 1 | RB 1] Throughput = 1.08963 Mbps
223[UE 1 | RB 1] Throughput = 0.95773 Mbps
333[UE 1 | RB 1] Throughput = 1.09018 Mbps
443[UE 1 | RB 1] Throughput = 1.08955 Mbps
553[UE 1 | RB 1] Throughput = 1.08927 Mbps
663[UE 1 | RB 1] Throughput = 1.09108 Mbps
763[UE 1 | RB 1] Throughput = 1.07478 Mbps
863[UE 1 | RB 1] Throughput = 0.95869 Mbps
963[UE 1 | RB 1] Throughput = 1.07799 Mbps
1063[UE 1 | RB 1] Throughput = 1.07832 Mbps
1163[UE 1 | RB 1] Throughput = 1.07848 Mbps
1273[UE 1 | RB 1] Throughput = 1.09334 Mbps
1373[UE 1 | RB 1] Throughput = 1.07770 Mbps
1483[UE 1 | RB 1] Throughput = 1.08925 Mbps
1583[UE 1 | RB 1] Throughput = 1.07721 Mbps
1683[UE 1 | RB 1] Throughput = 1.07800 Mbps
1793[UE 1 | RB 1] Throughput = 0.98255 Mbps
1893[UE 1 | RB 1] Throughput = 1.07769 Mbps
2003[UE 1 | RB 1] Throughput = 1.08945 Mbps
2103[UE 1 | RB 1] Throughput = 1.07618 Mbps
2213[UE 1 | RB 1] Throughput = 1.08989 Mbps
2323[UE 1 | RB 1] Throughput = 1.09026 Mbps
2423[UE 1 | RB 1] Throughput = 1.07627 Mbps
2524[UE 1 | RB 1] Throughput = 1.07455 Mbps
2633[UE 1 | RB 1] Throughput = 0.98377 Mbps
2743[UE 1 | RB 1] Throughput = 1.09098 Mbps
2853[UE 1 | RB 1] Throughput = 1.08992 Mbps
2953[UE 1 | RB 1] Throughput = 1.07807 Mbps
3063[UE 1 | RB 1] Throughput = 1.08953 Mbps
3164[UE 1 | RB 1] Throughput = 1.07674 Mbps
3273[UE 1 | RB 1] Throughput = 0.98255 Mbps
3383[UE 1 | RB 1] Throughput = 1.08843 Mbps
3483[UE 1 | RB 1] Throughput = 1.07737 Mbps
3593[UE 1 | RB 1] Throughput = 1.09047 Mbps
3703[UE 1 | RB 1] Throughput = 1.08897 Mbps
3803[UE 1 | RB 1] Throughput = 1.07796 Mbps
3904[UE 1 | RB 1] Throughput = 1.07798 Mbps
4013[UE 1 | RB 1] Throughput = 0.98097 Mbps
4123[UE 1 | RB 1] Throughput = 1.09061 Mbps
4223[UE 1 | RB 1] Throughput = 1.07731 Mbps
4333[UE 1 | RB 1] Throughput = 1.09117 Mbps
4433[UE 1 | RB 1] Throughput = 1.07704 Mbps
4534[UE 1 | RB 1] Throughput = 1.07691 Mbps
4644[UE 1 | RB 1] Throughput = 1.08868 Mbps
4754[UE 1 | RB 1] Throughput = 0.98096 Mbps
4854[UE 1 | RB 1] Throughput = 1.07748 Mbps
4963[UE 1 | RB 1] Throughput = 1.09421 Mbps
5064[UE 1 | RB 1] Throughput = 1.07495 Mbps
5173[UE 1 | RB 1] Throughput = 1.09172 Mbps
5283[UE 1 | RB 1] Throughput = 1.08858 Mbps
5383[UE 1 | RB 1] Throughput = 1.07838 Mbps
5493[UE 1 | RB 1] Throughput = 0.98313 Mbps
5593[UE 1 | RB 1] Throughput = 1.07830 Mbps
5693[UE 1 | RB 1] Throughput = 1.07541 Mbps
5803[UE 1 | RB 1] Throughput = 1.09309 Mbps
5903[UE 1 | RB 1] Throughput = 1.07619 Mbps
6004[UE 1 | RB 1] Throughput = 1.07642 Mbps
6104[UE 1 | RB 1] Throughput = 1.07693 Mbps
6204[UE 1 | RB 1] Throughput = 1.07842 Mbps
6313[UE 1 | RB 1] Throughput = 0.98247 Mbps
6423[UE 1 | RB 1] Throughput = 1.09185 Mbps
6524[UE 1 | RB 1] Throughput = 1.07348 Mbps
6634[UE 1 | RB 1] Throughput = 1.09114 Mbps
6734[UE 1 | RB 1] Throughput = 1.07852 Mbps
6844[UE 1 | RB 1] Throughput = 1.08806 Mbps
6944[UE 1 | RB 1] Throughput = 1.07765 Mbps
7054[UE 1 | RB 1] Throughput = 0.98281 Mbps
7164[UE 1 | RB 1] Throughput = 1.08824 Mbps
7273[UE 1 | RB 1] Throughput = 1.09146 Mbps
7374[UE 1 | RB 1] Throughput = 1.07640 Mbps
7476[UE 1 | RB 1] Throughput = 1.05757 Mbps
7584[UE 1 | RB 1] Throughput = 1.10882 Mbps
7693[UE 1 | RB 1] Throughput = 1.09407 Mbps
7793[UE 1 | RB 1] Throughput = 0.95683 Mbps
7903[UE 1 | RB 1] Throughput = 1.08953 Mbps
8004[UE 1 | RB 1] Throughput = 1.07645 Mbps
8104[UE 1 | RB 1] Throughput = 1.07702 Mbps
8204[UE 1 | RB 1] Throughput = 1.07746 Mbps
8304[UE 1 | RB 1] Throughput = 1.07840 Mbps
8413[UE 1 | RB 1] Throughput = 1.09615 Mbps
8513[UE 1 | RB 1] Throughput = 1.07573 Mbps
8623[UE 1 | RB 1] Throughput = 0.98269 Mbps
8724[UE 1 | RB 1] Throughput = 1.07325 Mbps
8824[UE 1 | RB 1] Throughput = 1.07823 Mbps
8934[UE 1 | RB 1] Throughput = 1.08960 Mbps
9034[UE 1 | RB 1] Throughput = 1.07727 Mbps
9144[UE 1 | RB 1] Throughput = 1.09106 Mbps
9244[UE 1 | RB 1] Throughput = 1.07796 Mbps
9344[UE 1 | RB 1] Throughput = 1.07462 Mbps
9454[UE 1 | RB 1] Throughput = 0.98206 Mbps
9564[UE 1 | RB 1] Throughput = 1.09386 Mbps
9664[UE 1 | RB 1] Throughput = 1.07418 Mbps
9774[UE 1 | RB 1] Throughput = 1.08758 Mbps
9884[UE 1 | RB 1] Throughput = 1.09350 Mbps
9994[UE 1 | RB 1] Throughput = 1.09127 Mbps
10094[UE 1 | RB 1] Throughput = 1.07812 Mbps
10194[UE 1 | RB 1] Throughput = 0.95613 Mbps
10294[UE 1 | RB 1] Throughput = 1.07806 Mbps
10394[UE 1 | RB 1] Throughput = 1.07758 Mbps
10504[UE 1 | RB 1] Throughput = 1.09003 Mbps
10614[UE 1 | RB 1] Throughput = 1.08951 Mbps
10714[UE 1 | RB 1] Throughput = 1.07715 Mbps
10824[UE 1 | RB 1] Throughput = 1.09181 Mbps
10924[UE 1 | RB 1] Throughput = 1.07323 Mbps
11024[UE 1 | RB 1] Throughput = 0.95782 Mbps
11134[UE 1 | RB 1] Throughput = 1.09524 Mbps
11244[UE 1 | RB 1] Throughput = 1.08948 Mbps
11344[UE 1 | RB 1] Throughput = 1.07513 Mbps
11454[UE 1 | RB 1] Throughput = 1.08803 Mbps
11563[UE 1 | RB 1] Throughput = 1.09738 Mbps
11664[UE 1 | RB 1] Throughput = 1.07470 Mbps
11764[UE 1 | RB 1] Throughput = 0.95718 Mbps
11874[UE 1 | RB 1] Throughput = 1.09288 Mbps
11984[UE 1 | RB 1] Throughput = 1.08942 Mbps
12084[UE 1 | RB 1] Throughput = 1.07639 Mbps
12194[UE 1 | RB 1] Throughput = 1.08744 Mbps
12484[UE 1 | RB 1] Throughput = 0.16517 Mbps
12594[UE 1 | RB 1] Throughput = 3.39391 Mbps
12694[UE 1 | RB 1] Throughput = 1.07575 Mbps
12794[UE 1 | RB 1] Throughput = 1.07635 Mbps
12904[UE 1 | RB 1] Throughput = 1.08842 Mbps
13014[UE 1 | RB 1] Throughput = 1.09144 Mbps
13124[UE 1 | RB 1] Throughput = 1.08890 Mbps
13234[UE 1 | RB 1] Throughput = 1.09278 Mbps
13344[UE 1 | RB 1] Throughput = 0.97914 Mbps
13444[UE 1 | RB 1] Throughput = 1.07856 Mbps
13554[UE 1 | RB 1] Throughput = 1.09194 Mbps
13654[UE 1 | RB 1] Throughput = 1.07456 Mbps
13764[UE 1 | RB 1] Throughput = 1.09103 Mbps
13874[UE 1 | RB 1] Throughput = 1.09189 Mbps
13974[UE 1 | RB 1] Throughput = 1.07782 Mbps
14074[UE 1 | RB 1] Throughput = 0.95418 Mbps
14184[UE 1 | RB 1] Throughput = 1.09068 Mbps
14294[UE 1 | RB 1] Throughput = 1.09297 Mbps
14404[UE 1 | RB 1] Throughput = 1.08867 Mbps
14504[UE 1 | RB 1] Throughput = 1.07700 Mbps
14614[UE 1 | RB 1] Throughput = 1.09171 Mbps
14714[UE 1 | RB 1] Throughput = 1.07834 Mbps
14824[UE 1 | RB 1] Throughput = 0.97876 Mbps
14934[UE 1 | RB 1] Throughput = 1.09215 Mbps
15034[UE 1 | RB 1] Throughput = 1.07366 Mbps
15144[UE 1 | RB 1] Throughput = 1.09003 Mbps
15254[UE 1 | RB 1] Throughput = 1.08964 Mbps
15364[UE 1 | RB 1] Throughput = 0.98126 Mbps
15464[UE 1 | RB 1] Throughput = 1.07658 Mbps
15574[UE 1 | RB 1] Throughput = 1.08968 Mbps
15684[UE 1 | RB 1] Throughput = 1.09392 Mbps
15784[UE 1 | RB 1] Throughput = 1.07455 Mbps
15884[UE 1 | RB 1] Throughput = 1.07753 Mbps
15994[UE 1 | RB 1] Throughput = 1.09003 Mbps
16104[UE 1 | RB 1] Throughput = 0.98218 Mbps
16214[UE 1 | RB 1] Throughput = 1.08981 Mbps
16314[UE 1 | RB 1] Throughput = 1.07821 Mbps
16414[UE 1 | RB 1] Throughput = 1.07664 Mbps
16514[UE 1 | RB 1] Throughput = 1.07796 Mbps
16624[UE 1 | RB 1] Throughput = 1.09259 Mbps
16724[UE 1 | RB 1] Throughput = 1.07763 Mbps
16824[UE 1 | RB 1] Throughput = 1.07775 Mbps
16934[UE 1 | RB 1] Throughput = 0.97822 Mbps
17044[UE 1 | RB 1] Throughput = 1.09073 Mbps
17154[UE 1 | RB 1] Throughput = 1.09022 Mbps
17254[UE 1 | RB 1] Throughput = 1.07645 Mbps
17364[UE 1 | RB 1] Throughput = 1.09448 Mbps
17474[UE 1 | RB 1] Throughput = 1.08645 Mbps
17574[UE 1 | RB 1] Throughput = 1.07750 Mbps
17684[UE 1 | RB 1] Throughput = 0.98107 Mbps
17794[UE 1 | RB 1] Throughput = 1.09012 Mbps
17894[UE 1 | RB 1] Throughput = 1.07801 Mbps
17994[UE 1 | RB 1] Throughput = 1.07852 Mbps
18104[UE 1 | RB 1] Throughput = 1.09185 Mbps
18204[UE 1 | RB 1] Throughput = 1.07502 Mbps
18314[UE 1 | RB 1] Throughput = 1.09067 Mbps
18415[UE 1 | RB 1] Throughput = 0.95431 Mbps
18524[UE 1 | RB 1] Throughput = 1.09336 Mbps
18624[UE 1 | RB 1] Throughput = 1.07585 Mbps
18734[UE 1 | RB 1] Throughput = 1.09015 Mbps
18844[UE 1 | RB 1] Throughput = 1.09178 Mbps
18944[UE 1 | RB 1] Throughput = 1.07508 Mbps
19054[UE 1 | RB 1] Throughput = 1.09104 Mbps
19164[UE 1 | RB 1] Throughput = 0.97981 Mbps
19274[UE 1 | RB 1] Throughput = 1.09015 Mbps
19374[UE 1 | RB 1] Throughput = 1.07828 Mbps
19484[UE 1 | RB 1] Throughput = 1.09141 Mbps
19584[UE 1 | RB 1] Throughput = 1.07548 Mbps
19685[UE 1 | RB 1] Throughput = 1.07710 Mbps
19794[UE 1 | RB 1] Throughput = 0.98541 Mbps
19894[UE 1 | RB 1] Throughput = 1.07286 Mbps
20004[UE 1 | RB 1] Throughput = 1.09564 Mbps
20104[UE 1 | RB 1] Throughput = 1.07247 Mbps
20204[UE 1 | RB 1] Throughput = 1.07819 Mbps
20314[UE 1 | RB 1] Throughput = 1.09158 Mbps
20414[UE 1 | RB 1] Throughput = 1.07832 Mbps
20514[UE 1 | RB 1] Throughput = 1.07696 Mbps
20614[UE 1 | RB 1] Throughput = 1.07804 Mbps
20724[UE 1 | RB 1] Throughput = 0.98221 Mbps
20824[UE 1 | RB 1] Throughput = 1.07783 Mbps
20925[UE 1 | RB 1] Throughput = 1.07575 Mbps
21034[UE 1 | RB 1] Throughput = 1.09299 Mbps
21134[UE 1 | RB 1] Throughput = 1.07777 Mbps
21244[UE 1 | RB 1] Throughput = 1.08813 Mbps
21354[UE 1 | RB 1] Throughput = 1.09131 Mbps
21465[UE 1 | RB 1] Throughput = 0.97767 Mbps
21565[UE 1 | RB 1] Throughput = 1.07672 Mbps
21674[UE 1 | RB 1] Throughput = 1.09342 Mbps
21774[UE 1 | RB 1] Throughput = 1.07719 Mbps
21885[UE 1 | RB 1] Throughput = 1.08759 Mbps
21994[UE 1 | RB 1] Throughput = 1.09347 Mbps
22104[UE 1 | RB 1] Throughput = 0.98243 Mbps
22204[UE 1 | RB 1] Throughput = 1.07606 Mbps
22314[UE 1 | RB 1] Throughput = 1.08855 Mbps
22414[UE 1 | RB 1] Throughput = 1.07819 Mbps
22515[UE 1 | RB 1] Throughput = 1.07702 Mbps
22624[UE 1 | RB 1] Throughput = 1.09159 Mbps
22734[UE 1 | RB 1] Throughput = 1.08937 Mbps
22844[UE 1 | RB 1] Throughput = 0.97980 Mbps
22954[UE 1 | RB 1] Throughput = 1.08955 Mbps
23055[UE 1 | RB 1] Throughput = 1.07759 Mbps
23164[UE 1 | RB 1] Throughput = 1.09033 Mbps
23275[UE 1 | RB 1] Throughput = 1.08722 Mbps
23384[UE 1 | RB 1] Throughput = 1.09249 Mbps
23485[UE 1 | RB 1] Throughput = 1.07428 Mbps
23594[UE 1 | RB 1] Throughput = 0.98385 Mbps
23695[UE 1 | RB 1] Throughput = 1.07538 Mbps
23805[UE 1 | RB 1] Throughput = 1.09042 Mbps
23915[UE 1 | RB 1] Throughput = 1.08880 Mbps
24025[UE 1 | RB 1] Throughput = 1.09070 Mbps
24125[UE 1 | RB 1] Throughput = 1.07840 Mbps
24225[UE 1 | RB 1] Throughput = 1.07805 Mbps
24325[UE 1 | RB 1] Throughput = 0.95344 Mbps
24434[UE 1 | RB 1] Throughput = 1.09617 Mbps
24544[UE 1 | RB 1] Throughput = 1.09045 Mbps
24645[UE 1 | RB 1] Throughput = 1.07430 Mbps
24754[UE 1 | RB 1] Throughput = 1.09310 Mbps
24854[UE 1 | RB 1] Throughput = 1.07803 Mbps
24955[UE 1 | RB 1] Throughput = 1.07718 Mbps
25064[UE 1 | RB 1] Throughput = 0.98430 Mbps
25164[UE 1 | RB 1] Throughput = 1.07529 Mbps
25275[UE 1 | RB 1] Throughput = 1.08787 Mbps
25384[UE 1 | RB 1] Throughput = 1.09173 Mbps
25484[UE 1 | RB 1] Throughput = 1.07778 Mbps
25597[UE 1 | RB 1] Throughput = 1.06358 Mbps
25704[UE 1 | RB 1] Throughput = 1.00625 Mbps
25804[UE 1 | RB 1] Throughput = 1.07748 Mbps
25907[UE 1 | RB 1] Throughput = 1.04646 Mbps
26015[UE 1 | RB 1] Throughput = 1.11803 Mbps
26124[UE 1 | RB 1] Throughput = 1.09169 Mbps
26235[UE 1 | RB 1] Throughput = 1.08738 Mbps
26345[UE 1 | RB 1] Throughput = 1.08822 Mbps
26445[UE 1 | RB 1] Throughput = 0.95782 Mbps
26555[UE 1 | RB 1] Throughput = 1.09177 Mbps
26664[UE 1 | RB 1] Throughput = 1.09199 Mbps
26765[UE 1 | RB 1] Throughput = 1.07388 Mbps
26865[UE 1 | RB 1] Throughput = 1.07817 Mbps
26965[UE 1 | RB 1] Throughput = 1.07624 Mbps
27075[UE 1 | RB 1] Throughput = 1.09374 Mbps
27185[UE 1 | RB 1] Throughput = 0.98033 Mbps
27285[UE 1 | RB 1] Throughput = 1.07837 Mbps
27385[UE 1 | RB 1] Throughput = 1.07595 Mbps
27495[UE 1 | RB 1] Throughput = 1.09319 Mbps
27595[UE 1 | RB 1] Throughput = 1.07669 Mbps
27705[UE 1 | RB 1] Throughput = 1.09159 Mbps
27805[UE 1 | RB 1] Throughput = 1.07795 Mbps
28026[UE 1 | RB 1] Throughput = 0.48790 Mbps
28135[UE 1 | RB 1] Throughput = 2.19628 Mbps
28235[UE 1 | RB 1] Throughput = 1.07810 Mbps
28345[UE 1 | RB 1] Throughput = 1.09065 Mbps
28445[UE 1 | RB 1] Throughput = 1.07761 Mbps
28545[UE 1 | RB 1] Throughput = 1.07844 Mbps
28655[UE 1 | RB 1] Throughput = 1.08672 Mbps
28764[UE 1 | RB 1] Throughput = 0.98591 Mbps
28865[UE 1 | RB 1] Throughput = 1.07394 Mbps
28965[UE 1 | RB 1] Throughput = 1.07750 Mbps
29075[UE 1 | RB 1] Throughput = 1.09304 Mbps
29175[UE 1 | RB 1] Throughput = 1.07841 Mbps
29285[UE 1 | RB 1] Throughput = 1.08831 Mbps
29395[UE 1 | RB 1] Throughput = 1.08940 Mbps
29505[UE 1 | RB 1] Throughput = 0.97962 Mbps
29605[UE 1 | RB 1] Throughput = 1.07778 Mbps
29715[UE 1 | RB 1] Throughput = 1.08919 Mbps
29825[UE 1 | RB 1] Throughput = 1.08921 Mbps
29935[UE 1 | RB 1] Throughput = 1.09084 Mbps
30045[UE 1 | RB 1] Throughput = 0.98147 Mbps
30145[UE 1 | RB 1] Throughput = 1.07716 Mbps
30245[UE 1 | RB 1] Throughput = 1.07704 Mbps
30345[UE 1 | RB 1] Throughput = 1.07764 Mbps
30455[UE 1 | RB 1] Throughput = 1.09192 Mbps
30555[UE 1 | RB 1] Throughput = 1.07855 Mbps
30665[UE 1 | RB 1] Throughput = 1.08914 Mbps
30775[UE 1 | RB 1] Throughput = 1.08971 Mbps
30885[UE 1 | RB 1] Throughput = 0.98133 Mbps
30985[UE 1 | RB 1] Throughput = 1.07513 Mbps
31095[UE 1 | RB 1] Throughput = 1.09294 Mbps
31195[UE 1 | RB 1] Throughput = 1.07693 Mbps
31305[UE 1 | RB 1] Throughput = 1.08868 Mbps
31405[UE 1 | RB 1] Throughput = 1.07819 Mbps
31515[UE 1 | RB 1] Throughput = 1.09239 Mbps
31615[UE 1 | RB 1] Throughput = 0.95668 Mbps
31725[UE 1 | RB 1] Throughput = 1.09142 Mbps
31835[UE 1 | RB 1] Throughput = 1.08678 Mbps
31945[UE 1 | RB 1] Throughput = 1.09041 Mbps
32055[UE 1 | RB 1] Throughput = 1.08996 Mbps
32155[UE 1 | RB 1] Throughput = 1.07807 Mbps
32255[UE 1 | RB 1] Throughput = 1.07756 Mbps
32365[UE 1 | RB 1] Throughput = 0.97831 Mbps
32465[UE 1 | RB 1] Throughput = 1.07757 Mbps
32575[UE 1 | RB 1] Throughput = 1.09631 Mbps
32675[UE 1 | RB 1] Throughput = 1.07030 Mbps
32785[UE 1 | RB 1] Throughput = 1.09593 Mbps
32906[UE 1 | RB 1] Throughput = 0.49607 Mbps
33934[UE 1 | RB 1] Throughput = 0.04662 Mbps
34035[UE 1 | RB 1] Throughput = 12.06407 Mbps
34135[UE 1 | RB 1] Throughput = 1.07837 Mbps
34245[UE 1 | RB 1] Throughput = 1.09003 Mbps
34355[UE 1 | RB 1] Throughput = 1.08939 Mbps
34465[UE 1 | RB 1] Throughput = 1.09370 Mbps
34565[UE 1 | RB 1] Throughput = 1.07292 Mbps
34675[UE 1 | RB 1] Throughput = 0.98595 Mbps
34775[UE 1 | RB 1] Throughput = 1.07227 Mbps
34885[UE 1 | RB 1] Throughput = 1.08917 Mbps
34995[UE 1 | RB 1] Throughput = 1.09253 Mbps
35105[UE 1 | RB 1] Throughput = 1.08977 Mbps
35205[UE 1 | RB 1] Throughput = 1.07664 Mbps
35305[UE 1 | RB 1] Throughput = 1.07686 Mbps
35415[UE 1 | RB 1] Throughput = 0.98231 Mbps
35515[UE 1 | RB 1] Throughput = 1.07471 Mbps
35625[UE 1 | RB 1] Throughput = 1.09177 Mbps
35735[UE 1 | RB 1] Throughput = 1.09005 Mbps
35845[UE 1 | RB 1] Throughput = 1.08563 Mbps
35955[UE 1 | RB 1] Throughput = 0.98400 Mbps
36065[UE 1 | RB 1] Throughput = 1.08962 Mbps
36165[UE 1 | RB 1] Throughput = 1.07763 Mbps
36265[UE 1 | RB 1] Throughput = 1.07770 Mbps
36375[UE 1 | RB 1] Throughput = 1.08976 Mbps
36485[UE 1 | RB 1] Throughput = 1.09001 Mbps
36595[UE 1 | RB 1] Throughput = 1.09024 Mbps
36695[UE 1 | RB 1] Throughput = 0.95793 Mbps
36795[UE 1 | RB 1] Throughput = 1.07612 Mbps
36905[UE 1 | RB 1] Throughput = 1.09055 Mbps
37015[UE 1 | RB 1] Throughput = 1.09256 Mbps
37115[UE 1 | RB 1] Throughput = 1.07691 Mbps
37225[UE 1 | RB 1] Throughput = 1.09005 Mbps
37325[UE 1 | RB 1] Throughput = 1.07848 Mbps
37425[UE 1 | RB 1] Throughput = 1.07712 Mbps
37535[UE 1 | RB 1] Throughput = 0.98162 Mbps
37635[UE 1 | RB 1] Throughput = 1.07646 Mbps
37745[UE 1 | RB 1] Throughput = 1.09062 Mbps
37855[UE 1 | RB 1] Throughput = 1.09010 Mbps
37955[UE 1 | RB 1] Throughput = 1.07587 Mbps
38055[UE 1 | RB 1] Throughput = 1.07624 Mbps
38165[UE 1 | RB 1] Throughput = 1.09315 Mbps
38275[UE 1 | RB 1] Throughput = 0.97946 Mbps
38385[UE 1 | RB 1] Throughput = 1.08843 Mbps
38495[UE 1 | RB 1] Throughput = 1.09561 Mbps
38595[UE 1 | RB 1] Throughput = 1.07295 Mbps
38695[UE 1 | RB 1] Throughput = 1.07609 Mbps
38805[UE 1 | RB 1] Throughput = 1.09112 Mbps
38915[UE 1 | RB 1] Throughput = 0.98079 Mbps
40015[UE 1 | RB 1] Throughput = 0.07628 Mbps
42064[UE 1 | RB 1] Throughput = 0.15795 Mbps
42165[UE 1 | RB 1] Throughput = 30.13984 Mbps
42275[UE 1 | RB 1] Throughput = 1.09081 Mbps
42376[UE 1 | RB 1] Throughput = 1.07476 Mbps
42476[UE 1 | RB 1] Throughput = 1.07635 Mbps
42586[UE 1 | RB 1] Throughput = 1.08936 Mbps
42695[UE 1 | RB 1] Throughput = 0.98408 Mbps
42795[UE 1 | RB 1] Throughput = 1.07831 Mbps
42905[UE 1 | RB 1] Throughput = 1.09017 Mbps
43005[UE 1 | RB 1] Throughput = 1.07792 Mbps
43105[UE 1 | RB 1] Throughput = 1.07731 Mbps
43215[UE 1 | RB 1] Throughput = 1.09218 Mbps
43325[UE 1 | RB 1] Throughput = 1.09025 Mbps
43425[UE 1 | RB 1] Throughput = 1.07673 Mbps
43525[UE 1 | RB 1] Throughput = 0.95847 Mbps
43626[UE 1 | RB 1] Throughput = 1.07639 Mbps
43726[UE 1 | RB 1] Throughput = 1.07827 Mbps
43835[UE 1 | RB 1] Throughput = 1.09056 Mbps
43935[UE 1 | RB 1] Throughput = 1.07833 Mbps
44036[UE 1 | RB 1] Throughput = 1.07807 Mbps
44136[UE 1 | RB 1] Throughput = 1.07484 Mbps
44246[UE 1 | RB 1] Throughput = 1.09276 Mbps
44346[UE 1 | RB 1] Throughput = 1.07610 Mbps
44456[UE 1 | RB 1] Throughput = 0.98159 Mbps
44566[UE 1 | RB 1] Throughput = 1.09014 Mbps
44675[UE 1 | RB 1] Throughput = 1.09039 Mbps
44776[UE 1 | RB 1] Throughput = 1.07522 Mbps
44886[UE 1 | RB 1] Throughput = 1.08902 Mbps
44996[UE 1 | RB 1] Throughput = 1.09112 Mbps
45106[UE 1 | RB 1] Throughput = 0.98011 Mbps
45206[UE 1 | RB 1] Throughput = 1.07731 Mbps
45315[UE 1 | RB 1] Throughput = 1.09286 Mbps
45425[UE 1 | RB 1] Throughput = 1.08939 Mbps
45526[UE 1 | RB 1] Throughput = 1.07769 Mbps
45626[UE 1 | RB 1] Throughput = 1.07262 Mbps
45736[UE 1 | RB 1] Throughput = 1.09462 Mbps
45836[UE 1 | RB 1] Throughput = 0.95784 Mbps
45936[UE 1 | RB 1] Throughput = 1.07797 Mbps
46036[UE 1 | RB 1] Throughput = 1.07790 Mbps
46136[UE 1 | RB 1] Throughput = 1.07650 Mbps
46246[UE 1 | RB 1] Throughput = 1.09334 Mbps
46356[UE 1 | RB 1] Throughput = 1.08686 Mbps
46465[UE 1 | RB 1] Throughput = 1.09343 Mbps
46566[UE 1 | RB 1] Throughput = 1.07759 Mbps
46666[UE 1 | RB 1] Throughput = 1.07323 Mbps
46776[UE 1 | RB 1] Throughput = 0.98434 Mbps
46876[UE 1 | RB 1] Throughput = 1.07620 Mbps
46985[UE 1 | RB 1] Throughput = 1.09357 Mbps
47086[UE 1 | RB 1] Throughput = 1.07420 Mbps
47186[UE 1 | RB 1] Throughput = 1.07485 Mbps
47296[UE 1 | RB 1] Throughput = 1.09437 Mbps
47406[UE 1 | RB 1] Throughput = 0.97981 Mbps
47516[UE 1 | RB 1] Throughput = 1.08993 Mbps
47626[UE 1 | RB 1] Throughput = 1.09167 Mbps
47736[UE 1 | RB 1] Throughput = 1.08680 Mbps
47836[UE 1 | RB 1] Throughput = 1.07405 Mbps
47946[UE 1 | RB 1] Throughput = 1.09404 Mbps
48056[UE 1 | RB 1] Throughput = 0.97989 Mbps
48156[UE 1 | RB 1] Throughput = 1.07804 Mbps
48256[UE 1 | RB 1] Throughput = 1.07833 Mbps
48366[UE 1 | RB 1] Throughput = 1.09191 Mbps
48466[UE 1 | RB 1] Throughput = 1.07813 Mbps
48576[UE 1 | RB 1] Throughput = 1.08679 Mbps
48686[UE 1 | RB 1] Throughput = 1.09074 Mbps
48786[UE 1 | RB 1] Throughput = 1.07685 Mbps
48896[UE 1 | RB 1] Throughput = 0.98086 Mbps
49006[UE 1 | RB 1] Throughput = 1.09139 Mbps
49116[UE 1 | RB 1] Throughput = 1.08284 Mbps
49226[UE 1 | RB 1] Throughput = 1.09702 Mbps
49336[UE 1 | RB 1] Throughput = 1.09044 Mbps
49445[UE 1 | RB 1] Throughput = 0.98252 Mbps
49546[UE 1 | RB 1] Throughput = 1.07357 Mbps
49646[UE 1 | RB 1] Throughput = 1.07641 Mbps
49756[UE 1 | RB 1] Throughput = 1.09378 Mbps
49856[UE 1 | RB 1] Throughput = 1.07644 Mbps
49956[UE 1 | RB 1] Throughput = 1.07390 Mbps
50066[UE 1 | RB 1] Throughput = 1.09477 Mbps
50166[UE 1 | RB 1] Throughput = 1.07565 Mbps
50266[UE 1 | RB 1] Throughput = 0.95761 Mbps
50376[UE 1 | RB 1] Throughput = 1.08842 Mbps
50486[UE 1 | RB 1] Throughput = 1.09520 Mbps
50586[UE 1 | RB 1] Throughput = 1.07311 Mbps
50696[UE 1 | RB 1] Throughput = 1.08900 Mbps
50796[UE 1 | RB 1] Throughput = 1.07697 Mbps
50906[UE 1 | RB 1] Throughput = 1.09056 Mbps
51016[UE 1 | RB 1] Throughput = 0.98031 Mbps
51126[UE 1 | RB 1] Throughput = 1.09424 Mbps
51236[UE 1 | RB 1] Throughput = 1.09021 Mbps
51336[UE 1 | RB 1] Throughput = 1.07284 Mbps
51446[UE 1 | RB 1] Throughput = 1.09118 Mbps
51546[UE 1 | RB 1] Throughput = 1.07701 Mbps
51656[UE 1 | RB 1] Throughput = 0.98255 Mbps
51756[UE 1 | RB 1] Throughput = 1.07574 Mbps
51856[UE 1 | RB 1] Throughput = 1.07627 Mbps
51966[UE 1 | RB 1] Throughput = 1.09091 Mbps
52066[UE 1 | RB 1] Throughput = 1.07815 Mbps
52167[UE 1 | RB 1] Throughput = 1.07571 Mbps
52276[UE 1 | RB 1] Throughput = 1.09702 Mbps
52376[UE 1 | RB 1] Throughput = 1.07485 Mbps
52486[UE 1 | RB 1] Throughput = 0.98122 Mbps
52586[UE 1 | RB 1] Throughput = 1.07626 Mbps
52696[UE 1 | RB 1] Throughput = 1.09214 Mbps
52806[UE 1 | RB 1] Throughput = 1.08570 Mbps
52916[UE 1 | RB 1] Throughput = 1.09146 Mbps
53026[UE 1 | RB 1] Throughput = 1.08995 Mbps
53126[UE 1 | RB 1] Throughput = 0.95860 Mbps
53226[UE 1 | RB 1] Throughput = 1.07604 Mbps
53336[UE 1 | RB 1] Throughput = 1.09508 Mbps
53446[UE 1 | RB 1] Throughput = 1.08696 Mbps
53546[UE 1 | RB 1] Throughput = 1.07479 Mbps
53656[UE 1 | RB 1] Throughput = 1.09536 Mbps
53756[UE 1 | RB 1] Throughput = 1.07798 Mbps
53856[UE 1 | RB 1] Throughput = 1.07633 Mbps
53966[UE 1 | RB 1] Throughput = 0.98366 Mbps
54066[UE 1 | RB 1] Throughput = 1.07710 Mbps
54166[UE 1 | RB 1] Throughput = 1.07757 Mbps
54266[UE 1 | RB 1] Throughput = 1.07729 Mbps
54366[UE 1 | RB 1] Throughput = 1.07778 Mbps
54466[UE 1 | RB 1] Throughput = 1.07731 Mbps
54577[UE 1 | RB 1] Throughput = 1.08299 Mbps
54686[UE 1 | RB 1] Throughput = 1.09678 Mbps
54786[UE 1 | RB 1] Throughput = 1.07762 Mbps
54896[UE 1 | RB 1] Throughput = 0.98120 Mbps
54996[UE 1 | RB 1] Throughput = 1.07606 Mbps
55106[UE 1 | RB 1] Throughput = 1.08913 Mbps
55216[UE 1 | RB 1] Throughput = 1.09010 Mbps
55316[UE 1 | RB 1] Throughput = 1.07838 Mbps
55426[UE 1 | RB 1] Throughput = 1.09464 Mbps
55526[UE 1 | RB 1] Throughput = 0.95638 Mbps
55626[UE 1 | RB 1] Throughput = 1.07619 Mbps
55736[UE 1 | RB 1] Throughput = 1.08957 Mbps
55846[UE 1 | RB 1] Throughput = 1.09114 Mbps
55956[UE 1 | RB 1] Throughput = 1.08973 Mbps
56056[UE 1 | RB 1] Throughput = 1.07510 Mbps
56157[UE 1 | RB 1] Throughput = 1.07717 Mbps
56266[UE 1 | RB 1] Throughput = 1.09212 Mbps
56366[UE 1 | RB 1] Throughput = 0.95821 Mbps
56467[UE 1 | RB 1] Throughput = 1.07464 Mbps
56576[UE 1 | RB 1] Throughput = 1.09447 Mbps
56686[UE 1 | RB 1] Throughput = 1.08975 Mbps
56796[UE 1 | RB 1] Throughput = 1.09235 Mbps
56896[UE 1 | RB 1] Throughput = 1.07229 Mbps
57006[UE 1 | RB 1] Throughput = 0.98204 Mbps
57107[UE 1 | RB 1] Throughput = 1.07268 Mbps
57216[UE 1 | RB 1] Throughput = 1.09590 Mbps
57327[UE 1 | RB 1] Throughput = 1.08556 Mbps
57436[UE 1 | RB 1] Throughput = 1.09454 Mbps
57536[UE 1 | RB 1] Throughput = 1.07786 Mbps
57646[UE 1 | RB 1] Throughput = 1.08943 Mbps
57746[UE 1 | RB 1] Throughput = 0.95641 Mbps
57846[UE 1 | RB 1] Throughput = 1.07777 Mbps
57956[UE 1 | RB 1] Throughput = 1.08969 Mbps
58066[UE 1 | RB 1] Throughput = 1.09044 Mbps
58177[UE 1 | RB 1] Throughput = 1.08780 Mbps
58277[UE 1 | RB 1] Throughput = 1.07851 Mbps
58386[UE 1 | RB 1] Throughput = 1.09315 Mbps
58487[UE 1 | RB 1] Throughput = 0.95482 Mbps
58596[UE 1 | RB 1] Throughput = 1.09161 Mbps
58706[UE 1 | RB 1] Throughput = 1.08937 Mbps
58816[UE 1 | RB 1] Throughput = 1.09043 Mbps
58917[UE 1 | RB 1] Throughput = 1.07586 Mbps
59027[UE 1 | RB 1] Throughput = 1.08686 Mbps
59136[UE 1 | RB 1] Throughput = 0.98341 Mbps
59237[UE 1 | RB 1] Throughput = 1.07791 Mbps
59337[UE 1 | RB 1] Throughput = 1.07699 Mbps
59437[UE 1 | RB 1] Throughput = 1.07646 Mbps
59546[UE 1 | RB 1] Throughput = 1.09444 Mbps
59656[UE 1 | RB 1] Throughput = 1.08822 Mbps
59766[UE 1 | RB 1] Throughput = 1.09053 Mbps
59876[UE 1 | RB 1] Throughput = 0.97979 Mbps
59986[UE 1 | RB 1] Throughput = 1.08981 Mbps
60087[UE 1 | RB 1] Throughput = 1.07624 Mbps
60196[UE 1 | RB 1] Throughput = 1.09074 Mbps
60306[UE 1 | RB 1] Throughput = 1.08974 Mbps
60407[UE 1 | RB 1] Throughput = 1.07734 Mbps
60517[UE 1 | RB 1] Throughput = 0.97964 Mbps
60627[UE 1 | RB 1] Throughput = 1.08977 Mbps
60727[UE 1 | RB 1] Throughput = 1.07716 Mbps
60827[UE 1 | RB 1] Throughput = 1.07621 Mbps
60927[UE 1 | RB 1] Throughput = 1.07757 Mbps
61037[UE 1 | RB 1] Throughput = 1.09218 Mbps
61147[UE 1 | RB 1] Throughput = 1.08865 Mbps
61257[UE 1 | RB 1] Throughput = 0.98080 Mbps
61367[UE 1 | RB 1] Throughput = 1.08986 Mbps
61476[UE 1 | RB 1] Throughput = 1.09287 Mbps
61577[UE 1 | RB 1] Throughput = 1.07756 Mbps
61677[UE 1 | RB 1] Throughput = 1.07729 Mbps
61786[UE 1 | RB 1] Throughput = 1.09178 Mbps
61887[UE 1 | RB 1] Throughput = 1.07035 Mbps
61997[UE 1 | RB 1] Throughput = 0.98536 Mbps
62107[UE 1 | RB 1] Throughput = 1.08896 Mbps
62217[UE 1 | RB 1] Throughput = 1.09062 Mbps
62317[UE 1 | RB 1] Throughput = 1.07595 Mbps
62417[UE 1 | RB 1] Throughput = 1.07645 Mbps
62527[UE 1 | RB 1] Throughput = 1.09312 Mbps
62636[UE 1 | RB 1] Throughput = 1.09281 Mbps
62737[UE 1 | RB 1] Throughput = 0.95682 Mbps
62837[UE 1 | RB 1] Throughput = 1.07732 Mbps
62947[UE 1 | RB 1] Throughput = 1.08890 Mbps
63057[UE 1 | RB 1] Throughput = 1.08941 Mbps
63167[UE 1 | RB 1] Throughput = 1.09138 Mbps
63267[UE 1 | RB 1] Throughput = 1.07747 Mbps
63367[UE 1 | RB 1] Throughput = 1.07536 Mbps
63477[UE 1 | RB 1] Throughput = 0.98213 Mbps
63586[UE 1 | RB 1] Throughput = 1.09208 Mbps
64655[UE 1 | RB 1] Throughput = 0.05605 Mbps
64757[UE 1 | RB 1] Throughput = 11.81679 Mbps
64866[UE 1 | RB 1] Throughput = 0.98490 Mbps
64967[UE 1 | RB 1] Throughput = 1.07335 Mbps
65077[UE 1 | RB 1] Throughput = 1.09169 Mbps
65177[UE 1 | RB 1] Throughput = 1.07575 Mbps
65287[UE 1 | RB 1] Throughput = 1.09116 Mbps
65387[UE 1 | RB 1] Throughput = 1.07713 Mbps
65497[UE 1 | RB 1] Throughput = 1.08643 Mbps
65607[UE 1 | RB 1] Throughput = 0.98545 Mbps
65717[UE 1 | RB 1] Throughput = 1.08786 Mbps
66482[UE 1 | RB 1] Throughput = 0.07830 Mbps
66587[UE 1 | RB 1] Throughput = 8.32967 Mbps
66697[UE 1 | RB 1] Throughput = 1.09143 Mbps
66807[UE 1 | RB 1] Throughput = 0.97972 Mbps
66907[UE 1 | RB 1] Throughput = 1.07687 Mbps
67017[UE 1 | RB 1] Throughput = 1.09384 Mbps
67117[UE 1 | RB 1] Throughput = 1.07846 Mbps
67217[UE 1 | RB 1] Throughput = 1.07316 Mbps
67317[UE 1 | RB 1] Throughput = 1.07855 Mbps
67427[UE 1 | RB 1] Throughput = 1.09029 Mbps
67527[UE 1 | RB 1] Throughput = 1.07851 Mbps
67637[UE 1 | RB 1] Throughput = 0.98343 Mbps
67747[UE 1 | RB 1] Throughput = 1.08637 Mbps
67857[UE 1 | RB 1] Throughput = 1.09217 Mbps
67957[UE 1 | RB 1] Throughput = 1.07561 Mbps
68088[UE 1 | RB 1] Throughput = 0.18273 Mbps
68197[UE 1 | RB 1] Throughput = 2.10135 Mbps
68297[UE 1 | RB 1] Throughput = 1.07758 Mbps
68407[UE 1 | RB 1] Throughput = 1.09127 Mbps
68507[UE 1 | RB 1] Throughput = 1.07679 Mbps
68607[UE 1 | RB 1] Throughput = 1.07262 Mbps
68717[UE 1 | RB 1] Throughput = 1.09089 Mbps
68817[UE 1 | RB 1] Throughput = 1.07798 Mbps
68927[UE 1 | RB 1] Throughput = 0.98289 Mbps
69027[UE 1 | RB 1] Throughput = 1.07762 Mbps
69127[UE 1 | RB 1] Throughput = 1.07818 Mbps
69237[UE 1 | RB 1] Throughput = 1.09131 Mbps
69337[UE 1 | RB 1] Throughput = 1.07390 Mbps
69447[UE 1 | RB 1] Throughput = 1.08934 Mbps
69548[UE 1 | RB 1] Throughput = 1.07480 Mbps
69657[UE 1 | RB 1] Throughput = 0.98349 Mbps
69767[UE 1 | RB 1] Throughput = 1.08962 Mbps
69877[UE 1 | RB 1] Throughput = 1.09091 Mbps
69977[UE 1 | RB 1] Throughput = 1.07560 Mbps
70077[UE 1 | RB 1] Throughput = 1.07791 Mbps
70187[UE 1 | RB 1] Throughput = 1.09091 Mbps
70297[UE 1 | RB 1] Throughput = 1.09252 Mbps
70397[UE 1 | RB 1] Throughput = 0.95617 Mbps
70507[UE 1 | RB 1] Throughput = 1.08970 Mbps
70617[UE 1 | RB 1] Throughput = 1.09139 Mbps
70717[UE 1 | RB 1] Throughput = 1.07679 Mbps
70827[UE 1 | RB 1] Throughput = 1.09141 Mbps
70927[UE 1 | RB 1] Throughput = 1.07813 Mbps
71027[UE 1 | RB 1] Throughput = 1.07828 Mbps
71137[UE 1 | RB 1] Throughput = 0.98168 Mbps
71237[UE 1 | RB 1] Throughput = 1.07640 Mbps
71347[UE 1 | RB 1] Throughput = 1.08985 Mbps
71447[UE 1 | RB 1] Throughput = 1.07756 Mbps
71557[UE 1 | RB 1] Throughput = 1.09065 Mbps
71658[UE 1 | RB 1] Throughput = 1.07016 Mbps
71767[UE 1 | RB 1] Throughput = 1.09597 Mbps
71868[UE 1 | RB 1] Throughput = 1.07543 Mbps
71977[UE 1 | RB 1] Throughput = 0.98423 Mbps
72077[UE 1 | RB 1] Throughput = 1.07800 Mbps
72187[UE 1 | RB 1] Throughput = 1.08990 Mbps
72297[UE 1 | RB 1] Throughput = 1.08962 Mbps
72397[UE 1 | RB 1] Throughput = 1.07815 Mbps
72497[UE 1 | RB 1] Throughput = 1.07796 Mbps
72608[UE 1 | RB 1] Throughput = 1.08625 Mbps
72717[UE 1 | RB 1] Throughput = 0.98590 Mbps
72817[UE 1 | RB 1] Throughput = 1.07604 Mbps
72917[UE 1 | RB 1] Throughput = 1.07770 Mbps
73028[UE 1 | RB 1] Throughput = 1.08570 Mbps
73137[UE 1 | RB 1] Throughput = 1.09302 Mbps
73237[UE 1 | RB 1] Throughput = 1.07806 Mbps
73347[UE 1 | RB 1] Throughput = 1.09088 Mbps
73457[UE 1 | RB 1] Throughput = 0.98244 Mbps
73557[UE 1 | RB 1] Throughput = 1.07724 Mbps
73667[UE 1 | RB 1] Throughput = 1.08970 Mbps
73767[UE 1 | RB 1] Throughput = 1.07687 Mbps
73867[UE 1 | RB 1] Throughput = 1.07805 Mbps
73967[UE 1 | RB 1] Throughput = 1.07704 Mbps
74077[UE 1 | RB 1] Throughput = 1.09166 Mbps
74177[UE 1 | RB 1] Throughput = 1.07816 Mbps
74277[UE 1 | RB 1] Throughput = 0.95780 Mbps
74377[UE 1 | RB 1] Throughput = 1.07844 Mbps
74487[UE 1 | RB 1] Throughput = 1.08907 Mbps
74597[UE 1 | RB 1] Throughput = 1.09117 Mbps
74707[UE 1 | RB 1] Throughput = 1.08631 Mbps
74817[UE 1 | RB 1] Throughput = 1.08944 Mbps
74927[UE 1 | RB 1] Throughput = 0.98201 Mbps
75037[UE 1 | RB 1] Throughput = 1.09157 Mbps
75147[UE 1 | RB 1] Throughput = 1.08887 Mbps
75247[UE 1 | RB 1] Throughput = 1.07680 Mbps
75347[UE 1 | RB 1] Throughput = 1.07806 Mbps
75447[UE 1 | RB 1] Throughput = 1.07748 Mbps
75548[UE 1 | RB 1] Throughput = 1.07656 Mbps
75657[UE 1 | RB 1] Throughput = 1.09203 Mbps
75767[UE 1 | RB 1] Throughput = 0.97999 Mbps
75877[UE 1 | RB 1] Throughput = 1.08967 Mbps
75988[UE 1 | RB 1] Throughput = 1.08850 Mbps
76097[UE 1 | RB 1] Throughput = 1.09362 Mbps
76207[UE 1 | RB 1] Throughput = 1.08799 Mbps
76307[UE 1 | RB 1] Throughput = 0.95851 Mbps
76408[UE 1 | RB 1] Throughput = 1.07484 Mbps
76518[UE 1 | RB 1] Throughput = 1.09041 Mbps
76628[UE 1 | RB 1] Throughput = 1.08839 Mbps
76737[UE 1 | RB 1] Throughput = 1.09258 Mbps
76837[UE 1 | RB 1] Throughput = 1.07765 Mbps
76938[UE 1 | RB 1] Throughput = 1.07672 Mbps
77047[UE 1 | RB 1] Throughput = 0.98305 Mbps
77147[UE 1 | RB 1] Throughput = 1.07725 Mbps
77257[UE 1 | RB 1] Throughput = 1.08894 Mbps
77367[UE 1 | RB 1] Throughput = 1.09074 Mbps
77467[UE 1 | RB 1] Throughput = 1.07803 Mbps
77568[UE 1 | RB 1] Throughput = 1.07609 Mbps
78673[UE 1 | RB 1] Throughput = 0.05423 Mbps
78778[UE 1 | RB 1] Throughput = 11.73060 Mbps
78887[UE 1 | RB 1] Throughput = 1.09355 Mbps
78988[UE 1 | RB 1] Throughput = 0.95706 Mbps
79097[UE 1 | RB 1] Throughput = 1.09083 Mbps
79198[UE 1 | RB 1] Throughput = 1.07531 Mbps
79298[UE 1 | RB 1] Throughput = 1.07826 Mbps
79408[UE 1 | RB 1] Throughput = 1.08983 Mbps
79518[UE 1 | RB 1] Throughput = 1.09090 Mbps
79628[UE 1 | RB 1] Throughput = 0.98063 Mbps
79738[UE 1 | RB 1] Throughput = 1.08899 Mbps
79838[UE 1 | RB 1] Throughput = 1.07796 Mbps
79938[UE 1 | RB 1] Throughput = 1.07733 Mbps
80048[UE 1 | RB 1] Throughput = 1.09149 Mbps
80148[UE 1 | RB 1] Throughput = 1.07656 Mbps
80258[UE 1 | RB 1] Throughput = 1.09175 Mbps
80358[UE 1 | RB 1] Throughput = 1.07518 Mbps
80468[UE 1 | RB 1] Throughput = 0.98234 Mbps
80568[UE 1 | RB 1] Throughput = 1.07596 Mbps
80678[UE 1 | RB 1] Throughput = 1.08932 Mbps
80788[UE 1 | RB 1] Throughput = 1.08998 Mbps
80898[UE 1 | RB 1] Throughput = 1.08964 Mbps
81008[UE 1 | RB 1] Throughput = 1.09081 Mbps
81117[UE 1 | RB 1] Throughput = 0.98337 Mbps
81218[UE 1 | RB 1] Throughput = 1.07262 Mbps
81328[UE 1 | RB 1] Throughput = 1.09001 Mbps
81428[UE 1 | RB 1] Throughput = 1.07518 Mbps
81538[UE 1 | RB 1] Throughput = 1.09502 Mbps
81638[UE 1 | RB 1] Throughput = 1.07779 Mbps
81738[UE 1 | RB 1] Throughput = 1.07832 Mbps
81848[UE 1 | RB 1] Throughput = 0.98092 Mbps
81958[UE 1 | RB 1] Throughput = 1.08894 Mbps
82058[UE 1 | RB 1] Throughput = 1.07840 Mbps
82158[UE 1 | RB 1] Throughput = 1.07676 Mbps
82268[UE 1 | RB 1] Throughput = 1.09089 Mbps
82377[UE 1 | RB 1] Throughput = 1.09305 Mbps
82478[UE 1 | RB 1] Throughput = 1.07530 Mbps
82578[UE 1 | RB 1] Throughput = 1.07555 Mbps
82688[UE 1 | RB 1] Throughput = 0.97903 Mbps
82798[UE 1 | RB 1] Throughput = 1.09457 Mbps
82898[UE 1 | RB 1] Throughput = 1.07604 Mbps
82998[UE 1 | RB 1] Throughput = 1.07651 Mbps
83108[UE 1 | RB 1] Throughput = 1.09295 Mbps
83218[UE 1 | RB 1] Throughput = 1.08971 Mbps
83318[UE 1 | RB 1] Throughput = 1.07734 Mbps
83428[UE 1 | RB 1] Throughput = 0.98147 Mbps
83528[UE 1 | RB 1] Throughput = 1.07847 Mbps
84689[UE 1 | RB 1] Throughput = 0.08258 Mbps
84798[UE 1 | RB 1] Throughput = 11.52160 Mbps
84898[UE 1 | RB 1] Throughput = 1.07654 Mbps
85008[UE 1 | RB 1] Throughput = 1.09177 Mbps
85118[UE 1 | RB 1] Throughput = 1.09055 Mbps
85227[UE 1 | RB 1] Throughput = 1.09222 Mbps
85328[UE 1 | RB 1] Throughput = 1.07456 Mbps
85438[UE 1 | RB 1] Throughput = 1.09039 Mbps
85548[UE 1 | RB 1] Throughput = 0.98156 Mbps
85648[UE 1 | RB 1] Throughput = 1.07756 Mbps
85748[UE 1 | RB 1] Throughput = 1.07741 Mbps
85857[UE 1 | RB 1] Throughput = 1.09260 Mbps
85967[UE 1 | RB 1] Throughput = 1.09081 Mbps
87057[UE 1 | RB 1] Throughput = 0.05498 Mbps
87158[UE 1 | RB 1] Throughput = 12.00266 Mbps
87258[UE 1 | RB 1] Throughput = 1.07767 Mbps
87358[UE 1 | RB 1] Throughput = 1.07850 Mbps
87468[UE 1 | RB 1] Throughput = 1.09348 Mbps
87568[UE 1 | RB 1] Throughput = 1.07494 Mbps
87678[UE 1 | RB 1] Throughput = 0.98004 Mbps
87788[UE 1 | RB 1] Throughput = 1.09194 Mbps
87888[UE 1 | RB 1] Throughput = 1.07572 Mbps
87998[UE 1 | RB 1] Throughput = 1.09034 Mbps
88098[UE 1 | RB 1] Throughput = 1.07703 Mbps
88208[UE 1 | RB 1] Throughput = 1.09047 Mbps
88318[UE 1 | RB 1] Throughput = 0.98147 Mbps
88428[UE 1 | RB 1] Throughput = 1.08816 Mbps
88538[UE 1 | RB 1] Throughput = 1.08936 Mbps
88648[UE 1 | RB 1] Throughput = 1.08886 Mbps
88758[UE 1 | RB 1] Throughput = 1.09127 Mbps
88868[UE 1 | RB 1] Throughput = 0.97901 Mbps
88978[UE 1 | RB 1] Throughput = 1.08904 Mbps
89088[UE 1 | RB 1] Throughput = 1.08965 Mbps
89198[UE 1 | RB 1] Throughput = 1.09300 Mbps
89298[UE 1 | RB 1] Throughput = 1.07675 Mbps
89398[UE 1 | RB 1] Throughput = 1.07844 Mbps
89508[UE 1 | RB 1] Throughput = 0.98002 Mbps
89608[UE 1 | RB 1] Throughput = 1.07671 Mbps
89708[UE 1 | RB 1] Throughput = 1.07824 Mbps
89818[UE 1 | RB 1] Throughput = 1.09197 Mbps
89928[UE 1 | RB 1] Throughput = 1.09015 Mbps
[xApp]: E42 RIC_SUBSCRIPTION_DELETE_REQUEST tx RAN_FUNC_ID 144 RIC_REQ_ID 1 
[xApp]: E42 SUBSCRIPTION DELETE RESPONSE rx
[xApp]: E42 RIC_SUBSCRIPTION_DELETE_REQUEST tx RAN_FUNC_ID 144 RIC_REQ_ID 2 
[xApp]: E42 SUBSCRIPTION DELETE RESPONSE rx
[xApp]: E42 RIC_SUBSCRIPTION_DELETE_REQUEST tx RAN_FUNC_ID 144 RIC_REQ_ID 3 
[xApp]: E42 SUBSCRIPTION DELETE RESPONSE rx
[xApp]: Sucessfully stopped 
Test xApp run SUCCESSFULLY
