[UTIL]: Setting the config -c file to /usr/local/etc/flexric/flexric.conf
[UTIL]: Setting path -p for the shared libraries to /usr/local/lib/flexric/
[xAapp]: Initializing ... 
[xApp]: nearRT-RIC IP Address = 192.168.70.150, PORT = 36422
[E2 AGENT]: Opening plugin from path = /usr/local/lib/flexric/libkpm_sm.so 
[E2 AGENT]: Opening plugin from path = /usr/local/lib/flexric/libmac_sm.so 
[E2 AGENT]: Opening plugin from path = /usr/local/lib/flexric/libpdcp_sm.so 
[E2 AGENT]: Opening plugin from path = /usr/local/lib/flexric/libgtp_sm.so 
[E2 AGENT]: Opening plugin from path = /usr/local/lib/flexric/librc_sm.so 
[E2 AGENT]: Opening plugin from path = /usr/local/lib/flexric/libtc_sm.so 
[E2 AGENT]: Opening plugin from path = /usr/local/lib/flexric/librlc_sm.so 
[E2 AGENT]: Opening plugin from path = /usr/local/lib/flexric/libslice_sm.so 
[NEAR-RIC]: Loading SM ID = 2 with def = ORAN-E2SM-KPM 
[NEAR-RIC]: Loading SM ID = 142 with def = MAC_STATS_V0 
[NEAR-RIC]: Loading SM ID = 144 with def = PDCP_STATS_V0 
[NEAR-RIC]: Loading SM ID = 148 with def = GTP_STATS_V0 
[NEAR-RIC]: Loading SM ID = 3 with def = ORAN-E2SM-RC 
[NEAR-RIC]: Loading SM ID = 146 with def = TC_STATS_V0 
[NEAR-RIC]: Loading SM ID = 143 with def = RLC_STATS_V0 
[NEAR-RIC]: Loading SM ID = 145 with def = SLICE_STATS_V0 
[xApp]: DB filename = /tmp/flexric/xapp_db 
 [xApp]: E42 SETUP-REQUEST tx
[xApp]: E42 SETUP-RESPONSE rx 
[xApp]: xApp ID = 9 
[xApp]: Registered E2 Nodes = 3 
Connected E2 nodes = 3
[xAPP] Registered node 0 ran func id = 2 
 [xAPP] Registered node 0 ran func id = 3 
 [xAPP] Registered node 0 ran func id = 142 
 [xAPP] Registered node 0 ran func id = 143 
 [xAPP] Registered node 0 ran func id = 144 
 [xAPP] Registered node 0 ran func id = 145 
 [xAPP] Registered node 0 ran func id = 146 
 [xAPP] Registered node 0 ran func id = 148 
 [xApp]: E42 RIC SUBSCRIPTION REQUEST tx RAN_FUNC_ID 144 RIC_REQ_ID 1 
[xApp]: SUBSCRIPTION RESPONSE rx
[xApp]: Successfully subscribed to RAN_FUNC_ID 144 
[xAPP] Registered node 1 ran func id = 2 
 [xAPP] Registered node 1 ran func id = 3 
 [xAPP] Registered node 1 ran func id = 142 
 [xAPP] Registered node 1 ran func id = 143 
 [xAPP] Registered node 1 ran func id = 144 
 [xAPP] Registered node 1 ran func id = 145 
 [xAPP] Registered node 1 ran func id = 146 
 [xAPP] Registered node 1 ran func id = 148 
 [xApp]: E42 RIC SUBSCRIPTION REQUEST tx RAN_FUNC_ID 144 RIC_REQ_ID 2 
[xApp]: SUBSCRIPTION RESPONSE rx
[xApp]: Successfully subscribed to RAN_FUNC_ID 144 
[xAPP] Registered node 2 ran func id = 2 
 [xAPP] Registered node 2 ran func id = 3 
 [xAPP] Registered node 2 ran func id = 142 
 [xAPP] Registered node 2 ran func id = 143 
 [xAPP] Registered node 2 ran func id = 144 
 [xAPP] Registered node 2 ran func id = 145 
 [xAPP] Registered node 2 ran func id = 146 
 [xAPP] Registered node 2 ran func id = 148 
 [xApp]: E42 RIC SUBSCRIPTION REQUEST tx RAN_FUNC_ID 144 RIC_REQ_ID 3 
[xApp]: SUBSCRIPTION RESPONSE rx
[xApp]: Successfully subscribed to RAN_FUNC_ID 144 
113[UE 1 | RB 1] Throughput = 1.07843 Mbps
214[UE 1 | RB 1] Throughput = 1.06661 Mbps
324[UE 1 | RB 1] Throughput = 1.09608 Mbps
454[UE 1 | RB 1] Throughput = 0.82753 Mbps
1496[UE 1 | RB 1] Throughput = 0.04603 Mbps
1604[UE 1 | RB 1] Throughput = 10.97761 Mbps
1714[UE 1 | RB 1] Throughput = 1.30863 Mbps
1823[UE 1 | RB 1] Throughput = 1.09243 Mbps
1934[UE 1 | RB 1] Throughput = 0.75691 Mbps
2044[UE 1 | RB 1] Throughput = 1.31413 Mbps
2144[UE 1 | RB 1] Throughput = 1.07788 Mbps
2254[UE 1 | RB 1] Throughput = 1.08989 Mbps
2363[UE 1 | RB 1] Throughput = 1.09169 Mbps
2464[UE 1 | RB 1] Throughput = 1.07574 Mbps
2573[UE 1 | RB 1] Throughput = 1.09118 Mbps
2674[UE 1 | RB 1] Throughput = 0.95504 Mbps
2774[UE 1 | RB 1] Throughput = 1.07842 Mbps
3863[UE 1 | RB 1] Throughput = 0.04402 Mbps
4014[UE 1 | RB 1] Throughput = 8.13363 Mbps
4123[UE 1 | RB 1] Throughput = 1.54081 Mbps
4234[UE 1 | RB 1] Throughput = 0.86526 Mbps
4354[UE 1 | RB 1] Throughput = 0.99647 Mbps
4464[UE 1 | RB 1] Throughput = 1.31571 Mbps
4594[UE 1 | RB 1] Throughput = 0.82753 Mbps
4704[UE 1 | RB 1] Throughput = 1.31278 Mbps
4804[UE 1 | RB 1] Throughput = 0.83646 Mbps
4914[UE 1 | RB 1] Throughput = 1.30848 Mbps
5014[UE 1 | RB 1] Throughput = 1.07724 Mbps
5134[UE 1 | RB 1] Throughput = 0.79844 Mbps
5244[UE 1 | RB 1] Throughput = 1.41610 Mbps
5364[UE 1 | RB 1] Throughput = 0.79743 Mbps
5474[UE 1 | RB 1] Throughput = 1.31533 Mbps
5574[UE 1 | RB 1] Throughput = 1.07791 Mbps
5674[UE 1 | RB 1] Throughput = 1.07741 Mbps
5774[UE 1 | RB 1] Throughput = 0.59514 Mbps
5884[UE 1 | RB 1] Throughput = 1.53132 Mbps
5994[UE 1 | RB 1] Throughput = 1.09232 Mbps
6094[UE 1 | RB 1] Throughput = 0.95798 Mbps
6194[UE 1 | RB 1] Throughput = 1.07795 Mbps
6304[UE 1 | RB 1] Throughput = 1.09048 Mbps
6425[UE 1 | RB 1] Throughput = 0.79115 Mbps
6554[UE 1 | RB 1] Throughput = 1.11088 Mbps
9751[UE 1 | RB 1] Throughput = 0.03749 Mbps
9855[UE 1 | RB 1] Throughput = 32.92626 Mbps
9955[UE 1 | RB 1] Throughput = 1.43722 Mbps
10065[UE 1 | RB 1] Throughput = 0.76114 Mbps
10174[UE 1 | RB 1] Throughput = 1.31728 Mbps
10284[UE 1 | RB 1] Throughput = 1.09008 Mbps
11351[UE 1 | RB 1] Throughput = 0.06736 Mbps
11454[UE 1 | RB 1] Throughput = 11.47724 Mbps
11604[UE 1 | RB 1] Throughput = 0.71626 Mbps
11714[UE 1 | RB 1] Throughput = 1.64178 Mbps
11814[UE 1 | RB 1] Throughput = 0.95815 Mbps
11924[UE 1 | RB 1] Throughput = 1.08785 Mbps
12034[UE 1 | RB 1] Throughput = 1.09080 Mbps
12144[UE 1 | RB 1] Throughput = 1.08782 Mbps
12244[UE 1 | RB 1] Throughput = 1.07541 Mbps
12354[UE 1 | RB 1] Throughput = 1.09265 Mbps
12464[UE 1 | RB 1] Throughput = 0.98007 Mbps
12605[UE 1 | RB 1] Throughput = 0.85339 Mbps
12725[UE 1 | RB 1] Throughput = 1.09429 Mbps
12835[UE 1 | RB 1] Throughput = 1.08531 Mbps
12955[UE 1 | RB 1] Throughput = 1.10702 Mbps
13064[UE 1 | RB 1] Throughput = 1.31282 Mbps
13174[UE 1 | RB 1] Throughput = 1.08920 Mbps
13274[UE 1 | RB 1] Throughput = 1.07602 Mbps
13374[UE 1 | RB 1] Throughput = 1.07840 Mbps
13505[UE 1 | RB 1] Throughput = 0.82771 Mbps
13655[UE 1 | RB 1] Throughput = 0.87737 Mbps
13764[UE 1 | RB 1] Throughput = 1.53934 Mbps
13864[UE 1 | RB 1] Throughput = 1.07646 Mbps
13964[UE 1 | RB 1] Throughput = 1.07664 Mbps
14074[UE 1 | RB 1] Throughput = 1.09253 Mbps
14174[UE 1 | RB 1] Throughput = 1.07758 Mbps
14274[UE 1 | RB 1] Throughput = 1.07617 Mbps
14384[UE 1 | RB 1] Throughput = 1.09149 Mbps
14495[UE 1 | RB 1] Throughput = 0.86441 Mbps
14604[UE 1 | RB 1] Throughput = 1.20887 Mbps
14714[UE 1 | RB 1] Throughput = 1.08968 Mbps
14824[UE 1 | RB 1] Throughput = 1.08820 Mbps
14924[UE 1 | RB 1] Throughput = 1.07674 Mbps
15034[UE 1 | RB 1] Throughput = 1.09372 Mbps
15134[UE 1 | RB 1] Throughput = 1.07688 Mbps
15234[UE 1 | RB 1] Throughput = 0.95617 Mbps
15344[UE 1 | RB 1] Throughput = 1.09251 Mbps
15444[UE 1 | RB 1] Throughput = 1.07597 Mbps
15565[UE 1 | RB 1] Throughput = 0.79425 Mbps
15674[UE 1 | RB 1] Throughput = 1.42168 Mbps
15814[UE 1 | RB 1] Throughput = 0.85606 Mbps
15924[UE 1 | RB 1] Throughput = 1.31413 Mbps
16044[UE 1 | RB 1] Throughput = 0.79591 Mbps
16154[UE 1 | RB 1] Throughput = 1.31127 Mbps
16254[UE 1 | RB 1] Throughput = 1.07541 Mbps
16364[UE 1 | RB 1] Throughput = 1.08997 Mbps
16474[UE 1 | RB 1] Throughput = 1.09114 Mbps
16575[UE 1 | RB 1] Throughput = 1.07196 Mbps
16684[UE 1 | RB 1] Throughput = 1.09362 Mbps
16785[UE 1 | RB 1] Throughput = 1.07503 Mbps
16894[UE 1 | RB 1] Throughput = 0.98268 Mbps
16995[UE 1 | RB 1] Throughput = 1.07674 Mbps
17095[UE 1 | RB 1] Throughput = 1.07690 Mbps
17204[UE 1 | RB 1] Throughput = 1.09587 Mbps
17305[UE 1 | RB 1] Throughput = 1.07362 Mbps
17415[UE 1 | RB 1] Throughput = 1.08894 Mbps
17524[UE 1 | RB 1] Throughput = 1.09251 Mbps
17624[UE 1 | RB 1] Throughput = 1.07704 Mbps
17735[UE 1 | RB 1] Throughput = 0.97871 Mbps
17845[UE 1 | RB 1] Throughput = 1.08819 Mbps
17954[UE 1 | RB 1] Throughput = 1.09578 Mbps
18055[UE 1 | RB 1] Throughput = 0.71367 Mbps
18175[UE 1 | RB 1] Throughput = 1.09773 Mbps
18285[UE 1 | RB 1] Throughput = 1.31219 Mbps
19417[UE 1 | RB 1] Throughput = 0.09522 Mbps
19525[UE 1 | RB 1] Throughput = 11.37711 Mbps
19625[UE 1 | RB 1] Throughput = 1.07642 Mbps
19745[UE 1 | RB 1] Throughput = 0.79527 Mbps
19855[UE 1 | RB 1] Throughput = 1.31625 Mbps
19955[UE 1 | RB 1] Throughput = 1.07772 Mbps
20064[UE 1 | RB 1] Throughput = 1.09534 Mbps
20165[UE 1 | RB 1] Throughput = 1.07300 Mbps
20275[UE 1 | RB 1] Throughput = 1.08977 Mbps
20385[UE 1 | RB 1] Throughput = 1.08949 Mbps
20485[UE 1 | RB 1] Throughput = 1.07625 Mbps
20616[UE 1 | RB 1] Throughput = 0.82459 Mbps
20724[UE 1 | RB 1] Throughput = 1.32308 Mbps
20825[UE 1 | RB 1] Throughput = 1.07448 Mbps
20935[UE 1 | RB 1] Throughput = 1.09101 Mbps
21065[UE 1 | RB 1] Throughput = 0.82574 Mbps
21175[UE 1 | RB 1] Throughput = 1.31364 Mbps
21275[UE 1 | RB 1] Throughput = 1.07714 Mbps
22360[UE 1 | RB 1] Throughput = 0.04419 Mbps
22476[UE 1 | RB 1] Throughput = 10.32854 Mbps
22605[UE 1 | RB 1] Throughput = 1.10862 Mbps
22715[UE 1 | RB 1] Throughput = 1.31551 Mbps
22815[UE 1 | RB 1] Throughput = 1.07756 Mbps
22915[UE 1 | RB 1] Throughput = 1.07818 Mbps
23015[UE 1 | RB 1] Throughput = 1.07716 Mbps
23115[UE 1 | RB 1] Throughput = 1.07651 Mbps
23224[UE 1 | RB 1] Throughput = 1.09614 Mbps
23325[UE 1 | RB 1] Throughput = 1.07279 Mbps
23475[UE 1 | RB 1] Throughput = 0.79859 Mbps
23615[UE 1 | RB 1] Throughput = 1.19413 Mbps
23736[UE 1 | RB 1] Throughput = 0.99648 Mbps
23865[UE 1 | RB 1] Throughput = 1.01894 Mbps
23975[UE 1 | RB 1] Throughput = 1.42050 Mbps
24086[UE 1 | RB 1] Throughput = 0.86351 Mbps
24195[UE 1 | RB 1] Throughput = 1.20770 Mbps
24305[UE 1 | RB 1] Throughput = 1.08449 Mbps
24415[UE 1 | RB 1] Throughput = 1.09508 Mbps
25496[UE 1 | RB 1] Throughput = 0.02218 Mbps
25605[UE 1 | RB 1] Throughput = 11.40780 Mbps
25715[UE 1 | RB 1] Throughput = 1.09108 Mbps
25825[UE 1 | RB 1] Throughput = 1.09099 Mbps
25925[UE 1 | RB 1] Throughput = 1.07534 Mbps
26035[UE 1 | RB 1] Throughput = 0.98305 Mbps
26144[UE 1 | RB 1] Throughput = 1.09128 Mbps
26245[UE 1 | RB 1] Throughput = 0.83426 Mbps
26355[UE 1 | RB 1] Throughput = 1.31077 Mbps
26455[UE 1 | RB 1] Throughput = 1.07444 Mbps
26565[UE 1 | RB 1] Throughput = 1.09054 Mbps
26685[UE 1 | RB 1] Throughput = 0.79698 Mbps
26796[UE 1 | RB 1] Throughput = 1.08596 Mbps
26905[UE 1 | RB 1] Throughput = 1.31525 Mbps
27036[UE 1 | RB 1] Throughput = 0.91796 Mbps
28184[UE 1 | RB 1] Throughput = 0.10430 Mbps
28285[UE 1 | RB 1] Throughput = 12.29373 Mbps
28395[UE 1 | RB 1] Throughput = 1.08859 Mbps
28505[UE 1 | RB 1] Throughput = 1.09374 Mbps
28605[UE 1 | RB 1] Throughput = 1.07611 Mbps
28705[UE 1 | RB 1] Throughput = 1.07534 Mbps
28815[UE 1 | RB 1] Throughput = 0.98202 Mbps
28925[UE 1 | RB 1] Throughput = 1.09108 Mbps
29035[UE 1 | RB 1] Throughput = 1.09002 Mbps
29135[UE 1 | RB 1] Throughput = 1.07854 Mbps
29236[UE 1 | RB 1] Throughput = 1.06800 Mbps
29345[UE 1 | RB 1] Throughput = 1.09737 Mbps
29475[UE 1 | RB 1] Throughput = 0.82731 Mbps
29584[UE 1 | RB 1] Throughput = 1.31662 Mbps
29685[UE 1 | RB 1] Throughput = 1.07185 Mbps
29816[UE 1 | RB 1] Throughput = 0.91753 Mbps
29925[UE 1 | RB 1] Throughput = 1.20483 Mbps
30025[UE 1 | RB 1] Throughput = 1.07593 Mbps
30126[UE 1 | RB 1] Throughput = 0.83634 Mbps
30235[UE 1 | RB 1] Throughput = 1.31677 Mbps
30335[UE 1 | RB 1] Throughput = 1.07369 Mbps
30445[UE 1 | RB 1] Throughput = 1.09013 Mbps
31512[UE 1 | RB 1] Throughput = 0.02246 Mbps
31616[UE 1 | RB 1] Throughput = 11.48193 Mbps
31725[UE 1 | RB 1] Throughput = 1.42556 Mbps
31825[UE 1 | RB 1] Throughput = 1.07826 Mbps
31925[UE 1 | RB 1] Throughput = 1.07409 Mbps
32035[UE 1 | RB 1] Throughput = 0.98548 Mbps
32135[UE 1 | RB 1] Throughput = 1.07338 Mbps
32236[UE 1 | RB 1] Throughput = 0.83421 Mbps
32345[UE 1 | RB 1] Throughput = 1.31429 Mbps
32446[UE 1 | RB 1] Throughput = 0.71500 Mbps
32555[UE 1 | RB 1] Throughput = 1.42403 Mbps
33688[UE 1 | RB 1] Throughput = 0.09518 Mbps
33795[UE 1 | RB 1] Throughput = 11.36724 Mbps
33895[UE 1 | RB 1] Throughput = 1.07763 Mbps
33995[UE 1 | RB 1] Throughput = 1.07621 Mbps
34126[UE 1 | RB 1] Throughput = 0.82658 Mbps
34256[UE 1 | RB 1] Throughput = 1.10589 Mbps
34366[UE 1 | RB 1] Throughput = 1.30809 Mbps
34486[UE 1 | RB 1] Throughput = 0.79908 Mbps
34586[UE 1 | RB 1] Throughput = 1.43687 Mbps
34696[UE 1 | RB 1] Throughput = 1.09158 Mbps
34826[UE 1 | RB 1] Throughput = 0.82809 Mbps
34966[UE 1 | RB 1] Throughput = 0.94154 Mbps
35076[UE 1 | RB 1] Throughput = 1.52863 Mbps
36185[UE 1 | RB 1] Throughput = 0.07565 Mbps
37273[UE 1 | RB 1] Throughput = 1.05665 Mbps
40345[UE 1 | RB 1] Throughput = 0.37068 Mbps
40446[UE 1 | RB 1] Throughput = 33.20752 Mbps
40556[UE 1 | RB 1] Throughput = 1.09005 Mbps
40656[UE 1 | RB 1] Throughput = 1.07523 Mbps
40766[UE 1 | RB 1] Throughput = 1.09310 Mbps
41817[UE 1 | RB 1] Throughput = 0.02280 Mbps
41946[UE 1 | RB 1] Throughput = 9.32470 Mbps
42067[UE 1 | RB 1] Throughput = 0.99501 Mbps
42176[UE 1 | RB 1] Throughput = 1.43048 Mbps
42286[UE 1 | RB 1] Throughput = 0.86856 Mbps
42396[UE 1 | RB 1] Throughput = 1.20337 Mbps
42516[UE 1 | RB 1] Throughput = 0.79731 Mbps
42626[UE 1 | RB 1] Throughput = 1.42176 Mbps
42737[UE 1 | RB 1] Throughput = 0.75575 Mbps
42887[UE 1 | RB 1] Throughput = 0.95855 Mbps
43016[UE 1 | RB 1] Throughput = 1.20005 Mbps
43137[UE 1 | RB 1] Throughput = 1.09616 Mbps
43257[UE 1 | RB 1] Throughput = 0.99804 Mbps
43365[UE 1 | RB 1] Throughput = 1.43269 Mbps
43506[UE 1 | RB 1] Throughput = 0.76876 Mbps
43616[UE 1 | RB 1] Throughput = 1.41605 Mbps
44698[UE 1 | RB 1] Throughput = 0.05539 Mbps
44806[UE 1 | RB 1] Throughput = 11.16436 Mbps
44916[UE 1 | RB 1] Throughput = 1.09088 Mbps
45016[UE 1 | RB 1] Throughput = 1.07587 Mbps
45126[UE 1 | RB 1] Throughput = 1.09204 Mbps
45226[UE 1 | RB 1] Throughput = 1.07765 Mbps
45326[UE 1 | RB 1] Throughput = 1.07781 Mbps
45446[UE 1 | RB 1] Throughput = 0.59655 Mbps
46490[UE 1 | RB 1] Throughput = 0.03446 Mbps
46596[UE 1 | RB 1] Throughput = 11.73398 Mbps
46706[UE 1 | RB 1] Throughput = 1.09147 Mbps
46806[UE 1 | RB 1] Throughput = 1.07327 Mbps
46907[UE 1 | RB 1] Throughput = 0.71531 Mbps
47017[UE 1 | RB 1] Throughput = 1.30894 Mbps
47126[UE 1 | RB 1] Throughput = 1.09694 Mbps
47277[UE 1 | RB 1] Throughput = 0.79290 Mbps
47386[UE 1 | RB 1] Throughput = 1.43215 Mbps
47486[UE 1 | RB 1] Throughput = 1.07660 Mbps
47587[UE 1 | RB 1] Throughput = 0.71309 Mbps
48729[UE 1 | RB 1] Throughput = 0.10494 Mbps
48836[UE 1 | RB 1] Throughput = 11.70628 Mbps
48946[UE 1 | RB 1] Throughput = 0.98394 Mbps
49046[UE 1 | RB 1] Throughput = 1.07485 Mbps
49156[UE 1 | RB 1] Throughput = 1.09362 Mbps
49297[UE 1 | RB 1] Throughput = 0.84900 Mbps
50330[UE 1 | RB 1] Throughput = 0.04642 Mbps
50436[UE 1 | RB 1] Throughput = 11.24878 Mbps
50567[UE 1 | RB 1] Throughput = 0.82558 Mbps
50676[UE 1 | RB 1] Throughput = 1.43032 Mbps
51738[UE 1 | RB 1] Throughput = 0.02256 Mbps
51847[UE 1 | RB 1] Throughput = 11.27958 Mbps
51957[UE 1 | RB 1] Throughput = 1.08957 Mbps
52067[UE 1 | RB 1] Throughput = 1.09008 Mbps
52177[UE 1 | RB 1] Throughput = 0.97849 Mbps
52297[UE 1 | RB 1] Throughput = 0.79604 Mbps
53401[UE 1 | RB 1] Throughput = 0.08682 Mbps
53507[UE 1 | RB 1] Throughput = 11.73283 Mbps
53616[UE 1 | RB 1] Throughput = 1.09427 Mbps
53717[UE 1 | RB 1] Throughput = 0.71460 Mbps
53826[UE 1 | RB 1] Throughput = 1.42509 Mbps
53927[UE 1 | RB 1] Throughput = 0.95350 Mbps
55001[UE 1 | RB 1] Throughput = 0.06690 Mbps
55107[UE 1 | RB 1] Throughput = 11.37034 Mbps
56154[UE 1 | RB 1] Throughput = 0.03434 Mbps
56256[UE 1 | RB 1] Throughput = 11.56531 Mbps
56357[UE 1 | RB 1] Throughput = 1.07613 Mbps
56507[UE 1 | RB 1] Throughput = 0.71706 Mbps
56617[UE 1 | RB 1] Throughput = 1.52914 Mbps
56728[UE 1 | RB 1] Throughput = 0.75767 Mbps
56837[UE 1 | RB 1] Throughput = 1.42684 Mbps
56946[UE 1 | RB 1] Throughput = 1.09182 Mbps
57047[UE 1 | RB 1] Throughput = 1.07593 Mbps
57167[UE 1 | RB 1] Throughput = 0.89334 Mbps
57267[UE 1 | RB 1] Throughput = 0.95861 Mbps
57377[UE 1 | RB 1] Throughput = 1.31671 Mbps
57497[UE 1 | RB 1] Throughput = 0.89425 Mbps
57627[UE 1 | RB 1] Throughput = 1.01374 Mbps
57737[UE 1 | RB 1] Throughput = 1.31531 Mbps
57857[UE 1 | RB 1] Throughput = 0.79421 Mbps
57977[UE 1 | RB 1] Throughput = 1.10136 Mbps
58087[UE 1 | RB 1] Throughput = 1.30956 Mbps
58197[UE 1 | RB 1] Throughput = 1.09053 Mbps
58297[UE 1 | RB 1] Throughput = 1.07516 Mbps
58407[UE 1 | RB 1] Throughput = 1.09402 Mbps
58507[UE 1 | RB 1] Throughput = 1.07816 Mbps
58617[UE 1 | RB 1] Throughput = 1.08944 Mbps
58747[UE 1 | RB 1] Throughput = 0.82617 Mbps
59866[UE 1 | RB 1] Throughput = 0.10715 Mbps
59967[UE 1 | RB 1] Throughput = 11.98827 Mbps
60107[UE 1 | RB 1] Throughput = 0.76589 Mbps
60217[UE 1 | RB 1] Throughput = 1.42263 Mbps
60327[UE 1 | RB 1] Throughput = 1.09103 Mbps
60457[UE 1 | RB 1] Throughput = 0.82809 Mbps
60557[UE 1 | RB 1] Throughput = 1.19681 Mbps
60667[UE 1 | RB 1] Throughput = 1.20283 Mbps
60777[UE 1 | RB 1] Throughput = 1.08720 Mbps
60897[UE 1 | RB 1] Throughput = 0.79592 Mbps
61017[UE 1 | RB 1] Throughput = 1.09863 Mbps
61127[UE 1 | RB 1] Throughput = 1.20292 Mbps
61237[UE 1 | RB 1] Throughput = 1.20038 Mbps
61347[UE 1 | RB 1] Throughput = 1.09063 Mbps
61456[UE 1 | RB 1] Throughput = 1.09302 Mbps
61598[UE 1 | RB 1] Throughput = 0.76361 Mbps
61707[UE 1 | RB 1] Throughput = 1.42770 Mbps
61817[UE 1 | RB 1] Throughput = 1.08967 Mbps
61926[UE 1 | RB 1] Throughput = 1.09176 Mbps
62027[UE 1 | RB 1] Throughput = 1.07631 Mbps
62127[UE 1 | RB 1] Throughput = 1.07654 Mbps
63194[UE 1 | RB 1] Throughput = 0.03368 Mbps
63327[UE 1 | RB 1] Throughput = 9.09961 Mbps
68507[UE 1 | RB 1] Throughput = 0.00926 Mbps
68607[UE 1 | RB 1] Throughput = 55.78379 Mbps
68717[UE 1 | RB 1] Throughput = 1.09279 Mbps
68838[UE 1 | RB 1] Throughput = 0.89127 Mbps
68947[UE 1 | RB 1] Throughput = 1.31586 Mbps
72090[UE 1 | RB 1] Throughput = 0.03432 Mbps
72197[UE 1 | RB 1] Throughput = 31.50792 Mbps
73307[UE 1 | RB 1] Throughput = 0.05400 Mbps
73429[UE 1 | RB 1] Throughput = 10.04848 Mbps
73538[UE 1 | RB 1] Throughput = 1.31736 Mbps
73658[UE 1 | RB 1] Throughput = 0.89729 Mbps
73768[UE 1 | RB 1] Throughput = 0.98038 Mbps
73888[UE 1 | RB 1] Throughput = 1.09771 Mbps
73998[UE 1 | RB 1] Throughput = 1.31199 Mbps
74098[UE 1 | RB 1] Throughput = 0.71695 Mbps
74207[UE 1 | RB 1] Throughput = 1.42169 Mbps
74317[UE 1 | RB 1] Throughput = 1.09194 Mbps
74418[UE 1 | RB 1] Throughput = 0.59682 Mbps
74548[UE 1 | RB 1] Throughput = 1.10457 Mbps
74648[UE 1 | RB 1] Throughput = 1.43656 Mbps
74778[UE 1 | RB 1] Throughput = 0.82982 Mbps
74888[UE 1 | RB 1] Throughput = 1.31160 Mbps
75008[UE 1 | RB 1] Throughput = 0.79580 Mbps
76123[UE 1 | RB 1] Throughput = 0.09676 Mbps
76238[UE 1 | RB 1] Throughput = 10.58685 Mbps
79388[UE 1 | RB 1] Throughput = 0.02663 Mbps
79529[UE 1 | RB 1] Throughput = 24.37903 Mbps
79638[UE 1 | RB 1] Throughput = 1.31792 Mbps
79748[UE 1 | RB 1] Throughput = 1.08871 Mbps
79859[UE 1 | RB 1] Throughput = 0.75740 Mbps
79988[UE 1 | RB 1] Throughput = 1.10701 Mbps
80099[UE 1 | RB 1] Throughput = 0.97705 Mbps
80207[UE 1 | RB 1] Throughput = 1.43485 Mbps
80308[UE 1 | RB 1] Throughput = 1.07502 Mbps
80418[UE 1 | RB 1] Throughput = 1.09027 Mbps
80528[UE 1 | RB 1] Throughput = 0.98160 Mbps
80628[UE 1 | RB 1] Throughput = 1.07426 Mbps
80738[UE 1 | RB 1] Throughput = 0.75901 Mbps
80848[UE 1 | RB 1] Throughput = 1.42302 Mbps
80948[UE 1 | RB 1] Throughput = 1.07754 Mbps
81048[UE 1 | RB 1] Throughput = 1.07609 Mbps
81159[UE 1 | RB 1] Throughput = 0.75953 Mbps
81268[UE 1 | RB 1] Throughput = 1.31468 Mbps
81378[UE 1 | RB 1] Throughput = 1.09265 Mbps
81488[UE 1 | RB 1] Throughput = 1.09029 Mbps
81619[UE 1 | RB 1] Throughput = 0.82417 Mbps
81759[UE 1 | RB 1] Throughput = 1.02719 Mbps
81868[UE 1 | RB 1] Throughput = 1.42418 Mbps
81978[UE 1 | RB 1] Throughput = 1.08765 Mbps
82078[UE 1 | RB 1] Throughput = 1.07672 Mbps
82188[UE 1 | RB 1] Throughput = 0.98410 Mbps
82298[UE 1 | RB 1] Throughput = 1.08545 Mbps
89500[UE 1 | RB 1] Throughput = 0.00666 Mbps
89608[UE 1 | RB 1] Throughput = 71.51003 Mbps
89739[UE 1 | RB 1] Throughput = 0.91779 Mbps
89848[UE 1 | RB 1] Throughput = 1.20985 Mbps
89948[UE 1 | RB 1] Throughput = 1.07496 Mbps
[xApp]: E42 RIC_SUBSCRIPTION_DELETE_REQUEST tx RAN_FUNC_ID 144 RIC_REQ_ID 1 
[xApp]: E42 SUBSCRIPTION DELETE RESPONSE rx
[xApp]: E42 RIC_SUBSCRIPTION_DELETE_REQUEST tx RAN_FUNC_ID 144 RIC_REQ_ID 2 
[xApp]: E42 SUBSCRIPTION DELETE RESPONSE rx
[xApp]: E42 RIC_SUBSCRIPTION_DELETE_REQUEST tx RAN_FUNC_ID 144 RIC_REQ_ID 3 
[xApp]: E42 SUBSCRIPTION DELETE RESPONSE rx
[xApp]: Sucessfully stopped 
Test xApp run SUCCESSFULLY
