[UTIL]: Setting the config -c file to /usr/local/etc/flexric/flexric.conf
[UTIL]: Setting path -p for the shared libraries to /usr/local/lib/flexric/
[xAapp]: Initializing ... 
[xApp]: nearRT-RIC IP Address = 192.168.70.150, PORT = 36422
[E2 AGENT]: Opening plugin from path = /usr/local/lib/flexric/libkpm_sm.so 
[E2 AGENT]: Opening plugin from path = /usr/local/lib/flexric/libmac_sm.so 
[E2 AGENT]: Opening plugin from path = /usr/local/lib/flexric/libpdcp_sm.so 
[E2 AGENT]: Opening plugin from path = /usr/local/lib/flexric/libgtp_sm.so 
[E2 AGENT]: Opening plugin from path = /usr/local/lib/flexric/librc_sm.so 
[E2 AGENT]: Opening plugin from path = /usr/local/lib/flexric/libtc_sm.so 
[E2 AGENT]: Opening plugin from path = /usr/local/lib/flexric/librlc_sm.so 
[E2 AGENT]: Opening plugin from path = /usr/local/lib/flexric/libslice_sm.so 
[NEAR-RIC]: Loading SM ID = 2 with def = ORAN-E2SM-KPM 
[NEAR-RIC]: Loading SM ID = 142 with def = MAC_STATS_V0 
[NEAR-RIC]: Loading SM ID = 144 with def = PDCP_STATS_V0 
[NEAR-RIC]: Loading SM ID = 148 with def = GTP_STATS_V0 
[NEAR-RIC]: Loading SM ID = 3 with def = ORAN-E2SM-RC 
[NEAR-RIC]: Loading SM ID = 146 with def = TC_STATS_V0 
[NEAR-RIC]: Loading SM ID = 143 with def = RLC_STATS_V0 
[NEAR-RIC]: Loading SM ID = 145 with def = SLICE_STATS_V0 
[xApp]: DB filename = /tmp/flexric/xapp_db 
 [xApp]: E42 SETUP-REQUEST tx
[xApp]: E42 SETUP-RESPONSE rx 
[xApp]: xApp ID = 19 
[xApp]: Registered E2 Nodes = 3 
Connected E2 nodes = 3
[xAPP] Registered node 0 ran func id = 2 
 [xAPP] Registered node 0 ran func id = 3 
 [xAPP] Registered node 0 ran func id = 142 
 [xAPP] Registered node 0 ran func id = 143 
 [xAPP] Registered node 0 ran func id = 144 
 [xAPP] Registered node 0 ran func id = 145 
 [xAPP] Registered node 0 ran func id = 146 
 [xAPP] Registered node 0 ran func id = 148 
 [xApp]: E42 RIC SUBSCRIPTION REQUEST tx RAN_FUNC_ID 144 RIC_REQ_ID 1 
[xApp]: SUBSCRIPTION RESPONSE rx
[xApp]: Successfully subscribed to RAN_FUNC_ID 144 
[xAPP] Registered node 1 ran func id = 2 
 [xAPP] Registered node 1 ran func id = 3 
 [xAPP] Registered node 1 ran func id = 142 
 [xAPP] Registered node 1 ran func id = 143 
 [xAPP] Registered node 1 ran func id = 144 
 [xAPP] Registered node 1 ran func id = 145 
 [xAPP] Registered node 1 ran func id = 146 
 [xAPP] Registered node 1 ran func id = 148 
 [xApp]: E42 RIC SUBSCRIPTION REQUEST tx RAN_FUNC_ID 144 RIC_REQ_ID 2 
[xApp]: SUBSCRIPTION RESPONSE rx
[xApp]: Successfully subscribed to RAN_FUNC_ID 144 
[xAPP] Registered node 2 ran func id = 2 
 [xAPP] Registered node 2 ran func id = 3 
 [xAPP] Registered node 2 ran func id = 142 
 [xAPP] Registered node 2 ran func id = 143 
 [xAPP] Registered node 2 ran func id = 144 
 [xAPP] Registered node 2 ran func id = 145 
 [xAPP] Registered node 2 ran func id = 146 
 [xAPP] Registered node 2 ran func id = 148 
 [xApp]: E42 RIC SUBSCRIPTION REQUEST tx RAN_FUNC_ID 144 RIC_REQ_ID 3 
[xApp]: SUBSCRIPTION RESPONSE rx
[xApp]: Successfully subscribed to RAN_FUNC_ID 144 
143[UE 1 | RB 1] Throughput = 0.82369 Mbps
252[UE 1 | RB 1] Throughput = 1.31640 Mbps
352[UE 1 | RB 1] Throughput = 1.07582 Mbps
453[UE 1 | RB 1] Throughput = 1.07716 Mbps
562[UE 1 | RB 1] Throughput = 1.09043 Mbps
663[UE 1 | RB 1] Throughput = 0.71610 Mbps
772[UE 1 | RB 1] Throughput = 1.31203 Mbps
875[UE 1 | RB 1] Throughput = 1.05499 Mbps
1965[UE 1 | RB 1] Throughput = 0.08791 Mbps
2103[UE 1 | RB 1] Throughput = 8.50631 Mbps
2243[UE 1 | RB 1] Throughput = 1.28474 Mbps
2353[UE 1 | RB 1] Throughput = 1.20285 Mbps
2463[UE 1 | RB 1] Throughput = 1.08862 Mbps
2573[UE 1 | RB 1] Throughput = 1.08822 Mbps
2683[UE 1 | RB 1] Throughput = 1.09219 Mbps
2783[UE 1 | RB 1] Throughput = 1.07820 Mbps
2893[UE 1 | RB 1] Throughput = 0.75881 Mbps
3003[UE 1 | RB 1] Throughput = 1.31310 Mbps
3113[UE 1 | RB 1] Throughput = 1.09151 Mbps
3263[UE 1 | RB 1] Throughput = 0.71643 Mbps
4268[UE 1 | RB 1] Throughput = 0.03578 Mbps
4383[UE 1 | RB 1] Throughput = 10.29151 Mbps
5485[UE 1 | RB 1] Throughput = 0.06528 Mbps
5593[UE 1 | RB 1] Throughput = 11.56188 Mbps
5693[UE 1 | RB 1] Throughput = 1.07757 Mbps
5803[UE 1 | RB 1] Throughput = 1.08455 Mbps
5943[UE 1 | RB 1] Throughput = 0.94069 Mbps
6053[UE 1 | RB 1] Throughput = 1.20538 Mbps
6153[UE 1 | RB 1] Throughput = 1.07710 Mbps
6263[UE 1 | RB 1] Throughput = 1.09161 Mbps
6393[UE 1 | RB 1] Throughput = 0.82481 Mbps
6502[UE 1 | RB 1] Throughput = 1.31799 Mbps
6603[UE 1 | RB 1] Throughput = 1.07562 Mbps
6724[UE 1 | RB 1] Throughput = 0.79020 Mbps
7853[UE 1 | RB 1] Throughput = 0.10619 Mbps
7953[UE 1 | RB 1] Throughput = 12.31176 Mbps
8084[UE 1 | RB 1] Throughput = 0.91607 Mbps
8193[UE 1 | RB 1] Throughput = 1.20437 Mbps
8313[UE 1 | RB 1] Throughput = 0.79642 Mbps
8423[UE 1 | RB 1] Throughput = 1.42307 Mbps
8523[UE 1 | RB 1] Throughput = 1.07733 Mbps
8633[UE 1 | RB 1] Throughput = 0.98214 Mbps
8733[UE 1 | RB 1] Throughput = 1.07707 Mbps
8843[UE 1 | RB 1] Throughput = 0.86926 Mbps
8953[UE 1 | RB 1] Throughput = 1.31404 Mbps
9063[UE 1 | RB 1] Throughput = 1.08210 Mbps
9173[UE 1 | RB 1] Throughput = 0.98835 Mbps
10285[UE 1 | RB 1] Throughput = 0.08620 Mbps
10393[UE 1 | RB 1] Throughput = 11.18344 Mbps
10493[UE 1 | RB 1] Throughput = 1.07736 Mbps
10603[UE 1 | RB 1] Throughput = 1.08835 Mbps
11756[UE 1 | RB 1] Throughput = 0.07274 Mbps
11874[UE 1 | RB 1] Throughput = 10.61913 Mbps
11983[UE 1 | RB 1] Throughput = 1.31272 Mbps
12093[UE 1 | RB 1] Throughput = 1.09152 Mbps
12193[UE 1 | RB 1] Throughput = 1.07657 Mbps
12324[UE 1 | RB 1] Throughput = 0.82476 Mbps
12433[UE 1 | RB 1] Throughput = 1.32208 Mbps
12533[UE 1 | RB 1] Throughput = 1.07330 Mbps
12674[UE 1 | RB 1] Throughput = 0.76677 Mbps
12795[UE 1 | RB 1] Throughput = 1.09331 Mbps
13868[UE 1 | RB 1] Throughput = 0.08930 Mbps
15021[UE 1 | RB 1] Throughput = 1.05041 Mbps
16109[UE 1 | RB 1] Throughput = 1.05692 Mbps
16213[UE 1 | RB 1] Throughput = 11.85498 Mbps
16324[UE 1 | RB 1] Throughput = 0.64959 Mbps
16454[UE 1 | RB 1] Throughput = 1.19775 Mbps
16563[UE 1 | RB 1] Throughput = 1.31516 Mbps
16704[UE 1 | RB 1] Throughput = 0.93945 Mbps
16813[UE 1 | RB 1] Throughput = 1.31244 Mbps
17838[UE 1 | RB 1] Throughput = 0.02339 Mbps
17944[UE 1 | RB 1] Throughput = 11.18279 Mbps
18053[UE 1 | RB 1] Throughput = 0.98563 Mbps
18153[UE 1 | RB 1] Throughput = 1.07792 Mbps
18263[UE 1 | RB 1] Throughput = 1.08771 Mbps
18373[UE 1 | RB 1] Throughput = 1.09212 Mbps
18514[UE 1 | RB 1] Throughput = 0.85309 Mbps
18654[UE 1 | RB 1] Throughput = 1.02602 Mbps
18764[UE 1 | RB 1] Throughput = 1.42042 Mbps
18873[UE 1 | RB 1] Throughput = 0.98162 Mbps
18984[UE 1 | RB 1] Throughput = 1.08647 Mbps
19093[UE 1 | RB 1] Throughput = 1.09270 Mbps
19224[UE 1 | RB 1] Throughput = 0.73257 Mbps
19334[UE 1 | RB 1] Throughput = 1.20550 Mbps
19484[UE 1 | RB 1] Throughput = 1.03442 Mbps
19594[UE 1 | RB 1] Throughput = 1.42393 Mbps
19725[UE 1 | RB 1] Throughput = 0.82401 Mbps
19833[UE 1 | RB 1] Throughput = 1.32025 Mbps
20908[UE 1 | RB 1] Throughput = 0.02229 Mbps
21044[UE 1 | RB 1] Throughput = 9.08554 Mbps
21153[UE 1 | RB 1] Throughput = 1.42757 Mbps
21254[UE 1 | RB 1] Throughput = 0.71457 Mbps
22320[UE 1 | RB 1] Throughput = 0.04497 Mbps
22424[UE 1 | RB 1] Throughput = 11.91805 Mbps
22534[UE 1 | RB 1] Throughput = 1.08741 Mbps
22634[UE 1 | RB 1] Throughput = 1.07639 Mbps
23725[UE 1 | RB 1] Throughput = 0.03294 Mbps
23834[UE 1 | RB 1] Throughput = 11.44751 Mbps
23944[UE 1 | RB 1] Throughput = 1.09443 Mbps
24053[UE 1 | RB 1] Throughput = 0.98289 Mbps
24154[UE 1 | RB 1] Throughput = 1.07386 Mbps
24264[UE 1 | RB 1] Throughput = 1.09055 Mbps
24364[UE 1 | RB 1] Throughput = 1.07779 Mbps
24495[UE 1 | RB 1] Throughput = 0.91539 Mbps
24604[UE 1 | RB 1] Throughput = 1.20749 Mbps
24704[UE 1 | RB 1] Throughput = 1.07753 Mbps
24813[UE 1 | RB 1] Throughput = 1.09420 Mbps
24914[UE 1 | RB 1] Throughput = 0.71568 Mbps
25024[UE 1 | RB 1] Throughput = 1.41606 Mbps
26094[UE 1 | RB 1] Throughput = 0.05600 Mbps
27117[UE 1 | RB 1] Throughput = 1.07764 Mbps
27225[UE 1 | RB 1] Throughput = 10.59978 Mbps
27335[UE 1 | RB 1] Throughput = 1.08579 Mbps
27443[UE 1 | RB 1] Throughput = 1.54508 Mbps
27544[UE 1 | RB 1] Throughput = 1.07413 Mbps
28590[UE 1 | RB 1] Throughput = 0.03438 Mbps
28694[UE 1 | RB 1] Throughput = 11.33883 Mbps
28805[UE 1 | RB 1] Throughput = 0.86504 Mbps
28925[UE 1 | RB 1] Throughput = 0.89792 Mbps
29034[UE 1 | RB 1] Throughput = 1.43120 Mbps
29144[UE 1 | RB 1] Throughput = 1.09102 Mbps
30253[UE 1 | RB 1] Throughput = 0.06481 Mbps
30355[UE 1 | RB 1] Throughput = 12.08076 Mbps
30464[UE 1 | RB 1] Throughput = 1.09345 Mbps
30564[UE 1 | RB 1] Throughput = 1.07831 Mbps
30674[UE 1 | RB 1] Throughput = 1.09090 Mbps
30774[UE 1 | RB 1] Throughput = 1.07856 Mbps
30874[UE 1 | RB 1] Throughput = 0.95703 Mbps
30974[UE 1 | RB 1] Throughput = 1.07832 Mbps
31074[UE 1 | RB 1] Throughput = 1.07661 Mbps
31185[UE 1 | RB 1] Throughput = 0.86667 Mbps
31294[UE 1 | RB 1] Throughput = 1.31615 Mbps
31394[UE 1 | RB 1] Throughput = 1.07748 Mbps
32494[UE 1 | RB 1] Throughput = 0.07632 Mbps
32594[UE 1 | RB 1] Throughput = 11.89573 Mbps
32735[UE 1 | RB 1] Throughput = 0.85274 Mbps
32845[UE 1 | RB 1] Throughput = 1.31145 Mbps
32975[UE 1 | RB 1] Throughput = 0.82994 Mbps
33084[UE 1 | RB 1] Throughput = 1.42046 Mbps
33185[UE 1 | RB 1] Throughput = 0.47601 Mbps
34222[UE 1 | RB 1] Throughput = 0.02310 Mbps
34345[UE 1 | RB 1] Throughput = 10.07478 Mbps
34454[UE 1 | RB 1] Throughput = 1.42234 Mbps
34564[UE 1 | RB 1] Throughput = 1.09526 Mbps
34664[UE 1 | RB 1] Throughput = 0.95657 Mbps
34764[UE 1 | RB 1] Throughput = 1.07524 Mbps
34864[UE 1 | RB 1] Throughput = 1.07718 Mbps
35005[UE 1 | RB 1] Throughput = 0.85394 Mbps
35105[UE 1 | RB 1] Throughput = 1.07767 Mbps
35214[UE 1 | RB 1] Throughput = 1.31462 Mbps
35315[UE 1 | RB 1] Throughput = 1.07343 Mbps
35424[UE 1 | RB 1] Throughput = 1.09433 Mbps
35524[UE 1 | RB 1] Throughput = 1.07644 Mbps
35655[UE 1 | RB 1] Throughput = 0.82748 Mbps
35764[UE 1 | RB 1] Throughput = 1.42343 Mbps
35865[UE 1 | RB 1] Throughput = 0.83497 Mbps
36974[UE 1 | RB 1] Throughput = 0.10807 Mbps
37085[UE 1 | RB 1] Throughput = 10.56999 Mbps
37195[UE 1 | RB 1] Throughput = 1.30487 Mbps
37315[UE 1 | RB 1] Throughput = 0.79656 Mbps
37425[UE 1 | RB 1] Throughput = 1.42608 Mbps
37575[UE 1 | RB 1] Throughput = 0.79731 Mbps
37685[UE 1 | RB 1] Throughput = 1.41985 Mbps
37825[UE 1 | RB 1] Throughput = 0.85235 Mbps
37935[UE 1 | RB 1] Throughput = 1.31077 Mbps
38045[UE 1 | RB 1] Throughput = 1.09265 Mbps
38145[UE 1 | RB 1] Throughput = 1.07853 Mbps
38255[UE 1 | RB 1] Throughput = 0.75882 Mbps
38375[UE 1 | RB 1] Throughput = 1.10034 Mbps
38506[UE 1 | RB 1] Throughput = 1.00925 Mbps
38615[UE 1 | RB 1] Throughput = 1.42866 Mbps
38715[UE 1 | RB 1] Throughput = 1.07664 Mbps
38876[UE 1 | RB 1] Throughput = 0.74476 Mbps
38985[UE 1 | RB 1] Throughput = 1.54033 Mbps
39085[UE 1 | RB 1] Throughput = 1.07639 Mbps
39185[UE 1 | RB 1] Throughput = 0.71457 Mbps
39295[UE 1 | RB 1] Throughput = 1.31672 Mbps
39395[UE 1 | RB 1] Throughput = 1.07841 Mbps
39504[UE 1 | RB 1] Throughput = 1.09170 Mbps
39605[UE 1 | RB 1] Throughput = 1.07701 Mbps
39745[UE 1 | RB 1] Throughput = 0.93847 Mbps
39854[UE 1 | RB 1] Throughput = 1.20684 Mbps
39954[UE 1 | RB 1] Throughput = 1.07646 Mbps
40064[UE 1 | RB 1] Throughput = 1.09083 Mbps
40195[UE 1 | RB 1] Throughput = 0.91366 Mbps
40305[UE 1 | RB 1] Throughput = 1.20754 Mbps
40405[UE 1 | RB 1] Throughput = 1.07548 Mbps
40514[UE 1 | RB 1] Throughput = 1.09422 Mbps
41582[UE 1 | RB 1] Throughput = 0.05613 Mbps
41696[UE 1 | RB 1] Throughput = 10.34168 Mbps
41804[UE 1 | RB 1] Throughput = 1.32116 Mbps
41936[UE 1 | RB 1] Throughput = 0.91310 Mbps
42045[UE 1 | RB 1] Throughput = 0.98448 Mbps
42155[UE 1 | RB 1] Throughput = 1.31545 Mbps
42255[UE 1 | RB 1] Throughput = 1.07446 Mbps
42365[UE 1 | RB 1] Throughput = 1.09278 Mbps
43438[UE 1 | RB 1] Throughput = 0.01116 Mbps
43555[UE 1 | RB 1] Throughput = 10.44384 Mbps
43665[UE 1 | RB 1] Throughput = 1.42742 Mbps
43765[UE 1 | RB 1] Throughput = 1.07636 Mbps
43865[UE 1 | RB 1] Throughput = 1.07598 Mbps
43975[UE 1 | RB 1] Throughput = 1.09316 Mbps
44106[UE 1 | RB 1] Throughput = 0.73239 Mbps
44215[UE 1 | RB 1] Throughput = 1.42256 Mbps
44325[UE 1 | RB 1] Throughput = 1.08833 Mbps
44456[UE 1 | RB 1] Throughput = 0.73193 Mbps
44565[UE 1 | RB 1] Throughput = 1.43839 Mbps
44665[UE 1 | RB 1] Throughput = 1.07327 Mbps
44775[UE 1 | RB 1] Throughput = 1.09069 Mbps
44875[UE 1 | RB 1] Throughput = 1.07530 Mbps
44985[UE 1 | RB 1] Throughput = 1.08992 Mbps
45105[UE 1 | RB 1] Throughput = 0.79760 Mbps
45215[UE 1 | RB 1] Throughput = 1.30874 Mbps
45316[UE 1 | RB 1] Throughput = 0.83500 Mbps
45425[UE 1 | RB 1] Throughput = 1.31273 Mbps
45535[UE 1 | RB 1] Throughput = 1.08965 Mbps
46639[UE 1 | RB 1] Throughput = 0.05431 Mbps
46745[UE 1 | RB 1] Throughput = 11.59179 Mbps
46845[UE 1 | RB 1] Throughput = 1.07789 Mbps
46955[UE 1 | RB 1] Throughput = 0.97774 Mbps
47086[UE 1 | RB 1] Throughput = 0.73685 Mbps
47195[UE 1 | RB 1] Throughput = 1.53159 Mbps
47295[UE 1 | RB 1] Throughput = 1.07569 Mbps
47416[UE 1 | RB 1] Throughput = 0.79553 Mbps
47525[UE 1 | RB 1] Throughput = 1.31715 Mbps
48622[UE 1 | RB 1] Throughput = 0.04368 Mbps
48725[UE 1 | RB 1] Throughput = 12.06447 Mbps
48856[UE 1 | RB 1] Throughput = 0.91537 Mbps
48965[UE 1 | RB 1] Throughput = 1.31472 Mbps
50095[UE 1 | RB 1] Throughput = 0.08487 Mbps
50195[UE 1 | RB 1] Throughput = 12.04566 Mbps
50305[UE 1 | RB 1] Throughput = 1.09241 Mbps
50416[UE 1 | RB 1] Throughput = 0.75474 Mbps
50556[UE 1 | RB 1] Throughput = 1.11525 Mbps
50665[UE 1 | RB 1] Throughput = 1.31767 Mbps
50765[UE 1 | RB 1] Throughput = 1.07308 Mbps
50865[UE 1 | RB 1] Throughput = 0.83880 Mbps
50965[UE 1 | RB 1] Throughput = 1.31783 Mbps
51076[UE 1 | RB 1] Throughput = 0.75956 Mbps
51185[UE 1 | RB 1] Throughput = 1.31525 Mbps
51285[UE 1 | RB 1] Throughput = 1.07707 Mbps
51395[UE 1 | RB 1] Throughput = 1.08842 Mbps
51505[UE 1 | RB 1] Throughput = 1.09192 Mbps
51615[UE 1 | RB 1] Throughput = 1.08853 Mbps
51725[UE 1 | RB 1] Throughput = 1.08726 Mbps
51836[UE 1 | RB 1] Throughput = 0.97881 Mbps
51945[UE 1 | RB 1] Throughput = 1.09300 Mbps
52045[UE 1 | RB 1] Throughput = 1.07759 Mbps
52145[UE 1 | RB 1] Throughput = 1.07812 Mbps
53167[UE 1 | RB 1] Throughput = 0.03520 Mbps
53275[UE 1 | RB 1] Throughput = 10.81101 Mbps
53375[UE 1 | RB 1] Throughput = 1.07852 Mbps
53475[UE 1 | RB 1] Throughput = 1.07718 Mbps
53585[UE 1 | RB 1] Throughput = 1.09089 Mbps
53696[UE 1 | RB 1] Throughput = 0.75945 Mbps
53805[UE 1 | RB 1] Throughput = 1.31129 Mbps
53915[UE 1 | RB 1] Throughput = 1.08973 Mbps
54015[UE 1 | RB 1] Throughput = 1.07770 Mbps
54125[UE 1 | RB 1] Throughput = 1.09363 Mbps
54226[UE 1 | RB 1] Throughput = 1.07394 Mbps
54346[UE 1 | RB 1] Throughput = 0.79651 Mbps
54466[UE 1 | RB 1] Throughput = 1.09467 Mbps
54575[UE 1 | RB 1] Throughput = 1.31774 Mbps
54686[UE 1 | RB 1] Throughput = 1.08689 Mbps
54796[UE 1 | RB 1] Throughput = 0.65250 Mbps
54905[UE 1 | RB 1] Throughput = 1.42580 Mbps
55005[UE 1 | RB 1] Throughput = 1.07596 Mbps
55106[UE 1 | RB 1] Throughput = 1.07492 Mbps
55206[UE 1 | RB 1] Throughput = 1.07826 Mbps
55306[UE 1 | RB 1] Throughput = 0.59611 Mbps
55416[UE 1 | RB 1] Throughput = 1.53419 Mbps
55526[UE 1 | RB 1] Throughput = 0.98005 Mbps
55636[UE 1 | RB 1] Throughput = 0.86719 Mbps
55746[UE 1 | RB 1] Throughput = 1.31330 Mbps
55847[UE 1 | RB 1] Throughput = 0.59453 Mbps
55976[UE 1 | RB 1] Throughput = 1.11062 Mbps
56085[UE 1 | RB 1] Throughput = 1.42425 Mbps
56185[UE 1 | RB 1] Throughput = 1.07772 Mbps
56286[UE 1 | RB 1] Throughput = 1.07665 Mbps
56386[UE 1 | RB 1] Throughput = 1.07819 Mbps
56486[UE 1 | RB 1] Throughput = 1.07532 Mbps
56586[UE 1 | RB 1] Throughput = 1.07814 Mbps
56726[UE 1 | RB 1] Throughput = 0.94055 Mbps
56835[UE 1 | RB 1] Throughput = 1.20728 Mbps
56935[UE 1 | RB 1] Throughput = 1.07778 Mbps
57036[UE 1 | RB 1] Throughput = 1.07748 Mbps
57136[UE 1 | RB 1] Throughput = 1.07800 Mbps
57246[UE 1 | RB 1] Throughput = 1.08924 Mbps
57355[UE 1 | RB 1] Throughput = 1.09079 Mbps
57465[UE 1 | RB 1] Throughput = 0.98168 Mbps
57596[UE 1 | RB 1] Throughput = 0.82425 Mbps
57706[UE 1 | RB 1] Throughput = 1.42307 Mbps
57817[UE 1 | RB 1] Throughput = 0.75663 Mbps
57926[UE 1 | RB 1] Throughput = 1.42601 Mbps
58036[UE 1 | RB 1] Throughput = 0.97998 Mbps
58167[UE 1 | RB 1] Throughput = 0.82502 Mbps
58306[UE 1 | RB 1] Throughput = 0.94263 Mbps
58416[UE 1 | RB 1] Throughput = 1.53291 Mbps
58526[UE 1 | RB 1] Throughput = 1.08847 Mbps
58636[UE 1 | RB 1] Throughput = 1.09354 Mbps
58745[UE 1 | RB 1] Throughput = 1.09040 Mbps
58856[UE 1 | RB 1] Throughput = 0.75735 Mbps
59951[UE 1 | RB 1] Throughput = 0.08760 Mbps
60056[UE 1 | RB 1] Throughput = 11.50840 Mbps
60166[UE 1 | RB 1] Throughput = 1.09303 Mbps
60267[UE 1 | RB 1] Throughput = 1.06770 Mbps
60377[UE 1 | RB 1] Throughput = 0.86772 Mbps
60486[UE 1 | RB 1] Throughput = 1.31772 Mbps
60596[UE 1 | RB 1] Throughput = 1.09063 Mbps
60737[UE 1 | RB 1] Throughput = 0.76625 Mbps
60846[UE 1 | RB 1] Throughput = 1.42919 Mbps
60956[UE 1 | RB 1] Throughput = 1.09148 Mbps
61076[UE 1 | RB 1] Throughput = 0.89422 Mbps
61207[UE 1 | RB 1] Throughput = 0.82679 Mbps
61316[UE 1 | RB 1] Throughput = 1.53631 Mbps
61456[UE 1 | RB 1] Throughput = 0.85262 Mbps
61566[UE 1 | RB 1] Throughput = 1.31005 Mbps
61676[UE 1 | RB 1] Throughput = 1.09080 Mbps
62768[UE 1 | RB 1] Throughput = 0.04392 Mbps
62897[UE 1 | RB 1] Throughput = 9.56202 Mbps
63006[UE 1 | RB 1] Throughput = 1.20788 Mbps
63115[UE 1 | RB 1] Throughput = 1.09224 Mbps
63217[UE 1 | RB 1] Throughput = 0.82932 Mbps
63326[UE 1 | RB 1] Throughput = 1.31581 Mbps
63426[UE 1 | RB 1] Throughput = 1.07776 Mbps
66544[UE 1 | RB 1] Throughput = 0.00384 Mbps
66657[UE 1 | RB 1] Throughput = 30.25805 Mbps
66766[UE 1 | RB 1] Throughput = 1.42379 Mbps
66876[UE 1 | RB 1] Throughput = 1.08846 Mbps
67007[UE 1 | RB 1] Throughput = 0.73301 Mbps
67116[UE 1 | RB 1] Throughput = 1.42368 Mbps
67226[UE 1 | RB 1] Throughput = 1.09249 Mbps
67326[UE 1 | RB 1] Throughput = 1.07848 Mbps
67426[UE 1 | RB 1] Throughput = 1.07555 Mbps
67536[UE 1 | RB 1] Throughput = 0.98387 Mbps
67636[UE 1 | RB 1] Throughput = 1.07628 Mbps
67746[UE 1 | RB 1] Throughput = 1.09118 Mbps
67856[UE 1 | RB 1] Throughput = 1.08834 Mbps
67996[UE 1 | RB 1] Throughput = 0.85322 Mbps
68107[UE 1 | RB 1] Throughput = 1.08266 Mbps
68216[UE 1 | RB 1] Throughput = 1.31808 Mbps
68357[UE 1 | RB 1] Throughput = 0.85028 Mbps
68458[UE 1 | RB 1] Throughput = 1.30652 Mbps
68566[UE 1 | RB 1] Throughput = 1.11052 Mbps
68677[UE 1 | RB 1] Throughput = 0.75795 Mbps
68786[UE 1 | RB 1] Throughput = 1.42219 Mbps
68907[UE 1 | RB 1] Throughput = 0.59512 Mbps
70000[UE 1 | RB 1] Throughput = 0.09868 Mbps
70107[UE 1 | RB 1] Throughput = 11.16494 Mbps
70227[UE 1 | RB 1] Throughput = 1.20461 Mbps
70337[UE 1 | RB 1] Throughput = 1.20077 Mbps
70477[UE 1 | RB 1] Throughput = 0.93950 Mbps
70586[UE 1 | RB 1] Throughput = 1.20694 Mbps
70687[UE 1 | RB 1] Throughput = 0.94986 Mbps
71791[UE 1 | RB 1] Throughput = 0.09766 Mbps
71897[UE 1 | RB 1] Throughput = 11.08237 Mbps
72028[UE 1 | RB 1] Throughput = 1.01331 Mbps
72137[UE 1 | RB 1] Throughput = 1.09682 Mbps
72267[UE 1 | RB 1] Throughput = 1.10691 Mbps
72376[UE 1 | RB 1] Throughput = 1.31383 Mbps
72476[UE 1 | RB 1] Throughput = 1.07596 Mbps
72597[UE 1 | RB 1] Throughput = 0.89382 Mbps
72706[UE 1 | RB 1] Throughput = 1.20563 Mbps
72817[UE 1 | RB 1] Throughput = 1.08867 Mbps
72926[UE 1 | RB 1] Throughput = 1.09293 Mbps
73027[UE 1 | RB 1] Throughput = 1.07282 Mbps
73136[UE 1 | RB 1] Throughput = 1.09440 Mbps
73267[UE 1 | RB 1] Throughput = 0.91736 Mbps
73407[UE 1 | RB 1] Throughput = 0.94184 Mbps
73547[UE 1 | RB 1] Throughput = 1.02546 Mbps
73656[UE 1 | RB 1] Throughput = 1.42871 Mbps
73756[UE 1 | RB 1] Throughput = 1.07470 Mbps
73887[UE 1 | RB 1] Throughput = 0.73212 Mbps
73996[UE 1 | RB 1] Throughput = 1.42932 Mbps
74107[UE 1 | RB 1] Throughput = 1.08510 Mbps
74217[UE 1 | RB 1] Throughput = 1.09195 Mbps
74317[UE 1 | RB 1] Throughput = 1.07756 Mbps
74437[UE 1 | RB 1] Throughput = 0.79388 Mbps
74546[UE 1 | RB 1] Throughput = 1.32286 Mbps
75632[UE 1 | RB 1] Throughput = 0.09931 Mbps
75737[UE 1 | RB 1] Throughput = 11.21262 Mbps
75847[UE 1 | RB 1] Throughput = 0.65093 Mbps
75977[UE 1 | RB 1] Throughput = 1.10553 Mbps
76077[UE 1 | RB 1] Throughput = 1.31799 Mbps
76186[UE 1 | RB 1] Throughput = 1.20926 Mbps
76286[UE 1 | RB 1] Throughput = 1.07831 Mbps
76396[UE 1 | RB 1] Throughput = 0.98127 Mbps
77552[UE 1 | RB 1] Throughput = 0.09334 Mbps
77677[UE 1 | RB 1] Throughput = 9.86464 Mbps
77817[UE 1 | RB 1] Throughput = 1.02563 Mbps
77927[UE 1 | RB 1] Throughput = 1.42532 Mbps
78027[UE 1 | RB 1] Throughput = 1.07853 Mbps
78128[UE 1 | RB 1] Throughput = 0.83067 Mbps
78237[UE 1 | RB 1] Throughput = 1.31844 Mbps
78368[UE 1 | RB 1] Throughput = 0.73182 Mbps
78477[UE 1 | RB 1] Throughput = 1.42913 Mbps
78577[UE 1 | RB 1] Throughput = 1.07756 Mbps
78687[UE 1 | RB 1] Throughput = 1.09098 Mbps
78797[UE 1 | RB 1] Throughput = 0.75821 Mbps
78907[UE 1 | RB 1] Throughput = 1.09130 Mbps
79037[UE 1 | RB 1] Throughput = 1.10281 Mbps
79157[UE 1 | RB 1] Throughput = 1.10102 Mbps
79266[UE 1 | RB 1] Throughput = 1.20647 Mbps
79367[UE 1 | RB 1] Throughput = 1.07653 Mbps
79467[UE 1 | RB 1] Throughput = 1.07816 Mbps
80560[UE 1 | RB 1] Throughput = 0.03288 Mbps
80668[UE 1 | RB 1] Throughput = 11.37235 Mbps
80807[UE 1 | RB 1] Throughput = 1.11713 Mbps
80917[UE 1 | RB 1] Throughput = 1.31189 Mbps
81026[UE 1 | RB 1] Throughput = 0.98243 Mbps
81127[UE 1 | RB 1] Throughput = 1.07453 Mbps
81227[UE 1 | RB 1] Throughput = 1.07775 Mbps
81337[UE 1 | RB 1] Throughput = 1.08652 Mbps
81458[UE 1 | RB 1] Throughput = 0.69731 Mbps
81567[UE 1 | RB 1] Throughput = 1.42548 Mbps
81677[UE 1 | RB 1] Throughput = 1.08855 Mbps
81787[UE 1 | RB 1] Throughput = 0.75910 Mbps
81907[UE 1 | RB 1] Throughput = 1.09805 Mbps
82058[UE 1 | RB 1] Throughput = 0.95838 Mbps
82167[UE 1 | RB 1] Throughput = 1.53477 Mbps
83249[UE 1 | RB 1] Throughput = 0.02215 Mbps
83357[UE 1 | RB 1] Throughput = 11.50107 Mbps
83467[UE 1 | RB 1] Throughput = 1.09224 Mbps
84528[UE 1 | RB 1] Throughput = 0.02258 Mbps
84637[UE 1 | RB 1] Throughput = 11.28468 Mbps
84758[UE 1 | RB 1] Throughput = 0.78984 Mbps
84867[UE 1 | RB 1] Throughput = 1.43382 Mbps
84998[UE 1 | RB 1] Throughput = 0.82425 Mbps
85108[UE 1 | RB 1] Throughput = 1.30570 Mbps
85208[UE 1 | RB 1] Throughput = 0.71887 Mbps
85317[UE 1 | RB 1] Throughput = 1.42397 Mbps
85418[UE 1 | RB 1] Throughput = 0.71281 Mbps
86448[UE 1 | RB 1] Throughput = 0.04653 Mbps
86588[UE 1 | RB 1] Throughput = 8.58963 Mbps
86738[UE 1 | RB 1] Throughput = 1.11806 Mbps
86847[UE 1 | RB 1] Throughput = 1.31667 Mbps
87920[UE 1 | RB 1] Throughput = 0.05583 Mbps
88027[UE 1 | RB 1] Throughput = 11.21614 Mbps
88138[UE 1 | RB 1] Throughput = 0.86249 Mbps
88247[UE 1 | RB 1] Throughput = 1.09757 Mbps
88357[UE 1 | RB 1] Throughput = 1.30946 Mbps
88458[UE 1 | RB 1] Throughput = 0.71675 Mbps
88567[UE 1 | RB 1] Throughput = 1.42220 Mbps
88709[UE 1 | RB 1] Throughput = 0.76147 Mbps
88817[UE 1 | RB 1] Throughput = 1.44109 Mbps
88918[UE 1 | RB 1] Throughput = 0.59425 Mbps
89027[UE 1 | RB 1] Throughput = 1.53346 Mbps
89168[UE 1 | RB 1] Throughput = 0.76673 Mbps
89277[UE 1 | RB 1] Throughput = 1.42543 Mbps
89377[UE 1 | RB 1] Throughput = 1.07746 Mbps
89487[UE 1 | RB 1] Throughput = 1.09395 Mbps
[xApp]: E42 RIC_SUBSCRIPTION_DELETE_REQUEST tx RAN_FUNC_ID 144 RIC_REQ_ID 1 
90608[UE 1 | RB 1] Throughput = 0.07479 Mbps
[xApp]: E42 SUBSCRIPTION DELETE RESPONSE rx
[xApp]: E42 RIC_SUBSCRIPTION_DELETE_REQUEST tx RAN_FUNC_ID 144 RIC_REQ_ID 2 
ric_req_id not found in the registry 
ric_req_id = 1 not in the registry. Spuriosly can happen.
[xApp]: E42 SUBSCRIPTION DELETE RESPONSE rx
[xApp]: E42 RIC_SUBSCRIPTION_DELETE_REQUEST tx RAN_FUNC_ID 144 RIC_REQ_ID 3 
[xApp]: E42 SUBSCRIPTION DELETE RESPONSE rx
[xApp]: Sucessfully stopped 
Test xApp run SUCCESSFULLY
