[UTIL]: Setting the config -c file to /usr/local/etc/flexric/flexric.conf
[UTIL]: Setting path -p for the shared libraries to /usr/local/lib/flexric/
[xAapp]: Initializing ... 
[xApp]: nearRT-RIC IP Address = 192.168.70.150, PORT = 36422
[E2 AGENT]: Opening plugin from path = /usr/local/lib/flexric/libkpm_sm.so 
[E2 AGENT]: Opening plugin from path = /usr/local/lib/flexric/libmac_sm.so 
[E2 AGENT]: Opening plugin from path = /usr/local/lib/flexric/libpdcp_sm.so 
[E2 AGENT]: Opening plugin from path = /usr/local/lib/flexric/libgtp_sm.so 
[E2 AGENT]: Opening plugin from path = /usr/local/lib/flexric/librc_sm.so 
[E2 AGENT]: Opening plugin from path = /usr/local/lib/flexric/libtc_sm.so 
[E2 AGENT]: Opening plugin from path = /usr/local/lib/flexric/librlc_sm.so 
[E2 AGENT]: Opening plugin from path = /usr/local/lib/flexric/libslice_sm.so 
[NEAR-RIC]: Loading SM ID = 2 with def = ORAN-E2SM-KPM 
[NEAR-RIC]: Loading SM ID = 142 with def = MAC_STATS_V0 
[NEAR-RIC]: Loading SM ID = 144 with def = PDCP_STATS_V0 
[NEAR-RIC]: Loading SM ID = 148 with def = GTP_STATS_V0 
[NEAR-RIC]: Loading SM ID = 3 with def = ORAN-E2SM-RC 
[NEAR-RIC]: Loading SM ID = 146 with def = TC_STATS_V0 
[NEAR-RIC]: Loading SM ID = 143 with def = RLC_STATS_V0 
[NEAR-RIC]: Loading SM ID = 145 with def = SLICE_STATS_V0 
[xApp]: DB filename = /tmp/flexric/xapp_db 
 [xApp]: E42 SETUP-REQUEST tx
[xApp]: E42 SETUP-RESPONSE rx 
[xApp]: xApp ID = 8 
[xApp]: Registered E2 Nodes = 3 
Connected E2 nodes = 3
[xAPP] Registered node 0 ran func id = 2 
 [xAPP] Registered node 0 ran func id = 3 
 [xAPP] Registered node 0 ran func id = 142 
 [xAPP] Registered node 0 ran func id = 143 
 [xAPP] Registered node 0 ran func id = 144 
 [xAPP] Registered node 0 ran func id = 145 
 [xAPP] Registered node 0 ran func id = 146 
 [xAPP] Registered node 0 ran func id = 148 
 [xApp]: E42 RIC SUBSCRIPTION REQUEST tx RAN_FUNC_ID 144 RIC_REQ_ID 1 
[xApp]: SUBSCRIPTION RESPONSE rx
[xApp]: Successfully subscribed to RAN_FUNC_ID 144 
[xAPP] Registered node 1 ran func id = 2 
 [xAPP] Registered node 1 ran func id = 3 
 [xAPP] Registered node 1 ran func id = 142 
 [xAPP] Registered node 1 ran func id = 143 
 [xAPP] Registered node 1 ran func id = 144 
 [xAPP] Registered node 1 ran func id = 145 
 [xAPP] Registered node 1 ran func id = 146 
 [xAPP] Registered node 1 ran func id = 148 
 [xApp]: E42 RIC SUBSCRIPTION REQUEST tx RAN_FUNC_ID 144 RIC_REQ_ID 2 
[xApp]: SUBSCRIPTION RESPONSE rx
[xApp]: Successfully subscribed to RAN_FUNC_ID 144 
[xAPP] Registered node 2 ran func id = 2 
 [xAPP] Registered node 2 ran func id = 3 
 [xAPP] Registered node 2 ran func id = 142 
 [xAPP] Registered node 2 ran func id = 143 
 [xAPP] Registered node 2 ran func id = 144 
 [xAPP] Registered node 2 ran func id = 145 
 [xAPP] Registered node 2 ran func id = 146 
 [xAPP] Registered node 2 ran func id = 148 
 [xApp]: E42 RIC SUBSCRIPTION REQUEST tx RAN_FUNC_ID 144 RIC_REQ_ID 3 
[xApp]: SUBSCRIPTION RESPONSE rx
[xApp]: Successfully subscribed to RAN_FUNC_ID 144 
122[UE 1 | RB 1] Throughput = 1.08918 Mbps
223[UE 1 | RB 1] Throughput = 0.71532 Mbps
363[UE 1 | RB 1] Throughput = 0.94079 Mbps
472[UE 1 | RB 1] Throughput = 1.53664 Mbps
572[UE 1 | RB 1] Throughput = 1.07642 Mbps
673[UE 1 | RB 1] Throughput = 1.07690 Mbps
782[UE 1 | RB 1] Throughput = 1.09167 Mbps
892[UE 1 | RB 1] Throughput = 0.98056 Mbps
992[UE 1 | RB 1] Throughput = 1.07819 Mbps
1102[UE 1 | RB 1] Throughput = 1.09054 Mbps
2192[UE 1 | RB 1] Throughput = 0.05498 Mbps
3281[UE 1 | RB 1] Throughput = 1.04603 Mbps
3413[UE 1 | RB 1] Throughput = 9.29699 Mbps
3523[UE 1 | RB 1] Throughput = 1.42611 Mbps
3623[UE 1 | RB 1] Throughput = 1.07784 Mbps
3723[UE 1 | RB 1] Throughput = 0.71452 Mbps
3833[UE 1 | RB 1] Throughput = 1.31577 Mbps
3942[UE 1 | RB 1] Throughput = 1.08974 Mbps
4044[UE 1 | RB 1] Throughput = 0.82914 Mbps
4183[UE 1 | RB 1] Throughput = 1.03360 Mbps
5264[UE 1 | RB 1] Throughput = 0.08864 Mbps
5373[UE 1 | RB 1] Throughput = 11.18282 Mbps
6481[UE 1 | RB 1] Throughput = 0.09731 Mbps
6583[UE 1 | RB 1] Throughput = 11.63221 Mbps
6692[UE 1 | RB 1] Throughput = 1.09490 Mbps
6793[UE 1 | RB 1] Throughput = 0.95634 Mbps
6903[UE 1 | RB 1] Throughput = 1.08977 Mbps
7013[UE 1 | RB 1] Throughput = 1.08918 Mbps
7163[UE 1 | RB 1] Throughput = 0.79536 Mbps
7273[UE 1 | RB 1] Throughput = 1.42714 Mbps
7373[UE 1 | RB 1] Throughput = 1.07749 Mbps
7473[UE 1 | RB 1] Throughput = 1.07632 Mbps
7583[UE 1 | RB 1] Throughput = 1.08931 Mbps
7683[UE 1 | RB 1] Throughput = 1.07838 Mbps
7813[UE 1 | RB 1] Throughput = 0.73756 Mbps
7923[UE 1 | RB 1] Throughput = 1.42066 Mbps
8023[UE 1 | RB 1] Throughput = 1.07391 Mbps
8153[UE 1 | RB 1] Throughput = 0.82752 Mbps
8263[UE 1 | RB 1] Throughput = 1.42448 Mbps
8373[UE 1 | RB 1] Throughput = 0.86824 Mbps
8483[UE 1 | RB 1] Throughput = 1.20133 Mbps
8603[UE 1 | RB 1] Throughput = 0.79495 Mbps
8713[UE 1 | RB 1] Throughput = 1.42554 Mbps
8823[UE 1 | RB 1] Throughput = 0.86561 Mbps
8933[UE 1 | RB 1] Throughput = 1.20764 Mbps
9043[UE 1 | RB 1] Throughput = 1.08942 Mbps
9143[UE 1 | RB 1] Throughput = 1.07798 Mbps
9243[UE 1 | RB 1] Throughput = 1.07694 Mbps
9353[UE 1 | RB 1] Throughput = 1.08906 Mbps
9463[UE 1 | RB 1] Throughput = 1.08942 Mbps
9584[UE 1 | RB 1] Throughput = 0.69324 Mbps
9693[UE 1 | RB 1] Throughput = 1.43179 Mbps
9803[UE 1 | RB 1] Throughput = 1.08901 Mbps
9913[UE 1 | RB 1] Throughput = 1.09119 Mbps
10013[UE 1 | RB 1] Throughput = 1.07836 Mbps
10122[UE 1 | RB 1] Throughput = 0.98175 Mbps
10223[UE 1 | RB 1] Throughput = 1.07493 Mbps
10323[UE 1 | RB 1] Throughput = 1.07619 Mbps
10433[UE 1 | RB 1] Throughput = 1.09129 Mbps
11536[UE 1 | RB 1] Throughput = 0.09775 Mbps
11643[UE 1 | RB 1] Throughput = 11.10876 Mbps
11753[UE 1 | RB 1] Throughput = 1.08965 Mbps
11863[UE 1 | RB 1] Throughput = 1.09235 Mbps
11963[UE 1 | RB 1] Throughput = 0.95677 Mbps
12073[UE 1 | RB 1] Throughput = 1.08394 Mbps
12183[UE 1 | RB 1] Throughput = 1.09530 Mbps
12293[UE 1 | RB 1] Throughput = 1.08916 Mbps
12414[UE 1 | RB 1] Throughput = 0.69502 Mbps
12524[UE 1 | RB 1] Throughput = 1.19784 Mbps
12633[UE 1 | RB 1] Throughput = 1.31910 Mbps
12754[UE 1 | RB 1] Throughput = 0.79263 Mbps
12863[UE 1 | RB 1] Throughput = 1.42742 Mbps
12963[UE 1 | RB 1] Throughput = 1.07795 Mbps
13083[UE 1 | RB 1] Throughput = 0.69625 Mbps
13193[UE 1 | RB 1] Throughput = 1.42130 Mbps
13314[UE 1 | RB 1] Throughput = 0.89322 Mbps
13423[UE 1 | RB 1] Throughput = 1.31112 Mbps
13533[UE 1 | RB 1] Throughput = 0.98541 Mbps
13633[UE 1 | RB 1] Throughput = 1.07642 Mbps
13743[UE 1 | RB 1] Throughput = 1.08909 Mbps
13843[UE 1 | RB 1] Throughput = 1.07691 Mbps
13953[UE 1 | RB 1] Throughput = 1.08884 Mbps
14063[UE 1 | RB 1] Throughput = 1.09041 Mbps
14163[UE 1 | RB 1] Throughput = 1.07787 Mbps
14274[UE 1 | RB 1] Throughput = 0.75915 Mbps
14383[UE 1 | RB 1] Throughput = 1.31668 Mbps
14493[UE 1 | RB 1] Throughput = 1.09120 Mbps
14603[UE 1 | RB 1] Throughput = 1.08924 Mbps
14744[UE 1 | RB 1] Throughput = 0.76594 Mbps
14853[UE 1 | RB 1] Throughput = 1.42783 Mbps
14963[UE 1 | RB 1] Throughput = 0.75723 Mbps
15073[UE 1 | RB 1] Throughput = 1.42303 Mbps
15204[UE 1 | RB 1] Throughput = 0.82531 Mbps
15313[UE 1 | RB 1] Throughput = 1.31177 Mbps
15414[UE 1 | RB 1] Throughput = 0.71192 Mbps
15544[UE 1 | RB 1] Throughput = 1.10793 Mbps
15644[UE 1 | RB 1] Throughput = 1.19530 Mbps
15753[UE 1 | RB 1] Throughput = 1.21443 Mbps
15853[UE 1 | RB 1] Throughput = 1.07316 Mbps
15963[UE 1 | RB 1] Throughput = 1.09471 Mbps
16073[UE 1 | RB 1] Throughput = 1.08980 Mbps
16173[UE 1 | RB 1] Throughput = 1.07582 Mbps
16274[UE 1 | RB 1] Throughput = 0.71406 Mbps
16383[UE 1 | RB 1] Throughput = 1.42584 Mbps
17489[UE 1 | RB 1] Throughput = 0.07588 Mbps
17593[UE 1 | RB 1] Throughput = 11.47607 Mbps
17693[UE 1 | RB 1] Throughput = 1.07427 Mbps
17794[UE 1 | RB 1] Throughput = 1.07733 Mbps
17894[UE 1 | RB 1] Throughput = 1.07534 Mbps
18003[UE 1 | RB 1] Throughput = 1.09386 Mbps
18113[UE 1 | RB 1] Throughput = 1.09417 Mbps
18213[UE 1 | RB 1] Throughput = 1.07675 Mbps
18364[UE 1 | RB 1] Throughput = 0.71602 Mbps
19409[UE 1 | RB 1] Throughput = 0.09175 Mbps
19513[UE 1 | RB 1] Throughput = 11.36773 Mbps
19613[UE 1 | RB 1] Throughput = 1.07685 Mbps
19723[UE 1 | RB 1] Throughput = 0.98267 Mbps
19823[UE 1 | RB 1] Throughput = 1.07753 Mbps
19923[UE 1 | RB 1] Throughput = 1.07797 Mbps
20023[UE 1 | RB 1] Throughput = 1.07527 Mbps
20123[UE 1 | RB 1] Throughput = 1.07819 Mbps
20224[UE 1 | RB 1] Throughput = 0.83219 Mbps
20333[UE 1 | RB 1] Throughput = 1.31655 Mbps
20443[UE 1 | RB 1] Throughput = 1.08970 Mbps
20543[UE 1 | RB 1] Throughput = 1.07803 Mbps
20653[UE 1 | RB 1] Throughput = 0.98060 Mbps
20764[UE 1 | RB 1] Throughput = 1.08890 Mbps
20874[UE 1 | RB 1] Throughput = 1.08920 Mbps
20983[UE 1 | RB 1] Throughput = 1.09265 Mbps
21083[UE 1 | RB 1] Throughput = 1.07615 Mbps
21193[UE 1 | RB 1] Throughput = 0.98135 Mbps
21293[UE 1 | RB 1] Throughput = 1.07719 Mbps
21404[UE 1 | RB 1] Throughput = 1.08843 Mbps
21504[UE 1 | RB 1] Throughput = 1.07816 Mbps
21614[UE 1 | RB 1] Throughput = 0.76079 Mbps
21723[UE 1 | RB 1] Throughput = 1.42150 Mbps
21833[UE 1 | RB 1] Throughput = 1.09324 Mbps
21984[UE 1 | RB 1] Throughput = 0.71607 Mbps
22093[UE 1 | RB 1] Throughput = 1.53383 Mbps
22193[UE 1 | RB 1] Throughput = 1.07606 Mbps
22334[UE 1 | RB 1] Throughput = 0.76685 Mbps
22443[UE 1 | RB 1] Throughput = 1.42505 Mbps
22544[UE 1 | RB 1] Throughput = 1.07559 Mbps
22653[UE 1 | RB 1] Throughput = 1.09430 Mbps
22754[UE 1 | RB 1] Throughput = 0.83090 Mbps
22864[UE 1 | RB 1] Throughput = 1.20341 Mbps
22974[UE 1 | RB 1] Throughput = 1.08908 Mbps
23094[UE 1 | RB 1] Throughput = 0.79723 Mbps
23204[UE 1 | RB 1] Throughput = 1.41839 Mbps
23313[UE 1 | RB 1] Throughput = 1.09362 Mbps
23414[UE 1 | RB 1] Throughput = 0.95696 Mbps
23523[UE 1 | RB 1] Throughput = 1.09000 Mbps
23634[UE 1 | RB 1] Throughput = 1.08743 Mbps
23744[UE 1 | RB 1] Throughput = 1.08976 Mbps
23853[UE 1 | RB 1] Throughput = 1.09165 Mbps
23984[UE 1 | RB 1] Throughput = 0.82473 Mbps
24094[UE 1 | RB 1] Throughput = 1.31357 Mbps
24194[UE 1 | RB 1] Throughput = 1.07848 Mbps
24304[UE 1 | RB 1] Throughput = 1.09099 Mbps
24404[UE 1 | RB 1] Throughput = 1.07740 Mbps
25554[UE 1 | RB 1] Throughput = 0.07290 Mbps
25664[UE 1 | RB 1] Throughput = 11.47840 Mbps
25774[UE 1 | RB 1] Throughput = 1.09332 Mbps
26833[UE 1 | RB 1] Throughput = 0.04523 Mbps
26943[UE 1 | RB 1] Throughput = 10.89821 Mbps
27044[UE 1 | RB 1] Throughput = 1.07629 Mbps
27144[UE 1 | RB 1] Throughput = 1.07696 Mbps
27254[UE 1 | RB 1] Throughput = 1.08946 Mbps
27364[UE 1 | RB 1] Throughput = 1.08941 Mbps
27494[UE 1 | RB 1] Throughput = 0.82821 Mbps
27604[UE 1 | RB 1] Throughput = 1.31068 Mbps
27714[UE 1 | RB 1] Throughput = 1.09056 Mbps
27834[UE 1 | RB 1] Throughput = 0.49552 Mbps
27944[UE 1 | RB 1] Throughput = 1.64671 Mbps
28044[UE 1 | RB 1] Throughput = 1.07765 Mbps
28144[UE 1 | RB 1] Throughput = 1.07843 Mbps
28254[UE 1 | RB 1] Throughput = 1.08920 Mbps
28354[UE 1 | RB 1] Throughput = 1.07800 Mbps
28463[UE 1 | RB 1] Throughput = 1.09295 Mbps
28564[UE 1 | RB 1] Throughput = 1.07813 Mbps
28694[UE 1 | RB 1] Throughput = 0.82510 Mbps
29777[UE 1 | RB 1] Throughput = 0.08851 Mbps
29884[UE 1 | RB 1] Throughput = 11.27513 Mbps
29994[UE 1 | RB 1] Throughput = 0.75764 Mbps
33106[UE 1 | RB 1] Throughput = 0.03466 Mbps
33214[UE 1 | RB 1] Throughput = 31.29912 Mbps
33314[UE 1 | RB 1] Throughput = 1.07357 Mbps
33414[UE 1 | RB 1] Throughput = 1.07809 Mbps
33524[UE 1 | RB 1] Throughput = 1.09261 Mbps
33624[UE 1 | RB 1] Throughput = 1.07698 Mbps
33734[UE 1 | RB 1] Throughput = 1.08931 Mbps
33844[UE 1 | RB 1] Throughput = 0.98387 Mbps
33944[UE 1 | RB 1] Throughput = 1.07748 Mbps
34055[UE 1 | RB 1] Throughput = 0.75247 Mbps
35090[UE 1 | RB 1] Throughput = 0.01158 Mbps
35195[UE 1 | RB 1] Throughput = 11.91401 Mbps
35304[UE 1 | RB 1] Throughput = 1.09357 Mbps
35434[UE 1 | RB 1] Throughput = 0.82968 Mbps
36498[UE 1 | RB 1] Throughput = 0.03381 Mbps
36604[UE 1 | RB 1] Throughput = 11.68787 Mbps
36735[UE 1 | RB 1] Throughput = 0.73165 Mbps
37842[UE 1 | RB 1] Throughput = 0.09743 Mbps
37995[UE 1 | RB 1] Throughput = 8.01437 Mbps
38104[UE 1 | RB 1] Throughput = 1.53331 Mbps
38204[UE 1 | RB 1] Throughput = 1.07812 Mbps
38305[UE 1 | RB 1] Throughput = 1.07724 Mbps
39378[UE 1 | RB 1] Throughput = 0.04466 Mbps
39485[UE 1 | RB 1] Throughput = 11.35093 Mbps
39595[UE 1 | RB 1] Throughput = 1.08947 Mbps
39704[UE 1 | RB 1] Throughput = 1.09188 Mbps
40850[UE 1 | RB 1] Throughput = 0.09417 Mbps
40955[UE 1 | RB 1] Throughput = 11.64215 Mbps
41065[UE 1 | RB 1] Throughput = 1.08805 Mbps
41195[UE 1 | RB 1] Throughput = 0.82682 Mbps
41305[UE 1 | RB 1] Throughput = 1.42037 Mbps
41414[UE 1 | RB 1] Throughput = 0.98522 Mbps
41515[UE 1 | RB 1] Throughput = 1.07630 Mbps
41615[UE 1 | RB 1] Throughput = 1.07837 Mbps
41715[UE 1 | RB 1] Throughput = 1.07728 Mbps
41825[UE 1 | RB 1] Throughput = 1.09005 Mbps
41946[UE 1 | RB 1] Throughput = 0.79287 Mbps
42054[UE 1 | RB 1] Throughput = 1.42947 Mbps
42165[UE 1 | RB 1] Throughput = 0.97922 Mbps
42275[UE 1 | RB 1] Throughput = 1.08833 Mbps
42385[UE 1 | RB 1] Throughput = 1.09178 Mbps
42485[UE 1 | RB 1] Throughput = 1.07589 Mbps
42645[UE 1 | RB 1] Throughput = 0.74866 Mbps
42755[UE 1 | RB 1] Throughput = 1.52974 Mbps
42855[UE 1 | RB 1] Throughput = 1.07662 Mbps
42965[UE 1 | RB 1] Throughput = 1.08700 Mbps
43075[UE 1 | RB 1] Throughput = 1.09046 Mbps
43186[UE 1 | RB 1] Throughput = 0.97322 Mbps
43315[UE 1 | RB 1] Throughput = 0.74302 Mbps
43426[UE 1 | RB 1] Throughput = 1.07916 Mbps
43534[UE 1 | RB 1] Throughput = 1.54598 Mbps
43645[UE 1 | RB 1] Throughput = 0.75614 Mbps
43755[UE 1 | RB 1] Throughput = 1.31375 Mbps
43864[UE 1 | RB 1] Throughput = 1.09434 Mbps
43964[UE 1 | RB 1] Throughput = 1.07722 Mbps
44065[UE 1 | RB 1] Throughput = 1.07300 Mbps
44185[UE 1 | RB 1] Throughput = 0.79580 Mbps
44294[UE 1 | RB 1] Throughput = 1.31727 Mbps
44394[UE 1 | RB 1] Throughput = 1.07856 Mbps
44496[UE 1 | RB 1] Throughput = 0.82929 Mbps
44605[UE 1 | RB 1] Throughput = 1.31700 Mbps
44735[UE 1 | RB 1] Throughput = 0.82832 Mbps
45778[UE 1 | RB 1] Throughput = 0.05744 Mbps
46867[UE 1 | RB 1] Throughput = 1.04574 Mbps
46974[UE 1 | RB 1] Throughput = 11.36600 Mbps
47075[UE 1 | RB 1] Throughput = 1.07607 Mbps
47185[UE 1 | RB 1] Throughput = 1.08790 Mbps
47285[UE 1 | RB 1] Throughput = 0.83384 Mbps
47395[UE 1 | RB 1] Throughput = 1.31610 Mbps
47495[UE 1 | RB 1] Throughput = 1.07287 Mbps
47605[UE 1 | RB 1] Throughput = 0.98586 Mbps
47705[UE 1 | RB 1] Throughput = 1.07521 Mbps
47805[UE 1 | RB 1] Throughput = 1.07536 Mbps
47925[UE 1 | RB 1] Throughput = 0.90063 Mbps
48065[UE 1 | RB 1] Throughput = 1.02595 Mbps
48175[UE 1 | RB 1] Throughput = 1.30994 Mbps
48285[UE 1 | RB 1] Throughput = 1.09140 Mbps
48385[UE 1 | RB 1] Throughput = 1.07834 Mbps
48485[UE 1 | RB 1] Throughput = 1.07813 Mbps
49618[UE 1 | RB 1] Throughput = 0.07404 Mbps
49725[UE 1 | RB 1] Throughput = 11.53870 Mbps
49836[UE 1 | RB 1] Throughput = 0.75585 Mbps
49966[UE 1 | RB 1] Throughput = 1.10847 Mbps
50076[UE 1 | RB 1] Throughput = 1.08637 Mbps
50185[UE 1 | RB 1] Throughput = 1.31656 Mbps
50285[UE 1 | RB 1] Throughput = 1.07733 Mbps
50386[UE 1 | RB 1] Throughput = 0.83511 Mbps
50495[UE 1 | RB 1] Throughput = 1.31620 Mbps
50626[UE 1 | RB 1] Throughput = 0.91739 Mbps
50735[UE 1 | RB 1] Throughput = 1.30985 Mbps
50845[UE 1 | RB 1] Throughput = 0.98170 Mbps
50945[UE 1 | RB 1] Throughput = 1.07778 Mbps
51065[UE 1 | RB 1] Throughput = 0.79879 Mbps
51175[UE 1 | RB 1] Throughput = 1.41675 Mbps
51276[UE 1 | RB 1] Throughput = 0.71270 Mbps
51385[UE 1 | RB 1] Throughput = 1.32001 Mbps
51486[UE 1 | RB 1] Throughput = 0.83354 Mbps
51625[UE 1 | RB 1] Throughput = 1.02976 Mbps
51725[UE 1 | RB 1] Throughput = 1.43802 Mbps
51835[UE 1 | RB 1] Throughput = 1.09438 Mbps
51975[UE 1 | RB 1] Throughput = 0.76806 Mbps
52085[UE 1 | RB 1] Throughput = 1.41884 Mbps
52185[UE 1 | RB 1] Throughput = 1.07648 Mbps
52295[UE 1 | RB 1] Throughput = 1.09086 Mbps
52395[UE 1 | RB 1] Throughput = 1.07691 Mbps
52536[UE 1 | RB 1] Throughput = 0.76939 Mbps
52645[UE 1 | RB 1] Throughput = 1.42402 Mbps
52745[UE 1 | RB 1] Throughput = 1.07834 Mbps
52876[UE 1 | RB 1] Throughput = 0.64064 Mbps
52985[UE 1 | RB 1] Throughput = 1.53397 Mbps
53095[UE 1 | RB 1] Throughput = 1.09054 Mbps
53195[UE 1 | RB 1] Throughput = 1.07540 Mbps
53326[UE 1 | RB 1] Throughput = 0.82665 Mbps
53435[UE 1 | RB 1] Throughput = 1.31562 Mbps
53535[UE 1 | RB 1] Throughput = 1.07848 Mbps
53645[UE 1 | RB 1] Throughput = 1.08851 Mbps
53755[UE 1 | RB 1] Throughput = 1.09068 Mbps
54803[UE 1 | RB 1] Throughput = 0.02287 Mbps
54935[UE 1 | RB 1] Throughput = 8.98099 Mbps
56020[UE 1 | RB 1] Throughput = 0.05525 Mbps
56125[UE 1 | RB 1] Throughput = 11.93241 Mbps
56235[UE 1 | RB 1] Throughput = 1.09324 Mbps
56335[UE 1 | RB 1] Throughput = 1.07439 Mbps
56446[UE 1 | RB 1] Throughput = 0.75895 Mbps
56556[UE 1 | RB 1] Throughput = 1.41967 Mbps
56665[UE 1 | RB 1] Throughput = 0.98615 Mbps
56766[UE 1 | RB 1] Throughput = 1.07406 Mbps
56875[UE 1 | RB 1] Throughput = 1.09231 Mbps
56985[UE 1 | RB 1] Throughput = 1.08921 Mbps
57095[UE 1 | RB 1] Throughput = 1.08795 Mbps
57196[UE 1 | RB 1] Throughput = 1.07726 Mbps
57306[UE 1 | RB 1] Throughput = 0.76282 Mbps
57426[UE 1 | RB 1] Throughput = 1.09556 Mbps
57566[UE 1 | RB 1] Throughput = 1.02493 Mbps
57696[UE 1 | RB 1] Throughput = 1.10662 Mbps
59859[UE 1 | RB 1] Throughput = 0.06649 Mbps
62995[UE 1 | RB 1] Throughput = 0.72221 Mbps
63127[UE 1 | RB 1] Throughput = 25.78694 Mbps
63236[UE 1 | RB 1] Throughput = 1.31832 Mbps
63357[UE 1 | RB 1] Throughput = 0.89280 Mbps
63466[UE 1 | RB 1] Throughput = 1.31808 Mbps
63566[UE 1 | RB 1] Throughput = 1.07691 Mbps
63676[UE 1 | RB 1] Throughput = 0.98096 Mbps
63776[UE 1 | RB 1] Throughput = 1.07810 Mbps
63876[UE 1 | RB 1] Throughput = 1.07829 Mbps
63976[UE 1 | RB 1] Throughput = 1.07759 Mbps
67091[UE 1 | RB 1] Throughput = 0.00769 Mbps
68243[UE 1 | RB 1] Throughput = 2.95449 Mbps
68346[UE 1 | RB 1] Throughput = 12.12413 Mbps
68456[UE 1 | RB 1] Throughput = 1.09064 Mbps
68566[UE 1 | RB 1] Throughput = 0.98350 Mbps
68686[UE 1 | RB 1] Throughput = 0.79387 Mbps
68796[UE 1 | RB 1] Throughput = 1.41848 Mbps
68937[UE 1 | RB 1] Throughput = 0.85263 Mbps
69046[UE 1 | RB 1] Throughput = 1.32056 Mbps
69146[UE 1 | RB 1] Throughput = 1.07282 Mbps
69256[UE 1 | RB 1] Throughput = 1.09142 Mbps
69356[UE 1 | RB 1] Throughput = 1.07793 Mbps
69456[UE 1 | RB 1] Throughput = 1.07827 Mbps
69566[UE 1 | RB 1] Throughput = 1.09106 Mbps
70676[UE 1 | RB 1] Throughput = 0.06476 Mbps
70787[UE 1 | RB 1] Throughput = 11.08483 Mbps
70896[UE 1 | RB 1] Throughput = 1.09219 Mbps
71006[UE 1 | RB 1] Throughput = 1.08741 Mbps
71116[UE 1 | RB 1] Throughput = 1.09552 Mbps
71216[UE 1 | RB 1] Throughput = 1.07734 Mbps
71326[UE 1 | RB 1] Throughput = 1.09113 Mbps
71457[UE 1 | RB 1] Throughput = 0.73331 Mbps
71566[UE 1 | RB 1] Throughput = 1.42102 Mbps
71667[UE 1 | RB 1] Throughput = 0.71625 Mbps
71776[UE 1 | RB 1] Throughput = 1.42138 Mbps
71876[UE 1 | RB 1] Throughput = 1.07585 Mbps
71977[UE 1 | RB 1] Throughput = 0.71486 Mbps
72077[UE 1 | RB 1] Throughput = 1.19766 Mbps
72187[UE 1 | RB 1] Throughput = 0.97838 Mbps
72347[UE 1 | RB 1] Throughput = 0.90239 Mbps
73427[UE 1 | RB 1] Throughput = 0.07762 Mbps
73537[UE 1 | RB 1] Throughput = 11.41584 Mbps
73646[UE 1 | RB 1] Throughput = 0.98498 Mbps
74773[UE 1 | RB 1] Throughput = 0.08511 Mbps
74877[UE 1 | RB 1] Throughput = 11.75117 Mbps
74987[UE 1 | RB 1] Throughput = 1.08968 Mbps
76115[UE 1 | RB 1] Throughput = 0.07431 Mbps
76216[UE 1 | RB 1] Throughput = 12.23087 Mbps
76327[UE 1 | RB 1] Throughput = 0.97862 Mbps
76457[UE 1 | RB 1] Throughput = 0.73520 Mbps
76567[UE 1 | RB 1] Throughput = 1.52283 Mbps
76676[UE 1 | RB 1] Throughput = 1.09687 Mbps
76776[UE 1 | RB 1] Throughput = 1.07803 Mbps
76877[UE 1 | RB 1] Throughput = 0.95666 Mbps
76986[UE 1 | RB 1] Throughput = 1.09110 Mbps
78037[UE 1 | RB 1] Throughput = 0.05703 Mbps
79124[UE 1 | RB 1] Throughput = 1.01453 Mbps
79227[UE 1 | RB 1] Throughput = 11.99565 Mbps
79336[UE 1 | RB 1] Throughput = 1.09259 Mbps
79447[UE 1 | RB 1] Throughput = 0.75767 Mbps
79567[UE 1 | RB 1] Throughput = 1.19731 Mbps
79676[UE 1 | RB 1] Throughput = 1.20876 Mbps
79776[UE 1 | RB 1] Throughput = 1.07775 Mbps
79877[UE 1 | RB 1] Throughput = 1.07461 Mbps
80017[UE 1 | RB 1] Throughput = 0.85239 Mbps
80127[UE 1 | RB 1] Throughput = 1.31666 Mbps
80227[UE 1 | RB 1] Throughput = 1.07803 Mbps
80348[UE 1 | RB 1] Throughput = 0.59466 Mbps
80457[UE 1 | RB 1] Throughput = 1.42259 Mbps
80578[UE 1 | RB 1] Throughput = 0.99243 Mbps
80698[UE 1 | RB 1] Throughput = 0.89902 Mbps
80798[UE 1 | RB 1] Throughput = 1.19538 Mbps
80938[UE 1 | RB 1] Throughput = 1.20195 Mbps
81047[UE 1 | RB 1] Throughput = 1.21022 Mbps
81147[UE 1 | RB 1] Throughput = 1.07577 Mbps
81257[UE 1 | RB 1] Throughput = 1.08924 Mbps
82388[UE 1 | RB 1] Throughput = 0.11653 Mbps
82497[UE 1 | RB 1] Throughput = 11.04567 Mbps
82597[UE 1 | RB 1] Throughput = 0.95690 Mbps
82728[UE 1 | RB 1] Throughput = 0.73251 Mbps
82837[UE 1 | RB 1] Throughput = 1.53205 Mbps
82937[UE 1 | RB 1] Throughput = 1.07854 Mbps
83046[UE 1 | RB 1] Throughput = 1.09594 Mbps
83188[UE 1 | RB 1] Throughput = 0.67941 Mbps
83297[UE 1 | RB 1] Throughput = 1.53907 Mbps
83417[UE 1 | RB 1] Throughput = 0.79339 Mbps
84501[UE 1 | RB 1] Throughput = 0.12171 Mbps
84607[UE 1 | RB 1] Throughput = 11.06942 Mbps
84707[UE 1 | RB 1] Throughput = 1.07732 Mbps
84807[UE 1 | RB 1] Throughput = 1.07697 Mbps
84907[UE 1 | RB 1] Throughput = 0.95862 Mbps
85038[UE 1 | RB 1] Throughput = 0.91453 Mbps
85147[UE 1 | RB 1] Throughput = 1.31791 Mbps
85257[UE 1 | RB 1] Throughput = 1.09124 Mbps
85357[UE 1 | RB 1] Throughput = 1.07854 Mbps
85467[UE 1 | RB 1] Throughput = 0.98184 Mbps
85567[UE 1 | RB 1] Throughput = 1.07769 Mbps
85667[UE 1 | RB 1] Throughput = 1.07401 Mbps
85777[UE 1 | RB 1] Throughput = 1.09449 Mbps
85887[UE 1 | RB 1] Throughput = 1.08761 Mbps
85987[UE 1 | RB 1] Throughput = 1.07661 Mbps
87061[UE 1 | RB 1] Throughput = 0.02233 Mbps
87178[UE 1 | RB 1] Throughput = 10.32064 Mbps
87287[UE 1 | RB 1] Throughput = 1.42547 Mbps
87388[UE 1 | RB 1] Throughput = 0.95291 Mbps
87528[UE 1 | RB 1] Throughput = 0.85614 Mbps
87638[UE 1 | RB 1] Throughput = 1.41833 Mbps
87747[UE 1 | RB 1] Throughput = 1.09604 Mbps
87847[UE 1 | RB 1] Throughput = 1.07516 Mbps
87958[UE 1 | RB 1] Throughput = 0.76037 Mbps
88078[UE 1 | RB 1] Throughput = 0.99812 Mbps
88187[UE 1 | RB 1] Throughput = 1.42212 Mbps
88297[UE 1 | RB 1] Throughput = 1.08951 Mbps
88397[UE 1 | RB 1] Throughput = 1.07806 Mbps
88508[UE 1 | RB 1] Throughput = 0.97680 Mbps
88617[UE 1 | RB 1] Throughput = 1.09464 Mbps
88717[UE 1 | RB 1] Throughput = 1.07774 Mbps
88848[UE 1 | RB 1] Throughput = 0.73363 Mbps
88957[UE 1 | RB 1] Throughput = 1.53248 Mbps
89067[UE 1 | RB 1] Throughput = 0.98417 Mbps
89167[UE 1 | RB 1] Throughput = 1.07385 Mbps
89277[UE 1 | RB 1] Throughput = 1.09434 Mbps
89377[UE 1 | RB 1] Throughput = 1.07560 Mbps
89508[UE 1 | RB 1] Throughput = 0.82698 Mbps
89617[UE 1 | RB 1] Throughput = 1.30890 Mbps
89758[UE 1 | RB 1] Throughput = 0.85378 Mbps
89898[UE 1 | RB 1] Throughput = 1.11260 Mbps
[xApp]: E42 RIC_SUBSCRIPTION_DELETE_REQUEST tx RAN_FUNC_ID 144 RIC_REQ_ID 1 
91028[UE 1 | RB 1] Throughput = 0.12722 Mbps
[xApp]: E42 SUBSCRIPTION DELETE RESPONSE rx
[xApp]: E42 RIC_SUBSCRIPTION_DELETE_REQUEST tx RAN_FUNC_ID 144 RIC_REQ_ID 2 
[xApp]: E42 SUBSCRIPTION DELETE RESPONSE rx
[xApp]: E42 RIC_SUBSCRIPTION_DELETE_REQUEST tx RAN_FUNC_ID 144 RIC_REQ_ID 3 
[xApp]: E42 SUBSCRIPTION DELETE RESPONSE rx
[xApp]: Sucessfully stopped 
Test xApp run SUCCESSFULLY
