[UTIL]: Setting the config -c file to /usr/local/etc/flexric/flexric.conf
[UTIL]: Setting path -p for the shared libraries to /usr/local/lib/flexric/
[xAapp]: Initializing ... 
[xApp]: nearRT-RIC IP Address = 192.168.70.150, PORT = 36422
[E2 AGENT]: Opening plugin from path = /usr/local/lib/flexric/libkpm_sm.so 
[E2 AGENT]: Opening plugin from path = /usr/local/lib/flexric/libmac_sm.so 
[E2 AGENT]: Opening plugin from path = /usr/local/lib/flexric/libpdcp_sm.so 
[E2 AGENT]: Opening plugin from path = /usr/local/lib/flexric/libgtp_sm.so 
[E2 AGENT]: Opening plugin from path = /usr/local/lib/flexric/librc_sm.so 
[E2 AGENT]: Opening plugin from path = /usr/local/lib/flexric/libtc_sm.so 
[E2 AGENT]: Opening plugin from path = /usr/local/lib/flexric/librlc_sm.so 
[E2 AGENT]: Opening plugin from path = /usr/local/lib/flexric/libslice_sm.so 
[NEAR-RIC]: Loading SM ID = 2 with def = ORAN-E2SM-KPM 
[NEAR-RIC]: Loading SM ID = 142 with def = MAC_STATS_V0 
[NEAR-RIC]: Loading SM ID = 144 with def = PDCP_STATS_V0 
[NEAR-RIC]: Loading SM ID = 148 with def = GTP_STATS_V0 
[NEAR-RIC]: Loading SM ID = 3 with def = ORAN-E2SM-RC 
[NEAR-RIC]: Loading SM ID = 146 with def = TC_STATS_V0 
[NEAR-RIC]: Loading SM ID = 143 with def = RLC_STATS_V0 
[NEAR-RIC]: Loading SM ID = 145 with def = SLICE_STATS_V0 
[xApp]: DB filename = /tmp/flexric/xapp_db 
 [xApp]: E42 SETUP-REQUEST tx
[xApp]: E42 SETUP-RESPONSE rx 
[xApp]: xApp ID = 22 
[xApp]: Registered E2 Nodes = 3 
Connected E2 nodes = 3
[xAPP] Registered node 0 ran func id = 2 
 [xAPP] Registered node 0 ran func id = 3 
 [xAPP] Registered node 0 ran func id = 142 
 [xAPP] Registered node 0 ran func id = 143 
 [xAPP] Registered node 0 ran func id = 144 
 [xAPP] Registered node 0 ran func id = 145 
 [xAPP] Registered node 0 ran func id = 146 
 [xAPP] Registered node 0 ran func id = 148 
 [xApp]: E42 RIC SUBSCRIPTION REQUEST tx RAN_FUNC_ID 144 RIC_REQ_ID 1 
[xApp]: SUBSCRIPTION RESPONSE rx
[xApp]: Successfully subscribed to RAN_FUNC_ID 144 
[xAPP] Registered node 1 ran func id = 2 
 [xAPP] Registered node 1 ran func id = 3 
 [xAPP] Registered node 1 ran func id = 142 
 [xAPP] Registered node 1 ran func id = 143 
 [xAPP] Registered node 1 ran func id = 144 
 [xAPP] Registered node 1 ran func id = 145 
 [xAPP] Registered node 1 ran func id = 146 
 [xAPP] Registered node 1 ran func id = 148 
 [xApp]: E42 RIC SUBSCRIPTION REQUEST tx RAN_FUNC_ID 144 RIC_REQ_ID 2 
[xApp]: SUBSCRIPTION RESPONSE rx
[xApp]: Successfully subscribed to RAN_FUNC_ID 144 
[xAPP] Registered node 2 ran func id = 2 
 [xAPP] Registered node 2 ran func id = 3 
 [xAPP] Registered node 2 ran func id = 142 
 [xAPP] Registered node 2 ran func id = 143 
 [xAPP] Registered node 2 ran func id = 144 
 [xAPP] Registered node 2 ran func id = 145 
 [xAPP] Registered node 2 ran func id = 146 
 [xAPP] Registered node 2 ran func id = 148 
 [xApp]: E42 RIC SUBSCRIPTION REQUEST tx RAN_FUNC_ID 144 RIC_REQ_ID 3 
[xApp]: SUBSCRIPTION RESPONSE rx
[xApp]: Successfully subscribed to RAN_FUNC_ID 144 
183[UE 1 | RB 1] Throughput = 1.65125 Mbps
293[UE 1 | RB 1] Throughput = 1.08992 Mbps
403[UE 1 | RB 1] Throughput = 1.08978 Mbps
513[UE 1 | RB 1] Throughput = 1.08981 Mbps
623[UE 1 | RB 1] Throughput = 1.09132 Mbps
733[UE 1 | RB 1] Throughput = 0.98080 Mbps
833[UE 1 | RB 1] Throughput = 1.07844 Mbps
933[UE 1 | RB 1] Throughput = 1.07853 Mbps
1033[UE 1 | RB 1] Throughput = 1.07692 Mbps
1143[UE 1 | RB 1] Throughput = 1.08965 Mbps
1243[UE 1 | RB 1] Throughput = 1.07837 Mbps
1343[UE 1 | RB 1] Throughput = 1.07796 Mbps
1453[UE 1 | RB 1] Throughput = 1.08706 Mbps
1563[UE 1 | RB 1] Throughput = 1.09279 Mbps
1673[UE 1 | RB 1] Throughput = 0.97957 Mbps
1783[UE 1 | RB 1] Throughput = 1.08623 Mbps
1893[UE 1 | RB 1] Throughput = 1.09167 Mbps
2003[UE 1 | RB 1] Throughput = 1.09265 Mbps
2103[UE 1 | RB 1] Throughput = 1.07689 Mbps
2203[UE 1 | RB 1] Throughput = 1.07647 Mbps
2312[UE 1 | RB 1] Throughput = 0.98434 Mbps
2413[UE 1 | RB 1] Throughput = 1.07682 Mbps
2523[UE 1 | RB 1] Throughput = 1.08925 Mbps
2623[UE 1 | RB 1] Throughput = 1.07831 Mbps
5571[UE 1 | RB 1] Throughput = 0.03252 Mbps
5673[UE 1 | RB 1] Throughput = 31.21757 Mbps
5773[UE 1 | RB 1] Throughput = 1.07486 Mbps
5873[UE 1 | RB 1] Throughput = 1.07503 Mbps
5973[UE 1 | RB 1] Throughput = 1.07770 Mbps
6083[UE 1 | RB 1] Throughput = 1.09020 Mbps
6183[UE 1 | RB 1] Throughput = 0.95651 Mbps
6293[UE 1 | RB 1] Throughput = 1.09301 Mbps
6403[UE 1 | RB 1] Throughput = 1.08653 Mbps
6513[UE 1 | RB 1] Throughput = 1.09116 Mbps
6623[UE 1 | RB 1] Throughput = 1.08885 Mbps
6733[UE 1 | RB 1] Throughput = 1.08758 Mbps
6843[UE 1 | RB 1] Throughput = 0.98236 Mbps
6953[UE 1 | RB 1] Throughput = 1.09335 Mbps
7053[UE 1 | RB 1] Throughput = 1.07672 Mbps
7164[UE 1 | RB 1] Throughput = 1.08416 Mbps
10499[UE 1 | RB 1] Throughput = 0.01797 Mbps
10604[UE 1 | RB 1] Throughput = 34.43285 Mbps
10713[UE 1 | RB 1] Throughput = 0.98346 Mbps
10823[UE 1 | RB 1] Throughput = 1.08908 Mbps
10923[UE 1 | RB 1] Throughput = 1.07846 Mbps
11023[UE 1 | RB 1] Throughput = 1.07745 Mbps
11133[UE 1 | RB 1] Throughput = 1.09047 Mbps
11243[UE 1 | RB 1] Throughput = 1.08912 Mbps
11353[UE 1 | RB 1] Throughput = 0.98175 Mbps
11454[UE 1 | RB 1] Throughput = 1.07219 Mbps
11563[UE 1 | RB 1] Throughput = 1.09378 Mbps
11663[UE 1 | RB 1] Throughput = 1.07753 Mbps
11773[UE 1 | RB 1] Throughput = 1.08941 Mbps
11883[UE 1 | RB 1] Throughput = 1.09210 Mbps
11983[UE 1 | RB 1] Throughput = 1.07613 Mbps
12083[UE 1 | RB 1] Throughput = 1.07840 Mbps
12184[UE 1 | RB 1] Throughput = 0.95684 Mbps
12293[UE 1 | RB 1] Throughput = 1.09210 Mbps
12403[UE 1 | RB 1] Throughput = 1.09015 Mbps
12504[UE 1 | RB 1] Throughput = 1.07591 Mbps
15619[UE 1 | RB 1] Throughput = 0.00769 Mbps
15723[UE 1 | RB 1] Throughput = 32.73972 Mbps
15823[UE 1 | RB 1] Throughput = 1.07734 Mbps
15924[UE 1 | RB 1] Throughput = 1.07678 Mbps
16024[UE 1 | RB 1] Throughput = 1.07789 Mbps
16133[UE 1 | RB 1] Throughput = 1.09424 Mbps
16233[UE 1 | RB 1] Throughput = 1.07642 Mbps
16334[UE 1 | RB 1] Throughput = 1.07664 Mbps
16443[UE 1 | RB 1] Throughput = 0.98332 Mbps
16543[UE 1 | RB 1] Throughput = 1.07689 Mbps
16643[UE 1 | RB 1] Throughput = 1.07832 Mbps
16744[UE 1 | RB 1] Throughput = 1.07698 Mbps
16844[UE 1 | RB 1] Throughput = 1.07816 Mbps
16944[UE 1 | RB 1] Throughput = 1.07436 Mbps
18179[UE 1 | RB 1] Throughput = 0.02912 Mbps
18284[UE 1 | RB 1] Throughput = 13.24262 Mbps
18384[UE 1 | RB 1] Throughput = 1.07420 Mbps
18494[UE 1 | RB 1] Throughput = 1.08984 Mbps
18604[UE 1 | RB 1] Throughput = 1.09030 Mbps
18704[UE 1 | RB 1] Throughput = 1.07846 Mbps
18814[UE 1 | RB 1] Throughput = 1.09154 Mbps
18924[UE 1 | RB 1] Throughput = 0.98124 Mbps
19024[UE 1 | RB 1] Throughput = 1.07610 Mbps
19133[UE 1 | RB 1] Throughput = 1.09293 Mbps
19234[UE 1 | RB 1] Throughput = 1.07431 Mbps
19344[UE 1 | RB 1] Throughput = 1.08796 Mbps
19454[UE 1 | RB 1] Throughput = 1.09274 Mbps
19554[UE 1 | RB 1] Throughput = 1.07417 Mbps
19664[UE 1 | RB 1] Throughput = 0.98205 Mbps
19774[UE 1 | RB 1] Throughput = 1.09075 Mbps
19884[UE 1 | RB 1] Throughput = 1.09133 Mbps
19994[UE 1 | RB 1] Throughput = 1.08886 Mbps
20094[UE 1 | RB 1] Throughput = 1.07749 Mbps
20204[UE 1 | RB 1] Throughput = 1.08820 Mbps
20304[UE 1 | RB 1] Throughput = 1.07702 Mbps
20414[UE 1 | RB 1] Throughput = 0.98215 Mbps
20524[UE 1 | RB 1] Throughput = 1.08843 Mbps
20634[UE 1 | RB 1] Throughput = 1.08977 Mbps
20734[UE 1 | RB 1] Throughput = 1.07552 Mbps
20834[UE 1 | RB 1] Throughput = 1.07712 Mbps
20944[UE 1 | RB 1] Throughput = 1.09091 Mbps
21054[UE 1 | RB 1] Throughput = 0.98346 Mbps
21154[UE 1 | RB 1] Throughput = 1.07814 Mbps
21254[UE 1 | RB 1] Throughput = 1.07761 Mbps
21354[UE 1 | RB 1] Throughput = 1.07771 Mbps
21454[UE 1 | RB 1] Throughput = 1.07764 Mbps
21564[UE 1 | RB 1] Throughput = 1.09041 Mbps
21674[UE 1 | RB 1] Throughput = 1.08722 Mbps
21774[UE 1 | RB 1] Throughput = 1.07745 Mbps
21884[UE 1 | RB 1] Throughput = 0.98404 Mbps
21984[UE 1 | RB 1] Throughput = 1.07820 Mbps
22094[UE 1 | RB 1] Throughput = 1.08683 Mbps
22204[UE 1 | RB 1] Throughput = 1.09209 Mbps
22314[UE 1 | RB 1] Throughput = 1.08765 Mbps
22424[UE 1 | RB 1] Throughput = 1.09205 Mbps
22534[UE 1 | RB 1] Throughput = 0.97954 Mbps
22634[UE 1 | RB 1] Throughput = 1.07816 Mbps
22734[UE 1 | RB 1] Throughput = 1.07558 Mbps
22844[UE 1 | RB 1] Throughput = 1.09157 Mbps
22954[UE 1 | RB 1] Throughput = 1.09040 Mbps
23054[UE 1 | RB 1] Throughput = 1.07706 Mbps
23164[UE 1 | RB 1] Throughput = 1.09096 Mbps
23274[UE 1 | RB 1] Throughput = 0.97742 Mbps
23374[UE 1 | RB 1] Throughput = 1.07850 Mbps
23484[UE 1 | RB 1] Throughput = 1.09321 Mbps
23584[UE 1 | RB 1] Throughput = 1.07727 Mbps
23694[UE 1 | RB 1] Throughput = 1.09111 Mbps
23794[UE 1 | RB 1] Throughput = 1.07778 Mbps
23894[UE 1 | RB 1] Throughput = 1.07438 Mbps
24004[UE 1 | RB 1] Throughput = 0.98349 Mbps
24104[UE 1 | RB 1] Throughput = 1.07568 Mbps
24214[UE 1 | RB 1] Throughput = 1.09345 Mbps
24314[UE 1 | RB 1] Throughput = 1.07599 Mbps
24414[UE 1 | RB 1] Throughput = 1.07841 Mbps
24514[UE 1 | RB 1] Throughput = 1.07671 Mbps
24624[UE 1 | RB 1] Throughput = 1.08947 Mbps
24734[UE 1 | RB 1] Throughput = 1.08928 Mbps
24844[UE 1 | RB 1] Throughput = 0.98217 Mbps
24954[UE 1 | RB 1] Throughput = 1.08854 Mbps
25064[UE 1 | RB 1] Throughput = 1.09453 Mbps
25164[UE 1 | RB 1] Throughput = 1.07392 Mbps
25264[UE 1 | RB 1] Throughput = 1.07781 Mbps
25364[UE 1 | RB 1] Throughput = 1.07770 Mbps
25464[UE 1 | RB 1] Throughput = 1.07846 Mbps
25574[UE 1 | RB 1] Throughput = 0.98480 Mbps
25674[UE 1 | RB 1] Throughput = 1.07498 Mbps
25775[UE 1 | RB 1] Throughput = 1.07283 Mbps
25884[UE 1 | RB 1] Throughput = 1.09403 Mbps
25994[UE 1 | RB 1] Throughput = 1.08933 Mbps
26104[UE 1 | RB 1] Throughput = 1.09538 Mbps
26204[UE 1 | RB 1] Throughput = 1.07491 Mbps
26314[UE 1 | RB 1] Throughput = 0.65094 Mbps
27460[UE 1 | RB 1] Throughput = 0.07323 Mbps
27564[UE 1 | RB 1] Throughput = 12.39712 Mbps
27674[UE 1 | RB 1] Throughput = 1.09141 Mbps
27774[UE 1 | RB 1] Throughput = 1.07719 Mbps
27884[UE 1 | RB 1] Throughput = 0.97969 Mbps
27984[UE 1 | RB 1] Throughput = 1.07727 Mbps
39364[UE 1 | RB 1] Throughput = 0.00632 Mbps
39465[UE 1 | RB 1] Throughput = 120.90295 Mbps
39565[UE 1 | RB 1] Throughput = 1.07703 Mbps
39665[UE 1 | RB 1] Throughput = 1.07589 Mbps
39765[UE 1 | RB 1] Throughput = 1.07457 Mbps
39875[UE 1 | RB 1] Throughput = 1.09327 Mbps
39975[UE 1 | RB 1] Throughput = 1.07839 Mbps
40085[UE 1 | RB 1] Throughput = 0.98296 Mbps
40185[UE 1 | RB 1] Throughput = 1.07803 Mbps
40295[UE 1 | RB 1] Throughput = 1.09025 Mbps
40395[UE 1 | RB 1] Throughput = 1.07522 Mbps
40505[UE 1 | RB 1] Throughput = 1.09099 Mbps
40616[UE 1 | RB 1] Throughput = 1.08190 Mbps
40725[UE 1 | RB 1] Throughput = 0.98935 Mbps
40825[UE 1 | RB 1] Throughput = 1.07471 Mbps
40935[UE 1 | RB 1] Throughput = 1.08852 Mbps
41045[UE 1 | RB 1] Throughput = 1.09444 Mbps
41145[UE 1 | RB 1] Throughput = 1.07582 Mbps
41255[UE 1 | RB 1] Throughput = 1.08766 Mbps
41355[UE 1 | RB 1] Throughput = 1.07727 Mbps
41455[UE 1 | RB 1] Throughput = 0.95541 Mbps
41556[UE 1 | RB 1] Throughput = 1.07722 Mbps
41665[UE 1 | RB 1] Throughput = 1.09595 Mbps
41775[UE 1 | RB 1] Throughput = 1.08678 Mbps
41885[UE 1 | RB 1] Throughput = 1.09524 Mbps
41995[UE 1 | RB 1] Throughput = 1.08398 Mbps
42104[UE 1 | RB 1] Throughput = 0.98668 Mbps
42205[UE 1 | RB 1] Throughput = 1.07376 Mbps
42315[UE 1 | RB 1] Throughput = 1.09233 Mbps
42415[UE 1 | RB 1] Throughput = 1.07526 Mbps
42525[UE 1 | RB 1] Throughput = 1.08931 Mbps
42625[UE 1 | RB 1] Throughput = 1.07759 Mbps
42735[UE 1 | RB 1] Throughput = 1.08973 Mbps
42845[UE 1 | RB 1] Throughput = 0.97989 Mbps
42945[UE 1 | RB 1] Throughput = 1.07720 Mbps
43055[UE 1 | RB 1] Throughput = 1.08994 Mbps
43165[UE 1 | RB 1] Throughput = 1.08902 Mbps
43275[UE 1 | RB 1] Throughput = 1.08924 Mbps
43385[UE 1 | RB 1] Throughput = 1.09302 Mbps
43495[UE 1 | RB 1] Throughput = 0.98195 Mbps
43595[UE 1 | RB 1] Throughput = 1.07650 Mbps
43695[UE 1 | RB 1] Throughput = 1.07530 Mbps
43805[UE 1 | RB 1] Throughput = 1.09029 Mbps
43915[UE 1 | RB 1] Throughput = 1.09109 Mbps
44015[UE 1 | RB 1] Throughput = 1.07567 Mbps
44125[UE 1 | RB 1] Throughput = 1.09267 Mbps
44226[UE 1 | RB 1] Throughput = 0.95200 Mbps
44335[UE 1 | RB 1] Throughput = 1.09629 Mbps
51656[UE 1 | RB 1] Throughput = 0.00327 Mbps
51765[UE 1 | RB 1] Throughput = 72.58438 Mbps
51866[UE 1 | RB 1] Throughput = 1.07747 Mbps
51966[UE 1 | RB 1] Throughput = 1.07844 Mbps
52076[UE 1 | RB 1] Throughput = 0.98037 Mbps
52185[UE 1 | RB 1] Throughput = 1.09180 Mbps
52285[UE 1 | RB 1] Throughput = 1.07739 Mbps
52395[UE 1 | RB 1] Throughput = 1.09086 Mbps
52495[UE 1 | RB 1] Throughput = 1.07757 Mbps
52596[UE 1 | RB 1] Throughput = 1.07512 Mbps
52706[UE 1 | RB 1] Throughput = 1.09051 Mbps
52815[UE 1 | RB 1] Throughput = 0.98191 Mbps
52915[UE 1 | RB 1] Throughput = 1.07775 Mbps
53016[UE 1 | RB 1] Throughput = 1.07745 Mbps
53126[UE 1 | RB 1] Throughput = 1.09038 Mbps
53235[UE 1 | RB 1] Throughput = 1.09106 Mbps
54341[UE 1 | RB 1] Throughput = 0.06506 Mbps
54446[UE 1 | RB 1] Throughput = 11.61185 Mbps
54556[UE 1 | RB 1] Throughput = 1.09214 Mbps
54656[UE 1 | RB 1] Throughput = 1.07546 Mbps
54766[UE 1 | RB 1] Throughput = 0.98106 Mbps
54866[UE 1 | RB 1] Throughput = 1.07837 Mbps
54976[UE 1 | RB 1] Throughput = 1.08936 Mbps
55086[UE 1 | RB 1] Throughput = 1.09203 Mbps
55196[UE 1 | RB 1] Throughput = 1.08825 Mbps
55306[UE 1 | RB 1] Throughput = 0.98049 Mbps
55415[UE 1 | RB 1] Throughput = 1.09154 Mbps
55516[UE 1 | RB 1] Throughput = 1.07600 Mbps
55626[UE 1 | RB 1] Throughput = 1.09053 Mbps
55726[UE 1 | RB 1] Throughput = 1.07519 Mbps
55836[UE 1 | RB 1] Throughput = 1.09151 Mbps
55946[UE 1 | RB 1] Throughput = 1.08949 Mbps
56056[UE 1 | RB 1] Throughput = 0.98068 Mbps
56156[UE 1 | RB 1] Throughput = 1.07798 Mbps
56256[UE 1 | RB 1] Throughput = 1.07354 Mbps
56366[UE 1 | RB 1] Throughput = 1.09639 Mbps
56466[UE 1 | RB 1] Throughput = 1.07534 Mbps
56575[UE 1 | RB 1] Throughput = 1.09286 Mbps
56676[UE 1 | RB 1] Throughput = 1.07776 Mbps
56776[UE 1 | RB 1] Throughput = 1.07464 Mbps
56886[UE 1 | RB 1] Throughput = 0.98290 Mbps
56986[UE 1 | RB 1] Throughput = 1.07587 Mbps
57086[UE 1 | RB 1] Throughput = 1.07838 Mbps
57186[UE 1 | RB 1] Throughput = 1.07846 Mbps
57296[UE 1 | RB 1] Throughput = 1.09178 Mbps
57396[UE 1 | RB 1] Throughput = 1.07472 Mbps
57496[UE 1 | RB 1] Throughput = 1.07613 Mbps
57606[UE 1 | RB 1] Throughput = 1.09338 Mbps
57715[UE 1 | RB 1] Throughput = 0.98410 Mbps
57816[UE 1 | RB 1] Throughput = 1.06949 Mbps
57926[UE 1 | RB 1] Throughput = 1.09310 Mbps
58077[UE 1 | RB 1] Throughput = 0.39712 Mbps
58186[UE 1 | RB 1] Throughput = 1.97692 Mbps
58296[UE 1 | RB 1] Throughput = 1.09111 Mbps
58396[UE 1 | RB 1] Throughput = 1.07764 Mbps
58496[UE 1 | RB 1] Throughput = 1.07783 Mbps
58606[UE 1 | RB 1] Throughput = 1.08972 Mbps
58715[UE 1 | RB 1] Throughput = 1.09447 Mbps
58815[UE 1 | RB 1] Throughput = 0.95859 Mbps
58926[UE 1 | RB 1] Throughput = 1.08685 Mbps
59026[UE 1 | RB 1] Throughput = 1.07527 Mbps
59136[UE 1 | RB 1] Throughput = 1.09144 Mbps
59246[UE 1 | RB 1] Throughput = 1.08705 Mbps
59346[UE 1 | RB 1] Throughput = 1.07774 Mbps
59446[UE 1 | RB 1] Throughput = 1.07787 Mbps
59556[UE 1 | RB 1] Throughput = 0.98234 Mbps
59666[UE 1 | RB 1] Throughput = 1.08650 Mbps
59776[UE 1 | RB 1] Throughput = 1.09513 Mbps
59876[UE 1 | RB 1] Throughput = 1.07560 Mbps
59986[UE 1 | RB 1] Throughput = 1.08801 Mbps
60096[UE 1 | RB 1] Throughput = 1.09015 Mbps
60206[UE 1 | RB 1] Throughput = 0.97665 Mbps
60316[UE 1 | RB 1] Throughput = 1.09599 Mbps
60426[UE 1 | RB 1] Throughput = 1.09089 Mbps
60526[UE 1 | RB 1] Throughput = 1.07480 Mbps
60626[UE 1 | RB 1] Throughput = 1.07689 Mbps
60736[UE 1 | RB 1] Throughput = 1.09578 Mbps
60836[UE 1 | RB 1] Throughput = 1.07358 Mbps
60946[UE 1 | RB 1] Throughput = 0.98118 Mbps
61046[UE 1 | RB 1] Throughput = 1.07749 Mbps
61146[UE 1 | RB 1] Throughput = 1.07662 Mbps
61256[UE 1 | RB 1] Throughput = 1.09060 Mbps
61366[UE 1 | RB 1] Throughput = 1.09227 Mbps
61466[UE 1 | RB 1] Throughput = 1.07501 Mbps
61566[UE 1 | RB 1] Throughput = 1.07786 Mbps
61676[UE 1 | RB 1] Throughput = 1.09368 Mbps
61786[UE 1 | RB 1] Throughput = 0.97686 Mbps
61896[UE 1 | RB 1] Throughput = 1.09272 Mbps
61996[UE 1 | RB 1] Throughput = 1.07756 Mbps
62106[UE 1 | RB 1] Throughput = 1.08812 Mbps
62216[UE 1 | RB 1] Throughput = 1.09182 Mbps
62316[UE 1 | RB 1] Throughput = 1.07655 Mbps
62426[UE 1 | RB 1] Throughput = 0.97802 Mbps
62536[UE 1 | RB 1] Throughput = 1.09042 Mbps
62646[UE 1 | RB 1] Throughput = 1.09030 Mbps
62747[UE 1 | RB 1] Throughput = 1.07479 Mbps
62856[UE 1 | RB 1] Throughput = 1.09284 Mbps
62956[UE 1 | RB 1] Throughput = 1.07701 Mbps
63066[UE 1 | RB 1] Throughput = 0.97883 Mbps
63176[UE 1 | RB 1] Throughput = 1.09642 Mbps
63276[UE 1 | RB 1] Throughput = 1.07488 Mbps
63376[UE 1 | RB 1] Throughput = 1.07664 Mbps
63476[UE 1 | RB 1] Throughput = 1.07841 Mbps
63586[UE 1 | RB 1] Throughput = 1.08857 Mbps
63696[UE 1 | RB 1] Throughput = 1.09438 Mbps
63796[UE 1 | RB 1] Throughput = 1.07566 Mbps
63906[UE 1 | RB 1] Throughput = 0.98148 Mbps
64007[UE 1 | RB 1] Throughput = 1.07382 Mbps
65157[UE 1 | RB 1] Throughput = 0.06249 Mbps
65266[UE 1 | RB 1] Throughput = 11.75387 Mbps
65376[UE 1 | RB 1] Throughput = 0.98167 Mbps
65476[UE 1 | RB 1] Throughput = 1.07714 Mbps
65576[UE 1 | RB 1] Throughput = 1.07692 Mbps
65677[UE 1 | RB 1] Throughput = 1.07689 Mbps
65786[UE 1 | RB 1] Throughput = 1.09127 Mbps
65896[UE 1 | RB 1] Throughput = 1.09009 Mbps
66006[UE 1 | RB 1] Throughput = 1.09316 Mbps
66116[UE 1 | RB 1] Throughput = 0.97891 Mbps
66216[UE 1 | RB 1] Throughput = 1.07844 Mbps
66317[UE 1 | RB 1] Throughput = 1.07374 Mbps
66426[UE 1 | RB 1] Throughput = 1.09228 Mbps
66536[UE 1 | RB 1] Throughput = 1.08984 Mbps
66636[UE 1 | RB 1] Throughput = 1.07720 Mbps
66746[UE 1 | RB 1] Throughput = 1.09145 Mbps
66846[UE 1 | RB 1] Throughput = 1.07789 Mbps
66946[UE 1 | RB 1] Throughput = 0.95684 Mbps
67056[UE 1 | RB 1] Throughput = 1.09256 Mbps
67156[UE 1 | RB 1] Throughput = 1.07682 Mbps
67257[UE 1 | RB 1] Throughput = 1.07521 Mbps
67366[UE 1 | RB 1] Throughput = 1.09542 Mbps
67466[UE 1 | RB 1] Throughput = 1.07596 Mbps
67566[UE 1 | RB 1] Throughput = 1.07698 Mbps
67676[UE 1 | RB 1] Throughput = 1.09211 Mbps
67776[UE 1 | RB 1] Throughput = 0.95592 Mbps
67877[UE 1 | RB 1] Throughput = 1.07640 Mbps
67986[UE 1 | RB 1] Throughput = 1.09425 Mbps
68086[UE 1 | RB 1] Throughput = 1.07581 Mbps
68187[UE 1 | RB 1] Throughput = 1.07754 Mbps
68287[UE 1 | RB 1] Throughput = 1.07764 Mbps
68397[UE 1 | RB 1] Throughput = 1.08903 Mbps
68506[UE 1 | RB 1] Throughput = 1.09132 Mbps
68616[UE 1 | RB 1] Throughput = 0.98341 Mbps
68797[UE 1 | RB 1] Throughput = 0.59586 Mbps
68906[UE 1 | RB 1] Throughput = 1.86370 Mbps
69016[UE 1 | RB 1] Throughput = 1.08948 Mbps
69126[UE 1 | RB 1] Throughput = 1.09044 Mbps
69236[UE 1 | RB 1] Throughput = 1.09015 Mbps
69336[UE 1 | RB 1] Throughput = 1.07757 Mbps
69436[UE 1 | RB 1] Throughput = 0.95860 Mbps
69537[UE 1 | RB 1] Throughput = 1.07659 Mbps
69637[UE 1 | RB 1] Throughput = 1.07852 Mbps
69747[UE 1 | RB 1] Throughput = 1.08904 Mbps
69856[UE 1 | RB 1] Throughput = 1.09150 Mbps
69956[UE 1 | RB 1] Throughput = 1.07856 Mbps
70057[UE 1 | RB 1] Throughput = 1.07701 Mbps
70157[UE 1 | RB 1] Throughput = 1.07805 Mbps
70267[UE 1 | RB 1] Throughput = 0.98084 Mbps
70377[UE 1 | RB 1] Throughput = 1.08914 Mbps
70486[UE 1 | RB 1] Throughput = 1.09278 Mbps
70596[UE 1 | RB 1] Throughput = 1.08721 Mbps
70697[UE 1 | RB 1] Throughput = 1.07816 Mbps
70807[UE 1 | RB 1] Throughput = 1.08837 Mbps
70907[UE 1 | RB 1] Throughput = 1.07644 Mbps
71017[UE 1 | RB 1] Throughput = 0.98080 Mbps
71127[UE 1 | RB 1] Throughput = 1.09143 Mbps
71237[UE 1 | RB 1] Throughput = 1.08976 Mbps
71337[UE 1 | RB 1] Throughput = 1.07781 Mbps
71446[UE 1 | RB 1] Throughput = 1.09337 Mbps
71546[UE 1 | RB 1] Throughput = 1.07641 Mbps
71646[UE 1 | RB 1] Throughput = 1.07800 Mbps
74823[UE 1 | RB 1] Throughput = 0.01509 Mbps
74927[UE 1 | RB 1] Throughput = 33.33229 Mbps
75037[UE 1 | RB 1] Throughput = 1.08889 Mbps
75137[UE 1 | RB 1] Throughput = 1.07705 Mbps
75247[UE 1 | RB 1] Throughput = 1.09105 Mbps
75357[UE 1 | RB 1] Throughput = 0.97897 Mbps
75467[UE 1 | RB 1] Throughput = 1.09171 Mbps
75567[UE 1 | RB 1] Throughput = 1.07601 Mbps
75677[UE 1 | RB 1] Throughput = 1.09268 Mbps
75777[UE 1 | RB 1] Throughput = 1.07683 Mbps
75877[UE 1 | RB 1] Throughput = 1.07556 Mbps
75987[UE 1 | RB 1] Throughput = 1.09055 Mbps
76087[UE 1 | RB 1] Throughput = 0.95758 Mbps
76197[UE 1 | RB 1] Throughput = 1.09046 Mbps
76297[UE 1 | RB 1] Throughput = 1.07801 Mbps
76407[UE 1 | RB 1] Throughput = 1.09280 Mbps
76507[UE 1 | RB 1] Throughput = 1.07441 Mbps
76607[UE 1 | RB 1] Throughput = 1.07842 Mbps
76717[UE 1 | RB 1] Throughput = 1.09365 Mbps
76817[UE 1 | RB 1] Throughput = 1.07180 Mbps
76927[UE 1 | RB 1] Throughput = 0.98469 Mbps
77037[UE 1 | RB 1] Throughput = 1.08948 Mbps
77147[UE 1 | RB 1] Throughput = 1.09050 Mbps
77247[UE 1 | RB 1] Throughput = 1.07518 Mbps
77347[UE 1 | RB 1] Throughput = 1.07814 Mbps
77457[UE 1 | RB 1] Throughput = 1.09231 Mbps
77557[UE 1 | RB 1] Throughput = 1.07586 Mbps
77657[UE 1 | RB 1] Throughput = 0.95866 Mbps
78919[UE 1 | RB 1] Throughput = 0.06645 Mbps
80711[UE 1 | RB 1] Throughput = 0.04682 Mbps
80817[UE 1 | RB 1] Throughput = 30.20656 Mbps
80927[UE 1 | RB 1] Throughput = 1.08980 Mbps
81037[UE 1 | RB 1] Throughput = 1.09449 Mbps
81137[UE 1 | RB 1] Throughput = 1.07492 Mbps
81247[UE 1 | RB 1] Throughput = 1.08940 Mbps
81357[UE 1 | RB 1] Throughput = 0.98012 Mbps
84487[UE 1 | RB 1] Throughput = 0.03063 Mbps
84588[UE 1 | RB 1] Throughput = 33.38029 Mbps
84697[UE 1 | RB 1] Throughput = 1.09552 Mbps
84797[UE 1 | RB 1] Throughput = 1.07396 Mbps
84907[UE 1 | RB 1] Throughput = 1.09054 Mbps
85008[UE 1 | RB 1] Throughput = 1.07412 Mbps
85711[UE 1 | RB 1] Throughput = 0.13634 Mbps
85818[UE 1 | RB 1] Throughput = 7.19011 Mbps
85927[UE 1 | RB 1] Throughput = 1.09144 Mbps
86027[UE 1 | RB 1] Throughput = 1.07853 Mbps
86128[UE 1 | RB 1] Throughput = 1.07674 Mbps
86237[UE 1 | RB 1] Throughput = 1.09050 Mbps
86338[UE 1 | RB 1] Throughput = 0.95761 Mbps
86447[UE 1 | RB 1] Throughput = 1.09249 Mbps
86547[UE 1 | RB 1] Throughput = 1.07634 Mbps
86648[UE 1 | RB 1] Throughput = 1.07721 Mbps
87943[UE 1 | RB 1] Throughput = 0.05552 Mbps
88048[UE 1 | RB 1] Throughput = 13.59455 Mbps
88148[UE 1 | RB 1] Throughput = 1.07826 Mbps
88248[UE 1 | RB 1] Throughput = 1.07473 Mbps
88358[UE 1 | RB 1] Throughput = 1.09407 Mbps
88467[UE 1 | RB 1] Throughput = 0.98212 Mbps
88568[UE 1 | RB 1] Throughput = 1.07282 Mbps
88677[UE 1 | RB 1] Throughput = 1.09514 Mbps
88777[UE 1 | RB 1] Throughput = 1.07821 Mbps
88877[UE 1 | RB 1] Throughput = 1.07846 Mbps
88978[UE 1 | RB 1] Throughput = 1.07554 Mbps
89088[UE 1 | RB 1] Throughput = 1.08985 Mbps
89188[UE 1 | RB 1] Throughput = 1.07816 Mbps
89297[UE 1 | RB 1] Throughput = 0.98406 Mbps
89397[UE 1 | RB 1] Throughput = 1.07827 Mbps
89507[UE 1 | RB 1] Throughput = 1.08831 Mbps
89607[UE 1 | RB 1] Throughput = 1.07811 Mbps
89717[UE 1 | RB 1] Throughput = 1.09235 Mbps
89817[UE 1 | RB 1] Throughput = 1.07844 Mbps
89918[UE 1 | RB 1] Throughput = 1.07398 Mbps
90027[UE 1 | RB 1] Throughput = 0.98370 Mbps
[xApp]: E42 RIC_SUBSCRIPTION_DELETE_REQUEST tx RAN_FUNC_ID 144 RIC_REQ_ID 1 
[xApp]: E42 SUBSCRIPTION DELETE RESPONSE rx
[xApp]: E42 RIC_SUBSCRIPTION_DELETE_REQUEST tx RAN_FUNC_ID 144 RIC_REQ_ID 2 
[xApp]: E42 SUBSCRIPTION DELETE RESPONSE rx
[xApp]: E42 RIC_SUBSCRIPTION_DELETE_REQUEST tx RAN_FUNC_ID 144 RIC_REQ_ID 3 
[xApp]: E42 SUBSCRIPTION DELETE RESPONSE rx
[xApp]: Sucessfully stopped 
Test xApp run SUCCESSFULLY
