[UTIL]: Setting the config -c file to /usr/local/etc/flexric/flexric.conf
[UTIL]: Setting path -p for the shared libraries to /usr/local/lib/flexric/
[xAapp]: Initializing ... 
[xApp]: nearRT-RIC IP Address = 192.168.70.150, PORT = 36422
[E2 AGENT]: Opening plugin from path = /usr/local/lib/flexric/libkpm_sm.so 
[E2 AGENT]: Opening plugin from path = /usr/local/lib/flexric/libmac_sm.so 
[E2 AGENT]: Opening plugin from path = /usr/local/lib/flexric/libpdcp_sm.so 
[E2 AGENT]: Opening plugin from path = /usr/local/lib/flexric/libgtp_sm.so 
[E2 AGENT]: Opening plugin from path = /usr/local/lib/flexric/librc_sm.so 
[E2 AGENT]: Opening plugin from path = /usr/local/lib/flexric/libtc_sm.so 
[E2 AGENT]: Opening plugin from path = /usr/local/lib/flexric/librlc_sm.so 
[E2 AGENT]: Opening plugin from path = /usr/local/lib/flexric/libslice_sm.so 
[NEAR-RIC]: Loading SM ID = 2 with def = ORAN-E2SM-KPM 
[NEAR-RIC]: Loading SM ID = 142 with def = MAC_STATS_V0 
[NEAR-RIC]: Loading SM ID = 144 with def = PDCP_STATS_V0 
[NEAR-RIC]: Loading SM ID = 148 with def = GTP_STATS_V0 
[NEAR-RIC]: Loading SM ID = 3 with def = ORAN-E2SM-RC 
[NEAR-RIC]: Loading SM ID = 146 with def = TC_STATS_V0 
[NEAR-RIC]: Loading SM ID = 143 with def = RLC_STATS_V0 
[NEAR-RIC]: Loading SM ID = 145 with def = SLICE_STATS_V0 
[xApp]: DB filename = /tmp/flexric/xapp_db 
 [xApp]: E42 SETUP-REQUEST tx
[xApp]: E42 SETUP-RESPONSE rx 
[xApp]: xApp ID = 17 
[xApp]: Registered E2 Nodes = 3 
Connected E2 nodes = 3
[xAPP] Registered node 0 ran func id = 2 
 [xAPP] Registered node 0 ran func id = 3 
 [xAPP] Registered node 0 ran func id = 142 
 [xAPP] Registered node 0 ran func id = 143 
 [xAPP] Registered node 0 ran func id = 144 
 [xAPP] Registered node 0 ran func id = 145 
 [xAPP] Registered node 0 ran func id = 146 
 [xAPP] Registered node 0 ran func id = 148 
 [xApp]: E42 RIC SUBSCRIPTION REQUEST tx RAN_FUNC_ID 144 RIC_REQ_ID 1 
[xApp]: SUBSCRIPTION RESPONSE rx
[xApp]: Successfully subscribed to RAN_FUNC_ID 144 
[xAPP] Registered node 1 ran func id = 2 
 [xAPP] Registered node 1 ran func id = 3 
 [xAPP] Registered node 1 ran func id = 142 
 [xAPP] Registered node 1 ran func id = 143 
 [xAPP] Registered node 1 ran func id = 144 
 [xAPP] Registered node 1 ran func id = 145 
 [xAPP] Registered node 1 ran func id = 146 
 [xAPP] Registered node 1 ran func id = 148 
 [xApp]: E42 RIC SUBSCRIPTION REQUEST tx RAN_FUNC_ID 144 RIC_REQ_ID 2 
[xApp]: SUBSCRIPTION RESPONSE rx
[xApp]: Successfully subscribed to RAN_FUNC_ID 144 
[xAPP] Registered node 2 ran func id = 2 
 [xAPP] Registered node 2 ran func id = 3 
 [xAPP] Registered node 2 ran func id = 142 
 [xAPP] Registered node 2 ran func id = 143 
 [xAPP] Registered node 2 ran func id = 144 
 [xAPP] Registered node 2 ran func id = 145 
 [xAPP] Registered node 2 ran func id = 146 
 [xAPP] Registered node 2 ran func id = 148 
 [xApp]: E42 RIC SUBSCRIPTION REQUEST tx RAN_FUNC_ID 144 RIC_REQ_ID 3 
[xApp]: SUBSCRIPTION RESPONSE rx
[xApp]: Successfully subscribed to RAN_FUNC_ID 144 
122[UE 1 | RB 1] Throughput = 1.09250 Mbps
223[UE 1 | RB 1] Throughput = 1.07724 Mbps
323[UE 1 | RB 1] Throughput = 1.07571 Mbps
434[UE 1 | RB 1] Throughput = 0.75809 Mbps
543[UE 1 | RB 1] Throughput = 1.08974 Mbps
653[UE 1 | RB 1] Throughput = 1.42342 Mbps
1703[UE 1 | RB 1] Throughput = 0.02282 Mbps
1813[UE 1 | RB 1] Throughput = 11.02625 Mbps
1923[UE 1 | RB 1] Throughput = 1.08899 Mbps
2984[UE 1 | RB 1] Throughput = 0.03389 Mbps
3093[UE 1 | RB 1] Throughput = 10.71191 Mbps
3224[UE 1 | RB 1] Throughput = 1.10447 Mbps
3364[UE 1 | RB 1] Throughput = 1.11219 Mbps
3473[UE 1 | RB 1] Throughput = 1.31351 Mbps
3584[UE 1 | RB 1] Throughput = 0.75680 Mbps
4713[UE 1 | RB 1] Throughput = 0.07432 Mbps
4813[UE 1 | RB 1] Throughput = 12.67440 Mbps
4913[UE 1 | RB 1] Throughput = 0.95596 Mbps
5043[UE 1 | RB 1] Throughput = 0.92221 Mbps
5153[UE 1 | RB 1] Throughput = 1.30849 Mbps
5263[UE 1 | RB 1] Throughput = 1.08857 Mbps
5373[UE 1 | RB 1] Throughput = 0.97885 Mbps
5483[UE 1 | RB 1] Throughput = 1.09084 Mbps
5583[UE 1 | RB 1] Throughput = 1.07687 Mbps
5693[UE 1 | RB 1] Throughput = 1.09086 Mbps
5803[UE 1 | RB 1] Throughput = 1.09139 Mbps
5914[UE 1 | RB 1] Throughput = 0.86642 Mbps
6023[UE 1 | RB 1] Throughput = 1.20536 Mbps
6133[UE 1 | RB 1] Throughput = 1.09223 Mbps
6244[UE 1 | RB 1] Throughput = 0.75460 Mbps
6353[UE 1 | RB 1] Throughput = 1.42888 Mbps
9448[UE 1 | RB 1] Throughput = 0.01162 Mbps
9553[UE 1 | RB 1] Throughput = 32.03124 Mbps
9654[UE 1 | RB 1] Throughput = 0.83164 Mbps
9763[UE 1 | RB 1] Throughput = 1.32187 Mbps
9874[UE 1 | RB 1] Throughput = 0.75571 Mbps
9983[UE 1 | RB 1] Throughput = 1.31988 Mbps
10083[UE 1 | RB 1] Throughput = 1.07729 Mbps
10183[UE 1 | RB 1] Throughput = 1.07642 Mbps
10293[UE 1 | RB 1] Throughput = 1.08854 Mbps
10393[UE 1 | RB 1] Throughput = 1.07773 Mbps
10504[UE 1 | RB 1] Throughput = 0.86587 Mbps
10613[UE 1 | RB 1] Throughput = 1.31814 Mbps
11752[UE 1 | RB 1] Throughput = 0.05262 Mbps
11854[UE 1 | RB 1] Throughput = 12.36156 Mbps
11963[UE 1 | RB 1] Throughput = 1.09348 Mbps
12073[UE 1 | RB 1] Throughput = 1.09044 Mbps
12194[UE 1 | RB 1] Throughput = 0.69515 Mbps
12303[UE 1 | RB 1] Throughput = 1.42438 Mbps
12424[UE 1 | RB 1] Throughput = 0.79568 Mbps
12533[UE 1 | RB 1] Throughput = 1.42377 Mbps
12644[UE 1 | RB 1] Throughput = 0.86388 Mbps
12754[UE 1 | RB 1] Throughput = 0.98049 Mbps
12864[UE 1 | RB 1] Throughput = 1.31502 Mbps
12984[UE 1 | RB 1] Throughput = 0.89294 Mbps
13093[UE 1 | RB 1] Throughput = 1.31916 Mbps
13193[UE 1 | RB 1] Throughput = 1.07755 Mbps
13294[UE 1 | RB 1] Throughput = 1.07622 Mbps
13424[UE 1 | RB 1] Throughput = 0.64157 Mbps
13533[UE 1 | RB 1] Throughput = 1.54238 Mbps
14569[UE 1 | RB 1] Throughput = 0.02315 Mbps
14674[UE 1 | RB 1] Throughput = 11.38752 Mbps
14784[UE 1 | RB 1] Throughput = 1.08883 Mbps
14894[UE 1 | RB 1] Throughput = 0.98328 Mbps
14994[UE 1 | RB 1] Throughput = 0.83359 Mbps
15104[UE 1 | RB 1] Throughput = 1.31122 Mbps
16232[UE 1 | RB 1] Throughput = 0.07434 Mbps
16334[UE 1 | RB 1] Throughput = 12.13552 Mbps
16454[UE 1 | RB 1] Throughput = 0.59860 Mbps
17512[UE 1 | RB 1] Throughput = 0.03398 Mbps
17614[UE 1 | RB 1] Throughput = 12.40164 Mbps
17714[UE 1 | RB 1] Throughput = 1.07702 Mbps
17814[UE 1 | RB 1] Throughput = 1.07742 Mbps
17934[UE 1 | RB 1] Throughput = 0.79508 Mbps
18044[UE 1 | RB 1] Throughput = 1.31468 Mbps
19178[UE 1 | RB 1] Throughput = 0.09512 Mbps
19315[UE 1 | RB 1] Throughput = 9.00257 Mbps
19424[UE 1 | RB 1] Throughput = 1.20694 Mbps
19545[UE 1 | RB 1] Throughput = 0.89529 Mbps
19654[UE 1 | RB 1] Throughput = 1.31373 Mbps
19764[UE 1 | RB 1] Throughput = 1.09090 Mbps
19895[UE 1 | RB 1] Throughput = 0.82384 Mbps
20004[UE 1 | RB 1] Throughput = 1.31618 Mbps
20104[UE 1 | RB 1] Throughput = 1.07836 Mbps
20234[UE 1 | RB 1] Throughput = 0.91959 Mbps
20354[UE 1 | RB 1] Throughput = 0.99781 Mbps
20464[UE 1 | RB 1] Throughput = 1.31398 Mbps
20574[UE 1 | RB 1] Throughput = 1.08963 Mbps
20694[UE 1 | RB 1] Throughput = 0.69580 Mbps
20804[UE 1 | RB 1] Throughput = 1.42356 Mbps
20904[UE 1 | RB 1] Throughput = 1.07598 Mbps
21015[UE 1 | RB 1] Throughput = 0.65090 Mbps
21124[UE 1 | RB 1] Throughput = 1.20095 Mbps
21234[UE 1 | RB 1] Throughput = 1.42213 Mbps
21344[UE 1 | RB 1] Throughput = 0.97879 Mbps
21475[UE 1 | RB 1] Throughput = 0.73466 Mbps
21584[UE 1 | RB 1] Throughput = 1.53658 Mbps
21694[UE 1 | RB 1] Throughput = 1.08857 Mbps
21795[UE 1 | RB 1] Throughput = 0.71464 Mbps
21904[UE 1 | RB 1] Throughput = 1.31187 Mbps
22005[UE 1 | RB 1] Throughput = 0.83349 Mbps
22114[UE 1 | RB 1] Throughput = 1.31503 Mbps
22225[UE 1 | RB 1] Throughput = 0.75599 Mbps
23338[UE 1 | RB 1] Throughput = 0.07534 Mbps
23444[UE 1 | RB 1] Throughput = 11.89552 Mbps
23554[UE 1 | RB 1] Throughput = 1.09331 Mbps
23654[UE 1 | RB 1] Throughput = 0.95712 Mbps
23754[UE 1 | RB 1] Throughput = 1.07631 Mbps
23885[UE 1 | RB 1] Throughput = 0.82632 Mbps
24936[UE 1 | RB 1] Throughput = 0.05699 Mbps
25044[UE 1 | RB 1] Throughput = 11.23483 Mbps
26089[UE 1 | RB 1] Throughput = 0.02294 Mbps
27177[UE 1 | RB 1] Throughput = 1.05737 Mbps
27285[UE 1 | RB 1] Throughput = 11.33281 Mbps
27394[UE 1 | RB 1] Throughput = 1.09264 Mbps
27494[UE 1 | RB 1] Throughput = 1.07805 Mbps
27595[UE 1 | RB 1] Throughput = 1.07277 Mbps
27705[UE 1 | RB 1] Throughput = 1.09315 Mbps
27805[UE 1 | RB 1] Throughput = 1.07424 Mbps
27914[UE 1 | RB 1] Throughput = 0.98591 Mbps
28014[UE 1 | RB 1] Throughput = 1.07679 Mbps
28115[UE 1 | RB 1] Throughput = 1.07814 Mbps
28255[UE 1 | RB 1] Throughput = 0.93878 Mbps
28365[UE 1 | RB 1] Throughput = 0.87286 Mbps
29417[UE 1 | RB 1] Throughput = 0.03417 Mbps
29525[UE 1 | RB 1] Throughput = 11.57197 Mbps
29625[UE 1 | RB 1] Throughput = 1.07816 Mbps
29725[UE 1 | RB 1] Throughput = 1.07832 Mbps
29834[UE 1 | RB 1] Throughput = 1.09517 Mbps
30889[UE 1 | RB 1] Throughput = 0.01136 Mbps
30994[UE 1 | RB 1] Throughput = 11.57984 Mbps
31105[UE 1 | RB 1] Throughput = 1.08916 Mbps
31205[UE 1 | RB 1] Throughput = 1.07732 Mbps
31314[UE 1 | RB 1] Throughput = 0.98201 Mbps
31425[UE 1 | RB 1] Throughput = 1.08872 Mbps
31525[UE 1 | RB 1] Throughput = 1.07552 Mbps
31635[UE 1 | RB 1] Throughput = 0.86880 Mbps
31745[UE 1 | RB 1] Throughput = 1.31151 Mbps
31854[UE 1 | RB 1] Throughput = 1.09307 Mbps
32937[UE 1 | RB 1] Throughput = 0.02214 Mbps
33044[UE 1 | RB 1] Throughput = 11.61240 Mbps
33155[UE 1 | RB 1] Throughput = 1.08707 Mbps
33265[UE 1 | RB 1] Throughput = 0.97986 Mbps
33365[UE 1 | RB 1] Throughput = 0.83334 Mbps
33466[UE 1 | RB 1] Throughput = 1.07265 Mbps
34537[UE 1 | RB 1] Throughput = 0.04474 Mbps
34645[UE 1 | RB 1] Throughput = 11.45974 Mbps
35754[UE 1 | RB 1] Throughput = 0.07564 Mbps
35855[UE 1 | RB 1] Throughput = 11.95500 Mbps
35965[UE 1 | RB 1] Throughput = 1.09152 Mbps
36065[UE 1 | RB 1] Throughput = 0.71509 Mbps
36185[UE 1 | RB 1] Throughput = 1.00008 Mbps
37291[UE 1 | RB 1] Throughput = 0.13009 Mbps
37426[UE 1 | RB 1] Throughput = 8.76885 Mbps
38441[UE 1 | RB 1] Throughput = 0.03541 Mbps
38545[UE 1 | RB 1] Throughput = 11.55329 Mbps
38645[UE 1 | RB 1] Throughput = 1.07659 Mbps
38756[UE 1 | RB 1] Throughput = 0.64943 Mbps
38885[UE 1 | RB 1] Throughput = 1.20210 Mbps
39016[UE 1 | RB 1] Throughput = 1.10553 Mbps
39125[UE 1 | RB 1] Throughput = 1.31292 Mbps
39234[UE 1 | RB 1] Throughput = 1.09562 Mbps
39346[UE 1 | RB 1] Throughput = 0.64729 Mbps
40426[UE 1 | RB 1] Throughput = 0.12201 Mbps
40536[UE 1 | RB 1] Throughput = 10.44462 Mbps
40645[UE 1 | RB 1] Throughput = 1.31715 Mbps
40755[UE 1 | RB 1] Throughput = 1.09189 Mbps
40855[UE 1 | RB 1] Throughput = 1.07811 Mbps
40955[UE 1 | RB 1] Throughput = 1.07748 Mbps
41066[UE 1 | RB 1] Throughput = 0.64846 Mbps
41176[UE 1 | RB 1] Throughput = 1.53265 Mbps
41316[UE 1 | RB 1] Throughput = 0.85383 Mbps
41425[UE 1 | RB 1] Throughput = 1.31706 Mbps
41525[UE 1 | RB 1] Throughput = 1.07763 Mbps
41625[UE 1 | RB 1] Throughput = 1.07542 Mbps
41735[UE 1 | RB 1] Throughput = 1.09035 Mbps
42858[UE 1 | RB 1] Throughput = 0.05336 Mbps
42965[UE 1 | RB 1] Throughput = 11.67134 Mbps
43065[UE 1 | RB 1] Throughput = 1.07731 Mbps
43175[UE 1 | RB 1] Throughput = 1.09064 Mbps
43275[UE 1 | RB 1] Throughput = 1.07757 Mbps
43385[UE 1 | RB 1] Throughput = 1.09129 Mbps
43485[UE 1 | RB 1] Throughput = 1.07596 Mbps
43585[UE 1 | RB 1] Throughput = 1.07791 Mbps
44650[UE 1 | RB 1] Throughput = 0.02251 Mbps
44755[UE 1 | RB 1] Throughput = 11.63584 Mbps
44855[UE 1 | RB 1] Throughput = 1.07813 Mbps
44965[UE 1 | RB 1] Throughput = 1.08988 Mbps
45066[UE 1 | RB 1] Throughput = 0.83213 Mbps
45206[UE 1 | RB 1] Throughput = 0.94016 Mbps
45315[UE 1 | RB 1] Throughput = 1.42685 Mbps
45426[UE 1 | RB 1] Throughput = 1.08617 Mbps
45546[UE 1 | RB 1] Throughput = 0.69796 Mbps
45646[UE 1 | RB 1] Throughput = 1.19257 Mbps
45755[UE 1 | RB 1] Throughput = 1.32050 Mbps
45855[UE 1 | RB 1] Throughput = 1.07817 Mbps
45955[UE 1 | RB 1] Throughput = 1.07762 Mbps
46055[UE 1 | RB 1] Throughput = 1.07814 Mbps
46165[UE 1 | RB 1] Throughput = 0.98145 Mbps
46265[UE 1 | RB 1] Throughput = 1.19686 Mbps
46366[UE 1 | RB 1] Throughput = 0.95594 Mbps
46475[UE 1 | RB 1] Throughput = 1.09208 Mbps
46586[UE 1 | RB 1] Throughput = 1.08757 Mbps
46686[UE 1 | RB 1] Throughput = 1.07767 Mbps
46806[UE 1 | RB 1] Throughput = 0.79929 Mbps
46915[UE 1 | RB 1] Throughput = 1.41789 Mbps
47015[UE 1 | RB 1] Throughput = 0.95864 Mbps
47125[UE 1 | RB 1] Throughput = 1.09148 Mbps
47235[UE 1 | RB 1] Throughput = 1.09187 Mbps
47346[UE 1 | RB 1] Throughput = 0.75676 Mbps
47446[UE 1 | RB 1] Throughput = 1.07715 Mbps
47555[UE 1 | RB 1] Throughput = 1.42360 Mbps
47686[UE 1 | RB 1] Throughput = 0.82625 Mbps
47795[UE 1 | RB 1] Throughput = 1.31330 Mbps
47946[UE 1 | RB 1] Throughput = 0.87571 Mbps
49002[UE 1 | RB 1] Throughput = 0.06809 Mbps
49106[UE 1 | RB 1] Throughput = 11.55976 Mbps
49216[UE 1 | RB 1] Throughput = 0.75805 Mbps
50346[UE 1 | RB 1] Throughput = 0.08488 Mbps
50456[UE 1 | RB 1] Throughput = 11.18924 Mbps
50566[UE 1 | RB 1] Throughput = 1.30864 Mbps
50667[UE 1 | RB 1] Throughput = 0.71374 Mbps
50776[UE 1 | RB 1] Throughput = 0.98537 Mbps
50886[UE 1 | RB 1] Throughput = 1.53444 Mbps
50986[UE 1 | RB 1] Throughput = 0.95621 Mbps
51106[UE 1 | RB 1] Throughput = 0.89549 Mbps
51206[UE 1 | RB 1] Throughput = 0.95832 Mbps
51316[UE 1 | RB 1] Throughput = 1.42298 Mbps
51426[UE 1 | RB 1] Throughput = 1.09195 Mbps
51526[UE 1 | RB 1] Throughput = 1.07706 Mbps
51667[UE 1 | RB 1] Throughput = 0.76393 Mbps
54763[UE 1 | RB 1] Throughput = 0.01548 Mbps
54866[UE 1 | RB 1] Throughput = 32.90239 Mbps
54966[UE 1 | RB 1] Throughput = 0.95393 Mbps
55096[UE 1 | RB 1] Throughput = 1.01578 Mbps
56171[UE 1 | RB 1] Throughput = 0.07807 Mbps
56296[UE 1 | RB 1] Throughput = 9.43502 Mbps
56406[UE 1 | RB 1] Throughput = 1.42506 Mbps
56506[UE 1 | RB 1] Throughput = 1.07518 Mbps
56616[UE 1 | RB 1] Throughput = 0.98190 Mbps
56716[UE 1 | RB 1] Throughput = 1.07538 Mbps
56826[UE 1 | RB 1] Throughput = 1.09062 Mbps
56957[UE 1 | RB 1] Throughput = 0.82543 Mbps
57066[UE 1 | RB 1] Throughput = 1.42957 Mbps
57166[UE 1 | RB 1] Throughput = 1.07512 Mbps
57276[UE 1 | RB 1] Throughput = 0.98121 Mbps
57386[UE 1 | RB 1] Throughput = 1.09181 Mbps
57486[UE 1 | RB 1] Throughput = 1.07292 Mbps
57617[UE 1 | RB 1] Throughput = 0.91951 Mbps
57737[UE 1 | RB 1] Throughput = 0.99891 Mbps
57847[UE 1 | RB 1] Throughput = 1.09021 Mbps
57956[UE 1 | RB 1] Throughput = 1.31417 Mbps
58056[UE 1 | RB 1] Throughput = 1.07837 Mbps
58166[UE 1 | RB 1] Throughput = 1.08683 Mbps
58276[UE 1 | RB 1] Throughput = 0.98072 Mbps
58386[UE 1 | RB 1] Throughput = 1.09113 Mbps
58486[UE 1 | RB 1] Throughput = 1.07832 Mbps
58626[UE 1 | RB 1] Throughput = 0.85436 Mbps
58736[UE 1 | RB 1] Throughput = 1.41697 Mbps
58846[UE 1 | RB 1] Throughput = 0.98186 Mbps
58956[UE 1 | RB 1] Throughput = 1.09514 Mbps
59056[UE 1 | RB 1] Throughput = 1.07590 Mbps
59157[UE 1 | RB 1] Throughput = 0.71345 Mbps
59266[UE 1 | RB 1] Throughput = 1.42143 Mbps
59366[UE 1 | RB 1] Throughput = 1.07644 Mbps
59476[UE 1 | RB 1] Throughput = 0.98231 Mbps
59586[UE 1 | RB 1] Throughput = 1.09087 Mbps
59686[UE 1 | RB 1] Throughput = 1.07774 Mbps
59796[UE 1 | RB 1] Throughput = 1.09110 Mbps
59896[UE 1 | RB 1] Throughput = 1.07618 Mbps
60970[UE 1 | RB 1] Throughput = 0.04463 Mbps
61076[UE 1 | RB 1] Throughput = 11.40237 Mbps
61187[UE 1 | RB 1] Throughput = 0.64891 Mbps
62251[UE 1 | RB 1] Throughput = 0.03381 Mbps
62356[UE 1 | RB 1] Throughput = 11.88440 Mbps
62466[UE 1 | RB 1] Throughput = 1.09246 Mbps
62587[UE 1 | RB 1] Throughput = 0.89266 Mbps
62717[UE 1 | RB 1] Throughput = 0.82969 Mbps
62826[UE 1 | RB 1] Throughput = 1.53387 Mbps
62926[UE 1 | RB 1] Throughput = 1.07671 Mbps
63037[UE 1 | RB 1] Throughput = 1.08890 Mbps
63137[UE 1 | RB 1] Throughput = 0.71652 Mbps
63246[UE 1 | RB 1] Throughput = 1.42547 Mbps
63357[UE 1 | RB 1] Throughput = 0.75717 Mbps
63466[UE 1 | RB 1] Throughput = 1.31440 Mbps
63576[UE 1 | RB 1] Throughput = 1.08890 Mbps
63687[UE 1 | RB 1] Throughput = 1.08854 Mbps
63796[UE 1 | RB 1] Throughput = 1.09133 Mbps
64875[UE 1 | RB 1] Throughput = 0.05555 Mbps
64976[UE 1 | RB 1] Throughput = 11.82974 Mbps
65086[UE 1 | RB 1] Throughput = 1.08714 Mbps
66219[UE 1 | RB 1] Throughput = 0.10577 Mbps
66327[UE 1 | RB 1] Throughput = 11.19205 Mbps
66477[UE 1 | RB 1] Throughput = 0.87334 Mbps
66587[UE 1 | RB 1] Throughput = 0.98394 Mbps
66727[UE 1 | RB 1] Throughput = 1.11419 Mbps
66837[UE 1 | RB 1] Throughput = 1.19526 Mbps
66946[UE 1 | RB 1] Throughput = 1.31685 Mbps
67077[UE 1 | RB 1] Throughput = 0.82450 Mbps
67217[UE 1 | RB 1] Throughput = 1.11254 Mbps
67317[UE 1 | RB 1] Throughput = 1.31823 Mbps
67427[UE 1 | RB 1] Throughput = 0.98420 Mbps
67547[UE 1 | RB 1] Throughput = 0.89502 Mbps
68651[UE 1 | RB 1] Throughput = 0.08689 Mbps
68757[UE 1 | RB 1] Throughput = 11.54670 Mbps
68866[UE 1 | RB 1] Throughput = 1.09138 Mbps
68967[UE 1 | RB 1] Throughput = 1.07613 Mbps
69067[UE 1 | RB 1] Throughput = 1.07602 Mbps
69177[UE 1 | RB 1] Throughput = 0.98129 Mbps
69288[UE 1 | RB 1] Throughput = 0.86283 Mbps
69397[UE 1 | RB 1] Throughput = 1.32346 Mbps
69497[UE 1 | RB 1] Throughput = 1.07385 Mbps
69637[UE 1 | RB 1] Throughput = 0.94177 Mbps
70763[UE 1 | RB 1] Throughput = 0.09579 Mbps
70897[UE 1 | RB 1] Throughput = 9.10231 Mbps
71027[UE 1 | RB 1] Throughput = 1.01198 Mbps
71137[UE 1 | RB 1] Throughput = 1.42548 Mbps
71246[UE 1 | RB 1] Throughput = 1.09235 Mbps
71356[UE 1 | RB 1] Throughput = 1.09032 Mbps
71457[UE 1 | RB 1] Throughput = 1.07412 Mbps
71577[UE 1 | RB 1] Throughput = 0.89718 Mbps
71697[UE 1 | RB 1] Throughput = 0.99657 Mbps
71827[UE 1 | RB 1] Throughput = 1.01515 Mbps
71947[UE 1 | RB 1] Throughput = 1.09679 Mbps
72057[UE 1 | RB 1] Throughput = 1.31627 Mbps
72187[UE 1 | RB 1] Throughput = 0.82647 Mbps
72287[UE 1 | RB 1] Throughput = 1.07523 Mbps
72427[UE 1 | RB 1] Throughput = 1.11290 Mbps
75627[UE 1 | RB 1] Throughput = 0.04494 Mbps
75737[UE 1 | RB 1] Throughput = 31.09185 Mbps
75847[UE 1 | RB 1] Throughput = 1.09348 Mbps
75947[UE 1 | RB 1] Throughput = 1.07789 Mbps
79084[UE 1 | RB 1] Throughput = 0.01910 Mbps
79187[UE 1 | RB 1] Throughput = 32.91353 Mbps
79288[UE 1 | RB 1] Throughput = 0.83562 Mbps
79397[UE 1 | RB 1] Throughput = 1.31367 Mbps
79497[UE 1 | RB 1] Throughput = 1.07855 Mbps
79617[UE 1 | RB 1] Throughput = 0.79674 Mbps
79747[UE 1 | RB 1] Throughput = 1.01428 Mbps
79868[UE 1 | RB 1] Throughput = 1.09036 Mbps
80939[UE 1 | RB 1] Throughput = 0.10072 Mbps
81047[UE 1 | RB 1] Throughput = 10.97040 Mbps
81147[UE 1 | RB 1] Throughput = 1.07669 Mbps
81257[UE 1 | RB 1] Throughput = 1.08949 Mbps
81358[UE 1 | RB 1] Throughput = 0.83560 Mbps
81467[UE 1 | RB 1] Throughput = 1.20683 Mbps
81588[UE 1 | RB 1] Throughput = 0.89488 Mbps
81698[UE 1 | RB 1] Throughput = 1.30779 Mbps
81798[UE 1 | RB 1] Throughput = 1.07818 Mbps
81907[UE 1 | RB 1] Throughput = 1.09277 Mbps
83052[UE 1 | RB 1] Throughput = 0.07327 Mbps
83157[UE 1 | RB 1] Throughput = 11.85564 Mbps
83258[UE 1 | RB 1] Throughput = 0.59335 Mbps
83398[UE 1 | RB 1] Throughput = 1.20041 Mbps
84525[UE 1 | RB 1] Throughput = 0.11698 Mbps
84648[UE 1 | RB 1] Throughput = 9.60365 Mbps
84757[UE 1 | RB 1] Throughput = 1.53940 Mbps
84878[UE 1 | RB 1] Throughput = 0.79404 Mbps
84988[UE 1 | RB 1] Throughput = 1.31539 Mbps
85097[UE 1 | RB 1] Throughput = 1.09074 Mbps
85197[UE 1 | RB 1] Throughput = 1.07742 Mbps
85298[UE 1 | RB 1] Throughput = 1.07440 Mbps
85407[UE 1 | RB 1] Throughput = 1.09397 Mbps
85508[UE 1 | RB 1] Throughput = 1.07770 Mbps
85608[UE 1 | RB 1] Throughput = 0.95853 Mbps
85718[UE 1 | RB 1] Throughput = 1.08899 Mbps
85859[UE 1 | RB 1] Throughput = 0.67860 Mbps
85967[UE 1 | RB 1] Throughput = 1.65578 Mbps
86078[UE 1 | RB 1] Throughput = 0.97818 Mbps
86178[UE 1 | RB 1] Throughput = 1.07770 Mbps
86287[UE 1 | RB 1] Throughput = 1.09293 Mbps
87404[UE 1 | RB 1] Throughput = 0.08589 Mbps
87508[UE 1 | RB 1] Throughput = 11.65501 Mbps
87608[UE 1 | RB 1] Throughput = 1.07798 Mbps
88684[UE 1 | RB 1] Throughput = 0.02226 Mbps
89837[UE 1 | RB 1] Throughput = 1.05002 Mbps
89938[UE 1 | RB 1] Throughput = 12.48779 Mbps
[xApp]: E42 RIC_SUBSCRIPTION_DELETE_REQUEST tx RAN_FUNC_ID 144 RIC_REQ_ID 1 
91052[UE 1 | RB 1] Throughput = 0.05380 Mbps
[xApp]: E42 SUBSCRIPTION DELETE RESPONSE rx
[xApp]: E42 RIC_SUBSCRIPTION_DELETE_REQUEST tx RAN_FUNC_ID 144 RIC_REQ_ID 2 
[xApp]: E42 SUBSCRIPTION DELETE RESPONSE rx
[xApp]: E42 RIC_SUBSCRIPTION_DELETE_REQUEST tx RAN_FUNC_ID 144 RIC_REQ_ID 3 
[xApp]: E42 SUBSCRIPTION DELETE RESPONSE rx
[xApp]: Sucessfully stopped 
Test xApp run SUCCESSFULLY
