[UTIL]: Setting the config -c file to /usr/local/etc/flexric/flexric.conf
[UTIL]: Setting path -p for the shared libraries to /usr/local/lib/flexric/
[xAapp]: Initializing ... 
[xApp]: nearRT-RIC IP Address = 192.168.70.150, PORT = 36422
[E2 AGENT]: Opening plugin from path = /usr/local/lib/flexric/libkpm_sm.so 
[E2 AGENT]: Opening plugin from path = /usr/local/lib/flexric/libmac_sm.so 
[E2 AGENT]: Opening plugin from path = /usr/local/lib/flexric/libpdcp_sm.so 
[E2 AGENT]: Opening plugin from path = /usr/local/lib/flexric/libgtp_sm.so 
[E2 AGENT]: Opening plugin from path = /usr/local/lib/flexric/librc_sm.so 
[E2 AGENT]: Opening plugin from path = /usr/local/lib/flexric/libtc_sm.so 
[E2 AGENT]: Opening plugin from path = /usr/local/lib/flexric/librlc_sm.so 
[E2 AGENT]: Opening plugin from path = /usr/local/lib/flexric/libslice_sm.so 
[NEAR-RIC]: Loading SM ID = 2 with def = ORAN-E2SM-KPM 
[NEAR-RIC]: Loading SM ID = 142 with def = MAC_STATS_V0 
[NEAR-RIC]: Loading SM ID = 144 with def = PDCP_STATS_V0 
[NEAR-RIC]: Loading SM ID = 148 with def = GTP_STATS_V0 
[NEAR-RIC]: Loading SM ID = 3 with def = ORAN-E2SM-RC 
[NEAR-RIC]: Loading SM ID = 146 with def = TC_STATS_V0 
[NEAR-RIC]: Loading SM ID = 143 with def = RLC_STATS_V0 
[NEAR-RIC]: Loading SM ID = 145 with def = SLICE_STATS_V0 
[xApp]: DB filename = /tmp/flexric/xapp_db 
 [xApp]: E42 SETUP-REQUEST tx
[xApp]: E42 SETUP-RESPONSE rx 
[xApp]: xApp ID = 18 
[xApp]: Registered E2 Nodes = 3 
Connected E2 nodes = 3
[xAPP] Registered node 0 ran func id = 2 
 [xAPP] Registered node 0 ran func id = 3 
 [xAPP] Registered node 0 ran func id = 142 
 [xAPP] Registered node 0 ran func id = 143 
 [xAPP] Registered node 0 ran func id = 144 
 [xAPP] Registered node 0 ran func id = 145 
 [xAPP] Registered node 0 ran func id = 146 
 [xAPP] Registered node 0 ran func id = 148 
 [xApp]: E42 RIC SUBSCRIPTION REQUEST tx RAN_FUNC_ID 144 RIC_REQ_ID 1 
[xApp]: SUBSCRIPTION RESPONSE rx
[xApp]: Successfully subscribed to RAN_FUNC_ID 144 
[xAPP] Registered node 1 ran func id = 2 
 [xAPP] Registered node 1 ran func id = 3 
 [xAPP] Registered node 1 ran func id = 142 
 [xAPP] Registered node 1 ran func id = 143 
 [xAPP] Registered node 1 ran func id = 144 
 [xAPP] Registered node 1 ran func id = 145 
 [xAPP] Registered node 1 ran func id = 146 
 [xAPP] Registered node 1 ran func id = 148 
 [xApp]: E42 RIC SUBSCRIPTION REQUEST tx RAN_FUNC_ID 144 RIC_REQ_ID 2 
[xApp]: SUBSCRIPTION RESPONSE rx
[xApp]: Successfully subscribed to RAN_FUNC_ID 144 
[xAPP] Registered node 2 ran func id = 2 
 [xAPP] Registered node 2 ran func id = 3 
 [xAPP] Registered node 2 ran func id = 142 
 [xAPP] Registered node 2 ran func id = 143 
 [xAPP] Registered node 2 ran func id = 144 
 [xAPP] Registered node 2 ran func id = 145 
 [xAPP] Registered node 2 ran func id = 146 
 [xAPP] Registered node 2 ran func id = 148 
 [xApp]: E42 RIC SUBSCRIPTION REQUEST tx RAN_FUNC_ID 144 RIC_REQ_ID 3 
[xApp]: SUBSCRIPTION RESPONSE rx
[xApp]: Successfully subscribed to RAN_FUNC_ID 144 
113[UE 1 | RB 1] Throughput = 1.07436 Mbps
223[UE 1 | RB 1] Throughput = 1.09247 Mbps
323[UE 1 | RB 1] Throughput = 1.07552 Mbps
423[UE 1 | RB 1] Throughput = 0.71678 Mbps
533[UE 1 | RB 1] Throughput = 1.42385 Mbps
643[UE 1 | RB 1] Throughput = 0.97980 Mbps
752[UE 1 | RB 1] Throughput = 1.09116 Mbps
853[UE 1 | RB 1] Throughput = 1.07812 Mbps
954[UE 1 | RB 1] Throughput = 0.71112 Mbps
2056[UE 1 | RB 1] Throughput = 0.09787 Mbps
2163[UE 1 | RB 1] Throughput = 11.42261 Mbps
2273[UE 1 | RB 1] Throughput = 1.08936 Mbps
2373[UE 1 | RB 1] Throughput = 1.07743 Mbps
2493[UE 1 | RB 1] Throughput = 0.59664 Mbps
2603[UE 1 | RB 1] Throughput = 1.53474 Mbps
2703[UE 1 | RB 1] Throughput = 1.07811 Mbps
2813[UE 1 | RB 1] Throughput = 1.09046 Mbps
2913[UE 1 | RB 1] Throughput = 1.07797 Mbps
3013[UE 1 | RB 1] Throughput = 0.71361 Mbps
3123[UE 1 | RB 1] Throughput = 1.42406 Mbps
3233[UE 1 | RB 1] Throughput = 0.97858 Mbps
3354[UE 1 | RB 1] Throughput = 0.79506 Mbps
4423[UE 1 | RB 1] Throughput = 0.07841 Mbps
4533[UE 1 | RB 1] Throughput = 11.05394 Mbps
4684[UE 1 | RB 1] Throughput = 0.55440 Mbps
4794[UE 1 | RB 1] Throughput = 1.75464 Mbps
4903[UE 1 | RB 1] Throughput = 1.09208 Mbps
5013[UE 1 | RB 1] Throughput = 1.08840 Mbps
5124[UE 1 | RB 1] Throughput = 0.75828 Mbps
5233[UE 1 | RB 1] Throughput = 1.42310 Mbps
5343[UE 1 | RB 1] Throughput = 1.09209 Mbps
5474[UE 1 | RB 1] Throughput = 0.73141 Mbps
5583[UE 1 | RB 1] Throughput = 1.43332 Mbps
5683[UE 1 | RB 1] Throughput = 1.07536 Mbps
5783[UE 1 | RB 1] Throughput = 1.07832 Mbps
5893[UE 1 | RB 1] Throughput = 1.08951 Mbps
6014[UE 1 | RB 1] Throughput = 0.79234 Mbps
6123[UE 1 | RB 1] Throughput = 1.31997 Mbps
6243[UE 1 | RB 1] Throughput = 0.80145 Mbps
6374[UE 1 | RB 1] Throughput = 1.09786 Mbps
6483[UE 1 | RB 1] Throughput = 1.31969 Mbps
6594[UE 1 | RB 1] Throughput = 0.75245 Mbps
6703[UE 1 | RB 1] Throughput = 1.43401 Mbps
6813[UE 1 | RB 1] Throughput = 1.08894 Mbps
6913[UE 1 | RB 1] Throughput = 1.07850 Mbps
7013[UE 1 | RB 1] Throughput = 0.95642 Mbps
7123[UE 1 | RB 1] Throughput = 1.09349 Mbps
7224[UE 1 | RB 1] Throughput = 1.07070 Mbps
7333[UE 1 | RB 1] Throughput = 1.09321 Mbps
8455[UE 1 | RB 1] Throughput = 0.07475 Mbps
8563[UE 1 | RB 1] Throughput = 11.44699 Mbps
8673[UE 1 | RB 1] Throughput = 0.98497 Mbps
8773[UE 1 | RB 1] Throughput = 1.07549 Mbps
8883[UE 1 | RB 1] Throughput = 1.09089 Mbps
8983[UE 1 | RB 1] Throughput = 1.07587 Mbps
9083[UE 1 | RB 1] Throughput = 1.07789 Mbps
9183[UE 1 | RB 1] Throughput = 1.07713 Mbps
9293[UE 1 | RB 1] Throughput = 1.09141 Mbps
9393[UE 1 | RB 1] Throughput = 1.07795 Mbps
10506[UE 1 | RB 1] Throughput = 0.05383 Mbps
10613[UE 1 | RB 1] Throughput = 11.53298 Mbps
10725[UE 1 | RB 1] Throughput = 0.86238 Mbps
10833[UE 1 | RB 1] Throughput = 1.32803 Mbps
10933[UE 1 | RB 1] Throughput = 1.07203 Mbps
11064[UE 1 | RB 1] Throughput = 0.82804 Mbps
11174[UE 1 | RB 1] Throughput = 1.30966 Mbps
11283[UE 1 | RB 1] Throughput = 1.09036 Mbps
11384[UE 1 | RB 1] Throughput = 1.07776 Mbps
11524[UE 1 | RB 1] Throughput = 0.85553 Mbps
11633[UE 1 | RB 1] Throughput = 1.31019 Mbps
11744[UE 1 | RB 1] Throughput = 0.76076 Mbps
11864[UE 1 | RB 1] Throughput = 1.09355 Mbps
11974[UE 1 | RB 1] Throughput = 1.42406 Mbps
12094[UE 1 | RB 1] Throughput = 0.89577 Mbps
12203[UE 1 | RB 1] Throughput = 1.20570 Mbps
12314[UE 1 | RB 1] Throughput = 0.76123 Mbps
12414[UE 1 | RB 1] Throughput = 0.95520 Mbps
13448[UE 1 | RB 1] Throughput = 0.03475 Mbps
13553[UE 1 | RB 1] Throughput = 11.77031 Mbps
13653[UE 1 | RB 1] Throughput = 1.07702 Mbps
13763[UE 1 | RB 1] Throughput = 0.98107 Mbps
13863[UE 1 | RB 1] Throughput = 1.07802 Mbps
13974[UE 1 | RB 1] Throughput = 0.64851 Mbps
14074[UE 1 | RB 1] Throughput = 1.07852 Mbps
14183[UE 1 | RB 1] Throughput = 1.53524 Mbps
14294[UE 1 | RB 1] Throughput = 0.75938 Mbps
14434[UE 1 | RB 1] Throughput = 1.02666 Mbps
14535[UE 1 | RB 1] Throughput = 1.19183 Mbps
14644[UE 1 | RB 1] Throughput = 1.31093 Mbps
14774[UE 1 | RB 1] Throughput = 0.73688 Mbps
14883[UE 1 | RB 1] Throughput = 1.43206 Mbps
14984[UE 1 | RB 1] Throughput = 1.07356 Mbps
16072[UE 1 | RB 1] Throughput = 0.04404 Mbps
17162[UE 1 | RB 1] Throughput = 1.05542 Mbps
17264[UE 1 | RB 1] Throughput = 12.15595 Mbps
18376[UE 1 | RB 1] Throughput = 0.05386 Mbps
18485[UE 1 | RB 1] Throughput = 11.24709 Mbps
18593[UE 1 | RB 1] Throughput = 1.32734 Mbps
18694[UE 1 | RB 1] Throughput = 0.94902 Mbps
18804[UE 1 | RB 1] Throughput = 1.20486 Mbps
18944[UE 1 | RB 1] Throughput = 0.85281 Mbps
19054[UE 1 | RB 1] Throughput = 1.31524 Mbps
19154[UE 1 | RB 1] Throughput = 1.07628 Mbps
19254[UE 1 | RB 1] Throughput = 1.07677 Mbps
20362[UE 1 | RB 1] Throughput = 0.09734 Mbps
20464[UE 1 | RB 1] Throughput = 11.62446 Mbps
21577[UE 1 | RB 1] Throughput = 0.09692 Mbps
21684[UE 1 | RB 1] Throughput = 11.21646 Mbps
21824[UE 1 | RB 1] Throughput = 0.76760 Mbps
21934[UE 1 | RB 1] Throughput = 1.42031 Mbps
22044[UE 1 | RB 1] Throughput = 1.09152 Mbps
22165[UE 1 | RB 1] Throughput = 0.79377 Mbps
22274[UE 1 | RB 1] Throughput = 1.31835 Mbps
22374[UE 1 | RB 1] Throughput = 1.07603 Mbps
22474[UE 1 | RB 1] Throughput = 1.07727 Mbps
22584[UE 1 | RB 1] Throughput = 1.08899 Mbps
22694[UE 1 | RB 1] Throughput = 1.08983 Mbps
22796[UE 1 | RB 1] Throughput = 1.05236 Mbps
22905[UE 1 | RB 1] Throughput = 0.88434 Mbps
23035[UE 1 | RB 1] Throughput = 0.92283 Mbps
23144[UE 1 | RB 1] Throughput = 1.42689 Mbps
23244[UE 1 | RB 1] Throughput = 1.07658 Mbps
23344[UE 1 | RB 1] Throughput = 1.07677 Mbps
23454[UE 1 | RB 1] Throughput = 0.98616 Mbps
23554[UE 1 | RB 1] Throughput = 1.07236 Mbps
23664[UE 1 | RB 1] Throughput = 1.09197 Mbps
23774[UE 1 | RB 1] Throughput = 1.08903 Mbps
23905[UE 1 | RB 1] Throughput = 0.91778 Mbps
24014[UE 1 | RB 1] Throughput = 1.20965 Mbps
24114[UE 1 | RB 1] Throughput = 1.07621 Mbps
24214[UE 1 | RB 1] Throughput = 1.07745 Mbps
24314[UE 1 | RB 1] Throughput = 1.07507 Mbps
24424[UE 1 | RB 1] Throughput = 1.09175 Mbps
24534[UE 1 | RB 1] Throughput = 1.08828 Mbps
24634[UE 1 | RB 1] Throughput = 0.71660 Mbps
24744[UE 1 | RB 1] Throughput = 1.08946 Mbps
24854[UE 1 | RB 1] Throughput = 1.31645 Mbps
24954[UE 1 | RB 1] Throughput = 1.07572 Mbps
25064[UE 1 | RB 1] Throughput = 1.09204 Mbps
25164[UE 1 | RB 1] Throughput = 1.07154 Mbps
25284[UE 1 | RB 1] Throughput = 0.69851 Mbps
25425[UE 1 | RB 1] Throughput = 1.19554 Mbps
25525[UE 1 | RB 1] Throughput = 0.95586 Mbps
25634[UE 1 | RB 1] Throughput = 1.42737 Mbps
25735[UE 1 | RB 1] Throughput = 1.07466 Mbps
25844[UE 1 | RB 1] Throughput = 0.98530 Mbps
25944[UE 1 | RB 1] Throughput = 1.07708 Mbps
26075[UE 1 | RB 1] Throughput = 0.91881 Mbps
26184[UE 1 | RB 1] Throughput = 1.31239 Mbps
26295[UE 1 | RB 1] Throughput = 0.76041 Mbps
26404[UE 1 | RB 1] Throughput = 1.31006 Mbps
26505[UE 1 | RB 1] Throughput = 1.07596 Mbps
26615[UE 1 | RB 1] Throughput = 0.75794 Mbps
26724[UE 1 | RB 1] Throughput = 1.42811 Mbps
26824[UE 1 | RB 1] Throughput = 1.07713 Mbps
26934[UE 1 | RB 1] Throughput = 1.09490 Mbps
27034[UE 1 | RB 1] Throughput = 1.07479 Mbps
27145[UE 1 | RB 1] Throughput = 0.53904 Mbps
27265[UE 1 | RB 1] Throughput = 1.20388 Mbps
27385[UE 1 | RB 1] Throughput = 1.09733 Mbps
27494[UE 1 | RB 1] Throughput = 1.42560 Mbps
27605[UE 1 | RB 1] Throughput = 0.75822 Mbps
27725[UE 1 | RB 1] Throughput = 1.00050 Mbps
27835[UE 1 | RB 1] Throughput = 1.08662 Mbps
27944[UE 1 | RB 1] Throughput = 1.42638 Mbps
28054[UE 1 | RB 1] Throughput = 1.08774 Mbps
28175[UE 1 | RB 1] Throughput = 0.79554 Mbps
28305[UE 1 | RB 1] Throughput = 0.92416 Mbps
28414[UE 1 | RB 1] Throughput = 1.53360 Mbps
28514[UE 1 | RB 1] Throughput = 1.07565 Mbps
28624[UE 1 | RB 1] Throughput = 0.98020 Mbps
28724[UE 1 | RB 1] Throughput = 1.07782 Mbps
28855[UE 1 | RB 1] Throughput = 0.82643 Mbps
29961[UE 1 | RB 1] Throughput = 0.06501 Mbps
30095[UE 1 | RB 1] Throughput = 9.38345 Mbps
30205[UE 1 | RB 1] Throughput = 0.97825 Mbps
30314[UE 1 | RB 1] Throughput = 1.42868 Mbps
31370[UE 1 | RB 1] Throughput = 0.02270 Mbps
31474[UE 1 | RB 1] Throughput = 11.72873 Mbps
31595[UE 1 | RB 1] Throughput = 0.79762 Mbps
31704[UE 1 | RB 1] Throughput = 1.30949 Mbps
31814[UE 1 | RB 1] Throughput = 1.09170 Mbps
31924[UE 1 | RB 1] Throughput = 1.08914 Mbps
32025[UE 1 | RB 1] Throughput = 1.07503 Mbps
32134[UE 1 | RB 1] Throughput = 0.98722 Mbps
32234[UE 1 | RB 1] Throughput = 1.07293 Mbps
32335[UE 1 | RB 1] Throughput = 1.07613 Mbps
32445[UE 1 | RB 1] Throughput = 1.08997 Mbps
32545[UE 1 | RB 1] Throughput = 1.07651 Mbps
32655[UE 1 | RB 1] Throughput = 1.09192 Mbps
32765[UE 1 | RB 1] Throughput = 0.75723 Mbps
32874[UE 1 | RB 1] Throughput = 1.31867 Mbps
32975[UE 1 | RB 1] Throughput = 1.07620 Mbps
33085[UE 1 | RB 1] Throughput = 1.08984 Mbps
33185[UE 1 | RB 1] Throughput = 1.07730 Mbps
33294[UE 1 | RB 1] Throughput = 1.09152 Mbps
33415[UE 1 | RB 1] Throughput = 0.79285 Mbps
33524[UE 1 | RB 1] Throughput = 1.31924 Mbps
33625[UE 1 | RB 1] Throughput = 0.83222 Mbps
33765[UE 1 | RB 1] Throughput = 0.94137 Mbps
33875[UE 1 | RB 1] Throughput = 1.20187 Mbps
33985[UE 1 | RB 1] Throughput = 1.31143 Mbps
34095[UE 1 | RB 1] Throughput = 1.08894 Mbps
34195[UE 1 | RB 1] Throughput = 1.07728 Mbps
34305[UE 1 | RB 1] Throughput = 1.09067 Mbps
34416[UE 1 | RB 1] Throughput = 0.75633 Mbps
34524[UE 1 | RB 1] Throughput = 1.32047 Mbps
34655[UE 1 | RB 1] Throughput = 0.73475 Mbps
34765[UE 1 | RB 1] Throughput = 1.53006 Mbps
34875[UE 1 | RB 1] Throughput = 0.65024 Mbps
38026[UE 1 | RB 1] Throughput = 0.03803 Mbps
38135[UE 1 | RB 1] Throughput = 31.34428 Mbps
38235[UE 1 | RB 1] Throughput = 1.07566 Mbps
38345[UE 1 | RB 1] Throughput = 1.09327 Mbps
38455[UE 1 | RB 1] Throughput = 1.09230 Mbps
38555[UE 1 | RB 1] Throughput = 1.07637 Mbps
38675[UE 1 | RB 1] Throughput = 0.79459 Mbps
38785[UE 1 | RB 1] Throughput = 1.31498 Mbps
39882[UE 1 | RB 1] Throughput = 0.06551 Mbps
39985[UE 1 | RB 1] Throughput = 11.82443 Mbps
40126[UE 1 | RB 1] Throughput = 0.93629 Mbps
40266[UE 1 | RB 1] Throughput = 1.11185 Mbps
40375[UE 1 | RB 1] Throughput = 1.20678 Mbps
40475[UE 1 | RB 1] Throughput = 0.95679 Mbps
40585[UE 1 | RB 1] Throughput = 1.20317 Mbps
40685[UE 1 | RB 1] Throughput = 1.07381 Mbps
40806[UE 1 | RB 1] Throughput = 0.79609 Mbps
40915[UE 1 | RB 1] Throughput = 1.31569 Mbps
41015[UE 1 | RB 1] Throughput = 1.07432 Mbps
41136[UE 1 | RB 1] Throughput = 0.79542 Mbps
41245[UE 1 | RB 1] Throughput = 1.43104 Mbps
41345[UE 1 | RB 1] Throughput = 1.07756 Mbps
41456[UE 1 | RB 1] Throughput = 0.75622 Mbps
41565[UE 1 | RB 1] Throughput = 1.31796 Mbps
41665[UE 1 | RB 1] Throughput = 1.07799 Mbps
41765[UE 1 | RB 1] Throughput = 1.07775 Mbps
41885[UE 1 | RB 1] Throughput = 0.49755 Mbps
44938[UE 1 | RB 1] Throughput = 0.00785 Mbps
48139[UE 1 | RB 1] Throughput = 1.06704 Mbps
48276[UE 1 | RB 1] Throughput = 24.96848 Mbps
48396[UE 1 | RB 1] Throughput = 1.00117 Mbps
48505[UE 1 | RB 1] Throughput = 1.31892 Mbps
48605[UE 1 | RB 1] Throughput = 1.07542 Mbps
48706[UE 1 | RB 1] Throughput = 0.83491 Mbps
48816[UE 1 | RB 1] Throughput = 1.31161 Mbps
48926[UE 1 | RB 1] Throughput = 1.08976 Mbps
49035[UE 1 | RB 1] Throughput = 0.98204 Mbps
49135[UE 1 | RB 1] Throughput = 1.07716 Mbps
49246[UE 1 | RB 1] Throughput = 1.08842 Mbps
49376[UE 1 | RB 1] Throughput = 0.91812 Mbps
49486[UE 1 | RB 1] Throughput = 1.20206 Mbps
49596[UE 1 | RB 1] Throughput = 1.09038 Mbps
49706[UE 1 | RB 1] Throughput = 1.08915 Mbps
49836[UE 1 | RB 1] Throughput = 0.82612 Mbps
49946[UE 1 | RB 1] Throughput = 1.31613 Mbps
50076[UE 1 | RB 1] Throughput = 0.82624 Mbps
50186[UE 1 | RB 1] Throughput = 1.42245 Mbps
50326[UE 1 | RB 1] Throughput = 0.93893 Mbps
51468[UE 1 | RB 1] Throughput = 0.09441 Mbps
51586[UE 1 | RB 1] Throughput = 10.46256 Mbps
51696[UE 1 | RB 1] Throughput = 1.31663 Mbps
51806[UE 1 | RB 1] Throughput = 0.97944 Mbps
51915[UE 1 | RB 1] Throughput = 1.09287 Mbps
52016[UE 1 | RB 1] Throughput = 1.07617 Mbps
52126[UE 1 | RB 1] Throughput = 0.75853 Mbps
52236[UE 1 | RB 1] Throughput = 1.42324 Mbps
52367[UE 1 | RB 1] Throughput = 0.73275 Mbps
52476[UE 1 | RB 1] Throughput = 1.42864 Mbps
52576[UE 1 | RB 1] Throughput = 1.07836 Mbps
52676[UE 1 | RB 1] Throughput = 1.07215 Mbps
52786[UE 1 | RB 1] Throughput = 1.09570 Mbps
52886[UE 1 | RB 1] Throughput = 1.07409 Mbps
52995[UE 1 | RB 1] Throughput = 0.98553 Mbps
53095[UE 1 | RB 1] Throughput = 1.07800 Mbps
53205[UE 1 | RB 1] Throughput = 1.08910 Mbps
53306[UE 1 | RB 1] Throughput = 1.07812 Mbps
53406[UE 1 | RB 1] Throughput = 1.07828 Mbps
53516[UE 1 | RB 1] Throughput = 1.08773 Mbps
53616[UE 1 | RB 1] Throughput = 1.07810 Mbps
53726[UE 1 | RB 1] Throughput = 1.09029 Mbps
53826[UE 1 | RB 1] Throughput = 0.83649 Mbps
53935[UE 1 | RB 1] Throughput = 1.20538 Mbps
54036[UE 1 | RB 1] Throughput = 1.07369 Mbps
54146[UE 1 | RB 1] Throughput = 1.09115 Mbps
54256[UE 1 | RB 1] Throughput = 1.08860 Mbps
54406[UE 1 | RB 1] Throughput = 0.79751 Mbps
54516[UE 1 | RB 1] Throughput = 1.42082 Mbps
54637[UE 1 | RB 1] Throughput = 0.69220 Mbps
54746[UE 1 | RB 1] Throughput = 1.53926 Mbps
54846[UE 1 | RB 1] Throughput = 0.95769 Mbps
54956[UE 1 | RB 1] Throughput = 1.09100 Mbps
55065[UE 1 | RB 1] Throughput = 1.09293 Mbps
55166[UE 1 | RB 1] Throughput = 1.07612 Mbps
55276[UE 1 | RB 1] Throughput = 1.09045 Mbps
55376[UE 1 | RB 1] Throughput = 1.07772 Mbps
55486[UE 1 | RB 1] Throughput = 0.65072 Mbps
55587[UE 1 | RB 1] Throughput = 1.19285 Mbps
55696[UE 1 | RB 1] Throughput = 1.31613 Mbps
55796[UE 1 | RB 1] Throughput = 1.07703 Mbps
55907[UE 1 | RB 1] Throughput = 0.75648 Mbps
56016[UE 1 | RB 1] Throughput = 1.42446 Mbps
56137[UE 1 | RB 1] Throughput = 0.79685 Mbps
56237[UE 1 | RB 1] Throughput = 0.95672 Mbps
56346[UE 1 | RB 1] Throughput = 1.42888 Mbps
57418[UE 1 | RB 1] Throughput = 0.03352 Mbps
57526[UE 1 | RB 1] Throughput = 11.37785 Mbps
57626[UE 1 | RB 1] Throughput = 1.07589 Mbps
57736[UE 1 | RB 1] Throughput = 1.09006 Mbps
57847[UE 1 | RB 1] Throughput = 0.75602 Mbps
57956[UE 1 | RB 1] Throughput = 1.42424 Mbps
58066[UE 1 | RB 1] Throughput = 1.09225 Mbps
58166[UE 1 | RB 1] Throughput = 0.95807 Mbps
58276[UE 1 | RB 1] Throughput = 1.09249 Mbps
58376[UE 1 | RB 1] Throughput = 1.07823 Mbps
58476[UE 1 | RB 1] Throughput = 1.07674 Mbps
58586[UE 1 | RB 1] Throughput = 0.87023 Mbps
58696[UE 1 | RB 1] Throughput = 1.31141 Mbps
58796[UE 1 | RB 1] Throughput = 1.07497 Mbps
58916[UE 1 | RB 1] Throughput = 0.69737 Mbps
59026[UE 1 | RB 1] Throughput = 1.41996 Mbps
59136[UE 1 | RB 1] Throughput = 1.09074 Mbps
59236[UE 1 | RB 1] Throughput = 1.07533 Mbps
59346[UE 1 | RB 1] Throughput = 1.09286 Mbps
59477[UE 1 | RB 1] Throughput = 0.64220 Mbps
59617[UE 1 | RB 1] Throughput = 1.11263 Mbps
59726[UE 1 | RB 1] Throughput = 1.53023 Mbps
59837[UE 1 | RB 1] Throughput = 0.75516 Mbps
59946[UE 1 | RB 1] Throughput = 1.32136 Mbps
60069[UE 1 | RB 1] Throughput = 0.77819 Mbps
60176[UE 1 | RB 1] Throughput = 1.45778 Mbps
60277[UE 1 | RB 1] Throughput = 0.83292 Mbps
60386[UE 1 | RB 1] Throughput = 1.20981 Mbps
60486[UE 1 | RB 1] Throughput = 1.07547 Mbps
60586[UE 1 | RB 1] Throughput = 1.07775 Mbps
60696[UE 1 | RB 1] Throughput = 1.08982 Mbps
60807[UE 1 | RB 1] Throughput = 0.75784 Mbps
60917[UE 1 | RB 1] Throughput = 1.20127 Mbps
61026[UE 1 | RB 1] Throughput = 1.20479 Mbps
61136[UE 1 | RB 1] Throughput = 1.09107 Mbps
61246[UE 1 | RB 1] Throughput = 1.08496 Mbps
61347[UE 1 | RB 1] Throughput = 0.71667 Mbps
61456[UE 1 | RB 1] Throughput = 1.42752 Mbps
61557[UE 1 | RB 1] Throughput = 0.71117 Mbps
61666[UE 1 | RB 1] Throughput = 1.43116 Mbps
61766[UE 1 | RB 1] Throughput = 0.95744 Mbps
61876[UE 1 | RB 1] Throughput = 1.08951 Mbps
61976[UE 1 | RB 1] Throughput = 1.07732 Mbps
62106[UE 1 | RB 1] Throughput = 0.82803 Mbps
62216[UE 1 | RB 1] Throughput = 1.41772 Mbps
62326[UE 1 | RB 1] Throughput = 0.98520 Mbps
62426[UE 1 | RB 1] Throughput = 1.07366 Mbps
62556[UE 1 | RB 1] Throughput = 0.91948 Mbps
62666[UE 1 | RB 1] Throughput = 1.31586 Mbps
62766[UE 1 | RB 1] Throughput = 1.07710 Mbps
62887[UE 1 | RB 1] Throughput = 0.69468 Mbps
62996[UE 1 | RB 1] Throughput = 1.42477 Mbps
63106[UE 1 | RB 1] Throughput = 1.09043 Mbps
63206[UE 1 | RB 1] Throughput = 1.07733 Mbps
63306[UE 1 | RB 1] Throughput = 1.07732 Mbps
63407[UE 1 | RB 1] Throughput = 0.83297 Mbps
64523[UE 1 | RB 1] Throughput = 0.11805 Mbps
64626[UE 1 | RB 1] Throughput = 11.52352 Mbps
65739[UE 1 | RB 1] Throughput = 0.07542 Mbps
65847[UE 1 | RB 1] Throughput = 11.32682 Mbps
65967[UE 1 | RB 1] Throughput = 0.79778 Mbps
66076[UE 1 | RB 1] Throughput = 1.42347 Mbps
66177[UE 1 | RB 1] Throughput = 1.07491 Mbps
67275[UE 1 | RB 1] Throughput = 0.04365 Mbps
67376[UE 1 | RB 1] Throughput = 12.16458 Mbps
67486[UE 1 | RB 1] Throughput = 1.08959 Mbps
67586[UE 1 | RB 1] Throughput = 0.95769 Mbps
67707[UE 1 | RB 1] Throughput = 0.79183 Mbps
67816[UE 1 | RB 1] Throughput = 1.43464 Mbps
67917[UE 1 | RB 1] Throughput = 0.59258 Mbps
68027[UE 1 | RB 1] Throughput = 1.53167 Mbps
68136[UE 1 | RB 1] Throughput = 0.98478 Mbps
68258[UE 1 | RB 1] Throughput = 0.78966 Mbps
68397[UE 1 | RB 1] Throughput = 1.11606 Mbps
68507[UE 1 | RB 1] Throughput = 1.31500 Mbps
68616[UE 1 | RB 1] Throughput = 1.09348 Mbps
68716[UE 1 | RB 1] Throughput = 1.07575 Mbps
68826[UE 1 | RB 1] Throughput = 1.08980 Mbps
68936[UE 1 | RB 1] Throughput = 1.09072 Mbps
69036[UE 1 | RB 1] Throughput = 1.07669 Mbps
69147[UE 1 | RB 1] Throughput = 1.08922 Mbps
69247[UE 1 | RB 1] Throughput = 0.95812 Mbps
69357[UE 1 | RB 1] Throughput = 1.08988 Mbps
69457[UE 1 | RB 1] Throughput = 1.07719 Mbps
69567[UE 1 | RB 1] Throughput = 1.09077 Mbps
69667[UE 1 | RB 1] Throughput = 1.07815 Mbps
69797[UE 1 | RB 1] Throughput = 0.91638 Mbps
69906[UE 1 | RB 1] Throughput = 1.20849 Mbps
70016[UE 1 | RB 1] Throughput = 1.08969 Mbps
70137[UE 1 | RB 1] Throughput = 0.89477 Mbps
70248[UE 1 | RB 1] Throughput = 0.97446 Mbps
70357[UE 1 | RB 1] Throughput = 1.31899 Mbps
70467[UE 1 | RB 1] Throughput = 1.09061 Mbps
70577[UE 1 | RB 1] Throughput = 1.08917 Mbps
70687[UE 1 | RB 1] Throughput = 0.86590 Mbps
70827[UE 1 | RB 1] Throughput = 1.11749 Mbps
70937[UE 1 | RB 1] Throughput = 1.19923 Mbps
71046[UE 1 | RB 1] Throughput = 1.09130 Mbps
71146[UE 1 | RB 1] Throughput = 1.07818 Mbps
71257[UE 1 | RB 1] Throughput = 1.08845 Mbps
71366[UE 1 | RB 1] Throughput = 0.98224 Mbps
71497[UE 1 | RB 1] Throughput = 0.91591 Mbps
71627[UE 1 | RB 1] Throughput = 1.01260 Mbps
71728[UE 1 | RB 1] Throughput = 1.19676 Mbps
71847[UE 1 | RB 1] Throughput = 1.00577 Mbps
71957[UE 1 | RB 1] Throughput = 0.97534 Mbps
72078[UE 1 | RB 1] Throughput = 0.99605 Mbps
72197[UE 1 | RB 1] Throughput = 1.20317 Mbps
72307[UE 1 | RB 1] Throughput = 1.31194 Mbps
73355[UE 1 | RB 1] Throughput = 0.04571 Mbps
73477[UE 1 | RB 1] Throughput = 9.72703 Mbps
74635[UE 1 | RB 1] Throughput = 0.11383 Mbps
78732[UE 1 | RB 1] Throughput = 0.27500 Mbps
78837[UE 1 | RB 1] Throughput = 42.74951 Mbps
78947[UE 1 | RB 1] Throughput = 0.98226 Mbps
79047[UE 1 | RB 1] Throughput = 1.07612 Mbps
79147[UE 1 | RB 1] Throughput = 1.07527 Mbps
80204[UE 1 | RB 1] Throughput = 0.03402 Mbps
80307[UE 1 | RB 1] Throughput = 11.72864 Mbps
80417[UE 1 | RB 1] Throughput = 0.97839 Mbps
80538[UE 1 | RB 1] Throughput = 0.79772 Mbps
80647[UE 1 | RB 1] Throughput = 1.41952 Mbps
81676[UE 1 | RB 1] Throughput = 0.01164 Mbps
81778[UE 1 | RB 1] Throughput = 11.47598 Mbps
81887[UE 1 | RB 1] Throughput = 1.42274 Mbps
81997[UE 1 | RB 1] Throughput = 0.98015 Mbps
82117[UE 1 | RB 1] Throughput = 0.79850 Mbps
82268[UE 1 | RB 1] Throughput = 0.95457 Mbps
83340[UE 1 | RB 1] Throughput = 0.06706 Mbps
83447[UE 1 | RB 1] Throughput = 11.66828 Mbps
83547[UE 1 | RB 1] Throughput = 1.07455 Mbps
84684[UE 1 | RB 1] Throughput = 0.07380 Mbps
84787[UE 1 | RB 1] Throughput = 11.98772 Mbps
84887[UE 1 | RB 1] Throughput = 1.07653 Mbps
84997[UE 1 | RB 1] Throughput = 1.08865 Mbps
85108[UE 1 | RB 1] Throughput = 0.86679 Mbps
85238[UE 1 | RB 1] Throughput = 1.01499 Mbps
86284[UE 1 | RB 1] Throughput = 0.05729 Mbps
87372[UE 1 | RB 1] Throughput = 1.03486 Mbps
87478[UE 1 | RB 1] Throughput = 11.70923 Mbps
87588[UE 1 | RB 1] Throughput = 1.08878 Mbps
87697[UE 1 | RB 1] Throughput = 1.09336 Mbps
87797[UE 1 | RB 1] Throughput = 1.07772 Mbps
87898[UE 1 | RB 1] Throughput = 0.95726 Mbps
88008[UE 1 | RB 1] Throughput = 1.08760 Mbps
88138[UE 1 | RB 1] Throughput = 0.92173 Mbps
88247[UE 1 | RB 1] Throughput = 1.31195 Mbps
88348[UE 1 | RB 1] Throughput = 1.07614 Mbps
88488[UE 1 | RB 1] Throughput = 0.85249 Mbps
88588[UE 1 | RB 1] Throughput = 0.83696 Mbps
88698[UE 1 | RB 1] Throughput = 1.53544 Mbps
88808[UE 1 | RB 1] Throughput = 1.08252 Mbps
88918[UE 1 | RB 1] Throughput = 0.98644 Mbps
89028[UE 1 | RB 1] Throughput = 0.86982 Mbps
89168[UE 1 | RB 1] Throughput = 1.11037 Mbps
89277[UE 1 | RB 1] Throughput = 1.31883 Mbps
89378[UE 1 | RB 1] Throughput = 0.95485 Mbps
89488[UE 1 | RB 1] Throughput = 1.08854 Mbps
89588[UE 1 | RB 1] Throughput = 1.07748 Mbps
89698[UE 1 | RB 1] Throughput = 0.75934 Mbps
89828[UE 1 | RB 1] Throughput = 1.10943 Mbps
89937[UE 1 | RB 1] Throughput = 1.31328 Mbps
[xApp]: E42 RIC_SUBSCRIPTION_DELETE_REQUEST tx RAN_FUNC_ID 144 RIC_REQ_ID 1 
[xApp]: E42 SUBSCRIPTION DELETE RESPONSE rx
[xApp]: E42 RIC_SUBSCRIPTION_DELETE_REQUEST tx RAN_FUNC_ID 144 RIC_REQ_ID 2 
[xApp]: E42 SUBSCRIPTION DELETE RESPONSE rx
[xApp]: E42 RIC_SUBSCRIPTION_DELETE_REQUEST tx RAN_FUNC_ID 144 RIC_REQ_ID 3 
[xApp]: E42 SUBSCRIPTION DELETE RESPONSE rx
[xApp]: Sucessfully stopped 
Test xApp run SUCCESSFULLY
