[UTIL]: Setting the config -c file to /usr/local/etc/flexric/flexric.conf
[UTIL]: Setting path -p for the shared libraries to /usr/local/lib/flexric/
[xAapp]: Initializing ... 
[xApp]: nearRT-RIC IP Address = 192.168.70.150, PORT = 36422
[E2 AGENT]: Opening plugin from path = /usr/local/lib/flexric/libkpm_sm.so 
[E2 AGENT]: Opening plugin from path = /usr/local/lib/flexric/libmac_sm.so 
[E2 AGENT]: Opening plugin from path = /usr/local/lib/flexric/libpdcp_sm.so 
[E2 AGENT]: Opening plugin from path = /usr/local/lib/flexric/libgtp_sm.so 
[E2 AGENT]: Opening plugin from path = /usr/local/lib/flexric/librc_sm.so 
[E2 AGENT]: Opening plugin from path = /usr/local/lib/flexric/libtc_sm.so 
[E2 AGENT]: Opening plugin from path = /usr/local/lib/flexric/librlc_sm.so 
[E2 AGENT]: Opening plugin from path = /usr/local/lib/flexric/libslice_sm.so 
[NEAR-RIC]: Loading SM ID = 2 with def = ORAN-E2SM-KPM 
[NEAR-RIC]: Loading SM ID = 142 with def = MAC_STATS_V0 
[NEAR-RIC]: Loading SM ID = 144 with def = PDCP_STATS_V0 
[NEAR-RIC]: Loading SM ID = 148 with def = GTP_STATS_V0 
[NEAR-RIC]: Loading SM ID = 3 with def = ORAN-E2SM-RC 
[NEAR-RIC]: Loading SM ID = 146 with def = TC_STATS_V0 
[NEAR-RIC]: Loading SM ID = 143 with def = RLC_STATS_V0 
[NEAR-RIC]: Loading SM ID = 145 with def = SLICE_STATS_V0 
[xApp]: DB filename = /tmp/flexric/xapp_db 
 [xApp]: E42 SETUP-REQUEST tx
[xApp]: E42 SETUP-RESPONSE rx 
[xApp]: xApp ID = 10 
[xApp]: Registered E2 Nodes = 3 
Connected E2 nodes = 3
[xAPP] Registered node 0 ran func id = 2 
 [xAPP] Registered node 0 ran func id = 3 
 [xAPP] Registered node 0 ran func id = 142 
 [xAPP] Registered node 0 ran func id = 143 
 [xAPP] Registered node 0 ran func id = 144 
 [xAPP] Registered node 0 ran func id = 145 
 [xAPP] Registered node 0 ran func id = 146 
 [xAPP] Registered node 0 ran func id = 148 
 [xApp]: E42 RIC SUBSCRIPTION REQUEST tx RAN_FUNC_ID 144 RIC_REQ_ID 1 
[xApp]: SUBSCRIPTION RESPONSE rx
[xApp]: Successfully subscribed to RAN_FUNC_ID 144 
[xAPP] Registered node 1 ran func id = 2 
 [xAPP] Registered node 1 ran func id = 3 
 [xAPP] Registered node 1 ran func id = 142 
 [xAPP] Registered node 1 ran func id = 143 
 [xAPP] Registered node 1 ran func id = 144 
 [xAPP] Registered node 1 ran func id = 145 
 [xAPP] Registered node 1 ran func id = 146 
 [xAPP] Registered node 1 ran func id = 148 
 [xApp]: E42 RIC SUBSCRIPTION REQUEST tx RAN_FUNC_ID 144 RIC_REQ_ID 2 
[xApp]: SUBSCRIPTION RESPONSE rx
[xApp]: Successfully subscribed to RAN_FUNC_ID 144 
[xAPP] Registered node 2 ran func id = 2 
 [xAPP] Registered node 2 ran func id = 3 
 [xAPP] Registered node 2 ran func id = 142 
 [xAPP] Registered node 2 ran func id = 143 
 [xAPP] Registered node 2 ran func id = 144 
 [xAPP] Registered node 2 ran func id = 145 
 [xAPP] Registered node 2 ran func id = 146 
 [xAPP] Registered node 2 ran func id = 148 
 [xApp]: E42 RIC SUBSCRIPTION REQUEST tx RAN_FUNC_ID 144 RIC_REQ_ID 3 
[xApp]: SUBSCRIPTION RESPONSE rx
[xApp]: Successfully subscribed to RAN_FUNC_ID 144 
113[UE 1 | RB 1] Throughput = 0.71578 Mbps
223[UE 1 | RB 1] Throughput = 1.19721 Mbps
323[UE 1 | RB 1] Throughput = 1.19708 Mbps
433[UE 1 | RB 1] Throughput = 0.65574 Mbps
533[UE 1 | RB 1] Throughput = 1.43796 Mbps
633[UE 1 | RB 1] Throughput = 1.07745 Mbps
743[UE 1 | RB 1] Throughput = 0.87262 Mbps
843[UE 1 | RB 1] Throughput = 1.07699 Mbps
953[UE 1 | RB 1] Throughput = 0.87231 Mbps
1063[UE 1 | RB 1] Throughput = 0.97959 Mbps
1173[UE 1 | RB 1] Throughput = 1.41919 Mbps
1273[UE 1 | RB 1] Throughput = 1.19730 Mbps
1373[UE 1 | RB 1] Throughput = 0.83736 Mbps
1473[UE 1 | RB 1] Throughput = 0.83779 Mbps
1573[UE 1 | RB 1] Throughput = 1.43750 Mbps
1684[UE 1 | RB 1] Throughput = 0.97277 Mbps
1793[UE 1 | RB 1] Throughput = 1.32081 Mbps
1903[UE 1 | RB 1] Throughput = 1.08810 Mbps
2013[UE 1 | RB 1] Throughput = 0.76362 Mbps
2123[UE 1 | RB 1] Throughput = 1.09140 Mbps
2233[UE 1 | RB 1] Throughput = 1.30429 Mbps
2333[UE 1 | RB 1] Throughput = 0.71903 Mbps
2433[UE 1 | RB 1] Throughput = 1.43682 Mbps
2543[UE 1 | RB 1] Throughput = 1.09240 Mbps
2643[UE 1 | RB 1] Throughput = 0.95548 Mbps
2753[UE 1 | RB 1] Throughput = 1.08944 Mbps
2863[UE 1 | RB 1] Throughput = 0.87472 Mbps
2963[UE 1 | RB 1] Throughput = 1.19810 Mbps
3063[UE 1 | RB 1] Throughput = 0.95513 Mbps
3173[UE 1 | RB 1] Throughput = 1.30644 Mbps
3273[UE 1 | RB 1] Throughput = 0.95843 Mbps
3383[UE 1 | RB 1] Throughput = 1.20112 Mbps
3483[UE 1 | RB 1] Throughput = 0.71712 Mbps
3593[UE 1 | RB 1] Throughput = 1.30580 Mbps
3703[UE 1 | RB 1] Throughput = 0.76597 Mbps
3803[UE 1 | RB 1] Throughput = 1.19671 Mbps
3903[UE 1 | RB 1] Throughput = 1.31650 Mbps
4003[UE 1 | RB 1] Throughput = 0.71862 Mbps
4103[UE 1 | RB 1] Throughput = 1.43778 Mbps
4203[UE 1 | RB 1] Throughput = 1.19769 Mbps
4303[UE 1 | RB 1] Throughput = 0.59818 Mbps
4413[UE 1 | RB 1] Throughput = 1.20227 Mbps
4523[UE 1 | RB 1] Throughput = 1.19965 Mbps
4633[UE 1 | RB 1] Throughput = 1.19715 Mbps
4733[UE 1 | RB 1] Throughput = 0.71883 Mbps
4833[UE 1 | RB 1] Throughput = 1.43455 Mbps
4943[UE 1 | RB 1] Throughput = 0.65524 Mbps
5043[UE 1 | RB 1] Throughput = 1.31713 Mbps
5143[UE 1 | RB 1] Throughput = 0.71783 Mbps
5253[UE 1 | RB 1] Throughput = 1.19936 Mbps
5363[UE 1 | RB 1] Throughput = 1.19963 Mbps
5463[UE 1 | RB 1] Throughput = 1.31585 Mbps
5573[UE 1 | RB 1] Throughput = 1.09081 Mbps
5673[UE 1 | RB 1] Throughput = 0.95810 Mbps
5773[UE 1 | RB 1] Throughput = 0.71844 Mbps
5883[UE 1 | RB 1] Throughput = 1.20036 Mbps
5983[UE 1 | RB 1] Throughput = 1.43805 Mbps
6093[UE 1 | RB 1] Throughput = 0.65255 Mbps
6203[UE 1 | RB 1] Throughput = 1.20172 Mbps
6303[UE 1 | RB 1] Throughput = 1.31810 Mbps
6403[UE 1 | RB 1] Throughput = 0.83775 Mbps
6503[UE 1 | RB 1] Throughput = 1.31729 Mbps
6613[UE 1 | RB 1] Throughput = 0.87192 Mbps
6713[UE 1 | RB 1] Throughput = 1.19621 Mbps
6823[UE 1 | RB 1] Throughput = 0.65419 Mbps
6933[UE 1 | RB 1] Throughput = 1.42027 Mbps
7033[UE 1 | RB 1] Throughput = 0.71585 Mbps
12252[UE 1 | RB 1] Throughput = 0.01378 Mbps
12354[UE 1 | RB 1] Throughput = 55.43517 Mbps
12454[UE 1 | RB 1] Throughput = 0.71830 Mbps
12563[UE 1 | RB 1] Throughput = 1.31226 Mbps
12664[UE 1 | RB 1] Throughput = 0.83526 Mbps
12774[UE 1 | RB 1] Throughput = 1.08489 Mbps
12884[UE 1 | RB 1] Throughput = 1.31365 Mbps
12994[UE 1 | RB 1] Throughput = 1.09167 Mbps
13094[UE 1 | RB 1] Throughput = 0.83640 Mbps
13194[UE 1 | RB 1] Throughput = 1.31816 Mbps
13304[UE 1 | RB 1] Throughput = 1.08995 Mbps
13414[UE 1 | RB 1] Throughput = 0.76310 Mbps
13524[UE 1 | RB 1] Throughput = 1.19965 Mbps
13624[UE 1 | RB 1] Throughput = 0.83571 Mbps
13733[UE 1 | RB 1] Throughput = 1.64214 Mbps
13844[UE 1 | RB 1] Throughput = 0.65300 Mbps
14940[UE 1 | RB 1] Throughput = 0.06561 Mbps
15044[UE 1 | RB 1] Throughput = 11.49941 Mbps
15144[UE 1 | RB 1] Throughput = 1.43372 Mbps
15254[UE 1 | RB 1] Throughput = 1.19927 Mbps
15364[UE 1 | RB 1] Throughput = 0.76293 Mbps
15464[UE 1 | RB 1] Throughput = 1.43487 Mbps
15574[UE 1 | RB 1] Throughput = 0.54475 Mbps
15684[UE 1 | RB 1] Throughput = 1.42013 Mbps
15794[UE 1 | RB 1] Throughput = 0.98170 Mbps
15894[UE 1 | RB 1] Throughput = 1.31682 Mbps
16004[UE 1 | RB 1] Throughput = 0.65424 Mbps
16114[UE 1 | RB 1] Throughput = 1.30581 Mbps
16214[UE 1 | RB 1] Throughput = 0.83729 Mbps
16324[UE 1 | RB 1] Throughput = 1.20146 Mbps
16424[UE 1 | RB 1] Throughput = 1.43789 Mbps
16524[UE 1 | RB 1] Throughput = 0.71764 Mbps
16633[UE 1 | RB 1] Throughput = 1.31357 Mbps
16734[UE 1 | RB 1] Throughput = 0.71556 Mbps
16834[UE 1 | RB 1] Throughput = 1.43762 Mbps
16944[UE 1 | RB 1] Throughput = 0.65378 Mbps
20838[UE 1 | RB 1] Throughput = 0.01846 Mbps
20944[UE 1 | RB 1] Throughput = 39.56827 Mbps
21054[UE 1 | RB 1] Throughput = 1.20013 Mbps
21164[UE 1 | RB 1] Throughput = 1.09367 Mbps
21264[UE 1 | RB 1] Throughput = 1.19586 Mbps
21364[UE 1 | RB 1] Throughput = 1.19671 Mbps
21464[UE 1 | RB 1] Throughput = 1.07807 Mbps
21574[UE 1 | RB 1] Throughput = 0.87216 Mbps
21674[UE 1 | RB 1] Throughput = 0.95790 Mbps
21784[UE 1 | RB 1] Throughput = 1.19869 Mbps
21894[UE 1 | RB 1] Throughput = 0.98210 Mbps
21994[UE 1 | RB 1] Throughput = 0.83813 Mbps
22094[UE 1 | RB 1] Throughput = 1.31266 Mbps
22205[UE 1 | RB 1] Throughput = 1.19365 Mbps
22314[UE 1 | RB 1] Throughput = 0.98669 Mbps
22414[UE 1 | RB 1] Throughput = 1.07791 Mbps
22514[UE 1 | RB 1] Throughput = 0.95746 Mbps
22624[UE 1 | RB 1] Throughput = 1.20261 Mbps
22725[UE 1 | RB 1] Throughput = 0.95368 Mbps
22835[UE 1 | RB 1] Throughput = 1.30768 Mbps
22944[UE 1 | RB 1] Throughput = 0.65454 Mbps
23054[UE 1 | RB 1] Throughput = 1.31148 Mbps
23164[UE 1 | RB 1] Throughput = 1.20083 Mbps
23264[UE 1 | RB 1] Throughput = 0.95391 Mbps
23364[UE 1 | RB 1] Throughput = 1.19805 Mbps
23474[UE 1 | RB 1] Throughput = 0.54676 Mbps
23574[UE 1 | RB 1] Throughput = 1.43478 Mbps
23674[UE 1 | RB 1] Throughput = 1.19788 Mbps
23784[UE 1 | RB 1] Throughput = 1.09173 Mbps
23894[UE 1 | RB 1] Throughput = 0.87065 Mbps
23994[UE 1 | RB 1] Throughput = 1.31612 Mbps
24104[UE 1 | RB 1] Throughput = 0.65468 Mbps
24204[UE 1 | RB 1] Throughput = 1.43600 Mbps
24304[UE 1 | RB 1] Throughput = 0.71887 Mbps
24405[UE 1 | RB 1] Throughput = 1.43304 Mbps
24505[UE 1 | RB 1] Throughput = 0.71730 Mbps
24614[UE 1 | RB 1] Throughput = 1.31441 Mbps
24715[UE 1 | RB 1] Throughput = 0.71622 Mbps
24824[UE 1 | RB 1] Throughput = 1.31202 Mbps
24925[UE 1 | RB 1] Throughput = 0.71728 Mbps
25025[UE 1 | RB 1] Throughput = 1.43801 Mbps
25134[UE 1 | RB 1] Throughput = 1.20275 Mbps
25355[UE 1 | RB 1] Throughput = 0.10839 Mbps
26396[UE 1 | RB 1] Throughput = 0.08062 Mbps
26504[UE 1 | RB 1] Throughput = 12.48587 Mbps
26604[UE 1 | RB 1] Throughput = 0.95773 Mbps
26704[UE 1 | RB 1] Throughput = 1.31675 Mbps
26805[UE 1 | RB 1] Throughput = 0.71895 Mbps
26905[UE 1 | RB 1] Throughput = 1.43749 Mbps
27014[UE 1 | RB 1] Throughput = 0.65526 Mbps
27114[UE 1 | RB 1] Throughput = 1.43550 Mbps
27215[UE 1 | RB 1] Throughput = 0.71859 Mbps
27325[UE 1 | RB 1] Throughput = 1.30654 Mbps
27425[UE 1 | RB 1] Throughput = 0.95769 Mbps
27534[UE 1 | RB 1] Throughput = 1.20063 Mbps
27644[UE 1 | RB 1] Throughput = 1.19965 Mbps
27744[UE 1 | RB 1] Throughput = 0.95821 Mbps
27844[UE 1 | RB 1] Throughput = 0.71863 Mbps
27945[UE 1 | RB 1] Throughput = 1.19638 Mbps
28054[UE 1 | RB 1] Throughput = 1.20233 Mbps
28165[UE 1 | RB 1] Throughput = 1.19613 Mbps
28265[UE 1 | RB 1] Throughput = 0.59898 Mbps
28374[UE 1 | RB 1] Throughput = 1.09273 Mbps
28475[UE 1 | RB 1] Throughput = 1.31421 Mbps
28584[UE 1 | RB 1] Throughput = 1.09034 Mbps
28695[UE 1 | RB 1] Throughput = 1.19554 Mbps
28804[UE 1 | RB 1] Throughput = 1.20124 Mbps
28905[UE 1 | RB 1] Throughput = 0.59864 Mbps
29005[UE 1 | RB 1] Throughput = 1.19604 Mbps
32092[UE 1 | RB 1] Throughput = 0.00000 Mbps
32195[UE 1 | RB 1] Throughput = 33.17979 Mbps
32305[UE 1 | RB 1] Throughput = 1.19774 Mbps
32405[UE 1 | RB 1] Throughput = 1.30797 Mbps
32515[UE 1 | RB 1] Throughput = 0.65504 Mbps
32625[UE 1 | RB 1] Throughput = 1.20137 Mbps
32735[UE 1 | RB 1] Throughput = 1.30935 Mbps
32845[UE 1 | RB 1] Throughput = 1.20027 Mbps
32945[UE 1 | RB 1] Throughput = 0.59861 Mbps
33045[UE 1 | RB 1] Throughput = 1.31641 Mbps
33155[UE 1 | RB 1] Throughput = 1.20016 Mbps
33265[UE 1 | RB 1] Throughput = 1.08857 Mbps
33375[UE 1 | RB 1] Throughput = 0.76434 Mbps
33475[UE 1 | RB 1] Throughput = 1.31392 Mbps
33584[UE 1 | RB 1] Throughput = 1.20454 Mbps
33685[UE 1 | RB 1] Throughput = 0.71648 Mbps
33795[UE 1 | RB 1] Throughput = 1.08826 Mbps
33905[UE 1 | RB 1] Throughput = 1.30723 Mbps
34005[UE 1 | RB 1] Throughput = 0.71841 Mbps
34115[UE 1 | RB 1] Throughput = 1.19879 Mbps
34215[UE 1 | RB 1] Throughput = 1.31769 Mbps
34315[UE 1 | RB 1] Throughput = 0.83803 Mbps
35118[UE 1 | RB 1] Throughput = 0.14927 Mbps
35225[UE 1 | RB 1] Throughput = 7.95624 Mbps
35335[UE 1 | RB 1] Throughput = 0.98253 Mbps
35435[UE 1 | RB 1] Throughput = 1.43472 Mbps
35535[UE 1 | RB 1] Throughput = 0.71888 Mbps
35645[UE 1 | RB 1] Throughput = 1.20078 Mbps
35745[UE 1 | RB 1] Throughput = 0.71793 Mbps
35855[UE 1 | RB 1] Throughput = 1.19999 Mbps
35955[UE 1 | RB 1] Throughput = 1.31654 Mbps
36055[UE 1 | RB 1] Throughput = 0.83670 Mbps
36165[UE 1 | RB 1] Throughput = 1.20070 Mbps
37469[UE 1 | RB 1] Throughput = 0.08271 Mbps
37575[UE 1 | RB 1] Throughput = 13.32748 Mbps
37675[UE 1 | RB 1] Throughput = 0.71895 Mbps
37785[UE 1 | RB 1] Throughput = 1.19979 Mbps
37885[UE 1 | RB 1] Throughput = 0.71810 Mbps
37995[UE 1 | RB 1] Throughput = 1.20292 Mbps
38095[UE 1 | RB 1] Throughput = 0.83416 Mbps
38205[UE 1 | RB 1] Throughput = 0.98360 Mbps
38305[UE 1 | RB 1] Throughput = 1.07518 Mbps
38415[UE 1 | RB 1] Throughput = 0.98227 Mbps
38515[UE 1 | RB 1] Throughput = 1.19266 Mbps
38626[UE 1 | RB 1] Throughput = 0.97860 Mbps
38735[UE 1 | RB 1] Throughput = 0.98511 Mbps
38845[UE 1 | RB 1] Throughput = 1.74743 Mbps
38945[UE 1 | RB 1] Throughput = 0.71705 Mbps
39055[UE 1 | RB 1] Throughput = 1.30591 Mbps
39155[UE 1 | RB 1] Throughput = 0.71859 Mbps
39265[UE 1 | RB 1] Throughput = 1.42194 Mbps
39365[UE 1 | RB 1] Throughput = 1.07756 Mbps
39475[UE 1 | RB 1] Throughput = 1.19911 Mbps
39575[UE 1 | RB 1] Throughput = 0.83775 Mbps
39685[UE 1 | RB 1] Throughput = 1.08688 Mbps
39795[UE 1 | RB 1] Throughput = 1.08953 Mbps
39895[UE 1 | RB 1] Throughput = 1.19835 Mbps
40005[UE 1 | RB 1] Throughput = 0.98037 Mbps
40115[UE 1 | RB 1] Throughput = 0.98221 Mbps
40215[UE 1 | RB 1] Throughput = 1.19818 Mbps
40316[UE 1 | RB 1] Throughput = 1.19420 Mbps
40425[UE 1 | RB 1] Throughput = 0.65763 Mbps
40525[UE 1 | RB 1] Throughput = 1.43672 Mbps
40625[UE 1 | RB 1] Throughput = 0.71690 Mbps
40735[UE 1 | RB 1] Throughput = 1.31116 Mbps
40835[UE 1 | RB 1] Throughput = 0.71903 Mbps
40935[UE 1 | RB 1] Throughput = 1.43438 Mbps
41035[UE 1 | RB 1] Throughput = 0.71877 Mbps
41135[UE 1 | RB 1] Throughput = 1.43756 Mbps
41245[UE 1 | RB 1] Throughput = 0.65537 Mbps
41345[UE 1 | RB 1] Throughput = 1.43656 Mbps
41445[UE 1 | RB 1] Throughput = 0.83817 Mbps
41545[UE 1 | RB 1] Throughput = 1.43544 Mbps
41655[UE 1 | RB 1] Throughput = 0.65498 Mbps
41755[UE 1 | RB 1] Throughput = 1.43746 Mbps
41865[UE 1 | RB 1] Throughput = 0.87092 Mbps
41975[UE 1 | RB 1] Throughput = 0.87238 Mbps
42085[UE 1 | RB 1] Throughput = 1.52977 Mbps
42185[UE 1 | RB 1] Throughput = 0.71662 Mbps
42295[UE 1 | RB 1] Throughput = 1.30821 Mbps
42395[UE 1 | RB 1] Throughput = 0.71816 Mbps
42495[UE 1 | RB 1] Throughput = 1.43646 Mbps
42605[UE 1 | RB 1] Throughput = 1.30876 Mbps
42706[UE 1 | RB 1] Throughput = 0.71625 Mbps
42815[UE 1 | RB 1] Throughput = 1.31154 Mbps
42926[UE 1 | RB 1] Throughput = 0.65153 Mbps
43035[UE 1 | RB 1] Throughput = 1.31257 Mbps
43145[UE 1 | RB 1] Throughput = 1.30912 Mbps
43246[UE 1 | RB 1] Throughput = 0.71542 Mbps
43355[UE 1 | RB 1] Throughput = 1.31038 Mbps
43455[UE 1 | RB 1] Throughput = 0.71814 Mbps
43565[UE 1 | RB 1] Throughput = 1.30855 Mbps
43675[UE 1 | RB 1] Throughput = 1.30896 Mbps
43775[UE 1 | RB 1] Throughput = 0.59762 Mbps
43875[UE 1 | RB 1] Throughput = 1.43766 Mbps
43976[UE 1 | RB 1] Throughput = 0.71863 Mbps
44085[UE 1 | RB 1] Throughput = 1.31088 Mbps
44185[UE 1 | RB 1] Throughput = 0.71762 Mbps
44296[UE 1 | RB 1] Throughput = 1.19521 Mbps
44405[UE 1 | RB 1] Throughput = 1.31263 Mbps
44505[UE 1 | RB 1] Throughput = 0.71837 Mbps
44615[UE 1 | RB 1] Throughput = 1.30631 Mbps
44725[UE 1 | RB 1] Throughput = 0.76403 Mbps
44835[UE 1 | RB 1] Throughput = 1.31126 Mbps
44935[UE 1 | RB 1] Throughput = 1.19549 Mbps
45036[UE 1 | RB 1] Throughput = 0.71497 Mbps
45145[UE 1 | RB 1] Throughput = 1.09363 Mbps
45245[UE 1 | RB 1] Throughput = 1.31590 Mbps
45346[UE 1 | RB 1] Throughput = 0.71653 Mbps
45455[UE 1 | RB 1] Throughput = 1.20582 Mbps
45555[UE 1 | RB 1] Throughput = 1.31707 Mbps
45655[UE 1 | RB 1] Throughput = 0.71786 Mbps
45765[UE 1 | RB 1] Throughput = 1.53096 Mbps
45865[UE 1 | RB 1] Throughput = 0.83670 Mbps
45975[UE 1 | RB 1] Throughput = 1.30634 Mbps
46075[UE 1 | RB 1] Throughput = 0.71832 Mbps
46185[UE 1 | RB 1] Throughput = 1.20274 Mbps
46285[UE 1 | RB 1] Throughput = 0.95823 Mbps
46385[UE 1 | RB 1] Throughput = 1.07626 Mbps
46485[UE 1 | RB 1] Throughput = 0.95737 Mbps
46595[UE 1 | RB 1] Throughput = 1.19967 Mbps
46696[UE 1 | RB 1] Throughput = 0.83725 Mbps
46796[UE 1 | RB 1] Throughput = 1.43607 Mbps
46906[UE 1 | RB 1] Throughput = 0.65437 Mbps
47006[UE 1 | RB 1] Throughput = 1.43682 Mbps
47116[UE 1 | RB 1] Throughput = 0.97946 Mbps
47216[UE 1 | RB 1] Throughput = 0.95870 Mbps
47325[UE 1 | RB 1] Throughput = 0.98349 Mbps
47426[UE 1 | RB 1] Throughput = 1.43696 Mbps
47536[UE 1 | RB 1] Throughput = 1.19436 Mbps
47645[UE 1 | RB 1] Throughput = 0.87680 Mbps
47746[UE 1 | RB 1] Throughput = 1.07272 Mbps
47855[UE 1 | RB 1] Throughput = 0.98503 Mbps
47955[UE 1 | RB 1] Throughput = 1.07811 Mbps
48055[UE 1 | RB 1] Throughput = 1.19784 Mbps
48156[UE 1 | RB 1] Throughput = 1.19415 Mbps
48256[UE 1 | RB 1] Throughput = 0.71853 Mbps
48366[UE 1 | RB 1] Throughput = 1.08986 Mbps
48475[UE 1 | RB 1] Throughput = 0.98417 Mbps
48575[UE 1 | RB 1] Throughput = 1.19634 Mbps
48676[UE 1 | RB 1] Throughput = 1.07482 Mbps
48788[UE 1 | RB 1] Throughput = 0.64014 Mbps
48896[UE 1 | RB 1] Throughput = 1.55897 Mbps
49006[UE 1 | RB 1] Throughput = 1.08667 Mbps
49116[UE 1 | RB 1] Throughput = 0.87293 Mbps
49226[UE 1 | RB 1] Throughput = 1.41675 Mbps
49336[UE 1 | RB 1] Throughput = 1.08955 Mbps
49446[UE 1 | RB 1] Throughput = 1.09093 Mbps
49546[UE 1 | RB 1] Throughput = 0.59877 Mbps
49646[UE 1 | RB 1] Throughput = 1.19759 Mbps
49746[UE 1 | RB 1] Throughput = 1.19774 Mbps
49846[UE 1 | RB 1] Throughput = 1.19702 Mbps
49956[UE 1 | RB 1] Throughput = 0.87353 Mbps
50056[UE 1 | RB 1] Throughput = 1.19583 Mbps
50166[UE 1 | RB 1] Throughput = 1.08985 Mbps
50266[UE 1 | RB 1] Throughput = 0.95751 Mbps
50376[UE 1 | RB 1] Throughput = 0.87586 Mbps
50476[UE 1 | RB 1] Throughput = 1.31564 Mbps
50576[UE 1 | RB 1] Throughput = 1.19563 Mbps
50686[UE 1 | RB 1] Throughput = 1.09047 Mbps
50795[UE 1 | RB 1] Throughput = 0.87454 Mbps
50896[UE 1 | RB 1] Throughput = 1.07203 Mbps
51006[UE 1 | RB 1] Throughput = 1.09231 Mbps
51116[UE 1 | RB 1] Throughput = 1.19754 Mbps
51226[UE 1 | RB 1] Throughput = 0.98229 Mbps
51336[UE 1 | RB 1] Throughput = 1.08868 Mbps
51436[UE 1 | RB 1] Throughput = 1.31753 Mbps
51536[UE 1 | RB 1] Throughput = 0.59839 Mbps
51646[UE 1 | RB 1] Throughput = 1.30244 Mbps
51756[UE 1 | RB 1] Throughput = 1.09581 Mbps
51866[UE 1 | RB 1] Throughput = 0.98136 Mbps
51966[UE 1 | RB 1] Throughput = 1.07642 Mbps
52076[UE 1 | RB 1] Throughput = 0.87176 Mbps
52186[UE 1 | RB 1] Throughput = 1.19808 Mbps
52286[UE 1 | RB 1] Throughput = 1.19826 Mbps
52396[UE 1 | RB 1] Throughput = 0.76176 Mbps
52506[UE 1 | RB 1] Throughput = 1.30938 Mbps
52616[UE 1 | RB 1] Throughput = 1.30776 Mbps
52726[UE 1 | RB 1] Throughput = 0.97957 Mbps
52826[UE 1 | RB 1] Throughput = 0.83859 Mbps
52936[UE 1 | RB 1] Throughput = 1.09070 Mbps
53537[UE 1 | RB 1] Throughput = 0.09969 Mbps
53646[UE 1 | RB 1] Throughput = 6.49199 Mbps
53746[UE 1 | RB 1] Throughput = 1.19326 Mbps
53856[UE 1 | RB 1] Throughput = 0.76440 Mbps
53956[UE 1 | RB 1] Throughput = 1.31350 Mbps
54066[UE 1 | RB 1] Throughput = 1.09122 Mbps
54166[UE 1 | RB 1] Throughput = 1.19835 Mbps
54266[UE 1 | RB 1] Throughput = 0.71813 Mbps
54376[UE 1 | RB 1] Throughput = 1.31305 Mbps
54476[UE 1 | RB 1] Throughput = 0.71740 Mbps
54576[UE 1 | RB 1] Throughput = 1.31673 Mbps
54686[UE 1 | RB 1] Throughput = 0.65482 Mbps
54786[UE 1 | RB 1] Throughput = 1.43775 Mbps
54896[UE 1 | RB 1] Throughput = 0.76472 Mbps
55006[UE 1 | RB 1] Throughput = 1.19358 Mbps
55116[UE 1 | RB 1] Throughput = 1.31148 Mbps
55226[UE 1 | RB 1] Throughput = 1.08612 Mbps
55326[UE 1 | RB 1] Throughput = 0.95586 Mbps
55436[UE 1 | RB 1] Throughput = 1.31202 Mbps
55546[UE 1 | RB 1] Throughput = 0.65394 Mbps
55646[UE 1 | RB 1] Throughput = 1.43465 Mbps
55756[UE 1 | RB 1] Throughput = 0.65594 Mbps
55866[UE 1 | RB 1] Throughput = 1.30650 Mbps
55966[UE 1 | RB 1] Throughput = 1.31522 Mbps
56076[UE 1 | RB 1] Throughput = 0.54430 Mbps
56186[UE 1 | RB 1] Throughput = 1.31077 Mbps
56286[UE 1 | RB 1] Throughput = 1.43555 Mbps
56396[UE 1 | RB 1] Throughput = 0.65324 Mbps
56506[UE 1 | RB 1] Throughput = 1.30534 Mbps
56616[UE 1 | RB 1] Throughput = 0.98347 Mbps
56716[UE 1 | RB 1] Throughput = 1.19596 Mbps
56816[UE 1 | RB 1] Throughput = 0.71826 Mbps
56926[UE 1 | RB 1] Throughput = 1.30921 Mbps
57026[UE 1 | RB 1] Throughput = 1.31594 Mbps
57136[UE 1 | RB 1] Throughput = 0.65301 Mbps
57246[UE 1 | RB 1] Throughput = 1.31166 Mbps
57356[UE 1 | RB 1] Throughput = 0.65268 Mbps
57466[UE 1 | RB 1] Throughput = 1.30725 Mbps
57576[UE 1 | RB 1] Throughput = 1.30710 Mbps
57676[UE 1 | RB 1] Throughput = 0.95761 Mbps
57786[UE 1 | RB 1] Throughput = 0.65614 Mbps
57886[UE 1 | RB 1] Throughput = 1.55371 Mbps
57996[UE 1 | RB 1] Throughput = 0.65659 Mbps
58096[UE 1 | RB 1] Throughput = 1.43538 Mbps
58196[UE 1 | RB 1] Throughput = 1.31658 Mbps
58296[UE 1 | RB 1] Throughput = 0.71866 Mbps
58406[UE 1 | RB 1] Throughput = 1.19696 Mbps
58506[UE 1 | RB 1] Throughput = 1.31777 Mbps
58616[UE 1 | RB 1] Throughput = 0.87380 Mbps
58716[UE 1 | RB 1] Throughput = 0.95702 Mbps
58816[UE 1 | RB 1] Throughput = 1.07839 Mbps
58916[UE 1 | RB 1] Throughput = 1.31717 Mbps
59030[UE 1 | RB 1] Throughput = 1.05783 Mbps
59136[UE 1 | RB 1] Throughput = 0.78623 Mbps
59246[UE 1 | RB 1] Throughput = 1.20027 Mbps
59346[UE 1 | RB 1] Throughput = 1.07508 Mbps
59447[UE 1 | RB 1] Throughput = 1.31634 Mbps
59556[UE 1 | RB 1] Throughput = 0.76477 Mbps
59656[UE 1 | RB 1] Throughput = 1.31811 Mbps
59756[UE 1 | RB 1] Throughput = 0.95669 Mbps
59866[UE 1 | RB 1] Throughput = 0.87256 Mbps
59976[UE 1 | RB 1] Throughput = 1.30726 Mbps
60076[UE 1 | RB 1] Throughput = 0.83854 Mbps
60186[UE 1 | RB 1] Throughput = 1.31115 Mbps
60286[UE 1 | RB 1] Throughput = 0.83835 Mbps
60386[UE 1 | RB 1] Throughput = 1.07725 Mbps
60496[UE 1 | RB 1] Throughput = 1.09005 Mbps
60606[UE 1 | RB 1] Throughput = 1.08882 Mbps
60716[UE 1 | RB 1] Throughput = 1.08959 Mbps
60816[UE 1 | RB 1] Throughput = 1.07627 Mbps
60926[UE 1 | RB 1] Throughput = 1.09187 Mbps
61036[UE 1 | RB 1] Throughput = 0.87249 Mbps
61136[UE 1 | RB 1] Throughput = 1.31821 Mbps
61246[UE 1 | RB 1] Throughput = 1.19833 Mbps
61346[UE 1 | RB 1] Throughput = 0.59827 Mbps
61446[UE 1 | RB 1] Throughput = 1.31638 Mbps
61547[UE 1 | RB 1] Throughput = 1.07741 Mbps
61647[UE 1 | RB 1] Throughput = 1.07552 Mbps
61756[UE 1 | RB 1] Throughput = 0.65648 Mbps
61866[UE 1 | RB 1] Throughput = 1.30863 Mbps
61966[UE 1 | RB 1] Throughput = 1.43444 Mbps
62067[UE 1 | RB 1] Throughput = 0.71888 Mbps
62176[UE 1 | RB 1] Throughput = 1.31363 Mbps
62276[UE 1 | RB 1] Throughput = 0.71662 Mbps
62376[UE 1 | RB 1] Throughput = 1.31654 Mbps
62476[UE 1 | RB 1] Throughput = 0.71866 Mbps
62586[UE 1 | RB 1] Throughput = 1.19899 Mbps
62696[UE 1 | RB 1] Throughput = 1.30746 Mbps
62806[UE 1 | RB 1] Throughput = 0.87308 Mbps
62906[UE 1 | RB 1] Throughput = 1.19616 Mbps
63017[UE 1 | RB 1] Throughput = 1.19513 Mbps
63117[UE 1 | RB 1] Throughput = 0.95826 Mbps
63227[UE 1 | RB 1] Throughput = 1.20098 Mbps
63327[UE 1 | RB 1] Throughput = 0.95700 Mbps
63436[UE 1 | RB 1] Throughput = 1.20351 Mbps
63546[UE 1 | RB 1] Throughput = 0.65458 Mbps
63646[UE 1 | RB 1] Throughput = 1.31518 Mbps
63746[UE 1 | RB 1] Throughput = 1.31707 Mbps
63856[UE 1 | RB 1] Throughput = 1.09426 Mbps
63966[UE 1 | RB 1] Throughput = 0.97826 Mbps
64066[UE 1 | RB 1] Throughput = 0.95585 Mbps
64176[UE 1 | RB 1] Throughput = 0.98259 Mbps
64277[UE 1 | RB 1] Throughput = 0.95485 Mbps
64386[UE 1 | RB 1] Throughput = 1.09209 Mbps
64496[UE 1 | RB 1] Throughput = 1.31006 Mbps
64596[UE 1 | RB 1] Throughput = 0.71772 Mbps
64706[UE 1 | RB 1] Throughput = 1.30669 Mbps
64817[UE 1 | RB 1] Throughput = 1.19562 Mbps
64917[UE 1 | RB 1] Throughput = 1.07812 Mbps
65027[UE 1 | RB 1] Throughput = 0.65479 Mbps
65137[UE 1 | RB 1] Throughput = 1.30751 Mbps
65246[UE 1 | RB 1] Throughput = 1.09287 Mbps
65346[UE 1 | RB 1] Throughput = 1.07746 Mbps
65456[UE 1 | RB 1] Throughput = 1.09032 Mbps
65556[UE 1 | RB 1] Throughput = 0.71704 Mbps
65666[UE 1 | RB 1] Throughput = 1.30782 Mbps
65767[UE 1 | RB 1] Throughput = 1.19378 Mbps
65876[UE 1 | RB 1] Throughput = 1.09591 Mbps
65976[UE 1 | RB 1] Throughput = 0.95584 Mbps
66087[UE 1 | RB 1] Throughput = 0.86880 Mbps
66196[UE 1 | RB 1] Throughput = 1.20338 Mbps
66296[UE 1 | RB 1] Throughput = 1.19748 Mbps
66407[UE 1 | RB 1] Throughput = 1.19761 Mbps
66507[UE 1 | RB 1] Throughput = 0.71743 Mbps
66616[UE 1 | RB 1] Throughput = 1.31335 Mbps
66716[UE 1 | RB 1] Throughput = 0.71774 Mbps
66826[UE 1 | RB 1] Throughput = 1.20147 Mbps
66927[UE 1 | RB 1] Throughput = 0.71478 Mbps
67027[UE 1 | RB 1] Throughput = 1.55689 Mbps
67127[UE 1 | RB 1] Throughput = 0.71852 Mbps
67237[UE 1 | RB 1] Throughput = 1.30946 Mbps
67347[UE 1 | RB 1] Throughput = 1.19740 Mbps
67457[UE 1 | RB 1] Throughput = 0.65351 Mbps
67567[UE 1 | RB 1] Throughput = 1.41673 Mbps
67667[UE 1 | RB 1] Throughput = 0.71904 Mbps
67767[UE 1 | RB 1] Throughput = 1.31659 Mbps
67877[UE 1 | RB 1] Throughput = 1.30833 Mbps
67987[UE 1 | RB 1] Throughput = 0.65422 Mbps
68096[UE 1 | RB 1] Throughput = 1.31153 Mbps
68197[UE 1 | RB 1] Throughput = 1.19329 Mbps
68306[UE 1 | RB 1] Throughput = 0.98587 Mbps
68406[UE 1 | RB 1] Throughput = 0.83643 Mbps
68507[UE 1 | RB 1] Throughput = 1.31316 Mbps
68617[UE 1 | RB 1] Throughput = 0.65482 Mbps
68727[UE 1 | RB 1] Throughput = 1.52585 Mbps
68827[UE 1 | RB 1] Throughput = 0.71738 Mbps
68927[UE 1 | RB 1] Throughput = 1.31746 Mbps
69027[UE 1 | RB 1] Throughput = 0.71882 Mbps
69127[UE 1 | RB 1] Throughput = 1.31680 Mbps
69227[UE 1 | RB 1] Throughput = 1.31633 Mbps
69337[UE 1 | RB 1] Throughput = 0.76467 Mbps
69437[UE 1 | RB 1] Throughput = 1.43807 Mbps
69547[UE 1 | RB 1] Throughput = 0.76352 Mbps
69657[UE 1 | RB 1] Throughput = 1.31063 Mbps
69757[UE 1 | RB 1] Throughput = 0.83564 Mbps
69867[UE 1 | RB 1] Throughput = 0.87421 Mbps
69967[UE 1 | RB 1] Throughput = 1.67341 Mbps
70077[UE 1 | RB 1] Throughput = 0.65371 Mbps
70177[UE 1 | RB 1] Throughput = 1.43319 Mbps
70287[UE 1 | RB 1] Throughput = 0.65663 Mbps
70387[UE 1 | RB 1] Throughput = 1.43604 Mbps
70497[UE 1 | RB 1] Throughput = 0.76327 Mbps
70607[UE 1 | RB 1] Throughput = 1.19893 Mbps
70707[UE 1 | RB 1] Throughput = 1.31679 Mbps
70817[UE 1 | RB 1] Throughput = 0.65320 Mbps
70927[UE 1 | RB 1] Throughput = 1.20018 Mbps
71027[UE 1 | RB 1] Throughput = 1.19598 Mbps
71137[UE 1 | RB 1] Throughput = 1.19853 Mbps
71247[UE 1 | RB 1] Throughput = 0.65574 Mbps
71347[UE 1 | RB 1] Throughput = 1.43801 Mbps
71447[UE 1 | RB 1] Throughput = 1.31304 Mbps
71547[UE 1 | RB 1] Throughput = 0.71878 Mbps
71657[UE 1 | RB 1] Throughput = 1.30992 Mbps
71767[UE 1 | RB 1] Throughput = 1.08700 Mbps
71877[UE 1 | RB 1] Throughput = 0.76557 Mbps
71977[UE 1 | RB 1] Throughput = 1.31820 Mbps
72077[UE 1 | RB 1] Throughput = 0.59754 Mbps
72187[UE 1 | RB 1] Throughput = 1.52378 Mbps
72287[UE 1 | RB 1] Throughput = 0.59797 Mbps
72397[UE 1 | RB 1] Throughput = 1.19964 Mbps
72497[UE 1 | RB 1] Throughput = 1.31753 Mbps
72607[UE 1 | RB 1] Throughput = 1.19862 Mbps
72717[UE 1 | RB 1] Throughput = 0.65311 Mbps
72827[UE 1 | RB 1] Throughput = 1.19948 Mbps
72927[UE 1 | RB 1] Throughput = 0.95731 Mbps
73037[UE 1 | RB 1] Throughput = 1.20000 Mbps
73147[UE 1 | RB 1] Throughput = 1.30792 Mbps
73247[UE 1 | RB 1] Throughput = 0.59901 Mbps
73357[UE 1 | RB 1] Throughput = 1.19825 Mbps
73457[UE 1 | RB 1] Throughput = 1.31629 Mbps
73567[UE 1 | RB 1] Throughput = 1.20054 Mbps
73677[UE 1 | RB 1] Throughput = 0.76274 Mbps
73777[UE 1 | RB 1] Throughput = 0.95814 Mbps
73887[UE 1 | RB 1] Throughput = 1.41645 Mbps
73997[UE 1 | RB 1] Throughput = 1.09308 Mbps
74097[UE 1 | RB 1] Throughput = 0.83639 Mbps
74197[UE 1 | RB 1] Throughput = 0.71894 Mbps
74307[UE 1 | RB 1] Throughput = 1.30523 Mbps
74417[UE 1 | RB 1] Throughput = 1.20150 Mbps
74517[UE 1 | RB 1] Throughput = 0.71857 Mbps
74627[UE 1 | RB 1] Throughput = 1.30506 Mbps
74738[UE 1 | RB 1] Throughput = 1.30315 Mbps
75806[UE 1 | RB 1] Throughput = 0.00000 Mbps
75908[UE 1 | RB 1] Throughput = 12.32300 Mbps
76017[UE 1 | RB 1] Throughput = 0.65613 Mbps
76117[UE 1 | RB 1] Throughput = 1.43593 Mbps
76227[UE 1 | RB 1] Throughput = 1.19801 Mbps
76968[UE 1 | RB 1] Throughput = 0.01618 Mbps
77077[UE 1 | RB 1] Throughput = 7.69890 Mbps
77177[UE 1 | RB 1] Throughput = 1.31337 Mbps
77287[UE 1 | RB 1] Throughput = 1.20109 Mbps
77397[UE 1 | RB 1] Throughput = 1.19863 Mbps
77507[UE 1 | RB 1] Throughput = 0.86989 Mbps
77617[UE 1 | RB 1] Throughput = 0.98000 Mbps
77727[UE 1 | RB 1] Throughput = 1.30876 Mbps
77827[UE 1 | RB 1] Throughput = 0.83879 Mbps
77937[UE 1 | RB 1] Throughput = 1.19710 Mbps
78047[UE 1 | RB 1] Throughput = 1.09165 Mbps
78147[UE 1 | RB 1] Throughput = 1.07838 Mbps
78257[UE 1 | RB 1] Throughput = 0.97981 Mbps
78367[UE 1 | RB 1] Throughput = 1.08972 Mbps
78467[UE 1 | RB 1] Throughput = 0.83826 Mbps
78577[UE 1 | RB 1] Throughput = 1.19645 Mbps
78687[UE 1 | RB 1] Throughput = 1.09182 Mbps
78797[UE 1 | RB 1] Throughput = 1.30937 Mbps
78897[UE 1 | RB 1] Throughput = 0.95858 Mbps
78997[UE 1 | RB 1] Throughput = 1.19647 Mbps
79107[UE 1 | RB 1] Throughput = 0.65495 Mbps
79207[UE 1 | RB 1] Throughput = 1.31480 Mbps
79317[UE 1 | RB 1] Throughput = 0.98338 Mbps
79417[UE 1 | RB 1] Throughput = 1.19732 Mbps
79527[UE 1 | RB 1] Throughput = 1.19948 Mbps
79627[UE 1 | RB 1] Throughput = 0.83540 Mbps
79738[UE 1 | RB 1] Throughput = 1.08665 Mbps
79847[UE 1 | RB 1] Throughput = 1.09369 Mbps
79947[UE 1 | RB 1] Throughput = 1.19823 Mbps
80057[UE 1 | RB 1] Throughput = 0.98240 Mbps
80157[UE 1 | RB 1] Throughput = 0.83628 Mbps
80257[UE 1 | RB 1] Throughput = 1.31721 Mbps
80367[UE 1 | RB 1] Throughput = 1.09254 Mbps
80467[UE 1 | RB 1] Throughput = 0.71742 Mbps
80567[UE 1 | RB 1] Throughput = 1.19737 Mbps
80667[UE 1 | RB 1] Throughput = 1.19780 Mbps
80768[UE 1 | RB 1] Throughput = 1.19549 Mbps
80877[UE 1 | RB 1] Throughput = 1.20223 Mbps
80977[UE 1 | RB 1] Throughput = 0.71878 Mbps
81118[UE 1 | RB 1] Throughput = 0.42484 Mbps
81228[UE 1 | RB 1] Throughput = 1.86317 Mbps
81337[UE 1 | RB 1] Throughput = 1.09467 Mbps
81447[UE 1 | RB 1] Throughput = 1.30708 Mbps
81548[UE 1 | RB 1] Throughput = 0.83515 Mbps
81648[UE 1 | RB 1] Throughput = 1.19361 Mbps
81757[UE 1 | RB 1] Throughput = 1.09671 Mbps
81867[UE 1 | RB 1] Throughput = 1.19927 Mbps
81977[UE 1 | RB 1] Throughput = 0.65392 Mbps
82078[UE 1 | RB 1] Throughput = 1.19557 Mbps
82187[UE 1 | RB 1] Throughput = 1.09372 Mbps
82287[UE 1 | RB 1] Throughput = 1.19659 Mbps
82387[UE 1 | RB 1] Throughput = 0.71812 Mbps
82497[UE 1 | RB 1] Throughput = 1.19840 Mbps
82607[UE 1 | RB 1] Throughput = 1.30770 Mbps
82707[UE 1 | RB 1] Throughput = 0.71857 Mbps
82817[UE 1 | RB 1] Throughput = 1.30730 Mbps
82917[UE 1 | RB 1] Throughput = 1.19771 Mbps
83018[UE 1 | RB 1] Throughput = 0.83647 Mbps
83127[UE 1 | RB 1] Throughput = 1.09320 Mbps
83227[UE 1 | RB 1] Throughput = 1.31792 Mbps
83337[UE 1 | RB 1] Throughput = 0.87300 Mbps
83438[UE 1 | RB 1] Throughput = 0.95505 Mbps
83547[UE 1 | RB 1] Throughput = 1.31020 Mbps
83648[UE 1 | RB 1] Throughput = 0.59814 Mbps
83748[UE 1 | RB 1] Throughput = 1.43419 Mbps
83858[UE 1 | RB 1] Throughput = 1.19987 Mbps
83968[UE 1 | RB 1] Throughput = 0.76301 Mbps
84068[UE 1 | RB 1] Throughput = 1.43570 Mbps
84178[UE 1 | RB 1] Throughput = 0.65346 Mbps
84288[UE 1 | RB 1] Throughput = 1.31123 Mbps
84388[UE 1 | RB 1] Throughput = 0.71900 Mbps
84488[UE 1 | RB 1] Throughput = 1.43749 Mbps
84588[UE 1 | RB 1] Throughput = 0.71818 Mbps
84697[UE 1 | RB 1] Throughput = 1.31248 Mbps
84797[UE 1 | RB 1] Throughput = 0.71896 Mbps
84897[UE 1 | RB 1] Throughput = 1.31529 Mbps
84998[UE 1 | RB 1] Throughput = 1.31435 Mbps
85107[UE 1 | RB 1] Throughput = 1.20654 Mbps
85207[UE 1 | RB 1] Throughput = 0.71660 Mbps
85308[UE 1 | RB 1] Throughput = 0.83594 Mbps
85418[UE 1 | RB 1] Throughput = 1.19864 Mbps
85518[UE 1 | RB 1] Throughput = 1.43738 Mbps
85627[UE 1 | RB 1] Throughput = 0.65534 Mbps
85728[UE 1 | RB 1] Throughput = 1.43585 Mbps
85828[UE 1 | RB 1] Throughput = 0.71873 Mbps
85938[UE 1 | RB 1] Throughput = 1.41859 Mbps
86038[UE 1 | RB 1] Throughput = 0.71693 Mbps
86138[UE 1 | RB 1] Throughput = 1.43784 Mbps
86238[UE 1 | RB 1] Throughput = 0.71721 Mbps
86347[UE 1 | RB 1] Throughput = 1.31423 Mbps
86448[UE 1 | RB 1] Throughput = 0.95638 Mbps
86548[UE 1 | RB 1] Throughput = 1.19637 Mbps
86658[UE 1 | RB 1] Throughput = 0.98224 Mbps
86758[UE 1 | RB 1] Throughput = 0.71735 Mbps
86867[UE 1 | RB 1] Throughput = 1.09477 Mbps
86968[UE 1 | RB 1] Throughput = 1.43595 Mbps
87149[UE 1 | RB 1] Throughput = 0.32995 Mbps
87258[UE 1 | RB 1] Throughput = 2.42911 Mbps
87367[UE 1 | RB 1] Throughput = 0.76447 Mbps
87468[UE 1 | RB 1] Throughput = 1.43418 Mbps
87568[UE 1 | RB 1] Throughput = 0.71838 Mbps
87678[UE 1 | RB 1] Throughput = 1.30923 Mbps
87787[UE 1 | RB 1] Throughput = 1.09102 Mbps
87888[UE 1 | RB 1] Throughput = 0.95562 Mbps
87988[UE 1 | RB 1] Throughput = 0.95868 Mbps
88098[UE 1 | RB 1] Throughput = 1.30701 Mbps
88208[UE 1 | RB 1] Throughput = 0.87053 Mbps
88318[UE 1 | RB 1] Throughput = 1.09078 Mbps
88428[UE 1 | RB 1] Throughput = 1.20044 Mbps
88528[UE 1 | RB 1] Throughput = 0.83695 Mbps
88638[UE 1 | RB 1] Throughput = 1.09100 Mbps
88738[UE 1 | RB 1] Throughput = 1.31787 Mbps
88847[UE 1 | RB 1] Throughput = 0.87389 Mbps
88948[UE 1 | RB 1] Throughput = 1.07457 Mbps
89058[UE 1 | RB 1] Throughput = 1.30570 Mbps
89158[UE 1 | RB 1] Throughput = 1.07688 Mbps
89268[UE 1 | RB 1] Throughput = 1.08872 Mbps
89529[UE 1 | RB 1] Throughput = 0.27587 Mbps
89638[UE 1 | RB 1] Throughput = 2.52744 Mbps
89749[UE 1 | RB 1] Throughput = 1.40339 Mbps
89858[UE 1 | RB 1] Throughput = 1.10142 Mbps
89958[UE 1 | RB 1] Throughput = 0.59880 Mbps
[xApp]: E42 RIC_SUBSCRIPTION_DELETE_REQUEST tx RAN_FUNC_ID 144 RIC_REQ_ID 1 
[xApp]: E42 SUBSCRIPTION DELETE RESPONSE rx
[xApp]: E42 RIC_SUBSCRIPTION_DELETE_REQUEST tx RAN_FUNC_ID 144 RIC_REQ_ID 2 
[xApp]: E42 SUBSCRIPTION DELETE RESPONSE rx
[xApp]: E42 RIC_SUBSCRIPTION_DELETE_REQUEST tx RAN_FUNC_ID 144 RIC_REQ_ID 3 
[xApp]: E42 SUBSCRIPTION DELETE RESPONSE rx
[xApp]: Sucessfully stopped 
Test xApp run SUCCESSFULLY
