[UTIL]: Setting the config -c file to /usr/local/etc/flexric/flexric.conf
[UTIL]: Setting path -p for the shared libraries to /usr/local/lib/flexric/
[xAapp]: Initializing ... 
[xApp]: nearRT-RIC IP Address = 192.168.70.150, PORT = 36422
[E2 AGENT]: Opening plugin from path = /usr/local/lib/flexric/libkpm_sm.so 
[E2 AGENT]: Opening plugin from path = /usr/local/lib/flexric/libmac_sm.so 
[E2 AGENT]: Opening plugin from path = /usr/local/lib/flexric/libpdcp_sm.so 
[E2 AGENT]: Opening plugin from path = /usr/local/lib/flexric/libgtp_sm.so 
[E2 AGENT]: Opening plugin from path = /usr/local/lib/flexric/librc_sm.so 
[E2 AGENT]: Opening plugin from path = /usr/local/lib/flexric/libtc_sm.so 
[E2 AGENT]: Opening plugin from path = /usr/local/lib/flexric/librlc_sm.so 
[E2 AGENT]: Opening plugin from path = /usr/local/lib/flexric/libslice_sm.so 
[NEAR-RIC]: Loading SM ID = 2 with def = ORAN-E2SM-KPM 
[NEAR-RIC]: Loading SM ID = 142 with def = MAC_STATS_V0 
[NEAR-RIC]: Loading SM ID = 144 with def = PDCP_STATS_V0 
[NEAR-RIC]: Loading SM ID = 148 with def = GTP_STATS_V0 
[NEAR-RIC]: Loading SM ID = 3 with def = ORAN-E2SM-RC 
[NEAR-RIC]: Loading SM ID = 146 with def = TC_STATS_V0 
[NEAR-RIC]: Loading SM ID = 143 with def = RLC_STATS_V0 
[NEAR-RIC]: Loading SM ID = 145 with def = SLICE_STATS_V0 
[xApp]: DB filename = /tmp/flexric/xapp_db 
 [xApp]: E42 SETUP-REQUEST tx
[xApp]: E42 SETUP-RESPONSE rx 
[xApp]: xApp ID = 19 
[xApp]: Registered E2 Nodes = 3 
Connected E2 nodes = 3
[xAPP] Registered node 0 ran func id = 2 
 [xAPP] Registered node 0 ran func id = 3 
 [xAPP] Registered node 0 ran func id = 142 
 [xAPP] Registered node 0 ran func id = 143 
 [xAPP] Registered node 0 ran func id = 144 
 [xAPP] Registered node 0 ran func id = 145 
 [xAPP] Registered node 0 ran func id = 146 
 [xAPP] Registered node 0 ran func id = 148 
 [xApp]: E42 RIC SUBSCRIPTION REQUEST tx RAN_FUNC_ID 144 RIC_REQ_ID 1 
[xApp]: SUBSCRIPTION RESPONSE rx
[xApp]: Successfully subscribed to RAN_FUNC_ID 144 
[xAPP] Registered node 1 ran func id = 2 
 [xAPP] Registered node 1 ran func id = 3 
 [xAPP] Registered node 1 ran func id = 142 
 [xAPP] Registered node 1 ran func id = 143 
 [xAPP] Registered node 1 ran func id = 144 
 [xAPP] Registered node 1 ran func id = 145 
 [xAPP] Registered node 1 ran func id = 146 
 [xAPP] Registered node 1 ran func id = 148 
 [xApp]: E42 RIC SUBSCRIPTION REQUEST tx RAN_FUNC_ID 144 RIC_REQ_ID 2 
[xApp]: SUBSCRIPTION RESPONSE rx
[xApp]: Successfully subscribed to RAN_FUNC_ID 144 
[xAPP] Registered node 2 ran func id = 2 
 [xAPP] Registered node 2 ran func id = 3 
 [xAPP] Registered node 2 ran func id = 142 
 [xAPP] Registered node 2 ran func id = 143 
 [xAPP] Registered node 2 ran func id = 144 
 [xAPP] Registered node 2 ran func id = 145 
 [xAPP] Registered node 2 ran func id = 146 
 [xAPP] Registered node 2 ran func id = 148 
 [xApp]: E42 RIC SUBSCRIPTION REQUEST tx RAN_FUNC_ID 144 RIC_REQ_ID 3 
[xApp]: SUBSCRIPTION RESPONSE rx
[xApp]: Successfully subscribed to RAN_FUNC_ID 144 
123[UE 1 | RB 1] Throughput = 1.08717 Mbps
233[UE 1 | RB 1] Throughput = 1.09298 Mbps
334[UE 1 | RB 1] Throughput = 1.29895 Mbps
443[UE 1 | RB 1] Throughput = 0.99187 Mbps
553[UE 1 | RB 1] Throughput = 1.09101 Mbps
653[UE 1 | RB 1] Throughput = 0.83492 Mbps
763[UE 1 | RB 1] Throughput = 1.19787 Mbps
873[UE 1 | RB 1] Throughput = 1.19890 Mbps
975[UE 1 | RB 1] Throughput = 0.82135 Mbps
1083[UE 1 | RB 1] Throughput = 1.33688 Mbps
1183[UE 1 | RB 1] Throughput = 0.71657 Mbps
1293[UE 1 | RB 1] Throughput = 1.09342 Mbps
1393[UE 1 | RB 1] Throughput = 1.19635 Mbps
1503[UE 1 | RB 1] Throughput = 1.19836 Mbps
1603[UE 1 | RB 1] Throughput = 0.71611 Mbps
1713[UE 1 | RB 1] Throughput = 1.31338 Mbps
1823[UE 1 | RB 1] Throughput = 1.19333 Mbps
1923[UE 1 | RB 1] Throughput = 0.71888 Mbps
2024[UE 1 | RB 1] Throughput = 1.31257 Mbps
2133[UE 1 | RB 1] Throughput = 1.20925 Mbps
2233[UE 1 | RB 1] Throughput = 0.71726 Mbps
2333[UE 1 | RB 1] Throughput = 1.31752 Mbps
2433[UE 1 | RB 1] Throughput = 0.71837 Mbps
2543[UE 1 | RB 1] Throughput = 1.20203 Mbps
2653[UE 1 | RB 1] Throughput = 1.19972 Mbps
2753[UE 1 | RB 1] Throughput = 1.18988 Mbps
2863[UE 1 | RB 1] Throughput = 1.20057 Mbps
2964[UE 1 | RB 1] Throughput = 0.71593 Mbps
3073[UE 1 | RB 1] Throughput = 0.98449 Mbps
3173[UE 1 | RB 1] Throughput = 1.31800 Mbps
3283[UE 1 | RB 1] Throughput = 0.97988 Mbps
3393[UE 1 | RB 1] Throughput = 1.09157 Mbps
3493[UE 1 | RB 1] Throughput = 1.07791 Mbps
3604[UE 1 | RB 1] Throughput = 1.19261 Mbps
3713[UE 1 | RB 1] Throughput = 0.65701 Mbps
3813[UE 1 | RB 1] Throughput = 1.19485 Mbps
3923[UE 1 | RB 1] Throughput = 1.42049 Mbps
4023[UE 1 | RB 1] Throughput = 0.95843 Mbps
4124[UE 1 | RB 1] Throughput = 0.71649 Mbps
4233[UE 1 | RB 1] Throughput = 1.09468 Mbps
4333[UE 1 | RB 1] Throughput = 1.07829 Mbps
4433[UE 1 | RB 1] Throughput = 1.07677 Mbps
4534[UE 1 | RB 1] Throughput = 1.42793 Mbps
4644[UE 1 | RB 1] Throughput = 1.09204 Mbps
4753[UE 1 | RB 1] Throughput = 1.09522 Mbps
4863[UE 1 | RB 1] Throughput = 0.76099 Mbps
4964[UE 1 | RB 1] Throughput = 1.19382 Mbps
5073[UE 1 | RB 1] Throughput = 1.09120 Mbps
5183[UE 1 | RB 1] Throughput = 0.98124 Mbps
5283[UE 1 | RB 1] Throughput = 0.95800 Mbps
5393[UE 1 | RB 1] Throughput = 1.09098 Mbps
5493[UE 1 | RB 1] Throughput = 1.19798 Mbps
5593[UE 1 | RB 1] Throughput = 1.07803 Mbps
5694[UE 1 | RB 1] Throughput = 1.19492 Mbps
5803[UE 1 | RB 1] Throughput = 1.20197 Mbps
5903[UE 1 | RB 1] Throughput = 0.71859 Mbps
6013[UE 1 | RB 1] Throughput = 1.30992 Mbps
6113[UE 1 | RB 1] Throughput = 1.07755 Mbps
6224[UE 1 | RB 1] Throughput = 0.97639 Mbps
6333[UE 1 | RB 1] Throughput = 1.09293 Mbps
6434[UE 1 | RB 1] Throughput = 0.95802 Mbps
6543[UE 1 | RB 1] Throughput = 1.09151 Mbps
6653[UE 1 | RB 1] Throughput = 1.09029 Mbps
6754[UE 1 | RB 1] Throughput = 0.83605 Mbps
6863[UE 1 | RB 1] Throughput = 1.09077 Mbps
6973[UE 1 | RB 1] Throughput = 1.30750 Mbps
7074[UE 1 | RB 1] Throughput = 1.07588 Mbps
7183[UE 1 | RB 1] Throughput = 1.09520 Mbps
7283[UE 1 | RB 1] Throughput = 1.07525 Mbps
7394[UE 1 | RB 1] Throughput = 0.97947 Mbps
7494[UE 1 | RB 1] Throughput = 0.95544 Mbps
7604[UE 1 | RB 1] Throughput = 1.09060 Mbps
7713[UE 1 | RB 1] Throughput = 1.09296 Mbps
7813[UE 1 | RB 1] Throughput = 1.19828 Mbps
7923[UE 1 | RB 1] Throughput = 0.97978 Mbps
8033[UE 1 | RB 1] Throughput = 1.19913 Mbps
8134[UE 1 | RB 1] Throughput = 0.95655 Mbps
8243[UE 1 | RB 1] Throughput = 0.87337 Mbps
8344[UE 1 | RB 1] Throughput = 1.07575 Mbps
8454[UE 1 | RB 1] Throughput = 1.41790 Mbps
8554[UE 1 | RB 1] Throughput = 1.07790 Mbps
8663[UE 1 | RB 1] Throughput = 0.98722 Mbps
8764[UE 1 | RB 1] Throughput = 0.94974 Mbps
8873[UE 1 | RB 1] Throughput = 0.87620 Mbps
8973[UE 1 | RB 1] Throughput = 1.19694 Mbps
9083[UE 1 | RB 1] Throughput = 1.19768 Mbps
9184[UE 1 | RB 1] Throughput = 1.07647 Mbps
9293[UE 1 | RB 1] Throughput = 0.98247 Mbps
9394[UE 1 | RB 1] Throughput = 0.95455 Mbps
9494[UE 1 | RB 1] Throughput = 1.19737 Mbps
9604[UE 1 | RB 1] Throughput = 1.20258 Mbps
9704[UE 1 | RB 1] Throughput = 0.95538 Mbps
9814[UE 1 | RB 1] Throughput = 1.09150 Mbps
9923[UE 1 | RB 1] Throughput = 0.98413 Mbps
10034[UE 1 | RB 1] Throughput = 1.08641 Mbps
10143[UE 1 | RB 1] Throughput = 1.30977 Mbps
10253[UE 1 | RB 1] Throughput = 1.09056 Mbps
10354[UE 1 | RB 1] Throughput = 0.71645 Mbps
10454[UE 1 | RB 1] Throughput = 1.19766 Mbps
10563[UE 1 | RB 1] Throughput = 1.20103 Mbps
10674[UE 1 | RB 1] Throughput = 0.97820 Mbps
10784[UE 1 | RB 1] Throughput = 1.09094 Mbps
10884[UE 1 | RB 1] Throughput = 1.07765 Mbps
10993[UE 1 | RB 1] Throughput = 0.98335 Mbps
11094[UE 1 | RB 1] Throughput = 1.30696 Mbps
11204[UE 1 | RB 1] Throughput = 0.54751 Mbps
11313[UE 1 | RB 1] Throughput = 1.09107 Mbps
11424[UE 1 | RB 1] Throughput = 1.30442 Mbps
11534[UE 1 | RB 1] Throughput = 1.09134 Mbps
11634[UE 1 | RB 1] Throughput = 1.07684 Mbps
11734[UE 1 | RB 1] Throughput = 1.31811 Mbps
11834[UE 1 | RB 1] Throughput = 0.59747 Mbps
11944[UE 1 | RB 1] Throughput = 1.09369 Mbps
12054[UE 1 | RB 1] Throughput = 1.08538 Mbps
12163[UE 1 | RB 1] Throughput = 1.31432 Mbps
12264[UE 1 | RB 1] Throughput = 1.07605 Mbps
12364[UE 1 | RB 1] Throughput = 0.95639 Mbps
12474[UE 1 | RB 1] Throughput = 1.20092 Mbps
12584[UE 1 | RB 1] Throughput = 0.97777 Mbps
12694[UE 1 | RB 1] Throughput = 1.09145 Mbps
12803[UE 1 | RB 1] Throughput = 1.09237 Mbps
12904[UE 1 | RB 1] Throughput = 1.07111 Mbps
13015[UE 1 | RB 1] Throughput = 1.07879 Mbps
13124[UE 1 | RB 1] Throughput = 1.10192 Mbps
13235[UE 1 | RB 1] Throughput = 0.97231 Mbps
13344[UE 1 | RB 1] Throughput = 0.77194 Mbps
13444[UE 1 | RB 1] Throughput = 1.31369 Mbps
13554[UE 1 | RB 1] Throughput = 1.09249 Mbps
13663[UE 1 | RB 1] Throughput = 1.20331 Mbps
13764[UE 1 | RB 1] Throughput = 1.19358 Mbps
13865[UE 1 | RB 1] Throughput = 0.70728 Mbps
13974[UE 1 | RB 1] Throughput = 1.21644 Mbps
14074[UE 1 | RB 1] Throughput = 1.19634 Mbps
14184[UE 1 | RB 1] Throughput = 0.76337 Mbps
14285[UE 1 | RB 1] Throughput = 1.42496 Mbps
14394[UE 1 | RB 1] Throughput = 0.54824 Mbps
14506[UE 1 | RB 1] Throughput = 1.17523 Mbps
14614[UE 1 | RB 1] Throughput = 1.21887 Mbps
14724[UE 1 | RB 1] Throughput = 1.09548 Mbps
14824[UE 1 | RB 1] Throughput = 1.07853 Mbps
14934[UE 1 | RB 1] Throughput = 1.08991 Mbps
15034[UE 1 | RB 1] Throughput = 1.07622 Mbps
15144[UE 1 | RB 1] Throughput = 0.76290 Mbps
15254[UE 1 | RB 1] Throughput = 1.30927 Mbps
15364[UE 1 | RB 1] Throughput = 1.19752 Mbps
15464[UE 1 | RB 1] Throughput = 0.83777 Mbps
15574[UE 1 | RB 1] Throughput = 1.08858 Mbps
15674[UE 1 | RB 1] Throughput = 1.43707 Mbps
15784[UE 1 | RB 1] Throughput = 0.65096 Mbps
15894[UE 1 | RB 1] Throughput = 1.31743 Mbps
15994[UE 1 | RB 1] Throughput = 0.71894 Mbps
16094[UE 1 | RB 1] Throughput = 1.43073 Mbps
16204[UE 1 | RB 1] Throughput = 1.20469 Mbps
16304[UE 1 | RB 1] Throughput = 0.71217 Mbps
16414[UE 1 | RB 1] Throughput = 1.20571 Mbps
16524[UE 1 | RB 1] Throughput = 1.20003 Mbps
16634[UE 1 | RB 1] Throughput = 1.09061 Mbps
16734[UE 1 | RB 1] Throughput = 1.07834 Mbps
16834[UE 1 | RB 1] Throughput = 0.95135 Mbps
16944[UE 1 | RB 1] Throughput = 1.20262 Mbps
17044[UE 1 | RB 1] Throughput = 0.71900 Mbps
17154[UE 1 | RB 1] Throughput = 1.20159 Mbps
17264[UE 1 | RB 1] Throughput = 0.87177 Mbps
17364[UE 1 | RB 1] Throughput = 1.31662 Mbps
17464[UE 1 | RB 1] Throughput = 0.71819 Mbps
17564[UE 1 | RB 1] Throughput = 1.19342 Mbps
17674[UE 1 | RB 1] Throughput = 1.20197 Mbps
17774[UE 1 | RB 1] Throughput = 1.07587 Mbps
17884[UE 1 | RB 1] Throughput = 1.19836 Mbps
17985[UE 1 | RB 1] Throughput = 1.18844 Mbps
18094[UE 1 | RB 1] Throughput = 0.76674 Mbps
18204[UE 1 | RB 1] Throughput = 1.20453 Mbps
18314[UE 1 | RB 1] Throughput = 1.19808 Mbps
18424[UE 1 | RB 1] Throughput = 0.76287 Mbps
18524[UE 1 | RB 1] Throughput = 1.19465 Mbps
18634[UE 1 | RB 1] Throughput = 1.31378 Mbps
18734[UE 1 | RB 1] Throughput = 0.71830 Mbps
18844[UE 1 | RB 1] Throughput = 1.19813 Mbps
18944[UE 1 | RB 1] Throughput = 1.19256 Mbps
19046[UE 1 | RB 1] Throughput = 0.70574 Mbps
19155[UE 1 | RB 1] Throughput = 1.21635 Mbps
19255[UE 1 | RB 1] Throughput = 1.19141 Mbps
19364[UE 1 | RB 1] Throughput = 1.10250 Mbps
19464[UE 1 | RB 1] Throughput = 0.71904 Mbps
19564[UE 1 | RB 1] Throughput = 1.31339 Mbps
19664[UE 1 | RB 1] Throughput = 0.95706 Mbps
19774[UE 1 | RB 1] Throughput = 1.09473 Mbps
19874[UE 1 | RB 1] Throughput = 1.19686 Mbps
19974[UE 1 | RB 1] Throughput = 0.95506 Mbps
20075[UE 1 | RB 1] Throughput = 1.19249 Mbps
20184[UE 1 | RB 1] Throughput = 0.76807 Mbps
20294[UE 1 | RB 1] Throughput = 1.09172 Mbps
20394[UE 1 | RB 1] Throughput = 1.43649 Mbps
20495[UE 1 | RB 1] Throughput = 0.71068 Mbps
20604[UE 1 | RB 1] Throughput = 1.31508 Mbps
20705[UE 1 | RB 1] Throughput = 0.71841 Mbps
20805[UE 1 | RB 1] Throughput = 1.31812 Mbps
20914[UE 1 | RB 1] Throughput = 1.20792 Mbps
21014[UE 1 | RB 1] Throughput = 0.95633 Mbps
21124[UE 1 | RB 1] Throughput = 0.76038 Mbps
21224[UE 1 | RB 1] Throughput = 1.43745 Mbps
21334[UE 1 | RB 1] Throughput = 1.30838 Mbps
21435[UE 1 | RB 1] Throughput = 0.71614 Mbps
21545[UE 1 | RB 1] Throughput = 1.08904 Mbps
21654[UE 1 | RB 1] Throughput = 1.20106 Mbps
21764[UE 1 | RB 1] Throughput = 1.19793 Mbps
21865[UE 1 | RB 1] Throughput = 0.71864 Mbps
21965[UE 1 | RB 1] Throughput = 1.19834 Mbps
22074[UE 1 | RB 1] Throughput = 0.87276 Mbps
22184[UE 1 | RB 1] Throughput = 1.20094 Mbps
22294[UE 1 | RB 1] Throughput = 1.09204 Mbps
22394[UE 1 | RB 1] Throughput = 1.31122 Mbps
22504[UE 1 | RB 1] Throughput = 0.76755 Mbps
22614[UE 1 | RB 1] Throughput = 1.30589 Mbps
22714[UE 1 | RB 1] Throughput = 0.71670 Mbps
22824[UE 1 | RB 1] Throughput = 1.30660 Mbps
22925[UE 1 | RB 1] Throughput = 0.95540 Mbps
23025[UE 1 | RB 1] Throughput = 0.95843 Mbps
23134[UE 1 | RB 1] Throughput = 1.20052 Mbps
23244[UE 1 | RB 1] Throughput = 1.30919 Mbps
23354[UE 1 | RB 1] Throughput = 1.09206 Mbps
23454[UE 1 | RB 1] Throughput = 0.59813 Mbps
23556[UE 1 | RB 1] Throughput = 1.29853 Mbps
23665[UE 1 | RB 1] Throughput = 1.21155 Mbps
23765[UE 1 | RB 1] Throughput = 0.71783 Mbps
23875[UE 1 | RB 1] Throughput = 1.30807 Mbps
23985[UE 1 | RB 1] Throughput = 1.09057 Mbps
24095[UE 1 | RB 1] Throughput = 1.08931 Mbps
24204[UE 1 | RB 1] Throughput = 0.65737 Mbps
24305[UE 1 | RB 1] Throughput = 1.42535 Mbps
24414[UE 1 | RB 1] Throughput = 1.09397 Mbps
24516[UE 1 | RB 1] Throughput = 1.17617 Mbps
24625[UE 1 | RB 1] Throughput = 0.77224 Mbps
24734[UE 1 | RB 1] Throughput = 1.09837 Mbps
24834[UE 1 | RB 1] Throughput = 1.19528 Mbps
24934[UE 1 | RB 1] Throughput = 0.95711 Mbps
25035[UE 1 | RB 1] Throughput = 1.19529 Mbps
25144[UE 1 | RB 1] Throughput = 1.20342 Mbps
25244[UE 1 | RB 1] Throughput = 0.71769 Mbps
25354[UE 1 | RB 1] Throughput = 1.41651 Mbps
25456[UE 1 | RB 1] Throughput = 1.06508 Mbps
25566[UE 1 | RB 1] Throughput = 0.87229 Mbps
25674[UE 1 | RB 1] Throughput = 1.10170 Mbps
25775[UE 1 | RB 1] Throughput = 1.07662 Mbps
25884[UE 1 | RB 1] Throughput = 0.98247 Mbps
25994[UE 1 | RB 1] Throughput = 1.09051 Mbps
26094[UE 1 | RB 1] Throughput = 1.07592 Mbps
26195[UE 1 | RB 1] Throughput = 0.95059 Mbps
26304[UE 1 | RB 1] Throughput = 1.10024 Mbps
26405[UE 1 | RB 1] Throughput = 1.18652 Mbps
26514[UE 1 | RB 1] Throughput = 0.87819 Mbps
26615[UE 1 | RB 1] Throughput = 1.19571 Mbps
26717[UE 1 | RB 1] Throughput = 1.16622 Mbps
26825[UE 1 | RB 1] Throughput = 1.11574 Mbps
26935[UE 1 | RB 1] Throughput = 1.08977 Mbps
27046[UE 1 | RB 1] Throughput = 0.97145 Mbps
27155[UE 1 | RB 1] Throughput = 1.10088 Mbps
27264[UE 1 | RB 1] Throughput = 1.09560 Mbps
27364[UE 1 | RB 1] Throughput = 1.07442 Mbps
27464[UE 1 | RB 1] Throughput = 1.07793 Mbps
27565[UE 1 | RB 1] Throughput = 1.19533 Mbps
27665[UE 1 | RB 1] Throughput = 1.07745 Mbps
27774[UE 1 | RB 1] Throughput = 1.09354 Mbps
27876[UE 1 | RB 1] Throughput = 0.94682 Mbps
27985[UE 1 | RB 1] Throughput = 0.99010 Mbps
28096[UE 1 | RB 1] Throughput = 1.07811 Mbps
28206[UE 1 | RB 1] Throughput = 1.09183 Mbps
28315[UE 1 | RB 1] Throughput = 0.98804 Mbps
28425[UE 1 | RB 1] Throughput = 0.87203 Mbps
28535[UE 1 | RB 1] Throughput = 1.30779 Mbps
28644[UE 1 | RB 1] Throughput = 0.87519 Mbps
28745[UE 1 | RB 1] Throughput = 1.43090 Mbps
28855[UE 1 | RB 1] Throughput = 0.76186 Mbps
28956[UE 1 | RB 1] Throughput = 1.06062 Mbps
29064[UE 1 | RB 1] Throughput = 1.11031 Mbps
29164[UE 1 | RB 1] Throughput = 1.19744 Mbps
29276[UE 1 | RB 1] Throughput = 1.07690 Mbps
29376[UE 1 | RB 1] Throughput = 0.83589 Mbps
29484[UE 1 | RB 1] Throughput = 1.33159 Mbps
29585[UE 1 | RB 1] Throughput = 1.18556 Mbps
29695[UE 1 | RB 1] Throughput = 1.09199 Mbps
29795[UE 1 | RB 1] Throughput = 0.59894 Mbps
29895[UE 1 | RB 1] Throughput = 1.31317 Mbps
30005[UE 1 | RB 1] Throughput = 1.09743 Mbps
30115[UE 1 | RB 1] Throughput = 1.19691 Mbps
30215[UE 1 | RB 1] Throughput = 0.71821 Mbps
30315[UE 1 | RB 1] Throughput = 1.19396 Mbps
30417[UE 1 | RB 1] Throughput = 1.29797 Mbps
30525[UE 1 | RB 1] Throughput = 1.11128 Mbps
30635[UE 1 | RB 1] Throughput = 0.76222 Mbps
30744[UE 1 | RB 1] Throughput = 1.09251 Mbps
30845[UE 1 | RB 1] Throughput = 0.95580 Mbps
30955[UE 1 | RB 1] Throughput = 1.30779 Mbps
31065[UE 1 | RB 1] Throughput = 1.19833 Mbps
31174[UE 1 | RB 1] Throughput = 0.65621 Mbps
31275[UE 1 | RB 1] Throughput = 1.42099 Mbps
31387[UE 1 | RB 1] Throughput = 0.85751 Mbps
31495[UE 1 | RB 1] Throughput = 1.33946 Mbps
31595[UE 1 | RB 1] Throughput = 0.71561 Mbps
31705[UE 1 | RB 1] Throughput = 1.20370 Mbps
31805[UE 1 | RB 1] Throughput = 1.31501 Mbps
31906[UE 1 | RB 1] Throughput = 0.71353 Mbps
32015[UE 1 | RB 1] Throughput = 1.31446 Mbps
32125[UE 1 | RB 1] Throughput = 0.76407 Mbps
32235[UE 1 | RB 1] Throughput = 1.30672 Mbps
32344[UE 1 | RB 1] Throughput = 1.20459 Mbps
32445[UE 1 | RB 1] Throughput = 0.83580 Mbps
32555[UE 1 | RB 1] Throughput = 1.30628 Mbps
32665[UE 1 | RB 1] Throughput = 0.64957 Mbps
32775[UE 1 | RB 1] Throughput = 1.20568 Mbps
32885[UE 1 | RB 1] Throughput = 1.19310 Mbps
32985[UE 1 | RB 1] Throughput = 1.07773 Mbps
33095[UE 1 | RB 1] Throughput = 1.09347 Mbps
33204[UE 1 | RB 1] Throughput = 1.09401 Mbps
33315[UE 1 | RB 1] Throughput = 1.08764 Mbps
33425[UE 1 | RB 1] Throughput = 0.98015 Mbps
33525[UE 1 | RB 1] Throughput = 1.31667 Mbps
33625[UE 1 | RB 1] Throughput = 0.71588 Mbps
33725[UE 1 | RB 1] Throughput = 1.19736 Mbps
33835[UE 1 | RB 1] Throughput = 1.20630 Mbps
33935[UE 1 | RB 1] Throughput = 0.23959 Mbps
34035[UE 1 | RB 1] Throughput = 1.79537 Mbps
34144[UE 1 | RB 1] Throughput = 1.20209 Mbps
34245[UE 1 | RB 1] Throughput = 0.59655 Mbps
34345[UE 1 | RB 1] Throughput = 1.31810 Mbps
34445[UE 1 | RB 1] Throughput = 1.31026 Mbps
34555[UE 1 | RB 1] Throughput = 0.65787 Mbps
34655[UE 1 | RB 1] Throughput = 1.19260 Mbps
34765[UE 1 | RB 1] Throughput = 1.09315 Mbps
34865[UE 1 | RB 1] Throughput = 0.95616 Mbps
34965[UE 1 | RB 1] Throughput = 1.19677 Mbps
35075[UE 1 | RB 1] Throughput = 1.31306 Mbps
35175[UE 1 | RB 1] Throughput = 0.59659 Mbps
35285[UE 1 | RB 1] Throughput = 1.08914 Mbps
35385[UE 1 | RB 1] Throughput = 1.19662 Mbps
35495[UE 1 | RB 1] Throughput = 1.09181 Mbps
35605[UE 1 | RB 1] Throughput = 1.20326 Mbps
35705[UE 1 | RB 1] Throughput = 0.71718 Mbps
35815[UE 1 | RB 1] Throughput = 1.41417 Mbps
35925[UE 1 | RB 1] Throughput = 0.65642 Mbps
36025[UE 1 | RB 1] Throughput = 1.43568 Mbps
36135[UE 1 | RB 1] Throughput = 0.97943 Mbps
36236[UE 1 | RB 1] Throughput = 0.95092 Mbps
36345[UE 1 | RB 1] Throughput = 1.42539 Mbps
36455[UE 1 | RB 1] Throughput = 0.98071 Mbps
36565[UE 1 | RB 1] Throughput = 1.09098 Mbps
36665[UE 1 | RB 1] Throughput = 1.19384 Mbps
36775[UE 1 | RB 1] Throughput = 0.98414 Mbps
36885[UE 1 | RB 1] Throughput = 0.97687 Mbps
36995[UE 1 | RB 1] Throughput = 0.98075 Mbps
37105[UE 1 | RB 1] Throughput = 1.09388 Mbps
37205[UE 1 | RB 1] Throughput = 1.19313 Mbps
37315[UE 1 | RB 1] Throughput = 0.98622 Mbps
37415[UE 1 | RB 1] Throughput = 1.07424 Mbps
37515[UE 1 | RB 1] Throughput = 0.83858 Mbps
37615[UE 1 | RB 1] Throughput = 1.19773 Mbps
37725[UE 1 | RB 1] Throughput = 1.09281 Mbps
37825[UE 1 | RB 1] Throughput = 1.07599 Mbps
37925[UE 1 | RB 1] Throughput = 0.95835 Mbps
38026[UE 1 | RB 1] Throughput = 1.07371 Mbps
38126[UE 1 | RB 1] Throughput = 1.18912 Mbps
38235[UE 1 | RB 1] Throughput = 1.10014 Mbps
38335[UE 1 | RB 1] Throughput = 0.83873 Mbps
38445[UE 1 | RB 1] Throughput = 1.30611 Mbps
38555[UE 1 | RB 1] Throughput = 1.20056 Mbps
38665[UE 1 | RB 1] Throughput = 0.65213 Mbps
38766[UE 1 | RB 1] Throughput = 1.31606 Mbps
38875[UE 1 | RB 1] Throughput = 1.09631 Mbps
38975[UE 1 | RB 1] Throughput = 0.83603 Mbps
39085[UE 1 | RB 1] Throughput = 1.19851 Mbps
39195[UE 1 | RB 1] Throughput = 0.98415 Mbps
39295[UE 1 | RB 1] Throughput = 1.07141 Mbps
39406[UE 1 | RB 1] Throughput = 1.30710 Mbps
39515[UE 1 | RB 1] Throughput = 0.98230 Mbps
39625[UE 1 | RB 1] Throughput = 0.87229 Mbps
39730[UE 1 | RB 1] Throughput = 1.14918 Mbps
39835[UE 1 | RB 1] Throughput = 1.13534 Mbps
39935[UE 1 | RB 1] Throughput = 1.07442 Mbps
40046[UE 1 | RB 1] Throughput = 1.19613 Mbps
40155[UE 1 | RB 1] Throughput = 0.98327 Mbps
40255[UE 1 | RB 1] Throughput = 0.83860 Mbps
40367[UE 1 | RB 1] Throughput = 1.18524 Mbps
40475[UE 1 | RB 1] Throughput = 0.99416 Mbps
40585[UE 1 | RB 1] Throughput = 1.08789 Mbps
40685[UE 1 | RB 1] Throughput = 0.71841 Mbps
40786[UE 1 | RB 1] Throughput = 1.55435 Mbps
40895[UE 1 | RB 1] Throughput = 1.09315 Mbps
41006[UE 1 | RB 1] Throughput = 0.86327 Mbps
41115[UE 1 | RB 1] Throughput = 1.42850 Mbps
41226[UE 1 | RB 1] Throughput = 0.54329 Mbps
41335[UE 1 | RB 1] Throughput = 1.42319 Mbps
41435[UE 1 | RB 1] Throughput = 1.31592 Mbps
41545[UE 1 | RB 1] Throughput = 0.76142 Mbps
41655[UE 1 | RB 1] Throughput = 1.09144 Mbps
41765[UE 1 | RB 1] Throughput = 1.19935 Mbps
41875[UE 1 | RB 1] Throughput = 0.98162 Mbps
41975[UE 1 | RB 1] Throughput = 1.19416 Mbps
42085[UE 1 | RB 1] Throughput = 0.98010 Mbps
42195[UE 1 | RB 1] Throughput = 0.98002 Mbps
42305[UE 1 | RB 1] Throughput = 1.20099 Mbps
42405[UE 1 | RB 1] Throughput = 1.19805 Mbps
42505[UE 1 | RB 1] Throughput = 0.59821 Mbps
42607[UE 1 | RB 1] Throughput = 1.41602 Mbps
42715[UE 1 | RB 1] Throughput = 1.21894 Mbps
42816[UE 1 | RB 1] Throughput = 0.83109 Mbps
42925[UE 1 | RB 1] Throughput = 1.32039 Mbps
43025[UE 1 | RB 1] Throughput = 0.59768 Mbps
43125[UE 1 | RB 1] Throughput = 1.43459 Mbps
43226[UE 1 | RB 1] Throughput = 0.59850 Mbps
43335[UE 1 | RB 1] Throughput = 1.31114 Mbps
43436[UE 1 | RB 1] Throughput = 1.31470 Mbps
43536[UE 1 | RB 1] Throughput = 0.71829 Mbps
43645[UE 1 | RB 1] Throughput = 1.09092 Mbps
43755[UE 1 | RB 1] Throughput = 1.31077 Mbps
43857[UE 1 | RB 1] Throughput = 0.70491 Mbps
43966[UE 1 | RB 1] Throughput = 1.32766 Mbps
44066[UE 1 | RB 1] Throughput = 0.71865 Mbps
44175[UE 1 | RB 1] Throughput = 1.20058 Mbps
44276[UE 1 | RB 1] Throughput = 1.43301 Mbps
44376[UE 1 | RB 1] Throughput = 0.71880 Mbps
44485[UE 1 | RB 1] Throughput = 1.31279 Mbps
44586[UE 1 | RB 1] Throughput = 0.71640 Mbps
44695[UE 1 | RB 1] Throughput = 1.30956 Mbps
44805[UE 1 | RB 1] Throughput = 0.98241 Mbps
44905[UE 1 | RB 1] Throughput = 1.31582 Mbps
45016[UE 1 | RB 1] Throughput = 0.54410 Mbps
45116[UE 1 | RB 1] Throughput = 1.43565 Mbps
45225[UE 1 | RB 1] Throughput = 0.87555 Mbps
45325[UE 1 | RB 1] Throughput = 0.95729 Mbps
45425[UE 1 | RB 1] Throughput = 1.31727 Mbps
45536[UE 1 | RB 1] Throughput = 1.19585 Mbps
45646[UE 1 | RB 1] Throughput = 0.65314 Mbps
45756[UE 1 | RB 1] Throughput = 1.19683 Mbps
45867[UE 1 | RB 1] Throughput = 1.28973 Mbps
45978[UE 1 | RB 1] Throughput = 1.30433 Mbps
46086[UE 1 | RB 1] Throughput = 0.66535 Mbps
46195[UE 1 | RB 1] Throughput = 1.42020 Mbps
46306[UE 1 | RB 1] Throughput = 0.76166 Mbps
46407[UE 1 | RB 1] Throughput = 0.71058 Mbps
46516[UE 1 | RB 1] Throughput = 1.32119 Mbps
46626[UE 1 | RB 1] Throughput = 1.30879 Mbps
46726[UE 1 | RB 1] Throughput = 0.71670 Mbps
46835[UE 1 | RB 1] Throughput = 1.31323 Mbps
46945[UE 1 | RB 1] Throughput = 1.30680 Mbps
47046[UE 1 | RB 1] Throughput = 0.59756 Mbps
47156[UE 1 | RB 1] Throughput = 1.30793 Mbps
47256[UE 1 | RB 1] Throughput = 0.71768 Mbps
47356[UE 1 | RB 1] Throughput = 1.43259 Mbps
47466[UE 1 | RB 1] Throughput = 0.65725 Mbps
47566[UE 1 | RB 1] Throughput = 1.43779 Mbps
47676[UE 1 | RB 1] Throughput = 1.19934 Mbps
47785[UE 1 | RB 1] Throughput = 0.87393 Mbps
47886[UE 1 | RB 1] Throughput = 1.31286 Mbps
47996[UE 1 | RB 1] Throughput = 0.65272 Mbps
48097[UE 1 | RB 1] Throughput = 1.30571 Mbps
48206[UE 1 | RB 1] Throughput = 0.65735 Mbps
48315[UE 1 | RB 1] Throughput = 1.09716 Mbps
48416[UE 1 | RB 1] Throughput = 1.43552 Mbps
48516[UE 1 | RB 1] Throughput = 1.30788 Mbps
48626[UE 1 | RB 1] Throughput = 0.98664 Mbps
48736[UE 1 | RB 1] Throughput = 1.19913 Mbps
48836[UE 1 | RB 1] Throughput = 0.71294 Mbps
48937[UE 1 | RB 1] Throughput = 1.43255 Mbps
49046[UE 1 | RB 1] Throughput = 0.88025 Mbps
49155[UE 1 | RB 1] Throughput = 1.09242 Mbps
49257[UE 1 | RB 1] Throughput = 1.06593 Mbps
49366[UE 1 | RB 1] Throughput = 1.20959 Mbps
49466[UE 1 | RB 1] Throughput = 0.59855 Mbps
49576[UE 1 | RB 1] Throughput = 1.08847 Mbps
49676[UE 1 | RB 1] Throughput = 1.31813 Mbps
49786[UE 1 | RB 1] Throughput = 1.20108 Mbps
49896[UE 1 | RB 1] Throughput = 1.19770 Mbps
50006[UE 1 | RB 1] Throughput = 0.98013 Mbps
50116[UE 1 | RB 1] Throughput = 0.98060 Mbps
50226[UE 1 | RB 1] Throughput = 1.09034 Mbps
50326[UE 1 | RB 1] Throughput = 0.95435 Mbps
50436[UE 1 | RB 1] Throughput = 1.20056 Mbps
50536[UE 1 | RB 1] Throughput = 1.31360 Mbps
50645[UE 1 | RB 1] Throughput = 0.65810 Mbps
50746[UE 1 | RB 1] Throughput = 1.07804 Mbps
50846[UE 1 | RB 1] Throughput = 1.31388 Mbps
50946[UE 1 | RB 1] Throughput = 0.71848 Mbps
51046[UE 1 | RB 1] Throughput = 1.31581 Mbps
51156[UE 1 | RB 1] Throughput = 1.20113 Mbps
51256[UE 1 | RB 1] Throughput = 0.83513 Mbps
51366[UE 1 | RB 1] Throughput = 1.20339 Mbps
51476[UE 1 | RB 1] Throughput = 1.08856 Mbps
51577[UE 1 | RB 1] Throughput = 0.94656 Mbps
51686[UE 1 | RB 1] Throughput = 1.10420 Mbps
51786[UE 1 | RB 1] Throughput = 0.95822 Mbps
51886[UE 1 | RB 1] Throughput = 1.43729 Mbps
51996[UE 1 | RB 1] Throughput = 0.98329 Mbps
52096[UE 1 | RB 1] Throughput = 0.83750 Mbps
52196[UE 1 | RB 1] Throughput = 1.19600 Mbps
52296[UE 1 | RB 1] Throughput = 1.19577 Mbps
52406[UE 1 | RB 1] Throughput = 0.87507 Mbps
52506[UE 1 | RB 1] Throughput = 1.19259 Mbps
52616[UE 1 | RB 1] Throughput = 0.87670 Mbps
52716[UE 1 | RB 1] Throughput = 0.71808 Mbps
52816[UE 1 | RB 1] Throughput = 1.54897 Mbps
52917[UE 1 | RB 1] Throughput = 1.07473 Mbps
53026[UE 1 | RB 1] Throughput = 1.09663 Mbps
53126[UE 1 | RB 1] Throughput = 0.95776 Mbps
53227[UE 1 | RB 1] Throughput = 1.30988 Mbps
53336[UE 1 | RB 1] Throughput = 0.76616 Mbps
53446[UE 1 | RB 1] Throughput = 1.08978 Mbps
53556[UE 1 | RB 1] Throughput = 1.30506 Mbps
53656[UE 1 | RB 1] Throughput = 1.07851 Mbps
53757[UE 1 | RB 1] Throughput = 0.71093 Mbps
53867[UE 1 | RB 1] Throughput = 1.31703 Mbps
53976[UE 1 | RB 1] Throughput = 1.20558 Mbps
54076[UE 1 | RB 1] Throughput = 0.59876 Mbps
54176[UE 1 | RB 1] Throughput = 1.31493 Mbps
54277[UE 1 | RB 1] Throughput = 0.71613 Mbps
54386[UE 1 | RB 1] Throughput = 1.42207 Mbps
54496[UE 1 | RB 1] Throughput = 0.98577 Mbps
54597[UE 1 | RB 1] Throughput = 1.29890 Mbps
54706[UE 1 | RB 1] Throughput = 1.09965 Mbps
54816[UE 1 | RB 1] Throughput = 0.97959 Mbps
54916[UE 1 | RB 1] Throughput = 0.95808 Mbps
55016[UE 1 | RB 1] Throughput = 1.19656 Mbps
55126[UE 1 | RB 1] Throughput = 0.87671 Mbps
55226[UE 1 | RB 1] Throughput = 1.07721 Mbps
55336[UE 1 | RB 1] Throughput = 1.19823 Mbps
55437[UE 1 | RB 1] Throughput = 1.18274 Mbps
55546[UE 1 | RB 1] Throughput = 0.65876 Mbps
55647[UE 1 | RB 1] Throughput = 1.31518 Mbps
55747[UE 1 | RB 1] Throughput = 1.31528 Mbps
55856[UE 1 | RB 1] Throughput = 0.98754 Mbps
55966[UE 1 | RB 1] Throughput = 0.98155 Mbps
56068[UE 1 | RB 1] Throughput = 0.70578 Mbps
56176[UE 1 | RB 1] Throughput = 1.32602 Mbps
56286[UE 1 | RB 1] Throughput = 1.09046 Mbps
56387[UE 1 | RB 1] Throughput = 1.19300 Mbps
56497[UE 1 | RB 1] Throughput = 0.65424 Mbps
56606[UE 1 | RB 1] Throughput = 1.31111 Mbps
56716[UE 1 | RB 1] Throughput = 1.19609 Mbps
56817[UE 1 | RB 1] Throughput = 0.71868 Mbps
56926[UE 1 | RB 1] Throughput = 1.09059 Mbps
57036[UE 1 | RB 1] Throughput = 1.31428 Mbps
57136[UE 1 | RB 1] Throughput = 1.19297 Mbps
57246[UE 1 | RB 1] Throughput = 1.09387 Mbps
57347[UE 1 | RB 1] Throughput = 0.71393 Mbps
57456[UE 1 | RB 1] Throughput = 1.20162 Mbps
57556[UE 1 | RB 1] Throughput = 1.19725 Mbps
57657[UE 1 | RB 1] Throughput = 1.19397 Mbps
57766[UE 1 | RB 1] Throughput = 1.09648 Mbps
57866[UE 1 | RB 1] Throughput = 0.83814 Mbps
57966[UE 1 | RB 1] Throughput = 1.31540 Mbps
58067[UE 1 | RB 1] Throughput = 0.59279 Mbps
58177[UE 1 | RB 1] Throughput = 1.19972 Mbps
58286[UE 1 | RB 1] Throughput = 1.21593 Mbps
58386[UE 1 | RB 1] Throughput = 0.83418 Mbps
58486[UE 1 | RB 1] Throughput = 1.19604 Mbps
58596[UE 1 | RB 1] Throughput = 1.19876 Mbps
58697[UE 1 | RB 1] Throughput = 1.07716 Mbps
58806[UE 1 | RB 1] Throughput = 1.20602 Mbps
58908[UE 1 | RB 1] Throughput = 0.94322 Mbps
59016[UE 1 | RB 1] Throughput = 1.10167 Mbps
59117[UE 1 | RB 1] Throughput = 0.95457 Mbps
59217[UE 1 | RB 1] Throughput = 1.07335 Mbps
59326[UE 1 | RB 1] Throughput = 0.98792 Mbps
59438[UE 1 | RB 1] Throughput = 1.18577 Mbps
59546[UE 1 | RB 1] Throughput = 0.99183 Mbps
59656[UE 1 | RB 1] Throughput = 1.09161 Mbps
59756[UE 1 | RB 1] Throughput = 0.95773 Mbps
59856[UE 1 | RB 1] Throughput = 1.19479 Mbps
59967[UE 1 | RB 1] Throughput = 1.08650 Mbps
60077[UE 1 | RB 1] Throughput = 1.09215 Mbps
60188[UE 1 | RB 1] Throughput = 1.07954 Mbps
60296[UE 1 | RB 1] Throughput = 1.10185 Mbps
60396[UE 1 | RB 1] Throughput = 0.71810 Mbps
60496[UE 1 | RB 1] Throughput = 0.83825 Mbps
60597[UE 1 | RB 1] Throughput = 1.19695 Mbps
60698[UE 1 | RB 1] Throughput = 1.30581 Mbps
60806[UE 1 | RB 1] Throughput = 0.99080 Mbps
60916[UE 1 | RB 1] Throughput = 1.08871 Mbps
61017[UE 1 | RB 1] Throughput = 1.31567 Mbps
61126[UE 1 | RB 1] Throughput = 1.09564 Mbps
61227[UE 1 | RB 1] Throughput = 0.71593 Mbps
61336[UE 1 | RB 1] Throughput = 1.19888 Mbps
61437[UE 1 | RB 1] Throughput = 1.19713 Mbps
61547[UE 1 | RB 1] Throughput = 1.08964 Mbps
61656[UE 1 | RB 1] Throughput = 1.09083 Mbps
61757[UE 1 | RB 1] Throughput = 1.19712 Mbps
61866[UE 1 | RB 1] Throughput = 0.65639 Mbps
61966[UE 1 | RB 1] Throughput = 1.31303 Mbps
62067[UE 1 | RB 1] Throughput = 0.71314 Mbps
62169[UE 1 | RB 1] Throughput = 1.41701 Mbps
62276[UE 1 | RB 1] Throughput = 0.66853 Mbps
62376[UE 1 | RB 1] Throughput = 1.43805 Mbps
62477[UE 1 | RB 1] Throughput = 1.19586 Mbps
62577[UE 1 | RB 1] Throughput = 0.83746 Mbps
62686[UE 1 | RB 1] Throughput = 1.20254 Mbps
62788[UE 1 | RB 1] Throughput = 1.06405 Mbps
62897[UE 1 | RB 1] Throughput = 1.10047 Mbps
63007[UE 1 | RB 1] Throughput = 1.19534 Mbps
63116[UE 1 | RB 1] Throughput = 1.09425 Mbps
63217[UE 1 | RB 1] Throughput = 0.71674 Mbps
63326[UE 1 | RB 1] Throughput = 1.20127 Mbps
63436[UE 1 | RB 1] Throughput = 0.76290 Mbps
63547[UE 1 | RB 1] Throughput = 1.18812 Mbps
63656[UE 1 | RB 1] Throughput = 1.20800 Mbps
63757[UE 1 | RB 1] Throughput = 0.83609 Mbps
63866[UE 1 | RB 1] Throughput = 1.31293 Mbps
63966[UE 1 | RB 1] Throughput = 1.19694 Mbps
64066[UE 1 | RB 1] Throughput = 0.71901 Mbps
64167[UE 1 | RB 1] Throughput = 1.19777 Mbps
64267[UE 1 | RB 1] Throughput = 1.07761 Mbps
64367[UE 1 | RB 1] Throughput = 1.31766 Mbps
64477[UE 1 | RB 1] Throughput = 0.76308 Mbps
64577[UE 1 | RB 1] Throughput = 1.43409 Mbps
64686[UE 1 | RB 1] Throughput = 0.76708 Mbps
64786[UE 1 | RB 1] Throughput = 1.31569 Mbps
64887[UE 1 | RB 1] Throughput = 0.83690 Mbps
64996[UE 1 | RB 1] Throughput = 1.31212 Mbps
65097[UE 1 | RB 1] Throughput = 0.95580 Mbps
65197[UE 1 | RB 1] Throughput = 0.83864 Mbps
65298[UE 1 | RB 1] Throughput = 1.30646 Mbps
65408[UE 1 | RB 1] Throughput = 1.19579 Mbps
65517[UE 1 | RB 1] Throughput = 0.87935 Mbps
65627[UE 1 | RB 1] Throughput = 1.19544 Mbps
65737[UE 1 | RB 1] Throughput = 1.09164 Mbps
65847[UE 1 | RB 1] Throughput = 1.09036 Mbps
65957[UE 1 | RB 1] Throughput = 0.98233 Mbps
66066[UE 1 | RB 1] Throughput = 1.09026 Mbps
66177[UE 1 | RB 1] Throughput = 0.97949 Mbps
66279[UE 1 | RB 1] Throughput = 1.29017 Mbps
66387[UE 1 | RB 1] Throughput = 0.66604 Mbps
66487[UE 1 | RB 1] Throughput = 1.07749 Mbps
66597[UE 1 | RB 1] Throughput = 1.31013 Mbps
66706[UE 1 | RB 1] Throughput = 1.20044 Mbps
66807[UE 1 | RB 1] Throughput = 0.95718 Mbps
66907[UE 1 | RB 1] Throughput = 1.18852 Mbps
67017[UE 1 | RB 1] Throughput = 1.09474 Mbps
67127[UE 1 | RB 1] Throughput = 0.97825 Mbps
67237[UE 1 | RB 1] Throughput = 0.97764 Mbps
67347[UE 1 | RB 1] Throughput = 0.98709 Mbps
67447[UE 1 | RB 1] Throughput = 1.30818 Mbps
67556[UE 1 | RB 1] Throughput = 0.87944 Mbps
67658[UE 1 | RB 1] Throughput = 1.06737 Mbps
67767[UE 1 | RB 1] Throughput = 0.98790 Mbps
67867[UE 1 | RB 1] Throughput = 1.07606 Mbps
67967[UE 1 | RB 1] Throughput = 1.31586 Mbps
68076[UE 1 | RB 1] Throughput = 0.76780 Mbps
68179[UE 1 | RB 1] Throughput = 1.05595 Mbps
68287[UE 1 | RB 1] Throughput = 1.21048 Mbps
68397[UE 1 | RB 1] Throughput = 0.98477 Mbps
68497[UE 1 | RB 1] Throughput = 1.19744 Mbps
68607[UE 1 | RB 1] Throughput = 1.09189 Mbps
68707[UE 1 | RB 1] Throughput = 0.95568 Mbps
68807[UE 1 | RB 1] Throughput = 1.19790 Mbps
68907[UE 1 | RB 1] Throughput = 1.07524 Mbps
69008[UE 1 | RB 1] Throughput = 1.19715 Mbps
69108[UE 1 | RB 1] Throughput = 0.59570 Mbps
69217[UE 1 | RB 1] Throughput = 1.21351 Mbps
69327[UE 1 | RB 1] Throughput = 1.08922 Mbps
69437[UE 1 | RB 1] Throughput = 1.08911 Mbps
69547[UE 1 | RB 1] Throughput = 1.19565 Mbps
69647[UE 1 | RB 1] Throughput = 1.07670 Mbps
69757[UE 1 | RB 1] Throughput = 1.08988 Mbps
69866[UE 1 | RB 1] Throughput = 0.98738 Mbps
69967[UE 1 | RB 1] Throughput = 0.95393 Mbps
70077[UE 1 | RB 1] Throughput = 1.08948 Mbps
70187[UE 1 | RB 1] Throughput = 1.20048 Mbps
70287[UE 1 | RB 1] Throughput = 1.19492 Mbps
70397[UE 1 | RB 1] Throughput = 1.09184 Mbps
70498[UE 1 | RB 1] Throughput = 0.94393 Mbps
70607[UE 1 | RB 1] Throughput = 0.99382 Mbps
70707[UE 1 | RB 1] Throughput = 1.31455 Mbps
70818[UE 1 | RB 1] Throughput = 0.86115 Mbps
70927[UE 1 | RB 1] Throughput = 1.10433 Mbps
71037[UE 1 | RB 1] Throughput = 1.09139 Mbps
71137[UE 1 | RB 1] Throughput = 0.71789 Mbps
71237[UE 1 | RB 1] Throughput = 1.43717 Mbps
71347[UE 1 | RB 1] Throughput = 0.98376 Mbps
71447[UE 1 | RB 1] Throughput = 1.31115 Mbps
71557[UE 1 | RB 1] Throughput = 0.98354 Mbps
71658[UE 1 | RB 1] Throughput = 0.94700 Mbps
71767[UE 1 | RB 1] Throughput = 1.10126 Mbps
71877[UE 1 | RB 1] Throughput = 1.08769 Mbps
71977[UE 1 | RB 1] Throughput = 0.71831 Mbps
72087[UE 1 | RB 1] Throughput = 1.09353 Mbps
72187[UE 1 | RB 1] Throughput = 1.31620 Mbps
72297[UE 1 | RB 1] Throughput = 1.08848 Mbps
72407[UE 1 | RB 1] Throughput = 1.19958 Mbps
72517[UE 1 | RB 1] Throughput = 1.09102 Mbps
72617[UE 1 | RB 1] Throughput = 0.71769 Mbps
72727[UE 1 | RB 1] Throughput = 1.09054 Mbps
72827[UE 1 | RB 1] Throughput = 1.31328 Mbps
72938[UE 1 | RB 1] Throughput = 1.08488 Mbps
73047[UE 1 | RB 1] Throughput = 0.76691 Mbps
73157[UE 1 | RB 1] Throughput = 0.98206 Mbps
73257[UE 1 | RB 1] Throughput = 1.43457 Mbps
73367[UE 1 | RB 1] Throughput = 1.19798 Mbps
73477[UE 1 | RB 1] Throughput = 1.09475 Mbps
73577[UE 1 | RB 1] Throughput = 0.83426 Mbps
73687[UE 1 | RB 1] Throughput = 0.98391 Mbps
73787[UE 1 | RB 1] Throughput = 0.83392 Mbps
73888[UE 1 | RB 1] Throughput = 1.19492 Mbps
73997[UE 1 | RB 1] Throughput = 1.09512 Mbps
74107[UE 1 | RB 1] Throughput = 1.09173 Mbps
74208[UE 1 | RB 1] Throughput = 1.42518 Mbps
74308[UE 1 | RB 1] Throughput = 0.71672 Mbps
74417[UE 1 | RB 1] Throughput = 1.32436 Mbps
74517[UE 1 | RB 1] Throughput = 1.07684 Mbps
74617[UE 1 | RB 1] Throughput = 0.71628 Mbps
74717[UE 1 | RB 1] Throughput = 1.19663 Mbps
74827[UE 1 | RB 1] Throughput = 1.30737 Mbps
74937[UE 1 | RB 1] Throughput = 1.08996 Mbps
75047[UE 1 | RB 1] Throughput = 0.54506 Mbps
75157[UE 1 | RB 1] Throughput = 1.20380 Mbps
75258[UE 1 | RB 1] Throughput = 1.18806 Mbps
75367[UE 1 | RB 1] Throughput = 1.31363 Mbps
75467[UE 1 | RB 1] Throughput = 1.07836 Mbps
75568[UE 1 | RB 1] Throughput = 0.95505 Mbps
75677[UE 1 | RB 1] Throughput = 1.09092 Mbps
75777[UE 1 | RB 1] Throughput = 1.07786 Mbps
75887[UE 1 | RB 1] Throughput = 0.98183 Mbps
75988[UE 1 | RB 1] Throughput = 1.07571 Mbps
76097[UE 1 | RB 1] Throughput = 0.98703 Mbps
76197[UE 1 | RB 1] Throughput = 0.47902 Mbps
76297[UE 1 | RB 1] Throughput = 1.67511 Mbps
76397[UE 1 | RB 1] Throughput = 1.31720 Mbps
76508[UE 1 | RB 1] Throughput = 0.65090 Mbps
76617[UE 1 | RB 1] Throughput = 1.31157 Mbps
76717[UE 1 | RB 1] Throughput = 1.07783 Mbps
76827[UE 1 | RB 1] Throughput = 1.08903 Mbps
76928[UE 1 | RB 1] Throughput = 1.19683 Mbps
77037[UE 1 | RB 1] Throughput = 1.09474 Mbps
77137[UE 1 | RB 1] Throughput = 1.07655 Mbps
77240[UE 1 | RB 1] Throughput = 0.93279 Mbps
77348[UE 1 | RB 1] Throughput = 1.22319 Mbps
77457[UE 1 | RB 1] Throughput = 0.76603 Mbps
77557[UE 1 | RB 1] Throughput = 1.19570 Mbps
77667[UE 1 | RB 1] Throughput = 1.20392 Mbps
77767[UE 1 | RB 1] Throughput = 0.71568 Mbps
77868[UE 1 | RB 1] Throughput = 1.31677 Mbps
77977[UE 1 | RB 1] Throughput = 1.20159 Mbps
78088[UE 1 | RB 1] Throughput = 0.65195 Mbps
78188[UE 1 | RB 1] Throughput = 1.31684 Mbps
78297[UE 1 | RB 1] Throughput = 0.76508 Mbps
78409[UE 1 | RB 1] Throughput = 1.18511 Mbps
78509[UE 1 | RB 1] Throughput = 1.19715 Mbps
78618[UE 1 | RB 1] Throughput = 1.10043 Mbps
78718[UE 1 | RB 1] Throughput = 1.30895 Mbps
78828[UE 1 | RB 1] Throughput = 1.09630 Mbps
78938[UE 1 | RB 1] Throughput = 0.65393 Mbps
79047[UE 1 | RB 1] Throughput = 1.20176 Mbps
79148[UE 1 | RB 1] Throughput = 1.31292 Mbps
79257[UE 1 | RB 1] Throughput = 0.65630 Mbps
79359[UE 1 | RB 1] Throughput = 1.30086 Mbps
79467[UE 1 | RB 1] Throughput = 1.10471 Mbps
79567[UE 1 | RB 1] Throughput = 0.95466 Mbps
79677[UE 1 | RB 1] Throughput = 1.19948 Mbps
79777[UE 1 | RB 1] Throughput = 1.31642 Mbps
79878[UE 1 | RB 1] Throughput = 0.59907 Mbps
79988[UE 1 | RB 1] Throughput = 1.19469 Mbps
80097[UE 1 | RB 1] Throughput = 1.09536 Mbps
80198[UE 1 | RB 1] Throughput = 1.07416 Mbps
80307[UE 1 | RB 1] Throughput = 0.98424 Mbps
80408[UE 1 | RB 1] Throughput = 1.31257 Mbps
80517[UE 1 | RB 1] Throughput = 0.98394 Mbps
80617[UE 1 | RB 1] Throughput = 1.07743 Mbps
80718[UE 1 | RB 1] Throughput = 0.95716 Mbps
80818[UE 1 | RB 1] Throughput = 1.19453 Mbps
80928[UE 1 | RB 1] Throughput = 1.09096 Mbps
81028[UE 1 | RB 1] Throughput = 0.95843 Mbps
81128[UE 1 | RB 1] Throughput = 0.95752 Mbps
81228[UE 1 | RB 1] Throughput = 1.19629 Mbps
81338[UE 1 | RB 1] Throughput = 0.87451 Mbps
81438[UE 1 | RB 1] Throughput = 1.31603 Mbps
81548[UE 1 | RB 1] Throughput = 1.09106 Mbps
81648[UE 1 | RB 1] Throughput = 1.19733 Mbps
81757[UE 1 | RB 1] Throughput = 0.76508 Mbps
81858[UE 1 | RB 1] Throughput = 1.19530 Mbps
81968[UE 1 | RB 1] Throughput = 1.09007 Mbps
82068[UE 1 | RB 1] Throughput = 1.07753 Mbps
82178[UE 1 | RB 1] Throughput = 1.09097 Mbps
82288[UE 1 | RB 1] Throughput = 1.08591 Mbps
82398[UE 1 | RB 1] Throughput = 1.09040 Mbps
82507[UE 1 | RB 1] Throughput = 1.20534 Mbps
82608[UE 1 | RB 1] Throughput = 0.71482 Mbps
82720[UE 1 | RB 1] Throughput = 1.28334 Mbps
82828[UE 1 | RB 1] Throughput = 1.11110 Mbps
82938[UE 1 | RB 1] Throughput = 0.76390 Mbps
83047[UE 1 | RB 1] Throughput = 1.30913 Mbps
83148[UE 1 | RB 1] Throughput = 1.19372 Mbps
83248[UE 1 | RB 1] Throughput = 0.71823 Mbps
83358[UE 1 | RB 1] Throughput = 1.31164 Mbps
83458[UE 1 | RB 1] Throughput = 0.59874 Mbps
83558[UE 1 | RB 1] Throughput = 1.43700 Mbps
83658[UE 1 | RB 1] Throughput = 1.07370 Mbps
83768[UE 1 | RB 1] Throughput = 0.98298 Mbps
83869[UE 1 | RB 1] Throughput = 1.18943 Mbps
83978[UE 1 | RB 1] Throughput = 0.98731 Mbps
84088[UE 1 | RB 1] Throughput = 1.08970 Mbps
84198[UE 1 | RB 1] Throughput = 0.76421 Mbps
84307[UE 1 | RB 1] Throughput = 1.31170 Mbps
84408[UE 1 | RB 1] Throughput = 1.18865 Mbps
84508[UE 1 | RB 1] Throughput = 0.71857 Mbps
84618[UE 1 | RB 1] Throughput = 1.42180 Mbps
84728[UE 1 | RB 1] Throughput = 0.87251 Mbps
84828[UE 1 | RB 1] Throughput = 0.83593 Mbps
84938[UE 1 | RB 1] Throughput = 1.19230 Mbps
85048[UE 1 | RB 1] Throughput = 1.31668 Mbps
85157[UE 1 | RB 1] Throughput = 1.20201 Mbps
85259[UE 1 | RB 1] Throughput = 0.71035 Mbps
85368[UE 1 | RB 1] Throughput = 1.20492 Mbps
85468[UE 1 | RB 1] Throughput = 1.19832 Mbps
85568[UE 1 | RB 1] Throughput = 0.71627 Mbps
85669[UE 1 | RB 1] Throughput = 1.31659 Mbps
85778[UE 1 | RB 1] Throughput = 1.09261 Mbps
85888[UE 1 | RB 1] Throughput = 1.08725 Mbps
85989[UE 1 | RB 1] Throughput = 1.19112 Mbps
86098[UE 1 | RB 1] Throughput = 0.65939 Mbps
86208[UE 1 | RB 1] Throughput = 1.20348 Mbps
86308[UE 1 | RB 1] Throughput = 1.31561 Mbps
86408[UE 1 | RB 1] Throughput = 0.95785 Mbps
86518[UE 1 | RB 1] Throughput = 1.08878 Mbps
86628[UE 1 | RB 1] Throughput = 0.98179 Mbps
86728[UE 1 | RB 1] Throughput = 1.19608 Mbps
86838[UE 1 | RB 1] Throughput = 0.87325 Mbps
86938[UE 1 | RB 1] Throughput = 1.19340 Mbps
87048[UE 1 | RB 1] Throughput = 1.09211 Mbps
87148[UE 1 | RB 1] Throughput = 1.07569 Mbps
87248[UE 1 | RB 1] Throughput = 1.19711 Mbps
87358[UE 1 | RB 1] Throughput = 0.65793 Mbps
87458[UE 1 | RB 1] Throughput = 1.31393 Mbps
87568[UE 1 | RB 1] Throughput = 1.08993 Mbps
87668[UE 1 | RB 1] Throughput = 1.31422 Mbps
87778[UE 1 | RB 1] Throughput = 1.09514 Mbps
87878[UE 1 | RB 1] Throughput = 0.59695 Mbps
87988[UE 1 | RB 1] Throughput = 1.20238 Mbps
88089[UE 1 | RB 1] Throughput = 1.06943 Mbps
88197[UE 1 | RB 1] Throughput = 0.99107 Mbps
88297[UE 1 | RB 1] Throughput = 1.43785 Mbps
88398[UE 1 | RB 1] Throughput = 0.71590 Mbps
88498[UE 1 | RB 1] Throughput = 1.31788 Mbps
88598[UE 1 | RB 1] Throughput = 0.95768 Mbps
88708[UE 1 | RB 1] Throughput = 0.76290 Mbps
88808[UE 1 | RB 1] Throughput = 1.31585 Mbps
88917[UE 1 | RB 1] Throughput = 1.20501 Mbps
89018[UE 1 | RB 1] Throughput = 1.07515 Mbps
89118[UE 1 | RB 1] Throughput = 1.19755 Mbps
89229[UE 1 | RB 1] Throughput = 0.97435 Mbps
89338[UE 1 | RB 1] Throughput = 0.87830 Mbps
89438[UE 1 | RB 1] Throughput = 1.43515 Mbps
89548[UE 1 | RB 1] Throughput = 0.65260 Mbps
89648[UE 1 | RB 1] Throughput = 1.31541 Mbps
89758[UE 1 | RB 1] Throughput = 1.09437 Mbps
89868[UE 1 | RB 1] Throughput = 1.08815 Mbps
89978[UE 1 | RB 1] Throughput = 1.19923 Mbps
[xApp]: E42 RIC_SUBSCRIPTION_DELETE_REQUEST tx RAN_FUNC_ID 144 RIC_REQ_ID 1 
[xApp]: E42 SUBSCRIPTION DELETE RESPONSE rx
[xApp]: E42 RIC_SUBSCRIPTION_DELETE_REQUEST tx RAN_FUNC_ID 144 RIC_REQ_ID 2 
[xApp]: E42 SUBSCRIPTION DELETE RESPONSE rx
[xApp]: E42 RIC_SUBSCRIPTION_DELETE_REQUEST tx RAN_FUNC_ID 144 RIC_REQ_ID 3 
[xApp]: E42 SUBSCRIPTION DELETE RESPONSE rx
[xApp]: Sucessfully stopped 
Test xApp run SUCCESSFULLY
