[UTIL]: Setting the config -c file to /usr/local/etc/flexric/flexric.conf
[UTIL]: Setting path -p for the shared libraries to /usr/local/lib/flexric/
[xAapp]: Initializing ... 
[xApp]: nearRT-RIC IP Address = 192.168.70.150, PORT = 36422
[E2 AGENT]: Opening plugin from path = /usr/local/lib/flexric/libkpm_sm.so 
[E2 AGENT]: Opening plugin from path = /usr/local/lib/flexric/libmac_sm.so 
[E2 AGENT]: Opening plugin from path = /usr/local/lib/flexric/libpdcp_sm.so 
[E2 AGENT]: Opening plugin from path = /usr/local/lib/flexric/libgtp_sm.so 
[E2 AGENT]: Opening plugin from path = /usr/local/lib/flexric/librc_sm.so 
[E2 AGENT]: Opening plugin from path = /usr/local/lib/flexric/libtc_sm.so 
[E2 AGENT]: Opening plugin from path = /usr/local/lib/flexric/librlc_sm.so 
[E2 AGENT]: Opening plugin from path = /usr/local/lib/flexric/libslice_sm.so 
[NEAR-RIC]: Loading SM ID = 2 with def = ORAN-E2SM-KPM 
[NEAR-RIC]: Loading SM ID = 142 with def = MAC_STATS_V0 
[NEAR-RIC]: Loading SM ID = 144 with def = PDCP_STATS_V0 
[NEAR-RIC]: Loading SM ID = 148 with def = GTP_STATS_V0 
[NEAR-RIC]: Loading SM ID = 3 with def = ORAN-E2SM-RC 
[NEAR-RIC]: Loading SM ID = 146 with def = TC_STATS_V0 
[NEAR-RIC]: Loading SM ID = 143 with def = RLC_STATS_V0 
[NEAR-RIC]: Loading SM ID = 145 with def = SLICE_STATS_V0 
[xApp]: DB filename = /tmp/flexric/xapp_db 
 [xApp]: E42 SETUP-REQUEST tx
[xApp]: E42 SETUP-RESPONSE rx 
[xApp]: xApp ID = 15 
[xApp]: Registered E2 Nodes = 3 
Connected E2 nodes = 3
[xAPP] Registered node 0 ran func id = 2 
 [xAPP] Registered node 0 ran func id = 3 
 [xAPP] Registered node 0 ran func id = 142 
 [xAPP] Registered node 0 ran func id = 143 
 [xAPP] Registered node 0 ran func id = 144 
 [xAPP] Registered node 0 ran func id = 145 
 [xAPP] Registered node 0 ran func id = 146 
 [xAPP] Registered node 0 ran func id = 148 
 [xApp]: E42 RIC SUBSCRIPTION REQUEST tx RAN_FUNC_ID 144 RIC_REQ_ID 1 
[xApp]: SUBSCRIPTION RESPONSE rx
[xApp]: Successfully subscribed to RAN_FUNC_ID 144 
[xAPP] Registered node 1 ran func id = 2 
 [xAPP] Registered node 1 ran func id = 3 
 [xAPP] Registered node 1 ran func id = 142 
 [xAPP] Registered node 1 ran func id = 143 
 [xAPP] Registered node 1 ran func id = 144 
 [xAPP] Registered node 1 ran func id = 145 
 [xAPP] Registered node 1 ran func id = 146 
 [xAPP] Registered node 1 ran func id = 148 
 [xApp]: E42 RIC SUBSCRIPTION REQUEST tx RAN_FUNC_ID 144 RIC_REQ_ID 2 
[xApp]: SUBSCRIPTION RESPONSE rx
[xApp]: Successfully subscribed to RAN_FUNC_ID 144 
[xAPP] Registered node 2 ran func id = 2 
 [xAPP] Registered node 2 ran func id = 3 
 [xAPP] Registered node 2 ran func id = 142 
 [xAPP] Registered node 2 ran func id = 143 
 [xAPP] Registered node 2 ran func id = 144 
 [xAPP] Registered node 2 ran func id = 145 
 [xAPP] Registered node 2 ran func id = 146 
 [xAPP] Registered node 2 ran func id = 148 
 [xApp]: E42 RIC SUBSCRIPTION REQUEST tx RAN_FUNC_ID 144 RIC_REQ_ID 3 
[xApp]: SUBSCRIPTION RESPONSE rx
[xApp]: Successfully subscribed to RAN_FUNC_ID 144 
113[UE 1 | RB 1] Throughput = 0.95797 Mbps
223[UE 1 | RB 1] Throughput = 1.30936 Mbps
333[UE 1 | RB 1] Throughput = 0.87316 Mbps
433[UE 1 | RB 1] Throughput = 1.07529 Mbps
533[UE 1 | RB 1] Throughput = 0.47889 Mbps
643[UE 1 | RB 1] Throughput = 1.75027 Mbps
743[UE 1 | RB 1] Throughput = 1.07606 Mbps
853[UE 1 | RB 1] Throughput = 0.98172 Mbps
953[UE 1 | RB 1] Throughput = 0.95652 Mbps
1053[UE 1 | RB 1] Throughput = 1.07805 Mbps
1153[UE 1 | RB 1] Throughput = 1.31696 Mbps
1263[UE 1 | RB 1] Throughput = 0.65234 Mbps
1373[UE 1 | RB 1] Throughput = 1.31441 Mbps
1473[UE 1 | RB 1] Throughput = 1.31661 Mbps
1573[UE 1 | RB 1] Throughput = 0.71806 Mbps
1673[UE 1 | RB 1] Throughput = 1.19676 Mbps
1783[UE 1 | RB 1] Throughput = 1.09181 Mbps
1893[UE 1 | RB 1] Throughput = 1.08879 Mbps
2003[UE 1 | RB 1] Throughput = 1.08763 Mbps
2103[UE 1 | RB 1] Throughput = 0.71776 Mbps
2213[UE 1 | RB 1] Throughput = 1.09286 Mbps
2313[UE 1 | RB 1] Throughput = 1.19669 Mbps
2423[UE 1 | RB 1] Throughput = 0.43578 Mbps
2533[UE 1 | RB 1] Throughput = 1.73858 Mbps
2643[UE 1 | RB 1] Throughput = 0.98113 Mbps
2753[UE 1 | RB 1] Throughput = 1.30856 Mbps
2863[UE 1 | RB 1] Throughput = 0.65456 Mbps
2963[UE 1 | RB 1] Throughput = 1.43504 Mbps
3073[UE 1 | RB 1] Throughput = 1.19947 Mbps
3183[UE 1 | RB 1] Throughput = 0.76314 Mbps
3293[UE 1 | RB 1] Throughput = 1.30655 Mbps
3393[UE 1 | RB 1] Throughput = 0.83815 Mbps
3493[UE 1 | RB 1] Throughput = 0.83716 Mbps
3603[UE 1 | RB 1] Throughput = 1.20460 Mbps
3713[UE 1 | RB 1] Throughput = 1.20091 Mbps
3813[UE 1 | RB 1] Throughput = 1.31269 Mbps
3923[UE 1 | RB 1] Throughput = 1.08860 Mbps
4033[UE 1 | RB 1] Throughput = 1.08981 Mbps
4133[UE 1 | RB 1] Throughput = 0.59817 Mbps
4233[UE 1 | RB 1] Throughput = 1.31507 Mbps
4343[UE 1 | RB 1] Throughput = 1.31026 Mbps
4453[UE 1 | RB 1] Throughput = 1.09072 Mbps
4563[UE 1 | RB 1] Throughput = 0.65410 Mbps
4663[UE 1 | RB 1] Throughput = 1.19710 Mbps
4773[UE 1 | RB 1] Throughput = 1.08987 Mbps
4873[UE 1 | RB 1] Throughput = 1.19756 Mbps
4983[UE 1 | RB 1] Throughput = 0.76353 Mbps
5093[UE 1 | RB 1] Throughput = 1.20001 Mbps
5193[UE 1 | RB 1] Throughput = 1.19283 Mbps
5303[UE 1 | RB 1] Throughput = 0.98542 Mbps
5403[UE 1 | RB 1] Throughput = 0.71603 Mbps
5513[UE 1 | RB 1] Throughput = 1.31105 Mbps
5613[UE 1 | RB 1] Throughput = 1.31657 Mbps
5723[UE 1 | RB 1] Throughput = 0.98075 Mbps
6807[UE 1 | RB 1] Throughput = 0.04421 Mbps
6913[UE 1 | RB 1] Throughput = 11.28639 Mbps
7014[UE 1 | RB 1] Throughput = 1.43465 Mbps
7123[UE 1 | RB 1] Throughput = 0.65547 Mbps
7233[UE 1 | RB 1] Throughput = 1.19807 Mbps
7343[UE 1 | RB 1] Throughput = 1.20128 Mbps
7443[UE 1 | RB 1] Throughput = 0.95729 Mbps
7544[UE 1 | RB 1] Throughput = 1.19484 Mbps
7654[UE 1 | RB 1] Throughput = 1.08884 Mbps
7763[UE 1 | RB 1] Throughput = 1.20293 Mbps
7863[UE 1 | RB 1] Throughput = 1.07625 Mbps
7973[UE 1 | RB 1] Throughput = 0.65360 Mbps
8083[UE 1 | RB 1] Throughput = 1.30951 Mbps
8193[UE 1 | RB 1] Throughput = 1.19721 Mbps
8294[UE 1 | RB 1] Throughput = 0.95521 Mbps
8403[UE 1 | RB 1] Throughput = 1.20538 Mbps
8514[UE 1 | RB 1] Throughput = 0.97558 Mbps
8623[UE 1 | RB 1] Throughput = 0.87597 Mbps
8723[UE 1 | RB 1] Throughput = 1.31303 Mbps
8833[UE 1 | RB 1] Throughput = 1.19963 Mbps
8933[UE 1 | RB 1] Throughput = 0.71877 Mbps
9034[UE 1 | RB 1] Throughput = 1.18742 Mbps
9143[UE 1 | RB 1] Throughput = 1.10101 Mbps
9253[UE 1 | RB 1] Throughput = 1.30893 Mbps
9353[UE 1 | RB 1] Throughput = 0.83651 Mbps
9463[UE 1 | RB 1] Throughput = 1.19871 Mbps
9573[UE 1 | RB 1] Throughput = 0.76408 Mbps
9673[UE 1 | RB 1] Throughput = 1.31800 Mbps
9773[UE 1 | RB 1] Throughput = 1.19460 Mbps
9904[UE 1 | RB 1] Throughput = 0.64292 Mbps
10013[UE 1 | RB 1] Throughput = 1.53792 Mbps
10114[UE 1 | RB 1] Throughput = 0.83460 Mbps
10224[UE 1 | RB 1] Throughput = 1.30694 Mbps
10333[UE 1 | RB 1] Throughput = 0.65504 Mbps
10443[UE 1 | RB 1] Throughput = 1.30630 Mbps
10544[UE 1 | RB 1] Throughput = 1.19637 Mbps
10653[UE 1 | RB 1] Throughput = 1.09034 Mbps
10763[UE 1 | RB 1] Throughput = 0.76290 Mbps
10863[UE 1 | RB 1] Throughput = 1.43798 Mbps
10974[UE 1 | RB 1] Throughput = 0.97806 Mbps
11083[UE 1 | RB 1] Throughput = 0.98426 Mbps
11183[UE 1 | RB 1] Throughput = 1.19653 Mbps
11293[UE 1 | RB 1] Throughput = 0.98176 Mbps
11393[UE 1 | RB 1] Throughput = 0.95818 Mbps
11494[UE 1 | RB 1] Throughput = 1.07449 Mbps
11603[UE 1 | RB 1] Throughput = 1.31166 Mbps
11713[UE 1 | RB 1] Throughput = 0.87107 Mbps
11824[UE 1 | RB 1] Throughput = 0.97949 Mbps
11933[UE 1 | RB 1] Throughput = 1.20184 Mbps
12033[UE 1 | RB 1] Throughput = 1.07643 Mbps
12134[UE 1 | RB 1] Throughput = 1.07529 Mbps
12243[UE 1 | RB 1] Throughput = 0.98516 Mbps
12344[UE 1 | RB 1] Throughput = 1.19528 Mbps
12444[UE 1 | RB 1] Throughput = 0.95718 Mbps
12553[UE 1 | RB 1] Throughput = 1.09297 Mbps
12654[UE 1 | RB 1] Throughput = 1.07590 Mbps
12764[UE 1 | RB 1] Throughput = 1.19888 Mbps
12873[UE 1 | RB 1] Throughput = 0.76281 Mbps
12983[UE 1 | RB 1] Throughput = 1.30974 Mbps
13083[UE 1 | RB 1] Throughput = 1.19659 Mbps
13184[UE 1 | RB 1] Throughput = 0.71839 Mbps
13293[UE 1 | RB 1] Throughput = 1.09064 Mbps
13394[UE 1 | RB 1] Throughput = 1.19467 Mbps
13503[UE 1 | RB 1] Throughput = 1.20130 Mbps
13614[UE 1 | RB 1] Throughput = 0.76102 Mbps
13723[UE 1 | RB 1] Throughput = 1.20499 Mbps
13823[UE 1 | RB 1] Throughput = 1.31535 Mbps
13924[UE 1 | RB 1] Throughput = 0.83442 Mbps
14034[UE 1 | RB 1] Throughput = 1.31036 Mbps
14143[UE 1 | RB 1] Throughput = 0.65671 Mbps
15256[UE 1 | RB 1] Throughput = 0.06461 Mbps
15363[UE 1 | RB 1] Throughput = 11.73259 Mbps
15464[UE 1 | RB 1] Throughput = 0.71690 Mbps
15574[UE 1 | RB 1] Throughput = 1.30634 Mbps
15674[UE 1 | RB 1] Throughput = 1.31679 Mbps
15783[UE 1 | RB 1] Throughput = 0.65566 Mbps
15884[UE 1 | RB 1] Throughput = 1.42783 Mbps
15994[UE 1 | RB 1] Throughput = 0.76560 Mbps
16104[UE 1 | RB 1] Throughput = 1.30635 Mbps
16213[UE 1 | RB 1] Throughput = 0.76508 Mbps
16323[UE 1 | RB 1] Throughput = 1.19934 Mbps
16424[UE 1 | RB 1] Throughput = 1.31158 Mbps
16533[UE 1 | RB 1] Throughput = 0.65693 Mbps
16634[UE 1 | RB 1] Throughput = 1.55145 Mbps
16734[UE 1 | RB 1] Throughput = 0.95793 Mbps
16844[UE 1 | RB 1] Throughput = 0.65293 Mbps
16954[UE 1 | RB 1] Throughput = 1.30863 Mbps
17064[UE 1 | RB 1] Throughput = 1.30647 Mbps
17164[UE 1 | RB 1] Throughput = 1.19741 Mbps
17264[UE 1 | RB 1] Throughput = 0.71842 Mbps
17374[UE 1 | RB 1] Throughput = 1.31014 Mbps
17484[UE 1 | RB 1] Throughput = 0.65407 Mbps
17584[UE 1 | RB 1] Throughput = 1.31295 Mbps
17694[UE 1 | RB 1] Throughput = 0.76468 Mbps
17804[UE 1 | RB 1] Throughput = 1.41548 Mbps
17914[UE 1 | RB 1] Throughput = 1.09195 Mbps
18014[UE 1 | RB 1] Throughput = 0.83840 Mbps
18114[UE 1 | RB 1] Throughput = 1.31774 Mbps
18214[UE 1 | RB 1] Throughput = 0.71833 Mbps
18324[UE 1 | RB 1] Throughput = 1.19958 Mbps
18424[UE 1 | RB 1] Throughput = 1.43759 Mbps
18534[UE 1 | RB 1] Throughput = 0.54488 Mbps
18634[UE 1 | RB 1] Throughput = 1.43801 Mbps
18744[UE 1 | RB 1] Throughput = 1.19807 Mbps
18844[UE 1 | RB 1] Throughput = 1.19275 Mbps
18954[UE 1 | RB 1] Throughput = 0.65675 Mbps
19064[UE 1 | RB 1] Throughput = 1.30720 Mbps
19164[UE 1 | RB 1] Throughput = 1.07791 Mbps
19264[UE 1 | RB 1] Throughput = 0.83859 Mbps
19374[UE 1 | RB 1] Throughput = 1.09008 Mbps
19484[UE 1 | RB 1] Throughput = 1.19962 Mbps
19584[UE 1 | RB 1] Throughput = 0.71870 Mbps
19684[UE 1 | RB 1] Throughput = 1.43585 Mbps
19794[UE 1 | RB 1] Throughput = 0.76560 Mbps
19894[UE 1 | RB 1] Throughput = 1.43251 Mbps
20004[UE 1 | RB 1] Throughput = 1.19973 Mbps
20104[UE 1 | RB 1] Throughput = 0.71715 Mbps
20214[UE 1 | RB 1] Throughput = 1.31227 Mbps
20324[UE 1 | RB 1] Throughput = 1.09066 Mbps
20424[UE 1 | RB 1] Throughput = 0.71540 Mbps
20534[UE 1 | RB 1] Throughput = 1.19912 Mbps
20644[UE 1 | RB 1] Throughput = 1.41083 Mbps
20744[UE 1 | RB 1] Throughput = 0.71882 Mbps
20854[UE 1 | RB 1] Throughput = 1.20462 Mbps
20954[UE 1 | RB 1] Throughput = 1.19625 Mbps
21064[UE 1 | RB 1] Throughput = 0.87136 Mbps
21174[UE 1 | RB 1] Throughput = 0.87510 Mbps
21274[UE 1 | RB 1] Throughput = 1.31487 Mbps
21384[UE 1 | RB 1] Throughput = 1.30956 Mbps
21484[UE 1 | RB 1] Throughput = 0.59543 Mbps
21594[UE 1 | RB 1] Throughput = 1.09207 Mbps
21704[UE 1 | RB 1] Throughput = 1.08632 Mbps
21814[UE 1 | RB 1] Throughput = 1.30999 Mbps
21924[UE 1 | RB 1] Throughput = 1.08807 Mbps
22034[UE 1 | RB 1] Throughput = 0.65644 Mbps
22134[UE 1 | RB 1] Throughput = 1.31461 Mbps
22244[UE 1 | RB 1] Throughput = 1.30361 Mbps
22354[UE 1 | RB 1] Throughput = 1.09294 Mbps
22454[UE 1 | RB 1] Throughput = 0.83860 Mbps
22554[UE 1 | RB 1] Throughput = 1.19812 Mbps
22665[UE 1 | RB 1] Throughput = 0.75937 Mbps
22774[UE 1 | RB 1] Throughput = 1.20376 Mbps
22884[UE 1 | RB 1] Throughput = 1.19835 Mbps
22984[UE 1 | RB 1] Throughput = 1.19632 Mbps
23094[UE 1 | RB 1] Throughput = 0.65417 Mbps
23204[UE 1 | RB 1] Throughput = 1.30912 Mbps
23304[UE 1 | RB 1] Throughput = 1.19612 Mbps
23414[UE 1 | RB 1] Throughput = 0.65539 Mbps
23514[UE 1 | RB 1] Throughput = 1.43799 Mbps
23614[UE 1 | RB 1] Throughput = 0.71640 Mbps
23724[UE 1 | RB 1] Throughput = 1.30662 Mbps
23834[UE 1 | RB 1] Throughput = 1.09411 Mbps
23934[UE 1 | RB 1] Throughput = 1.07664 Mbps
24044[UE 1 | RB 1] Throughput = 1.08769 Mbps
24154[UE 1 | RB 1] Throughput = 1.20440 Mbps
24254[UE 1 | RB 1] Throughput = 1.07854 Mbps
24354[UE 1 | RB 1] Throughput = 0.83691 Mbps
24454[UE 1 | RB 1] Throughput = 0.95761 Mbps
24554[UE 1 | RB 1] Throughput = 1.19820 Mbps
24654[UE 1 | RB 1] Throughput = 1.19628 Mbps
24764[UE 1 | RB 1] Throughput = 0.98107 Mbps
24864[UE 1 | RB 1] Throughput = 0.95797 Mbps
24965[UE 1 | RB 1] Throughput = 1.07493 Mbps
25074[UE 1 | RB 1] Throughput = 1.20606 Mbps
25174[UE 1 | RB 1] Throughput = 1.19785 Mbps
25274[UE 1 | RB 1] Throughput = 0.71896 Mbps
25374[UE 1 | RB 1] Throughput = 1.19774 Mbps
25474[UE 1 | RB 1] Throughput = 1.31700 Mbps
25574[UE 1 | RB 1] Throughput = 0.71753 Mbps
25684[UE 1 | RB 1] Throughput = 0.98276 Mbps
25784[UE 1 | RB 1] Throughput = 1.31294 Mbps
25894[UE 1 | RB 1] Throughput = 1.20116 Mbps
25994[UE 1 | RB 1] Throughput = 0.71765 Mbps
26104[UE 1 | RB 1] Throughput = 1.31169 Mbps
26214[UE 1 | RB 1] Throughput = 0.65343 Mbps
26324[UE 1 | RB 1] Throughput = 1.20051 Mbps
26424[UE 1 | RB 1] Throughput = 1.43078 Mbps
26534[UE 1 | RB 1] Throughput = 1.09027 Mbps
26634[UE 1 | RB 1] Throughput = 0.83828 Mbps
26735[UE 1 | RB 1] Throughput = 1.31608 Mbps
26844[UE 1 | RB 1] Throughput = 1.09364 Mbps
26954[UE 1 | RB 1] Throughput = 0.76247 Mbps
27054[UE 1 | RB 1] Throughput = 1.43630 Mbps
27154[UE 1 | RB 1] Throughput = 0.83886 Mbps
27254[UE 1 | RB 1] Throughput = 1.19809 Mbps
27364[UE 1 | RB 1] Throughput = 0.65651 Mbps
27464[UE 1 | RB 1] Throughput = 1.31162 Mbps
27574[UE 1 | RB 1] Throughput = 1.30954 Mbps
27684[UE 1 | RB 1] Throughput = 0.65244 Mbps
27794[UE 1 | RB 1] Throughput = 1.19825 Mbps
27894[UE 1 | RB 1] Throughput = 1.31824 Mbps
27995[UE 1 | RB 1] Throughput = 0.71636 Mbps
28145[UE 1 | RB 1] Throughput = 0.87620 Mbps
28285[UE 1 | RB 1] Throughput = 1.03092 Mbps
29400[UE 1 | RB 1] Throughput = 0.11821 Mbps
29505[UE 1 | RB 1] Throughput = 11.90456 Mbps
29605[UE 1 | RB 1] Throughput = 0.83806 Mbps
29705[UE 1 | RB 1] Throughput = 0.71903 Mbps
29814[UE 1 | RB 1] Throughput = 1.31167 Mbps
29915[UE 1 | RB 1] Throughput = 1.31498 Mbps
30025[UE 1 | RB 1] Throughput = 0.76241 Mbps
30134[UE 1 | RB 1] Throughput = 1.30888 Mbps
30244[UE 1 | RB 1] Throughput = 0.76239 Mbps
30354[UE 1 | RB 1] Throughput = 1.19959 Mbps
30455[UE 1 | RB 1] Throughput = 1.43351 Mbps
30555[UE 1 | RB 1] Throughput = 0.71892 Mbps
30664[UE 1 | RB 1] Throughput = 1.20170 Mbps
30765[UE 1 | RB 1] Throughput = 0.71786 Mbps
30865[UE 1 | RB 1] Throughput = 1.43664 Mbps
30965[UE 1 | RB 1] Throughput = 0.71895 Mbps
31074[UE 1 | RB 1] Throughput = 1.42164 Mbps
31174[UE 1 | RB 1] Throughput = 0.83751 Mbps
31275[UE 1 | RB 1] Throughput = 1.31636 Mbps
31384[UE 1 | RB 1] Throughput = 1.20150 Mbps
31484[UE 1 | RB 1] Throughput = 0.83761 Mbps
31585[UE 1 | RB 1] Throughput = 1.19650 Mbps
31685[UE 1 | RB 1] Throughput = 0.71856 Mbps
31785[UE 1 | RB 1] Throughput = 1.31533 Mbps
31895[UE 1 | RB 1] Throughput = 1.19929 Mbps
32005[UE 1 | RB 1] Throughput = 0.87243 Mbps
32114[UE 1 | RB 1] Throughput = 0.76430 Mbps
32225[UE 1 | RB 1] Throughput = 1.63104 Mbps
32334[UE 1 | RB 1] Throughput = 0.76382 Mbps
32435[UE 1 | RB 1] Throughput = 1.31235 Mbps
32535[UE 1 | RB 1] Throughput = 1.07826 Mbps
33624[UE 1 | RB 1] Throughput = 0.02200 Mbps
33725[UE 1 | RB 1] Throughput = 12.03823 Mbps
33835[UE 1 | RB 1] Throughput = 1.08708 Mbps
33945[UE 1 | RB 1] Throughput = 1.30944 Mbps
34045[UE 1 | RB 1] Throughput = 1.19811 Mbps
34155[UE 1 | RB 1] Throughput = 0.87203 Mbps
34265[UE 1 | RB 1] Throughput = 0.87349 Mbps
34375[UE 1 | RB 1] Throughput = 1.08927 Mbps
34475[UE 1 | RB 1] Throughput = 1.19564 Mbps
34585[UE 1 | RB 1] Throughput = 1.19950 Mbps
34685[UE 1 | RB 1] Throughput = 0.71811 Mbps
34795[UE 1 | RB 1] Throughput = 1.19707 Mbps
34896[UE 1 | RB 1] Throughput = 1.17964 Mbps
35005[UE 1 | RB 1] Throughput = 1.21747 Mbps
35115[UE 1 | RB 1] Throughput = 1.08737 Mbps
35225[UE 1 | RB 1] Throughput = 1.09316 Mbps
35335[UE 1 | RB 1] Throughput = 0.87129 Mbps
35445[UE 1 | RB 1] Throughput = 1.19664 Mbps
35545[UE 1 | RB 1] Throughput = 0.71825 Mbps
35645[UE 1 | RB 1] Throughput = 1.43581 Mbps
35754[UE 1 | RB 1] Throughput = 0.65734 Mbps
35855[UE 1 | RB 1] Throughput = 1.19263 Mbps
35965[UE 1 | RB 1] Throughput = 1.08872 Mbps
36065[UE 1 | RB 1] Throughput = 1.31466 Mbps
36175[UE 1 | RB 1] Throughput = 1.09529 Mbps
36275[UE 1 | RB 1] Throughput = 0.95802 Mbps
36385[UE 1 | RB 1] Throughput = 1.09072 Mbps
36485[UE 1 | RB 1] Throughput = 1.19325 Mbps
36595[UE 1 | RB 1] Throughput = 1.09285 Mbps
36705[UE 1 | RB 1] Throughput = 1.08846 Mbps
36814[UE 1 | RB 1] Throughput = 0.98363 Mbps
36915[UE 1 | RB 1] Throughput = 0.95419 Mbps
37025[UE 1 | RB 1] Throughput = 1.09054 Mbps
37135[UE 1 | RB 1] Throughput = 1.09024 Mbps
37235[UE 1 | RB 1] Throughput = 0.95870 Mbps
37335[UE 1 | RB 1] Throughput = 1.31598 Mbps
37445[UE 1 | RB 1] Throughput = 0.76391 Mbps
37545[UE 1 | RB 1] Throughput = 1.19063 Mbps
37655[UE 1 | RB 1] Throughput = 1.30907 Mbps
37765[UE 1 | RB 1] Throughput = 0.87333 Mbps
37875[UE 1 | RB 1] Throughput = 1.19856 Mbps
37985[UE 1 | RB 1] Throughput = 0.87347 Mbps
38095[UE 1 | RB 1] Throughput = 1.19430 Mbps
38205[UE 1 | RB 1] Throughput = 0.98528 Mbps
38305[UE 1 | RB 1] Throughput = 1.07648 Mbps
38405[UE 1 | RB 1] Throughput = 1.07420 Mbps
38515[UE 1 | RB 1] Throughput = 0.87195 Mbps
38625[UE 1 | RB 1] Throughput = 1.19772 Mbps
38735[UE 1 | RB 1] Throughput = 1.20076 Mbps
38845[UE 1 | RB 1] Throughput = 1.20132 Mbps
38945[UE 1 | RB 1] Throughput = 0.59807 Mbps
39055[UE 1 | RB 1] Throughput = 0.98121 Mbps
39155[UE 1 | RB 1] Throughput = 1.55733 Mbps
39255[UE 1 | RB 1] Throughput = 0.71837 Mbps
39355[UE 1 | RB 1] Throughput = 1.19794 Mbps
39455[UE 1 | RB 1] Throughput = 1.43762 Mbps
39555[UE 1 | RB 1] Throughput = 0.59814 Mbps
39655[UE 1 | RB 1] Throughput = 1.43808 Mbps
39765[UE 1 | RB 1] Throughput = 1.08882 Mbps
39875[UE 1 | RB 1] Throughput = 1.09211 Mbps
39985[UE 1 | RB 1] Throughput = 0.65498 Mbps
40085[UE 1 | RB 1] Throughput = 1.31108 Mbps
40195[UE 1 | RB 1] Throughput = 1.08900 Mbps
40305[UE 1 | RB 1] Throughput = 0.98460 Mbps
40405[UE 1 | RB 1] Throughput = 1.31379 Mbps
40515[UE 1 | RB 1] Throughput = 0.87220 Mbps
40625[UE 1 | RB 1] Throughput = 1.08897 Mbps
40736[UE 1 | RB 1] Throughput = 0.97784 Mbps
40845[UE 1 | RB 1] Throughput = 0.98231 Mbps
40945[UE 1 | RB 1] Throughput = 1.19778 Mbps
41055[UE 1 | RB 1] Throughput = 1.09173 Mbps
41165[UE 1 | RB 1] Throughput = 1.08771 Mbps
41275[UE 1 | RB 1] Throughput = 1.20331 Mbps
41375[UE 1 | RB 1] Throughput = 0.71790 Mbps
41475[UE 1 | RB 1] Throughput = 1.43750 Mbps
41585[UE 1 | RB 1] Throughput = 0.65373 Mbps
41685[UE 1 | RB 1] Throughput = 1.43399 Mbps
41795[UE 1 | RB 1] Throughput = 1.20153 Mbps
41895[UE 1 | RB 1] Throughput = 0.59751 Mbps
42005[UE 1 | RB 1] Throughput = 1.19780 Mbps
42115[UE 1 | RB 1] Throughput = 1.19951 Mbps
42225[UE 1 | RB 1] Throughput = 0.54500 Mbps
42335[UE 1 | RB 1] Throughput = 1.30931 Mbps
42436[UE 1 | RB 1] Throughput = 1.43246 Mbps
42536[UE 1 | RB 1] Throughput = 1.07676 Mbps
42645[UE 1 | RB 1] Throughput = 1.20524 Mbps
42746[UE 1 | RB 1] Throughput = 0.83475 Mbps
42855[UE 1 | RB 1] Throughput = 1.30879 Mbps
42965[UE 1 | RB 1] Throughput = 0.65838 Mbps
43065[UE 1 | RB 1] Throughput = 1.31665 Mbps
43165[UE 1 | RB 1] Throughput = 1.19616 Mbps
43265[UE 1 | RB 1] Throughput = 0.83815 Mbps
43365[UE 1 | RB 1] Throughput = 1.31759 Mbps
43466[UE 1 | RB 1] Throughput = 0.59613 Mbps
46617[UE 1 | RB 1] Throughput = 0.01902 Mbps
46725[UE 1 | RB 1] Throughput = 31.79014 Mbps
46826[UE 1 | RB 1] Throughput = 0.71723 Mbps
46935[UE 1 | RB 1] Throughput = 1.19976 Mbps
47046[UE 1 | RB 1] Throughput = 1.30625 Mbps
47156[UE 1 | RB 1] Throughput = 1.08745 Mbps
47265[UE 1 | RB 1] Throughput = 0.87466 Mbps
47366[UE 1 | RB 1] Throughput = 1.19480 Mbps
47476[UE 1 | RB 1] Throughput = 1.09081 Mbps
47576[UE 1 | RB 1] Throughput = 0.83864 Mbps
47676[UE 1 | RB 1] Throughput = 1.31591 Mbps
47785[UE 1 | RB 1] Throughput = 1.31043 Mbps
47886[UE 1 | RB 1] Throughput = 0.59750 Mbps
47995[UE 1 | RB 1] Throughput = 1.20287 Mbps
48096[UE 1 | RB 1] Throughput = 1.07541 Mbps
48206[UE 1 | RB 1] Throughput = 1.09001 Mbps
48316[UE 1 | RB 1] Throughput = 0.98011 Mbps
48426[UE 1 | RB 1] Throughput = 1.19901 Mbps
48535[UE 1 | RB 1] Throughput = 1.20003 Mbps
48636[UE 1 | RB 1] Throughput = 0.71565 Mbps
48746[UE 1 | RB 1] Throughput = 1.09155 Mbps
48856[UE 1 | RB 1] Throughput = 1.09004 Mbps
48956[UE 1 | RB 1] Throughput = 1.19733 Mbps
49056[UE 1 | RB 1] Throughput = 0.71861 Mbps
49166[UE 1 | RB 1] Throughput = 1.30750 Mbps
49275[UE 1 | RB 1] Throughput = 1.20363 Mbps
49376[UE 1 | RB 1] Throughput = 1.07523 Mbps
49476[UE 1 | RB 1] Throughput = 0.71841 Mbps
49576[UE 1 | RB 1] Throughput = 1.43573 Mbps
49676[UE 1 | RB 1] Throughput = 0.71789 Mbps
49786[UE 1 | RB 1] Throughput = 1.20289 Mbps
49896[UE 1 | RB 1] Throughput = 1.19871 Mbps
49996[UE 1 | RB 1] Throughput = 1.19668 Mbps
50106[UE 1 | RB 1] Throughput = 0.76305 Mbps
50216[UE 1 | RB 1] Throughput = 1.30637 Mbps
50316[UE 1 | RB 1] Throughput = 0.47846 Mbps
50425[UE 1 | RB 1] Throughput = 1.42177 Mbps
50526[UE 1 | RB 1] Throughput = 1.07675 Mbps
50635[UE 1 | RB 1] Throughput = 1.09338 Mbps
50736[UE 1 | RB 1] Throughput = 1.07253 Mbps
50846[UE 1 | RB 1] Throughput = 1.09010 Mbps
50946[UE 1 | RB 1] Throughput = 1.31595 Mbps
51056[UE 1 | RB 1] Throughput = 0.98336 Mbps
51156[UE 1 | RB 1] Throughput = 0.95523 Mbps
51266[UE 1 | RB 1] Throughput = 1.20057 Mbps
51376[UE 1 | RB 1] Throughput = 0.98044 Mbps
51476[UE 1 | RB 1] Throughput = 1.07828 Mbps
51576[UE 1 | RB 1] Throughput = 1.07712 Mbps
51686[UE 1 | RB 1] Throughput = 1.09146 Mbps
51796[UE 1 | RB 1] Throughput = 1.08898 Mbps
51906[UE 1 | RB 1] Throughput = 1.19818 Mbps
52015[UE 1 | RB 1] Throughput = 0.87482 Mbps
52116[UE 1 | RB 1] Throughput = 0.83650 Mbps
52216[UE 1 | RB 1] Throughput = 1.19700 Mbps
52316[UE 1 | RB 1] Throughput = 1.07721 Mbps
52426[UE 1 | RB 1] Throughput = 0.87229 Mbps
52526[UE 1 | RB 1] Throughput = 1.55717 Mbps
52626[UE 1 | RB 1] Throughput = 0.71795 Mbps
52726[UE 1 | RB 1] Throughput = 1.19647 Mbps
52836[UE 1 | RB 1] Throughput = 1.09065 Mbps
52946[UE 1 | RB 1] Throughput = 0.98176 Mbps
53056[UE 1 | RB 1] Throughput = 1.19814 Mbps
53156[UE 1 | RB 1] Throughput = 0.83856 Mbps
53266[UE 1 | RB 1] Throughput = 0.98162 Mbps
53376[UE 1 | RB 1] Throughput = 1.19814 Mbps
53486[UE 1 | RB 1] Throughput = 1.30615 Mbps
53596[UE 1 | RB 1] Throughput = 1.19786 Mbps
53706[UE 1 | RB 1] Throughput = 0.54631 Mbps
53816[UE 1 | RB 1] Throughput = 1.30616 Mbps
53916[UE 1 | RB 1] Throughput = 1.07855 Mbps
54026[UE 1 | RB 1] Throughput = 1.20121 Mbps
54136[UE 1 | RB 1] Throughput = 1.08939 Mbps
54236[UE 1 | RB 1] Throughput = 0.71800 Mbps
54346[UE 1 | RB 1] Throughput = 1.20012 Mbps
54446[UE 1 | RB 1] Throughput = 1.07749 Mbps
54546[UE 1 | RB 1] Throughput = 1.31692 Mbps
54656[UE 1 | RB 1] Throughput = 0.54446 Mbps
54766[UE 1 | RB 1] Throughput = 1.19900 Mbps
54866[UE 1 | RB 1] Throughput = 1.31634 Mbps
54976[UE 1 | RB 1] Throughput = 1.20044 Mbps
55086[UE 1 | RB 1] Throughput = 0.65370 Mbps
55186[UE 1 | RB 1] Throughput = 1.43488 Mbps
55296[UE 1 | RB 1] Throughput = 1.19871 Mbps
55406[UE 1 | RB 1] Throughput = 0.76428 Mbps
55506[UE 1 | RB 1] Throughput = 1.43408 Mbps
55616[UE 1 | RB 1] Throughput = 0.65292 Mbps
55726[UE 1 | RB 1] Throughput = 1.30977 Mbps
55826[UE 1 | RB 1] Throughput = 0.71876 Mbps
55936[UE 1 | RB 1] Throughput = 1.30589 Mbps
56036[UE 1 | RB 1] Throughput = 1.19485 Mbps
56146[UE 1 | RB 1] Throughput = 0.87506 Mbps
56246[UE 1 | RB 1] Throughput = 1.31574 Mbps
56356[UE 1 | RB 1] Throughput = 0.65502 Mbps
56456[UE 1 | RB 1] Throughput = 1.43408 Mbps
56566[UE 1 | RB 1] Throughput = 1.19853 Mbps
56676[UE 1 | RB 1] Throughput = 0.76410 Mbps
56786[UE 1 | RB 1] Throughput = 1.09301 Mbps
56886[UE 1 | RB 1] Throughput = 1.31398 Mbps
56986[UE 1 | RB 1] Throughput = 0.71896 Mbps
57096[UE 1 | RB 1] Throughput = 1.19762 Mbps
57196[UE 1 | RB 1] Throughput = 1.19729 Mbps
57306[UE 1 | RB 1] Throughput = 0.21898 Mbps
57406[UE 1 | RB 1] Throughput = 2.14466 Mbps
57516[UE 1 | RB 1] Throughput = 0.87437 Mbps
57617[UE 1 | RB 1] Throughput = 0.94840 Mbps
57726[UE 1 | RB 1] Throughput = 1.09572 Mbps
57826[UE 1 | RB 1] Throughput = 1.31596 Mbps
58970[UE 1 | RB 1] Throughput = 0.05241 Mbps
59076[UE 1 | RB 1] Throughput = 11.71589 Mbps
59176[UE 1 | RB 1] Throughput = 1.43448 Mbps
59286[UE 1 | RB 1] Throughput = 0.65418 Mbps
59386[UE 1 | RB 1] Throughput = 1.43765 Mbps
59496[UE 1 | RB 1] Throughput = 0.87337 Mbps
59606[UE 1 | RB 1] Throughput = 1.30657 Mbps
59716[UE 1 | RB 1] Throughput = 0.86977 Mbps
59816[UE 1 | RB 1] Throughput = 1.19792 Mbps
59926[UE 1 | RB 1] Throughput = 1.19841 Mbps
60036[UE 1 | RB 1] Throughput = 0.76410 Mbps
60136[UE 1 | RB 1] Throughput = 1.19761 Mbps
60237[UE 1 | RB 1] Throughput = 1.31435 Mbps
60346[UE 1 | RB 1] Throughput = 0.65608 Mbps
60446[UE 1 | RB 1] Throughput = 1.31569 Mbps
60556[UE 1 | RB 1] Throughput = 1.19959 Mbps
60656[UE 1 | RB 1] Throughput = 0.59794 Mbps
60766[UE 1 | RB 1] Throughput = 1.30724 Mbps
60876[UE 1 | RB 1] Throughput = 1.30666 Mbps
60986[UE 1 | RB 1] Throughput = 0.65664 Mbps
61086[UE 1 | RB 1] Throughput = 1.31413 Mbps
61187[UE 1 | RB 1] Throughput = 0.83673 Mbps
61297[UE 1 | RB 1] Throughput = 1.30607 Mbps
61406[UE 1 | RB 1] Throughput = 1.20397 Mbps
61506[UE 1 | RB 1] Throughput = 0.71824 Mbps
61607[UE 1 | RB 1] Throughput = 1.31040 Mbps
61716[UE 1 | RB 1] Throughput = 0.76671 Mbps
61816[UE 1 | RB 1] Throughput = 1.43646 Mbps
61926[UE 1 | RB 1] Throughput = 0.65462 Mbps
62036[UE 1 | RB 1] Throughput = 1.30632 Mbps
62146[UE 1 | RB 1] Throughput = 1.19790 Mbps
62246[UE 1 | RB 1] Throughput = 0.71806 Mbps
62357[UE 1 | RB 1] Throughput = 1.30691 Mbps
62467[UE 1 | RB 1] Throughput = 1.19729 Mbps
62576[UE 1 | RB 1] Throughput = 0.54646 Mbps
62677[UE 1 | RB 1] Throughput = 1.43414 Mbps
62786[UE 1 | RB 1] Throughput = 0.98141 Mbps
62896[UE 1 | RB 1] Throughput = 1.19813 Mbps
62997[UE 1 | RB 1] Throughput = 0.95611 Mbps
63097[UE 1 | RB 1] Throughput = 1.19839 Mbps
63207[UE 1 | RB 1] Throughput = 1.19921 Mbps
63317[UE 1 | RB 1] Throughput = 0.98175 Mbps
63417[UE 1 | RB 1] Throughput = 0.95767 Mbps
63526[UE 1 | RB 1] Throughput = 1.09283 Mbps
63627[UE 1 | RB 1] Throughput = 1.07635 Mbps
64794[UE 1 | RB 1] Throughput = 0.07186 Mbps
64897[UE 1 | RB 1] Throughput = 12.34623 Mbps
65007[UE 1 | RB 1] Throughput = 1.20032 Mbps
65107[UE 1 | RB 1] Throughput = 0.83794 Mbps
65216[UE 1 | RB 1] Throughput = 1.20219 Mbps
65326[UE 1 | RB 1] Throughput = 1.19878 Mbps
65426[UE 1 | RB 1] Throughput = 0.71826 Mbps
65537[UE 1 | RB 1] Throughput = 1.08828 Mbps
65646[UE 1 | RB 1] Throughput = 1.20006 Mbps
65747[UE 1 | RB 1] Throughput = 0.83725 Mbps
65857[UE 1 | RB 1] Throughput = 1.19852 Mbps
65957[UE 1 | RB 1] Throughput = 1.19704 Mbps
66067[UE 1 | RB 1] Throughput = 1.19753 Mbps
66177[UE 1 | RB 1] Throughput = 0.76386 Mbps
66287[UE 1 | RB 1] Throughput = 1.30609 Mbps
66397[UE 1 | RB 1] Throughput = 0.98079 Mbps
66506[UE 1 | RB 1] Throughput = 1.20127 Mbps
66607[UE 1 | RB 1] Throughput = 0.71829 Mbps
66707[UE 1 | RB 1] Throughput = 1.43588 Mbps
66817[UE 1 | RB 1] Throughput = 0.65480 Mbps
66917[UE 1 | RB 1] Throughput = 1.31669 Mbps
67017[UE 1 | RB 1] Throughput = 1.31332 Mbps
67126[UE 1 | RB 1] Throughput = 0.87642 Mbps
67226[UE 1 | RB 1] Throughput = 1.07759 Mbps
67337[UE 1 | RB 1] Throughput = 1.08726 Mbps
67437[UE 1 | RB 1] Throughput = 1.19511 Mbps
67546[UE 1 | RB 1] Throughput = 1.09481 Mbps
67647[UE 1 | RB 1] Throughput = 0.71851 Mbps
67747[UE 1 | RB 1] Throughput = 1.31786 Mbps
67847[UE 1 | RB 1] Throughput = 0.59704 Mbps
67957[UE 1 | RB 1] Throughput = 1.20258 Mbps
68066[UE 1 | RB 1] Throughput = 1.31050 Mbps
68166[UE 1 | RB 1] Throughput = 0.95773 Mbps
68267[UE 1 | RB 1] Throughput = 1.19524 Mbps
68376[UE 1 | RB 1] Throughput = 1.09184 Mbps
68477[UE 1 | RB 1] Throughput = 0.83693 Mbps
68577[UE 1 | RB 1] Throughput = 0.95355 Mbps
68686[UE 1 | RB 1] Throughput = 1.20688 Mbps
68787[UE 1 | RB 1] Throughput = 1.43421 Mbps
68887[UE 1 | RB 1] Throughput = 0.71735 Mbps
68997[UE 1 | RB 1] Throughput = 1.09185 Mbps
69107[UE 1 | RB 1] Throughput = 1.30609 Mbps
69207[UE 1 | RB 1] Throughput = 0.59917 Mbps
70234[UE 1 | RB 1] Throughput = 0.05833 Mbps
70337[UE 1 | RB 1] Throughput = 11.49427 Mbps
70447[UE 1 | RB 1] Throughput = 1.20604 Mbps
70547[UE 1 | RB 1] Throughput = 0.71878 Mbps
70647[UE 1 | RB 1] Throughput = 1.31571 Mbps
70747[UE 1 | RB 1] Throughput = 0.71870 Mbps
70857[UE 1 | RB 1] Throughput = 1.19854 Mbps
70957[UE 1 | RB 1] Throughput = 1.31741 Mbps
71067[UE 1 | RB 1] Throughput = 0.65513 Mbps
71167[UE 1 | RB 1] Throughput = 1.43702 Mbps
71267[UE 1 | RB 1] Throughput = 0.83815 Mbps
71377[UE 1 | RB 1] Throughput = 1.09103 Mbps
71477[UE 1 | RB 1] Throughput = 1.31489 Mbps
71587[UE 1 | RB 1] Throughput = 0.76459 Mbps
71687[UE 1 | RB 1] Throughput = 0.71730 Mbps
71797[UE 1 | RB 1] Throughput = 1.41700 Mbps
71897[UE 1 | RB 1] Throughput = 1.31763 Mbps
72007[UE 1 | RB 1] Throughput = 0.86836 Mbps
72117[UE 1 | RB 1] Throughput = 1.09419 Mbps
72217[UE 1 | RB 1] Throughput = 1.19718 Mbps
72317[UE 1 | RB 1] Throughput = 1.19718 Mbps
72417[UE 1 | RB 1] Throughput = 0.83777 Mbps
72517[UE 1 | RB 1] Throughput = 1.19632 Mbps
72627[UE 1 | RB 1] Throughput = 0.87461 Mbps
72727[UE 1 | RB 1] Throughput = 1.31744 Mbps
72827[UE 1 | RB 1] Throughput = 1.07769 Mbps
72937[UE 1 | RB 1] Throughput = 0.87267 Mbps
73047[UE 1 | RB 1] Throughput = 1.09035 Mbps
73167[UE 1 | RB 1] Throughput = 0.99575 Mbps
74203[UE 1 | RB 1] Throughput = 0.00000 Mbps
74307[UE 1 | RB 1] Throughput = 11.89852 Mbps
74407[UE 1 | RB 1] Throughput = 1.07759 Mbps
74517[UE 1 | RB 1] Throughput = 1.09209 Mbps
74627[UE 1 | RB 1] Throughput = 0.97525 Mbps
74737[UE 1 | RB 1] Throughput = 1.09291 Mbps
74847[UE 1 | RB 1] Throughput = 1.09099 Mbps
74957[UE 1 | RB 1] Throughput = 1.08996 Mbps
75067[UE 1 | RB 1] Throughput = 1.20091 Mbps
75167[UE 1 | RB 1] Throughput = 0.71638 Mbps
75267[UE 1 | RB 1] Throughput = 1.19403 Mbps
75377[UE 1 | RB 1] Throughput = 1.19938 Mbps
75487[UE 1 | RB 1] Throughput = 1.09300 Mbps
75587[UE 1 | RB 1] Throughput = 1.19835 Mbps
75697[UE 1 | RB 1] Throughput = 0.65326 Mbps
75797[UE 1 | RB 1] Throughput = 1.43165 Mbps
75907[UE 1 | RB 1] Throughput = 0.65659 Mbps
76007[UE 1 | RB 1] Throughput = 1.19622 Mbps
76107[UE 1 | RB 1] Throughput = 1.19582 Mbps
76217[UE 1 | RB 1] Throughput = 1.09325 Mbps
76317[UE 1 | RB 1] Throughput = 1.19774 Mbps
76417[UE 1 | RB 1] Throughput = 1.19692 Mbps
76527[UE 1 | RB 1] Throughput = 0.98038 Mbps
76637[UE 1 | RB 1] Throughput = 0.98414 Mbps
76737[UE 1 | RB 1] Throughput = 0.95264 Mbps
76847[UE 1 | RB 1] Throughput = 1.08955 Mbps
76957[UE 1 | RB 1] Throughput = 1.19820 Mbps
77067[UE 1 | RB 1] Throughput = 0.65499 Mbps
77167[UE 1 | RB 1] Throughput = 1.55543 Mbps
77277[UE 1 | RB 1] Throughput = 0.87367 Mbps
77377[UE 1 | RB 1] Throughput = 1.07489 Mbps
77487[UE 1 | RB 1] Throughput = 1.19921 Mbps
77597[UE 1 | RB 1] Throughput = 0.98155 Mbps
77697[UE 1 | RB 1] Throughput = 1.19774 Mbps
77797[UE 1 | RB 1] Throughput = 0.83802 Mbps
77907[UE 1 | RB 1] Throughput = 1.31074 Mbps
78017[UE 1 | RB 1] Throughput = 0.87196 Mbps
78117[UE 1 | RB 1] Throughput = 1.19472 Mbps
78227[UE 1 | RB 1] Throughput = 0.87428 Mbps
78327[UE 1 | RB 1] Throughput = 1.31808 Mbps
78427[UE 1 | RB 1] Throughput = 1.19737 Mbps
78527[UE 1 | RB 1] Throughput = 0.83857 Mbps
78627[UE 1 | RB 1] Throughput = 1.31452 Mbps
78737[UE 1 | RB 1] Throughput = 0.65577 Mbps
78837[UE 1 | RB 1] Throughput = 1.31539 Mbps
78947[UE 1 | RB 1] Throughput = 1.19888 Mbps
79047[UE 1 | RB 1] Throughput = 0.71788 Mbps
79157[UE 1 | RB 1] Throughput = 1.09106 Mbps
79257[UE 1 | RB 1] Throughput = 1.31717 Mbps
79367[UE 1 | RB 1] Throughput = 1.20216 Mbps
79467[UE 1 | RB 1] Throughput = 0.83625 Mbps
79577[UE 1 | RB 1] Throughput = 1.19732 Mbps
79687[UE 1 | RB 1] Throughput = 0.65432 Mbps
79797[UE 1 | RB 1] Throughput = 1.20358 Mbps
79897[UE 1 | RB 1] Throughput = 1.43467 Mbps
79997[UE 1 | RB 1] Throughput = 0.71771 Mbps
80107[UE 1 | RB 1] Throughput = 1.30758 Mbps
80207[UE 1 | RB 1] Throughput = 0.71847 Mbps
80317[UE 1 | RB 1] Throughput = 1.30989 Mbps
80418[UE 1 | RB 1] Throughput = 1.31186 Mbps
80527[UE 1 | RB 1] Throughput = 0.65712 Mbps
80627[UE 1 | RB 1] Throughput = 1.43169 Mbps
80737[UE 1 | RB 1] Throughput = 0.54507 Mbps
80838[UE 1 | RB 1] Throughput = 1.43384 Mbps
80947[UE 1 | RB 1] Throughput = 1.31106 Mbps
81048[UE 1 | RB 1] Throughput = 0.71729 Mbps
81157[UE 1 | RB 1] Throughput = 1.30895 Mbps
81267[UE 1 | RB 1] Throughput = 0.65451 Mbps
81378[UE 1 | RB 1] Throughput = 1.19371 Mbps
81487[UE 1 | RB 1] Throughput = 1.31326 Mbps
81587[UE 1 | RB 1] Throughput = 1.07683 Mbps
81698[UE 1 | RB 1] Throughput = 0.76085 Mbps
81807[UE 1 | RB 1] Throughput = 1.20228 Mbps
81907[UE 1 | RB 1] Throughput = 1.43630 Mbps
82008[UE 1 | RB 1] Throughput = 0.71853 Mbps
82118[UE 1 | RB 1] Throughput = 1.30697 Mbps
82227[UE 1 | RB 1] Throughput = 0.76648 Mbps
82337[UE 1 | RB 1] Throughput = 1.19789 Mbps
82437[UE 1 | RB 1] Throughput = 0.71648 Mbps
82538[UE 1 | RB 1] Throughput = 1.31468 Mbps
82638[UE 1 | RB 1] Throughput = 1.43575 Mbps
82747[UE 1 | RB 1] Throughput = 0.65808 Mbps
82848[UE 1 | RB 1] Throughput = 1.19188 Mbps
82957[UE 1 | RB 1] Throughput = 1.31163 Mbps
83067[UE 1 | RB 1] Throughput = 0.65481 Mbps
83167[UE 1 | RB 1] Throughput = 1.55297 Mbps
83267[UE 1 | RB 1] Throughput = 0.71886 Mbps
83377[UE 1 | RB 1] Throughput = 1.30800 Mbps
83478[UE 1 | RB 1] Throughput = 0.71694 Mbps
83587[UE 1 | RB 1] Throughput = 1.20546 Mbps
83687[UE 1 | RB 1] Throughput = 1.31472 Mbps
83788[UE 1 | RB 1] Throughput = 0.83692 Mbps
83898[UE 1 | RB 1] Throughput = 0.87140 Mbps
83998[UE 1 | RB 1] Throughput = 1.31594 Mbps
84107[UE 1 | RB 1] Throughput = 0.76427 Mbps
84208[UE 1 | RB 1] Throughput = 1.31708 Mbps
84317[UE 1 | RB 1] Throughput = 1.42033 Mbps
84418[UE 1 | RB 1] Throughput = 0.71694 Mbps
84527[UE 1 | RB 1] Throughput = 1.31061 Mbps
84628[UE 1 | RB 1] Throughput = 0.71239 Mbps
84737[UE 1 | RB 1] Throughput = 1.31743 Mbps
84847[UE 1 | RB 1] Throughput = 0.65301 Mbps
84948[UE 1 | RB 1] Throughput = 1.43475 Mbps
85058[UE 1 | RB 1] Throughput = 1.09129 Mbps
85168[UE 1 | RB 1] Throughput = 1.19727 Mbps
85278[UE 1 | RB 1] Throughput = 1.08715 Mbps
85388[UE 1 | RB 1] Throughput = 1.09226 Mbps
85498[UE 1 | RB 1] Throughput = 0.86927 Mbps
85607[UE 1 | RB 1] Throughput = 0.98431 Mbps
85707[UE 1 | RB 1] Throughput = 1.31794 Mbps
85817[UE 1 | RB 1] Throughput = 1.09180 Mbps
85918[UE 1 | RB 1] Throughput = 1.07406 Mbps
86028[UE 1 | RB 1] Throughput = 0.65405 Mbps
86138[UE 1 | RB 1] Throughput = 1.19898 Mbps
86238[UE 1 | RB 1] Throughput = 1.19744 Mbps
86348[UE 1 | RB 1] Throughput = 1.19733 Mbps
86457[UE 1 | RB 1] Throughput = 0.98538 Mbps
86558[UE 1 | RB 1] Throughput = 1.07468 Mbps
86658[UE 1 | RB 1] Throughput = 0.23941 Mbps
87707[UE 1 | RB 1] Throughput = 0.12563 Mbps
87808[UE 1 | RB 1] Throughput = 11.64210 Mbps
87908[UE 1 | RB 1] Throughput = 1.19632 Mbps
88018[UE 1 | RB 1] Throughput = 0.76425 Mbps
88118[UE 1 | RB 1] Throughput = 1.43676 Mbps
88228[UE 1 | RB 1] Throughput = 0.65454 Mbps
88338[UE 1 | RB 1] Throughput = 1.30905 Mbps
88438[UE 1 | RB 1] Throughput = 1.31228 Mbps
88548[UE 1 | RB 1] Throughput = 0.65399 Mbps
88658[UE 1 | RB 1] Throughput = 1.09062 Mbps
88768[UE 1 | RB 1] Throughput = 1.30901 Mbps
88878[UE 1 | RB 1] Throughput = 1.19812 Mbps
88988[UE 1 | RB 1] Throughput = 0.65351 Mbps
89098[UE 1 | RB 1] Throughput = 1.41678 Mbps
89208[UE 1 | RB 1] Throughput = 0.98026 Mbps
89318[UE 1 | RB 1] Throughput = 0.87269 Mbps
89418[UE 1 | RB 1] Throughput = 1.19830 Mbps
89518[UE 1 | RB 1] Throughput = 1.07774 Mbps
89618[UE 1 | RB 1] Throughput = 1.07651 Mbps
89728[UE 1 | RB 1] Throughput = 1.20238 Mbps
89828[UE 1 | RB 1] Throughput = 0.71498 Mbps
89938[UE 1 | RB 1] Throughput = 1.30559 Mbps
[xApp]: E42 RIC_SUBSCRIPTION_DELETE_REQUEST tx RAN_FUNC_ID 144 RIC_REQ_ID 1 
[xApp]: E42 SUBSCRIPTION DELETE RESPONSE rx
[xApp]: E42 RIC_SUBSCRIPTION_DELETE_REQUEST tx RAN_FUNC_ID 144 RIC_REQ_ID 2 
[xApp]: E42 SUBSCRIPTION DELETE RESPONSE rx
[xApp]: E42 RIC_SUBSCRIPTION_DELETE_REQUEST tx RAN_FUNC_ID 144 RIC_REQ_ID 3 
[xApp]: E42 SUBSCRIPTION DELETE RESPONSE rx
[xApp]: Sucessfully stopped 
Test xApp run SUCCESSFULLY
