[UTIL]: Setting the config -c file to /usr/local/etc/flexric/flexric.conf
[UTIL]: Setting path -p for the shared libraries to /usr/local/lib/flexric/
[xAapp]: Initializing ... 
[xApp]: nearRT-RIC IP Address = 192.168.70.150, PORT = 36422
[E2 AGENT]: Opening plugin from path = /usr/local/lib/flexric/libkpm_sm.so 
[E2 AGENT]: Opening plugin from path = /usr/local/lib/flexric/libmac_sm.so 
[E2 AGENT]: Opening plugin from path = /usr/local/lib/flexric/libpdcp_sm.so 
[E2 AGENT]: Opening plugin from path = /usr/local/lib/flexric/libgtp_sm.so 
[E2 AGENT]: Opening plugin from path = /usr/local/lib/flexric/librc_sm.so 
[E2 AGENT]: Opening plugin from path = /usr/local/lib/flexric/libtc_sm.so 
[E2 AGENT]: Opening plugin from path = /usr/local/lib/flexric/librlc_sm.so 
[E2 AGENT]: Opening plugin from path = /usr/local/lib/flexric/libslice_sm.so 
[NEAR-RIC]: Loading SM ID = 2 with def = ORAN-E2SM-KPM 
[NEAR-RIC]: Loading SM ID = 142 with def = MAC_STATS_V0 
[NEAR-RIC]: Loading SM ID = 144 with def = PDCP_STATS_V0 
[NEAR-RIC]: Loading SM ID = 148 with def = GTP_STATS_V0 
[NEAR-RIC]: Loading SM ID = 3 with def = ORAN-E2SM-RC 
[NEAR-RIC]: Loading SM ID = 146 with def = TC_STATS_V0 
[NEAR-RIC]: Loading SM ID = 143 with def = RLC_STATS_V0 
[NEAR-RIC]: Loading SM ID = 145 with def = SLICE_STATS_V0 
[xApp]: DB filename = /tmp/flexric/xapp_db 
 [xApp]: E42 SETUP-REQUEST tx
[xApp]: E42 SETUP-RESPONSE rx 
[xApp]: xApp ID = 12 
[xApp]: Registered E2 Nodes = 3 
Connected E2 nodes = 3
[xAPP] Registered node 0 ran func id = 2 
 [xAPP] Registered node 0 ran func id = 3 
 [xAPP] Registered node 0 ran func id = 142 
 [xAPP] Registered node 0 ran func id = 143 
 [xAPP] Registered node 0 ran func id = 144 
 [xAPP] Registered node 0 ran func id = 145 
 [xAPP] Registered node 0 ran func id = 146 
 [xAPP] Registered node 0 ran func id = 148 
 [xApp]: E42 RIC SUBSCRIPTION REQUEST tx RAN_FUNC_ID 144 RIC_REQ_ID 1 
[xApp]: SUBSCRIPTION RESPONSE rx
[xApp]: Successfully subscribed to RAN_FUNC_ID 144 
[xAPP] Registered node 1 ran func id = 2 
 [xAPP] Registered node 1 ran func id = 3 
 [xAPP] Registered node 1 ran func id = 142 
 [xAPP] Registered node 1 ran func id = 143 
 [xAPP] Registered node 1 ran func id = 144 
 [xAPP] Registered node 1 ran func id = 145 
 [xAPP] Registered node 1 ran func id = 146 
 [xAPP] Registered node 1 ran func id = 148 
 [xApp]: E42 RIC SUBSCRIPTION REQUEST tx RAN_FUNC_ID 144 RIC_REQ_ID 2 
[xApp]: SUBSCRIPTION RESPONSE rx
[xApp]: Successfully subscribed to RAN_FUNC_ID 144 
[xAPP] Registered node 2 ran func id = 2 
 [xAPP] Registered node 2 ran func id = 3 
 [xAPP] Registered node 2 ran func id = 142 
 [xAPP] Registered node 2 ran func id = 143 
 [xAPP] Registered node 2 ran func id = 144 
 [xAPP] Registered node 2 ran func id = 145 
 [xAPP] Registered node 2 ran func id = 146 
 [xAPP] Registered node 2 ran func id = 148 
 [xApp]: E42 RIC SUBSCRIPTION REQUEST tx RAN_FUNC_ID 144 RIC_REQ_ID 3 
[xApp]: SUBSCRIPTION RESPONSE rx
[xApp]: Successfully subscribed to RAN_FUNC_ID 144 
113[UE 1 | RB 1] Throughput = 1.19820 Mbps
213[UE 1 | RB 1] Throughput = 1.19750 Mbps
313[UE 1 | RB 1] Throughput = 1.19533 Mbps
413[UE 1 | RB 1] Throughput = 0.59860 Mbps
514[UE 1 | RB 1] Throughput = 1.07532 Mbps
623[UE 1 | RB 1] Throughput = 1.09805 Mbps
724[UE 1 | RB 1] Throughput = 1.18223 Mbps
833[UE 1 | RB 1] Throughput = 0.98743 Mbps
943[UE 1 | RB 1] Throughput = 1.31626 Mbps
1043[UE 1 | RB 1] Throughput = 1.19435 Mbps
1143[UE 1 | RB 1] Throughput = 0.71464 Mbps
1253[UE 1 | RB 1] Throughput = 1.09564 Mbps
1363[UE 1 | RB 1] Throughput = 1.20087 Mbps
1463[UE 1 | RB 1] Throughput = 1.19190 Mbps
1574[UE 1 | RB 1] Throughput = 0.64618 Mbps
1685[UE 1 | RB 1] Throughput = 1.19497 Mbps
1793[UE 1 | RB 1] Throughput = 1.21750 Mbps
1893[UE 1 | RB 1] Throughput = 0.95541 Mbps
2003[UE 1 | RB 1] Throughput = 1.30621 Mbps
2113[UE 1 | RB 1] Throughput = 1.09487 Mbps
2213[UE 1 | RB 1] Throughput = 0.83731 Mbps
2323[UE 1 | RB 1] Throughput = 1.19911 Mbps
2423[UE 1 | RB 1] Throughput = 1.19736 Mbps
2533[UE 1 | RB 1] Throughput = 0.65600 Mbps
2633[UE 1 | RB 1] Throughput = 1.31359 Mbps
2735[UE 1 | RB 1] Throughput = 1.17609 Mbps
2845[UE 1 | RB 1] Throughput = 0.65407 Mbps
2953[UE 1 | RB 1] Throughput = 1.32837 Mbps
3053[UE 1 | RB 1] Throughput = 1.07701 Mbps
3154[UE 1 | RB 1] Throughput = 1.07690 Mbps
3263[UE 1 | RB 1] Throughput = 1.09357 Mbps
3363[UE 1 | RB 1] Throughput = 1.19668 Mbps
3473[UE 1 | RB 1] Throughput = 0.65559 Mbps
3573[UE 1 | RB 1] Throughput = 1.31061 Mbps
3683[UE 1 | RB 1] Throughput = 1.09239 Mbps
3793[UE 1 | RB 1] Throughput = 1.08780 Mbps
3903[UE 1 | RB 1] Throughput = 1.19937 Mbps
4013[UE 1 | RB 1] Throughput = 0.65265 Mbps
4123[UE 1 | RB 1] Throughput = 1.31485 Mbps
4223[UE 1 | RB 1] Throughput = 1.19479 Mbps
4333[UE 1 | RB 1] Throughput = 1.19454 Mbps
4434[UE 1 | RB 1] Throughput = 0.83787 Mbps
4544[UE 1 | RB 1] Throughput = 1.19884 Mbps
4653[UE 1 | RB 1] Throughput = 1.09217 Mbps
4754[UE 1 | RB 1] Throughput = 0.59784 Mbps
4855[UE 1 | RB 1] Throughput = 1.41570 Mbps
4963[UE 1 | RB 1] Throughput = 1.21607 Mbps
5073[UE 1 | RB 1] Throughput = 0.76331 Mbps
5174[UE 1 | RB 1] Throughput = 1.43578 Mbps
5283[UE 1 | RB 1] Throughput = 0.65399 Mbps
5393[UE 1 | RB 1] Throughput = 1.31194 Mbps
5493[UE 1 | RB 1] Throughput = 1.19464 Mbps
5604[UE 1 | RB 1] Throughput = 0.65261 Mbps
5713[UE 1 | RB 1] Throughput = 1.20512 Mbps
5813[UE 1 | RB 1] Throughput = 1.19792 Mbps
5913[UE 1 | RB 1] Throughput = 0.71667 Mbps
6023[UE 1 | RB 1] Throughput = 1.20141 Mbps
6124[UE 1 | RB 1] Throughput = 1.42858 Mbps
6233[UE 1 | RB 1] Throughput = 1.09250 Mbps
6334[UE 1 | RB 1] Throughput = 0.71674 Mbps
6444[UE 1 | RB 1] Throughput = 1.08839 Mbps
6554[UE 1 | RB 1] Throughput = 1.20087 Mbps
6655[UE 1 | RB 1] Throughput = 1.18689 Mbps
6764[UE 1 | RB 1] Throughput = 0.65801 Mbps
6873[UE 1 | RB 1] Throughput = 1.53163 Mbps
6984[UE 1 | RB 1] Throughput = 0.75928 Mbps
7085[UE 1 | RB 1] Throughput = 1.06265 Mbps
7193[UE 1 | RB 1] Throughput = 1.21968 Mbps
7294[UE 1 | RB 1] Throughput = 1.07455 Mbps
7404[UE 1 | RB 1] Throughput = 1.09217 Mbps
7513[UE 1 | RB 1] Throughput = 1.20175 Mbps
7614[UE 1 | RB 1] Throughput = 1.07509 Mbps
7724[UE 1 | RB 1] Throughput = 1.08975 Mbps
7824[UE 1 | RB 1] Throughput = 0.83860 Mbps
7924[UE 1 | RB 1] Throughput = 1.31716 Mbps
8033[UE 1 | RB 1] Throughput = 0.76539 Mbps
8133[UE 1 | RB 1] Throughput = 1.43552 Mbps
8234[UE 1 | RB 1] Throughput = 0.71784 Mbps
8344[UE 1 | RB 1] Throughput = 1.30427 Mbps
8454[UE 1 | RB 1] Throughput = 1.09240 Mbps
8563[UE 1 | RB 1] Throughput = 0.76718 Mbps
8663[UE 1 | RB 1] Throughput = 1.19245 Mbps
8764[UE 1 | RB 1] Throughput = 0.95091 Mbps
8873[UE 1 | RB 1] Throughput = 1.31962 Mbps
8973[UE 1 | RB 1] Throughput = 0.71904 Mbps
9073[UE 1 | RB 1] Throughput = 1.31600 Mbps
9174[UE 1 | RB 1] Throughput = 0.71704 Mbps
9283[UE 1 | RB 1] Throughput = 1.31449 Mbps
9383[UE 1 | RB 1] Throughput = 1.31430 Mbps
9484[UE 1 | RB 1] Throughput = 0.71700 Mbps
9594[UE 1 | RB 1] Throughput = 1.19680 Mbps
9704[UE 1 | RB 1] Throughput = 1.19873 Mbps
9804[UE 1 | RB 1] Throughput = 0.71773 Mbps
9914[UE 1 | RB 1] Throughput = 1.20332 Mbps
10024[UE 1 | RB 1] Throughput = 1.30509 Mbps
10124[UE 1 | RB 1] Throughput = 0.71753 Mbps
10233[UE 1 | RB 1] Throughput = 1.31550 Mbps
10334[UE 1 | RB 1] Throughput = 0.95631 Mbps
10434[UE 1 | RB 1] Throughput = 0.95291 Mbps
10544[UE 1 | RB 1] Throughput = 1.31396 Mbps
10644[UE 1 | RB 1] Throughput = 0.59901 Mbps
10753[UE 1 | RB 1] Throughput = 1.30863 Mbps
10854[UE 1 | RB 1] Throughput = 1.31638 Mbps
10964[UE 1 | RB 1] Throughput = 0.65307 Mbps
11074[UE 1 | RB 1] Throughput = 1.08723 Mbps
11184[UE 1 | RB 1] Throughput = 1.19999 Mbps
11284[UE 1 | RB 1] Throughput = 1.43804 Mbps
11394[UE 1 | RB 1] Throughput = 0.76260 Mbps
11495[UE 1 | RB 1] Throughput = 1.30671 Mbps
11604[UE 1 | RB 1] Throughput = 0.98799 Mbps
11714[UE 1 | RB 1] Throughput = 0.98216 Mbps
11824[UE 1 | RB 1] Throughput = 1.19883 Mbps
11925[UE 1 | RB 1] Throughput = 1.06618 Mbps
12034[UE 1 | RB 1] Throughput = 0.88161 Mbps
12134[UE 1 | RB 1] Throughput = 0.71737 Mbps
12234[UE 1 | RB 1] Throughput = 1.42966 Mbps
12344[UE 1 | RB 1] Throughput = 1.20429 Mbps
12454[UE 1 | RB 1] Throughput = 0.65291 Mbps
12564[UE 1 | RB 1] Throughput = 1.20050 Mbps
12674[UE 1 | RB 1] Throughput = 1.30883 Mbps
12774[UE 1 | RB 1] Throughput = 0.71769 Mbps
12884[UE 1 | RB 1] Throughput = 1.19863 Mbps
12994[UE 1 | RB 1] Throughput = 1.30647 Mbps
13103[UE 1 | RB 1] Throughput = 1.20302 Mbps
13204[UE 1 | RB 1] Throughput = 0.71863 Mbps
13304[UE 1 | RB 1] Throughput = 1.31666 Mbps
13414[UE 1 | RB 1] Throughput = 0.76253 Mbps
13514[UE 1 | RB 1] Throughput = 1.31607 Mbps
13614[UE 1 | RB 1] Throughput = 0.71843 Mbps
13714[UE 1 | RB 1] Throughput = 1.31609 Mbps
13824[UE 1 | RB 1] Throughput = 1.30865 Mbps
13924[UE 1 | RB 1] Throughput = 0.71782 Mbps
14034[UE 1 | RB 1] Throughput = 1.20278 Mbps
14144[UE 1 | RB 1] Throughput = 1.30612 Mbps
14246[UE 1 | RB 1] Throughput = 0.70386 Mbps
14354[UE 1 | RB 1] Throughput = 1.21873 Mbps
14464[UE 1 | RB 1] Throughput = 1.19887 Mbps
14574[UE 1 | RB 1] Throughput = 0.65468 Mbps
14684[UE 1 | RB 1] Throughput = 1.20114 Mbps
14784[UE 1 | RB 1] Throughput = 1.43492 Mbps
14894[UE 1 | RB 1] Throughput = 0.54562 Mbps
15004[UE 1 | RB 1] Throughput = 1.30496 Mbps
15104[UE 1 | RB 1] Throughput = 0.71798 Mbps
15214[UE 1 | RB 1] Throughput = 1.31136 Mbps
15324[UE 1 | RB 1] Throughput = 1.19713 Mbps
15424[UE 1 | RB 1] Throughput = 0.71791 Mbps
15524[UE 1 | RB 1] Throughput = 1.43672 Mbps
15634[UE 1 | RB 1] Throughput = 1.19456 Mbps
15744[UE 1 | RB 1] Throughput = 0.76442 Mbps
15854[UE 1 | RB 1] Throughput = 1.31230 Mbps
15954[UE 1 | RB 1] Throughput = 0.71853 Mbps
16054[UE 1 | RB 1] Throughput = 1.19576 Mbps
16164[UE 1 | RB 1] Throughput = 1.30902 Mbps
16264[UE 1 | RB 1] Throughput = 0.71760 Mbps
16374[UE 1 | RB 1] Throughput = 1.20132 Mbps
16484[UE 1 | RB 1] Throughput = 1.31073 Mbps
16584[UE 1 | RB 1] Throughput = 0.59628 Mbps
16684[UE 1 | RB 1] Throughput = 1.43408 Mbps
16794[UE 1 | RB 1] Throughput = 1.20364 Mbps
16894[UE 1 | RB 1] Throughput = 0.83779 Mbps
16994[UE 1 | RB 1] Throughput = 1.31222 Mbps
17104[UE 1 | RB 1] Throughput = 0.65598 Mbps
17204[UE 1 | RB 1] Throughput = 1.31804 Mbps
17304[UE 1 | RB 1] Throughput = 0.71830 Mbps
17414[UE 1 | RB 1] Throughput = 1.31218 Mbps
17514[UE 1 | RB 1] Throughput = 1.07580 Mbps
17624[UE 1 | RB 1] Throughput = 1.19716 Mbps
17734[UE 1 | RB 1] Throughput = 0.87573 Mbps
17834[UE 1 | RB 1] Throughput = 1.19432 Mbps
17934[UE 1 | RB 1] Throughput = 0.83690 Mbps
18044[UE 1 | RB 1] Throughput = 1.20237 Mbps
18144[UE 1 | RB 1] Throughput = 1.19677 Mbps
18254[UE 1 | RB 1] Throughput = 1.08891 Mbps
18364[UE 1 | RB 1] Throughput = 1.20298 Mbps
18464[UE 1 | RB 1] Throughput = 0.71503 Mbps
18574[UE 1 | RB 1] Throughput = 1.30902 Mbps
18674[UE 1 | RB 1] Throughput = 0.71650 Mbps
18784[UE 1 | RB 1] Throughput = 1.20284 Mbps
18884[UE 1 | RB 1] Throughput = 1.19440 Mbps
18994[UE 1 | RB 1] Throughput = 0.65624 Mbps
19094[UE 1 | RB 1] Throughput = 1.43259 Mbps
19204[UE 1 | RB 1] Throughput = 1.31032 Mbps
19304[UE 1 | RB 1] Throughput = 0.71903 Mbps
19414[UE 1 | RB 1] Throughput = 1.30942 Mbps
19514[UE 1 | RB 1] Throughput = 0.59805 Mbps
19624[UE 1 | RB 1] Throughput = 1.41499 Mbps
19734[UE 1 | RB 1] Throughput = 1.08604 Mbps
19844[UE 1 | RB 1] Throughput = 1.20513 Mbps
19944[UE 1 | RB 1] Throughput = 0.71759 Mbps
20044[UE 1 | RB 1] Throughput = 1.31687 Mbps
20154[UE 1 | RB 1] Throughput = 0.76551 Mbps
20254[UE 1 | RB 1] Throughput = 1.43686 Mbps
20354[UE 1 | RB 1] Throughput = 0.71755 Mbps
20464[UE 1 | RB 1] Throughput = 1.30729 Mbps
20564[UE 1 | RB 1] Throughput = 1.19826 Mbps
20674[UE 1 | RB 1] Throughput = 0.76663 Mbps
20774[UE 1 | RB 1] Throughput = 1.19753 Mbps
20874[UE 1 | RB 1] Throughput = 1.30843 Mbps
20974[UE 1 | RB 1] Throughput = 0.83863 Mbps
21085[UE 1 | RB 1] Throughput = 0.75526 Mbps
21195[UE 1 | RB 1] Throughput = 1.31053 Mbps
21304[UE 1 | RB 1] Throughput = 1.32603 Mbps
21404[UE 1 | RB 1] Throughput = 0.71322 Mbps
21514[UE 1 | RB 1] Throughput = 1.08986 Mbps
21624[UE 1 | RB 1] Throughput = 1.20227 Mbps
21725[UE 1 | RB 1] Throughput = 1.18459 Mbps
21834[UE 1 | RB 1] Throughput = 1.10401 Mbps
21934[UE 1 | RB 1] Throughput = 0.71465 Mbps
22034[UE 1 | RB 1] Throughput = 1.31712 Mbps
22144[UE 1 | RB 1] Throughput = 1.19832 Mbps
22254[UE 1 | RB 1] Throughput = 0.76252 Mbps
22364[UE 1 | RB 1] Throughput = 1.09105 Mbps
22474[UE 1 | RB 1] Throughput = 1.09266 Mbps
22574[UE 1 | RB 1] Throughput = 1.43716 Mbps
22684[UE 1 | RB 1] Throughput = 0.65613 Mbps
22784[UE 1 | RB 1] Throughput = 1.19057 Mbps
22895[UE 1 | RB 1] Throughput = 0.54221 Mbps
23004[UE 1 | RB 1] Throughput = 1.75991 Mbps
23104[UE 1 | RB 1] Throughput = 0.71698 Mbps
23204[UE 1 | RB 1] Throughput = 1.19688 Mbps
23314[UE 1 | RB 1] Throughput = 1.09214 Mbps
23414[UE 1 | RB 1] Throughput = 1.31713 Mbps
23514[UE 1 | RB 1] Throughput = 0.71568 Mbps
23624[UE 1 | RB 1] Throughput = 1.31065 Mbps
23734[UE 1 | RB 1] Throughput = 1.19922 Mbps
23834[UE 1 | RB 1] Throughput = 0.59856 Mbps
23944[UE 1 | RB 1] Throughput = 1.19854 Mbps
24045[UE 1 | RB 1] Throughput = 1.31404 Mbps
24155[UE 1 | RB 1] Throughput = 0.87103 Mbps
24255[UE 1 | RB 1] Throughput = 1.19799 Mbps
24365[UE 1 | RB 1] Throughput = 0.76282 Mbps
24465[UE 1 | RB 1] Throughput = 1.31575 Mbps
24574[UE 1 | RB 1] Throughput = 1.20163 Mbps
24685[UE 1 | RB 1] Throughput = 0.75867 Mbps
24785[UE 1 | RB 1] Throughput = 1.19569 Mbps
24886[UE 1 | RB 1] Throughput = 1.19422 Mbps
24995[UE 1 | RB 1] Throughput = 1.09742 Mbps
25105[UE 1 | RB 1] Throughput = 0.32635 Mbps
25214[UE 1 | RB 1] Throughput = 1.75855 Mbps
25315[UE 1 | RB 1] Throughput = 0.95125 Mbps
25415[UE 1 | RB 1] Throughput = 1.31803 Mbps
25525[UE 1 | RB 1] Throughput = 0.65358 Mbps
25635[UE 1 | RB 1] Throughput = 1.08884 Mbps
25744[UE 1 | RB 1] Throughput = 1.20673 Mbps
25845[UE 1 | RB 1] Throughput = 1.30261 Mbps
25955[UE 1 | RB 1] Throughput = 0.97940 Mbps
26064[UE 1 | RB 1] Throughput = 1.10183 Mbps
26166[UE 1 | RB 1] Throughput = 1.18109 Mbps
26274[UE 1 | RB 1] Throughput = 1.10238 Mbps
26375[UE 1 | RB 1] Throughput = 0.95743 Mbps
26475[UE 1 | RB 1] Throughput = 0.95763 Mbps
26585[UE 1 | RB 1] Throughput = 1.08631 Mbps
26686[UE 1 | RB 1] Throughput = 1.18678 Mbps
26794[UE 1 | RB 1] Throughput = 1.10453 Mbps
26895[UE 1 | RB 1] Throughput = 1.19505 Mbps
27005[UE 1 | RB 1] Throughput = 0.97646 Mbps
27115[UE 1 | RB 1] Throughput = 0.98371 Mbps
27224[UE 1 | RB 1] Throughput = 0.98681 Mbps
27335[UE 1 | RB 1] Throughput = 1.30195 Mbps
27435[UE 1 | RB 1] Throughput = 0.59797 Mbps
27544[UE 1 | RB 1] Throughput = 1.20878 Mbps
27644[UE 1 | RB 1] Throughput = 1.19446 Mbps
27744[UE 1 | RB 1] Throughput = 1.31570 Mbps
27844[UE 1 | RB 1] Throughput = 0.83885 Mbps
27945[UE 1 | RB 1] Throughput = 0.59693 Mbps
28054[UE 1 | RB 1] Throughput = 1.64055 Mbps
28154[UE 1 | RB 1] Throughput = 0.59857 Mbps
28255[UE 1 | RB 1] Throughput = 1.31512 Mbps
28365[UE 1 | RB 1] Throughput = 1.19985 Mbps
28475[UE 1 | RB 1] Throughput = 0.87119 Mbps
28575[UE 1 | RB 1] Throughput = 1.43748 Mbps
28676[UE 1 | RB 1] Throughput = 0.59136 Mbps
28785[UE 1 | RB 1] Throughput = 1.21450 Mbps
28885[UE 1 | RB 1] Throughput = 1.07731 Mbps
28986[UE 1 | RB 1] Throughput = 1.05910 Mbps
29095[UE 1 | RB 1] Throughput = 0.99181 Mbps
29197[UE 1 | RB 1] Throughput = 1.29950 Mbps
29306[UE 1 | RB 1] Throughput = 0.98775 Mbps
29415[UE 1 | RB 1] Throughput = 1.21170 Mbps
29525[UE 1 | RB 1] Throughput = 0.76277 Mbps
29625[UE 1 | RB 1] Throughput = 1.31700 Mbps
29734[UE 1 | RB 1] Throughput = 0.76435 Mbps
29836[UE 1 | RB 1] Throughput = 1.17616 Mbps
29945[UE 1 | RB 1] Throughput = 1.21409 Mbps
30055[UE 1 | RB 1] Throughput = 1.20040 Mbps
30155[UE 1 | RB 1] Throughput = 0.95795 Mbps
30255[UE 1 | RB 1] Throughput = 1.07785 Mbps
30367[UE 1 | RB 1] Throughput = 1.07188 Mbps
30476[UE 1 | RB 1] Throughput = 0.98943 Mbps
30585[UE 1 | RB 1] Throughput = 1.09549 Mbps
30695[UE 1 | RB 1] Throughput = 0.87633 Mbps
30805[UE 1 | RB 1] Throughput = 1.08906 Mbps
30905[UE 1 | RB 1] Throughput = 1.43485 Mbps
31014[UE 1 | RB 1] Throughput = 0.65586 Mbps
31125[UE 1 | RB 1] Throughput = 1.08389 Mbps
31234[UE 1 | RB 1] Throughput = 1.20580 Mbps
31335[UE 1 | RB 1] Throughput = 1.31284 Mbps
31435[UE 1 | RB 1] Throughput = 0.83823 Mbps
31545[UE 1 | RB 1] Throughput = 1.08743 Mbps
31655[UE 1 | RB 1] Throughput = 0.87335 Mbps
31755[UE 1 | RB 1] Throughput = 1.31262 Mbps
31857[UE 1 | RB 1] Throughput = 1.18022 Mbps
31965[UE 1 | RB 1] Throughput = 1.10528 Mbps
32075[UE 1 | RB 1] Throughput = 0.76607 Mbps
32175[UE 1 | RB 1] Throughput = 1.30814 Mbps
32285[UE 1 | RB 1] Throughput = 0.76530 Mbps
32395[UE 1 | RB 1] Throughput = 1.08982 Mbps
32495[UE 1 | RB 1] Throughput = 1.43753 Mbps
32605[UE 1 | RB 1] Throughput = 0.98373 Mbps
32705[UE 1 | RB 1] Throughput = 1.07287 Mbps
32815[UE 1 | RB 1] Throughput = 1.09479 Mbps
32915[UE 1 | RB 1] Throughput = 1.19300 Mbps
33026[UE 1 | RB 1] Throughput = 0.97519 Mbps
33135[UE 1 | RB 1] Throughput = 0.87907 Mbps
33235[UE 1 | RB 1] Throughput = 1.43765 Mbps
33335[UE 1 | RB 1] Throughput = 0.95824 Mbps
33435[UE 1 | RB 1] Throughput = 0.71499 Mbps
33545[UE 1 | RB 1] Throughput = 1.20697 Mbps
33645[UE 1 | RB 1] Throughput = 0.83530 Mbps
33755[UE 1 | RB 1] Throughput = 1.20316 Mbps
33855[UE 1 | RB 1] Throughput = 1.43700 Mbps
33955[UE 1 | RB 1] Throughput = 0.59791 Mbps
34056[UE 1 | RB 1] Throughput = 1.18983 Mbps
34166[UE 1 | RB 1] Throughput = 1.30724 Mbps
34275[UE 1 | RB 1] Throughput = 0.76751 Mbps
34385[UE 1 | RB 1] Throughput = 1.42103 Mbps
34485[UE 1 | RB 1] Throughput = 0.71738 Mbps
34585[UE 1 | RB 1] Throughput = 1.19558 Mbps
34685[UE 1 | RB 1] Throughput = 0.83590 Mbps
34795[UE 1 | RB 1] Throughput = 1.20241 Mbps
34895[UE 1 | RB 1] Throughput = 1.43568 Mbps
35005[UE 1 | RB 1] Throughput = 0.65424 Mbps
35105[UE 1 | RB 1] Throughput = 1.43385 Mbps
35215[UE 1 | RB 1] Throughput = 1.09450 Mbps
35325[UE 1 | RB 1] Throughput = 0.87133 Mbps
35426[UE 1 | RB 1] Throughput = 0.71318 Mbps
35536[UE 1 | RB 1] Throughput = 1.41350 Mbps
35645[UE 1 | RB 1] Throughput = 1.21036 Mbps
35755[UE 1 | RB 1] Throughput = 0.65441 Mbps
35865[UE 1 | RB 1] Throughput = 1.51997 Mbps
35975[UE 1 | RB 1] Throughput = 0.87175 Mbps
36075[UE 1 | RB 1] Throughput = 1.19798 Mbps
36185[UE 1 | RB 1] Throughput = 1.08986 Mbps
36295[UE 1 | RB 1] Throughput = 1.20012 Mbps
36395[UE 1 | RB 1] Throughput = 0.83706 Mbps
36505[UE 1 | RB 1] Throughput = 0.98511 Mbps
36605[UE 1 | RB 1] Throughput = 1.19225 Mbps
36706[UE 1 | RB 1] Throughput = 0.95368 Mbps
36815[UE 1 | RB 1] Throughput = 1.10052 Mbps
36915[UE 1 | RB 1] Throughput = 1.31549 Mbps
37016[UE 1 | RB 1] Throughput = 0.83221 Mbps
37125[UE 1 | RB 1] Throughput = 0.98881 Mbps
37226[UE 1 | RB 1] Throughput = 1.41639 Mbps
37335[UE 1 | RB 1] Throughput = 0.54979 Mbps
37445[UE 1 | RB 1] Throughput = 1.20240 Mbps
37545[UE 1 | RB 1] Throughput = 1.19162 Mbps
37655[UE 1 | RB 1] Throughput = 1.31213 Mbps
37757[UE 1 | RB 1] Throughput = 0.58697 Mbps
37865[UE 1 | RB 1] Throughput = 1.33063 Mbps
37965[UE 1 | RB 1] Throughput = 1.31468 Mbps
38075[UE 1 | RB 1] Throughput = 0.54656 Mbps
38175[UE 1 | RB 1] Throughput = 1.43332 Mbps
38285[UE 1 | RB 1] Throughput = 1.09537 Mbps
38395[UE 1 | RB 1] Throughput = 1.19617 Mbps
38496[UE 1 | RB 1] Throughput = 0.59141 Mbps
38605[UE 1 | RB 1] Throughput = 1.32226 Mbps
38715[UE 1 | RB 1] Throughput = 1.20189 Mbps
38815[UE 1 | RB 1] Throughput = 0.71685 Mbps
38915[UE 1 | RB 1] Throughput = 1.31783 Mbps
39015[UE 1 | RB 1] Throughput = 0.71658 Mbps
39125[UE 1 | RB 1] Throughput = 1.42165 Mbps
39225[UE 1 | RB 1] Throughput = 1.07367 Mbps
39335[UE 1 | RB 1] Throughput = 1.09522 Mbps
39445[UE 1 | RB 1] Throughput = 0.65481 Mbps
39545[UE 1 | RB 1] Throughput = 1.31794 Mbps
39645[UE 1 | RB 1] Throughput = 1.31527 Mbps
39746[UE 1 | RB 1] Throughput = 0.70930 Mbps
39856[UE 1 | RB 1] Throughput = 1.30678 Mbps
39965[UE 1 | RB 1] Throughput = 0.66108 Mbps
40066[UE 1 | RB 1] Throughput = 1.43151 Mbps
40176[UE 1 | RB 1] Throughput = 1.08425 Mbps
40286[UE 1 | RB 1] Throughput = 1.09543 Mbps
40395[UE 1 | RB 1] Throughput = 1.20274 Mbps
40495[UE 1 | RB 1] Throughput = 1.07816 Mbps
40596[UE 1 | RB 1] Throughput = 1.06568 Mbps
40706[UE 1 | RB 1] Throughput = 1.09821 Mbps
40815[UE 1 | RB 1] Throughput = 0.87423 Mbps
40916[UE 1 | RB 1] Throughput = 1.07474 Mbps
41026[UE 1 | RB 1] Throughput = 1.19319 Mbps
41135[UE 1 | RB 1] Throughput = 1.09806 Mbps
41235[UE 1 | RB 1] Throughput = 0.95773 Mbps
41335[UE 1 | RB 1] Throughput = 1.19792 Mbps
41445[UE 1 | RB 1] Throughput = 0.98243 Mbps
41555[UE 1 | RB 1] Throughput = 0.98022 Mbps
41665[UE 1 | RB 1] Throughput = 0.98028 Mbps
41766[UE 1 | RB 1] Throughput = 1.30882 Mbps
41877[UE 1 | RB 1] Throughput = 1.07593 Mbps
41986[UE 1 | RB 1] Throughput = 1.10478 Mbps
42095[UE 1 | RB 1] Throughput = 0.98526 Mbps
42205[UE 1 | RB 1] Throughput = 0.97994 Mbps
42305[UE 1 | RB 1] Throughput = 0.95663 Mbps
42415[UE 1 | RB 1] Throughput = 1.20453 Mbps
42515[UE 1 | RB 1] Throughput = 0.95770 Mbps
42615[UE 1 | RB 1] Throughput = 1.19811 Mbps
42725[UE 1 | RB 1] Throughput = 0.98172 Mbps
42825[UE 1 | RB 1] Throughput = 1.19627 Mbps
42925[UE 1 | RB 1] Throughput = 1.19522 Mbps
43035[UE 1 | RB 1] Throughput = 0.65303 Mbps
43136[UE 1 | RB 1] Throughput = 1.19609 Mbps
43246[UE 1 | RB 1] Throughput = 1.09087 Mbps
43346[UE 1 | RB 1] Throughput = 1.19678 Mbps
43455[UE 1 | RB 1] Throughput = 0.98220 Mbps
43565[UE 1 | RB 1] Throughput = 1.09012 Mbps
43666[UE 1 | RB 1] Throughput = 1.19573 Mbps
43766[UE 1 | RB 1] Throughput = 1.19538 Mbps
43866[UE 1 | RB 1] Throughput = 0.71509 Mbps
43976[UE 1 | RB 1] Throughput = 1.09853 Mbps
44085[UE 1 | RB 1] Throughput = 1.09483 Mbps
44185[UE 1 | RB 1] Throughput = 1.07395 Mbps
44286[UE 1 | RB 1] Throughput = 1.07557 Mbps
44395[UE 1 | RB 1] Throughput = 0.98294 Mbps
44495[UE 1 | RB 1] Throughput = 1.43782 Mbps
44596[UE 1 | RB 1] Throughput = 0.59731 Mbps
44705[UE 1 | RB 1] Throughput = 1.20304 Mbps
44815[UE 1 | RB 1] Throughput = 0.98376 Mbps
44916[UE 1 | RB 1] Throughput = 1.19031 Mbps
45025[UE 1 | RB 1] Throughput = 1.09335 Mbps
45125[UE 1 | RB 1] Throughput = 1.31499 Mbps
45225[UE 1 | RB 1] Throughput = 0.59917 Mbps
45337[UE 1 | RB 1] Throughput = 1.29501 Mbps
45445[UE 1 | RB 1] Throughput = 0.88033 Mbps
45555[UE 1 | RB 1] Throughput = 0.98331 Mbps
45656[UE 1 | RB 1] Throughput = 1.30954 Mbps
45766[UE 1 | RB 1] Throughput = 1.08909 Mbps
45876[UE 1 | RB 1] Throughput = 1.09259 Mbps
45976[UE 1 | RB 1] Throughput = 0.95765 Mbps
46076[UE 1 | RB 1] Throughput = 1.07765 Mbps
46185[UE 1 | RB 1] Throughput = 1.09308 Mbps
46286[UE 1 | RB 1] Throughput = 1.31604 Mbps
46386[UE 1 | RB 1] Throughput = 0.83831 Mbps
46496[UE 1 | RB 1] Throughput = 1.19713 Mbps
46605[UE 1 | RB 1] Throughput = 1.20229 Mbps
46705[UE 1 | RB 1] Throughput = 0.83793 Mbps
46807[UE 1 | RB 1] Throughput = 1.29742 Mbps
46916[UE 1 | RB 1] Throughput = 0.66025 Mbps
47026[UE 1 | RB 1] Throughput = 1.19909 Mbps
47136[UE 1 | RB 1] Throughput = 1.20019 Mbps
47236[UE 1 | RB 1] Throughput = 0.59893 Mbps
47336[UE 1 | RB 1] Throughput = 1.43607 Mbps
47445[UE 1 | RB 1] Throughput = 1.20320 Mbps
47548[UE 1 | RB 1] Throughput = 0.70306 Mbps
47656[UE 1 | RB 1] Throughput = 1.33165 Mbps
47765[UE 1 | RB 1] Throughput = 1.20278 Mbps
47865[UE 1 | RB 1] Throughput = 0.59900 Mbps
47966[UE 1 | RB 1] Throughput = 1.19656 Mbps
48066[UE 1 | RB 1] Throughput = 1.19634 Mbps
48175[UE 1 | RB 1] Throughput = 1.31430 Mbps
48275[UE 1 | RB 1] Throughput = 0.59734 Mbps
48385[UE 1 | RB 1] Throughput = 1.09040 Mbps
48486[UE 1 | RB 1] Throughput = 1.31480 Mbps
48586[UE 1 | RB 1] Throughput = 0.95593 Mbps
48696[UE 1 | RB 1] Throughput = 1.30992 Mbps
48806[UE 1 | RB 1] Throughput = 0.65340 Mbps
48915[UE 1 | RB 1] Throughput = 1.20243 Mbps
49016[UE 1 | RB 1] Throughput = 1.43265 Mbps
49126[UE 1 | RB 1] Throughput = 0.87333 Mbps
49235[UE 1 | RB 1] Throughput = 1.19866 Mbps
49346[UE 1 | RB 1] Throughput = 0.86894 Mbps
49456[UE 1 | RB 1] Throughput = 1.09111 Mbps
49566[UE 1 | RB 1] Throughput = 1.30637 Mbps
49666[UE 1 | RB 1] Throughput = 0.59562 Mbps
49768[UE 1 | RB 1] Throughput = 1.29871 Mbps
49878[UE 1 | RB 1] Throughput = 1.20034 Mbps
49986[UE 1 | RB 1] Throughput = 1.11091 Mbps
50086[UE 1 | RB 1] Throughput = 0.83545 Mbps
50186[UE 1 | RB 1] Throughput = 1.19652 Mbps
50287[UE 1 | RB 1] Throughput = 0.71470 Mbps
50387[UE 1 | RB 1] Throughput = 1.31811 Mbps
50496[UE 1 | RB 1] Throughput = 1.20603 Mbps
50597[UE 1 | RB 1] Throughput = 0.83122 Mbps
50706[UE 1 | RB 1] Throughput = 1.10311 Mbps
50806[UE 1 | RB 1] Throughput = 1.42838 Mbps
50907[UE 1 | RB 1] Throughput = 0.71375 Mbps
51016[UE 1 | RB 1] Throughput = 0.88118 Mbps
51126[UE 1 | RB 1] Throughput = 1.09079 Mbps
51226[UE 1 | RB 1] Throughput = 1.31544 Mbps
51336[UE 1 | RB 1] Throughput = 1.09037 Mbps
51436[UE 1 | RB 1] Throughput = 1.19818 Mbps
51537[UE 1 | RB 1] Throughput = 0.95150 Mbps
51646[UE 1 | RB 1] Throughput = 0.98249 Mbps
51756[UE 1 | RB 1] Throughput = 1.09599 Mbps
51866[UE 1 | RB 1] Throughput = 1.19945 Mbps
51966[UE 1 | RB 1] Throughput = 0.71882 Mbps
52066[UE 1 | RB 1] Throughput = 1.31670 Mbps
52166[UE 1 | RB 1] Throughput = 1.31624 Mbps
52276[UE 1 | RB 1] Throughput = 0.65351 Mbps
52386[UE 1 | RB 1] Throughput = 1.19984 Mbps
52496[UE 1 | RB 1] Throughput = 1.19655 Mbps
52606[UE 1 | RB 1] Throughput = 1.20048 Mbps
52716[UE 1 | RB 1] Throughput = 0.87133 Mbps
52826[UE 1 | RB 1] Throughput = 1.09120 Mbps
52926[UE 1 | RB 1] Throughput = 1.19725 Mbps
53036[UE 1 | RB 1] Throughput = 0.65237 Mbps
53136[UE 1 | RB 1] Throughput = 1.31767 Mbps
53247[UE 1 | RB 1] Throughput = 1.18794 Mbps
53357[UE 1 | RB 1] Throughput = 1.09393 Mbps
53466[UE 1 | RB 1] Throughput = 1.20664 Mbps
53566[UE 1 | RB 1] Throughput = 0.59867 Mbps
53676[UE 1 | RB 1] Throughput = 1.08824 Mbps
53776[UE 1 | RB 1] Throughput = 1.19750 Mbps
53878[UE 1 | RB 1] Throughput = 1.17446 Mbps
53986[UE 1 | RB 1] Throughput = 1.22422 Mbps
54086[UE 1 | RB 1] Throughput = 0.83625 Mbps
54196[UE 1 | RB 1] Throughput = 1.09185 Mbps
54296[UE 1 | RB 1] Throughput = 0.71783 Mbps
54406[UE 1 | RB 1] Throughput = 1.19924 Mbps
54516[UE 1 | RB 1] Throughput = 1.09310 Mbps
54616[UE 1 | RB 1] Throughput = 1.42684 Mbps
54726[UE 1 | RB 1] Throughput = 0.54578 Mbps
54836[UE 1 | RB 1] Throughput = 1.31176 Mbps
54946[UE 1 | RB 1] Throughput = 1.30956 Mbps
55046[UE 1 | RB 1] Throughput = 0.83870 Mbps
55146[UE 1 | RB 1] Throughput = 0.83680 Mbps
55246[UE 1 | RB 1] Throughput = 1.31699 Mbps
55356[UE 1 | RB 1] Throughput = 1.31257 Mbps
55456[UE 1 | RB 1] Throughput = 0.71736 Mbps
55556[UE 1 | RB 1] Throughput = 1.43547 Mbps
55656[UE 1 | RB 1] Throughput = 0.59910 Mbps
55756[UE 1 | RB 1] Throughput = 1.43773 Mbps
55856[UE 1 | RB 1] Throughput = 0.71868 Mbps
55966[UE 1 | RB 1] Throughput = 1.30812 Mbps
56066[UE 1 | RB 1] Throughput = 0.71900 Mbps
56166[UE 1 | RB 1] Throughput = 1.31652 Mbps
56277[UE 1 | RB 1] Throughput = 1.29982 Mbps
56386[UE 1 | RB 1] Throughput = 1.09337 Mbps
56496[UE 1 | RB 1] Throughput = 0.76378 Mbps
56606[UE 1 | RB 1] Throughput = 1.20034 Mbps
56706[UE 1 | RB 1] Throughput = 1.19747 Mbps
56806[UE 1 | RB 1] Throughput = 0.59843 Mbps
56906[UE 1 | RB 1] Throughput = 1.19491 Mbps
57008[UE 1 | RB 1] Throughput = 1.29412 Mbps
57116[UE 1 | RB 1] Throughput = 1.11448 Mbps
57216[UE 1 | RB 1] Throughput = 0.71768 Mbps
57326[UE 1 | RB 1] Throughput = 1.31402 Mbps
57426[UE 1 | RB 1] Throughput = 1.19429 Mbps
57526[UE 1 | RB 1] Throughput = 0.95362 Mbps
57628[UE 1 | RB 1] Throughput = 1.06261 Mbps
57736[UE 1 | RB 1] Throughput = 1.10381 Mbps
57846[UE 1 | RB 1] Throughput = 1.31232 Mbps
57946[UE 1 | RB 1] Throughput = 0.59740 Mbps
58047[UE 1 | RB 1] Throughput = 1.31607 Mbps
58156[UE 1 | RB 1] Throughput = 1.19971 Mbps
58266[UE 1 | RB 1] Throughput = 0.87320 Mbps
58366[UE 1 | RB 1] Throughput = 1.07713 Mbps
58476[UE 1 | RB 1] Throughput = 1.31055 Mbps
58576[UE 1 | RB 1] Throughput = 0.71843 Mbps
58686[UE 1 | RB 1] Throughput = 1.08771 Mbps
58796[UE 1 | RB 1] Throughput = 1.09297 Mbps
58906[UE 1 | RB 1] Throughput = 1.19906 Mbps
59006[UE 1 | RB 1] Throughput = 0.95620 Mbps
59116[UE 1 | RB 1] Throughput = 0.98297 Mbps
59216[UE 1 | RB 1] Throughput = 0.83653 Mbps
59317[UE 1 | RB 1] Throughput = 1.30615 Mbps
59427[UE 1 | RB 1] Throughput = 1.31413 Mbps
59536[UE 1 | RB 1] Throughput = 0.65665 Mbps
59646[UE 1 | RB 1] Throughput = 1.30938 Mbps
59746[UE 1 | RB 1] Throughput = 0.71495 Mbps
59857[UE 1 | RB 1] Throughput = 1.30256 Mbps
59967[UE 1 | RB 1] Throughput = 1.30951 Mbps
60076[UE 1 | RB 1] Throughput = 0.65565 Mbps
60177[UE 1 | RB 1] Throughput = 1.30765 Mbps
60286[UE 1 | RB 1] Throughput = 1.31648 Mbps
60387[UE 1 | RB 1] Throughput = 0.71362 Mbps
60496[UE 1 | RB 1] Throughput = 1.20652 Mbps
60607[UE 1 | RB 1] Throughput = 1.08677 Mbps
60707[UE 1 | RB 1] Throughput = 1.19777 Mbps
60817[UE 1 | RB 1] Throughput = 0.65286 Mbps
60926[UE 1 | RB 1] Throughput = 1.20420 Mbps
61036[UE 1 | RB 1] Throughput = 1.20378 Mbps
61136[UE 1 | RB 1] Throughput = 0.71601 Mbps
61247[UE 1 | RB 1] Throughput = 1.08628 Mbps
61358[UE 1 | RB 1] Throughput = 1.17875 Mbps
61466[UE 1 | RB 1] Throughput = 1.22037 Mbps
61576[UE 1 | RB 1] Throughput = 1.20345 Mbps
61677[UE 1 | RB 1] Throughput = 0.59541 Mbps
61777[UE 1 | RB 1] Throughput = 1.43534 Mbps
61886[UE 1 | RB 1] Throughput = 1.20162 Mbps
61996[UE 1 | RB 1] Throughput = 0.65361 Mbps
62097[UE 1 | RB 1] Throughput = 1.31390 Mbps
62207[UE 1 | RB 1] Throughput = 1.30944 Mbps
62316[UE 1 | RB 1] Throughput = 0.65697 Mbps
62416[UE 1 | RB 1] Throughput = 1.43408 Mbps
62526[UE 1 | RB 1] Throughput = 0.65477 Mbps
62627[UE 1 | RB 1] Throughput = 1.31201 Mbps
62736[UE 1 | RB 1] Throughput = 1.20536 Mbps
62837[UE 1 | RB 1] Throughput = 0.71458 Mbps
62946[UE 1 | RB 1] Throughput = 1.30921 Mbps
63057[UE 1 | RB 1] Throughput = 1.30611 Mbps
63167[UE 1 | RB 1] Throughput = 0.65381 Mbps
63267[UE 1 | RB 1] Throughput = 1.43491 Mbps
63367[UE 1 | RB 1] Throughput = 0.71898 Mbps
63476[UE 1 | RB 1] Throughput = 1.31535 Mbps
63577[UE 1 | RB 1] Throughput = 0.71585 Mbps
63687[UE 1 | RB 1] Throughput = 1.19521 Mbps
63796[UE 1 | RB 1] Throughput = 1.20416 Mbps
63897[UE 1 | RB 1] Throughput = 0.83762 Mbps
63997[UE 1 | RB 1] Throughput = 1.19148 Mbps
64107[UE 1 | RB 1] Throughput = 1.20306 Mbps
64216[UE 1 | RB 1] Throughput = 1.20235 Mbps
64316[UE 1 | RB 1] Throughput = 0.71763 Mbps
64417[UE 1 | RB 1] Throughput = 1.43050 Mbps
64527[UE 1 | RB 1] Throughput = 0.65518 Mbps
64636[UE 1 | RB 1] Throughput = 1.31074 Mbps
64737[UE 1 | RB 1] Throughput = 1.31162 Mbps
64847[UE 1 | RB 1] Throughput = 0.76445 Mbps
64957[UE 1 | RB 1] Throughput = 1.30795 Mbps
65067[UE 1 | RB 1] Throughput = 0.87060 Mbps
65176[UE 1 | RB 1] Throughput = 0.98600 Mbps
65287[UE 1 | RB 1] Throughput = 1.19297 Mbps
65387[UE 1 | RB 1] Throughput = 1.31273 Mbps
65496[UE 1 | RB 1] Throughput = 0.77017 Mbps
65596[UE 1 | RB 1] Throughput = 1.31257 Mbps
65707[UE 1 | RB 1] Throughput = 0.76015 Mbps
65817[UE 1 | RB 1] Throughput = 1.20169 Mbps
65917[UE 1 | RB 1] Throughput = 1.31640 Mbps
66027[UE 1 | RB 1] Throughput = 0.76287 Mbps
66127[UE 1 | RB 1] Throughput = 1.43181 Mbps
66237[UE 1 | RB 1] Throughput = 0.54672 Mbps
66347[UE 1 | RB 1] Throughput = 1.41480 Mbps
66447[UE 1 | RB 1] Throughput = 1.07607 Mbps
66556[UE 1 | RB 1] Throughput = 1.09483 Mbps
66657[UE 1 | RB 1] Throughput = 1.07517 Mbps
66768[UE 1 | RB 1] Throughput = 1.07888 Mbps
66877[UE 1 | RB 1] Throughput = 0.98421 Mbps
66987[UE 1 | RB 1] Throughput = 1.09715 Mbps
67087[UE 1 | RB 1] Throughput = 0.83816 Mbps
67197[UE 1 | RB 1] Throughput = 1.20001 Mbps
67297[UE 1 | RB 1] Throughput = 1.07844 Mbps
67397[UE 1 | RB 1] Throughput = 1.19498 Mbps
67507[UE 1 | RB 1] Throughput = 0.97973 Mbps
67607[UE 1 | RB 1] Throughput = 1.07790 Mbps
67707[UE 1 | RB 1] Throughput = 0.95637 Mbps
67817[UE 1 | RB 1] Throughput = 1.31204 Mbps
67927[UE 1 | RB 1] Throughput = 0.87229 Mbps
68037[UE 1 | RB 1] Throughput = 0.87119 Mbps
68137[UE 1 | RB 1] Throughput = 1.31665 Mbps
68247[UE 1 | RB 1] Throughput = 1.09062 Mbps
68357[UE 1 | RB 1] Throughput = 0.87400 Mbps
68457[UE 1 | RB 1] Throughput = 1.42783 Mbps
68567[UE 1 | RB 1] Throughput = 0.65786 Mbps
68676[UE 1 | RB 1] Throughput = 1.41978 Mbps
68777[UE 1 | RB 1] Throughput = 0.95405 Mbps
68877[UE 1 | RB 1] Throughput = 1.07733 Mbps
68979[UE 1 | RB 1] Throughput = 0.94085 Mbps
69087[UE 1 | RB 1] Throughput = 1.32865 Mbps
69187[UE 1 | RB 1] Throughput = 0.95834 Mbps
69297[UE 1 | RB 1] Throughput = 1.19876 Mbps
69407[UE 1 | RB 1] Throughput = 1.09163 Mbps
69508[UE 1 | RB 1] Throughput = 0.71413 Mbps
69608[UE 1 | RB 1] Throughput = 1.07807 Mbps
69708[UE 1 | RB 1] Throughput = 1.43030 Mbps
69816[UE 1 | RB 1] Throughput = 0.66446 Mbps
69917[UE 1 | RB 1] Throughput = 1.30991 Mbps
70017[UE 1 | RB 1] Throughput = 0.71796 Mbps
70127[UE 1 | RB 1] Throughput = 1.31209 Mbps
70228[UE 1 | RB 1] Throughput = 1.18682 Mbps
70337[UE 1 | RB 1] Throughput = 0.65835 Mbps
70447[UE 1 | RB 1] Throughput = 1.52463 Mbps
70557[UE 1 | RB 1] Throughput = 0.87423 Mbps
70657[UE 1 | RB 1] Throughput = 0.83645 Mbps
70757[UE 1 | RB 1] Throughput = 1.31673 Mbps
70857[UE 1 | RB 1] Throughput = 1.31553 Mbps
70967[UE 1 | RB 1] Throughput = 1.09403 Mbps
71077[UE 1 | RB 1] Throughput = 1.08930 Mbps
71177[UE 1 | RB 1] Throughput = 0.95594 Mbps
71287[UE 1 | RB 1] Throughput = 0.87509 Mbps
71387[UE 1 | RB 1] Throughput = 1.19468 Mbps
71497[UE 1 | RB 1] Throughput = 1.19892 Mbps
71598[UE 1 | RB 1] Throughput = 0.71407 Mbps
71707[UE 1 | RB 1] Throughput = 1.20600 Mbps
71807[UE 1 | RB 1] Throughput = 1.31573 Mbps
71917[UE 1 | RB 1] Throughput = 0.65480 Mbps
72017[UE 1 | RB 1] Throughput = 1.31704 Mbps
72127[UE 1 | RB 1] Throughput = 1.09316 Mbps
72227[UE 1 | RB 1] Throughput = 0.71747 Mbps
72337[UE 1 | RB 1] Throughput = 1.30642 Mbps
72437[UE 1 | RB 1] Throughput = 1.07844 Mbps
72547[UE 1 | RB 1] Throughput = 1.19924 Mbps
72648[UE 1 | RB 1] Throughput = 0.94823 Mbps
72757[UE 1 | RB 1] Throughput = 1.31963 Mbps
72857[UE 1 | RB 1] Throughput = 0.83767 Mbps
72967[UE 1 | RB 1] Throughput = 0.76520 Mbps
73067[UE 1 | RB 1] Throughput = 1.31596 Mbps
73167[UE 1 | RB 1] Throughput = 1.31634 Mbps
73278[UE 1 | RB 1] Throughput = 1.07699 Mbps
73387[UE 1 | RB 1] Throughput = 0.77273 Mbps
73487[UE 1 | RB 1] Throughput = 1.31613 Mbps
73597[UE 1 | RB 1] Throughput = 1.19690 Mbps
73707[UE 1 | RB 1] Throughput = 0.65519 Mbps
73807[UE 1 | RB 1] Throughput = 1.31502 Mbps
73918[UE 1 | RB 1] Throughput = 1.19138 Mbps
74027[UE 1 | RB 1] Throughput = 0.65983 Mbps
74127[UE 1 | RB 1] Throughput = 1.43494 Mbps
74227[UE 1 | RB 1] Throughput = 0.71827 Mbps
74327[UE 1 | RB 1] Throughput = 1.19808 Mbps
74428[UE 1 | RB 1] Throughput = 1.19139 Mbps
74537[UE 1 | RB 1] Throughput = 0.98820 Mbps
74637[UE 1 | RB 1] Throughput = 1.19643 Mbps
74737[UE 1 | RB 1] Throughput = 0.71605 Mbps
74847[UE 1 | RB 1] Throughput = 1.31370 Mbps
74957[UE 1 | RB 1] Throughput = 1.08786 Mbps
75067[UE 1 | RB 1] Throughput = 1.19864 Mbps
75168[UE 1 | RB 1] Throughput = 0.71450 Mbps
75277[UE 1 | RB 1] Throughput = 1.20408 Mbps
75388[UE 1 | RB 1] Throughput = 1.19128 Mbps
75497[UE 1 | RB 1] Throughput = 0.98761 Mbps
75597[UE 1 | RB 1] Throughput = 0.95705 Mbps
75707[UE 1 | RB 1] Throughput = 0.76417 Mbps
75808[UE 1 | RB 1] Throughput = 1.65900 Mbps
75917[UE 1 | RB 1] Throughput = 0.54820 Mbps
76027[UE 1 | RB 1] Throughput = 1.63571 Mbps
76138[UE 1 | RB 1] Throughput = 0.64992 Mbps
76248[UE 1 | RB 1] Throughput = 1.20210 Mbps
76357[UE 1 | RB 1] Throughput = 1.31631 Mbps
76457[UE 1 | RB 1] Throughput = 0.95840 Mbps
76557[UE 1 | RB 1] Throughput = 0.83770 Mbps
76657[UE 1 | RB 1] Throughput = 1.07597 Mbps
76767[UE 1 | RB 1] Throughput = 1.30951 Mbps
76877[UE 1 | RB 1] Throughput = 1.08883 Mbps
76987[UE 1 | RB 1] Throughput = 1.19498 Mbps
77098[UE 1 | RB 1] Throughput = 0.75610 Mbps
77199[UE 1 | RB 1] Throughput = 1.19351 Mbps
77308[UE 1 | RB 1] Throughput = 1.20505 Mbps
77417[UE 1 | RB 1] Throughput = 0.66120 Mbps
77518[UE 1 | RB 1] Throughput = 1.30347 Mbps
77627[UE 1 | RB 1] Throughput = 1.09663 Mbps
77737[UE 1 | RB 1] Throughput = 1.19977 Mbps
77847[UE 1 | RB 1] Throughput = 1.09469 Mbps
77947[UE 1 | RB 1] Throughput = 0.83580 Mbps
78047[UE 1 | RB 1] Throughput = 1.31460 Mbps
78157[UE 1 | RB 1] Throughput = 0.76504 Mbps
78257[UE 1 | RB 1] Throughput = 0.71872 Mbps
78367[UE 1 | RB 1] Throughput = 1.52568 Mbps
78477[UE 1 | RB 1] Throughput = 1.30669 Mbps
78587[UE 1 | RB 1] Throughput = 0.65407 Mbps
78687[UE 1 | RB 1] Throughput = 1.19635 Mbps
78798[UE 1 | RB 1] Throughput = 1.30118 Mbps
78907[UE 1 | RB 1] Throughput = 0.76780 Mbps
79007[UE 1 | RB 1] Throughput = 1.43256 Mbps
79108[UE 1 | RB 1] Throughput = 0.71796 Mbps
79217[UE 1 | RB 1] Throughput = 1.19873 Mbps
79318[UE 1 | RB 1] Throughput = 1.07799 Mbps
79427[UE 1 | RB 1] Throughput = 0.98432 Mbps
79527[UE 1 | RB 1] Throughput = 0.71798 Mbps
79637[UE 1 | RB 1] Throughput = 1.41813 Mbps
79738[UE 1 | RB 1] Throughput = 1.31250 Mbps
79847[UE 1 | RB 1] Throughput = 0.54717 Mbps
79947[UE 1 | RB 1] Throughput = 1.43242 Mbps
80057[UE 1 | RB 1] Throughput = 1.20255 Mbps
80157[UE 1 | RB 1] Throughput = 0.83693 Mbps
80267[UE 1 | RB 1] Throughput = 1.31098 Mbps
80367[UE 1 | RB 1] Throughput = 0.71728 Mbps
80477[UE 1 | RB 1] Throughput = 1.19830 Mbps
80578[UE 1 | RB 1] Throughput = 1.19252 Mbps
80687[UE 1 | RB 1] Throughput = 1.09284 Mbps
80797[UE 1 | RB 1] Throughput = 1.20003 Mbps
80907[UE 1 | RB 1] Throughput = 0.54447 Mbps
81017[UE 1 | RB 1] Throughput = 1.30911 Mbps
81118[UE 1 | RB 1] Throughput = 1.31244 Mbps
81227[UE 1 | RB 1] Throughput = 1.09044 Mbps
81337[UE 1 | RB 1] Throughput = 0.87285 Mbps
81448[UE 1 | RB 1] Throughput = 1.08542 Mbps
81557[UE 1 | RB 1] Throughput = 1.20510 Mbps
81657[UE 1 | RB 1] Throughput = 0.71676 Mbps
81768[UE 1 | RB 1] Throughput = 1.19731 Mbps
81877[UE 1 | RB 1] Throughput = 1.30962 Mbps
81977[UE 1 | RB 1] Throughput = 0.71880 Mbps
82078[UE 1 | RB 1] Throughput = 1.31600 Mbps
82187[UE 1 | RB 1] Throughput = 1.20257 Mbps
82288[UE 1 | RB 1] Throughput = 0.71429 Mbps
82398[UE 1 | RB 1] Throughput = 1.30758 Mbps
82507[UE 1 | RB 1] Throughput = 0.65856 Mbps
82607[UE 1 | RB 1] Throughput = 1.43392 Mbps
82708[UE 1 | RB 1] Throughput = 0.71690 Mbps
82818[UE 1 | RB 1] Throughput = 1.09041 Mbps
82918[UE 1 | RB 1] Throughput = 1.31375 Mbps
83028[UE 1 | RB 1] Throughput = 1.30801 Mbps
83137[UE 1 | RB 1] Throughput = 0.65593 Mbps
83238[UE 1 | RB 1] Throughput = 1.31394 Mbps
83338[UE 1 | RB 1] Throughput = 0.59756 Mbps
83447[UE 1 | RB 1] Throughput = 1.20872 Mbps
83547[UE 1 | RB 1] Throughput = 1.19395 Mbps
83658[UE 1 | RB 1] Throughput = 1.08508 Mbps
83767[UE 1 | RB 1] Throughput = 1.20471 Mbps
83877[UE 1 | RB 1] Throughput = 0.98060 Mbps
83977[UE 1 | RB 1] Throughput = 0.95700 Mbps
84078[UE 1 | RB 1] Throughput = 1.43401 Mbps
84188[UE 1 | RB 1] Throughput = 0.65488 Mbps
84288[UE 1 | RB 1] Throughput = 1.43164 Mbps
84398[UE 1 | RB 1] Throughput = 0.65576 Mbps
84508[UE 1 | RB 1] Throughput = 1.30917 Mbps
84617[UE 1 | RB 1] Throughput = 1.20192 Mbps
84718[UE 1 | RB 1] Throughput = 0.71541 Mbps
84828[UE 1 | RB 1] Throughput = 0.76383 Mbps
84937[UE 1 | RB 1] Throughput = 1.74508 Mbps
85037[UE 1 | RB 1] Throughput = 0.59916 Mbps
85138[UE 1 | RB 1] Throughput = 1.31407 Mbps
85248[UE 1 | RB 1] Throughput = 1.19946 Mbps
85357[UE 1 | RB 1] Throughput = 1.09294 Mbps
85457[UE 1 | RB 1] Throughput = 1.07820 Mbps
85558[UE 1 | RB 1] Throughput = 0.83518 Mbps
85668[UE 1 | RB 1] Throughput = 1.19744 Mbps
85777[UE 1 | RB 1] Throughput = 1.09398 Mbps
85888[UE 1 | RB 1] Throughput = 0.86843 Mbps
85997[UE 1 | RB 1] Throughput = 1.20186 Mbps
86098[UE 1 | RB 1] Throughput = 0.95481 Mbps
86208[UE 1 | RB 1] Throughput = 1.30826 Mbps
86317[UE 1 | RB 1] Throughput = 0.65546 Mbps
86418[UE 1 | RB 1] Throughput = 1.43252 Mbps
86528[UE 1 | RB 1] Throughput = 0.65349 Mbps
86638[UE 1 | RB 1] Throughput = 1.19902 Mbps
86738[UE 1 | RB 1] Throughput = 1.43755 Mbps
86848[UE 1 | RB 1] Throughput = 0.65274 Mbps
86958[UE 1 | RB 1] Throughput = 1.31014 Mbps
87068[UE 1 | RB 1] Throughput = 1.30359 Mbps
87177[UE 1 | RB 1] Throughput = 0.65815 Mbps
87278[UE 1 | RB 1] Throughput = 1.43364 Mbps
87388[UE 1 | RB 1] Throughput = 1.30611 Mbps
87488[UE 1 | RB 1] Throughput = 0.71714 Mbps
87598[UE 1 | RB 1] Throughput = 1.19989 Mbps
87698[UE 1 | RB 1] Throughput = 1.19718 Mbps
87807[UE 1 | RB 1] Throughput = 0.87630 Mbps
87908[UE 1 | RB 1] Throughput = 0.95607 Mbps
88008[UE 1 | RB 1] Throughput = 1.43633 Mbps
88117[UE 1 | RB 1] Throughput = 0.87462 Mbps
88228[UE 1 | RB 1] Throughput = 1.19154 Mbps
88338[UE 1 | RB 1] Throughput = 1.09054 Mbps
88438[UE 1 | RB 1] Throughput = 0.71864 Mbps
88550[UE 1 | RB 1] Throughput = 1.18085 Mbps
88658[UE 1 | RB 1] Throughput = 1.10446 Mbps
88768[UE 1 | RB 1] Throughput = 1.19746 Mbps
88878[UE 1 | RB 1] Throughput = 1.09237 Mbps
88988[UE 1 | RB 1] Throughput = 0.76385 Mbps
89088[UE 1 | RB 1] Throughput = 1.43573 Mbps
89188[UE 1 | RB 1] Throughput = 0.59847 Mbps
89298[UE 1 | RB 1] Throughput = 1.20320 Mbps
89398[UE 1 | RB 1] Throughput = 1.31520 Mbps
89508[UE 1 | RB 1] Throughput = 0.87106 Mbps
89618[UE 1 | RB 1] Throughput = 0.98289 Mbps
89718[UE 1 | RB 1] Throughput = 1.07654 Mbps
89828[UE 1 | RB 1] Throughput = 0.97867 Mbps
89929[UE 1 | RB 1] Throughput = 1.18724 Mbps
[xApp]: E42 RIC_SUBSCRIPTION_DELETE_REQUEST tx RAN_FUNC_ID 144 RIC_REQ_ID 1 
[xApp]: E42 SUBSCRIPTION DELETE RESPONSE rx
[xApp]: E42 RIC_SUBSCRIPTION_DELETE_REQUEST tx RAN_FUNC_ID 144 RIC_REQ_ID 2 
[xApp]: E42 SUBSCRIPTION DELETE RESPONSE rx
[xApp]: E42 RIC_SUBSCRIPTION_DELETE_REQUEST tx RAN_FUNC_ID 144 RIC_REQ_ID 3 
[xApp]: E42 SUBSCRIPTION DELETE RESPONSE rx
[xApp]: Sucessfully stopped 
Test xApp run SUCCESSFULLY
