[UTIL]: Setting the config -c file to /usr/local/etc/flexric/flexric.conf
[UTIL]: Setting path -p for the shared libraries to /usr/local/lib/flexric/
[xAapp]: Initializing ... 
[xApp]: nearRT-RIC IP Address = 192.168.70.150, PORT = 36422
[E2 AGENT]: Opening plugin from path = /usr/local/lib/flexric/libkpm_sm.so 
[E2 AGENT]: Opening plugin from path = /usr/local/lib/flexric/libmac_sm.so 
[E2 AGENT]: Opening plugin from path = /usr/local/lib/flexric/libpdcp_sm.so 
[E2 AGENT]: Opening plugin from path = /usr/local/lib/flexric/libgtp_sm.so 
[E2 AGENT]: Opening plugin from path = /usr/local/lib/flexric/librc_sm.so 
[E2 AGENT]: Opening plugin from path = /usr/local/lib/flexric/libtc_sm.so 
[E2 AGENT]: Opening plugin from path = /usr/local/lib/flexric/librlc_sm.so 
[E2 AGENT]: Opening plugin from path = /usr/local/lib/flexric/libslice_sm.so 
[NEAR-RIC]: Loading SM ID = 2 with def = ORAN-E2SM-KPM 
[NEAR-RIC]: Loading SM ID = 142 with def = MAC_STATS_V0 
[NEAR-RIC]: Loading SM ID = 144 with def = PDCP_STATS_V0 
[NEAR-RIC]: Loading SM ID = 148 with def = GTP_STATS_V0 
[NEAR-RIC]: Loading SM ID = 3 with def = ORAN-E2SM-RC 
[NEAR-RIC]: Loading SM ID = 146 with def = TC_STATS_V0 
[NEAR-RIC]: Loading SM ID = 143 with def = RLC_STATS_V0 
[NEAR-RIC]: Loading SM ID = 145 with def = SLICE_STATS_V0 
[xApp]: DB filename = /tmp/flexric/xapp_db 
 [xApp]: E42 SETUP-REQUEST tx
[xApp]: E42 SETUP-RESPONSE rx 
[xApp]: xApp ID = 18 
[xApp]: Registered E2 Nodes = 3 
Connected E2 nodes = 3
[xAPP] Registered node 0 ran func id = 2 
 [xAPP] Registered node 0 ran func id = 3 
 [xAPP] Registered node 0 ran func id = 142 
 [xAPP] Registered node 0 ran func id = 143 
 [xAPP] Registered node 0 ran func id = 144 
 [xAPP] Registered node 0 ran func id = 145 
 [xAPP] Registered node 0 ran func id = 146 
 [xAPP] Registered node 0 ran func id = 148 
 [xApp]: E42 RIC SUBSCRIPTION REQUEST tx RAN_FUNC_ID 144 RIC_REQ_ID 1 
[xApp]: SUBSCRIPTION RESPONSE rx
[xApp]: Successfully subscribed to RAN_FUNC_ID 144 
[xAPP] Registered node 1 ran func id = 2 
 [xAPP] Registered node 1 ran func id = 3 
 [xAPP] Registered node 1 ran func id = 142 
 [xAPP] Registered node 1 ran func id = 143 
 [xAPP] Registered node 1 ran func id = 144 
 [xAPP] Registered node 1 ran func id = 145 
 [xAPP] Registered node 1 ran func id = 146 
 [xAPP] Registered node 1 ran func id = 148 
 [xApp]: E42 RIC SUBSCRIPTION REQUEST tx RAN_FUNC_ID 144 RIC_REQ_ID 2 
[xApp]: SUBSCRIPTION RESPONSE rx
[xApp]: Successfully subscribed to RAN_FUNC_ID 144 
[xAPP] Registered node 2 ran func id = 2 
 [xAPP] Registered node 2 ran func id = 3 
 [xAPP] Registered node 2 ran func id = 142 
 [xAPP] Registered node 2 ran func id = 143 
 [xAPP] Registered node 2 ran func id = 144 
 [xAPP] Registered node 2 ran func id = 145 
 [xAPP] Registered node 2 ran func id = 146 
 [xAPP] Registered node 2 ran func id = 148 
 [xApp]: E42 RIC SUBSCRIPTION REQUEST tx RAN_FUNC_ID 144 RIC_REQ_ID 3 
[xApp]: SUBSCRIPTION RESPONSE rx
[xApp]: Successfully subscribed to RAN_FUNC_ID 144 
113[UE 1 | RB 1] Throughput = 0.71895 Mbps
213[UE 1 | RB 1] Throughput = 1.43637 Mbps
323[UE 1 | RB 1] Throughput = 1.08575 Mbps
433[UE 1 | RB 1] Throughput = 0.76590 Mbps
543[UE 1 | RB 1] Throughput = 1.30829 Mbps
652[UE 1 | RB 1] Throughput = 0.87439 Mbps
753[UE 1 | RB 1] Throughput = 1.19707 Mbps
863[UE 1 | RB 1] Throughput = 1.08448 Mbps
973[UE 1 | RB 1] Throughput = 1.20419 Mbps
1073[UE 1 | RB 1] Throughput = 0.83710 Mbps
1173[UE 1 | RB 1] Throughput = 1.19700 Mbps
1273[UE 1 | RB 1] Throughput = 0.71787 Mbps
1383[UE 1 | RB 1] Throughput = 1.30347 Mbps
1493[UE 1 | RB 1] Throughput = 1.09500 Mbps
1603[UE 1 | RB 1] Throughput = 0.86850 Mbps
1713[UE 1 | RB 1] Throughput = 1.20626 Mbps
1815[UE 1 | RB 1] Throughput = 1.40490 Mbps
1923[UE 1 | RB 1] Throughput = 0.66639 Mbps
2033[UE 1 | RB 1] Throughput = 1.30994 Mbps
2133[UE 1 | RB 1] Throughput = 0.59857 Mbps
2233[UE 1 | RB 1] Throughput = 1.31652 Mbps
2333[UE 1 | RB 1] Throughput = 1.31507 Mbps
2443[UE 1 | RB 1] Throughput = 0.97883 Mbps
2553[UE 1 | RB 1] Throughput = 1.09025 Mbps
2663[UE 1 | RB 1] Throughput = 1.19775 Mbps
2773[UE 1 | RB 1] Throughput = 0.65448 Mbps
2883[UE 1 | RB 1] Throughput = 1.19941 Mbps
2993[UE 1 | RB 1] Throughput = 1.20246 Mbps
3093[UE 1 | RB 1] Throughput = 0.71729 Mbps
3193[UE 1 | RB 1] Throughput = 1.31159 Mbps
3303[UE 1 | RB 1] Throughput = 1.09081 Mbps
3403[UE 1 | RB 1] Throughput = 0.11954 Mbps
3513[UE 1 | RB 1] Throughput = 2.08095 Mbps
3613[UE 1 | RB 1] Throughput = 0.83839 Mbps
3723[UE 1 | RB 1] Throughput = 1.30549 Mbps
3833[UE 1 | RB 1] Throughput = 0.65356 Mbps
3933[UE 1 | RB 1] Throughput = 1.31675 Mbps
4043[UE 1 | RB 1] Throughput = 0.97950 Mbps
4153[UE 1 | RB 1] Throughput = 0.98217 Mbps
4254[UE 1 | RB 1] Throughput = 1.30786 Mbps
4363[UE 1 | RB 1] Throughput = 1.31590 Mbps
4473[UE 1 | RB 1] Throughput = 0.65773 Mbps
4573[UE 1 | RB 1] Throughput = 1.31554 Mbps
4673[UE 1 | RB 1] Throughput = 1.31222 Mbps
4783[UE 1 | RB 1] Throughput = 0.65655 Mbps
4893[UE 1 | RB 1] Throughput = 1.19820 Mbps
4993[UE 1 | RB 1] Throughput = 0.71778 Mbps
5103[UE 1 | RB 1] Throughput = 1.41516 Mbps
5203[UE 1 | RB 1] Throughput = 0.71902 Mbps
5313[UE 1 | RB 1] Throughput = 1.31221 Mbps
5413[UE 1 | RB 1] Throughput = 0.71531 Mbps
5513[UE 1 | RB 1] Throughput = 1.55731 Mbps
5623[UE 1 | RB 1] Throughput = 1.09072 Mbps
5733[UE 1 | RB 1] Throughput = 1.09323 Mbps
5833[UE 1 | RB 1] Throughput = 0.71612 Mbps
5933[UE 1 | RB 1] Throughput = 1.19581 Mbps
6043[UE 1 | RB 1] Throughput = 1.19725 Mbps
6144[UE 1 | RB 1] Throughput = 1.19674 Mbps
6253[UE 1 | RB 1] Throughput = 1.09929 Mbps
6353[UE 1 | RB 1] Throughput = 0.83579 Mbps
6453[UE 1 | RB 1] Throughput = 1.31715 Mbps
6563[UE 1 | RB 1] Throughput = 1.08467 Mbps
6673[UE 1 | RB 1] Throughput = 0.65536 Mbps
6783[UE 1 | RB 1] Throughput = 1.20047 Mbps
6893[UE 1 | RB 1] Throughput = 1.19569 Mbps
7003[UE 1 | RB 1] Throughput = 1.19821 Mbps
7113[UE 1 | RB 1] Throughput = 0.98374 Mbps
7213[UE 1 | RB 1] Throughput = 0.95851 Mbps
7323[UE 1 | RB 1] Throughput = 1.19551 Mbps
7433[UE 1 | RB 1] Throughput = 0.76378 Mbps
7533[UE 1 | RB 1] Throughput = 1.31445 Mbps
7643[UE 1 | RB 1] Throughput = 1.08879 Mbps
7744[UE 1 | RB 1] Throughput = 0.95180 Mbps
7844[UE 1 | RB 1] Throughput = 1.31655 Mbps
7953[UE 1 | RB 1] Throughput = 0.77036 Mbps
8054[UE 1 | RB 1] Throughput = 1.19265 Mbps
8164[UE 1 | RB 1] Throughput = 1.19946 Mbps
8273[UE 1 | RB 1] Throughput = 0.98315 Mbps
8373[UE 1 | RB 1] Throughput = 0.83888 Mbps
8474[UE 1 | RB 1] Throughput = 1.30869 Mbps
8584[UE 1 | RB 1] Throughput = 1.09370 Mbps
8693[UE 1 | RB 1] Throughput = 0.76629 Mbps
8793[UE 1 | RB 1] Throughput = 1.31392 Mbps
8904[UE 1 | RB 1] Throughput = 1.08338 Mbps
9013[UE 1 | RB 1] Throughput = 1.09441 Mbps
9123[UE 1 | RB 1] Throughput = 0.98134 Mbps
9223[UE 1 | RB 1] Throughput = 0.83792 Mbps
9334[UE 1 | RB 1] Throughput = 1.30607 Mbps
9443[UE 1 | RB 1] Throughput = 1.30880 Mbps
9553[UE 1 | RB 1] Throughput = 0.65591 Mbps
9653[UE 1 | RB 1] Throughput = 1.31628 Mbps
9753[UE 1 | RB 1] Throughput = 0.83683 Mbps
9854[UE 1 | RB 1] Throughput = 1.19751 Mbps
9963[UE 1 | RB 1] Throughput = 1.31268 Mbps
10063[UE 1 | RB 1] Throughput = 0.71831 Mbps
10164[UE 1 | RB 1] Throughput = 1.18816 Mbps
10273[UE 1 | RB 1] Throughput = 1.09641 Mbps
10374[UE 1 | RB 1] Throughput = 1.18592 Mbps
10484[UE 1 | RB 1] Throughput = 0.76870 Mbps
10584[UE 1 | RB 1] Throughput = 1.31355 Mbps
10693[UE 1 | RB 1] Throughput = 1.20348 Mbps
10794[UE 1 | RB 1] Throughput = 0.71800 Mbps
10904[UE 1 | RB 1] Throughput = 1.30602 Mbps
11013[UE 1 | RB 1] Throughput = 0.76580 Mbps
11114[UE 1 | RB 1] Throughput = 1.31409 Mbps
11223[UE 1 | RB 1] Throughput = 1.20005 Mbps
11323[UE 1 | RB 1] Throughput = 0.83867 Mbps
11434[UE 1 | RB 1] Throughput = 1.19734 Mbps
11544[UE 1 | RB 1] Throughput = 1.19845 Mbps
11653[UE 1 | RB 1] Throughput = 0.87466 Mbps
11753[UE 1 | RB 1] Throughput = 0.95638 Mbps
11854[UE 1 | RB 1] Throughput = 0.95658 Mbps
11963[UE 1 | RB 1] Throughput = 1.20006 Mbps
12073[UE 1 | RB 1] Throughput = 1.20307 Mbps
12173[UE 1 | RB 1] Throughput = 0.95707 Mbps
12273[UE 1 | RB 1] Throughput = 1.07770 Mbps
12374[UE 1 | RB 1] Throughput = 1.07263 Mbps
12483[UE 1 | RB 1] Throughput = 0.87446 Mbps
12584[UE 1 | RB 1] Throughput = 1.19621 Mbps
12693[UE 1 | RB 1] Throughput = 1.09203 Mbps
12803[UE 1 | RB 1] Throughput = 1.30710 Mbps
12913[UE 1 | RB 1] Throughput = 1.09293 Mbps
13013[UE 1 | RB 1] Throughput = 0.71621 Mbps
13114[UE 1 | RB 1] Throughput = 1.43144 Mbps
13224[UE 1 | RB 1] Throughput = 0.65564 Mbps
13325[UE 1 | RB 1] Throughput = 1.06891 Mbps
13433[UE 1 | RB 1] Throughput = 1.32485 Mbps
13534[UE 1 | RB 1] Throughput = 0.83507 Mbps
13643[UE 1 | RB 1] Throughput = 1.09015 Mbps
13744[UE 1 | RB 1] Throughput = 1.42973 Mbps
13853[UE 1 | RB 1] Throughput = 0.65916 Mbps
13953[UE 1 | RB 1] Throughput = 1.19786 Mbps
14053[UE 1 | RB 1] Throughput = 1.19823 Mbps
14154[UE 1 | RB 1] Throughput = 1.07365 Mbps
14264[UE 1 | RB 1] Throughput = 1.19945 Mbps
14374[UE 1 | RB 1] Throughput = 0.98044 Mbps
14474[UE 1 | RB 1] Throughput = 0.83670 Mbps
14584[UE 1 | RB 1] Throughput = 1.09192 Mbps
14694[UE 1 | RB 1] Throughput = 1.08468 Mbps
14795[UE 1 | RB 1] Throughput = 1.30808 Mbps
14903[UE 1 | RB 1] Throughput = 0.77279 Mbps
15013[UE 1 | RB 1] Throughput = 1.30764 Mbps
15113[UE 1 | RB 1] Throughput = 1.07768 Mbps
15214[UE 1 | RB 1] Throughput = 1.07680 Mbps
15314[UE 1 | RB 1] Throughput = 1.19812 Mbps
15414[UE 1 | RB 1] Throughput = 0.83544 Mbps
15524[UE 1 | RB 1] Throughput = 1.09145 Mbps
15634[UE 1 | RB 1] Throughput = 1.30958 Mbps
15734[UE 1 | RB 1] Throughput = 0.59868 Mbps
15844[UE 1 | RB 1] Throughput = 1.30773 Mbps
15955[UE 1 | RB 1] Throughput = 1.08095 Mbps
16064[UE 1 | RB 1] Throughput = 1.09950 Mbps
16164[UE 1 | RB 1] Throughput = 0.83816 Mbps
16264[UE 1 | RB 1] Throughput = 1.19838 Mbps
16364[UE 1 | RB 1] Throughput = 1.31686 Mbps
16464[UE 1 | RB 1] Throughput = 0.71526 Mbps
16574[UE 1 | RB 1] Throughput = 1.09579 Mbps
16684[UE 1 | RB 1] Throughput = 1.09051 Mbps
16784[UE 1 | RB 1] Throughput = 1.31380 Mbps
16884[UE 1 | RB 1] Throughput = 0.59890 Mbps
16994[UE 1 | RB 1] Throughput = 1.09077 Mbps
17104[UE 1 | RB 1] Throughput = 1.19881 Mbps
17204[UE 1 | RB 1] Throughput = 1.43776 Mbps
17314[UE 1 | RB 1] Throughput = 0.65217 Mbps
17423[UE 1 | RB 1] Throughput = 1.31376 Mbps
17524[UE 1 | RB 1] Throughput = 1.19179 Mbps
17634[UE 1 | RB 1] Throughput = 0.76378 Mbps
17743[UE 1 | RB 1] Throughput = 0.98532 Mbps
17844[UE 1 | RB 1] Throughput = 1.43401 Mbps
17944[UE 1 | RB 1] Throughput = 0.71725 Mbps
18044[UE 1 | RB 1] Throughput = 1.31349 Mbps
18154[UE 1 | RB 1] Throughput = 1.19930 Mbps
18254[UE 1 | RB 1] Throughput = 0.71822 Mbps
18364[UE 1 | RB 1] Throughput = 1.30817 Mbps
18474[UE 1 | RB 1] Throughput = 1.20148 Mbps
18574[UE 1 | RB 1] Throughput = 0.83880 Mbps
18674[UE 1 | RB 1] Throughput = 0.71658 Mbps
18784[UE 1 | RB 1] Throughput = 1.30908 Mbps
18884[UE 1 | RB 1] Throughput = 1.43583 Mbps
18994[UE 1 | RB 1] Throughput = 0.65733 Mbps
19103[UE 1 | RB 1] Throughput = 1.41937 Mbps
19204[UE 1 | RB 1] Throughput = 0.71785 Mbps
19314[UE 1 | RB 1] Throughput = 1.30825 Mbps
19414[UE 1 | RB 1] Throughput = 0.71878 Mbps
19514[UE 1 | RB 1] Throughput = 1.43256 Mbps
19624[UE 1 | RB 1] Throughput = 0.65267 Mbps
19734[UE 1 | RB 1] Throughput = 1.20009 Mbps
19844[UE 1 | RB 1] Throughput = 1.31147 Mbps
19944[UE 1 | RB 1] Throughput = 0.71903 Mbps
20054[UE 1 | RB 1] Throughput = 1.30463 Mbps
20154[UE 1 | RB 1] Throughput = 0.71840 Mbps
20254[UE 1 | RB 1] Throughput = 1.31807 Mbps
20354[UE 1 | RB 1] Throughput = 1.43455 Mbps
20454[UE 1 | RB 1] Throughput = 0.71892 Mbps
20554[UE 1 | RB 1] Throughput = 1.07799 Mbps
20664[UE 1 | RB 1] Throughput = 1.20175 Mbps
20764[UE 1 | RB 1] Throughput = 0.71698 Mbps
20864[UE 1 | RB 1] Throughput = 0.59864 Mbps
20974[UE 1 | RB 1] Throughput = 1.75050 Mbps
21074[UE 1 | RB 1] Throughput = 0.95279 Mbps
21184[UE 1 | RB 1] Throughput = 1.20098 Mbps
21294[UE 1 | RB 1] Throughput = 1.09365 Mbps
21394[UE 1 | RB 1] Throughput = 0.71700 Mbps
21494[UE 1 | RB 1] Throughput = 1.43748 Mbps
21604[UE 1 | RB 1] Throughput = 1.20170 Mbps
21704[UE 1 | RB 1] Throughput = 0.83392 Mbps
21804[UE 1 | RB 1] Throughput = 1.19785 Mbps
21915[UE 1 | RB 1] Throughput = 1.19652 Mbps
22024[UE 1 | RB 1] Throughput = 0.65587 Mbps
22124[UE 1 | RB 1] Throughput = 1.19804 Mbps
22234[UE 1 | RB 1] Throughput = 1.09326 Mbps
22344[UE 1 | RB 1] Throughput = 1.08847 Mbps
22445[UE 1 | RB 1] Throughput = 1.18107 Mbps
22554[UE 1 | RB 1] Throughput = 1.10178 Mbps
22664[UE 1 | RB 1] Throughput = 0.76303 Mbps
22765[UE 1 | RB 1] Throughput = 1.19382 Mbps
22874[UE 1 | RB 1] Throughput = 1.20251 Mbps
22984[UE 1 | RB 1] Throughput = 1.08886 Mbps
23084[UE 1 | RB 1] Throughput = 1.07626 Mbps
23184[UE 1 | RB 1] Throughput = 1.19839 Mbps
23294[UE 1 | RB 1] Throughput = 0.98389 Mbps
23394[UE 1 | RB 1] Throughput = 1.07820 Mbps
23504[UE 1 | RB 1] Throughput = 0.86933 Mbps
23614[UE 1 | RB 1] Throughput = 1.20174 Mbps
23724[UE 1 | RB 1] Throughput = 0.87037 Mbps
23834[UE 1 | RB 1] Throughput = 1.30718 Mbps
23944[UE 1 | RB 1] Throughput = 1.09206 Mbps
24044[UE 1 | RB 1] Throughput = 1.07778 Mbps
24144[UE 1 | RB 1] Throughput = 0.83827 Mbps
24254[UE 1 | RB 1] Throughput = 1.19937 Mbps
24364[UE 1 | RB 1] Throughput = 0.98123 Mbps
24474[UE 1 | RB 1] Throughput = 1.19344 Mbps
24584[UE 1 | RB 1] Throughput = 0.98783 Mbps
24685[UE 1 | RB 1] Throughput = 1.18565 Mbps
24794[UE 1 | RB 1] Throughput = 0.98433 Mbps
24894[UE 1 | RB 1] Throughput = 1.31778 Mbps
24995[UE 1 | RB 1] Throughput = 0.59770 Mbps
25105[UE 1 | RB 1] Throughput = 1.30155 Mbps
25214[UE 1 | RB 1] Throughput = 0.76924 Mbps
25314[UE 1 | RB 1] Throughput = 1.31524 Mbps
25414[UE 1 | RB 1] Throughput = 1.07707 Mbps
25524[UE 1 | RB 1] Throughput = 1.09140 Mbps
25634[UE 1 | RB 1] Throughput = 0.87038 Mbps
25744[UE 1 | RB 1] Throughput = 1.20041 Mbps
25854[UE 1 | RB 1] Throughput = 1.08910 Mbps
25964[UE 1 | RB 1] Throughput = 0.87194 Mbps
26074[UE 1 | RB 1] Throughput = 1.08807 Mbps
26184[UE 1 | RB 1] Throughput = 1.31197 Mbps
26284[UE 1 | RB 1] Throughput = 1.07465 Mbps
26394[UE 1 | RB 1] Throughput = 1.20257 Mbps
26494[UE 1 | RB 1] Throughput = 0.71615 Mbps
26604[UE 1 | RB 1] Throughput = 1.41717 Mbps
26714[UE 1 | RB 1] Throughput = 0.97899 Mbps
26824[UE 1 | RB 1] Throughput = 0.76447 Mbps
26934[UE 1 | RB 1] Throughput = 1.30966 Mbps
27044[UE 1 | RB 1] Throughput = 1.09092 Mbps
27144[UE 1 | RB 1] Throughput = 1.19432 Mbps
27244[UE 1 | RB 1] Throughput = 0.71829 Mbps
27345[UE 1 | RB 1] Throughput = 1.43455 Mbps
27454[UE 1 | RB 1] Throughput = 0.54640 Mbps
27554[UE 1 | RB 1] Throughput = 1.43736 Mbps
27654[UE 1 | RB 1] Throughput = 1.31609 Mbps
27764[UE 1 | RB 1] Throughput = 0.54463 Mbps
27865[UE 1 | RB 1] Throughput = 1.31619 Mbps
27974[UE 1 | RB 1] Throughput = 1.20427 Mbps
28074[UE 1 | RB 1] Throughput = 0.95717 Mbps
28185[UE 1 | RB 1] Throughput = 0.86885 Mbps
28294[UE 1 | RB 1] Throughput = 1.09196 Mbps
28405[UE 1 | RB 1] Throughput = 1.30112 Mbps
28505[UE 1 | RB 1] Throughput = 1.07732 Mbps
28615[UE 1 | RB 1] Throughput = 1.19775 Mbps
28725[UE 1 | RB 1] Throughput = 0.54705 Mbps
28834[UE 1 | RB 1] Throughput = 1.31370 Mbps
28934[UE 1 | RB 1] Throughput = 1.43477 Mbps
29034[UE 1 | RB 1] Throughput = 0.59878 Mbps
29134[UE 1 | RB 1] Throughput = 1.43792 Mbps
29244[UE 1 | RB 1] Throughput = 0.65583 Mbps
29344[UE 1 | RB 1] Throughput = 1.43117 Mbps
29454[UE 1 | RB 1] Throughput = 1.09226 Mbps
29555[UE 1 | RB 1] Throughput = 0.71675 Mbps
29655[UE 1 | RB 1] Throughput = 1.31798 Mbps
29755[UE 1 | RB 1] Throughput = 0.71891 Mbps
29864[UE 1 | RB 1] Throughput = 1.19987 Mbps
29964[UE 1 | RB 1] Throughput = 1.31795 Mbps
30075[UE 1 | RB 1] Throughput = 1.19461 Mbps
30184[UE 1 | RB 1] Throughput = 0.76674 Mbps
30294[UE 1 | RB 1] Throughput = 1.08699 Mbps
30404[UE 1 | RB 1] Throughput = 1.20024 Mbps
30514[UE 1 | RB 1] Throughput = 1.08896 Mbps
30624[UE 1 | RB 1] Throughput = 1.19687 Mbps
30725[UE 1 | RB 1] Throughput = 0.83777 Mbps
30835[UE 1 | RB 1] Throughput = 0.98119 Mbps
30936[UE 1 | RB 1] Throughput = 1.29591 Mbps
31044[UE 1 | RB 1] Throughput = 0.66622 Mbps
31144[UE 1 | RB 1] Throughput = 1.19737 Mbps
31245[UE 1 | RB 1] Throughput = 1.43415 Mbps
31354[UE 1 | RB 1] Throughput = 0.65480 Mbps
31464[UE 1 | RB 1] Throughput = 1.30557 Mbps
31574[UE 1 | RB 1] Throughput = 1.20292 Mbps
31674[UE 1 | RB 1] Throughput = 0.71750 Mbps
31775[UE 1 | RB 1] Throughput = 1.19025 Mbps
31884[UE 1 | RB 1] Throughput = 1.31317 Mbps
31985[UE 1 | RB 1] Throughput = 0.71698 Mbps
32094[UE 1 | RB 1] Throughput = 1.20277 Mbps
32195[UE 1 | RB 1] Throughput = 0.71785 Mbps
32295[UE 1 | RB 1] Throughput = 1.43593 Mbps
32404[UE 1 | RB 1] Throughput = 1.31187 Mbps
32505[UE 1 | RB 1] Throughput = 0.71700 Mbps
32614[UE 1 | RB 1] Throughput = 1.20069 Mbps
32715[UE 1 | RB 1] Throughput = 1.31381 Mbps
32825[UE 1 | RB 1] Throughput = 0.65310 Mbps
32934[UE 1 | RB 1] Throughput = 1.09413 Mbps
33044[UE 1 | RB 1] Throughput = 1.19693 Mbps
33145[UE 1 | RB 1] Throughput = 0.71556 Mbps
33255[UE 1 | RB 1] Throughput = 1.41860 Mbps
33365[UE 1 | RB 1] Throughput = 0.87356 Mbps
33465[UE 1 | RB 1] Throughput = 1.19300 Mbps
33565[UE 1 | RB 1] Throughput = 1.31667 Mbps
33675[UE 1 | RB 1] Throughput = 0.98474 Mbps
33784[UE 1 | RB 1] Throughput = 0.98421 Mbps
33885[UE 1 | RB 1] Throughput = 1.07536 Mbps
33985[UE 1 | RB 1] Throughput = 0.95283 Mbps
34094[UE 1 | RB 1] Throughput = 0.98865 Mbps
34195[UE 1 | RB 1] Throughput = 1.43217 Mbps
34305[UE 1 | RB 1] Throughput = 1.08969 Mbps
34405[UE 1 | RB 1] Throughput = 0.83864 Mbps
34505[UE 1 | RB 1] Throughput = 1.07746 Mbps
34606[UE 1 | RB 1] Throughput = 1.18861 Mbps
34715[UE 1 | RB 1] Throughput = 1.09918 Mbps
34815[UE 1 | RB 1] Throughput = 0.71516 Mbps
34917[UE 1 | RB 1] Throughput = 1.29990 Mbps
35025[UE 1 | RB 1] Throughput = 1.21683 Mbps
35127[UE 1 | RB 1] Throughput = 0.70716 Mbps
35235[UE 1 | RB 1] Throughput = 1.43100 Mbps
35345[UE 1 | RB 1] Throughput = 0.65584 Mbps
35455[UE 1 | RB 1] Throughput = 1.30931 Mbps
35565[UE 1 | RB 1] Throughput = 1.19933 Mbps
35674[UE 1 | RB 1] Throughput = 1.09301 Mbps
35784[UE 1 | RB 1] Throughput = 1.08951 Mbps
35885[UE 1 | RB 1] Throughput = 0.95461 Mbps
35985[UE 1 | RB 1] Throughput = 0.83746 Mbps
36085[UE 1 | RB 1] Throughput = 1.43276 Mbps
36186[UE 1 | RB 1] Throughput = 0.95559 Mbps
36296[UE 1 | RB 1] Throughput = 1.09179 Mbps
36405[UE 1 | RB 1] Throughput = 0.98768 Mbps
36505[UE 1 | RB 1] Throughput = 1.07421 Mbps
36615[UE 1 | RB 1] Throughput = 1.08695 Mbps
36726[UE 1 | RB 1] Throughput = 1.19484 Mbps
36835[UE 1 | RB 1] Throughput = 0.98714 Mbps
36935[UE 1 | RB 1] Throughput = 0.83637 Mbps
37046[UE 1 | RB 1] Throughput = 1.08692 Mbps
37155[UE 1 | RB 1] Throughput = 1.31392 Mbps
37265[UE 1 | RB 1] Throughput = 0.97833 Mbps
37366[UE 1 | RB 1] Throughput = 1.19457 Mbps
37475[UE 1 | RB 1] Throughput = 0.87582 Mbps
37585[UE 1 | RB 1] Throughput = 1.09200 Mbps
37685[UE 1 | RB 1] Throughput = 1.07419 Mbps
37796[UE 1 | RB 1] Throughput = 0.97619 Mbps
37905[UE 1 | RB 1] Throughput = 0.88066 Mbps
38005[UE 1 | RB 1] Throughput = 1.31233 Mbps
38115[UE 1 | RB 1] Throughput = 0.98138 Mbps
38224[UE 1 | RB 1] Throughput = 0.98487 Mbps
38324[UE 1 | RB 1] Throughput = 1.43763 Mbps
38425[UE 1 | RB 1] Throughput = 0.95553 Mbps
38525[UE 1 | RB 1] Throughput = 0.95759 Mbps
38625[UE 1 | RB 1] Throughput = 1.07443 Mbps
38727[UE 1 | RB 1] Throughput = 1.06108 Mbps
38835[UE 1 | RB 1] Throughput = 1.10538 Mbps
38945[UE 1 | RB 1] Throughput = 1.09090 Mbps
39045[UE 1 | RB 1] Throughput = 0.83685 Mbps
39156[UE 1 | RB 1] Throughput = 1.41328 Mbps
39265[UE 1 | RB 1] Throughput = 0.98705 Mbps
39365[UE 1 | RB 1] Throughput = 1.07796 Mbps
39465[UE 1 | RB 1] Throughput = 0.95712 Mbps
39565[UE 1 | RB 1] Throughput = 1.07663 Mbps
39675[UE 1 | RB 1] Throughput = 1.31115 Mbps
39785[UE 1 | RB 1] Throughput = 0.76197 Mbps
39885[UE 1 | RB 1] Throughput = 1.19508 Mbps
39986[UE 1 | RB 1] Throughput = 1.19565 Mbps
40095[UE 1 | RB 1] Throughput = 0.98575 Mbps
40195[UE 1 | RB 1] Throughput = 1.19824 Mbps
40296[UE 1 | RB 1] Throughput = 0.82903 Mbps
40405[UE 1 | RB 1] Throughput = 1.20968 Mbps
40505[UE 1 | RB 1] Throughput = 1.07636 Mbps
40617[UE 1 | RB 1] Throughput = 1.07829 Mbps
40725[UE 1 | RB 1] Throughput = 1.21274 Mbps
40835[UE 1 | RB 1] Throughput = 0.87206 Mbps
40936[UE 1 | RB 1] Throughput = 0.95381 Mbps
41045[UE 1 | RB 1] Throughput = 1.09146 Mbps
41155[UE 1 | RB 1] Throughput = 1.31148 Mbps
41255[UE 1 | RB 1] Throughput = 0.71844 Mbps
41355[UE 1 | RB 1] Throughput = 1.19733 Mbps
41465[UE 1 | RB 1] Throughput = 1.20146 Mbps
41565[UE 1 | RB 1] Throughput = 0.83805 Mbps
41665[UE 1 | RB 1] Throughput = 1.43733 Mbps
41766[UE 1 | RB 1] Throughput = 0.71625 Mbps
41875[UE 1 | RB 1] Throughput = 1.20224 Mbps
41986[UE 1 | RB 1] Throughput = 1.19434 Mbps
42086[UE 1 | RB 1] Throughput = 0.71807 Mbps
42195[UE 1 | RB 1] Throughput = 1.09560 Mbps
42295[UE 1 | RB 1] Throughput = 1.31341 Mbps
42405[UE 1 | RB 1] Throughput = 0.76756 Mbps
42505[UE 1 | RB 1] Throughput = 1.19398 Mbps
42605[UE 1 | RB 1] Throughput = 1.31711 Mbps
42705[UE 1 | RB 1] Throughput = 0.95834 Mbps
42815[UE 1 | RB 1] Throughput = 0.32793 Mbps
42925[UE 1 | RB 1] Throughput = 1.52117 Mbps
43025[UE 1 | RB 1] Throughput = 1.43628 Mbps
43135[UE 1 | RB 1] Throughput = 0.65684 Mbps
43245[UE 1 | RB 1] Throughput = 1.30404 Mbps
43345[UE 1 | RB 1] Throughput = 1.31444 Mbps
43455[UE 1 | RB 1] Throughput = 0.98244 Mbps
43556[UE 1 | RB 1] Throughput = 0.95036 Mbps
43665[UE 1 | RB 1] Throughput = 1.09465 Mbps
43775[UE 1 | RB 1] Throughput = 1.09413 Mbps
43875[UE 1 | RB 1] Throughput = 1.19539 Mbps
43985[UE 1 | RB 1] Throughput = 0.98059 Mbps
44087[UE 1 | RB 1] Throughput = 1.17601 Mbps
44195[UE 1 | RB 1] Throughput = 1.11239 Mbps
44295[UE 1 | RB 1] Throughput = 1.07773 Mbps
44405[UE 1 | RB 1] Throughput = 0.97754 Mbps
44505[UE 1 | RB 1] Throughput = 1.07782 Mbps
44615[UE 1 | RB 1] Throughput = 0.98336 Mbps
44715[UE 1 | RB 1] Throughput = 1.31662 Mbps
44815[UE 1 | RB 1] Throughput = 0.71849 Mbps
44915[UE 1 | RB 1] Throughput = 1.19680 Mbps
45026[UE 1 | RB 1] Throughput = 1.30175 Mbps
45135[UE 1 | RB 1] Throughput = 0.65727 Mbps
45245[UE 1 | RB 1] Throughput = 1.30780 Mbps
45356[UE 1 | RB 1] Throughput = 0.75589 Mbps
45466[UE 1 | RB 1] Throughput = 1.31336 Mbps
45575[UE 1 | RB 1] Throughput = 0.87462 Mbps
45685[UE 1 | RB 1] Throughput = 1.19778 Mbps
45786[UE 1 | RB 1] Throughput = 1.30770 Mbps
45896[UE 1 | RB 1] Throughput = 0.65661 Mbps
46006[UE 1 | RB 1] Throughput = 1.19147 Mbps
46116[UE 1 | RB 1] Throughput = 1.30612 Mbps
46216[UE 1 | RB 1] Throughput = 0.71858 Mbps
46326[UE 1 | RB 1] Throughput = 1.09429 Mbps
46435[UE 1 | RB 1] Throughput = 1.09641 Mbps
46536[UE 1 | RB 1] Throughput = 1.30776 Mbps
46646[UE 1 | RB 1] Throughput = 1.19694 Mbps
46755[UE 1 | RB 1] Throughput = 0.99030 Mbps
46865[UE 1 | RB 1] Throughput = 0.87131 Mbps
46965[UE 1 | RB 1] Throughput = 1.31628 Mbps
47075[UE 1 | RB 1] Throughput = 0.87435 Mbps
47177[UE 1 | RB 1] Throughput = 0.93734 Mbps
47285[UE 1 | RB 1] Throughput = 1.33023 Mbps
47385[UE 1 | RB 1] Throughput = 0.71899 Mbps
47495[UE 1 | RB 1] Throughput = 1.09184 Mbps
47596[UE 1 | RB 1] Throughput = 1.42920 Mbps
47705[UE 1 | RB 1] Throughput = 0.65537 Mbps
47815[UE 1 | RB 1] Throughput = 1.41799 Mbps
47916[UE 1 | RB 1] Throughput = 0.95179 Mbps
48025[UE 1 | RB 1] Throughput = 0.87799 Mbps
48125[UE 1 | RB 1] Throughput = 1.43484 Mbps
48226[UE 1 | RB 1] Throughput = 0.83663 Mbps
48336[UE 1 | RB 1] Throughput = 1.20021 Mbps
48445[UE 1 | RB 1] Throughput = 1.20442 Mbps
48545[UE 1 | RB 1] Throughput = 0.83680 Mbps
48645[UE 1 | RB 1] Throughput = 1.31802 Mbps
48745[UE 1 | RB 1] Throughput = 0.83757 Mbps
48856[UE 1 | RB 1] Throughput = 1.30596 Mbps
48956[UE 1 | RB 1] Throughput = 0.71710 Mbps
49065[UE 1 | RB 1] Throughput = 1.31242 Mbps
49166[UE 1 | RB 1] Throughput = 0.71600 Mbps
49275[UE 1 | RB 1] Throughput = 1.42686 Mbps
49376[UE 1 | RB 1] Throughput = 0.70953 Mbps
49486[UE 1 | RB 1] Throughput = 1.31771 Mbps
49595[UE 1 | RB 1] Throughput = 0.87328 Mbps
49696[UE 1 | RB 1] Throughput = 1.31232 Mbps
49797[UE 1 | RB 1] Throughput = 0.59284 Mbps
49906[UE 1 | RB 1] Throughput = 1.31739 Mbps
50016[UE 1 | RB 1] Throughput = 1.20330 Mbps
50125[UE 1 | RB 1] Throughput = 0.76468 Mbps
50225[UE 1 | RB 1] Throughput = 1.31586 Mbps
50336[UE 1 | RB 1] Throughput = 0.97974 Mbps
50436[UE 1 | RB 1] Throughput = 1.19711 Mbps
50536[UE 1 | RB 1] Throughput = 0.83516 Mbps
50645[UE 1 | RB 1] Throughput = 1.31412 Mbps
50746[UE 1 | RB 1] Throughput = 0.59837 Mbps
50846[UE 1 | RB 1] Throughput = 1.31641 Mbps
50946[UE 1 | RB 1] Throughput = 1.31657 Mbps
51056[UE 1 | RB 1] Throughput = 1.09051 Mbps
51156[UE 1 | RB 1] Throughput = 0.71636 Mbps
51257[UE 1 | RB 1] Throughput = 1.30984 Mbps
51366[UE 1 | RB 1] Throughput = 0.99001 Mbps
51466[UE 1 | RB 1] Throughput = 1.07125 Mbps
51576[UE 1 | RB 1] Throughput = 0.87630 Mbps
51677[UE 1 | RB 1] Throughput = 1.07140 Mbps
51786[UE 1 | RB 1] Throughput = 1.53402 Mbps
51886[UE 1 | RB 1] Throughput = 0.83682 Mbps
51996[UE 1 | RB 1] Throughput = 1.09219 Mbps
52096[UE 1 | RB 1] Throughput = 1.07229 Mbps
52206[UE 1 | RB 1] Throughput = 1.09608 Mbps
52316[UE 1 | RB 1] Throughput = 1.08997 Mbps
52425[UE 1 | RB 1] Throughput = 1.09196 Mbps
52526[UE 1 | RB 1] Throughput = 0.95522 Mbps
52626[UE 1 | RB 1] Throughput = 1.31394 Mbps
52736[UE 1 | RB 1] Throughput = 0.98428 Mbps
52846[UE 1 | RB 1] Throughput = 0.97997 Mbps
52956[UE 1 | RB 1] Throughput = 1.08734 Mbps
53066[UE 1 | RB 1] Throughput = 0.98164 Mbps
53176[UE 1 | RB 1] Throughput = 0.87122 Mbps
53286[UE 1 | RB 1] Throughput = 1.20039 Mbps
53396[UE 1 | RB 1] Throughput = 1.09046 Mbps
53496[UE 1 | RB 1] Throughput = 1.43669 Mbps
53596[UE 1 | RB 1] Throughput = 0.83741 Mbps
53706[UE 1 | RB 1] Throughput = 0.87092 Mbps
53806[UE 1 | RB 1] Throughput = 1.19668 Mbps
53916[UE 1 | RB 1] Throughput = 1.20258 Mbps
54026[UE 1 | RB 1] Throughput = 1.08859 Mbps
54126[UE 1 | RB 1] Throughput = 0.95692 Mbps
54236[UE 1 | RB 1] Throughput = 1.09204 Mbps
54346[UE 1 | RB 1] Throughput = 1.08302 Mbps
54456[UE 1 | RB 1] Throughput = 1.09169 Mbps
54565[UE 1 | RB 1] Throughput = 0.98705 Mbps
54666[UE 1 | RB 1] Throughput = 1.07596 Mbps
54766[UE 1 | RB 1] Throughput = 0.47831 Mbps
54876[UE 1 | RB 1] Throughput = 1.52625 Mbps
54986[UE 1 | RB 1] Throughput = 0.87130 Mbps
55086[UE 1 | RB 1] Throughput = 1.43564 Mbps
55196[UE 1 | RB 1] Throughput = 1.09101 Mbps
55306[UE 1 | RB 1] Throughput = 1.19587 Mbps
55415[UE 1 | RB 1] Throughput = 0.65830 Mbps
55516[UE 1 | RB 1] Throughput = 1.30631 Mbps
55617[UE 1 | RB 1] Throughput = 1.18736 Mbps
55726[UE 1 | RB 1] Throughput = 0.98940 Mbps
55836[UE 1 | RB 1] Throughput = 1.09249 Mbps
55937[UE 1 | RB 1] Throughput = 0.95249 Mbps
56047[UE 1 | RB 1] Throughput = 1.29913 Mbps
56157[UE 1 | RB 1] Throughput = 0.87387 Mbps
56266[UE 1 | RB 1] Throughput = 0.98819 Mbps
56376[UE 1 | RB 1] Throughput = 0.98410 Mbps
56476[UE 1 | RB 1] Throughput = 1.19484 Mbps
56586[UE 1 | RB 1] Throughput = 1.30710 Mbps
56687[UE 1 | RB 1] Throughput = 0.95438 Mbps
56796[UE 1 | RB 1] Throughput = 0.98816 Mbps
56896[UE 1 | RB 1] Throughput = 1.19682 Mbps
56996[UE 1 | RB 1] Throughput = 1.07163 Mbps
57097[UE 1 | RB 1] Throughput = 0.95535 Mbps
57207[UE 1 | RB 1] Throughput = 1.19649 Mbps
57307[UE 1 | RB 1] Throughput = 1.07647 Mbps
57416[UE 1 | RB 1] Throughput = 1.09876 Mbps
57526[UE 1 | RB 1] Throughput = 1.08858 Mbps
57636[UE 1 | RB 1] Throughput = 0.98706 Mbps
57736[UE 1 | RB 1] Throughput = 0.71531 Mbps
57836[UE 1 | RB 1] Throughput = 1.31749 Mbps
57948[UE 1 | RB 1] Throughput = 1.07497 Mbps
58056[UE 1 | RB 1] Throughput = 1.21762 Mbps
58156[UE 1 | RB 1] Throughput = 1.07809 Mbps
58266[UE 1 | RB 1] Throughput = 0.97602 Mbps
58377[UE 1 | RB 1] Throughput = 0.86339 Mbps
58486[UE 1 | RB 1] Throughput = 1.32011 Mbps
58586[UE 1 | RB 1] Throughput = 0.83878 Mbps
58696[UE 1 | RB 1] Throughput = 1.09349 Mbps
58796[UE 1 | RB 1] Throughput = 1.19434 Mbps
58897[UE 1 | RB 1] Throughput = 0.94986 Mbps
59006[UE 1 | RB 1] Throughput = 1.20811 Mbps
59116[UE 1 | RB 1] Throughput = 0.98515 Mbps
59216[UE 1 | RB 1] Throughput = 1.19501 Mbps
59317[UE 1 | RB 1] Throughput = 0.95448 Mbps
59426[UE 1 | RB 1] Throughput = 1.20622 Mbps
59526[UE 1 | RB 1] Throughput = 0.00000 Mbps
59636[UE 1 | RB 1] Throughput = 1.74734 Mbps
59736[UE 1 | RB 1] Throughput = 1.31716 Mbps
59846[UE 1 | RB 1] Throughput = 0.65267 Mbps
59946[UE 1 | RB 1] Throughput = 1.43585 Mbps
60046[UE 1 | RB 1] Throughput = 1.19733 Mbps
60146[UE 1 | RB 1] Throughput = 0.83815 Mbps
60247[UE 1 | RB 1] Throughput = 1.31291 Mbps
60356[UE 1 | RB 1] Throughput = 0.65713 Mbps
60456[UE 1 | RB 1] Throughput = 1.31598 Mbps
60566[UE 1 | RB 1] Throughput = 1.09592 Mbps
60666[UE 1 | RB 1] Throughput = 1.31167 Mbps
60776[UE 1 | RB 1] Throughput = 1.09661 Mbps
60876[UE 1 | RB 1] Throughput = 0.71421 Mbps
60986[UE 1 | RB 1] Throughput = 1.19604 Mbps
61096[UE 1 | RB 1] Throughput = 1.20198 Mbps
61206[UE 1 | RB 1] Throughput = 0.76263 Mbps
61306[UE 1 | RB 1] Throughput = 1.19676 Mbps
61416[UE 1 | RB 1] Throughput = 1.19789 Mbps
61526[UE 1 | RB 1] Throughput = 1.08967 Mbps
61636[UE 1 | RB 1] Throughput = 1.20148 Mbps
61736[UE 1 | RB 1] Throughput = 0.59774 Mbps
61837[UE 1 | RB 1] Throughput = 1.31404 Mbps
61937[UE 1 | RB 1] Throughput = 1.19628 Mbps
62046[UE 1 | RB 1] Throughput = 0.98839 Mbps
62146[UE 1 | RB 1] Throughput = 0.95407 Mbps
62256[UE 1 | RB 1] Throughput = 1.09195 Mbps
62356[UE 1 | RB 1] Throughput = 0.95632 Mbps
62456[UE 1 | RB 1] Throughput = 1.19812 Mbps
62566[UE 1 | RB 1] Throughput = 1.19844 Mbps
62676[UE 1 | RB 1] Throughput = 1.09102 Mbps
62786[UE 1 | RB 1] Throughput = 0.65225 Mbps
62887[UE 1 | RB 1] Throughput = 1.43716 Mbps
62996[UE 1 | RB 1] Throughput = 0.76478 Mbps
63096[UE 1 | RB 1] Throughput = 1.19629 Mbps
63206[UE 1 | RB 1] Throughput = 1.31443 Mbps
63306[UE 1 | RB 1] Throughput = 0.83370 Mbps
63407[UE 1 | RB 1] Throughput = 0.83788 Mbps
63516[UE 1 | RB 1] Throughput = 1.09069 Mbps
63626[UE 1 | RB 1] Throughput = 1.19803 Mbps
63727[UE 1 | RB 1] Throughput = 1.31680 Mbps
63836[UE 1 | RB 1] Throughput = 0.65621 Mbps
63936[UE 1 | RB 1] Throughput = 1.43541 Mbps
64046[UE 1 | RB 1] Throughput = 1.19701 Mbps
64156[UE 1 | RB 1] Throughput = 0.98543 Mbps
64256[UE 1 | RB 1] Throughput = 1.07730 Mbps
64357[UE 1 | RB 1] Throughput = 0.71552 Mbps
64466[UE 1 | RB 1] Throughput = 1.19923 Mbps
64567[UE 1 | RB 1] Throughput = 1.42803 Mbps
64677[UE 1 | RB 1] Throughput = 0.76640 Mbps
64786[UE 1 | RB 1] Throughput = 1.30975 Mbps
64887[UE 1 | RB 1] Throughput = 0.59625 Mbps
64996[UE 1 | RB 1] Throughput = 1.20299 Mbps
65106[UE 1 | RB 1] Throughput = 1.20040 Mbps
65207[UE 1 | RB 1] Throughput = 1.31435 Mbps
65316[UE 1 | RB 1] Throughput = 0.65546 Mbps
65417[UE 1 | RB 1] Throughput = 1.43477 Mbps
65526[UE 1 | RB 1] Throughput = 1.09144 Mbps
65627[UE 1 | RB 1] Throughput = 0.71778 Mbps
65727[UE 1 | RB 1] Throughput = 1.43144 Mbps
65828[UE 1 | RB 1] Throughput = 0.59476 Mbps
65936[UE 1 | RB 1] Throughput = 1.21245 Mbps
66037[UE 1 | RB 1] Throughput = 1.19662 Mbps
66147[UE 1 | RB 1] Throughput = 0.98113 Mbps
66256[UE 1 | RB 1] Throughput = 1.09423 Mbps
66358[UE 1 | RB 1] Throughput = 1.29010 Mbps
66467[UE 1 | RB 1] Throughput = 0.66320 Mbps
66577[UE 1 | RB 1] Throughput = 0.54518 Mbps
66677[UE 1 | RB 1] Throughput = 1.90991 Mbps
66787[UE 1 | RB 1] Throughput = 0.98397 Mbps
66887[UE 1 | RB 1] Throughput = 1.31375 Mbps
66997[UE 1 | RB 1] Throughput = 0.65437 Mbps
67106[UE 1 | RB 1] Throughput = 1.20387 Mbps
67207[UE 1 | RB 1] Throughput = 1.19548 Mbps
67316[UE 1 | RB 1] Throughput = 1.09189 Mbps
67426[UE 1 | RB 1] Throughput = 1.09001 Mbps
67526[UE 1 | RB 1] Throughput = 1.31796 Mbps
67626[UE 1 | RB 1] Throughput = 0.71882 Mbps
67727[UE 1 | RB 1] Throughput = 1.19509 Mbps
67836[UE 1 | RB 1] Throughput = 0.76467 Mbps
67937[UE 1 | RB 1] Throughput = 1.07598 Mbps
68037[UE 1 | RB 1] Throughput = 1.43679 Mbps
68147[UE 1 | RB 1] Throughput = 1.08631 Mbps
68256[UE 1 | RB 1] Throughput = 0.76785 Mbps
68358[UE 1 | RB 1] Throughput = 1.06375 Mbps
68466[UE 1 | RB 1] Throughput = 1.32204 Mbps
68576[UE 1 | RB 1] Throughput = 1.08887 Mbps
68677[UE 1 | RB 1] Throughput = 1.18628 Mbps
68787[UE 1 | RB 1] Throughput = 0.65460 Mbps
68896[UE 1 | RB 1] Throughput = 1.31770 Mbps
68996[UE 1 | RB 1] Throughput = 1.19757 Mbps
69097[UE 1 | RB 1] Throughput = 0.71877 Mbps
69197[UE 1 | RB 1] Throughput = 1.31652 Mbps
69298[UE 1 | RB 1] Throughput = 1.06079 Mbps
69407[UE 1 | RB 1] Throughput = 0.77253 Mbps
69516[UE 1 | RB 1] Throughput = 1.31424 Mbps
69617[UE 1 | RB 1] Throughput = 0.71698 Mbps
69726[UE 1 | RB 1] Throughput = 1.31034 Mbps
69836[UE 1 | RB 1] Throughput = 0.65378 Mbps
69937[UE 1 | RB 1] Throughput = 1.07553 Mbps
70046[UE 1 | RB 1] Throughput = 1.30883 Mbps
70157[UE 1 | RB 1] Throughput = 1.30425 Mbps
70267[UE 1 | RB 1] Throughput = 1.30461 Mbps
70377[UE 1 | RB 1] Throughput = 0.65467 Mbps
70477[UE 1 | RB 1] Throughput = 1.43475 Mbps
70587[UE 1 | RB 1] Throughput = 0.65636 Mbps
70687[UE 1 | RB 1] Throughput = 1.31594 Mbps
70796[UE 1 | RB 1] Throughput = 1.31099 Mbps
70897[UE 1 | RB 1] Throughput = 0.59886 Mbps
70997[UE 1 | RB 1] Throughput = 0.71849 Mbps
71097[UE 1 | RB 1] Throughput = 1.67328 Mbps
71197[UE 1 | RB 1] Throughput = 0.83786 Mbps
71297[UE 1 | RB 1] Throughput = 1.19478 Mbps
71407[UE 1 | RB 1] Throughput = 1.20417 Mbps
71517[UE 1 | RB 1] Throughput = 1.19881 Mbps
71626[UE 1 | RB 1] Throughput = 1.09460 Mbps
71727[UE 1 | RB 1] Throughput = 0.95207 Mbps
71837[UE 1 | RB 1] Throughput = 0.76059 Mbps
71947[UE 1 | RB 1] Throughput = 0.65701 Mbps
72056[UE 1 | RB 1] Throughput = 0.00000 Mbps
72166[UE 1 | RB 1] Throughput = 2.72952 Mbps
72267[UE 1 | RB 1] Throughput = 1.07471 Mbps
72367[UE 1 | RB 1] Throughput = 1.19773 Mbps
72477[UE 1 | RB 1] Throughput = 0.98154 Mbps
72577[UE 1 | RB 1] Throughput = 1.07275 Mbps
72688[UE 1 | RB 1] Throughput = 1.18890 Mbps
72797[UE 1 | RB 1] Throughput = 0.99048 Mbps
72897[UE 1 | RB 1] Throughput = 1.19799 Mbps
72997[UE 1 | RB 1] Throughput = 0.71675 Mbps
73107[UE 1 | RB 1] Throughput = 1.08977 Mbps
73216[UE 1 | RB 1] Throughput = 1.20700 Mbps
73317[UE 1 | RB 1] Throughput = 1.31570 Mbps
73417[UE 1 | RB 1] Throughput = 1.07254 Mbps
73517[UE 1 | RB 1] Throughput = 0.59891 Mbps
73627[UE 1 | RB 1] Throughput = 1.20288 Mbps
73727[UE 1 | RB 1] Throughput = 1.19726 Mbps
73837[UE 1 | RB 1] Throughput = 0.97814 Mbps
73947[UE 1 | RB 1] Throughput = 1.09266 Mbps
74047[UE 1 | RB 1] Throughput = 1.19397 Mbps
74157[UE 1 | RB 1] Throughput = 1.09213 Mbps
74267[UE 1 | RB 1] Throughput = 1.19857 Mbps
74377[UE 1 | RB 1] Throughput = 0.65357 Mbps
74487[UE 1 | RB 1] Throughput = 1.19556 Mbps
74597[UE 1 | RB 1] Throughput = 1.19908 Mbps
74697[UE 1 | RB 1] Throughput = 0.71789 Mbps
74807[UE 1 | RB 1] Throughput = 1.20150 Mbps
74917[UE 1 | RB 1] Throughput = 1.08979 Mbps
75027[UE 1 | RB 1] Throughput = 1.31224 Mbps
75127[UE 1 | RB 1] Throughput = 0.59734 Mbps
75229[UE 1 | RB 1] Throughput = 1.41406 Mbps
75336[UE 1 | RB 1] Throughput = 1.11051 Mbps
75447[UE 1 | RB 1] Throughput = 0.65155 Mbps
75547[UE 1 | RB 1] Throughput = 1.31609 Mbps
75647[UE 1 | RB 1] Throughput = 1.07645 Mbps
75757[UE 1 | RB 1] Throughput = 1.19934 Mbps
75867[UE 1 | RB 1] Throughput = 1.20166 Mbps
75967[UE 1 | RB 1] Throughput = 0.83875 Mbps
76077[UE 1 | RB 1] Throughput = 1.19422 Mbps
76189[UE 1 | RB 1] Throughput = 0.64309 Mbps
76297[UE 1 | RB 1] Throughput = 1.44682 Mbps
76407[UE 1 | RB 1] Throughput = 0.97426 Mbps
76517[UE 1 | RB 1] Throughput = 1.09638 Mbps
76627[UE 1 | RB 1] Throughput = 1.08351 Mbps
76737[UE 1 | RB 1] Throughput = 1.09401 Mbps
76847[UE 1 | RB 1] Throughput = 1.08926 Mbps
76949[UE 1 | RB 1] Throughput = 1.29328 Mbps
77057[UE 1 | RB 1] Throughput = 0.77548 Mbps
77167[UE 1 | RB 1] Throughput = 1.08859 Mbps
77267[UE 1 | RB 1] Throughput = 1.19731 Mbps
77368[UE 1 | RB 1] Throughput = 1.19340 Mbps
77477[UE 1 | RB 1] Throughput = 0.87613 Mbps
77578[UE 1 | RB 1] Throughput = 1.19244 Mbps
77678[UE 1 | RB 1] Throughput = 0.59857 Mbps
77788[UE 1 | RB 1] Throughput = 1.19256 Mbps
77897[UE 1 | RB 1] Throughput = 0.98786 Mbps
78007[UE 1 | RB 1] Throughput = 1.31376 Mbps
78107[UE 1 | RB 1] Throughput = 1.19199 Mbps
78209[UE 1 | RB 1] Throughput = 0.71075 Mbps
78317[UE 1 | RB 1] Throughput = 1.32172 Mbps
78427[UE 1 | RB 1] Throughput = 1.30902 Mbps
78537[UE 1 | RB 1] Throughput = 0.65189 Mbps
78638[UE 1 | RB 1] Throughput = 1.43717 Mbps
78747[UE 1 | RB 1] Throughput = 0.65846 Mbps
78847[UE 1 | RB 1] Throughput = 1.43495 Mbps
78947[UE 1 | RB 1] Throughput = 0.71723 Mbps
79057[UE 1 | RB 1] Throughput = 1.20153 Mbps
79159[UE 1 | RB 1] Throughput = 0.82577 Mbps
79267[UE 1 | RB 1] Throughput = 1.21603 Mbps
79367[UE 1 | RB 1] Throughput = 1.19491 Mbps
79477[UE 1 | RB 1] Throughput = 1.20039 Mbps
79577[UE 1 | RB 1] Throughput = 1.19581 Mbps
79677[UE 1 | RB 1] Throughput = 0.83869 Mbps
79787[UE 1 | RB 1] Throughput = 1.08837 Mbps
79897[UE 1 | RB 1] Throughput = 1.09097 Mbps
80007[UE 1 | RB 1] Throughput = 1.19927 Mbps
80107[UE 1 | RB 1] Throughput = 0.83794 Mbps
80208[UE 1 | RB 1] Throughput = 1.19474 Mbps
80317[UE 1 | RB 1] Throughput = 0.65758 Mbps
80417[UE 1 | RB 1] Throughput = 1.31291 Mbps
80528[UE 1 | RB 1] Throughput = 1.19404 Mbps
80628[UE 1 | RB 1] Throughput = 0.71729 Mbps
80737[UE 1 | RB 1] Throughput = 1.31489 Mbps
80848[UE 1 | RB 1] Throughput = 1.08701 Mbps
80957[UE 1 | RB 1] Throughput = 1.09271 Mbps
81067[UE 1 | RB 1] Throughput = 1.30771 Mbps
81168[UE 1 | RB 1] Throughput = 0.71677 Mbps
81277[UE 1 | RB 1] Throughput = 1.31560 Mbps
81377[UE 1 | RB 1] Throughput = 0.71584 Mbps
81487[UE 1 | RB 1] Throughput = 1.30662 Mbps
81588[UE 1 | RB 1] Throughput = 1.19260 Mbps
81697[UE 1 | RB 1] Throughput = 0.76742 Mbps
81807[UE 1 | RB 1] Throughput = 1.19898 Mbps
81907[UE 1 | RB 1] Throughput = 1.19413 Mbps
82007[UE 1 | RB 1] Throughput = 1.19824 Mbps
82117[UE 1 | RB 1] Throughput = 0.65481 Mbps
82218[UE 1 | RB 1] Throughput = 1.31431 Mbps
82327[UE 1 | RB 1] Throughput = 1.09103 Mbps
82427[UE 1 | RB 1] Throughput = 1.19830 Mbps
82537[UE 1 | RB 1] Throughput = 0.65582 Mbps
82637[UE 1 | RB 1] Throughput = 1.31400 Mbps
82747[UE 1 | RB 1] Throughput = 1.20127 Mbps
82848[UE 1 | RB 1] Throughput = 0.71516 Mbps
82949[UE 1 | RB 1] Throughput = 1.30208 Mbps
83057[UE 1 | RB 1] Throughput = 1.21496 Mbps
83158[UE 1 | RB 1] Throughput = 1.07734 Mbps
83267[UE 1 | RB 1] Throughput = 0.76362 Mbps
83377[UE 1 | RB 1] Throughput = 1.09328 Mbps
83477[UE 1 | RB 1] Throughput = 1.19411 Mbps
83588[UE 1 | RB 1] Throughput = 1.08410 Mbps
83698[UE 1 | RB 1] Throughput = 0.98393 Mbps
83798[UE 1 | RB 1] Throughput = 1.19817 Mbps
83907[UE 1 | RB 1] Throughput = 1.19993 Mbps
84008[UE 1 | RB 1] Throughput = 1.07573 Mbps
84108[UE 1 | RB 1] Throughput = 0.83685 Mbps
84217[UE 1 | RB 1] Throughput = 0.87663 Mbps
84328[UE 1 | RB 1] Throughput = 1.08620 Mbps
84438[UE 1 | RB 1] Throughput = 1.30788 Mbps
84547[UE 1 | RB 1] Throughput = 1.09328 Mbps
84647[UE 1 | RB 1] Throughput = 0.95547 Mbps
84748[UE 1 | RB 1] Throughput = 1.31125 Mbps
84857[UE 1 | RB 1] Throughput = 0.66179 Mbps
84957[UE 1 | RB 1] Throughput = 1.55015 Mbps
85058[UE 1 | RB 1] Throughput = 0.95562 Mbps
85169[UE 1 | RB 1] Throughput = 0.97091 Mbps
85278[UE 1 | RB 1] Throughput = 1.09843 Mbps
85378[UE 1 | RB 1] Throughput = 1.07727 Mbps
85488[UE 1 | RB 1] Throughput = 1.09125 Mbps
85598[UE 1 | RB 1] Throughput = 1.08896 Mbps
85698[UE 1 | RB 1] Throughput = 1.07716 Mbps
85798[UE 1 | RB 1] Throughput = 1.07841 Mbps
85907[UE 1 | RB 1] Throughput = 0.98445 Mbps
86017[UE 1 | RB 1] Throughput = 0.97965 Mbps
86118[UE 1 | RB 1] Throughput = 1.19407 Mbps
86227[UE 1 | RB 1] Throughput = 0.87549 Mbps
86327[UE 1 | RB 1] Throughput = 1.19804 Mbps
86427[UE 1 | RB 1] Throughput = 1.07750 Mbps
86537[UE 1 | RB 1] Throughput = 1.09213 Mbps
86647[UE 1 | RB 1] Throughput = 1.08945 Mbps
86747[UE 1 | RB 1] Throughput = 1.07751 Mbps
86848[UE 1 | RB 1] Throughput = 1.19348 Mbps
86948[UE 1 | RB 1] Throughput = 0.59875 Mbps
87048[UE 1 | RB 1] Throughput = 1.19749 Mbps
87158[UE 1 | RB 1] Throughput = 1.30039 Mbps
87267[UE 1 | RB 1] Throughput = 0.98990 Mbps
87377[UE 1 | RB 1] Throughput = 1.19942 Mbps
87478[UE 1 | RB 1] Throughput = 0.95509 Mbps
87587[UE 1 | RB 1] Throughput = 0.87543 Mbps
87688[UE 1 | RB 1] Throughput = 1.19380 Mbps
87788[UE 1 | RB 1] Throughput = 1.19458 Mbps
87888[UE 1 | RB 1] Throughput = 1.19517 Mbps
87998[UE 1 | RB 1] Throughput = 0.87391 Mbps
88098[UE 1 | RB 1] Throughput = 1.31741 Mbps
88208[UE 1 | RB 1] Throughput = 0.76402 Mbps
88317[UE 1 | RB 1] Throughput = 1.20158 Mbps
88418[UE 1 | RB 1] Throughput = 1.07820 Mbps
88518[UE 1 | RB 1] Throughput = 1.07355 Mbps
88628[UE 1 | RB 1] Throughput = 1.20129 Mbps
88728[UE 1 | RB 1] Throughput = 0.95833 Mbps
88838[UE 1 | RB 1] Throughput = 1.09074 Mbps
88948[UE 1 | RB 1] Throughput = 1.08842 Mbps
89048[UE 1 | RB 1] Throughput = 1.07814 Mbps
89159[UE 1 | RB 1] Throughput = 0.75721 Mbps
89268[UE 1 | RB 1] Throughput = 1.31535 Mbps
89378[UE 1 | RB 1] Throughput = 1.20108 Mbps
89488[UE 1 | RB 1] Throughput = 0.97724 Mbps
89598[UE 1 | RB 1] Throughput = 0.76544 Mbps
89698[UE 1 | RB 1] Throughput = 1.19726 Mbps
89808[UE 1 | RB 1] Throughput = 1.09070 Mbps
89909[UE 1 | RB 1] Throughput = 1.18258 Mbps
[xApp]: E42 RIC_SUBSCRIPTION_DELETE_REQUEST tx RAN_FUNC_ID 144 RIC_REQ_ID 1 
[xApp]: E42 SUBSCRIPTION DELETE RESPONSE rx
[xApp]: E42 RIC_SUBSCRIPTION_DELETE_REQUEST tx RAN_FUNC_ID 144 RIC_REQ_ID 2 
[xApp]: E42 SUBSCRIPTION DELETE RESPONSE rx
[xApp]: E42 RIC_SUBSCRIPTION_DELETE_REQUEST tx RAN_FUNC_ID 144 RIC_REQ_ID 3 
[xApp]: E42 SUBSCRIPTION DELETE RESPONSE rx
[xApp]: Sucessfully stopped 
Test xApp run SUCCESSFULLY
