[UTIL]: Setting the config -c file to /usr/local/etc/flexric/flexric.conf
[UTIL]: Setting path -p for the shared libraries to /usr/local/lib/flexric/
[xAapp]: Initializing ... 
[xApp]: nearRT-RIC IP Address = 192.168.70.150, PORT = 36422
[E2 AGENT]: Opening plugin from path = /usr/local/lib/flexric/libkpm_sm.so 
[E2 AGENT]: Opening plugin from path = /usr/local/lib/flexric/libmac_sm.so 
[E2 AGENT]: Opening plugin from path = /usr/local/lib/flexric/libpdcp_sm.so 
[E2 AGENT]: Opening plugin from path = /usr/local/lib/flexric/libgtp_sm.so 
[E2 AGENT]: Opening plugin from path = /usr/local/lib/flexric/librc_sm.so 
[E2 AGENT]: Opening plugin from path = /usr/local/lib/flexric/libtc_sm.so 
[E2 AGENT]: Opening plugin from path = /usr/local/lib/flexric/librlc_sm.so 
[E2 AGENT]: Opening plugin from path = /usr/local/lib/flexric/libslice_sm.so 
[NEAR-RIC]: Loading SM ID = 2 with def = ORAN-E2SM-KPM 
[NEAR-RIC]: Loading SM ID = 142 with def = MAC_STATS_V0 
[NEAR-RIC]: Loading SM ID = 144 with def = PDCP_STATS_V0 
[NEAR-RIC]: Loading SM ID = 148 with def = GTP_STATS_V0 
[NEAR-RIC]: Loading SM ID = 3 with def = ORAN-E2SM-RC 
[NEAR-RIC]: Loading SM ID = 146 with def = TC_STATS_V0 
[NEAR-RIC]: Loading SM ID = 143 with def = RLC_STATS_V0 
[NEAR-RIC]: Loading SM ID = 145 with def = SLICE_STATS_V0 
[xApp]: DB filename = /tmp/flexric/xapp_db 
 [xApp]: E42 SETUP-REQUEST tx
[xApp]: E42 SETUP-RESPONSE rx 
[xApp]: xApp ID = 9 
[xApp]: Registered E2 Nodes = 3 
Connected E2 nodes = 3
[xAPP] Registered node 0 ran func id = 2 
 [xAPP] Registered node 0 ran func id = 3 
 [xAPP] Registered node 0 ran func id = 142 
 [xAPP] Registered node 0 ran func id = 143 
 [xAPP] Registered node 0 ran func id = 144 
 [xAPP] Registered node 0 ran func id = 145 
 [xAPP] Registered node 0 ran func id = 146 
 [xAPP] Registered node 0 ran func id = 148 
 [xApp]: E42 RIC SUBSCRIPTION REQUEST tx RAN_FUNC_ID 144 RIC_REQ_ID 1 
[xApp]: SUBSCRIPTION RESPONSE rx
[xApp]: Successfully subscribed to RAN_FUNC_ID 144 
[xAPP] Registered node 1 ran func id = 2 
 [xAPP] Registered node 1 ran func id = 3 
 [xAPP] Registered node 1 ran func id = 142 
 [xAPP] Registered node 1 ran func id = 143 
 [xAPP] Registered node 1 ran func id = 144 
 [xAPP] Registered node 1 ran func id = 145 
 [xAPP] Registered node 1 ran func id = 146 
 [xAPP] Registered node 1 ran func id = 148 
 [xApp]: E42 RIC SUBSCRIPTION REQUEST tx RAN_FUNC_ID 144 RIC_REQ_ID 2 
[xApp]: SUBSCRIPTION RESPONSE rx
[xApp]: Successfully subscribed to RAN_FUNC_ID 144 
[xAPP] Registered node 2 ran func id = 2 
 [xAPP] Registered node 2 ran func id = 3 
 [xAPP] Registered node 2 ran func id = 142 
 [xAPP] Registered node 2 ran func id = 143 
 [xAPP] Registered node 2 ran func id = 144 
 [xAPP] Registered node 2 ran func id = 145 
 [xAPP] Registered node 2 ran func id = 146 
 [xAPP] Registered node 2 ran func id = 148 
 [xApp]: E42 RIC SUBSCRIPTION REQUEST tx RAN_FUNC_ID 144 RIC_REQ_ID 3 
[xApp]: SUBSCRIPTION RESPONSE rx
[xApp]: Successfully subscribed to RAN_FUNC_ID 144 
113[UE 1 | RB 1] Throughput = 1.07516 Mbps
1176[UE 1 | RB 1] Throughput = 0.06769 Mbps
1283[UE 1 | RB 1] Throughput = 11.16837 Mbps
1393[UE 1 | RB 1] Throughput = 0.97924 Mbps
1503[UE 1 | RB 1] Throughput = 1.20236 Mbps
1603[UE 1 | RB 1] Throughput = 0.71474 Mbps
1713[UE 1 | RB 1] Throughput = 1.30559 Mbps
1814[UE 1 | RB 1] Throughput = 0.83821 Mbps
1923[UE 1 | RB 1] Throughput = 0.98195 Mbps
2033[UE 1 | RB 1] Throughput = 1.19852 Mbps
2143[UE 1 | RB 1] Throughput = 1.20001 Mbps
3159[UE 1 | RB 1] Throughput = 0.00000 Mbps
4368[UE 1 | RB 1] Throughput = 0.11898 Mbps
4473[UE 1 | RB 1] Throughput = 22.10401 Mbps
4583[UE 1 | RB 1] Throughput = 1.30751 Mbps
4693[UE 1 | RB 1] Throughput = 0.65373 Mbps
4793[UE 1 | RB 1] Throughput = 1.43667 Mbps
4904[UE 1 | RB 1] Throughput = 0.97861 Mbps
5013[UE 1 | RB 1] Throughput = 1.20215 Mbps
5123[UE 1 | RB 1] Throughput = 0.98133 Mbps
5224[UE 1 | RB 1] Throughput = 1.19457 Mbps
5324[UE 1 | RB 1] Throughput = 0.71728 Mbps
5434[UE 1 | RB 1] Throughput = 1.08863 Mbps
5544[UE 1 | RB 1] Throughput = 1.09111 Mbps
5653[UE 1 | RB 1] Throughput = 1.20090 Mbps
5764[UE 1 | RB 1] Throughput = 0.87137 Mbps
5873[UE 1 | RB 1] Throughput = 1.20117 Mbps
5973[UE 1 | RB 1] Throughput = 1.19683 Mbps
6083[UE 1 | RB 1] Throughput = 1.09107 Mbps
6184[UE 1 | RB 1] Throughput = 0.83541 Mbps
6284[UE 1 | RB 1] Throughput = 1.31677 Mbps
6393[UE 1 | RB 1] Throughput = 0.87443 Mbps
6504[UE 1 | RB 1] Throughput = 0.65153 Mbps
6613[UE 1 | RB 1] Throughput = 1.42041 Mbps
6714[UE 1 | RB 1] Throughput = 1.31655 Mbps
6814[UE 1 | RB 1] Throughput = 0.71766 Mbps
6914[UE 1 | RB 1] Throughput = 1.31624 Mbps
7023[UE 1 | RB 1] Throughput = 1.20354 Mbps
7124[UE 1 | RB 1] Throughput = 0.83773 Mbps
7224[UE 1 | RB 1] Throughput = 0.95677 Mbps
7333[UE 1 | RB 1] Throughput = 1.20294 Mbps
7434[UE 1 | RB 1] Throughput = 1.31460 Mbps
7543[UE 1 | RB 1] Throughput = 0.65611 Mbps
7643[UE 1 | RB 1] Throughput = 1.43439 Mbps
7753[UE 1 | RB 1] Throughput = 0.65487 Mbps
7854[UE 1 | RB 1] Throughput = 1.31308 Mbps
7964[UE 1 | RB 1] Throughput = 1.30939 Mbps
8074[UE 1 | RB 1] Throughput = 1.19508 Mbps
8184[UE 1 | RB 1] Throughput = 0.54481 Mbps
8284[UE 1 | RB 1] Throughput = 1.31650 Mbps
8394[UE 1 | RB 1] Throughput = 1.30730 Mbps
8504[UE 1 | RB 1] Throughput = 0.87486 Mbps
8604[UE 1 | RB 1] Throughput = 1.31682 Mbps
8704[UE 1 | RB 1] Throughput = 0.59732 Mbps
8814[UE 1 | RB 1] Throughput = 1.20086 Mbps
8923[UE 1 | RB 1] Throughput = 1.31111 Mbps
9024[UE 1 | RB 1] Throughput = 0.71814 Mbps
9124[UE 1 | RB 1] Throughput = 1.19485 Mbps
9234[UE 1 | RB 1] Throughput = 1.19859 Mbps
9334[UE 1 | RB 1] Throughput = 0.95794 Mbps
9444[UE 1 | RB 1] Throughput = 1.09233 Mbps
9554[UE 1 | RB 1] Throughput = 1.19784 Mbps
9664[UE 1 | RB 1] Throughput = 0.76076 Mbps
9774[UE 1 | RB 1] Throughput = 1.19945 Mbps
9874[UE 1 | RB 1] Throughput = 1.19741 Mbps
9984[UE 1 | RB 1] Throughput = 1.09041 Mbps
10084[UE 1 | RB 1] Throughput = 0.95828 Mbps
10184[UE 1 | RB 1] Throughput = 0.83837 Mbps
10294[UE 1 | RB 1] Throughput = 1.41695 Mbps
10394[UE 1 | RB 1] Throughput = 0.71831 Mbps
10494[UE 1 | RB 1] Throughput = 1.43616 Mbps
10604[UE 1 | RB 1] Throughput = 0.54613 Mbps
10714[UE 1 | RB 1] Throughput = 1.41569 Mbps
10824[UE 1 | RB 1] Throughput = 1.19781 Mbps
10934[UE 1 | RB 1] Throughput = 0.76439 Mbps
11034[UE 1 | RB 1] Throughput = 1.31628 Mbps
11144[UE 1 | RB 1] Throughput = 1.19890 Mbps
11254[UE 1 | RB 1] Throughput = 0.65379 Mbps
11364[UE 1 | RB 1] Throughput = 1.08882 Mbps
11464[UE 1 | RB 1] Throughput = 1.19684 Mbps
11574[UE 1 | RB 1] Throughput = 1.19605 Mbps
11684[UE 1 | RB 1] Throughput = 1.09106 Mbps
12759[UE 1 | RB 1] Throughput = 0.02229 Mbps
12864[UE 1 | RB 1] Throughput = 11.81741 Mbps
12964[UE 1 | RB 1] Throughput = 0.71483 Mbps
13074[UE 1 | RB 1] Throughput = 1.31763 Mbps
13174[UE 1 | RB 1] Throughput = 1.31363 Mbps
13274[UE 1 | RB 1] Throughput = 0.71770 Mbps
13384[UE 1 | RB 1] Throughput = 1.20097 Mbps
13484[UE 1 | RB 1] Throughput = 1.31560 Mbps
13584[UE 1 | RB 1] Throughput = 0.71826 Mbps
13694[UE 1 | RB 1] Throughput = 1.20171 Mbps
13804[UE 1 | RB 1] Throughput = 1.19458 Mbps
13914[UE 1 | RB 1] Throughput = 0.65326 Mbps
14024[UE 1 | RB 1] Throughput = 1.30584 Mbps
14134[UE 1 | RB 1] Throughput = 1.09356 Mbps
14234[UE 1 | RB 1] Throughput = 1.07836 Mbps
14334[UE 1 | RB 1] Throughput = 1.07847 Mbps
14444[UE 1 | RB 1] Throughput = 1.19871 Mbps
14554[UE 1 | RB 1] Throughput = 0.98256 Mbps
14654[UE 1 | RB 1] Throughput = 1.19266 Mbps
14764[UE 1 | RB 1] Throughput = 0.65516 Mbps
14864[UE 1 | RB 1] Throughput = 1.43713 Mbps
14974[UE 1 | RB 1] Throughput = 1.08922 Mbps
15084[UE 1 | RB 1] Throughput = 0.54451 Mbps
15184[UE 1 | RB 1] Throughput = 1.31702 Mbps
15294[UE 1 | RB 1] Throughput = 1.19961 Mbps
15394[UE 1 | RB 1] Throughput = 1.07648 Mbps
15494[UE 1 | RB 1] Throughput = 0.95736 Mbps
15604[UE 1 | RB 1] Throughput = 1.31429 Mbps
15704[UE 1 | RB 1] Throughput = 0.35773 Mbps
15814[UE 1 | RB 1] Throughput = 1.63522 Mbps
15924[UE 1 | RB 1] Throughput = 0.87534 Mbps
16024[UE 1 | RB 1] Throughput = 1.31012 Mbps
16134[UE 1 | RB 1] Throughput = 1.09367 Mbps
16234[UE 1 | RB 1] Throughput = 0.95530 Mbps
16344[UE 1 | RB 1] Throughput = 1.20295 Mbps
16444[UE 1 | RB 1] Throughput = 0.83808 Mbps
16554[UE 1 | RB 1] Throughput = 1.19724 Mbps
16664[UE 1 | RB 1] Throughput = 1.08875 Mbps
18008[UE 1 | RB 1] Throughput = 0.08921 Mbps
18114[UE 1 | RB 1] Throughput = 13.00987 Mbps
18224[UE 1 | RB 1] Throughput = 0.98146 Mbps
18334[UE 1 | RB 1] Throughput = 1.19730 Mbps
18444[UE 1 | RB 1] Throughput = 1.20470 Mbps
18544[UE 1 | RB 1] Throughput = 1.19460 Mbps
18654[UE 1 | RB 1] Throughput = 0.76163 Mbps
18754[UE 1 | RB 1] Throughput = 1.43709 Mbps
18864[UE 1 | RB 1] Throughput = 0.87342 Mbps
18974[UE 1 | RB 1] Throughput = 1.19745 Mbps
19074[UE 1 | RB 1] Throughput = 1.07746 Mbps
19184[UE 1 | RB 1] Throughput = 1.19986 Mbps
19294[UE 1 | RB 1] Throughput = 0.98200 Mbps
19394[UE 1 | RB 1] Throughput = 1.07788 Mbps
19504[UE 1 | RB 1] Throughput = 1.19922 Mbps
19604[UE 1 | RB 1] Throughput = 0.59876 Mbps
19704[UE 1 | RB 1] Throughput = 1.43442 Mbps
19804[UE 1 | RB 1] Throughput = 0.71865 Mbps
19914[UE 1 | RB 1] Throughput = 1.30854 Mbps
20014[UE 1 | RB 1] Throughput = 0.71845 Mbps
20124[UE 1 | RB 1] Throughput = 1.20124 Mbps
20224[UE 1 | RB 1] Throughput = 1.31512 Mbps
20325[UE 1 | RB 1] Throughput = 1.19547 Mbps
20439[UE 1 | RB 1] Throughput = 0.73652 Mbps
20544[UE 1 | RB 1] Throughput = 1.36232 Mbps
20644[UE 1 | RB 1] Throughput = 0.71767 Mbps
20754[UE 1 | RB 1] Throughput = 1.19951 Mbps
20864[UE 1 | RB 1] Throughput = 1.20023 Mbps
20964[UE 1 | RB 1] Throughput = 0.71795 Mbps
21074[UE 1 | RB 1] Throughput = 1.19731 Mbps
21174[UE 1 | RB 1] Throughput = 1.43507 Mbps
21284[UE 1 | RB 1] Throughput = 0.65529 Mbps
21384[UE 1 | RB 1] Throughput = 1.31553 Mbps
21494[UE 1 | RB 1] Throughput = 1.30929 Mbps
21594[UE 1 | RB 1] Throughput = 0.71800 Mbps
21704[UE 1 | RB 1] Throughput = 1.30676 Mbps
21805[UE 1 | RB 1] Throughput = 0.83805 Mbps
21914[UE 1 | RB 1] Throughput = 1.31110 Mbps
22689[UE 1 | RB 1] Throughput = 0.09276 Mbps
22794[UE 1 | RB 1] Throughput = 8.32745 Mbps
22904[UE 1 | RB 1] Throughput = 0.65326 Mbps
23014[UE 1 | RB 1] Throughput = 1.30887 Mbps
23115[UE 1 | RB 1] Throughput = 0.95510 Mbps
23224[UE 1 | RB 1] Throughput = 1.20432 Mbps
23324[UE 1 | RB 1] Throughput = 0.59743 Mbps
23434[UE 1 | RB 1] Throughput = 1.52739 Mbps
23535[UE 1 | RB 1] Throughput = 1.07495 Mbps
23645[UE 1 | RB 1] Throughput = 0.65430 Mbps
23754[UE 1 | RB 1] Throughput = 1.31135 Mbps
23855[UE 1 | RB 1] Throughput = 1.31266 Mbps
23964[UE 1 | RB 1] Throughput = 0.76426 Mbps
24064[UE 1 | RB 1] Throughput = 1.31750 Mbps
24174[UE 1 | RB 1] Throughput = 0.65465 Mbps
24284[UE 1 | RB 1] Throughput = 1.30802 Mbps
25432[UE 1 | RB 1] Throughput = 0.11484 Mbps
25535[UE 1 | RB 1] Throughput = 11.90371 Mbps
25645[UE 1 | RB 1] Throughput = 1.19885 Mbps
25755[UE 1 | RB 1] Throughput = 0.65193 Mbps
25865[UE 1 | RB 1] Throughput = 1.31390 Mbps
25965[UE 1 | RB 1] Throughput = 0.71852 Mbps
26065[UE 1 | RB 1] Throughput = 1.43452 Mbps
26175[UE 1 | RB 1] Throughput = 0.76378 Mbps
26275[UE 1 | RB 1] Throughput = 1.19702 Mbps
26385[UE 1 | RB 1] Throughput = 1.20016 Mbps
26485[UE 1 | RB 1] Throughput = 1.07743 Mbps
26585[UE 1 | RB 1] Throughput = 0.95771 Mbps
26695[UE 1 | RB 1] Throughput = 0.87217 Mbps
26795[UE 1 | RB 1] Throughput = 1.43557 Mbps
26905[UE 1 | RB 1] Throughput = 1.19385 Mbps
27015[UE 1 | RB 1] Throughput = 1.08893 Mbps
27125[UE 1 | RB 1] Throughput = 1.09609 Mbps
27225[UE 1 | RB 1] Throughput = 0.95497 Mbps
27335[UE 1 | RB 1] Throughput = 0.87441 Mbps
27445[UE 1 | RB 1] Throughput = 1.20098 Mbps
27545[UE 1 | RB 1] Throughput = 1.19645 Mbps
27645[UE 1 | RB 1] Throughput = 0.71874 Mbps
27755[UE 1 | RB 1] Throughput = 1.09088 Mbps
27855[UE 1 | RB 1] Throughput = 1.19393 Mbps
27965[UE 1 | RB 1] Throughput = 1.09258 Mbps
28065[UE 1 | RB 1] Throughput = 1.07606 Mbps
28175[UE 1 | RB 1] Throughput = 1.20063 Mbps
28275[UE 1 | RB 1] Throughput = 0.71793 Mbps
28375[UE 1 | RB 1] Throughput = 1.19798 Mbps
28485[UE 1 | RB 1] Throughput = 1.30948 Mbps
28585[UE 1 | RB 1] Throughput = 0.59779 Mbps
29313[UE 1 | RB 1] Throughput = 0.08226 Mbps
29415[UE 1 | RB 1] Throughput = 8.15367 Mbps
29525[UE 1 | RB 1] Throughput = 0.98268 Mbps
29625[UE 1 | RB 1] Throughput = 1.07796 Mbps
29725[UE 1 | RB 1] Throughput = 1.43571 Mbps
29835[UE 1 | RB 1] Throughput = 1.20041 Mbps
29935[UE 1 | RB 1] Throughput = 0.59778 Mbps
30045[UE 1 | RB 1] Throughput = 1.41569 Mbps
30155[UE 1 | RB 1] Throughput = 1.08939 Mbps
30255[UE 1 | RB 1] Throughput = 1.07773 Mbps
30365[UE 1 | RB 1] Throughput = 0.76392 Mbps
30465[UE 1 | RB 1] Throughput = 1.19594 Mbps
30575[UE 1 | RB 1] Throughput = 1.08816 Mbps
30685[UE 1 | RB 1] Throughput = 1.08889 Mbps
30795[UE 1 | RB 1] Throughput = 1.09345 Mbps
30905[UE 1 | RB 1] Throughput = 1.19562 Mbps
31005[UE 1 | RB 1] Throughput = 0.95724 Mbps
31115[UE 1 | RB 1] Throughput = 1.09604 Mbps
31215[UE 1 | RB 1] Throughput = 1.19420 Mbps
31315[UE 1 | RB 1] Throughput = 0.71884 Mbps
31415[UE 1 | RB 1] Throughput = 1.31662 Mbps
31786[UE 1 | RB 1] Throughput = 0.29039 Mbps
31895[UE 1 | RB 1] Throughput = 3.75190 Mbps
32005[UE 1 | RB 1] Throughput = 0.98218 Mbps
32105[UE 1 | RB 1] Throughput = 1.31540 Mbps
32205[UE 1 | RB 1] Throughput = 0.83868 Mbps
32305[UE 1 | RB 1] Throughput = 0.95849 Mbps
32415[UE 1 | RB 1] Throughput = 1.09176 Mbps
32515[UE 1 | RB 1] Throughput = 1.07820 Mbps
32615[UE 1 | RB 1] Throughput = 1.07819 Mbps
32715[UE 1 | RB 1] Throughput = 1.31728 Mbps
32825[UE 1 | RB 1] Throughput = 1.08894 Mbps
32925[UE 1 | RB 1] Throughput = 0.71844 Mbps
33035[UE 1 | RB 1] Throughput = 1.20022 Mbps
33145[UE 1 | RB 1] Throughput = 0.87116 Mbps
33245[UE 1 | RB 1] Throughput = 1.19794 Mbps
33355[UE 1 | RB 1] Throughput = 0.98152 Mbps
33455[UE 1 | RB 1] Throughput = 1.19602 Mbps
33565[UE 1 | RB 1] Throughput = 1.09050 Mbps
33665[UE 1 | RB 1] Throughput = 1.31758 Mbps
33775[UE 1 | RB 1] Throughput = 0.98291 Mbps
33875[UE 1 | RB 1] Throughput = 0.95640 Mbps
33975[UE 1 | RB 1] Throughput = 1.07749 Mbps
34085[UE 1 | RB 1] Throughput = 1.09099 Mbps
34185[UE 1 | RB 1] Throughput = 1.07850 Mbps
34285[UE 1 | RB 1] Throughput = 0.95673 Mbps
34395[UE 1 | RB 1] Throughput = 1.09119 Mbps
34495[UE 1 | RB 1] Throughput = 1.07519 Mbps
34605[UE 1 | RB 1] Throughput = 1.08847 Mbps
34715[UE 1 | RB 1] Throughput = 1.09199 Mbps
34825[UE 1 | RB 1] Throughput = 0.87192 Mbps
34935[UE 1 | RB 1] Throughput = 1.09244 Mbps
35035[UE 1 | RB 1] Throughput = 1.31713 Mbps
35145[UE 1 | RB 1] Throughput = 0.98262 Mbps
35245[UE 1 | RB 1] Throughput = 1.07649 Mbps
35355[UE 1 | RB 1] Throughput = 1.19836 Mbps
35455[UE 1 | RB 1] Throughput = 0.71512 Mbps
35565[UE 1 | RB 1] Throughput = 1.31382 Mbps
35665[UE 1 | RB 1] Throughput = 0.95801 Mbps
35775[UE 1 | RB 1] Throughput = 1.19821 Mbps
35875[UE 1 | RB 1] Throughput = 0.95709 Mbps
35985[UE 1 | RB 1] Throughput = 1.09184 Mbps
36085[UE 1 | RB 1] Throughput = 1.19333 Mbps
36185[UE 1 | RB 1] Throughput = 0.71895 Mbps
36295[UE 1 | RB 1] Throughput = 1.30825 Mbps
36395[UE 1 | RB 1] Throughput = 1.19658 Mbps
36496[UE 1 | RB 1] Throughput = 0.95799 Mbps
36605[UE 1 | RB 1] Throughput = 1.09344 Mbps
36715[UE 1 | RB 1] Throughput = 0.76430 Mbps
36815[UE 1 | RB 1] Throughput = 1.31324 Mbps
36915[UE 1 | RB 1] Throughput = 0.71831 Mbps
37025[UE 1 | RB 1] Throughput = 1.20086 Mbps
37135[UE 1 | RB 1] Throughput = 1.19861 Mbps
37236[UE 1 | RB 1] Throughput = 1.19174 Mbps
37345[UE 1 | RB 1] Throughput = 1.09470 Mbps
37445[UE 1 | RB 1] Throughput = 1.19783 Mbps
37555[UE 1 | RB 1] Throughput = 0.97957 Mbps
37655[UE 1 | RB 1] Throughput = 0.59868 Mbps
37765[UE 1 | RB 1] Throughput = 1.42095 Mbps
37866[UE 1 | RB 1] Throughput = 0.71521 Mbps
37975[UE 1 | RB 1] Throughput = 1.42158 Mbps
38085[UE 1 | RB 1] Throughput = 1.09061 Mbps
38195[UE 1 | RB 1] Throughput = 1.09056 Mbps
38295[UE 1 | RB 1] Throughput = 1.07477 Mbps
38405[UE 1 | RB 1] Throughput = 0.97977 Mbps
38515[UE 1 | RB 1] Throughput = 0.87090 Mbps
38625[UE 1 | RB 1] Throughput = 1.19851 Mbps
38736[UE 1 | RB 1] Throughput = 1.08865 Mbps
38845[UE 1 | RB 1] Throughput = 1.09458 Mbps
38945[UE 1 | RB 1] Throughput = 1.19284 Mbps
39055[UE 1 | RB 1] Throughput = 0.98286 Mbps
39165[UE 1 | RB 1] Throughput = 1.08879 Mbps
39266[UE 1 | RB 1] Throughput = 0.95655 Mbps
39376[UE 1 | RB 1] Throughput = 1.30455 Mbps
39485[UE 1 | RB 1] Throughput = 1.09479 Mbps
39585[UE 1 | RB 1] Throughput = 0.71815 Mbps
39685[UE 1 | RB 1] Throughput = 1.19799 Mbps
39786[UE 1 | RB 1] Throughput = 1.19486 Mbps
39895[UE 1 | RB 1] Throughput = 0.98299 Mbps
40006[UE 1 | RB 1] Throughput = 1.08809 Mbps
40115[UE 1 | RB 1] Throughput = 0.98109 Mbps
40216[UE 1 | RB 1] Throughput = 0.95721 Mbps
40326[UE 1 | RB 1] Throughput = 1.30502 Mbps
40436[UE 1 | RB 1] Throughput = 1.09239 Mbps
40536[UE 1 | RB 1] Throughput = 1.19768 Mbps
40636[UE 1 | RB 1] Throughput = 0.83782 Mbps
40746[UE 1 | RB 1] Throughput = 0.98224 Mbps
40846[UE 1 | RB 1] Throughput = 1.19754 Mbps
40956[UE 1 | RB 1] Throughput = 0.98021 Mbps
41056[UE 1 | RB 1] Throughput = 0.83828 Mbps
41165[UE 1 | RB 1] Throughput = 1.31251 Mbps
41265[UE 1 | RB 1] Throughput = 0.83685 Mbps
41366[UE 1 | RB 1] Throughput = 1.19649 Mbps
41466[UE 1 | RB 1] Throughput = 1.19649 Mbps
41576[UE 1 | RB 1] Throughput = 0.98066 Mbps
41686[UE 1 | RB 1] Throughput = 1.19851 Mbps
41796[UE 1 | RB 1] Throughput = 1.09224 Mbps
41906[UE 1 | RB 1] Throughput = 1.19654 Mbps
42006[UE 1 | RB 1] Throughput = 0.83729 Mbps
42116[UE 1 | RB 1] Throughput = 0.87224 Mbps
42226[UE 1 | RB 1] Throughput = 1.31043 Mbps
42326[UE 1 | RB 1] Throughput = 1.19668 Mbps
42426[UE 1 | RB 1] Throughput = 0.71852 Mbps
42526[UE 1 | RB 1] Throughput = 1.31717 Mbps
42635[UE 1 | RB 1] Throughput = 0.76521 Mbps
42736[UE 1 | RB 1] Throughput = 1.31520 Mbps
42845[UE 1 | RB 1] Throughput = 1.20053 Mbps
42946[UE 1 | RB 1] Throughput = 1.19802 Mbps
43046[UE 1 | RB 1] Throughput = 0.71710 Mbps
43156[UE 1 | RB 1] Throughput = 1.08917 Mbps
43266[UE 1 | RB 1] Throughput = 1.31003 Mbps
43375[UE 1 | RB 1] Throughput = 0.65432 Mbps
43476[UE 1 | RB 1] Throughput = 1.31612 Mbps
43576[UE 1 | RB 1] Throughput = 0.71872 Mbps
43685[UE 1 | RB 1] Throughput = 1.31143 Mbps
43785[UE 1 | RB 1] Throughput = 1.31663 Mbps
43886[UE 1 | RB 1] Throughput = 0.83807 Mbps
43986[UE 1 | RB 1] Throughput = 0.71834 Mbps
44096[UE 1 | RB 1] Throughput = 1.30688 Mbps
44196[UE 1 | RB 1] Throughput = 1.43575 Mbps
44305[UE 1 | RB 1] Throughput = 0.65613 Mbps
44406[UE 1 | RB 1] Throughput = 1.43611 Mbps
44516[UE 1 | RB 1] Throughput = 0.65344 Mbps
44626[UE 1 | RB 1] Throughput = 1.30875 Mbps
44726[UE 1 | RB 1] Throughput = 1.31552 Mbps
44837[UE 1 | RB 1] Throughput = 0.75577 Mbps
44946[UE 1 | RB 1] Throughput = 1.21117 Mbps
45046[UE 1 | RB 1] Throughput = 0.71869 Mbps
45146[UE 1 | RB 1] Throughput = 1.31708 Mbps
45256[UE 1 | RB 1] Throughput = 1.30821 Mbps
45365[UE 1 | RB 1] Throughput = 0.54533 Mbps
45466[UE 1 | RB 1] Throughput = 1.43661 Mbps
45576[UE 1 | RB 1] Throughput = 1.30683 Mbps
45676[UE 1 | RB 1] Throughput = 0.71864 Mbps
45776[UE 1 | RB 1] Throughput = 1.31723 Mbps
45886[UE 1 | RB 1] Throughput = 0.87242 Mbps
45986[UE 1 | RB 1] Throughput = 1.19726 Mbps
46086[UE 1 | RB 1] Throughput = 0.95769 Mbps
46196[UE 1 | RB 1] Throughput = 1.30613 Mbps
46296[UE 1 | RB 1] Throughput = 0.71814 Mbps
46406[UE 1 | RB 1] Throughput = 1.20041 Mbps
46506[UE 1 | RB 1] Throughput = 1.31762 Mbps
46616[UE 1 | RB 1] Throughput = 0.87236 Mbps
46726[UE 1 | RB 1] Throughput = 1.09213 Mbps
46826[UE 1 | RB 1] Throughput = 0.00000 Mbps
46936[UE 1 | RB 1] Throughput = 2.07221 Mbps
47045[UE 1 | RB 1] Throughput = 1.20246 Mbps
47146[UE 1 | RB 1] Throughput = 0.71759 Mbps
47246[UE 1 | RB 1] Throughput = 1.43284 Mbps
47356[UE 1 | RB 1] Throughput = 0.65538 Mbps
47466[UE 1 | RB 1] Throughput = 1.30655 Mbps
47567[UE 1 | RB 1] Throughput = 0.71234 Mbps
47676[UE 1 | RB 1] Throughput = 1.31637 Mbps
47786[UE 1 | RB 1] Throughput = 1.09199 Mbps
47886[UE 1 | RB 1] Throughput = 1.19783 Mbps
47986[UE 1 | RB 1] Throughput = 1.19602 Mbps
48086[UE 1 | RB 1] Throughput = 0.83885 Mbps
48186[UE 1 | RB 1] Throughput = 1.31784 Mbps
48296[UE 1 | RB 1] Throughput = 0.76249 Mbps
48396[UE 1 | RB 1] Throughput = 1.19563 Mbps
48506[UE 1 | RB 1] Throughput = 0.98068 Mbps
48616[UE 1 | RB 1] Throughput = 1.20088 Mbps
48716[UE 1 | RB 1] Throughput = 0.71884 Mbps
48816[UE 1 | RB 1] Throughput = 1.31690 Mbps
48926[UE 1 | RB 1] Throughput = 1.20085 Mbps
49026[UE 1 | RB 1] Throughput = 0.71838 Mbps
49126[UE 1 | RB 1] Throughput = 1.31675 Mbps
49236[UE 1 | RB 1] Throughput = 1.09216 Mbps
49336[UE 1 | RB 1] Throughput = 0.59836 Mbps
49446[UE 1 | RB 1] Throughput = 1.20166 Mbps
49546[UE 1 | RB 1] Throughput = 1.43563 Mbps
49646[UE 1 | RB 1] Throughput = 0.71732 Mbps
49756[UE 1 | RB 1] Throughput = 1.19956 Mbps
49866[UE 1 | RB 1] Throughput = 0.98310 Mbps
49976[UE 1 | RB 1] Throughput = 1.30539 Mbps
50076[UE 1 | RB 1] Throughput = 0.71849 Mbps
50176[UE 1 | RB 1] Throughput = 1.43385 Mbps
50286[UE 1 | RB 1] Throughput = 1.09379 Mbps
50386[UE 1 | RB 1] Throughput = 0.71889 Mbps
50486[UE 1 | RB 1] Throughput = 1.31343 Mbps
50597[UE 1 | RB 1] Throughput = 0.65169 Mbps
50706[UE 1 | RB 1] Throughput = 1.20348 Mbps
50816[UE 1 | RB 1] Throughput = 1.30635 Mbps
50916[UE 1 | RB 1] Throughput = 0.71891 Mbps
51017[UE 1 | RB 1] Throughput = 1.43120 Mbps
51126[UE 1 | RB 1] Throughput = 1.20240 Mbps
51236[UE 1 | RB 1] Throughput = 0.65292 Mbps
51346[UE 1 | RB 1] Throughput = 1.31057 Mbps
51456[UE 1 | RB 1] Throughput = 1.30545 Mbps
51566[UE 1 | RB 1] Throughput = 0.76556 Mbps
51666[UE 1 | RB 1] Throughput = 1.07512 Mbps
51776[UE 1 | RB 1] Throughput = 1.20028 Mbps
51876[UE 1 | RB 1] Throughput = 1.31627 Mbps
51976[UE 1 | RB 1] Throughput = 0.71799 Mbps
52086[UE 1 | RB 1] Throughput = 1.20155 Mbps
52186[UE 1 | RB 1] Throughput = 1.07716 Mbps
52296[UE 1 | RB 1] Throughput = 0.98050 Mbps
52406[UE 1 | RB 1] Throughput = 1.09084 Mbps
52516[UE 1 | RB 1] Throughput = 1.30710 Mbps
52616[UE 1 | RB 1] Throughput = 0.71792 Mbps
52726[UE 1 | RB 1] Throughput = 1.30865 Mbps
52826[UE 1 | RB 1] Throughput = 0.71649 Mbps
52936[UE 1 | RB 1] Throughput = 1.30948 Mbps
53037[UE 1 | RB 1] Throughput = 0.71708 Mbps
53137[UE 1 | RB 1] Throughput = 1.43771 Mbps
53246[UE 1 | RB 1] Throughput = 0.65498 Mbps
53356[UE 1 | RB 1] Throughput = 1.31173 Mbps
53456[UE 1 | RB 1] Throughput = 1.19805 Mbps
53566[UE 1 | RB 1] Throughput = 1.08787 Mbps
53666[UE 1 | RB 1] Throughput = 0.83658 Mbps
53776[UE 1 | RB 1] Throughput = 0.87574 Mbps
53876[UE 1 | RB 1] Throughput = 1.07851 Mbps
53976[UE 1 | RB 1] Throughput = 1.07852 Mbps
54076[UE 1 | RB 1] Throughput = 1.07364 Mbps
54186[UE 1 | RB 1] Throughput = 0.98058 Mbps
54297[UE 1 | RB 1] Throughput = 1.63178 Mbps
54406[UE 1 | RB 1] Throughput = 0.65525 Mbps
54506[UE 1 | RB 1] Throughput = 1.43766 Mbps
54616[UE 1 | RB 1] Throughput = 0.65524 Mbps
54716[UE 1 | RB 1] Throughput = 1.19565 Mbps
54816[UE 1 | RB 1] Throughput = 1.43492 Mbps
54926[UE 1 | RB 1] Throughput = 1.20530 Mbps
55026[UE 1 | RB 1] Throughput = 0.83496 Mbps
55136[UE 1 | RB 1] Throughput = 1.19900 Mbps
55246[UE 1 | RB 1] Throughput = 0.76427 Mbps
55346[UE 1 | RB 1] Throughput = 1.43610 Mbps
55446[UE 1 | RB 1] Throughput = 0.71728 Mbps
55546[UE 1 | RB 1] Throughput = 1.43667 Mbps
55656[UE 1 | RB 1] Throughput = 0.65454 Mbps
55757[UE 1 | RB 1] Throughput = 1.30593 Mbps
55866[UE 1 | RB 1] Throughput = 1.20846 Mbps
55966[UE 1 | RB 1] Throughput = 1.19788 Mbps
56076[UE 1 | RB 1] Throughput = 0.54444 Mbps
59037[UE 1 | RB 1] Throughput = 0.04453 Mbps
59137[UE 1 | RB 1] Throughput = 31.57871 Mbps
59246[UE 1 | RB 1] Throughput = 1.09352 Mbps
59348[UE 1 | RB 1] Throughput = 0.82833 Mbps
59457[UE 1 | RB 1] Throughput = 1.09986 Mbps
59567[UE 1 | RB 1] Throughput = 1.30752 Mbps
59667[UE 1 | RB 1] Throughput = 1.07818 Mbps
59767[UE 1 | RB 1] Throughput = 1.19832 Mbps
59877[UE 1 | RB 1] Throughput = 0.98161 Mbps
59977[UE 1 | RB 1] Throughput = 1.07840 Mbps
60077[UE 1 | RB 1] Throughput = 1.07745 Mbps
60177[UE 1 | RB 1] Throughput = 0.71844 Mbps
60277[UE 1 | RB 1] Throughput = 1.31590 Mbps
60386[UE 1 | RB 1] Throughput = 1.09386 Mbps
60497[UE 1 | RB 1] Throughput = 1.08711 Mbps
60607[UE 1 | RB 1] Throughput = 1.09014 Mbps
60707[UE 1 | RB 1] Throughput = 0.83888 Mbps
60807[UE 1 | RB 1] Throughput = 1.19719 Mbps
60917[UE 1 | RB 1] Throughput = 1.09070 Mbps
61017[UE 1 | RB 1] Throughput = 0.95477 Mbps
61126[UE 1 | RB 1] Throughput = 1.09492 Mbps
61227[UE 1 | RB 1] Throughput = 1.31546 Mbps
61327[UE 1 | RB 1] Throughput = 0.59674 Mbps
61437[UE 1 | RB 1] Throughput = 1.42095 Mbps
61537[UE 1 | RB 1] Throughput = 1.07830 Mbps
61637[UE 1 | RB 1] Throughput = 1.19695 Mbps
61737[UE 1 | RB 1] Throughput = 0.71798 Mbps
61847[UE 1 | RB 1] Throughput = 1.20029 Mbps
61957[UE 1 | RB 1] Throughput = 1.09132 Mbps
62067[UE 1 | RB 1] Throughput = 1.09082 Mbps
62167[UE 1 | RB 1] Throughput = 0.71678 Mbps
62277[UE 1 | RB 1] Throughput = 1.52860 Mbps
62377[UE 1 | RB 1] Throughput = 0.95862 Mbps
62477[UE 1 | RB 1] Throughput = 0.83717 Mbps
62587[UE 1 | RB 1] Throughput = 1.30976 Mbps
62687[UE 1 | RB 1] Throughput = 1.19621 Mbps
62787[UE 1 | RB 1] Throughput = 1.07700 Mbps
63048[UE 1 | RB 1] Throughput = 0.00000 Mbps
63157[UE 1 | RB 1] Throughput = 3.29626 Mbps
63267[UE 1 | RB 1] Throughput = 0.98484 Mbps
63367[UE 1 | RB 1] Throughput = 1.19471 Mbps
63477[UE 1 | RB 1] Throughput = 1.20098 Mbps
63577[UE 1 | RB 1] Throughput = 1.19613 Mbps
63677[UE 1 | RB 1] Throughput = 0.59878 Mbps
63786[UE 1 | RB 1] Throughput = 1.31345 Mbps
63887[UE 1 | RB 1] Throughput = 1.19439 Mbps
63997[UE 1 | RB 1] Throughput = 1.20069 Mbps
64097[UE 1 | RB 1] Throughput = 0.71709 Mbps
64207[UE 1 | RB 1] Throughput = 1.08632 Mbps
64317[UE 1 | RB 1] Throughput = 1.09256 Mbps
64420[UE 1 | RB 1] Throughput = 1.04689 Mbps
64527[UE 1 | RB 1] Throughput = 1.11905 Mbps
64637[UE 1 | RB 1] Throughput = 1.19981 Mbps
64747[UE 1 | RB 1] Throughput = 1.09159 Mbps
64847[UE 1 | RB 1] Throughput = 0.71890 Mbps
64957[UE 1 | RB 1] Throughput = 1.08962 Mbps
65057[UE 1 | RB 1] Throughput = 1.31590 Mbps
65157[UE 1 | RB 1] Throughput = 1.19727 Mbps
65257[UE 1 | RB 1] Throughput = 0.59798 Mbps
65367[UE 1 | RB 1] Throughput = 1.20322 Mbps
65467[UE 1 | RB 1] Throughput = 1.19459 Mbps
65577[UE 1 | RB 1] Throughput = 1.20129 Mbps
65677[UE 1 | RB 1] Throughput = 0.71821 Mbps
65777[UE 1 | RB 1] Throughput = 1.31602 Mbps
65877[UE 1 | RB 1] Throughput = 0.59911 Mbps
65987[UE 1 | RB 1] Throughput = 1.52655 Mbps
66097[UE 1 | RB 1] Throughput = 1.09232 Mbps
66197[UE 1 | RB 1] Throughput = 0.59756 Mbps
66297[UE 1 | RB 1] Throughput = 1.55680 Mbps
66397[UE 1 | RB 1] Throughput = 0.71793 Mbps
66507[UE 1 | RB 1] Throughput = 1.09183 Mbps
66607[UE 1 | RB 1] Throughput = 0.83680 Mbps
66717[UE 1 | RB 1] Throughput = 1.41864 Mbps
66827[UE 1 | RB 1] Throughput = 1.08475 Mbps
66937[UE 1 | RB 1] Throughput = 1.09543 Mbps
67037[UE 1 | RB 1] Throughput = 1.07679 Mbps
67147[UE 1 | RB 1] Throughput = 1.20088 Mbps
67247[UE 1 | RB 1] Throughput = 1.07210 Mbps
67357[UE 1 | RB 1] Throughput = 0.98350 Mbps
67457[UE 1 | RB 1] Throughput = 1.07843 Mbps
67567[UE 1 | RB 1] Throughput = 1.09108 Mbps
67678[UE 1 | RB 1] Throughput = 0.64947 Mbps
70749[UE 1 | RB 1] Throughput = 0.01171 Mbps
70857[UE 1 | RB 1] Throughput = 31.17367 Mbps
70957[UE 1 | RB 1] Throughput = 1.31318 Mbps
71057[UE 1 | RB 1] Throughput = 1.31678 Mbps
71157[UE 1 | RB 1] Throughput = 0.59918 Mbps
71267[UE 1 | RB 1] Throughput = 1.30711 Mbps
71378[UE 1 | RB 1] Throughput = 1.08664 Mbps
71487[UE 1 | RB 1] Throughput = 0.98407 Mbps
71587[UE 1 | RB 1] Throughput = 1.31611 Mbps
71697[UE 1 | RB 1] Throughput = 1.09235 Mbps
71807[UE 1 | RB 1] Throughput = 1.09098 Mbps
71907[UE 1 | RB 1] Throughput = 0.83716 Mbps
72017[UE 1 | RB 1] Throughput = 1.20203 Mbps
72117[UE 1 | RB 1] Throughput = 1.19566 Mbps
72227[UE 1 | RB 1] Throughput = 0.87219 Mbps
72327[UE 1 | RB 1] Throughput = 1.19637 Mbps
72437[UE 1 | RB 1] Throughput = 0.65329 Mbps
72537[UE 1 | RB 1] Throughput = 1.31811 Mbps
72637[UE 1 | RB 1] Throughput = 0.71740 Mbps
72747[UE 1 | RB 1] Throughput = 1.52526 Mbps
72847[UE 1 | RB 1] Throughput = 0.71861 Mbps
72957[UE 1 | RB 1] Throughput = 1.20129 Mbps
73057[UE 1 | RB 1] Throughput = 1.19559 Mbps
73158[UE 1 | RB 1] Throughput = 1.31636 Mbps
73268[UE 1 | RB 1] Throughput = 0.54447 Mbps
73377[UE 1 | RB 1] Throughput = 1.09342 Mbps
73487[UE 1 | RB 1] Throughput = 1.19872 Mbps
73587[UE 1 | RB 1] Throughput = 1.31524 Mbps
73697[UE 1 | RB 1] Throughput = 0.98264 Mbps
73797[UE 1 | RB 1] Throughput = 1.07482 Mbps
73907[UE 1 | RB 1] Throughput = 0.98699 Mbps
74007[UE 1 | RB 1] Throughput = 1.19180 Mbps
74117[UE 1 | RB 1] Throughput = 0.98007 Mbps
74218[UE 1 | RB 1] Throughput = 1.31524 Mbps
74318[UE 1 | RB 1] Throughput = 0.83858 Mbps
74427[UE 1 | RB 1] Throughput = 0.98498 Mbps
74527[UE 1 | RB 1] Throughput = 1.31457 Mbps
74628[UE 1 | RB 1] Throughput = 0.83799 Mbps
74737[UE 1 | RB 1] Throughput = 1.30833 Mbps
74847[UE 1 | RB 1] Throughput = 0.65463 Mbps
74948[UE 1 | RB 1] Throughput = 1.43080 Mbps
75057[UE 1 | RB 1] Throughput = 1.09511 Mbps
75157[UE 1 | RB 1] Throughput = 0.71817 Mbps
75267[UE 1 | RB 1] Throughput = 1.41581 Mbps
75377[UE 1 | RB 1] Throughput = 1.09285 Mbps
75477[UE 1 | RB 1] Throughput = 0.95584 Mbps
75588[UE 1 | RB 1] Throughput = 1.08718 Mbps
75697[UE 1 | RB 1] Throughput = 1.09411 Mbps
75807[UE 1 | RB 1] Throughput = 0.97956 Mbps
75917[UE 1 | RB 1] Throughput = 1.20048 Mbps
76017[UE 1 | RB 1] Throughput = 1.07725 Mbps
76117[UE 1 | RB 1] Throughput = 1.07546 Mbps
76228[UE 1 | RB 1] Throughput = 1.08622 Mbps
76338[UE 1 | RB 1] Throughput = 0.65451 Mbps
76447[UE 1 | RB 1] Throughput = 1.31069 Mbps
76547[UE 1 | RB 1] Throughput = 1.07779 Mbps
76657[UE 1 | RB 1] Throughput = 1.09088 Mbps
76767[UE 1 | RB 1] Throughput = 0.87118 Mbps
76868[UE 1 | RB 1] Throughput = 1.19122 Mbps
76977[UE 1 | RB 1] Throughput = 1.09395 Mbps
77078[UE 1 | RB 1] Throughput = 1.07791 Mbps
77188[UE 1 | RB 1] Throughput = 0.87133 Mbps
77288[UE 1 | RB 1] Throughput = 1.31794 Mbps
77388[UE 1 | RB 1] Throughput = 1.07588 Mbps
77498[UE 1 | RB 1] Throughput = 1.19793 Mbps
77607[UE 1 | RB 1] Throughput = 0.87562 Mbps
77708[UE 1 | RB 1] Throughput = 1.07644 Mbps
77808[UE 1 | RB 1] Throughput = 0.95800 Mbps
77917[UE 1 | RB 1] Throughput = 1.19991 Mbps
78027[UE 1 | RB 1] Throughput = 0.76261 Mbps
78137[UE 1 | RB 1] Throughput = 1.09286 Mbps
78247[UE 1 | RB 1] Throughput = 1.19737 Mbps
78348[UE 1 | RB 1] Throughput = 1.31129 Mbps
78457[UE 1 | RB 1] Throughput = 0.76460 Mbps
78568[UE 1 | RB 1] Throughput = 1.19770 Mbps
78668[UE 1 | RB 1] Throughput = 1.31721 Mbps
78777[UE 1 | RB 1] Throughput = 0.65636 Mbps
78878[UE 1 | RB 1] Throughput = 1.43234 Mbps
78988[UE 1 | RB 1] Throughput = 1.19804 Mbps
79088[UE 1 | RB 1] Throughput = 0.59757 Mbps
79198[UE 1 | RB 1] Throughput = 1.20164 Mbps
79308[UE 1 | RB 1] Throughput = 1.19661 Mbps
79417[UE 1 | RB 1] Throughput = 1.09371 Mbps
79527[UE 1 | RB 1] Throughput = 0.87059 Mbps
79637[UE 1 | RB 1] Throughput = 0.65636 Mbps
79738[UE 1 | RB 1] Throughput = 1.65701 Mbps
79847[UE 1 | RB 1] Throughput = 1.20693 Mbps
79948[UE 1 | RB 1] Throughput = 1.07474 Mbps
80048[UE 1 | RB 1] Throughput = 0.71892 Mbps
80158[UE 1 | RB 1] Throughput = 1.09041 Mbps
80268[UE 1 | RB 1] Throughput = 1.20098 Mbps
80368[UE 1 | RB 1] Throughput = 0.83831 Mbps
80468[UE 1 | RB 1] Throughput = 1.31771 Mbps
80684[UE 1 | RB 1] Throughput = 0.27701 Mbps
80788[UE 1 | RB 1] Throughput = 3.00389 Mbps
80888[UE 1 | RB 1] Throughput = 0.59885 Mbps
80988[UE 1 | RB 1] Throughput = 1.19814 Mbps
81088[UE 1 | RB 1] Throughput = 1.19814 Mbps
81198[UE 1 | RB 1] Throughput = 0.76293 Mbps
81298[UE 1 | RB 1] Throughput = 1.31594 Mbps
81408[UE 1 | RB 1] Throughput = 1.30758 Mbps
81518[UE 1 | RB 1] Throughput = 0.54604 Mbps
81627[UE 1 | RB 1] Throughput = 1.31057 Mbps
81728[UE 1 | RB 1] Throughput = 0.83419 Mbps
81828[UE 1 | RB 1] Throughput = 1.43484 Mbps
81938[UE 1 | RB 1] Throughput = 0.65623 Mbps
82048[UE 1 | RB 1] Throughput = 1.30591 Mbps
82158[UE 1 | RB 1] Throughput = 1.09086 Mbps
82268[UE 1 | RB 1] Throughput = 1.30884 Mbps
82368[UE 1 | RB 1] Throughput = 0.59758 Mbps
82468[UE 1 | RB 1] Throughput = 1.31665 Mbps
82577[UE 1 | RB 1] Throughput = 1.09454 Mbps
82678[UE 1 | RB 1] Throughput = 1.31389 Mbps
82778[UE 1 | RB 1] Throughput = 0.71778 Mbps
82888[UE 1 | RB 1] Throughput = 0.98025 Mbps
82998[UE 1 | RB 1] Throughput = 1.30983 Mbps
83098[UE 1 | RB 1] Throughput = 1.07756 Mbps
83208[UE 1 | RB 1] Throughput = 1.09134 Mbps
83308[UE 1 | RB 1] Throughput = 1.19496 Mbps
83418[UE 1 | RB 1] Throughput = 1.09232 Mbps
83518[UE 1 | RB 1] Throughput = 0.59880 Mbps
83628[UE 1 | RB 1] Throughput = 1.41683 Mbps
83738[UE 1 | RB 1] Throughput = 0.86988 Mbps
83838[UE 1 | RB 1] Throughput = 1.31606 Mbps
83948[UE 1 | RB 1] Throughput = 0.87411 Mbps
84048[UE 1 | RB 1] Throughput = 1.31623 Mbps
84158[UE 1 | RB 1] Throughput = 0.65404 Mbps
84258[UE 1 | RB 1] Throughput = 1.31600 Mbps
84368[UE 1 | RB 1] Throughput = 1.20216 Mbps
87516[UE 1 | RB 1] Throughput = 0.01903 Mbps
87618[UE 1 | RB 1] Throughput = 33.56467 Mbps
87718[UE 1 | RB 1] Throughput = 1.19266 Mbps
87818[UE 1 | RB 1] Throughput = 0.47877 Mbps
87928[UE 1 | RB 1] Throughput = 1.52489 Mbps
88038[UE 1 | RB 1] Throughput = 1.09029 Mbps
88148[UE 1 | RB 1] Throughput = 0.87136 Mbps
88249[UE 1 | RB 1] Throughput = 1.07591 Mbps
88358[UE 1 | RB 1] Throughput = 0.87619 Mbps
88458[UE 1 | RB 1] Throughput = 1.31628 Mbps
88568[UE 1 | RB 1] Throughput = 1.20005 Mbps
[xApp]: E42 RIC_SUBSCRIPTION_DELETE_REQUEST tx RAN_FUNC_ID 144 RIC_REQ_ID 1 
91229[UE 1 | RB 1] Throughput = 0.02702 Mbps
[xApp]: E42 SUBSCRIPTION DELETE RESPONSE rx
[xApp]: E42 RIC_SUBSCRIPTION_DELETE_REQUEST tx RAN_FUNC_ID 144 RIC_REQ_ID 2 
[xApp]: E42 SUBSCRIPTION DELETE RESPONSE rx
[xApp]: E42 RIC_SUBSCRIPTION_DELETE_REQUEST tx RAN_FUNC_ID 144 RIC_REQ_ID 3 
[xApp]: E42 SUBSCRIPTION DELETE RESPONSE rx
[xApp]: Sucessfully stopped 
Test xApp run SUCCESSFULLY
