------------------------------------------------------------
Server listening on UDP port 5001
UDP buffer size:  208 KByte (default)
------------------------------------------------------------
[  1] local 12.1.1.1 port 5001 connected with 12.1.1.33 port 54369
[  2] local 12.1.1.1 port 5001 connected with 12.1.1.41 port 33495
[  3] local 12.1.1.1 port 5001 connected with 12.1.1.38 port 59811
[  4] local 12.1.1.1 port 5001 connected with 12.1.1.36 port 58879
[  5] local 12.1.1.1 port 5001 connected with 12.1.1.34 port 40443
[  6] local 12.1.1.1 port 5001 connected with 12.1.1.40 port 51079
[  7] local 12.1.1.1 port 5001 connected with 12.1.1.37 port 38299
[  8] local 12.1.1.1 port 5001 connected with 12.1.1.35 port 51857
[  9] local 12.1.1.1 port 5001 connected with 12.1.1.32 port 36492
[ 10] local 12.1.1.1 port 5001 connected with 12.1.1.39 port 35626
[ ID] Interval       Transfer     Bandwidth        Jitter   Lost/Total Datagrams
[  2] 0.0000-1.0000 sec  74.6 KBytes   612 Kbits/sec  16.877 ms 6266/6318 (99%)
[  1] 0.0000-1.0000 sec  84.7 KBytes   694 Kbits/sec  12.820 ms 7400/7459 (99%)
[  3] 0.0000-1.0000 sec  73.2 KBytes   600 Kbits/sec  15.948 ms 6264/6315 (99%)
[  4] 0.0000-1.0000 sec  86.1 KBytes   706 Kbits/sec  12.338 ms 7397/7457 (99%)
[  6] 0.0000-1.0000 sec  74.6 KBytes   612 Kbits/sec  15.847 ms 6312/6364 (99%)
[  5] 0.0000-1.0000 sec  84.7 KBytes   694 Kbits/sec  13.186 ms 7431/7490 (99%)
[  7] 0.0000-1.0000 sec  73.2 KBytes   600 Kbits/sec  15.782 ms 6343/6394 (99%)
[ 10] 0.0000-1.0000 sec  76.1 KBytes   623 Kbits/sec  15.235 ms 6344/6397 (99%)
[  9] 0.0000-1.0000 sec  84.7 KBytes   694 Kbits/sec  12.937 ms 7402/7461 (99%)
[  8] 0.0000-1.0000 sec  84.7 KBytes   694 Kbits/sec  12.558 ms 7397/7456 (99%)
[  1] 1.0000-2.0000 sec  63.2 KBytes   517 Kbits/sec  16.866 ms 0/44 (0%)
[  2] 1.0000-2.0000 sec  86.1 KBytes   706 Kbits/sec  14.344 ms 0/60 (0%)
[  4] 1.0000-2.0000 sec  63.2 KBytes   517 Kbits/sec  16.574 ms 0/44 (0%)
[  5] 1.0000-2.0000 sec  64.6 KBytes   529 Kbits/sec  17.195 ms 0/45 (0%)
[  3] 1.0000-2.0000 sec  84.7 KBytes   694 Kbits/sec  14.440 ms 0/59 (0%)
[  6] 1.0000-2.0000 sec  84.7 KBytes   694 Kbits/sec  14.777 ms 0/59 (0%)
[  9] 1.0000-2.0000 sec  63.2 KBytes   517 Kbits/sec  17.846 ms 0/44 (0%)
[  8] 1.0000-2.0000 sec  64.6 KBytes   529 Kbits/sec  16.647 ms 0/45 (0%)
[  7] 1.0000-2.0000 sec  84.7 KBytes   694 Kbits/sec  14.964 ms 0/59 (0%)
[ 10] 1.0000-2.0000 sec  84.7 KBytes   694 Kbits/sec  14.766 ms 0/59 (0%)
[  1] 2.0000-3.0000 sec  73.2 KBytes   600 Kbits/sec  14.159 ms 0/51 (0%)
[  2] 2.0000-3.0000 sec  73.2 KBytes   600 Kbits/sec  15.369 ms 0/51 (0%)
[  3] 2.0000-3.0000 sec  76.1 KBytes   623 Kbits/sec  15.284 ms 0/53 (0%)
[  5] 2.0000-3.0000 sec  73.2 KBytes   600 Kbits/sec  14.497 ms 0/51 (0%)
[  6] 2.0000-3.0000 sec  73.2 KBytes   600 Kbits/sec  15.446 ms 0/51 (0%)
[  7] 2.0000-3.0000 sec  76.1 KBytes   623 Kbits/sec  15.223 ms 0/53 (0%)
[  9] 2.0000-3.0000 sec  76.1 KBytes   623 Kbits/sec  22.175 ms 0/53 (0%)
[  4] 2.0000-3.0000 sec  84.7 KBytes   694 Kbits/sec  14.521 ms 0/59 (0%)
[  8] 2.0000-3.0000 sec  84.7 KBytes   694 Kbits/sec  14.436 ms 0/59 (0%)
[ 10] 2.0000-3.0000 sec  84.7 KBytes   694 Kbits/sec  14.470 ms 0/59 (0%)
[  2] 3.0000-4.0000 sec  84.7 KBytes   694 Kbits/sec  15.109 ms 0/59 (0%)
[  3] 3.0000-4.0000 sec  84.7 KBytes   694 Kbits/sec  14.427 ms 0/59 (0%)
[  6] 3.0000-4.0000 sec  84.7 KBytes   694 Kbits/sec  14.611 ms 0/59 (0%)
[  4] 3.0000-4.0000 sec  74.6 KBytes   612 Kbits/sec  15.586 ms 0/52 (0%)
[  1] 3.0000-4.0000 sec  84.7 KBytes   694 Kbits/sec  14.787 ms 0/59 (0%)
[  7] 3.0000-4.0000 sec  84.7 KBytes   694 Kbits/sec  13.834 ms 0/59 (0%)
[ 10] 3.0000-4.0000 sec  73.2 KBytes   600 Kbits/sec  13.534 ms 0/51 (0%)
[  5] 3.0000-4.0000 sec  86.1 KBytes   706 Kbits/sec  14.532 ms 0/60 (0%)
[  8] 3.0000-4.0000 sec  74.6 KBytes   612 Kbits/sec  15.137 ms 0/52 (0%)
[  9] 3.0000-4.0000 sec  81.8 KBytes   670 Kbits/sec  15.640 ms 0/57 (0%)
[  1] 4.0000-5.0000 sec  66.0 KBytes   541 Kbits/sec  22.072 ms 0/46 (0%)
[  3] 4.0000-5.0000 sec  84.7 KBytes   694 Kbits/sec  14.249 ms 0/59 (0%)
[  2] 4.0000-5.0000 sec  84.7 KBytes   694 Kbits/sec  14.639 ms 0/59 (0%)
[  4] 4.0000-5.0000 sec  73.2 KBytes   600 Kbits/sec  15.577 ms 0/51 (0%)
[  7] 4.0000-5.0000 sec  86.1 KBytes   706 Kbits/sec  13.297 ms 0/60 (0%)
[  6] 4.0000-5.0000 sec  86.1 KBytes   706 Kbits/sec  13.819 ms 0/60 (0%)
[  5] 4.0000-5.0000 sec  74.6 KBytes   612 Kbits/sec  15.188 ms 0/52 (0%)
[ 10] 4.0000-5.0000 sec  84.7 KBytes   694 Kbits/sec  14.119 ms 0/59 (0%)
[  8] 4.0000-5.0000 sec  73.2 KBytes   600 Kbits/sec  14.890 ms 0/51 (0%)
[  9] 4.0000-5.0000 sec  77.5 KBytes   635 Kbits/sec  14.422 ms 0/54 (0%)
[  4] 5.0000-6.0000 sec  77.5 KBytes   635 Kbits/sec  12.808 ms 0/54 (0%)
[  1] 5.0000-6.0000 sec  83.3 KBytes   682 Kbits/sec  13.230 ms 0/58 (0%)
[  2] 5.0000-6.0000 sec  84.7 KBytes   694 Kbits/sec  13.855 ms 0/59 (0%)
[  3] 5.0000-6.0000 sec  84.7 KBytes   694 Kbits/sec  13.320 ms 0/59 (0%)
[  5] 5.0000-6.0000 sec  73.2 KBytes   600 Kbits/sec  12.938 ms 0/51 (0%)
[  6] 5.0000-6.0000 sec  84.7 KBytes   694 Kbits/sec  13.043 ms 0/59 (0%)
[  7] 5.0000-6.0000 sec  84.7 KBytes   694 Kbits/sec  12.629 ms 0/59 (0%)
[  9] 5.0000-6.0000 sec  74.6 KBytes   612 Kbits/sec  19.257 ms 0/52 (0%)
[ 10] 5.0000-6.0000 sec  86.1 KBytes   706 Kbits/sec  12.869 ms 0/60 (0%)
[  8] 5.0000-6.0000 sec  84.7 KBytes   694 Kbits/sec  12.520 ms 0/59 (0%)
[  1] 6.0000-7.0000 sec  84.7 KBytes   694 Kbits/sec  14.511 ms 0/59 (0%)
[  4] 6.0000-7.0000 sec  84.7 KBytes   694 Kbits/sec  14.594 ms 0/59 (0%)
[  2] 6.0000-7.0000 sec  84.7 KBytes   694 Kbits/sec  15.112 ms 0/59 (0%)
[  5] 6.0000-7.0000 sec  84.7 KBytes   694 Kbits/sec  14.695 ms 0/59 (0%)
[  3] 6.0000-7.0000 sec  86.1 KBytes   706 Kbits/sec  14.269 ms 0/60 (0%)
[  8] 6.0000-7.0000 sec  76.1 KBytes   623 Kbits/sec  14.576 ms 0/53 (0%)
[  6] 6.0000-7.0000 sec  84.7 KBytes   694 Kbits/sec  15.011 ms 0/59 (0%)
[  9] 6.0000-7.0000 sec  83.3 KBytes   682 Kbits/sec  14.108 ms 0/58 (0%)
[  7] 6.0000-7.0000 sec  84.7 KBytes   694 Kbits/sec  15.168 ms 0/59 (0%)
[ 10] 6.0000-7.0000 sec  84.7 KBytes   694 Kbits/sec  14.880 ms 0/59 (0%)
[  1] 7.0000-8.0000 sec  84.7 KBytes   694 Kbits/sec  13.372 ms 0/59 (0%)
[  4] 7.0000-8.0000 sec  84.7 KBytes   694 Kbits/sec  13.682 ms 0/59 (0%)
[  2] 7.0000-8.0000 sec  86.1 KBytes   706 Kbits/sec  14.309 ms 0/60 (0%)
[  3] 7.0000-8.0000 sec  84.7 KBytes   694 Kbits/sec  13.595 ms 0/59 (0%)
[  5] 7.0000-8.0000 sec  86.1 KBytes   706 Kbits/sec  12.927 ms 0/60 (0%)
[  8] 7.0000-8.0000 sec  84.7 KBytes   694 Kbits/sec  14.332 ms 0/59 (0%)
[  6] 7.0000-8.0000 sec  84.7 KBytes   694 Kbits/sec  14.061 ms 0/59 (0%)
[  7] 7.0000-8.0000 sec  84.7 KBytes   694 Kbits/sec  13.789 ms 0/59 (0%)
[ 10] 7.0000-8.0000 sec  84.7 KBytes   694 Kbits/sec  13.301 ms 0/59 (0%)
[  9] 7.0000-8.0000 sec  84.7 KBytes   694 Kbits/sec  13.726 ms 0/59 (0%)
[  2] 8.0000-9.0000 sec  76.1 KBytes   623 Kbits/sec  15.850 ms 0/53 (0%)
[  1] 8.0000-9.0000 sec  84.7 KBytes   694 Kbits/sec  13.185 ms 0/59 (0%)
[  4] 8.0000-9.0000 sec  84.7 KBytes   694 Kbits/sec  13.026 ms 0/59 (0%)
[  3] 8.0000-9.0000 sec  73.2 KBytes   600 Kbits/sec  15.384 ms 0/51 (0%)
[  6] 8.0000-9.0000 sec  76.1 KBytes   623 Kbits/sec  15.655 ms 0/53 (0%)
[  5] 8.0000-9.0000 sec  84.7 KBytes   694 Kbits/sec  12.701 ms 0/59 (0%)
[  8] 8.0000-9.0000 sec  84.7 KBytes   694 Kbits/sec  13.618 ms 0/59 (0%)
[ 10] 8.0000-9.0000 sec  74.6 KBytes   612 Kbits/sec  16.202 ms 0/52 (0%)
[  7] 8.0000-9.0000 sec  73.2 KBytes   600 Kbits/sec  15.517 ms 0/51 (0%)
[  9] 8.0000-9.0000 sec  84.7 KBytes   694 Kbits/sec  12.807 ms 0/59 (0%)
[  2] 9.0000-10.0000 sec  73.2 KBytes   600 Kbits/sec  14.502 ms 0/51 (0%)
[  3] 9.0000-10.0000 sec  74.6 KBytes   612 Kbits/sec  14.945 ms 0/52 (0%)
[  1] 9.0000-10.0000 sec  76.1 KBytes   623 Kbits/sec  14.214 ms 0/53 (0%)
[  4] 9.0000-10.0000 sec  73.2 KBytes   600 Kbits/sec  14.378 ms 0/51 (0%)
[  6] 9.0000-10.0000 sec  74.6 KBytes   612 Kbits/sec  22.582 ms 0/52 (0%)
[  5] 9.0000-10.0000 sec  74.6 KBytes   612 Kbits/sec  15.710 ms 0/52 (0%)
[  8] 9.0000-10.0000 sec  73.2 KBytes   600 Kbits/sec  16.211 ms 0/51 (0%)
[  9] 9.0000-10.0000 sec  76.1 KBytes   623 Kbits/sec  14.592 ms 0/53 (0%)
[  7] 9.0000-10.0000 sec  84.7 KBytes   694 Kbits/sec  13.928 ms 0/59 (0%)
[ 10] 9.0000-10.0000 sec  86.1 KBytes   706 Kbits/sec  13.755 ms 0/60 (0%)
[  1] 10.0000-11.0000 sec  93.3 KBytes   764 Kbits/sec  12.774 ms 0/65 (0%)
[  4] 10.0000-11.0000 sec  97.6 KBytes   800 Kbits/sec  11.910 ms 0/68 (0%)
[  2] 10.0000-11.0000 sec  84.7 KBytes   694 Kbits/sec  14.939 ms 0/59 (0%)
[  3] 10.0000-11.0000 sec  84.7 KBytes   694 Kbits/sec  15.614 ms 0/59 (0%)
[  5] 10.0000-11.0000 sec  94.7 KBytes   776 Kbits/sec  12.303 ms 0/66 (0%)
[  8] 10.0000-11.0000 sec  96.2 KBytes   788 Kbits/sec  13.444 ms 0/67 (0%)
[  6] 10.0000-11.0000 sec  83.3 KBytes   682 Kbits/sec  15.822 ms 0/58 (0%)
[  9] 10.0000-11.0000 sec  94.7 KBytes   776 Kbits/sec  12.501 ms 0/66 (0%)
[  7] 10.0000-11.0000 sec  76.1 KBytes   623 Kbits/sec  14.759 ms 0/53 (0%)
[ 10] 10.0000-11.0000 sec  71.8 KBytes   588 Kbits/sec  15.782 ms 0/50 (0%)
[  1] 11.0000-12.0000 sec  76.1 KBytes   623 Kbits/sec  14.560 ms 0/53 (0%)
[  4] 11.0000-12.0000 sec  71.8 KBytes   588 Kbits/sec  14.107 ms 0/50 (0%)
[  5] 11.0000-12.0000 sec  74.6 KBytes   612 Kbits/sec  14.288 ms 0/52 (0%)
[  9] 11.0000-12.0000 sec  81.8 KBytes   670 Kbits/sec  15.825 ms 0/57 (0%)
[  8] 11.0000-12.0000 sec  73.2 KBytes   600 Kbits/sec  14.689 ms 0/51 (0%)
[  2] 11.0000-12.0000 sec  74.6 KBytes   612 Kbits/sec  15.891 ms 0/52 (0%)
[  3] 11.0000-12.0000 sec  73.2 KBytes   600 Kbits/sec  15.425 ms 0/51 (0%)
[  6] 11.0000-12.0000 sec  76.1 KBytes   623 Kbits/sec  15.981 ms 0/53 (0%)
[ 10] 11.0000-12.0000 sec  76.1 KBytes   623 Kbits/sec  17.116 ms 0/53 (0%)
[  7] 11.0000-12.0000 sec  73.2 KBytes   600 Kbits/sec  15.630 ms 0/51 (0%)
[  3] 12.0000-13.0000 sec  76.1 KBytes   623 Kbits/sec  13.751 ms 0/53 (0%)
[  2] 12.0000-13.0000 sec  73.2 KBytes   600 Kbits/sec  14.171 ms 0/51 (0%)
[  1] 12.0000-13.0000 sec  84.7 KBytes   694 Kbits/sec  14.922 ms 0/59 (0%)
[  6] 12.0000-13.0000 sec  73.2 KBytes   600 Kbits/sec  13.489 ms 0/51 (0%)
[  4] 12.0000-13.0000 sec  86.1 KBytes   706 Kbits/sec  13.892 ms 0/60 (0%)
[ 10] 12.0000-13.0000 sec  74.6 KBytes   612 Kbits/sec  22.813 ms 0/52 (0%)
[  5] 12.0000-13.0000 sec  86.1 KBytes   706 Kbits/sec  13.757 ms 0/60 (0%)
[  8] 12.0000-13.0000 sec  86.1 KBytes   706 Kbits/sec  14.298 ms 0/60 (0%)
[  9] 12.0000-13.0000 sec  77.5 KBytes   635 Kbits/sec  14.323 ms 0/54 (0%)
[  7] 12.0000-13.0000 sec  84.7 KBytes   694 Kbits/sec  13.690 ms 0/59 (0%)
[  1] 13.0000-14.0000 sec  73.2 KBytes   600 Kbits/sec  14.134 ms 0/51 (0%)
[  3] 13.0000-14.0000 sec  73.2 KBytes   600 Kbits/sec  15.104 ms 0/51 (0%)
[  5] 13.0000-14.0000 sec  74.6 KBytes   612 Kbits/sec  22.260 ms 0/52 (0%)
[  7] 13.0000-14.0000 sec  63.2 KBytes   517 Kbits/sec  14.749 ms 0/44 (0%)
[  4] 13.0000-14.0000 sec  84.7 KBytes   694 Kbits/sec  13.860 ms 0/59 (0%)
[  2] 13.0000-14.0000 sec  86.1 KBytes   706 Kbits/sec  14.869 ms 0/60 (0%)
[  8] 13.0000-14.0000 sec  84.7 KBytes   694 Kbits/sec  14.817 ms 0/59 (0%)
[  6] 13.0000-14.0000 sec  84.7 KBytes   694 Kbits/sec  15.381 ms 0/59 (0%)
[  9] 13.0000-14.0000 sec  84.7 KBytes   694 Kbits/sec  14.578 ms 0/59 (0%)
[ 10] 13.0000-14.0000 sec  83.3 KBytes   682 Kbits/sec  16.218 ms 0/58 (0%)
[  3] 14.0000-15.0000 sec  84.7 KBytes   694 Kbits/sec  13.339 ms 0/59 (0%)
[  7] 14.0000-15.0000 sec  84.7 KBytes   694 Kbits/sec  12.645 ms 0/59 (0%)
[  4] 14.0000-15.0000 sec  74.6 KBytes   612 Kbits/sec  14.805 ms 0/52 (0%)
[  1] 14.0000-15.0000 sec  84.7 KBytes   694 Kbits/sec  15.141 ms 0/59 (0%)
[  2] 14.0000-15.0000 sec  84.7 KBytes   694 Kbits/sec  12.300 ms 0/59 (0%)
[  5] 14.0000-15.0000 sec  83.3 KBytes   682 Kbits/sec  14.426 ms 0/58 (0%)
[  8] 14.0000-15.0000 sec  76.1 KBytes   623 Kbits/sec  14.448 ms 0/53 (0%)
[  9] 14.0000-15.0000 sec  73.2 KBytes   600 Kbits/sec  14.315 ms 0/51 (0%)
[  6] 14.0000-15.0000 sec  84.7 KBytes   694 Kbits/sec  12.723 ms 0/59 (0%)
[ 10] 14.0000-15.0000 sec  84.7 KBytes   694 Kbits/sec  13.022 ms 0/59 (0%)
[  1] 15.0000-16.0000 sec  76.1 KBytes   623 Kbits/sec  14.365 ms 0/53 (0%)
[  4] 15.0000-16.0000 sec  81.8 KBytes   670 Kbits/sec  16.350 ms 0/57 (0%)
[  2] 15.0000-16.0000 sec  74.6 KBytes   612 Kbits/sec  14.370 ms 0/52 (0%)
[  3] 15.0000-16.0000 sec  84.7 KBytes   694 Kbits/sec  14.381 ms 0/59 (0%)
[  6] 15.0000-16.0000 sec  76.1 KBytes   623 Kbits/sec  14.271 ms 0/53 (0%)
[  7] 15.0000-16.0000 sec  84.7 KBytes   694 Kbits/sec  14.513 ms 0/59 (0%)
[ 10] 15.0000-16.0000 sec  76.1 KBytes   623 Kbits/sec  14.595 ms 0/53 (0%)
[  5] 15.0000-16.0000 sec  84.7 KBytes   694 Kbits/sec  14.111 ms 0/59 (0%)
[  8] 15.0000-16.0000 sec  84.7 KBytes   694 Kbits/sec  14.317 ms 0/59 (0%)
[  9] 15.0000-16.0000 sec  84.7 KBytes   694 Kbits/sec  14.558 ms 0/59 (0%)
[  3] 16.0000-17.0000 sec  76.1 KBytes   623 Kbits/sec  15.714 ms 0/53 (0%)
[  1] 16.0000-17.0000 sec  86.1 KBytes   706 Kbits/sec  14.974 ms 0/60 (0%)
[  4] 16.0000-17.0000 sec  76.1 KBytes   623 Kbits/sec  15.933 ms 0/53 (0%)
[  5] 16.0000-17.0000 sec  74.6 KBytes   612 Kbits/sec  16.007 ms 0/52 (0%)
[  7] 16.0000-17.0000 sec  76.1 KBytes   623 Kbits/sec  15.987 ms 0/53 (0%)
[  8] 16.0000-17.0000 sec  73.2 KBytes   600 Kbits/sec  14.460 ms 0/51 (0%)
[  2] 16.0000-17.0000 sec  83.3 KBytes   682 Kbits/sec  14.653 ms 0/58 (0%)
[ 10] 16.0000-17.0000 sec  76.1 KBytes   623 Kbits/sec  18.570 ms 0/53 (0%)
[  9] 16.0000-17.0000 sec  76.1 KBytes   623 Kbits/sec  15.126 ms 0/53 (0%)
[  6] 16.0000-17.0000 sec  83.3 KBytes   682 Kbits/sec  14.639 ms 0/58 (0%)
[  1] 17.0000-18.0000 sec  74.6 KBytes   612 Kbits/sec  21.646 ms 0/52 (0%)
[  3] 17.0000-18.0000 sec  84.7 KBytes   694 Kbits/sec  13.183 ms 0/59 (0%)
[  6] 17.0000-18.0000 sec  74.6 KBytes   612 Kbits/sec  12.843 ms 0/52 (0%)
[  4] 17.0000-18.0000 sec  86.1 KBytes   706 Kbits/sec  13.749 ms 0/60 (0%)
[  7] 17.0000-18.0000 sec  84.7 KBytes   694 Kbits/sec  13.211 ms 0/59 (0%)
[  5] 17.0000-18.0000 sec  86.1 KBytes   706 Kbits/sec  13.695 ms 0/60 (0%)
[  2] 17.0000-18.0000 sec  84.7 KBytes   694 Kbits/sec  13.480 ms 0/59 (0%)
[ 10] 17.0000-18.0000 sec  84.7 KBytes   694 Kbits/sec  14.171 ms 0/59 (0%)
[  9] 17.0000-18.0000 sec  84.7 KBytes   694 Kbits/sec  14.015 ms 0/59 (0%)
[  8] 17.0000-18.0000 sec  84.7 KBytes   694 Kbits/sec  14.056 ms 0/59 (0%)
[  1] 18.0000-19.0000 sec  83.3 KBytes   682 Kbits/sec  13.602 ms 0/58 (0%)
[  3] 18.0000-19.0000 sec  73.2 KBytes   600 Kbits/sec  15.263 ms 0/51 (0%)
[  5] 18.0000-19.0000 sec  74.6 KBytes   612 Kbits/sec  22.311 ms 0/52 (0%)
[  7] 18.0000-19.0000 sec  74.6 KBytes   612 Kbits/sec  24.253 ms 0/52 (0%)
[  2] 18.0000-19.0000 sec  74.6 KBytes   612 Kbits/sec  15.616 ms 0/52 (0%)
[ 10] 18.0000-19.0000 sec  73.2 KBytes   600 Kbits/sec  15.531 ms 0/51 (0%)
[  4] 18.0000-19.0000 sec  84.7 KBytes   694 Kbits/sec  13.850 ms 0/59 (0%)
[  6] 18.0000-19.0000 sec  84.7 KBytes   694 Kbits/sec  15.023 ms 0/59 (0%)
[  9] 18.0000-19.0000 sec  84.7 KBytes   694 Kbits/sec  14.466 ms 0/59 (0%)
[  8] 18.0000-19.0000 sec  86.1 KBytes   706 Kbits/sec  13.788 ms 0/60 (0%)
[  1] 19.0000-20.0000 sec  84.7 KBytes   694 Kbits/sec  12.811 ms 0/59 (0%)
[  5] 19.0000-20.0000 sec  83.3 KBytes   682 Kbits/sec  13.809 ms 0/58 (0%)
[  2] 19.0000-20.0000 sec  73.2 KBytes   600 Kbits/sec  15.541 ms 0/51 (0%)
[  3] 19.0000-20.0000 sec  84.7 KBytes   694 Kbits/sec  15.491 ms 0/59 (0%)
[  4] 19.0000-20.0000 sec  84.7 KBytes   694 Kbits/sec  12.957 ms 0/59 (0%)
[  6] 19.0000-20.0000 sec  76.1 KBytes   623 Kbits/sec  14.857 ms 0/53 (0%)
[  7] 19.0000-20.0000 sec  83.3 KBytes   682 Kbits/sec  15.985 ms 0/58 (0%)
[  8] 19.0000-20.0000 sec  84.7 KBytes   694 Kbits/sec  12.759 ms 0/59 (0%)
[  9] 19.0000-20.0000 sec  84.7 KBytes   694 Kbits/sec  13.194 ms 0/59 (0%)
[ 10] 19.0000-20.0000 sec  84.7 KBytes   694 Kbits/sec  15.539 ms 0/59 (0%)
[  2] 20.0000-21.0000 sec  76.1 KBytes   623 Kbits/sec  16.460 ms 0/53 (0%)
[  1] 20.0000-21.0000 sec  84.7 KBytes   694 Kbits/sec  14.881 ms 0/59 (0%)
[  4] 20.0000-21.0000 sec  74.6 KBytes   612 Kbits/sec  15.218 ms 0/52 (0%)
[  3] 20.0000-21.0000 sec  76.1 KBytes   623 Kbits/sec  16.662 ms 0/53 (0%)
[  5] 20.0000-21.0000 sec  81.8 KBytes   670 Kbits/sec  16.171 ms 0/57 (0%)
[  8] 20.0000-21.0000 sec  74.6 KBytes   612 Kbits/sec  14.773 ms 0/52 (0%)
[  9] 20.0000-21.0000 sec  73.2 KBytes   600 Kbits/sec  14.983 ms 0/51 (0%)
[  6] 20.0000-21.0000 sec  73.2 KBytes   600 Kbits/sec  16.075 ms 0/51 (0%)
[  7] 20.0000-21.0000 sec  76.1 KBytes   623 Kbits/sec  16.619 ms 0/53 (0%)
[ 10] 20.0000-21.0000 sec  76.1 KBytes   623 Kbits/sec  17.029 ms 0/53 (0%)
[  4] 21.0000-22.0000 sec  86.1 KBytes   706 Kbits/sec  13.505 ms 0/60 (0%)
[  1] 21.0000-22.0000 sec  84.7 KBytes   694 Kbits/sec  13.990 ms 0/59 (0%)
[  2] 21.0000-22.0000 sec  73.2 KBytes   600 Kbits/sec  15.435 ms 0/51 (0%)
[  8] 21.0000-22.0000 sec  84.7 KBytes   694 Kbits/sec  13.992 ms 0/59 (0%)
[  5] 21.0000-22.0000 sec  86.1 KBytes   706 Kbits/sec  14.096 ms 0/60 (0%)
[ 10] 21.0000-22.0000 sec  64.6 KBytes   529 Kbits/sec  15.468 ms 0/45 (0%)
[  9] 21.0000-22.0000 sec  86.1 KBytes   706 Kbits/sec  13.492 ms 0/60 (0%)
[  3] 21.0000-22.0000 sec  73.2 KBytes   600 Kbits/sec  15.004 ms 0/51 (0%)
[  6] 21.0000-22.0000 sec  74.6 KBytes   612 Kbits/sec  16.087 ms 0/52 (0%)
[  7] 21.0000-22.0000 sec  73.2 KBytes   600 Kbits/sec  15.513 ms 0/51 (0%)
[  2] 22.0000-23.0000 sec  74.6 KBytes   612 Kbits/sec  15.530 ms 0/52 (0%)
[  4] 22.0000-23.0000 sec  84.7 KBytes   694 Kbits/sec  13.581 ms 0/59 (0%)
[  1] 22.0000-23.0000 sec  86.1 KBytes   706 Kbits/sec  13.154 ms 0/60 (0%)
[  3] 22.0000-23.0000 sec  74.6 KBytes   612 Kbits/sec  15.047 ms 0/52 (0%)
[  5] 22.0000-23.0000 sec  84.7 KBytes   694 Kbits/sec  13.756 ms 0/59 (0%)
[  8] 22.0000-23.0000 sec  86.1 KBytes   706 Kbits/sec  12.868 ms 0/60 (0%)
[  6] 22.0000-23.0000 sec  73.2 KBytes   600 Kbits/sec  15.382 ms 0/51 (0%)
[  7] 22.0000-23.0000 sec  76.1 KBytes   623 Kbits/sec  14.728 ms 0/53 (0%)
[  9] 22.0000-23.0000 sec  84.7 KBytes   694 Kbits/sec  13.266 ms 0/59 (0%)
[ 10] 22.0000-23.0000 sec  84.7 KBytes   694 Kbits/sec  14.736 ms 0/59 (0%)
[  2] 23.0000-24.0000 sec  73.2 KBytes   600 Kbits/sec  15.269 ms 0/51 (0%)
[  4] 23.0000-24.0000 sec  81.8 KBytes   670 Kbits/sec  17.129 ms 0/57 (0%)
[  3] 23.0000-24.0000 sec  73.2 KBytes   600 Kbits/sec  15.066 ms 0/51 (0%)
[  6] 23.0000-24.0000 sec  76.1 KBytes   623 Kbits/sec  15.582 ms 0/53 (0%)
[  1] 23.0000-24.0000 sec  81.8 KBytes   670 Kbits/sec  15.261 ms 0/57 (0%)
[  7] 23.0000-24.0000 sec  73.2 KBytes   600 Kbits/sec  15.133 ms 0/51 (0%)
[  5] 23.0000-24.0000 sec  84.7 KBytes   694 Kbits/sec  15.159 ms 0/59 (0%)
[  8] 23.0000-24.0000 sec  84.7 KBytes   694 Kbits/sec  14.075 ms 0/59 (0%)
[ 10] 23.0000-24.0000 sec  73.2 KBytes   600 Kbits/sec  15.786 ms 0/51 (0%)
[  9] 23.0000-24.0000 sec  84.7 KBytes   694 Kbits/sec  14.476 ms 0/59 (0%)
[  1] 24.0000-25.0000 sec  76.1 KBytes   623 Kbits/sec  14.298 ms 0/53 (0%)
[  4] 24.0000-25.0000 sec  76.1 KBytes   623 Kbits/sec  14.713 ms 0/53 (0%)
[  2] 24.0000-25.0000 sec  84.7 KBytes   694 Kbits/sec  14.257 ms 0/59 (0%)
[  5] 24.0000-25.0000 sec  76.1 KBytes   623 Kbits/sec  15.111 ms 0/53 (0%)
[  3] 24.0000-25.0000 sec  84.7 KBytes   694 Kbits/sec  14.112 ms 0/59 (0%)
[  8] 24.0000-25.0000 sec  73.2 KBytes   600 Kbits/sec  14.691 ms 0/51 (0%)
[  6] 24.0000-25.0000 sec  84.7 KBytes   694 Kbits/sec  14.195 ms 0/59 (0%)
[  9] 24.0000-25.0000 sec  74.6 KBytes   612 Kbits/sec  15.475 ms 0/52 (0%)
[  7] 24.0000-25.0000 sec  84.7 KBytes   694 Kbits/sec  13.881 ms 0/59 (0%)
[ 10] 24.0000-25.0000 sec  84.7 KBytes   694 Kbits/sec  13.639 ms 0/59 (0%)
[  1] 25.0000-26.0000 sec  74.6 KBytes   612 Kbits/sec  21.902 ms 0/52 (0%)
[  2] 25.0000-26.0000 sec  77.5 KBytes   635 Kbits/sec  14.933 ms 0/54 (0%)
[  3] 25.0000-26.0000 sec  76.1 KBytes   623 Kbits/sec  16.050 ms 0/53 (0%)
[  7] 25.0000-26.0000 sec  74.6 KBytes   612 Kbits/sec  15.783 ms 0/52 (0%)
[  6] 25.0000-26.0000 sec  73.2 KBytes   600 Kbits/sec  15.347 ms 0/51 (0%)
[  4] 25.0000-26.0000 sec  84.7 KBytes   694 Kbits/sec  13.994 ms 0/59 (0%)
[ 10] 25.0000-26.0000 sec  76.1 KBytes   623 Kbits/sec  14.624 ms 0/53 (0%)
[  5] 25.0000-26.0000 sec  84.7 KBytes   694 Kbits/sec  14.572 ms 0/59 (0%)
[  8] 25.0000-26.0000 sec  84.7 KBytes   694 Kbits/sec  14.131 ms 0/59 (0%)
[  9] 25.0000-26.0000 sec  86.1 KBytes   706 Kbits/sec  14.750 ms 0/60 (0%)
[  2] 26.0000-27.0000 sec  84.7 KBytes   694 Kbits/sec  14.628 ms 0/59 (0%)
[  3] 26.0000-27.0000 sec  84.7 KBytes   694 Kbits/sec  15.055 ms 0/59 (0%)
[  1] 26.0000-27.0000 sec  83.3 KBytes   682 Kbits/sec  14.615 ms 0/58 (0%)
[  4] 26.0000-27.0000 sec  76.1 KBytes   623 Kbits/sec  14.483 ms 0/53 (0%)
[  6] 26.0000-27.0000 sec  84.7 KBytes   694 Kbits/sec  14.513 ms 0/59 (0%)
[  7] 26.0000-27.0000 sec  84.7 KBytes   694 Kbits/sec  14.249 ms 0/59 (0%)
[  5] 26.0000-27.0000 sec  73.2 KBytes   600 Kbits/sec  14.851 ms 0/51 (0%)
[  8] 26.0000-27.0000 sec  74.6 KBytes   612 Kbits/sec  14.807 ms 0/52 (0%)
[ 10] 26.0000-27.0000 sec  84.7 KBytes   694 Kbits/sec  14.021 ms 0/59 (0%)
[  9] 26.0000-27.0000 sec  73.2 KBytes   600 Kbits/sec  14.602 ms 0/51 (0%)
[  1] 27.0000-28.0000 sec  74.6 KBytes   612 Kbits/sec  14.433 ms 0/52 (0%)
[  4] 27.0000-28.0000 sec  71.8 KBytes   588 Kbits/sec  15.158 ms 0/50 (0%)
[  3] 27.0000-28.0000 sec  73.2 KBytes   600 Kbits/sec  13.801 ms 0/51 (0%)
[  5] 27.0000-28.0000 sec  76.1 KBytes   623 Kbits/sec  14.159 ms 0/53 (0%)
[  8] 27.0000-28.0000 sec  73.2 KBytes   600 Kbits/sec  13.923 ms 0/51 (0%)
[  9] 27.0000-28.0000 sec  76.1 KBytes   623 Kbits/sec  14.195 ms 0/53 (0%)
[  7] 27.0000-28.0000 sec  73.2 KBytes   600 Kbits/sec  14.643 ms 0/51 (0%)
[  2] 27.0000-28.0000 sec  84.7 KBytes   694 Kbits/sec  15.219 ms 0/59 (0%)
[ 10] 27.0000-28.0000 sec  73.2 KBytes   600 Kbits/sec  15.005 ms 0/51 (0%)
[  6] 27.0000-28.0000 sec  86.1 KBytes   706 Kbits/sec  15.258 ms 0/60 (0%)
[  2] 28.0000-29.0000 sec  63.2 KBytes   517 Kbits/sec  16.254 ms 0/44 (0%)
[  1] 28.0000-29.0000 sec  84.7 KBytes   694 Kbits/sec  15.059 ms 0/59 (0%)
[  4] 28.0000-29.0000 sec  86.1 KBytes   706 Kbits/sec  14.854 ms 0/60 (0%)
[  5] 28.0000-29.0000 sec  84.7 KBytes   694 Kbits/sec  14.792 ms 0/59 (0%)
[  3] 28.0000-29.0000 sec  76.1 KBytes   623 Kbits/sec  15.969 ms 0/53 (0%)
[  8] 28.0000-29.0000 sec  84.7 KBytes   694 Kbits/sec  14.846 ms 0/59 (0%)
[  6] 28.0000-29.0000 sec  63.2 KBytes   517 Kbits/sec  15.639 ms 0/44 (0%)
[  9] 28.0000-29.0000 sec  84.7 KBytes   694 Kbits/sec  14.596 ms 0/59 (0%)
[  7] 28.0000-29.0000 sec  76.1 KBytes   623 Kbits/sec  16.522 ms 0/53 (0%)
[ 10] 28.0000-29.0000 sec  74.6 KBytes   612 Kbits/sec  16.354 ms 0/52 (0%)
[  3] 29.0000-30.0000 sec  73.2 KBytes   600 Kbits/sec  13.918 ms 0/51 (0%)
[  1] 29.0000-30.0000 sec  73.2 KBytes   600 Kbits/sec  14.937 ms 0/51 (0%)
[  4] 29.0000-30.0000 sec  76.1 KBytes   623 Kbits/sec  14.712 ms 0/53 (0%)
[  7] 29.0000-30.0000 sec  73.2 KBytes   600 Kbits/sec  14.883 ms 0/51 (0%)
[  2] 29.0000-30.0000 sec  84.7 KBytes   694 Kbits/sec  14.978 ms 0/59 (0%)
[  5] 29.0000-30.0000 sec  73.2 KBytes   600 Kbits/sec  14.253 ms 0/51 (0%)
[  8] 29.0000-30.0000 sec  76.1 KBytes   623 Kbits/sec  14.858 ms 0/53 (0%)
[ 10] 29.0000-30.0000 sec  73.2 KBytes   600 Kbits/sec  14.849 ms 0/51 (0%)
[  9] 29.0000-30.0000 sec  73.2 KBytes   600 Kbits/sec  14.154 ms 0/51 (0%)
[  6] 29.0000-30.0000 sec  84.7 KBytes   694 Kbits/sec  14.797 ms 0/59 (0%)
[  1] 30.0000-31.0000 sec  76.1 KBytes   623 Kbits/sec  15.829 ms 0/53 (0%)
[  4] 30.0000-31.0000 sec  73.2 KBytes   600 Kbits/sec  14.835 ms 0/51 (0%)
[  5] 30.0000-31.0000 sec  74.6 KBytes   612 Kbits/sec  15.346 ms 0/52 (0%)
[  2] 30.0000-31.0000 sec  73.2 KBytes   600 Kbits/sec  14.854 ms 0/51 (0%)
[ 10] 30.0000-31.0000 sec  74.6 KBytes   612 Kbits/sec  15.888 ms 0/52 (0%)
[  9] 30.0000-31.0000 sec  74.6 KBytes   612 Kbits/sec  14.824 ms 0/52 (0%)
[  8] 30.0000-31.0000 sec  73.2 KBytes   600 Kbits/sec  15.537 ms 0/51 (0%)
[  3] 30.0000-31.0000 sec  84.7 KBytes   694 Kbits/sec  15.759 ms 0/59 (0%)
[  6] 30.0000-31.0000 sec  74.6 KBytes   612 Kbits/sec  16.223 ms 0/52 (0%)
[  7] 30.0000-31.0000 sec  84.7 KBytes   694 Kbits/sec  16.491 ms 0/59 (0%)
[  1] 31.0000-32.0000 sec  84.7 KBytes   694 Kbits/sec  13.811 ms 0/59 (0%)
[  4] 31.0000-32.0000 sec  84.7 KBytes   694 Kbits/sec  13.026 ms 0/59 (0%)
[  3] 31.0000-32.0000 sec  76.1 KBytes   623 Kbits/sec  14.590 ms 0/53 (0%)
[  5] 31.0000-32.0000 sec  86.1 KBytes   706 Kbits/sec  13.216 ms 0/60 (0%)
[  6] 31.0000-32.0000 sec  73.2 KBytes   600 Kbits/sec  14.915 ms 0/51 (0%)
[  7] 31.0000-32.0000 sec  76.1 KBytes   623 Kbits/sec  15.087 ms 0/53 (0%)
[  9] 31.0000-32.0000 sec  86.1 KBytes   706 Kbits/sec  13.539 ms 0/60 (0%)
[  8] 31.0000-32.0000 sec  84.7 KBytes   694 Kbits/sec  14.326 ms 0/59 (0%)
[  2] 31.0000-32.0000 sec  86.1 KBytes   706 Kbits/sec  14.547 ms 0/60 (0%)
[ 10] 31.0000-32.0000 sec  86.1 KBytes   706 Kbits/sec  14.889 ms 0/60 (0%)
[  1] 32.0000-33.0000 sec  73.2 KBytes   600 Kbits/sec  15.431 ms 0/51 (0%)
[  4] 32.0000-33.0000 sec  74.6 KBytes   612 Kbits/sec  14.904 ms 0/52 (0%)
[  2] 32.0000-33.0000 sec  74.6 KBytes   612 Kbits/sec  14.270 ms 0/52 (0%)
[  5] 32.0000-33.0000 sec  73.2 KBytes   600 Kbits/sec  14.507 ms 0/51 (0%)
[  3] 32.0000-33.0000 sec  84.7 KBytes   694 Kbits/sec  14.228 ms 0/59 (0%)
[  9] 32.0000-33.0000 sec  71.8 KBytes   588 Kbits/sec  15.495 ms 0/50 (0%)
[  6] 32.0000-33.0000 sec  86.1 KBytes   706 Kbits/sec  13.937 ms 0/60 (0%)
[  7] 32.0000-33.0000 sec  84.7 KBytes   694 Kbits/sec  14.318 ms 0/59 (0%)
[ 10] 32.0000-33.0000 sec  84.7 KBytes   694 Kbits/sec  14.478 ms 0/59 (0%)
[  8] 32.0000-33.0000 sec  84.7 KBytes   694 Kbits/sec  15.907 ms 0/59 (0%)
[  3] 33.0000-34.0000 sec  63.2 KBytes   517 Kbits/sec  16.455 ms 0/44 (0%)
[  6] 33.0000-34.0000 sec  63.2 KBytes   517 Kbits/sec  16.744 ms 0/44 (0%)
[  1] 33.0000-34.0000 sec  84.7 KBytes   694 Kbits/sec  15.623 ms 0/59 (0%)
[  7] 33.0000-34.0000 sec  64.6 KBytes   529 Kbits/sec  15.456 ms 0/45 (0%)
[  4] 33.0000-34.0000 sec  86.1 KBytes   706 Kbits/sec  14.884 ms 0/60 (0%)
[  2] 33.0000-34.0000 sec  73.2 KBytes   600 Kbits/sec  16.082 ms 0/51 (0%)
[ 10] 33.0000-34.0000 sec  64.6 KBytes   529 Kbits/sec  15.727 ms 0/45 (0%)
[  5] 33.0000-34.0000 sec  84.7 KBytes   694 Kbits/sec  15.411 ms 0/59 (0%)
[  8] 33.0000-34.0000 sec  76.1 KBytes   623 Kbits/sec  16.298 ms 0/53 (0%)
[  9] 33.0000-34.0000 sec  86.1 KBytes   706 Kbits/sec  15.743 ms 0/60 (0%)
[  3] 34.0000-35.0000 sec  73.2 KBytes   600 Kbits/sec  15.036 ms 0/51 (0%)
[  7] 34.0000-35.0000 sec  73.2 KBytes   600 Kbits/sec  14.502 ms 0/51 (0%)
[  2] 34.0000-35.0000 sec  74.6 KBytes   612 Kbits/sec  15.724 ms 0/52 (0%)
[  1] 34.0000-35.0000 sec  84.7 KBytes   694 Kbits/sec  13.783 ms 0/59 (0%)
[  4] 34.0000-35.0000 sec  84.7 KBytes   694 Kbits/sec  13.599 ms 0/59 (0%)
[ 10] 34.0000-35.0000 sec  73.2 KBytes   600 Kbits/sec  14.708 ms 0/51 (0%)
[  8] 34.0000-35.0000 sec  86.1 KBytes   706 Kbits/sec  13.253 ms 0/60 (0%)
[  5] 34.0000-35.0000 sec  84.7 KBytes   694 Kbits/sec  13.395 ms 0/59 (0%)
[  9] 34.0000-35.0000 sec  84.7 KBytes   694 Kbits/sec  13.552 ms 0/59 (0%)
[  6] 34.0000-35.0000 sec  84.7 KBytes   694 Kbits/sec  15.781 ms 0/59 (0%)
[  1] 35.0000-36.0000 sec  77.5 KBytes   635 Kbits/sec  13.662 ms 0/54 (0%)
[  4] 35.0000-36.0000 sec  73.2 KBytes   600 Kbits/sec  13.829 ms 0/51 (0%)
[  2] 35.0000-36.0000 sec  64.6 KBytes   529 Kbits/sec  16.623 ms 0/45 (0%)
[  5] 35.0000-36.0000 sec  74.6 KBytes   612 Kbits/sec  14.614 ms 0/52 (0%)
[  3] 35.0000-36.0000 sec  74.6 KBytes   612 Kbits/sec  17.431 ms 0/52 (0%)
[  6] 35.0000-36.0000 sec  64.6 KBytes   529 Kbits/sec  16.050 ms 0/45 (0%)
[  7] 35.0000-36.0000 sec  73.2 KBytes   600 Kbits/sec  16.927 ms 0/51 (0%)
[ 10] 35.0000-36.0000 sec  74.6 KBytes   612 Kbits/sec  16.475 ms 0/52 (0%)
[  8] 35.0000-36.0000 sec  84.7 KBytes   694 Kbits/sec  13.734 ms 0/59 (0%)
[  9] 35.0000-36.0000 sec  84.7 KBytes   694 Kbits/sec  13.400 ms 0/59 (0%)
[  1] 36.0000-37.0000 sec  74.6 KBytes   612 Kbits/sec  23.293 ms 0/52 (0%)
[  2] 36.0000-37.0000 sec  76.1 KBytes   623 Kbits/sec  21.232 ms 0/53 (0%)
[  5] 36.0000-37.0000 sec  76.1 KBytes   623 Kbits/sec  23.094 ms 0/53 (0%)
[  3] 36.0000-37.0000 sec  73.2 KBytes   600 Kbits/sec  15.434 ms 0/51 (0%)
[  6] 36.0000-37.0000 sec  74.6 KBytes   612 Kbits/sec  14.494 ms 0/52 (0%)
[  7] 36.0000-37.0000 sec  71.8 KBytes   588 Kbits/sec  14.888 ms 0/50 (0%)
[  4] 36.0000-37.0000 sec  84.7 KBytes   694 Kbits/sec  14.788 ms 0/59 (0%)
[ 10] 36.0000-37.0000 sec  73.2 KBytes   600 Kbits/sec  14.165 ms 0/51 (0%)
[  8] 36.0000-37.0000 sec  73.2 KBytes   600 Kbits/sec  15.088 ms 0/51 (0%)
[  9] 36.0000-37.0000 sec  74.6 KBytes   612 Kbits/sec  16.042 ms 0/52 (0%)
[  2] 37.0000-38.0000 sec  94.7 KBytes   776 Kbits/sec  13.024 ms 0/66 (0%)
[  4] 37.0000-38.0000 sec  74.6 KBytes   612 Kbits/sec  15.543 ms 0/52 (0%)
[  3] 37.0000-38.0000 sec  97.6 KBytes   800 Kbits/sec  13.686 ms 0/68 (0%)
[  1] 37.0000-38.0000 sec  83.3 KBytes   682 Kbits/sec  15.099 ms 0/58 (0%)
[  7] 37.0000-38.0000 sec  97.6 KBytes   800 Kbits/sec  13.543 ms 0/68 (0%)
[  6] 37.0000-38.0000 sec  94.7 KBytes   776 Kbits/sec  13.556 ms 0/66 (0%)
[  5] 37.0000-38.0000 sec  81.8 KBytes   670 Kbits/sec  16.167 ms 0/57 (0%)
[  8] 37.0000-38.0000 sec  74.6 KBytes   612 Kbits/sec  15.202 ms 0/52 (0%)
[ 10] 37.0000-38.0000 sec  97.6 KBytes   800 Kbits/sec  12.654 ms 0/68 (0%)
[  9] 37.0000-38.0000 sec  73.2 KBytes   600 Kbits/sec  15.340 ms 0/51 (0%)
[  1] 38.0000-39.0000 sec  74.6 KBytes   612 Kbits/sec  13.492 ms 0/52 (0%)
[  2] 38.0000-39.0000 sec  73.2 KBytes   600 Kbits/sec  14.331 ms 0/51 (0%)
[  3] 38.0000-39.0000 sec  73.2 KBytes   600 Kbits/sec  14.683 ms 0/51 (0%)
[  6] 38.0000-39.0000 sec  76.1 KBytes   623 Kbits/sec  14.516 ms 0/53 (0%)
[  5] 38.0000-39.0000 sec  77.5 KBytes   635 Kbits/sec  13.294 ms 0/54 (0%)
[  7] 38.0000-39.0000 sec  73.2 KBytes   600 Kbits/sec  14.250 ms 0/51 (0%)
[  4] 38.0000-39.0000 sec  86.1 KBytes   706 Kbits/sec  13.512 ms 0/60 (0%)
[ 10] 38.0000-39.0000 sec  73.2 KBytes   600 Kbits/sec  14.372 ms 0/51 (0%)
[  8] 38.0000-39.0000 sec  81.8 KBytes   670 Kbits/sec  14.510 ms 0/57 (0%)
[  9] 38.0000-39.0000 sec  86.1 KBytes   706 Kbits/sec  13.631 ms 0/60 (0%)
[  1] 39.0000-40.0000 sec  73.2 KBytes   600 Kbits/sec  15.605 ms 0/51 (0%)
[  5] 39.0000-40.0000 sec  74.6 KBytes   612 Kbits/sec  15.878 ms 0/52 (0%)
[  2] 39.0000-40.0000 sec  84.7 KBytes   694 Kbits/sec  14.368 ms 0/59 (0%)
[  3] 39.0000-40.0000 sec  84.7 KBytes   694 Kbits/sec  15.556 ms 0/59 (0%)
[  6] 39.0000-40.0000 sec  84.7 KBytes   694 Kbits/sec  15.066 ms 0/59 (0%)
[  4] 39.0000-40.0000 sec  73.2 KBytes   600 Kbits/sec  15.216 ms 0/51 (0%)
[  8] 39.0000-40.0000 sec  76.1 KBytes   623 Kbits/sec  15.717 ms 0/53 (0%)
[  7] 39.0000-40.0000 sec  84.7 KBytes   694 Kbits/sec  14.756 ms 0/59 (0%)
[  9] 39.0000-40.0000 sec  74.6 KBytes   612 Kbits/sec  16.232 ms 0/52 (0%)
[ 10] 39.0000-40.0000 sec  84.7 KBytes   694 Kbits/sec  14.527 ms 0/59 (0%)
[  5] 40.0000-41.0000 sec  73.2 KBytes   600 Kbits/sec  15.394 ms 0/51 (0%)
[  2] 40.0000-41.0000 sec  84.7 KBytes   694 Kbits/sec  14.208 ms 0/59 (0%)
[  1] 40.0000-41.0000 sec  84.7 KBytes   694 Kbits/sec  15.189 ms 0/59 (0%)
[  4] 40.0000-41.0000 sec  74.6 KBytes   612 Kbits/sec  16.434 ms 0/52 (0%)
[  3] 40.0000-41.0000 sec  84.7 KBytes   694 Kbits/sec  14.604 ms 0/59 (0%)
[  6] 40.0000-41.0000 sec  84.7 KBytes   694 Kbits/sec  13.890 ms 0/59 (0%)
[  8] 40.0000-41.0000 sec  73.2 KBytes   600 Kbits/sec  15.531 ms 0/51 (0%)
[  7] 40.0000-41.0000 sec  84.7 KBytes   694 Kbits/sec  13.561 ms 0/59 (0%)
[ 10] 40.0000-41.0000 sec  84.7 KBytes   694 Kbits/sec  12.955 ms 0/59 (0%)
[  9] 40.0000-41.0000 sec  73.2 KBytes   600 Kbits/sec  16.531 ms 0/51 (0%)
[  1] 41.0000-42.0000 sec  63.2 KBytes   517 Kbits/sec  16.004 ms 0/44 (0%)
[  2] 41.0000-42.0000 sec  96.2 KBytes   788 Kbits/sec  11.535 ms 0/67 (0%)
[  5] 41.0000-42.0000 sec  76.1 KBytes   623 Kbits/sec  16.113 ms 0/53 (0%)
[  3] 41.0000-42.0000 sec  97.6 KBytes   800 Kbits/sec  11.233 ms 0/68 (0%)
[  7] 41.0000-42.0000 sec  97.6 KBytes   800 Kbits/sec  11.238 ms 0/68 (0%)
[  6] 41.0000-42.0000 sec  94.7 KBytes   776 Kbits/sec  11.259 ms 0/66 (0%)
[  4] 41.0000-42.0000 sec  73.2 KBytes   600 Kbits/sec  17.001 ms 0/51 (0%)
[ 10] 41.0000-42.0000 sec  96.2 KBytes   788 Kbits/sec  12.004 ms 0/67 (0%)
[  8] 41.0000-42.0000 sec  76.1 KBytes   623 Kbits/sec  15.633 ms 0/53 (0%)
[  9] 41.0000-42.0000 sec  74.6 KBytes   612 Kbits/sec  16.066 ms 0/52 (0%)
[  1] 42.0000-43.0000 sec  76.1 KBytes   623 Kbits/sec  16.198 ms 0/53 (0%)
[  4] 42.0000-43.0000 sec  66.0 KBytes   541 Kbits/sec  23.444 ms 0/46 (0%)
[  2] 42.0000-43.0000 sec  94.7 KBytes   776 Kbits/sec  11.352 ms 0/66 (0%)
[  5] 42.0000-43.0000 sec  73.2 KBytes   600 Kbits/sec  15.773 ms 0/51 (0%)
[  3] 42.0000-43.0000 sec  94.7 KBytes   776 Kbits/sec  11.070 ms 0/66 (0%)
[  6] 42.0000-43.0000 sec  97.6 KBytes   800 Kbits/sec  10.793 ms 0/68 (0%)
[  8] 42.0000-43.0000 sec  73.2 KBytes   600 Kbits/sec  14.687 ms 0/51 (0%)
[  7] 42.0000-43.0000 sec  94.7 KBytes   776 Kbits/sec  11.102 ms 0/66 (0%)
[  9] 42.0000-43.0000 sec  73.2 KBytes   600 Kbits/sec  14.559 ms 0/51 (0%)
[ 10] 42.0000-43.0000 sec  94.7 KBytes   776 Kbits/sec  11.898 ms 0/66 (0%)
[  1] 43.0000-44.0000 sec  73.2 KBytes   600 Kbits/sec  16.747 ms 0/51 (0%)
[  2] 43.0000-44.0000 sec  86.1 KBytes   706 Kbits/sec  21.400 ms 0/60 (0%)
[  3] 43.0000-44.0000 sec  84.7 KBytes   694 Kbits/sec  11.675 ms 0/59 (0%)
[  6] 43.0000-44.0000 sec  84.7 KBytes   694 Kbits/sec  12.050 ms 0/59 (0%)
[  4] 43.0000-44.0000 sec  83.3 KBytes   682 Kbits/sec  15.155 ms 0/58 (0%)
[  7] 43.0000-44.0000 sec  84.7 KBytes   694 Kbits/sec  12.499 ms 0/59 (0%)
[  8] 43.0000-44.0000 sec  74.6 KBytes   612 Kbits/sec  15.342 ms 0/52 (0%)
[  5] 43.0000-44.0000 sec  84.7 KBytes   694 Kbits/sec  15.602 ms 0/59 (0%)
[ 10] 43.0000-44.0000 sec  86.1 KBytes   706 Kbits/sec  13.359 ms 0/60 (0%)
[  9] 43.0000-44.0000 sec  74.6 KBytes   612 Kbits/sec  14.939 ms 0/52 (0%)
[  2] 44.0000-45.0000 sec  83.3 KBytes   682 Kbits/sec  12.650 ms 0/58 (0%)
[  1] 44.0000-45.0000 sec  96.2 KBytes   788 Kbits/sec  14.082 ms 0/67 (0%)
[  3] 44.0000-45.0000 sec  84.7 KBytes   694 Kbits/sec  13.027 ms 0/59 (0%)
[  6] 44.0000-45.0000 sec  84.7 KBytes   694 Kbits/sec  13.719 ms 0/59 (0%)
[  4] 44.0000-45.0000 sec  84.7 KBytes   694 Kbits/sec  13.589 ms 0/59 (0%)
[  8] 44.0000-45.0000 sec  84.7 KBytes   694 Kbits/sec  13.647 ms 0/59 (0%)
[  9] 44.0000-45.0000 sec  84.7 KBytes   694 Kbits/sec  13.687 ms 0/59 (0%)
[  7] 44.0000-45.0000 sec  84.7 KBytes   694 Kbits/sec  13.471 ms 0/59 (0%)
[  5] 44.0000-45.0000 sec  84.7 KBytes   694 Kbits/sec  13.934 ms 0/59 (0%)
[ 10] 44.0000-45.0000 sec  84.7 KBytes   694 Kbits/sec  13.987 ms 0/59 (0%)
[  1] 45.0000-46.0000 sec  73.2 KBytes   600 Kbits/sec  15.671 ms 0/51 (0%)
[  2] 45.0000-46.0000 sec  76.1 KBytes   623 Kbits/sec  16.118 ms 0/53 (0%)
[  4] 45.0000-46.0000 sec  76.1 KBytes   623 Kbits/sec  14.565 ms 0/53 (0%)
[  5] 45.0000-46.0000 sec  76.1 KBytes   623 Kbits/sec  14.994 ms 0/53 (0%)
[  3] 45.0000-46.0000 sec  74.6 KBytes   612 Kbits/sec  16.673 ms 0/52 (0%)
[  9] 45.0000-46.0000 sec  73.2 KBytes   600 Kbits/sec  14.298 ms 0/51 (0%)
[  6] 45.0000-46.0000 sec  73.2 KBytes   600 Kbits/sec  15.562 ms 0/51 (0%)
[  7] 45.0000-46.0000 sec  74.6 KBytes   612 Kbits/sec  16.676 ms 0/52 (0%)
[  8] 45.0000-46.0000 sec  83.3 KBytes   682 Kbits/sec  13.807 ms 0/58 (0%)
[ 10] 45.0000-46.0000 sec  74.6 KBytes   612 Kbits/sec  16.157 ms 0/52 (0%)
[  2] 46.0000-47.0000 sec  84.7 KBytes   694 Kbits/sec  14.088 ms 0/59 (0%)
[  5] 46.0000-47.0000 sec  73.2 KBytes   600 Kbits/sec  14.713 ms 0/51 (0%)
[  3] 46.0000-47.0000 sec  86.1 KBytes   706 Kbits/sec  13.791 ms 0/60 (0%)
[  1] 46.0000-47.0000 sec  84.7 KBytes   694 Kbits/sec  15.621 ms 0/59 (0%)
[  6] 46.0000-47.0000 sec  84.7 KBytes   694 Kbits/sec  13.623 ms 0/59 (0%)
[  8] 46.0000-47.0000 sec  74.6 KBytes   612 Kbits/sec  15.255 ms 0/52 (0%)
[  7] 46.0000-47.0000 sec  86.1 KBytes   706 Kbits/sec  13.044 ms 0/60 (0%)
[  4] 46.0000-47.0000 sec  84.7 KBytes   694 Kbits/sec  15.166 ms 0/59 (0%)
[ 10] 46.0000-47.0000 sec  84.7 KBytes   694 Kbits/sec  13.261 ms 0/59 (0%)
[  9] 46.0000-47.0000 sec  84.7 KBytes   694 Kbits/sec  15.807 ms 0/59 (0%)
[  4] 47.0000-48.0000 sec  63.2 KBytes   517 Kbits/sec  14.952 ms 0/44 (0%)
[  5] 47.0000-48.0000 sec  74.6 KBytes   612 Kbits/sec  14.978 ms 0/52 (0%)
[  2] 47.0000-48.0000 sec  86.1 KBytes   706 Kbits/sec  13.556 ms 0/60 (0%)
[  3] 47.0000-48.0000 sec  84.7 KBytes   694 Kbits/sec  14.222 ms 0/59 (0%)
[  1] 47.0000-48.0000 sec  77.5 KBytes   635 Kbits/sec  14.814 ms 0/54 (0%)
[  6] 47.0000-48.0000 sec  84.7 KBytes   694 Kbits/sec  13.364 ms 0/59 (0%)
[  8] 47.0000-48.0000 sec  73.2 KBytes   600 Kbits/sec  15.690 ms 0/51 (0%)
[  7] 47.0000-48.0000 sec  84.7 KBytes   694 Kbits/sec  13.871 ms 0/59 (0%)
[ 10] 47.0000-48.0000 sec  86.1 KBytes   706 Kbits/sec  13.160 ms 0/60 (0%)
[  9] 47.0000-48.0000 sec  76.1 KBytes   623 Kbits/sec  16.435 ms 0/53 (0%)
[  1] 48.0000-49.0000 sec  63.2 KBytes   517 Kbits/sec  16.546 ms 0/44 (0%)
[  2] 48.0000-49.0000 sec  73.2 KBytes   600 Kbits/sec  14.706 ms 0/51 (0%)
[  4] 48.0000-49.0000 sec  76.1 KBytes   623 Kbits/sec  16.317 ms 0/53 (0%)
[  3] 48.0000-49.0000 sec  73.2 KBytes   600 Kbits/sec  16.398 ms 0/51 (0%)
[  6] 48.0000-49.0000 sec  76.1 KBytes   623 Kbits/sec  15.789 ms 0/53 (0%)
[  5] 48.0000-49.0000 sec  73.2 KBytes   600 Kbits/sec  15.887 ms 0/51 (0%)
[  9] 48.0000-49.0000 sec  63.2 KBytes   517 Kbits/sec  16.657 ms 0/44 (0%)
[  7] 48.0000-49.0000 sec  73.2 KBytes   600 Kbits/sec  16.224 ms 0/51 (0%)
[  8] 48.0000-49.0000 sec  76.1 KBytes   623 Kbits/sec  16.465 ms 0/53 (0%)
[ 10] 48.0000-49.0000 sec  71.8 KBytes   588 Kbits/sec  17.081 ms 0/50 (0%)
[  2] 49.0000-50.0000 sec  74.6 KBytes   612 Kbits/sec  15.099 ms 0/52 (0%)
[  3] 49.0000-50.0000 sec  76.1 KBytes   623 Kbits/sec  15.059 ms 0/53 (0%)
[  5] 49.0000-50.0000 sec  66.0 KBytes   541 Kbits/sec  22.886 ms 0/46 (0%)
[  6] 49.0000-50.0000 sec  73.2 KBytes   600 Kbits/sec  14.719 ms 0/51 (0%)
[  7] 49.0000-50.0000 sec  74.6 KBytes   612 Kbits/sec  15.618 ms 0/52 (0%)
[  1] 49.0000-50.0000 sec  73.2 KBytes   600 Kbits/sec  15.470 ms 0/51 (0%)
[ 10] 49.0000-50.0000 sec  76.1 KBytes   623 Kbits/sec  14.767 ms 0/53 (0%)
[  8] 49.0000-50.0000 sec  63.2 KBytes   517 Kbits/sec  16.504 ms 0/44 (0%)
[  4] 49.0000-50.0000 sec  73.2 KBytes   600 Kbits/sec  15.767 ms 0/51 (0%)
[  9] 49.0000-50.0000 sec  73.2 KBytes   600 Kbits/sec  16.275 ms 0/51 (0%)
[  2] 50.0000-51.0000 sec  94.7 KBytes   776 Kbits/sec  12.566 ms 0/66 (0%)
[  1] 50.0000-51.0000 sec  74.6 KBytes   612 Kbits/sec  15.319 ms 0/52 (0%)
[  3] 50.0000-51.0000 sec  93.3 KBytes   764 Kbits/sec  13.232 ms 0/65 (0%)
[  8] 50.0000-51.0000 sec  73.2 KBytes   600 Kbits/sec  15.609 ms 0/51 (0%)
[  4] 50.0000-51.0000 sec  76.1 KBytes   623 Kbits/sec  15.037 ms 0/53 (0%)
[  6] 50.0000-51.0000 sec  96.2 KBytes   788 Kbits/sec  12.826 ms 0/67 (0%)
[  7] 50.0000-51.0000 sec  94.7 KBytes   776 Kbits/sec  12.783 ms 0/66 (0%)
[  5] 50.0000-51.0000 sec  81.8 KBytes   670 Kbits/sec  14.876 ms 0/57 (0%)
[  9] 50.0000-51.0000 sec  74.6 KBytes   612 Kbits/sec  15.054 ms 0/52 (0%)
[ 10] 50.0000-51.0000 sec  94.7 KBytes   776 Kbits/sec  12.418 ms 0/66 (0%)
[  3] 51.0000-52.0000 sec  76.1 KBytes   623 Kbits/sec  13.870 ms 0/53 (0%)
[  1] 51.0000-52.0000 sec  73.2 KBytes   600 Kbits/sec  16.159 ms 0/51 (0%)
[  6] 51.0000-52.0000 sec  73.2 KBytes   600 Kbits/sec  13.462 ms 0/51 (0%)
[  7] 51.0000-52.0000 sec  76.1 KBytes   623 Kbits/sec  13.461 ms 0/53 (0%)
[  4] 51.0000-52.0000 sec  73.2 KBytes   600 Kbits/sec  15.886 ms 0/51 (0%)
[  2] 51.0000-52.0000 sec  84.7 KBytes   694 Kbits/sec  13.419 ms 0/59 (0%)
[  5] 51.0000-52.0000 sec  76.1 KBytes   623 Kbits/sec  15.852 ms 0/53 (0%)
[ 10] 51.0000-52.0000 sec  74.6 KBytes   612 Kbits/sec  13.996 ms 0/52 (0%)
[  9] 51.0000-52.0000 sec  73.2 KBytes   600 Kbits/sec  15.359 ms 0/51 (0%)
[  8] 51.0000-52.0000 sec  84.7 KBytes   694 Kbits/sec  16.091 ms 0/59 (0%)
[  2] 52.0000-53.0000 sec  76.1 KBytes   623 Kbits/sec  13.972 ms 0/53 (0%)
[  5] 52.0000-53.0000 sec  74.6 KBytes   612 Kbits/sec  22.067 ms 0/52 (0%)
[  3] 52.0000-53.0000 sec  86.1 KBytes   706 Kbits/sec  14.714 ms 0/60 (0%)
[  1] 52.0000-53.0000 sec  84.7 KBytes   694 Kbits/sec  14.098 ms 0/59 (0%)
[  8] 52.0000-53.0000 sec  76.1 KBytes   623 Kbits/sec  14.098 ms 0/53 (0%)
[  6] 52.0000-53.0000 sec  84.7 KBytes   694 Kbits/sec  14.823 ms 0/59 (0%)
[  4] 52.0000-53.0000 sec  84.7 KBytes   694 Kbits/sec  13.643 ms 0/59 (0%)
[  7] 52.0000-53.0000 sec  84.7 KBytes   694 Kbits/sec  14.874 ms 0/59 (0%)
[ 10] 52.0000-53.0000 sec  84.7 KBytes   694 Kbits/sec  15.170 ms 0/59 (0%)
[  9] 52.0000-53.0000 sec  84.7 KBytes   694 Kbits/sec  13.741 ms 0/59 (0%)
[  2] 53.0000-54.0000 sec  80.4 KBytes   659 Kbits/sec  13.569 ms 0/56 (0%)
[  1] 53.0000-54.0000 sec  64.6 KBytes   529 Kbits/sec  18.578 ms 0/45 (0%)
[  6] 53.0000-54.0000 sec  84.7 KBytes   694 Kbits/sec  13.866 ms 0/59 (0%)
[  4] 53.0000-54.0000 sec  63.2 KBytes   517 Kbits/sec  18.335 ms 0/44 (0%)
[  3] 53.0000-54.0000 sec  84.7 KBytes   694 Kbits/sec  13.073 ms 0/59 (0%)
[  5] 53.0000-54.0000 sec  74.6 KBytes   612 Kbits/sec  18.555 ms 0/52 (0%)
[  7] 53.0000-54.0000 sec  86.1 KBytes   706 Kbits/sec  13.847 ms 0/60 (0%)
[ 10] 53.0000-54.0000 sec  86.1 KBytes   706 Kbits/sec  14.074 ms 0/60 (0%)
[  9] 53.0000-54.0000 sec  63.2 KBytes   517 Kbits/sec  18.210 ms 0/44 (0%)
[  8] 53.0000-54.0000 sec  73.2 KBytes   600 Kbits/sec  18.691 ms 0/51 (0%)
[  1] 54.0000-55.0000 sec  76.1 KBytes   623 Kbits/sec  14.067 ms 0/53 (0%)
[  4] 54.0000-55.0000 sec  76.1 KBytes   623 Kbits/sec  13.696 ms 0/53 (0%)
[  6] 54.0000-55.0000 sec  73.2 KBytes   600 Kbits/sec  14.678 ms 0/51 (0%)
[  3] 54.0000-55.0000 sec  74.6 KBytes   612 Kbits/sec  14.875 ms 0/52 (0%)
[  5] 54.0000-55.0000 sec  73.2 KBytes   600 Kbits/sec  13.615 ms 0/51 (0%)
[  9] 54.0000-55.0000 sec  74.6 KBytes   612 Kbits/sec  14.253 ms 0/52 (0%)
[  2] 54.0000-55.0000 sec  86.1 KBytes   706 Kbits/sec  14.675 ms 0/60 (0%)
[  7] 54.0000-55.0000 sec  74.6 KBytes   612 Kbits/sec  14.797 ms 0/52 (0%)
[ 10] 54.0000-55.0000 sec  73.2 KBytes   600 Kbits/sec  14.357 ms 0/51 (0%)
[  8] 54.0000-55.0000 sec  76.1 KBytes   623 Kbits/sec  13.553 ms 0/53 (0%)
[  3] 55.0000-56.0000 sec  73.2 KBytes   600 Kbits/sec  14.034 ms 0/51 (0%)
[  2] 55.0000-56.0000 sec  76.1 KBytes   623 Kbits/sec  13.887 ms 0/53 (0%)
[  1] 55.0000-56.0000 sec  84.7 KBytes   694 Kbits/sec  14.339 ms 0/59 (0%)
[  7] 55.0000-56.0000 sec  76.1 KBytes   623 Kbits/sec  21.444 ms 0/53 (0%)
[  8] 55.0000-56.0000 sec  73.2 KBytes   600 Kbits/sec  14.002 ms 0/51 (0%)
[  4] 55.0000-56.0000 sec  84.7 KBytes   694 Kbits/sec  14.773 ms 0/59 (0%)
[  6] 55.0000-56.0000 sec  86.1 KBytes   706 Kbits/sec  14.063 ms 0/60 (0%)
[  5] 55.0000-56.0000 sec  84.7 KBytes   694 Kbits/sec  14.520 ms 0/59 (0%)
[  9] 55.0000-56.0000 sec  86.1 KBytes   706 Kbits/sec  14.309 ms 0/60 (0%)
[ 10] 55.0000-56.0000 sec  84.7 KBytes   694 Kbits/sec  14.541 ms 0/59 (0%)
[  1] 56.0000-57.0000 sec  74.6 KBytes   612 Kbits/sec  22.451 ms 0/52 (0%)
[  4] 56.0000-57.0000 sec  73.2 KBytes   600 Kbits/sec  14.503 ms 0/51 (0%)
[  5] 56.0000-57.0000 sec  74.6 KBytes   612 Kbits/sec  14.456 ms 0/52 (0%)
[  6] 56.0000-57.0000 sec  84.7 KBytes   694 Kbits/sec  12.543 ms 0/59 (0%)
[  3] 56.0000-57.0000 sec  97.6 KBytes   800 Kbits/sec  12.376 ms 0/68 (0%)
[  2] 56.0000-57.0000 sec  93.3 KBytes   764 Kbits/sec  13.244 ms 0/65 (0%)
[  8] 56.0000-57.0000 sec  84.7 KBytes   694 Kbits/sec  14.478 ms 0/59 (0%)
[  7] 56.0000-57.0000 sec  94.7 KBytes   776 Kbits/sec  12.384 ms 0/66 (0%)
[ 10] 56.0000-57.0000 sec  84.7 KBytes   694 Kbits/sec  12.748 ms 0/59 (0%)
[  9] 56.0000-57.0000 sec  84.7 KBytes   694 Kbits/sec  15.401 ms 0/59 (0%)
[  2] 57.0000-58.0000 sec  76.1 KBytes   623 Kbits/sec  13.808 ms 0/53 (0%)
[  5] 57.0000-58.0000 sec  73.2 KBytes   600 Kbits/sec  15.478 ms 0/51 (0%)
[  1] 57.0000-58.0000 sec  83.3 KBytes   682 Kbits/sec  14.677 ms 0/58 (0%)
[  6] 57.0000-58.0000 sec  84.7 KBytes   694 Kbits/sec  12.985 ms 0/59 (0%)
[  3] 57.0000-58.0000 sec  84.7 KBytes   694 Kbits/sec  13.374 ms 0/59 (0%)
[  8] 57.0000-58.0000 sec  74.6 KBytes   612 Kbits/sec  15.171 ms 0/52 (0%)
[  4] 57.0000-58.0000 sec  84.7 KBytes   694 Kbits/sec  15.393 ms 0/59 (0%)
[  7] 57.0000-58.0000 sec  84.7 KBytes   694 Kbits/sec  12.897 ms 0/59 (0%)
[ 10] 57.0000-58.0000 sec  84.7 KBytes   694 Kbits/sec  12.960 ms 0/59 (0%)
[  9] 57.0000-58.0000 sec  73.2 KBytes   600 Kbits/sec  14.599 ms 0/51 (0%)
[  3] 58.0000-59.0000 sec  73.2 KBytes   600 Kbits/sec  13.651 ms 0/51 (0%)
[  2] 58.0000-59.0000 sec  84.7 KBytes   694 Kbits/sec  13.354 ms 0/59 (0%)
[  5] 58.0000-59.0000 sec  87.6 KBytes   717 Kbits/sec  20.353 ms 0/61 (0%)
[  7] 58.0000-59.0000 sec  74.6 KBytes   612 Kbits/sec  20.243 ms 0/52 (0%)
[  1] 58.0000-59.0000 sec  84.7 KBytes   694 Kbits/sec  13.130 ms 0/59 (0%)
[  8] 58.0000-59.0000 sec  84.7 KBytes   694 Kbits/sec  13.190 ms 0/59 (0%)
[  6] 58.0000-59.0000 sec  84.7 KBytes   694 Kbits/sec  12.834 ms 0/59 (0%)
[  4] 58.0000-59.0000 sec  84.7 KBytes   694 Kbits/sec  13.552 ms 0/59 (0%)
[  9] 58.0000-59.0000 sec  84.7 KBytes   694 Kbits/sec  13.283 ms 0/59 (0%)
[ 10] 58.0000-59.0000 sec  84.7 KBytes   694 Kbits/sec  13.405 ms 0/59 (0%)
[  1] 59.0000-60.0000 sec  76.1 KBytes   623 Kbits/sec  13.866 ms 0/53 (0%)
[  1] 0.0000-60.0389 sec  4.62 MBytes   646 Kbits/sec  20.134 ms 7400/10699 (69%)
[  3] 59.0000-60.0000 sec  74.6 KBytes   612 Kbits/sec  15.223 ms 0/52 (0%)
[  3] 0.0000-60.0346 sec  4.70 MBytes   657 Kbits/sec  23.321 ms 6264/9617 (65%)
[  4] 59.0000-60.0000 sec  76.1 KBytes   623 Kbits/sec  14.181 ms 0/53 (0%)
[  4] 0.0000-60.0390 sec  4.63 MBytes   647 Kbits/sec  20.468 ms 7397/10700 (69%)
[  5] 59.0000-60.0000 sec  83.3 KBytes   682 Kbits/sec  13.839 ms 0/58 (0%)
[  2] 59.0000-60.0000 sec  73.2 KBytes   600 Kbits/sec  14.824 ms 0/51 (0%)
[  5] 0.0000-60.0606 sec  4.63 MBytes   646 Kbits/sec  22.062 ms 7431/10731 (69%)
[  9] 59.0000-60.0000 sec  74.6 KBytes   612 Kbits/sec  14.951 ms 0/52 (0%)
[  7] 59.0000-60.0000 sec  73.2 KBytes   600 Kbits/sec  15.338 ms 0/51 (0%)
[  2] 0.0000-60.0989 sec  4.71 MBytes   657 Kbits/sec  25.504 ms 6266/9624 (65%)
[  9] 0.0000-60.0059 sec  4.62 MBytes   646 Kbits/sec  20.725 ms 7402/10699 (69%)
[  7] 0.0000-60.0333 sec  4.70 MBytes   657 Kbits/sec  23.151 ms 6343/9695 (65%)
[  8] 59.0000-60.0000 sec  86.1 KBytes   706 Kbits/sec  13.768 ms 0/60 (0%)
[ 10] 59.0000-60.0000 sec  63.2 KBytes   517 Kbits/sec  16.361 ms 0/44 (0%)
[  8] 0.0000-60.0692 sec  4.64 MBytes   647 Kbits/sec  19.570 ms 7397/10704 (69%)
[ 10] 0.0000-60.0353 sec  4.70 MBytes   657 Kbits/sec  26.742 ms 6344/9697 (65%)
[  6] 59.0000-60.0000 sec  74.6 KBytes   612 Kbits/sec  16.072 ms 0/52 (0%)
[  6] 0.0000-60.1115 sec  4.71 MBytes   657 Kbits/sec  23.170 ms 6312/9671 (65%)
