------------------------------------------------------------
Server listening on UDP port 5001
UDP buffer size:  208 KByte (default)
------------------------------------------------------------
[  1] local 12.1.1.1 port 5001 connected with 12.1.1.32 port 55050
[  2] local 12.1.1.1 port 5001 connected with 12.1.1.35 port 47047
[  3] local 12.1.1.1 port 5001 connected with 12.1.1.40 port 38803
[  4] local 12.1.1.1 port 5001 connected with 12.1.1.39 port 46058
[  5] local 12.1.1.1 port 5001 connected with 12.1.1.34 port 57118
[  6] local 12.1.1.1 port 5001 connected with 12.1.1.33 port 52355
[  7] local 12.1.1.1 port 5001 connected with 12.1.1.38 port 43880
[  8] local 12.1.1.1 port 5001 connected with 12.1.1.41 port 50419
[  9] local 12.1.1.1 port 5001 connected with 12.1.1.36 port 52538
[ 10] local 12.1.1.1 port 5001 connected with 12.1.1.37 port 47520
[ ID] Interval       Transfer     Bandwidth        Jitter   Lost/Total Datagrams
[  1] 0.0000-1.0000 sec  76.1 KBytes   623 Kbits/sec  22.869 ms 2651/2704 (98%)
[  4] 0.0000-1.0000 sec  76.1 KBytes   623 Kbits/sec  28.415 ms 1785/1838 (97%)
[  2] 0.0000-1.0000 sec  73.2 KBytes   600 Kbits/sec  23.035 ms 2682/2733 (98%)
[  6] 0.0000-1.0000 sec  73.2 KBytes   600 Kbits/sec  22.221 ms 2664/2715 (98%)
[  3] 0.0000-1.0000 sec  86.1 KBytes   706 Kbits/sec  22.307 ms 1780/1840 (97%)
[  5] 0.0000-1.0000 sec  84.7 KBytes   694 Kbits/sec  22.086 ms 2672/2731 (98%)
[  7] 0.0000-1.0000 sec  84.7 KBytes   694 Kbits/sec  23.252 ms 1794/1853 (97%)
[  8] 0.0000-1.0000 sec  84.7 KBytes   694 Kbits/sec  22.328 ms 1809/1868 (97%)
[  9] 0.0000-1.0000 sec  84.7 KBytes   694 Kbits/sec  21.997 ms 2714/2773 (98%)
[ 10] 0.0000-1.0000 sec  84.7 KBytes   694 Kbits/sec  22.199 ms 1782/1841 (97%)
[  1] 1.0000-2.0000 sec  84.7 KBytes   694 Kbits/sec  21.560 ms 0/59 (0%)
[  2] 1.0000-2.0000 sec  84.7 KBytes   694 Kbits/sec  22.064 ms 0/59 (0%)
[  5] 1.0000-2.0000 sec  77.5 KBytes   635 Kbits/sec  21.964 ms 0/54 (0%)
[  9] 1.0000-2.0000 sec  76.1 KBytes   623 Kbits/sec  22.162 ms 0/53 (0%)
[  6] 1.0000-2.0000 sec  84.7 KBytes   694 Kbits/sec  21.845 ms 0/59 (0%)
[  3] 1.0000-2.0000 sec  74.6 KBytes   612 Kbits/sec  23.190 ms 0/52 (0%)
[  7] 1.0000-2.0000 sec  77.5 KBytes   635 Kbits/sec  23.119 ms 0/54 (0%)
[  4] 1.0000-2.0000 sec  81.8 KBytes   670 Kbits/sec  23.374 ms 0/57 (0%)
[  8] 1.0000-2.0000 sec  73.2 KBytes   600 Kbits/sec  22.792 ms 0/51 (0%)
[ 10] 1.0000-2.0000 sec  76.1 KBytes   623 Kbits/sec  22.824 ms 0/53 (0%)
[  1] 2.0000-3.0000 sec  73.2 KBytes   600 Kbits/sec  22.734 ms 0/51 (0%)
[  4] 2.0000-3.0000 sec  76.1 KBytes   623 Kbits/sec  22.088 ms 0/53 (0%)
[  3] 2.0000-3.0000 sec  73.2 KBytes   600 Kbits/sec  21.885 ms 0/51 (0%)
[  9] 2.0000-3.0000 sec  74.6 KBytes   612 Kbits/sec  29.159 ms 0/52 (0%)
[  7] 2.0000-3.0000 sec  73.2 KBytes   600 Kbits/sec  21.870 ms 0/51 (0%)
[  8] 2.0000-3.0000 sec  76.1 KBytes   623 Kbits/sec  22.116 ms 0/53 (0%)
[ 10] 2.0000-3.0000 sec  73.2 KBytes   600 Kbits/sec  22.919 ms 0/51 (0%)
[  5] 2.0000-3.0000 sec  84.7 KBytes   694 Kbits/sec  22.192 ms 0/59 (0%)
[  2] 2.0000-3.0000 sec  84.7 KBytes   694 Kbits/sec  22.247 ms 0/59 (0%)
[  6] 2.0000-3.0000 sec  84.7 KBytes   694 Kbits/sec  22.119 ms 0/59 (0%)
[  2] 3.0000-4.0000 sec  76.1 KBytes   623 Kbits/sec  22.529 ms 0/53 (0%)
[  1] 3.0000-4.0000 sec  84.7 KBytes   694 Kbits/sec  22.811 ms 0/59 (0%)
[  5] 3.0000-4.0000 sec  73.2 KBytes   600 Kbits/sec  22.487 ms 0/51 (0%)
[  3] 3.0000-4.0000 sec  74.6 KBytes   612 Kbits/sec  25.486 ms 0/52 (0%)
[  6] 3.0000-4.0000 sec  76.1 KBytes   623 Kbits/sec  22.798 ms 0/53 (0%)
[  9] 3.0000-4.0000 sec  83.3 KBytes   682 Kbits/sec  23.003 ms 0/58 (0%)
[  4] 3.0000-4.0000 sec  73.2 KBytes   600 Kbits/sec  25.723 ms 0/51 (0%)
[  7] 3.0000-4.0000 sec  74.6 KBytes   612 Kbits/sec  26.039 ms 0/52 (0%)
[  8] 3.0000-4.0000 sec  73.2 KBytes   600 Kbits/sec  25.864 ms 0/51 (0%)
[ 10] 3.0000-4.0000 sec  76.1 KBytes   623 Kbits/sec  26.355 ms 0/53 (0%)
[  4] 4.0000-5.0000 sec  66.0 KBytes   541 Kbits/sec  29.136 ms 0/46 (0%)
[  1] 4.0000-5.0000 sec  84.7 KBytes   694 Kbits/sec  21.534 ms 0/59 (0%)
[  2] 4.0000-5.0000 sec  84.7 KBytes   694 Kbits/sec  21.622 ms 0/59 (0%)
[  8] 4.0000-5.0000 sec  71.8 KBytes   588 Kbits/sec  24.261 ms 0/50 (0%)
[  5] 4.0000-5.0000 sec  84.7 KBytes   694 Kbits/sec  21.660 ms 0/59 (0%)
[  6] 4.0000-5.0000 sec  84.7 KBytes   694 Kbits/sec  22.085 ms 0/59 (0%)
[  3] 4.0000-5.0000 sec  73.2 KBytes   600 Kbits/sec  22.878 ms 0/51 (0%)
[  9] 4.0000-5.0000 sec  84.7 KBytes   694 Kbits/sec  22.388 ms 0/59 (0%)
[  7] 4.0000-5.0000 sec  73.2 KBytes   600 Kbits/sec  22.439 ms 0/51 (0%)
[ 10] 4.0000-5.0000 sec  73.2 KBytes   600 Kbits/sec  21.990 ms 0/51 (0%)
[  2] 5.0000-6.0000 sec  73.2 KBytes   600 Kbits/sec  22.808 ms 0/51 (0%)
[  3] 5.0000-6.0000 sec  76.1 KBytes   623 Kbits/sec  21.841 ms 0/53 (0%)
[  6] 5.0000-6.0000 sec  73.2 KBytes   600 Kbits/sec  21.878 ms 0/51 (0%)
[  4] 5.0000-6.0000 sec  83.3 KBytes   682 Kbits/sec  21.820 ms 0/58 (0%)
[  7] 5.0000-6.0000 sec  74.6 KBytes   612 Kbits/sec  22.007 ms 0/52 (0%)
[  1] 5.0000-6.0000 sec  84.7 KBytes   694 Kbits/sec  21.835 ms 0/59 (0%)
[  8] 5.0000-6.0000 sec  76.1 KBytes   623 Kbits/sec  22.471 ms 0/53 (0%)
[ 10] 5.0000-6.0000 sec  74.6 KBytes   612 Kbits/sec  22.389 ms 0/52 (0%)
[  5] 5.0000-6.0000 sec  84.7 KBytes   694 Kbits/sec  21.746 ms 0/59 (0%)
[  9] 5.0000-6.0000 sec  84.7 KBytes   694 Kbits/sec  21.976 ms 0/59 (0%)
[  4] 6.0000-7.0000 sec  74.6 KBytes   612 Kbits/sec  23.012 ms 0/52 (0%)
[  3] 6.0000-7.0000 sec  73.2 KBytes   600 Kbits/sec  23.751 ms 0/51 (0%)
[  2] 6.0000-7.0000 sec  96.2 KBytes   788 Kbits/sec  21.319 ms 0/67 (0%)
[  1] 6.0000-7.0000 sec  84.7 KBytes   694 Kbits/sec  21.211 ms 0/59 (0%)
[  7] 6.0000-7.0000 sec  73.2 KBytes   600 Kbits/sec  23.305 ms 0/51 (0%)
[  8] 6.0000-7.0000 sec  76.1 KBytes   623 Kbits/sec  23.459 ms 0/53 (0%)
[  5] 6.0000-7.0000 sec  84.7 KBytes   694 Kbits/sec  21.484 ms 0/59 (0%)
[  6] 6.0000-7.0000 sec  96.2 KBytes   788 Kbits/sec  21.444 ms 0/67 (0%)
[ 10] 6.0000-7.0000 sec  73.2 KBytes   600 Kbits/sec  23.563 ms 0/51 (0%)
[  9] 6.0000-7.0000 sec  86.1 KBytes   706 Kbits/sec  21.270 ms 0/60 (0%)
[  4] 7.0000-8.0000 sec  73.2 KBytes   600 Kbits/sec  22.562 ms 0/51 (0%)
[  1] 7.0000-8.0000 sec  86.1 KBytes   706 Kbits/sec  20.669 ms 0/60 (0%)
[  7] 7.0000-8.0000 sec  77.5 KBytes   635 Kbits/sec  21.562 ms 0/54 (0%)
[  2] 7.0000-8.0000 sec  84.7 KBytes   694 Kbits/sec  21.872 ms 0/59 (0%)
[  5] 7.0000-8.0000 sec  86.1 KBytes   706 Kbits/sec  21.343 ms 0/60 (0%)
[  6] 7.0000-8.0000 sec  86.1 KBytes   706 Kbits/sec  21.148 ms 0/60 (0%)
[  3] 7.0000-8.0000 sec  84.7 KBytes   694 Kbits/sec  22.567 ms 0/59 (0%)
[  9] 7.0000-8.0000 sec  84.7 KBytes   694 Kbits/sec  22.494 ms 0/59 (0%)
[  8] 7.0000-8.0000 sec  81.8 KBytes   670 Kbits/sec  22.139 ms 0/57 (0%)
[ 10] 7.0000-8.0000 sec  84.7 KBytes   694 Kbits/sec  22.503 ms 0/59 (0%)
[  3] 8.0000-9.0000 sec  76.1 KBytes   623 Kbits/sec  21.370 ms 0/53 (0%)
[  6] 8.0000-9.0000 sec  74.6 KBytes   612 Kbits/sec  29.063 ms 0/52 (0%)
[  4] 8.0000-9.0000 sec  86.1 KBytes   706 Kbits/sec  21.402 ms 0/60 (0%)
[  8] 8.0000-9.0000 sec  76.1 KBytes   623 Kbits/sec  21.434 ms 0/53 (0%)
[  1] 8.0000-9.0000 sec  84.7 KBytes   694 Kbits/sec  21.790 ms 0/59 (0%)
[  2] 8.0000-9.0000 sec  84.7 KBytes   694 Kbits/sec  22.856 ms 0/59 (0%)
[  7] 8.0000-9.0000 sec  84.7 KBytes   694 Kbits/sec  21.728 ms 0/59 (0%)
[ 10] 8.0000-9.0000 sec  76.1 KBytes   623 Kbits/sec  21.510 ms 0/53 (0%)
[  5] 8.0000-9.0000 sec  84.7 KBytes   694 Kbits/sec  21.604 ms 0/59 (0%)
[  9] 8.0000-9.0000 sec  84.7 KBytes   694 Kbits/sec  23.290 ms 0/59 (0%)
[  3] 9.0000-10.0000 sec  73.2 KBytes   600 Kbits/sec  22.243 ms 0/51 (0%)
[  4] 9.0000-10.0000 sec  74.6 KBytes   612 Kbits/sec  22.467 ms 0/52 (0%)
[  8] 9.0000-10.0000 sec  73.2 KBytes   600 Kbits/sec  22.566 ms 0/51 (0%)
[  1] 9.0000-10.0000 sec  63.2 KBytes   517 Kbits/sec  25.159 ms 0/44 (0%)
[  7] 9.0000-10.0000 sec  74.6 KBytes   612 Kbits/sec  22.710 ms 0/52 (0%)
[  2] 9.0000-10.0000 sec  64.6 KBytes   529 Kbits/sec  24.518 ms 0/45 (0%)
[ 10] 9.0000-10.0000 sec  73.2 KBytes   600 Kbits/sec  22.871 ms 0/51 (0%)
[  5] 9.0000-10.0000 sec  63.2 KBytes   517 Kbits/sec  24.446 ms 0/44 (0%)
[  6] 9.0000-10.0000 sec  73.2 KBytes   600 Kbits/sec  24.241 ms 0/51 (0%)
[  9] 9.0000-10.0000 sec  64.6 KBytes   529 Kbits/sec  23.833 ms 0/45 (0%)
[  3] 10.0000-11.0000 sec  76.1 KBytes   623 Kbits/sec  24.647 ms 0/53 (0%)
[  1] 10.0000-11.0000 sec  74.6 KBytes   612 Kbits/sec  22.466 ms 0/52 (0%)
[  2] 10.0000-11.0000 sec  73.2 KBytes   600 Kbits/sec  21.868 ms 0/51 (0%)
[  5] 10.0000-11.0000 sec  74.6 KBytes   612 Kbits/sec  21.755 ms 0/52 (0%)
[  4] 10.0000-11.0000 sec  73.2 KBytes   600 Kbits/sec  25.046 ms 0/51 (0%)
[  8] 10.0000-11.0000 sec  76.1 KBytes   623 Kbits/sec  25.392 ms 0/53 (0%)
[  6] 10.0000-11.0000 sec  73.2 KBytes   600 Kbits/sec  22.024 ms 0/51 (0%)
[  9] 10.0000-11.0000 sec  74.6 KBytes   612 Kbits/sec  21.402 ms 0/52 (0%)
[  7] 10.0000-11.0000 sec  73.2 KBytes   600 Kbits/sec  25.580 ms 0/51 (0%)
[ 10] 10.0000-11.0000 sec  74.6 KBytes   612 Kbits/sec  25.735 ms 0/52 (0%)
[  2] 11.0000-12.0000 sec  76.1 KBytes   623 Kbits/sec  22.558 ms 0/53 (0%)
[  1] 11.0000-12.0000 sec  73.2 KBytes   600 Kbits/sec  23.253 ms 0/51 (0%)
[  6] 11.0000-12.0000 sec  76.1 KBytes   623 Kbits/sec  22.404 ms 0/53 (0%)
[  5] 11.0000-12.0000 sec  73.2 KBytes   600 Kbits/sec  22.610 ms 0/51 (0%)
[  9] 11.0000-12.0000 sec  73.2 KBytes   600 Kbits/sec  22.648 ms 0/51 (0%)
[  3] 11.0000-12.0000 sec  73.2 KBytes   600 Kbits/sec  23.415 ms 0/51 (0%)
[  4] 11.0000-12.0000 sec  74.6 KBytes   612 Kbits/sec  24.674 ms 0/52 (0%)
[  8] 11.0000-12.0000 sec  73.2 KBytes   600 Kbits/sec  23.867 ms 0/51 (0%)
[  7] 11.0000-12.0000 sec  76.1 KBytes   623 Kbits/sec  24.742 ms 0/53 (0%)
[ 10] 11.0000-12.0000 sec  73.2 KBytes   600 Kbits/sec  25.670 ms 0/51 (0%)
[  2] 12.0000-13.0000 sec  84.7 KBytes   694 Kbits/sec  22.221 ms 0/59 (0%)
[  1] 12.0000-13.0000 sec  86.1 KBytes   706 Kbits/sec  22.550 ms 0/60 (0%)
[  3] 12.0000-13.0000 sec  63.2 KBytes   517 Kbits/sec  23.705 ms 0/44 (0%)
[  4] 12.0000-13.0000 sec  64.6 KBytes   529 Kbits/sec  23.746 ms 0/45 (0%)
[  5] 12.0000-13.0000 sec  84.7 KBytes   694 Kbits/sec  22.185 ms 0/59 (0%)
[  6] 12.0000-13.0000 sec  84.7 KBytes   694 Kbits/sec  21.873 ms 0/59 (0%)
[  8] 12.0000-13.0000 sec  63.2 KBytes   517 Kbits/sec  23.782 ms 0/44 (0%)
[  7] 12.0000-13.0000 sec  63.2 KBytes   517 Kbits/sec  24.205 ms 0/44 (0%)
[  9] 12.0000-13.0000 sec  86.1 KBytes   706 Kbits/sec  21.412 ms 0/60 (0%)
[ 10] 12.0000-13.0000 sec  64.6 KBytes   529 Kbits/sec  23.751 ms 0/45 (0%)
[  1] 13.0000-14.0000 sec  76.1 KBytes   623 Kbits/sec  25.917 ms 0/53 (0%)
[  2] 13.0000-14.0000 sec  73.2 KBytes   600 Kbits/sec  25.700 ms 0/51 (0%)
[  5] 13.0000-14.0000 sec  76.1 KBytes   623 Kbits/sec  26.309 ms 0/53 (0%)
[  4] 13.0000-14.0000 sec  86.1 KBytes   706 Kbits/sec  21.604 ms 0/60 (0%)
[  3] 13.0000-14.0000 sec  84.7 KBytes   694 Kbits/sec  22.124 ms 0/59 (0%)
[  6] 13.0000-14.0000 sec  73.2 KBytes   600 Kbits/sec  25.489 ms 0/51 (0%)
[  8] 13.0000-14.0000 sec  84.7 KBytes   694 Kbits/sec  22.118 ms 0/59 (0%)
[  9] 13.0000-14.0000 sec  74.6 KBytes   612 Kbits/sec  25.763 ms 0/52 (0%)
[  7] 13.0000-14.0000 sec  84.7 KBytes   694 Kbits/sec  22.369 ms 0/59 (0%)
[ 10] 13.0000-14.0000 sec  84.7 KBytes   694 Kbits/sec  21.809 ms 0/59 (0%)
[  3] 14.0000-15.0000 sec  74.6 KBytes   612 Kbits/sec  22.496 ms 0/52 (0%)
[  4] 14.0000-15.0000 sec  73.2 KBytes   600 Kbits/sec  21.883 ms 0/51 (0%)
[  1] 14.0000-15.0000 sec  73.2 KBytes   600 Kbits/sec  23.571 ms 0/51 (0%)
[  8] 14.0000-15.0000 sec  76.1 KBytes   623 Kbits/sec  21.703 ms 0/53 (0%)
[  2] 14.0000-15.0000 sec  74.6 KBytes   612 Kbits/sec  24.438 ms 0/52 (0%)
[  7] 14.0000-15.0000 sec  73.2 KBytes   600 Kbits/sec  22.641 ms 0/51 (0%)
[  5] 14.0000-15.0000 sec  73.2 KBytes   600 Kbits/sec  24.868 ms 0/51 (0%)
[ 10] 14.0000-15.0000 sec  76.1 KBytes   623 Kbits/sec  21.599 ms 0/53 (0%)
[  6] 14.0000-15.0000 sec  76.1 KBytes   623 Kbits/sec  23.254 ms 0/53 (0%)
[  9] 14.0000-15.0000 sec  73.2 KBytes   600 Kbits/sec  23.832 ms 0/51 (0%)
[  1] 15.0000-16.0000 sec  64.6 KBytes   529 Kbits/sec  34.686 ms 0/45 (0%)
[  5] 15.0000-16.0000 sec  66.0 KBytes   541 Kbits/sec  34.830 ms 0/46 (0%)
[  3] 15.0000-16.0000 sec  86.1 KBytes   706 Kbits/sec  21.287 ms 0/60 (0%)
[  9] 15.0000-16.0000 sec  63.2 KBytes   517 Kbits/sec  26.028 ms 0/44 (0%)
[  8] 15.0000-16.0000 sec  84.7 KBytes   694 Kbits/sec  21.467 ms 0/59 (0%)
[  4] 15.0000-16.0000 sec  84.7 KBytes   694 Kbits/sec  21.400 ms 0/59 (0%)
[  2] 15.0000-16.0000 sec  73.2 KBytes   600 Kbits/sec  26.125 ms 0/51 (0%)
[ 10] 15.0000-16.0000 sec  84.7 KBytes   694 Kbits/sec  21.876 ms 0/59 (0%)
[  7] 15.0000-16.0000 sec  84.7 KBytes   694 Kbits/sec  22.049 ms 0/59 (0%)
[  6] 15.0000-16.0000 sec  73.2 KBytes   600 Kbits/sec  25.367 ms 0/51 (0%)
[  2] 16.0000-17.0000 sec  64.6 KBytes   529 Kbits/sec  23.559 ms 0/45 (0%)
[  4] 16.0000-17.0000 sec  74.6 KBytes   612 Kbits/sec  22.220 ms 0/52 (0%)
[  3] 16.0000-17.0000 sec  71.8 KBytes   588 Kbits/sec  23.147 ms 0/50 (0%)
[  6] 16.0000-17.0000 sec  63.2 KBytes   517 Kbits/sec  23.808 ms 0/44 (0%)
[  7] 16.0000-17.0000 sec  77.5 KBytes   635 Kbits/sec  21.500 ms 0/54 (0%)
[ 10] 16.0000-17.0000 sec  74.6 KBytes   612 Kbits/sec  28.353 ms 0/52 (0%)
[  1] 16.0000-17.0000 sec  83.3 KBytes   682 Kbits/sec  23.716 ms 0/58 (0%)
[  8] 16.0000-17.0000 sec  84.7 KBytes   694 Kbits/sec  22.077 ms 0/59 (0%)
[  5] 16.0000-17.0000 sec  83.3 KBytes   682 Kbits/sec  23.473 ms 0/58 (0%)
[  9] 16.0000-17.0000 sec  84.7 KBytes   694 Kbits/sec  24.757 ms 0/59 (0%)
[  4] 17.0000-18.0000 sec  76.1 KBytes   623 Kbits/sec  29.833 ms 0/53 (0%)
[  1] 17.0000-18.0000 sec  76.1 KBytes   623 Kbits/sec  21.553 ms 0/53 (0%)
[  7] 17.0000-18.0000 sec  73.2 KBytes   600 Kbits/sec  23.119 ms 0/51 (0%)
[  5] 17.0000-18.0000 sec  74.6 KBytes   612 Kbits/sec  21.504 ms 0/52 (0%)
[  2] 17.0000-18.0000 sec  84.7 KBytes   694 Kbits/sec  22.012 ms 0/59 (0%)
[  3] 17.0000-18.0000 sec  86.1 KBytes   706 Kbits/sec  23.648 ms 0/60 (0%)
[  9] 17.0000-18.0000 sec  77.5 KBytes   635 Kbits/sec  20.990 ms 0/54 (0%)
[  6] 17.0000-18.0000 sec  84.7 KBytes   694 Kbits/sec  21.366 ms 0/59 (0%)
[  8] 17.0000-18.0000 sec  73.2 KBytes   600 Kbits/sec  23.171 ms 0/51 (0%)
[ 10] 17.0000-18.0000 sec  83.3 KBytes   682 Kbits/sec  23.130 ms 0/58 (0%)
[  1] 18.0000-19.0000 sec  84.7 KBytes   694 Kbits/sec  22.750 ms 0/59 (0%)
[  3] 18.0000-19.0000 sec  76.1 KBytes   623 Kbits/sec  22.561 ms 0/53 (0%)
[  5] 18.0000-19.0000 sec  86.1 KBytes   706 Kbits/sec  22.038 ms 0/60 (0%)
[  2] 18.0000-19.0000 sec  81.8 KBytes   670 Kbits/sec  23.750 ms 0/57 (0%)
[  4] 18.0000-19.0000 sec  81.8 KBytes   670 Kbits/sec  22.482 ms 0/57 (0%)
[  8] 18.0000-19.0000 sec  74.6 KBytes   612 Kbits/sec  22.983 ms 0/52 (0%)
[  9] 18.0000-19.0000 sec  84.7 KBytes   694 Kbits/sec  21.664 ms 0/59 (0%)
[  6] 18.0000-19.0000 sec  84.7 KBytes   694 Kbits/sec  22.063 ms 0/59 (0%)
[  7] 18.0000-19.0000 sec  84.7 KBytes   694 Kbits/sec  22.336 ms 0/59 (0%)
[ 10] 18.0000-19.0000 sec  74.6 KBytes   612 Kbits/sec  22.893 ms 0/52 (0%)
[  1] 19.0000-20.0000 sec  73.2 KBytes   600 Kbits/sec  23.463 ms 0/51 (0%)
[  2] 19.0000-20.0000 sec  77.5 KBytes   635 Kbits/sec  23.122 ms 0/54 (0%)
[  3] 19.0000-20.0000 sec  73.2 KBytes   600 Kbits/sec  21.795 ms 0/51 (0%)
[  4] 19.0000-20.0000 sec  76.1 KBytes   623 Kbits/sec  21.986 ms 0/53 (0%)
[  5] 19.0000-20.0000 sec  73.2 KBytes   600 Kbits/sec  23.771 ms 0/51 (0%)
[  8] 19.0000-20.0000 sec  73.2 KBytes   600 Kbits/sec  23.264 ms 0/51 (0%)
[  6] 19.0000-20.0000 sec  76.1 KBytes   623 Kbits/sec  24.073 ms 0/53 (0%)
[  7] 19.0000-20.0000 sec  74.6 KBytes   612 Kbits/sec  23.034 ms 0/52 (0%)
[  9] 19.0000-20.0000 sec  73.2 KBytes   600 Kbits/sec  23.932 ms 0/51 (0%)
[ 10] 19.0000-20.0000 sec  73.2 KBytes   600 Kbits/sec  23.170 ms 0/51 (0%)
[  2] 20.0000-21.0000 sec  73.2 KBytes   600 Kbits/sec  21.652 ms 0/51 (0%)
[  6] 20.0000-21.0000 sec  73.2 KBytes   600 Kbits/sec  22.131 ms 0/51 (0%)
[  3] 20.0000-21.0000 sec  74.6 KBytes   612 Kbits/sec  24.536 ms 0/52 (0%)
[  1] 20.0000-21.0000 sec  84.7 KBytes   694 Kbits/sec  21.625 ms 0/59 (0%)
[  4] 20.0000-21.0000 sec  73.2 KBytes   600 Kbits/sec  24.515 ms 0/51 (0%)
[  8] 20.0000-21.0000 sec  76.1 KBytes   623 Kbits/sec  24.303 ms 0/53 (0%)
[  5] 20.0000-21.0000 sec  84.7 KBytes   694 Kbits/sec  21.704 ms 0/59 (0%)
[ 10] 20.0000-21.0000 sec  76.1 KBytes   623 Kbits/sec  24.255 ms 0/53 (0%)
[  7] 20.0000-21.0000 sec  73.2 KBytes   600 Kbits/sec  23.956 ms 0/51 (0%)
[  9] 20.0000-21.0000 sec  84.7 KBytes   694 Kbits/sec  21.565 ms 0/59 (0%)
[  1] 21.0000-22.0000 sec  63.2 KBytes   517 Kbits/sec  24.567 ms 0/44 (0%)
[  2] 21.0000-22.0000 sec  74.6 KBytes   612 Kbits/sec  24.139 ms 0/52 (0%)
[  3] 21.0000-22.0000 sec  73.2 KBytes   600 Kbits/sec  22.820 ms 0/51 (0%)
[  4] 21.0000-22.0000 sec  74.6 KBytes   612 Kbits/sec  23.042 ms 0/52 (0%)
[  5] 21.0000-22.0000 sec  63.2 KBytes   517 Kbits/sec  24.575 ms 0/44 (0%)
[  8] 21.0000-22.0000 sec  73.2 KBytes   600 Kbits/sec  22.699 ms 0/51 (0%)
[  7] 21.0000-22.0000 sec  74.6 KBytes   612 Kbits/sec  22.640 ms 0/52 (0%)
[  6] 21.0000-22.0000 sec  76.1 KBytes   623 Kbits/sec  24.978 ms 0/53 (0%)
[ 10] 21.0000-22.0000 sec  73.2 KBytes   600 Kbits/sec  23.171 ms 0/51 (0%)
[  9] 21.0000-22.0000 sec  63.2 KBytes   517 Kbits/sec  25.130 ms 0/44 (0%)
[  4] 22.0000-23.0000 sec  73.2 KBytes   600 Kbits/sec  23.221 ms 0/51 (0%)
[  2] 22.0000-23.0000 sec  84.7 KBytes   694 Kbits/sec  21.738 ms 0/59 (0%)
[  1] 22.0000-23.0000 sec  84.7 KBytes   694 Kbits/sec  22.392 ms 0/59 (0%)
[  7] 22.0000-23.0000 sec  73.2 KBytes   600 Kbits/sec  22.998 ms 0/51 (0%)
[  6] 22.0000-23.0000 sec  84.7 KBytes   694 Kbits/sec  21.331 ms 0/59 (0%)
[  5] 22.0000-23.0000 sec  84.7 KBytes   694 Kbits/sec  21.529 ms 0/59 (0%)
[  9] 22.0000-23.0000 sec  84.7 KBytes   694 Kbits/sec  21.256 ms 0/59 (0%)
[  3] 22.0000-23.0000 sec  84.7 KBytes   694 Kbits/sec  23.826 ms 0/59 (0%)
[  8] 22.0000-23.0000 sec  86.1 KBytes   706 Kbits/sec  23.156 ms 0/60 (0%)
[ 10] 22.0000-23.0000 sec  84.7 KBytes   694 Kbits/sec  23.908 ms 0/59 (0%)
[  2] 23.0000-24.0000 sec  73.2 KBytes   600 Kbits/sec  22.762 ms 0/51 (0%)
[  5] 23.0000-24.0000 sec  76.1 KBytes   623 Kbits/sec  22.343 ms 0/53 (0%)
[  3] 23.0000-24.0000 sec  76.1 KBytes   623 Kbits/sec  22.384 ms 0/53 (0%)
[  6] 23.0000-24.0000 sec  73.2 KBytes   600 Kbits/sec  22.262 ms 0/51 (0%)
[  9] 23.0000-24.0000 sec  76.1 KBytes   623 Kbits/sec  22.238 ms 0/53 (0%)
[  4] 23.0000-24.0000 sec  84.7 KBytes   694 Kbits/sec  22.907 ms 0/59 (0%)
[  8] 23.0000-24.0000 sec  74.6 KBytes   612 Kbits/sec  22.451 ms 0/52 (0%)
[  1] 23.0000-24.0000 sec  84.7 KBytes   694 Kbits/sec  23.164 ms 0/59 (0%)
[  7] 23.0000-24.0000 sec  86.1 KBytes   706 Kbits/sec  22.366 ms 0/60 (0%)
[ 10] 23.0000-24.0000 sec  76.1 KBytes   623 Kbits/sec  22.704 ms 0/53 (0%)
[  3] 24.0000-25.0000 sec  73.2 KBytes   600 Kbits/sec  22.268 ms 0/51 (0%)
[  4] 24.0000-25.0000 sec  76.1 KBytes   623 Kbits/sec  22.279 ms 0/53 (0%)
[  1] 24.0000-25.0000 sec  77.5 KBytes   635 Kbits/sec  21.714 ms 0/54 (0%)
[  8] 24.0000-25.0000 sec  74.6 KBytes   612 Kbits/sec  28.763 ms 0/52 (0%)
[  7] 24.0000-25.0000 sec  74.6 KBytes   612 Kbits/sec  22.679 ms 0/52 (0%)
[ 10] 24.0000-25.0000 sec  73.2 KBytes   600 Kbits/sec  21.898 ms 0/51 (0%)
[  2] 24.0000-25.0000 sec  84.7 KBytes   694 Kbits/sec  22.600 ms 0/59 (0%)
[  5] 24.0000-25.0000 sec  84.7 KBytes   694 Kbits/sec  22.369 ms 0/59 (0%)
[  6] 24.0000-25.0000 sec  84.7 KBytes   694 Kbits/sec  22.297 ms 0/59 (0%)
[  9] 24.0000-25.0000 sec  83.3 KBytes   682 Kbits/sec  22.960 ms 0/58 (0%)
[  3] 25.0000-26.0000 sec  84.7 KBytes   694 Kbits/sec  22.112 ms 0/59 (0%)
[  1] 25.0000-26.0000 sec  73.2 KBytes   600 Kbits/sec  22.413 ms 0/51 (0%)
[  4] 25.0000-26.0000 sec  86.1 KBytes   706 Kbits/sec  21.619 ms 0/60 (0%)
[  2] 25.0000-26.0000 sec  76.1 KBytes   623 Kbits/sec  22.859 ms 0/53 (0%)
[  8] 25.0000-26.0000 sec  83.3 KBytes   682 Kbits/sec  21.549 ms 0/58 (0%)
[  7] 25.0000-26.0000 sec  84.7 KBytes   694 Kbits/sec  22.429 ms 0/59 (0%)
[  5] 25.0000-26.0000 sec  73.2 KBytes   600 Kbits/sec  23.142 ms 0/51 (0%)
[  6] 25.0000-26.0000 sec  76.1 KBytes   623 Kbits/sec  22.878 ms 0/53 (0%)
[ 10] 25.0000-26.0000 sec  84.7 KBytes   694 Kbits/sec  22.011 ms 0/59 (0%)
[  9] 25.0000-26.0000 sec  73.2 KBytes   600 Kbits/sec  23.893 ms 0/51 (0%)
[  4] 26.0000-27.0000 sec  74.6 KBytes   612 Kbits/sec  30.960 ms 0/52 (0%)
[  1] 26.0000-27.0000 sec  74.6 KBytes   612 Kbits/sec  23.236 ms 0/52 (0%)
[  7] 26.0000-27.0000 sec  73.2 KBytes   600 Kbits/sec  23.387 ms 0/51 (0%)
[  2] 26.0000-27.0000 sec  71.8 KBytes   588 Kbits/sec  22.957 ms 0/50 (0%)
[  5] 26.0000-27.0000 sec  74.6 KBytes   612 Kbits/sec  23.458 ms 0/52 (0%)
[  3] 26.0000-27.0000 sec  84.7 KBytes   694 Kbits/sec  22.697 ms 0/59 (0%)
[  6] 26.0000-27.0000 sec  71.8 KBytes   588 Kbits/sec  22.746 ms 0/50 (0%)
[  9] 26.0000-27.0000 sec  74.6 KBytes   612 Kbits/sec  23.157 ms 0/52 (0%)
[  8] 26.0000-27.0000 sec  84.7 KBytes   694 Kbits/sec  23.343 ms 0/59 (0%)
[ 10] 26.0000-27.0000 sec  86.1 KBytes   706 Kbits/sec  22.853 ms 0/60 (0%)
[  1] 27.0000-28.0000 sec  63.2 KBytes   517 Kbits/sec  25.080 ms 0/44 (0%)
[  2] 27.0000-28.0000 sec  63.2 KBytes   517 Kbits/sec  25.252 ms 0/44 (0%)
[  3] 27.0000-28.0000 sec  76.1 KBytes   623 Kbits/sec  20.989 ms 0/53 (0%)
[  5] 27.0000-28.0000 sec  63.2 KBytes   517 Kbits/sec  24.428 ms 0/44 (0%)
[  4] 27.0000-28.0000 sec  83.3 KBytes   682 Kbits/sec  21.143 ms 0/58 (0%)
[  8] 27.0000-28.0000 sec  76.1 KBytes   623 Kbits/sec  21.581 ms 0/53 (0%)
[  6] 27.0000-28.0000 sec  63.2 KBytes   517 Kbits/sec  24.276 ms 0/44 (0%)
[  9] 27.0000-28.0000 sec  64.6 KBytes   529 Kbits/sec  24.040 ms 0/45 (0%)
[  7] 27.0000-28.0000 sec  84.7 KBytes   694 Kbits/sec  22.011 ms 0/59 (0%)
[ 10] 27.0000-28.0000 sec  74.6 KBytes   612 Kbits/sec  21.959 ms 0/52 (0%)
[  1] 28.0000-29.0000 sec  76.1 KBytes   623 Kbits/sec  29.520 ms 0/53 (0%)
[  3] 28.0000-29.0000 sec  73.2 KBytes   600 Kbits/sec  23.066 ms 0/51 (0%)
[  4] 28.0000-29.0000 sec  74.6 KBytes   612 Kbits/sec  23.353 ms 0/52 (0%)
[  2] 28.0000-29.0000 sec  79.0 KBytes   647 Kbits/sec  20.075 ms 0/55 (0%)
[  7] 28.0000-29.0000 sec  77.5 KBytes   635 Kbits/sec  22.734 ms 0/54 (0%)
[  9] 28.0000-29.0000 sec  74.6 KBytes   612 Kbits/sec  28.881 ms 1/53 (1.9%)
[ 10] 28.0000-29.0000 sec  73.2 KBytes   600 Kbits/sec  23.160 ms 0/51 (0%)
[  6] 28.0000-29.0000 sec  84.7 KBytes   694 Kbits/sec  21.887 ms 0/59 (0%)
[  5] 28.0000-29.0000 sec  81.8 KBytes   670 Kbits/sec  24.615 ms 0/57 (0%)
[  8] 28.0000-29.0000 sec  84.7 KBytes   694 Kbits/sec  22.943 ms 0/59 (0%)
[  3] 29.0000-30.0000 sec  76.1 KBytes   623 Kbits/sec  23.774 ms 0/53 (0%)
[  6] 29.0000-30.0000 sec  71.8 KBytes   588 Kbits/sec  22.279 ms 0/50 (0%)
[  4] 29.0000-30.0000 sec  73.2 KBytes   600 Kbits/sec  23.385 ms 0/51 (0%)
[  2] 29.0000-30.0000 sec  84.7 KBytes   694 Kbits/sec  21.844 ms 0/59 (0%)
[  8] 29.0000-30.0000 sec  63.2 KBytes   517 Kbits/sec  24.256 ms 0/44 (0%)
[  1] 29.0000-30.0000 sec  90.4 KBytes   741 Kbits/sec  22.625 ms 0/63 (0%)
[  9] 29.0000-30.0000 sec  84.7 KBytes   694 Kbits/sec  21.709 ms 0/59 (0%)
[  7] 29.0000-30.0000 sec  73.2 KBytes   600 Kbits/sec  23.481 ms 0/51 (0%)
[ 10] 29.0000-30.0000 sec  74.6 KBytes   612 Kbits/sec  23.673 ms 0/52 (0%)
[  5] 29.0000-30.0000 sec  84.7 KBytes   694 Kbits/sec  22.304 ms 0/59 (0%)
[  3] 30.0000-31.0000 sec  73.2 KBytes   600 Kbits/sec  22.568 ms 0/51 (0%)
[  4] 30.0000-31.0000 sec  76.1 KBytes   623 Kbits/sec  22.500 ms 0/53 (0%)
[  1] 30.0000-31.0000 sec  73.2 KBytes   600 Kbits/sec  23.393 ms 0/51 (0%)
[  7] 30.0000-31.0000 sec  74.6 KBytes   612 Kbits/sec  23.853 ms 0/52 (0%)
[  2] 30.0000-31.0000 sec  76.1 KBytes   623 Kbits/sec  22.877 ms 0/53 (0%)
[ 10] 30.0000-31.0000 sec  73.2 KBytes   600 Kbits/sec  23.998 ms 0/51 (0%)
[  9] 30.0000-31.0000 sec  73.2 KBytes   600 Kbits/sec  22.684 ms 0/51 (0%)
[  5] 30.0000-31.0000 sec  76.1 KBytes   623 Kbits/sec  22.184 ms 0/53 (0%)
[  6] 30.0000-31.0000 sec  84.7 KBytes   694 Kbits/sec  22.817 ms 0/59 (0%)
[  8] 30.0000-31.0000 sec  84.7 KBytes   694 Kbits/sec  23.721 ms 0/59 (0%)
[  4] 31.0000-32.0000 sec  73.2 KBytes   600 Kbits/sec  22.900 ms 0/51 (0%)
[  1] 31.0000-32.0000 sec  84.7 KBytes   694 Kbits/sec  21.234 ms 0/59 (0%)
[  7] 31.0000-32.0000 sec  73.2 KBytes   600 Kbits/sec  22.811 ms 0/51 (0%)
[  2] 31.0000-32.0000 sec  84.7 KBytes   694 Kbits/sec  21.363 ms 0/59 (0%)
[  9] 31.0000-32.0000 sec  84.7 KBytes   694 Kbits/sec  21.402 ms 0/59 (0%)
[  5] 31.0000-32.0000 sec  84.7 KBytes   694 Kbits/sec  21.074 ms 0/59 (0%)
[  3] 31.0000-32.0000 sec  84.7 KBytes   694 Kbits/sec  22.824 ms 0/59 (0%)
[  6] 31.0000-32.0000 sec  86.1 KBytes   706 Kbits/sec  20.585 ms 0/60 (0%)
[  8] 31.0000-32.0000 sec  73.2 KBytes   600 Kbits/sec  23.535 ms 0/51 (0%)
[ 10] 31.0000-32.0000 sec  84.7 KBytes   694 Kbits/sec  22.920 ms 0/59 (0%)
[  2] 32.0000-33.0000 sec  73.2 KBytes   600 Kbits/sec  24.316 ms 0/51 (0%)
[  1] 32.0000-33.0000 sec  76.1 KBytes   623 Kbits/sec  24.664 ms 0/53 (0%)
[  3] 32.0000-33.0000 sec  74.6 KBytes   612 Kbits/sec  23.043 ms 0/52 (0%)
[  9] 32.0000-33.0000 sec  74.6 KBytes   612 Kbits/sec  25.125 ms 0/52 (0%)
[  6] 32.0000-33.0000 sec  63.2 KBytes   517 Kbits/sec  23.901 ms 0/44 (0%)
[  4] 32.0000-33.0000 sec  84.7 KBytes   694 Kbits/sec  23.077 ms 0/59 (0%)
[  8] 32.0000-33.0000 sec  77.5 KBytes   635 Kbits/sec  22.588 ms 0/54 (0%)
[  5] 32.0000-33.0000 sec  73.2 KBytes   600 Kbits/sec  24.724 ms 0/51 (0%)
[  7] 32.0000-33.0000 sec  84.7 KBytes   694 Kbits/sec  22.924 ms 0/59 (0%)
[ 10] 32.0000-33.0000 sec  76.1 KBytes   623 Kbits/sec  23.285 ms 0/53 (0%)
[  3] 33.0000-34.0000 sec  73.2 KBytes   600 Kbits/sec  21.731 ms 0/51 (0%)
[  4] 33.0000-34.0000 sec  74.6 KBytes   612 Kbits/sec  22.428 ms 0/52 (0%)
[  1] 33.0000-34.0000 sec  73.2 KBytes   600 Kbits/sec  22.730 ms 0/51 (0%)
[  2] 33.0000-34.0000 sec  76.1 KBytes   623 Kbits/sec  22.848 ms 0/53 (0%)
[  7] 33.0000-34.0000 sec  73.2 KBytes   600 Kbits/sec  21.892 ms 0/51 (0%)
[  8] 33.0000-34.0000 sec  74.6 KBytes   612 Kbits/sec  21.445 ms 0/52 (0%)
[  9] 33.0000-34.0000 sec  73.2 KBytes   600 Kbits/sec  23.794 ms 0/51 (0%)
[  5] 33.0000-34.0000 sec  76.1 KBytes   623 Kbits/sec  23.722 ms 0/53 (0%)
[ 10] 33.0000-34.0000 sec  73.2 KBytes   600 Kbits/sec  21.950 ms 0/51 (0%)
[  6] 33.0000-34.0000 sec  84.7 KBytes   694 Kbits/sec  24.221 ms 0/59 (0%)
[  3] 34.0000-35.0000 sec  76.1 KBytes   623 Kbits/sec  23.517 ms 0/53 (0%)
[  1] 34.0000-35.0000 sec  84.7 KBytes   694 Kbits/sec  20.628 ms 0/59 (0%)
[  2] 34.0000-35.0000 sec  84.7 KBytes   694 Kbits/sec  21.024 ms 0/59 (0%)
[  9] 34.0000-35.0000 sec  84.7 KBytes   694 Kbits/sec  21.005 ms 0/59 (0%)
[  4] 34.0000-35.0000 sec  73.2 KBytes   600 Kbits/sec  24.573 ms 0/51 (0%)
[  7] 34.0000-35.0000 sec  76.1 KBytes   623 Kbits/sec  23.735 ms 0/53 (0%)
[  5] 34.0000-35.0000 sec  84.7 KBytes   694 Kbits/sec  21.132 ms 0/59 (0%)
[  8] 34.0000-35.0000 sec  73.2 KBytes   600 Kbits/sec  24.063 ms 0/51 (0%)
[  6] 34.0000-35.0000 sec  84.7 KBytes   694 Kbits/sec  21.204 ms 0/59 (0%)
[ 10] 34.0000-35.0000 sec  76.1 KBytes   623 Kbits/sec  23.990 ms 0/53 (0%)
[  3] 35.0000-36.0000 sec  73.2 KBytes   600 Kbits/sec  21.996 ms 0/51 (0%)
[  4] 35.0000-36.0000 sec  76.1 KBytes   623 Kbits/sec  22.356 ms 0/53 (0%)
[  1] 35.0000-36.0000 sec  84.7 KBytes   694 Kbits/sec  20.943 ms 0/59 (0%)
[  7] 35.0000-36.0000 sec  71.8 KBytes   588 Kbits/sec  22.424 ms 0/50 (0%)
[  2] 35.0000-36.0000 sec  84.7 KBytes   694 Kbits/sec  21.802 ms 0/59 (0%)
[  8] 35.0000-36.0000 sec  79.0 KBytes   647 Kbits/sec  25.793 ms 0/55 (0%)
[  9] 35.0000-36.0000 sec  86.1 KBytes   706 Kbits/sec  21.967 ms 0/60 (0%)
[ 10] 35.0000-36.0000 sec  73.2 KBytes   600 Kbits/sec  22.526 ms 0/51 (0%)
[  5] 35.0000-36.0000 sec  84.7 KBytes   694 Kbits/sec  21.566 ms 0/59 (0%)
[  6] 35.0000-36.0000 sec  84.7 KBytes   694 Kbits/sec  21.544 ms 0/59 (0%)
[  5] 36.0000-37.0000 sec  73.2 KBytes   600 Kbits/sec  22.375 ms 0/51 (0%)
[  6] 36.0000-37.0000 sec  76.1 KBytes   623 Kbits/sec  22.872 ms 0/53 (0%)
[  2] 36.0000-37.0000 sec  84.7 KBytes   694 Kbits/sec  22.937 ms 0/59 (0%)
[  3] 36.0000-37.0000 sec  84.7 KBytes   694 Kbits/sec  22.837 ms 0/59 (0%)
[  1] 36.0000-37.0000 sec  84.7 KBytes   694 Kbits/sec  23.058 ms 0/59 (0%)
[  4] 36.0000-37.0000 sec  86.1 KBytes   706 Kbits/sec  22.477 ms 0/60 (0%)
[  9] 36.0000-37.0000 sec  84.7 KBytes   694 Kbits/sec  23.297 ms 0/59 (0%)
[  7] 36.0000-37.0000 sec  86.1 KBytes   706 Kbits/sec  22.723 ms 0/60 (0%)
[  8] 36.0000-37.0000 sec  81.8 KBytes   670 Kbits/sec  22.590 ms 0/57 (0%)
[ 10] 36.0000-37.0000 sec  84.7 KBytes   694 Kbits/sec  22.867 ms 0/59 (0%)
[  6] 37.0000-38.0000 sec  73.2 KBytes   600 Kbits/sec  22.859 ms 0/51 (0%)
[  3] 37.0000-38.0000 sec  74.6 KBytes   612 Kbits/sec  23.575 ms 0/52 (0%)
[  1] 37.0000-38.0000 sec  76.1 KBytes   623 Kbits/sec  21.873 ms 0/53 (0%)
[  4] 37.0000-38.0000 sec  71.8 KBytes   588 Kbits/sec  23.332 ms 0/50 (0%)
[  2] 37.0000-38.0000 sec  73.2 KBytes   600 Kbits/sec  22.081 ms 0/51 (0%)
[  9] 37.0000-38.0000 sec  76.1 KBytes   623 Kbits/sec  22.345 ms 0/53 (0%)
[  7] 37.0000-38.0000 sec  74.6 KBytes   612 Kbits/sec  22.978 ms 0/52 (0%)
[  5] 37.0000-38.0000 sec  84.7 KBytes   694 Kbits/sec  21.945 ms 0/59 (0%)
[  8] 37.0000-38.0000 sec  73.2 KBytes   600 Kbits/sec  23.004 ms 0/51 (0%)
[ 10] 37.0000-38.0000 sec  76.1 KBytes   623 Kbits/sec  22.411 ms 0/53 (0%)
[  1] 38.0000-39.0000 sec  73.2 KBytes   600 Kbits/sec  23.614 ms 0/51 (0%)
[  2] 38.0000-39.0000 sec  76.1 KBytes   623 Kbits/sec  22.853 ms 0/53 (0%)
[  9] 38.0000-39.0000 sec  73.2 KBytes   600 Kbits/sec  22.953 ms 0/51 (0%)
[  5] 38.0000-39.0000 sec  76.1 KBytes   623 Kbits/sec  22.399 ms 0/53 (0%)
[  3] 38.0000-39.0000 sec  73.2 KBytes   600 Kbits/sec  23.830 ms 0/51 (0%)
[  4] 38.0000-39.0000 sec  76.1 KBytes   623 Kbits/sec  23.450 ms 0/53 (0%)
[  6] 38.0000-39.0000 sec  84.7 KBytes   694 Kbits/sec  23.032 ms 0/59 (0%)
[  7] 38.0000-39.0000 sec  73.2 KBytes   600 Kbits/sec  23.249 ms 0/51 (0%)
[  8] 38.0000-39.0000 sec  76.1 KBytes   623 Kbits/sec  23.452 ms 0/53 (0%)
[ 10] 38.0000-39.0000 sec  73.2 KBytes   600 Kbits/sec  23.217 ms 0/51 (0%)
[  5] 39.0000-40.0000 sec  76.1 KBytes   623 Kbits/sec  21.497 ms 0/53 (0%)
[  1] 39.0000-40.0000 sec  84.7 KBytes   694 Kbits/sec  21.934 ms 0/59 (0%)
[  2] 39.0000-40.0000 sec  84.7 KBytes   694 Kbits/sec  21.816 ms 0/59 (0%)
[  3] 39.0000-40.0000 sec  76.1 KBytes   623 Kbits/sec  23.505 ms 0/53 (0%)
[  4] 39.0000-40.0000 sec  73.2 KBytes   600 Kbits/sec  23.689 ms 0/51 (0%)
[  9] 39.0000-40.0000 sec  84.7 KBytes   694 Kbits/sec  22.076 ms 0/59 (0%)
[  7] 39.0000-40.0000 sec  74.6 KBytes   612 Kbits/sec  24.429 ms 0/52 (0%)
[  6] 39.0000-40.0000 sec  84.7 KBytes   694 Kbits/sec  22.485 ms 0/59 (0%)
[  8] 39.0000-40.0000 sec  73.2 KBytes   600 Kbits/sec  23.970 ms 0/51 (0%)
[ 10] 39.0000-40.0000 sec  74.6 KBytes   612 Kbits/sec  24.272 ms 0/52 (0%)
[  2] 40.0000-41.0000 sec  73.2 KBytes   600 Kbits/sec  21.754 ms 0/51 (0%)
[  6] 40.0000-41.0000 sec  73.2 KBytes   600 Kbits/sec  22.142 ms 0/51 (0%)
[  5] 40.0000-41.0000 sec  84.7 KBytes   694 Kbits/sec  22.096 ms 0/59 (0%)
[  3] 40.0000-41.0000 sec  73.2 KBytes   600 Kbits/sec  22.856 ms 0/51 (0%)
[  4] 40.0000-41.0000 sec  74.6 KBytes   612 Kbits/sec  23.252 ms 0/52 (0%)
[  1] 40.0000-41.0000 sec  84.7 KBytes   694 Kbits/sec  21.997 ms 0/59 (0%)
[  7] 40.0000-41.0000 sec  73.2 KBytes   600 Kbits/sec  23.588 ms 0/51 (0%)
[  8] 40.0000-41.0000 sec  74.6 KBytes   612 Kbits/sec  22.940 ms 0/52 (0%)
[  9] 40.0000-41.0000 sec  84.7 KBytes   694 Kbits/sec  22.204 ms 0/59 (0%)
[ 10] 40.0000-41.0000 sec  73.2 KBytes   600 Kbits/sec  22.777 ms 0/51 (0%)
[  4] 41.0000-42.0000 sec  73.2 KBytes   600 Kbits/sec  22.422 ms 0/51 (0%)
[  5] 41.0000-42.0000 sec  73.2 KBytes   600 Kbits/sec  22.605 ms 0/51 (0%)
[  8] 41.0000-42.0000 sec  73.2 KBytes   600 Kbits/sec  21.993 ms 0/51 (0%)
[  1] 41.0000-42.0000 sec  74.6 KBytes   612 Kbits/sec  23.263 ms 0/52 (0%)
[  9] 41.0000-42.0000 sec  76.1 KBytes   623 Kbits/sec  22.204 ms 0/53 (0%)
[  2] 41.0000-42.0000 sec  84.7 KBytes   694 Kbits/sec  22.801 ms 0/59 (0%)
[  3] 41.0000-42.0000 sec  86.1 KBytes   706 Kbits/sec  22.489 ms 0/60 (0%)
[  6] 41.0000-42.0000 sec  84.7 KBytes   694 Kbits/sec  21.610 ms 0/59 (0%)
[  7] 41.0000-42.0000 sec  86.1 KBytes   706 Kbits/sec  22.863 ms 0/60 (0%)
[ 10] 41.0000-42.0000 sec  84.7 KBytes   694 Kbits/sec  22.930 ms 0/59 (0%)
[  8] 42.0000-43.0000 sec  81.8 KBytes   670 Kbits/sec  26.237 ms 0/57 (0%)
[  7] 42.0000-43.0000 sec  66.0 KBytes   541 Kbits/sec  31.978 ms 0/46 (0%)
[  2] 42.0000-43.0000 sec  76.1 KBytes   623 Kbits/sec  21.819 ms 0/53 (0%)
[  1] 42.0000-43.0000 sec  73.2 KBytes   600 Kbits/sec  22.347 ms 0/51 (0%)
[ 10] 42.0000-43.0000 sec  63.2 KBytes   517 Kbits/sec  23.607 ms 0/44 (0%)
[  9] 42.0000-43.0000 sec  73.2 KBytes   600 Kbits/sec  21.650 ms 0/51 (0%)
[  6] 42.0000-43.0000 sec  76.1 KBytes   623 Kbits/sec  21.629 ms 0/53 (0%)
[  3] 42.0000-43.0000 sec  74.6 KBytes   612 Kbits/sec  23.281 ms 0/52 (0%)
[  5] 42.0000-43.0000 sec  84.7 KBytes   694 Kbits/sec  22.663 ms 0/59 (0%)
[  4] 42.0000-43.0000 sec  84.7 KBytes   694 Kbits/sec  24.160 ms 0/59 (0%)
[  2] 43.0000-44.0000 sec  73.2 KBytes   600 Kbits/sec  22.237 ms 0/51 (0%)
[  6] 43.0000-44.0000 sec  73.2 KBytes   600 Kbits/sec  22.581 ms 0/51 (0%)
[  3] 43.0000-44.0000 sec  63.2 KBytes   517 Kbits/sec  24.958 ms 0/44 (0%)
[  5] 43.0000-44.0000 sec  76.1 KBytes   623 Kbits/sec  22.173 ms 0/53 (0%)
[  7] 43.0000-44.0000 sec  73.2 KBytes   600 Kbits/sec  24.340 ms 0/51 (0%)
[  4] 43.0000-44.0000 sec  64.6 KBytes   529 Kbits/sec  25.099 ms 0/45 (0%)
[  1] 43.0000-44.0000 sec  86.1 KBytes   706 Kbits/sec  22.256 ms 0/60 (0%)
[ 10] 43.0000-44.0000 sec  76.1 KBytes   623 Kbits/sec  24.345 ms 0/53 (0%)
[  8] 43.0000-44.0000 sec  67.5 KBytes   553 Kbits/sec  24.052 ms 0/47 (0%)
[  9] 43.0000-44.0000 sec  84.7 KBytes   694 Kbits/sec  22.119 ms 0/59 (0%)
[  3] 44.0000-45.0000 sec  73.2 KBytes   600 Kbits/sec  23.588 ms 0/51 (0%)
[  1] 44.0000-45.0000 sec  74.6 KBytes   612 Kbits/sec  21.543 ms 0/52 (0%)
[  4] 44.0000-45.0000 sec  76.1 KBytes   623 Kbits/sec  23.473 ms 0/53 (0%)
[  2] 44.0000-45.0000 sec  84.7 KBytes   694 Kbits/sec  21.503 ms 0/59 (0%)
[  8] 44.0000-45.0000 sec  74.6 KBytes   612 Kbits/sec  23.825 ms 0/52 (0%)
[  7] 44.0000-45.0000 sec  73.2 KBytes   600 Kbits/sec  23.110 ms 0/51 (0%)
[ 10] 44.0000-45.0000 sec  74.6 KBytes   612 Kbits/sec  30.447 ms 0/52 (0%)
[  6] 44.0000-45.0000 sec  84.7 KBytes   694 Kbits/sec  22.907 ms 0/59 (0%)
[  5] 44.0000-45.0000 sec  84.7 KBytes   694 Kbits/sec  22.366 ms 0/59 (0%)
[  9] 44.0000-45.0000 sec  84.7 KBytes   694 Kbits/sec  22.552 ms 0/59 (0%)
[  1] 45.0000-46.0000 sec  70.3 KBytes   576 Kbits/sec  24.739 ms 0/49 (0%)
[  6] 45.0000-46.0000 sec  76.1 KBytes   623 Kbits/sec  23.317 ms 0/53 (0%)
[  5] 45.0000-46.0000 sec  73.2 KBytes   600 Kbits/sec  22.662 ms 0/51 (0%)
[  3] 45.0000-46.0000 sec  84.7 KBytes   694 Kbits/sec  22.823 ms 0/59 (0%)
[  4] 45.0000-46.0000 sec  84.7 KBytes   694 Kbits/sec  22.663 ms 0/59 (0%)
[  2] 45.0000-46.0000 sec  86.1 KBytes   706 Kbits/sec  22.774 ms 0/60 (0%)
[  9] 45.0000-46.0000 sec  74.6 KBytes   612 Kbits/sec  23.136 ms 0/52 (0%)
[  8] 45.0000-46.0000 sec  84.7 KBytes   694 Kbits/sec  23.749 ms 0/59 (0%)
[  7] 45.0000-46.0000 sec  84.7 KBytes   694 Kbits/sec  22.582 ms 0/59 (0%)
[ 10] 45.0000-46.0000 sec  83.3 KBytes   682 Kbits/sec  23.218 ms 0/58 (0%)
[  1] 46.0000-47.0000 sec  77.5 KBytes   635 Kbits/sec  22.806 ms 0/54 (0%)
[  4] 46.0000-47.0000 sec  73.2 KBytes   600 Kbits/sec  22.015 ms 0/51 (0%)
[  2] 46.0000-47.0000 sec  63.2 KBytes   517 Kbits/sec  23.033 ms 0/44 (0%)
[  8] 46.0000-47.0000 sec  73.2 KBytes   600 Kbits/sec  22.482 ms 0/51 (0%)
[  6] 46.0000-47.0000 sec  73.2 KBytes   600 Kbits/sec  22.456 ms 0/51 (0%)
[  5] 46.0000-47.0000 sec  74.6 KBytes   612 Kbits/sec  22.501 ms 0/52 (0%)
[  3] 46.0000-47.0000 sec  86.1 KBytes   706 Kbits/sec  22.159 ms 0/60 (0%)
[  7] 46.0000-47.0000 sec  84.7 KBytes   694 Kbits/sec  22.509 ms 0/59 (0%)
[  9] 46.0000-47.0000 sec  73.2 KBytes   600 Kbits/sec  23.570 ms 0/51 (0%)
[ 10] 46.0000-47.0000 sec  84.7 KBytes   694 Kbits/sec  22.154 ms 0/59 (0%)
[  1] 47.0000-48.0000 sec  73.2 KBytes   600 Kbits/sec  22.887 ms 0/51 (0%)
[  2] 47.0000-48.0000 sec  74.6 KBytes   612 Kbits/sec  22.805 ms 0/52 (0%)
[  3] 47.0000-48.0000 sec  74.6 KBytes   612 Kbits/sec  22.813 ms 0/52 (0%)
[  6] 47.0000-48.0000 sec  74.6 KBytes   612 Kbits/sec  22.956 ms 0/52 (0%)
[  4] 47.0000-48.0000 sec  84.7 KBytes   694 Kbits/sec  22.047 ms 0/59 (0%)
[  7] 47.0000-48.0000 sec  76.1 KBytes   623 Kbits/sec  22.520 ms 0/53 (0%)
[  5] 47.0000-48.0000 sec  73.2 KBytes   600 Kbits/sec  23.548 ms 0/51 (0%)
[  8] 47.0000-48.0000 sec  84.7 KBytes   694 Kbits/sec  22.690 ms 0/59 (0%)
[ 10] 47.0000-48.0000 sec  76.1 KBytes   623 Kbits/sec  21.746 ms 0/53 (0%)
[  9] 47.0000-48.0000 sec  76.1 KBytes   623 Kbits/sec  22.786 ms 0/53 (0%)
[  9] 48.0000-48.3636 sec  27.3 KBytes   615 Kbits/sec  23.848 ms 0/19 (0%)
[  9] 0.0000-48.3636 sec  3.70 MBytes   641 Kbits/sec  23.848 ms 2715/5353 (51%)
[ 11] local 12.1.1.1 port 5001 connected with 12.1.1.36 port 52538
[ 11] 0.0000-0.0000 sec  2.87 KBytes  -nan bits/sec   0.003 ms 5364/5366 (1e+02%)
[  2] 48.0000-48.9349 sec  84.7 KBytes   742 Kbits/sec  21.498 ms 0/59 (0%)
[  2] 0.0000-48.9349 sec  3.74 MBytes   642 Kbits/sec  21.498 ms 2682/5353 (50%)
[ 12] local 12.1.1.1 port 5001 connected with 12.1.1.36 port 52538
[ 12] 0.0000-0.0000 sec  2.87 KBytes  -nan bits/sec   0.002 ms 5379/5381 (1e+02%)
[  1] 48.0000-49.0000 sec  84.7 KBytes   694 Kbits/sec  21.111 ms 0/59 (0%)
[  4] 48.0000-49.0000 sec  76.1 KBytes   623 Kbits/sec  22.538 ms 0/53 (0%)
[  3] 48.0000-49.0000 sec  73.2 KBytes   600 Kbits/sec  23.773 ms 0/51 (0%)
[  8] 48.0000-49.0000 sec  77.5 KBytes   635 Kbits/sec  21.888 ms 0/54 (0%)
[  7] 48.0000-49.0000 sec  73.2 KBytes   600 Kbits/sec  23.379 ms 0/51 (0%)
[  6] 48.0000-49.0000 sec  86.1 KBytes   706 Kbits/sec  21.308 ms 0/60 (0%)
[  5] 48.0000-49.0000 sec  84.7 KBytes   694 Kbits/sec  21.991 ms 0/59 (0%)
[  5] 0.0000-49.1250 sec  3.76 MBytes   642 Kbits/sec  26.529 ms 2672/5353 (50%)
[ 10] 48.0000-49.0000 sec  73.2 KBytes   600 Kbits/sec  22.655 ms 0/51 (0%)
[ 13] local 12.1.1.1 port 5001 connected with 12.1.1.35 port 47047
[ 14] local 12.1.1.1 port 5001 connected with 12.1.1.36 port 52538
[ 13] 0.0000-0.0000 sec  2.87 KBytes  -nan bits/sec   0.002 ms 5362/5364 (1e+02%)
[ 14] 0.0000-0.0000 sec  2.87 KBytes  0.000 bits/sec   0.002 ms 5393/5395 (1e+02%)
[  6] 0.0000-49.2123 sec  3.77 MBytes   643 Kbits/sec  22.423 ms 2664/5353 (50%)
[ 15] local 12.1.1.1 port 5001 connected with 12.1.1.34 port 57118
[  1] 49.0000-49.4226 sec  40.2 KBytes   779 Kbits/sec  21.925 ms 0/28 (0%)
[  1] 0.0000-49.4226 sec  3.79 MBytes   643 Kbits/sec  21.925 ms 2651/5353 (50%)
[ 15] 0.0000-0.1228 sec  2.87 KBytes   191 Kbits/sec   7.677 ms 5364/5366 (1e+02%)
[ 16] local 12.1.1.1 port 5001 connected with 12.1.1.35 port 47047
[ 17] local 12.1.1.1 port 5001 connected with 12.1.1.36 port 52538
[ 16] 0.0000-0.0000 sec  2.87 KBytes  -nan bits/sec   0.003 ms 5375/5377 (1e+02%)
[ 17] 0.0000-0.0000 sec  2.87 KBytes  -nan bits/sec   0.002 ms 5408/5410 (1e+02%)
[ 18] local 12.1.1.1 port 5001 connected with 12.1.1.34 port 57118
[ 18] 0.0000-0.0000 sec  2.87 KBytes  -nan bits/sec   0.002 ms 5377/5379 (1e+02%)
[ 19] local 12.1.1.1 port 5001 connected with 12.1.1.36 port 52538
[ 20] local 12.1.1.1 port 5001 connected with 12.1.1.33 port 52355
[ 19] 0.0000-0.0000 sec  2.87 KBytes  -nan bits/sec   0.002 ms 5420/5422 (1e+02%)
[ 20] 0.0000-0.0000 sec  2.87 KBytes  -nan bits/sec   0.000 ms 5368/5370 (1e+02%)
[ 21] local 12.1.1.1 port 5001 connected with 12.1.1.32 port 55050
[ 21] 0.0000-0.0000 sec  2.87 KBytes  -nan bits/sec   0.002 ms 5362/5364 (1e+02%)
[ 22] local 12.1.1.1 port 5001 connected with 12.1.1.35 port 47047
[ 22] 0.0000-0.0000 sec  2.87 KBytes  -nan bits/sec   0.003 ms 5389/5391 (1e+02%)
[ 23] local 12.1.1.1 port 5001 connected with 12.1.1.34 port 57118
[ 23] 0.0000-0.0000 sec  2.87 KBytes  -nan bits/sec   0.002 ms 5388/5390 (1e+02%)
[ 24] local 12.1.1.1 port 5001 connected with 12.1.1.36 port 52538
[ 24] 0.0000-0.0000 sec  2.87 KBytes  -nan bits/sec   0.003 ms 5431/5433 (1e+02%)
[ 25] 0.0000-0.0000 sec  2.87 KBytes  -nan bits/sec   0.003 ms 5383/5385 (1e+02%)
[ 25] local 12.1.1.1 port 5001 connected with 12.1.1.33 port 52355
[ 26] local 12.1.1.1 port 5001 connected with 12.1.1.34 port 57118
[ 26] 0.0000-0.0004 sec  2.87 KBytes  55.5 Mbits/sec   0.026 ms 5399/5401 (1e+02%)
[ 27] local 12.1.1.1 port 5001 connected with 12.1.1.35 port 47047
[ 28] local 12.1.1.1 port 5001 connected with 12.1.1.36 port 52538
[ 27] 0.0000-0.0036 sec  2.87 KBytes  6.62 Mbits/sec   0.222 ms 5404/5406 (1e+02%)
[  3] 49.0000-50.0000 sec  84.7 KBytes   694 Kbits/sec  21.396 ms 0/59 (0%)
[  4] 49.0000-50.0000 sec  84.7 KBytes   694 Kbits/sec  20.791 ms 0/59 (0%)
[ 29] local 12.1.1.1 port 5001 connected with 12.1.1.32 port 55050
[ 29] 0.0000-0.0038 sec  2.87 KBytes  6.27 Mbits/sec   0.235 ms 5384/5386 (1e+02%)
[  7] 49.0000-50.0000 sec  84.7 KBytes   694 Kbits/sec  21.002 ms 0/59 (0%)
[ 30] local 12.1.1.1 port 5001 connected with 12.1.1.35 port 47047
[ 30] 0.0000-0.0000 sec  2.87 KBytes  -nan bits/sec   0.001 ms 5416/5418 (1e+02%)
[  8] 49.0000-50.0000 sec  84.7 KBytes   694 Kbits/sec  20.572 ms 0/59 (0%)
[ 31] local 12.1.1.1 port 5001 connected with 12.1.1.33 port 52355
[ 28] 0.0000-0.1175 sec  2.87 KBytes   200 Kbits/sec   7.341 ms 5443/5445 (1e+02%)
[ 31] 0.0000-0.0000 sec  2.87 KBytes  -nan bits/sec   0.009 ms 5398/5400 (1e+02%)
[ 10] 49.0000-50.0000 sec  84.7 KBytes   694 Kbits/sec  20.947 ms 0/59 (0%)
[ 32] local 12.1.1.1 port 5001 connected with 12.1.1.32 port 55050
[ 32] 0.0000-0.0005 sec  2.87 KBytes  49.1 Mbits/sec   0.030 ms 5395/5397 (1e+02%)
[ 33] local 12.1.1.1 port 5001 connected with 12.1.1.34 port 57118
[ 33] 0.0000-0.0000 sec  2.87 KBytes  -nan bits/sec   0.011 ms 5410/5412 (1e+02%)
[ 34] local 12.1.1.1 port 5001 connected with 12.1.1.34 port 57118
[ 34] 0.0000-0.0003 sec  2.87 KBytes  82.0 Mbits/sec   0.018 ms 5422/5424 (1e+02%)
[ 35] local 12.1.1.1 port 5001 connected with 12.1.1.35 port 47047
[ 35] 0.0000-0.0000 sec  2.87 KBytes  0.000 bits/sec   0.003 ms 5427/5429 (1e+02%)
[ 36] local 12.1.1.1 port 5001 connected with 12.1.1.36 port 52538
[ 37] local 12.1.1.1 port 5001 connected with 12.1.1.33 port 52355
[ 36] 0.0000-0.0062 sec  2.87 KBytes  3.79 Mbits/sec   0.388 ms 5459/5461 (1e+02%)
[ 37] 0.0000-0.0000 sec  2.87 KBytes  -nan bits/sec   0.002 ms 5413/5415 (1e+02%)
[ 38] local 12.1.1.1 port 5001 connected with 12.1.1.32 port 55050
[ 38] 0.0000-0.0000 sec  2.87 KBytes  -nan bits/sec   0.004 ms 5406/5408 (1e+02%)
[ 39] local 12.1.1.1 port 5001 connected with 12.1.1.35 port 47047
[ 40] local 12.1.1.1 port 5001 connected with 12.1.1.34 port 57118
[ 40] 0.0000-0.0000 sec  2.87 KBytes  -nan bits/sec   0.015 ms 5433/5435 (1e+02%)
[ 39] 0.0000-0.1564 sec  2.87 KBytes   150 Kbits/sec   9.773 ms 5442/5444 (1e+02%)
[ 41] local 12.1.1.1 port 5001 connected with 12.1.1.36 port 52538
[ 42] local 12.1.1.1 port 5001 connected with 12.1.1.33 port 52355
[ 41] 0.0000-0.0108 sec  2.87 KBytes  2.17 Mbits/sec   0.676 ms 5474/5476 (1e+02%)
[ 42] 0.0000-0.0000 sec  2.87 KBytes  -nan bits/sec   0.014 ms 5427/5429 (1e+02%)
[ 43] local 12.1.1.1 port 5001 connected with 12.1.1.32 port 55050
[ 43] 0.0000-0.0061 sec  2.87 KBytes  3.88 Mbits/sec   0.379 ms 5420/5422 (1e+02%)
[ 44] local 12.1.1.1 port 5001 connected with 12.1.1.34 port 57118
[ 45] local 12.1.1.1 port 5001 connected with 12.1.1.35 port 47047
[ 44] 0.0000-0.0046 sec  2.87 KBytes  5.17 Mbits/sec   0.285 ms 5446/5448 (1e+02%)
[ 45] 0.0000-0.0000 sec  2.87 KBytes  -nan bits/sec   0.003 ms 5457/5459 (1e+02%)
[ 46] local 12.1.1.1 port 5001 connected with 12.1.1.36 port 52538
[ 47] local 12.1.1.1 port 5001 connected with 12.1.1.33 port 52355
[ 46] 0.0000-0.0068 sec  2.87 KBytes  3.46 Mbits/sec   0.425 ms 5489/5491 (1e+02%)
[ 47] 0.0000-0.0007 sec  2.87 KBytes  35.9 Mbits/sec   0.041 ms 5442/5444 (1e+02%)
[ 48] local 12.1.1.1 port 5001 connected with 12.1.1.32 port 55050
[ 48] 0.0000-0.0000 sec  2.87 KBytes  -nan bits/sec   0.007 ms 5434/5436 (1e+02%)
[ 49] local 12.1.1.1 port 5001 connected with 12.1.1.36 port 52538
[ 49] 0.0000-0.0000 sec  2.87 KBytes  -nan bits/sec   0.003 ms 5500/5502 (1e+02%)
[ 10] 50.0000-51.0000 sec  64.6 KBytes   529 Kbits/sec  32.740 ms 0/45 (0%)
[  3] 50.0000-51.0000 sec  76.1 KBytes   623 Kbits/sec  24.245 ms 0/53 (0%)
[  4] 50.0000-51.0000 sec  73.2 KBytes   600 Kbits/sec  23.717 ms 0/51 (0%)
[ 50] local 12.1.1.1 port 5001 connected with 12.1.1.34 port 57118
[ 50] 0.0000-0.0082 sec  2.87 KBytes  2.86 Mbits/sec   0.514 ms 5461/5463 (1e+02%)
[  7] 50.0000-51.0000 sec  74.6 KBytes   612 Kbits/sec  24.607 ms 0/52 (0%)
[ 51] local 12.1.1.1 port 5001 connected with 12.1.1.33 port 52355
[  8] 50.0000-51.0000 sec  73.2 KBytes   600 Kbits/sec  23.996 ms 0/51 (0%)
[ 52] local 12.1.1.1 port 5001 connected with 12.1.1.32 port 55050
[ 51] 0.0000-0.0071 sec  2.87 KBytes  3.31 Mbits/sec   0.444 ms 5457/5459 (1e+02%)
[ 52] 0.0000-0.0000 sec  2.87 KBytes  -nan bits/sec   0.003 ms 5449/5451 (1e+02%)
[ 53] local 12.1.1.1 port 5001 connected with 12.1.1.35 port 47047
[ 53] 0.0000-0.0092 sec  2.87 KBytes  2.55 Mbits/sec   0.576 ms 5472/5474 (1e+02%)
[ 54] local 12.1.1.1 port 5001 connected with 12.1.1.36 port 52538
[ 54] 0.0000-0.0009 sec  2.87 KBytes  25.5 Mbits/sec   0.058 ms 5511/5513 (1e+02%)
[ 55] local 12.1.1.1 port 5001 connected with 12.1.1.34 port 57118
[ 55] 0.0000-0.0078 sec  2.87 KBytes  3.03 Mbits/sec   0.485 ms 5475/5477 (1e+02%)
[ 56] local 12.1.1.1 port 5001 connected with 12.1.1.35 port 47047
[ 57] local 12.1.1.1 port 5001 connected with 12.1.1.33 port 52355
[ 56] 0.0000-0.0063 sec  2.87 KBytes  3.75 Mbits/sec   0.392 ms 5487/5489 (1e+02%)
[ 57] 0.0000-0.0000 sec  2.87 KBytes  -nan bits/sec   0.003 ms 5472/5474 (1e+02%)
[ 58] local 12.1.1.1 port 5001 connected with 12.1.1.32 port 55050
[ 58] 0.0000-0.0000 sec  2.87 KBytes  -nan bits/sec   0.002 ms 5464/5466 (1e+02%)
[ 59] local 12.1.1.1 port 5001 connected with 12.1.1.36 port 52538
[ 59] 0.0000-0.0052 sec  2.87 KBytes  4.50 Mbits/sec   0.327 ms 5525/5527 (1e+02%)
[ 60] local 12.1.1.1 port 5001 connected with 12.1.1.34 port 57118
[ 60] 0.0000-0.0032 sec  2.87 KBytes  7.29 Mbits/sec   0.202 ms 5490/5492 (1e+02%)
[ 61] local 12.1.1.1 port 5001 connected with 12.1.1.35 port 47047
[ 62] local 12.1.1.1 port 5001 connected with 12.1.1.33 port 52355
[ 61] 0.0000-0.0019 sec  2.87 KBytes  12.3 Mbits/sec   0.120 ms 5502/5504 (1e+02%)
[ 62] 0.0000-0.0000 sec  2.87 KBytes  -nan bits/sec   0.004 ms 5486/5488 (1e+02%)
[ 63] local 12.1.1.1 port 5001 connected with 12.1.1.32 port 55050
[ 63] 0.0000-0.0013 sec  2.87 KBytes  17.6 Mbits/sec   0.084 ms 5479/5481 (1e+02%)
[ 64] local 12.1.1.1 port 5001 connected with 12.1.1.34 port 57118
[ 65] local 12.1.1.1 port 5001 connected with 12.1.1.36 port 52538
[ 65] 0.0000-0.0048 sec  2.87 KBytes  4.93 Mbits/sec   0.298 ms 5539/5541 (1e+02%)
[ 66] local 12.1.1.1 port 5001 connected with 12.1.1.35 port 47047
[ 66] 0.0000-0.0000 sec  2.87 KBytes  -nan bits/sec   0.011 ms 5515/5517 (1e+02%)
[ 64] 0.0000-0.1520 sec  2.87 KBytes   155 Kbits/sec   9.503 ms 5504/5506 (1e+02%)
[ 67] local 12.1.1.1 port 5001 connected with 12.1.1.36 port 54853
[ 68] local 12.1.1.1 port 5001 connected with 12.1.1.33 port 52355
[ 68] 0.0000-0.0000 sec  2.87 KBytes  -nan bits/sec   0.007 ms 5501/5503 (1e+02%)
[ 69] local 12.1.1.1 port 5001 connected with 12.1.1.32 port 55050
[ 69] 0.0000-0.0000 sec  2.87 KBytes  -nan bits/sec   0.002 ms 5493/5495 (1e+02%)
[  4] 51.0000-52.0000 sec  63.2 KBytes   517 Kbits/sec  23.443 ms 0/44 (0%)
[  8] 51.0000-52.0000 sec  63.2 KBytes   517 Kbits/sec  23.654 ms 0/44 (0%)
[ 70] local 12.1.1.1 port 5001 connected with 12.1.1.35 port 47047
[ 70] 0.0000-0.0000 sec  2.87 KBytes  -nan bits/sec   0.019 ms 5527/5529 (1e+02%)
[  3] 51.0000-52.0000 sec  73.2 KBytes   600 Kbits/sec  23.726 ms 0/51 (0%)
[ 71] local 12.1.1.1 port 5001 connected with 12.1.1.33 port 52355
[ 71] 0.0000-0.0000 sec  2.87 KBytes  -nan bits/sec   0.004 ms 5512/5514 (1e+02%)
[  7] 51.0000-52.0000 sec  73.2 KBytes   600 Kbits/sec  23.789 ms 0/51 (0%)
[ 72] local 12.1.1.1 port 5001 connected with 12.1.1.34 port 57118
[ 72] 0.0000-0.0052 sec  2.87 KBytes  4.53 Mbits/sec   0.325 ms 5520/5522 (1e+02%)
[ 10] 51.0000-52.0000 sec  83.3 KBytes   682 Kbits/sec  23.110 ms 0/58 (0%)
[ 73] local 12.1.1.1 port 5001 connected with 12.1.1.32 port 55050
[ 73] 0.0000-0.0000 sec  2.87 KBytes  -nan bits/sec   0.006 ms 5508/5510 (1e+02%)
[ 74] local 12.1.1.1 port 5001 connected with 12.1.1.35 port 47047
[ 74] 0.0000-0.0003 sec  2.87 KBytes  74.0 Mbits/sec   0.020 ms 5539/5541 (1e+02%)
[ 75] local 12.1.1.1 port 5001 connected with 12.1.1.33 port 52355
[ 75] 0.0000-0.0056 sec  2.87 KBytes  4.21 Mbits/sec   0.350 ms 5523/5525 (1e+02%)
[ 76] local 12.1.1.1 port 5001 connected with 12.1.1.34 port 57118
[ 76] 0.0000-0.0041 sec  2.87 KBytes  5.74 Mbits/sec   0.256 ms 5534/5536 (1e+02%)
[ 77] local 12.1.1.1 port 5001 connected with 12.1.1.35 port 33157
[ 78] local 12.1.1.1 port 5001 connected with 12.1.1.32 port 55050
[ 78] 0.0000-0.0000 sec  2.87 KBytes  -nan bits/sec   0.000 ms 5523/5525 (1e+02%)
[ 79] local 12.1.1.1 port 5001 connected with 12.1.1.33 port 52355
[ 79] 0.0000-0.0051 sec  2.87 KBytes  4.62 Mbits/sec   0.318 ms 5537/5539 (1e+02%)
[ 80] local 12.1.1.1 port 5001 connected with 12.1.1.34 port 57118
[ 81] local 12.1.1.1 port 5001 connected with 12.1.1.34 port 35875
[ 80] 0.0000-0.0071 sec  2.87 KBytes  3.29 Mbits/sec   0.446 ms 5549/5551 (1e+02%)
[ 82] local 12.1.1.1 port 5001 connected with 12.1.1.33 port 47326
[ 83] local 12.1.1.1 port 5001 connected with 12.1.1.32 port 55050
[ 83] 0.0000-0.0000 sec  2.87 KBytes  -nan bits/sec   0.006 ms 5538/5540 (1e+02%)
[ 84] local 12.1.1.1 port 5001 connected with 12.1.1.32 port 36107
[ 67] 0.0000-1.0000 sec  79.0 KBytes   647 Kbits/sec  21.228 ms 0/55 (0%)
[  4] 52.0000-53.0000 sec  84.7 KBytes   694 Kbits/sec  21.501 ms 0/59 (0%)
[  8] 52.0000-53.0000 sec  84.7 KBytes   694 Kbits/sec  21.286 ms 0/59 (0%)
[  3] 52.0000-53.0000 sec  84.7 KBytes   694 Kbits/sec  21.365 ms 0/59 (0%)
[  7] 52.0000-53.0000 sec  84.7 KBytes   694 Kbits/sec  22.523 ms 0/59 (0%)
[ 10] 52.0000-53.0000 sec  84.7 KBytes   694 Kbits/sec  21.798 ms 0/59 (0%)
[ 77] 0.0000-1.0000 sec  77.5 KBytes   635 Kbits/sec  20.761 ms 0/54 (0%)
[ 81] 0.0000-1.0000 sec  81.8 KBytes   670 Kbits/sec  21.633 ms 0/57 (0%)
[ 82] 0.0000-1.0000 sec  76.1 KBytes   623 Kbits/sec  21.381 ms 0/53 (0%)
[ ID] Interval       Transfer     Bandwidth
[SUM] 0.0000-1.0000 sec   161 KBytes  1.32 Mbits/sec   5549/5661 (98%)
[ 84] 0.0000-1.0000 sec  79.0 KBytes   647 Kbits/sec  21.104 ms 0/55 (0%)
[ 67] 1.0000-2.0000 sec  86.1 KBytes   706 Kbits/sec  21.480 ms 0/60 (0%)
[  3] 53.0000-54.0000 sec  76.1 KBytes   623 Kbits/sec  22.579 ms 0/53 (0%)
[  4] 53.0000-54.0000 sec  84.7 KBytes   694 Kbits/sec  22.979 ms 0/59 (0%)
[  7] 53.0000-54.0000 sec  77.5 KBytes   635 Kbits/sec  22.483 ms 0/54 (0%)
[ 10] 53.0000-54.0000 sec  76.1 KBytes   623 Kbits/sec  23.608 ms 0/53 (0%)
[  8] 53.0000-54.0000 sec  84.7 KBytes   694 Kbits/sec  23.207 ms 0/59 (0%)
[ 77] 1.0000-2.0000 sec  84.7 KBytes   694 Kbits/sec  22.359 ms 0/59 (0%)
[ 81] 1.0000-2.0000 sec  84.7 KBytes   694 Kbits/sec  21.649 ms 0/59 (0%)
[ 82] 1.0000-2.0000 sec  86.1 KBytes   706 Kbits/sec  21.754 ms 0/60 (0%)
[SUM] 1.0000-2.0000 sec   171 KBytes  1.40 Mbits/sec   0/119 (0%)
[ 67] 2.0000-3.0000 sec  73.2 KBytes   600 Kbits/sec  21.865 ms 0/51 (0%)
[ 84] 1.0000-2.0000 sec  84.7 KBytes   694 Kbits/sec  21.983 ms 0/59 (0%)
[  3] 54.0000-55.0000 sec  73.2 KBytes   600 Kbits/sec  21.429 ms 0/51 (0%)
[  4] 54.0000-55.0000 sec  76.1 KBytes   623 Kbits/sec  21.390 ms 0/53 (0%)
[  7] 54.0000-55.0000 sec  73.2 KBytes   600 Kbits/sec  21.432 ms 0/51 (0%)
[  8] 54.0000-55.0000 sec  76.1 KBytes   623 Kbits/sec  21.345 ms 0/53 (0%)
[ 10] 54.0000-55.0000 sec  73.2 KBytes   600 Kbits/sec  22.469 ms 0/51 (0%)
[ 77] 2.0000-3.0000 sec  86.1 KBytes   706 Kbits/sec  22.556 ms 0/60 (0%)
[ 82] 2.0000-3.0000 sec  73.2 KBytes   600 Kbits/sec  22.173 ms 0/51 (0%)
[ 81] 2.0000-3.0000 sec  84.7 KBytes   694 Kbits/sec  22.214 ms 0/59 (0%)
[SUM] 2.0000-3.0000 sec   158 KBytes  1.29 Mbits/sec   0/110 (0%)
[ 84] 2.0000-3.0000 sec  73.2 KBytes   600 Kbits/sec  21.622 ms 0/51 (0%)
[ 67] 3.0000-4.0000 sec  84.7 KBytes   694 Kbits/sec  21.873 ms 0/59 (0%)
[  4] 55.0000-56.0000 sec  73.2 KBytes   600 Kbits/sec  22.768 ms 0/51 (0%)
[  8] 55.0000-56.0000 sec  73.2 KBytes   600 Kbits/sec  22.587 ms 0/51 (0%)
[  3] 55.0000-56.0000 sec  84.7 KBytes   694 Kbits/sec  22.421 ms 0/59 (0%)
[  7] 55.0000-56.0000 sec  84.7 KBytes   694 Kbits/sec  22.578 ms 0/59 (0%)
[ 10] 55.0000-56.0000 sec  84.7 KBytes   694 Kbits/sec  23.350 ms 0/59 (0%)
[ 77] 3.0000-4.0000 sec  84.7 KBytes   694 Kbits/sec  22.508 ms 0/59 (0%)
[ 81] 3.0000-4.0000 sec  76.1 KBytes   623 Kbits/sec  22.833 ms 0/53 (0%)
[ 82] 3.0000-4.0000 sec  84.7 KBytes   694 Kbits/sec  22.833 ms 0/59 (0%)
[SUM] 3.0000-4.0000 sec   161 KBytes  1.32 Mbits/sec   0/112 (0%)
[ 84] 3.0000-4.0000 sec  84.7 KBytes   694 Kbits/sec  22.325 ms 0/59 (0%)
[ 67] 4.0000-5.0000 sec  84.7 KBytes   694 Kbits/sec  22.656 ms 0/59 (0%)
[  3] 56.0000-57.0000 sec  74.6 KBytes   612 Kbits/sec  23.431 ms 0/52 (0%)
[  7] 56.0000-57.0000 sec  74.6 KBytes   612 Kbits/sec  23.179 ms 0/52 (0%)
[  4] 56.0000-57.0000 sec  84.7 KBytes   694 Kbits/sec  23.521 ms 0/59 (0%)
[  8] 56.0000-57.0000 sec  84.7 KBytes   694 Kbits/sec  22.760 ms 0/59 (0%)
[ 10] 56.0000-57.0000 sec  76.1 KBytes   623 Kbits/sec  22.549 ms 0/53 (0%)
[ 77] 4.0000-5.0000 sec  84.7 KBytes   694 Kbits/sec  21.180 ms 0/59 (0%)
[ 81] 4.0000-5.0000 sec  84.7 KBytes   694 Kbits/sec  22.260 ms 0/59 (0%)
[ 82] 4.0000-5.0000 sec  84.7 KBytes   694 Kbits/sec  22.932 ms 0/59 (0%)
[SUM] 4.0000-5.0000 sec   169 KBytes  1.39 Mbits/sec   0/118 (0%)
[ 84] 4.0000-5.0000 sec  84.7 KBytes   694 Kbits/sec  21.750 ms 0/59 (0%)
[ 67] 5.0000-6.0000 sec  84.7 KBytes   694 Kbits/sec  22.551 ms 0/59 (0%)
[  3] 57.0000-58.0000 sec  73.2 KBytes   600 Kbits/sec  22.465 ms 0/51 (0%)
[  4] 57.0000-58.0000 sec  76.1 KBytes   623 Kbits/sec  22.455 ms 0/53 (0%)
[  7] 57.0000-58.0000 sec  73.2 KBytes   600 Kbits/sec  22.393 ms 0/51 (0%)
[  8] 57.0000-58.0000 sec  74.6 KBytes   612 Kbits/sec  22.817 ms 0/52 (0%)
[ 10] 57.0000-58.0000 sec  73.2 KBytes   600 Kbits/sec  22.563 ms 0/51 (0%)
[ 77] 5.0000-6.0000 sec  84.7 KBytes   694 Kbits/sec  21.045 ms 0/59 (0%)
[ 82] 5.0000-6.0000 sec  84.7 KBytes   694 Kbits/sec  21.584 ms 0/59 (0%)
[ 81] 5.0000-6.0000 sec  94.7 KBytes   776 Kbits/sec  21.164 ms 0/66 (0%)
[SUM] 5.0000-6.0000 sec   179 KBytes  1.47 Mbits/sec   0/125 (0%)
[ 84] 5.0000-6.0000 sec  84.7 KBytes   694 Kbits/sec  21.586 ms 0/59 (0%)
[ 67] 6.0000-7.0000 sec  84.7 KBytes   694 Kbits/sec  22.106 ms 0/59 (0%)
[  3] 58.0000-59.0000 sec  76.1 KBytes   623 Kbits/sec  23.055 ms 0/53 (0%)
[  4] 58.0000-59.0000 sec  73.2 KBytes   600 Kbits/sec  21.959 ms 0/51 (0%)
[  7] 58.0000-59.0000 sec  76.1 KBytes   623 Kbits/sec  21.970 ms 0/53 (0%)
[  8] 58.0000-59.0000 sec  71.8 KBytes   588 Kbits/sec  22.919 ms 0/50 (0%)
[ 10] 58.0000-59.0000 sec  76.1 KBytes   623 Kbits/sec  21.906 ms 0/53 (0%)
[ 77] 6.0000-7.0000 sec  76.1 KBytes   623 Kbits/sec  21.824 ms 0/53 (0%)
[ 81] 6.0000-7.0000 sec  74.6 KBytes   612 Kbits/sec  22.777 ms 0/52 (0%)
[ 82] 6.0000-7.0000 sec  84.7 KBytes   694 Kbits/sec  22.895 ms 0/59 (0%)
[SUM] 6.0000-7.0000 sec   159 KBytes  1.31 Mbits/sec   0/111 (0%)
[ 84] 6.0000-7.0000 sec  86.1 KBytes   706 Kbits/sec  22.160 ms 0/60 (0%)
[ 67] 7.0000-8.0000 sec  86.1 KBytes   706 Kbits/sec  22.239 ms 0/60 (0%)
[  3] 59.0000-60.0000 sec  84.7 KBytes   694 Kbits/sec  23.894 ms 0/59 (0%)
[  3] 0.0000-60.0784 sec  4.51 MBytes   630 Kbits/sec  28.742 ms 1780/5000 (36%)
[  7] 59.0000-60.0000 sec  84.7 KBytes   694 Kbits/sec  23.232 ms 0/59 (0%)
[  4] 59.0000-60.0000 sec  84.7 KBytes   694 Kbits/sec  23.427 ms 0/59 (0%)
[  7] 0.0000-60.0739 sec  4.52 MBytes   631 Kbits/sec  28.403 ms 1794/5015 (36%)
[  4] 0.0000-60.1084 sec  4.51 MBytes   630 Kbits/sec  30.807 ms 1785/5004 (36%)
[  8] 59.0000-60.0000 sec  84.7 KBytes   694 Kbits/sec  23.369 ms 0/59 (0%)
[  8] 0.0000-60.1058 sec  4.51 MBytes   629 Kbits/sec  30.915 ms 1809/5026 (36%)
[ 10] 59.0000-60.0000 sec  84.7 KBytes   694 Kbits/sec  22.718 ms 0/59 (0%)
[ 10] 0.0000-60.0834 sec  4.51 MBytes   630 Kbits/sec  28.069 ms 1782/5002 (36%)
[ 85] local 12.1.1.1 port 5001 connected with 12.1.1.40 port 38803
[ 77] 7.0000-8.0000 sec  84.7 KBytes   694 Kbits/sec  22.802 ms 0/59 (0%)
[ 81] 7.0000-8.0000 sec  86.1 KBytes   706 Kbits/sec  21.743 ms 0/60 (0%)
[ 82] 7.0000-8.0000 sec  84.7 KBytes   694 Kbits/sec  22.724 ms 0/59 (0%)
[SUM] 7.0000-8.0000 sec   171 KBytes  1.40 Mbits/sec   0/119 (0%)
[ 67] 8.0000-9.0000 sec  76.1 KBytes   623 Kbits/sec  21.737 ms 0/53 (0%)
[ 84] 7.0000-8.0000 sec  84.7 KBytes   694 Kbits/sec  21.991 ms 0/59 (0%)
[ 85] 0.0000-1.0000 sec  79.0 KBytes   647 Kbits/sec  21.801 ms 5010/5065 (99%)
[ 77] 8.0000-9.0000 sec  73.2 KBytes   600 Kbits/sec  23.468 ms 0/51 (0%)
[ 81] 8.0000-9.0000 sec  71.8 KBytes   588 Kbits/sec  22.351 ms 0/50 (0%)
[ 82] 8.0000-9.0000 sec  77.5 KBytes   635 Kbits/sec  21.598 ms 0/54 (0%)
[SUM] 8.0000-9.0000 sec   149 KBytes  1.22 Mbits/sec   0/104 (0%)
[ 84] 8.0000-9.0000 sec  74.6 KBytes   612 Kbits/sec  21.114 ms 0/52 (0%)
[ 67] 9.0000-10.0000 sec  84.7 KBytes   694 Kbits/sec  21.126 ms 0/59 (0%)
[ 85] 1.0000-2.0000 sec  63.2 KBytes   517 Kbits/sec  24.942 ms 0/44 (0%)
[ 77] 9.0000-10.0000 sec  96.2 KBytes   788 Kbits/sec  22.098 ms 0/67 (0%)
[ 81] 9.0000-10.0000 sec  97.6 KBytes   800 Kbits/sec  21.758 ms 0/68 (0%)
[ 82] 9.0000-10.0000 sec  93.3 KBytes   764 Kbits/sec  21.868 ms 0/65 (0%)
[SUM] 9.0000-10.0000 sec   191 KBytes  1.56 Mbits/sec   0/133 (0%)
[ 84] 9.0000-10.0000 sec  84.7 KBytes   694 Kbits/sec  22.031 ms 0/59 (0%)
[ 67] 10.0000-11.0000 sec  83.3 KBytes   682 Kbits/sec  22.901 ms 0/58 (0%)
[ 85] 2.0000-3.0000 sec  84.7 KBytes   694 Kbits/sec  21.984 ms 0/59 (0%)
[ 77] 10.0000-11.0000 sec  73.2 KBytes   600 Kbits/sec  23.776 ms 0/51 (0%)
[ 81] 10.0000-11.0000 sec  64.6 KBytes   529 Kbits/sec  23.709 ms 0/45 (0%)
[ 82] 10.0000-11.0000 sec  64.6 KBytes   529 Kbits/sec  23.377 ms 0/45 (0%)
[SUM] 10.0000-11.0000 sec   129 KBytes  1.06 Mbits/sec   0/90 (0%)
[ 84] 10.0000-11.0000 sec  73.2 KBytes   600 Kbits/sec  23.540 ms 0/51 (0%)
[ 67] 11.0000-12.0000 sec  73.2 KBytes   600 Kbits/sec  22.914 ms 0/51 (0%)
[ 85] 3.0000-4.0000 sec  77.5 KBytes   635 Kbits/sec  24.140 ms 0/54 (0%)
[ 77] 11.0000-12.0000 sec  76.1 KBytes   623 Kbits/sec  21.806 ms 0/53 (0%)
[ 81] 11.0000-12.0000 sec  84.7 KBytes   694 Kbits/sec  22.041 ms 0/59 (0%)
[ 82] 11.0000-12.0000 sec  84.7 KBytes   694 Kbits/sec  21.742 ms 0/59 (0%)
[SUM] 11.0000-12.0000 sec   169 KBytes  1.39 Mbits/sec   0/118 (0%)
[ 84] 11.0000-12.0000 sec  86.1 KBytes   706 Kbits/sec  22.551 ms 0/60 (0%)
[ 67] 12.0000-13.0000 sec  84.7 KBytes   694 Kbits/sec  22.833 ms 0/59 (0%)
[ 85] 4.0000-5.0000 sec  73.2 KBytes   600 Kbits/sec  22.016 ms 0/51 (0%)
[ 77] 12.0000-13.0000 sec  73.2 KBytes   600 Kbits/sec  22.667 ms 0/51 (0%)
[ 81] 12.0000-13.0000 sec  73.2 KBytes   600 Kbits/sec  22.591 ms 0/51 (0%)
[ 82] 12.0000-13.0000 sec  74.6 KBytes   612 Kbits/sec  23.174 ms 0/52 (0%)
[SUM] 12.0000-13.0000 sec   148 KBytes  1.21 Mbits/sec   0/103 (0%)
[ 67] 13.0000-14.0000 sec  64.6 KBytes   529 Kbits/sec  30.552 ms 0/45 (0%)
[ 84] 12.0000-13.0000 sec  73.2 KBytes   600 Kbits/sec  24.073 ms 0/51 (0%)
[ 85] 5.0000-6.0000 sec  73.2 KBytes   600 Kbits/sec  23.469 ms 0/51 (0%)
[ 77] 13.0000-14.0000 sec  84.7 KBytes   694 Kbits/sec  22.061 ms 0/59 (0%)
[ 85] 6.0000-6.4185 sec  41.6 KBytes   815 Kbits/sec  22.316 ms 0/29 (0%)
[ 85] 0.0000-6.4185 sec   492 KBytes   628 Kbits/sec  22.316 ms 5010/5353 (94%)
[ 81] 13.0000-14.0000 sec  84.7 KBytes   694 Kbits/sec  22.749 ms 0/59 (0%)
[ 82] 13.0000-14.0000 sec  81.8 KBytes   670 Kbits/sec  22.730 ms 0/57 (0%)
[SUM] 13.0000-14.0000 sec   167 KBytes  1.36 Mbits/sec   0/116 (0%)
[ 84] 13.0000-14.0000 sec  74.6 KBytes   612 Kbits/sec  20.361 ms 0/52 (0%)
[ 67] 14.0000-15.0000 sec  86.1 KBytes   706 Kbits/sec  19.824 ms 0/60 (0%)
[ 77] 14.0000-15.0000 sec  74.6 KBytes   612 Kbits/sec  20.431 ms 1/53 (1.9%)
[ 81] 14.0000-15.0000 sec  81.8 KBytes   670 Kbits/sec  20.717 ms 0/57 (0%)
[ 82] 14.0000-15.0000 sec  84.7 KBytes   694 Kbits/sec  22.482 ms 0/59 (0%)
[SUM] 14.0000-15.0000 sec   167 KBytes  1.36 Mbits/sec   0/116 (0%)
[ 67] 15.0000-16.0000 sec  84.7 KBytes   694 Kbits/sec  21.042 ms 0/59 (0%)
[ 84] 14.0000-15.0000 sec  93.3 KBytes   764 Kbits/sec  19.146 ms 1/66 (1.5%)
[ 77] 15.0000-16.0000 sec  84.7 KBytes   694 Kbits/sec  22.518 ms 0/59 (0%)
[ 81] 15.0000-16.0000 sec  87.6 KBytes   717 Kbits/sec  22.239 ms 0/61 (0%)
[ 82] 15.0000-16.0000 sec  84.7 KBytes   694 Kbits/sec  21.844 ms 0/59 (0%)
[SUM] 15.0000-16.0000 sec   172 KBytes  1.41 Mbits/sec   0/120 (0%)
[ 84] 15.0000-16.0000 sec  76.1 KBytes   623 Kbits/sec  21.587 ms 0/53 (0%)
[ 67] 16.0000-17.0000 sec  86.1 KBytes   706 Kbits/sec  22.156 ms 0/60 (0%)
[ 77] 16.0000-17.0000 sec  74.6 KBytes   612 Kbits/sec  24.225 ms 0/52 (0%)
[ 81] 16.0000-17.0000 sec  64.6 KBytes   529 Kbits/sec  23.922 ms 0/45 (0%)
[ 82] 16.0000-17.0000 sec  63.2 KBytes   517 Kbits/sec  23.907 ms 0/44 (0%)
[SUM] 16.0000-17.0000 sec   128 KBytes  1.05 Mbits/sec   0/89 (0%)
[ 84] 16.0000-17.0000 sec  73.2 KBytes   600 Kbits/sec  23.192 ms 0/51 (0%)
[ 67] 17.0000-18.0000 sec  71.8 KBytes   588 Kbits/sec  24.018 ms 0/50 (0%)
[ 77] 17.0000-18.0000 sec  86.1 KBytes   706 Kbits/sec  22.745 ms 0/60 (0%)
[ 81] 17.0000-18.0000 sec  74.6 KBytes   612 Kbits/sec  31.818 ms 0/52 (0%)
[ 82] 17.0000-18.0000 sec  86.1 KBytes   706 Kbits/sec  23.245 ms 0/60 (0%)
[SUM] 17.0000-18.0000 sec   161 KBytes  1.32 Mbits/sec   0/112 (0%)
[ 84] 17.0000-18.0000 sec  76.1 KBytes   623 Kbits/sec  22.736 ms 0/53 (0%)
[ 67] 18.0000-19.0000 sec  77.5 KBytes   635 Kbits/sec  22.515 ms 0/54 (0%)
[ 77] 18.0000-19.0000 sec  73.2 KBytes   600 Kbits/sec  23.546 ms 0/51 (0%)
[ 81] 18.0000-19.0000 sec  81.8 KBytes   670 Kbits/sec  23.009 ms 0/57 (0%)
[ 82] 18.0000-19.0000 sec  73.2 KBytes   600 Kbits/sec  23.102 ms 0/51 (0%)
[SUM] 18.0000-19.0000 sec   155 KBytes  1.27 Mbits/sec   0/108 (0%)
[ 67] 19.0000-20.0000 sec  73.2 KBytes   600 Kbits/sec  21.939 ms 0/51 (0%)
[ 84] 18.0000-19.0000 sec  84.7 KBytes   694 Kbits/sec  21.402 ms 0/59 (0%)
[ 77] 19.0000-20.0000 sec  76.1 KBytes   623 Kbits/sec  23.141 ms 0/53 (0%)
[ 81] 19.0000-20.0000 sec  74.6 KBytes   612 Kbits/sec  23.049 ms 0/52 (0%)
[ 82] 19.0000-20.0000 sec  76.1 KBytes   623 Kbits/sec  22.925 ms 0/53 (0%)
[SUM] 19.0000-20.0000 sec   151 KBytes  1.23 Mbits/sec   0/105 (0%)
[ 84] 19.0000-20.0000 sec  73.2 KBytes   600 Kbits/sec  21.828 ms 0/51 (0%)
[ 67] 20.0000-21.0000 sec  84.7 KBytes   694 Kbits/sec  22.059 ms 0/59 (0%)
[ 77] 20.0000-21.0000 sec  84.7 KBytes   694 Kbits/sec  21.680 ms 0/59 (0%)
[ 81] 20.0000-21.0000 sec  84.7 KBytes   694 Kbits/sec  21.744 ms 0/59 (0%)
[ 82] 20.0000-21.0000 sec  84.7 KBytes   694 Kbits/sec  22.009 ms 0/59 (0%)
[SUM] 20.0000-21.0000 sec   169 KBytes  1.39 Mbits/sec   0/118 (0%)
[ 67] 21.0000-22.0000 sec  74.6 KBytes   612 Kbits/sec  21.667 ms 0/52 (0%)
[ 84] 20.0000-21.0000 sec  84.7 KBytes   694 Kbits/sec  21.740 ms 0/59 (0%)
[ 77] 21.0000-22.0000 sec  84.7 KBytes   694 Kbits/sec  22.240 ms 0/59 (0%)
[ 81] 21.0000-22.0000 sec  84.7 KBytes   694 Kbits/sec  21.686 ms 0/59 (0%)
[ 82] 21.0000-22.0000 sec  84.7 KBytes   694 Kbits/sec  21.867 ms 0/59 (0%)
[SUM] 21.0000-22.0000 sec   169 KBytes  1.39 Mbits/sec   0/118 (0%)
[ 84] 21.0000-22.0000 sec  74.6 KBytes   612 Kbits/sec  22.843 ms 0/52 (0%)
[ 67] 22.0000-23.0000 sec  84.7 KBytes   694 Kbits/sec  22.698 ms 0/59 (0%)
[ 77] 22.0000-23.0000 sec  73.2 KBytes   600 Kbits/sec  21.875 ms 0/51 (0%)
[ 81] 22.0000-23.0000 sec  73.2 KBytes   600 Kbits/sec  22.501 ms 0/51 (0%)
[ 82] 22.0000-23.0000 sec  73.2 KBytes   600 Kbits/sec  23.253 ms 0/51 (0%)
[SUM] 22.0000-23.0000 sec   146 KBytes  1.20 Mbits/sec   0/102 (0%)
[ 84] 22.0000-23.0000 sec  73.2 KBytes   600 Kbits/sec  24.090 ms 0/51 (0%)
[ 67] 23.0000-24.0000 sec  73.2 KBytes   600 Kbits/sec  24.611 ms 0/51 (0%)
[ 77] 23.0000-24.0000 sec  76.1 KBytes   623 Kbits/sec  21.211 ms 0/53 (0%)
[ 81] 23.0000-24.0000 sec  76.1 KBytes   623 Kbits/sec  22.377 ms 0/53 (0%)
[ 82] 23.0000-24.0000 sec  84.7 KBytes   694 Kbits/sec  22.316 ms 0/59 (0%)
[SUM] 23.0000-24.0000 sec   161 KBytes  1.32 Mbits/sec   0/112 (0%)
[ 84] 23.0000-24.0000 sec  84.7 KBytes   694 Kbits/sec  22.184 ms 0/59 (0%)
[ 67] 24.0000-25.0000 sec  86.1 KBytes   706 Kbits/sec  21.587 ms 0/60 (0%)
[ 77] 24.0000-25.0000 sec  84.7 KBytes   694 Kbits/sec  21.352 ms 0/59 (0%)
[ 81] 24.0000-25.0000 sec  80.4 KBytes   659 Kbits/sec  23.514 ms 1/57 (1.8%)
[ 82] 24.0000-25.0000 sec  76.1 KBytes   623 Kbits/sec  21.801 ms 0/53 (0%)
[SUM] 24.0000-25.0000 sec   156 KBytes  1.28 Mbits/sec   1/110 (0.91%)
[ 84] 24.0000-25.0000 sec  76.1 KBytes   623 Kbits/sec  29.023 ms 0/53 (0%)
[ 67] 25.0000-26.0000 sec  74.6 KBytes   612 Kbits/sec  22.622 ms 0/52 (0%)
[ 77] 25.0000-26.0000 sec  73.2 KBytes   600 Kbits/sec  22.397 ms 0/51 (0%)
[ 81] 25.0000-26.0000 sec  77.5 KBytes   635 Kbits/sec  21.930 ms 0/54 (0%)
[ 82] 25.0000-26.0000 sec  73.2 KBytes   600 Kbits/sec  22.186 ms 0/51 (0%)
[SUM] 25.0000-26.0000 sec   151 KBytes  1.23 Mbits/sec   0/105 (0%)
[ 67] 26.0000-27.0000 sec  73.2 KBytes   600 Kbits/sec  23.371 ms 0/51 (0%)
[ 84] 25.0000-26.0000 sec  83.3 KBytes   682 Kbits/sec  23.036 ms 0/58 (0%)
[ 77] 26.0000-27.0000 sec  74.6 KBytes   612 Kbits/sec  25.238 ms 0/52 (0%)
[ 81] 26.0000-27.0000 sec  73.2 KBytes   600 Kbits/sec  23.477 ms 0/51 (0%)
[ 82] 26.0000-27.0000 sec  74.6 KBytes   612 Kbits/sec  23.626 ms 0/52 (0%)
[SUM] 26.0000-27.0000 sec   148 KBytes  1.21 Mbits/sec   0/103 (0%)
[ 67] 27.0000-28.0000 sec  74.6 KBytes   612 Kbits/sec  23.403 ms 0/52 (0%)
[ 84] 26.0000-27.0000 sec  74.6 KBytes   612 Kbits/sec  22.623 ms 0/52 (0%)
[ 77] 27.0000-28.0000 sec  84.7 KBytes   694 Kbits/sec  21.052 ms 0/59 (0%)
[ 82] 27.0000-28.0000 sec  84.7 KBytes   694 Kbits/sec  21.153 ms 0/59 (0%)
[ 81] 27.0000-28.0000 sec  84.7 KBytes   694 Kbits/sec  20.791 ms 0/59 (0%)
[SUM] 27.0000-28.0000 sec   169 KBytes  1.39 Mbits/sec   0/118 (0%)
[ 67] 28.0000-29.0000 sec  86.1 KBytes   706 Kbits/sec  22.246 ms 0/60 (0%)
[ 84] 27.0000-28.0000 sec  84.7 KBytes   694 Kbits/sec  22.246 ms 0/59 (0%)
[ 77] 28.0000-29.0000 sec  73.2 KBytes   600 Kbits/sec  22.771 ms 0/51 (0%)
[ 81] 28.0000-29.0000 sec  74.6 KBytes   612 Kbits/sec  22.995 ms 0/52 (0%)
[ 82] 28.0000-29.0000 sec  76.1 KBytes   623 Kbits/sec  29.238 ms 0/53 (0%)
[SUM] 28.0000-29.0000 sec   151 KBytes  1.23 Mbits/sec   0/105 (0%)
[ 67] 29.0000-30.0000 sec  74.6 KBytes   612 Kbits/sec  30.660 ms 0/52 (0%)
[ 84] 28.0000-29.0000 sec  73.2 KBytes   600 Kbits/sec  23.009 ms 0/51 (0%)
[ 77] 29.0000-30.0000 sec  76.1 KBytes   623 Kbits/sec  23.290 ms 0/53 (0%)
[ 81] 29.0000-30.0000 sec  73.2 KBytes   600 Kbits/sec  23.419 ms 0/51 (0%)
[ 82] 29.0000-30.0000 sec  81.8 KBytes   670 Kbits/sec  23.407 ms 0/57 (0%)
[SUM] 29.0000-30.0000 sec   155 KBytes  1.27 Mbits/sec   0/108 (0%)
[ 67] 30.0000-31.0000 sec  74.6 KBytes   612 Kbits/sec  23.252 ms 0/52 (0%)
[ 84] 29.0000-30.0000 sec  74.6 KBytes   612 Kbits/sec  24.804 ms 0/52 (0%)
[ 77] 30.0000-31.0000 sec  84.7 KBytes   694 Kbits/sec  23.070 ms 0/59 (0%)
[ 81] 30.0000-31.0000 sec  84.7 KBytes   694 Kbits/sec  22.618 ms 0/59 (0%)
[ 82] 30.0000-31.0000 sec  76.1 KBytes   623 Kbits/sec  22.220 ms 0/53 (0%)
[SUM] 30.0000-31.0000 sec   161 KBytes  1.32 Mbits/sec   0/112 (0%)
[ 84] 30.0000-31.0000 sec  73.2 KBytes   600 Kbits/sec  22.869 ms 0/51 (0%)
[ 67] 31.0000-32.0000 sec  84.7 KBytes   694 Kbits/sec  22.198 ms 0/59 (0%)
[ 77] 31.0000-32.0000 sec  84.7 KBytes   694 Kbits/sec  21.339 ms 0/59 (0%)
[ 81] 31.0000-32.0000 sec  86.1 KBytes   706 Kbits/sec  20.954 ms 0/60 (0%)
[ 82] 31.0000-32.0000 sec  84.7 KBytes   694 Kbits/sec  21.607 ms 0/59 (0%)
[SUM] 31.0000-32.0000 sec   171 KBytes  1.40 Mbits/sec   0/119 (0%)
[ 67] 32.0000-33.0000 sec  84.7 KBytes   694 Kbits/sec  21.012 ms 0/59 (0%)
[ 84] 31.0000-32.0000 sec  97.6 KBytes   800 Kbits/sec  20.979 ms 0/68 (0%)
[ 77] 32.0000-33.0000 sec  84.7 KBytes   694 Kbits/sec  21.501 ms 0/59 (0%)
[ 81] 32.0000-33.0000 sec  84.7 KBytes   694 Kbits/sec  21.384 ms 0/59 (0%)
[ 82] 32.0000-33.0000 sec  83.3 KBytes   682 Kbits/sec  22.169 ms 0/58 (0%)
[SUM] 32.0000-33.0000 sec   168 KBytes  1.38 Mbits/sec   0/117 (0%)
[ 84] 32.0000-33.0000 sec  73.2 KBytes   600 Kbits/sec  24.033 ms 0/51 (0%)
[ 67] 33.0000-34.0000 sec  84.7 KBytes   694 Kbits/sec  23.870 ms 0/59 (0%)
[ 77] 33.0000-34.0000 sec  73.2 KBytes   600 Kbits/sec  25.608 ms 0/51 (0%)
[ 81] 33.0000-34.0000 sec  63.2 KBytes   517 Kbits/sec  24.556 ms 0/44 (0%)
[ 82] 33.0000-34.0000 sec  73.2 KBytes   600 Kbits/sec  24.608 ms 0/51 (0%)
[SUM] 33.0000-34.0000 sec   136 KBytes  1.12 Mbits/sec   0/95 (0%)
[ 84] 33.0000-34.0000 sec  76.1 KBytes   623 Kbits/sec  23.490 ms 0/53 (0%)
[ 67] 34.0000-35.0000 sec  73.2 KBytes   600 Kbits/sec  23.407 ms 0/51 (0%)
[ 77] 34.0000-35.0000 sec  76.1 KBytes   623 Kbits/sec  22.177 ms 0/53 (0%)
[ 81] 34.0000-35.0000 sec  84.7 KBytes   694 Kbits/sec  22.214 ms 0/59 (0%)
[ 82] 34.0000-35.0000 sec  76.1 KBytes   623 Kbits/sec  21.917 ms 0/53 (0%)
[SUM] 34.0000-35.0000 sec   161 KBytes  1.32 Mbits/sec   0/112 (0%)
[ 67] 35.0000-36.0000 sec  76.1 KBytes   623 Kbits/sec  21.731 ms 0/53 (0%)
[ 84] 34.0000-35.0000 sec  84.7 KBytes   694 Kbits/sec  21.468 ms 0/59 (0%)
[ 77] 35.0000-36.0000 sec  73.2 KBytes   600 Kbits/sec  22.916 ms 0/51 (0%)
[ 81] 35.0000-36.0000 sec  76.1 KBytes   623 Kbits/sec  22.314 ms 0/53 (0%)
[ 82] 35.0000-36.0000 sec  73.2 KBytes   600 Kbits/sec  22.299 ms 0/51 (0%)
[SUM] 35.0000-36.0000 sec   149 KBytes  1.22 Mbits/sec   0/104 (0%)
[ 67] 36.0000-37.0000 sec  73.2 KBytes   600 Kbits/sec  23.333 ms 0/51 (0%)
[ 84] 35.0000-36.0000 sec  73.2 KBytes   600 Kbits/sec  22.712 ms 0/51 (0%)
[ 77] 36.0000-37.0000 sec  76.1 KBytes   623 Kbits/sec  23.736 ms 0/53 (0%)
[ 81] 36.0000-37.0000 sec  73.2 KBytes   600 Kbits/sec  22.747 ms 0/51 (0%)
[ 82] 36.0000-37.0000 sec  74.6 KBytes   612 Kbits/sec  23.142 ms 0/52 (0%)
[SUM] 36.0000-37.0000 sec   148 KBytes  1.21 Mbits/sec   0/103 (0%)
[ 67] 37.0000-38.0000 sec  74.6 KBytes   612 Kbits/sec  23.825 ms 0/52 (0%)
[ 84] 36.0000-37.0000 sec  76.1 KBytes   623 Kbits/sec  23.138 ms 0/53 (0%)
[ 77] 37.0000-38.0000 sec  73.2 KBytes   600 Kbits/sec  22.070 ms 0/51 (0%)
[ 81] 37.0000-38.0000 sec  76.1 KBytes   623 Kbits/sec  23.429 ms 0/53 (0%)
[ 82] 37.0000-38.0000 sec  84.7 KBytes   694 Kbits/sec  22.132 ms 0/59 (0%)
[SUM] 37.0000-38.0000 sec   161 KBytes  1.32 Mbits/sec   0/112 (0%)
[ 84] 37.0000-38.0000 sec  73.2 KBytes   600 Kbits/sec  21.507 ms 0/51 (0%)
[ 67] 38.0000-39.0000 sec  84.7 KBytes   694 Kbits/sec  21.396 ms 0/59 (0%)
[ 84] 38.0000-38.6654 sec  54.6 KBytes   672 Kbits/sec  27.596 ms 0/38 (0%)
[ 84] 0.0000-38.6654 sec  3.00 MBytes   651 Kbits/sec  27.596 ms 1/2140 (0.047%)
[ 77] 38.0000-39.0000 sec  84.7 KBytes   694 Kbits/sec  22.491 ms 0/59 (0%)
[ 77] 0.0000-39.0456 sec  3.03 MBytes   652 Kbits/sec  28.860 ms 1/2165 (0.046%)
[ 81] 38.0000-38.9061 sec  74.6 KBytes   675 Kbits/sec  28.202 ms 0/52 (0%)
[ 81] 0.0000-38.9061 sec  3.02 MBytes   652 Kbits/sec  28.202 ms 1/2157 (0.046%)
[ 82] 38.0000-38.8585 sec  66.0 KBytes   630 Kbits/sec  26.175 ms 0/46 (0%)
[ 82] 0.0000-38.8585 sec  3.02 MBytes   651 Kbits/sec  26.175 ms 0/2152 (0%)
[SUM] 0.0000-38.9244 sec  6.04 MBytes  1.30 Mbits/sec   5550/9860 (56%)
[ 67] 39.0000-39.7278 sec  53.1 KBytes   598 Kbits/sec  28.730 ms 0/37 (0%)
[ 67] 0.0000-39.7278 sec  3.09 MBytes   652 Kbits/sec  28.730 ms 0/2201 (0%)
