[UTIL]: Setting the config -c file to /usr/local/etc/flexric/flexric.conf
[UTIL]: Setting path -p for the shared libraries to /usr/local/lib/flexric/
[xAapp]: Initializing ... 
[xApp]: nearRT-RIC IP Address = 192.168.70.150, PORT = 36422
[E2 AGENT]: Opening plugin from path = /usr/local/lib/flexric/libkpm_sm.so 
[E2 AGENT]: Opening plugin from path = /usr/local/lib/flexric/libmac_sm.so 
[E2 AGENT]: Opening plugin from path = /usr/local/lib/flexric/libpdcp_sm.so 
[E2 AGENT]: Opening plugin from path = /usr/local/lib/flexric/libgtp_sm.so 
[E2 AGENT]: Opening plugin from path = /usr/local/lib/flexric/librc_sm.so 
[E2 AGENT]: Opening plugin from path = /usr/local/lib/flexric/libtc_sm.so 
[E2 AGENT]: Opening plugin from path = /usr/local/lib/flexric/librlc_sm.so 
[E2 AGENT]: Opening plugin from path = /usr/local/lib/flexric/libslice_sm.so 
[NEAR-RIC]: Loading SM ID = 2 with def = ORAN-E2SM-KPM 
[NEAR-RIC]: Loading SM ID = 142 with def = MAC_STATS_V0 
[NEAR-RIC]: Loading SM ID = 144 with def = PDCP_STATS_V0 
[NEAR-RIC]: Loading SM ID = 148 with def = GTP_STATS_V0 
[NEAR-RIC]: Loading SM ID = 3 with def = ORAN-E2SM-RC 
[NEAR-RIC]: Loading SM ID = 146 with def = TC_STATS_V0 
[NEAR-RIC]: Loading SM ID = 143 with def = RLC_STATS_V0 
[NEAR-RIC]: Loading SM ID = 145 with def = SLICE_STATS_V0 
[xApp]: DB filename = /tmp/flexric/xapp_db 
 [xApp]: E42 SETUP-REQUEST tx
[xApp]: E42 SETUP-RESPONSE rx 
[xApp]: xApp ID = 52 
[xApp]: Registered E2 Nodes = 4 
Connected E2 nodes = 4
[xAPP] Registered node 0 ran func id = 2 
 [xAPP] Registered node 0 ran func id = 3 
 [xAPP] Registered node 0 ran func id = 142 
 [xAPP] Registered node 0 ran func id = 143 
 [xAPP] Registered node 0 ran func id = 144 
 [xAPP] Registered node 0 ran func id = 145 
 [xAPP] Registered node 0 ran func id = 146 
 [xAPP] Registered node 0 ran func id = 148 
 [xApp]: E42 RIC SUBSCRIPTION REQUEST tx RAN_FUNC_ID 144 RIC_REQ_ID 1 
[xApp]: SUBSCRIPTION RESPONSE rx
[xApp]: Successfully subscribed to RAN_FUNC_ID 144 
[xAPP] Registered node 1 ran func id = 2 
 [xAPP] Registered node 1 ran func id = 3 
 [xAPP] Registered node 1 ran func id = 142 
 [xAPP] Registered node 1 ran func id = 143 
 [xAPP] Registered node 1 ran func id = 144 
 [xAPP] Registered node 1 ran func id = 145 
 [xAPP] Registered node 1 ran func id = 146 
 [xAPP] Registered node 1 ran func id = 148 
 [xApp]: E42 RIC SUBSCRIPTION REQUEST tx RAN_FUNC_ID 144 RIC_REQ_ID 2 
[xApp]: SUBSCRIPTION RESPONSE rx
[xApp]: Successfully subscribed to RAN_FUNC_ID 144 
[xAPP] Registered node 2 ran func id = 2 
 [xAPP] Registered node 2 ran func id = 3 
 [xAPP] Registered node 2 ran func id = 142 
 [xAPP] Registered node 2 ran func id = 143 
 [xAPP] Registered node 2 ran func id = 144 
 [xAPP] Registered node 2 ran func id = 145 
 [xAPP] Registered node 2 ran func id = 146 
 [xAPP] Registered node 2 ran func id = 148 
 [xApp]: E42 RIC SUBSCRIPTION REQUEST tx RAN_FUNC_ID 144 RIC_REQ_ID 3 
[xApp]: SUBSCRIPTION RESPONSE rx
[xApp]: Successfully subscribed to RAN_FUNC_ID 144 
[xAPP] Registered node 3 ran func id = 2 
 [xAPP] Registered node 3 ran func id = 3 
 [xAPP] Registered node 3 ran func id = 142 
 [xAPP] Registered node 3 ran func id = 143 
 [xAPP] Registered node 3 ran func id = 144 
 [xAPP] Registered node 3 ran func id = 145 
 [xAPP] Registered node 3 ran func id = 146 
 [xAPP] Registered node 3 ran func id = 148 
 [xApp]: E42 RIC SUBSCRIPTION REQUEST tx RAN_FUNC_ID 144 RIC_REQ_ID 4 
[xApp]: SUBSCRIPTION RESPONSE rx
[xApp]: Successfully subscribed to RAN_FUNC_ID 144 
114[UE 1 | RB 1] Throughput = 0.95465 Mbps
224[UE 1 | RB 1] Throughput = 0.87271 Mbps
324[UE 1 | RB 1] Throughput = 1.31524 Mbps
434[UE 1 | RB 1] Throughput = 0.87482 Mbps
544[UE 1 | RB 1] Throughput = 0.54464 Mbps
644[UE 1 | RB 1] Throughput = 1.91350 Mbps
754[UE 1 | RB 1] Throughput = 0.98309 Mbps
854[UE 1 | RB 1] Throughput = 0.83831 Mbps
954[UE 1 | RB 1] Throughput = 1.19548 Mbps
1065[UE 1 | RB 1] Throughput = 1.19458 Mbps
1174[UE 1 | RB 1] Throughput = 1.09656 Mbps
1284[UE 1 | RB 1] Throughput = 0.76135 Mbps
1394[UE 1 | RB 1] Throughput = 1.08879 Mbps
1504[UE 1 | RB 1] Throughput = 1.19792 Mbps
1614[UE 1 | RB 1] Throughput = 0.98068 Mbps
1724[UE 1 | RB 1] Throughput = 1.19980 Mbps
1824[UE 1 | RB 1] Throughput = 1.19339 Mbps
1934[UE 1 | RB 1] Throughput = 0.76703 Mbps
2034[UE 1 | RB 1] Throughput = 1.07606 Mbps
2134[UE 1 | RB 1] Throughput = 1.31619 Mbps
2244[UE 1 | RB 1] Throughput = 0.97993 Mbps
2354[UE 1 | RB 1] Throughput = 0.97928 Mbps
2464[UE 1 | RB 1] Throughput = 1.09185 Mbps
2564[UE 1 | RB 1] Throughput = 1.19638 Mbps
2664[UE 1 | RB 1] Throughput = 1.07636 Mbps
2774[UE 1 | RB 1] Throughput = 0.98024 Mbps
2884[UE 1 | RB 1] Throughput = 0.76500 Mbps
2984[UE 1 | RB 1] Throughput = 1.31779 Mbps
3085[UE 1 | RB 1] Throughput = 0.95296 Mbps
3185[UE 1 | RB 1] Throughput = 1.07743 Mbps
3294[UE 1 | RB 1] Throughput = 1.20406 Mbps
3395[UE 1 | RB 1] Throughput = 0.83642 Mbps
3505[UE 1 | RB 1] Throughput = 1.09044 Mbps
3605[UE 1 | RB 1] Throughput = 1.19768 Mbps
3714[UE 1 | RB 1] Throughput = 1.31707 Mbps
3814[UE 1 | RB 1] Throughput = 1.07482 Mbps
3914[UE 1 | RB 1] Throughput = 0.35861 Mbps
4024[UE 1 | RB 1] Throughput = 1.31061 Mbps
4124[UE 1 | RB 1] Throughput = 1.55315 Mbps
4234[UE 1 | RB 1] Throughput = 0.98270 Mbps
4335[UE 1 | RB 1] Throughput = 0.47763 Mbps
4445[UE 1 | RB 1] Throughput = 1.30420 Mbps
4554[UE 1 | RB 1] Throughput = 1.20814 Mbps
4654[UE 1 | RB 1] Throughput = 1.07551 Mbps
4754[UE 1 | RB 1] Throughput = 1.43805 Mbps
4854[UE 1 | RB 1] Throughput = 0.00000 Mbps
4955[UE 1 | RB 1] Throughput = 1.67268 Mbps
5055[UE 1 | RB 1] Throughput = 1.55787 Mbps
5164[UE 1 | RB 1] Throughput = 0.00000 Mbps
5264[UE 1 | RB 1] Throughput = 1.67684 Mbps
5364[UE 1 | RB 1] Throughput = 1.55761 Mbps
5465[UE 1 | RB 1] Throughput = 0.83707 Mbps
5574[UE 1 | RB 1] Throughput = 0.54614 Mbps
5674[UE 1 | RB 1] Throughput = 1.55739 Mbps
5774[UE 1 | RB 1] Throughput = 1.43796 Mbps
5884[UE 1 | RB 1] Throughput = 0.00000 Mbps
5984[UE 1 | RB 1] Throughput = 1.55427 Mbps
6094[UE 1 | RB 1] Throughput = 1.41730 Mbps
6195[UE 1 | RB 1] Throughput = 1.43419 Mbps
6295[UE 1 | RB 1] Throughput = 0.95836 Mbps
6404[UE 1 | RB 1] Throughput = 0.43650 Mbps
6515[UE 1 | RB 1] Throughput = 1.19517 Mbps
6624[UE 1 | RB 1] Throughput = 1.31049 Mbps
6735[UE 1 | RB 1] Throughput = 1.41316 Mbps
6844[UE 1 | RB 1] Throughput = 0.10926 Mbps
6945[UE 1 | RB 1] Throughput = 1.55433 Mbps
7045[UE 1 | RB 1] Throughput = 1.55741 Mbps
7155[UE 1 | RB 1] Throughput = 1.19961 Mbps
7255[UE 1 | RB 1] Throughput = 0.11981 Mbps
7364[UE 1 | RB 1] Throughput = 1.09282 Mbps
7474[UE 1 | RB 1] Throughput = 1.30758 Mbps
7574[UE 1 | RB 1] Throughput = 1.43808 Mbps
7684[UE 1 | RB 1] Throughput = 0.98144 Mbps
7784[UE 1 | RB 1] Throughput = 1.31691 Mbps
7884[UE 1 | RB 1] Throughput = 0.00000 Mbps
7984[UE 1 | RB 1] Throughput = 1.79760 Mbps
8085[UE 1 | RB 1] Throughput = 1.31550 Mbps
8194[UE 1 | RB 1] Throughput = 0.98505 Mbps
8294[UE 1 | RB 1] Throughput = 1.07812 Mbps
8394[UE 1 | RB 1] Throughput = 1.07817 Mbps
8495[UE 1 | RB 1] Throughput = 1.43185 Mbps
8605[UE 1 | RB 1] Throughput = 0.00000 Mbps
8705[UE 1 | RB 1] Throughput = 1.43584 Mbps
8814[UE 1 | RB 1] Throughput = 1.20091 Mbps
8924[UE 1 | RB 1] Throughput = 1.30793 Mbps
9034[UE 1 | RB 1] Throughput = 1.30757 Mbps
9135[UE 1 | RB 1] Throughput = 0.11944 Mbps
9245[UE 1 | RB 1] Throughput = 1.19983 Mbps
9345[UE 1 | RB 1] Throughput = 1.31596 Mbps
9445[UE 1 | RB 1] Throughput = 1.55703 Mbps
9555[UE 1 | RB 1] Throughput = 0.98301 Mbps
9655[UE 1 | RB 1] Throughput = 0.35812 Mbps
9765[UE 1 | RB 1] Throughput = 0.97981 Mbps
9875[UE 1 | RB 1] Throughput = 1.20215 Mbps
9975[UE 1 | RB 1] Throughput = 1.79686 Mbps
10075[UE 1 | RB 1] Throughput = 0.00000 Mbps
10175[UE 1 | RB 1] Throughput = 1.67334 Mbps
10285[UE 1 | RB 1] Throughput = 1.08995 Mbps
10395[UE 1 | RB 1] Throughput = 1.53111 Mbps
10495[UE 1 | RB 1] Throughput = 1.07630 Mbps
10605[UE 1 | RB 1] Throughput = 0.32696 Mbps
10705[UE 1 | RB 1] Throughput = 1.07673 Mbps
10815[UE 1 | RB 1] Throughput = 1.42010 Mbps
10915[UE 1 | RB 1] Throughput = 1.55397 Mbps
11025[UE 1 | RB 1] Throughput = 0.98335 Mbps
11125[UE 1 | RB 1] Throughput = 0.23962 Mbps
11225[UE 1 | RB 1] Throughput = 1.55397 Mbps
11325[UE 1 | RB 1] Throughput = 1.07751 Mbps
11425[UE 1 | RB 1] Throughput = 0.59821 Mbps
11535[UE 1 | RB 1] Throughput = 1.41903 Mbps
11645[UE 1 | RB 1] Throughput = 1.08795 Mbps
11755[UE 1 | RB 1] Throughput = 0.76552 Mbps
11855[UE 1 | RB 1] Throughput = 1.07470 Mbps
11965[UE 1 | RB 1] Throughput = 1.31183 Mbps
12065[UE 1 | RB 1] Throughput = 1.31411 Mbps
12174[UE 1 | RB 1] Throughput = 1.31393 Mbps
12275[UE 1 | RB 1] Throughput = 1.07607 Mbps
12375[UE 1 | RB 1] Throughput = 0.35952 Mbps
12475[UE 1 | RB 1] Throughput = 1.31678 Mbps
12575[UE 1 | RB 1] Throughput = 1.31791 Mbps
12684[UE 1 | RB 1] Throughput = 1.31035 Mbps
12785[UE 1 | RB 1] Throughput = 0.83762 Mbps
12895[UE 1 | RB 1] Throughput = 0.43567 Mbps
12995[UE 1 | RB 1] Throughput = 1.79408 Mbps
13095[UE 1 | RB 1] Throughput = 0.95834 Mbps
13195[UE 1 | RB 1] Throughput = 0.95716 Mbps
13305[UE 1 | RB 1] Throughput = 1.09115 Mbps
13415[UE 1 | RB 1] Throughput = 1.09123 Mbps
13515[UE 1 | RB 1] Throughput = 0.95670 Mbps
13625[UE 1 | RB 1] Throughput = 0.98235 Mbps
13735[UE 1 | RB 1] Throughput = 1.20028 Mbps
13835[UE 1 | RB 1] Throughput = 0.71604 Mbps
13945[UE 1 | RB 1] Throughput = 0.98117 Mbps
14055[UE 1 | RB 1] Throughput = 1.63570 Mbps
14155[UE 1 | RB 1] Throughput = 0.71826 Mbps
14264[UE 1 | RB 1] Throughput = 0.98570 Mbps
14365[UE 1 | RB 1] Throughput = 1.07612 Mbps
14475[UE 1 | RB 1] Throughput = 0.97832 Mbps
14585[UE 1 | RB 1] Throughput = 0.98009 Mbps
14695[UE 1 | RB 1] Throughput = 1.19942 Mbps
14795[UE 1 | RB 1] Throughput = 1.19622 Mbps
14905[UE 1 | RB 1] Throughput = 1.09080 Mbps
15015[UE 1 | RB 1] Throughput = 1.30642 Mbps
15125[UE 1 | RB 1] Throughput = 1.08910 Mbps
15235[UE 1 | RB 1] Throughput = 1.19816 Mbps
15345[UE 1 | RB 1] Throughput = 0.98111 Mbps
15445[UE 1 | RB 1] Throughput = 1.07826 Mbps
15555[UE 1 | RB 1] Throughput = 0.87226 Mbps
15655[UE 1 | RB 1] Throughput = 1.43575 Mbps
15765[UE 1 | RB 1] Throughput = 0.87211 Mbps
15865[UE 1 | RB 1] Throughput = 0.71839 Mbps
15965[UE 1 | RB 1] Throughput = 1.31688 Mbps
16075[UE 1 | RB 1] Throughput = 1.19782 Mbps
16175[UE 1 | RB 1] Throughput = 1.07774 Mbps
16275[UE 1 | RB 1] Throughput = 0.95772 Mbps
16385[UE 1 | RB 1] Throughput = 0.98018 Mbps
16495[UE 1 | RB 1] Throughput = 1.20144 Mbps
16595[UE 1 | RB 1] Throughput = 0.95830 Mbps
16705[UE 1 | RB 1] Throughput = 1.09123 Mbps
16815[UE 1 | RB 1] Throughput = 1.30826 Mbps
16915[UE 1 | RB 1] Throughput = 0.95704 Mbps
17025[UE 1 | RB 1] Throughput = 0.54539 Mbps
17125[UE 1 | RB 1] Throughput = 1.43524 Mbps
17225[UE 1 | RB 1] Throughput = 1.55579 Mbps
17335[UE 1 | RB 1] Throughput = 0.98209 Mbps
17435[UE 1 | RB 1] Throughput = 0.23964 Mbps
17535[UE 1 | RB 1] Throughput = 1.43792 Mbps
17635[UE 1 | RB 1] Throughput = 1.07842 Mbps
17735[UE 1 | RB 1] Throughput = 1.07742 Mbps
17835[UE 1 | RB 1] Throughput = 1.07700 Mbps
17945[UE 1 | RB 1] Throughput = 1.30876 Mbps
18045[UE 1 | RB 1] Throughput = 1.07737 Mbps
18155[UE 1 | RB 1] Throughput = 0.32788 Mbps
18255[UE 1 | RB 1] Throughput = 1.43661 Mbps
18355[UE 1 | RB 1] Throughput = 1.43719 Mbps
18456[UE 1 | RB 1] Throughput = 1.42176 Mbps
18565[UE 1 | RB 1] Throughput = 0.98999 Mbps
18675[UE 1 | RB 1] Throughput = 0.65516 Mbps
18775[UE 1 | RB 1] Throughput = 1.07443 Mbps
18885[UE 1 | RB 1] Throughput = 1.20480 Mbps
18985[UE 1 | RB 1] Throughput = 0.95487 Mbps
19095[UE 1 | RB 1] Throughput = 1.31191 Mbps
19205[UE 1 | RB 1] Throughput = 0.97850 Mbps
19305[UE 1 | RB 1] Throughput = 1.31775 Mbps
19405[UE 1 | RB 1] Throughput = 0.95800 Mbps
19515[UE 1 | RB 1] Throughput = 0.87138 Mbps
19625[UE 1 | RB 1] Throughput = 1.08946 Mbps
19725[UE 1 | RB 1] Throughput = 1.19783 Mbps
19826[UE 1 | RB 1] Throughput = 0.95617 Mbps
19935[UE 1 | RB 1] Throughput = 0.87464 Mbps
20045[UE 1 | RB 1] Throughput = 1.41843 Mbps
20145[UE 1 | RB 1] Throughput = 1.07439 Mbps
20255[UE 1 | RB 1] Throughput = 0.87547 Mbps
20355[UE 1 | RB 1] Throughput = 0.83625 Mbps
20455[UE 1 | RB 1] Throughput = 0.95795 Mbps
20565[UE 1 | RB 1] Throughput = 1.31031 Mbps
20665[UE 1 | RB 1] Throughput = 1.19584 Mbps
20765[UE 1 | RB 1] Throughput = 1.07549 Mbps
20866[UE 1 | RB 1] Throughput = 1.07712 Mbps
20975[UE 1 | RB 1] Throughput = 1.09511 Mbps
21075[UE 1 | RB 1] Throughput = 0.95754 Mbps
21176[UE 1 | RB 1] Throughput = 1.07410 Mbps
21285[UE 1 | RB 1] Throughput = 1.09357 Mbps
21385[UE 1 | RB 1] Throughput = 1.07748 Mbps
21495[UE 1 | RB 1] Throughput = 0.98297 Mbps
21595[UE 1 | RB 1] Throughput = 1.19784 Mbps
21695[UE 1 | RB 1] Throughput = 0.95859 Mbps
21795[UE 1 | RB 1] Throughput = 1.07639 Mbps
21905[UE 1 | RB 1] Throughput = 1.30923 Mbps
22015[UE 1 | RB 1] Throughput = 0.98077 Mbps
22115[UE 1 | RB 1] Throughput = 1.19726 Mbps
22216[UE 1 | RB 1] Throughput = 1.19206 Mbps
22326[UE 1 | RB 1] Throughput = 1.08785 Mbps
22435[UE 1 | RB 1] Throughput = 0.98788 Mbps
22535[UE 1 | RB 1] Throughput = 0.95739 Mbps
22635[UE 1 | RB 1] Throughput = 0.83674 Mbps
22735[UE 1 | RB 1] Throughput = 1.07815 Mbps
22836[UE 1 | RB 1] Throughput = 0.59852 Mbps
22945[UE 1 | RB 1] Throughput = 1.42492 Mbps
23046[UE 1 | RB 1] Throughput = 1.54860 Mbps
23155[UE 1 | RB 1] Throughput = 0.98319 Mbps
23255[UE 1 | RB 1] Throughput = 0.23942 Mbps
23355[UE 1 | RB 1] Throughput = 1.43617 Mbps
23465[UE 1 | RB 1] Throughput = 0.98141 Mbps
23575[UE 1 | RB 1] Throughput = 1.19971 Mbps
23676[UE 1 | RB 1] Throughput = 1.31411 Mbps
23785[UE 1 | RB 1] Throughput = 1.20147 Mbps
23885[UE 1 | RB 1] Throughput = 0.95678 Mbps
23995[UE 1 | RB 1] Throughput = 1.09231 Mbps
24096[UE 1 | RB 1] Throughput = 1.07515 Mbps
24196[UE 1 | RB 1] Throughput = 0.95748 Mbps
24305[UE 1 | RB 1] Throughput = 0.98637 Mbps
24415[UE 1 | RB 1] Throughput = 0.76202 Mbps
24515[UE 1 | RB 1] Throughput = 1.31413 Mbps
24625[UE 1 | RB 1] Throughput = 1.08851 Mbps
24726[UE 1 | RB 1] Throughput = 0.83648 Mbps
24835[UE 1 | RB 1] Throughput = 1.09521 Mbps
24935[UE 1 | RB 1] Throughput = 1.43778 Mbps
25036[UE 1 | RB 1] Throughput = 1.31428 Mbps
25145[UE 1 | RB 1] Throughput = 0.87470 Mbps
25245[UE 1 | RB 1] Throughput = 1.07576 Mbps
25356[UE 1 | RB 1] Throughput = 0.86943 Mbps
25456[UE 1 | RB 1] Throughput = 1.19643 Mbps
25565[UE 1 | RB 1] Throughput = 0.98444 Mbps
25665[UE 1 | RB 1] Throughput = 1.31729 Mbps
25766[UE 1 | RB 1] Throughput = 1.19760 Mbps
25876[UE 1 | RB 1] Throughput = 1.08910 Mbps
25976[UE 1 | RB 1] Throughput = 0.23951 Mbps
26086[UE 1 | RB 1] Throughput = 1.41675 Mbps
26196[UE 1 | RB 1] Throughput = 1.41435 Mbps
26306[UE 1 | RB 1] Throughput = 0.10898 Mbps
26416[UE 1 | RB 1] Throughput = 1.63631 Mbps
26516[UE 1 | RB 1] Throughput = 1.19252 Mbps
26625[UE 1 | RB 1] Throughput = 1.09922 Mbps
26725[UE 1 | RB 1] Throughput = 1.19631 Mbps
26825[UE 1 | RB 1] Throughput = 0.95758 Mbps
26935[UE 1 | RB 1] Throughput = 1.19857 Mbps
27036[UE 1 | RB 1] Throughput = 0.83571 Mbps
27146[UE 1 | RB 1] Throughput = 1.20020 Mbps
27246[UE 1 | RB 1] Throughput = 1.07837 Mbps
27356[UE 1 | RB 1] Throughput = 0.76110 Mbps
27456[UE 1 | RB 1] Throughput = 1.19468 Mbps
27565[UE 1 | RB 1] Throughput = 0.98832 Mbps
27666[UE 1 | RB 1] Throughput = 1.19532 Mbps
27776[UE 1 | RB 1] Throughput = 1.08939 Mbps
27876[UE 1 | RB 1] Throughput = 1.07488 Mbps
27986[UE 1 | RB 1] Throughput = 1.09220 Mbps
28096[UE 1 | RB 1] Throughput = 1.30566 Mbps
28206[UE 1 | RB 1] Throughput = 1.19980 Mbps
28316[UE 1 | RB 1] Throughput = 0.98020 Mbps
28425[UE 1 | RB 1] Throughput = 0.87349 Mbps
28526[UE 1 | RB 1] Throughput = 0.95499 Mbps
28636[UE 1 | RB 1] Throughput = 1.30789 Mbps
28736[UE 1 | RB 1] Throughput = 0.95693 Mbps
28836[UE 1 | RB 1] Throughput = 0.83865 Mbps
28936[UE 1 | RB 1] Throughput = 1.19778 Mbps
29046[UE 1 | RB 1] Throughput = 1.09287 Mbps
29156[UE 1 | RB 1] Throughput = 1.08823 Mbps
29265[UE 1 | RB 1] Throughput = 0.87555 Mbps
29365[UE 1 | RB 1] Throughput = 1.19623 Mbps
29466[UE 1 | RB 1] Throughput = 1.07534 Mbps
29566[UE 1 | RB 1] Throughput = 1.07787 Mbps
29666[UE 1 | RB 1] Throughput = 0.95719 Mbps
29766[UE 1 | RB 1] Throughput = 1.19759 Mbps
29876[UE 1 | RB 1] Throughput = 1.09316 Mbps
29986[UE 1 | RB 1] Throughput = 1.08673 Mbps
30086[UE 1 | RB 1] Throughput = 0.95805 Mbps
30196[UE 1 | RB 1] Throughput = 0.98160 Mbps
30296[UE 1 | RB 1] Throughput = 1.31806 Mbps
30406[UE 1 | RB 1] Throughput = 0.98012 Mbps
30516[UE 1 | RB 1] Throughput = 0.98169 Mbps
30626[UE 1 | RB 1] Throughput = 0.98221 Mbps
30726[UE 1 | RB 1] Throughput = 1.43595 Mbps
30826[UE 1 | RB 1] Throughput = 0.83858 Mbps
30926[UE 1 | RB 1] Throughput = 1.43808 Mbps
31026[UE 1 | RB 1] Throughput = 1.07779 Mbps
31136[UE 1 | RB 1] Throughput = 0.21821 Mbps
31236[UE 1 | RB 1] Throughput = 1.43715 Mbps
31346[UE 1 | RB 1] Throughput = 1.63555 Mbps
31446[UE 1 | RB 1] Throughput = 0.00000 Mbps
31556[UE 1 | RB 1] Throughput = 1.52753 Mbps
31656[UE 1 | RB 1] Throughput = 1.55730 Mbps
31765[UE 1 | RB 1] Throughput = 0.98484 Mbps
31866[UE 1 | RB 1] Throughput = 0.35675 Mbps
31976[UE 1 | RB 1] Throughput = 1.31321 Mbps
32076[UE 1 | RB 1] Throughput = 1.43730 Mbps
32176[UE 1 | RB 1] Throughput = 0.59895 Mbps
32276[UE 1 | RB 1] Throughput = 1.07687 Mbps
32386[UE 1 | RB 1] Throughput = 1.41817 Mbps
32496[UE 1 | RB 1] Throughput = 0.87193 Mbps
32606[UE 1 | RB 1] Throughput = 1.30581 Mbps
32716[UE 1 | RB 1] Throughput = 1.09019 Mbps
32826[UE 1 | RB 1] Throughput = 1.09160 Mbps
32926[UE 1 | RB 1] Throughput = 1.07518 Mbps
33036[UE 1 | RB 1] Throughput = 1.19938 Mbps
33146[UE 1 | RB 1] Throughput = 0.98250 Mbps
33246[UE 1 | RB 1] Throughput = 0.95858 Mbps
33346[UE 1 | RB 1] Throughput = 1.07831 Mbps
33446[UE 1 | RB 1] Throughput = 1.07330 Mbps
33546[UE 1 | RB 1] Throughput = 0.71903 Mbps
33656[UE 1 | RB 1] Throughput = 0.98199 Mbps
33766[UE 1 | RB 1] Throughput = 1.64025 Mbps
33866[UE 1 | RB 1] Throughput = 0.83859 Mbps
33966[UE 1 | RB 1] Throughput = 1.07124 Mbps
34076[UE 1 | RB 1] Throughput = 0.98202 Mbps
34186[UE 1 | RB 1] Throughput = 1.20150 Mbps
34286[UE 1 | RB 1] Throughput = 1.07417 Mbps
34396[UE 1 | RB 1] Throughput = 0.43735 Mbps
34496[UE 1 | RB 1] Throughput = 1.43799 Mbps
34606[UE 1 | RB 1] Throughput = 1.30825 Mbps
34706[UE 1 | RB 1] Throughput = 1.43550 Mbps
34816[UE 1 | RB 1] Throughput = 0.98352 Mbps
34917[UE 1 | RB 1] Throughput = 1.06863 Mbps
35026[UE 1 | RB 1] Throughput = 0.00000 Mbps
35126[UE 1 | RB 1] Throughput = 1.67615 Mbps
35236[UE 1 | RB 1] Throughput = 1.30830 Mbps
35346[UE 1 | RB 1] Throughput = 1.09251 Mbps
35446[UE 1 | RB 1] Throughput = 0.83729 Mbps
35556[UE 1 | RB 1] Throughput = 1.41777 Mbps
35656[UE 1 | RB 1] Throughput = 0.23898 Mbps
35766[UE 1 | RB 1] Throughput = 1.30838 Mbps
35866[UE 1 | RB 1] Throughput = 1.19823 Mbps
35976[UE 1 | RB 1] Throughput = 1.63215 Mbps
36086[UE 1 | RB 1] Throughput = 0.98164 Mbps
36196[UE 1 | RB 1] Throughput = 0.87190 Mbps
36296[UE 1 | RB 1] Throughput = 1.07476 Mbps
36406[UE 1 | RB 1] Throughput = 1.19871 Mbps
36516[UE 1 | RB 1] Throughput = 0.87240 Mbps
36626[UE 1 | RB 1] Throughput = 1.09160 Mbps
36736[UE 1 | RB 1] Throughput = 1.19800 Mbps
36836[UE 1 | RB 1] Throughput = 0.83846 Mbps
36946[UE 1 | RB 1] Throughput = 0.87408 Mbps
37046[UE 1 | RB 1] Throughput = 1.19749 Mbps
37146[UE 1 | RB 1] Throughput = 1.19548 Mbps
37256[UE 1 | RB 1] Throughput = 1.19682 Mbps
37366[UE 1 | RB 1] Throughput = 1.20384 Mbps
37476[UE 1 | RB 1] Throughput = 0.97975 Mbps
37576[UE 1 | RB 1] Throughput = 0.95731 Mbps
37676[UE 1 | RB 1] Throughput = 0.83784 Mbps
37776[UE 1 | RB 1] Throughput = 1.31657 Mbps
37876[UE 1 | RB 1] Throughput = 0.95854 Mbps
37977[UE 1 | RB 1] Throughput = 0.95542 Mbps
38086[UE 1 | RB 1] Throughput = 1.20574 Mbps
38186[UE 1 | RB 1] Throughput = 0.95569 Mbps
38286[UE 1 | RB 1] Throughput = 1.19581 Mbps
38396[UE 1 | RB 1] Throughput = 0.87269 Mbps
38506[UE 1 | RB 1] Throughput = 1.19890 Mbps
38617[UE 1 | RB 1] Throughput = 0.97332 Mbps
38727[UE 1 | RB 1] Throughput = 1.31315 Mbps
38836[UE 1 | RB 1] Throughput = 1.09054 Mbps
38946[UE 1 | RB 1] Throughput = 1.09111 Mbps
39047[UE 1 | RB 1] Throughput = 0.83613 Mbps
39157[UE 1 | RB 1] Throughput = 0.98052 Mbps
39266[UE 1 | RB 1] Throughput = 1.31164 Mbps
39367[UE 1 | RB 1] Throughput = 1.07587 Mbps
39467[UE 1 | RB 1] Throughput = 0.35896 Mbps
39577[UE 1 | RB 1] Throughput = 1.41695 Mbps
39686[UE 1 | RB 1] Throughput = 1.42229 Mbps
39787[UE 1 | RB 1] Throughput = 1.07398 Mbps
39887[UE 1 | RB 1] Throughput = 0.35943 Mbps
39987[UE 1 | RB 1] Throughput = 1.43591 Mbps
40097[UE 1 | RB 1] Throughput = 1.41721 Mbps
40197[UE 1 | RB 1] Throughput = 1.31585 Mbps
40307[UE 1 | RB 1] Throughput = 0.00000 Mbps
40407[UE 1 | RB 1] Throughput = 1.67444 Mbps
40516[UE 1 | RB 1] Throughput = 1.42613 Mbps
40616[UE 1 | RB 1] Throughput = 0.00000 Mbps
40726[UE 1 | RB 1] Throughput = 1.30606 Mbps
40827[UE 1 | RB 1] Throughput = 1.55267 Mbps
40936[UE 1 | RB 1] Throughput = 1.42117 Mbps
41037[UE 1 | RB 1] Throughput = 0.00000 Mbps
41147[UE 1 | RB 1] Throughput = 1.30626 Mbps
41256[UE 1 | RB 1] Throughput = 1.42013 Mbps
41356[UE 1 | RB 1] Throughput = 1.43697 Mbps
41467[UE 1 | RB 1] Throughput = 0.21734 Mbps
41577[UE 1 | RB 1] Throughput = 1.52778 Mbps
41686[UE 1 | RB 1] Throughput = 1.52683 Mbps
41787[UE 1 | RB 1] Throughput = 0.00000 Mbps
41896[UE 1 | RB 1] Throughput = 1.31134 Mbps
41996[UE 1 | RB 1] Throughput = 1.43499 Mbps
42097[UE 1 | RB 1] Throughput = 1.43302 Mbps
42207[UE 1 | RB 1] Throughput = 0.21805 Mbps
42307[UE 1 | RB 1] Throughput = 1.55647 Mbps
42416[UE 1 | RB 1] Throughput = 1.53216 Mbps
42517[UE 1 | RB 1] Throughput = 0.00000 Mbps
42627[UE 1 | RB 1] Throughput = 2.06499 Mbps
42737[UE 1 | RB 1] Throughput = 0.21832 Mbps
42837[UE 1 | RB 1] Throughput = 1.43779 Mbps
42946[UE 1 | RB 1] Throughput = 1.09145 Mbps
43056[UE 1 | RB 1] Throughput = 1.19976 Mbps
43156[UE 1 | RB 1] Throughput = 1.31637 Mbps
43257[UE 1 | RB 1] Throughput = 0.00000 Mbps
43366[UE 1 | RB 1] Throughput = 1.42289 Mbps
43467[UE 1 | RB 1] Throughput = 1.55182 Mbps
43576[UE 1 | RB 1] Throughput = 0.10938 Mbps
43677[UE 1 | RB 1] Throughput = 1.67161 Mbps
43786[UE 1 | RB 1] Throughput = 1.41969 Mbps
43886[UE 1 | RB 1] Throughput = 1.19717 Mbps
43987[UE 1 | RB 1] Throughput = 1.07561 Mbps
44097[UE 1 | RB 1] Throughput = 1.08820 Mbps
44207[UE 1 | RB 1] Throughput = 1.09197 Mbps
44307[UE 1 | RB 1] Throughput = 0.47918 Mbps
44416[UE 1 | RB 1] Throughput = 0.98129 Mbps
44517[UE 1 | RB 1] Throughput = 1.43412 Mbps
44627[UE 1 | RB 1] Throughput = 1.30967 Mbps
44736[UE 1 | RB 1] Throughput = 1.31222 Mbps
44837[UE 1 | RB 1] Throughput = 0.00000 Mbps
44947[UE 1 | RB 1] Throughput = 1.41372 Mbps
45056[UE 1 | RB 1] Throughput = 1.20172 Mbps
45157[UE 1 | RB 1] Throughput = 1.43531 Mbps
45267[UE 1 | RB 1] Throughput = 0.98096 Mbps
45367[UE 1 | RB 1] Throughput = 0.47898 Mbps
45467[UE 1 | RB 1] Throughput = 1.43418 Mbps
45577[UE 1 | RB 1] Throughput = 1.30930 Mbps
45687[UE 1 | RB 1] Throughput = 0.98196 Mbps
45787[UE 1 | RB 1] Throughput = 0.35919 Mbps
45887[UE 1 | RB 1] Throughput = 1.79717 Mbps
45997[UE 1 | RB 1] Throughput = 0.65417 Mbps
46097[UE 1 | RB 1] Throughput = 1.43603 Mbps
46207[UE 1 | RB 1] Throughput = 1.19985 Mbps
46317[UE 1 | RB 1] Throughput = 1.08860 Mbps
46427[UE 1 | RB 1] Throughput = 0.98089 Mbps
46537[UE 1 | RB 1] Throughput = 0.98183 Mbps
46637[UE 1 | RB 1] Throughput = 1.19216 Mbps
46746[UE 1 | RB 1] Throughput = 0.98618 Mbps
46847[UE 1 | RB 1] Throughput = 1.07464 Mbps
46957[UE 1 | RB 1] Throughput = 1.09181 Mbps
47066[UE 1 | RB 1] Throughput = 0.98206 Mbps
47167[UE 1 | RB 1] Throughput = 0.71618 Mbps
47277[UE 1 | RB 1] Throughput = 1.19984 Mbps
47377[UE 1 | RB 1] Throughput = 1.31637 Mbps
47487[UE 1 | RB 1] Throughput = 1.30638 Mbps
47596[UE 1 | RB 1] Throughput = 0.98431 Mbps
47697[UE 1 | RB 1] Throughput = 0.95236 Mbps
47807[UE 1 | RB 1] Throughput = 1.09578 Mbps
47907[UE 1 | RB 1] Throughput = 1.07447 Mbps
48018[UE 1 | RB 1] Throughput = 1.08262 Mbps
48127[UE 1 | RB 1] Throughput = 0.98937 Mbps
48237[UE 1 | RB 1] Throughput = 1.09034 Mbps
48337[UE 1 | RB 1] Throughput = 1.07292 Mbps
48447[UE 1 | RB 1] Throughput = 1.09282 Mbps
48547[UE 1 | RB 1] Throughput = 0.95618 Mbps
48647[UE 1 | RB 1] Throughput = 0.95804 Mbps
48756[UE 1 | RB 1] Throughput = 1.20452 Mbps
48857[UE 1 | RB 1] Throughput = 1.19539 Mbps
48967[UE 1 | RB 1] Throughput = 0.98159 Mbps
49067[UE 1 | RB 1] Throughput = 1.07607 Mbps
49177[UE 1 | RB 1] Throughput = 1.20031 Mbps
49277[UE 1 | RB 1] Throughput = 1.07828 Mbps
49377[UE 1 | RB 1] Throughput = 0.95850 Mbps
49487[UE 1 | RB 1] Throughput = 1.19847 Mbps
49596[UE 1 | RB 1] Throughput = 0.98269 Mbps
49697[UE 1 | RB 1] Throughput = 0.83828 Mbps
49807[UE 1 | RB 1] Throughput = 1.19454 Mbps
49907[UE 1 | RB 1] Throughput = 1.07809 Mbps
50017[UE 1 | RB 1] Throughput = 1.19975 Mbps
50127[UE 1 | RB 1] Throughput = 1.08930 Mbps
50227[UE 1 | RB 1] Throughput = 1.07825 Mbps
50327[UE 1 | RB 1] Throughput = 1.31607 Mbps
50437[UE 1 | RB 1] Throughput = 0.00000 Mbps
50537[UE 1 | RB 1] Throughput = 1.43686 Mbps
50647[UE 1 | RB 1] Throughput = 1.30865 Mbps
50757[UE 1 | RB 1] Throughput = 1.30375 Mbps
50867[UE 1 | RB 1] Throughput = 0.98157 Mbps
50977[UE 1 | RB 1] Throughput = 0.87194 Mbps
51087[UE 1 | RB 1] Throughput = 1.08958 Mbps
51197[UE 1 | RB 1] Throughput = 1.30624 Mbps
51297[UE 1 | RB 1] Throughput = 0.95871 Mbps
51407[UE 1 | RB 1] Throughput = 0.98187 Mbps
51507[UE 1 | RB 1] Throughput = 1.19664 Mbps
51617[UE 1 | RB 1] Throughput = 1.09066 Mbps
51727[UE 1 | RB 1] Throughput = 0.98066 Mbps
51827[UE 1 | RB 1] Throughput = 0.95526 Mbps
51937[UE 1 | RB 1] Throughput = 1.08943 Mbps
52047[UE 1 | RB 1] Throughput = 1.20013 Mbps
52147[UE 1 | RB 1] Throughput = 1.07706 Mbps
52257[UE 1 | RB 1] Throughput = 1.09217 Mbps
52357[UE 1 | RB 1] Throughput = 0.95739 Mbps
52467[UE 1 | RB 1] Throughput = 1.08810 Mbps
52577[UE 1 | RB 1] Throughput = 1.20031 Mbps
52677[UE 1 | RB 1] Throughput = 1.07776 Mbps
52777[UE 1 | RB 1] Throughput = 1.07791 Mbps
52877[UE 1 | RB 1] Throughput = 1.07834 Mbps
52988[UE 1 | RB 1] Throughput = 0.97377 Mbps
53097[UE 1 | RB 1] Throughput = 1.09516 Mbps
53207[UE 1 | RB 1] Throughput = 1.08922 Mbps
53317[UE 1 | RB 1] Throughput = 1.09099 Mbps
53427[UE 1 | RB 1] Throughput = 1.08934 Mbps
53537[UE 1 | RB 1] Throughput = 0.98109 Mbps
53637[UE 1 | RB 1] Throughput = 1.07828 Mbps
53747[UE 1 | RB 1] Throughput = 1.19756 Mbps
53857[UE 1 | RB 1] Throughput = 0.98245 Mbps
53967[UE 1 | RB 1] Throughput = 1.09119 Mbps
54067[UE 1 | RB 1] Throughput = 0.95383 Mbps
54177[UE 1 | RB 1] Throughput = 1.20306 Mbps
54277[UE 1 | RB 1] Throughput = 1.07606 Mbps
54387[UE 1 | RB 1] Throughput = 1.08866 Mbps
54497[UE 1 | RB 1] Throughput = 0.76342 Mbps
54607[UE 1 | RB 1] Throughput = 0.76248 Mbps
54707[UE 1 | RB 1] Throughput = 1.31721 Mbps
54817[UE 1 | RB 1] Throughput = 1.20109 Mbps
54917[UE 1 | RB 1] Throughput = 1.43217 Mbps
55027[UE 1 | RB 1] Throughput = 0.98248 Mbps
55127[UE 1 | RB 1] Throughput = 0.95794 Mbps
55237[UE 1 | RB 1] Throughput = 0.98179 Mbps
55337[UE 1 | RB 1] Throughput = 1.07820 Mbps
55437[UE 1 | RB 1] Throughput = 1.19326 Mbps
55547[UE 1 | RB 1] Throughput = 1.09323 Mbps
55657[UE 1 | RB 1] Throughput = 0.76287 Mbps
55767[UE 1 | RB 1] Throughput = 1.41612 Mbps
55877[UE 1 | RB 1] Throughput = 0.87314 Mbps
55977[UE 1 | RB 1] Throughput = 1.19541 Mbps
56087[UE 1 | RB 1] Throughput = 1.09050 Mbps
56197[UE 1 | RB 1] Throughput = 0.97885 Mbps
56298[UE 1 | RB 1] Throughput = 1.07523 Mbps
56407[UE 1 | RB 1] Throughput = 0.98368 Mbps
56507[UE 1 | RB 1] Throughput = 1.07639 Mbps
56617[UE 1 | RB 1] Throughput = 1.19759 Mbps
56727[UE 1 | RB 1] Throughput = 0.98543 Mbps
56827[UE 1 | RB 1] Throughput = 1.19326 Mbps
56927[UE 1 | RB 1] Throughput = 0.95859 Mbps
57028[UE 1 | RB 1] Throughput = 0.95653 Mbps
57137[UE 1 | RB 1] Throughput = 1.09065 Mbps
57247[UE 1 | RB 1] Throughput = 0.76482 Mbps
57347[UE 1 | RB 1] Throughput = 1.43406 Mbps
57457[UE 1 | RB 1] Throughput = 1.41619 Mbps
57568[UE 1 | RB 1] Throughput = 0.32604 Mbps
57677[UE 1 | RB 1] Throughput = 1.42338 Mbps
57787[UE 1 | RB 1] Throughput = 1.19793 Mbps
57887[UE 1 | RB 1] Throughput = 0.71859 Mbps
57987[UE 1 | RB 1] Throughput = 1.07710 Mbps
58087[UE 1 | RB 1] Throughput = 1.55780 Mbps
58197[UE 1 | RB 1] Throughput = 1.20031 Mbps
58298[UE 1 | RB 1] Throughput = 0.83580 Mbps
58408[UE 1 | RB 1] Throughput = 0.97938 Mbps
58517[UE 1 | RB 1] Throughput = 1.09178 Mbps
58617[UE 1 | RB 1] Throughput = 1.31817 Mbps
58727[UE 1 | RB 1] Throughput = 0.87411 Mbps
58838[UE 1 | RB 1] Throughput = 1.08532 Mbps
58938[UE 1 | RB 1] Throughput = 0.83876 Mbps
59047[UE 1 | RB 1] Throughput = 1.09059 Mbps
59157[UE 1 | RB 1] Throughput = 0.98289 Mbps
59258[UE 1 | RB 1] Throughput = 1.43246 Mbps
59367[UE 1 | RB 1] Throughput = 1.31339 Mbps
59468[UE 1 | RB 1] Throughput = 0.11924 Mbps
59568[UE 1 | RB 1] Throughput = 1.79518 Mbps
59678[UE 1 | RB 1] Throughput = 0.87131 Mbps
59788[UE 1 | RB 1] Throughput = 0.98263 Mbps
59897[UE 1 | RB 1] Throughput = 0.76429 Mbps
59998[UE 1 | RB 1] Throughput = 1.55119 Mbps
60108[UE 1 | RB 1] Throughput = 1.19981 Mbps
60208[UE 1 | RB 1] Throughput = 0.59862 Mbps
60317[UE 1 | RB 1] Throughput = 1.31108 Mbps
60418[UE 1 | RB 1] Throughput = 1.43583 Mbps
60527[UE 1 | RB 1] Throughput = 0.10969 Mbps
60628[UE 1 | RB 1] Throughput = 1.42614 Mbps
60737[UE 1 | RB 1] Throughput = 1.52717 Mbps
60847[UE 1 | RB 1] Throughput = 1.19906 Mbps
60948[UE 1 | RB 1] Throughput = 0.23915 Mbps
61058[UE 1 | RB 1] Throughput = 1.30746 Mbps
61167[UE 1 | RB 1] Throughput = 1.31017 Mbps
61277[UE 1 | RB 1] Throughput = 1.41851 Mbps
61378[UE 1 | RB 1] Throughput = 0.00000 Mbps
61488[UE 1 | RB 1] Throughput = 1.52696 Mbps
61588[UE 1 | RB 1] Throughput = 1.19725 Mbps
61698[UE 1 | RB 1] Throughput = 1.20063 Mbps
61808[UE 1 | RB 1] Throughput = 1.08700 Mbps
61917[UE 1 | RB 1] Throughput = 0.76497 Mbps
62018[UE 1 | RB 1] Throughput = 1.07764 Mbps
62127[UE 1 | RB 1] Throughput = 0.98204 Mbps
62227[UE 1 | RB 1] Throughput = 1.19810 Mbps
62337[UE 1 | RB 1] Throughput = 1.09003 Mbps
62438[UE 1 | RB 1] Throughput = 1.19390 Mbps
62548[UE 1 | RB 1] Throughput = 1.19905 Mbps
62658[UE 1 | RB 1] Throughput = 0.97893 Mbps
62767[UE 1 | RB 1] Throughput = 1.31266 Mbps
62868[UE 1 | RB 1] Throughput = 0.95743 Mbps
62978[UE 1 | RB 1] Throughput = 0.76122 Mbps
63078[UE 1 | RB 1] Throughput = 1.19689 Mbps
63188[UE 1 | RB 1] Throughput = 0.76510 Mbps
63288[UE 1 | RB 1] Throughput = 1.55461 Mbps
63397[UE 1 | RB 1] Throughput = 0.98291 Mbps
63498[UE 1 | RB 1] Throughput = 0.47858 Mbps
63598[UE 1 | RB 1] Throughput = 1.55667 Mbps
63707[UE 1 | RB 1] Throughput = 0.98476 Mbps
63817[UE 1 | RB 1] Throughput = 1.41400 Mbps
63918[UE 1 | RB 1] Throughput = 0.11895 Mbps
64028[UE 1 | RB 1] Throughput = 1.31115 Mbps
64138[UE 1 | RB 1] Throughput = 1.30818 Mbps
64248[UE 1 | RB 1] Throughput = 1.20085 Mbps
64348[UE 1 | RB 1] Throughput = 1.07787 Mbps
64458[UE 1 | RB 1] Throughput = 0.86967 Mbps
64568[UE 1 | RB 1] Throughput = 1.31145 Mbps
64668[UE 1 | RB 1] Throughput = 0.95802 Mbps
64777[UE 1 | RB 1] Throughput = 1.19944 Mbps
64878[UE 1 | RB 1] Throughput = 0.95287 Mbps
64988[UE 1 | RB 1] Throughput = 1.20124 Mbps
65098[UE 1 | RB 1] Throughput = 0.98062 Mbps
65207[UE 1 | RB 1] Throughput = 0.98386 Mbps
65308[UE 1 | RB 1] Throughput = 1.31606 Mbps
65408[UE 1 | RB 1] Throughput = 0.95685 Mbps
65518[UE 1 | RB 1] Throughput = 0.97997 Mbps
65628[UE 1 | RB 1] Throughput = 1.20151 Mbps
65728[UE 1 | RB 1] Throughput = 0.95670 Mbps
65838[UE 1 | RB 1] Throughput = 1.09209 Mbps
65938[UE 1 | RB 1] Throughput = 1.31442 Mbps
66048[UE 1 | RB 1] Throughput = 1.08895 Mbps
66158[UE 1 | RB 1] Throughput = 0.98005 Mbps
66268[UE 1 | RB 1] Throughput = 0.98355 Mbps
66368[UE 1 | RB 1] Throughput = 0.95576 Mbps
66478[UE 1 | RB 1] Throughput = 1.30557 Mbps
66588[UE 1 | RB 1] Throughput = 0.98265 Mbps
66688[UE 1 | RB 1] Throughput = 0.59796 Mbps
66788[UE 1 | RB 1] Throughput = 1.55773 Mbps
66898[UE 1 | RB 1] Throughput = 0.98297 Mbps
67008[UE 1 | RB 1] Throughput = 1.09123 Mbps
67108[UE 1 | RB 1] Throughput = 0.71717 Mbps
67218[UE 1 | RB 1] Throughput = 1.41971 Mbps
67327[UE 1 | RB 1] Throughput = 0.43623 Mbps
67428[UE 1 | RB 1] Throughput = 1.31671 Mbps
67528[UE 1 | RB 1] Throughput = 1.31414 Mbps
67638[UE 1 | RB 1] Throughput = 0.97947 Mbps
67747[UE 1 | RB 1] Throughput = 1.20408 Mbps
67848[UE 1 | RB 1] Throughput = 1.07365 Mbps
67958[UE 1 | RB 1] Throughput = 0.98238 Mbps
68058[UE 1 | RB 1] Throughput = 1.19669 Mbps
68158[UE 1 | RB 1] Throughput = 1.07612 Mbps
68268[UE 1 | RB 1] Throughput = 1.30826 Mbps
68369[UE 1 | RB 1] Throughput = 0.11920 Mbps
68478[UE 1 | RB 1] Throughput = 1.20435 Mbps
68588[UE 1 | RB 1] Throughput = 1.63185 Mbps
68698[UE 1 | RB 1] Throughput = 1.09039 Mbps
68808[UE 1 | RB 1] Throughput = 1.08928 Mbps
68908[UE 1 | RB 1] Throughput = 0.71866 Mbps
69018[UE 1 | RB 1] Throughput = 1.30929 Mbps
69118[UE 1 | RB 1] Throughput = 0.95765 Mbps
69228[UE 1 | RB 1] Throughput = 1.08802 Mbps
69338[UE 1 | RB 1] Throughput = 1.42317 Mbps
69438[UE 1 | RB 1] Throughput = 0.71720 Mbps
69548[UE 1 | RB 1] Throughput = 0.87300 Mbps
69648[UE 1 | RB 1] Throughput = 1.31126 Mbps
69758[UE 1 | RB 1] Throughput = 1.09693 Mbps
69858[UE 1 | RB 1] Throughput = 1.07576 Mbps
69958[UE 1 | RB 1] Throughput = 0.95742 Mbps
70068[UE 1 | RB 1] Throughput = 1.19731 Mbps
70178[UE 1 | RB 1] Throughput = 1.19952 Mbps
70278[UE 1 | RB 1] Throughput = 0.83840 Mbps
70388[UE 1 | RB 1] Throughput = 1.19712 Mbps
70498[UE 1 | RB 1] Throughput = 1.20291 Mbps
70598[UE 1 | RB 1] Throughput = 0.00000 Mbps
70708[UE 1 | RB 1] Throughput = 1.41744 Mbps
70818[UE 1 | RB 1] Throughput = 1.30880 Mbps
70918[UE 1 | RB 1] Throughput = 1.55331 Mbps
71028[UE 1 | RB 1] Throughput = 0.98156 Mbps
71138[UE 1 | RB 1] Throughput = 0.21811 Mbps
71238[UE 1 | RB 1] Throughput = 1.43728 Mbps
71338[UE 1 | RB 1] Throughput = 1.79729 Mbps
71438[UE 1 | RB 1] Throughput = 0.00000 Mbps
71538[UE 1 | RB 1] Throughput = 1.43666 Mbps
71648[UE 1 | RB 1] Throughput = 1.30575 Mbps
71758[UE 1 | RB 1] Throughput = 0.98342 Mbps
71868[UE 1 | RB 1] Throughput = 1.30756 Mbps
71978[UE 1 | RB 1] Throughput = 0.65517 Mbps
72078[UE 1 | RB 1] Throughput = 1.19330 Mbps
72178[UE 1 | RB 1] Throughput = 1.43702 Mbps
72288[UE 1 | RB 1] Throughput = 0.87027 Mbps
72398[UE 1 | RB 1] Throughput = 1.20137 Mbps
72508[UE 1 | RB 1] Throughput = 0.98238 Mbps
72608[UE 1 | RB 1] Throughput = 0.95563 Mbps
72708[UE 1 | RB 1] Throughput = 1.19626 Mbps
72818[UE 1 | RB 1] Throughput = 0.98315 Mbps
72918[UE 1 | RB 1] Throughput = 1.19485 Mbps
73028[UE 1 | RB 1] Throughput = 1.09647 Mbps
73128[UE 1 | RB 1] Throughput = 1.19454 Mbps
73228[UE 1 | RB 1] Throughput = 0.83814 Mbps
73338[UE 1 | RB 1] Throughput = 1.09120 Mbps
73438[UE 1 | RB 1] Throughput = 1.07762 Mbps
73548[UE 1 | RB 1] Throughput = 0.97635 Mbps
73658[UE 1 | RB 1] Throughput = 0.98540 Mbps
73758[UE 1 | RB 1] Throughput = 1.19618 Mbps
73868[UE 1 | RB 1] Throughput = 1.19927 Mbps
73968[UE 1 | RB 1] Throughput = 0.95697 Mbps
74078[UE 1 | RB 1] Throughput = 1.20093 Mbps
74178[UE 1 | RB 1] Throughput = 0.71849 Mbps
74279[UE 1 | RB 1] Throughput = 1.19154 Mbps
74388[UE 1 | RB 1] Throughput = 1.31266 Mbps
74498[UE 1 | RB 1] Throughput = 0.98201 Mbps
74608[UE 1 | RB 1] Throughput = 0.43536 Mbps
74708[UE 1 | RB 1] Throughput = 1.43208 Mbps
74818[UE 1 | RB 1] Throughput = 1.31178 Mbps
74928[UE 1 | RB 1] Throughput = 0.98187 Mbps
75028[UE 1 | RB 1] Throughput = 1.31301 Mbps
75138[UE 1 | RB 1] Throughput = 1.20246 Mbps
75238[UE 1 | RB 1] Throughput = 1.07820 Mbps
75338[UE 1 | RB 1] Throughput = 0.35917 Mbps
75448[UE 1 | RB 1] Throughput = 1.30895 Mbps
75548[UE 1 | RB 1] Throughput = 1.55052 Mbps
75658[UE 1 | RB 1] Throughput = 0.98508 Mbps
75758[UE 1 | RB 1] Throughput = 0.35780 Mbps
75868[UE 1 | RB 1] Throughput = 1.63713 Mbps
75968[UE 1 | RB 1] Throughput = 0.59898 Mbps
76078[UE 1 | RB 1] Throughput = 1.52789 Mbps
76188[UE 1 | RB 1] Throughput = 0.97972 Mbps
76288[UE 1 | RB 1] Throughput = 1.07789 Mbps
76389[UE 1 | RB 1] Throughput = 0.95315 Mbps
76498[UE 1 | RB 1] Throughput = 0.43798 Mbps
76599[UE 1 | RB 1] Throughput = 1.43288 Mbps
76709[UE 1 | RB 1] Throughput = 1.30679 Mbps
76819[UE 1 | RB 1] Throughput = 1.30899 Mbps
76919[UE 1 | RB 1] Throughput = 1.07790 Mbps
77029[UE 1 | RB 1] Throughput = 0.32675 Mbps
77138[UE 1 | RB 1] Throughput = 1.31172 Mbps
77248[UE 1 | RB 1] Throughput = 1.31063 Mbps
77348[UE 1 | RB 1] Throughput = 0.11942 Mbps
77448[UE 1 | RB 1] Throughput = 1.79738 Mbps
77549[UE 1 | RB 1] Throughput = 1.31026 Mbps
77659[UE 1 | RB 1] Throughput = 1.31216 Mbps
77769[UE 1 | RB 1] Throughput = 0.97776 Mbps
77878[UE 1 | RB 1] Throughput = 0.87726 Mbps
77978[UE 1 | RB 1] Throughput = 1.19592 Mbps
78088[UE 1 | RB 1] Throughput = 0.76367 Mbps
78189[UE 1 | RB 1] Throughput = 1.55071 Mbps
78290[UE 1 | RB 1] Throughput = 0.71147 Mbps
78398[UE 1 | RB 1] Throughput = 1.43652 Mbps
78498[UE 1 | RB 1] Throughput = 0.83773 Mbps
78598[UE 1 | RB 1] Throughput = 1.31778 Mbps
78708[UE 1 | RB 1] Throughput = 0.87096 Mbps
78809[UE 1 | RB 1] Throughput = 1.07549 Mbps
78918[UE 1 | RB 1] Throughput = 1.09549 Mbps
79019[UE 1 | RB 1] Throughput = 1.07405 Mbps
79128[UE 1 | RB 1] Throughput = 0.98308 Mbps
79228[UE 1 | RB 1] Throughput = 1.19663 Mbps
79338[UE 1 | RB 1] Throughput = 0.98213 Mbps
79438[UE 1 | RB 1] Throughput = 1.07537 Mbps
79548[UE 1 | RB 1] Throughput = 1.09029 Mbps
79649[UE 1 | RB 1] Throughput = 1.07686 Mbps
79749[UE 1 | RB 1] Throughput = 1.07180 Mbps
79858[UE 1 | RB 1] Throughput = 0.98806 Mbps
79969[UE 1 | RB 1] Throughput = 1.19535 Mbps
80069[UE 1 | RB 1] Throughput = 0.95852 Mbps
80178[UE 1 | RB 1] Throughput = 1.09279 Mbps
80289[UE 1 | RB 1] Throughput = 1.08656 Mbps
80389[UE 1 | RB 1] Throughput = 1.19563 Mbps
80498[UE 1 | RB 1] Throughput = 0.98651 Mbps
80598[UE 1 | RB 1] Throughput = 1.31774 Mbps
80698[UE 1 | RB 1] Throughput = 0.71729 Mbps
80809[UE 1 | RB 1] Throughput = 1.08780 Mbps
80909[UE 1 | RB 1] Throughput = 1.07718 Mbps
81009[UE 1 | RB 1] Throughput = 1.19518 Mbps
81109[UE 1 | RB 1] Throughput = 0.83839 Mbps
81219[UE 1 | RB 1] Throughput = 1.31256 Mbps
81329[UE 1 | RB 1] Throughput = 1.19679 Mbps
81438[UE 1 | RB 1] Throughput = 0.65795 Mbps
81538[UE 1 | RB 1] Throughput = 1.31279 Mbps
81639[UE 1 | RB 1] Throughput = 0.47753 Mbps
81749[UE 1 | RB 1] Throughput = 1.19706 Mbps
81849[UE 1 | RB 1] Throughput = 1.07830 Mbps
81949[UE 1 | RB 1] Throughput = 1.07821 Mbps
82059[UE 1 | RB 1] Throughput = 1.42172 Mbps
82159[UE 1 | RB 1] Throughput = 0.11941 Mbps
82269[UE 1 | RB 1] Throughput = 1.41703 Mbps
82379[UE 1 | RB 1] Throughput = 1.52726 Mbps
82489[UE 1 | RB 1] Throughput = 1.20078 Mbps
82589[UE 1 | RB 1] Throughput = 1.07192 Mbps
82698[UE 1 | RB 1] Throughput = 0.98703 Mbps
82799[UE 1 | RB 1] Throughput = 1.31753 Mbps
82899[UE 1 | RB 1] Throughput = 0.35843 Mbps
83009[UE 1 | RB 1] Throughput = 1.19955 Mbps
83109[UE 1 | RB 1] Throughput = 1.19692 Mbps
83209[UE 1 | RB 1] Throughput = 1.19522 Mbps
83319[UE 1 | RB 1] Throughput = 0.87451 Mbps
83428[UE 1 | RB 1] Throughput = 1.41976 Mbps
83529[UE 1 | RB 1] Throughput = 0.95288 Mbps
83639[UE 1 | RB 1] Throughput = 1.09057 Mbps
83749[UE 1 | RB 1] Throughput = 1.09165 Mbps
83859[UE 1 | RB 1] Throughput = 0.98179 Mbps
83969[UE 1 | RB 1] Throughput = 1.19638 Mbps
84079[UE 1 | RB 1] Throughput = 1.09054 Mbps
84179[UE 1 | RB 1] Throughput = 1.19767 Mbps
84289[UE 1 | RB 1] Throughput = 0.76245 Mbps
84399[UE 1 | RB 1] Throughput = 1.31051 Mbps
84499[UE 1 | RB 1] Throughput = 0.59647 Mbps
84608[UE 1 | RB 1] Throughput = 0.87546 Mbps
84709[UE 1 | RB 1] Throughput = 1.43664 Mbps
84809[UE 1 | RB 1] Throughput = 1.43716 Mbps
84909[UE 1 | RB 1] Throughput = 0.83887 Mbps
85019[UE 1 | RB 1] Throughput = 1.09026 Mbps
85119[UE 1 | RB 1] Throughput = 0.83766 Mbps
85219[UE 1 | RB 1] Throughput = 1.07646 Mbps
85329[UE 1 | RB 1] Throughput = 1.31054 Mbps
85439[UE 1 | RB 1] Throughput = 0.97939 Mbps
85549[UE 1 | RB 1] Throughput = 1.19767 Mbps
85659[UE 1 | RB 1] Throughput = 1.08974 Mbps
85759[UE 1 | RB 1] Throughput = 0.83744 Mbps
85869[UE 1 | RB 1] Throughput = 1.19993 Mbps
85969[UE 1 | RB 1] Throughput = 1.07854 Mbps
86079[UE 1 | RB 1] Throughput = 0.98172 Mbps
86179[UE 1 | RB 1] Throughput = 0.95816 Mbps
86289[UE 1 | RB 1] Throughput = 1.19827 Mbps
86389[UE 1 | RB 1] Throughput = 0.95869 Mbps
86489[UE 1 | RB 1] Throughput = 1.07855 Mbps
86599[UE 1 | RB 1] Throughput = 1.19762 Mbps
86699[UE 1 | RB 1] Throughput = 1.07630 Mbps
86809[UE 1 | RB 1] Throughput = 1.19995 Mbps
86909[UE 1 | RB 1] Throughput = 0.83428 Mbps
87019[UE 1 | RB 1] Throughput = 1.20523 Mbps
87119[UE 1 | RB 1] Throughput = 0.95812 Mbps
87229[UE 1 | RB 1] Throughput = 1.19499 Mbps
87339[UE 1 | RB 1] Throughput = 1.31031 Mbps
87439[UE 1 | RB 1] Throughput = 0.00000 Mbps
87549[UE 1 | RB 1] Throughput = 1.31003 Mbps
87649[UE 1 | RB 1] Throughput = 1.79192 Mbps
87759[UE 1 | RB 1] Throughput = 0.10909 Mbps
87869[UE 1 | RB 1] Throughput = 1.41376 Mbps
87969[UE 1 | RB 1] Throughput = 1.19792 Mbps
88070[UE 1 | RB 1] Throughput = 1.43324 Mbps
88179[UE 1 | RB 1] Throughput = 0.00000 Mbps
88279[UE 1 | RB 1] Throughput = 1.67731 Mbps
88390[UE 1 | RB 1] Throughput = 1.30085 Mbps
88499[UE 1 | RB 1] Throughput = 1.42707 Mbps
88599[UE 1 | RB 1] Throughput = 1.07563 Mbps
88709[UE 1 | RB 1] Throughput = 0.32635 Mbps
88819[UE 1 | RB 1] Throughput = 1.42035 Mbps
88919[UE 1 | RB 1] Throughput = 1.07736 Mbps
89019[UE 1 | RB 1] Throughput = 1.55727 Mbps
89119[UE 1 | RB 1] Throughput = 0.00000 Mbps
89229[UE 1 | RB 1] Throughput = 1.85538 Mbps
89329[UE 1 | RB 1] Throughput = 1.07800 Mbps
89429[UE 1 | RB 1] Throughput = 0.35829 Mbps
89539[UE 1 | RB 1] Throughput = 1.20438 Mbps
89639[UE 1 | RB 1] Throughput = 1.55359 Mbps
89739[UE 1 | RB 1] Throughput = 1.07810 Mbps
89849[UE 1 | RB 1] Throughput = 0.43500 Mbps
89959[UE 1 | RB 1] Throughput = 1.42076 Mbps
[xApp]: E42 RIC_SUBSCRIPTION_DELETE_REQUEST tx RAN_FUNC_ID 144 RIC_REQ_ID 1 
[xApp]: E42 SUBSCRIPTION DELETE RESPONSE rx
[xApp]: E42 RIC_SUBSCRIPTION_DELETE_REQUEST tx RAN_FUNC_ID 144 RIC_REQ_ID 2 
[xApp]: E42 SUBSCRIPTION DELETE RESPONSE rx
[xApp]: E42 RIC_SUBSCRIPTION_DELETE_REQUEST tx RAN_FUNC_ID 144 RIC_REQ_ID 3 
[xApp]: E42 SUBSCRIPTION DELETE RESPONSE rx
[xApp]: E42 RIC_SUBSCRIPTION_DELETE_REQUEST tx RAN_FUNC_ID 144 RIC_REQ_ID 4 
[xApp]: E42 SUBSCRIPTION DELETE RESPONSE rx
[xApp]: Sucessfully stopped 
Test xApp run SUCCESSFULLY
