------------------------------------------------------------
Server listening on UDP port 5001
UDP buffer size:  208 KByte (default)
------------------------------------------------------------
[  1] local 12.1.1.1 port 5001 connected with 12.1.1.33 port 46417
[  2] local 12.1.1.1 port 5001 connected with 12.1.1.34 port 53117
[  3] local 12.1.1.1 port 5001 connected with 12.1.1.37 port 35745
[  4] local 12.1.1.1 port 5001 connected with 12.1.1.38 port 39569
[  5] local 12.1.1.1 port 5001 connected with 12.1.1.36 port 57449
[  6] local 12.1.1.1 port 5001 connected with 12.1.1.39 port 44405
[  7] local 12.1.1.1 port 5001 connected with 12.1.1.35 port 46860
[  8] local 12.1.1.1 port 5001 connected with 12.1.1.40 port 58904
[  9] local 12.1.1.1 port 5001 connected with 12.1.1.32 port 45152
[ 10] local 12.1.1.1 port 5001 connected with 12.1.1.41 port 48940
[ ID] Interval       Transfer     Bandwidth        Jitter   Lost/Total Datagrams
[  1] 0.0000-1.0000 sec  96.2 KBytes   788 Kbits/sec  14.096 ms 3854/3921 (98%)
[  5] 0.0000-1.0000 sec  96.2 KBytes   788 Kbits/sec  13.684 ms 3908/3975 (98%)
[  2] 0.0000-1.0000 sec  94.7 KBytes   776 Kbits/sec  13.397 ms 3914/3980 (98%)
[  3] 0.0000-1.0000 sec  84.7 KBytes   694 Kbits/sec  15.243 ms 2024/2083 (97%)
[  7] 0.0000-1.0000 sec  91.9 KBytes   753 Kbits/sec  14.107 ms 3877/3941 (98%)
[  4] 0.0000-1.0000 sec  84.7 KBytes   694 Kbits/sec  15.722 ms 2040/2099 (97%)
[  9] 0.0000-1.0000 sec  97.6 KBytes   800 Kbits/sec  13.637 ms 3854/3922 (98%)
[  6] 0.0000-1.0000 sec  84.7 KBytes   694 Kbits/sec  16.294 ms 2027/2086 (97%)
[  8] 0.0000-1.0000 sec  84.7 KBytes   694 Kbits/sec  15.163 ms 2027/2086 (97%)
[ 10] 0.0000-1.0000 sec  84.7 KBytes   694 Kbits/sec  14.773 ms 2055/2114 (97%)
[  2] 1.0000-2.0000 sec  84.7 KBytes   694 Kbits/sec  14.752 ms 0/59 (0%)
[  3] 1.0000-2.0000 sec  74.6 KBytes   612 Kbits/sec  17.301 ms 0/52 (0%)
[  7] 1.0000-2.0000 sec  84.7 KBytes   694 Kbits/sec  15.048 ms 0/59 (0%)
[  4] 1.0000-2.0000 sec  73.2 KBytes   600 Kbits/sec  17.190 ms 0/51 (0%)
[  6] 1.0000-2.0000 sec  77.5 KBytes   635 Kbits/sec  16.652 ms 0/54 (0%)
[  1] 1.0000-2.0000 sec  94.7 KBytes   776 Kbits/sec  14.280 ms 0/66 (0%)
[ 10] 1.0000-2.0000 sec  74.6 KBytes   612 Kbits/sec  18.055 ms 0/52 (0%)
[  8] 1.0000-2.0000 sec  73.2 KBytes   600 Kbits/sec  16.911 ms 0/51 (0%)
[  5] 1.0000-2.0000 sec  94.7 KBytes   776 Kbits/sec  13.810 ms 0/66 (0%)
[  9] 1.0000-2.0000 sec  94.7 KBytes   776 Kbits/sec  13.490 ms 0/66 (0%)
[  3] 2.0000-3.0000 sec  84.7 KBytes   694 Kbits/sec  13.475 ms 0/59 (0%)
[  4] 2.0000-3.0000 sec  84.7 KBytes   694 Kbits/sec  13.218 ms 0/59 (0%)
[  1] 2.0000-3.0000 sec  86.1 KBytes   706 Kbits/sec  14.377 ms 0/60 (0%)
[  2] 2.0000-3.0000 sec  97.6 KBytes   800 Kbits/sec  14.389 ms 0/68 (0%)
[  8] 2.0000-3.0000 sec  84.7 KBytes   694 Kbits/sec  13.406 ms 0/59 (0%)
[  5] 2.0000-3.0000 sec  84.7 KBytes   694 Kbits/sec  14.582 ms 0/59 (0%)
[  7] 2.0000-3.0000 sec  96.2 KBytes   788 Kbits/sec  14.762 ms 0/67 (0%)
[  9] 2.0000-3.0000 sec  84.7 KBytes   694 Kbits/sec  13.882 ms 0/59 (0%)
[  6] 2.0000-3.0000 sec  93.3 KBytes   764 Kbits/sec  13.327 ms 0/65 (0%)
[ 10] 2.0000-3.0000 sec  94.7 KBytes   776 Kbits/sec  12.999 ms 0/66 (0%)
[  3] 3.0000-4.0000 sec  73.2 KBytes   600 Kbits/sec  17.087 ms 0/51 (0%)
[  1] 3.0000-4.0000 sec  74.6 KBytes   612 Kbits/sec  17.506 ms 0/52 (0%)
[  4] 3.0000-4.0000 sec  76.1 KBytes   623 Kbits/sec  17.753 ms 0/53 (0%)
[  2] 3.0000-4.0000 sec  73.2 KBytes   600 Kbits/sec  16.331 ms 0/51 (0%)
[  6] 3.0000-4.0000 sec  64.6 KBytes   529 Kbits/sec  17.529 ms 0/45 (0%)
[  5] 3.0000-4.0000 sec  76.1 KBytes   623 Kbits/sec  16.622 ms 0/53 (0%)
[  8] 3.0000-4.0000 sec  74.6 KBytes   612 Kbits/sec  17.991 ms 0/52 (0%)
[  7] 3.0000-4.0000 sec  73.2 KBytes   600 Kbits/sec  16.995 ms 0/51 (0%)
[  9] 3.0000-4.0000 sec  74.6 KBytes   612 Kbits/sec  16.385 ms 0/52 (0%)
[ 10] 3.0000-4.0000 sec  64.6 KBytes   529 Kbits/sec  17.696 ms 0/45 (0%)
[  4] 4.0000-5.0000 sec  74.6 KBytes   612 Kbits/sec  23.478 ms 0/52 (0%)
[  1] 4.0000-5.0000 sec  84.7 KBytes   694 Kbits/sec  15.065 ms 0/59 (0%)
[  8] 4.0000-5.0000 sec  73.2 KBytes   600 Kbits/sec  16.211 ms 0/51 (0%)
[  5] 4.0000-5.0000 sec  84.7 KBytes   694 Kbits/sec  14.962 ms 0/59 (0%)
[  2] 4.0000-5.0000 sec  84.7 KBytes   694 Kbits/sec  14.341 ms 0/59 (0%)
[  3] 4.0000-5.0000 sec  84.7 KBytes   694 Kbits/sec  15.861 ms 0/59 (0%)
[  9] 4.0000-5.0000 sec  86.1 KBytes   706 Kbits/sec  14.366 ms 0/60 (0%)
[  7] 4.0000-5.0000 sec  84.7 KBytes   694 Kbits/sec  15.360 ms 0/59 (0%)
[  6] 4.0000-5.0000 sec  84.7 KBytes   694 Kbits/sec  15.100 ms 0/59 (0%)
[ 10] 4.0000-5.0000 sec  84.7 KBytes   694 Kbits/sec  15.732 ms 0/59 (0%)
[  3] 5.0000-6.0000 sec  76.1 KBytes   623 Kbits/sec  15.672 ms 0/53 (0%)
[  2] 5.0000-6.0000 sec  73.2 KBytes   600 Kbits/sec  15.670 ms 0/51 (0%)
[  1] 5.0000-6.0000 sec  74.6 KBytes   612 Kbits/sec  16.316 ms 0/52 (0%)
[  6] 5.0000-6.0000 sec  74.6 KBytes   612 Kbits/sec  15.624 ms 0/52 (0%)
[  8] 5.0000-6.0000 sec  86.1 KBytes   706 Kbits/sec  15.173 ms 0/60 (0%)
[  5] 5.0000-6.0000 sec  73.2 KBytes   600 Kbits/sec  16.700 ms 0/51 (0%)
[ 10] 5.0000-6.0000 sec  76.1 KBytes   623 Kbits/sec  16.041 ms 0/53 (0%)
[  9] 5.0000-6.0000 sec  73.2 KBytes   600 Kbits/sec  15.931 ms 0/51 (0%)
[  7] 5.0000-6.0000 sec  77.5 KBytes   635 Kbits/sec  14.903 ms 0/54 (0%)
[  4] 5.0000-6.0000 sec  93.3 KBytes   764 Kbits/sec  15.864 ms 0/65 (0%)
[  4] 6.0000-7.0000 sec  74.6 KBytes   612 Kbits/sec  15.787 ms 0/52 (0%)
[  6] 6.0000-7.0000 sec  86.1 KBytes   706 Kbits/sec  15.082 ms 0/60 (0%)
[  7] 6.0000-7.0000 sec  74.6 KBytes   612 Kbits/sec  15.498 ms 0/52 (0%)
[  3] 6.0000-7.0000 sec  84.7 KBytes   694 Kbits/sec  16.142 ms 0/59 (0%)
[  1] 6.0000-7.0000 sec  83.3 KBytes   682 Kbits/sec  15.933 ms 0/58 (0%)
[  8] 6.0000-7.0000 sec  84.7 KBytes   694 Kbits/sec  15.592 ms 0/59 (0%)
[  2] 6.0000-7.0000 sec  87.6 KBytes   717 Kbits/sec  14.785 ms 0/61 (0%)
[ 10] 6.0000-7.0000 sec  84.7 KBytes   694 Kbits/sec  15.643 ms 0/59 (0%)
[  5] 6.0000-7.0000 sec  84.7 KBytes   694 Kbits/sec  15.284 ms 0/59 (0%)
[  9] 6.0000-7.0000 sec  84.7 KBytes   694 Kbits/sec  15.296 ms 0/59 (0%)
[  1] 7.0000-8.0000 sec  77.5 KBytes   635 Kbits/sec  15.769 ms 0/54 (0%)
[  3] 7.0000-8.0000 sec  76.1 KBytes   623 Kbits/sec  16.682 ms 0/53 (0%)
[  4] 7.0000-8.0000 sec  73.2 KBytes   600 Kbits/sec  16.403 ms 0/51 (0%)
[  5] 7.0000-8.0000 sec  76.1 KBytes   623 Kbits/sec  17.028 ms 0/53 (0%)
[  2] 7.0000-8.0000 sec  73.2 KBytes   600 Kbits/sec  15.862 ms 0/51 (0%)
[  6] 7.0000-8.0000 sec  73.2 KBytes   600 Kbits/sec  16.318 ms 0/51 (0%)
[  9] 7.0000-8.0000 sec  73.2 KBytes   600 Kbits/sec  16.647 ms 0/51 (0%)
[  7] 7.0000-8.0000 sec  84.7 KBytes   694 Kbits/sec  17.347 ms 0/59 (0%)
[  8] 7.0000-8.0000 sec  74.6 KBytes   612 Kbits/sec  17.386 ms 0/52 (0%)
[ 10] 7.0000-8.0000 sec  73.2 KBytes   600 Kbits/sec  16.453 ms 0/51 (0%)
[  4] 8.0000-9.0000 sec  74.6 KBytes   612 Kbits/sec  17.638 ms 0/52 (0%)
[  1] 8.0000-9.0000 sec  84.7 KBytes   694 Kbits/sec  14.493 ms 0/59 (0%)
[  3] 8.0000-9.0000 sec  73.2 KBytes   600 Kbits/sec  17.085 ms 0/51 (0%)
[  6] 8.0000-9.0000 sec  74.6 KBytes   612 Kbits/sec  16.873 ms 0/52 (0%)
[  2] 8.0000-9.0000 sec  84.7 KBytes   694 Kbits/sec  14.618 ms 0/59 (0%)
[ 10] 8.0000-9.0000 sec  76.1 KBytes   623 Kbits/sec  15.947 ms 0/53 (0%)
[  8] 8.0000-9.0000 sec  71.8 KBytes   588 Kbits/sec  17.335 ms 0/50 (0%)
[  5] 8.0000-9.0000 sec  84.7 KBytes   694 Kbits/sec  15.345 ms 0/59 (0%)
[  9] 8.0000-9.0000 sec  84.7 KBytes   694 Kbits/sec  14.747 ms 0/59 (0%)
[  7] 8.0000-9.0000 sec  86.1 KBytes   706 Kbits/sec  14.724 ms 0/60 (0%)
[  3] 9.0000-10.0000 sec  66.0 KBytes   541 Kbits/sec  29.620 ms 0/46 (0%)
[  2] 9.0000-10.0000 sec  96.2 KBytes   788 Kbits/sec  12.528 ms 0/67 (0%)
[  1] 9.0000-10.0000 sec  93.3 KBytes   764 Kbits/sec  12.832 ms 0/65 (0%)
[  8] 9.0000-10.0000 sec  66.0 KBytes   541 Kbits/sec  29.396 ms 0/46 (0%)
[  5] 9.0000-10.0000 sec  94.7 KBytes   776 Kbits/sec  12.358 ms 0/66 (0%)
[  7] 9.0000-10.0000 sec  94.7 KBytes   776 Kbits/sec  12.125 ms 0/66 (0%)
[  4] 9.0000-10.0000 sec  73.2 KBytes   600 Kbits/sec  20.287 ms 0/51 (0%)
[  6] 9.0000-10.0000 sec  73.2 KBytes   600 Kbits/sec  19.777 ms 0/51 (0%)
[  9] 9.0000-10.0000 sec   105 KBytes   858 Kbits/sec  12.612 ms 0/73 (0%)
[ 10] 9.0000-10.0000 sec  73.2 KBytes   600 Kbits/sec  18.793 ms 0/51 (0%)
[  2] 10.0000-11.0000 sec  94.7 KBytes   776 Kbits/sec  12.889 ms 0/66 (0%)
[  4] 10.0000-11.0000 sec  64.6 KBytes   529 Kbits/sec  18.501 ms 0/45 (0%)
[  3] 10.0000-11.0000 sec  73.2 KBytes   600 Kbits/sec  18.453 ms 0/51 (0%)
[  1] 10.0000-11.0000 sec   106 KBytes   870 Kbits/sec  12.719 ms 0/74 (0%)
[  6] 10.0000-11.0000 sec  63.2 KBytes   517 Kbits/sec  18.785 ms 0/44 (0%)
[  5] 10.0000-11.0000 sec   106 KBytes   870 Kbits/sec  12.669 ms 0/74 (0%)
[  9] 10.0000-11.0000 sec  97.6 KBytes   800 Kbits/sec  12.475 ms 0/68 (0%)
[  8] 10.0000-11.0000 sec  73.2 KBytes   600 Kbits/sec  18.042 ms 0/51 (0%)
[  7] 10.0000-11.0000 sec   106 KBytes   870 Kbits/sec  12.553 ms 0/74 (0%)
[ 10] 10.0000-11.0000 sec  63.2 KBytes   517 Kbits/sec  17.632 ms 0/44 (0%)
[  2] 11.0000-12.0000 sec   108 KBytes   882 Kbits/sec  17.956 ms 0/75 (0%)
[  4] 11.0000-12.0000 sec  76.1 KBytes   623 Kbits/sec  17.019 ms 0/53 (0%)
[  1] 11.0000-12.0000 sec   106 KBytes   870 Kbits/sec  11.879 ms 0/74 (0%)
[  5] 11.0000-12.0000 sec   106 KBytes   870 Kbits/sec  11.718 ms 0/74 (0%)
[  9] 11.0000-12.0000 sec   106 KBytes   870 Kbits/sec  12.397 ms 0/74 (0%)
[  6] 11.0000-12.0000 sec  76.1 KBytes   623 Kbits/sec  16.968 ms 0/53 (0%)
[  3] 11.0000-12.0000 sec  73.2 KBytes   600 Kbits/sec  17.072 ms 0/51 (0%)
[  7] 11.0000-12.0000 sec   105 KBytes   858 Kbits/sec  12.561 ms 0/73 (0%)
[  8] 11.0000-12.0000 sec  73.2 KBytes   600 Kbits/sec  16.630 ms 0/51 (0%)
[ 10] 11.0000-12.0000 sec  74.6 KBytes   612 Kbits/sec  17.643 ms 0/52 (0%)
[  1] 12.0000-13.0000 sec  97.6 KBytes   800 Kbits/sec  12.792 ms 0/68 (0%)
[  2] 12.0000-13.0000 sec   105 KBytes   858 Kbits/sec  13.156 ms 0/73 (0%)
[  5] 12.0000-13.0000 sec  97.6 KBytes   800 Kbits/sec  12.711 ms 0/68 (0%)
[  4] 12.0000-13.0000 sec  63.2 KBytes   517 Kbits/sec  20.593 ms 0/44 (0%)
[  9] 12.0000-13.0000 sec  94.7 KBytes   776 Kbits/sec  12.869 ms 0/66 (0%)
[  3] 12.0000-13.0000 sec  63.2 KBytes   517 Kbits/sec  20.817 ms 0/44 (0%)
[  6] 12.0000-13.0000 sec  64.6 KBytes   529 Kbits/sec  18.871 ms 0/45 (0%)
[  7] 12.0000-13.0000 sec  96.2 KBytes   788 Kbits/sec  13.361 ms 0/67 (0%)
[  8] 12.0000-13.0000 sec  63.2 KBytes   517 Kbits/sec  19.286 ms 0/44 (0%)
[ 10] 12.0000-13.0000 sec  64.6 KBytes   529 Kbits/sec  18.695 ms 0/45 (0%)
[  2] 13.0000-14.0000 sec  96.2 KBytes   788 Kbits/sec  14.059 ms 0/67 (0%)
[  1] 13.0000-14.0000 sec  94.7 KBytes   776 Kbits/sec  13.505 ms 0/66 (0%)
[  4] 13.0000-14.0000 sec  84.7 KBytes   694 Kbits/sec  15.600 ms 0/59 (0%)
[  5] 13.0000-14.0000 sec  93.3 KBytes   764 Kbits/sec  13.951 ms 0/65 (0%)
[  9] 13.0000-14.0000 sec  96.2 KBytes   788 Kbits/sec  13.943 ms 0/67 (0%)
[  3] 13.0000-14.0000 sec  84.7 KBytes   694 Kbits/sec  16.003 ms 0/59 (0%)
[  6] 13.0000-14.0000 sec  84.7 KBytes   694 Kbits/sec  15.283 ms 0/59 (0%)
[  7] 13.0000-14.0000 sec  94.7 KBytes   776 Kbits/sec  14.312 ms 0/66 (0%)
[  8] 13.0000-14.0000 sec  84.7 KBytes   694 Kbits/sec  15.641 ms 0/59 (0%)
[ 10] 13.0000-14.0000 sec  84.7 KBytes   694 Kbits/sec  15.483 ms 0/59 (0%)
[  1] 14.0000-15.0000 sec  84.7 KBytes   694 Kbits/sec  14.790 ms 0/59 (0%)
[  2] 14.0000-15.0000 sec  84.7 KBytes   694 Kbits/sec  15.488 ms 0/59 (0%)
[  8] 14.0000-15.0000 sec  77.5 KBytes   635 Kbits/sec  14.828 ms 0/54 (0%)
[  5] 14.0000-15.0000 sec  84.7 KBytes   694 Kbits/sec  16.038 ms 0/59 (0%)
[  4] 14.0000-15.0000 sec  84.7 KBytes   694 Kbits/sec  16.160 ms 0/59 (0%)
[  9] 14.0000-15.0000 sec  84.7 KBytes   694 Kbits/sec  15.674 ms 0/59 (0%)
[  7] 14.0000-15.0000 sec  86.1 KBytes   706 Kbits/sec  15.444 ms 0/60 (0%)
[  3] 14.0000-15.0000 sec  84.7 KBytes   694 Kbits/sec  16.894 ms 0/59 (0%)
[  6] 14.0000-15.0000 sec  84.7 KBytes   694 Kbits/sec  16.055 ms 0/59 (0%)
[ 10] 14.0000-15.0000 sec  81.8 KBytes   670 Kbits/sec  15.894 ms 0/57 (0%)
[  7] 15.0000-16.0000 sec  63.2 KBytes   517 Kbits/sec  18.312 ms 0/44 (0%)
[  1] 15.0000-16.0000 sec  74.6 KBytes   612 Kbits/sec  18.221 ms 0/52 (0%)
[  3] 15.0000-16.0000 sec  77.5 KBytes   635 Kbits/sec  15.710 ms 0/54 (0%)
[  4] 15.0000-16.0000 sec  73.2 KBytes   600 Kbits/sec  15.866 ms 0/51 (0%)
[  2] 15.0000-16.0000 sec  73.2 KBytes   600 Kbits/sec  18.120 ms 0/51 (0%)
[  5] 15.0000-16.0000 sec  76.1 KBytes   623 Kbits/sec  18.369 ms 0/53 (0%)
[ 10] 15.0000-16.0000 sec  73.2 KBytes   600 Kbits/sec  15.860 ms 0/51 (0%)
[  9] 15.0000-16.0000 sec  73.2 KBytes   600 Kbits/sec  18.445 ms 0/51 (0%)
[  6] 15.0000-16.0000 sec  76.1 KBytes   623 Kbits/sec  16.287 ms 0/53 (0%)
[  8] 15.0000-16.0000 sec  84.7 KBytes   694 Kbits/sec  15.592 ms 0/59 (0%)
[  7] 16.0000-17.0000 sec  84.7 KBytes   694 Kbits/sec  16.190 ms 0/59 (0%)
[  8] 16.0000-17.0000 sec  63.2 KBytes   517 Kbits/sec  16.210 ms 0/44 (0%)
[  4] 16.0000-17.0000 sec  76.1 KBytes   623 Kbits/sec  15.712 ms 0/53 (0%)
[  1] 16.0000-17.0000 sec  84.7 KBytes   694 Kbits/sec  15.688 ms 0/59 (0%)
[  5] 16.0000-17.0000 sec  84.7 KBytes   694 Kbits/sec  15.685 ms 0/59 (0%)
[  3] 16.0000-17.0000 sec  70.3 KBytes   576 Kbits/sec  16.264 ms 0/49 (0%)
[  2] 16.0000-17.0000 sec  84.7 KBytes   694 Kbits/sec  15.930 ms 0/59 (0%)
[ 10] 16.0000-17.0000 sec  74.6 KBytes   612 Kbits/sec  16.823 ms 0/52 (0%)
[  9] 16.0000-17.0000 sec  86.1 KBytes   706 Kbits/sec  15.070 ms 0/60 (0%)
[  6] 16.0000-17.0000 sec  73.2 KBytes   600 Kbits/sec  17.223 ms 0/51 (0%)
[  2] 17.0000-18.0000 sec  76.1 KBytes   623 Kbits/sec  17.108 ms 0/53 (0%)
[  1] 17.0000-18.0000 sec  73.2 KBytes   600 Kbits/sec  17.214 ms 0/51 (0%)
[  8] 17.0000-18.0000 sec  84.7 KBytes   694 Kbits/sec  15.285 ms 0/59 (0%)
[  4] 17.0000-18.0000 sec  84.7 KBytes   694 Kbits/sec  15.501 ms 0/59 (0%)
[  9] 17.0000-18.0000 sec  74.6 KBytes   612 Kbits/sec  17.236 ms 0/52 (0%)
[  5] 17.0000-18.0000 sec  73.2 KBytes   600 Kbits/sec  16.439 ms 0/51 (0%)
[  3] 17.0000-18.0000 sec  84.7 KBytes   694 Kbits/sec  15.363 ms 0/59 (0%)
[ 10] 17.0000-18.0000 sec  84.7 KBytes   694 Kbits/sec  15.317 ms 0/59 (0%)
[  7] 17.0000-18.0000 sec  84.7 KBytes   694 Kbits/sec  17.432 ms 0/59 (0%)
[  6] 17.0000-18.0000 sec  84.7 KBytes   694 Kbits/sec  15.617 ms 0/59 (0%)
[  1] 18.0000-19.0000 sec  86.1 KBytes   706 Kbits/sec  15.039 ms 0/60 (0%)
[  3] 18.0000-19.0000 sec  76.1 KBytes   623 Kbits/sec  16.270 ms 0/53 (0%)
[  4] 18.0000-19.0000 sec  73.2 KBytes   600 Kbits/sec  16.884 ms 0/51 (0%)
[  2] 18.0000-19.0000 sec  84.7 KBytes   694 Kbits/sec  15.382 ms 0/59 (0%)
[  9] 18.0000-19.0000 sec  84.7 KBytes   694 Kbits/sec  14.868 ms 0/59 (0%)
[  5] 18.0000-19.0000 sec  84.7 KBytes   694 Kbits/sec  15.003 ms 0/59 (0%)
[ 10] 18.0000-19.0000 sec  73.2 KBytes   600 Kbits/sec  16.224 ms 0/51 (0%)
[  6] 18.0000-19.0000 sec  76.1 KBytes   623 Kbits/sec  16.225 ms 0/53 (0%)
[  7] 18.0000-19.0000 sec  84.7 KBytes   694 Kbits/sec  15.104 ms 0/59 (0%)
[  8] 18.0000-19.0000 sec  86.1 KBytes   706 Kbits/sec  15.858 ms 0/60 (0%)
[  3] 19.0000-20.0000 sec  73.2 KBytes   600 Kbits/sec  16.583 ms 0/51 (0%)
[  1] 19.0000-20.0000 sec  84.7 KBytes   694 Kbits/sec  14.346 ms 0/59 (0%)
[  2] 19.0000-20.0000 sec  84.7 KBytes   694 Kbits/sec  15.372 ms 0/59 (0%)
[  6] 19.0000-20.0000 sec  73.2 KBytes   600 Kbits/sec  16.025 ms 0/51 (0%)
[  8] 19.0000-20.0000 sec  74.6 KBytes   612 Kbits/sec  16.571 ms 0/52 (0%)
[  5] 19.0000-20.0000 sec  86.1 KBytes   706 Kbits/sec  14.441 ms 0/60 (0%)
[  9] 19.0000-20.0000 sec  84.7 KBytes   694 Kbits/sec  14.957 ms 0/59 (0%)
[  4] 19.0000-20.0000 sec  84.7 KBytes   694 Kbits/sec  16.791 ms 0/59 (0%)
[  7] 19.0000-20.0000 sec  86.1 KBytes   706 Kbits/sec  14.968 ms 0/60 (0%)
[ 10] 19.0000-20.0000 sec  84.7 KBytes   694 Kbits/sec  16.760 ms 0/59 (0%)
[  2] 20.0000-21.0000 sec  76.1 KBytes   623 Kbits/sec  22.252 ms 0/53 (0%)
[  8] 20.0000-21.0000 sec  73.2 KBytes   600 Kbits/sec  15.960 ms 0/51 (0%)
[  4] 20.0000-21.0000 sec  76.1 KBytes   623 Kbits/sec  15.885 ms 0/53 (0%)
[  1] 20.0000-21.0000 sec  84.7 KBytes   694 Kbits/sec  15.270 ms 0/59 (0%)
[ 10] 20.0000-21.0000 sec  76.1 KBytes   623 Kbits/sec  16.176 ms 0/53 (0%)
[  3] 20.0000-21.0000 sec  84.7 KBytes   694 Kbits/sec  15.366 ms 0/59 (0%)
[  9] 20.0000-21.0000 sec  86.1 KBytes   706 Kbits/sec  14.594 ms 0/60 (0%)
[  5] 20.0000-21.0000 sec  84.7 KBytes   694 Kbits/sec  15.220 ms 0/59 (0%)
[  6] 20.0000-21.0000 sec  84.7 KBytes   694 Kbits/sec  15.877 ms 0/59 (0%)
[  7] 20.0000-21.0000 sec  84.7 KBytes   694 Kbits/sec  15.454 ms 0/59 (0%)
[  3] 21.0000-22.0000 sec  74.6 KBytes   612 Kbits/sec  16.455 ms 0/52 (0%)
[  4] 21.0000-22.0000 sec  73.2 KBytes   600 Kbits/sec  15.843 ms 0/51 (0%)
[  1] 21.0000-22.0000 sec  84.7 KBytes   694 Kbits/sec  14.597 ms 0/59 (0%)
[ 10] 21.0000-22.0000 sec  73.2 KBytes   600 Kbits/sec  16.592 ms 0/51 (0%)
[  2] 21.0000-22.0000 sec  94.7 KBytes   776 Kbits/sec  14.263 ms 0/66 (0%)
[  6] 21.0000-22.0000 sec  76.1 KBytes   623 Kbits/sec  16.521 ms 0/53 (0%)
[  8] 21.0000-22.0000 sec  84.7 KBytes   694 Kbits/sec  16.433 ms 0/59 (0%)
[  5] 21.0000-22.0000 sec  84.7 KBytes   694 Kbits/sec  14.378 ms 0/59 (0%)
[  9] 21.0000-22.0000 sec  84.7 KBytes   694 Kbits/sec  14.160 ms 0/59 (0%)
[  7] 21.0000-22.0000 sec  84.7 KBytes   694 Kbits/sec  15.165 ms 0/59 (0%)
[  5] 22.0000-23.0000 sec  66.0 KBytes   541 Kbits/sec  24.526 ms 0/46 (0%)
[  4] 22.0000-23.0000 sec  76.1 KBytes   623 Kbits/sec  17.260 ms 0/53 (0%)
[  7] 22.0000-23.0000 sec  64.6 KBytes   529 Kbits/sec  17.143 ms 0/45 (0%)
[  1] 22.0000-23.0000 sec  76.1 KBytes   623 Kbits/sec  16.631 ms 0/53 (0%)
[  3] 22.0000-23.0000 sec  73.2 KBytes   600 Kbits/sec  18.090 ms 0/51 (0%)
[ 10] 22.0000-23.0000 sec  76.1 KBytes   623 Kbits/sec  17.873 ms 0/53 (0%)
[  2] 22.0000-23.0000 sec  73.2 KBytes   600 Kbits/sec  17.500 ms 0/51 (0%)
[  6] 22.0000-23.0000 sec  73.2 KBytes   600 Kbits/sec  17.736 ms 0/51 (0%)
[  8] 22.0000-23.0000 sec  74.6 KBytes   612 Kbits/sec  18.754 ms 0/52 (0%)
[  9] 22.0000-23.0000 sec  73.2 KBytes   600 Kbits/sec  17.454 ms 0/51 (0%)
[  3] 23.0000-24.0000 sec  64.6 KBytes   529 Kbits/sec  17.634 ms 0/45 (0%)
[  1] 23.0000-24.0000 sec  71.8 KBytes   588 Kbits/sec  15.001 ms 0/50 (0%)
[  2] 23.0000-24.0000 sec  76.1 KBytes   623 Kbits/sec  15.245 ms 0/53 (0%)
[  6] 23.0000-24.0000 sec  63.2 KBytes   517 Kbits/sec  17.566 ms 0/44 (0%)
[  8] 23.0000-24.0000 sec  66.0 KBytes   541 Kbits/sec  17.231 ms 0/46 (0%)
[  5] 23.0000-24.0000 sec  81.8 KBytes   670 Kbits/sec  15.470 ms 0/57 (0%)
[  7] 23.0000-24.0000 sec  84.7 KBytes   694 Kbits/sec  15.670 ms 0/59 (0%)
[  4] 23.0000-24.0000 sec  73.2 KBytes   600 Kbits/sec  17.581 ms 0/51 (0%)
[ 10] 23.0000-24.0000 sec  73.2 KBytes   600 Kbits/sec  17.350 ms 0/51 (0%)
[  9] 23.0000-24.0000 sec  84.7 KBytes   694 Kbits/sec  15.589 ms 0/59 (0%)
[  3] 24.0000-25.0000 sec  84.7 KBytes   694 Kbits/sec  16.244 ms 0/59 (0%)
[  6] 24.0000-25.0000 sec  84.7 KBytes   694 Kbits/sec  15.820 ms 0/59 (0%)
[  1] 24.0000-25.0000 sec  86.1 KBytes   706 Kbits/sec  16.532 ms 0/60 (0%)
[  8] 24.0000-25.0000 sec  84.7 KBytes   694 Kbits/sec  15.376 ms 0/59 (0%)
[  2] 24.0000-25.0000 sec  84.7 KBytes   694 Kbits/sec  16.816 ms 0/59 (0%)
[  9] 24.0000-25.0000 sec  74.6 KBytes   612 Kbits/sec  17.121 ms 0/52 (0%)
[  5] 24.0000-25.0000 sec  86.1 KBytes   706 Kbits/sec  16.346 ms 0/60 (0%)
[  4] 24.0000-25.0000 sec  84.7 KBytes   694 Kbits/sec  15.831 ms 0/59 (0%)
[  7] 24.0000-25.0000 sec  84.7 KBytes   694 Kbits/sec  16.551 ms 0/59 (0%)
[ 10] 24.0000-25.0000 sec  84.7 KBytes   694 Kbits/sec  15.645 ms 0/59 (0%)
[  3] 25.0000-26.0000 sec  84.7 KBytes   694 Kbits/sec  15.211 ms 0/59 (0%)
[  7] 25.0000-26.0000 sec  64.6 KBytes   529 Kbits/sec  17.616 ms 0/45 (0%)
[  1] 25.0000-26.0000 sec  74.6 KBytes   612 Kbits/sec  18.758 ms 0/52 (0%)
[  6] 25.0000-26.0000 sec  84.7 KBytes   694 Kbits/sec  14.772 ms 0/59 (0%)
[  8] 25.0000-26.0000 sec  84.7 KBytes   694 Kbits/sec  14.855 ms 0/59 (0%)
[  2] 25.0000-26.0000 sec  73.2 KBytes   600 Kbits/sec  17.622 ms 0/51 (0%)
[  5] 25.0000-26.0000 sec  74.6 KBytes   612 Kbits/sec  18.221 ms 0/52 (0%)
[  4] 25.0000-26.0000 sec  84.7 KBytes   694 Kbits/sec  14.542 ms 0/59 (0%)
[ 10] 25.0000-26.0000 sec  84.7 KBytes   694 Kbits/sec  15.211 ms 0/59 (0%)
[  9] 25.0000-26.0000 sec  73.2 KBytes   600 Kbits/sec  18.371 ms 0/51 (0%)
[  1] 26.0000-27.0000 sec  74.6 KBytes   612 Kbits/sec  22.698 ms 0/52 (0%)
[  4] 26.0000-27.0000 sec  74.6 KBytes   612 Kbits/sec  15.343 ms 0/52 (0%)
[  7] 26.0000-27.0000 sec  84.7 KBytes   694 Kbits/sec  14.065 ms 0/59 (0%)
[  3] 26.0000-27.0000 sec  84.7 KBytes   694 Kbits/sec  15.707 ms 0/59 (0%)
[ 10] 26.0000-27.0000 sec  76.1 KBytes   623 Kbits/sec  14.708 ms 0/53 (0%)
[  5] 26.0000-27.0000 sec  84.7 KBytes   694 Kbits/sec  15.489 ms 0/59 (0%)
[  2] 26.0000-27.0000 sec  84.7 KBytes   694 Kbits/sec  14.822 ms 0/59 (0%)
[  9] 26.0000-27.0000 sec  84.7 KBytes   694 Kbits/sec  16.037 ms 0/59 (0%)
[  6] 26.0000-27.0000 sec  86.1 KBytes   706 Kbits/sec  15.092 ms 0/60 (0%)
[  8] 26.0000-27.0000 sec  84.7 KBytes   694 Kbits/sec  15.853 ms 0/59 (0%)
[  3] 27.0000-28.0000 sec  64.6 KBytes   529 Kbits/sec  16.733 ms 0/45 (0%)
[  6] 27.0000-28.0000 sec  63.2 KBytes   517 Kbits/sec  17.639 ms 0/44 (0%)
[  9] 27.0000-28.0000 sec  79.0 KBytes   647 Kbits/sec  22.336 ms 0/55 (0%)
[  8] 27.0000-28.0000 sec  63.2 KBytes   517 Kbits/sec  16.799 ms 0/44 (0%)
[  1] 27.0000-28.0000 sec  94.7 KBytes   776 Kbits/sec  15.678 ms 0/66 (0%)
[  4] 27.0000-28.0000 sec  73.2 KBytes   600 Kbits/sec  17.088 ms 0/51 (0%)
[  2] 27.0000-28.0000 sec  84.7 KBytes   694 Kbits/sec  14.809 ms 0/59 (0%)
[  5] 27.0000-28.0000 sec  84.7 KBytes   694 Kbits/sec  15.158 ms 0/59 (0%)
[ 10] 27.0000-28.0000 sec  73.2 KBytes   600 Kbits/sec  16.405 ms 0/51 (0%)
[  7] 27.0000-28.0000 sec  93.3 KBytes   764 Kbits/sec  15.590 ms 0/65 (0%)
[  4] 28.0000-29.0000 sec  76.1 KBytes   623 Kbits/sec  14.723 ms 0/53 (0%)
[  3] 28.0000-29.0000 sec  84.7 KBytes   694 Kbits/sec  14.443 ms 0/59 (0%)
[  1] 28.0000-29.0000 sec  73.2 KBytes   600 Kbits/sec  15.699 ms 0/51 (0%)
[  2] 28.0000-29.0000 sec  76.1 KBytes   623 Kbits/sec  14.831 ms 0/53 (0%)
[  6] 28.0000-29.0000 sec  81.8 KBytes   670 Kbits/sec  16.355 ms 0/57 (0%)
[  7] 28.0000-29.0000 sec  76.1 KBytes   623 Kbits/sec  14.558 ms 0/53 (0%)
[  5] 28.0000-29.0000 sec  73.2 KBytes   600 Kbits/sec  14.657 ms 0/51 (0%)
[  8] 28.0000-29.0000 sec  84.7 KBytes   694 Kbits/sec  14.665 ms 0/59 (0%)
[  9] 28.0000-29.0000 sec  83.3 KBytes   682 Kbits/sec  14.156 ms 0/58 (0%)
[ 10] 28.0000-29.0000 sec  84.7 KBytes   694 Kbits/sec  14.568 ms 0/59 (0%)
[  8] 29.0000-30.0000 sec  73.2 KBytes   600 Kbits/sec  15.652 ms 0/51 (0%)
[  2] 29.0000-30.0000 sec  84.7 KBytes   694 Kbits/sec  15.574 ms 0/59 (0%)
[  1] 29.0000-30.0000 sec  86.1 KBytes   706 Kbits/sec  14.939 ms 0/60 (0%)
[  4] 29.0000-30.0000 sec  84.7 KBytes   694 Kbits/sec  15.981 ms 0/59 (0%)
[  7] 29.0000-30.0000 sec  84.7 KBytes   694 Kbits/sec  15.839 ms 0/59 (0%)
[  5] 29.0000-30.0000 sec  84.7 KBytes   694 Kbits/sec  16.053 ms 0/59 (0%)
[  3] 29.0000-30.0000 sec  86.1 KBytes   706 Kbits/sec  14.907 ms 0/60 (0%)
[ 10] 29.0000-30.0000 sec  74.6 KBytes   612 Kbits/sec  15.877 ms 0/52 (0%)
[  9] 29.0000-30.0000 sec  84.7 KBytes   694 Kbits/sec  15.615 ms 0/59 (0%)
[  6] 29.0000-30.0000 sec  86.1 KBytes   706 Kbits/sec  16.068 ms 0/60 (0%)
[  3] 30.0000-31.0000 sec  63.2 KBytes   517 Kbits/sec  16.666 ms 0/44 (0%)
[  2] 30.0000-31.0000 sec  84.7 KBytes   694 Kbits/sec  14.197 ms 0/59 (0%)
[  1] 30.0000-31.0000 sec  84.7 KBytes   694 Kbits/sec  13.995 ms 0/59 (0%)
[  6] 30.0000-31.0000 sec  64.6 KBytes   529 Kbits/sec  16.692 ms 0/45 (0%)
[  7] 30.0000-31.0000 sec  84.7 KBytes   694 Kbits/sec  14.413 ms 0/59 (0%)
[  5] 30.0000-31.0000 sec  87.6 KBytes   717 Kbits/sec  21.187 ms 0/61 (0%)
[  8] 30.0000-31.0000 sec  76.1 KBytes   623 Kbits/sec  17.459 ms 0/53 (0%)
[  9] 30.0000-31.0000 sec  87.6 KBytes   717 Kbits/sec  20.779 ms 0/61 (0%)
[  4] 30.0000-31.0000 sec  73.2 KBytes   600 Kbits/sec  17.796 ms 0/51 (0%)
[ 10] 30.0000-31.0000 sec  73.2 KBytes   600 Kbits/sec  17.248 ms 0/51 (0%)
[  1] 31.0000-32.0000 sec  84.7 KBytes   694 Kbits/sec  15.095 ms 0/59 (0%)
[  2] 31.0000-32.0000 sec  84.7 KBytes   694 Kbits/sec  14.693 ms 0/59 (0%)
[  8] 31.0000-32.0000 sec  73.2 KBytes   600 Kbits/sec  16.448 ms 0/51 (0%)
[  5] 31.0000-32.0000 sec  83.3 KBytes   682 Kbits/sec  14.881 ms 0/58 (0%)
[  4] 31.0000-32.0000 sec  76.1 KBytes   623 Kbits/sec  16.830 ms 0/53 (0%)
[  7] 31.0000-32.0000 sec  86.1 KBytes   706 Kbits/sec  14.413 ms 0/60 (0%)
[  3] 31.0000-32.0000 sec  84.7 KBytes   694 Kbits/sec  16.537 ms 0/59 (0%)
[ 10] 31.0000-32.0000 sec  76.1 KBytes   623 Kbits/sec  16.576 ms 0/53 (0%)
[  9] 31.0000-32.0000 sec  83.3 KBytes   682 Kbits/sec  14.914 ms 0/58 (0%)
[  6] 31.0000-32.0000 sec  84.7 KBytes   694 Kbits/sec  16.438 ms 0/59 (0%)
[  4] 32.0000-33.0000 sec  73.2 KBytes   600 Kbits/sec  15.839 ms 0/51 (0%)
[  3] 32.0000-33.0000 sec  74.6 KBytes   612 Kbits/sec  16.273 ms 0/52 (0%)
[  2] 32.0000-33.0000 sec  86.1 KBytes   706 Kbits/sec  14.297 ms 0/60 (0%)
[  1] 32.0000-33.0000 sec  84.7 KBytes   694 Kbits/sec  15.181 ms 0/59 (0%)
[ 10] 32.0000-33.0000 sec  74.6 KBytes   612 Kbits/sec  24.660 ms 0/52 (0%)
[  5] 32.0000-33.0000 sec  84.7 KBytes   694 Kbits/sec  14.875 ms 0/59 (0%)
[  6] 32.0000-33.0000 sec  74.6 KBytes   612 Kbits/sec  16.280 ms 0/52 (0%)
[  7] 32.0000-33.0000 sec  84.7 KBytes   694 Kbits/sec  15.033 ms 0/59 (0%)
[  9] 32.0000-33.0000 sec  84.7 KBytes   694 Kbits/sec  15.049 ms 0/59 (0%)
[  8] 32.0000-33.0000 sec  84.7 KBytes   694 Kbits/sec  16.134 ms 0/59 (0%)
[  1] 33.0000-34.0000 sec  97.6 KBytes   800 Kbits/sec  12.342 ms 0/68 (0%)
[  3] 33.0000-34.0000 sec  73.2 KBytes   600 Kbits/sec  16.524 ms 0/51 (0%)
[  2] 33.0000-34.0000 sec  94.7 KBytes   776 Kbits/sec  11.605 ms 0/66 (0%)
[  7] 33.0000-34.0000 sec  93.3 KBytes   764 Kbits/sec  13.409 ms 0/65 (0%)
[  6] 33.0000-34.0000 sec  73.2 KBytes   600 Kbits/sec  15.645 ms 0/51 (0%)
[  8] 33.0000-34.0000 sec  74.6 KBytes   612 Kbits/sec  16.353 ms 0/52 (0%)
[  4] 33.0000-34.0000 sec  84.7 KBytes   694 Kbits/sec  15.624 ms 0/59 (0%)
[  5] 33.0000-34.0000 sec   106 KBytes   870 Kbits/sec  12.765 ms 0/74 (0%)
[ 10] 33.0000-34.0000 sec  83.3 KBytes   682 Kbits/sec  16.025 ms 0/58 (0%)
[  9] 33.0000-34.0000 sec   106 KBytes   870 Kbits/sec  12.499 ms 0/74 (0%)
[  1] 34.0000-35.0000 sec  93.3 KBytes   764 Kbits/sec  15.003 ms 0/65 (0%)
[  2] 34.0000-35.0000 sec  94.7 KBytes   776 Kbits/sec  14.575 ms 0/66 (0%)
[  5] 34.0000-35.0000 sec  84.7 KBytes   694 Kbits/sec  15.190 ms 0/59 (0%)
[  7] 34.0000-35.0000 sec  96.2 KBytes   788 Kbits/sec  15.976 ms 0/67 (0%)
[  3] 34.0000-35.0000 sec  86.1 KBytes   706 Kbits/sec  14.308 ms 0/60 (0%)
[  8] 34.0000-35.0000 sec  86.1 KBytes   706 Kbits/sec  14.256 ms 0/60 (0%)
[  9] 34.0000-35.0000 sec  84.7 KBytes   694 Kbits/sec  15.181 ms 0/59 (0%)
[  4] 34.0000-35.0000 sec  84.7 KBytes   694 Kbits/sec  14.723 ms 0/59 (0%)
[ 10] 34.0000-35.0000 sec  86.1 KBytes   706 Kbits/sec  14.172 ms 0/60 (0%)
[  6] 34.0000-35.0000 sec  94.7 KBytes   776 Kbits/sec  13.898 ms 0/66 (0%)
[  3] 35.0000-36.0000 sec  77.5 KBytes   635 Kbits/sec  23.835 ms 0/54 (0%)
[  4] 35.0000-36.0000 sec  76.1 KBytes   623 Kbits/sec  16.105 ms 0/53 (0%)
[  1] 35.0000-36.0000 sec  86.1 KBytes   706 Kbits/sec  14.035 ms 0/60 (0%)
[  2] 35.0000-36.0000 sec  84.7 KBytes   694 Kbits/sec  13.935 ms 0/59 (0%)
[ 10] 35.0000-36.0000 sec  73.2 KBytes   600 Kbits/sec  23.935 ms 0/51 (0%)
[  5] 35.0000-36.0000 sec  86.1 KBytes   706 Kbits/sec  14.343 ms 0/60 (0%)
[  7] 35.0000-36.0000 sec  86.1 KBytes   706 Kbits/sec  14.581 ms 0/60 (0%)
[  6] 35.0000-36.0000 sec  76.1 KBytes   623 Kbits/sec  15.653 ms 0/53 (0%)
[  8] 35.0000-36.0000 sec  84.7 KBytes   694 Kbits/sec  16.024 ms 0/59 (0%)
[  9] 35.0000-36.0000 sec  84.7 KBytes   694 Kbits/sec  15.100 ms 0/59 (0%)
[  4] 36.0000-37.0000 sec  73.2 KBytes   600 Kbits/sec  16.264 ms 0/51 (0%)
[  1] 36.0000-37.0000 sec  84.7 KBytes   694 Kbits/sec  14.979 ms 0/59 (0%)
[  3] 36.0000-37.0000 sec  83.3 KBytes   682 Kbits/sec  16.223 ms 0/58 (0%)
[  2] 36.0000-37.0000 sec  84.7 KBytes   694 Kbits/sec  14.879 ms 0/59 (0%)
[  6] 36.0000-37.0000 sec  74.6 KBytes   612 Kbits/sec  16.879 ms 0/52 (0%)
[  5] 36.0000-37.0000 sec  84.7 KBytes   694 Kbits/sec  14.405 ms 0/59 (0%)
[  7] 36.0000-37.0000 sec  84.7 KBytes   694 Kbits/sec  14.946 ms 0/59 (0%)
[  8] 36.0000-37.0000 sec  73.2 KBytes   600 Kbits/sec  17.252 ms 0/51 (0%)
[  9] 36.0000-37.0000 sec  84.7 KBytes   694 Kbits/sec  14.752 ms 0/59 (0%)
[ 10] 36.0000-37.0000 sec  83.3 KBytes   682 Kbits/sec  16.615 ms 0/58 (0%)
[  1] 37.0000-38.0000 sec  74.6 KBytes   612 Kbits/sec  16.970 ms 0/52 (0%)
[  2] 37.0000-38.0000 sec  73.2 KBytes   600 Kbits/sec  15.781 ms 0/51 (0%)
[  5] 37.0000-38.0000 sec  74.6 KBytes   612 Kbits/sec  16.537 ms 0/52 (0%)
[  3] 37.0000-38.0000 sec  74.6 KBytes   612 Kbits/sec  16.581 ms 0/52 (0%)
[  6] 37.0000-38.0000 sec  73.2 KBytes   600 Kbits/sec  16.469 ms 0/51 (0%)
[  7] 37.0000-38.0000 sec  73.2 KBytes   600 Kbits/sec  16.947 ms 0/51 (0%)
[  9] 37.0000-38.0000 sec  76.1 KBytes   623 Kbits/sec  16.500 ms 0/53 (0%)
[  8] 37.0000-38.0000 sec  76.1 KBytes   623 Kbits/sec  16.550 ms 0/53 (0%)
[  4] 37.0000-38.0000 sec  84.7 KBytes   694 Kbits/sec  16.301 ms 0/59 (0%)
[ 10] 37.0000-38.0000 sec  76.1 KBytes   623 Kbits/sec  16.231 ms 0/53 (0%)
[  2] 38.0000-39.0000 sec  74.6 KBytes   612 Kbits/sec  17.701 ms 0/52 (0%)
[  1] 38.0000-39.0000 sec  73.2 KBytes   600 Kbits/sec  17.837 ms 0/51 (0%)
[  3] 38.0000-39.0000 sec  86.1 KBytes   706 Kbits/sec  14.227 ms 0/60 (0%)
[  6] 38.0000-39.0000 sec  84.7 KBytes   694 Kbits/sec  14.622 ms 0/59 (0%)
[  5] 38.0000-39.0000 sec  73.2 KBytes   600 Kbits/sec  17.604 ms 0/51 (0%)
[  7] 38.0000-39.0000 sec  74.6 KBytes   612 Kbits/sec  16.440 ms 0/52 (0%)
[  8] 38.0000-39.0000 sec  84.7 KBytes   694 Kbits/sec  14.759 ms 0/59 (0%)
[  9] 38.0000-39.0000 sec  73.2 KBytes   600 Kbits/sec  16.655 ms 0/51 (0%)
[  4] 38.0000-39.0000 sec  84.7 KBytes   694 Kbits/sec  14.448 ms 0/59 (0%)
[ 10] 38.0000-39.0000 sec  84.7 KBytes   694 Kbits/sec  14.722 ms 0/59 (0%)
[  4] 39.0000-40.0000 sec  83.3 KBytes   682 Kbits/sec  15.740 ms 0/58 (0%)
[  1] 39.0000-40.0000 sec  97.6 KBytes   800 Kbits/sec  12.912 ms 0/68 (0%)
[  5] 39.0000-40.0000 sec  97.6 KBytes   800 Kbits/sec  12.976 ms 0/68 (0%)
[  2] 39.0000-40.0000 sec  94.7 KBytes   776 Kbits/sec  13.001 ms 0/66 (0%)
[  3] 39.0000-40.0000 sec  84.7 KBytes   694 Kbits/sec  14.977 ms 0/59 (0%)
[  7] 39.0000-40.0000 sec  93.3 KBytes   764 Kbits/sec  13.281 ms 0/65 (0%)
[  6] 39.0000-40.0000 sec  84.7 KBytes   694 Kbits/sec  15.219 ms 0/59 (0%)
[  8] 39.0000-40.0000 sec  84.7 KBytes   694 Kbits/sec  15.018 ms 0/59 (0%)
[ 10] 39.0000-40.0000 sec  84.7 KBytes   694 Kbits/sec  15.497 ms 0/59 (0%)
[  9] 39.0000-40.0000 sec   106 KBytes   870 Kbits/sec  12.862 ms 0/74 (0%)
[  3] 40.0000-41.0000 sec  84.7 KBytes   694 Kbits/sec  14.879 ms 0/59 (0%)
[  1] 40.0000-41.0000 sec  94.7 KBytes   776 Kbits/sec  13.918 ms 0/66 (0%)
[  6] 40.0000-41.0000 sec  86.1 KBytes   706 Kbits/sec  14.717 ms 0/60 (0%)
[  2] 40.0000-41.0000 sec  97.6 KBytes   800 Kbits/sec  13.546 ms 0/68 (0%)
[  8] 40.0000-41.0000 sec  84.7 KBytes   694 Kbits/sec  14.883 ms 0/59 (0%)
[  5] 40.0000-41.0000 sec  94.7 KBytes   776 Kbits/sec  13.728 ms 0/66 (0%)
[  7] 40.0000-41.0000 sec  96.2 KBytes   788 Kbits/sec  14.394 ms 0/67 (0%)
[  4] 40.0000-41.0000 sec  87.6 KBytes   717 Kbits/sec  14.422 ms 0/61 (0%)
[ 10] 40.0000-41.0000 sec  84.7 KBytes   694 Kbits/sec  15.142 ms 0/59 (0%)
[  9] 40.0000-41.0000 sec  84.7 KBytes   694 Kbits/sec  13.637 ms 0/59 (0%)
[  2] 41.0000-42.0000 sec  73.2 KBytes   600 Kbits/sec  15.852 ms 0/51 (0%)
[  4] 41.0000-42.0000 sec  73.2 KBytes   600 Kbits/sec  15.675 ms 0/51 (0%)
[  3] 41.0000-42.0000 sec  83.3 KBytes   682 Kbits/sec  14.923 ms 0/58 (0%)
[  1] 41.0000-42.0000 sec  84.7 KBytes   694 Kbits/sec  16.234 ms 0/59 (0%)
[  6] 41.0000-42.0000 sec  84.7 KBytes   694 Kbits/sec  15.722 ms 0/59 (0%)
[  7] 41.0000-42.0000 sec  84.7 KBytes   694 Kbits/sec  15.864 ms 0/59 (0%)
[  5] 41.0000-42.0000 sec  84.7 KBytes   694 Kbits/sec  15.479 ms 0/59 (0%)
[  9] 41.0000-42.0000 sec  84.7 KBytes   694 Kbits/sec  14.937 ms 0/59 (0%)
[  8] 41.0000-42.0000 sec  86.1 KBytes   706 Kbits/sec  14.250 ms 0/60 (0%)
[ 10] 41.0000-42.0000 sec  84.7 KBytes   694 Kbits/sec  16.452 ms 0/59 (0%)
[  4] 42.0000-43.0000 sec  84.7 KBytes   694 Kbits/sec  14.494 ms 0/59 (0%)
[  1] 42.0000-43.0000 sec  84.7 KBytes   694 Kbits/sec  15.158 ms 0/59 (0%)
[  2] 42.0000-43.0000 sec  96.2 KBytes   788 Kbits/sec  15.012 ms 0/67 (0%)
[  3] 42.0000-43.0000 sec  86.1 KBytes   706 Kbits/sec  15.210 ms 0/60 (0%)
[  5] 42.0000-43.0000 sec  84.7 KBytes   694 Kbits/sec  14.574 ms 0/59 (0%)
[  6] 42.0000-43.0000 sec  84.7 KBytes   694 Kbits/sec  14.963 ms 0/59 (0%)
[  7] 42.0000-43.0000 sec  84.7 KBytes   694 Kbits/sec  15.080 ms 0/59 (0%)
[  9] 42.0000-43.0000 sec  86.1 KBytes   706 Kbits/sec  14.935 ms 0/60 (0%)
[  8] 42.0000-43.0000 sec  84.7 KBytes   694 Kbits/sec  14.999 ms 0/59 (0%)
[ 10] 42.0000-43.0000 sec  84.7 KBytes   694 Kbits/sec  15.635 ms 0/59 (0%)
[  3] 43.0000-44.0000 sec  73.2 KBytes   600 Kbits/sec  15.160 ms 0/51 (0%)
[  1] 43.0000-44.0000 sec  63.2 KBytes   517 Kbits/sec  19.881 ms 0/44 (0%)
[  2] 43.0000-44.0000 sec  63.2 KBytes   517 Kbits/sec  19.129 ms 0/44 (0%)
[  8] 43.0000-44.0000 sec  74.6 KBytes   612 Kbits/sec  15.597 ms 0/52 (0%)
[  4] 43.0000-44.0000 sec  84.7 KBytes   694 Kbits/sec  14.989 ms 0/59 (0%)
[  5] 43.0000-44.0000 sec  63.2 KBytes   517 Kbits/sec  18.802 ms 0/44 (0%)
[  7] 43.0000-44.0000 sec  64.6 KBytes   529 Kbits/sec  18.822 ms 0/45 (0%)
[ 10] 43.0000-44.0000 sec  73.2 KBytes   600 Kbits/sec  15.837 ms 0/51 (0%)
[  9] 43.0000-44.0000 sec  63.2 KBytes   517 Kbits/sec  18.366 ms 0/44 (0%)
[  6] 43.0000-44.0000 sec  84.7 KBytes   694 Kbits/sec  15.131 ms 0/59 (0%)
[  1] 44.0000-45.0000 sec  84.7 KBytes   694 Kbits/sec  15.441 ms 0/59 (0%)
[  2] 44.0000-45.0000 sec  84.7 KBytes   694 Kbits/sec  15.400 ms 0/59 (0%)
[  3] 44.0000-45.0000 sec  84.7 KBytes   694 Kbits/sec  15.690 ms 0/59 (0%)
[  6] 44.0000-45.0000 sec  74.6 KBytes   612 Kbits/sec  16.584 ms 0/52 (0%)
[  5] 44.0000-45.0000 sec  84.7 KBytes   694 Kbits/sec  15.345 ms 0/59 (0%)
[  7] 44.0000-45.0000 sec  86.1 KBytes   706 Kbits/sec  14.702 ms 0/60 (0%)
[  4] 44.0000-45.0000 sec  84.7 KBytes   694 Kbits/sec  15.482 ms 0/59 (0%)
[  8] 44.0000-45.0000 sec  86.1 KBytes   706 Kbits/sec  15.292 ms 0/60 (0%)
[ 10] 44.0000-45.0000 sec  86.1 KBytes   706 Kbits/sec  15.830 ms 0/60 (0%)
[  9] 44.0000-45.0000 sec  84.7 KBytes   694 Kbits/sec  15.161 ms 0/59 (0%)
[  1] 45.0000-46.0000 sec  64.6 KBytes   529 Kbits/sec  17.748 ms 0/45 (0%)
[  2] 45.0000-46.0000 sec  64.6 KBytes   529 Kbits/sec  16.678 ms 0/45 (0%)
[  5] 45.0000-46.0000 sec  66.0 KBytes   541 Kbits/sec  24.442 ms 0/46 (0%)
[  9] 45.0000-46.0000 sec  63.2 KBytes   517 Kbits/sec  16.769 ms 0/44 (0%)
[  3] 45.0000-46.0000 sec  84.7 KBytes   694 Kbits/sec  15.650 ms 0/59 (0%)
[  6] 45.0000-46.0000 sec  86.1 KBytes   706 Kbits/sec  15.552 ms 0/60 (0%)
[  4] 45.0000-46.0000 sec  84.7 KBytes   694 Kbits/sec  16.032 ms 0/59 (0%)
[  7] 45.0000-46.0000 sec  73.2 KBytes   600 Kbits/sec  16.062 ms 0/51 (0%)
[  8] 45.0000-46.0000 sec  84.7 KBytes   694 Kbits/sec  16.104 ms 0/59 (0%)
[ 10] 45.0000-46.0000 sec  84.7 KBytes   694 Kbits/sec  16.636 ms 0/59 (0%)
[  1] 46.0000-47.0000 sec  76.1 KBytes   623 Kbits/sec  18.093 ms 0/53 (0%)
[  2] 46.0000-47.0000 sec  73.2 KBytes   600 Kbits/sec  17.776 ms 0/51 (0%)
[  5] 46.0000-47.0000 sec  74.6 KBytes   612 Kbits/sec  16.994 ms 0/52 (0%)
[  3] 46.0000-47.0000 sec  74.6 KBytes   612 Kbits/sec  15.481 ms 0/52 (0%)
[  7] 46.0000-47.0000 sec  63.2 KBytes   517 Kbits/sec  17.034 ms 0/44 (0%)
[  6] 46.0000-47.0000 sec  73.2 KBytes   600 Kbits/sec  15.355 ms 0/51 (0%)
[  9] 46.0000-47.0000 sec  76.1 KBytes   623 Kbits/sec  16.869 ms 0/53 (0%)
[  4] 46.0000-47.0000 sec  76.1 KBytes   623 Kbits/sec  14.731 ms 0/53 (0%)
[  8] 46.0000-47.0000 sec  73.2 KBytes   600 Kbits/sec  15.058 ms 0/51 (0%)
[ 10] 46.0000-47.0000 sec  76.1 KBytes   623 Kbits/sec  15.177 ms 0/53 (0%)
[  4] 47.0000-48.0000 sec  73.2 KBytes   600 Kbits/sec  14.405 ms 0/51 (0%)
[  1] 47.0000-48.0000 sec  84.7 KBytes   694 Kbits/sec  15.222 ms 0/59 (0%)
[  3] 47.0000-48.0000 sec  86.1 KBytes   706 Kbits/sec  14.518 ms 0/60 (0%)
[  2] 47.0000-48.0000 sec  84.7 KBytes   694 Kbits/sec  14.999 ms 0/59 (0%)
[  5] 47.0000-48.0000 sec  84.7 KBytes   694 Kbits/sec  15.348 ms 0/59 (0%)
[  6] 47.0000-48.0000 sec  84.7 KBytes   694 Kbits/sec  15.489 ms 0/59 (0%)
[  9] 47.0000-48.0000 sec  84.7 KBytes   694 Kbits/sec  16.020 ms 0/59 (0%)
[  7] 47.0000-48.0000 sec  84.7 KBytes   694 Kbits/sec  15.035 ms 0/59 (0%)
[  8] 47.0000-48.0000 sec  84.7 KBytes   694 Kbits/sec  14.925 ms 0/59 (0%)
[ 10] 47.0000-48.0000 sec  83.3 KBytes   682 Kbits/sec  15.308 ms 0/58 (0%)
[  4] 48.0000-49.0000 sec  74.6 KBytes   612 Kbits/sec  18.277 ms 0/52 (0%)
[  8] 48.0000-49.0000 sec  63.2 KBytes   517 Kbits/sec  18.682 ms 0/44 (0%)
[  1] 48.0000-49.0000 sec  84.7 KBytes   694 Kbits/sec  15.821 ms 0/59 (0%)
[  3] 48.0000-49.0000 sec  73.2 KBytes   600 Kbits/sec  18.558 ms 0/51 (0%)
[  2] 48.0000-49.0000 sec  84.7 KBytes   694 Kbits/sec  15.457 ms 0/59 (0%)
[  6] 48.0000-49.0000 sec  76.1 KBytes   623 Kbits/sec  18.527 ms 0/53 (0%)
[  5] 48.0000-49.0000 sec  84.7 KBytes   694 Kbits/sec  15.746 ms 0/59 (0%)
[  9] 48.0000-49.0000 sec  84.7 KBytes   694 Kbits/sec  16.428 ms 0/59 (0%)
[  7] 48.0000-49.0000 sec  84.7 KBytes   694 Kbits/sec  15.492 ms 0/59 (0%)
[ 10] 48.0000-49.0000 sec  73.2 KBytes   600 Kbits/sec  17.286 ms 0/51 (0%)
[  3] 49.0000-50.0000 sec  74.6 KBytes   612 Kbits/sec  16.557 ms 0/52 (0%)
[  2] 49.0000-50.0000 sec  63.2 KBytes   517 Kbits/sec  18.147 ms 0/44 (0%)
[  6] 49.0000-50.0000 sec  73.2 KBytes   600 Kbits/sec  15.955 ms 0/51 (0%)
[  7] 49.0000-50.0000 sec  63.2 KBytes   517 Kbits/sec  17.579 ms 0/44 (0%)
[  4] 49.0000-50.0000 sec  84.7 KBytes   694 Kbits/sec  16.436 ms 0/59 (0%)
[  8] 49.0000-50.0000 sec  84.7 KBytes   694 Kbits/sec  16.585 ms 0/59 (0%)
[ 10] 49.0000-50.0000 sec  74.6 KBytes   612 Kbits/sec  16.366 ms 0/52 (0%)
[  1] 49.0000-50.0000 sec  73.2 KBytes   600 Kbits/sec  17.198 ms 0/51 (0%)
[  5] 49.0000-50.0000 sec  73.2 KBytes   600 Kbits/sec  17.570 ms 0/51 (0%)
[  9] 49.0000-50.0000 sec  73.2 KBytes   600 Kbits/sec  18.102 ms 0/51 (0%)
[  1] 50.0000-51.0000 sec  63.2 KBytes   517 Kbits/sec  16.468 ms 0/44 (0%)
[  3] 50.0000-51.0000 sec  73.2 KBytes   600 Kbits/sec  18.042 ms 0/51 (0%)
[  2] 50.0000-51.0000 sec  76.1 KBytes   623 Kbits/sec  16.046 ms 0/53 (0%)
[  5] 50.0000-51.0000 sec  63.2 KBytes   517 Kbits/sec  15.685 ms 0/44 (0%)
[  7] 50.0000-51.0000 sec  76.1 KBytes   623 Kbits/sec  16.329 ms 0/53 (0%)
[  4] 50.0000-51.0000 sec  73.2 KBytes   600 Kbits/sec  17.380 ms 0/51 (0%)
[  8] 50.0000-51.0000 sec  77.5 KBytes   635 Kbits/sec  16.439 ms 0/54 (0%)
[ 10] 50.0000-51.0000 sec  73.2 KBytes   600 Kbits/sec  16.760 ms 0/51 (0%)
[  9] 50.0000-51.0000 sec  64.6 KBytes   529 Kbits/sec  15.651 ms 0/45 (0%)
[  6] 50.0000-51.0000 sec  84.7 KBytes   694 Kbits/sec  16.403 ms 0/59 (0%)
[  1] 51.0000-52.0000 sec  76.1 KBytes   623 Kbits/sec  17.332 ms 0/53 (0%)
[  4] 51.0000-52.0000 sec  76.1 KBytes   623 Kbits/sec  16.323 ms 0/53 (0%)
[  8] 51.0000-52.0000 sec  73.2 KBytes   600 Kbits/sec  16.150 ms 0/51 (0%)
[  2] 51.0000-52.0000 sec  73.2 KBytes   600 Kbits/sec  17.104 ms 0/51 (0%)
[  5] 51.0000-52.0000 sec  76.1 KBytes   623 Kbits/sec  16.107 ms 0/53 (0%)
[  6] 51.0000-52.0000 sec  76.1 KBytes   623 Kbits/sec  15.579 ms 0/53 (0%)
[  7] 51.0000-52.0000 sec  73.2 KBytes   600 Kbits/sec  17.008 ms 0/51 (0%)
[  3] 51.0000-52.0000 sec  84.7 KBytes   694 Kbits/sec  16.822 ms 0/59 (0%)
[  9] 51.0000-52.0000 sec  74.6 KBytes   612 Kbits/sec  16.316 ms 0/52 (0%)
[ 10] 51.0000-52.0000 sec  84.7 KBytes   694 Kbits/sec  15.683 ms 0/59 (0%)
[  3] 52.0000-53.0000 sec  67.5 KBytes   553 Kbits/sec  23.843 ms 0/47 (0%)
[  8] 52.0000-53.0000 sec  74.6 KBytes   612 Kbits/sec  17.407 ms 0/52 (0%)
[  4] 52.0000-53.0000 sec  73.2 KBytes   600 Kbits/sec  17.746 ms 0/51 (0%)
[  9] 52.0000-53.0000 sec  76.1 KBytes   623 Kbits/sec  23.582 ms 0/53 (0%)
[ 10] 52.0000-53.0000 sec  66.0 KBytes   541 Kbits/sec  23.481 ms 0/46 (0%)
[  1] 52.0000-53.0000 sec  84.7 KBytes   694 Kbits/sec  16.239 ms 0/59 (0%)
[  6] 52.0000-53.0000 sec  73.2 KBytes   600 Kbits/sec  16.521 ms 0/51 (0%)
[  2] 52.0000-53.0000 sec  86.1 KBytes   706 Kbits/sec  15.079 ms 0/60 (0%)
[  5] 52.0000-53.0000 sec  84.7 KBytes   694 Kbits/sec  16.190 ms 0/59 (0%)
[  7] 52.0000-53.0000 sec  84.7 KBytes   694 Kbits/sec  16.766 ms 0/59 (0%)
[  1] 53.0000-54.0000 sec  64.6 KBytes   529 Kbits/sec  16.402 ms 0/45 (0%)
[  5] 53.0000-54.0000 sec  63.2 KBytes   517 Kbits/sec  16.783 ms 0/44 (0%)
[  2] 53.0000-54.0000 sec  63.2 KBytes   517 Kbits/sec  16.206 ms 0/44 (0%)
[  4] 53.0000-54.0000 sec  84.7 KBytes   694 Kbits/sec  16.065 ms 0/59 (0%)
[  7] 53.0000-54.0000 sec  64.6 KBytes   529 Kbits/sec  15.830 ms 0/45 (0%)
[  8] 53.0000-54.0000 sec  84.7 KBytes   694 Kbits/sec  15.677 ms 0/59 (0%)
[  9] 53.0000-54.0000 sec  73.2 KBytes   600 Kbits/sec  15.762 ms 0/51 (0%)
[  3] 53.0000-54.0000 sec  90.4 KBytes   741 Kbits/sec  15.657 ms 0/63 (0%)
[ 10] 53.0000-54.0000 sec  86.1 KBytes   706 Kbits/sec  15.420 ms 0/60 (0%)
[  6] 53.0000-54.0000 sec  84.7 KBytes   694 Kbits/sec  15.343 ms 0/59 (0%)
[  3] 54.0000-55.0000 sec  76.1 KBytes   623 Kbits/sec  15.624 ms 0/53 (0%)
[  2] 54.0000-55.0000 sec  74.6 KBytes   612 Kbits/sec  17.664 ms 0/52 (0%)
[  1] 54.0000-55.0000 sec  73.2 KBytes   600 Kbits/sec  16.870 ms 0/51 (0%)
[  6] 54.0000-55.0000 sec  74.6 KBytes   612 Kbits/sec  15.645 ms 0/52 (0%)
[  7] 54.0000-55.0000 sec  74.6 KBytes   612 Kbits/sec  17.272 ms 0/52 (0%)
[  5] 54.0000-55.0000 sec  73.2 KBytes   600 Kbits/sec  17.915 ms 0/51 (0%)
[  9] 54.0000-55.0000 sec  73.2 KBytes   600 Kbits/sec  16.951 ms 0/51 (0%)
[  4] 54.0000-55.0000 sec  84.7 KBytes   694 Kbits/sec  15.718 ms 0/59 (0%)
[  8] 54.0000-55.0000 sec  84.7 KBytes   694 Kbits/sec  15.587 ms 0/59 (0%)
[ 10] 54.0000-55.0000 sec  84.7 KBytes   694 Kbits/sec  16.511 ms 0/59 (0%)
[  3] 55.0000-56.0000 sec  73.2 KBytes   600 Kbits/sec  16.328 ms 0/51 (0%)
[  2] 55.0000-56.0000 sec  73.2 KBytes   600 Kbits/sec  16.443 ms 0/51 (0%)
[  6] 55.0000-56.0000 sec  73.2 KBytes   600 Kbits/sec  16.260 ms 0/51 (0%)
[  4] 55.0000-56.0000 sec  76.1 KBytes   623 Kbits/sec  16.644 ms 0/53 (0%)
[  7] 55.0000-56.0000 sec  73.2 KBytes   600 Kbits/sec  16.403 ms 0/51 (0%)
[  8] 55.0000-56.0000 sec  73.2 KBytes   600 Kbits/sec  16.155 ms 0/51 (0%)
[ 10] 55.0000-56.0000 sec  73.2 KBytes   600 Kbits/sec  16.015 ms 0/51 (0%)
[  1] 55.0000-56.0000 sec  84.7 KBytes   694 Kbits/sec  16.063 ms 0/59 (0%)
[  5] 55.0000-56.0000 sec  84.7 KBytes   694 Kbits/sec  17.731 ms 0/59 (0%)
[  9] 55.0000-56.0000 sec  84.7 KBytes   694 Kbits/sec  17.620 ms 0/59 (0%)
[  1] 56.0000-57.0000 sec  63.2 KBytes   517 Kbits/sec  17.645 ms 0/44 (0%)
[  7] 56.0000-57.0000 sec  64.6 KBytes   529 Kbits/sec  16.960 ms 0/45 (0%)
[  8] 56.0000-57.0000 sec  76.1 KBytes   623 Kbits/sec  16.032 ms 0/53 (0%)
[  4] 56.0000-57.0000 sec  73.2 KBytes   600 Kbits/sec  16.408 ms 0/51 (0%)
[  2] 56.0000-57.0000 sec  74.6 KBytes   612 Kbits/sec  18.251 ms 0/52 (0%)
[  3] 56.0000-57.0000 sec  84.7 KBytes   694 Kbits/sec  16.987 ms 0/59 (0%)
[ 10] 56.0000-57.0000 sec  76.1 KBytes   623 Kbits/sec  15.666 ms 0/53 (0%)
[  5] 56.0000-57.0000 sec  64.6 KBytes   529 Kbits/sec  17.365 ms 0/45 (0%)
[  6] 56.0000-57.0000 sec  84.7 KBytes   694 Kbits/sec  15.986 ms 0/59 (0%)
[  9] 56.0000-57.0000 sec  64.6 KBytes   529 Kbits/sec  16.611 ms 0/45 (0%)
[  1] 57.0000-58.0000 sec  76.1 KBytes   623 Kbits/sec  15.833 ms 0/53 (0%)
[  3] 57.0000-58.0000 sec  76.1 KBytes   623 Kbits/sec  16.418 ms 0/53 (0%)
[  5] 57.0000-58.0000 sec  76.1 KBytes   623 Kbits/sec  15.912 ms 0/53 (0%)
[  2] 57.0000-58.0000 sec  73.2 KBytes   600 Kbits/sec  16.969 ms 0/51 (0%)
[ 10] 57.0000-58.0000 sec  74.6 KBytes   612 Kbits/sec  23.937 ms 0/52 (0%)
[  9] 57.0000-58.0000 sec  71.8 KBytes   588 Kbits/sec  16.452 ms 0/50 (0%)
[  6] 57.0000-58.0000 sec  76.1 KBytes   623 Kbits/sec  15.967 ms 0/53 (0%)
[  7] 57.0000-58.0000 sec  87.6 KBytes   717 Kbits/sec  16.717 ms 0/61 (0%)
[  4] 57.0000-58.0000 sec  84.7 KBytes   694 Kbits/sec  16.101 ms 0/59 (0%)
[  8] 57.0000-58.0000 sec  84.7 KBytes   694 Kbits/sec  15.872 ms 0/59 (0%)
[  1] 58.0000-59.0000 sec  74.6 KBytes   612 Kbits/sec  23.959 ms 0/52 (0%)
[  5] 58.0000-59.0000 sec  73.2 KBytes   600 Kbits/sec  15.614 ms 0/51 (0%)
[  4] 58.0000-59.0000 sec  76.1 KBytes   623 Kbits/sec  16.468 ms 0/53 (0%)
[  8] 58.0000-59.0000 sec  73.2 KBytes   600 Kbits/sec  16.217 ms 0/51 (0%)
[  7] 58.0000-59.0000 sec  73.2 KBytes   600 Kbits/sec  15.419 ms 0/51 (0%)
[  3] 58.0000-59.0000 sec  84.7 KBytes   694 Kbits/sec  16.144 ms 0/59 (0%)
[ 10] 58.0000-59.0000 sec  83.3 KBytes   682 Kbits/sec  15.578 ms 0/58 (0%)
[  6] 58.0000-59.0000 sec  84.7 KBytes   694 Kbits/sec  16.060 ms 0/59 (0%)
[  2] 58.0000-59.0000 sec  86.1 KBytes   706 Kbits/sec  16.211 ms 0/60 (0%)
[  9] 58.0000-59.0000 sec  84.7 KBytes   694 Kbits/sec  16.296 ms 0/59 (0%)
[  2] 59.0000-60.0000 sec  64.6 KBytes   529 Kbits/sec  16.460 ms 0/45 (0%)
[  2] 0.0000-60.0129 sec  4.82 MBytes   674 Kbits/sec  23.971 ms 3914/7354 (53%)
[  3] 59.0000-60.0000 sec  64.6 KBytes   529 Kbits/sec  18.330 ms 0/45 (0%)
[  7] 59.0000-60.0000 sec  74.6 KBytes   612 Kbits/sec  16.166 ms 0/52 (0%)
[  3] 0.0000-60.0532 sec  4.59 MBytes   641 Kbits/sec  25.722 ms 2024/5295 (38%)
[  7] 0.0000-60.0189 sec  4.82 MBytes   674 Kbits/sec  21.619 ms 3877/7316 (53%)
[ 10] 59.0000-60.0000 sec  64.6 KBytes   529 Kbits/sec  28.402 ms 0/45 (0%)
[  1] 59.0000-60.0000 sec  83.3 KBytes   682 Kbits/sec  15.681 ms 0/58 (0%)
[ 10] 0.0000-60.0013 sec  4.58 MBytes   641 Kbits/sec  26.931 ms 2055/5323 (39%)
[  6] 59.0000-60.0000 sec  64.6 KBytes   529 Kbits/sec  19.054 ms 0/45 (0%)
[  1] 0.0000-60.1269 sec  4.84 MBytes   675 Kbits/sec  23.051 ms 3854/7303 (53%)
[  6] 0.0000-60.0598 sec  4.59 MBytes   641 Kbits/sec  25.838 ms 2027/5300 (38%)
[  4] 59.0000-60.0000 sec  73.2 KBytes   600 Kbits/sec  18.748 ms 0/51 (0%)
[  4] 0.0000-60.1363 sec  4.59 MBytes   641 Kbits/sec  27.425 ms 2040/5316 (38%)
[  5] 59.0000-60.0000 sec  84.7 KBytes   694 Kbits/sec  15.745 ms 0/59 (0%)
[  8] 59.0000-60.0000 sec  74.6 KBytes   612 Kbits/sec  19.824 ms 0/52 (0%)
[  5] 0.0000-60.1253 sec  4.84 MBytes   675 Kbits/sec  23.797 ms 3908/7357 (53%)
[  8] 0.0000-60.1042 sec  4.59 MBytes   640 Kbits/sec  25.656 ms 2027/5298 (38%)
[  9] 59.0000-60.0000 sec  76.1 KBytes   623 Kbits/sec  15.509 ms 0/53 (0%)
[  9] 0.0000-60.0814 sec  4.84 MBytes   675 Kbits/sec  21.204 ms 3854/7303 (53%)
